<?xml version="1.0" encoding="UTF-8"?>
<testsuite xmlns:xsi="http://www.w3.org/2001/XMLSchema-instance" xsi:noNamespaceSchemaLocation="https://maven.apache.org/surefire/maven-surefire-plugin/xsd/surefire-test-report.xsd" name="drivetecTestCases.TestRunner" time="56.832" tests="1" errors="0" skipped="0" failures="1">
  <properties>
    <property name="java.specification.version" value="17"/>
    <property name="sun.cpu.isalist" value="amd64"/>
    <property name="sun.jnu.encoding" value="Cp1252"/>
    <property name="java.class.path" value="C:\Users\jagan\DrivetecAPIAutomation\drivetec\target\test-classes;C:\Users\jagan\DrivetecAPIAutomation\drivetec\target\classes;C:\Users\jagan\.m2\repository\net\masterthought\cucumber-reporting\5.8.2\cucumber-reporting-5.8.2.jar;C:\Users\jagan\.m2\repository\com\fasterxml\jackson\core\jackson-databind\2.17.0\jackson-databind-2.17.0.jar;C:\Users\jagan\.m2\repository\com\fasterxml\jackson\core\jackson-annotations\2.17.0\jackson-annotations-2.17.0.jar;C:\Users\jagan\.m2\repository\com\fasterxml\jackson\core\jackson-core\2.17.0\jackson-core-2.17.0.jar;C:\Users\jagan\.m2\repository\net\bytebuddy\byte-buddy\1.14.9\byte-buddy-1.14.9.jar;C:\Users\jagan\.m2\repository\com\fasterxml\jackson\datatype\jackson-datatype-jsr310\2.17.0\jackson-datatype-jsr310-2.17.0.jar;C:\Users\jagan\.m2\repository\org\apache\velocity\velocity-engine-core\2.3\velocity-engine-core-2.3.jar;C:\Users\jagan\.m2\repository\joda-time\joda-time\2.12.7\joda-time-2.12.7.jar;C:\Users\jagan\.m2\repository\org\apache\commons\commons-configuration2\2.10.1\commons-configuration2-2.10.1.jar;C:\Users\jagan\.m2\repository\org\apache\commons\commons-lang3\3.14.0\commons-lang3-3.14.0.jar;C:\Users\jagan\.m2\repository\commons-io\commons-io\2.16.1\commons-io-2.16.1.jar;C:\Users\jagan\.m2\repository\org\apache\commons\commons-text\1.11.0\commons-text-1.11.0.jar;C:\Users\jagan\.m2\repository\org\jsoup\jsoup\1.17.2\jsoup-1.17.2.jar;C:\Users\jagan\.m2\repository\com\googlecode\owasp-java-html-sanitizer\owasp-java-html-sanitizer\20240325.1\owasp-java-html-sanitizer-20240325.1.jar;C:\Users\jagan\.m2\repository\com\googlecode\owasp-java-html-sanitizer\java8-shim\20240325.1\java8-shim-20240325.1.jar;C:\Users\jagan\.m2\repository\com\googlecode\owasp-java-html-sanitizer\java10-shim\20240325.1\java10-shim-20240325.1.jar;C:\Users\jagan\.m2\repository\org\slf4j\slf4j-api\2.0.13\slf4j-api-2.0.13.jar;C:\Users\jagan\.m2\repository\org\slf4j\jcl-over-slf4j\2.0.13\jcl-over-slf4j-2.0.13.jar;C:\Users\jagan\.m2\repository\io\karatelabs\karate-junit5\1.5.0\karate-junit5-1.5.0.jar;C:\Users\jagan\.m2\repository\io\karatelabs\karate-core\1.5.0\karate-core-1.5.0.jar;C:\Users\jagan\.m2\repository\org\graalvm\js\js-scriptengine\24.0.0\js-scriptengine-24.0.0.jar;C:\Users\jagan\.m2\repository\org\graalvm\polyglot\polyglot\24.0.0\polyglot-24.0.0.jar;C:\Users\jagan\.m2\repository\org\graalvm\sdk\collections\24.0.0\collections-24.0.0.jar;C:\Users\jagan\.m2\repository\org\graalvm\sdk\nativeimage\24.0.0\nativeimage-24.0.0.jar;C:\Users\jagan\.m2\repository\org\graalvm\sdk\word\24.0.0\word-24.0.0.jar;C:\Users\jagan\.m2\repository\org\graalvm\js\js-language\24.0.0\js-language-24.0.0.jar;C:\Users\jagan\.m2\repository\org\graalvm\regex\regex\24.0.0\regex-24.0.0.jar;C:\Users\jagan\.m2\repository\org\graalvm\truffle\truffle-api\24.0.0\truffle-api-24.0.0.jar;C:\Users\jagan\.m2\repository\org\graalvm\shadowed\icu4j\24.0.0\icu4j-24.0.0.jar;C:\Users\jagan\.m2\repository\org\thymeleaf\thymeleaf\3.1.2.RELEASE\thymeleaf-3.1.2.RELEASE.jar;C:\Users\jagan\.m2\repository\ognl\ognl\3.3.4\ognl-3.3.4.jar;C:\Users\jagan\.m2\repository\org\javassist\javassist\3.29.0-GA\javassist-3.29.0-GA.jar;C:\Users\jagan\.m2\repository\org\attoparser\attoparser\2.0.7.RELEASE\attoparser-2.0.7.RELEASE.jar;C:\Users\jagan\.m2\repository\org\unbescape\unbescape\1.1.6.RELEASE\unbescape-1.1.6.RELEASE.jar;C:\Users\jagan\.m2\repository\com\linecorp\armeria\armeria\1.29.2\armeria-1.29.2.jar;C:\Users\jagan\.m2\repository\com\fasterxml\jackson\datatype\jackson-datatype-jdk8\2.17.1\jackson-datatype-jdk8-2.17.1.jar;C:\Users\jagan\.m2\repository\io\micrometer\micrometer-core\1.13.0\micrometer-core-1.13.0.jar;C:\Users\jagan\.m2\repository\io\micrometer\micrometer-commons\1.13.0\micrometer-commons-1.13.0.jar;C:\Users\jagan\.m2\repository\io\micrometer\micrometer-observation\1.13.0\micrometer-observation-1.13.0.jar;C:\Users\jagan\.m2\repository\org\hdrhistogram\HdrHistogram\2.2.1\HdrHistogram-2.2.1.jar;C:\Users\jagan\.m2\repository\org\latencyutils\LatencyUtils\2.0.3\LatencyUtils-2.0.3.jar;C:\Users\jagan\.m2\repository\io\netty\netty-transport\4.1.110.Final\netty-transport-4.1.110.Final.jar;C:\Users\jagan\.m2\repository\io\netty\netty-common\4.1.110.Final\netty-common-4.1.110.Final.jar;C:\Users\jagan\.m2\repository\io\netty\netty-buffer\4.1.110.Final\netty-buffer-4.1.110.Final.jar;C:\Users\jagan\.m2\repository\io\netty\netty-resolver\4.1.110.Final\netty-resolver-4.1.110.Final.jar;C:\Users\jagan\.m2\repository\io\netty\netty-codec-haproxy\4.1.110.Final\netty-codec-haproxy-4.1.110.Final.jar;C:\Users\jagan\.m2\repository\io\netty\netty-codec\4.1.110.Final\netty-codec-4.1.110.Final.jar;C:\Users\jagan\.m2\repository\io\netty\netty-codec-http2\4.1.110.Final\netty-codec-http2-4.1.110.Final.jar;C:\Users\jagan\.m2\repository\io\netty\netty-handler\4.1.110.Final\netty-handler-4.1.110.Final.jar;C:\Users\jagan\.m2\repository\io\netty\netty-codec-http\4.1.110.Final\netty-codec-http-4.1.110.Final.jar;C:\Users\jagan\.m2\repository\io\netty\netty-resolver-dns\4.1.110.Final\netty-resolver-dns-4.1.110.Final.jar;C:\Users\jagan\.m2\repository\io\netty\netty-codec-dns\4.1.110.Final\netty-codec-dns-4.1.110.Final.jar;C:\Users\jagan\.m2\repository\io\netty\netty-transport-native-unix-common\4.1.110.Final\netty-transport-native-unix-common-4.1.110.Final-linux-x86_64.jar;C:\Users\jagan\.m2\repository\io\netty\netty-transport-native-unix-common\4.1.110.Final\netty-transport-native-unix-common-4.1.110.Final-linux-aarch_64.jar;C:\Users\jagan\.m2\repository\io\netty\netty-transport-native-unix-common\4.1.110.Final\netty-transport-native-unix-common-4.1.110.Final-osx-x86_64.jar;C:\Users\jagan\.m2\repository\io\netty\netty-transport-native-unix-common\4.1.110.Final\netty-transport-native-unix-common-4.1.110.Final-osx-aarch_64.jar;C:\Users\jagan\.m2\repository\org\reactivestreams\reactive-streams\1.0.4\reactive-streams-1.0.4.jar;C:\Users\jagan\.m2\repository\com\google\code\findbugs\jsr305\3.0.2\jsr305-3.0.2.jar;C:\Users\jagan\.m2\repository\io\netty\netty-handler-proxy\4.1.110.Final\netty-handler-proxy-4.1.110.Final.jar;C:\Users\jagan\.m2\repository\io\netty\netty-codec-socks\4.1.110.Final\netty-codec-socks-4.1.110.Final.jar;C:\Users\jagan\.m2\repository\io\netty\netty-transport-native-epoll\4.1.110.Final\netty-transport-native-epoll-4.1.110.Final-linux-x86_64.jar;C:\Users\jagan\.m2\repository\io\netty\netty-transport-native-unix-common\4.1.110.Final\netty-transport-native-unix-common-4.1.110.Final.jar;C:\Users\jagan\.m2\repository\io\netty\netty-transport-classes-epoll\4.1.110.Final\netty-transport-classes-epoll-4.1.110.Final.jar;C:\Users\jagan\.m2\repository\io\netty\netty-transport-native-epoll\4.1.110.Final\netty-transport-native-epoll-4.1.110.Final-linux-aarch_64.jar;C:\Users\jagan\.m2\repository\io\netty\netty-transport-native-kqueue\4.1.110.Final\netty-transport-native-kqueue-4.1.110.Final-osx-x86_64.jar;C:\Users\jagan\.m2\repository\io\netty\netty-transport-classes-kqueue\4.1.110.Final\netty-transport-classes-kqueue-4.1.110.Final.jar;C:\Users\jagan\.m2\repository\io\netty\netty-resolver-dns-native-macos\4.1.110.Final\netty-resolver-dns-native-macos-4.1.110.Final-osx-x86_64.jar;C:\Users\jagan\.m2\repository\io\netty\netty-resolver-dns-classes-macos\4.1.110.Final\netty-resolver-dns-classes-macos-4.1.110.Final.jar;C:\Users\jagan\.m2\repository\io\netty\netty-transport-native-kqueue\4.1.110.Final\netty-transport-native-kqueue-4.1.110.Final-osx-aarch_64.jar;C:\Users\jagan\.m2\repository\io\netty\netty-resolver-dns-native-macos\4.1.110.Final\netty-resolver-dns-native-macos-4.1.110.Final-osx-aarch_64.jar;C:\Users\jagan\.m2\repository\io\netty\netty-tcnative-boringssl-static\2.0.65.Final\netty-tcnative-boringssl-static-2.0.65.Final-linux-x86_64.jar;C:\Users\jagan\.m2\repository\io\netty\netty-tcnative-classes\2.0.65.Final\netty-tcnative-classes-2.0.65.Final.jar;C:\Users\jagan\.m2\repository\io\netty\netty-tcnative-boringssl-static\2.0.65.Final\netty-tcnative-boringssl-static-2.0.65.Final-linux-aarch_64.jar;C:\Users\jagan\.m2\repository\io\netty\netty-tcnative-boringssl-static\2.0.65.Final\netty-tcnative-boringssl-static-2.0.65.Final-osx-x86_64.jar;C:\Users\jagan\.m2\repository\io\netty\netty-tcnative-boringssl-static\2.0.65.Final\netty-tcnative-boringssl-static-2.0.65.Final-osx-aarch_64.jar;C:\Users\jagan\.m2\repository\io\netty\netty-tcnative-boringssl-static\2.0.65.Final\netty-tcnative-boringssl-static-2.0.65.Final-windows-x86_64.jar;C:\Users\jagan\.m2\repository\com\aayushatharva\brotli4j\brotli4j\1.16.0\brotli4j-1.16.0.jar;C:\Users\jagan\.m2\repository\com\aayushatharva\brotli4j\service\1.16.0\service-1.16.0.jar;C:\Users\jagan\.m2\repository\com\aayushatharva\brotli4j\native-windows-x86_64\1.16.0\native-windows-x86_64-1.16.0.jar;C:\Users\jagan\.m2\repository\org\apache\httpcomponents\httpclient\4.5.14\httpclient-4.5.14.jar;C:\Users\jagan\.m2\repository\org\apache\httpcomponents\httpcore\4.4.16\httpcore-4.4.16.jar;C:\Users\jagan\.m2\repository\commons-codec\commons-codec\1.16.1\commons-codec-1.16.1.jar;C:\Users\jagan\.m2\repository\ch\qos\logback\logback-classic\1.5.4\logback-classic-1.5.4.jar;C:\Users\jagan\.m2\repository\ch\qos\logback\logback-core\1.5.4\logback-core-1.5.4.jar;C:\Users\jagan\.m2\repository\org\antlr\antlr4-runtime\4.13.1\antlr4-runtime-4.13.1.jar;C:\Users\jagan\.m2\repository\com\jayway\jsonpath\json-path\2.9.0\json-path-2.9.0.jar;C:\Users\jagan\.m2\repository\net\minidev\json-smart\2.5.1\json-smart-2.5.1.jar;C:\Users\jagan\.m2\repository\net\minidev\accessors-smart\2.5.1\accessors-smart-2.5.1.jar;C:\Users\jagan\.m2\repository\org\ow2\asm\asm\9.6\asm-9.6.jar;C:\Users\jagan\.m2\repository\org\yaml\snakeyaml\2.2\snakeyaml-2.2.jar;C:\Users\jagan\.m2\repository\de\siegmar\fastcsv\3.1.0\fastcsv-3.1.0.jar;C:\Users\jagan\.m2\repository\info\picocli\picocli\4.7.5\picocli-4.7.5.jar;C:\Users\jagan\.m2\repository\io\github\classgraph\classgraph\4.8.170\classgraph-4.8.170.jar;C:\Users\jagan\.m2\repository\io\github\t12y\resemble\1.1.0\resemble-1.1.0.jar;C:\Users\jagan\.m2\repository\io\github\t12y\ssim\1.0.0\ssim-1.0.0.jar;C:\Users\jagan\.m2\repository\org\junit\jupiter\junit-jupiter-api\5.10.2\junit-jupiter-api-5.10.2.jar;C:\Users\jagan\.m2\repository\org\opentest4j\opentest4j\1.3.0\opentest4j-1.3.0.jar;C:\Users\jagan\.m2\repository\org\junit\platform\junit-platform-commons\1.10.2\junit-platform-commons-1.10.2.jar;C:\Users\jagan\.m2\repository\org\apiguardian\apiguardian-api\1.1.2\apiguardian-api-1.1.2.jar;C:\Users\jagan\.m2\repository\org\junit\jupiter\junit-jupiter-engine\5.10.2\junit-jupiter-engine-5.10.2.jar;C:\Users\jagan\.m2\repository\org\junit\platform\junit-platform-engine\1.10.2\junit-platform-engine-1.10.2.jar;"/>
    <property name="java.vm.vendor" value="Oracle Corporation"/>
    <property name="sun.arch.data.model" value="64"/>
    <property name="user.variant" value=""/>
    <property name="java.vendor.url" value="https://java.oracle.com/"/>
    <property name="user.timezone" value="Asia/Calcutta"/>
    <property name="os.name" value="Windows 11"/>
    <property name="java.vm.specification.version" value="17"/>
    <property name="sun.java.launcher" value="SUN_STANDARD"/>
    <property name="user.country" value="IN"/>
    <property name="sun.boot.library.path" value="C:\Program Files\Java\jdk-17\bin"/>
    <property name="sun.java.command" value="C:\Users\jagan\AppData\Local\Temp\surefire13137513276714033265\surefirebooter15955085852869164441.jar C:\Users\jagan\AppData\Local\Temp\surefire13137513276714033265 2024-11-12T15-49-36_216-jvmRun1 surefire11140505150337449033tmp surefire_04751746371731779313tmp"/>
    <property name="jdk.debug" value="release"/>
    <property name="surefire.test.class.path" value="C:\Users\jagan\DrivetecAPIAutomation\drivetec\target\test-classes;C:\Users\jagan\DrivetecAPIAutomation\drivetec\target\classes;C:\Users\jagan\.m2\repository\net\masterthought\cucumber-reporting\5.8.2\cucumber-reporting-5.8.2.jar;C:\Users\jagan\.m2\repository\com\fasterxml\jackson\core\jackson-databind\2.17.0\jackson-databind-2.17.0.jar;C:\Users\jagan\.m2\repository\com\fasterxml\jackson\core\jackson-annotations\2.17.0\jackson-annotations-2.17.0.jar;C:\Users\jagan\.m2\repository\com\fasterxml\jackson\core\jackson-core\2.17.0\jackson-core-2.17.0.jar;C:\Users\jagan\.m2\repository\net\bytebuddy\byte-buddy\1.14.9\byte-buddy-1.14.9.jar;C:\Users\jagan\.m2\repository\com\fasterxml\jackson\datatype\jackson-datatype-jsr310\2.17.0\jackson-datatype-jsr310-2.17.0.jar;C:\Users\jagan\.m2\repository\org\apache\velocity\velocity-engine-core\2.3\velocity-engine-core-2.3.jar;C:\Users\jagan\.m2\repository\joda-time\joda-time\2.12.7\joda-time-2.12.7.jar;C:\Users\jagan\.m2\repository\org\apache\commons\commons-configuration2\2.10.1\commons-configuration2-2.10.1.jar;C:\Users\jagan\.m2\repository\org\apache\commons\commons-lang3\3.14.0\commons-lang3-3.14.0.jar;C:\Users\jagan\.m2\repository\commons-io\commons-io\2.16.1\commons-io-2.16.1.jar;C:\Users\jagan\.m2\repository\org\apache\commons\commons-text\1.11.0\commons-text-1.11.0.jar;C:\Users\jagan\.m2\repository\org\jsoup\jsoup\1.17.2\jsoup-1.17.2.jar;C:\Users\jagan\.m2\repository\com\googlecode\owasp-java-html-sanitizer\owasp-java-html-sanitizer\20240325.1\owasp-java-html-sanitizer-20240325.1.jar;C:\Users\jagan\.m2\repository\com\googlecode\owasp-java-html-sanitizer\java8-shim\20240325.1\java8-shim-20240325.1.jar;C:\Users\jagan\.m2\repository\com\googlecode\owasp-java-html-sanitizer\java10-shim\20240325.1\java10-shim-20240325.1.jar;C:\Users\jagan\.m2\repository\org\slf4j\slf4j-api\2.0.13\slf4j-api-2.0.13.jar;C:\Users\jagan\.m2\repository\org\slf4j\jcl-over-slf4j\2.0.13\jcl-over-slf4j-2.0.13.jar;C:\Users\jagan\.m2\repository\io\karatelabs\karate-junit5\1.5.0\karate-junit5-1.5.0.jar;C:\Users\jagan\.m2\repository\io\karatelabs\karate-core\1.5.0\karate-core-1.5.0.jar;C:\Users\jagan\.m2\repository\org\graalvm\js\js-scriptengine\24.0.0\js-scriptengine-24.0.0.jar;C:\Users\jagan\.m2\repository\org\graalvm\polyglot\polyglot\24.0.0\polyglot-24.0.0.jar;C:\Users\jagan\.m2\repository\org\graalvm\sdk\collections\24.0.0\collections-24.0.0.jar;C:\Users\jagan\.m2\repository\org\graalvm\sdk\nativeimage\24.0.0\nativeimage-24.0.0.jar;C:\Users\jagan\.m2\repository\org\graalvm\sdk\word\24.0.0\word-24.0.0.jar;C:\Users\jagan\.m2\repository\org\graalvm\js\js-language\24.0.0\js-language-24.0.0.jar;C:\Users\jagan\.m2\repository\org\graalvm\regex\regex\24.0.0\regex-24.0.0.jar;C:\Users\jagan\.m2\repository\org\graalvm\truffle\truffle-api\24.0.0\truffle-api-24.0.0.jar;C:\Users\jagan\.m2\repository\org\graalvm\shadowed\icu4j\24.0.0\icu4j-24.0.0.jar;C:\Users\jagan\.m2\repository\org\thymeleaf\thymeleaf\3.1.2.RELEASE\thymeleaf-3.1.2.RELEASE.jar;C:\Users\jagan\.m2\repository\ognl\ognl\3.3.4\ognl-3.3.4.jar;C:\Users\jagan\.m2\repository\org\javassist\javassist\3.29.0-GA\javassist-3.29.0-GA.jar;C:\Users\jagan\.m2\repository\org\attoparser\attoparser\2.0.7.RELEASE\attoparser-2.0.7.RELEASE.jar;C:\Users\jagan\.m2\repository\org\unbescape\unbescape\1.1.6.RELEASE\unbescape-1.1.6.RELEASE.jar;C:\Users\jagan\.m2\repository\com\linecorp\armeria\armeria\1.29.2\armeria-1.29.2.jar;C:\Users\jagan\.m2\repository\com\fasterxml\jackson\datatype\jackson-datatype-jdk8\2.17.1\jackson-datatype-jdk8-2.17.1.jar;C:\Users\jagan\.m2\repository\io\micrometer\micrometer-core\1.13.0\micrometer-core-1.13.0.jar;C:\Users\jagan\.m2\repository\io\micrometer\micrometer-commons\1.13.0\micrometer-commons-1.13.0.jar;C:\Users\jagan\.m2\repository\io\micrometer\micrometer-observation\1.13.0\micrometer-observation-1.13.0.jar;C:\Users\jagan\.m2\repository\org\hdrhistogram\HdrHistogram\2.2.1\HdrHistogram-2.2.1.jar;C:\Users\jagan\.m2\repository\org\latencyutils\LatencyUtils\2.0.3\LatencyUtils-2.0.3.jar;C:\Users\jagan\.m2\repository\io\netty\netty-transport\4.1.110.Final\netty-transport-4.1.110.Final.jar;C:\Users\jagan\.m2\repository\io\netty\netty-common\4.1.110.Final\netty-common-4.1.110.Final.jar;C:\Users\jagan\.m2\repository\io\netty\netty-buffer\4.1.110.Final\netty-buffer-4.1.110.Final.jar;C:\Users\jagan\.m2\repository\io\netty\netty-resolver\4.1.110.Final\netty-resolver-4.1.110.Final.jar;C:\Users\jagan\.m2\repository\io\netty\netty-codec-haproxy\4.1.110.Final\netty-codec-haproxy-4.1.110.Final.jar;C:\Users\jagan\.m2\repository\io\netty\netty-codec\4.1.110.Final\netty-codec-4.1.110.Final.jar;C:\Users\jagan\.m2\repository\io\netty\netty-codec-http2\4.1.110.Final\netty-codec-http2-4.1.110.Final.jar;C:\Users\jagan\.m2\repository\io\netty\netty-handler\4.1.110.Final\netty-handler-4.1.110.Final.jar;C:\Users\jagan\.m2\repository\io\netty\netty-codec-http\4.1.110.Final\netty-codec-http-4.1.110.Final.jar;C:\Users\jagan\.m2\repository\io\netty\netty-resolver-dns\4.1.110.Final\netty-resolver-dns-4.1.110.Final.jar;C:\Users\jagan\.m2\repository\io\netty\netty-codec-dns\4.1.110.Final\netty-codec-dns-4.1.110.Final.jar;C:\Users\jagan\.m2\repository\io\netty\netty-transport-native-unix-common\4.1.110.Final\netty-transport-native-unix-common-4.1.110.Final-linux-x86_64.jar;C:\Users\jagan\.m2\repository\io\netty\netty-transport-native-unix-common\4.1.110.Final\netty-transport-native-unix-common-4.1.110.Final-linux-aarch_64.jar;C:\Users\jagan\.m2\repository\io\netty\netty-transport-native-unix-common\4.1.110.Final\netty-transport-native-unix-common-4.1.110.Final-osx-x86_64.jar;C:\Users\jagan\.m2\repository\io\netty\netty-transport-native-unix-common\4.1.110.Final\netty-transport-native-unix-common-4.1.110.Final-osx-aarch_64.jar;C:\Users\jagan\.m2\repository\org\reactivestreams\reactive-streams\1.0.4\reactive-streams-1.0.4.jar;C:\Users\jagan\.m2\repository\com\google\code\findbugs\jsr305\3.0.2\jsr305-3.0.2.jar;C:\Users\jagan\.m2\repository\io\netty\netty-handler-proxy\4.1.110.Final\netty-handler-proxy-4.1.110.Final.jar;C:\Users\jagan\.m2\repository\io\netty\netty-codec-socks\4.1.110.Final\netty-codec-socks-4.1.110.Final.jar;C:\Users\jagan\.m2\repository\io\netty\netty-transport-native-epoll\4.1.110.Final\netty-transport-native-epoll-4.1.110.Final-linux-x86_64.jar;C:\Users\jagan\.m2\repository\io\netty\netty-transport-native-unix-common\4.1.110.Final\netty-transport-native-unix-common-4.1.110.Final.jar;C:\Users\jagan\.m2\repository\io\netty\netty-transport-classes-epoll\4.1.110.Final\netty-transport-classes-epoll-4.1.110.Final.jar;C:\Users\jagan\.m2\repository\io\netty\netty-transport-native-epoll\4.1.110.Final\netty-transport-native-epoll-4.1.110.Final-linux-aarch_64.jar;C:\Users\jagan\.m2\repository\io\netty\netty-transport-native-kqueue\4.1.110.Final\netty-transport-native-kqueue-4.1.110.Final-osx-x86_64.jar;C:\Users\jagan\.m2\repository\io\netty\netty-transport-classes-kqueue\4.1.110.Final\netty-transport-classes-kqueue-4.1.110.Final.jar;C:\Users\jagan\.m2\repository\io\netty\netty-resolver-dns-native-macos\4.1.110.Final\netty-resolver-dns-native-macos-4.1.110.Final-osx-x86_64.jar;C:\Users\jagan\.m2\repository\io\netty\netty-resolver-dns-classes-macos\4.1.110.Final\netty-resolver-dns-classes-macos-4.1.110.Final.jar;C:\Users\jagan\.m2\repository\io\netty\netty-transport-native-kqueue\4.1.110.Final\netty-transport-native-kqueue-4.1.110.Final-osx-aarch_64.jar;C:\Users\jagan\.m2\repository\io\netty\netty-resolver-dns-native-macos\4.1.110.Final\netty-resolver-dns-native-macos-4.1.110.Final-osx-aarch_64.jar;C:\Users\jagan\.m2\repository\io\netty\netty-tcnative-boringssl-static\2.0.65.Final\netty-tcnative-boringssl-static-2.0.65.Final-linux-x86_64.jar;C:\Users\jagan\.m2\repository\io\netty\netty-tcnative-classes\2.0.65.Final\netty-tcnative-classes-2.0.65.Final.jar;C:\Users\jagan\.m2\repository\io\netty\netty-tcnative-boringssl-static\2.0.65.Final\netty-tcnative-boringssl-static-2.0.65.Final-linux-aarch_64.jar;C:\Users\jagan\.m2\repository\io\netty\netty-tcnative-boringssl-static\2.0.65.Final\netty-tcnative-boringssl-static-2.0.65.Final-osx-x86_64.jar;C:\Users\jagan\.m2\repository\io\netty\netty-tcnative-boringssl-static\2.0.65.Final\netty-tcnative-boringssl-static-2.0.65.Final-osx-aarch_64.jar;C:\Users\jagan\.m2\repository\io\netty\netty-tcnative-boringssl-static\2.0.65.Final\netty-tcnative-boringssl-static-2.0.65.Final-windows-x86_64.jar;C:\Users\jagan\.m2\repository\com\aayushatharva\brotli4j\brotli4j\1.16.0\brotli4j-1.16.0.jar;C:\Users\jagan\.m2\repository\com\aayushatharva\brotli4j\service\1.16.0\service-1.16.0.jar;C:\Users\jagan\.m2\repository\com\aayushatharva\brotli4j\native-windows-x86_64\1.16.0\native-windows-x86_64-1.16.0.jar;C:\Users\jagan\.m2\repository\org\apache\httpcomponents\httpclient\4.5.14\httpclient-4.5.14.jar;C:\Users\jagan\.m2\repository\org\apache\httpcomponents\httpcore\4.4.16\httpcore-4.4.16.jar;C:\Users\jagan\.m2\repository\commons-codec\commons-codec\1.16.1\commons-codec-1.16.1.jar;C:\Users\jagan\.m2\repository\ch\qos\logback\logback-classic\1.5.4\logback-classic-1.5.4.jar;C:\Users\jagan\.m2\repository\ch\qos\logback\logback-core\1.5.4\logback-core-1.5.4.jar;C:\Users\jagan\.m2\repository\org\antlr\antlr4-runtime\4.13.1\antlr4-runtime-4.13.1.jar;C:\Users\jagan\.m2\repository\com\jayway\jsonpath\json-path\2.9.0\json-path-2.9.0.jar;C:\Users\jagan\.m2\repository\net\minidev\json-smart\2.5.1\json-smart-2.5.1.jar;C:\Users\jagan\.m2\repository\net\minidev\accessors-smart\2.5.1\accessors-smart-2.5.1.jar;C:\Users\jagan\.m2\repository\org\ow2\asm\asm\9.6\asm-9.6.jar;C:\Users\jagan\.m2\repository\org\yaml\snakeyaml\2.2\snakeyaml-2.2.jar;C:\Users\jagan\.m2\repository\de\siegmar\fastcsv\3.1.0\fastcsv-3.1.0.jar;C:\Users\jagan\.m2\repository\info\picocli\picocli\4.7.5\picocli-4.7.5.jar;C:\Users\jagan\.m2\repository\io\github\classgraph\classgraph\4.8.170\classgraph-4.8.170.jar;C:\Users\jagan\.m2\repository\io\github\t12y\resemble\1.1.0\resemble-1.1.0.jar;C:\Users\jagan\.m2\repository\io\github\t12y\ssim\1.0.0\ssim-1.0.0.jar;C:\Users\jagan\.m2\repository\org\junit\jupiter\junit-jupiter-api\5.10.2\junit-jupiter-api-5.10.2.jar;C:\Users\jagan\.m2\repository\org\opentest4j\opentest4j\1.3.0\opentest4j-1.3.0.jar;C:\Users\jagan\.m2\repository\org\junit\platform\junit-platform-commons\1.10.2\junit-platform-commons-1.10.2.jar;C:\Users\jagan\.m2\repository\org\apiguardian\apiguardian-api\1.1.2\apiguardian-api-1.1.2.jar;C:\Users\jagan\.m2\repository\org\junit\jupiter\junit-jupiter-engine\5.10.2\junit-jupiter-engine-5.10.2.jar;C:\Users\jagan\.m2\repository\org\junit\platform\junit-platform-engine\1.10.2\junit-platform-engine-1.10.2.jar;"/>
    <property name="sun.cpu.endian" value="little"/>
    <property name="user.home" value="C:\Users\jagan"/>
    <property name="user.language" value="en"/>
    <property name="java.specification.vendor" value="Oracle Corporation"/>
    <property name="java.version.date" value="2024-07-16"/>
    <property name="java.home" value="C:\Program Files\Java\jdk-17"/>
    <property name="file.separator" value="\"/>
    <property name="basedir" value="C:\Users\jagan\DrivetecAPIAutomation\drivetec"/>
    <property name="java.vm.compressedOopsMode" value="32-bit"/>
    <property name="line.separator" value="&#10;"/>
    <property name="java.vm.specification.vendor" value="Oracle Corporation"/>
    <property name="java.specification.name" value="Java Platform API Specification"/>
    <property name="karate.options" value="--tags @drivetec"/>
    <property name="surefire.real.class.path" value="C:\Users\jagan\AppData\Local\Temp\surefire13137513276714033265\surefirebooter15955085852869164441.jar"/>
    <property name="user.script" value=""/>
    <property name="sun.management.compiler" value="HotSpot 64-Bit Tiered Compilers"/>
    <property name="java.runtime.version" value="17.0.12+8-LTS-286"/>
    <property name="user.name" value="jagan"/>
    <property name="path.separator" value=";"/>
    <property name="os.version" value="10.0"/>
    <property name="java.runtime.name" value="Java(TM) SE Runtime Environment"/>
    <property name="file.encoding" value="UTF-8"/>
    <property name="java.vm.name" value="Java HotSpot(TM) 64-Bit Server VM"/>
    <property name="localRepository" value="C:\Users\jagan\.m2\repository"/>
    <property name="java.vendor.url.bug" value="https://bugreport.java.com/bugreport/"/>
    <property name="java.io.tmpdir" value="C:\Users\jagan\AppData\Local\Temp\"/>
    <property name="java.version" value="17.0.12"/>
    <property name="user.dir" value="C:\Users\jagan\DrivetecAPIAutomation\drivetec"/>
    <property name="os.arch" value="amd64"/>
    <property name="java.vm.specification.name" value="Java Virtual Machine Specification"/>
    <property name="sun.os.patch.level" value=""/>
    <property name="native.encoding" value="Cp1252"/>
    <property name="java.library.path" value="C:\Program Files\Java\jdk-17\bin;C:\WINDOWS\Sun\Java\bin;C:\WINDOWS\system32;C:\WINDOWS;C:\Program Files\Common Files\Oracle\Java\javapath;C:\windows\system32;C:\windows;C:\windows\System32\Wbem;C:\windows\System32\WindowsPowerShell\v1.0\;C:\windows\System32\OpenSSH\;C:\Program Files (x86)\NVIDIA Corporation\PhysX\Common;C:\Program Files\NVIDIA Corporation\NVIDIA NvDLISR;C:\WINDOWS\system32;C:\WINDOWS;C:\WINDOWS\System32\Wbem;C:\WINDOWS\System32\WindowsPowerShell\v1.0\;C:\WINDOWS\System32\OpenSSH\;C:\Program Files\Java\jdk-17\bin;C:\Users\jagan\maven\apache-maven-3.9.8\bin;C:\Program Files\Git\cmd;C:\Program Files\dotnet\;C:\Program Files\GitHub CLI\;C:\Program Files\MySQL\MySQL Shell 8.0\bin\;C:\Users\jagan\AppData\Local\Microsoft\WindowsApps;C:\Users\jagan\AppData\Local\Programs\Microsoft VS Code\bin;."/>
    <property name="java.vm.info" value="mixed mode, sharing"/>
    <property name="java.vendor" value="Oracle Corporation"/>
    <property name="java.vm.version" value="17.0.12+8-LTS-286"/>
    <property name="sun.io.unicode.encoding" value="UnicodeLittle"/>
    <property name="java.class.version" value="61.0"/>
  </properties>
  <testcase name="testParallel" classname="drivetecTestCases.TestRunner" time="56.814">
    <failure message="match failed: EQUALS&#10;  $ | not equal (NUMBER:NUMBER)&#10;  4.58&#10;  5&#10;&#10;classpath:drivetecTestCases/features/driveteclogin.feature:197&#10;match failed: EQUALS&#10;  $ | not equal (NUMBER:NUMBER)&#10;  7.75&#10;  8&#10;&#10;classpath:drivetecTestCases/features/driveteclogin.feature:197 ==&gt; expected: &lt;true&gt; but was: &lt;false&gt;" type="org.opentest4j.AssertionFailedError"><![CDATA[org.opentest4j.AssertionFailedError: 
match failed: EQUALS
  $ | not equal (NUMBER:NUMBER)
  4.58
  5

classpath:drivetecTestCases/features/driveteclogin.feature:197
match failed: EQUALS
  $ | not equal (NUMBER:NUMBER)
  7.75
  8

classpath:drivetecTestCases/features/driveteclogin.feature:197 ==> expected: <true> but was: <false>
	at drivetecTestCases.TestRunner.testParallel(TestRunner.java:32)
]]></failure>
    <system-out><![CDATA[15:49:37.709 [main] INFO  com.intuit.karate.Runner - using system property 'karate.options': --tags @drivetec
15:49:38.430 [main] DEBUG com.intuit.karate.Suite - [config] classpath:karate-config.js
15:49:38.437 [main] INFO  com.intuit.karate.Suite - backed up existing 'target\karate-reports' dir to: target\karate-reports_1731406778432
15:49:39.499 [main] INFO  com.intuit.karate - karate.env system property was: null 
15:49:39.766 [main] INFO  com.intuit.karate - Running test for dataset:  Dataset1 
15:49:39.929 [main] DEBUG com.intuit.karate - request:
1 > PUT https://dev-drivetec-apis.schuecodigitalsolutions.com/Configurations
1 > Content-Type: application/json; charset=UTF-8
1 > Content-Length: 1268
1 > Host: dev-drivetec-apis.schuecodigitalsolutions.com
1 > Connection: Keep-Alive
1 > User-Agent: Apache-HttpClient/4.5.14 (Java/17.0.12)
1 > Accept-Encoding: gzip,deflate
{"Id":"8b11d2e1-fe65-46bb-82a6-4442277b52f2","Name":"asdefgh","Description":"","ProjectId":"d2659447-79dd-4004-bdd8-aebda2f103db","CustomTags":"","CreatedBy":"579816e4-6653-4794-b435-a885f32e28d7","ModifiedBy":"579816e4-6653-4794-b435-a885f32e28d7","System":"","FacadeInclination":0,"OpeningType":1,"OpeningDirection":1,"OpeningWidth":1000,"VentOuterWidth":1000,"VentOuterHeight":1500,"VentWeight":0,"CalculateWeightWithGlass":false,"RequiredOpeningStroke":747,"WindLoad":120,"SnowLoad":0,"IsWindowOpeningCalculationByAngle":1,"GlassThickness":14,"ProfileWeightPerSerialMeter":2.5,"DrivePosition":1,"InstallationPosition":0,"LockingMechanism":1,"Voltage":1,"DriveType":1,"TypeOfInstallation":2,"GeometricArea":0,"CalcVentilation":2,"SpecificExhaustDimension":45,"BuildingDepth":90,"CalculationTypeForVentilation":2,"HeightOfProfile":30,"HeightProfileRectangleAngle1":35,"HeightProfileRectangleAngle2":2,"RevealDepth":200,"RevealDepthRectangleAngle1":150,"RevealDepthRectangleAngle2":1000,"ChainLengthConnectingRodHandle":5,"ApplicationName":1,"OpeningAngle":15,"WeightIncGlassOrThickness":false,"AkippOrAtilt":0,"AdrehOrAturn":0,"Ageo":0,"MinPullingForceMax":0,"MinPushingForceMax":0,"MinPullingForcePermanent":0,"MinPushingForcePermanent":0,"ForceWithNegativeWind":0}

15:49:41.056 [main] DEBUG com.intuit.karate - response time in milliseconds: 1115
1 < 200
1 < Content-Type: application/json; charset=utf-8
1 < Date: Tue, 12 Nov 2024 10:19:33 GMT
1 < Server: Microsoft-IIS/10.0
1 < X-Powered-By: ASP.NET
1 < Content-Length: 2055
1 < Connection: keep-alive
{
  "ProjectId": "d2659447-79dd-4004-bdd8-aebda2f103db",
  "Name": "asdefgh",
  "Description": "",
  "CustomTags": "",
  "ApplicationName": 1,
  "OpeningType": 1,
  "OpeningDirection": 1,
  "CalculateWeightWithGlass": false,
  "WindLoad": 120,
  "IsWindowOpeningCalculationByAngle": 1,
  "VentOuterWidth": 1000,
  "VentOuterHeight": 1500,
  "WeightIncGlassOrThickness": false,
  "VentWeight": 65,
  "VentWeightExact": 65,
  "GlassThickness": 14,
  "ProfileWeightPerSerialMeter": 2.5,
  "FacadeInclination": 0,
  "ChainLengthConnectingRodHandle": 5,
  "ChainLenghtConnectingRodHandle": 0,
  "RequiredOpeningStroke": 747,
  "OpeningWidth": 1000,
  "OpeningAngle": 28.83669047331989,
  "SpecificExhaustDimension": 45,
  "BuildingDepth": 90,
  "SnowLoad": 0,
  "DistanceHinge": 0,
  "RatedCurrent": 0,
  "DrivePosition": 1,
  "LockingMechanism": 1,
  "Voltage": 1,
  "DriveType": 1,
  "TypeOfInstallation": 2,
  "GeometricArea": 0,
  "CalculationTypeForVentilation": 2,
  "HeightOfProfile": 30,
  "Reveal": 0,
  "RevealDepth": 200,
  "HeightProfileRectangleAngle1": 35,
  "HeightProfileRectangleAngle2": 2,
  "RevealDepthRectangleAngle1": 150,
  "RevealDepthRectangleAngle2": 1000,
  "RevealDepthRectangleAngle12": 0,
  "InstallationPosition": 0,
  "RecommendedDriveArticleNo": 0,
  "System": "",
  "AkippOrAtilt": 1.8675,
  "AdrehOrAturn": 1.5,
  "Ageo": 0.5438978083248298,
  "MinPullingForceMax": -89.74113674675097,
  "MinPushingForceMax": -232.98788788660553,
  "MinPullingForcePermanent": -161.6158620731247,
  "MinPushingForcePermanent": -161.6158620731247,
  "ForceWithNegativeWind": 90.2587491087276,
  "ForceWithNoWindMin": 0.2588061809883106,
  "ForceWithNegativeWindMin": -90.24383625964387,
  "ForceWithWindMin": -89.74113674675097,
  "Id": "8b11d2e1-fe65-46bb-82a6-4442277b52f2",
  "CreatedOn": "0001-01-01T00:00:00",
  "CreatedBy": "579816e4-6653-4794-b435-a885f32e28d7",
  "ModifiedOn": "2024-11-12T10:19:33.0851378+00:00",
  "ModifiedBy": "579816e4-6653-4794-b435-a885f32e28d7"
}

15:49:41.076 [main] INFO  com.intuit.karate - Rounded Opening Angle: 29 
15:49:41.077 [main] INFO  com.intuit.karate - Rounded Ageo: 0.54 
15:49:41.078 [main] INFO  com.intuit.karate - Rounded Required Opening Stroke: 747 
15:49:41.079 [main] INFO  com.intuit.karate - Rounded Vent Weight: 65 
15:49:41.114 [main] INFO  com.intuit.karate - karate.env system property was: null 
15:49:41.119 [main] INFO  com.intuit.karate - Running test for dataset:  Dataset2 
15:49:41.122 [main] DEBUG com.intuit.karate - request:
1 > PUT https://dev-drivetec-apis.schuecodigitalsolutions.com/Configurations
1 > Content-Type: application/json; charset=UTF-8
1 > Content-Length: 1259
1 > Host: dev-drivetec-apis.schuecodigitalsolutions.com
1 > Connection: Keep-Alive
1 > User-Agent: Apache-HttpClient/4.5.14 (Java/17.0.12)
1 > Accept-Encoding: gzip,deflate
{"Id":"8b11d2e1-fe65-46bb-82a6-4442277b52f2","Name":"asdefgh","Description":"","ProjectId":"d2659447-79dd-4004-bdd8-aebda2f103db","CustomTags":"","CreatedBy":"579816e4-6653-4794-b435-a885f32e28d7","ModifiedBy":"579816e4-6653-4794-b435-a885f32e28d7","System":"","FacadeInclination":0,"OpeningType":3,"OpeningDirection":1,"OpeningWidth":1000,"VentOuterWidth":1230,"VentOuterHeight":1480,"VentWeight":0,"CalculateWeightWithGlass":false,"RequiredOpeningStroke":800,"WindLoad":501,"SnowLoad":0,"IsWindowOpeningCalculationByAngle":1,"GlassThickness":14,"ProfileWeightPerSerialMeter":2.5,"DrivePosition":1,"InstallationPosition":0,"LockingMechanism":1,"Voltage":1,"DriveType":1,"TypeOfInstallation":2,"GeometricArea":0,"CalcVentilation":2,"SpecificExhaustDimension":30,"BuildingDepth":75,"CalculationTypeForVentilation":2,"HeightOfProfile":0,"HeightProfileRectangleAngle1":0,"HeightProfileRectangleAngle2":0,"RevealDepth":0,"RevealDepthRectangleAngle1":0,"RevealDepthRectangleAngle2":0,"ChainLengthConnectingRodHandle":5,"ApplicationName":1,"OpeningAngle":96,"WeightIncGlassOrThickness":false,"AkippOrAtilt":0,"AdrehOrAturn":0,"Ageo":0,"MinPullingForceMax":0,"MinPushingForceMax":0,"MinPullingForcePermanent":0,"MinPushingForcePermanent":0,"ForceWithNegativeWind":0}

15:49:41.774 [main] DEBUG com.intuit.karate - response time in milliseconds: 651
1 < 200
1 < Content-Type: application/json; charset=utf-8
1 < Date: Tue, 12 Nov 2024 10:19:33 GMT
1 < Server: Microsoft-IIS/10.0
1 < X-Powered-By: ASP.NET
1 < Content-Length: 2015
1 < Connection: keep-alive
{
  "ProjectId": "d2659447-79dd-4004-bdd8-aebda2f103db",
  "Name": "asdefgh",
  "Description": "",
  "CustomTags": "",
  "ApplicationName": 1,
  "OpeningType": 3,
  "OpeningDirection": 1,
  "CalculateWeightWithGlass": false,
  "WindLoad": 501,
  "IsWindowOpeningCalculationByAngle": 1,
  "VentOuterWidth": 1230,
  "VentOuterHeight": 1480,
  "WeightIncGlassOrThickness": false,
  "VentWeight": 77,
  "VentWeightExact": 77.26400000000001,
  "GlassThickness": 14,
  "ProfileWeightPerSerialMeter": 2.5,
  "FacadeInclination": 0,
  "ChainLengthConnectingRodHandle": 5,
  "ChainLenghtConnectingRodHandle": 0,
  "RequiredOpeningStroke": 800,
  "OpeningWidth": 1000,
  "OpeningAngle": 37.955778805488166,
  "SpecificExhaustDimension": 30,
  "BuildingDepth": 75,
  "SnowLoad": 0,
  "DistanceHinge": 0,
  "RatedCurrent": 0,
  "DrivePosition": 1,
  "LockingMechanism": 1,
  "Voltage": 1,
  "DriveType": 1,
  "TypeOfInstallation": 2,
  "GeometricArea": 0,
  "CalculationTypeForVentilation": 2,
  "HeightOfProfile": 0,
  "Reveal": 0,
  "RevealDepth": 0,
  "HeightProfileRectangleAngle1": 0,
  "HeightProfileRectangleAngle2": 0,
  "RevealDepthRectangleAngle1": 0,
  "RevealDepthRectangleAngle2": 0,
  "RevealDepthRectangleAngle12": 0,
  "InstallationPosition": 0,
  "RecommendedDriveArticleNo": 0,
  "System": "",
  "AkippOrAtilt": 2.168,
  "AdrehOrAturn": 1.8204,
  "Ageo": 1.1096726804263364,
  "MinPullingForceMax": -300.17432981658936,
  "MinPushingForceMax": -456.0102375499411,
  "MinPullingForcePermanent": 0,
  "MinPushingForcePermanent": 0,
  "ForceWithNegativeWind": 456.0102375499411,
  "ForceWithNoWindMin": 0,
  "ForceWithNegativeWindMin": 300.17432981658936,
  "ForceWithWindMin": -300.17432981658936,
  "Id": "8b11d2e1-fe65-46bb-82a6-4442277b52f2",
  "CreatedOn": "0001-01-01T00:00:00",
  "CreatedBy": "579816e4-6653-4794-b435-a885f32e28d7",
  "ModifiedOn": "2024-11-12T10:19:33.8670647+00:00",
  "ModifiedBy": "579816e4-6653-4794-b435-a885f32e28d7"
}

15:49:41.779 [main] INFO  com.intuit.karate - Rounded Opening Angle: 38 
15:49:41.780 [main] INFO  com.intuit.karate - Rounded Ageo: 1.11 
15:49:41.780 [main] INFO  com.intuit.karate - Rounded Required Opening Stroke: 800 
15:49:41.781 [main] INFO  com.intuit.karate - Rounded Vent Weight: 77 
15:49:41.802 [main] INFO  com.intuit.karate - karate.env system property was: null 
15:49:41.806 [main] INFO  com.intuit.karate - Running test for dataset:  Dataset3 
15:49:41.811 [main] DEBUG com.intuit.karate - request:
1 > PUT https://dev-drivetec-apis.schuecodigitalsolutions.com/Configurations
1 > Content-Type: application/json; charset=UTF-8
1 > Content-Length: 1268
1 > Host: dev-drivetec-apis.schuecodigitalsolutions.com
1 > Connection: Keep-Alive
1 > User-Agent: Apache-HttpClient/4.5.14 (Java/17.0.12)
1 > Accept-Encoding: gzip,deflate
{"Id":"8b11d2e1-fe65-46bb-82a6-4442277b52f2","Name":"asdefgh","Description":"","ProjectId":"d2659447-79dd-4004-bdd8-aebda2f103db","CustomTags":"","CreatedBy":"579816e4-6653-4794-b435-a885f32e28d7","ModifiedBy":"579816e4-6653-4794-b435-a885f32e28d7","System":"","FacadeInclination":0,"OpeningType":3,"OpeningDirection":1,"OpeningWidth":1000,"VentOuterWidth":1230,"VentOuterHeight":1480,"VentWeight":0,"CalculateWeightWithGlass":false,"RequiredOpeningStroke":800,"WindLoad":500,"SnowLoad":0,"IsWindowOpeningCalculationByAngle":1,"GlassThickness":14,"ProfileWeightPerSerialMeter":2.5,"DrivePosition":1,"InstallationPosition":0,"LockingMechanism":1,"Voltage":1,"DriveType":1,"TypeOfInstallation":2,"GeometricArea":0,"CalcVentilation":1,"SpecificExhaustDimension":45,"BuildingDepth":90,"CalculationTypeForVentilation":1,"HeightOfProfile":30,"HeightProfileRectangleAngle1":35,"HeightProfileRectangleAngle2":2,"RevealDepth":200,"RevealDepthRectangleAngle1":150,"RevealDepthRectangleAngle2":1000,"ChainLengthConnectingRodHandle":5,"ApplicationName":1,"OpeningAngle":15,"WeightIncGlassOrThickness":false,"AkippOrAtilt":0,"AdrehOrAturn":0,"Ageo":0,"MinPullingForceMax":0,"MinPushingForceMax":0,"MinPullingForcePermanent":0,"MinPushingForcePermanent":0,"ForceWithNegativeWind":0}

15:49:42.459 [main] DEBUG com.intuit.karate - response time in milliseconds: 647
1 < 200
1 < Content-Type: application/json; charset=utf-8
1 < Date: Tue, 12 Nov 2024 10:19:34 GMT
1 < Server: Microsoft-IIS/10.0
1 < X-Powered-By: ASP.NET
1 < Content-Length: 2006
1 < Connection: keep-alive
{
  "ProjectId": "d2659447-79dd-4004-bdd8-aebda2f103db",
  "Name": "asdefgh",
  "Description": "",
  "CustomTags": "",
  "ApplicationName": 1,
  "OpeningType": 3,
  "OpeningDirection": 1,
  "CalculateWeightWithGlass": false,
  "WindLoad": 500,
  "IsWindowOpeningCalculationByAngle": 1,
  "VentOuterWidth": 1230,
  "VentOuterHeight": 1480,
  "WeightIncGlassOrThickness": false,
  "VentWeight": 77,
  "VentWeightExact": 77.26400000000001,
  "GlassThickness": 14,
  "ProfileWeightPerSerialMeter": 2.5,
  "FacadeInclination": 0,
  "ChainLengthConnectingRodHandle": 5,
  "ChainLenghtConnectingRodHandle": 0,
  "RequiredOpeningStroke": 800,
  "OpeningWidth": 1000,
  "OpeningAngle": 37.955778805488166,
  "SpecificExhaustDimension": 45,
  "BuildingDepth": 90,
  "SnowLoad": 0,
  "DistanceHinge": 0,
  "RatedCurrent": 0,
  "DrivePosition": 1,
  "LockingMechanism": 1,
  "Voltage": 1,
  "DriveType": 1,
  "TypeOfInstallation": 2,
  "GeometricArea": 0,
  "CalculationTypeForVentilation": 1,
  "HeightOfProfile": 30,
  "Reveal": 0,
  "RevealDepth": 200,
  "HeightProfileRectangleAngle1": 35,
  "HeightProfileRectangleAngle2": 2,
  "RevealDepthRectangleAngle1": 150,
  "RevealDepthRectangleAngle2": 1000,
  "RevealDepthRectangleAngle12": 0,
  "InstallationPosition": 0,
  "RecommendedDriveArticleNo": 0,
  "System": "",
  "AkippOrAtilt": 2.168,
  "AdrehOrAturn": 1.8204,
  "Ageo": 1.8204,
  "MinPullingForceMax": -299.575179457674,
  "MinPushingForceMax": -455.1000374749911,
  "MinPullingForcePermanent": 0,
  "MinPushingForcePermanent": 0,
  "ForceWithNegativeWind": 455.1000374749911,
  "ForceWithNoWindMin": 0,
  "ForceWithNegativeWindMin": 299.575179457674,
  "ForceWithWindMin": -299.575179457674,
  "Id": "8b11d2e1-fe65-46bb-82a6-4442277b52f2",
  "CreatedOn": "0001-01-01T00:00:00",
  "CreatedBy": "579816e4-6653-4794-b435-a885f32e28d7",
  "ModifiedOn": "2024-11-12T10:19:34.5510309+00:00",
  "ModifiedBy": "579816e4-6653-4794-b435-a885f32e28d7"
}

15:49:42.463 [main] INFO  com.intuit.karate - Rounded Opening Angle: 38 
15:49:42.464 [main] INFO  com.intuit.karate - Rounded Ageo: 1.82 
15:49:42.465 [main] INFO  com.intuit.karate - Rounded Required Opening Stroke: 800 
15:49:42.466 [main] INFO  com.intuit.karate - Rounded Vent Weight: 77 
15:49:42.482 [main] INFO  com.intuit.karate - karate.env system property was: null 
15:49:42.486 [main] INFO  com.intuit.karate - Running test for dataset:  Dataset4 
15:49:42.491 [main] DEBUG com.intuit.karate - request:
1 > PUT https://dev-drivetec-apis.schuecodigitalsolutions.com/Configurations
1 > Content-Type: application/json; charset=UTF-8
1 > Content-Length: 1259
1 > Host: dev-drivetec-apis.schuecodigitalsolutions.com
1 > Connection: Keep-Alive
1 > User-Agent: Apache-HttpClient/4.5.14 (Java/17.0.12)
1 > Accept-Encoding: gzip,deflate
{"Id":"8b11d2e1-fe65-46bb-82a6-4442277b52f2","Name":"asdefgh","Description":"","ProjectId":"d2659447-79dd-4004-bdd8-aebda2f103db","CustomTags":"","CreatedBy":"579816e4-6653-4794-b435-a885f32e28d7","ModifiedBy":"579816e4-6653-4794-b435-a885f32e28d7","System":"","FacadeInclination":0,"OpeningType":4,"OpeningDirection":1,"OpeningWidth":1000,"VentOuterWidth":1342,"VentOuterHeight":1480,"VentWeight":0,"CalculateWeightWithGlass":false,"RequiredOpeningStroke":400,"WindLoad":120,"SnowLoad":0,"IsWindowOpeningCalculationByAngle":1,"GlassThickness":14,"ProfileWeightPerSerialMeter":2.5,"DrivePosition":2,"InstallationPosition":0,"LockingMechanism":1,"Voltage":1,"DriveType":3,"TypeOfInstallation":2,"GeometricArea":0,"CalcVentilation":1,"SpecificExhaustDimension":45,"BuildingDepth":90,"CalculationTypeForVentilation":1,"HeightOfProfile":0,"HeightProfileRectangleAngle1":0,"HeightProfileRectangleAngle2":0,"RevealDepth":0,"RevealDepthRectangleAngle1":0,"RevealDepthRectangleAngle2":0,"ChainLengthConnectingRodHandle":5,"ApplicationName":2,"OpeningAngle":29,"WeightIncGlassOrThickness":false,"AkippOrAtilt":0,"AdrehOrAturn":0,"Ageo":0,"MinPullingForceMax":0,"MinPushingForceMax":0,"MinPullingForcePermanent":0,"MinPushingForcePermanent":0,"ForceWithNegativeWind":0}

15:49:43.153 [main] DEBUG com.intuit.karate - response time in milliseconds: 659
1 < 200
1 < Content-Type: application/json; charset=utf-8
1 < Date: Tue, 12 Nov 2024 10:19:34 GMT
1 < Server: Microsoft-IIS/10.0
1 < X-Powered-By: ASP.NET
1 < Content-Length: 2053
1 < Connection: keep-alive
{
  "ProjectId": "d2659447-79dd-4004-bdd8-aebda2f103db",
  "Name": "asdefgh",
  "Description": "",
  "CustomTags": "",
  "ApplicationName": 2,
  "OpeningType": 4,
  "OpeningDirection": 1,
  "CalculateWeightWithGlass": false,
  "WindLoad": 120,
  "IsWindowOpeningCalculationByAngle": 1,
  "VentOuterWidth": 1342,
  "VentOuterHeight": 1480,
  "WeightIncGlassOrThickness": false,
  "VentWeight": 84,
  "VentWeightExact": 83.62559999999999,
  "GlassThickness": 14,
  "ProfileWeightPerSerialMeter": 2.5,
  "FacadeInclination": 0,
  "ChainLengthConnectingRodHandle": 5,
  "ChainLenghtConnectingRodHandle": 0,
  "RequiredOpeningStroke": 400,
  "OpeningWidth": 1000,
  "OpeningAngle": 15.532868337024489,
  "SpecificExhaustDimension": 45,
  "BuildingDepth": 90,
  "SnowLoad": 0,
  "DistanceHinge": 0,
  "RatedCurrent": 0,
  "DrivePosition": 2,
  "LockingMechanism": 1,
  "Voltage": 1,
  "DriveType": 3,
  "TypeOfInstallation": 2,
  "GeometricArea": 0,
  "CalculationTypeForVentilation": 1,
  "HeightOfProfile": 0,
  "Reveal": 0,
  "RevealDepth": 0,
  "HeightProfileRectangleAngle1": 0,
  "HeightProfileRectangleAngle2": 0,
  "RevealDepthRectangleAngle1": 0,
  "RevealDepthRectangleAngle2": 0,
  "RevealDepthRectangleAngle12": 0,
  "InstallationPosition": 0,
  "RecommendedDriveArticleNo": 0,
  "System": "",
  "AkippOrAtilt": 1.1288,
  "AdrehOrAturn": 1.98616,
  "Ageo": 1.1288,
  "MinPullingForceMax": 415.2112673629173,
  "MinPushingForceMax": 418.12799999999993,
  "MinPullingForcePermanent": 418.12799999999993,
  "MinPushingForcePermanent": 418.12799999999993,
  "ForceWithNegativeWind": 418.12799999999993,
  "ForceWithNoWindMin": 406.58625068019194,
  "ForceWithNegativeWindMin": 402.27374233882927,
  "ForceWithWindMin": 415.2112673629173,
  "Id": "8b11d2e1-fe65-46bb-82a6-4442277b52f2",
  "CreatedOn": "0001-01-01T00:00:00",
  "CreatedBy": "579816e4-6653-4794-b435-a885f32e28d7",
  "ModifiedOn": "2024-11-12T10:19:35.2440731+00:00",
  "ModifiedBy": "579816e4-6653-4794-b435-a885f32e28d7"
}

15:49:43.156 [main] INFO  com.intuit.karate - Rounded Opening Angle: 16 
15:49:43.157 [main] INFO  com.intuit.karate - Rounded Ageo: 1.13 
15:49:43.158 [main] INFO  com.intuit.karate - Rounded Required Opening Stroke: 400 
15:49:43.158 [main] INFO  com.intuit.karate - Rounded Vent Weight: 84 
15:49:43.175 [main] INFO  com.intuit.karate - karate.env system property was: null 
15:49:43.177 [main] INFO  com.intuit.karate - Running test for dataset:  Dataset5 
15:49:43.183 [main] DEBUG com.intuit.karate - request:
1 > PUT https://dev-drivetec-apis.schuecodigitalsolutions.com/Configurations
1 > Content-Type: application/json; charset=UTF-8
1 > Content-Length: 1259
1 > Host: dev-drivetec-apis.schuecodigitalsolutions.com
1 > Connection: Keep-Alive
1 > User-Agent: Apache-HttpClient/4.5.14 (Java/17.0.12)
1 > Accept-Encoding: gzip,deflate
{"Id":"8b11d2e1-fe65-46bb-82a6-4442277b52f2","Name":"asdefgh","Description":"","ProjectId":"d2659447-79dd-4004-bdd8-aebda2f103db","CustomTags":"","CreatedBy":"579816e4-6653-4794-b435-a885f32e28d7","ModifiedBy":"579816e4-6653-4794-b435-a885f32e28d7","System":"","FacadeInclination":0,"OpeningType":4,"OpeningDirection":1,"OpeningWidth":1000,"VentOuterWidth":1341,"VentOuterHeight":1480,"VentWeight":0,"CalculateWeightWithGlass":false,"RequiredOpeningStroke":400,"WindLoad":120,"SnowLoad":0,"IsWindowOpeningCalculationByAngle":1,"GlassThickness":14,"ProfileWeightPerSerialMeter":2.5,"DrivePosition":2,"InstallationPosition":0,"LockingMechanism":1,"Voltage":1,"DriveType":3,"TypeOfInstallation":2,"GeometricArea":0,"CalcVentilation":1,"SpecificExhaustDimension":45,"BuildingDepth":90,"CalculationTypeForVentilation":1,"HeightOfProfile":0,"HeightProfileRectangleAngle1":0,"HeightProfileRectangleAngle2":0,"RevealDepth":0,"RevealDepthRectangleAngle1":0,"RevealDepthRectangleAngle2":0,"ChainLengthConnectingRodHandle":5,"ApplicationName":2,"OpeningAngle":29,"WeightIncGlassOrThickness":false,"AkippOrAtilt":0,"AdrehOrAturn":0,"Ageo":0,"MinPullingForceMax":0,"MinPushingForceMax":0,"MinPullingForcePermanent":0,"MinPushingForcePermanent":0,"ForceWithNegativeWind":0}

15:49:43.850 [main] DEBUG com.intuit.karate - response time in milliseconds: 666
1 < 200
1 < Content-Type: application/json; charset=utf-8
1 < Date: Tue, 12 Nov 2024 10:19:35 GMT
1 < Server: Microsoft-IIS/10.0
1 < X-Powered-By: ASP.NET
1 < Content-Length: 2000
1 < Connection: keep-alive
{
  "ProjectId": "d2659447-79dd-4004-bdd8-aebda2f103db",
  "Name": "asdefgh",
  "Description": "",
  "CustomTags": "",
  "ApplicationName": 2,
  "OpeningType": 4,
  "OpeningDirection": 1,
  "CalculateWeightWithGlass": false,
  "WindLoad": 120,
  "IsWindowOpeningCalculationByAngle": 1,
  "VentOuterWidth": 1341,
  "VentOuterHeight": 1480,
  "WeightIncGlassOrThickness": false,
  "VentWeight": 84,
  "VentWeightExact": 83.5688,
  "GlassThickness": 14,
  "ProfileWeightPerSerialMeter": 2.5,
  "FacadeInclination": 0,
  "ChainLengthConnectingRodHandle": 5,
  "ChainLenghtConnectingRodHandle": 0,
  "RequiredOpeningStroke": 400,
  "OpeningWidth": 1000,
  "OpeningAngle": 15.532868337024489,
  "SpecificExhaustDimension": 45,
  "BuildingDepth": 90,
  "SnowLoad": 0,
  "DistanceHinge": 0,
  "RatedCurrent": 0,
  "DrivePosition": 2,
  "LockingMechanism": 1,
  "Voltage": 1,
  "DriveType": 3,
  "TypeOfInstallation": 2,
  "GeometricArea": 0,
  "CalculationTypeForVentilation": 1,
  "HeightOfProfile": 0,
  "Reveal": 0,
  "RevealDepth": 0,
  "HeightProfileRectangleAngle1": 0,
  "HeightProfileRectangleAngle2": 0,
  "RevealDepthRectangleAngle1": 0,
  "RevealDepthRectangleAngle2": 0,
  "RevealDepthRectangleAngle12": 0,
  "InstallationPosition": 0,
  "RecommendedDriveArticleNo": 0,
  "System": "",
  "AkippOrAtilt": 1.1284,
  "AdrehOrAturn": 1.98468,
  "Ageo": 1.1284,
  "MinPullingForceMax": 414.92867973794705,
  "MinPushingForceMax": 417.844,
  "MinPullingForcePermanent": 417.844,
  "MinPushingForcePermanent": 417.844,
  "ForceWithNegativeWind": 417.844,
  "ForceWithNoWindMin": 406.3100900423176,
  "ForceWithNegativeWindMin": 402.00079519450287,
  "ForceWithWindMin": 414.92867973794705,
  "Id": "8b11d2e1-fe65-46bb-82a6-4442277b52f2",
  "CreatedOn": "0001-01-01T00:00:00",
  "CreatedBy": "579816e4-6653-4794-b435-a885f32e28d7",
  "ModifiedOn": "2024-11-12T10:19:35.9394841+00:00",
  "ModifiedBy": "579816e4-6653-4794-b435-a885f32e28d7"
}

15:49:43.853 [main] INFO  com.intuit.karate - Rounded Opening Angle: 16 
15:49:43.855 [main] INFO  com.intuit.karate - Rounded Ageo: 1.13 
15:49:43.856 [main] INFO  com.intuit.karate - Rounded Required Opening Stroke: 400 
15:49:43.856 [main] INFO  com.intuit.karate - Rounded Vent Weight: 84 
15:49:43.871 [main] INFO  com.intuit.karate - karate.env system property was: null 
15:49:43.877 [main] INFO  com.intuit.karate - Running test for dataset:  Dataset6 
15:49:43.881 [main] DEBUG com.intuit.karate - request:
1 > PUT https://dev-drivetec-apis.schuecodigitalsolutions.com/Configurations
1 > Content-Type: application/json; charset=UTF-8
1 > Content-Length: 1267
1 > Host: dev-drivetec-apis.schuecodigitalsolutions.com
1 > Connection: Keep-Alive
1 > User-Agent: Apache-HttpClient/4.5.14 (Java/17.0.12)
1 > Accept-Encoding: gzip,deflate
{"Id":"8b11d2e1-fe65-46bb-82a6-4442277b52f2","Name":"asdefgh","Description":"","ProjectId":"d2659447-79dd-4004-bdd8-aebda2f103db","CustomTags":"","CreatedBy":"579816e4-6653-4794-b435-a885f32e28d7","ModifiedBy":"579816e4-6653-4794-b435-a885f32e28d7","System":"","FacadeInclination":0,"OpeningType":1,"OpeningDirection":1,"OpeningWidth":1000,"VentOuterWidth":2500,"VentOuterHeight":800,"VentWeight":0,"CalculateWeightWithGlass":false,"RequiredOpeningStroke":747,"WindLoad":120,"SnowLoad":0,"IsWindowOpeningCalculationByAngle":2,"GlassThickness":14,"ProfileWeightPerSerialMeter":2.5,"DrivePosition":1,"InstallationPosition":0,"LockingMechanism":1,"Voltage":1,"DriveType":1,"TypeOfInstallation":2,"GeometricArea":0,"CalcVentilation":1,"SpecificExhaustDimension":45,"BuildingDepth":90,"CalculationTypeForVentilation":1,"HeightOfProfile":30,"HeightProfileRectangleAngle1":35,"HeightProfileRectangleAngle2":2,"RevealDepth":200,"RevealDepthRectangleAngle1":150,"RevealDepthRectangleAngle2":1000,"ChainLengthConnectingRodHandle":5,"ApplicationName":1,"OpeningAngle":10,"WeightIncGlassOrThickness":false,"AkippOrAtilt":0,"AdrehOrAturn":0,"Ageo":0,"MinPullingForceMax":0,"MinPushingForceMax":0,"MinPullingForcePermanent":0,"MinPushingForcePermanent":0,"ForceWithNegativeWind":0}

15:49:44.517 [main] DEBUG com.intuit.karate - response time in milliseconds: 635
1 < 200
1 < Content-Type: application/json; charset=utf-8
1 < Date: Tue, 12 Nov 2024 10:19:35 GMT
1 < Server: Microsoft-IIS/10.0
1 < X-Powered-By: ASP.NET
1 < Content-Length: 2066
1 < Connection: keep-alive
{
  "ProjectId": "d2659447-79dd-4004-bdd8-aebda2f103db",
  "Name": "asdefgh",
  "Description": "",
  "CustomTags": "",
  "ApplicationName": 1,
  "OpeningType": 1,
  "OpeningDirection": 1,
  "CalculateWeightWithGlass": false,
  "WindLoad": 120,
  "IsWindowOpeningCalculationByAngle": 2,
  "VentOuterWidth": 2500,
  "VentOuterHeight": 800,
  "WeightIncGlassOrThickness": false,
  "VentWeight": 87,
  "VentWeightExact": 86.5,
  "GlassThickness": 14,
  "ProfileWeightPerSerialMeter": 2.5,
  "FacadeInclination": 0,
  "ChainLengthConnectingRodHandle": 5,
  "ChainLenghtConnectingRodHandle": 0,
  "RequiredOpeningStroke": 139.44918839625308,
  "OpeningWidth": 1000,
  "OpeningAngle": 10,
  "SpecificExhaustDimension": 45,
  "BuildingDepth": 90,
  "SnowLoad": 0,
  "DistanceHinge": 0,
  "RatedCurrent": 0,
  "DrivePosition": 1,
  "LockingMechanism": 1,
  "Voltage": 1,
  "DriveType": 1,
  "TypeOfInstallation": 2,
  "GeometricArea": 0,
  "CalculationTypeForVentilation": 1,
  "HeightOfProfile": 30,
  "Reveal": 0,
  "RevealDepth": 200,
  "HeightProfileRectangleAngle1": 35,
  "HeightProfileRectangleAngle2": 2,
  "RevealDepthRectangleAngle1": 150,
  "RevealDepthRectangleAngle2": 1000,
  "RevealDepthRectangleAngle12": 0,
  "InstallationPosition": 0,
  "RecommendedDriveArticleNo": 0,
  "System": "",
  "AkippOrAtilt": 0.4601823217076351,
  "AdrehOrAturn": 2,
  "Ageo": 0.4601823217076351,
  "MinPullingForceMax": -119.65551260126024,
  "MinPushingForceMax": -192.18101971296795,
  "MinPullingForcePermanent": -75.3470327340791,
  "MinPushingForcePermanent": -75.3470327340791,
  "ForceWithNegativeWind": 120.3443352060445,
  "ForceWithNoWindMin": 0.3444113023921364,
  "ForceWithNegativeWindMin": 41.48695424480975,
  "ForceWithWindMin": -119.65551260126024,
  "Id": "8b11d2e1-fe65-46bb-82a6-4442277b52f2",
  "CreatedOn": "0001-01-01T00:00:00",
  "CreatedBy": "579816e4-6653-4794-b435-a885f32e28d7",
  "ModifiedOn": "2024-11-12T10:19:36.6189452+00:00",
  "ModifiedBy": "579816e4-6653-4794-b435-a885f32e28d7"
}

15:49:44.520 [main] INFO  com.intuit.karate - Rounded Opening Angle: 10 
15:49:44.520 [main] INFO  com.intuit.karate - Rounded Ageo: 0.46 
15:49:44.521 [main] INFO  com.intuit.karate - Rounded Required Opening Stroke: 139 
15:49:44.521 [main] INFO  com.intuit.karate - Rounded Vent Weight: 87 
15:49:44.548 [main] INFO  com.intuit.karate - karate.env system property was: null 
15:49:44.555 [main] INFO  com.intuit.karate - Running test for dataset:  Dataset7 
15:49:44.560 [main] DEBUG com.intuit.karate - request:
1 > PUT https://dev-drivetec-apis.schuecodigitalsolutions.com/Configurations
1 > Content-Type: application/json; charset=UTF-8
1 > Content-Length: 1258
1 > Host: dev-drivetec-apis.schuecodigitalsolutions.com
1 > Connection: Keep-Alive
1 > User-Agent: Apache-HttpClient/4.5.14 (Java/17.0.12)
1 > Accept-Encoding: gzip,deflate
{"Id":"8b11d2e1-fe65-46bb-82a6-4442277b52f2","Name":"asdefgh","Description":"","ProjectId":"d2659447-79dd-4004-bdd8-aebda2f103db","CustomTags":"","CreatedBy":"579816e4-6653-4794-b435-a885f32e28d7","ModifiedBy":"579816e4-6653-4794-b435-a885f32e28d7","System":"","FacadeInclination":10,"OpeningType":1,"OpeningDirection":1,"OpeningWidth":1000,"VentOuterWidth":1650,"VentOuterHeight":1500,"VentWeight":0,"CalculateWeightWithGlass":false,"RequiredOpeningStroke":1,"WindLoad":120,"SnowLoad":0,"IsWindowOpeningCalculationByAngle":1,"GlassThickness":14,"ProfileWeightPerSerialMeter":2.5,"DrivePosition":1,"InstallationPosition":0,"LockingMechanism":1,"Voltage":1,"DriveType":1,"TypeOfInstallation":2,"GeometricArea":0,"CalcVentilation":1,"SpecificExhaustDimension":30,"BuildingDepth":75,"CalculationTypeForVentilation":1,"HeightOfProfile":0,"HeightProfileRectangleAngle1":0,"HeightProfileRectangleAngle2":0,"RevealDepth":0,"RevealDepthRectangleAngle1":0,"RevealDepthRectangleAngle2":0,"ChainLengthConnectingRodHandle":5,"ApplicationName":1,"OpeningAngle":10,"WeightIncGlassOrThickness":false,"AkippOrAtilt":0,"AdrehOrAturn":0,"Ageo":0,"MinPullingForceMax":0,"MinPushingForceMax":0,"MinPullingForcePermanent":0,"MinPushingForcePermanent":0,"ForceWithNegativeWind":0}

15:49:45.207 [main] DEBUG com.intuit.karate - response time in milliseconds: 645
1 < 200
1 < Content-Type: application/json; charset=utf-8
1 < Date: Tue, 12 Nov 2024 10:19:37 GMT
1 < Server: Microsoft-IIS/10.0
1 < X-Powered-By: ASP.NET
1 < transfer-encoding: chunked
1 < Connection: keep-alive
{
  "ProjectId": "d2659447-79dd-4004-bdd8-aebda2f103db",
  "Name": "asdefgh",
  "Description": "",
  "CustomTags": "",
  "ApplicationName": 1,
  "OpeningType": 1,
  "OpeningDirection": 1,
  "CalculateWeightWithGlass": false,
  "WindLoad": 120,
  "IsWindowOpeningCalculationByAngle": 1,
  "VentOuterWidth": 1650,
  "VentOuterHeight": 1500,
  "WeightIncGlassOrThickness": false,
  "VentWeight": 102,
  "VentWeightExact": 102.375,
  "GlassThickness": 14,
  "ProfileWeightPerSerialMeter": 2.5,
  "FacadeInclination": 10,
  "ChainLengthConnectingRodHandle": 5,
  "ChainLenghtConnectingRodHandle": 0,
  "RequiredOpeningStroke": 1,
  "OpeningWidth": 1000,
  "OpeningAngle": 0.03819718704941021,
  "SpecificExhaustDimension": 30,
  "BuildingDepth": 75,
  "SnowLoad": 0,
  "DistanceHinge": 0,
  "RatedCurrent": 0,
  "DrivePosition": 1,
  "LockingMechanism": 1,
  "Voltage": 1,
  "DriveType": 1,
  "TypeOfInstallation": 2,
  "GeometricArea": 0,
  "CalculationTypeForVentilation": 1,
  "HeightOfProfile": 0,
  "Reveal": 0,
  "RevealDepth": 0,
  "HeightProfileRectangleAngle1": 0,
  "HeightProfileRectangleAngle2": 0,
  "RevealDepthRectangleAngle1": 0,
  "RevealDepthRectangleAngle2": 0,
  "RevealDepthRectangleAngle12": 0,
  "InstallationPosition": 0,
  "RecommendedDriveArticleNo": 0,
  "System": "",
  "AkippOrAtilt": 0.00315,
  "AdrehOrAturn": 2.475,
  "Ageo": 0.00315,
  "MinPullingForceMax": -54.74319294289617,
  "MinPushingForceMax": -55.113169098532424,
  "MinPullingForcePermanent": 89.2429627501381,
  "MinPushingForcePermanent": 89.2429627501381,
  "ForceWithNegativeWind": 233.22911844317238,
  "ForceWithNoWindMin": 88.90692425992826,
  "ForceWithNegativeWindMin": 232.92701761838896,
  "ForceWithWindMin": -54.74319294289617,
  "Id": "8b11d2e1-fe65-46bb-82a6-4442277b52f2",
  "CreatedOn": "0001-01-01T00:00:00",
  "CreatedBy": "579816e4-6653-4794-b435-a885f32e28d7",
  "ModifiedOn": "2024-11-12T10:19:37.3026203+00:00",
  "ModifiedBy": "579816e4-6653-4794-b435-a885f32e28d7"
}

15:49:45.215 [main] INFO  com.intuit.karate - Rounded Opening Angle: 0 
15:49:45.216 [main] INFO  com.intuit.karate - Rounded Ageo: 0 
15:49:45.216 [main] INFO  com.intuit.karate - Rounded Required Opening Stroke: 1 
15:49:45.217 [main] INFO  com.intuit.karate - Rounded Vent Weight: 102 
15:49:45.226 [main] INFO  com.intuit.karate - karate.env system property was: null 
15:49:45.229 [main] INFO  com.intuit.karate - Running test for dataset:  Dataset8 
15:49:45.234 [main] DEBUG com.intuit.karate - request:
1 > PUT https://dev-drivetec-apis.schuecodigitalsolutions.com/Configurations
1 > Content-Type: application/json; charset=UTF-8
1 > Content-Length: 1264
1 > Host: dev-drivetec-apis.schuecodigitalsolutions.com
1 > Connection: Keep-Alive
1 > User-Agent: Apache-HttpClient/4.5.14 (Java/17.0.12)
1 > Accept-Encoding: gzip,deflate
{"Id":"8b11d2e1-fe65-46bb-82a6-4442277b52f2","Name":"asdefgh","Description":"","ProjectId":"d2659447-79dd-4004-bdd8-aebda2f103db","CustomTags":"","CreatedBy":"579816e4-6653-4794-b435-a885f32e28d7","ModifiedBy":"579816e4-6653-4794-b435-a885f32e28d7","System":"","FacadeInclination":1,"OpeningType":2,"OpeningDirection":2,"OpeningWidth":1000,"VentOuterWidth":1230,"VentOuterHeight":1480,"VentWeight":0,"CalculateWeightWithGlass":false,"RequiredOpeningStroke":800,"WindLoad":120,"SnowLoad":0,"IsWindowOpeningCalculationByAngle":1,"GlassThickness":14,"ProfileWeightPerSerialMeter":2.5,"DrivePosition":1,"InstallationPosition":0,"LockingMechanism":1,"Voltage":1,"DriveType":1,"TypeOfInstallation":2,"GeometricArea":0,"CalcVentilation":2,"SpecificExhaustDimension":35,"BuildingDepth":65,"CalculationTypeForVentilation":2,"HeightOfProfile":200,"HeightProfileRectangleAngle1":0,"HeightProfileRectangleAngle2":0,"RevealDepth":1000,"RevealDepthRectangleAngle1":0,"RevealDepthRectangleAngle2":0,"ChainLengthConnectingRodHandle":5,"ApplicationName":1,"OpeningAngle":10,"WeightIncGlassOrThickness":false,"AkippOrAtilt":0,"AdrehOrAturn":0,"Ageo":0,"MinPullingForceMax":0,"MinPushingForceMax":0,"MinPullingForcePermanent":0,"MinPushingForcePermanent":0,"ForceWithNegativeWind":0}

15:49:45.867 [main] DEBUG com.intuit.karate - response time in milliseconds: 633
1 < 200
1 < Content-Type: application/json; charset=utf-8
1 < Date: Tue, 12 Nov 2024 10:19:37 GMT
1 < Server: Microsoft-IIS/10.0
1 < X-Powered-By: ASP.NET
1 < Content-Length: 2066
1 < Connection: keep-alive
{
  "ProjectId": "d2659447-79dd-4004-bdd8-aebda2f103db",
  "Name": "asdefgh",
  "Description": "",
  "CustomTags": "",
  "ApplicationName": 1,
  "OpeningType": 2,
  "OpeningDirection": 2,
  "CalculateWeightWithGlass": false,
  "WindLoad": 120,
  "IsWindowOpeningCalculationByAngle": 1,
  "VentOuterWidth": 1230,
  "VentOuterHeight": 1480,
  "WeightIncGlassOrThickness": false,
  "VentWeight": 77,
  "VentWeightExact": 77.26400000000001,
  "GlassThickness": 14,
  "ProfileWeightPerSerialMeter": 2.5,
  "FacadeInclination": 1,
  "ChainLengthConnectingRodHandle": 5,
  "ChainLenghtConnectingRodHandle": 0,
  "RequiredOpeningStroke": 800,
  "OpeningWidth": 1000,
  "OpeningAngle": 31.36070026967848,
  "SpecificExhaustDimension": 35,
  "BuildingDepth": 65,
  "SnowLoad": 0,
  "DistanceHinge": 0,
  "RatedCurrent": 0,
  "DrivePosition": 1,
  "LockingMechanism": 1,
  "Voltage": 1,
  "DriveType": 1,
  "TypeOfInstallation": 2,
  "GeometricArea": 0,
  "CalculationTypeForVentilation": 2,
  "HeightOfProfile": 200,
  "Reveal": 0,
  "RevealDepth": 1000,
  "HeightProfileRectangleAngle1": 0,
  "HeightProfileRectangleAngle2": 0,
  "RevealDepthRectangleAngle1": 0,
  "RevealDepthRectangleAngle2": 0,
  "RevealDepthRectangleAngle12": 0,
  "InstallationPosition": 0,
  "RecommendedDriveArticleNo": 0,
  "System": "",
  "AkippOrAtilt": 2.168,
  "AdrehOrAturn": 1.8204,
  "Ageo": 1.0198356046171009,
  "MinPullingForceMax": 102.76252657013067,
  "MinPushingForceMax": 287.4727665962924,
  "MinPullingForcePermanent": 203.0887530734928,
  "MinPushingForcePermanent": 203.0887530734928,
  "ForceWithNegativeWind": 118.7047395506932,
  "ForceWithNoWindMin": -6.431203722221201,
  "ForceWithNegativeWindMin": -115.62493401457307,
  "ForceWithWindMin": 102.76252657013067,
  "Id": "8b11d2e1-fe65-46bb-82a6-4442277b52f2",
  "CreatedOn": "0001-01-01T00:00:00",
  "CreatedBy": "579816e4-6653-4794-b435-a885f32e28d7",
  "ModifiedOn": "2024-11-12T10:19:37.9628161+00:00",
  "ModifiedBy": "579816e4-6653-4794-b435-a885f32e28d7"
}

15:49:45.871 [main] INFO  com.intuit.karate - Rounded Opening Angle: 31 
15:49:45.872 [main] INFO  com.intuit.karate - Rounded Ageo: 1.02 
15:49:45.873 [main] INFO  com.intuit.karate - Rounded Required Opening Stroke: 800 
15:49:45.873 [main] INFO  com.intuit.karate - Rounded Vent Weight: 77 
15:49:45.887 [main] INFO  com.intuit.karate - karate.env system property was: null 
15:49:45.890 [main] INFO  com.intuit.karate - Running test for dataset:  Dataset9 
15:49:45.894 [main] DEBUG com.intuit.karate - request:
1 > PUT https://dev-drivetec-apis.schuecodigitalsolutions.com/Configurations
1 > Content-Type: application/json; charset=UTF-8
1 > Content-Length: 1264
1 > Host: dev-drivetec-apis.schuecodigitalsolutions.com
1 > Connection: Keep-Alive
1 > User-Agent: Apache-HttpClient/4.5.14 (Java/17.0.12)
1 > Accept-Encoding: gzip,deflate
{"Id":"8b11d2e1-fe65-46bb-82a6-4442277b52f2","Name":"asdefgh","Description":"","ProjectId":"d2659447-79dd-4004-bdd8-aebda2f103db","CustomTags":"","CreatedBy":"579816e4-6653-4794-b435-a885f32e28d7","ModifiedBy":"579816e4-6653-4794-b435-a885f32e28d7","System":"","FacadeInclination":2,"OpeningType":2,"OpeningDirection":2,"OpeningWidth":1000,"VentOuterWidth":1230,"VentOuterHeight":1480,"VentWeight":0,"CalculateWeightWithGlass":false,"RequiredOpeningStroke":800,"WindLoad":120,"SnowLoad":0,"IsWindowOpeningCalculationByAngle":1,"GlassThickness":14,"ProfileWeightPerSerialMeter":2.5,"DrivePosition":1,"InstallationPosition":0,"LockingMechanism":1,"Voltage":1,"DriveType":1,"TypeOfInstallation":2,"GeometricArea":0,"CalcVentilation":2,"SpecificExhaustDimension":35,"BuildingDepth":65,"CalculationTypeForVentilation":2,"HeightOfProfile":200,"HeightProfileRectangleAngle1":0,"HeightProfileRectangleAngle2":0,"RevealDepth":1000,"RevealDepthRectangleAngle1":0,"RevealDepthRectangleAngle2":0,"ChainLengthConnectingRodHandle":5,"ApplicationName":1,"OpeningAngle":10,"WeightIncGlassOrThickness":false,"AkippOrAtilt":0,"AdrehOrAturn":0,"Ageo":0,"MinPullingForceMax":0,"MinPushingForceMax":0,"MinPullingForcePermanent":0,"MinPushingForcePermanent":0,"ForceWithNegativeWind":0}

15:49:46.552 [main] DEBUG com.intuit.karate - response time in milliseconds: 657
1 < 200
1 < Content-Type: application/json; charset=utf-8
1 < Date: Tue, 12 Nov 2024 10:19:38 GMT
1 < Server: Microsoft-IIS/10.0
1 < X-Powered-By: ASP.NET
1 < Content-Length: 2068
1 < Connection: keep-alive
{
  "ProjectId": "d2659447-79dd-4004-bdd8-aebda2f103db",
  "Name": "asdefgh",
  "Description": "",
  "CustomTags": "",
  "ApplicationName": 1,
  "OpeningType": 2,
  "OpeningDirection": 2,
  "CalculateWeightWithGlass": false,
  "WindLoad": 120,
  "IsWindowOpeningCalculationByAngle": 1,
  "VentOuterWidth": 1230,
  "VentOuterHeight": 1480,
  "WeightIncGlassOrThickness": false,
  "VentWeight": 77,
  "VentWeightExact": 77.26400000000001,
  "GlassThickness": 14,
  "ProfileWeightPerSerialMeter": 2.5,
  "FacadeInclination": 2,
  "ChainLengthConnectingRodHandle": 5,
  "ChainLenghtConnectingRodHandle": 0,
  "RequiredOpeningStroke": 800,
  "OpeningWidth": 1000,
  "OpeningAngle": 31.36070026967848,
  "SpecificExhaustDimension": 35,
  "BuildingDepth": 65,
  "SnowLoad": 0,
  "DistanceHinge": 0,
  "RatedCurrent": 0,
  "DrivePosition": 1,
  "LockingMechanism": 1,
  "Voltage": 1,
  "DriveType": 1,
  "TypeOfInstallation": 2,
  "GeometricArea": 0,
  "CalculationTypeForVentilation": 2,
  "HeightOfProfile": 200,
  "Reveal": 0,
  "RevealDepth": 1000,
  "HeightProfileRectangleAngle1": 0,
  "HeightProfileRectangleAngle2": 0,
  "RevealDepthRectangleAngle1": 0,
  "RevealDepthRectangleAngle2": 0,
  "RevealDepthRectangleAngle12": 0,
  "InstallationPosition": 0,
  "RecommendedDriveArticleNo": 0,
  "System": "",
  "AkippOrAtilt": 2.168,
  "AdrehOrAturn": 1.8204,
  "Ageo": 1.0198356046171009,
  "MinPullingForceMax": 95.92901045964452,
  "MinPushingForceMax": 283.1158769823155,
  "MinPullingForcePermanent": 197.02130284355349,
  "MinPushingForcePermanent": 197.02130284355349,
  "ForceWithNegativeWind": -122.26518517582623,
  "ForceWithNoWindMin": -13.168087358090862,
  "ForceWithNegativeWindMin": 110.92672870479146,
  "ForceWithWindMin": 95.92901045964452,
  "Id": "8b11d2e1-fe65-46bb-82a6-4442277b52f2",
  "CreatedOn": "0001-01-01T00:00:00",
  "CreatedBy": "579816e4-6653-4794-b435-a885f32e28d7",
  "ModifiedOn": "2024-11-12T10:19:38.6418359+00:00",
  "ModifiedBy": "579816e4-6653-4794-b435-a885f32e28d7"
}

15:49:46.558 [main] INFO  com.intuit.karate - Rounded Opening Angle: 31 
15:49:46.558 [main] INFO  com.intuit.karate - Rounded Ageo: 1.02 
15:49:46.559 [main] INFO  com.intuit.karate - Rounded Required Opening Stroke: 800 
15:49:46.559 [main] INFO  com.intuit.karate - Rounded Vent Weight: 77 
15:49:46.566 [main] INFO  com.intuit.karate - karate.env system property was: null 
15:49:46.569 [main] INFO  com.intuit.karate - Running test for dataset:  Dataset10 
15:49:46.571 [main] DEBUG com.intuit.karate - request:
1 > PUT https://dev-drivetec-apis.schuecodigitalsolutions.com/Configurations
1 > Content-Type: application/json; charset=UTF-8
1 > Content-Length: 1265
1 > Host: dev-drivetec-apis.schuecodigitalsolutions.com
1 > Connection: Keep-Alive
1 > User-Agent: Apache-HttpClient/4.5.14 (Java/17.0.12)
1 > Accept-Encoding: gzip,deflate
{"Id":"8b11d2e1-fe65-46bb-82a6-4442277b52f2","Name":"asdefgh","Description":"","ProjectId":"d2659447-79dd-4004-bdd8-aebda2f103db","CustomTags":"","CreatedBy":"579816e4-6653-4794-b435-a885f32e28d7","ModifiedBy":"579816e4-6653-4794-b435-a885f32e28d7","System":"","FacadeInclination":40,"OpeningType":2,"OpeningDirection":2,"OpeningWidth":1000,"VentOuterWidth":1230,"VentOuterHeight":1480,"VentWeight":0,"CalculateWeightWithGlass":false,"RequiredOpeningStroke":800,"WindLoad":120,"SnowLoad":0,"IsWindowOpeningCalculationByAngle":1,"GlassThickness":14,"ProfileWeightPerSerialMeter":2.5,"DrivePosition":1,"InstallationPosition":0,"LockingMechanism":1,"Voltage":1,"DriveType":1,"TypeOfInstallation":2,"GeometricArea":0,"CalcVentilation":2,"SpecificExhaustDimension":35,"BuildingDepth":65,"CalculationTypeForVentilation":2,"HeightOfProfile":200,"HeightProfileRectangleAngle1":0,"HeightProfileRectangleAngle2":0,"RevealDepth":1000,"RevealDepthRectangleAngle1":0,"RevealDepthRectangleAngle2":0,"ChainLengthConnectingRodHandle":5,"ApplicationName":1,"OpeningAngle":10,"WeightIncGlassOrThickness":false,"AkippOrAtilt":0,"AdrehOrAturn":0,"Ageo":0,"MinPullingForceMax":0,"MinPushingForceMax":0,"MinPullingForcePermanent":0,"MinPushingForcePermanent":0,"ForceWithNegativeWind":0}

15:49:47.242 [main] DEBUG com.intuit.karate - response time in milliseconds: 668
1 < 200
1 < Content-Type: application/json; charset=utf-8
1 < Date: Tue, 12 Nov 2024 10:19:38 GMT
1 < Server: Microsoft-IIS/10.0
1 < X-Powered-By: ASP.NET
1 < Content-Length: 2075
1 < Connection: keep-alive
{
  "ProjectId": "d2659447-79dd-4004-bdd8-aebda2f103db",
  "Name": "asdefgh",
  "Description": "",
  "CustomTags": "",
  "ApplicationName": 1,
  "OpeningType": 2,
  "OpeningDirection": 2,
  "CalculateWeightWithGlass": false,
  "WindLoad": 120,
  "IsWindowOpeningCalculationByAngle": 1,
  "VentOuterWidth": 1230,
  "VentOuterHeight": 1480,
  "WeightIncGlassOrThickness": false,
  "VentWeight": 77,
  "VentWeightExact": 77.26400000000001,
  "GlassThickness": 14,
  "ProfileWeightPerSerialMeter": 2.5,
  "FacadeInclination": 40,
  "ChainLengthConnectingRodHandle": 5,
  "ChainLenghtConnectingRodHandle": 0,
  "RequiredOpeningStroke": 800,
  "OpeningWidth": 1000,
  "OpeningAngle": 31.36070026967848,
  "SpecificExhaustDimension": 35,
  "BuildingDepth": 65,
  "SnowLoad": 0,
  "DistanceHinge": 0,
  "RatedCurrent": 0,
  "DrivePosition": 1,
  "LockingMechanism": 1,
  "Voltage": 1,
  "DriveType": 1,
  "TypeOfInstallation": 2,
  "GeometricArea": 0,
  "CalculationTypeForVentilation": 2,
  "HeightOfProfile": 200,
  "Reveal": 0,
  "RevealDepth": 1000,
  "HeightProfileRectangleAngle1": 0,
  "HeightProfileRectangleAngle2": 0,
  "RevealDepthRectangleAngle1": 0,
  "RevealDepthRectangleAngle2": 0,
  "RevealDepthRectangleAngle12": 0,
  "InstallationPosition": 0,
  "RecommendedDriveArticleNo": 0,
  "System": "",
  "AkippOrAtilt": 2.168,
  "AdrehOrAturn": 1.8204,
  "Ageo": 1.0198356046171009,
  "MinPullingForceMax": 51.107507951589845,
  "MinPushingForceMax": -183.76216692764464,
  "MinPullingForcePermanent": -247.98114221267235,
  "MinPushingForcePermanent": -247.98114221267235,
  "ForceWithNegativeWind": -312.20011749770003,
  "ForceWithNoWindMin": -59.81724995636224,
  "ForceWithNegativeWindMin": -170.74200786431433,
  "ForceWithWindMin": 51.107507951589845,
  "Id": "8b11d2e1-fe65-46bb-82a6-4442277b52f2",
  "CreatedOn": "0001-01-01T00:00:00",
  "CreatedBy": "579816e4-6653-4794-b435-a885f32e28d7",
  "ModifiedOn": "2024-11-12T10:19:39.3209604+00:00",
  "ModifiedBy": "579816e4-6653-4794-b435-a885f32e28d7"
}

15:49:47.246 [main] INFO  com.intuit.karate - Rounded Opening Angle: 31 
15:49:47.247 [main] INFO  com.intuit.karate - Rounded Ageo: 1.02 
15:49:47.248 [main] INFO  com.intuit.karate - Rounded Required Opening Stroke: 800 
15:49:47.249 [main] INFO  com.intuit.karate - Rounded Vent Weight: 77 
15:49:47.256 [main] INFO  com.intuit.karate - karate.env system property was: null 
15:49:47.258 [main] INFO  com.intuit.karate - Running test for dataset:  Dataset11 
15:49:47.263 [main] DEBUG com.intuit.karate - request:
1 > PUT https://dev-drivetec-apis.schuecodigitalsolutions.com/Configurations
1 > Content-Type: application/json; charset=UTF-8
1 > Content-Length: 1265
1 > Host: dev-drivetec-apis.schuecodigitalsolutions.com
1 > Connection: Keep-Alive
1 > User-Agent: Apache-HttpClient/4.5.14 (Java/17.0.12)
1 > Accept-Encoding: gzip,deflate
{"Id":"8b11d2e1-fe65-46bb-82a6-4442277b52f2","Name":"asdefgh","Description":"","ProjectId":"d2659447-79dd-4004-bdd8-aebda2f103db","CustomTags":"","CreatedBy":"579816e4-6653-4794-b435-a885f32e28d7","ModifiedBy":"579816e4-6653-4794-b435-a885f32e28d7","System":"","FacadeInclination":41,"OpeningType":2,"OpeningDirection":2,"OpeningWidth":1000,"VentOuterWidth":1230,"VentOuterHeight":1480,"VentWeight":0,"CalculateWeightWithGlass":false,"RequiredOpeningStroke":800,"WindLoad":120,"SnowLoad":0,"IsWindowOpeningCalculationByAngle":1,"GlassThickness":14,"ProfileWeightPerSerialMeter":2.5,"DrivePosition":1,"InstallationPosition":0,"LockingMechanism":1,"Voltage":1,"DriveType":1,"TypeOfInstallation":2,"GeometricArea":0,"CalcVentilation":2,"SpecificExhaustDimension":35,"BuildingDepth":65,"CalculationTypeForVentilation":2,"HeightOfProfile":200,"HeightProfileRectangleAngle1":0,"HeightProfileRectangleAngle2":0,"RevealDepth":1000,"RevealDepthRectangleAngle1":0,"RevealDepthRectangleAngle2":0,"ChainLengthConnectingRodHandle":5,"ApplicationName":1,"OpeningAngle":10,"WeightIncGlassOrThickness":false,"AkippOrAtilt":0,"AdrehOrAturn":0,"Ageo":0,"MinPullingForceMax":0,"MinPushingForceMax":0,"MinPullingForcePermanent":0,"MinPushingForcePermanent":0,"ForceWithNegativeWind":0}

15:49:47.909 [main] DEBUG com.intuit.karate - response time in milliseconds: 644
1 < 200
1 < Content-Type: application/json; charset=utf-8
1 < Date: Tue, 12 Nov 2024 10:19:40 GMT
1 < Server: Microsoft-IIS/10.0
1 < X-Powered-By: ASP.NET
1 < transfer-encoding: chunked
1 < Connection: keep-alive
{
  "ProjectId": "d2659447-79dd-4004-bdd8-aebda2f103db",
  "Name": "asdefgh",
  "Description": "",
  "CustomTags": "",
  "ApplicationName": 1,
  "OpeningType": 2,
  "OpeningDirection": 2,
  "CalculateWeightWithGlass": false,
  "WindLoad": 120,
  "IsWindowOpeningCalculationByAngle": 1,
  "VentOuterWidth": 1230,
  "VentOuterHeight": 1480,
  "WeightIncGlassOrThickness": false,
  "VentWeight": 77,
  "VentWeightExact": 77.26400000000001,
  "GlassThickness": 14,
  "ProfileWeightPerSerialMeter": 2.5,
  "FacadeInclination": 41,
  "ChainLengthConnectingRodHandle": 5,
  "ChainLenghtConnectingRodHandle": 0,
  "RequiredOpeningStroke": 800,
  "OpeningWidth": 1000,
  "OpeningAngle": 31.36070026967848,
  "SpecificExhaustDimension": 35,
  "BuildingDepth": 65,
  "SnowLoad": 0,
  "DistanceHinge": 0,
  "RatedCurrent": 0,
  "DrivePosition": 1,
  "LockingMechanism": 1,
  "Voltage": 1,
  "DriveType": 1,
  "TypeOfInstallation": 2,
  "GeometricArea": 0,
  "CalculationTypeForVentilation": 2,
  "HeightOfProfile": 200,
  "Reveal": 0,
  "RevealDepth": 1000,
  "HeightProfileRectangleAngle1": 0,
  "HeightProfileRectangleAngle2": 0,
  "RevealDepthRectangleAngle1": 0,
  "RevealDepthRectangleAngle2": 0,
  "RevealDepthRectangleAngle12": 0,
  "InstallationPosition": 0,
  "RecommendedDriveArticleNo": 0,
  "System": "",
  "AkippOrAtilt": 2.168,
  "AdrehOrAturn": 1.8204,
  "Ageo": 1.0198356046171009,
  "MinPullingForceMax": 43.57922627926514,
  "MinPushingForceMax": -190.77273792145812,
  "MinPullingForcePermanent": -253.11060800883638,
  "MinPushingForcePermanent": -253.11060800883638,
  "ForceWithNegativeWind": -315.44847809621467,
  "ForceWithNoWindMin": -66.72921442305929,
  "ForceWithNegativeWindMin": -177.0376551253837,
  "ForceWithWindMin": 43.57922627926514,
  "Id": "8b11d2e1-fe65-46bb-82a6-4442277b52f2",
  "CreatedOn": "0001-01-01T00:00:00",
  "CreatedBy": "579816e4-6653-4794-b435-a885f32e28d7",
  "ModifiedOn": "2024-11-12T10:19:39.989829+00:00",
  "ModifiedBy": "579816e4-6653-4794-b435-a885f32e28d7"
}

15:49:47.911 [main] INFO  com.intuit.karate - Rounded Opening Angle: 31 
15:49:47.912 [main] INFO  com.intuit.karate - Rounded Ageo: 1.02 
15:49:47.912 [main] INFO  com.intuit.karate - Rounded Required Opening Stroke: 800 
15:49:47.913 [main] INFO  com.intuit.karate - Rounded Vent Weight: 77 
15:49:47.920 [main] INFO  com.intuit.karate - karate.env system property was: null 
15:49:47.924 [main] INFO  com.intuit.karate - Running test for dataset:  Dataset12 
15:49:47.926 [main] DEBUG com.intuit.karate - request:
1 > PUT https://dev-drivetec-apis.schuecodigitalsolutions.com/Configurations
1 > Content-Type: application/json; charset=UTF-8
1 > Content-Length: 1265
1 > Host: dev-drivetec-apis.schuecodigitalsolutions.com
1 > Connection: Keep-Alive
1 > User-Agent: Apache-HttpClient/4.5.14 (Java/17.0.12)
1 > Accept-Encoding: gzip,deflate
{"Id":"8b11d2e1-fe65-46bb-82a6-4442277b52f2","Name":"asdefgh","Description":"","ProjectId":"d2659447-79dd-4004-bdd8-aebda2f103db","CustomTags":"","CreatedBy":"579816e4-6653-4794-b435-a885f32e28d7","ModifiedBy":"579816e4-6653-4794-b435-a885f32e28d7","System":"","FacadeInclination":32,"OpeningType":2,"OpeningDirection":2,"OpeningWidth":1000,"VentOuterWidth":1230,"VentOuterHeight":1480,"VentWeight":0,"CalculateWeightWithGlass":false,"RequiredOpeningStroke":701,"WindLoad":120,"SnowLoad":0,"IsWindowOpeningCalculationByAngle":1,"GlassThickness":14,"ProfileWeightPerSerialMeter":2.5,"DrivePosition":1,"InstallationPosition":0,"LockingMechanism":1,"Voltage":1,"DriveType":1,"TypeOfInstallation":2,"GeometricArea":0,"CalcVentilation":2,"SpecificExhaustDimension":35,"BuildingDepth":65,"CalculationTypeForVentilation":2,"HeightOfProfile":200,"HeightProfileRectangleAngle1":0,"HeightProfileRectangleAngle2":0,"RevealDepth":1000,"RevealDepthRectangleAngle1":0,"RevealDepthRectangleAngle2":0,"ChainLengthConnectingRodHandle":5,"ApplicationName":1,"OpeningAngle":10,"WeightIncGlassOrThickness":false,"AkippOrAtilt":0,"AdrehOrAturn":0,"Ageo":0,"MinPullingForceMax":0,"MinPushingForceMax":0,"MinPullingForcePermanent":0,"MinPushingForcePermanent":0,"ForceWithNegativeWind":0}

15:49:48.575 [main] DEBUG com.intuit.karate - response time in milliseconds: 649
1 < 200
1 < Content-Type: application/json; charset=utf-8
1 < Date: Tue, 12 Nov 2024 10:19:40 GMT
1 < Server: Microsoft-IIS/10.0
1 < X-Powered-By: ASP.NET
1 < Content-Length: 2073
1 < Connection: keep-alive
{
  "ProjectId": "d2659447-79dd-4004-bdd8-aebda2f103db",
  "Name": "asdefgh",
  "Description": "",
  "CustomTags": "",
  "ApplicationName": 1,
  "OpeningType": 2,
  "OpeningDirection": 2,
  "CalculateWeightWithGlass": false,
  "WindLoad": 120,
  "IsWindowOpeningCalculationByAngle": 1,
  "VentOuterWidth": 1230,
  "VentOuterHeight": 1480,
  "WeightIncGlassOrThickness": false,
  "VentWeight": 77,
  "VentWeightExact": 77.26400000000001,
  "GlassThickness": 14,
  "ProfileWeightPerSerialMeter": 2.5,
  "FacadeInclination": 32,
  "ChainLengthConnectingRodHandle": 5,
  "ChainLenghtConnectingRodHandle": 0,
  "RequiredOpeningStroke": 701,
  "OpeningWidth": 1000,
  "OpeningAngle": 27.398369766279032,
  "SpecificExhaustDimension": 35,
  "BuildingDepth": 65,
  "SnowLoad": 0,
  "DistanceHinge": 0,
  "RatedCurrent": 0,
  "DrivePosition": 1,
  "LockingMechanism": 1,
  "Voltage": 1,
  "DriveType": 1,
  "TypeOfInstallation": 2,
  "GeometricArea": 0,
  "CalculationTypeForVentilation": 2,
  "HeightOfProfile": 200,
  "Reveal": 0,
  "RevealDepth": 1000,
  "HeightProfileRectangleAngle1": 0,
  "HeightProfileRectangleAngle2": 0,
  "RevealDepthRectangleAngle1": 0,
  "RevealDepthRectangleAngle2": 0,
  "RevealDepthRectangleAngle12": 0,
  "InstallationPosition": 0,
  "RecommendedDriveArticleNo": 0,
  "System": "",
  "AkippOrAtilt": 1.89971,
  "AdrehOrAturn": 1.8204,
  "Ageo": 0.910940891275205,
  "MinPullingForceMax": 80.24477207911812,
  "MinPushingForceMax": -125.70639861981769,
  "MinPullingForcePermanent": -204.3646387844679,
  "MinPushingForcePermanent": -204.3646387844679,
  "ForceWithNegativeWind": -283.0228789491181,
  "ForceWithNoWindMin": -31.473041911005968,
  "ForceWithNegativeWindMin": -143.19085590113005,
  "ForceWithWindMin": 80.24477207911812,
  "Id": "8b11d2e1-fe65-46bb-82a6-4442277b52f2",
  "CreatedOn": "0001-01-01T00:00:00",
  "CreatedBy": "579816e4-6653-4794-b435-a885f32e28d7",
  "ModifiedOn": "2024-11-12T10:19:40.6612974+00:00",
  "ModifiedBy": "579816e4-6653-4794-b435-a885f32e28d7"
}

15:49:48.578 [main] INFO  com.intuit.karate - Rounded Opening Angle: 27 
15:49:48.578 [main] INFO  com.intuit.karate - Rounded Ageo: 0.91 
15:49:48.579 [main] INFO  com.intuit.karate - Rounded Required Opening Stroke: 701 
15:49:48.579 [main] INFO  com.intuit.karate - Rounded Vent Weight: 77 
15:49:48.589 [main] INFO  com.intuit.karate - karate.env system property was: null 
15:49:48.592 [main] INFO  com.intuit.karate - Running test for dataset:  Dataset13 
15:49:48.595 [main] DEBUG com.intuit.karate - request:
1 > PUT https://dev-drivetec-apis.schuecodigitalsolutions.com/Configurations
1 > Content-Type: application/json; charset=UTF-8
1 > Content-Length: 1265
1 > Host: dev-drivetec-apis.schuecodigitalsolutions.com
1 > Connection: Keep-Alive
1 > User-Agent: Apache-HttpClient/4.5.14 (Java/17.0.12)
1 > Accept-Encoding: gzip,deflate
{"Id":"8b11d2e1-fe65-46bb-82a6-4442277b52f2","Name":"asdefgh","Description":"","ProjectId":"d2659447-79dd-4004-bdd8-aebda2f103db","CustomTags":"","CreatedBy":"579816e4-6653-4794-b435-a885f32e28d7","ModifiedBy":"579816e4-6653-4794-b435-a885f32e28d7","System":"","FacadeInclination":33,"OpeningType":2,"OpeningDirection":2,"OpeningWidth":1000,"VentOuterWidth":1230,"VentOuterHeight":1480,"VentWeight":0,"CalculateWeightWithGlass":false,"RequiredOpeningStroke":701,"WindLoad":120,"SnowLoad":0,"IsWindowOpeningCalculationByAngle":1,"GlassThickness":14,"ProfileWeightPerSerialMeter":2.5,"DrivePosition":1,"InstallationPosition":0,"LockingMechanism":1,"Voltage":1,"DriveType":1,"TypeOfInstallation":2,"GeometricArea":0,"CalcVentilation":2,"SpecificExhaustDimension":35,"BuildingDepth":65,"CalculationTypeForVentilation":2,"HeightOfProfile":200,"HeightProfileRectangleAngle1":0,"HeightProfileRectangleAngle2":0,"RevealDepth":1000,"RevealDepthRectangleAngle1":0,"RevealDepthRectangleAngle2":0,"ChainLengthConnectingRodHandle":5,"ApplicationName":1,"OpeningAngle":10,"WeightIncGlassOrThickness":false,"AkippOrAtilt":0,"AdrehOrAturn":0,"Ageo":0,"MinPullingForceMax":0,"MinPushingForceMax":0,"MinPullingForcePermanent":0,"MinPushingForcePermanent":0,"ForceWithNegativeWind":0}

15:49:49.244 [main] DEBUG com.intuit.karate - response time in milliseconds: 648
1 < 200
1 < Content-Type: application/json; charset=utf-8
1 < Date: Tue, 12 Nov 2024 10:19:41 GMT
1 < Server: Microsoft-IIS/10.0
1 < X-Powered-By: ASP.NET
1 < Content-Length: 2073
1 < Connection: keep-alive
{
  "ProjectId": "d2659447-79dd-4004-bdd8-aebda2f103db",
  "Name": "asdefgh",
  "Description": "",
  "CustomTags": "",
  "ApplicationName": 1,
  "OpeningType": 2,
  "OpeningDirection": 2,
  "CalculateWeightWithGlass": false,
  "WindLoad": 120,
  "IsWindowOpeningCalculationByAngle": 1,
  "VentOuterWidth": 1230,
  "VentOuterHeight": 1480,
  "WeightIncGlassOrThickness": false,
  "VentWeight": 77,
  "VentWeightExact": 77.26400000000001,
  "GlassThickness": 14,
  "ProfileWeightPerSerialMeter": 2.5,
  "FacadeInclination": 33,
  "ChainLengthConnectingRodHandle": 5,
  "ChainLenghtConnectingRodHandle": 0,
  "RequiredOpeningStroke": 701,
  "OpeningWidth": 1000,
  "OpeningAngle": 27.398369766279032,
  "SpecificExhaustDimension": 35,
  "BuildingDepth": 65,
  "SnowLoad": 0,
  "DistanceHinge": 0,
  "RatedCurrent": 0,
  "DrivePosition": 1,
  "LockingMechanism": 1,
  "Voltage": 1,
  "DriveType": 1,
  "TypeOfInstallation": 2,
  "GeometricArea": 0,
  "CalculationTypeForVentilation": 2,
  "HeightOfProfile": 200,
  "Reveal": 0,
  "RevealDepth": 1000,
  "HeightProfileRectangleAngle1": 0,
  "HeightProfileRectangleAngle2": 0,
  "RevealDepthRectangleAngle1": 0,
  "RevealDepthRectangleAngle2": 0,
  "RevealDepthRectangleAngle12": 0,
  "InstallationPosition": 0,
  "RecommendedDriveArticleNo": 0,
  "System": "",
  "AkippOrAtilt": 1.89971,
  "AdrehOrAturn": 1.8204,
  "Ageo": 0.910940891275205,
  "MinPullingForceMax": 72.99201508777318,
  "MinPushingForceMax": -133.1189772438988,
  "MinPullingForcePermanent": -210.05221917619158,
  "MinPushingForcePermanent": -210.05221917619158,
  "ForceWithNegativeWind": -286.9854611084844,
  "ForceWithNoWindMin": -38.382603123850195,
  "ForceWithNegativeWindMin": -149.7572213354736,
  "ForceWithWindMin": 72.99201508777318,
  "Id": "8b11d2e1-fe65-46bb-82a6-4442277b52f2",
  "CreatedOn": "0001-01-01T00:00:00",
  "CreatedBy": "579816e4-6653-4794-b435-a885f32e28d7",
  "ModifiedOn": "2024-11-12T10:19:41.3326843+00:00",
  "ModifiedBy": "579816e4-6653-4794-b435-a885f32e28d7"
}

15:49:49.246 [main] INFO  com.intuit.karate - Rounded Opening Angle: 27 
15:49:49.246 [main] INFO  com.intuit.karate - Rounded Ageo: 0.91 
15:49:49.246 [main] INFO  com.intuit.karate - Rounded Required Opening Stroke: 701 
15:49:49.246 [main] INFO  com.intuit.karate - Rounded Vent Weight: 77 
15:49:49.253 [main] INFO  com.intuit.karate - karate.env system property was: null 
15:49:49.256 [main] INFO  com.intuit.karate - Running test for dataset:  Dataset14 
15:49:49.259 [main] DEBUG com.intuit.karate - request:
1 > PUT https://dev-drivetec-apis.schuecodigitalsolutions.com/Configurations
1 > Content-Type: application/json; charset=UTF-8
1 > Content-Length: 1265
1 > Host: dev-drivetec-apis.schuecodigitalsolutions.com
1 > Connection: Keep-Alive
1 > User-Agent: Apache-HttpClient/4.5.14 (Java/17.0.12)
1 > Accept-Encoding: gzip,deflate
{"Id":"8b11d2e1-fe65-46bb-82a6-4442277b52f2","Name":"asdefgh","Description":"","ProjectId":"d2659447-79dd-4004-bdd8-aebda2f103db","CustomTags":"","CreatedBy":"579816e4-6653-4794-b435-a885f32e28d7","ModifiedBy":"579816e4-6653-4794-b435-a885f32e28d7","System":"","FacadeInclination":24,"OpeningType":2,"OpeningDirection":2,"OpeningWidth":1000,"VentOuterWidth":1230,"VentOuterHeight":1480,"VentWeight":0,"CalculateWeightWithGlass":false,"RequiredOpeningStroke":501,"WindLoad":120,"SnowLoad":0,"IsWindowOpeningCalculationByAngle":1,"GlassThickness":14,"ProfileWeightPerSerialMeter":2.5,"DrivePosition":1,"InstallationPosition":0,"LockingMechanism":1,"Voltage":1,"DriveType":1,"TypeOfInstallation":2,"GeometricArea":0,"CalcVentilation":2,"SpecificExhaustDimension":35,"BuildingDepth":65,"CalculationTypeForVentilation":2,"HeightOfProfile":200,"HeightProfileRectangleAngle1":0,"HeightProfileRectangleAngle2":0,"RevealDepth":1000,"RevealDepthRectangleAngle1":0,"RevealDepthRectangleAngle2":0,"ChainLengthConnectingRodHandle":5,"ApplicationName":1,"OpeningAngle":10,"WeightIncGlassOrThickness":false,"AkippOrAtilt":0,"AdrehOrAturn":0,"Ageo":0,"MinPullingForceMax":0,"MinPushingForceMax":0,"MinPullingForcePermanent":0,"MinPushingForcePermanent":0,"ForceWithNegativeWind":0}

15:49:49.915 [main] DEBUG com.intuit.karate - response time in milliseconds: 655
1 < 200
1 < Content-Type: application/json; charset=utf-8
1 < Date: Tue, 12 Nov 2024 10:19:41 GMT
1 < Server: Microsoft-IIS/10.0
1 < X-Powered-By: ASP.NET
1 < Content-Length: 2070
1 < Connection: keep-alive
{
  "ProjectId": "d2659447-79dd-4004-bdd8-aebda2f103db",
  "Name": "asdefgh",
  "Description": "",
  "CustomTags": "",
  "ApplicationName": 1,
  "OpeningType": 2,
  "OpeningDirection": 2,
  "CalculateWeightWithGlass": false,
  "WindLoad": 120,
  "IsWindowOpeningCalculationByAngle": 1,
  "VentOuterWidth": 1230,
  "VentOuterHeight": 1480,
  "WeightIncGlassOrThickness": false,
  "VentWeight": 77,
  "VentWeightExact": 77.26400000000001,
  "GlassThickness": 14,
  "ProfileWeightPerSerialMeter": 2.5,
  "FacadeInclination": 24,
  "ChainLengthConnectingRodHandle": 5,
  "ChainLenghtConnectingRodHandle": 0,
  "RequiredOpeningStroke": 501,
  "OpeningWidth": 1000,
  "OpeningAngle": 19.48921629278459,
  "SpecificExhaustDimension": 35,
  "BuildingDepth": 65,
  "SnowLoad": 0,
  "DistanceHinge": 0,
  "RatedCurrent": 0,
  "DrivePosition": 1,
  "LockingMechanism": 1,
  "Voltage": 1,
  "DriveType": 1,
  "TypeOfInstallation": 2,
  "GeometricArea": 0,
  "CalculationTypeForVentilation": 2,
  "HeightOfProfile": 200,
  "Reveal": 0,
  "RevealDepth": 1000,
  "HeightProfileRectangleAngle1": 0,
  "HeightProfileRectangleAngle2": 0,
  "RevealDepthRectangleAngle1": 0,
  "RevealDepthRectangleAngle2": 0,
  "RevealDepthRectangleAngle12": 0,
  "InstallationPosition": 0,
  "RecommendedDriveArticleNo": 0,
  "System": "",
  "AkippOrAtilt": 1.35771,
  "AdrehOrAturn": 1.8204,
  "Ageo": 0.6749039376946829,
  "MinPullingForceMax": -65.53807552137839,
  "MinPushingForceMax": 79.72148309148307,
  "MinPullingForcePermanent": -156.774435629635,
  "MinPushingForcePermanent": -156.774435629635,
  "ForceWithNegativeWind": -248.0107957378916,
  "ForceWithNoWindMin": -30.433414612682817,
  "ForceWithNegativeWindMin": -140.5883123168487,
  "ForceWithWindMin": -65.53807552137839,
  "Id": "8b11d2e1-fe65-46bb-82a6-4442277b52f2",
  "CreatedOn": "0001-01-01T00:00:00",
  "CreatedBy": "579816e4-6653-4794-b435-a885f32e28d7",
  "ModifiedOn": "2024-11-12T10:19:41.9906642+00:00",
  "ModifiedBy": "579816e4-6653-4794-b435-a885f32e28d7"
}

15:49:49.917 [main] INFO  com.intuit.karate - Rounded Opening Angle: 19 
15:49:49.918 [main] INFO  com.intuit.karate - Rounded Ageo: 0.67 
15:49:49.918 [main] INFO  com.intuit.karate - Rounded Required Opening Stroke: 501 
15:49:49.918 [main] INFO  com.intuit.karate - Rounded Vent Weight: 77 
15:49:49.925 [main] INFO  com.intuit.karate - karate.env system property was: null 
15:49:49.928 [main] INFO  com.intuit.karate - Running test for dataset:  Dataset15 
15:49:49.931 [main] DEBUG com.intuit.karate - request:
1 > PUT https://dev-drivetec-apis.schuecodigitalsolutions.com/Configurations
1 > Content-Type: application/json; charset=UTF-8
1 > Content-Length: 1265
1 > Host: dev-drivetec-apis.schuecodigitalsolutions.com
1 > Connection: Keep-Alive
1 > User-Agent: Apache-HttpClient/4.5.14 (Java/17.0.12)
1 > Accept-Encoding: gzip,deflate
{"Id":"8b11d2e1-fe65-46bb-82a6-4442277b52f2","Name":"asdefgh","Description":"","ProjectId":"d2659447-79dd-4004-bdd8-aebda2f103db","CustomTags":"","CreatedBy":"579816e4-6653-4794-b435-a885f32e28d7","ModifiedBy":"579816e4-6653-4794-b435-a885f32e28d7","System":"","FacadeInclination":25,"OpeningType":2,"OpeningDirection":2,"OpeningWidth":1000,"VentOuterWidth":1230,"VentOuterHeight":1480,"VentWeight":0,"CalculateWeightWithGlass":false,"RequiredOpeningStroke":501,"WindLoad":120,"SnowLoad":0,"IsWindowOpeningCalculationByAngle":1,"GlassThickness":14,"ProfileWeightPerSerialMeter":2.5,"DrivePosition":1,"InstallationPosition":0,"LockingMechanism":1,"Voltage":1,"DriveType":1,"TypeOfInstallation":2,"GeometricArea":0,"CalcVentilation":2,"SpecificExhaustDimension":35,"BuildingDepth":65,"CalculationTypeForVentilation":2,"HeightOfProfile":200,"HeightProfileRectangleAngle1":0,"HeightProfileRectangleAngle2":0,"RevealDepth":1000,"RevealDepthRectangleAngle1":0,"RevealDepthRectangleAngle2":0,"ChainLengthConnectingRodHandle":5,"ApplicationName":1,"OpeningAngle":10,"WeightIncGlassOrThickness":false,"AkippOrAtilt":0,"AdrehOrAturn":0,"Ageo":0,"MinPullingForceMax":0,"MinPushingForceMax":0,"MinPullingForcePermanent":0,"MinPushingForcePermanent":0,"ForceWithNegativeWind":0}

15:49:50.527 [main] DEBUG com.intuit.karate - response time in milliseconds: 595
1 < 200
1 < Content-Type: application/json; charset=utf-8
1 < Date: Tue, 12 Nov 2024 10:19:42 GMT
1 < Server: Microsoft-IIS/10.0
1 < X-Powered-By: ASP.NET
1 < Content-Length: 2069
1 < Connection: keep-alive
{
  "ProjectId": "d2659447-79dd-4004-bdd8-aebda2f103db",
  "Name": "asdefgh",
  "Description": "",
  "CustomTags": "",
  "ApplicationName": 1,
  "OpeningType": 2,
  "OpeningDirection": 2,
  "CalculateWeightWithGlass": false,
  "WindLoad": 120,
  "IsWindowOpeningCalculationByAngle": 1,
  "VentOuterWidth": 1230,
  "VentOuterHeight": 1480,
  "WeightIncGlassOrThickness": false,
  "VentWeight": 77,
  "VentWeightExact": 77.26400000000001,
  "GlassThickness": 14,
  "ProfileWeightPerSerialMeter": 2.5,
  "FacadeInclination": 25,
  "ChainLengthConnectingRodHandle": 5,
  "ChainLenghtConnectingRodHandle": 0,
  "RequiredOpeningStroke": 501,
  "OpeningWidth": 1000,
  "OpeningAngle": 19.48921629278459,
  "SpecificExhaustDimension": 35,
  "BuildingDepth": 65,
  "SnowLoad": 0,
  "DistanceHinge": 0,
  "RatedCurrent": 0,
  "DrivePosition": 1,
  "LockingMechanism": 1,
  "Voltage": 1,
  "DriveType": 1,
  "TypeOfInstallation": 2,
  "GeometricArea": 0,
  "CalculationTypeForVentilation": 2,
  "HeightOfProfile": 200,
  "Reveal": 0,
  "RevealDepth": 1000,
  "HeightProfileRectangleAngle1": 0,
  "HeightProfileRectangleAngle2": 0,
  "RevealDepthRectangleAngle1": 0,
  "RevealDepthRectangleAngle2": 0,
  "RevealDepthRectangleAngle12": 0,
  "InstallationPosition": 0,
  "RecommendedDriveArticleNo": 0,
  "System": "",
  "AkippOrAtilt": 1.35771,
  "AdrehOrAturn": 1.8204,
  "Ageo": 0.6749039376946829,
  "MinPullingForceMax": 72.5767603948726,
  "MinPushingForceMax": -73.1085591046228,
  "MinPullingForcePermanent": -162.9095403661677,
  "MinPushingForcePermanent": -162.9095403661677,
  "ForceWithNegativeWind": -252.7105216277126,
  "ForceWithNoWindMin": -37.245591169420564,
  "ForceWithNegativeWindMin": -147.06794273371372,
  "ForceWithWindMin": 72.5767603948726,
  "Id": "8b11d2e1-fe65-46bb-82a6-4442277b52f2",
  "CreatedOn": "0001-01-01T00:00:00",
  "CreatedBy": "579816e4-6653-4794-b435-a885f32e28d7",
  "ModifiedOn": "2024-11-12T10:19:42.6388027+00:00",
  "ModifiedBy": "579816e4-6653-4794-b435-a885f32e28d7"
}

15:49:50.528 [main] INFO  com.intuit.karate - Rounded Opening Angle: 19 
15:49:50.529 [main] INFO  com.intuit.karate - Rounded Ageo: 0.67 
15:49:50.529 [main] INFO  com.intuit.karate - Rounded Required Opening Stroke: 501 
15:49:50.529 [main] INFO  com.intuit.karate - Rounded Vent Weight: 77 
15:49:50.538 [main] INFO  com.intuit.karate - karate.env system property was: null 
15:49:50.542 [main] INFO  com.intuit.karate - Running test for dataset:  Dataset16 
15:49:50.549 [main] DEBUG com.intuit.karate - request:
1 > PUT https://dev-drivetec-apis.schuecodigitalsolutions.com/Configurations
1 > Content-Type: application/json; charset=UTF-8
1 > Content-Length: 1265
1 > Host: dev-drivetec-apis.schuecodigitalsolutions.com
1 > Connection: Keep-Alive
1 > User-Agent: Apache-HttpClient/4.5.14 (Java/17.0.12)
1 > Accept-Encoding: gzip,deflate
{"Id":"8b11d2e1-fe65-46bb-82a6-4442277b52f2","Name":"asdefgh","Description":"","ProjectId":"d2659447-79dd-4004-bdd8-aebda2f103db","CustomTags":"","CreatedBy":"579816e4-6653-4794-b435-a885f32e28d7","ModifiedBy":"579816e4-6653-4794-b435-a885f32e28d7","System":"","FacadeInclination":13,"OpeningType":2,"OpeningDirection":2,"OpeningWidth":1000,"VentOuterWidth":1230,"VentOuterHeight":1480,"VentWeight":0,"CalculateWeightWithGlass":false,"RequiredOpeningStroke":501,"WindLoad":120,"SnowLoad":0,"IsWindowOpeningCalculationByAngle":1,"GlassThickness":14,"ProfileWeightPerSerialMeter":2.5,"DrivePosition":1,"InstallationPosition":0,"LockingMechanism":1,"Voltage":1,"DriveType":1,"TypeOfInstallation":2,"GeometricArea":0,"CalcVentilation":2,"SpecificExhaustDimension":35,"BuildingDepth":65,"CalculationTypeForVentilation":2,"HeightOfProfile":200,"HeightProfileRectangleAngle1":0,"HeightProfileRectangleAngle2":0,"RevealDepth":1000,"RevealDepthRectangleAngle1":0,"RevealDepthRectangleAngle2":0,"ChainLengthConnectingRodHandle":5,"ApplicationName":1,"OpeningAngle":10,"WeightIncGlassOrThickness":false,"AkippOrAtilt":0,"AdrehOrAturn":0,"Ageo":0,"MinPullingForceMax":0,"MinPushingForceMax":0,"MinPullingForcePermanent":0,"MinPushingForcePermanent":0,"ForceWithNegativeWind":0}

15:49:51.202 [main] DEBUG com.intuit.karate - response time in milliseconds: 651
1 < 200
1 < Content-Type: application/json; charset=utf-8
1 < Date: Tue, 12 Nov 2024 10:19:42 GMT
1 < Server: Microsoft-IIS/10.0
1 < X-Powered-By: ASP.NET
1 < Content-Length: 2072
1 < Connection: keep-alive
{
  "ProjectId": "d2659447-79dd-4004-bdd8-aebda2f103db",
  "Name": "asdefgh",
  "Description": "",
  "CustomTags": "",
  "ApplicationName": 1,
  "OpeningType": 2,
  "OpeningDirection": 2,
  "CalculateWeightWithGlass": false,
  "WindLoad": 120,
  "IsWindowOpeningCalculationByAngle": 1,
  "VentOuterWidth": 1230,
  "VentOuterHeight": 1480,
  "WeightIncGlassOrThickness": false,
  "VentWeight": 77,
  "VentWeightExact": 77.26400000000001,
  "GlassThickness": 14,
  "ProfileWeightPerSerialMeter": 2.5,
  "FacadeInclination": 13,
  "ChainLengthConnectingRodHandle": 5,
  "ChainLenghtConnectingRodHandle": 0,
  "RequiredOpeningStroke": 501,
  "OpeningWidth": 1000,
  "OpeningAngle": 19.48921629278459,
  "SpecificExhaustDimension": 35,
  "BuildingDepth": 65,
  "SnowLoad": 0,
  "DistanceHinge": 0,
  "RatedCurrent": 0,
  "DrivePosition": 1,
  "LockingMechanism": 1,
  "Voltage": 1,
  "DriveType": 1,
  "TypeOfInstallation": 2,
  "GeometricArea": 0,
  "CalculationTypeForVentilation": 2,
  "HeightOfProfile": 200,
  "Reveal": 0,
  "RevealDepth": 1000,
  "HeightProfileRectangleAngle1": 0,
  "HeightProfileRectangleAngle2": 0,
  "RevealDepthRectangleAngle1": 0,
  "RevealDepthRectangleAngle2": 0,
  "RevealDepthRectangleAngle12": 0,
  "InstallationPosition": 0,
  "RecommendedDriveArticleNo": 0,
  "System": "",
  "AkippOrAtilt": 1.35771,
  "AdrehOrAturn": 1.8204,
  "Ageo": 0.6749039376946829,
  "MinPullingForceMax": 17.180489538673655,
  "MinPushingForceMax": 154.03917523147481,
  "MinPullingForcePermanent": -86.56000547305538,
  "MinPushingForcePermanent": -86.56000547305538,
  "ForceWithNegativeWind": -190.30050048478444,
  "ForceWithNoWindMin": 44.65449743451489,
  "ForceWithNegativeWindMin": -64.73018036244505,
  "ForceWithWindMin": 17.180489538673655,
  "Id": "8b11d2e1-fe65-46bb-82a6-4442277b52f2",
  "CreatedOn": "0001-01-01T00:00:00",
  "CreatedBy": "579816e4-6653-4794-b435-a885f32e28d7",
  "ModifiedOn": "2024-11-12T10:19:43.2975697+00:00",
  "ModifiedBy": "579816e4-6653-4794-b435-a885f32e28d7"
}

15:49:51.204 [main] INFO  com.intuit.karate - Rounded Opening Angle: 19 
15:49:51.205 [main] INFO  com.intuit.karate - Rounded Ageo: 0.67 
15:49:51.205 [main] INFO  com.intuit.karate - Rounded Required Opening Stroke: 501 
15:49:51.205 [main] INFO  com.intuit.karate - Rounded Vent Weight: 77 
15:49:51.210 [main] INFO  com.intuit.karate - karate.env system property was: null 
15:49:51.215 [main] INFO  com.intuit.karate - Running test for dataset:  Dataset17 
15:49:51.218 [main] DEBUG com.intuit.karate - request:
1 > PUT https://dev-drivetec-apis.schuecodigitalsolutions.com/Configurations
1 > Content-Type: application/json; charset=UTF-8
1 > Content-Length: 1265
1 > Host: dev-drivetec-apis.schuecodigitalsolutions.com
1 > Connection: Keep-Alive
1 > User-Agent: Apache-HttpClient/4.5.14 (Java/17.0.12)
1 > Accept-Encoding: gzip,deflate
{"Id":"8b11d2e1-fe65-46bb-82a6-4442277b52f2","Name":"asdefgh","Description":"","ProjectId":"d2659447-79dd-4004-bdd8-aebda2f103db","CustomTags":"","CreatedBy":"579816e4-6653-4794-b435-a885f32e28d7","ModifiedBy":"579816e4-6653-4794-b435-a885f32e28d7","System":"","FacadeInclination":14,"OpeningType":2,"OpeningDirection":2,"OpeningWidth":1000,"VentOuterWidth":1230,"VentOuterHeight":1480,"VentWeight":0,"CalculateWeightWithGlass":false,"RequiredOpeningStroke":501,"WindLoad":120,"SnowLoad":0,"IsWindowOpeningCalculationByAngle":1,"GlassThickness":14,"ProfileWeightPerSerialMeter":2.5,"DrivePosition":1,"InstallationPosition":0,"LockingMechanism":1,"Voltage":1,"DriveType":1,"TypeOfInstallation":2,"GeometricArea":0,"CalcVentilation":2,"SpecificExhaustDimension":35,"BuildingDepth":65,"CalculationTypeForVentilation":2,"HeightOfProfile":200,"HeightProfileRectangleAngle1":0,"HeightProfileRectangleAngle2":0,"RevealDepth":1000,"RevealDepthRectangleAngle1":0,"RevealDepthRectangleAngle2":0,"ChainLengthConnectingRodHandle":5,"ApplicationName":1,"OpeningAngle":10,"WeightIncGlassOrThickness":false,"AkippOrAtilt":0,"AdrehOrAturn":0,"Ageo":0,"MinPullingForceMax":0,"MinPushingForceMax":0,"MinPullingForcePermanent":0,"MinPushingForcePermanent":0,"ForceWithNegativeWind":0}

15:49:51.866 [main] DEBUG com.intuit.karate - response time in milliseconds: 646
1 < 200
1 < Content-Type: application/json; charset=utf-8
1 < Date: Tue, 12 Nov 2024 10:19:43 GMT
1 < Server: Microsoft-IIS/10.0
1 < X-Powered-By: ASP.NET
1 < Content-Length: 2067
1 < Connection: keep-alive
{
  "ProjectId": "d2659447-79dd-4004-bdd8-aebda2f103db",
  "Name": "asdefgh",
  "Description": "",
  "CustomTags": "",
  "ApplicationName": 1,
  "OpeningType": 2,
  "OpeningDirection": 2,
  "CalculateWeightWithGlass": false,
  "WindLoad": 120,
  "IsWindowOpeningCalculationByAngle": 1,
  "VentOuterWidth": 1230,
  "VentOuterHeight": 1480,
  "WeightIncGlassOrThickness": false,
  "VentWeight": 77,
  "VentWeightExact": 77.26400000000001,
  "GlassThickness": 14,
  "ProfileWeightPerSerialMeter": 2.5,
  "FacadeInclination": 14,
  "ChainLengthConnectingRodHandle": 5,
  "ChainLenghtConnectingRodHandle": 0,
  "RequiredOpeningStroke": 501,
  "OpeningWidth": 1000,
  "OpeningAngle": 19.48921629278459,
  "SpecificExhaustDimension": 35,
  "BuildingDepth": 65,
  "SnowLoad": 0,
  "DistanceHinge": 0,
  "RatedCurrent": 0,
  "DrivePosition": 1,
  "LockingMechanism": 1,
  "Voltage": 1,
  "DriveType": 1,
  "TypeOfInstallation": 2,
  "GeometricArea": 0,
  "CalculationTypeForVentilation": 2,
  "HeightOfProfile": 200,
  "Reveal": 0,
  "RevealDepth": 1000,
  "HeightProfileRectangleAngle1": 0,
  "HeightProfileRectangleAngle2": 0,
  "RevealDepthRectangleAngle1": 0,
  "RevealDepthRectangleAngle2": 0,
  "RevealDepthRectangleAngle12": 0,
  "InstallationPosition": 0,
  "RecommendedDriveArticleNo": 0,
  "System": "",
  "AkippOrAtilt": 1.35771,
  "AdrehOrAturn": 1.8204,
  "Ageo": 0.6749039376946829,
  "MinPullingForceMax": 9.764342657222258,
  "MinPushingForceMax": 147.64412280547947,
  "MinPullingForcePermanent": -93.11429520081451,
  "MinPushingForcePermanent": -93.11429520081451,
  "ForceWithNegativeWind": -195.9929330588513,
  "ForceWithNoWindMin": 37.854770101979,
  "ForceWithNegativeWindMin": -71.93458260152148,
  "ForceWithWindMin": 9.764342657222258,
  "Id": "8b11d2e1-fe65-46bb-82a6-4442277b52f2",
  "CreatedOn": "0001-01-01T00:00:00",
  "CreatedBy": "579816e4-6653-4794-b435-a885f32e28d7",
  "ModifiedOn": "2024-11-12T10:19:43.9587086+00:00",
  "ModifiedBy": "579816e4-6653-4794-b435-a885f32e28d7"
}

15:49:51.869 [main] INFO  com.intuit.karate - Rounded Opening Angle: 19 
15:49:51.869 [main] INFO  com.intuit.karate - Rounded Ageo: 0.67 
15:49:51.870 [main] INFO  com.intuit.karate - Rounded Required Opening Stroke: 501 
15:49:51.871 [main] INFO  com.intuit.karate - Rounded Vent Weight: 77 
15:49:51.880 [main] INFO  com.intuit.karate - karate.env system property was: null 
15:49:51.883 [main] INFO  com.intuit.karate - Running test for dataset:  Dataset18 
15:49:51.885 [main] DEBUG com.intuit.karate - request:
1 > PUT https://dev-drivetec-apis.schuecodigitalsolutions.com/Configurations
1 > Content-Type: application/json; charset=UTF-8
1 > Content-Length: 1267
1 > Host: dev-drivetec-apis.schuecodigitalsolutions.com
1 > Connection: Keep-Alive
1 > User-Agent: Apache-HttpClient/4.5.14 (Java/17.0.12)
1 > Accept-Encoding: gzip,deflate
{"Id":"8b11d2e1-fe65-46bb-82a6-4442277b52f2","Name":"asdefgh","Description":"","ProjectId":"d2659447-79dd-4004-bdd8-aebda2f103db","CustomTags":"","CreatedBy":"579816e4-6653-4794-b435-a885f32e28d7","ModifiedBy":"579816e4-6653-4794-b435-a885f32e28d7","System":"","FacadeInclination":10,"OpeningType":2,"OpeningDirection":2,"OpeningWidth":1000,"VentOuterWidth":1230,"VentOuterHeight":1480,"VentWeight":0,"CalculateWeightWithGlass":false,"RequiredOpeningStroke":400,"WindLoad":120,"SnowLoad":0,"IsWindowOpeningCalculationByAngle":1,"GlassThickness":14,"ProfileWeightPerSerialMeter":2.5,"DrivePosition":1,"InstallationPosition":0,"LockingMechanism":1,"Voltage":1,"DriveType":1,"TypeOfInstallation":2,"GeometricArea":0,"CalcVentilation":2,"SpecificExhaustDimension":30,"BuildingDepth":60,"CalculationTypeForVentilation":2,"HeightOfProfile":0,"HeightProfileRectangleAngle1":75,"HeightProfileRectangleAngle2":200,"RevealDepth":0,"RevealDepthRectangleAngle1":50,"RevealDepthRectangleAngle2":1000,"ChainLengthConnectingRodHandle":5,"ApplicationName":1,"OpeningAngle":10,"WeightIncGlassOrThickness":false,"AkippOrAtilt":0,"AdrehOrAturn":0,"Ageo":0,"MinPullingForceMax":0,"MinPushingForceMax":0,"MinPullingForcePermanent":0,"MinPushingForcePermanent":0,"ForceWithNegativeWind":0}

15:49:52.533 [main] DEBUG com.intuit.karate - response time in milliseconds: 647
1 < 200
1 < Content-Type: application/json; charset=utf-8
1 < Date: Tue, 12 Nov 2024 10:19:43 GMT
1 < Server: Microsoft-IIS/10.0
1 < X-Powered-By: ASP.NET
1 < Content-Length: 2071
1 < Connection: keep-alive
{
  "ProjectId": "d2659447-79dd-4004-bdd8-aebda2f103db",
  "Name": "asdefgh",
  "Description": "",
  "CustomTags": "",
  "ApplicationName": 1,
  "OpeningType": 2,
  "OpeningDirection": 2,
  "CalculateWeightWithGlass": false,
  "WindLoad": 120,
  "IsWindowOpeningCalculationByAngle": 1,
  "VentOuterWidth": 1230,
  "VentOuterHeight": 1480,
  "WeightIncGlassOrThickness": false,
  "VentWeight": 77,
  "VentWeightExact": 77.26400000000001,
  "GlassThickness": 14,
  "ProfileWeightPerSerialMeter": 2.5,
  "FacadeInclination": 10,
  "ChainLengthConnectingRodHandle": 5,
  "ChainLenghtConnectingRodHandle": 0,
  "RequiredOpeningStroke": 400,
  "OpeningWidth": 1000,
  "OpeningAngle": 15.532868337024489,
  "SpecificExhaustDimension": 30,
  "BuildingDepth": 60,
  "SnowLoad": 0,
  "DistanceHinge": 0,
  "RatedCurrent": 0,
  "DrivePosition": 1,
  "LockingMechanism": 1,
  "Voltage": 1,
  "DriveType": 1,
  "TypeOfInstallation": 2,
  "GeometricArea": 0,
  "CalculationTypeForVentilation": 2,
  "HeightOfProfile": 0,
  "Reveal": 0,
  "RevealDepth": 0,
  "HeightProfileRectangleAngle1": 75,
  "HeightProfileRectangleAngle2": 200,
  "RevealDepthRectangleAngle1": 50,
  "RevealDepthRectangleAngle2": 1000,
  "RevealDepthRectangleAngle12": 0,
  "InstallationPosition": 0,
  "RecommendedDriveArticleNo": 0,
  "System": "",
  "AkippOrAtilt": 1.084,
  "AdrehOrAturn": 1.8204,
  "Ageo": 0.6165637649944986,
  "MinPullingForceMax": 39.21635469755029,
  "MinPushingForceMax": 147.12750748388888,
  "MinPullingForcePermanent": -66.74711192456053,
  "MinPushingForcePermanent": -66.74711192456053,
  "ForceWithNegativeWind": -172.71057854667134,
  "ForceWithNoWindMin": 37.93591244281374,
  "ForceWithNegativeWindMin": -71.25568259826139,
  "ForceWithWindMin": 39.21635469755029,
  "Id": "8b11d2e1-fe65-46bb-82a6-4442277b52f2",
  "CreatedOn": "0001-01-01T00:00:00",
  "CreatedBy": "579816e4-6653-4794-b435-a885f32e28d7",
  "ModifiedOn": "2024-11-12T10:19:44.6273046+00:00",
  "ModifiedBy": "579816e4-6653-4794-b435-a885f32e28d7"
}

15:49:52.534 [main] INFO  com.intuit.karate - Rounded Opening Angle: 16 
15:49:52.535 [main] INFO  com.intuit.karate - Rounded Ageo: 0.62 
15:49:52.535 [main] INFO  com.intuit.karate - Rounded Required Opening Stroke: 400 
15:49:52.536 [main] INFO  com.intuit.karate - Rounded Vent Weight: 77 
15:49:52.547 [main] INFO  com.intuit.karate - karate.env system property was: null 
15:49:52.551 [main] INFO  com.intuit.karate - Running test for dataset:  Dataset19 
15:49:52.554 [main] DEBUG com.intuit.karate - request:
1 > PUT https://dev-drivetec-apis.schuecodigitalsolutions.com/Configurations
1 > Content-Type: application/json; charset=UTF-8
1 > Content-Length: 1265
1 > Host: dev-drivetec-apis.schuecodigitalsolutions.com
1 > Connection: Keep-Alive
1 > User-Agent: Apache-HttpClient/4.5.14 (Java/17.0.12)
1 > Accept-Encoding: gzip,deflate
{"Id":"8b11d2e1-fe65-46bb-82a6-4442277b52f2","Name":"asdefgh","Description":"","ProjectId":"d2659447-79dd-4004-bdd8-aebda2f103db","CustomTags":"","CreatedBy":"579816e4-6653-4794-b435-a885f32e28d7","ModifiedBy":"579816e4-6653-4794-b435-a885f32e28d7","System":"","FacadeInclination":14,"OpeningType":3,"OpeningDirection":2,"OpeningWidth":1000,"VentOuterWidth":1230,"VentOuterHeight":1480,"VentWeight":0,"CalculateWeightWithGlass":false,"RequiredOpeningStroke":800,"WindLoad":275,"SnowLoad":0,"IsWindowOpeningCalculationByAngle":1,"GlassThickness":14,"ProfileWeightPerSerialMeter":2.5,"DrivePosition":1,"InstallationPosition":0,"LockingMechanism":1,"Voltage":1,"DriveType":1,"TypeOfInstallation":2,"GeometricArea":0,"CalcVentilation":1,"SpecificExhaustDimension":35,"BuildingDepth":65,"CalculationTypeForVentilation":1,"HeightOfProfile":200,"HeightProfileRectangleAngle1":0,"HeightProfileRectangleAngle2":0,"RevealDepth":1000,"RevealDepthRectangleAngle1":0,"RevealDepthRectangleAngle2":0,"ChainLengthConnectingRodHandle":5,"ApplicationName":1,"OpeningAngle":10,"WeightIncGlassOrThickness":false,"AkippOrAtilt":0,"AdrehOrAturn":0,"Ageo":0,"MinPullingForceMax":0,"MinPushingForceMax":0,"MinPullingForcePermanent":0,"MinPushingForcePermanent":0,"ForceWithNegativeWind":0}

15:49:53.210 [main] DEBUG com.intuit.karate - response time in milliseconds: 655
1 < 200
1 < Content-Type: application/json; charset=utf-8
1 < Date: Tue, 12 Nov 2024 10:19:45 GMT
1 < Server: Microsoft-IIS/10.0
1 < X-Powered-By: ASP.NET
1 < Content-Length: 2008
1 < Connection: keep-alive
{
  "ProjectId": "d2659447-79dd-4004-bdd8-aebda2f103db",
  "Name": "asdefgh",
  "Description": "",
  "CustomTags": "",
  "ApplicationName": 1,
  "OpeningType": 3,
  "OpeningDirection": 2,
  "CalculateWeightWithGlass": false,
  "WindLoad": 275,
  "IsWindowOpeningCalculationByAngle": 1,
  "VentOuterWidth": 1230,
  "VentOuterHeight": 1480,
  "WeightIncGlassOrThickness": false,
  "VentWeight": 77,
  "VentWeightExact": 77.26400000000001,
  "GlassThickness": 14,
  "ProfileWeightPerSerialMeter": 2.5,
  "FacadeInclination": 14,
  "ChainLengthConnectingRodHandle": 5,
  "ChainLenghtConnectingRodHandle": 0,
  "RequiredOpeningStroke": 800,
  "OpeningWidth": 1000,
  "OpeningAngle": 37.955778805488166,
  "SpecificExhaustDimension": 35,
  "BuildingDepth": 65,
  "SnowLoad": 0,
  "DistanceHinge": 0,
  "RatedCurrent": 0,
  "DrivePosition": 1,
  "LockingMechanism": 1,
  "Voltage": 1,
  "DriveType": 1,
  "TypeOfInstallation": 2,
  "GeometricArea": 0,
  "CalculationTypeForVentilation": 1,
  "HeightOfProfile": 200,
  "Reveal": 0,
  "RevealDepth": 1000,
  "HeightProfileRectangleAngle1": 0,
  "HeightProfileRectangleAngle2": 0,
  "RevealDepthRectangleAngle1": 0,
  "RevealDepthRectangleAngle2": 0,
  "RevealDepthRectangleAngle12": 0,
  "InstallationPosition": 0,
  "RecommendedDriveArticleNo": 0,
  "System": "",
  "AkippOrAtilt": 2.168,
  "AdrehOrAturn": 1.8204,
  "Ageo": 1.8204,
  "MinPullingForceMax": 221.18697699968584,
  "MinPushingForceMax": 252.4689762220639,
  "MinPullingForcePermanent": 0,
  "MinPushingForcePermanent": 0,
  "ForceWithNegativeWind": -252.4689762220639,
  "ForceWithNoWindMin": 0,
  "ForceWithNegativeWindMin": -221.18697699968584,
  "ForceWithWindMin": 221.18697699968584,
  "Id": "8b11d2e1-fe65-46bb-82a6-4442277b52f2",
  "CreatedOn": "0001-01-01T00:00:00",
  "CreatedBy": "579816e4-6653-4794-b435-a885f32e28d7",
  "ModifiedOn": "2024-11-12T10:19:45.2993495+00:00",
  "ModifiedBy": "579816e4-6653-4794-b435-a885f32e28d7"
}

15:49:53.212 [main] INFO  com.intuit.karate - Rounded Opening Angle: 38 
15:49:53.214 [main] INFO  com.intuit.karate - Rounded Ageo: 1.82 
15:49:53.214 [main] INFO  com.intuit.karate - Rounded Required Opening Stroke: 800 
15:49:53.214 [main] INFO  com.intuit.karate - Rounded Vent Weight: 77 
15:49:53.224 [main] INFO  com.intuit.karate - karate.env system property was: null 
15:49:53.225 [main] INFO  com.intuit.karate - Running test for dataset:  Dataset20 
15:49:53.230 [main] DEBUG com.intuit.karate - request:
1 > PUT https://dev-drivetec-apis.schuecodigitalsolutions.com/Configurations
1 > Content-Type: application/json; charset=UTF-8
1 > Content-Length: 1265
1 > Host: dev-drivetec-apis.schuecodigitalsolutions.com
1 > Connection: Keep-Alive
1 > User-Agent: Apache-HttpClient/4.5.14 (Java/17.0.12)
1 > Accept-Encoding: gzip,deflate
{"Id":"8b11d2e1-fe65-46bb-82a6-4442277b52f2","Name":"asdefgh","Description":"","ProjectId":"d2659447-79dd-4004-bdd8-aebda2f103db","CustomTags":"","CreatedBy":"579816e4-6653-4794-b435-a885f32e28d7","ModifiedBy":"579816e4-6653-4794-b435-a885f32e28d7","System":"","FacadeInclination":14,"OpeningType":3,"OpeningDirection":2,"OpeningWidth":1000,"VentOuterWidth":1230,"VentOuterHeight":1480,"VentWeight":0,"CalculateWeightWithGlass":false,"RequiredOpeningStroke":400,"WindLoad":275,"SnowLoad":0,"IsWindowOpeningCalculationByAngle":1,"GlassThickness":14,"ProfileWeightPerSerialMeter":2.5,"DrivePosition":1,"InstallationPosition":0,"LockingMechanism":1,"Voltage":1,"DriveType":1,"TypeOfInstallation":2,"GeometricArea":0,"CalcVentilation":2,"SpecificExhaustDimension":30,"BuildingDepth":75,"CalculationTypeForVentilation":2,"HeightOfProfile":10,"HeightProfileRectangleAngle1":10,"HeightProfileRectangleAngle2":0,"RevealDepth":50,"RevealDepthRectangleAngle1":300,"RevealDepthRectangleAngle2":0,"ChainLengthConnectingRodHandle":5,"ApplicationName":1,"OpeningAngle":10,"WeightIncGlassOrThickness":false,"AkippOrAtilt":0,"AdrehOrAturn":0,"Ageo":0,"MinPullingForceMax":0,"MinPushingForceMax":0,"MinPullingForcePermanent":0,"MinPushingForcePermanent":0,"ForceWithNegativeWind":0}

15:49:53.874 [main] DEBUG com.intuit.karate - response time in milliseconds: 643
1 < 200
1 < Content-Type: application/json; charset=utf-8
1 < Date: Tue, 12 Nov 2024 10:19:45 GMT
1 < Server: Microsoft-IIS/10.0
1 < X-Powered-By: ASP.NET
1 < transfer-encoding: chunked
1 < Connection: keep-alive
{
  "ProjectId": "d2659447-79dd-4004-bdd8-aebda2f103db",
  "Name": "asdefgh",
  "Description": "",
  "CustomTags": "",
  "ApplicationName": 1,
  "OpeningType": 3,
  "OpeningDirection": 2,
  "CalculateWeightWithGlass": false,
  "WindLoad": 275,
  "IsWindowOpeningCalculationByAngle": 1,
  "VentOuterWidth": 1230,
  "VentOuterHeight": 1480,
  "WeightIncGlassOrThickness": false,
  "VentWeight": 77,
  "VentWeightExact": 77.26400000000001,
  "GlassThickness": 14,
  "ProfileWeightPerSerialMeter": 2.5,
  "FacadeInclination": 14,
  "ChainLengthConnectingRodHandle": 5,
  "ChainLenghtConnectingRodHandle": 0,
  "RequiredOpeningStroke": 400,
  "OpeningWidth": 1000,
  "OpeningAngle": 18.71587256936153,
  "SpecificExhaustDimension": 30,
  "BuildingDepth": 75,
  "SnowLoad": 0,
  "DistanceHinge": 0,
  "RatedCurrent": 0,
  "DrivePosition": 1,
  "LockingMechanism": 1,
  "Voltage": 1,
  "DriveType": 1,
  "TypeOfInstallation": 2,
  "GeometricArea": 0,
  "CalculationTypeForVentilation": 2,
  "HeightOfProfile": 10,
  "Reveal": 0,
  "RevealDepth": 50,
  "HeightProfileRectangleAngle1": 10,
  "HeightProfileRectangleAngle2": 0,
  "RevealDepthRectangleAngle1": 300,
  "RevealDepthRectangleAngle2": 0,
  "RevealDepthRectangleAngle12": 0,
  "InstallationPosition": 0,
  "RecommendedDriveArticleNo": 0,
  "System": "",
  "AkippOrAtilt": 1.084,
  "AdrehOrAturn": 1.8204,
  "Ageo": 0.4862868992152732,
  "MinPullingForceMax": 235.57647793675937,
  "MinPushingForceMax": 252.4689762220639,
  "MinPullingForcePermanent": 0,
  "MinPushingForcePermanent": 0,
  "ForceWithNegativeWind": -252.4689762220639,
  "ForceWithNoWindMin": 0,
  "ForceWithNegativeWindMin": -235.57647793675937,
  "ForceWithWindMin": 235.57647793675937,
  "Id": "8b11d2e1-fe65-46bb-82a6-4442277b52f2",
  "CreatedOn": "0001-01-01T00:00:00",
  "CreatedBy": "579816e4-6653-4794-b435-a885f32e28d7",
  "ModifiedOn": "2024-11-12T10:19:45.9696657+00:00",
  "ModifiedBy": "579816e4-6653-4794-b435-a885f32e28d7"
}

15:49:53.876 [main] INFO  com.intuit.karate - Rounded Opening Angle: 19 
15:49:53.877 [main] INFO  com.intuit.karate - Rounded Ageo: 0.49 
15:49:53.877 [main] INFO  com.intuit.karate - Rounded Required Opening Stroke: 400 
15:49:53.879 [main] INFO  com.intuit.karate - Rounded Vent Weight: 77 
15:49:53.893 [main] INFO  com.intuit.karate - karate.env system property was: null 
15:49:53.899 [main] INFO  com.intuit.karate - Running test for dataset:  Dataset21 
15:49:53.905 [main] DEBUG com.intuit.karate - request:
1 > PUT https://dev-drivetec-apis.schuecodigitalsolutions.com/Configurations
1 > Content-Type: application/json; charset=UTF-8
1 > Content-Length: 1267
1 > Host: dev-drivetec-apis.schuecodigitalsolutions.com
1 > Connection: Keep-Alive
1 > User-Agent: Apache-HttpClient/4.5.14 (Java/17.0.12)
1 > Accept-Encoding: gzip,deflate
{"Id":"8b11d2e1-fe65-46bb-82a6-4442277b52f2","Name":"asdefgh","Description":"","ProjectId":"d2659447-79dd-4004-bdd8-aebda2f103db","CustomTags":"","CreatedBy":"579816e4-6653-4794-b435-a885f32e28d7","ModifiedBy":"579816e4-6653-4794-b435-a885f32e28d7","System":"","FacadeInclination":7,"OpeningType":4,"OpeningDirection":1,"OpeningWidth":1000,"VentOuterWidth":800,"VentOuterHeight":1600,"VentWeight":0,"CalculateWeightWithGlass":false,"RequiredOpeningStroke":800,"WindLoad":120,"SnowLoad":1035,"IsWindowOpeningCalculationByAngle":1,"GlassThickness":13,"ProfileWeightPerSerialMeter":2.5,"DrivePosition":1,"InstallationPosition":0,"LockingMechanism":1,"Voltage":1,"DriveType":3,"TypeOfInstallation":2,"GeometricArea":0,"CalcVentilation":2,"SpecificExhaustDimension":50,"BuildingDepth":100,"CalculationTypeForVentilation":2,"HeightOfProfile":10,"HeightProfileRectangleAngle1":0,"HeightProfileRectangleAngle2":10,"RevealDepth":300,"RevealDepthRectangleAngle1":0,"RevealDepthRectangleAngle2":50,"ChainLengthConnectingRodHandle":1,"ApplicationName":2,"OpeningAngle":10,"WeightIncGlassOrThickness":false,"AkippOrAtilt":0,"AdrehOrAturn":0,"Ageo":0,"MinPullingForceMax":0,"MinPushingForceMax":0,"MinPullingForcePermanent":0,"MinPushingForcePermanent":0,"ForceWithNegativeWind":0}

15:49:54.552 [main] DEBUG com.intuit.karate - response time in milliseconds: 645
1 < 200
1 < Content-Type: application/json; charset=utf-8
1 < Date: Tue, 12 Nov 2024 10:19:46 GMT
1 < Server: Microsoft-IIS/10.0
1 < X-Powered-By: ASP.NET
1 < transfer-encoding: chunked
1 < Connection: keep-alive
{
  "ProjectId": "d2659447-79dd-4004-bdd8-aebda2f103db",
  "Name": "asdefgh",
  "Description": "",
  "CustomTags": "",
  "ApplicationName": 2,
  "OpeningType": 4,
  "OpeningDirection": 1,
  "CalculateWeightWithGlass": false,
  "WindLoad": 120,
  "IsWindowOpeningCalculationByAngle": 1,
  "VentOuterWidth": 800,
  "VentOuterHeight": 1600,
  "WeightIncGlassOrThickness": false,
  "VentWeight": 54,
  "VentWeightExact": 53.6,
  "GlassThickness": 13,
  "ProfileWeightPerSerialMeter": 2.5,
  "FacadeInclination": 7,
  "ChainLengthConnectingRodHandle": 1,
  "ChainLenghtConnectingRodHandle": 0,
  "RequiredOpeningStroke": 800,
  "OpeningWidth": 1000,
  "OpeningAngle": 60.00000000000001,
  "SpecificExhaustDimension": 50,
  "BuildingDepth": 100,
  "SnowLoad": 1035,
  "DistanceHinge": 0,
  "RatedCurrent": 0,
  "DrivePosition": 1,
  "LockingMechanism": 1,
  "Voltage": 1,
  "DriveType": 3,
  "TypeOfInstallation": 2,
  "GeometricArea": 0,
  "CalculationTypeForVentilation": 2,
  "HeightOfProfile": 10,
  "Reveal": 0,
  "RevealDepth": 300,
  "HeightProfileRectangleAngle1": 0,
  "HeightProfileRectangleAngle2": 10,
  "RevealDepthRectangleAngle1": 0,
  "RevealDepthRectangleAngle2": 50,
  "RevealDepthRectangleAngle12": 0,
  "InstallationPosition": 0,
  "RecommendedDriveArticleNo": 0,
  "System": "",
  "AkippOrAtilt": 3.84,
  "AdrehOrAturn": 1.28,
  "Ageo": 0.9619784315200841,
  "MinPullingForceMax": 1165.4514860302625,
  "MinPushingForceMax": 1599.9634410520912,
  "MinPullingForcePermanent": 537.3355554483862,
  "MinPushingForcePermanent": 537.3355554483862,
  "ForceWithNegativeWind": 1599.702583112022,
  "ForceWithNoWindMin": 372.444430955717,
  "ForceWithNegativeWindMin": 1052.3161285084368,
  "ForceWithWindMin": 1165.4514860302625,
  "Id": "8b11d2e1-fe65-46bb-82a6-4442277b52f2",
  "CreatedOn": "0001-01-01T00:00:00",
  "CreatedBy": "579816e4-6653-4794-b435-a885f32e28d7",
  "ModifiedOn": "2024-11-12T10:19:46.6419919+00:00",
  "ModifiedBy": "579816e4-6653-4794-b435-a885f32e28d7"
}

15:49:54.557 [main] INFO  com.intuit.karate - Rounded Opening Angle: 60 
15:49:54.559 [main] INFO  com.intuit.karate - Rounded Ageo: 0.96 
15:49:54.561 [main] INFO  com.intuit.karate - Rounded Required Opening Stroke: 800 
15:49:54.561 [main] INFO  com.intuit.karate - Rounded Vent Weight: 54 
15:49:54.576 [main] INFO  com.intuit.karate - karate.env system property was: null 
15:49:54.582 [main] INFO  com.intuit.karate - Running test for dataset:  Dataset22 
15:49:54.586 [main] DEBUG com.intuit.karate - request:
1 > PUT https://dev-drivetec-apis.schuecodigitalsolutions.com/Configurations
1 > Content-Type: application/json; charset=UTF-8
1 > Content-Length: 1267
1 > Host: dev-drivetec-apis.schuecodigitalsolutions.com
1 > Connection: Keep-Alive
1 > User-Agent: Apache-HttpClient/4.5.14 (Java/17.0.12)
1 > Accept-Encoding: gzip,deflate
{"Id":"8b11d2e1-fe65-46bb-82a6-4442277b52f2","Name":"asdefgh","Description":"","ProjectId":"d2659447-79dd-4004-bdd8-aebda2f103db","CustomTags":"","CreatedBy":"579816e4-6653-4794-b435-a885f32e28d7","ModifiedBy":"579816e4-6653-4794-b435-a885f32e28d7","System":"","FacadeInclination":7,"OpeningType":4,"OpeningDirection":1,"OpeningWidth":1000,"VentOuterWidth":800,"VentOuterHeight":1600,"VentWeight":0,"CalculateWeightWithGlass":false,"RequiredOpeningStroke":800,"WindLoad":120,"SnowLoad":1036,"IsWindowOpeningCalculationByAngle":1,"GlassThickness":13,"ProfileWeightPerSerialMeter":2.5,"DrivePosition":1,"InstallationPosition":0,"LockingMechanism":1,"Voltage":1,"DriveType":3,"TypeOfInstallation":2,"GeometricArea":0,"CalcVentilation":2,"SpecificExhaustDimension":50,"BuildingDepth":100,"CalculationTypeForVentilation":2,"HeightOfProfile":10,"HeightProfileRectangleAngle1":0,"HeightProfileRectangleAngle2":10,"RevealDepth":300,"RevealDepthRectangleAngle1":0,"RevealDepthRectangleAngle2":50,"ChainLengthConnectingRodHandle":1,"ApplicationName":2,"OpeningAngle":10,"WeightIncGlassOrThickness":false,"AkippOrAtilt":0,"AdrehOrAturn":0,"Ageo":0,"MinPullingForceMax":0,"MinPushingForceMax":0,"MinPullingForcePermanent":0,"MinPushingForcePermanent":0,"ForceWithNegativeWind":0}

15:49:55.235 [main] DEBUG com.intuit.karate - response time in milliseconds: 646
1 < 200
1 < Content-Type: application/json; charset=utf-8
1 < Date: Tue, 12 Nov 2024 10:19:46 GMT
1 < Server: Microsoft-IIS/10.0
1 < X-Powered-By: ASP.NET
1 < Content-Length: 2049
1 < Connection: keep-alive
{
  "ProjectId": "d2659447-79dd-4004-bdd8-aebda2f103db",
  "Name": "asdefgh",
  "Description": "",
  "CustomTags": "",
  "ApplicationName": 2,
  "OpeningType": 4,
  "OpeningDirection": 1,
  "CalculateWeightWithGlass": false,
  "WindLoad": 120,
  "IsWindowOpeningCalculationByAngle": 1,
  "VentOuterWidth": 800,
  "VentOuterHeight": 1600,
  "WeightIncGlassOrThickness": false,
  "VentWeight": 54,
  "VentWeightExact": 53.6,
  "GlassThickness": 13,
  "ProfileWeightPerSerialMeter": 2.5,
  "FacadeInclination": 7,
  "ChainLengthConnectingRodHandle": 1,
  "ChainLenghtConnectingRodHandle": 0,
  "RequiredOpeningStroke": 800,
  "OpeningWidth": 1000,
  "OpeningAngle": 60.00000000000001,
  "SpecificExhaustDimension": 50,
  "BuildingDepth": 100,
  "SnowLoad": 1036,
  "DistanceHinge": 0,
  "RatedCurrent": 0,
  "DrivePosition": 1,
  "LockingMechanism": 1,
  "Voltage": 1,
  "DriveType": 3,
  "TypeOfInstallation": 2,
  "GeometricArea": 0,
  "CalculationTypeForVentilation": 2,
  "HeightOfProfile": 10,
  "Reveal": 0,
  "RevealDepth": 300,
  "HeightProfileRectangleAngle1": 0,
  "HeightProfileRectangleAngle2": 10,
  "RevealDepthRectangleAngle1": 0,
  "RevealDepthRectangleAngle2": 50,
  "RevealDepthRectangleAngle12": 0,
  "InstallationPosition": 0,
  "RecommendedDriveArticleNo": 0,
  "System": "",
  "AkippOrAtilt": 3.84,
  "AdrehOrAturn": 1.28,
  "Ageo": 0.9619784315200841,
  "MinPullingForceMax": 1166.163021659551,
  "MinPushingForceMax": 1600.9899785072835,
  "MinPullingForcePermanent": 537.3355554483862,
  "MinPushingForcePermanent": 537.3355554483862,
  "ForceWithNegativeWind": 1600.729124064864,
  "ForceWithNoWindMin": 372.444430955717,
  "ForceWithNegativeWindMin": 1053.0276641377254,
  "ForceWithWindMin": 1166.163021659551,
  "Id": "8b11d2e1-fe65-46bb-82a6-4442277b52f2",
  "CreatedOn": "0001-01-01T00:00:00",
  "CreatedBy": "579816e4-6653-4794-b435-a885f32e28d7",
  "ModifiedOn": "2024-11-12T10:19:47.3131709+00:00",
  "ModifiedBy": "579816e4-6653-4794-b435-a885f32e28d7"
}

15:49:55.236 [main] INFO  com.intuit.karate - Rounded Opening Angle: 60 
15:49:55.237 [main] INFO  com.intuit.karate - Rounded Ageo: 0.96 
15:49:55.238 [main] INFO  com.intuit.karate - Rounded Required Opening Stroke: 800 
15:49:55.239 [main] INFO  com.intuit.karate - Rounded Vent Weight: 54 
15:49:55.246 [main] INFO  com.intuit.karate - karate.env system property was: null 
15:49:55.251 [main] INFO  com.intuit.karate - Running test for dataset:  Dataset23 
15:49:55.257 [main] DEBUG com.intuit.karate - request:
1 > PUT https://dev-drivetec-apis.schuecodigitalsolutions.com/Configurations
1 > Content-Type: application/json; charset=UTF-8
1 > Content-Length: 1262
1 > Host: dev-drivetec-apis.schuecodigitalsolutions.com
1 > Connection: Keep-Alive
1 > User-Agent: Apache-HttpClient/4.5.14 (Java/17.0.12)
1 > Accept-Encoding: gzip,deflate
{"Id":"8b11d2e1-fe65-46bb-82a6-4442277b52f2","Name":"asdefgh","Description":"","ProjectId":"d2659447-79dd-4004-bdd8-aebda2f103db","CustomTags":"","CreatedBy":"579816e4-6653-4794-b435-a885f32e28d7","ModifiedBy":"579816e4-6653-4794-b435-a885f32e28d7","System":"","FacadeInclination":7,"OpeningType":4,"OpeningDirection":1,"OpeningWidth":1000,"VentOuterWidth":750,"VentOuterHeight":1500,"VentWeight":0,"CalculateWeightWithGlass":false,"RequiredOpeningStroke":800,"WindLoad":120,"SnowLoad":0,"IsWindowOpeningCalculationByAngle":1,"GlassThickness":13,"ProfileWeightPerSerialMeter":0,"DrivePosition":1,"InstallationPosition":0,"LockingMechanism":1,"Voltage":1,"DriveType":3,"TypeOfInstallation":2,"GeometricArea":0,"CalcVentilation":2,"SpecificExhaustDimension":50,"BuildingDepth":100,"CalculationTypeForVentilation":2,"HeightOfProfile":10,"HeightProfileRectangleAngle1":0,"HeightProfileRectangleAngle2":10,"RevealDepth":300,"RevealDepthRectangleAngle1":0,"RevealDepthRectangleAngle2":50,"ChainLengthConnectingRodHandle":1,"ApplicationName":2,"OpeningAngle":10,"WeightIncGlassOrThickness":false,"AkippOrAtilt":0,"AdrehOrAturn":0,"Ageo":0,"MinPullingForceMax":0,"MinPushingForceMax":0,"MinPullingForcePermanent":0,"MinPushingForcePermanent":0,"ForceWithNegativeWind":0}

15:49:55.918 [main] DEBUG com.intuit.karate - response time in milliseconds: 660
1 < 200
1 < Content-Type: application/json; charset=utf-8
1 < Date: Tue, 12 Nov 2024 10:19:48 GMT
1 < Server: Microsoft-IIS/10.0
1 < X-Powered-By: ASP.NET
1 < transfer-encoding: chunked
1 < Connection: keep-alive
{
  "ProjectId": "d2659447-79dd-4004-bdd8-aebda2f103db",
  "Name": "asdefgh",
  "Description": "",
  "CustomTags": "",
  "ApplicationName": 2,
  "OpeningType": 4,
  "OpeningDirection": 1,
  "CalculateWeightWithGlass": false,
  "WindLoad": 120,
  "IsWindowOpeningCalculationByAngle": 1,
  "VentOuterWidth": 750,
  "VentOuterHeight": 1500,
  "WeightIncGlassOrThickness": false,
  "VentWeight": 37,
  "VentWeightExact": 36.5625,
  "GlassThickness": 13,
  "ProfileWeightPerSerialMeter": 0,
  "FacadeInclination": 7,
  "ChainLengthConnectingRodHandle": 1,
  "ChainLenghtConnectingRodHandle": 0,
  "RequiredOpeningStroke": 800,
  "OpeningWidth": 1000,
  "OpeningAngle": 64.46190527100423,
  "SpecificExhaustDimension": 50,
  "BuildingDepth": 100,
  "SnowLoad": 0,
  "DistanceHinge": 0,
  "RatedCurrent": 0,
  "DrivePosition": 1,
  "LockingMechanism": 1,
  "Voltage": 1,
  "DriveType": 3,
  "TypeOfInstallation": 2,
  "GeometricArea": 0,
  "CalculationTypeForVentilation": 2,
  "HeightOfProfile": 10,
  "Reveal": 0,
  "RevealDepth": 300,
  "HeightProfileRectangleAngle1": 0,
  "HeightProfileRectangleAngle2": 10,
  "RevealDepthRectangleAngle1": 0,
  "RevealDepthRectangleAngle2": 50,
  "RevealDepthRectangleAngle12": 0,
  "InstallationPosition": 0,
  "RecommendedDriveArticleNo": 0,
  "System": "",
  "AkippOrAtilt": 3.6,
  "AdrehOrAturn": 1.125,
  "Ageo": 0.8477391771213147,
  "MinPullingForceMax": 345.88865445842475,
  "MinPushingForceMax": 369.80316099429183,
  "MinPullingForcePermanent": 366.53603724242447,
  "MinPushingForcePermanent": 366.53603724242447,
  "ForceWithNegativeWind": 366.46058360746116,
  "ForceWithNoWindMin": 232.45638741458947,
  "ForceWithNegativeWindMin": 175.74025389267183,
  "ForceWithWindMin": 345.88865445842475,
  "Id": "8b11d2e1-fe65-46bb-82a6-4442277b52f2",
  "CreatedOn": "0001-01-01T00:00:00",
  "CreatedBy": "579816e4-6653-4794-b435-a885f32e28d7",
  "ModifiedOn": "2024-11-12T10:19:48.0034742+00:00",
  "ModifiedBy": "579816e4-6653-4794-b435-a885f32e28d7"
}

15:49:55.919 [main] INFO  com.intuit.karate - Rounded Opening Angle: 64 
15:49:55.919 [main] INFO  com.intuit.karate - Rounded Ageo: 0.85 
15:49:55.920 [main] INFO  com.intuit.karate - Rounded Required Opening Stroke: 800 
15:49:55.921 [main] INFO  com.intuit.karate - Rounded Vent Weight: 37 
15:49:55.931 [main] INFO  com.intuit.karate - karate.env system property was: null 
15:49:55.933 [main] INFO  com.intuit.karate - Running test for dataset:  Dataset24 
15:49:55.937 [main] DEBUG com.intuit.karate - request:
1 > PUT https://dev-drivetec-apis.schuecodigitalsolutions.com/Configurations
1 > Content-Type: application/json; charset=UTF-8
1 > Content-Length: 1263
1 > Host: dev-drivetec-apis.schuecodigitalsolutions.com
1 > Connection: Keep-Alive
1 > User-Agent: Apache-HttpClient/4.5.14 (Java/17.0.12)
1 > Accept-Encoding: gzip,deflate
{"Id":"8b11d2e1-fe65-46bb-82a6-4442277b52f2","Name":"asdefgh","Description":"","ProjectId":"d2659447-79dd-4004-bdd8-aebda2f103db","CustomTags":"","CreatedBy":"579816e4-6653-4794-b435-a885f32e28d7","ModifiedBy":"579816e4-6653-4794-b435-a885f32e28d7","System":"","FacadeInclination":0,"OpeningType":1,"OpeningDirection":1,"OpeningWidth":1000,"VentOuterWidth":4000,"VentOuterHeight":4000,"VentWeight":0,"CalculateWeightWithGlass":false,"RequiredOpeningStroke":1200,"WindLoad":1,"SnowLoad":0,"IsWindowOpeningCalculationByAngle":1,"GlassThickness":1,"ProfileWeightPerSerialMeter":1,"DrivePosition":1,"InstallationPosition":0,"LockingMechanism":1,"Voltage":1,"DriveType":1,"TypeOfInstallation":2,"GeometricArea":0,"CalcVentilation":2,"SpecificExhaustDimension":30,"BuildingDepth":75,"CalculationTypeForVentilation":2,"HeightOfProfile":40,"HeightProfileRectangleAngle1":25,"HeightProfileRectangleAngle2":200,"RevealDepth":30,"RevealDepthRectangleAngle1":75,"RevealDepthRectangleAngle2":300,"ChainLengthConnectingRodHandle":5,"ApplicationName":1,"OpeningAngle":10,"WeightIncGlassOrThickness":false,"AkippOrAtilt":0,"AdrehOrAturn":0,"Ageo":0,"MinPullingForceMax":0,"MinPushingForceMax":0,"MinPullingForcePermanent":0,"MinPushingForcePermanent":0,"ForceWithNegativeWind":0}

15:49:56.587 [main] DEBUG com.intuit.karate - response time in milliseconds: 649
1 < 200
1 < Content-Type: application/json; charset=utf-8
1 < Date: Tue, 12 Nov 2024 10:19:48 GMT
1 < Server: Microsoft-IIS/10.0
1 < X-Powered-By: ASP.NET
1 < Content-Length: 2045
1 < Connection: keep-alive
{
  "ProjectId": "d2659447-79dd-4004-bdd8-aebda2f103db",
  "Name": "asdefgh",
  "Description": "",
  "CustomTags": "",
  "ApplicationName": 1,
  "OpeningType": 1,
  "OpeningDirection": 1,
  "CalculateWeightWithGlass": false,
  "WindLoad": 1,
  "IsWindowOpeningCalculationByAngle": 1,
  "VentOuterWidth": 4000,
  "VentOuterHeight": 4000,
  "WeightIncGlassOrThickness": false,
  "VentWeight": 56,
  "VentWeightExact": 56,
  "GlassThickness": 1,
  "ProfileWeightPerSerialMeter": 1,
  "FacadeInclination": 0,
  "ChainLengthConnectingRodHandle": 5,
  "ChainLenghtConnectingRodHandle": 0,
  "RequiredOpeningStroke": 1200,
  "OpeningWidth": 1000,
  "OpeningAngle": 17.253853117357277,
  "SpecificExhaustDimension": 30,
  "BuildingDepth": 75,
  "SnowLoad": 0,
  "DistanceHinge": 0,
  "RatedCurrent": 0,
  "DrivePosition": 1,
  "LockingMechanism": 1,
  "Voltage": 1,
  "DriveType": 1,
  "TypeOfInstallation": 2,
  "GeometricArea": 0,
  "CalculationTypeForVentilation": 2,
  "HeightOfProfile": 40,
  "Reveal": 0,
  "RevealDepth": 30,
  "HeightProfileRectangleAngle1": 25,
  "HeightProfileRectangleAngle2": 200,
  "RevealDepthRectangleAngle1": 75,
  "RevealDepthRectangleAngle2": 300,
  "RevealDepthRectangleAngle12": 0,
  "InstallationPosition": 0,
  "RecommendedDriveArticleNo": 0,
  "System": "",
  "AkippOrAtilt": 9.6,
  "AdrehOrAturn": 16,
  "Ageo": 5.98485012230652,
  "MinPullingForceMax": -7.777023447904845,
  "MinPushingForceMax": -91.16793886924938,
  "MinPullingForcePermanent": -83.78459885589518,
  "MinPushingForcePermanent": -83.78459885589518,
  "ForceWithNegativeWind": -76.40125884254098,
  "ForceWithNoWindMin": 0.22297147900531375,
  "ForceWithNegativeWindMin": 8.222966405915471,
  "ForceWithWindMin": -7.777023447904845,
  "Id": "8b11d2e1-fe65-46bb-82a6-4442277b52f2",
  "CreatedOn": "0001-01-01T00:00:00",
  "CreatedBy": "579816e4-6653-4794-b435-a885f32e28d7",
  "ModifiedOn": "2024-11-12T10:19:48.681486+00:00",
  "ModifiedBy": "579816e4-6653-4794-b435-a885f32e28d7"
}

15:49:56.589 [main] INFO  com.intuit.karate - Rounded Opening Angle: 17 
15:49:56.590 [main] INFO  com.intuit.karate - Rounded Ageo: 5.98 
15:49:56.590 [main] INFO  com.intuit.karate - Rounded Required Opening Stroke: 1200 
15:49:56.591 [main] INFO  com.intuit.karate - Rounded Vent Weight: 56 
15:49:56.595 [main] INFO  com.intuit.karate - karate.env system property was: null 
15:49:56.604 [main] INFO  com.intuit.karate - Running test for dataset:  Dataset25 
15:49:56.609 [main] DEBUG com.intuit.karate - request:
1 > PUT https://dev-drivetec-apis.schuecodigitalsolutions.com/Configurations
1 > Content-Type: application/json; charset=UTF-8
1 > Content-Length: 1262
1 > Host: dev-drivetec-apis.schuecodigitalsolutions.com
1 > Connection: Keep-Alive
1 > User-Agent: Apache-HttpClient/4.5.14 (Java/17.0.12)
1 > Accept-Encoding: gzip,deflate
{"Id":"8b11d2e1-fe65-46bb-82a6-4442277b52f2","Name":"asdefgh","Description":"","ProjectId":"d2659447-79dd-4004-bdd8-aebda2f103db","CustomTags":"","CreatedBy":"579816e4-6653-4794-b435-a885f32e28d7","ModifiedBy":"579816e4-6653-4794-b435-a885f32e28d7","System":"","FacadeInclination":0,"OpeningType":1,"OpeningDirection":1,"OpeningWidth":1000,"VentOuterWidth":4000,"VentOuterHeight":4000,"VentWeight":0,"CalculateWeightWithGlass":false,"RequiredOpeningStroke":800,"WindLoad":1,"SnowLoad":0,"IsWindowOpeningCalculationByAngle":1,"GlassThickness":1,"ProfileWeightPerSerialMeter":1,"DrivePosition":1,"InstallationPosition":0,"LockingMechanism":1,"Voltage":1,"DriveType":1,"TypeOfInstallation":2,"GeometricArea":0,"CalcVentilation":2,"SpecificExhaustDimension":30,"BuildingDepth":75,"CalculationTypeForVentilation":2,"HeightOfProfile":40,"HeightProfileRectangleAngle1":25,"HeightProfileRectangleAngle2":200,"RevealDepth":30,"RevealDepthRectangleAngle1":75,"RevealDepthRectangleAngle2":300,"ChainLengthConnectingRodHandle":5,"ApplicationName":1,"OpeningAngle":10,"WeightIncGlassOrThickness":false,"AkippOrAtilt":0,"AdrehOrAturn":0,"Ageo":0,"MinPullingForceMax":0,"MinPushingForceMax":0,"MinPullingForcePermanent":0,"MinPushingForcePermanent":0,"ForceWithNegativeWind":0}

15:49:57.271 [main] DEBUG com.intuit.karate - response time in milliseconds: 660
1 < 200
1 < Content-Type: application/json; charset=utf-8
1 < Date: Tue, 12 Nov 2024 10:19:49 GMT
1 < Server: Microsoft-IIS/10.0
1 < X-Powered-By: ASP.NET
1 < Content-Length: 2046
1 < Connection: keep-alive
{
  "ProjectId": "d2659447-79dd-4004-bdd8-aebda2f103db",
  "Name": "asdefgh",
  "Description": "",
  "CustomTags": "",
  "ApplicationName": 1,
  "OpeningType": 1,
  "OpeningDirection": 1,
  "CalculateWeightWithGlass": false,
  "WindLoad": 1,
  "IsWindowOpeningCalculationByAngle": 1,
  "VentOuterWidth": 4000,
  "VentOuterHeight": 4000,
  "WeightIncGlassOrThickness": false,
  "VentWeight": 56,
  "VentWeightExact": 56,
  "GlassThickness": 1,
  "ProfileWeightPerSerialMeter": 1,
  "FacadeInclination": 0,
  "ChainLengthConnectingRodHandle": 5,
  "ChainLenghtConnectingRodHandle": 0,
  "RequiredOpeningStroke": 800,
  "OpeningWidth": 1000,
  "OpeningAngle": 11.478340954533573,
  "SpecificExhaustDimension": 30,
  "BuildingDepth": 75,
  "SnowLoad": 0,
  "DistanceHinge": 0,
  "RatedCurrent": 0,
  "DrivePosition": 1,
  "LockingMechanism": 1,
  "Voltage": 1,
  "DriveType": 1,
  "TypeOfInstallation": 2,
  "GeometricArea": 0,
  "CalculationTypeForVentilation": 2,
  "HeightOfProfile": 40,
  "Reveal": 0,
  "RevealDepth": 30,
  "HeightProfileRectangleAngle1": 25,
  "HeightProfileRectangleAngle2": 200,
  "RevealDepthRectangleAngle1": 75,
  "RevealDepthRectangleAngle2": 300,
  "RevealDepthRectangleAngle12": 0,
  "InstallationPosition": 0,
  "RecommendedDriveArticleNo": 0,
  "System": "",
  "AkippOrAtilt": 6.4,
  "AdrehOrAturn": 16,
  "Ageo": 4.054990850725535,
  "MinPullingForceMax": -7.777023447904845,
  "MinPushingForceMax": -63.504768498558995,
  "MinPullingForcePermanent": -55.78036937142065,
  "MinPushingForcePermanent": -55.78036937142065,
  "ForceWithNegativeWind": -48.0559702442823,
  "ForceWithNoWindMin": 0.22297147900531375,
  "ForceWithNegativeWindMin": 8.222966405915471,
  "ForceWithWindMin": -7.777023447904845,
  "Id": "8b11d2e1-fe65-46bb-82a6-4442277b52f2",
  "CreatedOn": "0001-01-01T00:00:00",
  "CreatedBy": "579816e4-6653-4794-b435-a885f32e28d7",
  "ModifiedOn": "2024-11-12T10:19:49.3633179+00:00",
  "ModifiedBy": "579816e4-6653-4794-b435-a885f32e28d7"
}

15:49:57.274 [main] INFO  com.intuit.karate - Rounded Opening Angle: 11 
15:49:57.276 [main] INFO  com.intuit.karate - Rounded Ageo: 4.05 
15:49:57.276 [main] INFO  com.intuit.karate - Rounded Required Opening Stroke: 800 
15:49:57.276 [main] INFO  com.intuit.karate - Rounded Vent Weight: 56 
15:49:57.283 [main] INFO  com.intuit.karate - karate.env system property was: null 
15:49:57.286 [main] INFO  com.intuit.karate - Running test for dataset:  Dataset26 
15:49:57.288 [main] DEBUG com.intuit.karate - request:
1 > PUT https://dev-drivetec-apis.schuecodigitalsolutions.com/Configurations
1 > Content-Type: application/json; charset=UTF-8
1 > Content-Length: 1258
1 > Host: dev-drivetec-apis.schuecodigitalsolutions.com
1 > Connection: Keep-Alive
1 > User-Agent: Apache-HttpClient/4.5.14 (Java/17.0.12)
1 > Accept-Encoding: gzip,deflate
{"Id":"8b11d2e1-fe65-46bb-82a6-4442277b52f2","Name":"asdefgh","Description":"","ProjectId":"d2659447-79dd-4004-bdd8-aebda2f103db","CustomTags":"","CreatedBy":"579816e4-6653-4794-b435-a885f32e28d7","ModifiedBy":"579816e4-6653-4794-b435-a885f32e28d7","System":"","FacadeInclination":0,"OpeningType":3,"OpeningDirection":2,"OpeningWidth":1000,"VentOuterWidth":622,"VentOuterHeight":1422,"VentWeight":0,"CalculateWeightWithGlass":false,"RequiredOpeningStroke":609,"WindLoad":120,"SnowLoad":0,"IsWindowOpeningCalculationByAngle":1,"GlassThickness":14,"ProfileWeightPerSerialMeter":2.5,"DrivePosition":1,"InstallationPosition":0,"LockingMechanism":1,"Voltage":1,"DriveType":1,"TypeOfInstallation":2,"GeometricArea":0,"CalcVentilation":2,"SpecificExhaustDimension":45,"BuildingDepth":90,"CalculationTypeForVentilation":2,"HeightOfProfile":0,"HeightProfileRectangleAngle1":0,"HeightProfileRectangleAngle2":0,"RevealDepth":0,"RevealDepthRectangleAngle1":0,"RevealDepthRectangleAngle2":0,"ChainLengthConnectingRodHandle":5,"ApplicationName":1,"OpeningAngle":10,"WeightIncGlassOrThickness":false,"AkippOrAtilt":0,"AdrehOrAturn":0,"Ageo":0,"MinPullingForceMax":0,"MinPushingForceMax":0,"MinPullingForcePermanent":0,"MinPushingForcePermanent":0,"ForceWithNegativeWind":0}

15:49:57.936 [main] DEBUG com.intuit.karate - response time in milliseconds: 647
1 < 200
1 < Content-Type: application/json; charset=utf-8
1 < Date: Tue, 12 Nov 2024 10:19:49 GMT
1 < Server: Microsoft-IIS/10.0
1 < X-Powered-By: ASP.NET
1 < Content-Length: 2003
1 < Connection: keep-alive
{
  "ProjectId": "d2659447-79dd-4004-bdd8-aebda2f103db",
  "Name": "asdefgh",
  "Description": "",
  "CustomTags": "",
  "ApplicationName": 1,
  "OpeningType": 3,
  "OpeningDirection": 2,
  "CalculateWeightWithGlass": false,
  "WindLoad": 120,
  "IsWindowOpeningCalculationByAngle": 1,
  "VentOuterWidth": 622,
  "VentOuterHeight": 1422,
  "WeightIncGlassOrThickness": false,
  "VentWeight": 41,
  "VentWeightExact": 41.17694,
  "GlassThickness": 14,
  "ProfileWeightPerSerialMeter": 2.5,
  "FacadeInclination": 0,
  "ChainLengthConnectingRodHandle": 5,
  "ChainLenghtConnectingRodHandle": 0,
  "RequiredOpeningStroke": 609,
  "OpeningWidth": 1000,
  "OpeningAngle": 58.621996217619376,
  "SpecificExhaustDimension": 45,
  "BuildingDepth": 90,
  "SnowLoad": 0,
  "DistanceHinge": 0,
  "RatedCurrent": 0,
  "DrivePosition": 1,
  "LockingMechanism": 1,
  "Voltage": 1,
  "DriveType": 1,
  "TypeOfInstallation": 2,
  "GeometricArea": 0,
  "CalculationTypeForVentilation": 2,
  "HeightOfProfile": 0,
  "Reveal": 0,
  "RevealDepth": 0,
  "HeightProfileRectangleAngle1": 0,
  "HeightProfileRectangleAngle2": 0,
  "RevealDepthRectangleAngle1": 0,
  "RevealDepthRectangleAngle2": 0,
  "RevealDepthRectangleAngle12": 0,
  "InstallationPosition": 0,
  "RecommendedDriveArticleNo": 0,
  "System": "",
  "AkippOrAtilt": 1.244796,
  "AdrehOrAturn": 0.884484,
  "Ageo": 0.5968148354716,
  "MinPullingForceMax": 16.54303301718357,
  "MinPushingForceMax": 53.06902220807022,
  "MinPullingForcePermanent": 0,
  "MinPushingForcePermanent": 0,
  "ForceWithNegativeWind": -53.06902220807022,
  "ForceWithNoWindMin": 0,
  "ForceWithNegativeWindMin": -16.54303301718357,
  "ForceWithWindMin": 16.54303301718357,
  "Id": "8b11d2e1-fe65-46bb-82a6-4442277b52f2",
  "CreatedOn": "0001-01-01T00:00:00",
  "CreatedBy": "579816e4-6653-4794-b435-a885f32e28d7",
  "ModifiedOn": "2024-11-12T10:19:50.0346188+00:00",
  "ModifiedBy": "579816e4-6653-4794-b435-a885f32e28d7"
}

15:49:57.939 [main] INFO  com.intuit.karate - Rounded Opening Angle: 59 
15:49:57.939 [main] INFO  com.intuit.karate - Rounded Ageo: 0.6 
15:49:57.940 [main] INFO  com.intuit.karate - Rounded Required Opening Stroke: 609 
15:49:57.940 [main] INFO  com.intuit.karate - Rounded Vent Weight: 41 
15:49:57.947 [main] INFO  com.intuit.karate - karate.env system property was: null 
15:49:57.951 [main] INFO  com.intuit.karate - Running test for dataset:  Dataset27 
15:49:57.953 [main] DEBUG com.intuit.karate - request:
1 > PUT https://dev-drivetec-apis.schuecodigitalsolutions.com/Configurations
1 > Content-Type: application/json; charset=UTF-8
1 > Content-Length: 1260
1 > Host: dev-drivetec-apis.schuecodigitalsolutions.com
1 > Connection: Keep-Alive
1 > User-Agent: Apache-HttpClient/4.5.14 (Java/17.0.12)
1 > Accept-Encoding: gzip,deflate
{"Id":"8b11d2e1-fe65-46bb-82a6-4442277b52f2","Name":"asdefgh","Description":"","ProjectId":"d2659447-79dd-4004-bdd8-aebda2f103db","CustomTags":"","CreatedBy":"579816e4-6653-4794-b435-a885f32e28d7","ModifiedBy":"579816e4-6653-4794-b435-a885f32e28d7","System":"","FacadeInclination":45,"OpeningType":1,"OpeningDirection":1,"OpeningWidth":1000,"VentOuterWidth":1230,"VentOuterHeight":1480,"VentWeight":0,"CalculateWeightWithGlass":false,"RequiredOpeningStroke":400,"WindLoad":120,"SnowLoad":0,"IsWindowOpeningCalculationByAngle":1,"GlassThickness":14,"ProfileWeightPerSerialMeter":2.5,"DrivePosition":1,"InstallationPosition":0,"LockingMechanism":1,"Voltage":1,"DriveType":1,"TypeOfInstallation":2,"GeometricArea":0,"CalcVentilation":2,"SpecificExhaustDimension":46,"BuildingDepth":75,"CalculationTypeForVentilation":2,"HeightOfProfile":0,"HeightProfileRectangleAngle1":0,"HeightProfileRectangleAngle2":0,"RevealDepth":0,"RevealDepthRectangleAngle1":0,"RevealDepthRectangleAngle2":0,"ChainLengthConnectingRodHandle":5,"ApplicationName":1,"OpeningAngle":10,"WeightIncGlassOrThickness":false,"AkippOrAtilt":0,"AdrehOrAturn":0,"Ageo":0,"MinPullingForceMax":0,"MinPushingForceMax":0,"MinPullingForcePermanent":0,"MinPushingForcePermanent":0,"ForceWithNegativeWind":0}

15:49:58.632 [main] DEBUG com.intuit.karate - response time in milliseconds: 678
1 < 200
1 < Content-Type: application/json; charset=utf-8
1 < Date: Tue, 12 Nov 2024 10:19:50 GMT
1 < Server: Microsoft-IIS/10.0
1 < X-Powered-By: ASP.NET
1 < Content-Length: 2064
1 < Connection: keep-alive
{
  "ProjectId": "d2659447-79dd-4004-bdd8-aebda2f103db",
  "Name": "asdefgh",
  "Description": "",
  "CustomTags": "",
  "ApplicationName": 1,
  "OpeningType": 1,
  "OpeningDirection": 1,
  "CalculateWeightWithGlass": false,
  "WindLoad": 120,
  "IsWindowOpeningCalculationByAngle": 1,
  "VentOuterWidth": 1230,
  "VentOuterHeight": 1480,
  "WeightIncGlassOrThickness": false,
  "VentWeight": 77,
  "VentWeightExact": 77.26400000000001,
  "GlassThickness": 14,
  "ProfileWeightPerSerialMeter": 2.5,
  "FacadeInclination": 45,
  "ChainLengthConnectingRodHandle": 5,
  "ChainLenghtConnectingRodHandle": 0,
  "RequiredOpeningStroke": 400,
  "OpeningWidth": 1000,
  "OpeningAngle": 15.532868337024489,
  "SpecificExhaustDimension": 46,
  "BuildingDepth": 75,
  "SnowLoad": 0,
  "DistanceHinge": 0,
  "RatedCurrent": 0,
  "DrivePosition": 1,
  "LockingMechanism": 1,
  "Voltage": 1,
  "DriveType": 1,
  "TypeOfInstallation": 2,
  "GeometricArea": 0,
  "CalculationTypeForVentilation": 2,
  "HeightOfProfile": 0,
  "Reveal": 0,
  "RevealDepth": 0,
  "HeightProfileRectangleAngle1": 0,
  "HeightProfileRectangleAngle2": 0,
  "RevealDepthRectangleAngle1": 0,
  "RevealDepthRectangleAngle2": 0,
  "RevealDepthRectangleAngle12": 0,
  "InstallationPosition": 0,
  "RecommendedDriveArticleNo": 0,
  "System": "",
  "AkippOrAtilt": 1.084,
  "AdrehOrAturn": 1.8204,
  "Ageo": 0.5802288894779978,
  "MinPullingForceMax": 108.41282168422717,
  "MinPushingForceMax": 218.7097251389992,
  "MinPullingForcePermanent": 273.27823614467263,
  "MinPushingForcePermanent": 273.27823614467263,
  "ForceWithNegativeWind": 327.84674715034606,
  "ForceWithNoWindMin": 191.9346407636625,
  "ForceWithNegativeWindMin": 275.45645984309783,
  "ForceWithWindMin": 108.41282168422717,
  "Id": "8b11d2e1-fe65-46bb-82a6-4442277b52f2",
  "CreatedOn": "0001-01-01T00:00:00",
  "CreatedBy": "579816e4-6653-4794-b435-a885f32e28d7",
  "ModifiedOn": "2024-11-12T10:19:50.7280054+00:00",
  "ModifiedBy": "579816e4-6653-4794-b435-a885f32e28d7"
}

15:49:58.633 [main] INFO  com.intuit.karate - Rounded Opening Angle: 16 
15:49:58.634 [main] INFO  com.intuit.karate - Rounded Ageo: 0.58 
15:49:58.634 [main] INFO  com.intuit.karate - Rounded Required Opening Stroke: 400 
15:49:58.634 [main] INFO  com.intuit.karate - Rounded Vent Weight: 77 
15:49:58.640 [main] INFO  com.intuit.karate - karate.env system property was: null 
15:49:58.641 [main] INFO  com.intuit.karate - Running test for dataset:  Dataset28 
15:49:58.645 [main] DEBUG com.intuit.karate - request:
1 > PUT https://dev-drivetec-apis.schuecodigitalsolutions.com/Configurations
1 > Content-Type: application/json; charset=UTF-8
1 > Content-Length: 1261
1 > Host: dev-drivetec-apis.schuecodigitalsolutions.com
1 > Connection: Keep-Alive
1 > User-Agent: Apache-HttpClient/4.5.14 (Java/17.0.12)
1 > Accept-Encoding: gzip,deflate
{"Id":"8b11d2e1-fe65-46bb-82a6-4442277b52f2","Name":"asdefgh","Description":"","ProjectId":"d2659447-79dd-4004-bdd8-aebda2f103db","CustomTags":"","CreatedBy":"579816e4-6653-4794-b435-a885f32e28d7","ModifiedBy":"579816e4-6653-4794-b435-a885f32e28d7","System":"","FacadeInclination":-45,"OpeningType":1,"OpeningDirection":1,"OpeningWidth":1000,"VentOuterWidth":1230,"VentOuterHeight":1480,"VentWeight":0,"CalculateWeightWithGlass":false,"RequiredOpeningStroke":400,"WindLoad":120,"SnowLoad":0,"IsWindowOpeningCalculationByAngle":1,"GlassThickness":14,"ProfileWeightPerSerialMeter":2.5,"DrivePosition":1,"InstallationPosition":0,"LockingMechanism":1,"Voltage":1,"DriveType":1,"TypeOfInstallation":2,"GeometricArea":0,"CalcVentilation":1,"SpecificExhaustDimension":46,"BuildingDepth":75,"CalculationTypeForVentilation":1,"HeightOfProfile":0,"HeightProfileRectangleAngle1":0,"HeightProfileRectangleAngle2":0,"RevealDepth":0,"RevealDepthRectangleAngle1":0,"RevealDepthRectangleAngle2":0,"ChainLengthConnectingRodHandle":5,"ApplicationName":1,"OpeningAngle":10,"WeightIncGlassOrThickness":false,"AkippOrAtilt":0,"AdrehOrAturn":0,"Ageo":0,"MinPullingForceMax":0,"MinPushingForceMax":0,"MinPullingForcePermanent":0,"MinPushingForcePermanent":0,"ForceWithNegativeWind":0}

15:49:59.312 [main] DEBUG com.intuit.karate - response time in milliseconds: 667
1 < 200
1 < Content-Type: application/json; charset=utf-8
1 < Date: Tue, 12 Nov 2024 10:19:50 GMT
1 < Server: Microsoft-IIS/10.0
1 < X-Powered-By: ASP.NET
1 < Content-Length: 2060
1 < Connection: keep-alive
{
  "ProjectId": "d2659447-79dd-4004-bdd8-aebda2f103db",
  "Name": "asdefgh",
  "Description": "",
  "CustomTags": "",
  "ApplicationName": 1,
  "OpeningType": 1,
  "OpeningDirection": 1,
  "CalculateWeightWithGlass": false,
  "WindLoad": 120,
  "IsWindowOpeningCalculationByAngle": 1,
  "VentOuterWidth": 1230,
  "VentOuterHeight": 1480,
  "WeightIncGlassOrThickness": false,
  "VentWeight": 77,
  "VentWeightExact": 77.26400000000001,
  "GlassThickness": 14,
  "ProfileWeightPerSerialMeter": 2.5,
  "FacadeInclination": -45,
  "ChainLengthConnectingRodHandle": 5,
  "ChainLenghtConnectingRodHandle": 0,
  "RequiredOpeningStroke": 400,
  "OpeningWidth": 1000,
  "OpeningAngle": 15.532868337024489,
  "SpecificExhaustDimension": 46,
  "BuildingDepth": 75,
  "SnowLoad": 0,
  "DistanceHinge": 0,
  "RatedCurrent": 0,
  "DrivePosition": 1,
  "LockingMechanism": 1,
  "Voltage": 1,
  "DriveType": 1,
  "TypeOfInstallation": 2,
  "GeometricArea": 0,
  "CalculationTypeForVentilation": 1,
  "HeightOfProfile": 0,
  "Reveal": 0,
  "RevealDepth": 0,
  "HeightProfileRectangleAngle1": 0,
  "HeightProfileRectangleAngle2": 0,
  "RevealDepthRectangleAngle1": 0,
  "RevealDepthRectangleAngle2": 0,
  "RevealDepthRectangleAngle12": 0,
  "InstallationPosition": 0,
  "RecommendedDriveArticleNo": 0,
  "System": "",
  "AkippOrAtilt": 1.084,
  "AdrehOrAturn": 1.8204,
  "Ageo": 1.084,
  "MinPullingForceMax": -327.5854654995324,
  "MinPushingForceMax": -366.01794951544485,
  "MinPullingForcePermanent": -339.22933592277116,
  "MinPushingForcePermanent": -339.22933592277116,
  "ForceWithNegativeWind": -312.44072233009746,
  "ForceWithNoWindMin": -272.84299862686447,
  "ForceWithNegativeWindMin": -218.10053175419654,
  "ForceWithWindMin": -327.5854654995324,
  "Id": "8b11d2e1-fe65-46bb-82a6-4442277b52f2",
  "CreatedOn": "0001-01-01T00:00:00",
  "CreatedBy": "579816e4-6653-4794-b435-a885f32e28d7",
  "ModifiedOn": "2024-11-12T10:19:51.4055761+00:00",
  "ModifiedBy": "579816e4-6653-4794-b435-a885f32e28d7"
}

15:49:59.316 [main] INFO  com.intuit.karate - Rounded Opening Angle: 16 
15:49:59.317 [main] INFO  com.intuit.karate - Rounded Ageo: 1.08 
15:49:59.318 [main] INFO  com.intuit.karate - Rounded Required Opening Stroke: 400 
15:49:59.319 [main] INFO  com.intuit.karate - Rounded Vent Weight: 77 
15:49:59.337 [main] INFO  com.intuit.karate - karate.env system property was: null 
15:49:59.342 [main] INFO  com.intuit.karate - Running test for dataset:  Dataset29 
15:49:59.347 [main] DEBUG com.intuit.karate - request:
1 > PUT https://dev-drivetec-apis.schuecodigitalsolutions.com/Configurations
1 > Content-Type: application/json; charset=UTF-8
1 > Content-Length: 1256
1 > Host: dev-drivetec-apis.schuecodigitalsolutions.com
1 > Connection: Keep-Alive
1 > User-Agent: Apache-HttpClient/4.5.14 (Java/17.0.12)
1 > Accept-Encoding: gzip,deflate
{"Id":"8b11d2e1-fe65-46bb-82a6-4442277b52f2","Name":"asdefgh","Description":"","ProjectId":"d2659447-79dd-4004-bdd8-aebda2f103db","CustomTags":"","CreatedBy":"579816e4-6653-4794-b435-a885f32e28d7","ModifiedBy":"579816e4-6653-4794-b435-a885f32e28d7","System":"","FacadeInclination":-45,"OpeningType":1,"OpeningDirection":1,"OpeningWidth":1000,"VentOuterWidth":1000,"VentOuterHeight":2500,"VentWeight":0,"CalculateWeightWithGlass":false,"RequiredOpeningStroke":200,"WindLoad":1,"SnowLoad":0,"IsWindowOpeningCalculationByAngle":1,"GlassThickness":1,"ProfileWeightPerSerialMeter":1,"DrivePosition":1,"InstallationPosition":0,"LockingMechanism":1,"Voltage":2,"DriveType":1,"TypeOfInstallation":2,"GeometricArea":0,"CalcVentilation":2,"SpecificExhaustDimension":30,"BuildingDepth":75,"CalculationTypeForVentilation":2,"HeightOfProfile":0,"HeightProfileRectangleAngle1":0,"HeightProfileRectangleAngle2":0,"RevealDepth":0,"RevealDepthRectangleAngle1":0,"RevealDepthRectangleAngle2":0,"ChainLengthConnectingRodHandle":5,"ApplicationName":1,"OpeningAngle":10,"WeightIncGlassOrThickness":false,"AkippOrAtilt":0,"AdrehOrAturn":0,"Ageo":0,"MinPullingForceMax":0,"MinPushingForceMax":0,"MinPullingForcePermanent":0,"MinPushingForcePermanent":0,"ForceWithNegativeWind":0}

15:50:00.001 [main] DEBUG com.intuit.karate - response time in milliseconds: 652
1 < 200
1 < Content-Type: application/json; charset=utf-8
1 < Date: Tue, 12 Nov 2024 10:19:52 GMT
1 < Server: Microsoft-IIS/10.0
1 < X-Powered-By: ASP.NET
1 < Content-Length: 2051
1 < Connection: keep-alive
{
  "ProjectId": "d2659447-79dd-4004-bdd8-aebda2f103db",
  "Name": "asdefgh",
  "Description": "",
  "CustomTags": "",
  "ApplicationName": 1,
  "OpeningType": 1,
  "OpeningDirection": 1,
  "CalculateWeightWithGlass": false,
  "WindLoad": 1,
  "IsWindowOpeningCalculationByAngle": 1,
  "VentOuterWidth": 1000,
  "VentOuterHeight": 2500,
  "WeightIncGlassOrThickness": false,
  "VentWeight": 13,
  "VentWeightExact": 13.25,
  "GlassThickness": 1,
  "ProfileWeightPerSerialMeter": 1,
  "FacadeInclination": -45,
  "ChainLengthConnectingRodHandle": 5,
  "ChainLenghtConnectingRodHandle": 0,
  "RequiredOpeningStroke": 200,
  "OpeningWidth": 1000,
  "OpeningAngle": 4.584885551911774,
  "SpecificExhaustDimension": 30,
  "BuildingDepth": 75,
  "SnowLoad": 0,
  "DistanceHinge": 0,
  "RatedCurrent": 0,
  "DrivePosition": 1,
  "LockingMechanism": 1,
  "Voltage": 2,
  "DriveType": 1,
  "TypeOfInstallation": 2,
  "GeometricArea": 0,
  "CalculationTypeForVentilation": 2,
  "HeightOfProfile": 0,
  "Reveal": 0,
  "RevealDepth": 0,
  "HeightProfileRectangleAngle1": 0,
  "HeightProfileRectangleAngle2": 0,
  "RevealDepthRectangleAngle1": 0,
  "RevealDepthRectangleAngle2": 0,
  "RevealDepthRectangleAngle12": 0,
  "InstallationPosition": 0,
  "RecommendedDriveArticleNo": 0,
  "System": "",
  "AkippOrAtilt": 0.7,
  "AdrehOrAturn": 2.5,
  "Ageo": 0.28292381865952587,
  "MinPullingForceMax": -47.416327080645516,
  "MinPushingForceMax": -50.956899331910385,
  "MinPullingForcePermanent": -50.429603235945976,
  "MinPushingForcePermanent": -50.429603235945976,
  "ForceWithNegativeWind": -49.902307139981566,
  "ForceWithNoWindMin": -46.78983396932534,
  "ForceWithNegativeWindMin": -46.16334085800517,
  "ForceWithWindMin": -47.416327080645516,
  "Id": "8b11d2e1-fe65-46bb-82a6-4442277b52f2",
  "CreatedOn": "0001-01-01T00:00:00",
  "CreatedBy": "579816e4-6653-4794-b435-a885f32e28d7",
  "ModifiedOn": "2024-11-12T10:19:52.0974382+00:00",
  "ModifiedBy": "579816e4-6653-4794-b435-a885f32e28d7"
}

15:50:00.008 [main] INFO  com.intuit.karate - Rounded Opening Angle: 4.58 
15:50:00.009 [main] INFO  com.intuit.karate - Rounded Ageo: 0.28 
15:50:00.011 [main] INFO  com.intuit.karate - Rounded Required Opening Stroke: 200 
15:50:00.012 [main] INFO  com.intuit.karate - Rounded Vent Weight: 13 
15:50:00.019 [main] ERROR com.intuit.karate - classpath:drivetecTestCases/features/driveteclogin.feature:197
And match roundedOpeningAngle == expectedOpeningAngle
match failed: EQUALS
  $ | not equal (NUMBER:NUMBER)
  4.58
  5

classpath:drivetecTestCases/features/driveteclogin.feature:197
15:50:00.024 [main] INFO  com.intuit.karate - karate.env system property was: null 
15:50:00.027 [main] INFO  com.intuit.karate - Running test for dataset:  Dataset30 
15:50:00.030 [main] DEBUG com.intuit.karate - request:
1 > PUT https://dev-drivetec-apis.schuecodigitalsolutions.com/Configurations
1 > Content-Type: application/json; charset=UTF-8
1 > Content-Length: 1263
1 > Host: dev-drivetec-apis.schuecodigitalsolutions.com
1 > Connection: Keep-Alive
1 > User-Agent: Apache-HttpClient/4.5.14 (Java/17.0.12)
1 > Accept-Encoding: gzip,deflate
{"Id":"8b11d2e1-fe65-46bb-82a6-4442277b52f2","Name":"asdefgh","Description":"","ProjectId":"d2659447-79dd-4004-bdd8-aebda2f103db","CustomTags":"","CreatedBy":"579816e4-6653-4794-b435-a885f32e28d7","ModifiedBy":"579816e4-6653-4794-b435-a885f32e28d7","System":"","FacadeInclination":30,"OpeningType":4,"OpeningDirection":1,"OpeningWidth":1000,"VentOuterWidth":1230,"VentOuterHeight":1085,"VentWeight":0,"CalculateWeightWithGlass":false,"RequiredOpeningStroke":750,"WindLoad":120,"SnowLoad":880,"IsWindowOpeningCalculationByAngle":1,"GlassThickness":14,"ProfileWeightPerSerialMeter":2.5,"DrivePosition":1,"InstallationPosition":0,"LockingMechanism":1,"Voltage":1,"DriveType":3,"TypeOfInstallation":2,"GeometricArea":0,"CalcVentilation":1,"SpecificExhaustDimension":30,"BuildingDepth":75,"CalculationTypeForVentilation":1,"HeightOfProfile":0,"HeightProfileRectangleAngle1":0,"HeightProfileRectangleAngle2":0,"RevealDepth":0,"RevealDepthRectangleAngle1":0,"RevealDepthRectangleAngle2":0,"ChainLengthConnectingRodHandle":1,"ApplicationName":2,"OpeningAngle":4.5,"WeightIncGlassOrThickness":false,"AkippOrAtilt":0,"AdrehOrAturn":0,"Ageo":0,"MinPullingForceMax":0,"MinPushingForceMax":0,"MinPullingForcePermanent":0,"MinPushingForcePermanent":0,"ForceWithNegativeWind":0}

15:50:00.686 [main] DEBUG com.intuit.karate - response time in milliseconds: 654
1 < 200
1 < Content-Type: application/json; charset=utf-8
1 < Date: Tue, 12 Nov 2024 10:19:52 GMT
1 < Server: Microsoft-IIS/10.0
1 < X-Powered-By: ASP.NET
1 < Content-Length: 2045
1 < Connection: keep-alive
{
  "ProjectId": "d2659447-79dd-4004-bdd8-aebda2f103db",
  "Name": "asdefgh",
  "Description": "",
  "CustomTags": "",
  "ApplicationName": 2,
  "OpeningType": 4,
  "OpeningDirection": 1,
  "CalculateWeightWithGlass": false,
  "WindLoad": 120,
  "IsWindowOpeningCalculationByAngle": 1,
  "VentOuterWidth": 1230,
  "VentOuterHeight": 1085,
  "WeightIncGlassOrThickness": false,
  "VentWeight": 58,
  "VentWeightExact": 58.28425,
  "GlassThickness": 14,
  "ProfileWeightPerSerialMeter": 2.5,
  "FacadeInclination": 30,
  "ChainLengthConnectingRodHandle": 1,
  "ChainLenghtConnectingRodHandle": 0,
  "RequiredOpeningStroke": 750,
  "OpeningWidth": 1000,
  "OpeningAngle": 87.4573641830469,
  "SpecificExhaustDimension": 30,
  "BuildingDepth": 75,
  "SnowLoad": 880,
  "DistanceHinge": 0,
  "RatedCurrent": 0,
  "DrivePosition": 1,
  "LockingMechanism": 1,
  "Voltage": 1,
  "DriveType": 3,
  "TypeOfInstallation": 2,
  "GeometricArea": 0,
  "CalculationTypeForVentilation": 1,
  "HeightOfProfile": 0,
  "Reveal": 0,
  "RevealDepth": 0,
  "HeightProfileRectangleAngle1": 0,
  "HeightProfileRectangleAngle2": 0,
  "RevealDepthRectangleAngle1": 0,
  "RevealDepthRectangleAngle2": 0,
  "RevealDepthRectangleAngle12": 0,
  "InstallationPosition": 0,
  "RecommendedDriveArticleNo": 0,
  "System": "",
  "AkippOrAtilt": 3.4725,
  "AdrehOrAturn": 1.33455,
  "Ageo": 1.33455,
  "MinPullingForceMax": 1211.5655143092772,
  "MinPushingForceMax": 1598.6696092061018,
  "MinPullingForcePermanent": 610.8082336693205,
  "MinPushingForcePermanent": 610.8082336693205,
  "ForceWithNegativeWind": 1592.966065607161,
  "ForceWithNoWindMin": 433.69377874440676,
  "ForceWithNegativeWindMin": 1054.0226439457365,
  "ForceWithWindMin": 1211.5655143092772,
  "Id": "8b11d2e1-fe65-46bb-82a6-4442277b52f2",
  "CreatedOn": "0001-01-01T00:00:00",
  "CreatedBy": "579816e4-6653-4794-b435-a885f32e28d7",
  "ModifiedOn": "2024-11-12T10:19:52.7716504+00:00",
  "ModifiedBy": "579816e4-6653-4794-b435-a885f32e28d7"
}

15:50:00.687 [main] INFO  com.intuit.karate - Rounded Opening Angle: 87.0 
15:50:00.687 [main] INFO  com.intuit.karate - Rounded Ageo: 1.33 
15:50:00.687 [main] INFO  com.intuit.karate - Rounded Required Opening Stroke: 750 
15:50:00.687 [main] INFO  com.intuit.karate - Rounded Vent Weight: 58 
15:50:00.695 [main] INFO  com.intuit.karate - karate.env system property was: null 
15:50:00.698 [main] INFO  com.intuit.karate - Running test for dataset:  Dataset31 
15:50:00.701 [main] DEBUG com.intuit.karate - request:
1 > PUT https://dev-drivetec-apis.schuecodigitalsolutions.com/Configurations
1 > Content-Type: application/json; charset=UTF-8
1 > Content-Length: 1262
1 > Host: dev-drivetec-apis.schuecodigitalsolutions.com
1 > Connection: Keep-Alive
1 > User-Agent: Apache-HttpClient/4.5.14 (Java/17.0.12)
1 > Accept-Encoding: gzip,deflate
{"Id":"8b11d2e1-fe65-46bb-82a6-4442277b52f2","Name":"asdefgh","Description":"","ProjectId":"d2659447-79dd-4004-bdd8-aebda2f103db","CustomTags":"","CreatedBy":"579816e4-6653-4794-b435-a885f32e28d7","ModifiedBy":"579816e4-6653-4794-b435-a885f32e28d7","System":"","FacadeInclination":10,"OpeningType":5,"OpeningDirection":1,"OpeningWidth":1000,"VentOuterWidth":1230,"VentOuterHeight":1200,"VentWeight":0,"CalculateWeightWithGlass":false,"RequiredOpeningStroke":1200,"WindLoad":120,"SnowLoad":0,"IsWindowOpeningCalculationByAngle":1,"GlassThickness":14,"ProfileWeightPerSerialMeter":2.5,"DrivePosition":1,"InstallationPosition":0,"LockingMechanism":1,"Voltage":1,"DriveType":3,"TypeOfInstallation":2,"GeometricArea":0,"CalcVentilation":1,"SpecificExhaustDimension":30,"BuildingDepth":75,"CalculationTypeForVentilation":1,"HeightOfProfile":0,"HeightProfileRectangleAngle1":0,"HeightProfileRectangleAngle2":0,"RevealDepth":0,"RevealDepthRectangleAngle1":0,"RevealDepthRectangleAngle2":0,"ChainLengthConnectingRodHandle":1,"ApplicationName":2,"OpeningAngle":4.5,"WeightIncGlassOrThickness":false,"AkippOrAtilt":0,"AdrehOrAturn":0,"Ageo":0,"MinPullingForceMax":0,"MinPushingForceMax":0,"MinPullingForcePermanent":0,"MinPushingForcePermanent":0,"ForceWithNegativeWind":0}

15:50:01.359 [main] DEBUG com.intuit.karate - response time in milliseconds: 656
1 < 200
1 < Content-Type: application/json; charset=utf-8
1 < Date: Tue, 12 Nov 2024 10:19:53 GMT
1 < Server: Microsoft-IIS/10.0
1 < X-Powered-By: ASP.NET
1 < Content-Length: 1988
1 < Connection: keep-alive
{
  "ProjectId": "d2659447-79dd-4004-bdd8-aebda2f103db",
  "Name": "asdefgh",
  "Description": "",
  "CustomTags": "",
  "ApplicationName": 2,
  "OpeningType": 5,
  "OpeningDirection": 1,
  "CalculateWeightWithGlass": false,
  "WindLoad": 120,
  "IsWindowOpeningCalculationByAngle": 1,
  "VentOuterWidth": 1230,
  "VentOuterHeight": 1200,
  "WeightIncGlassOrThickness": false,
  "VentWeight": 64,
  "VentWeightExact": 63.81,
  "GlassThickness": 14,
  "ProfileWeightPerSerialMeter": 2.5,
  "FacadeInclination": 10,
  "ChainLengthConnectingRodHandle": 1,
  "ChainLenghtConnectingRodHandle": 0,
  "RequiredOpeningStroke": 1200,
  "OpeningWidth": 1000,
  "OpeningAngle": 180,
  "SpecificExhaustDimension": 30,
  "BuildingDepth": 75,
  "SnowLoad": 0,
  "DistanceHinge": 0,
  "RatedCurrent": 0,
  "DrivePosition": 1,
  "LockingMechanism": 1,
  "Voltage": 1,
  "DriveType": 3,
  "TypeOfInstallation": 2,
  "GeometricArea": 0,
  "CalculationTypeForVentilation": 1,
  "HeightOfProfile": 0,
  "Reveal": 0,
  "RevealDepth": 0,
  "HeightProfileRectangleAngle1": 0,
  "HeightProfileRectangleAngle2": 0,
  "RevealDepthRectangleAngle1": 0,
  "RevealDepthRectangleAngle2": 0,
  "RevealDepthRectangleAngle12": 0,
  "InstallationPosition": 0,
  "RecommendedDriveArticleNo": 0,
  "System": "",
  "AkippOrAtilt": 5.832,
  "AdrehOrAturn": 1.476,
  "Ageo": 1.476,
  "MinPullingForceMax": 0,
  "MinPushingForceMax": 633.7510916039267,
  "MinPullingForcePermanent": 628.415628838632,
  "MinPushingForcePermanent": 628.415628838632,
  "ForceWithNegativeWind": 625.7478974559846,
  "ForceWithNoWindMin": -155.42040963748997,
  "ForceWithNegativeWindMin": -276.86797516497245,
  "ForceWithWindMin": 0,
  "Id": "8b11d2e1-fe65-46bb-82a6-4442277b52f2",
  "CreatedOn": "0001-01-01T00:00:00",
  "CreatedBy": "579816e4-6653-4794-b435-a885f32e28d7",
  "ModifiedOn": "2024-11-12T10:19:53.4399726+00:00",
  "ModifiedBy": "579816e4-6653-4794-b435-a885f32e28d7"
}

15:50:01.362 [main] INFO  com.intuit.karate - Rounded Opening Angle: 180.0 
15:50:01.363 [main] INFO  com.intuit.karate - Rounded Ageo: 1.48 
15:50:01.363 [main] INFO  com.intuit.karate - Rounded Required Opening Stroke: 1200 
15:50:01.364 [main] INFO  com.intuit.karate - Rounded Vent Weight: 64 
15:50:01.370 [main] INFO  com.intuit.karate - karate.env system property was: null 
15:50:01.372 [main] INFO  com.intuit.karate - Running test for dataset:  Dataset32 
15:50:01.375 [main] DEBUG com.intuit.karate - request:
1 > PUT https://dev-drivetec-apis.schuecodigitalsolutions.com/Configurations
1 > Content-Type: application/json; charset=UTF-8
1 > Content-Length: 1259
1 > Host: dev-drivetec-apis.schuecodigitalsolutions.com
1 > Connection: Keep-Alive
1 > User-Agent: Apache-HttpClient/4.5.14 (Java/17.0.12)
1 > Accept-Encoding: gzip,deflate
{"Id":"8b11d2e1-fe65-46bb-82a6-4442277b52f2","Name":"asdefgh","Description":"","ProjectId":"d2659447-79dd-4004-bdd8-aebda2f103db","CustomTags":"","CreatedBy":"579816e4-6653-4794-b435-a885f32e28d7","ModifiedBy":"579816e4-6653-4794-b435-a885f32e28d7","System":"","FacadeInclination":10,"OpeningType":5,"OpeningDirection":1,"OpeningWidth":1000,"VentOuterWidth":230,"VentOuterHeight":500,"VentWeight":0,"CalculateWeightWithGlass":false,"RequiredOpeningStroke":1200,"WindLoad":120,"SnowLoad":0,"IsWindowOpeningCalculationByAngle":2,"GlassThickness":14,"ProfileWeightPerSerialMeter":2.5,"DrivePosition":1,"InstallationPosition":0,"LockingMechanism":1,"Voltage":1,"DriveType":3,"TypeOfInstallation":2,"GeometricArea":0,"CalcVentilation":1,"SpecificExhaustDimension":30,"BuildingDepth":75,"CalculationTypeForVentilation":1,"HeightOfProfile":0,"HeightProfileRectangleAngle1":0,"HeightProfileRectangleAngle2":0,"RevealDepth":0,"RevealDepthRectangleAngle1":0,"RevealDepthRectangleAngle2":0,"ChainLengthConnectingRodHandle":1,"ApplicationName":2,"OpeningAngle":96,"WeightIncGlassOrThickness":false,"AkippOrAtilt":0,"AdrehOrAturn":0,"Ageo":0,"MinPullingForceMax":0,"MinPushingForceMax":0,"MinPullingForcePermanent":0,"MinPushingForcePermanent":0,"ForceWithNegativeWind":0}

15:50:01.998 [main] DEBUG com.intuit.karate - response time in milliseconds: 623
1 < 200
1 < Content-Type: application/json; charset=utf-8
1 < Date: Tue, 12 Nov 2024 10:19:53 GMT
1 < Server: Microsoft-IIS/10.0
1 < X-Powered-By: ASP.NET
1 < Content-Length: 2023
1 < Connection: keep-alive
{
  "ProjectId": "d2659447-79dd-4004-bdd8-aebda2f103db",
  "Name": "asdefgh",
  "Description": "",
  "CustomTags": "",
  "ApplicationName": 2,
  "OpeningType": 5,
  "OpeningDirection": 1,
  "CalculateWeightWithGlass": false,
  "WindLoad": 120,
  "IsWindowOpeningCalculationByAngle": 2,
  "VentOuterWidth": 230,
  "VentOuterHeight": 500,
  "WeightIncGlassOrThickness": false,
  "VentWeight": 8,
  "VentWeightExact": 7.675000000000001,
  "GlassThickness": 14,
  "ProfileWeightPerSerialMeter": 2.5,
  "FacadeInclination": 10,
  "ChainLengthConnectingRodHandle": 1,
  "ChainLenghtConnectingRodHandle": 0,
  "RequiredOpeningStroke": 371.5724127386971,
  "OpeningWidth": 1000,
  "OpeningAngle": 96,
  "SpecificExhaustDimension": 30,
  "BuildingDepth": 75,
  "SnowLoad": 0,
  "DistanceHinge": 0,
  "RatedCurrent": 0,
  "DrivePosition": 1,
  "LockingMechanism": 1,
  "Voltage": 1,
  "DriveType": 3,
  "TypeOfInstallation": 2,
  "GeometricArea": 0,
  "CalculationTypeForVentilation": 1,
  "HeightOfProfile": 0,
  "Reveal": 0,
  "RevealDepth": 0,
  "HeightProfileRectangleAngle1": 0,
  "HeightProfileRectangleAngle2": 0,
  "RevealDepthRectangleAngle1": 0,
  "RevealDepthRectangleAngle2": 0,
  "RevealDepthRectangleAngle12": 0,
  "InstallationPosition": 0,
  "RecommendedDriveArticleNo": 0,
  "System": "",
  "AkippOrAtilt": 0.5424957225984978,
  "AdrehOrAturn": 0.115,
  "Ageo": 0.115,
  "MinPullingForceMax": 0,
  "MinPushingForceMax": 76.00087737460574,
  "MinPullingForcePermanent": 75.58517397487071,
  "MinPushingForcePermanent": 75.58517397487071,
  "ForceWithNegativeWind": 75.3773222750032,
  "ForceWithNoWindMin": -18.475142122838204,
  "ForceWithNegativeWindMin": -27.934830325833744,
  "ForceWithWindMin": 0,
  "Id": "8b11d2e1-fe65-46bb-82a6-4442277b52f2",
  "CreatedOn": "0001-01-01T00:00:00",
  "CreatedBy": "579816e4-6653-4794-b435-a885f32e28d7",
  "ModifiedOn": "2024-11-12T10:19:54.0954352+00:00",
  "ModifiedBy": "579816e4-6653-4794-b435-a885f32e28d7"
}

15:50:02.000 [main] INFO  com.intuit.karate - Rounded Opening Angle: 96.0 
15:50:02.000 [main] INFO  com.intuit.karate - Rounded Ageo: 0.12 
15:50:02.000 [main] INFO  com.intuit.karate - Rounded Required Opening Stroke: 372 
15:50:02.000 [main] INFO  com.intuit.karate - Rounded Vent Weight: 8.0 
15:50:02.007 [main] INFO  com.intuit.karate - karate.env system property was: null 
15:50:02.008 [main] INFO  com.intuit.karate - Running test for dataset:  Dataset33 
15:50:02.010 [main] DEBUG com.intuit.karate - request:
1 > PUT https://dev-drivetec-apis.schuecodigitalsolutions.com/Configurations
1 > Content-Type: application/json; charset=UTF-8
1 > Content-Length: 1259
1 > Host: dev-drivetec-apis.schuecodigitalsolutions.com
1 > Connection: Keep-Alive
1 > User-Agent: Apache-HttpClient/4.5.14 (Java/17.0.12)
1 > Accept-Encoding: gzip,deflate
{"Id":"8b11d2e1-fe65-46bb-82a6-4442277b52f2","Name":"asdefgh","Description":"","ProjectId":"d2659447-79dd-4004-bdd8-aebda2f103db","CustomTags":"","CreatedBy":"579816e4-6653-4794-b435-a885f32e28d7","ModifiedBy":"579816e4-6653-4794-b435-a885f32e28d7","System":"","FacadeInclination":10,"OpeningType":5,"OpeningDirection":1,"OpeningWidth":1000,"VentOuterWidth":230,"VentOuterHeight":650,"VentWeight":0,"CalculateWeightWithGlass":false,"RequiredOpeningStroke":1200,"WindLoad":120,"SnowLoad":0,"IsWindowOpeningCalculationByAngle":2,"GlassThickness":14,"ProfileWeightPerSerialMeter":2.5,"DrivePosition":1,"InstallationPosition":0,"LockingMechanism":1,"Voltage":1,"DriveType":3,"TypeOfInstallation":2,"GeometricArea":0,"CalcVentilation":1,"SpecificExhaustDimension":30,"BuildingDepth":75,"CalculationTypeForVentilation":1,"HeightOfProfile":0,"HeightProfileRectangleAngle1":0,"HeightProfileRectangleAngle2":0,"RevealDepth":0,"RevealDepthRectangleAngle1":0,"RevealDepthRectangleAngle2":0,"ChainLengthConnectingRodHandle":1,"ApplicationName":2,"OpeningAngle":75,"WeightIncGlassOrThickness":false,"AkippOrAtilt":0,"AdrehOrAturn":0,"Ageo":0,"MinPullingForceMax":0,"MinPushingForceMax":0,"MinPullingForcePermanent":0,"MinPushingForcePermanent":0,"ForceWithNegativeWind":0}

15:50:02.663 [main] DEBUG com.intuit.karate - response time in milliseconds: 652
1 < 200
1 < Content-Type: application/json; charset=utf-8
1 < Date: Tue, 12 Nov 2024 10:19:54 GMT
1 < Server: Microsoft-IIS/10.0
1 < X-Powered-By: ASP.NET
1 < Content-Length: 2044
1 < Connection: keep-alive
{
  "ProjectId": "d2659447-79dd-4004-bdd8-aebda2f103db",
  "Name": "asdefgh",
  "Description": "",
  "CustomTags": "",
  "ApplicationName": 2,
  "OpeningType": 5,
  "OpeningDirection": 1,
  "CalculateWeightWithGlass": false,
  "WindLoad": 120,
  "IsWindowOpeningCalculationByAngle": 2,
  "VentOuterWidth": 230,
  "VentOuterHeight": 650,
  "WeightIncGlassOrThickness": false,
  "VentWeight": 10,
  "VentWeightExact": 9.6325,
  "GlassThickness": 14,
  "ProfileWeightPerSerialMeter": 2.5,
  "FacadeInclination": 10,
  "ChainLengthConnectingRodHandle": 1,
  "ChainLenghtConnectingRodHandle": 0,
  "RequiredOpeningStroke": 395.6949288556684,
  "OpeningWidth": 1000,
  "OpeningAngle": 75,
  "SpecificExhaustDimension": 30,
  "BuildingDepth": 75,
  "SnowLoad": 0,
  "DistanceHinge": 0,
  "RatedCurrent": 0,
  "DrivePosition": 1,
  "LockingMechanism": 1,
  "Voltage": 1,
  "DriveType": 3,
  "TypeOfInstallation": 2,
  "GeometricArea": 0,
  "CalculationTypeForVentilation": 1,
  "HeightOfProfile": 0,
  "Reveal": 0,
  "RevealDepth": 0,
  "HeightProfileRectangleAngle1": 0,
  "HeightProfileRectangleAngle2": 0,
  "RevealDepthRectangleAngle1": 0,
  "RevealDepthRectangleAngle2": 0,
  "RevealDepthRectangleAngle12": 0,
  "InstallationPosition": 0,
  "RecommendedDriveArticleNo": 0,
  "System": "",
  "AkippOrAtilt": 0.6964230747859764,
  "AdrehOrAturn": 0.1495,
  "Ageo": 0.1495,
  "MinPullingForceMax": 32.90989509424829,
  "MinPushingForceMax": 95.40350084479458,
  "MinPullingForcePermanent": 94.86308642513904,
  "MinPushingForcePermanent": 94.86308642513904,
  "ForceWithNegativeWind": 94.59287921531127,
  "ForceWithNoWindMin": 10.45431748055561,
  "ForceWithNegativeWindMin": -0.773471326290732,
  "ForceWithWindMin": 32.90989509424829,
  "Id": "8b11d2e1-fe65-46bb-82a6-4442277b52f2",
  "CreatedOn": "0001-01-01T00:00:00",
  "CreatedBy": "579816e4-6653-4794-b435-a885f32e28d7",
  "ModifiedOn": "2024-11-12T10:19:54.753434+00:00",
  "ModifiedBy": "579816e4-6653-4794-b435-a885f32e28d7"
}

15:50:02.664 [main] INFO  com.intuit.karate - Rounded Opening Angle: 75.0 
15:50:02.666 [main] INFO  com.intuit.karate - Rounded Ageo: 0.15 
15:50:02.666 [main] INFO  com.intuit.karate - Rounded Required Opening Stroke: 396 
15:50:02.666 [main] INFO  com.intuit.karate - Rounded Vent Weight: 10.0 
15:50:02.672 [main] INFO  com.intuit.karate - karate.env system property was: null 
15:50:02.674 [main] INFO  com.intuit.karate - Running test for dataset:  Dataset34 
15:50:02.677 [main] DEBUG com.intuit.karate - request:
1 > PUT https://dev-drivetec-apis.schuecodigitalsolutions.com/Configurations
1 > Content-Type: application/json; charset=UTF-8
1 > Content-Length: 1260
1 > Host: dev-drivetec-apis.schuecodigitalsolutions.com
1 > Connection: Keep-Alive
1 > User-Agent: Apache-HttpClient/4.5.14 (Java/17.0.12)
1 > Accept-Encoding: gzip,deflate
{"Id":"8b11d2e1-fe65-46bb-82a6-4442277b52f2","Name":"asdefgh","Description":"","ProjectId":"d2659447-79dd-4004-bdd8-aebda2f103db","CustomTags":"","CreatedBy":"579816e4-6653-4794-b435-a885f32e28d7","ModifiedBy":"579816e4-6653-4794-b435-a885f32e28d7","System":"","FacadeInclination":45,"OpeningType":5,"OpeningDirection":1,"OpeningWidth":1000,"VentOuterWidth":1500,"VentOuterHeight":2100,"VentWeight":0,"CalculateWeightWithGlass":false,"RequiredOpeningStroke":400,"WindLoad":120,"SnowLoad":0,"IsWindowOpeningCalculationByAngle":1,"GlassThickness":22,"ProfileWeightPerSerialMeter":2.5,"DrivePosition":2,"InstallationPosition":0,"LockingMechanism":1,"Voltage":1,"DriveType":3,"TypeOfInstallation":2,"GeometricArea":0,"CalcVentilation":1,"SpecificExhaustDimension":30,"BuildingDepth":75,"CalculationTypeForVentilation":1,"HeightOfProfile":0,"HeightProfileRectangleAngle1":0,"HeightProfileRectangleAngle2":0,"RevealDepth":0,"RevealDepthRectangleAngle1":0,"RevealDepthRectangleAngle2":0,"ChainLengthConnectingRodHandle":5,"ApplicationName":2,"OpeningAngle":96,"WeightIncGlassOrThickness":false,"AkippOrAtilt":0,"AdrehOrAturn":0,"Ageo":0,"MinPullingForceMax":0,"MinPushingForceMax":0,"MinPullingForcePermanent":0,"MinPushingForcePermanent":0,"ForceWithNegativeWind":0}

15:50:03.315 [main] DEBUG com.intuit.karate - response time in milliseconds: 638
1 < 200
1 < Content-Type: application/json; charset=utf-8
1 < Date: Tue, 12 Nov 2024 10:19:54 GMT
1 < Server: Microsoft-IIS/10.0
1 < X-Powered-By: ASP.NET
1 < Content-Length: 2030
1 < Connection: keep-alive
{
  "ProjectId": "d2659447-79dd-4004-bdd8-aebda2f103db",
  "Name": "asdefgh",
  "Description": "",
  "CustomTags": "",
  "ApplicationName": 2,
  "OpeningType": 5,
  "OpeningDirection": 1,
  "CalculateWeightWithGlass": false,
  "WindLoad": 120,
  "IsWindowOpeningCalculationByAngle": 1,
  "VentOuterWidth": 1500,
  "VentOuterHeight": 2100,
  "WeightIncGlassOrThickness": false,
  "VentWeight": 191,
  "VentWeightExact": 191.25,
  "GlassThickness": 22,
  "ProfileWeightPerSerialMeter": 2.5,
  "FacadeInclination": 45,
  "ChainLengthConnectingRodHandle": 5,
  "ChainLenghtConnectingRodHandle": 0,
  "RequiredOpeningStroke": 400,
  "OpeningWidth": 1000,
  "OpeningAngle": 10.93004759981176,
  "SpecificExhaustDimension": 30,
  "BuildingDepth": 75,
  "SnowLoad": 0,
  "DistanceHinge": 0,
  "RatedCurrent": 0,
  "DrivePosition": 2,
  "LockingMechanism": 1,
  "Voltage": 1,
  "DriveType": 3,
  "TypeOfInstallation": 2,
  "GeometricArea": 0,
  "CalculationTypeForVentilation": 1,
  "HeightOfProfile": 0,
  "Reveal": 0,
  "RevealDepth": 0,
  "HeightProfileRectangleAngle1": 0,
  "HeightProfileRectangleAngle2": 0,
  "RevealDepthRectangleAngle1": 0,
  "RevealDepthRectangleAngle2": 0,
  "RevealDepthRectangleAngle12": 0,
  "InstallationPosition": 0,
  "RecommendedDriveArticleNo": 0,
  "System": "",
  "AkippOrAtilt": 1.44,
  "AdrehOrAturn": 3.15,
  "Ageo": 1.44,
  "MinPullingForceMax": 668.6668802632023,
  "MinPushingForceMax": 770.8647795169704,
  "MinPullingForcePermanent": 676.4400323911348,
  "MinPushingForcePermanent": 676.4400323911348,
  "ForceWithNegativeWind": 629.2276588282169,
  "ForceWithNoWindMin": 538.4586043926736,
  "ForceWithNegativeWindMin": 473.3544664574092,
  "ForceWithWindMin": 668.6668802632023,
  "Id": "8b11d2e1-fe65-46bb-82a6-4442277b52f2",
  "CreatedOn": "0001-01-01T00:00:00",
  "CreatedBy": "579816e4-6653-4794-b435-a885f32e28d7",
  "ModifiedOn": "2024-11-12T10:19:55.4112364+00:00",
  "ModifiedBy": "579816e4-6653-4794-b435-a885f32e28d7"
}

15:50:03.317 [main] INFO  com.intuit.karate - Rounded Opening Angle: 11.0 
15:50:03.318 [main] INFO  com.intuit.karate - Rounded Ageo: 1.44 
15:50:03.319 [main] INFO  com.intuit.karate - Rounded Required Opening Stroke: 400 
15:50:03.319 [main] INFO  com.intuit.karate - Rounded Vent Weight: 191.0 
15:50:03.325 [main] INFO  com.intuit.karate - karate.env system property was: null 
15:50:03.328 [main] INFO  com.intuit.karate - Running test for dataset:  Dataset35 
15:50:03.330 [main] DEBUG com.intuit.karate - request:
1 > PUT https://dev-drivetec-apis.schuecodigitalsolutions.com/Configurations
1 > Content-Type: application/json; charset=UTF-8
1 > Content-Length: 1263
1 > Host: dev-drivetec-apis.schuecodigitalsolutions.com
1 > Connection: Keep-Alive
1 > User-Agent: Apache-HttpClient/4.5.14 (Java/17.0.12)
1 > Accept-Encoding: gzip,deflate
{"Id":"8b11d2e1-fe65-46bb-82a6-4442277b52f2","Name":"asdefgh","Description":"","ProjectId":"d2659447-79dd-4004-bdd8-aebda2f103db","CustomTags":"","CreatedBy":"579816e4-6653-4794-b435-a885f32e28d7","ModifiedBy":"579816e4-6653-4794-b435-a885f32e28d7","System":"","FacadeInclination":45,"OpeningType":5,"OpeningDirection":1,"OpeningWidth":1000,"VentOuterWidth":1230,"VentOuterHeight":1100,"VentWeight":0,"CalculateWeightWithGlass":false,"RequiredOpeningStroke":750,"WindLoad":120,"SnowLoad":2980,"IsWindowOpeningCalculationByAngle":1,"GlassThickness":14,"ProfileWeightPerSerialMeter":2.5,"DrivePosition":1,"InstallationPosition":0,"LockingMechanism":1,"Voltage":1,"DriveType":3,"TypeOfInstallation":2,"GeometricArea":0,"CalcVentilation":1,"SpecificExhaustDimension":30,"BuildingDepth":75,"CalculationTypeForVentilation":1,"HeightOfProfile":0,"HeightProfileRectangleAngle1":0,"HeightProfileRectangleAngle2":0,"RevealDepth":0,"RevealDepthRectangleAngle1":0,"RevealDepthRectangleAngle2":0,"ChainLengthConnectingRodHandle":1,"ApplicationName":2,"OpeningAngle":96,"WeightIncGlassOrThickness":false,"AkippOrAtilt":0,"AdrehOrAturn":0,"Ageo":0,"MinPullingForceMax":0,"MinPushingForceMax":0,"MinPullingForcePermanent":0,"MinPushingForcePermanent":0,"ForceWithNegativeWind":0}

15:50:04.011 [main] DEBUG com.intuit.karate - response time in milliseconds: 680
1 < 200
1 < Content-Type: application/json; charset=utf-8
1 < Date: Tue, 12 Nov 2024 10:19:56 GMT
1 < Server: Microsoft-IIS/10.0
1 < X-Powered-By: ASP.NET
1 < Content-Length: 2044
1 < Connection: keep-alive
{
  "ProjectId": "d2659447-79dd-4004-bdd8-aebda2f103db",
  "Name": "asdefgh",
  "Description": "",
  "CustomTags": "",
  "ApplicationName": 2,
  "OpeningType": 5,
  "OpeningDirection": 1,
  "CalculateWeightWithGlass": false,
  "WindLoad": 120,
  "IsWindowOpeningCalculationByAngle": 1,
  "VentOuterWidth": 1230,
  "VentOuterHeight": 1100,
  "WeightIncGlassOrThickness": false,
  "VentWeight": 59,
  "VentWeightExact": 59.005,
  "GlassThickness": 14,
  "ProfileWeightPerSerialMeter": 2.5,
  "FacadeInclination": 45,
  "ChainLengthConnectingRodHandle": 1,
  "ChainLenghtConnectingRodHandle": 0,
  "RequiredOpeningStroke": 750,
  "OpeningWidth": 1000,
  "OpeningAngle": 85.97177216038077,
  "SpecificExhaustDimension": 30,
  "BuildingDepth": 75,
  "SnowLoad": 2980,
  "DistanceHinge": 0,
  "RatedCurrent": 0,
  "DrivePosition": 1,
  "LockingMechanism": 1,
  "Voltage": 1,
  "DriveType": 3,
  "TypeOfInstallation": 2,
  "GeometricArea": 0,
  "CalculationTypeForVentilation": 1,
  "HeightOfProfile": 0,
  "Reveal": 0,
  "RevealDepth": 0,
  "HeightProfileRectangleAngle1": 0,
  "HeightProfileRectangleAngle2": 0,
  "RevealDepthRectangleAngle1": 0,
  "RevealDepthRectangleAngle2": 0,
  "RevealDepthRectangleAngle12": 0,
  "InstallationPosition": 0,
  "RecommendedDriveArticleNo": 0,
  "System": "",
  "AkippOrAtilt": 3.495,
  "AdrehOrAturn": 1.353,
  "Ageo": 1.353,
  "MinPullingForceMax": -1124.4851433017366,
  "MinPushingForceMax": 1598.8109485153172,
  "MinPullingForcePermanent": 417.3944482221063,
  "MinPushingForcePermanent": 417.3944482221063,
  "ForceWithNegativeWind": 1517.6955943176947,
  "ForceWithNoWindMin": -528.6388434191788,
  "ForceWithNegativeWindMin": -1377.7142270112577,
  "ForceWithWindMin": -1124.4851433017366,
  "Id": "8b11d2e1-fe65-46bb-82a6-4442277b52f2",
  "CreatedOn": "0001-01-01T00:00:00",
  "CreatedBy": "579816e4-6653-4794-b435-a885f32e28d7",
  "ModifiedOn": "2024-11-12T10:19:56.0914869+00:00",
  "ModifiedBy": "579816e4-6653-4794-b435-a885f32e28d7"
}

15:50:04.013 [main] INFO  com.intuit.karate - Rounded Opening Angle: 86.0 
15:50:04.013 [main] INFO  com.intuit.karate - Rounded Ageo: 1.35 
15:50:04.013 [main] INFO  com.intuit.karate - Rounded Required Opening Stroke: 750 
15:50:04.014 [main] INFO  com.intuit.karate - Rounded Vent Weight: 59.0 
15:50:04.018 [main] INFO  com.intuit.karate - karate.env system property was: null 
15:50:04.020 [main] INFO  com.intuit.karate - Running test for dataset:  Dataset36 
15:50:04.022 [main] DEBUG com.intuit.karate - request:
1 > PUT https://dev-drivetec-apis.schuecodigitalsolutions.com/Configurations
1 > Content-Type: application/json; charset=UTF-8
1 > Content-Length: 1266
1 > Host: dev-drivetec-apis.schuecodigitalsolutions.com
1 > Connection: Keep-Alive
1 > User-Agent: Apache-HttpClient/4.5.14 (Java/17.0.12)
1 > Accept-Encoding: gzip,deflate
{"Id":"8b11d2e1-fe65-46bb-82a6-4442277b52f2","Name":"asdefgh","Description":"","ProjectId":"d2659447-79dd-4004-bdd8-aebda2f103db","CustomTags":"","CreatedBy":"579816e4-6653-4794-b435-a885f32e28d7","ModifiedBy":"579816e4-6653-4794-b435-a885f32e28d7","System":"","FacadeInclination":10,"OpeningType":2,"OpeningDirection":2,"OpeningWidth":1000,"VentOuterWidth":1651,"VentOuterHeight":1480,"VentWeight":0,"CalculateWeightWithGlass":false,"RequiredOpeningStroke":400,"WindLoad":120,"SnowLoad":0,"IsWindowOpeningCalculationByAngle":1,"GlassThickness":14,"ProfileWeightPerSerialMeter":2.5,"DrivePosition":1,"InstallationPosition":0,"LockingMechanism":1,"Voltage":1,"DriveType":1,"TypeOfInstallation":2,"GeometricArea":0,"CalcVentilation":2,"SpecificExhaustDimension":30,"BuildingDepth":60,"CalculationTypeForVentilation":2,"HeightOfProfile":0,"HeightProfileRectangleAngle1":75,"HeightProfileRectangleAngle2":200,"RevealDepth":0,"RevealDepthRectangleAngle1":50,"RevealDepthRectangleAngle2":100,"ChainLengthConnectingRodHandle":5,"ApplicationName":1,"OpeningAngle":96,"WeightIncGlassOrThickness":false,"AkippOrAtilt":0,"AdrehOrAturn":0,"Ageo":0,"MinPullingForceMax":0,"MinPushingForceMax":0,"MinPullingForcePermanent":0,"MinPushingForcePermanent":0,"ForceWithNegativeWind":0}

15:50:04.678 [main] DEBUG com.intuit.karate - response time in milliseconds: 655
1 < 200
1 < Content-Type: application/json; charset=utf-8
1 < Date: Tue, 12 Nov 2024 10:19:56 GMT
1 < Server: Microsoft-IIS/10.0
1 < X-Powered-By: ASP.NET
1 < transfer-encoding: chunked
1 < Connection: keep-alive
{
  "ProjectId": "d2659447-79dd-4004-bdd8-aebda2f103db",
  "Name": "asdefgh",
  "Description": "",
  "CustomTags": "",
  "ApplicationName": 1,
  "OpeningType": 2,
  "OpeningDirection": 2,
  "CalculateWeightWithGlass": false,
  "WindLoad": 120,
  "IsWindowOpeningCalculationByAngle": 1,
  "VentOuterWidth": 1651,
  "VentOuterHeight": 1480,
  "WeightIncGlassOrThickness": false,
  "VentWeight": 101,
  "VentWeightExact": 101.1768,
  "GlassThickness": 14,
  "ProfileWeightPerSerialMeter": 2.5,
  "FacadeInclination": 10,
  "ChainLengthConnectingRodHandle": 5,
  "ChainLenghtConnectingRodHandle": 0,
  "RequiredOpeningStroke": 400,
  "OpeningWidth": 1000,
  "OpeningAngle": 15.532868337024489,
  "SpecificExhaustDimension": 30,
  "BuildingDepth": 60,
  "SnowLoad": 0,
  "DistanceHinge": 0,
  "RatedCurrent": 0,
  "DrivePosition": 1,
  "LockingMechanism": 1,
  "Voltage": 1,
  "DriveType": 1,
  "TypeOfInstallation": 2,
  "GeometricArea": 0,
  "CalculationTypeForVentilation": 2,
  "HeightOfProfile": 0,
  "Reveal": 0,
  "RevealDepth": 0,
  "HeightProfileRectangleAngle1": 75,
  "HeightProfileRectangleAngle2": 200,
  "RevealDepthRectangleAngle1": 50,
  "RevealDepthRectangleAngle2": 100,
  "RevealDepthRectangleAngle12": 0,
  "InstallationPosition": 0,
  "RecommendedDriveArticleNo": 0,
  "System": "",
  "AkippOrAtilt": 1.2524,
  "AdrehOrAturn": 2.44348,
  "Ageo": 0.7637244746051348,
  "MinPullingForceMax": 54.82727232057026,
  "MinPushingForceMax": 196.24218060727657,
  "MinPullingForcePermanent": -87.40499060065328,
  "MinPushingForcePermanent": -87.40499060065328,
  "ForceWithNegativeWind": -229.6372535218768,
  "ForceWithNoWindMin": 49.67687701962203,
  "ForceWithNegativeWindMin": -96.88842656803251,
  "ForceWithWindMin": 54.82727232057026,
  "Id": "8b11d2e1-fe65-46bb-82a6-4442277b52f2",
  "CreatedOn": "0001-01-01T00:00:00",
  "CreatedBy": "579816e4-6653-4794-b435-a885f32e28d7",
  "ModifiedOn": "2024-11-12T10:19:56.7732898+00:00",
  "ModifiedBy": "579816e4-6653-4794-b435-a885f32e28d7"
}

15:50:04.680 [main] INFO  com.intuit.karate - Rounded Opening Angle: 16.0 
15:50:04.680 [main] INFO  com.intuit.karate - Rounded Ageo: 0.76 
15:50:04.680 [main] INFO  com.intuit.karate - Rounded Required Opening Stroke: 400 
15:50:04.680 [main] INFO  com.intuit.karate - Rounded Vent Weight: 101.0 
15:50:04.687 [main] INFO  com.intuit.karate - karate.env system property was: null 
15:50:04.689 [main] INFO  com.intuit.karate - Running test for dataset:  Dataset37 
15:50:04.690 [main] DEBUG com.intuit.karate - request:
1 > PUT https://dev-drivetec-apis.schuecodigitalsolutions.com/Configurations
1 > Content-Type: application/json; charset=UTF-8
1 > Content-Length: 1261
1 > Host: dev-drivetec-apis.schuecodigitalsolutions.com
1 > Connection: Keep-Alive
1 > User-Agent: Apache-HttpClient/4.5.14 (Java/17.0.12)
1 > Accept-Encoding: gzip,deflate
{"Id":"8b11d2e1-fe65-46bb-82a6-4442277b52f2","Name":"asdefgh","Description":"","ProjectId":"d2659447-79dd-4004-bdd8-aebda2f103db","CustomTags":"","CreatedBy":"579816e4-6653-4794-b435-a885f32e28d7","ModifiedBy":"579816e4-6653-4794-b435-a885f32e28d7","System":"","FacadeInclination":10,"OpeningType":4,"OpeningDirection":1,"OpeningWidth":1000,"VentOuterWidth":2100,"VentOuterHeight":1480,"VentWeight":0,"CalculateWeightWithGlass":false,"RequiredOpeningStroke":400,"WindLoad":120,"SnowLoad":0,"IsWindowOpeningCalculationByAngle":1,"GlassThickness":47,"ProfileWeightPerSerialMeter":2.5,"DrivePosition":2,"InstallationPosition":0,"LockingMechanism":1,"Voltage":1,"DriveType":3,"TypeOfInstallation":2,"GeometricArea":0,"CalcVentilation":2,"SpecificExhaustDimension":75,"BuildingDepth":100,"CalculationTypeForVentilation":2,"HeightOfProfile":0,"HeightProfileRectangleAngle1":0,"HeightProfileRectangleAngle2":0,"RevealDepth":0,"RevealDepthRectangleAngle1":0,"RevealDepthRectangleAngle2":0,"ChainLengthConnectingRodHandle":5,"ApplicationName":2,"OpeningAngle":96,"WeightIncGlassOrThickness":false,"AkippOrAtilt":0,"AdrehOrAturn":0,"Ageo":0,"MinPullingForceMax":0,"MinPushingForceMax":0,"MinPullingForcePermanent":0,"MinPushingForcePermanent":0,"ForceWithNegativeWind":0}

15:50:05.339 [main] DEBUG com.intuit.karate - response time in milliseconds: 648
1 < 200
1 < Content-Type: application/json; charset=utf-8
1 < Date: Tue, 12 Nov 2024 10:19:57 GMT
1 < Server: Microsoft-IIS/10.0
1 < X-Powered-By: ASP.NET
1 < Content-Length: 2056
1 < Connection: keep-alive
{
  "ProjectId": "d2659447-79dd-4004-bdd8-aebda2f103db",
  "Name": "asdefgh",
  "Description": "",
  "CustomTags": "",
  "ApplicationName": 2,
  "OpeningType": 4,
  "OpeningDirection": 1,
  "CalculateWeightWithGlass": false,
  "WindLoad": 120,
  "IsWindowOpeningCalculationByAngle": 1,
  "VentOuterWidth": 2100,
  "VentOuterHeight": 1480,
  "WeightIncGlassOrThickness": false,
  "VentWeight": 383,
  "VentWeightExact": 383.09,
  "GlassThickness": 47,
  "ProfileWeightPerSerialMeter": 2.5,
  "FacadeInclination": 10,
  "ChainLengthConnectingRodHandle": 5,
  "ChainLenghtConnectingRodHandle": 0,
  "RequiredOpeningStroke": 400,
  "OpeningWidth": 1000,
  "OpeningAngle": 15.532868337024489,
  "SpecificExhaustDimension": 75,
  "BuildingDepth": 100,
  "SnowLoad": 0,
  "DistanceHinge": 0,
  "RatedCurrent": 0,
  "DrivePosition": 2,
  "LockingMechanism": 1,
  "Voltage": 1,
  "DriveType": 3,
  "TypeOfInstallation": 2,
  "GeometricArea": 0,
  "CalculationTypeForVentilation": 2,
  "HeightOfProfile": 0,
  "Reveal": 0,
  "RevealDepth": 0,
  "HeightProfileRectangleAngle1": 0,
  "HeightProfileRectangleAngle2": 0,
  "RevealDepthRectangleAngle1": 0,
  "RevealDepthRectangleAngle2": 0,
  "RevealDepthRectangleAngle12": 0,
  "InstallationPosition": 0,
  "RecommendedDriveArticleNo": 0,
  "System": "",
  "AkippOrAtilt": 1.432,
  "AdrehOrAturn": 3.108,
  "Ageo": 0.7603129973673752,
  "MinPullingForceMax": 1891.9968512113069,
  "MinPushingForceMax": 1926.0816814420684,
  "MinPullingForcePermanent": 1925.2171371826232,
  "MinPushingForcePermanent": 1925.2171371826232,
  "ForceWithNegativeWind": 1924.9340287209216,
  "ForceWithNoWindMin": 1886.3794330966266,
  "ForceWithNegativeWindMin": 1883.5707240392865,
  "ForceWithWindMin": 1891.9968512113069,
  "Id": "8b11d2e1-fe65-46bb-82a6-4442277b52f2",
  "CreatedOn": "0001-01-01T00:00:00",
  "CreatedBy": "579816e4-6653-4794-b435-a885f32e28d7",
  "ModifiedOn": "2024-11-12T10:19:57.4294746+00:00",
  "ModifiedBy": "579816e4-6653-4794-b435-a885f32e28d7"
}

15:50:05.341 [main] INFO  com.intuit.karate - Rounded Opening Angle: 16.0 
15:50:05.342 [main] INFO  com.intuit.karate - Rounded Ageo: 0.76 
15:50:05.342 [main] INFO  com.intuit.karate - Rounded Required Opening Stroke: 400 
15:50:05.342 [main] INFO  com.intuit.karate - Rounded Vent Weight: 383.0 
15:50:05.347 [main] INFO  com.intuit.karate - karate.env system property was: null 
15:50:05.348 [main] INFO  com.intuit.karate - Running test for dataset:  Dataset38 
15:50:05.351 [main] DEBUG com.intuit.karate - request:
1 > PUT https://dev-drivetec-apis.schuecodigitalsolutions.com/Configurations
1 > Content-Type: application/json; charset=UTF-8
1 > Content-Length: 1264
1 > Host: dev-drivetec-apis.schuecodigitalsolutions.com
1 > Connection: Keep-Alive
1 > User-Agent: Apache-HttpClient/4.5.14 (Java/17.0.12)
1 > Accept-Encoding: gzip,deflate
{"Id":"8b11d2e1-fe65-46bb-82a6-4442277b52f2","Name":"asdefgh","Description":"","ProjectId":"d2659447-79dd-4004-bdd8-aebda2f103db","CustomTags":"","CreatedBy":"579816e4-6653-4794-b435-a885f32e28d7","ModifiedBy":"579816e4-6653-4794-b435-a885f32e28d7","System":"","FacadeInclination":10,"OpeningType":5,"OpeningDirection":1,"OpeningWidth":1000,"VentOuterWidth":1230,"VentOuterHeight":2000,"VentWeight":0,"CalculateWeightWithGlass":false,"RequiredOpeningStroke":400,"WindLoad":120,"SnowLoad":0,"IsWindowOpeningCalculationByAngle":2,"GlassThickness":14,"ProfileWeightPerSerialMeter":2.5,"DrivePosition":1,"InstallationPosition":0,"LockingMechanism":1,"Voltage":1,"DriveType":3,"TypeOfInstallation":2,"GeometricArea":0,"CalcVentilation":2,"SpecificExhaustDimension":30,"BuildingDepth":75,"CalculationTypeForVentilation":2,"HeightOfProfile":30,"HeightProfileRectangleAngle1":0,"HeightProfileRectangleAngle2":0,"RevealDepth":1000,"RevealDepthRectangleAngle1":0,"RevealDepthRectangleAngle2":0,"ChainLengthConnectingRodHandle":1,"ApplicationName":2,"OpeningAngle":74,"WeightIncGlassOrThickness":false,"AkippOrAtilt":0,"AdrehOrAturn":0,"Ageo":0,"MinPullingForceMax":0,"MinPushingForceMax":0,"MinPullingForcePermanent":0,"MinPushingForcePermanent":0,"ForceWithNegativeWind":0}

15:50:06.005 [main] DEBUG com.intuit.karate - response time in milliseconds: 654
1 < 200
1 < Content-Type: application/json; charset=utf-8
1 < Date: Tue, 12 Nov 2024 10:19:57 GMT
1 < Server: Microsoft-IIS/10.0
1 < X-Powered-By: ASP.NET
1 < Content-Length: 2065
1 < Connection: keep-alive
{
  "ProjectId": "d2659447-79dd-4004-bdd8-aebda2f103db",
  "Name": "asdefgh",
  "Description": "",
  "CustomTags": "",
  "ApplicationName": 2,
  "OpeningType": 5,
  "OpeningDirection": 1,
  "CalculateWeightWithGlass": false,
  "WindLoad": 120,
  "IsWindowOpeningCalculationByAngle": 2,
  "VentOuterWidth": 1230,
  "VentOuterHeight": 2000,
  "WeightIncGlassOrThickness": false,
  "VentWeight": 102,
  "VentWeightExact": 102.25,
  "GlassThickness": 14,
  "ProfileWeightPerSerialMeter": 2.5,
  "FacadeInclination": 10,
  "ChainLengthConnectingRodHandle": 1,
  "ChainLenghtConnectingRodHandle": 0,
  "RequiredOpeningStroke": 1203.6300463040966,
  "OpeningWidth": 1000,
  "OpeningAngle": 74,
  "SpecificExhaustDimension": 30,
  "BuildingDepth": 75,
  "SnowLoad": 0,
  "DistanceHinge": 0,
  "RatedCurrent": 0,
  "DrivePosition": 1,
  "LockingMechanism": 1,
  "Voltage": 1,
  "DriveType": 3,
  "TypeOfInstallation": 2,
  "GeometricArea": 0,
  "CalculationTypeForVentilation": 2,
  "HeightOfProfile": 30,
  "Reveal": 0,
  "RevealDepth": 1000,
  "HeightProfileRectangleAngle1": 0,
  "HeightProfileRectangleAngle2": 0,
  "RevealDepthRectangleAngle1": 0,
  "RevealDepthRectangleAngle2": 0,
  "RevealDepthRectangleAngle12": 0,
  "InstallationPosition": 0,
  "RecommendedDriveArticleNo": 0,
  "System": "",
  "AkippOrAtilt": 7.775450099124464,
  "AdrehOrAturn": 2.46,
  "Ageo": 2.1505097891814806,
  "MinPullingForceMax": 499.0591387590513,
  "MinPushingForceMax": 1015.874071679035,
  "MinPullingForcePermanent": 1006.9816337368769,
  "MinPushingForcePermanent": 1006.9816337368769,
  "ForceWithNegativeWind": 1002.5354147657979,
  "ForceWithNoWindMin": 133.37475616788768,
  "ForceWithNegativeWindMin": -49.4674351276941,
  "ForceWithWindMin": 499.0591387590513,
  "Id": "8b11d2e1-fe65-46bb-82a6-4442277b52f2",
  "CreatedOn": "0001-01-01T00:00:00",
  "CreatedBy": "579816e4-6653-4794-b435-a885f32e28d7",
  "ModifiedOn": "2024-11-12T10:19:58.0883064+00:00",
  "ModifiedBy": "579816e4-6653-4794-b435-a885f32e28d7"
}

15:50:06.006 [main] INFO  com.intuit.karate - Rounded Opening Angle: 74.0 
15:50:06.006 [main] INFO  com.intuit.karate - Rounded Ageo: 2.15 
15:50:06.006 [main] INFO  com.intuit.karate - Rounded Required Opening Stroke: 1204 
15:50:06.006 [main] INFO  com.intuit.karate - Rounded Vent Weight: 102.0 
15:50:06.014 [main] INFO  com.intuit.karate - karate.env system property was: null 
15:50:06.015 [main] INFO  com.intuit.karate - Running test for dataset:  Dataset39 
15:50:06.018 [main] DEBUG com.intuit.karate - request:
1 > PUT https://dev-drivetec-apis.schuecodigitalsolutions.com/Configurations
1 > Content-Type: application/json; charset=UTF-8
1 > Content-Length: 1264
1 > Host: dev-drivetec-apis.schuecodigitalsolutions.com
1 > Connection: Keep-Alive
1 > User-Agent: Apache-HttpClient/4.5.14 (Java/17.0.12)
1 > Accept-Encoding: gzip,deflate
{"Id":"8b11d2e1-fe65-46bb-82a6-4442277b52f2","Name":"asdefgh","Description":"","ProjectId":"d2659447-79dd-4004-bdd8-aebda2f103db","CustomTags":"","CreatedBy":"579816e4-6653-4794-b435-a885f32e28d7","ModifiedBy":"579816e4-6653-4794-b435-a885f32e28d7","System":"","FacadeInclination":10,"OpeningType":5,"OpeningDirection":1,"OpeningWidth":1000,"VentOuterWidth":1230,"VentOuterHeight":2000,"VentWeight":0,"CalculateWeightWithGlass":false,"RequiredOpeningStroke":400,"WindLoad":120,"SnowLoad":0,"IsWindowOpeningCalculationByAngle":2,"GlassThickness":14,"ProfileWeightPerSerialMeter":2.5,"DrivePosition":1,"InstallationPosition":0,"LockingMechanism":1,"Voltage":1,"DriveType":3,"TypeOfInstallation":2,"GeometricArea":0,"CalcVentilation":2,"SpecificExhaustDimension":30,"BuildingDepth":75,"CalculationTypeForVentilation":2,"HeightOfProfile":30,"HeightProfileRectangleAngle1":0,"HeightProfileRectangleAngle2":0,"RevealDepth":1000,"RevealDepthRectangleAngle1":0,"RevealDepthRectangleAngle2":0,"ChainLengthConnectingRodHandle":1,"ApplicationName":2,"OpeningAngle":73,"WeightIncGlassOrThickness":false,"AkippOrAtilt":0,"AdrehOrAturn":0,"Ageo":0,"MinPullingForceMax":0,"MinPushingForceMax":0,"MinPullingForcePermanent":0,"MinPushingForcePermanent":0,"ForceWithNegativeWind":0}

15:50:06.656 [main] DEBUG com.intuit.karate - response time in milliseconds: 637
1 < 200
1 < Content-Type: application/json; charset=utf-8
1 < Date: Tue, 12 Nov 2024 10:19:58 GMT
1 < Server: Microsoft-IIS/10.0
1 < X-Powered-By: ASP.NET
1 < Content-Length: 2064
1 < Connection: keep-alive
{
  "ProjectId": "d2659447-79dd-4004-bdd8-aebda2f103db",
  "Name": "asdefgh",
  "Description": "",
  "CustomTags": "",
  "ApplicationName": 2,
  "OpeningType": 5,
  "OpeningDirection": 1,
  "CalculateWeightWithGlass": false,
  "WindLoad": 120,
  "IsWindowOpeningCalculationByAngle": 2,
  "VentOuterWidth": 1230,
  "VentOuterHeight": 2000,
  "WeightIncGlassOrThickness": false,
  "VentWeight": 102,
  "VentWeightExact": 102.25,
  "GlassThickness": 14,
  "ProfileWeightPerSerialMeter": 2.5,
  "FacadeInclination": 10,
  "ChainLengthConnectingRodHandle": 1,
  "ChainLenghtConnectingRodHandle": 0,
  "RequiredOpeningStroke": 1189.6455735026825,
  "OpeningWidth": 1000,
  "OpeningAngle": 73,
  "SpecificExhaustDimension": 30,
  "BuildingDepth": 75,
  "SnowLoad": 0,
  "DistanceHinge": 0,
  "RatedCurrent": 0,
  "DrivePosition": 1,
  "LockingMechanism": 1,
  "Voltage": 1,
  "DriveType": 3,
  "TypeOfInstallation": 2,
  "GeometricArea": 0,
  "CalculationTypeForVentilation": 2,
  "HeightOfProfile": 30,
  "Reveal": 0,
  "RevealDepth": 1000,
  "HeightProfileRectangleAngle1": 0,
  "HeightProfileRectangleAngle2": 0,
  "RevealDepthRectangleAngle1": 0,
  "RevealDepthRectangleAngle2": 0,
  "RevealDepthRectangleAngle12": 0,
  "InstallationPosition": 0,
  "RecommendedDriveArticleNo": 0,
  "System": "",
  "AkippOrAtilt": 7.68511040482733,
  "AdrehOrAturn": 2.46,
  "Ageo": 2.1435158852847755,
  "MinPullingForceMax": 516.4628607013776,
  "MinPushingForceMax": 1015.874071679035,
  "MinPullingForcePermanent": 1006.9816337368769,
  "MinPushingForcePermanent": 1006.9816337368769,
  "ForceWithNegativeWind": 1002.5354147657979,
  "ForceWithNoWindMin": 154.59713331925406,
  "ForceWithNegativeWindMin": -26.3357303718077,
  "ForceWithWindMin": 516.4628607013776,
  "Id": "8b11d2e1-fe65-46bb-82a6-4442277b52f2",
  "CreatedOn": "0001-01-01T00:00:00",
  "CreatedBy": "579816e4-6653-4794-b435-a885f32e28d7",
  "ModifiedOn": "2024-11-12T10:19:58.7366132+00:00",
  "ModifiedBy": "579816e4-6653-4794-b435-a885f32e28d7"
}

15:50:06.658 [main] INFO  com.intuit.karate - Rounded Opening Angle: 73.0 
15:50:06.658 [main] INFO  com.intuit.karate - Rounded Ageo: 2.14 
15:50:06.658 [main] INFO  com.intuit.karate - Rounded Required Opening Stroke: 1190 
15:50:06.658 [main] INFO  com.intuit.karate - Rounded Vent Weight: 102.0 
15:50:06.667 [main] INFO  com.intuit.karate - karate.env system property was: null 
15:50:06.669 [main] INFO  com.intuit.karate - Running test for dataset:  Dataset40 
15:50:06.672 [main] DEBUG com.intuit.karate - request:
1 > PUT https://dev-drivetec-apis.schuecodigitalsolutions.com/Configurations
1 > Content-Type: application/json; charset=UTF-8
1 > Content-Length: 1264
1 > Host: dev-drivetec-apis.schuecodigitalsolutions.com
1 > Connection: Keep-Alive
1 > User-Agent: Apache-HttpClient/4.5.14 (Java/17.0.12)
1 > Accept-Encoding: gzip,deflate
{"Id":"8b11d2e1-fe65-46bb-82a6-4442277b52f2","Name":"asdefgh","Description":"","ProjectId":"d2659447-79dd-4004-bdd8-aebda2f103db","CustomTags":"","CreatedBy":"579816e4-6653-4794-b435-a885f32e28d7","ModifiedBy":"579816e4-6653-4794-b435-a885f32e28d7","System":"","FacadeInclination":10,"OpeningType":5,"OpeningDirection":1,"OpeningWidth":1000,"VentOuterWidth":1230,"VentOuterHeight":1000,"VentWeight":0,"CalculateWeightWithGlass":false,"RequiredOpeningStroke":750,"WindLoad":120,"SnowLoad":0,"IsWindowOpeningCalculationByAngle":1,"GlassThickness":14,"ProfileWeightPerSerialMeter":2.5,"DrivePosition":1,"InstallationPosition":0,"LockingMechanism":1,"Voltage":1,"DriveType":3,"TypeOfInstallation":2,"GeometricArea":0,"CalcVentilation":1,"SpecificExhaustDimension":30,"BuildingDepth":75,"CalculationTypeForVentilation":1,"HeightOfProfile":30,"HeightProfileRectangleAngle1":0,"HeightProfileRectangleAngle2":0,"RevealDepth":1000,"RevealDepthRectangleAngle1":0,"RevealDepthRectangleAngle2":0,"ChainLengthConnectingRodHandle":1,"ApplicationName":2,"OpeningAngle":74,"WeightIncGlassOrThickness":false,"AkippOrAtilt":0,"AdrehOrAturn":0,"Ageo":0,"MinPullingForceMax":0,"MinPushingForceMax":0,"MinPullingForcePermanent":0,"MinPushingForcePermanent":0,"ForceWithNegativeWind":0}

15:50:07.332 [main] DEBUG com.intuit.karate - response time in milliseconds: 660
1 < 200
1 < Content-Type: application/json; charset=utf-8
1 < Date: Tue, 12 Nov 2024 10:19:58 GMT
1 < Server: Microsoft-IIS/10.0
1 < X-Powered-By: ASP.NET
1 < Content-Length: 2017
1 < Connection: keep-alive
{
  "ProjectId": "d2659447-79dd-4004-bdd8-aebda2f103db",
  "Name": "asdefgh",
  "Description": "",
  "CustomTags": "",
  "ApplicationName": 2,
  "OpeningType": 5,
  "OpeningDirection": 1,
  "CalculateWeightWithGlass": false,
  "WindLoad": 120,
  "IsWindowOpeningCalculationByAngle": 1,
  "VentOuterWidth": 1230,
  "VentOuterHeight": 1000,
  "WeightIncGlassOrThickness": false,
  "VentWeight": 54,
  "VentWeightExact": 54.199999999999996,
  "GlassThickness": 14,
  "ProfileWeightPerSerialMeter": 2.5,
  "FacadeInclination": 10,
  "ChainLengthConnectingRodHandle": 1,
  "ChainLenghtConnectingRodHandle": 0,
  "RequiredOpeningStroke": 750,
  "OpeningWidth": 1000,
  "OpeningAngle": 97.18075578145829,
  "SpecificExhaustDimension": 30,
  "BuildingDepth": 75,
  "SnowLoad": 0,
  "DistanceHinge": 0,
  "RatedCurrent": 0,
  "DrivePosition": 1,
  "LockingMechanism": 1,
  "Voltage": 1,
  "DriveType": 3,
  "TypeOfInstallation": 2,
  "GeometricArea": 0,
  "CalculationTypeForVentilation": 1,
  "HeightOfProfile": 30,
  "Reveal": 0,
  "RevealDepth": 1000,
  "HeightProfileRectangleAngle1": 0,
  "HeightProfileRectangleAngle2": 0,
  "RevealDepthRectangleAngle1": 0,
  "RevealDepthRectangleAngle2": 0,
  "RevealDepthRectangleAngle12": 0,
  "InstallationPosition": 0,
  "RecommendedDriveArticleNo": 0,
  "System": "",
  "AkippOrAtilt": 3.345,
  "AdrehOrAturn": 1.23,
  "Ageo": 1.23,
  "MinPullingForceMax": 0,
  "MinPushingForceMax": 538.2203465851497,
  "MinPullingForcePermanent": 533.7741276140707,
  "MinPushingForcePermanent": 533.7741276140707,
  "ForceWithNegativeWind": 531.5510181285313,
  "ForceWithNoWindMin": -130.4694075645382,
  "ForceWithNegativeWindMin": -231.64694225744702,
  "ForceWithWindMin": 0,
  "Id": "8b11d2e1-fe65-46bb-82a6-4442277b52f2",
  "CreatedOn": "0001-01-01T00:00:00",
  "CreatedBy": "579816e4-6653-4794-b435-a885f32e28d7",
  "ModifiedOn": "2024-11-12T10:19:59.4209981+00:00",
  "ModifiedBy": "579816e4-6653-4794-b435-a885f32e28d7"
}

15:50:07.333 [main] INFO  com.intuit.karate - Rounded Opening Angle: 97.0 
15:50:07.334 [main] INFO  com.intuit.karate - Rounded Ageo: 1.23 
15:50:07.334 [main] INFO  com.intuit.karate - Rounded Required Opening Stroke: 750 
15:50:07.334 [main] INFO  com.intuit.karate - Rounded Vent Weight: 54.0 
15:50:07.340 [main] INFO  com.intuit.karate - karate.env system property was: null 
15:50:07.342 [main] INFO  com.intuit.karate - Running test for dataset:  Dataset41 
15:50:07.345 [main] DEBUG com.intuit.karate - request:
1 > PUT https://dev-drivetec-apis.schuecodigitalsolutions.com/Configurations
1 > Content-Type: application/json; charset=UTF-8
1 > Content-Length: 1263
1 > Host: dev-drivetec-apis.schuecodigitalsolutions.com
1 > Connection: Keep-Alive
1 > User-Agent: Apache-HttpClient/4.5.14 (Java/17.0.12)
1 > Accept-Encoding: gzip,deflate
{"Id":"8b11d2e1-fe65-46bb-82a6-4442277b52f2","Name":"asdefgh","Description":"","ProjectId":"d2659447-79dd-4004-bdd8-aebda2f103db","CustomTags":"","CreatedBy":"579816e4-6653-4794-b435-a885f32e28d7","ModifiedBy":"579816e4-6653-4794-b435-a885f32e28d7","System":"","FacadeInclination":0,"OpeningType":3,"OpeningDirection":1,"OpeningWidth":1000,"VentOuterWidth":1201,"VentOuterHeight":1000,"VentWeight":0,"CalculateWeightWithGlass":false,"RequiredOpeningStroke":400,"WindLoad":120,"SnowLoad":0,"IsWindowOpeningCalculationByAngle":1,"GlassThickness":14,"ProfileWeightPerSerialMeter":2.5,"DrivePosition":1,"InstallationPosition":0,"LockingMechanism":1,"Voltage":1,"DriveType":1,"TypeOfInstallation":2,"GeometricArea":0,"CalcVentilation":1,"SpecificExhaustDimension":30,"BuildingDepth":75,"CalculationTypeForVentilation":1,"HeightOfProfile":30,"HeightProfileRectangleAngle1":0,"HeightProfileRectangleAngle2":0,"RevealDepth":1000,"RevealDepthRectangleAngle1":0,"RevealDepthRectangleAngle2":0,"ChainLengthConnectingRodHandle":5,"ApplicationName":1,"OpeningAngle":74,"WeightIncGlassOrThickness":false,"AkippOrAtilt":0,"AdrehOrAturn":0,"Ageo":0,"MinPullingForceMax":0,"MinPushingForceMax":0,"MinPullingForcePermanent":0,"MinPushingForcePermanent":0,"ForceWithNegativeWind":0}

15:50:08.027 [main] DEBUG com.intuit.karate - response time in milliseconds: 681
1 < 200
1 < Content-Type: application/json; charset=utf-8
1 < Date: Tue, 12 Nov 2024 10:20:00 GMT
1 < Server: Microsoft-IIS/10.0
1 < X-Powered-By: ASP.NET
1 < Content-Length: 1992
1 < Connection: keep-alive
{
  "ProjectId": "d2659447-79dd-4004-bdd8-aebda2f103db",
  "Name": "asdefgh",
  "Description": "",
  "CustomTags": "",
  "ApplicationName": 1,
  "OpeningType": 3,
  "OpeningDirection": 1,
  "CalculateWeightWithGlass": false,
  "WindLoad": 120,
  "IsWindowOpeningCalculationByAngle": 1,
  "VentOuterWidth": 1201,
  "VentOuterHeight": 1000,
  "WeightIncGlassOrThickness": false,
  "VentWeight": 53,
  "VentWeightExact": 53.04,
  "GlassThickness": 14,
  "ProfileWeightPerSerialMeter": 2.5,
  "FacadeInclination": 0,
  "ChainLengthConnectingRodHandle": 5,
  "ChainLenghtConnectingRodHandle": 0,
  "RequiredOpeningStroke": 400,
  "OpeningWidth": 1000,
  "OpeningAngle": 19.172008828071117,
  "SpecificExhaustDimension": 30,
  "BuildingDepth": 75,
  "SnowLoad": 0,
  "DistanceHinge": 0,
  "RatedCurrent": 0,
  "DrivePosition": 1,
  "LockingMechanism": 1,
  "Voltage": 1,
  "DriveType": 1,
  "TypeOfInstallation": 2,
  "GeometricArea": 0,
  "CalculationTypeForVentilation": 1,
  "HeightOfProfile": 30,
  "Reveal": 0,
  "RevealDepth": 1000,
  "HeightProfileRectangleAngle1": 0,
  "HeightProfileRectangleAngle2": 0,
  "RevealDepthRectangleAngle1": 0,
  "RevealDepthRectangleAngle2": 0,
  "RevealDepthRectangleAngle12": 0,
  "InstallationPosition": 0,
  "RecommendedDriveArticleNo": 0,
  "System": "",
  "AkippOrAtilt": 0.8804,
  "AdrehOrAturn": 1.201,
  "Ageo": 0.8804,
  "MinPullingForceMax": -65.23478237053695,
  "MinPushingForceMax": -72.06000614977764,
  "MinPullingForcePermanent": 0,
  "MinPushingForcePermanent": 0,
  "ForceWithNegativeWind": 72.06000614977764,
  "ForceWithNoWindMin": 0,
  "ForceWithNegativeWindMin": 65.23478237053695,
  "ForceWithWindMin": -65.23478237053695,
  "Id": "8b11d2e1-fe65-46bb-82a6-4442277b52f2",
  "CreatedOn": "0001-01-01T00:00:00",
  "CreatedBy": "579816e4-6653-4794-b435-a885f32e28d7",
  "ModifiedOn": "2024-11-12T10:20:00.0878949+00:00",
  "ModifiedBy": "579816e4-6653-4794-b435-a885f32e28d7"
}

15:50:08.029 [main] INFO  com.intuit.karate - Rounded Opening Angle: 19.0 
15:50:08.029 [main] INFO  com.intuit.karate - Rounded Ageo: 0.88 
15:50:08.030 [main] INFO  com.intuit.karate - Rounded Required Opening Stroke: 400 
15:50:08.030 [main] INFO  com.intuit.karate - Rounded Vent Weight: 53.0 
15:50:08.038 [main] INFO  com.intuit.karate - karate.env system property was: null 
15:50:08.041 [main] INFO  com.intuit.karate - Running test for dataset:  Dataset42 
15:50:08.044 [main] DEBUG com.intuit.karate - request:
1 > PUT https://dev-drivetec-apis.schuecodigitalsolutions.com/Configurations
1 > Content-Type: application/json; charset=UTF-8
1 > Content-Length: 1268
1 > Host: dev-drivetec-apis.schuecodigitalsolutions.com
1 > Connection: Keep-Alive
1 > User-Agent: Apache-HttpClient/4.5.14 (Java/17.0.12)
1 > Accept-Encoding: gzip,deflate
{"Id":"8b11d2e1-fe65-46bb-82a6-4442277b52f2","Name":"asdefgh","Description":"","ProjectId":"d2659447-79dd-4004-bdd8-aebda2f103db","CustomTags":"","CreatedBy":"579816e4-6653-4794-b435-a885f32e28d7","ModifiedBy":"579816e4-6653-4794-b435-a885f32e28d7","System":"","FacadeInclination":0,"OpeningType":3,"OpeningDirection":2,"OpeningWidth":1000,"VentOuterWidth":1201,"VentOuterHeight":1000,"VentWeight":0,"CalculateWeightWithGlass":false,"RequiredOpeningStroke":400,"WindLoad":120,"SnowLoad":0,"IsWindowOpeningCalculationByAngle":1,"GlassThickness":14,"ProfileWeightPerSerialMeter":2.5,"DrivePosition":1,"InstallationPosition":0,"LockingMechanism":1,"Voltage":1,"DriveType":1,"TypeOfInstallation":2,"GeometricArea":0,"CalcVentilation":1,"SpecificExhaustDimension":45,"BuildingDepth":75,"CalculationTypeForVentilation":1,"HeightOfProfile":30,"HeightProfileRectangleAngle1":35,"HeightProfileRectangleAngle2":2,"RevealDepth":200,"RevealDepthRectangleAngle1":150,"RevealDepthRectangleAngle2":1000,"ChainLengthConnectingRodHandle":5,"ApplicationName":1,"OpeningAngle":10,"WeightIncGlassOrThickness":false,"AkippOrAtilt":0,"AdrehOrAturn":0,"Ageo":0,"MinPullingForceMax":0,"MinPushingForceMax":0,"MinPullingForcePermanent":0,"MinPushingForcePermanent":0,"ForceWithNegativeWind":0}

15:50:08.696 [main] DEBUG com.intuit.karate - response time in milliseconds: 650
1 < 200
1 < Content-Type: application/json; charset=utf-8
1 < Date: Tue, 12 Nov 2024 10:20:00 GMT
1 < Server: Microsoft-IIS/10.0
1 < X-Powered-By: ASP.NET
1 < Content-Length: 1996
1 < Connection: keep-alive
{
  "ProjectId": "d2659447-79dd-4004-bdd8-aebda2f103db",
  "Name": "asdefgh",
  "Description": "",
  "CustomTags": "",
  "ApplicationName": 1,
  "OpeningType": 3,
  "OpeningDirection": 2,
  "CalculateWeightWithGlass": false,
  "WindLoad": 120,
  "IsWindowOpeningCalculationByAngle": 1,
  "VentOuterWidth": 1201,
  "VentOuterHeight": 1000,
  "WeightIncGlassOrThickness": false,
  "VentWeight": 53,
  "VentWeightExact": 53.04,
  "GlassThickness": 14,
  "ProfileWeightPerSerialMeter": 2.5,
  "FacadeInclination": 0,
  "ChainLengthConnectingRodHandle": 5,
  "ChainLenghtConnectingRodHandle": 0,
  "RequiredOpeningStroke": 400,
  "OpeningWidth": 1000,
  "OpeningAngle": 19.172008828071117,
  "SpecificExhaustDimension": 45,
  "BuildingDepth": 75,
  "SnowLoad": 0,
  "DistanceHinge": 0,
  "RatedCurrent": 0,
  "DrivePosition": 1,
  "LockingMechanism": 1,
  "Voltage": 1,
  "DriveType": 1,
  "TypeOfInstallation": 2,
  "GeometricArea": 0,
  "CalculationTypeForVentilation": 1,
  "HeightOfProfile": 30,
  "Reveal": 0,
  "RevealDepth": 200,
  "HeightProfileRectangleAngle1": 35,
  "HeightProfileRectangleAngle2": 2,
  "RevealDepthRectangleAngle1": 150,
  "RevealDepthRectangleAngle2": 1000,
  "RevealDepthRectangleAngle12": 0,
  "InstallationPosition": 0,
  "RecommendedDriveArticleNo": 0,
  "System": "",
  "AkippOrAtilt": 0.8804,
  "AdrehOrAturn": 1.201,
  "Ageo": 0.8804,
  "MinPullingForceMax": 65.23478237053695,
  "MinPushingForceMax": 72.06000614977764,
  "MinPullingForcePermanent": 0,
  "MinPushingForcePermanent": 0,
  "ForceWithNegativeWind": -72.06000614977764,
  "ForceWithNoWindMin": 0,
  "ForceWithNegativeWindMin": -65.23478237053695,
  "ForceWithWindMin": 65.23478237053695,
  "Id": "8b11d2e1-fe65-46bb-82a6-4442277b52f2",
  "CreatedOn": "0001-01-01T00:00:00",
  "CreatedBy": "579816e4-6653-4794-b435-a885f32e28d7",
  "ModifiedOn": "2024-11-12T10:20:00.7903207+00:00",
  "ModifiedBy": "579816e4-6653-4794-b435-a885f32e28d7"
}

15:50:08.697 [main] INFO  com.intuit.karate - Rounded Opening Angle: 19.0 
15:50:08.700 [main] INFO  com.intuit.karate - Rounded Ageo: 0.88 
15:50:08.700 [main] INFO  com.intuit.karate - Rounded Required Opening Stroke: 400 
15:50:08.701 [main] INFO  com.intuit.karate - Rounded Vent Weight: 53.0 
15:50:08.709 [main] INFO  com.intuit.karate - karate.env system property was: null 
15:50:08.712 [main] INFO  com.intuit.karate - Running test for dataset:  Dataset43 
15:50:08.717 [main] DEBUG com.intuit.karate - request:
1 > PUT https://dev-drivetec-apis.schuecodigitalsolutions.com/Configurations
1 > Content-Type: application/json; charset=UTF-8
1 > Content-Length: 1271
1 > Host: dev-drivetec-apis.schuecodigitalsolutions.com
1 > Connection: Keep-Alive
1 > User-Agent: Apache-HttpClient/4.5.14 (Java/17.0.12)
1 > Accept-Encoding: gzip,deflate
{"Id":"8b11d2e1-fe65-46bb-82a6-4442277b52f2","Name":"asdefgh","Description":"","ProjectId":"d2659447-79dd-4004-bdd8-aebda2f103db","CustomTags":"","CreatedBy":"579816e4-6653-4794-b435-a885f32e28d7","ModifiedBy":"579816e4-6653-4794-b435-a885f32e28d7","System":"","FacadeInclination":0,"OpeningType":1,"OpeningDirection":1,"OpeningWidth":1000,"VentOuterWidth":1201,"VentOuterHeight":1000,"VentWeight":0,"CalculateWeightWithGlass":false,"RequiredOpeningStroke":400,"WindLoad":120,"SnowLoad":0,"IsWindowOpeningCalculationByAngle":1,"GlassThickness":14,"ProfileWeightPerSerialMeter":2.5,"DrivePosition":1,"InstallationPosition":0,"LockingMechanism":1,"Voltage":1,"DriveType":1,"TypeOfInstallation":2,"GeometricArea":0,"CalcVentilation":2,"SpecificExhaustDimension":45,"BuildingDepth":90,"CalculationTypeForVentilation":2,"HeightOfProfile":150,"HeightProfileRectangleAngle1":150,"HeightProfileRectangleAngle2":150,"RevealDepth":150,"RevealDepthRectangleAngle1":150,"RevealDepthRectangleAngle2":150,"ChainLengthConnectingRodHandle":5,"ApplicationName":1,"OpeningAngle":74,"WeightIncGlassOrThickness":false,"AkippOrAtilt":0,"AdrehOrAturn":0,"Ageo":0,"MinPullingForceMax":0,"MinPushingForceMax":0,"MinPullingForcePermanent":0,"MinPushingForcePermanent":0,"ForceWithNegativeWind":0}

15:50:09.416 [main] DEBUG com.intuit.karate - response time in milliseconds: 698
1 < 200
1 < Content-Type: application/json; charset=utf-8
1 < Date: Tue, 12 Nov 2024 10:20:01 GMT
1 < Server: Microsoft-IIS/10.0
1 < X-Powered-By: ASP.NET
1 < Content-Length: 2066
1 < Connection: keep-alive
{
  "ProjectId": "d2659447-79dd-4004-bdd8-aebda2f103db",
  "Name": "asdefgh",
  "Description": "",
  "CustomTags": "",
  "ApplicationName": 1,
  "OpeningType": 1,
  "OpeningDirection": 1,
  "CalculateWeightWithGlass": false,
  "WindLoad": 120,
  "IsWindowOpeningCalculationByAngle": 1,
  "VentOuterWidth": 1201,
  "VentOuterHeight": 1000,
  "WeightIncGlassOrThickness": false,
  "VentWeight": 53,
  "VentWeightExact": 53.04,
  "GlassThickness": 14,
  "ProfileWeightPerSerialMeter": 2.5,
  "FacadeInclination": 0,
  "ChainLengthConnectingRodHandle": 5,
  "ChainLenghtConnectingRodHandle": 0,
  "RequiredOpeningStroke": 400,
  "OpeningWidth": 1000,
  "OpeningAngle": 23.073918065630977,
  "SpecificExhaustDimension": 45,
  "BuildingDepth": 90,
  "SnowLoad": 0,
  "DistanceHinge": 0,
  "RatedCurrent": 0,
  "DrivePosition": 1,
  "LockingMechanism": 1,
  "Voltage": 1,
  "DriveType": 1,
  "TypeOfInstallation": 2,
  "GeometricArea": 0,
  "CalculationTypeForVentilation": 2,
  "HeightOfProfile": 150,
  "Reveal": 0,
  "RevealDepth": 150,
  "HeightProfileRectangleAngle1": 150,
  "HeightProfileRectangleAngle2": 150,
  "RevealDepthRectangleAngle1": 150,
  "RevealDepthRectangleAngle2": 150,
  "RevealDepthRectangleAngle12": 0,
  "InstallationPosition": 0,
  "RecommendedDriveArticleNo": 0,
  "System": "",
  "AkippOrAtilt": 0.8804,
  "AdrehOrAturn": 1.201,
  "Ageo": 0.3735492950895184,
  "MinPullingForceMax": -71.8487684604568,
  "MinPushingForceMax": -168.17314550645918,
  "MinPullingForcePermanent": -105.88166896820212,
  "MinPushingForcePermanent": -105.88166896820212,
  "ForceWithNegativeWind": 72.27114014782973,
  "ForceWithNoWindMin": 0.21118584368646143,
  "ForceWithNegativeWindMin": -43.59019242994507,
  "ForceWithWindMin": -71.8487684604568,
  "Id": "8b11d2e1-fe65-46bb-82a6-4442277b52f2",
  "CreatedOn": "0001-01-01T00:00:00",
  "CreatedBy": "579816e4-6653-4794-b435-a885f32e28d7",
  "ModifiedOn": "2024-11-12T10:20:01.5076701+00:00",
  "ModifiedBy": "579816e4-6653-4794-b435-a885f32e28d7"
}

15:50:09.417 [main] INFO  com.intuit.karate - Rounded Opening Angle: 23.0 
15:50:09.418 [main] INFO  com.intuit.karate - Rounded Ageo: 0.37 
15:50:09.418 [main] INFO  com.intuit.karate - Rounded Required Opening Stroke: 400 
15:50:09.418 [main] INFO  com.intuit.karate - Rounded Vent Weight: 53.0 
15:50:09.425 [main] INFO  com.intuit.karate - karate.env system property was: null 
15:50:09.427 [main] INFO  com.intuit.karate - Running test for dataset:  Dataset44 
15:50:09.431 [main] DEBUG com.intuit.karate - request:
1 > PUT https://dev-drivetec-apis.schuecodigitalsolutions.com/Configurations
1 > Content-Type: application/json; charset=UTF-8
1 > Content-Length: 1271
1 > Host: dev-drivetec-apis.schuecodigitalsolutions.com
1 > Connection: Keep-Alive
1 > User-Agent: Apache-HttpClient/4.5.14 (Java/17.0.12)
1 > Accept-Encoding: gzip,deflate
{"Id":"8b11d2e1-fe65-46bb-82a6-4442277b52f2","Name":"asdefgh","Description":"","ProjectId":"d2659447-79dd-4004-bdd8-aebda2f103db","CustomTags":"","CreatedBy":"579816e4-6653-4794-b435-a885f32e28d7","ModifiedBy":"579816e4-6653-4794-b435-a885f32e28d7","System":"","FacadeInclination":0,"OpeningType":1,"OpeningDirection":1,"OpeningWidth":1000,"VentOuterWidth":1230,"VentOuterHeight":4001,"VentWeight":260,"CalculateWeightWithGlass":false,"RequiredOpeningStroke":1201,"WindLoad":120,"SnowLoad":0,"IsWindowOpeningCalculationByAngle":1,"GlassThickness":0,"ProfileWeightPerSerialMeter":0,"DrivePosition":1,"InstallationPosition":0,"LockingMechanism":1,"Voltage":1,"DriveType":1,"TypeOfInstallation":2,"GeometricArea":0,"CalcVentilation":1,"SpecificExhaustDimension":45,"BuildingDepth":90,"CalculationTypeForVentilation":1,"HeightOfProfile":150,"HeightProfileRectangleAngle1":150,"HeightProfileRectangleAngle2":150,"RevealDepth":150,"RevealDepthRectangleAngle1":150,"RevealDepthRectangleAngle2":150,"ChainLengthConnectingRodHandle":5,"ApplicationName":1,"OpeningAngle":74,"WeightIncGlassOrThickness":false,"AkippOrAtilt":0,"AdrehOrAturn":0,"Ageo":0,"MinPullingForceMax":0,"MinPushingForceMax":0,"MinPullingForcePermanent":0,"MinPushingForcePermanent":0,"ForceWithNegativeWind":0}

15:50:10.162 [main] DEBUG com.intuit.karate - response time in milliseconds: 730
1 < 200
1 < Content-Type: application/json; charset=utf-8
1 < Date: Tue, 12 Nov 2024 10:20:01 GMT
1 < Server: Microsoft-IIS/10.0
1 < X-Powered-By: ASP.NET
1 < transfer-encoding: chunked
1 < Connection: keep-alive
{
  "ProjectId": "d2659447-79dd-4004-bdd8-aebda2f103db",
  "Name": "asdefgh",
  "Description": "",
  "CustomTags": "",
  "ApplicationName": 1,
  "OpeningType": 1,
  "OpeningDirection": 1,
  "CalculateWeightWithGlass": false,
  "WindLoad": 120,
  "IsWindowOpeningCalculationByAngle": 1,
  "VentOuterWidth": 1230,
  "VentOuterHeight": 4001,
  "WeightIncGlassOrThickness": false,
  "VentWeight": 260,
  "VentWeightExact": 260,
  "GlassThickness": 0,
  "ProfileWeightPerSerialMeter": 0,
  "FacadeInclination": 0,
  "ChainLengthConnectingRodHandle": 5,
  "ChainLenghtConnectingRodHandle": 0,
  "RequiredOpeningStroke": 1201,
  "OpeningWidth": 1000,
  "OpeningAngle": 17.26399215308786,
  "SpecificExhaustDimension": 45,
  "BuildingDepth": 90,
  "SnowLoad": 0,
  "DistanceHinge": 0,
  "RatedCurrent": 0,
  "DrivePosition": 1,
  "LockingMechanism": 1,
  "Voltage": 1,
  "DriveType": 1,
  "TypeOfInstallation": 2,
  "GeometricArea": 0,
  "CalculationTypeForVentilation": 1,
  "HeightOfProfile": 150,
  "Reveal": 0,
  "RevealDepth": 150,
  "HeightProfileRectangleAngle1": 150,
  "HeightProfileRectangleAngle2": 150,
  "RevealDepthRectangleAngle1": 150,
  "RevealDepthRectangleAngle2": 150,
  "RevealDepthRectangleAngle12": 0,
  "InstallationPosition": 0,
  "RecommendedDriveArticleNo": 0,
  "System": "",
  "AkippOrAtilt": 6.282431,
  "AdrehOrAturn": 4.92123,
  "Ageo": 4.92123,
  "MinPullingForceMax": -294.23838803223236,
  "MinPushingForceMax": -661.7145461325492,
  "MinPullingForcePermanent": -389.22740787357174,
  "MinPushingForcePermanent": -389.22740787357174,
  "ForceWithNegativeWind": 296.3088374801389,
  "ForceWithNoWindMin": 1.0352247239532424,
  "ForceWithNegativeWindMin": -116.74026961459424,
  "ForceWithWindMin": -294.23838803223236,
  "Id": "8b11d2e1-fe65-46bb-82a6-4442277b52f2",
  "CreatedOn": "0001-01-01T00:00:00",
  "CreatedBy": "579816e4-6653-4794-b435-a885f32e28d7",
  "ModifiedOn": "2024-11-12T10:20:02.1753722+00:00",
  "ModifiedBy": "579816e4-6653-4794-b435-a885f32e28d7"
}

15:50:10.165 [main] INFO  com.intuit.karate - Rounded Opening Angle: 17.0 
15:50:10.165 [main] INFO  com.intuit.karate - Rounded Ageo: 4.92 
15:50:10.165 [main] INFO  com.intuit.karate - Rounded Required Opening Stroke: 1201 
15:50:10.165 [main] INFO  com.intuit.karate - Rounded Vent Weight: 260.0 
15:50:10.174 [main] INFO  com.intuit.karate - karate.env system property was: null 
15:50:10.175 [main] INFO  com.intuit.karate - Running test for dataset:  Dataset45 
15:50:10.179 [main] DEBUG com.intuit.karate - request:
1 > PUT https://dev-drivetec-apis.schuecodigitalsolutions.com/Configurations
1 > Content-Type: application/json; charset=UTF-8
1 > Content-Length: 1271
1 > Host: dev-drivetec-apis.schuecodigitalsolutions.com
1 > Connection: Keep-Alive
1 > User-Agent: Apache-HttpClient/4.5.14 (Java/17.0.12)
1 > Accept-Encoding: gzip,deflate
{"Id":"8b11d2e1-fe65-46bb-82a6-4442277b52f2","Name":"asdefgh","Description":"","ProjectId":"d2659447-79dd-4004-bdd8-aebda2f103db","CustomTags":"","CreatedBy":"579816e4-6653-4794-b435-a885f32e28d7","ModifiedBy":"579816e4-6653-4794-b435-a885f32e28d7","System":"","FacadeInclination":27,"OpeningType":1,"OpeningDirection":1,"OpeningWidth":1000,"VentOuterWidth":1300,"VentOuterHeight":1480,"VentWeight":0,"CalculateWeightWithGlass":false,"RequiredOpeningStroke":700,"WindLoad":76,"SnowLoad":0,"IsWindowOpeningCalculationByAngle":1,"GlassThickness":14,"ProfileWeightPerSerialMeter":2.5,"DrivePosition":1,"InstallationPosition":0,"LockingMechanism":1,"Voltage":1,"DriveType":1,"TypeOfInstallation":2,"GeometricArea":0,"CalcVentilation":1,"SpecificExhaustDimension":45,"BuildingDepth":90,"CalculationTypeForVentilation":1,"HeightOfProfile":150,"HeightProfileRectangleAngle1":150,"HeightProfileRectangleAngle2":150,"RevealDepth":150,"RevealDepthRectangleAngle1":150,"RevealDepthRectangleAngle2":150,"ChainLengthConnectingRodHandle":5,"ApplicationName":1,"OpeningAngle":74,"WeightIncGlassOrThickness":false,"AkippOrAtilt":0,"AdrehOrAturn":0,"Ageo":0,"MinPullingForceMax":0,"MinPushingForceMax":0,"MinPullingForcePermanent":0,"MinPushingForcePermanent":0,"ForceWithNegativeWind":0}

15:50:10.811 [main] DEBUG com.intuit.karate - response time in milliseconds: 631
1 < 200
1 < Content-Type: application/json; charset=utf-8
1 < Date: Tue, 12 Nov 2024 10:20:02 GMT
1 < Server: Microsoft-IIS/10.0
1 < X-Powered-By: ASP.NET
1 < Content-Length: 2060
1 < Connection: keep-alive
{
  "ProjectId": "d2659447-79dd-4004-bdd8-aebda2f103db",
  "Name": "asdefgh",
  "Description": "",
  "CustomTags": "",
  "ApplicationName": 1,
  "OpeningType": 1,
  "OpeningDirection": 1,
  "CalculateWeightWithGlass": false,
  "WindLoad": 76,
  "IsWindowOpeningCalculationByAngle": 1,
  "VentOuterWidth": 1300,
  "VentOuterHeight": 1480,
  "WeightIncGlassOrThickness": false,
  "VentWeight": 81,
  "VentWeightExact": 81.24000000000001,
  "GlassThickness": 14,
  "ProfileWeightPerSerialMeter": 2.5,
  "FacadeInclination": 27,
  "ChainLengthConnectingRodHandle": 5,
  "ChainLenghtConnectingRodHandle": 0,
  "RequiredOpeningStroke": 700,
  "OpeningWidth": 1000,
  "OpeningAngle": 27.358524544154548,
  "SpecificExhaustDimension": 45,
  "BuildingDepth": 90,
  "SnowLoad": 0,
  "DistanceHinge": 0,
  "RatedCurrent": 0,
  "DrivePosition": 1,
  "LockingMechanism": 1,
  "Voltage": 1,
  "DriveType": 1,
  "TypeOfInstallation": 2,
  "GeometricArea": 0,
  "CalculationTypeForVentilation": 1,
  "HeightOfProfile": 150,
  "Reveal": 0,
  "RevealDepth": 150,
  "HeightProfileRectangleAngle1": 150,
  "HeightProfileRectangleAngle2": 150,
  "RevealDepthRectangleAngle1": 150,
  "RevealDepthRectangleAngle2": 150,
  "RevealDepthRectangleAngle12": 0,
  "InstallationPosition": 0,
  "RecommendedDriveArticleNo": 0,
  "System": "",
  "AkippOrAtilt": 1.946,
  "AdrehOrAturn": 1.924,
  "Ageo": 1.924,
  "MinPullingForceMax": -77.62685714172397,
  "MinPushingForceMax": 126.6025677007889,
  "MinPullingForcePermanent": 184.6126607670271,
  "MinPushingForcePermanent": 184.6126607670271,
  "ForceWithNegativeWind": 242.62275383326534,
  "ForceWithNoWindMin": -2.3829215886670383,
  "ForceWithNegativeWindMin": 72.86101396438988,
  "ForceWithWindMin": -77.62685714172397,
  "Id": "8b11d2e1-fe65-46bb-82a6-4442277b52f2",
  "CreatedOn": "0001-01-01T00:00:00",
  "CreatedBy": "579816e4-6653-4794-b435-a885f32e28d7",
  "ModifiedOn": "2024-11-12T10:20:02.9108241+00:00",
  "ModifiedBy": "579816e4-6653-4794-b435-a885f32e28d7"
}

15:50:10.812 [main] INFO  com.intuit.karate - Rounded Opening Angle: 27.0 
15:50:10.813 [main] INFO  com.intuit.karate - Rounded Ageo: 1.92 
15:50:10.814 [main] INFO  com.intuit.karate - Rounded Required Opening Stroke: 700 
15:50:10.814 [main] INFO  com.intuit.karate - Rounded Vent Weight: 81.0 
15:50:10.822 [main] INFO  com.intuit.karate - karate.env system property was: null 
15:50:10.825 [main] INFO  com.intuit.karate - Running test for dataset:  Dataset46 
15:50:10.827 [main] DEBUG com.intuit.karate - request:
1 > PUT https://dev-drivetec-apis.schuecodigitalsolutions.com/Configurations
1 > Content-Type: application/json; charset=UTF-8
1 > Content-Length: 1269
1 > Host: dev-drivetec-apis.schuecodigitalsolutions.com
1 > Connection: Keep-Alive
1 > User-Agent: Apache-HttpClient/4.5.14 (Java/17.0.12)
1 > Accept-Encoding: gzip,deflate
{"Id":"8b11d2e1-fe65-46bb-82a6-4442277b52f2","Name":"asdefgh","Description":"","ProjectId":"d2659447-79dd-4004-bdd8-aebda2f103db","CustomTags":"","CreatedBy":"579816e4-6653-4794-b435-a885f32e28d7","ModifiedBy":"579816e4-6653-4794-b435-a885f32e28d7","System":"","FacadeInclination":5,"OpeningType":2,"OpeningDirection":2,"OpeningWidth":1000,"VentOuterWidth":1230,"VentOuterHeight":1480,"VentWeight":62,"CalculateWeightWithGlass":false,"RequiredOpeningStroke":450,"WindLoad":121,"SnowLoad":0,"IsWindowOpeningCalculationByAngle":1,"GlassThickness":0,"ProfileWeightPerSerialMeter":0,"DrivePosition":1,"InstallationPosition":0,"LockingMechanism":1,"Voltage":1,"DriveType":1,"TypeOfInstallation":2,"GeometricArea":0,"CalcVentilation":1,"SpecificExhaustDimension":45,"BuildingDepth":90,"CalculationTypeForVentilation":1,"HeightOfProfile":150,"HeightProfileRectangleAngle1":150,"HeightProfileRectangleAngle2":150,"RevealDepth":150,"RevealDepthRectangleAngle1":150,"RevealDepthRectangleAngle2":150,"ChainLengthConnectingRodHandle":5,"ApplicationName":1,"OpeningAngle":74,"WeightIncGlassOrThickness":false,"AkippOrAtilt":0,"AdrehOrAturn":0,"Ageo":0,"MinPullingForceMax":0,"MinPushingForceMax":0,"MinPullingForcePermanent":0,"MinPushingForcePermanent":0,"ForceWithNegativeWind":0}

15:50:11.449 [main] DEBUG com.intuit.karate - response time in milliseconds: 622
1 < 200
1 < Content-Type: application/json; charset=utf-8
1 < Date: Tue, 12 Nov 2024 10:20:02 GMT
1 < Server: Microsoft-IIS/10.0
1 < X-Powered-By: ASP.NET
1 < Content-Length: 2045
1 < Connection: keep-alive
{
  "ProjectId": "d2659447-79dd-4004-bdd8-aebda2f103db",
  "Name": "asdefgh",
  "Description": "",
  "CustomTags": "",
  "ApplicationName": 1,
  "OpeningType": 2,
  "OpeningDirection": 2,
  "CalculateWeightWithGlass": false,
  "WindLoad": 121,
  "IsWindowOpeningCalculationByAngle": 1,
  "VentOuterWidth": 1230,
  "VentOuterHeight": 1480,
  "WeightIncGlassOrThickness": false,
  "VentWeight": 62,
  "VentWeightExact": 62,
  "GlassThickness": 0,
  "ProfileWeightPerSerialMeter": 0,
  "FacadeInclination": 5,
  "ChainLengthConnectingRodHandle": 5,
  "ChainLenghtConnectingRodHandle": 0,
  "RequiredOpeningStroke": 450,
  "OpeningWidth": 1000,
  "OpeningAngle": 17.488828112226656,
  "SpecificExhaustDimension": 45,
  "BuildingDepth": 90,
  "SnowLoad": 0,
  "DistanceHinge": 0,
  "RatedCurrent": 0,
  "DrivePosition": 1,
  "LockingMechanism": 1,
  "Voltage": 1,
  "DriveType": 1,
  "TypeOfInstallation": 2,
  "GeometricArea": 0,
  "CalculationTypeForVentilation": 1,
  "HeightOfProfile": 150,
  "Reveal": 0,
  "RevealDepth": 150,
  "HeightProfileRectangleAngle1": 150,
  "HeightProfileRectangleAngle2": 150,
  "RevealDepthRectangleAngle1": 150,
  "RevealDepthRectangleAngle2": 150,
  "RevealDepthRectangleAngle12": 0,
  "InstallationPosition": 0,
  "RecommendedDriveArticleNo": 0,
  "System": "",
  "AkippOrAtilt": 1.2195,
  "AdrehOrAturn": 1.8204,
  "Ageo": 1.2195,
  "MinPullingForceMax": 82.55491940479193,
  "MinPushingForceMax": 174.2619665121985,
  "MinPullingForcePermanent": 68.08302671183762,
  "MinPushingForcePermanent": 68.08302671183762,
  "ForceWithNegativeWind": -136.07229237210035,
  "ForceWithNoWindMin": -26.758686483654206,
  "ForceWithNegativeWindMin": -38.09591308852329,
  "ForceWithWindMin": 82.55491940479193,
  "Id": "8b11d2e1-fe65-46bb-82a6-4442277b52f2",
  "CreatedOn": "0001-01-01T00:00:00",
  "CreatedBy": "579816e4-6653-4794-b435-a885f32e28d7",
  "ModifiedOn": "2024-11-12T10:20:03.5438132+00:00",
  "ModifiedBy": "579816e4-6653-4794-b435-a885f32e28d7"
}

15:50:11.450 [main] INFO  com.intuit.karate - Rounded Opening Angle: 17.0 
15:50:11.451 [main] INFO  com.intuit.karate - Rounded Ageo: 1.22 
15:50:11.451 [main] INFO  com.intuit.karate - Rounded Required Opening Stroke: 450 
15:50:11.451 [main] INFO  com.intuit.karate - Rounded Vent Weight: 62.0 
15:50:11.460 [main] INFO  com.intuit.karate - karate.env system property was: null 
15:50:11.464 [main] INFO  com.intuit.karate - Running test for dataset:  Dataset47 
15:50:11.466 [main] DEBUG com.intuit.karate - request:
1 > PUT https://dev-drivetec-apis.schuecodigitalsolutions.com/Configurations
1 > Content-Type: application/json; charset=UTF-8
1 > Content-Length: 1269
1 > Host: dev-drivetec-apis.schuecodigitalsolutions.com
1 > Connection: Keep-Alive
1 > User-Agent: Apache-HttpClient/4.5.14 (Java/17.0.12)
1 > Accept-Encoding: gzip,deflate
{"Id":"8b11d2e1-fe65-46bb-82a6-4442277b52f2","Name":"asdefgh","Description":"","ProjectId":"d2659447-79dd-4004-bdd8-aebda2f103db","CustomTags":"","CreatedBy":"579816e4-6653-4794-b435-a885f32e28d7","ModifiedBy":"579816e4-6653-4794-b435-a885f32e28d7","System":"","FacadeInclination":5,"OpeningType":2,"OpeningDirection":2,"OpeningWidth":1000,"VentOuterWidth":1230,"VentOuterHeight":1480,"VentWeight":62,"CalculateWeightWithGlass":false,"RequiredOpeningStroke":450,"WindLoad":122,"SnowLoad":0,"IsWindowOpeningCalculationByAngle":1,"GlassThickness":0,"ProfileWeightPerSerialMeter":0,"DrivePosition":1,"InstallationPosition":0,"LockingMechanism":1,"Voltage":1,"DriveType":1,"TypeOfInstallation":2,"GeometricArea":0,"CalcVentilation":1,"SpecificExhaustDimension":45,"BuildingDepth":90,"CalculationTypeForVentilation":1,"HeightOfProfile":150,"HeightProfileRectangleAngle1":150,"HeightProfileRectangleAngle2":150,"RevealDepth":150,"RevealDepthRectangleAngle1":150,"RevealDepthRectangleAngle2":150,"ChainLengthConnectingRodHandle":5,"ApplicationName":1,"OpeningAngle":74,"WeightIncGlassOrThickness":false,"AkippOrAtilt":0,"AdrehOrAturn":0,"Ageo":0,"MinPullingForceMax":0,"MinPushingForceMax":0,"MinPullingForcePermanent":0,"MinPushingForcePermanent":0,"ForceWithNegativeWind":0}

15:50:12.119 [main] DEBUG com.intuit.karate - response time in milliseconds: 652
1 < 200
1 < Content-Type: application/json; charset=utf-8
1 < Date: Tue, 12 Nov 2024 10:20:04 GMT
1 < Server: Microsoft-IIS/10.0
1 < X-Powered-By: ASP.NET
1 < Content-Length: 2047
1 < Connection: keep-alive
{
  "ProjectId": "d2659447-79dd-4004-bdd8-aebda2f103db",
  "Name": "asdefgh",
  "Description": "",
  "CustomTags": "",
  "ApplicationName": 1,
  "OpeningType": 2,
  "OpeningDirection": 2,
  "CalculateWeightWithGlass": false,
  "WindLoad": 122,
  "IsWindowOpeningCalculationByAngle": 1,
  "VentOuterWidth": 1230,
  "VentOuterHeight": 1480,
  "WeightIncGlassOrThickness": false,
  "VentWeight": 62,
  "VentWeightExact": 62,
  "GlassThickness": 0,
  "ProfileWeightPerSerialMeter": 0,
  "FacadeInclination": 5,
  "ChainLengthConnectingRodHandle": 5,
  "ChainLenghtConnectingRodHandle": 0,
  "RequiredOpeningStroke": 450,
  "OpeningWidth": 1000,
  "OpeningAngle": 17.488828112226656,
  "SpecificExhaustDimension": 45,
  "BuildingDepth": 90,
  "SnowLoad": 0,
  "DistanceHinge": 0,
  "RatedCurrent": 0,
  "DrivePosition": 1,
  "LockingMechanism": 1,
  "Voltage": 1,
  "DriveType": 1,
  "TypeOfInstallation": 2,
  "GeometricArea": 0,
  "CalculationTypeForVentilation": 1,
  "HeightOfProfile": 150,
  "Reveal": 0,
  "RevealDepth": 150,
  "HeightProfileRectangleAngle1": 150,
  "HeightProfileRectangleAngle2": 150,
  "RevealDepthRectangleAngle1": 150,
  "RevealDepthRectangleAngle2": 150,
  "RevealDepthRectangleAngle12": 0,
  "InstallationPosition": 0,
  "RecommendedDriveArticleNo": 0,
  "System": "",
  "AkippOrAtilt": 1.2195,
  "AdrehOrAturn": 1.8204,
  "Ageo": 1.2195,
  "MinPullingForceMax": 83.45833763527494,
  "MinPushingForceMax": 175.13947841137505,
  "MinPullingForcePermanent": 68.08302671183762,
  "MinPushingForcePermanent": 68.08302671183762,
  "ForceWithNegativeWind": -136.97571060258335,
  "ForceWithNoWindMin": -26.758686483654206,
  "ForceWithNegativeWindMin": -38.973424987699815,
  "ForceWithWindMin": 83.45833763527494,
  "Id": "8b11d2e1-fe65-46bb-82a6-4442277b52f2",
  "CreatedOn": "0001-01-01T00:00:00",
  "CreatedBy": "579816e4-6653-4794-b435-a885f32e28d7",
  "ModifiedOn": "2024-11-12T10:20:04.2120481+00:00",
  "ModifiedBy": "579816e4-6653-4794-b435-a885f32e28d7"
}

15:50:12.124 [main] INFO  com.intuit.karate - Rounded Opening Angle: 17.0 
15:50:12.124 [main] INFO  com.intuit.karate - Rounded Ageo: 1.22 
15:50:12.125 [main] INFO  com.intuit.karate - Rounded Required Opening Stroke: 450 
15:50:12.125 [main] INFO  com.intuit.karate - Rounded Vent Weight: 62.0 
15:50:12.131 [main] INFO  com.intuit.karate - karate.env system property was: null 
15:50:12.134 [main] INFO  com.intuit.karate - Running test for dataset:  Dataset48 
15:50:12.138 [main] DEBUG com.intuit.karate - request:
1 > PUT https://dev-drivetec-apis.schuecodigitalsolutions.com/Configurations
1 > Content-Type: application/json; charset=UTF-8
1 > Content-Length: 1270
1 > Host: dev-drivetec-apis.schuecodigitalsolutions.com
1 > Connection: Keep-Alive
1 > User-Agent: Apache-HttpClient/4.5.14 (Java/17.0.12)
1 > Accept-Encoding: gzip,deflate
{"Id":"8b11d2e1-fe65-46bb-82a6-4442277b52f2","Name":"asdefgh","Description":"","ProjectId":"d2659447-79dd-4004-bdd8-aebda2f103db","CustomTags":"","CreatedBy":"579816e4-6653-4794-b435-a885f32e28d7","ModifiedBy":"579816e4-6653-4794-b435-a885f32e28d7","System":"","FacadeInclination":5,"OpeningType":2,"OpeningDirection":2,"OpeningWidth":1000,"VentOuterWidth":1230,"VentOuterHeight":1480,"VentWeight":130,"CalculateWeightWithGlass":false,"RequiredOpeningStroke":450,"WindLoad":122,"SnowLoad":0,"IsWindowOpeningCalculationByAngle":1,"GlassThickness":0,"ProfileWeightPerSerialMeter":0,"DrivePosition":1,"InstallationPosition":0,"LockingMechanism":1,"Voltage":1,"DriveType":1,"TypeOfInstallation":2,"GeometricArea":0,"CalcVentilation":1,"SpecificExhaustDimension":45,"BuildingDepth":90,"CalculationTypeForVentilation":1,"HeightOfProfile":150,"HeightProfileRectangleAngle1":150,"HeightProfileRectangleAngle2":150,"RevealDepth":150,"RevealDepthRectangleAngle1":150,"RevealDepthRectangleAngle2":150,"ChainLengthConnectingRodHandle":5,"ApplicationName":1,"OpeningAngle":74,"WeightIncGlassOrThickness":false,"AkippOrAtilt":0,"AdrehOrAturn":0,"Ageo":0,"MinPullingForceMax":0,"MinPushingForceMax":0,"MinPullingForcePermanent":0,"MinPushingForcePermanent":0,"ForceWithNegativeWind":0}

15:50:12.785 [main] DEBUG com.intuit.karate - response time in milliseconds: 646
1 < 200
1 < Content-Type: application/json; charset=utf-8
1 < Date: Tue, 12 Nov 2024 10:20:04 GMT
1 < Server: Microsoft-IIS/10.0
1 < X-Powered-By: ASP.NET
1 < Content-Length: 2047
1 < Connection: keep-alive
{
  "ProjectId": "d2659447-79dd-4004-bdd8-aebda2f103db",
  "Name": "asdefgh",
  "Description": "",
  "CustomTags": "",
  "ApplicationName": 1,
  "OpeningType": 2,
  "OpeningDirection": 2,
  "CalculateWeightWithGlass": false,
  "WindLoad": 122,
  "IsWindowOpeningCalculationByAngle": 1,
  "VentOuterWidth": 1230,
  "VentOuterHeight": 1480,
  "WeightIncGlassOrThickness": false,
  "VentWeight": 130,
  "VentWeightExact": 130,
  "GlassThickness": 0,
  "ProfileWeightPerSerialMeter": 0,
  "FacadeInclination": 5,
  "ChainLengthConnectingRodHandle": 5,
  "ChainLenghtConnectingRodHandle": 0,
  "RequiredOpeningStroke": 450,
  "OpeningWidth": 1000,
  "OpeningAngle": 17.488828112226656,
  "SpecificExhaustDimension": 45,
  "BuildingDepth": 90,
  "SnowLoad": 0,
  "DistanceHinge": 0,
  "RatedCurrent": 0,
  "DrivePosition": 1,
  "LockingMechanism": 1,
  "Voltage": 1,
  "DriveType": 1,
  "TypeOfInstallation": 2,
  "GeometricArea": 0,
  "CalculationTypeForVentilation": 1,
  "HeightOfProfile": 150,
  "Reveal": 0,
  "RevealDepth": 150,
  "HeightProfileRectangleAngle1": 150,
  "HeightProfileRectangleAngle2": 150,
  "RevealDepthRectangleAngle1": 150,
  "RevealDepthRectangleAngle2": 150,
  "RevealDepthRectangleAngle12": 0,
  "InstallationPosition": 0,
  "RecommendedDriveArticleNo": 0,
  "System": "",
  "AkippOrAtilt": 1.2195,
  "AdrehOrAturn": 1.8204,
  "Ageo": 1.2195,
  "MinPullingForceMax": 54.110100846750974,
  "MinPushingForceMax": 249.81118512758403,
  "MinPullingForcePermanent": 142.7547334280466,
  "MinPushingForcePermanent": 142.7547334280466,
  "ForceWithNegativeWind": -166.3239473911073,
  "ForceWithNoWindMin": -56.10692327217817,
  "ForceWithNegativeWindMin": 35.69828172850916,
  "ForceWithWindMin": 54.110100846750974,
  "Id": "8b11d2e1-fe65-46bb-82a6-4442277b52f2",
  "CreatedOn": "0001-01-01T00:00:00",
  "CreatedBy": "579816e4-6653-4794-b435-a885f32e28d7",
  "ModifiedOn": "2024-11-12T10:20:04.8781876+00:00",
  "ModifiedBy": "579816e4-6653-4794-b435-a885f32e28d7"
}

15:50:12.787 [main] INFO  com.intuit.karate - Rounded Opening Angle: 17.0 
15:50:12.788 [main] INFO  com.intuit.karate - Rounded Ageo: 1.22 
15:50:12.788 [main] INFO  com.intuit.karate - Rounded Required Opening Stroke: 450 
15:50:12.789 [main] INFO  com.intuit.karate - Rounded Vent Weight: 130.0 
15:50:12.797 [main] INFO  com.intuit.karate - karate.env system property was: null 
15:50:12.800 [main] INFO  com.intuit.karate - Running test for dataset:  Dataset49 
15:50:12.804 [main] DEBUG com.intuit.karate - request:
1 > PUT https://dev-drivetec-apis.schuecodigitalsolutions.com/Configurations
1 > Content-Type: application/json; charset=UTF-8
1 > Content-Length: 1270
1 > Host: dev-drivetec-apis.schuecodigitalsolutions.com
1 > Connection: Keep-Alive
1 > User-Agent: Apache-HttpClient/4.5.14 (Java/17.0.12)
1 > Accept-Encoding: gzip,deflate
{"Id":"8b11d2e1-fe65-46bb-82a6-4442277b52f2","Name":"asdefgh","Description":"","ProjectId":"d2659447-79dd-4004-bdd8-aebda2f103db","CustomTags":"","CreatedBy":"579816e4-6653-4794-b435-a885f32e28d7","ModifiedBy":"579816e4-6653-4794-b435-a885f32e28d7","System":"","FacadeInclination":5,"OpeningType":2,"OpeningDirection":2,"OpeningWidth":1000,"VentOuterWidth":1230,"VentOuterHeight":1480,"VentWeight":130,"CalculateWeightWithGlass":false,"RequiredOpeningStroke":450,"WindLoad":123,"SnowLoad":0,"IsWindowOpeningCalculationByAngle":1,"GlassThickness":0,"ProfileWeightPerSerialMeter":0,"DrivePosition":1,"InstallationPosition":0,"LockingMechanism":1,"Voltage":1,"DriveType":1,"TypeOfInstallation":2,"GeometricArea":0,"CalcVentilation":1,"SpecificExhaustDimension":45,"BuildingDepth":90,"CalculationTypeForVentilation":1,"HeightOfProfile":150,"HeightProfileRectangleAngle1":150,"HeightProfileRectangleAngle2":150,"RevealDepth":150,"RevealDepthRectangleAngle1":150,"RevealDepthRectangleAngle2":150,"ChainLengthConnectingRodHandle":5,"ApplicationName":1,"OpeningAngle":74,"WeightIncGlassOrThickness":false,"AkippOrAtilt":0,"AdrehOrAturn":0,"Ageo":0,"MinPullingForceMax":0,"MinPushingForceMax":0,"MinPullingForcePermanent":0,"MinPushingForcePermanent":0,"ForceWithNegativeWind":0}

15:50:13.443 [main] DEBUG com.intuit.karate - response time in milliseconds: 638
1 < 200
1 < Content-Type: application/json; charset=utf-8
1 < Date: Tue, 12 Nov 2024 10:20:05 GMT
1 < Server: Microsoft-IIS/10.0
1 < X-Powered-By: ASP.NET
1 < Content-Length: 2048
1 < Connection: keep-alive
{
  "ProjectId": "d2659447-79dd-4004-bdd8-aebda2f103db",
  "Name": "asdefgh",
  "Description": "",
  "CustomTags": "",
  "ApplicationName": 1,
  "OpeningType": 2,
  "OpeningDirection": 2,
  "CalculateWeightWithGlass": false,
  "WindLoad": 123,
  "IsWindowOpeningCalculationByAngle": 1,
  "VentOuterWidth": 1230,
  "VentOuterHeight": 1480,
  "WeightIncGlassOrThickness": false,
  "VentWeight": 130,
  "VentWeightExact": 130,
  "GlassThickness": 0,
  "ProfileWeightPerSerialMeter": 0,
  "FacadeInclination": 5,
  "ChainLengthConnectingRodHandle": 5,
  "ChainLenghtConnectingRodHandle": 0,
  "RequiredOpeningStroke": 450,
  "OpeningWidth": 1000,
  "OpeningAngle": 17.488828112226656,
  "SpecificExhaustDimension": 45,
  "BuildingDepth": 90,
  "SnowLoad": 0,
  "DistanceHinge": 0,
  "RatedCurrent": 0,
  "DrivePosition": 1,
  "LockingMechanism": 1,
  "Voltage": 1,
  "DriveType": 1,
  "TypeOfInstallation": 2,
  "GeometricArea": 0,
  "CalculationTypeForVentilation": 1,
  "HeightOfProfile": 150,
  "Reveal": 0,
  "RevealDepth": 150,
  "HeightProfileRectangleAngle1": 150,
  "HeightProfileRectangleAngle2": 150,
  "RevealDepthRectangleAngle1": 150,
  "RevealDepthRectangleAngle2": 150,
  "RevealDepthRectangleAngle12": 0,
  "InstallationPosition": 0,
  "RecommendedDriveArticleNo": 0,
  "System": "",
  "AkippOrAtilt": 1.2195,
  "AdrehOrAturn": 1.8204,
  "Ageo": 1.2195,
  "MinPullingForceMax": 55.013519077234015,
  "MinPushingForceMax": 250.68869702676056,
  "MinPullingForcePermanent": 142.7547334280466,
  "MinPushingForcePermanent": 142.7547334280466,
  "ForceWithNegativeWind": -167.22736562159037,
  "ForceWithNoWindMin": -56.10692327217817,
  "ForceWithNegativeWindMin": 34.82076982933262,
  "ForceWithWindMin": 55.013519077234015,
  "Id": "8b11d2e1-fe65-46bb-82a6-4442277b52f2",
  "CreatedOn": "0001-01-01T00:00:00",
  "CreatedBy": "579816e4-6653-4794-b435-a885f32e28d7",
  "ModifiedOn": "2024-11-12T10:20:05.5366484+00:00",
  "ModifiedBy": "579816e4-6653-4794-b435-a885f32e28d7"
}

15:50:13.445 [main] INFO  com.intuit.karate - Rounded Opening Angle: 17.0 
15:50:13.445 [main] INFO  com.intuit.karate - Rounded Ageo: 1.22 
15:50:13.445 [main] INFO  com.intuit.karate - Rounded Required Opening Stroke: 450 
15:50:13.445 [main] INFO  com.intuit.karate - Rounded Vent Weight: 130.0 
15:50:13.451 [main] INFO  com.intuit.karate - karate.env system property was: null 
15:50:13.455 [main] INFO  com.intuit.karate - Running test for dataset:  Dataset50 
15:50:13.459 [main] DEBUG com.intuit.karate - request:
1 > PUT https://dev-drivetec-apis.schuecodigitalsolutions.com/Configurations
1 > Content-Type: application/json; charset=UTF-8
1 > Content-Length: 1270
1 > Host: dev-drivetec-apis.schuecodigitalsolutions.com
1 > Connection: Keep-Alive
1 > User-Agent: Apache-HttpClient/4.5.14 (Java/17.0.12)
1 > Accept-Encoding: gzip,deflate
{"Id":"8b11d2e1-fe65-46bb-82a6-4442277b52f2","Name":"asdefgh","Description":"","ProjectId":"d2659447-79dd-4004-bdd8-aebda2f103db","CustomTags":"","CreatedBy":"579816e4-6653-4794-b435-a885f32e28d7","ModifiedBy":"579816e4-6653-4794-b435-a885f32e28d7","System":"","FacadeInclination":5,"OpeningType":2,"OpeningDirection":2,"OpeningWidth":1000,"VentOuterWidth":1230,"VentOuterHeight":1480,"VentWeight":152,"CalculateWeightWithGlass":false,"RequiredOpeningStroke":700,"WindLoad":120,"SnowLoad":0,"IsWindowOpeningCalculationByAngle":1,"GlassThickness":0,"ProfileWeightPerSerialMeter":0,"DrivePosition":1,"InstallationPosition":0,"LockingMechanism":1,"Voltage":1,"DriveType":1,"TypeOfInstallation":2,"GeometricArea":0,"CalcVentilation":1,"SpecificExhaustDimension":45,"BuildingDepth":90,"CalculationTypeForVentilation":1,"HeightOfProfile":150,"HeightProfileRectangleAngle1":150,"HeightProfileRectangleAngle2":150,"RevealDepth":150,"RevealDepthRectangleAngle1":150,"RevealDepthRectangleAngle2":150,"ChainLengthConnectingRodHandle":5,"ApplicationName":1,"OpeningAngle":74,"WeightIncGlassOrThickness":false,"AkippOrAtilt":0,"AdrehOrAturn":0,"Ageo":0,"MinPullingForceMax":0,"MinPushingForceMax":0,"MinPullingForcePermanent":0,"MinPushingForcePermanent":0,"ForceWithNegativeWind":0}

15:50:14.131 [main] DEBUG com.intuit.karate - response time in milliseconds: 669
1 < 200
1 < Content-Type: application/json; charset=utf-8
1 < Date: Tue, 12 Nov 2024 10:20:05 GMT
1 < Server: Microsoft-IIS/10.0
1 < X-Powered-By: ASP.NET
1 < Content-Length: 2047
1 < Connection: keep-alive
{
  "ProjectId": "d2659447-79dd-4004-bdd8-aebda2f103db",
  "Name": "asdefgh",
  "Description": "",
  "CustomTags": "",
  "ApplicationName": 1,
  "OpeningType": 2,
  "OpeningDirection": 2,
  "CalculateWeightWithGlass": false,
  "WindLoad": 120,
  "IsWindowOpeningCalculationByAngle": 1,
  "VentOuterWidth": 1230,
  "VentOuterHeight": 1480,
  "WeightIncGlassOrThickness": false,
  "VentWeight": 152,
  "VentWeightExact": 152,
  "GlassThickness": 0,
  "ProfileWeightPerSerialMeter": 0,
  "FacadeInclination": 5,
  "ChainLengthConnectingRodHandle": 5,
  "ChainLenghtConnectingRodHandle": 0,
  "RequiredOpeningStroke": 700,
  "OpeningWidth": 1000,
  "OpeningAngle": 27.358524544154548,
  "SpecificExhaustDimension": 45,
  "BuildingDepth": 90,
  "SnowLoad": 0,
  "DistanceHinge": 0,
  "RatedCurrent": 0,
  "DrivePosition": 1,
  "LockingMechanism": 1,
  "Voltage": 1,
  "DriveType": 1,
  "TypeOfInstallation": 2,
  "GeometricArea": 0,
  "CalculationTypeForVentilation": 1,
  "HeightOfProfile": 150,
  "Reveal": 0,
  "RevealDepth": 150,
  "HeightProfileRectangleAngle1": 150,
  "HeightProfileRectangleAngle2": 150,
  "RevealDepthRectangleAngle1": 150,
  "RevealDepthRectangleAngle2": 150,
  "RevealDepthRectangleAngle12": 0,
  "InstallationPosition": 0,
  "RecommendedDriveArticleNo": 0,
  "System": "",
  "AkippOrAtilt": 1.897,
  "AdrehOrAturn": 1.8204,
  "Ageo": 1.8204,
  "MinPullingForceMax": 42.80824660126247,
  "MinPushingForceMax": 394.23204783226566,
  "MinPullingForcePermanent": 298.15263837930263,
  "MinPushingForcePermanent": 298.15263837930263,
  "ForceWithNegativeWind": 202.0732289263396,
  "ForceWithNoWindMin": -65.60194105670064,
  "ForceWithNegativeWindMin": -174.01212871466373,
  "ForceWithWindMin": 42.80824660126247,
  "Id": "8b11d2e1-fe65-46bb-82a6-4442277b52f2",
  "CreatedOn": "0001-01-01T00:00:00",
  "CreatedBy": "579816e4-6653-4794-b435-a885f32e28d7",
  "ModifiedOn": "2024-11-12T10:20:06.2245454+00:00",
  "ModifiedBy": "579816e4-6653-4794-b435-a885f32e28d7"
}

15:50:14.133 [main] INFO  com.intuit.karate - Rounded Opening Angle: 27.0 
15:50:14.133 [main] INFO  com.intuit.karate - Rounded Ageo: 1.82 
15:50:14.133 [main] INFO  com.intuit.karate - Rounded Required Opening Stroke: 700 
15:50:14.133 [main] INFO  com.intuit.karate - Rounded Vent Weight: 152.0 
15:50:14.142 [main] INFO  com.intuit.karate - karate.env system property was: null 
15:50:14.146 [main] INFO  com.intuit.karate - Running test for dataset:  Dataset51 
15:50:14.149 [main] DEBUG com.intuit.karate - request:
1 > PUT https://dev-drivetec-apis.schuecodigitalsolutions.com/Configurations
1 > Content-Type: application/json; charset=UTF-8
1 > Content-Length: 1270
1 > Host: dev-drivetec-apis.schuecodigitalsolutions.com
1 > Connection: Keep-Alive
1 > User-Agent: Apache-HttpClient/4.5.14 (Java/17.0.12)
1 > Accept-Encoding: gzip,deflate
{"Id":"8b11d2e1-fe65-46bb-82a6-4442277b52f2","Name":"asdefgh","Description":"","ProjectId":"d2659447-79dd-4004-bdd8-aebda2f103db","CustomTags":"","CreatedBy":"579816e4-6653-4794-b435-a885f32e28d7","ModifiedBy":"579816e4-6653-4794-b435-a885f32e28d7","System":"","FacadeInclination":5,"OpeningType":2,"OpeningDirection":2,"OpeningWidth":1000,"VentOuterWidth":1230,"VentOuterHeight":1480,"VentWeight":153,"CalculateWeightWithGlass":false,"RequiredOpeningStroke":700,"WindLoad":120,"SnowLoad":0,"IsWindowOpeningCalculationByAngle":1,"GlassThickness":0,"ProfileWeightPerSerialMeter":0,"DrivePosition":1,"InstallationPosition":0,"LockingMechanism":1,"Voltage":1,"DriveType":1,"TypeOfInstallation":2,"GeometricArea":0,"CalcVentilation":1,"SpecificExhaustDimension":45,"BuildingDepth":90,"CalculationTypeForVentilation":1,"HeightOfProfile":150,"HeightProfileRectangleAngle1":150,"HeightProfileRectangleAngle2":150,"RevealDepth":150,"RevealDepthRectangleAngle1":150,"RevealDepthRectangleAngle2":150,"ChainLengthConnectingRodHandle":5,"ApplicationName":1,"OpeningAngle":74,"WeightIncGlassOrThickness":false,"AkippOrAtilt":0,"AdrehOrAturn":0,"Ageo":0,"MinPullingForceMax":0,"MinPushingForceMax":0,"MinPullingForcePermanent":0,"MinPushingForcePermanent":0,"ForceWithNegativeWind":0}

15:50:14.815 [main] DEBUG com.intuit.karate - response time in milliseconds: 666
1 < 200
1 < Content-Type: application/json; charset=utf-8
1 < Date: Tue, 12 Nov 2024 10:20:06 GMT
1 < Server: Microsoft-IIS/10.0
1 < X-Powered-By: ASP.NET
1 < Content-Length: 2047
1 < Connection: keep-alive
{
  "ProjectId": "d2659447-79dd-4004-bdd8-aebda2f103db",
  "Name": "asdefgh",
  "Description": "",
  "CustomTags": "",
  "ApplicationName": 1,
  "OpeningType": 2,
  "OpeningDirection": 2,
  "CalculateWeightWithGlass": false,
  "WindLoad": 120,
  "IsWindowOpeningCalculationByAngle": 1,
  "VentOuterWidth": 1230,
  "VentOuterHeight": 1480,
  "WeightIncGlassOrThickness": false,
  "VentWeight": 153,
  "VentWeightExact": 153,
  "GlassThickness": 0,
  "ProfileWeightPerSerialMeter": 0,
  "FacadeInclination": 5,
  "ChainLengthConnectingRodHandle": 5,
  "ChainLenghtConnectingRodHandle": 0,
  "RequiredOpeningStroke": 700,
  "OpeningWidth": 1000,
  "OpeningAngle": 27.358524544154548,
  "SpecificExhaustDimension": 45,
  "BuildingDepth": 90,
  "SnowLoad": 0,
  "DistanceHinge": 0,
  "RatedCurrent": 0,
  "DrivePosition": 1,
  "LockingMechanism": 1,
  "Voltage": 1,
  "DriveType": 1,
  "TypeOfInstallation": 2,
  "GeometricArea": 0,
  "CalculationTypeForVentilation": 1,
  "HeightOfProfile": 150,
  "Reveal": 0,
  "RevealDepth": 150,
  "HeightProfileRectangleAngle1": 150,
  "HeightProfileRectangleAngle2": 150,
  "RevealDepthRectangleAngle1": 150,
  "RevealDepthRectangleAngle2": 150,
  "RevealDepthRectangleAngle12": 0,
  "InstallationPosition": 0,
  "RecommendedDriveArticleNo": 0,
  "System": "",
  "AkippOrAtilt": 1.897,
  "AdrehOrAturn": 1.8204,
  "Ageo": 1.8204,
  "MinPullingForceMax": 42.376654883784184,
  "MinPushingForceMax": 396.19357834791896,
  "MinPullingForcePermanent": 300.1141688949559,
  "MinPushingForcePermanent": 300.1141688949559,
  "ForceWithNegativeWind": 204.0347594419929,
  "ForceWithNoWindMin": -66.03353277417892,
  "ForceWithNegativeWindMin": -174.44372043214202,
  "ForceWithWindMin": 42.376654883784184,
  "Id": "8b11d2e1-fe65-46bb-82a6-4442277b52f2",
  "CreatedOn": "0001-01-01T00:00:00",
  "CreatedBy": "579816e4-6653-4794-b435-a885f32e28d7",
  "ModifiedOn": "2024-11-12T10:20:06.9025601+00:00",
  "ModifiedBy": "579816e4-6653-4794-b435-a885f32e28d7"
}

15:50:14.817 [main] INFO  com.intuit.karate - Rounded Opening Angle: 27.0 
15:50:14.817 [main] INFO  com.intuit.karate - Rounded Ageo: 1.82 
15:50:14.817 [main] INFO  com.intuit.karate - Rounded Required Opening Stroke: 700 
15:50:14.818 [main] INFO  com.intuit.karate - Rounded Vent Weight: 153.0 
15:50:14.834 [main] INFO  com.intuit.karate - karate.env system property was: null 
15:50:14.840 [main] INFO  com.intuit.karate - Running test for dataset:  Dataset52 
15:50:14.850 [main] DEBUG com.intuit.karate - request:
1 > PUT https://dev-drivetec-apis.schuecodigitalsolutions.com/Configurations
1 > Content-Type: application/json; charset=UTF-8
1 > Content-Length: 1269
1 > Host: dev-drivetec-apis.schuecodigitalsolutions.com
1 > Connection: Keep-Alive
1 > User-Agent: Apache-HttpClient/4.5.14 (Java/17.0.12)
1 > Accept-Encoding: gzip,deflate
{"Id":"8b11d2e1-fe65-46bb-82a6-4442277b52f2","Name":"asdefgh","Description":"","ProjectId":"d2659447-79dd-4004-bdd8-aebda2f103db","CustomTags":"","CreatedBy":"579816e4-6653-4794-b435-a885f32e28d7","ModifiedBy":"579816e4-6653-4794-b435-a885f32e28d7","System":"","FacadeInclination":30,"OpeningType":2,"OpeningDirection":2,"OpeningWidth":1000,"VentOuterWidth":1230,"VentOuterHeight":1480,"VentWeight":67,"CalculateWeightWithGlass":false,"RequiredOpeningStroke":700,"WindLoad":96,"SnowLoad":0,"IsWindowOpeningCalculationByAngle":1,"GlassThickness":0,"ProfileWeightPerSerialMeter":0,"DrivePosition":1,"InstallationPosition":0,"LockingMechanism":1,"Voltage":1,"DriveType":1,"TypeOfInstallation":2,"GeometricArea":0,"CalcVentilation":1,"SpecificExhaustDimension":45,"BuildingDepth":90,"CalculationTypeForVentilation":1,"HeightOfProfile":150,"HeightProfileRectangleAngle1":150,"HeightProfileRectangleAngle2":150,"RevealDepth":150,"RevealDepthRectangleAngle1":150,"RevealDepthRectangleAngle2":150,"ChainLengthConnectingRodHandle":5,"ApplicationName":1,"OpeningAngle":74,"WeightIncGlassOrThickness":false,"AkippOrAtilt":0,"AdrehOrAturn":0,"Ageo":0,"MinPullingForceMax":0,"MinPushingForceMax":0,"MinPullingForcePermanent":0,"MinPushingForcePermanent":0,"ForceWithNegativeWind":0}

15:50:15.491 [main] DEBUG com.intuit.karate - response time in milliseconds: 639
1 < 200
1 < Content-Type: application/json; charset=utf-8
1 < Date: Tue, 12 Nov 2024 10:20:06 GMT
1 < Server: Microsoft-IIS/10.0
1 < X-Powered-By: ASP.NET
1 < Content-Length: 2051
1 < Connection: keep-alive
{
  "ProjectId": "d2659447-79dd-4004-bdd8-aebda2f103db",
  "Name": "asdefgh",
  "Description": "",
  "CustomTags": "",
  "ApplicationName": 1,
  "OpeningType": 2,
  "OpeningDirection": 2,
  "CalculateWeightWithGlass": false,
  "WindLoad": 96,
  "IsWindowOpeningCalculationByAngle": 1,
  "VentOuterWidth": 1230,
  "VentOuterHeight": 1480,
  "WeightIncGlassOrThickness": false,
  "VentWeight": 67,
  "VentWeightExact": 67,
  "GlassThickness": 0,
  "ProfileWeightPerSerialMeter": 0,
  "FacadeInclination": 30,
  "ChainLengthConnectingRodHandle": 5,
  "ChainLenghtConnectingRodHandle": 0,
  "RequiredOpeningStroke": 700,
  "OpeningWidth": 1000,
  "OpeningAngle": 27.358524544154548,
  "SpecificExhaustDimension": 45,
  "BuildingDepth": 90,
  "SnowLoad": 0,
  "DistanceHinge": 0,
  "RatedCurrent": 0,
  "DrivePosition": 1,
  "LockingMechanism": 1,
  "Voltage": 1,
  "DriveType": 1,
  "TypeOfInstallation": 2,
  "GeometricArea": 0,
  "CalculationTypeForVentilation": 1,
  "HeightOfProfile": 150,
  "Reveal": 0,
  "RevealDepth": 150,
  "HeightProfileRectangleAngle1": 150,
  "HeightProfileRectangleAngle2": 150,
  "RevealDepthRectangleAngle1": 150,
  "RevealDepthRectangleAngle2": 150,
  "RevealDepthRectangleAngle12": 0,
  "InstallationPosition": 0,
  "RecommendedDriveArticleNo": 0,
  "System": "",
  "AkippOrAtilt": 1.897,
  "AdrehOrAturn": 1.8204,
  "Ageo": 1.8204,
  "MinPullingForceMax": 74.22390968128819,
  "MinPushingForceMax": -101.57716926537361,
  "MinPullingForcePermanent": -167.19186678413263,
  "MinPushingForcePermanent": -167.19186678413263,
  "ForceWithNegativeWind": -232.80656430289164,
  "ForceWithNoWindMin": -15.523862753289476,
  "ForceWithNegativeWindMin": -105.27163518786715,
  "ForceWithWindMin": 74.22390968128819,
  "Id": "8b11d2e1-fe65-46bb-82a6-4442277b52f2",
  "CreatedOn": "0001-01-01T00:00:00",
  "CreatedBy": "579816e4-6653-4794-b435-a885f32e28d7",
  "ModifiedOn": "2024-11-12T10:20:07.5881989+00:00",
  "ModifiedBy": "579816e4-6653-4794-b435-a885f32e28d7"
}

15:50:15.494 [main] INFO  com.intuit.karate - Rounded Opening Angle: 27 
15:50:15.495 [main] INFO  com.intuit.karate - Rounded Ageo: 1.82 
15:50:15.497 [main] INFO  com.intuit.karate - Rounded Required Opening Stroke: 700 
15:50:15.499 [main] INFO  com.intuit.karate - Rounded Vent Weight: 67 
15:50:15.508 [main] INFO  com.intuit.karate - karate.env system property was: null 
15:50:15.510 [main] INFO  com.intuit.karate - Running test for dataset:  Dataset53 
15:50:15.512 [main] DEBUG com.intuit.karate - request:
1 > PUT https://dev-drivetec-apis.schuecodigitalsolutions.com/Configurations
1 > Content-Type: application/json; charset=UTF-8
1 > Content-Length: 1269
1 > Host: dev-drivetec-apis.schuecodigitalsolutions.com
1 > Connection: Keep-Alive
1 > User-Agent: Apache-HttpClient/4.5.14 (Java/17.0.12)
1 > Accept-Encoding: gzip,deflate
{"Id":"8b11d2e1-fe65-46bb-82a6-4442277b52f2","Name":"asdefgh","Description":"","ProjectId":"d2659447-79dd-4004-bdd8-aebda2f103db","CustomTags":"","CreatedBy":"579816e4-6653-4794-b435-a885f32e28d7","ModifiedBy":"579816e4-6653-4794-b435-a885f32e28d7","System":"","FacadeInclination":30,"OpeningType":2,"OpeningDirection":2,"OpeningWidth":1000,"VentOuterWidth":1230,"VentOuterHeight":1480,"VentWeight":67,"CalculateWeightWithGlass":false,"RequiredOpeningStroke":700,"WindLoad":97,"SnowLoad":0,"IsWindowOpeningCalculationByAngle":1,"GlassThickness":0,"ProfileWeightPerSerialMeter":0,"DrivePosition":1,"InstallationPosition":0,"LockingMechanism":1,"Voltage":1,"DriveType":1,"TypeOfInstallation":2,"GeometricArea":0,"CalcVentilation":1,"SpecificExhaustDimension":45,"BuildingDepth":90,"CalculationTypeForVentilation":1,"HeightOfProfile":150,"HeightProfileRectangleAngle1":150,"HeightProfileRectangleAngle2":150,"RevealDepth":150,"RevealDepthRectangleAngle1":150,"RevealDepthRectangleAngle2":150,"ChainLengthConnectingRodHandle":5,"ApplicationName":1,"OpeningAngle":74,"WeightIncGlassOrThickness":false,"AkippOrAtilt":0,"AdrehOrAturn":0,"Ageo":0,"MinPullingForceMax":0,"MinPushingForceMax":0,"MinPullingForcePermanent":0,"MinPushingForcePermanent":0,"ForceWithNegativeWind":0}

15:50:16.160 [main] DEBUG com.intuit.karate - response time in milliseconds: 647
1 < 200
1 < Content-Type: application/json; charset=utf-8
1 < Date: Tue, 12 Nov 2024 10:20:08 GMT
1 < Server: Microsoft-IIS/10.0
1 < X-Powered-By: ASP.NET
1 < Content-Length: 2049
1 < Connection: keep-alive
{
  "ProjectId": "d2659447-79dd-4004-bdd8-aebda2f103db",
  "Name": "asdefgh",
  "Description": "",
  "CustomTags": "",
  "ApplicationName": 1,
  "OpeningType": 2,
  "OpeningDirection": 2,
  "CalculateWeightWithGlass": false,
  "WindLoad": 97,
  "IsWindowOpeningCalculationByAngle": 1,
  "VentOuterWidth": 1230,
  "VentOuterHeight": 1480,
  "WeightIncGlassOrThickness": false,
  "VentWeight": 67,
  "VentWeightExact": 67,
  "GlassThickness": 0,
  "ProfileWeightPerSerialMeter": 0,
  "FacadeInclination": 30,
  "ChainLengthConnectingRodHandle": 5,
  "ChainLenghtConnectingRodHandle": 0,
  "RequiredOpeningStroke": 700,
  "OpeningWidth": 1000,
  "OpeningAngle": 27.358524544154548,
  "SpecificExhaustDimension": 45,
  "BuildingDepth": 90,
  "SnowLoad": 0,
  "DistanceHinge": 0,
  "RatedCurrent": 0,
  "DrivePosition": 1,
  "LockingMechanism": 1,
  "Voltage": 1,
  "DriveType": 1,
  "TypeOfInstallation": 2,
  "GeometricArea": 0,
  "CalculationTypeForVentilation": 1,
  "HeightOfProfile": 150,
  "Reveal": 0,
  "RevealDepth": 150,
  "HeightProfileRectangleAngle1": 150,
  "HeightProfileRectangleAngle2": 150,
  "RevealDepthRectangleAngle1": 150,
  "RevealDepthRectangleAngle2": 150,
  "RevealDepthRectangleAngle12": 0,
  "InstallationPosition": 0,
  "RecommendedDriveArticleNo": 0,
  "System": "",
  "AkippOrAtilt": 1.897,
  "AdrehOrAturn": 1.8204,
  "Ageo": 1.8204,
  "MinPullingForceMax": 75.15878231081504,
  "MinPushingForceMax": -100.89368283288653,
  "MinPullingForcePermanent": -167.19186678413263,
  "MinPushingForcePermanent": -167.19186678413263,
  "ForceWithNegativeWind": -233.49005073537873,
  "ForceWithNoWindMin": -15.523862753289476,
  "ForceWithNegativeWindMin": -106.206507817394,
  "ForceWithWindMin": 75.15878231081504,
  "Id": "8b11d2e1-fe65-46bb-82a6-4442277b52f2",
  "CreatedOn": "0001-01-01T00:00:00",
  "CreatedBy": "579816e4-6653-4794-b435-a885f32e28d7",
  "ModifiedOn": "2024-11-12T10:20:08.2512739+00:00",
  "ModifiedBy": "579816e4-6653-4794-b435-a885f32e28d7"
}

15:50:16.161 [main] INFO  com.intuit.karate - Rounded Opening Angle: 27 
15:50:16.161 [main] INFO  com.intuit.karate - Rounded Ageo: 1.82 
15:50:16.161 [main] INFO  com.intuit.karate - Rounded Required Opening Stroke: 700 
15:50:16.161 [main] INFO  com.intuit.karate - Rounded Vent Weight: 67 
15:50:16.166 [main] INFO  com.intuit.karate - karate.env system property was: null 
15:50:16.171 [main] INFO  com.intuit.karate - Running test for dataset:  Dataset54 
15:50:16.174 [main] DEBUG com.intuit.karate - request:
1 > PUT https://dev-drivetec-apis.schuecodigitalsolutions.com/Configurations
1 > Content-Type: application/json; charset=UTF-8
1 > Content-Length: 1266
1 > Host: dev-drivetec-apis.schuecodigitalsolutions.com
1 > Connection: Keep-Alive
1 > User-Agent: Apache-HttpClient/4.5.14 (Java/17.0.12)
1 > Accept-Encoding: gzip,deflate
{"Id":"8b11d2e1-fe65-46bb-82a6-4442277b52f2","Name":"asdefgh","Description":"","ProjectId":"d2659447-79dd-4004-bdd8-aebda2f103db","CustomTags":"","CreatedBy":"579816e4-6653-4794-b435-a885f32e28d7","ModifiedBy":"579816e4-6653-4794-b435-a885f32e28d7","System":"","FacadeInclination":10,"OpeningType":4,"OpeningDirection":1,"OpeningWidth":1000,"VentOuterWidth":1494,"VentOuterHeight":2184,"VentWeight":0,"CalculateWeightWithGlass":false,"RequiredOpeningStroke":1000,"WindLoad":120,"SnowLoad":1150,"IsWindowOpeningCalculationByAngle":1,"GlassThickness":26,"ProfileWeightPerSerialMeter":2.5,"DrivePosition":2,"InstallationPosition":0,"LockingMechanism":1,"Voltage":1,"DriveType":3,"TypeOfInstallation":2,"GeometricArea":0,"CalcVentilation":1,"SpecificExhaustDimension":45,"BuildingDepth":90,"CalculationTypeForVentilation":1,"HeightOfProfile":0,"HeightProfileRectangleAngle1":0,"HeightProfileRectangleAngle2":0,"RevealDepth":0,"RevealDepthRectangleAngle1":0,"RevealDepthRectangleAngle2":0,"ChainLengthConnectingRodHandle":5,"ApplicationName":2,"OpeningAngle":28.8,"WeightIncGlassOrThickness":false,"AkippOrAtilt":0,"AdrehOrAturn":0,"Ageo":0,"MinPullingForceMax":0,"MinPushingForceMax":0,"MinPullingForcePermanent":0,"MinPushingForcePermanent":0,"ForceWithNegativeWind":0}

15:50:16.841 [main] DEBUG com.intuit.karate - response time in milliseconds: 665
1 < 200
1 < Content-Type: application/json; charset=utf-8
1 < Date: Tue, 12 Nov 2024 10:20:08 GMT
1 < Server: Microsoft-IIS/10.0
1 < X-Powered-By: ASP.NET
1 < transfer-encoding: chunked
1 < Connection: keep-alive
{
  "ProjectId": "d2659447-79dd-4004-bdd8-aebda2f103db",
  "Name": "asdefgh",
  "Description": "",
  "CustomTags": "",
  "ApplicationName": 2,
  "OpeningType": 4,
  "OpeningDirection": 1,
  "CalculateWeightWithGlass": false,
  "WindLoad": 120,
  "IsWindowOpeningCalculationByAngle": 1,
  "VentOuterWidth": 1494,
  "VentOuterHeight": 2184,
  "WeightIncGlassOrThickness": false,
  "VentWeight": 230,
  "VentWeightExact": 230.47823999999997,
  "GlassThickness": 26,
  "ProfileWeightPerSerialMeter": 2.5,
  "FacadeInclination": 10,
  "ChainLengthConnectingRodHandle": 5,
  "ChainLenghtConnectingRodHandle": 0,
  "RequiredOpeningStroke": 1000,
  "OpeningWidth": 1000,
  "OpeningAngle": 26.46907896871297,
  "SpecificExhaustDimension": 45,
  "BuildingDepth": 90,
  "SnowLoad": 1150,
  "DistanceHinge": 0,
  "RatedCurrent": 0,
  "DrivePosition": 2,
  "LockingMechanism": 1,
  "Voltage": 1,
  "DriveType": 3,
  "TypeOfInstallation": 2,
  "GeometricArea": 0,
  "CalculationTypeForVentilation": 1,
  "HeightOfProfile": 0,
  "Reveal": 0,
  "RevealDepth": 0,
  "HeightProfileRectangleAngle1": 0,
  "HeightProfileRectangleAngle2": 0,
  "RevealDepthRectangleAngle1": 0,
  "RevealDepthRectangleAngle2": 0,
  "RevealDepthRectangleAngle12": 0,
  "InstallationPosition": 0,
  "RecommendedDriveArticleNo": 0,
  "System": "",
  "AkippOrAtilt": 3.678,
  "AdrehOrAturn": 3.262896,
  "Ageo": 3.262896,
  "MinPullingForceMax": 2616.0028620365574,
  "MinPushingForceMax": 2667.2256032687246,
  "MinPullingForcePermanent": 1158.2673867238016,
  "MinPushingForcePermanent": 1158.2673867238016,
  "ForceWithNegativeWind": 2666.5472764656206,
  "ForceWithNoWindMin": 1134.901489760391,
  "ForceWithNegativeWindMin": 2605.7320292942118,
  "ForceWithWindMin": 2616.0028620365574,
  "Id": "8b11d2e1-fe65-46bb-82a6-4442277b52f2",
  "CreatedOn": "0001-01-01T00:00:00",
  "CreatedBy": "579816e4-6653-4794-b435-a885f32e28d7",
  "ModifiedOn": "2024-11-12T10:20:08.911695+00:00",
  "ModifiedBy": "579816e4-6653-4794-b435-a885f32e28d7"
}

15:50:16.842 [main] INFO  com.intuit.karate - Rounded Opening Angle: 26 
15:50:16.842 [main] INFO  com.intuit.karate - Rounded Ageo: 3.26 
15:50:16.842 [main] INFO  com.intuit.karate - Rounded Required Opening Stroke: 1000 
15:50:16.842 [main] INFO  com.intuit.karate - Rounded Vent Weight: 230 
15:50:16.849 [main] INFO  com.intuit.karate - karate.env system property was: null 
15:50:16.850 [main] INFO  com.intuit.karate - Running test for dataset:  Dataset55 
15:50:16.853 [main] DEBUG com.intuit.karate - request:
1 > PUT https://dev-drivetec-apis.schuecodigitalsolutions.com/Configurations
1 > Content-Type: application/json; charset=UTF-8
1 > Content-Length: 1261
1 > Host: dev-drivetec-apis.schuecodigitalsolutions.com
1 > Connection: Keep-Alive
1 > User-Agent: Apache-HttpClient/4.5.14 (Java/17.0.12)
1 > Accept-Encoding: gzip,deflate
{"Id":"8b11d2e1-fe65-46bb-82a6-4442277b52f2","Name":"asdefgh","Description":"","ProjectId":"d2659447-79dd-4004-bdd8-aebda2f103db","CustomTags":"","CreatedBy":"579816e4-6653-4794-b435-a885f32e28d7","ModifiedBy":"579816e4-6653-4794-b435-a885f32e28d7","System":"","FacadeInclination":5,"OpeningType":2,"OpeningDirection":2,"OpeningWidth":1000,"VentOuterWidth":1230,"VentOuterHeight":1480,"VentWeight":0,"CalculateWeightWithGlass":false,"RequiredOpeningStroke":450,"WindLoad":102,"SnowLoad":0,"IsWindowOpeningCalculationByAngle":1,"GlassThickness":14,"ProfileWeightPerSerialMeter":2.5,"DrivePosition":1,"InstallationPosition":0,"LockingMechanism":1,"Voltage":1,"DriveType":1,"TypeOfInstallation":2,"GeometricArea":0,"CalcVentilation":1,"SpecificExhaustDimension":45,"BuildingDepth":90,"CalculationTypeForVentilation":1,"HeightOfProfile":0,"HeightProfileRectangleAngle1":0,"HeightProfileRectangleAngle2":0,"RevealDepth":0,"RevealDepthRectangleAngle1":0,"RevealDepthRectangleAngle2":0,"ChainLengthConnectingRodHandle":5,"ApplicationName":1,"OpeningAngle":28.8,"WeightIncGlassOrThickness":false,"AkippOrAtilt":0,"AdrehOrAturn":0,"Ageo":0,"MinPullingForceMax":0,"MinPushingForceMax":0,"MinPullingForcePermanent":0,"MinPushingForcePermanent":0,"ForceWithNegativeWind":0}

15:50:17.513 [main] DEBUG com.intuit.karate - response time in milliseconds: 659
1 < 200
1 < Content-Type: application/json; charset=utf-8
1 < Date: Tue, 12 Nov 2024 10:20:09 GMT
1 < Server: Microsoft-IIS/10.0
1 < X-Powered-By: ASP.NET
1 < Content-Length: 2050
1 < Connection: keep-alive
{
  "ProjectId": "d2659447-79dd-4004-bdd8-aebda2f103db",
  "Name": "asdefgh",
  "Description": "",
  "CustomTags": "",
  "ApplicationName": 1,
  "OpeningType": 2,
  "OpeningDirection": 2,
  "CalculateWeightWithGlass": false,
  "WindLoad": 102,
  "IsWindowOpeningCalculationByAngle": 1,
  "VentOuterWidth": 1230,
  "VentOuterHeight": 1480,
  "WeightIncGlassOrThickness": false,
  "VentWeight": 77,
  "VentWeightExact": 77.26400000000001,
  "GlassThickness": 14,
  "ProfileWeightPerSerialMeter": 2.5,
  "FacadeInclination": 5,
  "ChainLengthConnectingRodHandle": 5,
  "ChainLenghtConnectingRodHandle": 0,
  "RequiredOpeningStroke": 450,
  "OpeningWidth": 1000,
  "OpeningAngle": 17.488828112226656,
  "SpecificExhaustDimension": 45,
  "BuildingDepth": 90,
  "SnowLoad": 0,
  "DistanceHinge": 0,
  "RatedCurrent": 0,
  "DrivePosition": 1,
  "LockingMechanism": 1,
  "Voltage": 1,
  "DriveType": 1,
  "TypeOfInstallation": 2,
  "GeometricArea": 0,
  "CalculationTypeForVentilation": 1,
  "HeightOfProfile": 0,
  "Reveal": 0,
  "RevealDepth": 0,
  "HeightProfileRectangleAngle1": 0,
  "HeightProfileRectangleAngle2": 0,
  "RevealDepthRectangleAngle1": 0,
  "RevealDepthRectangleAngle2": 0,
  "RevealDepthRectangleAngle12": 0,
  "InstallationPosition": 0,
  "RecommendedDriveArticleNo": 0,
  "System": "",
  "AkippOrAtilt": 1.2195,
  "AdrehOrAturn": 1.8204,
  "Ageo": 1.2195,
  "MinPullingForceMax": 58.80215705002574,
  "MinPushingForceMax": 174.3508423589651,
  "MinPullingForcePermanent": 84.84462864295843,
  "MinPushingForcePermanent": 84.84462864295843,
  "ForceWithNegativeWind": -125.49516196851151,
  "ForceWithNoWindMin": -33.346502459242885,
  "ForceWithNegativeWindMin": -4.661585073048272,
  "ForceWithWindMin": 58.80215705002574,
  "Id": "8b11d2e1-fe65-46bb-82a6-4442277b52f2",
  "CreatedOn": "0001-01-01T00:00:00",
  "CreatedBy": "579816e4-6653-4794-b435-a885f32e28d7",
  "ModifiedOn": "2024-11-12T10:20:09.602647+00:00",
  "ModifiedBy": "579816e4-6653-4794-b435-a885f32e28d7"
}

15:50:17.516 [main] INFO  com.intuit.karate - Rounded Opening Angle: 17 
15:50:17.516 [main] INFO  com.intuit.karate - Rounded Ageo: 1.22 
15:50:17.516 [main] INFO  com.intuit.karate - Rounded Required Opening Stroke: 450 
15:50:17.516 [main] INFO  com.intuit.karate - Rounded Vent Weight: 77 
15:50:17.529 [main] INFO  com.intuit.karate - karate.env system property was: null 
15:50:17.533 [main] INFO  com.intuit.karate - Running test for dataset:  Dataset56 
15:50:17.537 [main] DEBUG com.intuit.karate - request:
1 > PUT https://dev-drivetec-apis.schuecodigitalsolutions.com/Configurations
1 > Content-Type: application/json; charset=UTF-8
1 > Content-Length: 1261
1 > Host: dev-drivetec-apis.schuecodigitalsolutions.com
1 > Connection: Keep-Alive
1 > User-Agent: Apache-HttpClient/4.5.14 (Java/17.0.12)
1 > Accept-Encoding: gzip,deflate
{"Id":"8b11d2e1-fe65-46bb-82a6-4442277b52f2","Name":"asdefgh","Description":"","ProjectId":"d2659447-79dd-4004-bdd8-aebda2f103db","CustomTags":"","CreatedBy":"579816e4-6653-4794-b435-a885f32e28d7","ModifiedBy":"579816e4-6653-4794-b435-a885f32e28d7","System":"","FacadeInclination":5,"OpeningType":2,"OpeningDirection":2,"OpeningWidth":1000,"VentOuterWidth":1230,"VentOuterHeight":1480,"VentWeight":0,"CalculateWeightWithGlass":false,"RequiredOpeningStroke":450,"WindLoad":103,"SnowLoad":0,"IsWindowOpeningCalculationByAngle":1,"GlassThickness":14,"ProfileWeightPerSerialMeter":2.5,"DrivePosition":1,"InstallationPosition":0,"LockingMechanism":1,"Voltage":1,"DriveType":1,"TypeOfInstallation":2,"GeometricArea":0,"CalcVentilation":1,"SpecificExhaustDimension":45,"BuildingDepth":90,"CalculationTypeForVentilation":1,"HeightOfProfile":0,"HeightProfileRectangleAngle1":0,"HeightProfileRectangleAngle2":0,"RevealDepth":0,"RevealDepthRectangleAngle1":0,"RevealDepthRectangleAngle2":0,"ChainLengthConnectingRodHandle":5,"ApplicationName":1,"OpeningAngle":28.8,"WeightIncGlassOrThickness":false,"AkippOrAtilt":0,"AdrehOrAturn":0,"Ageo":0,"MinPullingForceMax":0,"MinPushingForceMax":0,"MinPullingForcePermanent":0,"MinPushingForcePermanent":0,"ForceWithNegativeWind":0}

15:50:18.178 [main] DEBUG com.intuit.karate - response time in milliseconds: 640
1 < 200
1 < Content-Type: application/json; charset=utf-8
1 < Date: Tue, 12 Nov 2024 10:20:09 GMT
1 < Server: Microsoft-IIS/10.0
1 < X-Powered-By: ASP.NET
1 < Content-Length: 2052
1 < Connection: keep-alive
{
  "ProjectId": "d2659447-79dd-4004-bdd8-aebda2f103db",
  "Name": "asdefgh",
  "Description": "",
  "CustomTags": "",
  "ApplicationName": 1,
  "OpeningType": 2,
  "OpeningDirection": 2,
  "CalculateWeightWithGlass": false,
  "WindLoad": 103,
  "IsWindowOpeningCalculationByAngle": 1,
  "VentOuterWidth": 1230,
  "VentOuterHeight": 1480,
  "WeightIncGlassOrThickness": false,
  "VentWeight": 77,
  "VentWeightExact": 77.26400000000001,
  "GlassThickness": 14,
  "ProfileWeightPerSerialMeter": 2.5,
  "FacadeInclination": 5,
  "ChainLengthConnectingRodHandle": 5,
  "ChainLenghtConnectingRodHandle": 0,
  "RequiredOpeningStroke": 450,
  "OpeningWidth": 1000,
  "OpeningAngle": 17.488828112226656,
  "SpecificExhaustDimension": 45,
  "BuildingDepth": 90,
  "SnowLoad": 0,
  "DistanceHinge": 0,
  "RatedCurrent": 0,
  "DrivePosition": 1,
  "LockingMechanism": 1,
  "Voltage": 1,
  "DriveType": 1,
  "TypeOfInstallation": 2,
  "GeometricArea": 0,
  "CalculationTypeForVentilation": 1,
  "HeightOfProfile": 0,
  "Reveal": 0,
  "RevealDepth": 0,
  "HeightProfileRectangleAngle1": 0,
  "HeightProfileRectangleAngle2": 0,
  "RevealDepthRectangleAngle1": 0,
  "RevealDepthRectangleAngle2": 0,
  "RevealDepthRectangleAngle12": 0,
  "InstallationPosition": 0,
  "RecommendedDriveArticleNo": 0,
  "System": "",
  "AkippOrAtilt": 1.2195,
  "AdrehOrAturn": 1.8204,
  "Ageo": 1.2195,
  "MinPullingForceMax": 59.70557528050877,
  "MinPushingForceMax": 175.22835425814168,
  "MinPullingForcePermanent": 84.84462864295843,
  "MinPushingForcePermanent": 84.84462864295843,
  "ForceWithNegativeWind": -126.39858019899454,
  "ForceWithNoWindMin": -33.346502459242885,
  "ForceWithNegativeWindMin": -5.539096972224812,
  "ForceWithWindMin": 59.70557528050877,
  "Id": "8b11d2e1-fe65-46bb-82a6-4442277b52f2",
  "CreatedOn": "0001-01-01T00:00:00",
  "CreatedBy": "579816e4-6653-4794-b435-a885f32e28d7",
  "ModifiedOn": "2024-11-12T10:20:10.2718474+00:00",
  "ModifiedBy": "579816e4-6653-4794-b435-a885f32e28d7"
}

15:50:18.179 [main] INFO  com.intuit.karate - Rounded Opening Angle: 17 
15:50:18.180 [main] INFO  com.intuit.karate - Rounded Ageo: 1.22 
15:50:18.181 [main] INFO  com.intuit.karate - Rounded Required Opening Stroke: 450 
15:50:18.181 [main] INFO  com.intuit.karate - Rounded Vent Weight: 77 
15:50:18.187 [main] INFO  com.intuit.karate - karate.env system property was: null 
15:50:18.189 [main] INFO  com.intuit.karate - Running test for dataset:  Dataset57 
15:50:18.193 [main] DEBUG com.intuit.karate - request:
1 > PUT https://dev-drivetec-apis.schuecodigitalsolutions.com/Configurations
1 > Content-Type: application/json; charset=UTF-8
1 > Content-Length: 1261
1 > Host: dev-drivetec-apis.schuecodigitalsolutions.com
1 > Connection: Keep-Alive
1 > User-Agent: Apache-HttpClient/4.5.14 (Java/17.0.12)
1 > Accept-Encoding: gzip,deflate
{"Id":"8b11d2e1-fe65-46bb-82a6-4442277b52f2","Name":"asdefgh","Description":"","ProjectId":"d2659447-79dd-4004-bdd8-aebda2f103db","CustomTags":"","CreatedBy":"579816e4-6653-4794-b435-a885f32e28d7","ModifiedBy":"579816e4-6653-4794-b435-a885f32e28d7","System":"","FacadeInclination":0,"OpeningType":1,"OpeningDirection":1,"OpeningWidth":1000,"VentOuterWidth":1300,"VentOuterHeight":1480,"VentWeight":0,"CalculateWeightWithGlass":false,"RequiredOpeningStroke":400,"WindLoad":120,"SnowLoad":0,"IsWindowOpeningCalculationByAngle":1,"GlassThickness":14,"ProfileWeightPerSerialMeter":2.5,"DrivePosition":1,"InstallationPosition":0,"LockingMechanism":1,"Voltage":1,"DriveType":1,"TypeOfInstallation":2,"GeometricArea":0,"CalcVentilation":1,"SpecificExhaustDimension":45,"BuildingDepth":90,"CalculationTypeForVentilation":1,"HeightOfProfile":0,"HeightProfileRectangleAngle1":0,"HeightProfileRectangleAngle2":0,"RevealDepth":0,"RevealDepthRectangleAngle1":0,"RevealDepthRectangleAngle2":0,"ChainLengthConnectingRodHandle":5,"ApplicationName":1,"OpeningAngle":28.8,"WeightIncGlassOrThickness":false,"AkippOrAtilt":0,"AdrehOrAturn":0,"Ageo":0,"MinPullingForceMax":0,"MinPushingForceMax":0,"MinPullingForcePermanent":0,"MinPushingForcePermanent":0,"ForceWithNegativeWind":0}

15:50:18.827 [main] DEBUG com.intuit.karate - response time in milliseconds: 634
1 < 200
1 < Content-Type: application/json; charset=utf-8
1 < Date: Tue, 12 Nov 2024 10:20:10 GMT
1 < Server: Microsoft-IIS/10.0
1 < X-Powered-By: ASP.NET
1 < Content-Length: 2057
1 < Connection: keep-alive
{
  "ProjectId": "d2659447-79dd-4004-bdd8-aebda2f103db",
  "Name": "asdefgh",
  "Description": "",
  "CustomTags": "",
  "ApplicationName": 1,
  "OpeningType": 1,
  "OpeningDirection": 1,
  "CalculateWeightWithGlass": false,
  "WindLoad": 120,
  "IsWindowOpeningCalculationByAngle": 1,
  "VentOuterWidth": 1300,
  "VentOuterHeight": 1480,
  "WeightIncGlassOrThickness": false,
  "VentWeight": 81,
  "VentWeightExact": 81.24000000000001,
  "GlassThickness": 14,
  "ProfileWeightPerSerialMeter": 2.5,
  "FacadeInclination": 0,
  "ChainLengthConnectingRodHandle": 5,
  "ChainLenghtConnectingRodHandle": 0,
  "RequiredOpeningStroke": 400,
  "OpeningWidth": 1000,
  "OpeningAngle": 15.532868337024489,
  "SpecificExhaustDimension": 45,
  "BuildingDepth": 90,
  "SnowLoad": 0,
  "DistanceHinge": 0,
  "RatedCurrent": 0,
  "DrivePosition": 1,
  "LockingMechanism": 1,
  "Voltage": 1,
  "DriveType": 1,
  "TypeOfInstallation": 2,
  "GeometricArea": 0,
  "CalculationTypeForVentilation": 1,
  "HeightOfProfile": 0,
  "Reveal": 0,
  "RevealDepth": 0,
  "HeightProfileRectangleAngle1": 0,
  "HeightProfileRectangleAngle2": 0,
  "RevealDepthRectangleAngle1": 0,
  "RevealDepthRectangleAngle2": 0,
  "RevealDepthRectangleAngle12": 0,
  "InstallationPosition": 0,
  "RecommendedDriveArticleNo": 0,
  "System": "",
  "AkippOrAtilt": 1.112,
  "AdrehOrAturn": 1.924,
  "Ageo": 1.112,
  "MinPullingForceMax": -115.11645888541372,
  "MinPushingForceMax": -217.67065305490868,
  "MinPullingForcePermanent": -109.46920987508777,
  "MinPushingForcePermanent": -109.46920987508777,
  "ForceWithNegativeWind": 115.76339470521341,
  "ForceWithNoWindMin": 0.3234679098998516,
  "ForceWithNegativeWindMin": -1.2677666952668574,
  "ForceWithWindMin": -115.11645888541372,
  "Id": "8b11d2e1-fe65-46bb-82a6-4442277b52f2",
  "CreatedOn": "0001-01-01T00:00:00",
  "CreatedBy": "579816e4-6653-4794-b435-a885f32e28d7",
  "ModifiedOn": "2024-11-12T10:20:10.9175004+00:00",
  "ModifiedBy": "579816e4-6653-4794-b435-a885f32e28d7"
}

15:50:18.830 [main] INFO  com.intuit.karate - Rounded Opening Angle: 16 
15:50:18.831 [main] INFO  com.intuit.karate - Rounded Ageo: 1.11 
15:50:18.832 [main] INFO  com.intuit.karate - Rounded Required Opening Stroke: 400 
15:50:18.833 [main] INFO  com.intuit.karate - Rounded Vent Weight: 81 
15:50:18.841 [main] INFO  com.intuit.karate - karate.env system property was: null 
15:50:18.843 [main] INFO  com.intuit.karate - Running test for dataset:  Dataset58 
15:50:18.846 [main] DEBUG com.intuit.karate - request:
1 > PUT https://dev-drivetec-apis.schuecodigitalsolutions.com/Configurations
1 > Content-Type: application/json; charset=UTF-8
1 > Content-Length: 1260
1 > Host: dev-drivetec-apis.schuecodigitalsolutions.com
1 > Connection: Keep-Alive
1 > User-Agent: Apache-HttpClient/4.5.14 (Java/17.0.12)
1 > Accept-Encoding: gzip,deflate
{"Id":"8b11d2e1-fe65-46bb-82a6-4442277b52f2","Name":"asdefgh","Description":"","ProjectId":"d2659447-79dd-4004-bdd8-aebda2f103db","CustomTags":"","CreatedBy":"579816e4-6653-4794-b435-a885f32e28d7","ModifiedBy":"579816e4-6653-4794-b435-a885f32e28d7","System":"","FacadeInclination":75,"OpeningType":4,"OpeningDirection":1,"OpeningWidth":1000,"VentOuterWidth":1920,"VentOuterHeight":1480,"VentWeight":0,"CalculateWeightWithGlass":false,"RequiredOpeningStroke":200,"WindLoad":30,"SnowLoad":0,"IsWindowOpeningCalculationByAngle":1,"GlassThickness":2,"ProfileWeightPerSerialMeter":2.5,"DrivePosition":2,"InstallationPosition":0,"LockingMechanism":1,"Voltage":1,"DriveType":3,"TypeOfInstallation":2,"GeometricArea":0,"CalcVentilation":1,"SpecificExhaustDimension":45,"BuildingDepth":90,"CalculationTypeForVentilation":1,"HeightOfProfile":0,"HeightProfileRectangleAngle1":0,"HeightProfileRectangleAngle2":0,"RevealDepth":0,"RevealDepthRectangleAngle1":0,"RevealDepthRectangleAngle2":0,"ChainLengthConnectingRodHandle":5,"ApplicationName":2,"OpeningAngle":28.8,"WeightIncGlassOrThickness":false,"AkippOrAtilt":0,"AdrehOrAturn":0,"Ageo":0,"MinPullingForceMax":0,"MinPushingForceMax":0,"MinPullingForcePermanent":0,"MinPushingForcePermanent":0,"ForceWithNegativeWind":0}

15:50:19.500 [main] DEBUG com.intuit.karate - response time in milliseconds: 652
1 < 200
1 < Content-Type: application/json; charset=utf-8
1 < Date: Tue, 12 Nov 2024 10:20:10 GMT
1 < Server: Microsoft-IIS/10.0
1 < X-Powered-By: ASP.NET
1 < Content-Length: 2032
1 < Connection: keep-alive
{
  "ProjectId": "d2659447-79dd-4004-bdd8-aebda2f103db",
  "Name": "asdefgh",
  "Description": "",
  "CustomTags": "",
  "ApplicationName": 2,
  "OpeningType": 4,
  "OpeningDirection": 1,
  "CalculateWeightWithGlass": false,
  "WindLoad": 30,
  "IsWindowOpeningCalculationByAngle": 1,
  "VentOuterWidth": 1920,
  "VentOuterHeight": 1480,
  "WeightIncGlassOrThickness": false,
  "VentWeight": 31,
  "VentWeightExact": 31.208,
  "GlassThickness": 2,
  "ProfileWeightPerSerialMeter": 2.5,
  "FacadeInclination": 75,
  "ChainLengthConnectingRodHandle": 5,
  "ChainLenghtConnectingRodHandle": 0,
  "RequiredOpeningStroke": 200,
  "OpeningWidth": 1000,
  "OpeningAngle": 7.7485764125944305,
  "SpecificExhaustDimension": 45,
  "BuildingDepth": 90,
  "SnowLoad": 0,
  "DistanceHinge": 0,
  "RatedCurrent": 0,
  "DrivePosition": 2,
  "LockingMechanism": 1,
  "Voltage": 1,
  "DriveType": 3,
  "TypeOfInstallation": 2,
  "GeometricArea": 0,
  "CalculationTypeForVentilation": 1,
  "HeightOfProfile": 0,
  "Reveal": 0,
  "RevealDepth": 0,
  "HeightProfileRectangleAngle1": 0,
  "HeightProfileRectangleAngle2": 0,
  "RevealDepthRectangleAngle1": 0,
  "RevealDepthRectangleAngle2": 0,
  "RevealDepthRectangleAngle12": 0,
  "InstallationPosition": 0,
  "RecommendedDriveArticleNo": 0,
  "System": "",
  "AkippOrAtilt": 0.68,
  "AdrehOrAturn": 2.8416,
  "Ageo": 0.68,
  "MinPullingForceMax": 80.24070996805452,
  "MinPushingForceMax": 96.88604413962044,
  "MinPullingForcePermanent": 60.57271054289023,
  "MinPushingForcePermanent": 60.57271054289023,
  "ForceWithNegativeWind": 42.416043744525126,
  "ForceWithNoWindMin": 40.48613557799823,
  "ForceWithNegativeWindMin": 20.608848382970088,
  "ForceWithWindMin": 80.24070996805452,
  "Id": "8b11d2e1-fe65-46bb-82a6-4442277b52f2",
  "CreatedOn": "0001-01-01T00:00:00",
  "CreatedBy": "579816e4-6653-4794-b435-a885f32e28d7",
  "ModifiedOn": "2024-11-12T10:20:11.5918293+00:00",
  "ModifiedBy": "579816e4-6653-4794-b435-a885f32e28d7"
}

15:50:19.531 [main] INFO  com.intuit.karate - Rounded Opening Angle: 7.75 
15:50:19.534 [main] INFO  com.intuit.karate - Rounded Ageo: 0.68 
15:50:19.536 [main] INFO  com.intuit.karate - Rounded Required Opening Stroke: 200 
15:50:19.537 [main] INFO  com.intuit.karate - Rounded Vent Weight: 31 
15:50:19.545 [main] ERROR com.intuit.karate - classpath:drivetecTestCases/features/driveteclogin.feature:197
And match roundedOpeningAngle == expectedOpeningAngle
match failed: EQUALS
  $ | not equal (NUMBER:NUMBER)
  7.75
  8

classpath:drivetecTestCases/features/driveteclogin.feature:197
15:50:19.555 [main] INFO  com.intuit.karate - karate.env system property was: null 
15:50:19.560 [main] INFO  com.intuit.karate - Running test for dataset:  Dataset59 
15:50:19.563 [main] DEBUG com.intuit.karate - request:
1 > PUT https://dev-drivetec-apis.schuecodigitalsolutions.com/Configurations
1 > Content-Type: application/json; charset=UTF-8
1 > Content-Length: 1263
1 > Host: dev-drivetec-apis.schuecodigitalsolutions.com
1 > Connection: Keep-Alive
1 > User-Agent: Apache-HttpClient/4.5.14 (Java/17.0.12)
1 > Accept-Encoding: gzip,deflate
{"Id":"8b11d2e1-fe65-46bb-82a6-4442277b52f2","Name":"asdefgh","Description":"","ProjectId":"d2659447-79dd-4004-bdd8-aebda2f103db","CustomTags":"","CreatedBy":"579816e4-6653-4794-b435-a885f32e28d7","ModifiedBy":"579816e4-6653-4794-b435-a885f32e28d7","System":"","FacadeInclination":-25,"OpeningType":2,"OpeningDirection":2,"OpeningWidth":1000,"VentOuterWidth":1000,"VentOuterHeight":1000,"VentWeight":0,"CalculateWeightWithGlass":false,"RequiredOpeningStroke":500,"WindLoad":275,"SnowLoad":0,"IsWindowOpeningCalculationByAngle":1,"GlassThickness":14,"ProfileWeightPerSerialMeter":2.5,"DrivePosition":1,"InstallationPosition":0,"LockingMechanism":1,"Voltage":1,"DriveType":1,"TypeOfInstallation":2,"GeometricArea":0,"CalcVentilation":1,"SpecificExhaustDimension":45,"BuildingDepth":90,"CalculationTypeForVentilation":1,"HeightOfProfile":0,"HeightProfileRectangleAngle1":0,"HeightProfileRectangleAngle2":0,"RevealDepth":0,"RevealDepthRectangleAngle1":0,"RevealDepthRectangleAngle2":0,"ChainLengthConnectingRodHandle":5,"ApplicationName":1,"OpeningAngle":28.8,"WeightIncGlassOrThickness":false,"AkippOrAtilt":0,"AdrehOrAturn":0,"Ageo":0,"MinPullingForceMax":0,"MinPushingForceMax":0,"MinPullingForcePermanent":0,"MinPushingForcePermanent":0,"ForceWithNegativeWind":0}

15:50:20.206 [main] DEBUG com.intuit.karate - response time in milliseconds: 643
1 < 200
1 < Content-Type: application/json; charset=utf-8
1 < Date: Tue, 12 Nov 2024 10:20:12 GMT
1 < Server: Microsoft-IIS/10.0
1 < X-Powered-By: ASP.NET
1 < transfer-encoding: chunked
1 < Connection: keep-alive
{
  "ProjectId": "d2659447-79dd-4004-bdd8-aebda2f103db",
  "Name": "asdefgh",
  "Description": "",
  "CustomTags": "",
  "ApplicationName": 1,
  "OpeningType": 2,
  "OpeningDirection": 2,
  "CalculateWeightWithGlass": false,
  "WindLoad": 275,
  "IsWindowOpeningCalculationByAngle": 1,
  "VentOuterWidth": 1000,
  "VentOuterHeight": 1000,
  "WeightIncGlassOrThickness": false,
  "VentWeight": 45,
  "VentWeightExact": 45,
  "GlassThickness": 14,
  "ProfileWeightPerSerialMeter": 2.5,
  "FacadeInclination": -25,
  "ChainLengthConnectingRodHandle": 5,
  "ChainLenghtConnectingRodHandle": 0,
  "RequiredOpeningStroke": 500,
  "OpeningWidth": 1000,
  "OpeningAngle": 28.955024371859846,
  "SpecificExhaustDimension": 45,
  "BuildingDepth": 90,
  "SnowLoad": 0,
  "DistanceHinge": 0,
  "RatedCurrent": 0,
  "DrivePosition": 1,
  "LockingMechanism": 1,
  "Voltage": 1,
  "DriveType": 1,
  "TypeOfInstallation": 2,
  "GeometricArea": 0,
  "CalculationTypeForVentilation": 1,
  "HeightOfProfile": 0,
  "Reveal": 0,
  "RevealDepth": 0,
  "HeightProfileRectangleAngle1": 0,
  "HeightProfileRectangleAngle2": 0,
  "RevealDepthRectangleAngle1": 0,
  "RevealDepthRectangleAngle2": 0,
  "RevealDepthRectangleAngle12": 0,
  "InstallationPosition": 0,
  "RecommendedDriveArticleNo": 0,
  "System": "",
  "AkippOrAtilt": 1,
  "AdrehOrAturn": 1,
  "Ageo": 1,
  "MinPullingForceMax": 208.0874125993853,
  "MinPushingForceMax": 237.0612748309355,
  "MinPullingForcePermanent": 187.96989371919298,
  "MinPushingForcePermanent": 187.96989371919298,
  "ForceWithNegativeWind": 138.87851260745046,
  "ForceWithNoWindMin": 95.20637219992052,
  "ForceWithNegativeWindMin": -17.67466819954423,
  "ForceWithWindMin": 208.0874125993853,
  "Id": "8b11d2e1-fe65-46bb-82a6-4442277b52f2",
  "CreatedOn": "0001-01-01T00:00:00",
  "CreatedBy": "579816e4-6653-4794-b435-a885f32e28d7",
  "ModifiedOn": "2024-11-12T10:20:12.2998506+00:00",
  "ModifiedBy": "579816e4-6653-4794-b435-a885f32e28d7"
}

15:50:20.212 [main] INFO  com.intuit.karate - Rounded Opening Angle: 29.0 
15:50:20.213 [main] INFO  com.intuit.karate - Rounded Ageo: 1.0 
15:50:20.214 [main] INFO  com.intuit.karate - Rounded Required Opening Stroke: 500 
15:50:20.214 [main] INFO  com.intuit.karate - Rounded Vent Weight: 45 
15:50:20.231 [main] INFO  com.intuit.karate - karate.env system property was: null 
15:50:20.235 [main] INFO  com.intuit.karate - Running test for dataset:  Dataset60 
15:50:20.239 [main] DEBUG com.intuit.karate - request:
1 > PUT https://dev-drivetec-apis.schuecodigitalsolutions.com/Configurations
1 > Content-Type: application/json; charset=UTF-8
1 > Content-Length: 1262
1 > Host: dev-drivetec-apis.schuecodigitalsolutions.com
1 > Connection: Keep-Alive
1 > User-Agent: Apache-HttpClient/4.5.14 (Java/17.0.12)
1 > Accept-Encoding: gzip,deflate
{"Id":"8b11d2e1-fe65-46bb-82a6-4442277b52f2","Name":"asdefgh","Description":"","ProjectId":"d2659447-79dd-4004-bdd8-aebda2f103db","CustomTags":"","CreatedBy":"579816e4-6653-4794-b435-a885f32e28d7","ModifiedBy":"579816e4-6653-4794-b435-a885f32e28d7","System":"","FacadeInclination":25,"OpeningType":2,"OpeningDirection":2,"OpeningWidth":1000,"VentOuterWidth":1000,"VentOuterHeight":1000,"VentWeight":0,"CalculateWeightWithGlass":false,"RequiredOpeningStroke":500,"WindLoad":261,"SnowLoad":0,"IsWindowOpeningCalculationByAngle":1,"GlassThickness":14,"ProfileWeightPerSerialMeter":2.5,"DrivePosition":1,"InstallationPosition":0,"LockingMechanism":1,"Voltage":1,"DriveType":1,"TypeOfInstallation":2,"GeometricArea":0,"CalcVentilation":1,"SpecificExhaustDimension":45,"BuildingDepth":90,"CalculationTypeForVentilation":1,"HeightOfProfile":0,"HeightProfileRectangleAngle1":0,"HeightProfileRectangleAngle2":0,"RevealDepth":0,"RevealDepthRectangleAngle1":0,"RevealDepthRectangleAngle2":0,"ChainLengthConnectingRodHandle":5,"ApplicationName":1,"OpeningAngle":28.8,"WeightIncGlassOrThickness":false,"AkippOrAtilt":0,"AdrehOrAturn":0,"Ageo":0,"MinPullingForceMax":0,"MinPushingForceMax":0,"MinPullingForcePermanent":0,"MinPushingForcePermanent":0,"ForceWithNegativeWind":0}

15:50:20.927 [main] DEBUG com.intuit.karate - response time in milliseconds: 683
1 < 200
1 < Content-Type: application/json; charset=utf-8
1 < Date: Tue, 12 Nov 2024 10:20:12 GMT
1 < Server: Microsoft-IIS/10.0
1 < X-Powered-By: ASP.NET
1 < transfer-encoding: chunked
1 < Connection: keep-alive
{
  "ProjectId": "d2659447-79dd-4004-bdd8-aebda2f103db",
  "Name": "asdefgh",
  "Description": "",
  "CustomTags": "",
  "ApplicationName": 1,
  "OpeningType": 2,
  "OpeningDirection": 2,
  "CalculateWeightWithGlass": false,
  "WindLoad": 261,
  "IsWindowOpeningCalculationByAngle": 1,
  "VentOuterWidth": 1000,
  "VentOuterHeight": 1000,
  "WeightIncGlassOrThickness": false,
  "VentWeight": 45,
  "VentWeightExact": 45,
  "GlassThickness": 14,
  "ProfileWeightPerSerialMeter": 2.5,
  "FacadeInclination": 25,
  "ChainLengthConnectingRodHandle": 5,
  "ChainLenghtConnectingRodHandle": 0,
  "RequiredOpeningStroke": 500,
  "OpeningWidth": 1000,
  "OpeningAngle": 28.955024371859846,
  "SpecificExhaustDimension": 45,
  "BuildingDepth": 90,
  "SnowLoad": 0,
  "DistanceHinge": 0,
  "RatedCurrent": 0,
  "DrivePosition": 1,
  "LockingMechanism": 1,
  "Voltage": 1,
  "DriveType": 1,
  "TypeOfInstallation": 2,
  "GeometricArea": 0,
  "CalculationTypeForVentilation": 1,
  "HeightOfProfile": 0,
  "Reveal": 0,
  "RevealDepth": 0,
  "HeightProfileRectangleAngle1": 0,
  "HeightProfileRectangleAngle2": 0,
  "RevealDepthRectangleAngle1": 0,
  "RevealDepthRectangleAngle2": 0,
  "RevealDepthRectangleAngle12": 0,
  "InstallationPosition": 0,
  "RecommendedDriveArticleNo": 0,
  "System": "",
  "AkippOrAtilt": 1,
  "AdrehOrAturn": 1,
  "Ageo": 1,
  "MinPullingForceMax": 12.411959719093488,
  "MinPushingForceMax": 150.38346572732894,
  "MinPullingForcePermanent": -94.88156601363566,
  "MinPushingForcePermanent": -94.88156601363566,
  "ForceWithNegativeWind": -202.1750917463648,
  "ForceWithNoWindMin": 16.26384869074936,
  "ForceWithNegativeWindMin": -117.85576834583021,
  "ForceWithWindMin": 12.411959719093488,
  "Id": "8b11d2e1-fe65-46bb-82a6-4442277b52f2",
  "CreatedOn": "0001-01-01T00:00:00",
  "CreatedBy": "579816e4-6653-4794-b435-a885f32e28d7",
  "ModifiedOn": "2024-11-12T10:20:13.0123864+00:00",
  "ModifiedBy": "579816e4-6653-4794-b435-a885f32e28d7"
}

15:50:20.929 [main] INFO  com.intuit.karate - Rounded Opening Angle: 29.0 
15:50:20.931 [main] INFO  com.intuit.karate - Rounded Ageo: 1.0 
15:50:20.931 [main] INFO  com.intuit.karate - Rounded Required Opening Stroke: 500 
15:50:20.931 [main] INFO  com.intuit.karate - Rounded Vent Weight: 45 
15:50:20.938 [main] INFO  com.intuit.karate - karate.env system property was: null 
15:50:20.946 [main] INFO  com.intuit.karate - Running test for dataset:  Dataset61 
15:50:20.950 [main] DEBUG com.intuit.karate - request:
1 > PUT https://dev-drivetec-apis.schuecodigitalsolutions.com/Configurations
1 > Content-Type: application/json; charset=UTF-8
1 > Content-Length: 1262
1 > Host: dev-drivetec-apis.schuecodigitalsolutions.com
1 > Connection: Keep-Alive
1 > User-Agent: Apache-HttpClient/4.5.14 (Java/17.0.12)
1 > Accept-Encoding: gzip,deflate
{"Id":"8b11d2e1-fe65-46bb-82a6-4442277b52f2","Name":"asdefgh","Description":"","ProjectId":"d2659447-79dd-4004-bdd8-aebda2f103db","CustomTags":"","CreatedBy":"579816e4-6653-4794-b435-a885f32e28d7","ModifiedBy":"579816e4-6653-4794-b435-a885f32e28d7","System":"","FacadeInclination":25,"OpeningType":2,"OpeningDirection":2,"OpeningWidth":1000,"VentOuterWidth":1000,"VentOuterHeight":1000,"VentWeight":0,"CalculateWeightWithGlass":false,"RequiredOpeningStroke":500,"WindLoad":260,"SnowLoad":0,"IsWindowOpeningCalculationByAngle":1,"GlassThickness":14,"ProfileWeightPerSerialMeter":2.5,"DrivePosition":1,"InstallationPosition":0,"LockingMechanism":1,"Voltage":1,"DriveType":1,"TypeOfInstallation":2,"GeometricArea":0,"CalcVentilation":1,"SpecificExhaustDimension":45,"BuildingDepth":90,"CalculationTypeForVentilation":1,"HeightOfProfile":0,"HeightProfileRectangleAngle1":0,"HeightProfileRectangleAngle2":0,"RevealDepth":0,"RevealDepthRectangleAngle1":0,"RevealDepthRectangleAngle2":0,"ChainLengthConnectingRodHandle":5,"ApplicationName":1,"OpeningAngle":28.8,"WeightIncGlassOrThickness":false,"AkippOrAtilt":0,"AdrehOrAturn":0,"Ageo":0,"MinPullingForceMax":0,"MinPushingForceMax":0,"MinPullingForcePermanent":0,"MinPushingForcePermanent":0,"ForceWithNegativeWind":0}

15:50:21.611 [main] DEBUG com.intuit.karate - response time in milliseconds: 658
1 < 200
1 < Content-Type: application/json; charset=utf-8
1 < Date: Tue, 12 Nov 2024 10:20:13 GMT
1 < Server: Microsoft-IIS/10.0
1 < X-Powered-By: ASP.NET
1 < Content-Length: 2024
1 < Connection: keep-alive
{
  "ProjectId": "d2659447-79dd-4004-bdd8-aebda2f103db",
  "Name": "asdefgh",
  "Description": "",
  "CustomTags": "",
  "ApplicationName": 1,
  "OpeningType": 2,
  "OpeningDirection": 2,
  "CalculateWeightWithGlass": false,
  "WindLoad": 260,
  "IsWindowOpeningCalculationByAngle": 1,
  "VentOuterWidth": 1000,
  "VentOuterHeight": 1000,
  "WeightIncGlassOrThickness": false,
  "VentWeight": 45,
  "VentWeightExact": 45,
  "GlassThickness": 14,
  "ProfileWeightPerSerialMeter": 2.5,
  "FacadeInclination": 25,
  "ChainLengthConnectingRodHandle": 5,
  "ChainLenghtConnectingRodHandle": 0,
  "RequiredOpeningStroke": 500,
  "OpeningWidth": 1000,
  "OpeningAngle": 28.955024371859846,
  "SpecificExhaustDimension": 45,
  "BuildingDepth": 90,
  "SnowLoad": 0,
  "DistanceHinge": 0,
  "RatedCurrent": 0,
  "DrivePosition": 1,
  "LockingMechanism": 1,
  "Voltage": 1,
  "DriveType": 1,
  "TypeOfInstallation": 2,
  "GeometricArea": 0,
  "CalculationTypeForVentilation": 1,
  "HeightOfProfile": 0,
  "Reveal": 0,
  "RevealDepth": 0,
  "HeightProfileRectangleAngle1": 0,
  "HeightProfileRectangleAngle2": 0,
  "RevealDepthRectangleAngle1": 0,
  "RevealDepthRectangleAngle2": 0,
  "RevealDepthRectangleAngle12": 0,
  "InstallationPosition": 0,
  "RecommendedDriveArticleNo": 0,
  "System": "",
  "AkippOrAtilt": 1,
  "AdrehOrAturn": 1,
  "Ageo": 1,
  "MinPullingForceMax": 12.000873413604111,
  "MinPushingForceMax": 149.869597462821,
  "MinPullingForcePermanent": -94.88156601363566,
  "MinPushingForcePermanent": -94.88156601363566,
  "ForceWithNegativeWind": -201.76400544087545,
  "ForceWithNoWindMin": 16.26384869074936,
  "ForceWithNegativeWindMin": -117.34190008132227,
  "ForceWithWindMin": 12.000873413604111,
  "Id": "8b11d2e1-fe65-46bb-82a6-4442277b52f2",
  "CreatedOn": "0001-01-01T00:00:00",
  "CreatedBy": "579816e4-6653-4794-b435-a885f32e28d7",
  "ModifiedOn": "2024-11-12T10:20:13.7038267+00:00",
  "ModifiedBy": "579816e4-6653-4794-b435-a885f32e28d7"
}

15:50:21.614 [main] INFO  com.intuit.karate - Rounded Opening Angle: 29.0 
15:50:21.616 [main] INFO  com.intuit.karate - Rounded Ageo: 1.0 
15:50:21.616 [main] INFO  com.intuit.karate - Rounded Required Opening Stroke: 500 
15:50:21.618 [main] INFO  com.intuit.karate - Rounded Vent Weight: 45 
15:50:21.627 [main] INFO  com.intuit.karate - karate.env system property was: null 
15:50:21.630 [main] INFO  com.intuit.karate - Running test for dataset:  Dataset62 
15:50:21.637 [main] DEBUG com.intuit.karate - request:
1 > PUT https://dev-drivetec-apis.schuecodigitalsolutions.com/Configurations
1 > Content-Type: application/json; charset=UTF-8
1 > Content-Length: 1258
1 > Host: dev-drivetec-apis.schuecodigitalsolutions.com
1 > Connection: Keep-Alive
1 > User-Agent: Apache-HttpClient/4.5.14 (Java/17.0.12)
1 > Accept-Encoding: gzip,deflate
{"Id":"8b11d2e1-fe65-46bb-82a6-4442277b52f2","Name":"asdefgh","Description":"","ProjectId":"d2659447-79dd-4004-bdd8-aebda2f103db","CustomTags":"","CreatedBy":"579816e4-6653-4794-b435-a885f32e28d7","ModifiedBy":"579816e4-6653-4794-b435-a885f32e28d7","System":"","FacadeInclination":0,"OpeningType":1,"OpeningDirection":1,"OpeningWidth":1000,"VentOuterWidth":2000,"VentOuterHeight":800,"VentWeight":70,"CalculateWeightWithGlass":false,"RequiredOpeningStroke":800,"WindLoad":123,"SnowLoad":0,"IsWindowOpeningCalculationByAngle":1,"GlassThickness":0,"ProfileWeightPerSerialMeter":0,"DrivePosition":1,"InstallationPosition":0,"LockingMechanism":1,"Voltage":1,"DriveType":1,"TypeOfInstallation":2,"GeometricArea":0,"CalcVentilation":1,"SpecificExhaustDimension":45,"BuildingDepth":90,"CalculationTypeForVentilation":1,"HeightOfProfile":0,"HeightProfileRectangleAngle1":0,"HeightProfileRectangleAngle2":0,"RevealDepth":0,"RevealDepthRectangleAngle1":0,"RevealDepthRectangleAngle2":0,"ChainLengthConnectingRodHandle":5,"ApplicationName":1,"OpeningAngle":28.8,"WeightIncGlassOrThickness":false,"AkippOrAtilt":0,"AdrehOrAturn":0,"Ageo":0,"MinPullingForceMax":0,"MinPushingForceMax":0,"MinPullingForcePermanent":0,"MinPushingForcePermanent":0,"ForceWithNegativeWind":0}

15:50:22.214 [main] DEBUG com.intuit.karate - response time in milliseconds: 576
1 < 200
1 < Content-Type: application/json; charset=utf-8
1 < Date: Tue, 12 Nov 2024 10:20:13 GMT
1 < Server: Microsoft-IIS/10.0
1 < X-Powered-By: ASP.NET
1 < transfer-encoding: chunked
1 < Connection: keep-alive
{
  "ProjectId": "d2659447-79dd-4004-bdd8-aebda2f103db",
  "Name": "asdefgh",
  "Description": "",
  "CustomTags": "",
  "ApplicationName": 1,
  "OpeningType": 1,
  "OpeningDirection": 1,
  "CalculateWeightWithGlass": false,
  "WindLoad": 123,
  "IsWindowOpeningCalculationByAngle": 1,
  "VentOuterWidth": 2000,
  "VentOuterHeight": 800,
  "WeightIncGlassOrThickness": false,
  "VentWeight": 70,
  "VentWeightExact": 70,
  "GlassThickness": 0,
  "ProfileWeightPerSerialMeter": 0,
  "FacadeInclination": 0,
  "ChainLengthConnectingRodHandle": 5,
  "ChainLenghtConnectingRodHandle": 0,
  "RequiredOpeningStroke": 800,
  "OpeningWidth": 1000,
  "OpeningAngle": 60.00000000000001,
  "SpecificExhaustDimension": 45,
  "BuildingDepth": 90,
  "SnowLoad": 0,
  "DistanceHinge": 0,
  "RatedCurrent": 0,
  "DrivePosition": 1,
  "LockingMechanism": 1,
  "Voltage": 1,
  "DriveType": 1,
  "TypeOfInstallation": 2,
  "GeometricArea": 0,
  "CalculationTypeForVentilation": 1,
  "HeightOfProfile": 0,
  "Reveal": 0,
  "RevealDepth": 0,
  "HeightProfileRectangleAngle1": 0,
  "HeightProfileRectangleAngle2": 0,
  "RevealDepthRectangleAngle1": 0,
  "RevealDepthRectangleAngle2": 0,
  "RevealDepthRectangleAngle12": 0,
  "InstallationPosition": 0,
  "RecommendedDriveArticleNo": 0,
  "System": "",
  "AkippOrAtilt": 2.24,
  "AdrehOrAturn": 1.6,
  "Ageo": 1.6,
  "MinPullingForceMax": -98.12122325223832,
  "MinPushingForceMax": -378.3230010155636,
  "MinPullingForcePermanent": -349.8389732218605,
  "MinPushingForcePermanent": -349.8389732218605,
  "ForceWithNegativeWind": -321.3549454281574,
  "ForceWithNoWindMin": 0.2787143487566422,
  "ForceWithNegativeWindMin": 98.6786519497516,
  "ForceWithWindMin": -98.12122325223832,
  "Id": "8b11d2e1-fe65-46bb-82a6-4442277b52f2",
  "CreatedOn": "0001-01-01T00:00:00",
  "CreatedBy": "579816e4-6653-4794-b435-a885f32e28d7",
  "ModifiedOn": "2024-11-12T10:20:14.3217013+00:00",
  "ModifiedBy": "579816e4-6653-4794-b435-a885f32e28d7"
}

15:50:22.216 [main] INFO  com.intuit.karate - Rounded Opening Angle: 60.0 
15:50:22.216 [main] INFO  com.intuit.karate - Rounded Ageo: 1.6 
15:50:22.216 [main] INFO  com.intuit.karate - Rounded Required Opening Stroke: 800 
15:50:22.216 [main] INFO  com.intuit.karate - Rounded Vent Weight: 70 
15:50:22.223 [main] INFO  com.intuit.karate - karate.env system property was: null 
15:50:22.226 [main] INFO  com.intuit.karate - Running test for dataset:  Dataset63 
15:50:22.230 [main] DEBUG com.intuit.karate - request:
1 > PUT https://dev-drivetec-apis.schuecodigitalsolutions.com/Configurations
1 > Content-Type: application/json; charset=UTF-8
1 > Content-Length: 1264
1 > Host: dev-drivetec-apis.schuecodigitalsolutions.com
1 > Connection: Keep-Alive
1 > User-Agent: Apache-HttpClient/4.5.14 (Java/17.0.12)
1 > Accept-Encoding: gzip,deflate
{"Id":"8b11d2e1-fe65-46bb-82a6-4442277b52f2","Name":"asdefgh","Description":"","ProjectId":"d2659447-79dd-4004-bdd8-aebda2f103db","CustomTags":"","CreatedBy":"579816e4-6653-4794-b435-a885f32e28d7","ModifiedBy":"579816e4-6653-4794-b435-a885f32e28d7","System":"","FacadeInclination":20,"OpeningType":4,"OpeningDirection":1,"OpeningWidth":1000,"VentOuterWidth":1300,"VentOuterHeight":1400,"VentWeight":76,"CalculateWeightWithGlass":false,"RequiredOpeningStroke":1000,"WindLoad":120,"SnowLoad":1000,"IsWindowOpeningCalculationByAngle":1,"GlassThickness":0,"ProfileWeightPerSerialMeter":0,"DrivePosition":2,"InstallationPosition":0,"LockingMechanism":1,"Voltage":1,"DriveType":3,"TypeOfInstallation":2,"GeometricArea":0,"CalcVentilation":1,"SpecificExhaustDimension":45,"BuildingDepth":90,"CalculationTypeForVentilation":1,"HeightOfProfile":0,"HeightProfileRectangleAngle1":0,"HeightProfileRectangleAngle2":0,"RevealDepth":0,"RevealDepthRectangleAngle1":0,"RevealDepthRectangleAngle2":0,"ChainLengthConnectingRodHandle":5,"ApplicationName":2,"OpeningAngle":28.8,"WeightIncGlassOrThickness":false,"AkippOrAtilt":0,"AdrehOrAturn":0,"Ageo":0,"MinPullingForceMax":0,"MinPushingForceMax":0,"MinPullingForcePermanent":0,"MinPushingForcePermanent":0,"ForceWithNegativeWind":0}

15:50:22.903 [main] DEBUG com.intuit.karate - response time in milliseconds: 671
1 < 200
1 < Content-Type: application/json; charset=utf-8
1 < Date: Tue, 12 Nov 2024 10:20:15 GMT
1 < Server: Microsoft-IIS/10.0
1 < X-Powered-By: ASP.NET
1 < Content-Length: 2034
1 < Connection: keep-alive
{
  "ProjectId": "d2659447-79dd-4004-bdd8-aebda2f103db",
  "Name": "asdefgh",
  "Description": "",
  "CustomTags": "",
  "ApplicationName": 2,
  "OpeningType": 4,
  "OpeningDirection": 1,
  "CalculateWeightWithGlass": false,
  "WindLoad": 120,
  "IsWindowOpeningCalculationByAngle": 1,
  "VentOuterWidth": 1300,
  "VentOuterHeight": 1400,
  "WeightIncGlassOrThickness": false,
  "VentWeight": 76,
  "VentWeightExact": 76,
  "GlassThickness": 0,
  "ProfileWeightPerSerialMeter": 0,
  "FacadeInclination": 20,
  "ChainLengthConnectingRodHandle": 5,
  "ChainLenghtConnectingRodHandle": 0,
  "RequiredOpeningStroke": 1000,
  "OpeningWidth": 1000,
  "OpeningAngle": 41.849664855276636,
  "SpecificExhaustDimension": 45,
  "BuildingDepth": 90,
  "SnowLoad": 1000,
  "DistanceHinge": 0,
  "RatedCurrent": 0,
  "DrivePosition": 2,
  "LockingMechanism": 1,
  "Voltage": 1,
  "DriveType": 3,
  "TypeOfInstallation": 2,
  "GeometricArea": 0,
  "CalculationTypeForVentilation": 1,
  "HeightOfProfile": 0,
  "Reveal": 0,
  "RevealDepth": 0,
  "HeightProfileRectangleAngle1": 0,
  "HeightProfileRectangleAngle2": 0,
  "RevealDepthRectangleAngle1": 0,
  "RevealDepthRectangleAngle2": 0,
  "RevealDepthRectangleAngle12": 0,
  "InstallationPosition": 0,
  "RecommendedDriveArticleNo": 0,
  "System": "",
  "AkippOrAtilt": 2.7,
  "AdrehOrAturn": 1.82,
  "Ageo": 1.82,
  "MinPullingForceMax": 1047.6272458999035,
  "MinPushingForceMax": 1131.8755381046308,
  "MinPullingForcePermanent": 387.87859381001454,
  "MinPushingForcePermanent": 387.87859381001454,
  "ForceWithNegativeWind": 1130.2801477649693,
  "ForceWithNoWindMin": 357.10618957980995,
  "ForceWithNegativeWindMin": 1034.8656912286726,
  "ForceWithWindMin": 1047.6272458999035,
  "Id": "8b11d2e1-fe65-46bb-82a6-4442277b52f2",
  "CreatedOn": "0001-01-01T00:00:00",
  "CreatedBy": "579816e4-6653-4794-b435-a885f32e28d7",
  "ModifiedOn": "2024-11-12T10:20:14.9821024+00:00",
  "ModifiedBy": "579816e4-6653-4794-b435-a885f32e28d7"
}

15:50:22.907 [main] INFO  com.intuit.karate - Rounded Opening Angle: 42.0 
15:50:22.907 [main] INFO  com.intuit.karate - Rounded Ageo: 1.82 
15:50:22.908 [main] INFO  com.intuit.karate - Rounded Required Opening Stroke: 1000 
15:50:22.908 [main] INFO  com.intuit.karate - Rounded Vent Weight: 76 
15:50:22.920 [main] INFO  com.intuit.karate - karate.env system property was: null 
15:50:22.925 [main] INFO  com.intuit.karate - Running test for dataset:  Dataset64 
15:50:22.930 [main] DEBUG com.intuit.karate - request:
1 > PUT https://dev-drivetec-apis.schuecodigitalsolutions.com/Configurations
1 > Content-Type: application/json; charset=UTF-8
1 > Content-Length: 1272
1 > Host: dev-drivetec-apis.schuecodigitalsolutions.com
1 > Connection: Keep-Alive
1 > User-Agent: Apache-HttpClient/4.5.14 (Java/17.0.12)
1 > Accept-Encoding: gzip,deflate
{"Id":"8b11d2e1-fe65-46bb-82a6-4442277b52f2","Name":"asdefgh","Description":"","ProjectId":"d2659447-79dd-4004-bdd8-aebda2f103db","CustomTags":"","CreatedBy":"579816e4-6653-4794-b435-a885f32e28d7","ModifiedBy":"579816e4-6653-4794-b435-a885f32e28d7","System":"","FacadeInclination":10,"OpeningType":5,"OpeningDirection":1,"OpeningWidth":1000,"VentOuterWidth":1000,"VentOuterHeight":1000,"VentWeight":0,"CalculateWeightWithGlass":false,"RequiredOpeningStroke":500,"WindLoad":106,"SnowLoad":1000,"IsWindowOpeningCalculationByAngle":1,"GlassThickness":14,"ProfileWeightPerSerialMeter":2.5,"DrivePosition":1,"InstallationPosition":0,"LockingMechanism":1,"Voltage":1,"DriveType":3,"TypeOfInstallation":2,"GeometricArea":0,"CalcVentilation":1,"SpecificExhaustDimension":45,"BuildingDepth":90,"CalculationTypeForVentilation":1,"HeightOfProfile":30,"HeightProfileRectangleAngle1":35,"HeightProfileRectangleAngle2":2,"RevealDepth":200,"RevealDepthRectangleAngle1":150,"RevealDepthRectangleAngle2":1000,"ChainLengthConnectingRodHandle":1,"ApplicationName":2,"OpeningAngle":10,"WeightIncGlassOrThickness":false,"AkippOrAtilt":0,"AdrehOrAturn":0,"Ageo":0,"MinPullingForceMax":0,"MinPushingForceMax":0,"MinPullingForcePermanent":0,"MinPushingForcePermanent":0,"ForceWithNegativeWind":0}

15:50:23.590 [main] DEBUG com.intuit.karate - response time in milliseconds: 658
1 < 200
1 < Content-Type: application/json; charset=utf-8
1 < Date: Tue, 12 Nov 2024 10:20:15 GMT
1 < Server: Microsoft-IIS/10.0
1 < X-Powered-By: ASP.NET
1 < Content-Length: 2033
1 < Connection: keep-alive
{
  "ProjectId": "d2659447-79dd-4004-bdd8-aebda2f103db",
  "Name": "asdefgh",
  "Description": "",
  "CustomTags": "",
  "ApplicationName": 2,
  "OpeningType": 5,
  "OpeningDirection": 1,
  "CalculateWeightWithGlass": false,
  "WindLoad": 106,
  "IsWindowOpeningCalculationByAngle": 1,
  "VentOuterWidth": 1000,
  "VentOuterHeight": 1000,
  "WeightIncGlassOrThickness": false,
  "VentWeight": 45,
  "VentWeightExact": 45,
  "GlassThickness": 14,
  "ProfileWeightPerSerialMeter": 2.5,
  "FacadeInclination": 10,
  "ChainLengthConnectingRodHandle": 1,
  "ChainLenghtConnectingRodHandle": 0,
  "RequiredOpeningStroke": 500,
  "OpeningWidth": 1000,
  "OpeningAngle": 60.00000000000001,
  "SpecificExhaustDimension": 45,
  "BuildingDepth": 90,
  "SnowLoad": 1000,
  "DistanceHinge": 0,
  "RatedCurrent": 0,
  "DrivePosition": 1,
  "LockingMechanism": 1,
  "Voltage": 1,
  "DriveType": 3,
  "TypeOfInstallation": 2,
  "GeometricArea": 0,
  "CalculationTypeForVentilation": 1,
  "HeightOfProfile": 30,
  "Reveal": 0,
  "RevealDepth": 200,
  "HeightProfileRectangleAngle1": 35,
  "HeightProfileRectangleAngle2": 2,
  "RevealDepthRectangleAngle1": 150,
  "RevealDepthRectangleAngle2": 1000,
  "RevealDepthRectangleAngle12": 0,
  "InstallationPosition": 0,
  "RecommendedDriveArticleNo": 0,
  "System": "",
  "AkippOrAtilt": 2,
  "AdrehOrAturn": 1,
  "Ageo": 1,
  "MinPullingForceMax": 547.8202710752943,
  "MinPushingForceMax": 1232.6254341413323,
  "MinPullingForcePermanent": 443.17040115559377,
  "MinPushingForcePermanent": 443.17040115559377,
  "ForceWithNegativeWind": 1229.432350056411,
  "ForceWithNoWindMin": 177.76208219984343,
  "ForceWithNegativeWindMin": 439.74685225716934,
  "ForceWithWindMin": 547.8202710752943,
  "Id": "8b11d2e1-fe65-46bb-82a6-4442277b52f2",
  "CreatedOn": "0001-01-01T00:00:00",
  "CreatedBy": "579816e4-6653-4794-b435-a885f32e28d7",
  "ModifiedOn": "2024-11-12T10:20:15.6717028+00:00",
  "ModifiedBy": "579816e4-6653-4794-b435-a885f32e28d7"
}

15:50:23.594 [main] INFO  com.intuit.karate - Rounded Opening Angle: 60.0 
15:50:23.594 [main] INFO  com.intuit.karate - Rounded Ageo: 1.0 
15:50:23.595 [main] INFO  com.intuit.karate - Rounded Required Opening Stroke: 500 
15:50:23.595 [main] INFO  com.intuit.karate - Rounded Vent Weight: 45 
15:50:23.605 [main] INFO  com.intuit.karate - karate.env system property was: null 
15:50:23.610 [main] INFO  com.intuit.karate - Running test for dataset:  Dataset65 
15:50:23.615 [main] DEBUG com.intuit.karate - request:
1 > PUT https://dev-drivetec-apis.schuecodigitalsolutions.com/Configurations
1 > Content-Type: application/json; charset=UTF-8
1 > Content-Length: 1265
1 > Host: dev-drivetec-apis.schuecodigitalsolutions.com
1 > Connection: Keep-Alive
1 > User-Agent: Apache-HttpClient/4.5.14 (Java/17.0.12)
1 > Accept-Encoding: gzip,deflate
{"Id":"8b11d2e1-fe65-46bb-82a6-4442277b52f2","Name":"asdefgh","Description":"","ProjectId":"d2659447-79dd-4004-bdd8-aebda2f103db","CustomTags":"","CreatedBy":"579816e4-6653-4794-b435-a885f32e28d7","ModifiedBy":"579816e4-6653-4794-b435-a885f32e28d7","System":"","FacadeInclination":10,"OpeningType":5,"OpeningDirection":1,"OpeningWidth":1000,"VentOuterWidth":1000,"VentOuterHeight":2000,"VentWeight":0,"CalculateWeightWithGlass":false,"RequiredOpeningStroke":800,"WindLoad":106,"SnowLoad":1000,"IsWindowOpeningCalculationByAngle":1,"GlassThickness":20,"ProfileWeightPerSerialMeter":2.5,"DrivePosition":2,"InstallationPosition":0,"LockingMechanism":1,"Voltage":1,"DriveType":3,"TypeOfInstallation":2,"GeometricArea":0,"CalcVentilation":1,"SpecificExhaustDimension":45,"BuildingDepth":90,"CalculationTypeForVentilation":1,"HeightOfProfile":0,"HeightProfileRectangleAngle1":0,"HeightProfileRectangleAngle2":0,"RevealDepth":0,"RevealDepthRectangleAngle1":0,"RevealDepthRectangleAngle2":0,"ChainLengthConnectingRodHandle":5,"ApplicationName":2,"OpeningAngle":28.8,"WeightIncGlassOrThickness":false,"AkippOrAtilt":0,"AdrehOrAturn":0,"Ageo":0,"MinPullingForceMax":0,"MinPushingForceMax":0,"MinPullingForcePermanent":0,"MinPushingForcePermanent":0,"ForceWithNegativeWind":0}

15:50:24.299 [main] DEBUG com.intuit.karate - response time in milliseconds: 682
1 < 200
1 < Content-Type: application/json; charset=utf-8
1 < Date: Tue, 12 Nov 2024 10:20:16 GMT
1 < Server: Microsoft-IIS/10.0
1 < X-Powered-By: ASP.NET
1 < Content-Length: 2029
1 < Connection: keep-alive
{
  "ProjectId": "d2659447-79dd-4004-bdd8-aebda2f103db",
  "Name": "asdefgh",
  "Description": "",
  "CustomTags": "",
  "ApplicationName": 2,
  "OpeningType": 5,
  "OpeningDirection": 1,
  "CalculateWeightWithGlass": false,
  "WindLoad": 106,
  "IsWindowOpeningCalculationByAngle": 1,
  "VentOuterWidth": 1000,
  "VentOuterHeight": 2000,
  "WeightIncGlassOrThickness": false,
  "VentWeight": 115,
  "VentWeightExact": 115,
  "GlassThickness": 20,
  "ProfileWeightPerSerialMeter": 2.5,
  "FacadeInclination": 10,
  "ChainLengthConnectingRodHandle": 5,
  "ChainLenghtConnectingRodHandle": 0,
  "RequiredOpeningStroke": 800,
  "OpeningWidth": 1000,
  "OpeningAngle": 23.073918065630977,
  "SpecificExhaustDimension": 45,
  "BuildingDepth": 90,
  "SnowLoad": 1000,
  "DistanceHinge": 0,
  "RatedCurrent": 0,
  "DrivePosition": 2,
  "LockingMechanism": 1,
  "Voltage": 1,
  "DriveType": 3,
  "TypeOfInstallation": 2,
  "GeometricArea": 0,
  "CalculationTypeForVentilation": 1,
  "HeightOfProfile": 0,
  "Reveal": 0,
  "RevealDepth": 0,
  "HeightProfileRectangleAngle1": 0,
  "HeightProfileRectangleAngle2": 0,
  "RevealDepthRectangleAngle1": 0,
  "RevealDepthRectangleAngle2": 0,
  "RevealDepthRectangleAngle12": 0,
  "InstallationPosition": 0,
  "RecommendedDriveArticleNo": 0,
  "System": "",
  "AkippOrAtilt": 2.4,
  "AdrehOrAturn": 2,
  "Ageo": 2,
  "MinPullingForceMax": 1192.1370720078041,
  "MinPushingForceMax": 1355.7283233512194,
  "MinPullingForcePermanent": 566.2732903654809,
  "MinPushingForcePermanent": 566.2732903654809,
  "ForceWithNegativeWind": 1352.535239266298,
  "ForceWithNoWindMin": 491.79519696784934,
  "ForceWithNegativeWindMin": 1159.9269134906056,
  "ForceWithWindMin": 1192.1370720078041,
  "Id": "8b11d2e1-fe65-46bb-82a6-4442277b52f2",
  "CreatedOn": "0001-01-01T00:00:00",
  "CreatedBy": "579816e4-6653-4794-b435-a885f32e28d7",
  "ModifiedOn": "2024-11-12T10:20:16.3834039+00:00",
  "ModifiedBy": "579816e4-6653-4794-b435-a885f32e28d7"
}

15:50:24.301 [main] INFO  com.intuit.karate - Rounded Opening Angle: 23.0 
15:50:24.302 [main] INFO  com.intuit.karate - Rounded Ageo: 2.0 
15:50:24.302 [main] INFO  com.intuit.karate - Rounded Required Opening Stroke: 800 
15:50:24.303 [main] INFO  com.intuit.karate - Rounded Vent Weight: 115 
15:50:24.319 [main] INFO  com.intuit.karate - karate.env system property was: null 
15:50:24.325 [main] INFO  com.intuit.karate - Running test for dataset:  Dataset66 
15:50:24.328 [main] DEBUG com.intuit.karate - request:
1 > PUT https://dev-drivetec-apis.schuecodigitalsolutions.com/Configurations
1 > Content-Type: application/json; charset=UTF-8
1 > Content-Length: 1261
1 > Host: dev-drivetec-apis.schuecodigitalsolutions.com
1 > Connection: Keep-Alive
1 > User-Agent: Apache-HttpClient/4.5.14 (Java/17.0.12)
1 > Accept-Encoding: gzip,deflate
{"Id":"8b11d2e1-fe65-46bb-82a6-4442277b52f2","Name":"asdefgh","Description":"","ProjectId":"d2659447-79dd-4004-bdd8-aebda2f103db","CustomTags":"","CreatedBy":"579816e4-6653-4794-b435-a885f32e28d7","ModifiedBy":"579816e4-6653-4794-b435-a885f32e28d7","System":"","FacadeInclination":0,"OpeningType":1,"OpeningDirection":1,"OpeningWidth":1000,"VentOuterWidth":1200,"VentOuterHeight":1400,"VentWeight":0,"CalculateWeightWithGlass":false,"RequiredOpeningStroke":855,"WindLoad":120,"SnowLoad":0,"IsWindowOpeningCalculationByAngle":1,"GlassThickness":14,"ProfileWeightPerSerialMeter":2.5,"DrivePosition":1,"InstallationPosition":0,"LockingMechanism":1,"Voltage":1,"DriveType":2,"TypeOfInstallation":2,"GeometricArea":0,"CalcVentilation":1,"SpecificExhaustDimension":45,"BuildingDepth":90,"CalculationTypeForVentilation":1,"HeightOfProfile":0,"HeightProfileRectangleAngle1":0,"HeightProfileRectangleAngle2":0,"RevealDepth":0,"RevealDepthRectangleAngle1":0,"RevealDepthRectangleAngle2":0,"ChainLengthConnectingRodHandle":5,"ApplicationName":1,"OpeningAngle":28.8,"WeightIncGlassOrThickness":false,"AkippOrAtilt":0,"AdrehOrAturn":0,"Ageo":0,"MinPullingForceMax":0,"MinPushingForceMax":0,"MinPullingForcePermanent":0,"MinPushingForcePermanent":0,"ForceWithNegativeWind":0}

15:50:25.006 [main] DEBUG com.intuit.karate - response time in milliseconds: 677
1 < 200
1 < Content-Type: application/json; charset=utf-8
1 < Date: Tue, 12 Nov 2024 10:20:16 GMT
1 < Server: Microsoft-IIS/10.0
1 < X-Powered-By: ASP.NET
1 < Content-Length: 2041
1 < Connection: keep-alive
{
  "ProjectId": "d2659447-79dd-4004-bdd8-aebda2f103db",
  "Name": "asdefgh",
  "Description": "",
  "CustomTags": "",
  "ApplicationName": 1,
  "OpeningType": 1,
  "OpeningDirection": 1,
  "CalculateWeightWithGlass": false,
  "WindLoad": 120,
  "IsWindowOpeningCalculationByAngle": 1,
  "VentOuterWidth": 1200,
  "VentOuterHeight": 1400,
  "WeightIncGlassOrThickness": false,
  "VentWeight": 72,
  "VentWeightExact": 71.8,
  "GlassThickness": 14,
  "ProfileWeightPerSerialMeter": 2.5,
  "FacadeInclination": 0,
  "ChainLengthConnectingRodHandle": 5,
  "ChainLenghtConnectingRodHandle": 0,
  "RequiredOpeningStroke": 855,
  "OpeningWidth": 1000,
  "OpeningAngle": 35.559303520180045,
  "SpecificExhaustDimension": 45,
  "BuildingDepth": 90,
  "SnowLoad": 0,
  "DistanceHinge": 0,
  "RatedCurrent": 0,
  "DrivePosition": 1,
  "LockingMechanism": 1,
  "Voltage": 1,
  "DriveType": 2,
  "TypeOfInstallation": 2,
  "GeometricArea": 0,
  "CalculationTypeForVentilation": 1,
  "HeightOfProfile": 0,
  "Reveal": 0,
  "RevealDepth": 0,
  "HeightProfileRectangleAngle1": 0,
  "HeightProfileRectangleAngle2": 0,
  "RevealDepthRectangleAngle1": 0,
  "RevealDepthRectangleAngle2": 0,
  "RevealDepthRectangleAngle12": 0,
  "InstallationPosition": 0,
  "RecommendedDriveArticleNo": 0,
  "System": "",
  "AkippOrAtilt": 2.223,
  "AdrehOrAturn": 1.68,
  "Ageo": 1.68,
  "MinPullingForceMax": -100.51405478991474,
  "MinPushingForceMax": -289.13783604644186,
  "MinPullingForcePermanent": -219.00212550807004,
  "MinPushingForcePermanent": -219.00212550807004,
  "ForceWithNegativeWind": -148.8664149696982,
  "ForceWithNoWindMin": 0.2858812891532415,
  "ForceWithNegativeWindMin": 101.08581736822121,
  "ForceWithWindMin": -100.51405478991474,
  "Id": "8b11d2e1-fe65-46bb-82a6-4442277b52f2",
  "CreatedOn": "0001-01-01T00:00:00",
  "CreatedBy": "579816e4-6653-4794-b435-a885f32e28d7",
  "ModifiedOn": "2024-11-12T10:20:17.0947982+00:00",
  "ModifiedBy": "579816e4-6653-4794-b435-a885f32e28d7"
}

15:50:25.009 [main] INFO  com.intuit.karate - Rounded Opening Angle: 36.0 
15:50:25.011 [main] INFO  com.intuit.karate - Rounded Ageo: 1.68 
15:50:25.012 [main] INFO  com.intuit.karate - Rounded Required Opening Stroke: 855 
15:50:25.012 [main] INFO  com.intuit.karate - Rounded Vent Weight: 72 
15:50:25.027 [main] INFO  com.intuit.karate - karate.env system property was: null 
15:50:25.032 [main] INFO  com.intuit.karate - Running test for dataset:  Dataset67 
15:50:25.037 [main] DEBUG com.intuit.karate - request:
1 > PUT https://dev-drivetec-apis.schuecodigitalsolutions.com/Configurations
1 > Content-Type: application/json; charset=UTF-8
1 > Content-Length: 1267
1 > Host: dev-drivetec-apis.schuecodigitalsolutions.com
1 > Connection: Keep-Alive
1 > User-Agent: Apache-HttpClient/4.5.14 (Java/17.0.12)
1 > Accept-Encoding: gzip,deflate
{"Id":"8b11d2e1-fe65-46bb-82a6-4442277b52f2","Name":"asdefgh","Description":"","ProjectId":"d2659447-79dd-4004-bdd8-aebda2f103db","CustomTags":"","CreatedBy":"579816e4-6653-4794-b435-a885f32e28d7","ModifiedBy":"579816e4-6653-4794-b435-a885f32e28d7","System":"","FacadeInclination":0,"OpeningType":1,"OpeningDirection":1,"OpeningWidth":1000,"VentOuterWidth":1202,"VentOuterHeight":500,"VentWeight":0,"CalculateWeightWithGlass":false,"RequiredOpeningStroke":800,"WindLoad":120,"SnowLoad":0,"IsWindowOpeningCalculationByAngle":1,"GlassThickness":14,"ProfileWeightPerSerialMeter":2.6,"DrivePosition":1,"InstallationPosition":0,"LockingMechanism":1,"Voltage":1,"DriveType":1,"TypeOfInstallation":2,"GeometricArea":0,"CalcVentilation":1,"SpecificExhaustDimension":45,"BuildingDepth":90,"CalculationTypeForVentilation":1,"HeightOfProfile":30,"HeightProfileRectangleAngle1":35,"HeightProfileRectangleAngle2":2,"RevealDepth":200,"RevealDepthRectangleAngle1":150,"RevealDepthRectangleAngle2":1000,"ChainLengthConnectingRodHandle":5,"ApplicationName":1,"OpeningAngle":10,"WeightIncGlassOrThickness":false,"AkippOrAtilt":0,"AdrehOrAturn":0,"Ageo":0,"MinPullingForceMax":0,"MinPushingForceMax":0,"MinPullingForcePermanent":0,"MinPushingForcePermanent":0,"ForceWithNegativeWind":0}

15:50:25.713 [main] DEBUG com.intuit.karate - response time in milliseconds: 673
1 < 200
1 < Content-Type: application/json; charset=utf-8
1 < Date: Tue, 12 Nov 2024 10:20:17 GMT
1 < Server: Microsoft-IIS/10.0
1 < X-Powered-By: ASP.NET
1 < Content-Length: 2017
1 < Connection: keep-alive
{
  "ProjectId": "d2659447-79dd-4004-bdd8-aebda2f103db",
  "Name": "asdefgh",
  "Description": "",
  "CustomTags": "",
  "ApplicationName": 1,
  "OpeningType": 1,
  "OpeningDirection": 1,
  "CalculateWeightWithGlass": false,
  "WindLoad": 120,
  "IsWindowOpeningCalculationByAngle": 1,
  "VentOuterWidth": 1202,
  "VentOuterHeight": 500,
  "WeightIncGlassOrThickness": false,
  "VentWeight": 30,
  "VentWeightExact": 29.8854,
  "GlassThickness": 14,
  "ProfileWeightPerSerialMeter": 2.6,
  "FacadeInclination": 0,
  "ChainLengthConnectingRodHandle": 5,
  "ChainLenghtConnectingRodHandle": 0,
  "RequiredOpeningStroke": 800,
  "OpeningWidth": 1000,
  "OpeningAngle": 106.26020470831196,
  "SpecificExhaustDimension": 45,
  "BuildingDepth": 90,
  "SnowLoad": 0,
  "DistanceHinge": 0,
  "RatedCurrent": 0,
  "DrivePosition": 1,
  "LockingMechanism": 1,
  "Voltage": 1,
  "DriveType": 1,
  "TypeOfInstallation": 2,
  "GeometricArea": 0,
  "CalculationTypeForVentilation": 1,
  "HeightOfProfile": 30,
  "Reveal": 0,
  "RevealDepth": 200,
  "HeightProfileRectangleAngle1": 35,
  "HeightProfileRectangleAngle2": 2,
  "RevealDepthRectangleAngle1": 150,
  "RevealDepthRectangleAngle2": 1000,
  "RevealDepthRectangleAngle12": 0,
  "InstallationPosition": 0,
  "RecommendedDriveArticleNo": 0,
  "System": "",
  "AkippOrAtilt": 1.3616,
  "AdrehOrAturn": 0.601,
  "Ageo": 0.601,
  "MinPullingForceMax": 0,
  "MinPushingForceMax": -210.9911156762208,
  "MinPullingForcePermanent": -210.9903315395314,
  "MinPushingForcePermanent": -210.9903315395314,
  "ForceWithNegativeWind": -210.98954740284202,
  "ForceWithNoWindMin": 0.11899271140473934,
  "ForceWithNegativeWindMin": 36.17896984445227,
  "ForceWithWindMin": 0,
  "Id": "8b11d2e1-fe65-46bb-82a6-4442277b52f2",
  "CreatedOn": "0001-01-01T00:00:00",
  "CreatedBy": "579816e4-6653-4794-b435-a885f32e28d7",
  "ModifiedOn": "2024-11-12T10:20:17.8024716+00:00",
  "ModifiedBy": "579816e4-6653-4794-b435-a885f32e28d7"
}

15:50:25.715 [main] INFO  com.intuit.karate - Rounded Opening Angle: 106.0 
15:50:25.716 [main] INFO  com.intuit.karate - Rounded Ageo: 0.6 
15:50:25.716 [main] INFO  com.intuit.karate - Rounded Required Opening Stroke: 800 
15:50:25.717 [main] INFO  com.intuit.karate - Rounded Vent Weight: 30 
15:50:25.727 [main] INFO  com.intuit.karate - karate.env system property was: null 
15:50:25.731 [main] INFO  com.intuit.karate - Running test for dataset:  Dataset68 
15:50:25.736 [main] DEBUG com.intuit.karate - request:
1 > PUT https://dev-drivetec-apis.schuecodigitalsolutions.com/Configurations
1 > Content-Type: application/json; charset=UTF-8
1 > Content-Length: 1259
1 > Host: dev-drivetec-apis.schuecodigitalsolutions.com
1 > Connection: Keep-Alive
1 > User-Agent: Apache-HttpClient/4.5.14 (Java/17.0.12)
1 > Accept-Encoding: gzip,deflate
{"Id":"8b11d2e1-fe65-46bb-82a6-4442277b52f2","Name":"asdefgh","Description":"","ProjectId":"d2659447-79dd-4004-bdd8-aebda2f103db","CustomTags":"","CreatedBy":"579816e4-6653-4794-b435-a885f32e28d7","ModifiedBy":"579816e4-6653-4794-b435-a885f32e28d7","System":"","FacadeInclination":0,"OpeningType":1,"OpeningDirection":1,"OpeningWidth":1000,"VentOuterWidth":1201,"VentOuterHeight":2500,"VentWeight":0,"CalculateWeightWithGlass":false,"RequiredOpeningStroke":855,"WindLoad":120,"SnowLoad":0,"IsWindowOpeningCalculationByAngle":2,"GlassThickness":14,"ProfileWeightPerSerialMeter":2.7,"DrivePosition":1,"InstallationPosition":0,"LockingMechanism":1,"Voltage":1,"DriveType":1,"TypeOfInstallation":2,"GeometricArea":0,"CalcVentilation":1,"SpecificExhaustDimension":45,"BuildingDepth":90,"CalculationTypeForVentilation":1,"HeightOfProfile":0,"HeightProfileRectangleAngle1":0,"HeightProfileRectangleAngle2":0,"RevealDepth":0,"RevealDepthRectangleAngle1":0,"RevealDepthRectangleAngle2":0,"ChainLengthConnectingRodHandle":5,"ApplicationName":1,"OpeningAngle":55,"WeightIncGlassOrThickness":false,"AkippOrAtilt":0,"AdrehOrAturn":0,"Ageo":0,"MinPullingForceMax":0,"MinPushingForceMax":0,"MinPullingForcePermanent":0,"MinPushingForcePermanent":0,"ForceWithNegativeWind":0}

15:50:26.414 [main] DEBUG com.intuit.karate - response time in milliseconds: 677
1 < 200
1 < Content-Type: application/json; charset=utf-8
1 < Date: Tue, 12 Nov 2024 10:20:17 GMT
1 < Server: Microsoft-IIS/10.0
1 < X-Powered-By: ASP.NET
1 < Content-Length: 2061
1 < Connection: keep-alive
{
  "ProjectId": "d2659447-79dd-4004-bdd8-aebda2f103db",
  "Name": "asdefgh",
  "Description": "",
  "CustomTags": "",
  "ApplicationName": 1,
  "OpeningType": 1,
  "OpeningDirection": 1,
  "CalculateWeightWithGlass": false,
  "WindLoad": 120,
  "IsWindowOpeningCalculationByAngle": 2,
  "VentOuterWidth": 1201,
  "VentOuterHeight": 2500,
  "WeightIncGlassOrThickness": false,
  "VentWeight": 125,
  "VentWeightExact": 125.07289999999999,
  "GlassThickness": 14,
  "ProfileWeightPerSerialMeter": 2.7,
  "FacadeInclination": 0,
  "ChainLengthConnectingRodHandle": 5,
  "ChainLenghtConnectingRodHandle": 0,
  "RequiredOpeningStroke": 2308.7430661751696,
  "OpeningWidth": 1000,
  "OpeningAngle": 55,
  "SpecificExhaustDimension": 45,
  "BuildingDepth": 90,
  "SnowLoad": 0,
  "DistanceHinge": 0,
  "RatedCurrent": 0,
  "DrivePosition": 1,
  "LockingMechanism": 1,
  "Voltage": 1,
  "DriveType": 1,
  "TypeOfInstallation": 2,
  "GeometricArea": 0,
  "CalculationTypeForVentilation": 1,
  "HeightOfProfile": 0,
  "Reveal": 0,
  "RevealDepth": 0,
  "HeightProfileRectangleAngle1": 0,
  "HeightProfileRectangleAngle2": 0,
  "RevealDepthRectangleAngle1": 0,
  "RevealDepthRectangleAngle2": 0,
  "RevealDepthRectangleAngle12": 0,
  "InstallationPosition": 0,
  "RecommendedDriveArticleNo": 0,
  "System": "",
  "AkippOrAtilt": 8.544658087914303,
  "AdrehOrAturn": 3.0025,
  "Ageo": 3.0025,
  "MinPullingForceMax": -179.65189130506374,
  "MinPushingForceMax": -644.213556103148,
  "MinPullingForcePermanent": -577.2644896488,
  "MinPushingForcePermanent": -577.2644896488,
  "ForceWithNegativeWind": -510.315423194452,
  "ForceWithNoWindMin": 0.49799445529435177,
  "ForceWithNegativeWindMin": 180.64788021565246,
  "ForceWithWindMin": -179.65189130506374,
  "Id": "8b11d2e1-fe65-46bb-82a6-4442277b52f2",
  "CreatedOn": "0001-01-01T00:00:00",
  "CreatedBy": "579816e4-6653-4794-b435-a885f32e28d7",
  "ModifiedOn": "2024-11-12T10:20:18.4986143+00:00",
  "ModifiedBy": "579816e4-6653-4794-b435-a885f32e28d7"
}

15:50:26.417 [main] INFO  com.intuit.karate - Rounded Opening Angle: 55.0 
15:50:26.418 [main] INFO  com.intuit.karate - Rounded Ageo: 3.0 
15:50:26.419 [main] INFO  com.intuit.karate - Rounded Required Opening Stroke: 2309 
15:50:26.420 [main] INFO  com.intuit.karate - Rounded Vent Weight: 125 
15:50:26.436 [main] INFO  com.intuit.karate - karate.env system property was: null 
15:50:26.441 [main] INFO  com.intuit.karate - Running test for dataset:  Dataset69 
15:50:26.445 [main] DEBUG com.intuit.karate - request:
1 > PUT https://dev-drivetec-apis.schuecodigitalsolutions.com/Configurations
1 > Content-Type: application/json; charset=UTF-8
1 > Content-Length: 1259
1 > Host: dev-drivetec-apis.schuecodigitalsolutions.com
1 > Connection: Keep-Alive
1 > User-Agent: Apache-HttpClient/4.5.14 (Java/17.0.12)
1 > Accept-Encoding: gzip,deflate
{"Id":"8b11d2e1-fe65-46bb-82a6-4442277b52f2","Name":"asdefgh","Description":"","ProjectId":"d2659447-79dd-4004-bdd8-aebda2f103db","CustomTags":"","CreatedBy":"579816e4-6653-4794-b435-a885f32e28d7","ModifiedBy":"579816e4-6653-4794-b435-a885f32e28d7","System":"","FacadeInclination":0,"OpeningType":1,"OpeningDirection":1,"OpeningWidth":1000,"VentOuterWidth":1202,"VentOuterHeight":2500,"VentWeight":0,"CalculateWeightWithGlass":false,"RequiredOpeningStroke":855,"WindLoad":120,"SnowLoad":0,"IsWindowOpeningCalculationByAngle":2,"GlassThickness":14,"ProfileWeightPerSerialMeter":2.6,"DrivePosition":1,"InstallationPosition":0,"LockingMechanism":1,"Voltage":1,"DriveType":1,"TypeOfInstallation":2,"GeometricArea":0,"CalcVentilation":1,"SpecificExhaustDimension":45,"BuildingDepth":90,"CalculationTypeForVentilation":1,"HeightOfProfile":0,"HeightProfileRectangleAngle1":0,"HeightProfileRectangleAngle2":0,"RevealDepth":0,"RevealDepthRectangleAngle1":0,"RevealDepthRectangleAngle2":0,"ChainLengthConnectingRodHandle":5,"ApplicationName":1,"OpeningAngle":30,"WeightIncGlassOrThickness":false,"AkippOrAtilt":0,"AdrehOrAturn":0,"Ageo":0,"MinPullingForceMax":0,"MinPushingForceMax":0,"MinPullingForcePermanent":0,"MinPushingForcePermanent":0,"ForceWithNegativeWind":0}

15:50:27.094 [main] DEBUG com.intuit.karate - response time in milliseconds: 648
1 < 200
1 < Content-Type: application/json; charset=utf-8
1 < Date: Tue, 12 Nov 2024 10:20:19 GMT
1 < Server: Microsoft-IIS/10.0
1 < X-Powered-By: ASP.NET
1 < Content-Length: 2055
1 < Connection: keep-alive
{
  "ProjectId": "d2659447-79dd-4004-bdd8-aebda2f103db",
  "Name": "asdefgh",
  "Description": "",
  "CustomTags": "",
  "ApplicationName": 1,
  "OpeningType": 1,
  "OpeningDirection": 1,
  "CalculateWeightWithGlass": false,
  "WindLoad": 120,
  "IsWindowOpeningCalculationByAngle": 2,
  "VentOuterWidth": 1202,
  "VentOuterHeight": 2500,
  "WeightIncGlassOrThickness": false,
  "VentWeight": 124,
  "VentWeightExact": 124.4254,
  "GlassThickness": 14,
  "ProfileWeightPerSerialMeter": 2.6,
  "FacadeInclination": 0,
  "ChainLengthConnectingRodHandle": 5,
  "ChainLenghtConnectingRodHandle": 0,
  "RequiredOpeningStroke": 1294.0952255126037,
  "OpeningWidth": 1000,
  "OpeningAngle": 30,
  "SpecificExhaustDimension": 45,
  "BuildingDepth": 90,
  "SnowLoad": 0,
  "DistanceHinge": 0,
  "RatedCurrent": 0,
  "DrivePosition": 1,
  "LockingMechanism": 1,
  "Voltage": 1,
  "DriveType": 1,
  "TypeOfInstallation": 2,
  "GeometricArea": 0,
  "CalculationTypeForVentilation": 1,
  "HeightOfProfile": 0,
  "Reveal": 0,
  "RevealDepth": 0,
  "HeightProfileRectangleAngle1": 0,
  "HeightProfileRectangleAngle2": 0,
  "RevealDepthRectangleAngle1": 0,
  "RevealDepthRectangleAngle2": 0,
  "RevealDepthRectangleAngle12": 0,
  "InstallationPosition": 0,
  "RecommendedDriveArticleNo": 0,
  "System": "",
  "AkippOrAtilt": 4.790740524847659,
  "AdrehOrAturn": 3.005,
  "Ageo": 3.005,
  "MinPullingForceMax": -179.80446931766932,
  "MinPushingForceMax": -461.887977469804,
  "MinPullingForcePermanent": -321.8175794922248,
  "MinPushingForcePermanent": -321.8175794922248,
  "ForceWithNegativeWind": -181.7471815146456,
  "ForceWithNoWindMin": 0.4954163475683529,
  "ForceWithNegativeWindMin": 180.79530201280602,
  "ForceWithWindMin": -179.80446931766932,
  "Id": "8b11d2e1-fe65-46bb-82a6-4442277b52f2",
  "CreatedOn": "0001-01-01T00:00:00",
  "CreatedBy": "579816e4-6653-4794-b435-a885f32e28d7",
  "ModifiedOn": "2024-11-12T10:20:19.1872812+00:00",
  "ModifiedBy": "579816e4-6653-4794-b435-a885f32e28d7"
}

15:50:27.097 [main] INFO  com.intuit.karate - Rounded Opening Angle: 30.0 
15:50:27.097 [main] INFO  com.intuit.karate - Rounded Ageo: 3.01 
15:50:27.098 [main] INFO  com.intuit.karate - Rounded Required Opening Stroke: 1294 
15:50:27.098 [main] INFO  com.intuit.karate - Rounded Vent Weight: 124 
---------------------------------------------------------
feature: classpath:drivetecTestCases/features/driveteclogin.feature
scenarios: 69 | passed: 67 | failed:  2 | time: 46.6661
---------------------------------------------------------

15:50:32.608 [main] INFO  com.intuit.karate.Suite - <<fail>> feature 1 of 1 (0 remaining) classpath:drivetecTestCases/features/driveteclogin.feature
Karate version: 1.5.0
======================================================
elapsed:  54.91 | threads:    1 | thread time: 46.67 
features:     1 | skipped:    0 | efficiency: 0.85
scenarios:   69 | passed:    67 | failed: 2
======================================================
>>> failed features:
match failed: EQUALS
  $ | not equal (NUMBER:NUMBER)
  4.58
  5

classpath:drivetecTestCases/features/driveteclogin.feature:197
match failed: EQUALS
  $ | not equal (NUMBER:NUMBER)
  7.75
  8

classpath:drivetecTestCases/features/driveteclogin.feature:197
<<<

HTML report: (paste into browser to view) | Karate version: 1.5.0
file:///C:/Users/jagan/DrivetecAPIAutomation/drivetec/target/karate-reports/karate-summary.html
===================================================================

15:50:33.166 [main] INFO  n.m.cucumber.ReportParser - File 'C:\Users\jagan\DrivetecAPIAutomation\drivetec\target\karate-reports\drivetecTestCases.features.driveteclogin.json' contains 1 feature(s)
]]></system-out>
    <system-err><![CDATA[line 1:0 token recognition error at: 'f'
line 1:1 token recognition error at: 'e'
line 1:2 token recognition error at: 'a'
line 1:3 token recognition error at: 't'
line 1:4 token recognition error at: 'u'
line 1:5 token recognition error at: 'r'
line 1:6 token recognition error at: 'e'
line 1:7 token recognition error at: ' f'
line 1:9 token recognition error at: 'i'
line 1:10 token recognition error at: 'l'
line 1:11 token recognition error at: 'e'
line 1:0 token recognition error at: 'f'
line 1:1 token recognition error at: 'e'
line 1:2 token recognition error at: 'a'
line 1:3 token recognition error at: 't'
line 1:4 token recognition error at: 'u'
line 1:5 token recognition error at: 'r'
line 1:6 token recognition error at: 'e'
line 1:7 token recognition error at: ' f'
line 1:9 token recognition error at: 'i'
line 1:10 token recognition error at: 'l'
line 1:11 token recognition error at: 'e'
]]></system-err>
  </testcase>
</testsuite>