<?xml version="1.0" encoding="UTF-8"?>
<testsuite xmlns:xsi="http://www.w3.org/2001/XMLSchema-instance" xsi:noNamespaceSchemaLocation="https://maven.apache.org/surefire/maven-surefire-plugin/xsd/surefire-test-report-3.0.xsd" version="3.0" name="drivetecTestCases.TestRunner" time="269.73" tests="1" errors="0" skipped="0" failures="0">
  <properties>
    <property name="java.specification.version" value="17"/>
    <property name="sun.cpu.isalist" value="amd64"/>
    <property name="sun.jnu.encoding" value="Cp1252"/>
    <property name="java.class.path" value="C:\Users\jagan\DrivetecAPIAutomation\drivetec\target\test-classes;C:\Users\jagan\DrivetecAPIAutomation\drivetec\target\classes;C:\Users\jagan\.m2\repository\net\masterthought\cucumber-reporting\5.8.2\cucumber-reporting-5.8.2.jar;C:\Users\jagan\.m2\repository\com\fasterxml\jackson\core\jackson-databind\2.17.0\jackson-databind-2.17.0.jar;C:\Users\jagan\.m2\repository\com\fasterxml\jackson\core\jackson-annotations\2.17.0\jackson-annotations-2.17.0.jar;C:\Users\jagan\.m2\repository\com\fasterxml\jackson\core\jackson-core\2.17.0\jackson-core-2.17.0.jar;C:\Users\jagan\.m2\repository\net\bytebuddy\byte-buddy\1.14.9\byte-buddy-1.14.9.jar;C:\Users\jagan\.m2\repository\com\fasterxml\jackson\datatype\jackson-datatype-jsr310\2.17.0\jackson-datatype-jsr310-2.17.0.jar;C:\Users\jagan\.m2\repository\org\apache\velocity\velocity-engine-core\2.3\velocity-engine-core-2.3.jar;C:\Users\jagan\.m2\repository\joda-time\joda-time\2.12.7\joda-time-2.12.7.jar;C:\Users\jagan\.m2\repository\org\apache\commons\commons-configuration2\2.10.1\commons-configuration2-2.10.1.jar;C:\Users\jagan\.m2\repository\org\apache\commons\commons-lang3\3.14.0\commons-lang3-3.14.0.jar;C:\Users\jagan\.m2\repository\commons-io\commons-io\2.16.1\commons-io-2.16.1.jar;C:\Users\jagan\.m2\repository\org\apache\commons\commons-text\1.11.0\commons-text-1.11.0.jar;C:\Users\jagan\.m2\repository\org\jsoup\jsoup\1.17.2\jsoup-1.17.2.jar;C:\Users\jagan\.m2\repository\com\googlecode\owasp-java-html-sanitizer\owasp-java-html-sanitizer\20240325.1\owasp-java-html-sanitizer-20240325.1.jar;C:\Users\jagan\.m2\repository\com\googlecode\owasp-java-html-sanitizer\java8-shim\20240325.1\java8-shim-20240325.1.jar;C:\Users\jagan\.m2\repository\com\googlecode\owasp-java-html-sanitizer\java10-shim\20240325.1\java10-shim-20240325.1.jar;C:\Users\jagan\.m2\repository\org\slf4j\slf4j-api\2.0.13\slf4j-api-2.0.13.jar;C:\Users\jagan\.m2\repository\org\slf4j\jcl-over-slf4j\2.0.13\jcl-over-slf4j-2.0.13.jar;C:\Users\jagan\.m2\repository\io\karatelabs\karate-junit5\1.5.0\karate-junit5-1.5.0.jar;C:\Users\jagan\.m2\repository\io\karatelabs\karate-core\1.5.0\karate-core-1.5.0.jar;C:\Users\jagan\.m2\repository\org\graalvm\js\js-scriptengine\24.0.0\js-scriptengine-24.0.0.jar;C:\Users\jagan\.m2\repository\org\graalvm\polyglot\polyglot\24.0.0\polyglot-24.0.0.jar;C:\Users\jagan\.m2\repository\org\graalvm\sdk\collections\24.0.0\collections-24.0.0.jar;C:\Users\jagan\.m2\repository\org\graalvm\sdk\nativeimage\24.0.0\nativeimage-24.0.0.jar;C:\Users\jagan\.m2\repository\org\graalvm\sdk\word\24.0.0\word-24.0.0.jar;C:\Users\jagan\.m2\repository\org\graalvm\js\js-language\24.0.0\js-language-24.0.0.jar;C:\Users\jagan\.m2\repository\org\graalvm\regex\regex\24.0.0\regex-24.0.0.jar;C:\Users\jagan\.m2\repository\org\graalvm\truffle\truffle-api\24.0.0\truffle-api-24.0.0.jar;C:\Users\jagan\.m2\repository\org\graalvm\shadowed\icu4j\24.0.0\icu4j-24.0.0.jar;C:\Users\jagan\.m2\repository\org\thymeleaf\thymeleaf\3.1.2.RELEASE\thymeleaf-3.1.2.RELEASE.jar;C:\Users\jagan\.m2\repository\ognl\ognl\3.3.4\ognl-3.3.4.jar;C:\Users\jagan\.m2\repository\org\javassist\javassist\3.29.0-GA\javassist-3.29.0-GA.jar;C:\Users\jagan\.m2\repository\org\attoparser\attoparser\2.0.7.RELEASE\attoparser-2.0.7.RELEASE.jar;C:\Users\jagan\.m2\repository\org\unbescape\unbescape\1.1.6.RELEASE\unbescape-1.1.6.RELEASE.jar;C:\Users\jagan\.m2\repository\com\linecorp\armeria\armeria\1.29.2\armeria-1.29.2.jar;C:\Users\jagan\.m2\repository\com\fasterxml\jackson\datatype\jackson-datatype-jdk8\2.17.1\jackson-datatype-jdk8-2.17.1.jar;C:\Users\jagan\.m2\repository\io\micrometer\micrometer-core\1.13.0\micrometer-core-1.13.0.jar;C:\Users\jagan\.m2\repository\io\micrometer\micrometer-commons\1.13.0\micrometer-commons-1.13.0.jar;C:\Users\jagan\.m2\repository\io\micrometer\micrometer-observation\1.13.0\micrometer-observation-1.13.0.jar;C:\Users\jagan\.m2\repository\org\hdrhistogram\HdrHistogram\2.2.1\HdrHistogram-2.2.1.jar;C:\Users\jagan\.m2\repository\org\latencyutils\LatencyUtils\2.0.3\LatencyUtils-2.0.3.jar;C:\Users\jagan\.m2\repository\io\netty\netty-transport\4.1.110.Final\netty-transport-4.1.110.Final.jar;C:\Users\jagan\.m2\repository\io\netty\netty-common\4.1.110.Final\netty-common-4.1.110.Final.jar;C:\Users\jagan\.m2\repository\io\netty\netty-buffer\4.1.110.Final\netty-buffer-4.1.110.Final.jar;C:\Users\jagan\.m2\repository\io\netty\netty-resolver\4.1.110.Final\netty-resolver-4.1.110.Final.jar;C:\Users\jagan\.m2\repository\io\netty\netty-codec-haproxy\4.1.110.Final\netty-codec-haproxy-4.1.110.Final.jar;C:\Users\jagan\.m2\repository\io\netty\netty-codec\4.1.110.Final\netty-codec-4.1.110.Final.jar;C:\Users\jagan\.m2\repository\io\netty\netty-codec-http2\4.1.110.Final\netty-codec-http2-4.1.110.Final.jar;C:\Users\jagan\.m2\repository\io\netty\netty-handler\4.1.110.Final\netty-handler-4.1.110.Final.jar;C:\Users\jagan\.m2\repository\io\netty\netty-codec-http\4.1.110.Final\netty-codec-http-4.1.110.Final.jar;C:\Users\jagan\.m2\repository\io\netty\netty-resolver-dns\4.1.110.Final\netty-resolver-dns-4.1.110.Final.jar;C:\Users\jagan\.m2\repository\io\netty\netty-codec-dns\4.1.110.Final\netty-codec-dns-4.1.110.Final.jar;C:\Users\jagan\.m2\repository\io\netty\netty-transport-native-unix-common\4.1.110.Final\netty-transport-native-unix-common-4.1.110.Final-linux-x86_64.jar;C:\Users\jagan\.m2\repository\io\netty\netty-transport-native-unix-common\4.1.110.Final\netty-transport-native-unix-common-4.1.110.Final-linux-aarch_64.jar;C:\Users\jagan\.m2\repository\io\netty\netty-transport-native-unix-common\4.1.110.Final\netty-transport-native-unix-common-4.1.110.Final-osx-x86_64.jar;C:\Users\jagan\.m2\repository\io\netty\netty-transport-native-unix-common\4.1.110.Final\netty-transport-native-unix-common-4.1.110.Final-osx-aarch_64.jar;C:\Users\jagan\.m2\repository\org\reactivestreams\reactive-streams\1.0.4\reactive-streams-1.0.4.jar;C:\Users\jagan\.m2\repository\com\google\code\findbugs\jsr305\3.0.2\jsr305-3.0.2.jar;C:\Users\jagan\.m2\repository\io\netty\netty-handler-proxy\4.1.110.Final\netty-handler-proxy-4.1.110.Final.jar;C:\Users\jagan\.m2\repository\io\netty\netty-codec-socks\4.1.110.Final\netty-codec-socks-4.1.110.Final.jar;C:\Users\jagan\.m2\repository\io\netty\netty-transport-native-epoll\4.1.110.Final\netty-transport-native-epoll-4.1.110.Final-linux-x86_64.jar;C:\Users\jagan\.m2\repository\io\netty\netty-transport-native-unix-common\4.1.110.Final\netty-transport-native-unix-common-4.1.110.Final.jar;C:\Users\jagan\.m2\repository\io\netty\netty-transport-classes-epoll\4.1.110.Final\netty-transport-classes-epoll-4.1.110.Final.jar;C:\Users\jagan\.m2\repository\io\netty\netty-transport-native-epoll\4.1.110.Final\netty-transport-native-epoll-4.1.110.Final-linux-aarch_64.jar;C:\Users\jagan\.m2\repository\io\netty\netty-transport-native-kqueue\4.1.110.Final\netty-transport-native-kqueue-4.1.110.Final-osx-x86_64.jar;C:\Users\jagan\.m2\repository\io\netty\netty-transport-classes-kqueue\4.1.110.Final\netty-transport-classes-kqueue-4.1.110.Final.jar;C:\Users\jagan\.m2\repository\io\netty\netty-resolver-dns-native-macos\4.1.110.Final\netty-resolver-dns-native-macos-4.1.110.Final-osx-x86_64.jar;C:\Users\jagan\.m2\repository\io\netty\netty-resolver-dns-classes-macos\4.1.110.Final\netty-resolver-dns-classes-macos-4.1.110.Final.jar;C:\Users\jagan\.m2\repository\io\netty\netty-transport-native-kqueue\4.1.110.Final\netty-transport-native-kqueue-4.1.110.Final-osx-aarch_64.jar;C:\Users\jagan\.m2\repository\io\netty\netty-resolver-dns-native-macos\4.1.110.Final\netty-resolver-dns-native-macos-4.1.110.Final-osx-aarch_64.jar;C:\Users\jagan\.m2\repository\io\netty\netty-tcnative-boringssl-static\2.0.65.Final\netty-tcnative-boringssl-static-2.0.65.Final-linux-x86_64.jar;C:\Users\jagan\.m2\repository\io\netty\netty-tcnative-classes\2.0.65.Final\netty-tcnative-classes-2.0.65.Final.jar;C:\Users\jagan\.m2\repository\io\netty\netty-tcnative-boringssl-static\2.0.65.Final\netty-tcnative-boringssl-static-2.0.65.Final-linux-aarch_64.jar;C:\Users\jagan\.m2\repository\io\netty\netty-tcnative-boringssl-static\2.0.65.Final\netty-tcnative-boringssl-static-2.0.65.Final-osx-x86_64.jar;C:\Users\jagan\.m2\repository\io\netty\netty-tcnative-boringssl-static\2.0.65.Final\netty-tcnative-boringssl-static-2.0.65.Final-osx-aarch_64.jar;C:\Users\jagan\.m2\repository\io\netty\netty-tcnative-boringssl-static\2.0.65.Final\netty-tcnative-boringssl-static-2.0.65.Final-windows-x86_64.jar;C:\Users\jagan\.m2\repository\com\aayushatharva\brotli4j\brotli4j\1.16.0\brotli4j-1.16.0.jar;C:\Users\jagan\.m2\repository\com\aayushatharva\brotli4j\service\1.16.0\service-1.16.0.jar;C:\Users\jagan\.m2\repository\com\aayushatharva\brotli4j\native-windows-x86_64\1.16.0\native-windows-x86_64-1.16.0.jar;C:\Users\jagan\.m2\repository\org\apache\httpcomponents\httpclient\4.5.14\httpclient-4.5.14.jar;C:\Users\jagan\.m2\repository\org\apache\httpcomponents\httpcore\4.4.16\httpcore-4.4.16.jar;C:\Users\jagan\.m2\repository\commons-codec\commons-codec\1.16.1\commons-codec-1.16.1.jar;C:\Users\jagan\.m2\repository\ch\qos\logback\logback-classic\1.5.4\logback-classic-1.5.4.jar;C:\Users\jagan\.m2\repository\ch\qos\logback\logback-core\1.5.4\logback-core-1.5.4.jar;C:\Users\jagan\.m2\repository\org\antlr\antlr4-runtime\4.13.1\antlr4-runtime-4.13.1.jar;C:\Users\jagan\.m2\repository\com\jayway\jsonpath\json-path\2.9.0\json-path-2.9.0.jar;C:\Users\jagan\.m2\repository\net\minidev\json-smart\2.5.1\json-smart-2.5.1.jar;C:\Users\jagan\.m2\repository\net\minidev\accessors-smart\2.5.1\accessors-smart-2.5.1.jar;C:\Users\jagan\.m2\repository\org\ow2\asm\asm\9.6\asm-9.6.jar;C:\Users\jagan\.m2\repository\org\yaml\snakeyaml\2.2\snakeyaml-2.2.jar;C:\Users\jagan\.m2\repository\de\siegmar\fastcsv\3.1.0\fastcsv-3.1.0.jar;C:\Users\jagan\.m2\repository\info\picocli\picocli\4.7.5\picocli-4.7.5.jar;C:\Users\jagan\.m2\repository\io\github\classgraph\classgraph\4.8.170\classgraph-4.8.170.jar;C:\Users\jagan\.m2\repository\io\github\t12y\resemble\1.1.0\resemble-1.1.0.jar;C:\Users\jagan\.m2\repository\io\github\t12y\ssim\1.0.0\ssim-1.0.0.jar;C:\Users\jagan\.m2\repository\org\junit\jupiter\junit-jupiter-api\5.10.2\junit-jupiter-api-5.10.2.jar;C:\Users\jagan\.m2\repository\org\opentest4j\opentest4j\1.3.0\opentest4j-1.3.0.jar;C:\Users\jagan\.m2\repository\org\junit\platform\junit-platform-commons\1.10.2\junit-platform-commons-1.10.2.jar;C:\Users\jagan\.m2\repository\org\apiguardian\apiguardian-api\1.1.2\apiguardian-api-1.1.2.jar;C:\Users\jagan\.m2\repository\org\junit\jupiter\junit-jupiter-engine\5.10.2\junit-jupiter-engine-5.10.2.jar;C:\Users\jagan\.m2\repository\org\junit\platform\junit-platform-engine\1.10.2\junit-platform-engine-1.10.2.jar;"/>
    <property name="java.vm.vendor" value="Oracle Corporation"/>
    <property name="sun.arch.data.model" value="64"/>
    <property name="user.variant" value=""/>
    <property name="java.vendor.url" value="https://java.oracle.com/"/>
    <property name="user.timezone" value="Asia/Calcutta"/>
    <property name="os.name" value="Windows 11"/>
    <property name="java.vm.specification.version" value="17"/>
    <property name="sun.java.launcher" value="SUN_STANDARD"/>
    <property name="user.country" value="IN"/>
    <property name="sun.boot.library.path" value="C:\Program Files\Java\jdk-17\bin"/>
    <property name="sun.java.command" value="C:\Users\jagan\AppData\Local\Temp\surefire5920662552221727084\surefirebooter-20241205135210298_3.jar C:\Users\jagan\AppData\Local\Temp\surefire5920662552221727084 2024-12-05T13-52-10_092-jvmRun1 surefire-20241205135210298_1tmp surefire_0-20241205135210298_2tmp"/>
    <property name="jdk.debug" value="release"/>
    <property name="surefire.test.class.path" value="C:\Users\jagan\DrivetecAPIAutomation\drivetec\target\test-classes;C:\Users\jagan\DrivetecAPIAutomation\drivetec\target\classes;C:\Users\jagan\.m2\repository\net\masterthought\cucumber-reporting\5.8.2\cucumber-reporting-5.8.2.jar;C:\Users\jagan\.m2\repository\com\fasterxml\jackson\core\jackson-databind\2.17.0\jackson-databind-2.17.0.jar;C:\Users\jagan\.m2\repository\com\fasterxml\jackson\core\jackson-annotations\2.17.0\jackson-annotations-2.17.0.jar;C:\Users\jagan\.m2\repository\com\fasterxml\jackson\core\jackson-core\2.17.0\jackson-core-2.17.0.jar;C:\Users\jagan\.m2\repository\net\bytebuddy\byte-buddy\1.14.9\byte-buddy-1.14.9.jar;C:\Users\jagan\.m2\repository\com\fasterxml\jackson\datatype\jackson-datatype-jsr310\2.17.0\jackson-datatype-jsr310-2.17.0.jar;C:\Users\jagan\.m2\repository\org\apache\velocity\velocity-engine-core\2.3\velocity-engine-core-2.3.jar;C:\Users\jagan\.m2\repository\joda-time\joda-time\2.12.7\joda-time-2.12.7.jar;C:\Users\jagan\.m2\repository\org\apache\commons\commons-configuration2\2.10.1\commons-configuration2-2.10.1.jar;C:\Users\jagan\.m2\repository\org\apache\commons\commons-lang3\3.14.0\commons-lang3-3.14.0.jar;C:\Users\jagan\.m2\repository\commons-io\commons-io\2.16.1\commons-io-2.16.1.jar;C:\Users\jagan\.m2\repository\org\apache\commons\commons-text\1.11.0\commons-text-1.11.0.jar;C:\Users\jagan\.m2\repository\org\jsoup\jsoup\1.17.2\jsoup-1.17.2.jar;C:\Users\jagan\.m2\repository\com\googlecode\owasp-java-html-sanitizer\owasp-java-html-sanitizer\20240325.1\owasp-java-html-sanitizer-20240325.1.jar;C:\Users\jagan\.m2\repository\com\googlecode\owasp-java-html-sanitizer\java8-shim\20240325.1\java8-shim-20240325.1.jar;C:\Users\jagan\.m2\repository\com\googlecode\owasp-java-html-sanitizer\java10-shim\20240325.1\java10-shim-20240325.1.jar;C:\Users\jagan\.m2\repository\org\slf4j\slf4j-api\2.0.13\slf4j-api-2.0.13.jar;C:\Users\jagan\.m2\repository\org\slf4j\jcl-over-slf4j\2.0.13\jcl-over-slf4j-2.0.13.jar;C:\Users\jagan\.m2\repository\io\karatelabs\karate-junit5\1.5.0\karate-junit5-1.5.0.jar;C:\Users\jagan\.m2\repository\io\karatelabs\karate-core\1.5.0\karate-core-1.5.0.jar;C:\Users\jagan\.m2\repository\org\graalvm\js\js-scriptengine\24.0.0\js-scriptengine-24.0.0.jar;C:\Users\jagan\.m2\repository\org\graalvm\polyglot\polyglot\24.0.0\polyglot-24.0.0.jar;C:\Users\jagan\.m2\repository\org\graalvm\sdk\collections\24.0.0\collections-24.0.0.jar;C:\Users\jagan\.m2\repository\org\graalvm\sdk\nativeimage\24.0.0\nativeimage-24.0.0.jar;C:\Users\jagan\.m2\repository\org\graalvm\sdk\word\24.0.0\word-24.0.0.jar;C:\Users\jagan\.m2\repository\org\graalvm\js\js-language\24.0.0\js-language-24.0.0.jar;C:\Users\jagan\.m2\repository\org\graalvm\regex\regex\24.0.0\regex-24.0.0.jar;C:\Users\jagan\.m2\repository\org\graalvm\truffle\truffle-api\24.0.0\truffle-api-24.0.0.jar;C:\Users\jagan\.m2\repository\org\graalvm\shadowed\icu4j\24.0.0\icu4j-24.0.0.jar;C:\Users\jagan\.m2\repository\org\thymeleaf\thymeleaf\3.1.2.RELEASE\thymeleaf-3.1.2.RELEASE.jar;C:\Users\jagan\.m2\repository\ognl\ognl\3.3.4\ognl-3.3.4.jar;C:\Users\jagan\.m2\repository\org\javassist\javassist\3.29.0-GA\javassist-3.29.0-GA.jar;C:\Users\jagan\.m2\repository\org\attoparser\attoparser\2.0.7.RELEASE\attoparser-2.0.7.RELEASE.jar;C:\Users\jagan\.m2\repository\org\unbescape\unbescape\1.1.6.RELEASE\unbescape-1.1.6.RELEASE.jar;C:\Users\jagan\.m2\repository\com\linecorp\armeria\armeria\1.29.2\armeria-1.29.2.jar;C:\Users\jagan\.m2\repository\com\fasterxml\jackson\datatype\jackson-datatype-jdk8\2.17.1\jackson-datatype-jdk8-2.17.1.jar;C:\Users\jagan\.m2\repository\io\micrometer\micrometer-core\1.13.0\micrometer-core-1.13.0.jar;C:\Users\jagan\.m2\repository\io\micrometer\micrometer-commons\1.13.0\micrometer-commons-1.13.0.jar;C:\Users\jagan\.m2\repository\io\micrometer\micrometer-observation\1.13.0\micrometer-observation-1.13.0.jar;C:\Users\jagan\.m2\repository\org\hdrhistogram\HdrHistogram\2.2.1\HdrHistogram-2.2.1.jar;C:\Users\jagan\.m2\repository\org\latencyutils\LatencyUtils\2.0.3\LatencyUtils-2.0.3.jar;C:\Users\jagan\.m2\repository\io\netty\netty-transport\4.1.110.Final\netty-transport-4.1.110.Final.jar;C:\Users\jagan\.m2\repository\io\netty\netty-common\4.1.110.Final\netty-common-4.1.110.Final.jar;C:\Users\jagan\.m2\repository\io\netty\netty-buffer\4.1.110.Final\netty-buffer-4.1.110.Final.jar;C:\Users\jagan\.m2\repository\io\netty\netty-resolver\4.1.110.Final\netty-resolver-4.1.110.Final.jar;C:\Users\jagan\.m2\repository\io\netty\netty-codec-haproxy\4.1.110.Final\netty-codec-haproxy-4.1.110.Final.jar;C:\Users\jagan\.m2\repository\io\netty\netty-codec\4.1.110.Final\netty-codec-4.1.110.Final.jar;C:\Users\jagan\.m2\repository\io\netty\netty-codec-http2\4.1.110.Final\netty-codec-http2-4.1.110.Final.jar;C:\Users\jagan\.m2\repository\io\netty\netty-handler\4.1.110.Final\netty-handler-4.1.110.Final.jar;C:\Users\jagan\.m2\repository\io\netty\netty-codec-http\4.1.110.Final\netty-codec-http-4.1.110.Final.jar;C:\Users\jagan\.m2\repository\io\netty\netty-resolver-dns\4.1.110.Final\netty-resolver-dns-4.1.110.Final.jar;C:\Users\jagan\.m2\repository\io\netty\netty-codec-dns\4.1.110.Final\netty-codec-dns-4.1.110.Final.jar;C:\Users\jagan\.m2\repository\io\netty\netty-transport-native-unix-common\4.1.110.Final\netty-transport-native-unix-common-4.1.110.Final-linux-x86_64.jar;C:\Users\jagan\.m2\repository\io\netty\netty-transport-native-unix-common\4.1.110.Final\netty-transport-native-unix-common-4.1.110.Final-linux-aarch_64.jar;C:\Users\jagan\.m2\repository\io\netty\netty-transport-native-unix-common\4.1.110.Final\netty-transport-native-unix-common-4.1.110.Final-osx-x86_64.jar;C:\Users\jagan\.m2\repository\io\netty\netty-transport-native-unix-common\4.1.110.Final\netty-transport-native-unix-common-4.1.110.Final-osx-aarch_64.jar;C:\Users\jagan\.m2\repository\org\reactivestreams\reactive-streams\1.0.4\reactive-streams-1.0.4.jar;C:\Users\jagan\.m2\repository\com\google\code\findbugs\jsr305\3.0.2\jsr305-3.0.2.jar;C:\Users\jagan\.m2\repository\io\netty\netty-handler-proxy\4.1.110.Final\netty-handler-proxy-4.1.110.Final.jar;C:\Users\jagan\.m2\repository\io\netty\netty-codec-socks\4.1.110.Final\netty-codec-socks-4.1.110.Final.jar;C:\Users\jagan\.m2\repository\io\netty\netty-transport-native-epoll\4.1.110.Final\netty-transport-native-epoll-4.1.110.Final-linux-x86_64.jar;C:\Users\jagan\.m2\repository\io\netty\netty-transport-native-unix-common\4.1.110.Final\netty-transport-native-unix-common-4.1.110.Final.jar;C:\Users\jagan\.m2\repository\io\netty\netty-transport-classes-epoll\4.1.110.Final\netty-transport-classes-epoll-4.1.110.Final.jar;C:\Users\jagan\.m2\repository\io\netty\netty-transport-native-epoll\4.1.110.Final\netty-transport-native-epoll-4.1.110.Final-linux-aarch_64.jar;C:\Users\jagan\.m2\repository\io\netty\netty-transport-native-kqueue\4.1.110.Final\netty-transport-native-kqueue-4.1.110.Final-osx-x86_64.jar;C:\Users\jagan\.m2\repository\io\netty\netty-transport-classes-kqueue\4.1.110.Final\netty-transport-classes-kqueue-4.1.110.Final.jar;C:\Users\jagan\.m2\repository\io\netty\netty-resolver-dns-native-macos\4.1.110.Final\netty-resolver-dns-native-macos-4.1.110.Final-osx-x86_64.jar;C:\Users\jagan\.m2\repository\io\netty\netty-resolver-dns-classes-macos\4.1.110.Final\netty-resolver-dns-classes-macos-4.1.110.Final.jar;C:\Users\jagan\.m2\repository\io\netty\netty-transport-native-kqueue\4.1.110.Final\netty-transport-native-kqueue-4.1.110.Final-osx-aarch_64.jar;C:\Users\jagan\.m2\repository\io\netty\netty-resolver-dns-native-macos\4.1.110.Final\netty-resolver-dns-native-macos-4.1.110.Final-osx-aarch_64.jar;C:\Users\jagan\.m2\repository\io\netty\netty-tcnative-boringssl-static\2.0.65.Final\netty-tcnative-boringssl-static-2.0.65.Final-linux-x86_64.jar;C:\Users\jagan\.m2\repository\io\netty\netty-tcnative-classes\2.0.65.Final\netty-tcnative-classes-2.0.65.Final.jar;C:\Users\jagan\.m2\repository\io\netty\netty-tcnative-boringssl-static\2.0.65.Final\netty-tcnative-boringssl-static-2.0.65.Final-linux-aarch_64.jar;C:\Users\jagan\.m2\repository\io\netty\netty-tcnative-boringssl-static\2.0.65.Final\netty-tcnative-boringssl-static-2.0.65.Final-osx-x86_64.jar;C:\Users\jagan\.m2\repository\io\netty\netty-tcnative-boringssl-static\2.0.65.Final\netty-tcnative-boringssl-static-2.0.65.Final-osx-aarch_64.jar;C:\Users\jagan\.m2\repository\io\netty\netty-tcnative-boringssl-static\2.0.65.Final\netty-tcnative-boringssl-static-2.0.65.Final-windows-x86_64.jar;C:\Users\jagan\.m2\repository\com\aayushatharva\brotli4j\brotli4j\1.16.0\brotli4j-1.16.0.jar;C:\Users\jagan\.m2\repository\com\aayushatharva\brotli4j\service\1.16.0\service-1.16.0.jar;C:\Users\jagan\.m2\repository\com\aayushatharva\brotli4j\native-windows-x86_64\1.16.0\native-windows-x86_64-1.16.0.jar;C:\Users\jagan\.m2\repository\org\apache\httpcomponents\httpclient\4.5.14\httpclient-4.5.14.jar;C:\Users\jagan\.m2\repository\org\apache\httpcomponents\httpcore\4.4.16\httpcore-4.4.16.jar;C:\Users\jagan\.m2\repository\commons-codec\commons-codec\1.16.1\commons-codec-1.16.1.jar;C:\Users\jagan\.m2\repository\ch\qos\logback\logback-classic\1.5.4\logback-classic-1.5.4.jar;C:\Users\jagan\.m2\repository\ch\qos\logback\logback-core\1.5.4\logback-core-1.5.4.jar;C:\Users\jagan\.m2\repository\org\antlr\antlr4-runtime\4.13.1\antlr4-runtime-4.13.1.jar;C:\Users\jagan\.m2\repository\com\jayway\jsonpath\json-path\2.9.0\json-path-2.9.0.jar;C:\Users\jagan\.m2\repository\net\minidev\json-smart\2.5.1\json-smart-2.5.1.jar;C:\Users\jagan\.m2\repository\net\minidev\accessors-smart\2.5.1\accessors-smart-2.5.1.jar;C:\Users\jagan\.m2\repository\org\ow2\asm\asm\9.6\asm-9.6.jar;C:\Users\jagan\.m2\repository\org\yaml\snakeyaml\2.2\snakeyaml-2.2.jar;C:\Users\jagan\.m2\repository\de\siegmar\fastcsv\3.1.0\fastcsv-3.1.0.jar;C:\Users\jagan\.m2\repository\info\picocli\picocli\4.7.5\picocli-4.7.5.jar;C:\Users\jagan\.m2\repository\io\github\classgraph\classgraph\4.8.170\classgraph-4.8.170.jar;C:\Users\jagan\.m2\repository\io\github\t12y\resemble\1.1.0\resemble-1.1.0.jar;C:\Users\jagan\.m2\repository\io\github\t12y\ssim\1.0.0\ssim-1.0.0.jar;C:\Users\jagan\.m2\repository\org\junit\jupiter\junit-jupiter-api\5.10.2\junit-jupiter-api-5.10.2.jar;C:\Users\jagan\.m2\repository\org\opentest4j\opentest4j\1.3.0\opentest4j-1.3.0.jar;C:\Users\jagan\.m2\repository\org\junit\platform\junit-platform-commons\1.10.2\junit-platform-commons-1.10.2.jar;C:\Users\jagan\.m2\repository\org\apiguardian\apiguardian-api\1.1.2\apiguardian-api-1.1.2.jar;C:\Users\jagan\.m2\repository\org\junit\jupiter\junit-jupiter-engine\5.10.2\junit-jupiter-engine-5.10.2.jar;C:\Users\jagan\.m2\repository\org\junit\platform\junit-platform-engine\1.10.2\junit-platform-engine-1.10.2.jar;"/>
    <property name="sun.cpu.endian" value="little"/>
    <property name="user.home" value="C:\Users\jagan"/>
    <property name="user.language" value="en"/>
    <property name="java.specification.vendor" value="Oracle Corporation"/>
    <property name="java.version.date" value="2024-07-16"/>
    <property name="java.home" value="C:\Program Files\Java\jdk-17"/>
    <property name="file.separator" value="\"/>
    <property name="basedir" value="C:\Users\jagan\DrivetecAPIAutomation\drivetec"/>
    <property name="java.vm.compressedOopsMode" value="32-bit"/>
    <property name="line.separator" value="&#10;"/>
    <property name="java.vm.specification.vendor" value="Oracle Corporation"/>
    <property name="java.specification.name" value="Java Platform API Specification"/>
    <property name="karate.options" value="--tags @Configurations"/>
    <property name="surefire.real.class.path" value="C:\Users\jagan\AppData\Local\Temp\surefire5920662552221727084\surefirebooter-20241205135210298_3.jar"/>
    <property name="user.script" value=""/>
    <property name="sun.management.compiler" value="HotSpot 64-Bit Tiered Compilers"/>
    <property name="java.runtime.version" value="17.0.12+8-LTS-286"/>
    <property name="user.name" value="jagan"/>
    <property name="path.separator" value=";"/>
    <property name="os.version" value="10.0"/>
    <property name="java.runtime.name" value="Java(TM) SE Runtime Environment"/>
    <property name="file.encoding" value="UTF-8"/>
    <property name="java.vm.name" value="Java HotSpot(TM) 64-Bit Server VM"/>
    <property name="localRepository" value="C:\Users\jagan\.m2\repository"/>
    <property name="java.vendor.url.bug" value="https://bugreport.java.com/bugreport/"/>
    <property name="java.io.tmpdir" value="C:\Users\jagan\AppData\Local\Temp\"/>
    <property name="java.version" value="17.0.12"/>
    <property name="user.dir" value="C:\Users\jagan\DrivetecAPIAutomation\drivetec"/>
    <property name="os.arch" value="amd64"/>
    <property name="java.vm.specification.name" value="Java Virtual Machine Specification"/>
    <property name="sun.os.patch.level" value=""/>
    <property name="native.encoding" value="Cp1252"/>
    <property name="java.library.path" value="C:\Program Files\Java\jdk-17\bin;C:\WINDOWS\Sun\Java\bin;C:\WINDOWS\system32;C:\WINDOWS;C:\Program Files\Common Files\Oracle\Java\javapath;C:\windows\system32;C:\windows;C:\windows\System32\Wbem;C:\windows\System32\WindowsPowerShell\v1.0\;C:\windows\System32\OpenSSH\;C:\Program Files (x86)\NVIDIA Corporation\PhysX\Common;C:\Program Files\NVIDIA Corporation\NVIDIA NvDLISR;C:\WINDOWS\system32;C:\WINDOWS;C:\WINDOWS\System32\Wbem;C:\WINDOWS\System32\WindowsPowerShell\v1.0\;C:\WINDOWS\System32\OpenSSH\;C:\Program Files\Java\jdk-17\bin;C:\Users\jagan\maven\apache-maven-3.9.8\bin;C:\Program Files\Git\cmd;C:\Program Files\dotnet\;C:\Program Files\GitHub CLI\;C:\Program Files\MySQL\MySQL Shell 8.0\bin\;C:\Users\jagan\AppData\Local\Microsoft\WindowsApps;C:\Users\jagan\AppData\Local\Programs\Microsoft VS Code\bin;."/>
    <property name="java.vm.info" value="mixed mode, sharing"/>
    <property name="java.vendor" value="Oracle Corporation"/>
    <property name="java.vm.version" value="17.0.12+8-LTS-286"/>
    <property name="sun.io.unicode.encoding" value="UnicodeLittle"/>
    <property name="java.class.version" value="61.0"/>
  </properties>
  <testcase name="testParallel" classname="drivetecTestCases.TestRunner" time="269.709">
    <system-out><![CDATA[13:52:11.399 [main] INFO  com.intuit.karate.Runner - using system property 'karate.options': --tags @Configurations
13:52:12.108 [main] DEBUG com.intuit.karate.Suite - [config] classpath:karate-config.js
13:52:12.112 [main] INFO  com.intuit.karate.Suite - backed up existing 'target\karate-reports' dir to: target\karate-reports_1733386932109
13:52:12.117 [main] DEBUG com.intuit.karate.Suite - waiting for 4 features to complete
13:52:13.211 [main] INFO  com.intuit.karate - karate.env system property was: null 
13:52:13.460 [main] INFO  com.intuit.karate - Running test for dataset:  Dataset1 
13:52:13.495 [main] INFO  com.intuit.karate - >> lock acquired, begin callSingle: classpath:drivetecTestCases/features/CreateProject.feature
13:52:13.664 [main] DEBUG com.intuit.karate - request:
1 > POST https://dev-drivetec-apis.schuecodigitalsolutions.com/Projects
1 > Content-Type: application/json; charset=UTF-8
1 > Content-Length: 227
1 > Host: dev-drivetec-apis.schuecodigitalsolutions.com
1 > Connection: Keep-Alive
1 > User-Agent: Apache-HttpClient/4.5.14 (Java/17.0.12)
1 > Accept-Encoding: gzip,deflate
{"Id":"579816e4-6653-4794-b435-a885f32e28d7","Name":"AUT_TPJ33518","Address":"Hyderabad, Telangana, India","Description":"","CreatedBy":"579816e4-6653-4794-b435-a885f32e28d7","ModifiedBy":"579816e4-6653-4794-b435-a885f32e28d7"}

13:52:14.510 [main] DEBUG com.intuit.karate - response time in milliseconds: 841
1 < 200
1 < Content-Type: application/json; charset=utf-8
1 < Date: Thu, 05 Dec 2024 08:22:12 GMT
1 < Server: Microsoft-IIS/10.0
1 < X-Powered-By: ASP.NET
1 < transfer-encoding: chunked
1 < Connection: keep-alive
{
  "Name": "AUT_TPJ33518",
  "Description": "",
  "Address": "Hyderabad, Telangana, India",
  "Id": "2afcf090-6588-4022-aa5e-49fca51f940e",
  "CreatedOn": "2024-12-05T08:22:11.998251+00:00",
  "CreatedBy": "579816e4-6653-4794-b435-a885f32e28d7",
  "ModifiedOn": "2024-12-05T08:22:11.9982526+00:00",
  "ModifiedBy": ""
}

13:52:14.529 [main] INFO  com.intuit.karate - Generated Project Name: AUT_TPJ33518 
13:52:14.530 [main] INFO  com.intuit.karate - << lock released, cached callSingle: classpath:drivetecTestCases/features/CreateProject.feature
13:52:14.531 [main] INFO  com.intuit.karate - Using ProjectId:  {
  "result": {
    "projectId": "prjId"
  },
  "projectPayload": {
    "Id": "579816e4-6653-4794-b435-a885f32e28d7",
    "Name": "AUT_TPJ33518",
    "Address": "Hyderabad, Telangana, India",
    "Description": "",
    "CreatedBy": "579816e4-6653-4794-b435-a885f32e28d7",
    "ModifiedBy": "579816e4-6653-4794-b435-a885f32e28d7"
  },
  "uniqueName": "AUT_TPJ33518",
  "responseHeaders": {
    "Content-Type": [
      "application/json; charset=utf-8"
    ],
    "Date": [
      "Thu, 05 Dec 2024 08:22:12 GMT"
    ],
    "Server": [
      "Microsoft-IIS/10.0"
    ],
    "X-Powered-By": [
      "ASP.NET"
    ],
    "transfer-encoding": [
      "chunked"
    ],
    "Connection": [
      "keep-alive"
    ],
    "Set-Cookie": [
    ]
  },
  "responseTime": 841,
  "response": {
    "Name": "AUT_TPJ33518",
    "Description": "",
    "Address": "Hyderabad, Telangana, India",
    "Id": "2afcf090-6588-4022-aa5e-49fca51f940e",
    "CreatedOn": "2024-12-05T08:22:11.998251+00:00",
    "CreatedBy": "579816e4-6653-4794-b435-a885f32e28d7",
    "ModifiedOn": "2024-12-05T08:22:11.9982526+00:00",
    "ModifiedBy": ""
  },
  "responseStatus": 200,
  "prjId": "2afcf090-6588-4022-aa5e-49fca51f940e",
  "projectId": "2afcf090-6588-4022-aa5e-49fca51f940e"
}
 
13:52:14.552 [main] DEBUG com.intuit.karate - request:
1 > POST https://dev-drivetec-apis.schuecodigitalsolutions.com/Configurations
1 > Content-Type: application/json; charset=UTF-8
1 > Content-Length: 1275
1 > Host: dev-drivetec-apis.schuecodigitalsolutions.com
1 > Connection: Keep-Alive
1 > User-Agent: Apache-HttpClient/4.5.14 (Java/17.0.12)
1 > Accept-Encoding: gzip,deflate
{"Id":"00000000-0000-0000-0000-000000000000","ProjectId":"2afcf090-6588-4022-aa5e-49fca51f940e","Name":"Dataset4535","Description":"Dataset4535","CustomTags":"","CreatedBy":"579816e4-6653-4794-b435-a885f32e28d7","ModifiedBy":"579816e4-6653-4794-b435-a885f32e28d7","ApplicationName":1,"System":"","FacadeInclination":0,"OpeningType":1,"OpeningDirection":1,"OpeningWidth":1000,"VentOuterWidth":1230,"VentOuterHeight":1480,"VentWeight":70,"CalculateWeightWithGlass":false,"WeightIncGlassOrThickness":false,"GlassThickness":14,"ProfileWeightPerSerialMeter":2.5,"IsWindowOpeningCalculationByAngle":1,"RequiredOpeningStroke":400,"OpeningAngle":15,"WindLoad":120,"SnowLoad":0,"DrivePosition":2,"InstallationPosition":1,"ChainLengthConnectingRodHandle":5,"LockingMechanism":1,"Voltage":1,"DriveType":1,"TypeOfInstallation":2,"CalculationTypeForVentilation":1,"CalcVentilation":1,"GeometricArea":1,"SpecificExhaustDimension":30,"BuildingDepth":75,"RevealDepth":0,"RevealDepthRectangleAngle1":0,"RevealDepthRectangleAngle2":0,"HeightOfProfile":0,"HeightProfileRectangleAngle1":0,"HeightProfileRectangleAngle2":0,"AkippOrAtilt":0,"AdrehOrAturn":0,"Ageo":0,"MinPullingForceMax":0,"MinPushingForceMax":0,"MinPullingForcePermanent":0,"MinPushingForcePermanent":0,"ForceWithNegativeWind":0}

13:52:15.195 [main] DEBUG com.intuit.karate - response time in milliseconds: 641
1 < 200
1 < Content-Type: application/json; charset=utf-8
1 < Date: Thu, 05 Dec 2024 08:22:12 GMT
1 < Server: Microsoft-IIS/10.0
1 < X-Powered-By: ASP.NET
1 < Content-Length: 2032
1 < Connection: keep-alive
{
  "ProjectId": "2afcf090-6588-4022-aa5e-49fca51f940e",
  "Name": "Dataset4535",
  "Description": "Dataset4535",
  "CustomTags": "",
  "ApplicationName": 1,
  "OpeningType": 1,
  "OpeningDirection": 1,
  "CalculateWeightWithGlass": false,
  "WindLoad": 120,
  "IsWindowOpeningCalculationByAngle": 1,
  "VentOuterWidth": 1230,
  "VentOuterHeight": 1480,
  "WeightIncGlassOrThickness": false,
  "VentWeight": 77,
  "VentWeightExact": 77.26400000000001,
  "GlassThickness": 14,
  "ProfileWeightPerSerialMeter": 2.5,
  "FacadeInclination": 0,
  "ChainLengthConnectingRodHandle": 5,
  "ChainLenghtConnectingRodHandle": 0,
  "RequiredOpeningStroke": 400,
  "OpeningWidth": 1000,
  "OpeningAngle": 15.532868337024489,
  "SpecificExhaustDimension": 30,
  "BuildingDepth": 75,
  "SnowLoad": 0,
  "DistanceHinge": 0,
  "RatedCurrent": 0,
  "DrivePosition": 2,
  "LockingMechanism": 1,
  "Voltage": 1,
  "DriveType": 1,
  "TypeOfInstallation": 2,
  "GeometricArea": 0,
  "CalculationTypeForVentilation": 1,
  "HeightOfProfile": 0,
  "Reveal": 0,
  "RevealDepth": 0,
  "HeightProfileRectangleAngle1": 0,
  "HeightProfileRectangleAngle2": 0,
  "RevealDepthRectangleAngle1": 0,
  "RevealDepthRectangleAngle2": 0,
  "RevealDepthRectangleAngle12": 0,
  "InstallationPosition": 0,
  "RecommendedDriveArticleNo": 0,
  "System": "",
  "AkippOrAtilt": 1.084,
  "AdrehOrAturn": 1.8204,
  "Ageo": 1.084,
  "MinPullingForceMax": -206.4868442161654,
  "MinPushingForceMax": -206.4868442161654,
  "MinPullingForcePermanent": -104.11163259218097,
  "MinPushingForcePermanent": -104.11163259218097,
  "ForceWithNegativeWind": 109.53156767199486,
  "ForceWithNoWindMin": 0.30763693489047433,
  "ForceWithNegativeWindMin": 0,
  "ForceWithWindMin": -108.91629380221393,
  "Id": "a4aafee1-e4b2-41f2-a2a6-73d711205b81",
  "CreatedOn": "2024-12-05T08:22:12.7007663+00:00",
  "CreatedBy": "579816e4-6653-4794-b435-a885f32e28d7",
  "ModifiedOn": "2024-12-05T08:22:12.7007672+00:00",
  "ModifiedBy": ""
}

13:52:15.201 [main] INFO  com.intuit.karate - Generated Config ID: a4aafee1-e4b2-41f2-a2a6-73d711205b81 
13:52:15.202 [main] INFO  com.intuit.karate - Generated Name: Dataset4535 
13:52:15.203 [main] INFO  com.intuit.karate - Generated Description: Dataset4535 
13:52:15.220 [main] DEBUG com.intuit.karate - request:
1 > PUT https://dev-drivetec-apis.schuecodigitalsolutions.com/Configurations
1 > Content-Type: application/json; charset=UTF-8
1 > Content-Length: 1280
1 > Host: dev-drivetec-apis.schuecodigitalsolutions.com
1 > Connection: Keep-Alive
1 > User-Agent: Apache-HttpClient/4.5.14 (Java/17.0.12)
1 > Accept-Encoding: gzip,deflate
{"Id":"a4aafee1-e4b2-41f2-a2a6-73d711205b81","Name":"Dataset1","Description":"Dataset4535","ProjectId":"2afcf090-6588-4022-aa5e-49fca51f940e","CustomTags":"","CreatedBy":"579816e4-6653-4794-b435-a885f32e28d7","ModifiedBy":"579816e4-6653-4794-b435-a885f32e28d7","System":"","FacadeInclination":0,"OpeningType":1,"OpeningDirection":1,"OpeningWidth":1000,"VentOuterWidth":1000,"VentOuterHeight":1500,"VentWeight":0,"CalculateWeightWithGlass":false,"RequiredOpeningStroke":747,"WindLoad":120,"SnowLoad":0,"IsWindowOpeningCalculationByAngle":1,"GlassThickness":14,"ProfileWeightPerSerialMeter":2.5,"DrivePosition":1,"InstallationPosition":0,"LockingMechanism":1,"Voltage":1,"DriveType":1,"TypeOfInstallation":2,"GeometricArea":0,"CalcVentilation":2,"SpecificExhaustDimension":45,"BuildingDepth":90,"CalculationTypeForVentilation":2,"HeightOfProfile":30,"HeightProfileRectangleAngle1":35,"HeightProfileRectangleAngle2":2,"RevealDepth":200,"RevealDepthRectangleAngle1":150,"RevealDepthRectangleAngle2":1000,"ChainLengthConnectingRodHandle":5,"ApplicationName":1,"OpeningAngle":15,"WeightIncGlassOrThickness":false,"AkippOrAtilt":0,"AdrehOrAturn":0,"Ageo":0,"MinPullingForceMax":0,"MinPushingForceMax":0,"MinPullingForcePermanent":0,"MinPushingForcePermanent":0,"ForceWithNegativeWind":0}

13:52:15.850 [main] DEBUG com.intuit.karate - response time in milliseconds: 628
1 < 200
1 < Content-Type: application/json; charset=utf-8
1 < Date: Thu, 05 Dec 2024 08:22:13 GMT
1 < Server: Microsoft-IIS/10.0
1 < X-Powered-By: ASP.NET
1 < Content-Length: 2067
1 < Connection: keep-alive
{
  "ProjectId": "2afcf090-6588-4022-aa5e-49fca51f940e",
  "Name": "Dataset1",
  "Description": "Dataset4535",
  "CustomTags": "",
  "ApplicationName": 1,
  "OpeningType": 1,
  "OpeningDirection": 1,
  "CalculateWeightWithGlass": false,
  "WindLoad": 120,
  "IsWindowOpeningCalculationByAngle": 1,
  "VentOuterWidth": 1000,
  "VentOuterHeight": 1500,
  "WeightIncGlassOrThickness": false,
  "VentWeight": 65,
  "VentWeightExact": 65,
  "GlassThickness": 14,
  "ProfileWeightPerSerialMeter": 2.5,
  "FacadeInclination": 0,
  "ChainLengthConnectingRodHandle": 5,
  "ChainLenghtConnectingRodHandle": 0,
  "RequiredOpeningStroke": 747,
  "OpeningWidth": 1000,
  "OpeningAngle": 28.83669047331989,
  "SpecificExhaustDimension": 45,
  "BuildingDepth": 90,
  "SnowLoad": 0,
  "DistanceHinge": 0,
  "RatedCurrent": 0,
  "DrivePosition": 1,
  "LockingMechanism": 1,
  "Voltage": 1,
  "DriveType": 1,
  "TypeOfInstallation": 2,
  "GeometricArea": 0,
  "CalculationTypeForVentilation": 2,
  "HeightOfProfile": 30,
  "Reveal": 0,
  "RevealDepth": 200,
  "HeightProfileRectangleAngle1": 35,
  "HeightProfileRectangleAngle2": 2,
  "RevealDepthRectangleAngle1": 150,
  "RevealDepthRectangleAngle2": 1000,
  "RevealDepthRectangleAngle12": 0,
  "InstallationPosition": 0,
  "RecommendedDriveArticleNo": 0,
  "System": "",
  "AkippOrAtilt": 1.8675,
  "AdrehOrAturn": 1.5,
  "Ageo": 0.5438978083248298,
  "MinPullingForceMax": -89.74113674675097,
  "MinPushingForceMax": -232.98788788660553,
  "MinPullingForcePermanent": -161.6158620731247,
  "MinPushingForcePermanent": -161.6158620731247,
  "ForceWithNegativeWind": 90.2587491087276,
  "ForceWithNoWindMin": 0.2588061809883106,
  "ForceWithNegativeWindMin": -90.24383625964387,
  "ForceWithWindMin": -89.74113674675097,
  "Id": "a4aafee1-e4b2-41f2-a2a6-73d711205b81",
  "CreatedOn": "0001-01-01T00:00:00",
  "CreatedBy": "579816e4-6653-4794-b435-a885f32e28d7",
  "ModifiedOn": "2024-12-05T08:22:13.3661926+00:00",
  "ModifiedBy": "579816e4-6653-4794-b435-a885f32e28d7"
}

13:52:15.856 [main] INFO  com.intuit.karate - VentWeight from API Response: 65 
13:52:15.888 [main] INFO  com.intuit.karate - Rounded Opening Angle: 29.0 
13:52:15.890 [main] INFO  com.intuit.karate - Rounded Ageo: 0.54 
13:52:15.891 [main] INFO  com.intuit.karate - Rounded Required Opening Stroke: 747.0 
13:52:15.891 [main] INFO  com.intuit.karate - Rounded Vent Weight: 65.0 
13:52:15.896 [main] DEBUG com.intuit.karate - request:
2 > GET https://dev-drivetec-apis.schuecodigitalsolutions.com/Config/a4aafee1-e4b2-41f2-a2a6-73d711205b81/Drive
2 > Host: dev-drivetec-apis.schuecodigitalsolutions.com
2 > Connection: Keep-Alive
2 > User-Agent: Apache-HttpClient/4.5.14 (Java/17.0.12)
2 > Accept-Encoding: gzip,deflate


13:52:16.646 [main] DEBUG com.intuit.karate - response time in milliseconds: 746
2 < 200
2 < Content-Type: application/json; charset=utf-8
2 < Date: Thu, 05 Dec 2024 08:22:13 GMT
2 < Server: Microsoft-IIS/10.0
2 < X-Powered-By: ASP.NET
2 < transfer-encoding: chunked
2 < Connection: keep-alive
[
  {
    "Name": "Chain actuator D2 L800",
    "Bezeichnung": "Kettenantrieb D2 L800",
    "ConfigurationId": "00000000-0000-0000-0000-000000000000",
    "Description": "",
    "Application": "Facade",
    "ApplicationFacade": true,
    "ApplicationSkylight": false,
    "Type": 1,
    "OpeningType": 0,
    "BottomHungInward": true,
    "BottomHungOutward": false,
    "SideHungInward": true,
    "SideHungOutward": false,
    "TopHungInward": false,
    "TopHungOutward": true,
    "ProjectedTopHungInward": false,
    "ProjectedTopHungOutward": false,
    "InstallationType": "",
    "ITMainOutFrmMountWBracket": true,
    "ITMainFixOutFrmMount": true,
    "ITMainVentFrmMount": true,
    "ITSideMount50": false,
    "ITSideMount60": false,
    "ITSideMount70": false,
    "ITSideMount80": false,
    "ITSideMount67": true,
    "Feature": "",
    "FeatureOpenClose": true,
    "FeatureLock": true,
    "ArticleNumber": 291758,
    "Stroke": 800,
    "Angle": 0,
    "Voltage": "24 V DC",
    "Voltage24": true,
    "Voltage230": false,
    "RatedCurrent": 1,
    "BreakingCurrent": 1,
    "PullingForceMax": 250,
    "PushingForceMax": 50,
    "PullingForceMaxWithNegativeWind": 0,
    "PushingForceMaxWithNegativeWind": 0,
    "PushingForcePermanent": 0,
    "PullingForcePermanent": 250,
    "MinPullingForceMax": -232.99,
    "MinPushingForceMax": 0,
    "MinPullingForcePermanent": -161.62,
    "MinPushingForcePermanent": 0,
    "Price": 283.33,
    "DriveLength": 625,
    "ChainDrive": 725,
    "ChainDrive2": 1410,
    "MaxLengthMainClosingEdge1Drive": 1650,
    "MaxGeometricArea": 1,
    "GeometricalSmokeExhaustion": 0,
    "TotalGlassThickness": 14,
    "Dimensions": 0,
    "DimensionsWxHxD": "625 x 26 x 41",
    "TensileForce": 0,
    "LockingForce": 0,
    "Details_DE": "<ul><li>Bemessungsspannung: 24 V DC (19 V … 28 V)</li><li>Abschaltstrom: 1,0 A</li><li>Bemessungsstrom: 0,7 A</li><li>Bemessungsaufnahme: 17 W</li><li>Schutzart: IP 32</li><li>Zug-/Schubkraft: max. 250 N</li><li>Umgebungstemperatur: -5°C bis + 60°C</li><li>Anschlussleitung: Halogenfrei, grau 3 x 0,5 mm², ~3 m</li><li>Max. Geschwindigkeit: 13,5 mm/s</li></ul>",
    "Details_EN": "<ul><li>Rated voltage: 24 V DC (19 V … 28 V)</li><li>Breaking current: 1.0 A</li><li>Rated current: 0.7 A</li><li>Rated consumption: 17 W</li><li>Protection rating: IP 32</li><li>Traction/ thrust: max. 250 N</li><li>Ambient temperature: -5°C bis + 60°C</li><li>Connecting cable: halogen-free, grey 3 x 0.5 mm², ~3 m</li><li>Max. speed: 13.5 mm/s</li></ul>",
    "Einsatz": "<ul> <li>Anwendung: Lüftung, NRA</li> <li>Integrierte intelligente Regelelektronik</li> <li>Rückmeldung Endlage „ZU“ (max. 24 V, 500 mA)</li> </ul>",
    "Use": "<ul> <li>Application: ventilation, natural smoke ventilation</li> <li>Integrated, intelligent control electronics</li> <li>Response for “CLOSED” end position (max. 24 V, 500 mA)</li> </ul>",
    "Ausstattung": null,
    "Equipment": null,
    "Optionen": "<ul> <li>Programmierung von Sonderfunktionen</li> <li>Programmierbare Rückmeldung Endlage „AUF“ (max. 24 V, 500 mA)</li> <li>Schüco Kontroller zur automatischen Konfiguration von Synchronlauf und Folgesteuerungen mit Verriegelungsantrieben in Antriebs-Verbundsystemen</li> </ul>",
    "Options": "<ul> <li>Programming of special functions</li> <li>Programmable response for “OPEN” end position (max. 24 V, 500 mA)</li> <li>Schüco controller for automatic configuration of synchronous running and sequence control with locking drives in composite drive systems</li></ul>",
    "IsTwoPce": false,
    "ResultVentWeight": 65,
    "IsLsRsDrive": true,
    "ArticleNumberRs": 291759,
    "TwoDrivesSideInstallation50": 0,
    "TwoDrivesSideInstallation60": 0,
    "TwoDrivesSideInstallation70": 0,
    "TwoDrivesSideInstallation80": 0,
    "OpeningSpeedmms": 0,
    "Traction": 250,
    "Thrust": 100,
    "Id": "8e41b236-ddae-4821-9147-db4ac85f1b97",
    "CreatedOn": "2024-09-26T13:55:26.817Z",
    "CreatedBy": "",
    "ModifiedOn": "2024-09-26T13:55:26.817Z",
    "ModifiedBy": ""
  },
  {
    "Name": "Chain actuator D4 800",
    "Bezeichnung": "Kettenantrieb D4 800",
    "ConfigurationId": "00000000-0000-0000-0000-000000000000",
    "Description": "",
    "Application": "Facade",
    "ApplicationFacade": true,
    "ApplicationSkylight": false,
    "Type": 1,
    "OpeningType": 0,
    "BottomHungInward": true,
    "BottomHungOutward": false,
    "SideHungInward": true,
    "SideHungOutward": false,
    "TopHungInward": false,
    "TopHungOutward": true,
    "ProjectedTopHungInward": false,
    "ProjectedTopHungOutward": false,
    "InstallationType": "",
    "ITMainOutFrmMountWBracket": true,
    "ITMainFixOutFrmMount": true,
    "ITMainVentFrmMount": true,
    "ITSideMount50": false,
    "ITSideMount60": false,
    "ITSideMount70": false,
    "ITSideMount80": false,
    "ITSideMount67": true,
    "Feature": "",
    "FeatureOpenClose": true,
    "FeatureLock": true,
    "ArticleNumber": 291710,
    "Stroke": 800,
    "Angle": 0,
    "Voltage": "24 V DC",
    "Voltage24": true,
    "Voltage230": false,
    "RatedCurrent": 1,
    "BreakingCurrent": 1,
    "PullingForceMax": 400,
    "PushingForceMax": 50,
    "PullingForceMaxWithNegativeWind": 0,
    "PushingForceMaxWithNegativeWind": 0,
    "PushingForcePermanent": 0,
    "PullingForcePermanent": 400,
    "MinPullingForceMax": -232.99,
    "MinPushingForceMax": 0,
    "MinPullingForcePermanent": -161.62,
    "MinPushingForcePermanent": 0,
    "Price": 299.21,
    "DriveLength": 755,
    "ChainDrive": 855,
    "ChainDrive2": 1670,
    "MaxLengthMainClosingEdge1Drive": 1850,
    "MaxGeometricArea": 1,
    "GeometricalSmokeExhaustion": 0,
    "TotalGlassThickness": 14,
    "Dimensions": 0,
    "DimensionsWxHxD": "755 x 24 x 35",
    "TensileForce": 0,
    "LockingForce": 0,
    "Details_DE": "<ul><li>Bemessungsspannung: 24 V DC (19 V … 28 V)</li> <li>Abschaltstrom: 1,2 A</li> <li>Bemessungsstrom: 0,9 A</li> <li>Bemessungsaufnahme: 22 W</li> <li>Schutzart: IP 32</li> <li>Zug-/Schubkraft: max. 400 N</li> <li>Umgebungstemperatur: -5°C bis + 60°C</li> <li>Anschlussleitung: Halogenfrei, grau 5 x 0,5mm², ~3m</li> <li>Max. Geschwindigkeit: 13,5 mm/s</li></ul>",
    "Details_EN": "<ul><li>Rated voltage: 24 V DC (19 V … 28 V)</li> <li>Breaking current: 1.2 A</li><li>Rated current: 0.9 A</li><li>Rated consumption: 22 W</li><li>Protection rating: IP 32</li><li>Traction/ thrust: max. 400 N</li><li>Ambient temperature: -5° C to +60° C</li><li>Connecting cable: halogen-free, grey, 5 x 0.5 mm², ~ 3 m</li><li>Max. speed: 13,5 mm/s </li></ul>",
    "Einsatz": "<ul><li>Anwendung: Lüftung, NRA</li> <li>Integrierte intelligente Regelelektronik</li> <li>Rückmeldung Endlage „ZU“ (max. 24 V, 500 mA)</li> </ul>",
    "Use": "<ul><li>Application: ventilation, natural smoke ventilation</li> <li>Integrated intelligent control electronics</li> <li>Response for “CLOSED” end position (max. 24 V, 500 mA)</li> </ul>",
    "Ausstattung": "<ul><li>Zusätzlicher Universal-Steckersatz für Mehrfachbetrieb bis zu 4 Antrieben und 2 Verriegelungsantrieben</li></ul>",
    "Equipment": "<ul><li>Additional universal plug socket for multiplex operation of up to 4 drives and 2 interlocking drives</li></ul>",
    "Optionen": "<ul><li>Programmierung von Sonderfunktionen</li> <li>Programmierbare Rückmeldung Endlage „AUF“ (max. 24 V, 500 mA)</li> <li>Schüco Kontroller zur automatischen Konfiguration von Synchronlauf und Folgesteuerungen mit Verriegelungsantrieben in Antriebs-Verbundsystemen</li> </ul>",
    "Options": "<ul><li>Programming of special functions</li> <li>Programmable response for “OPEN” end position (max. 24 V, 500 mA)</li> <li>Schüco controller for automatic configuration of synchronous running and sequence control with locking drives in composite drive systems</li> </ul>",
    "IsTwoPce": false,
    "ResultVentWeight": 65,
    "IsLsRsDrive": true,
    "ArticleNumberRs": 291709,
    "TwoDrivesSideInstallation50": 0,
    "TwoDrivesSideInstallation60": 0,
    "TwoDrivesSideInstallation70": 0,
    "TwoDrivesSideInstallation80": 0,
    "OpeningSpeedmms": 0,
    "Traction": 400,
    "Thrust": 50,
    "Id": "3e2dcb1b-8df9-4eab-b237-548b0481a20b",
    "CreatedOn": "2024-09-26T13:55:26.817Z",
    "CreatedBy": "",
    "ModifiedOn": "2024-09-26T13:55:26.817Z",
    "ModifiedBy": ""
  },
  {
    "Name": "Chain actuator D6 800",
    "Bezeichnung": "Kettenantrieb D6 800",
    "ConfigurationId": "00000000-0000-0000-0000-000000000000",
    "Description": "",
    "Application": "Facade",
    "ApplicationFacade": true,
    "ApplicationSkylight": true,
    "Type": 1,
    "OpeningType": 0,
    "BottomHungInward": true,
    "BottomHungOutward": true,
    "SideHungInward": true,
    "SideHungOutward": true,
    "TopHungInward": false,
    "TopHungOutward": true,
    "ProjectedTopHungInward": false,
    "ProjectedTopHungOutward": false,
    "InstallationType": "",
    "ITMainOutFrmMountWBracket": true,
    "ITMainFixOutFrmMount": false,
    "ITMainVentFrmMount": true,
    "ITSideMount50": false,
    "ITSideMount60": false,
    "ITSideMount70": false,
    "ITSideMount80": false,
    "ITSideMount67": true,
    "Feature": "",
    "FeatureOpenClose": true,
    "FeatureLock": true,
    "ArticleNumber": 291717,
    "Stroke": 800,
    "Angle": 0,
    "Voltage": "24 V DC",
    "Voltage24": true,
    "Voltage230": false,
    "RatedCurrent": 1,
    "BreakingCurrent": 1,
    "PullingForceMax": 600,
    "PushingForceMax": 300,
    "PullingForceMaxWithNegativeWind": 0,
    "PushingForceMaxWithNegativeWind": 0,
    "PushingForcePermanent": 200,
    "PullingForcePermanent": 600,
    "MinPullingForceMax": -232.99,
    "MinPushingForceMax": 0,
    "MinPullingForcePermanent": -161.62,
    "MinPushingForcePermanent": 0,
    "Price": 387.92,
    "DriveLength": 794,
    "ChainDrive": 894,
    "ChainDrive2": 1748,
    "MaxLengthMainClosingEdge1Drive": 1920,
    "MaxGeometricArea": 1,
    "GeometricalSmokeExhaustion": 0,
    "TotalGlassThickness": 14,
    "Dimensions": 0,
    "DimensionsWxHxD": "794 x 40 x 56",
    "TensileForce": 0,
    "LockingForce": 0,
    "Details_DE": "<ul> <li>Bemessungsspannung: 24 V DC (19 V … 28 V)</li> <li>Abschaltstrom: 1,2 A</li> <li>Bemessungsstrom: 0,9 A</li> <li>Bemessungsaufnahme: 22 W</li> <li>Schutzart: IP 32</li> <li>Zug-/Schubkraft: max. 600 N</li> <li>Umgebungstemperatur: -5°C bis + 60°C</li> <li>Anschlussleitung: Halogenfrei, grau 5 x 0,5mm², ~3m</li> <li>Max. Geschwindigkeit: 13,5 mm/s</li> </ul>",
    "Details_EN": "<ul> <li>Rated voltage: 24 V DC (19 V … 28 V)</li><li>Breaking current: 1.2 A</li><li>Rated current: 0.9 A</li><li>Rated consumption: 22W</li><li>Protection rating: IP 32</li><li>Traction/ thrust: max. 600 N</li><li>Ambient temperature: -5° C to +60° C</li><li>Connecting cable: halogen-free, grey 3 x 0,5mm², ~3m</li><li>Max. speed: 13,5 mm/s</li></ul>",
    "Einsatz": "<ul><li>Anwendung: Lüftung, NRA</li> <li>Integrierte intelligente Regelelektronik</li></ul>",
    "Use": "<ul><li>Application: ventilation, natural smoke ventilation</li> <li>Integrated intelligent control electronics</li> </ul>",
    "Ausstattung": "<ul><li>Zusätzlicher Universal-Steckersatz für Mehrfachbetrieb bis zu 4 Antrieben und 2 Verriegelungsantrieben</li></ul>",
    "Equipment": "<ul><li>Additional universal plug socket for multiplex operation  of up to 4 drives and 2 interlocking drives</li></ul>",
    "Optionen": "<ul><li>Programmierung von Sonderfunktionen</li> <li>Programmierbare Rückmeldung Endlage „AUF“ (max. 24 V, 500 mA)</li> <li>Schüco Kontroller zur automatischen Konfiguration von Synchronlauf und Folgesteuerungen mit Verriegelungsantrieben in Antriebs-Verbundsystemen</li> </ul>",
    "Options": "<ul><li>Programming of special functions</li> <li>Programmable response for “OPEN” end position (max. 24 V, 500 mA)</li> <li>Schüco controller for automatic configuration of synchronous running and sequence control with locking drives in composite drive systems</li> </ul>",
    "IsTwoPce": false,
    "ResultVentWeight": 65,
    "IsLsRsDrive": false,
    "ArticleNumberRs": 0,
    "TwoDrivesSideInstallation50": 0,
    "TwoDrivesSideInstallation60": 0,
    "TwoDrivesSideInstallation70": 0,
    "TwoDrivesSideInstallation80": 0,
    "OpeningSpeedmms": 0,
    "Traction": 600,
    "Thrust": 300,
    "Id": "e9fa5654-1773-4646-9949-a237ab4f4797",
    "CreatedOn": "2024-09-26T13:55:26.817Z",
    "CreatedBy": "",
    "ModifiedOn": "2024-09-26T13:55:26.817Z",
    "ModifiedBy": ""
  },
  {
    "Name": "Locking actuator EasyConnect",
    "Bezeichnung": "Verriegelungsantrieb EasyConnect",
    "ConfigurationId": "00000000-0000-0000-0000-000000000000",
    "Description": "",
    "Application": "",
    "ApplicationFacade": true,
    "ApplicationSkylight": false,
    "Type": 5,
    "OpeningType": 0,
    "BottomHungInward": true,
    "BottomHungOutward": false,
    "SideHungInward": true,
    "SideHungOutward": false,
    "TopHungInward": false,
    "TopHungOutward": false,
    "ProjectedTopHungInward": false,
    "ProjectedTopHungOutward": false,
    "InstallationType": "",
    "ITMainOutFrmMountWBracket": true,
    "ITMainFixOutFrmMount": true,
    "ITMainVentFrmMount": false,
    "ITSideMount50": false,
    "ITSideMount60": false,
    "ITSideMount70": false,
    "ITSideMount80": false,
    "ITSideMount67": false,
    "Feature": "",
    "FeatureOpenClose": true,
    "FeatureLock": false,
    "ArticleNumber": 291787,
    "Stroke": 0,
    "Angle": 0,
    "Voltage": null,
    "Voltage24": true,
    "Voltage230": true,
    "RatedCurrent": 0,
    "BreakingCurrent": 0,
    "PullingForceMax": 0,
    "PushingForceMax": 0,
    "PullingForceMaxWithNegativeWind": 0,
    "PushingForceMaxWithNegativeWind": 0,
    "PushingForcePermanent": 0,
    "PullingForcePermanent": 0,
    "MinPullingForceMax": 0,
    "MinPushingForceMax": 0,
    "MinPullingForcePermanent": 0,
    "MinPushingForcePermanent": 0,
    "Price": 0,
    "DriveLength": 0,
    "ChainDrive": 0,
    "ChainDrive2": 0,
    "MaxLengthMainClosingEdge1Drive": 0,
    "MaxGeometricArea": 0,
    "GeometricalSmokeExhaustion": 0,
    "TotalGlassThickness": 0,
    "Dimensions": 0,
    "DimensionsWxHxD": "375 x 24 x 35",
    "TensileForce": 0,
    "LockingForce": 0,
    "Details_DE": "<ul> <li>Bemessungsspannung: 24 V DC (19 V … 28 V)</li> <li>Abschaltstrom: ~1,0 A</li> <li>Bemessungsstrom: 0,6 A</li> <li>Bemessungsaufnahme: 15 W</li> <li>Schutzart: IP 32</li><li>Zug-/Schubkraft: max. 600 N</li> <li>Umgebungstemperatur: -5°C bis + 60°C</li> <li>Anschlussleitung: Halogenfrei, grau 5 x 0,5mm² , ~5m</li> <li>Laufzeit: ~ 5s</li><li>Hub: ~ 18mm</li> </ul>",
    "Details_EN": "<ul> <li>Rated voltage : 24 V DC (19 V … 28 V</li> <li>Breaking current : ~1,0 A</li> <li>Rated current : 0,6 A</li> <li>Rated consumption : 15 W</li> <li>Protection rating : IP 32</li><li>Traction/ thrust : max. 600 N</li> <li>Ambient temperature: -5°C bis + 60°C</li> <li>Connecting cable: halogen-free, grey 5 x 0,5mm² , ~5m</li> <li>Running time: ~ 5s</li><li>Stroke: ~ 18mm</li> </ul>",
    "Einsatz": "<ul> <li>Anwendung: Lüftung, NRA</li><li>Integrierte intelligente Regelelektronik</li></ul>",
    "Use": "<ul> <li>Application: ventilation, natural smoke ventilation</li> <li>Integrated intelligent control electronics</li></ul>",
    "Ausstattung": "<ul><li>Laufrichtung einstellbar</li><li>Zusätzlicher Universal-Steckersatz</li></ul>",
    "Equipment": "<ul><li>Running direction adjustable</li><li>Additional universal plug socket</li></ul>",
    "Optionen": "<ul> <li>Mitnehmer objekt-/profilspezifisch anpassbar</li></ul>",
    "Options": "<ul> <li>Coupling adapter customizable for project-/profile-specific demands</li></ul>",
    "IsTwoPce": false,
    "ResultVentWeight": 0,
    "IsLsRsDrive": false,
    "ArticleNumberRs": 0,
    "TwoDrivesSideInstallation50": 0,
    "TwoDrivesSideInstallation60": 0,
    "TwoDrivesSideInstallation70": 0,
    "TwoDrivesSideInstallation80": 0,
    "OpeningSpeedmms": 0,
    "Traction": 0,
    "Thrust": 0,
    "Id": "f894c384-bd5f-4f1b-a446-f4a3afc8426e",
    "CreatedOn": "2024-09-26T13:55:26.817Z",
    "CreatedBy": "",
    "ModifiedOn": "2024-09-26T13:55:26.817Z",
    "ModifiedBy": ""
  },
  {
    "Name": "Locking actuator 600",
    "Bezeichnung": "Verriegelungsantrieb 600",
    "ConfigurationId": "00000000-0000-0000-0000-000000000000",
    "Description": "",
    "Application": "",
    "ApplicationFacade": true,
    "ApplicationSkylight": false,
    "Type": 5,
    "OpeningType": 0,
    "BottomHungInward": true,
    "BottomHungOutward": false,
    "SideHungInward": true,
    "SideHungOutward": false,
    "TopHungInward": false,
    "TopHungOutward": false,
    "ProjectedTopHungInward": false,
    "ProjectedTopHungOutward": false,
    "InstallationType": "",
    "ITMainOutFrmMountWBracket": true,
    "ITMainFixOutFrmMount": true,
    "ITMainVentFrmMount": false,
    "ITSideMount50": false,
    "ITSideMount60": false,
    "ITSideMount70": false,
    "ITSideMount80": false,
    "ITSideMount67": false,
    "Feature": "",
    "FeatureOpenClose": true,
    "FeatureLock": false,
    "ArticleNumber": 291736,
    "Stroke": 0,
    "Angle": 0,
    "Voltage": null,
    "Voltage24": true,
    "Voltage230": true,
    "RatedCurrent": 0,
    "BreakingCurrent": 0,
    "PullingForceMax": 0,
    "PushingForceMax": 0,
    "PullingForceMaxWithNegativeWind": 0,
    "PushingForceMaxWithNegativeWind": 0,
    "PushingForcePermanent": 0,
    "PullingForcePermanent": 0,
    "MinPullingForceMax": 0,
    "MinPushingForceMax": 0,
    "MinPullingForcePermanent": 0,
    "MinPushingForcePermanent": 0,
    "Price": 218.27,
    "DriveLength": 0,
    "ChainDrive": 0,
    "ChainDrive2": 0,
    "MaxLengthMainClosingEdge1Drive": 0,
    "MaxGeometricArea": 0,
    "GeometricalSmokeExhaustion": 0,
    "TotalGlassThickness": 0,
    "Dimensions": 0,
    "DimensionsWxHxD": "415 x 26 x 26",
    "TensileForce": 0,
    "LockingForce": 0,
    "Details_DE": "<ul> <li>Bemessungsspannung: 24 V DC (19 V … 28 V)</li> <li>Abschaltstrom: ~1,0 A</li> <li>Bemessungsstrom: 0,6 A</li> <li>Bemessungsaufnahme: 15 W</li> <li>Schutzart: IP 32</li><li>Zug-/Schubkraft: max. 600 N</li> <li>Umgebungstemperatur: -5°C bis + 60°C</li> <li>Anschlussleitung: Halogenfrei, grau 3x 0,5mm², ~3m</li> <li>Laufzeit: ~ 5s</li><li>Hub: ~ 18mm</li> </ul>",
    "Details_EN": "<ul> <li>Rated voltage : 24 V DC (19 V … 28 V</li> <li>Breaking current : ~1,0 A</li> <li>Rated current : 0,6 A</li> <li>Rated consumption : 15 W</li> <li>Protection rating : IP 32</li><li>Traction/ thrust : max. 600 N</li> <li>Ambient temperature: -5°C bis + 60°C</li> <li>Connecting cable: halogen-free, grey 3 x 0,5mm², ~3m</li> <li>Running time: ~ 5s</li><li>Stroke: ~ 18mm</li> </ul>",
    "Einsatz": "<ul> <li>Anwendung: Lüftung, NRA</li><li>Integrierte intelligente Regelelektronik</li></ul>",
    "Use": "<ul> <li>Application: ventilation, natural smoke ventilation</li> <li>Integrated intelligent control electronics</li></ul>",
    "Ausstattung": "<ul><li>Laufrichtung einstellbar</li></ul>",
    "Equipment": "<ul><li>Running direction adjustable</li></ul>",
    "Optionen": "<ul> <li>Mitnehmer objekt-/profilspezifisch anpassbar</li></ul>",
    "Options": "<ul> <li>Coupling adapter customizable for project-/profile-specific demands</li></ul>",
    "IsTwoPce": false,
    "ResultVentWeight": 0,
    "IsLsRsDrive": true,
    "ArticleNumberRs": 291735,
    "TwoDrivesSideInstallation50": 0,
    "TwoDrivesSideInstallation60": 0,
    "TwoDrivesSideInstallation70": 0,
    "TwoDrivesSideInstallation80": 0,
    "OpeningSpeedmms": 0,
    "Traction": 0,
    "Thrust": 0,
    "Id": "69d8317e-493b-4010-8d9e-54168822bacf",
    "CreatedOn": "2024-09-26T13:55:26.817Z",
    "CreatedBy": "",
    "ModifiedOn": "2024-09-26T13:55:26.817Z",
    "ModifiedBy": ""
  }
]

13:52:16.815 [main] INFO  com.intuit.karate - Expected RecommDrive: Chain actuator D2 L800, Chain actuator D4 800, Chain actuator D6 800, Locking actuator EasyConnect, Locking actuator 600 
13:52:16.815 [main] INFO  com.intuit.karate - Actual RecommDrive: Chain actuator D2 L800, Chain actuator D4 800, Chain actuator D6 800, Locking actuator EasyConnect, Locking actuator 600 
13:52:16.816 [main] INFO  com.intuit.karate - Normalized Actual RecommDrive: Chain actuator D2 L800,Chain actuator D4 800,Chain actuator D6 800,Locking actuator EasyConnect,Locking actuator 600 
13:52:16.817 [main] INFO  com.intuit.karate - Normalized Expected RecommDrive: Chain actuator D2 L800,Chain actuator D4 800,Chain actuator D6 800,Locking actuator EasyConnect,Locking actuator 600 
13:52:16.821 [main] INFO  com.intuit.karate - All Drive IDs: [
  "8e41b236-ddae-4821-9147-db4ac85f1b97",
  "3e2dcb1b-8df9-4eab-b237-548b0481a20b",
  "e9fa5654-1773-4646-9949-a237ab4f4797",
  "f894c384-bd5f-4f1b-a446-f4a3afc8426e",
  "69d8317e-493b-4010-8d9e-54168822bacf"
]
 
13:52:16.824 [main] INFO  com.intuit.karate - First Drive ID: 8e41b236-ddae-4821-9147-db4ac85f1b97 
13:52:16.827 [main] DEBUG com.intuit.karate - request:
3 > POST https://dev-drivetec-apis.schuecodigitalsolutions.com/api/Drives/DownloadPDFNew/Schuco
3 > Content-Type: application/json; charset=UTF-8
3 > Content-Length: 1194
3 > Host: dev-drivetec-apis.schuecodigitalsolutions.com
3 > Connection: Keep-Alive
3 > User-Agent: Apache-HttpClient/4.5.14 (Java/17.0.12)
3 > Accept-Encoding: gzip,deflate
[{"Id":"configId","Header":"configId","Value":"a4aafee1-e4b2-41f2-a2a6-73d711205b81"},{"Id":"driveId","Header":"driveId","Value":"8e41b236-ddae-4821-9147-db4ac85f1b97"},{"Id":"culture","Header":"culture","Value":"EN-US"},{"Id":"projectId","Header":"projectId","Value":"2afcf090-6588-4022-aa5e-49fca51f940e"},{"Id":"range-of-app","Header":"Range of application","Value":"Façade"},{"Id":"opening-type","Header":"Opening type","Value":"Bottom-hung vent"},{"Id":"opening-direction","Header":"Opening direction","Value":"Inward"},{"Id":"how-calc-weight","Header":"Vent weight","Value":"Weight including glass"},{"Id":"Chain-Length","Header":"Chain- \/ connecting rod handle","Value":"100%"},{"Id":"drive-position","Header":"Drive position","Value":"Side installation"},{"Id":"locking-mechanism","Header":"Locking mechanism","Value":"With"},{"Id":"voltage","Header":"Voltage","Value":"24 V"},{"Id":"drive-type","Header":"Drive type","Value":"Chain drive"},{"Id":"type-installation","Header":"Type of installation","Value":"Pivoting Outer Frame Installation"},{"Id":"calculation-type-for-ventilation-area","Header":"Calculation type for ventilation area","Value":"Method in accordance with ASR 3.6"}]

13:52:19.236 [main] DEBUG com.intuit.karate - response time in milliseconds: 2409
3 < 200
3 < Content-Type: application/json; charset=utf-8
3 < Date: Thu, 05 Dec 2024 08:22:16 GMT
3 < Server: Microsoft-IIS/10.0
3 < X-Powered-By: ASP.NET
3 < Content-Length: 279
3 < Connection: keep-alive
{
  "result": "https://drive-tec-dev.s3.amazonaws.com/AUT_TPJ33518-Chain_actuator_D2_L800.pdf?AWSAccessKeyId=AKIAZAWIART4ZFAXXPHK&Expires=1733390537&response-content-disposition=attachment%3B&response-content-type=application%2Fpdf&Signature=jEgFsEYea0zZMwO2q3dFba%2FfRNg%3D"
}

13:52:19.238 [main] INFO  com.intuit.karate - Download URL for first driveId: https://drive-tec-dev.s3.amazonaws.com/AUT_TPJ33518-Chain_actuator_D2_L800.pdf?AWSAccessKeyId=AKIAZAWIART4ZFAXXPHK&Expires=1733390537&response-content-disposition=attachment%3B&response-content-type=application%2Fpdf&Signature=jEgFsEYea0zZMwO2q3dFba%2FfRNg%3D 
13:52:19.246 [main] INFO  com.intuit.karate - karate.env system property was: null 
13:52:19.249 [main] INFO  com.intuit.karate - Running test for dataset:  Dataset2 
13:52:19.264 [main] INFO  com.intuit.karate - Using ProjectId:  {
  "result": {
    "projectId": "prjId"
  },
  "projectPayload": {
    "Id": "579816e4-6653-4794-b435-a885f32e28d7",
    "Name": "AUT_TPJ33518",
    "Address": "Hyderabad, Telangana, India",
    "Description": "",
    "CreatedBy": "579816e4-6653-4794-b435-a885f32e28d7",
    "ModifiedBy": "579816e4-6653-4794-b435-a885f32e28d7"
  },
  "uniqueName": "AUT_TPJ33518",
  "responseHeaders": {
    "Content-Type": [
      "application/json; charset=utf-8"
    ],
    "Date": [
      "Thu, 05 Dec 2024 08:22:12 GMT"
    ],
    "Server": [
      "Microsoft-IIS/10.0"
    ],
    "X-Powered-By": [
      "ASP.NET"
    ],
    "transfer-encoding": [
      "chunked"
    ],
    "Connection": [
      "keep-alive"
    ],
    "Set-Cookie": [
    ]
  },
  "responseTime": 841,
  "response": {
    "Name": "AUT_TPJ33518",
    "Description": "",
    "Address": "Hyderabad, Telangana, India",
    "Id": "2afcf090-6588-4022-aa5e-49fca51f940e",
    "CreatedOn": "2024-12-05T08:22:11.998251+00:00",
    "CreatedBy": "579816e4-6653-4794-b435-a885f32e28d7",
    "ModifiedOn": "2024-12-05T08:22:11.9982526+00:00",
    "ModifiedBy": ""
  },
  "responseStatus": 200,
  "prjId": "2afcf090-6588-4022-aa5e-49fca51f940e",
  "projectId": "2afcf090-6588-4022-aa5e-49fca51f940e"
}
 
13:52:19.278 [main] DEBUG com.intuit.karate - request:
1 > POST https://dev-drivetec-apis.schuecodigitalsolutions.com/Configurations
1 > Content-Type: application/json; charset=UTF-8
1 > Content-Length: 1275
1 > Host: dev-drivetec-apis.schuecodigitalsolutions.com
1 > Connection: Keep-Alive
1 > User-Agent: Apache-HttpClient/4.5.14 (Java/17.0.12)
1 > Accept-Encoding: gzip,deflate
{"Id":"00000000-0000-0000-0000-000000000000","ProjectId":"2afcf090-6588-4022-aa5e-49fca51f940e","Name":"Dataset9268","Description":"Dataset9268","CustomTags":"","CreatedBy":"579816e4-6653-4794-b435-a885f32e28d7","ModifiedBy":"579816e4-6653-4794-b435-a885f32e28d7","ApplicationName":1,"System":"","FacadeInclination":0,"OpeningType":1,"OpeningDirection":1,"OpeningWidth":1000,"VentOuterWidth":1230,"VentOuterHeight":1480,"VentWeight":70,"CalculateWeightWithGlass":false,"WeightIncGlassOrThickness":false,"GlassThickness":14,"ProfileWeightPerSerialMeter":2.5,"IsWindowOpeningCalculationByAngle":1,"RequiredOpeningStroke":400,"OpeningAngle":15,"WindLoad":120,"SnowLoad":0,"DrivePosition":2,"InstallationPosition":1,"ChainLengthConnectingRodHandle":5,"LockingMechanism":1,"Voltage":1,"DriveType":1,"TypeOfInstallation":2,"CalculationTypeForVentilation":1,"CalcVentilation":1,"GeometricArea":1,"SpecificExhaustDimension":30,"BuildingDepth":75,"RevealDepth":0,"RevealDepthRectangleAngle1":0,"RevealDepthRectangleAngle2":0,"HeightOfProfile":0,"HeightProfileRectangleAngle1":0,"HeightProfileRectangleAngle2":0,"AkippOrAtilt":0,"AdrehOrAturn":0,"Ageo":0,"MinPullingForceMax":0,"MinPushingForceMax":0,"MinPullingForcePermanent":0,"MinPushingForcePermanent":0,"ForceWithNegativeWind":0}

13:52:19.847 [main] DEBUG com.intuit.karate - response time in milliseconds: 569
1 < 200
1 < Content-Type: application/json; charset=utf-8
1 < Date: Thu, 05 Dec 2024 08:22:16 GMT
1 < Server: Microsoft-IIS/10.0
1 < X-Powered-By: ASP.NET
1 < Content-Length: 2032
1 < Connection: keep-alive
{
  "ProjectId": "2afcf090-6588-4022-aa5e-49fca51f940e",
  "Name": "Dataset9268",
  "Description": "Dataset9268",
  "CustomTags": "",
  "ApplicationName": 1,
  "OpeningType": 1,
  "OpeningDirection": 1,
  "CalculateWeightWithGlass": false,
  "WindLoad": 120,
  "IsWindowOpeningCalculationByAngle": 1,
  "VentOuterWidth": 1230,
  "VentOuterHeight": 1480,
  "WeightIncGlassOrThickness": false,
  "VentWeight": 77,
  "VentWeightExact": 77.26400000000001,
  "GlassThickness": 14,
  "ProfileWeightPerSerialMeter": 2.5,
  "FacadeInclination": 0,
  "ChainLengthConnectingRodHandle": 5,
  "ChainLenghtConnectingRodHandle": 0,
  "RequiredOpeningStroke": 400,
  "OpeningWidth": 1000,
  "OpeningAngle": 15.532868337024489,
  "SpecificExhaustDimension": 30,
  "BuildingDepth": 75,
  "SnowLoad": 0,
  "DistanceHinge": 0,
  "RatedCurrent": 0,
  "DrivePosition": 2,
  "LockingMechanism": 1,
  "Voltage": 1,
  "DriveType": 1,
  "TypeOfInstallation": 2,
  "GeometricArea": 0,
  "CalculationTypeForVentilation": 1,
  "HeightOfProfile": 0,
  "Reveal": 0,
  "RevealDepth": 0,
  "HeightProfileRectangleAngle1": 0,
  "HeightProfileRectangleAngle2": 0,
  "RevealDepthRectangleAngle1": 0,
  "RevealDepthRectangleAngle2": 0,
  "RevealDepthRectangleAngle12": 0,
  "InstallationPosition": 0,
  "RecommendedDriveArticleNo": 0,
  "System": "",
  "AkippOrAtilt": 1.084,
  "AdrehOrAturn": 1.8204,
  "Ageo": 1.084,
  "MinPullingForceMax": -206.4868442161654,
  "MinPushingForceMax": -206.4868442161654,
  "MinPullingForcePermanent": -104.11163259218097,
  "MinPushingForcePermanent": -104.11163259218097,
  "ForceWithNegativeWind": 109.53156767199486,
  "ForceWithNoWindMin": 0.30763693489047433,
  "ForceWithNegativeWindMin": 0,
  "ForceWithWindMin": -108.91629380221393,
  "Id": "120884f6-f202-46cc-9c94-2efe53e6d74e",
  "CreatedOn": "2024-12-05T08:22:17.3769783+00:00",
  "CreatedBy": "579816e4-6653-4794-b435-a885f32e28d7",
  "ModifiedOn": "2024-12-05T08:22:17.3769794+00:00",
  "ModifiedBy": ""
}

13:52:19.850 [main] INFO  com.intuit.karate - Generated Config ID: 120884f6-f202-46cc-9c94-2efe53e6d74e 
13:52:19.851 [main] INFO  com.intuit.karate - Generated Name: Dataset9268 
13:52:19.852 [main] INFO  com.intuit.karate - Generated Description: Dataset9268 
13:52:19.861 [main] DEBUG com.intuit.karate - request:
1 > PUT https://dev-drivetec-apis.schuecodigitalsolutions.com/Configurations
1 > Content-Type: application/json; charset=UTF-8
1 > Content-Length: 1271
1 > Host: dev-drivetec-apis.schuecodigitalsolutions.com
1 > Connection: Keep-Alive
1 > User-Agent: Apache-HttpClient/4.5.14 (Java/17.0.12)
1 > Accept-Encoding: gzip,deflate
{"Id":"120884f6-f202-46cc-9c94-2efe53e6d74e","Name":"Dataset2","Description":"Dataset9268","ProjectId":"2afcf090-6588-4022-aa5e-49fca51f940e","CustomTags":"","CreatedBy":"579816e4-6653-4794-b435-a885f32e28d7","ModifiedBy":"579816e4-6653-4794-b435-a885f32e28d7","System":"","FacadeInclination":0,"OpeningType":3,"OpeningDirection":1,"OpeningWidth":1000,"VentOuterWidth":1230,"VentOuterHeight":1480,"VentWeight":0,"CalculateWeightWithGlass":false,"RequiredOpeningStroke":800,"WindLoad":501,"SnowLoad":0,"IsWindowOpeningCalculationByAngle":1,"GlassThickness":14,"ProfileWeightPerSerialMeter":2.5,"DrivePosition":1,"InstallationPosition":0,"LockingMechanism":1,"Voltage":1,"DriveType":1,"TypeOfInstallation":2,"GeometricArea":0,"CalcVentilation":2,"SpecificExhaustDimension":30,"BuildingDepth":75,"CalculationTypeForVentilation":2,"HeightOfProfile":0,"HeightProfileRectangleAngle1":0,"HeightProfileRectangleAngle2":0,"RevealDepth":0,"RevealDepthRectangleAngle1":0,"RevealDepthRectangleAngle2":0,"ChainLengthConnectingRodHandle":5,"ApplicationName":1,"OpeningAngle":96,"WeightIncGlassOrThickness":false,"AkippOrAtilt":0,"AdrehOrAturn":0,"Ageo":0,"MinPullingForceMax":0,"MinPushingForceMax":0,"MinPullingForcePermanent":0,"MinPushingForcePermanent":0,"ForceWithNegativeWind":0}

13:52:20.458 [main] DEBUG com.intuit.karate - response time in milliseconds: 597
1 < 200
1 < Content-Type: application/json; charset=utf-8
1 < Date: Thu, 05 Dec 2024 08:22:17 GMT
1 < Server: Microsoft-IIS/10.0
1 < X-Powered-By: ASP.NET
1 < Content-Length: 2027
1 < Connection: keep-alive
{
  "ProjectId": "2afcf090-6588-4022-aa5e-49fca51f940e",
  "Name": "Dataset2",
  "Description": "Dataset9268",
  "CustomTags": "",
  "ApplicationName": 1,
  "OpeningType": 3,
  "OpeningDirection": 1,
  "CalculateWeightWithGlass": false,
  "WindLoad": 501,
  "IsWindowOpeningCalculationByAngle": 1,
  "VentOuterWidth": 1230,
  "VentOuterHeight": 1480,
  "WeightIncGlassOrThickness": false,
  "VentWeight": 77,
  "VentWeightExact": 77.26400000000001,
  "GlassThickness": 14,
  "ProfileWeightPerSerialMeter": 2.5,
  "FacadeInclination": 0,
  "ChainLengthConnectingRodHandle": 5,
  "ChainLenghtConnectingRodHandle": 0,
  "RequiredOpeningStroke": 800,
  "OpeningWidth": 1000,
  "OpeningAngle": 37.955778805488166,
  "SpecificExhaustDimension": 30,
  "BuildingDepth": 75,
  "SnowLoad": 0,
  "DistanceHinge": 0,
  "RatedCurrent": 0,
  "DrivePosition": 1,
  "LockingMechanism": 1,
  "Voltage": 1,
  "DriveType": 1,
  "TypeOfInstallation": 2,
  "GeometricArea": 0,
  "CalculationTypeForVentilation": 2,
  "HeightOfProfile": 0,
  "Reveal": 0,
  "RevealDepth": 0,
  "HeightProfileRectangleAngle1": 0,
  "HeightProfileRectangleAngle2": 0,
  "RevealDepthRectangleAngle1": 0,
  "RevealDepthRectangleAngle2": 0,
  "RevealDepthRectangleAngle12": 0,
  "InstallationPosition": 0,
  "RecommendedDriveArticleNo": 0,
  "System": "",
  "AkippOrAtilt": 2.168,
  "AdrehOrAturn": 1.8204,
  "Ageo": 1.1096726804263364,
  "MinPullingForceMax": -300.17432981658936,
  "MinPushingForceMax": -456.0102375499411,
  "MinPullingForcePermanent": 0,
  "MinPushingForcePermanent": 0,
  "ForceWithNegativeWind": 456.0102375499411,
  "ForceWithNoWindMin": 0,
  "ForceWithNegativeWindMin": 300.17432981658936,
  "ForceWithWindMin": -300.17432981658936,
  "Id": "120884f6-f202-46cc-9c94-2efe53e6d74e",
  "CreatedOn": "0001-01-01T00:00:00",
  "CreatedBy": "579816e4-6653-4794-b435-a885f32e28d7",
  "ModifiedOn": "2024-12-05T08:22:17.9902447+00:00",
  "ModifiedBy": "579816e4-6653-4794-b435-a885f32e28d7"
}

13:52:20.461 [main] INFO  com.intuit.karate - VentWeight from API Response: 77 
13:52:20.463 [main] INFO  com.intuit.karate - Rounded Opening Angle: 38.0 
13:52:20.465 [main] INFO  com.intuit.karate - Rounded Ageo: 1.11 
13:52:20.465 [main] INFO  com.intuit.karate - Rounded Required Opening Stroke: 800.0 
13:52:20.465 [main] INFO  com.intuit.karate - Rounded Vent Weight: 77.0 
13:52:20.468 [main] DEBUG com.intuit.karate - request:
2 > GET https://dev-drivetec-apis.schuecodigitalsolutions.com/Config/120884f6-f202-46cc-9c94-2efe53e6d74e/Drive
2 > Host: dev-drivetec-apis.schuecodigitalsolutions.com
2 > Connection: Keep-Alive
2 > User-Agent: Apache-HttpClient/4.5.14 (Java/17.0.12)
2 > Accept-Encoding: gzip,deflate


13:52:21.082 [main] DEBUG com.intuit.karate - response time in milliseconds: 611
2 < 200
2 < Content-Type: application/json; charset=utf-8
2 < Date: Thu, 05 Dec 2024 08:22:17 GMT
2 < Server: Microsoft-IIS/10.0
2 < X-Powered-By: ASP.NET
2 < Content-Length: 7512
2 < Connection: keep-alive
[
  {
    "Name": "Locking actuator EasyConnect",
    "Bezeichnung": "Verriegelungsantrieb EasyConnect",
    "ConfigurationId": "00000000-0000-0000-0000-000000000000",
    "Description": "",
    "Application": "",
    "ApplicationFacade": true,
    "ApplicationSkylight": false,
    "Type": 5,
    "OpeningType": 0,
    "BottomHungInward": true,
    "BottomHungOutward": false,
    "SideHungInward": true,
    "SideHungOutward": false,
    "TopHungInward": false,
    "TopHungOutward": false,
    "ProjectedTopHungInward": false,
    "ProjectedTopHungOutward": false,
    "InstallationType": "",
    "ITMainOutFrmMountWBracket": true,
    "ITMainFixOutFrmMount": true,
    "ITMainVentFrmMount": false,
    "ITSideMount50": false,
    "ITSideMount60": false,
    "ITSideMount70": false,
    "ITSideMount80": false,
    "ITSideMount67": false,
    "Feature": "",
    "FeatureOpenClose": true,
    "FeatureLock": false,
    "ArticleNumber": 291787,
    "Stroke": 0,
    "Angle": 0,
    "Voltage": null,
    "Voltage24": true,
    "Voltage230": true,
    "RatedCurrent": 0,
    "BreakingCurrent": 0,
    "PullingForceMax": 0,
    "PushingForceMax": 0,
    "PullingForceMaxWithNegativeWind": 0,
    "PushingForceMaxWithNegativeWind": 0,
    "PushingForcePermanent": 0,
    "PullingForcePermanent": 0,
    "MinPullingForceMax": 0,
    "MinPushingForceMax": 0,
    "MinPullingForcePermanent": 0,
    "MinPushingForcePermanent": 0,
    "Price": 0,
    "DriveLength": 0,
    "ChainDrive": 0,
    "ChainDrive2": 0,
    "MaxLengthMainClosingEdge1Drive": 0,
    "MaxGeometricArea": 0,
    "GeometricalSmokeExhaustion": 0,
    "TotalGlassThickness": 0,
    "Dimensions": 0,
    "DimensionsWxHxD": "375 x 24 x 35",
    "TensileForce": 0,
    "LockingForce": 0,
    "Details_DE": "<ul> <li>Bemessungsspannung: 24 V DC (19 V … 28 V)</li> <li>Abschaltstrom: ~1,0 A</li> <li>Bemessungsstrom: 0,6 A</li> <li>Bemessungsaufnahme: 15 W</li> <li>Schutzart: IP 32</li><li>Zug-/Schubkraft: max. 600 N</li> <li>Umgebungstemperatur: -5°C bis + 60°C</li> <li>Anschlussleitung: Halogenfrei, grau 5 x 0,5mm² , ~5m</li> <li>Laufzeit: ~ 5s</li><li>Hub: ~ 18mm</li> </ul>",
    "Details_EN": "<ul> <li>Rated voltage : 24 V DC (19 V … 28 V</li> <li>Breaking current : ~1,0 A</li> <li>Rated current : 0,6 A</li> <li>Rated consumption : 15 W</li> <li>Protection rating : IP 32</li><li>Traction/ thrust : max. 600 N</li> <li>Ambient temperature: -5°C bis + 60°C</li> <li>Connecting cable: halogen-free, grey 5 x 0,5mm² , ~5m</li> <li>Running time: ~ 5s</li><li>Stroke: ~ 18mm</li> </ul>",
    "Einsatz": "<ul> <li>Anwendung: Lüftung, NRA</li><li>Integrierte intelligente Regelelektronik</li></ul>",
    "Use": "<ul> <li>Application: ventilation, natural smoke ventilation</li> <li>Integrated intelligent control electronics</li></ul>",
    "Ausstattung": "<ul><li>Laufrichtung einstellbar</li><li>Zusätzlicher Universal-Steckersatz</li></ul>",
    "Equipment": "<ul><li>Running direction adjustable</li><li>Additional universal plug socket</li></ul>",
    "Optionen": "<ul> <li>Mitnehmer objekt-/profilspezifisch anpassbar</li></ul>",
    "Options": "<ul> <li>Coupling adapter customizable for project-/profile-specific demands</li></ul>",
    "IsTwoPce": false,
    "ResultVentWeight": 0,
    "IsLsRsDrive": false,
    "ArticleNumberRs": 0,
    "TwoDrivesSideInstallation50": 0,
    "TwoDrivesSideInstallation60": 0,
    "TwoDrivesSideInstallation70": 0,
    "TwoDrivesSideInstallation80": 0,
    "OpeningSpeedmms": 0,
    "Traction": 0,
    "Thrust": 0,
    "Id": "f894c384-bd5f-4f1b-a446-f4a3afc8426e",
    "CreatedOn": "2024-09-26T13:55:26.817Z",
    "CreatedBy": "",
    "ModifiedOn": "2024-09-26T13:55:26.817Z",
    "ModifiedBy": ""
  },
  {
    "Name": "Locking actuator 600",
    "Bezeichnung": "Verriegelungsantrieb 600",
    "ConfigurationId": "00000000-0000-0000-0000-000000000000",
    "Description": "",
    "Application": "",
    "ApplicationFacade": true,
    "ApplicationSkylight": false,
    "Type": 5,
    "OpeningType": 0,
    "BottomHungInward": true,
    "BottomHungOutward": false,
    "SideHungInward": true,
    "SideHungOutward": false,
    "TopHungInward": false,
    "TopHungOutward": false,
    "ProjectedTopHungInward": false,
    "ProjectedTopHungOutward": false,
    "InstallationType": "",
    "ITMainOutFrmMountWBracket": true,
    "ITMainFixOutFrmMount": true,
    "ITMainVentFrmMount": false,
    "ITSideMount50": false,
    "ITSideMount60": false,
    "ITSideMount70": false,
    "ITSideMount80": false,
    "ITSideMount67": false,
    "Feature": "",
    "FeatureOpenClose": true,
    "FeatureLock": false,
    "ArticleNumber": 291736,
    "Stroke": 0,
    "Angle": 0,
    "Voltage": null,
    "Voltage24": true,
    "Voltage230": true,
    "RatedCurrent": 0,
    "BreakingCurrent": 0,
    "PullingForceMax": 0,
    "PushingForceMax": 0,
    "PullingForceMaxWithNegativeWind": 0,
    "PushingForceMaxWithNegativeWind": 0,
    "PushingForcePermanent": 0,
    "PullingForcePermanent": 0,
    "MinPullingForceMax": 0,
    "MinPushingForceMax": 0,
    "MinPullingForcePermanent": 0,
    "MinPushingForcePermanent": 0,
    "Price": 218.27,
    "DriveLength": 0,
    "ChainDrive": 0,
    "ChainDrive2": 0,
    "MaxLengthMainClosingEdge1Drive": 0,
    "MaxGeometricArea": 0,
    "GeometricalSmokeExhaustion": 0,
    "TotalGlassThickness": 0,
    "Dimensions": 0,
    "DimensionsWxHxD": "415 x 26 x 26",
    "TensileForce": 0,
    "LockingForce": 0,
    "Details_DE": "<ul> <li>Bemessungsspannung: 24 V DC (19 V … 28 V)</li> <li>Abschaltstrom: ~1,0 A</li> <li>Bemessungsstrom: 0,6 A</li> <li>Bemessungsaufnahme: 15 W</li> <li>Schutzart: IP 32</li><li>Zug-/Schubkraft: max. 600 N</li> <li>Umgebungstemperatur: -5°C bis + 60°C</li> <li>Anschlussleitung: Halogenfrei, grau 3x 0,5mm², ~3m</li> <li>Laufzeit: ~ 5s</li><li>Hub: ~ 18mm</li> </ul>",
    "Details_EN": "<ul> <li>Rated voltage : 24 V DC (19 V … 28 V</li> <li>Breaking current : ~1,0 A</li> <li>Rated current : 0,6 A</li> <li>Rated consumption : 15 W</li> <li>Protection rating : IP 32</li><li>Traction/ thrust : max. 600 N</li> <li>Ambient temperature: -5°C bis + 60°C</li> <li>Connecting cable: halogen-free, grey 3 x 0,5mm², ~3m</li> <li>Running time: ~ 5s</li><li>Stroke: ~ 18mm</li> </ul>",
    "Einsatz": "<ul> <li>Anwendung: Lüftung, NRA</li><li>Integrierte intelligente Regelelektronik</li></ul>",
    "Use": "<ul> <li>Application: ventilation, natural smoke ventilation</li> <li>Integrated intelligent control electronics</li></ul>",
    "Ausstattung": "<ul><li>Laufrichtung einstellbar</li></ul>",
    "Equipment": "<ul><li>Running direction adjustable</li></ul>",
    "Optionen": "<ul> <li>Mitnehmer objekt-/profilspezifisch anpassbar</li></ul>",
    "Options": "<ul> <li>Coupling adapter customizable for project-/profile-specific demands</li></ul>",
    "IsTwoPce": false,
    "ResultVentWeight": 0,
    "IsLsRsDrive": true,
    "ArticleNumberRs": 291735,
    "TwoDrivesSideInstallation50": 0,
    "TwoDrivesSideInstallation60": 0,
    "TwoDrivesSideInstallation70": 0,
    "TwoDrivesSideInstallation80": 0,
    "OpeningSpeedmms": 0,
    "Traction": 0,
    "Thrust": 0,
    "Id": "69d8317e-493b-4010-8d9e-54168822bacf",
    "CreatedOn": "2024-09-26T13:55:26.817Z",
    "CreatedBy": "",
    "ModifiedOn": "2024-09-26T13:55:26.817Z",
    "ModifiedBy": ""
  }
]

13:52:21.122 [main] INFO  com.intuit.karate - Expected RecommDrive: Locking actuator EasyConnect,Locking actuator 600 
13:52:21.122 [main] INFO  com.intuit.karate - Actual RecommDrive: Locking actuator EasyConnect, Locking actuator 600 
13:52:21.122 [main] INFO  com.intuit.karate - Normalized Actual RecommDrive: Locking actuator EasyConnect,Locking actuator 600 
13:52:21.122 [main] INFO  com.intuit.karate - Normalized Expected RecommDrive: Locking actuator EasyConnect,Locking actuator 600 
13:52:21.125 [main] INFO  com.intuit.karate - All Drive IDs: [
  "f894c384-bd5f-4f1b-a446-f4a3afc8426e",
  "69d8317e-493b-4010-8d9e-54168822bacf"
]
 
13:52:21.126 [main] INFO  com.intuit.karate - First Drive ID: f894c384-bd5f-4f1b-a446-f4a3afc8426e 
13:52:21.128 [main] DEBUG com.intuit.karate - request:
3 > POST https://dev-drivetec-apis.schuecodigitalsolutions.com/api/Drives/DownloadPDFNew/Schuco
3 > Content-Type: application/json; charset=UTF-8
3 > Content-Length: 1194
3 > Host: dev-drivetec-apis.schuecodigitalsolutions.com
3 > Connection: Keep-Alive
3 > User-Agent: Apache-HttpClient/4.5.14 (Java/17.0.12)
3 > Accept-Encoding: gzip,deflate
[{"Id":"configId","Header":"configId","Value":"120884f6-f202-46cc-9c94-2efe53e6d74e"},{"Id":"driveId","Header":"driveId","Value":"f894c384-bd5f-4f1b-a446-f4a3afc8426e"},{"Id":"culture","Header":"culture","Value":"EN-US"},{"Id":"projectId","Header":"projectId","Value":"2afcf090-6588-4022-aa5e-49fca51f940e"},{"Id":"range-of-app","Header":"Range of application","Value":"Façade"},{"Id":"opening-type","Header":"Opening type","Value":"Bottom-hung vent"},{"Id":"opening-direction","Header":"Opening direction","Value":"Inward"},{"Id":"how-calc-weight","Header":"Vent weight","Value":"Weight including glass"},{"Id":"Chain-Length","Header":"Chain- \/ connecting rod handle","Value":"100%"},{"Id":"drive-position","Header":"Drive position","Value":"Side installation"},{"Id":"locking-mechanism","Header":"Locking mechanism","Value":"With"},{"Id":"voltage","Header":"Voltage","Value":"24 V"},{"Id":"drive-type","Header":"Drive type","Value":"Chain drive"},{"Id":"type-installation","Header":"Type of installation","Value":"Pivoting Outer Frame Installation"},{"Id":"calculation-type-for-ventilation-area","Header":"Calculation type for ventilation area","Value":"Method in accordance with ASR 3.6"}]

13:52:22.825 [main] DEBUG com.intuit.karate - response time in milliseconds: 1694
3 < 200
3 < Content-Type: application/json; charset=utf-8
3 < Date: Thu, 05 Dec 2024 08:22:20 GMT
3 < Server: Microsoft-IIS/10.0
3 < X-Powered-By: ASP.NET
3 < Content-Length: 285
3 < Connection: keep-alive
{
  "result": "https://drive-tec-dev.s3.amazonaws.com/AUT_TPJ33518-Locking_actuator_EasyConnect.pdf?AWSAccessKeyId=AKIAZAWIART4ZFAXXPHK&Expires=1733390540&response-content-disposition=attachment%3B&response-content-type=application%2Fpdf&Signature=GrfC5k1dLh8TUeMAyHiTBt%2BgS3Y%3D"
}

13:52:22.826 [main] INFO  com.intuit.karate - Download URL for first driveId: https://drive-tec-dev.s3.amazonaws.com/AUT_TPJ33518-Locking_actuator_EasyConnect.pdf?AWSAccessKeyId=AKIAZAWIART4ZFAXXPHK&Expires=1733390540&response-content-disposition=attachment%3B&response-content-type=application%2Fpdf&Signature=GrfC5k1dLh8TUeMAyHiTBt%2BgS3Y%3D 
13:52:22.837 [main] INFO  com.intuit.karate - karate.env system property was: null 
13:52:22.839 [main] INFO  com.intuit.karate - Running test for dataset:  Dataset3 
13:52:22.846 [main] INFO  com.intuit.karate - Using ProjectId:  {
  "result": {
    "projectId": "prjId"
  },
  "projectPayload": {
    "Id": "579816e4-6653-4794-b435-a885f32e28d7",
    "Name": "AUT_TPJ33518",
    "Address": "Hyderabad, Telangana, India",
    "Description": "",
    "CreatedBy": "579816e4-6653-4794-b435-a885f32e28d7",
    "ModifiedBy": "579816e4-6653-4794-b435-a885f32e28d7"
  },
  "uniqueName": "AUT_TPJ33518",
  "responseHeaders": {
    "Content-Type": [
      "application/json; charset=utf-8"
    ],
    "Date": [
      "Thu, 05 Dec 2024 08:22:12 GMT"
    ],
    "Server": [
      "Microsoft-IIS/10.0"
    ],
    "X-Powered-By": [
      "ASP.NET"
    ],
    "transfer-encoding": [
      "chunked"
    ],
    "Connection": [
      "keep-alive"
    ],
    "Set-Cookie": [
    ]
  },
  "responseTime": 841,
  "response": {
    "Name": "AUT_TPJ33518",
    "Description": "",
    "Address": "Hyderabad, Telangana, India",
    "Id": "2afcf090-6588-4022-aa5e-49fca51f940e",
    "CreatedOn": "2024-12-05T08:22:11.998251+00:00",
    "CreatedBy": "579816e4-6653-4794-b435-a885f32e28d7",
    "ModifiedOn": "2024-12-05T08:22:11.9982526+00:00",
    "ModifiedBy": ""
  },
  "responseStatus": 200,
  "prjId": "2afcf090-6588-4022-aa5e-49fca51f940e",
  "projectId": "2afcf090-6588-4022-aa5e-49fca51f940e"
}
 
13:52:22.850 [main] DEBUG com.intuit.karate - request:
1 > POST https://dev-drivetec-apis.schuecodigitalsolutions.com/Configurations
1 > Content-Type: application/json; charset=UTF-8
1 > Content-Length: 1275
1 > Host: dev-drivetec-apis.schuecodigitalsolutions.com
1 > Connection: Keep-Alive
1 > User-Agent: Apache-HttpClient/4.5.14 (Java/17.0.12)
1 > Accept-Encoding: gzip,deflate
{"Id":"00000000-0000-0000-0000-000000000000","ProjectId":"2afcf090-6588-4022-aa5e-49fca51f940e","Name":"Dataset2849","Description":"Dataset2849","CustomTags":"","CreatedBy":"579816e4-6653-4794-b435-a885f32e28d7","ModifiedBy":"579816e4-6653-4794-b435-a885f32e28d7","ApplicationName":1,"System":"","FacadeInclination":0,"OpeningType":1,"OpeningDirection":1,"OpeningWidth":1000,"VentOuterWidth":1230,"VentOuterHeight":1480,"VentWeight":70,"CalculateWeightWithGlass":false,"WeightIncGlassOrThickness":false,"GlassThickness":14,"ProfileWeightPerSerialMeter":2.5,"IsWindowOpeningCalculationByAngle":1,"RequiredOpeningStroke":400,"OpeningAngle":15,"WindLoad":120,"SnowLoad":0,"DrivePosition":2,"InstallationPosition":1,"ChainLengthConnectingRodHandle":5,"LockingMechanism":1,"Voltage":1,"DriveType":1,"TypeOfInstallation":2,"CalculationTypeForVentilation":1,"CalcVentilation":1,"GeometricArea":1,"SpecificExhaustDimension":30,"BuildingDepth":75,"RevealDepth":0,"RevealDepthRectangleAngle1":0,"RevealDepthRectangleAngle2":0,"HeightOfProfile":0,"HeightProfileRectangleAngle1":0,"HeightProfileRectangleAngle2":0,"AkippOrAtilt":0,"AdrehOrAturn":0,"Ageo":0,"MinPullingForceMax":0,"MinPushingForceMax":0,"MinPullingForcePermanent":0,"MinPushingForcePermanent":0,"ForceWithNegativeWind":0}

13:52:23.474 [main] DEBUG com.intuit.karate - response time in milliseconds: 622
1 < 200
1 < Content-Type: application/json; charset=utf-8
1 < Date: Thu, 05 Dec 2024 08:22:20 GMT
1 < Server: Microsoft-IIS/10.0
1 < X-Powered-By: ASP.NET
1 < transfer-encoding: chunked
1 < Connection: keep-alive
{
  "ProjectId": "2afcf090-6588-4022-aa5e-49fca51f940e",
  "Name": "Dataset2849",
  "Description": "Dataset2849",
  "CustomTags": "",
  "ApplicationName": 1,
  "OpeningType": 1,
  "OpeningDirection": 1,
  "CalculateWeightWithGlass": false,
  "WindLoad": 120,
  "IsWindowOpeningCalculationByAngle": 1,
  "VentOuterWidth": 1230,
  "VentOuterHeight": 1480,
  "WeightIncGlassOrThickness": false,
  "VentWeight": 77,
  "VentWeightExact": 77.26400000000001,
  "GlassThickness": 14,
  "ProfileWeightPerSerialMeter": 2.5,
  "FacadeInclination": 0,
  "ChainLengthConnectingRodHandle": 5,
  "ChainLenghtConnectingRodHandle": 0,
  "RequiredOpeningStroke": 400,
  "OpeningWidth": 1000,
  "OpeningAngle": 15.532868337024489,
  "SpecificExhaustDimension": 30,
  "BuildingDepth": 75,
  "SnowLoad": 0,
  "DistanceHinge": 0,
  "RatedCurrent": 0,
  "DrivePosition": 2,
  "LockingMechanism": 1,
  "Voltage": 1,
  "DriveType": 1,
  "TypeOfInstallation": 2,
  "GeometricArea": 0,
  "CalculationTypeForVentilation": 1,
  "HeightOfProfile": 0,
  "Reveal": 0,
  "RevealDepth": 0,
  "HeightProfileRectangleAngle1": 0,
  "HeightProfileRectangleAngle2": 0,
  "RevealDepthRectangleAngle1": 0,
  "RevealDepthRectangleAngle2": 0,
  "RevealDepthRectangleAngle12": 0,
  "InstallationPosition": 0,
  "RecommendedDriveArticleNo": 0,
  "System": "",
  "AkippOrAtilt": 1.084,
  "AdrehOrAturn": 1.8204,
  "Ageo": 1.084,
  "MinPullingForceMax": -206.4868442161654,
  "MinPushingForceMax": -206.4868442161654,
  "MinPullingForcePermanent": -104.11163259218097,
  "MinPushingForcePermanent": -104.11163259218097,
  "ForceWithNegativeWind": 109.53156767199486,
  "ForceWithNoWindMin": 0.30763693489047433,
  "ForceWithNegativeWindMin": 0,
  "ForceWithWindMin": -108.91629380221393,
  "Id": "0d6c8bfe-372c-478e-a0f4-4902971949dd",
  "CreatedOn": "2024-12-05T08:22:20.9637049+00:00",
  "CreatedBy": "579816e4-6653-4794-b435-a885f32e28d7",
  "ModifiedOn": "2024-12-05T08:22:20.963706+00:00",
  "ModifiedBy": ""
}

13:52:23.479 [main] INFO  com.intuit.karate - Generated Config ID: 0d6c8bfe-372c-478e-a0f4-4902971949dd 
13:52:23.480 [main] INFO  com.intuit.karate - Generated Name: Dataset2849 
13:52:23.481 [main] INFO  com.intuit.karate - Generated Description: Dataset2849 
13:52:23.485 [main] DEBUG com.intuit.karate - request:
1 > PUT https://dev-drivetec-apis.schuecodigitalsolutions.com/Configurations
1 > Content-Type: application/json; charset=UTF-8
1 > Content-Length: 1280
1 > Host: dev-drivetec-apis.schuecodigitalsolutions.com
1 > Connection: Keep-Alive
1 > User-Agent: Apache-HttpClient/4.5.14 (Java/17.0.12)
1 > Accept-Encoding: gzip,deflate
{"Id":"0d6c8bfe-372c-478e-a0f4-4902971949dd","Name":"Dataset3","Description":"Dataset2849","ProjectId":"2afcf090-6588-4022-aa5e-49fca51f940e","CustomTags":"","CreatedBy":"579816e4-6653-4794-b435-a885f32e28d7","ModifiedBy":"579816e4-6653-4794-b435-a885f32e28d7","System":"","FacadeInclination":0,"OpeningType":3,"OpeningDirection":1,"OpeningWidth":1000,"VentOuterWidth":1230,"VentOuterHeight":1480,"VentWeight":0,"CalculateWeightWithGlass":false,"RequiredOpeningStroke":800,"WindLoad":500,"SnowLoad":0,"IsWindowOpeningCalculationByAngle":1,"GlassThickness":14,"ProfileWeightPerSerialMeter":2.5,"DrivePosition":1,"InstallationPosition":0,"LockingMechanism":1,"Voltage":1,"DriveType":1,"TypeOfInstallation":2,"GeometricArea":0,"CalcVentilation":1,"SpecificExhaustDimension":45,"BuildingDepth":90,"CalculationTypeForVentilation":1,"HeightOfProfile":30,"HeightProfileRectangleAngle1":35,"HeightProfileRectangleAngle2":2,"RevealDepth":200,"RevealDepthRectangleAngle1":150,"RevealDepthRectangleAngle2":1000,"ChainLengthConnectingRodHandle":5,"ApplicationName":1,"OpeningAngle":15,"WeightIncGlassOrThickness":false,"AkippOrAtilt":0,"AdrehOrAturn":0,"Ageo":0,"MinPullingForceMax":0,"MinPushingForceMax":0,"MinPullingForcePermanent":0,"MinPushingForcePermanent":0,"ForceWithNegativeWind":0}

13:52:24.097 [main] DEBUG com.intuit.karate - response time in milliseconds: 610
1 < 200
1 < Content-Type: application/json; charset=utf-8
1 < Date: Thu, 05 Dec 2024 08:22:21 GMT
1 < Server: Microsoft-IIS/10.0
1 < X-Powered-By: ASP.NET
1 < Content-Length: 2018
1 < Connection: keep-alive
{
  "ProjectId": "2afcf090-6588-4022-aa5e-49fca51f940e",
  "Name": "Dataset3",
  "Description": "Dataset2849",
  "CustomTags": "",
  "ApplicationName": 1,
  "OpeningType": 3,
  "OpeningDirection": 1,
  "CalculateWeightWithGlass": false,
  "WindLoad": 500,
  "IsWindowOpeningCalculationByAngle": 1,
  "VentOuterWidth": 1230,
  "VentOuterHeight": 1480,
  "WeightIncGlassOrThickness": false,
  "VentWeight": 77,
  "VentWeightExact": 77.26400000000001,
  "GlassThickness": 14,
  "ProfileWeightPerSerialMeter": 2.5,
  "FacadeInclination": 0,
  "ChainLengthConnectingRodHandle": 5,
  "ChainLenghtConnectingRodHandle": 0,
  "RequiredOpeningStroke": 800,
  "OpeningWidth": 1000,
  "OpeningAngle": 37.955778805488166,
  "SpecificExhaustDimension": 45,
  "BuildingDepth": 90,
  "SnowLoad": 0,
  "DistanceHinge": 0,
  "RatedCurrent": 0,
  "DrivePosition": 1,
  "LockingMechanism": 1,
  "Voltage": 1,
  "DriveType": 1,
  "TypeOfInstallation": 2,
  "GeometricArea": 0,
  "CalculationTypeForVentilation": 1,
  "HeightOfProfile": 30,
  "Reveal": 0,
  "RevealDepth": 200,
  "HeightProfileRectangleAngle1": 35,
  "HeightProfileRectangleAngle2": 2,
  "RevealDepthRectangleAngle1": 150,
  "RevealDepthRectangleAngle2": 1000,
  "RevealDepthRectangleAngle12": 0,
  "InstallationPosition": 0,
  "RecommendedDriveArticleNo": 0,
  "System": "",
  "AkippOrAtilt": 2.168,
  "AdrehOrAturn": 1.8204,
  "Ageo": 1.8204,
  "MinPullingForceMax": -299.575179457674,
  "MinPushingForceMax": -455.1000374749911,
  "MinPullingForcePermanent": 0,
  "MinPushingForcePermanent": 0,
  "ForceWithNegativeWind": 455.1000374749911,
  "ForceWithNoWindMin": 0,
  "ForceWithNegativeWindMin": 299.575179457674,
  "ForceWithWindMin": -299.575179457674,
  "Id": "0d6c8bfe-372c-478e-a0f4-4902971949dd",
  "CreatedOn": "0001-01-01T00:00:00",
  "CreatedBy": "579816e4-6653-4794-b435-a885f32e28d7",
  "ModifiedOn": "2024-12-05T08:22:21.6224725+00:00",
  "ModifiedBy": "579816e4-6653-4794-b435-a885f32e28d7"
}

13:52:24.100 [main] INFO  com.intuit.karate - VentWeight from API Response: 77 
13:52:24.101 [main] INFO  com.intuit.karate - Rounded Opening Angle: 38.0 
13:52:24.102 [main] INFO  com.intuit.karate - Rounded Ageo: 1.82 
13:52:24.102 [main] INFO  com.intuit.karate - Rounded Required Opening Stroke: 800.0 
13:52:24.102 [main] INFO  com.intuit.karate - Rounded Vent Weight: 77.0 
13:52:24.105 [main] DEBUG com.intuit.karate - request:
2 > GET https://dev-drivetec-apis.schuecodigitalsolutions.com/Config/0d6c8bfe-372c-478e-a0f4-4902971949dd/Drive
2 > Host: dev-drivetec-apis.schuecodigitalsolutions.com
2 > Connection: Keep-Alive
2 > User-Agent: Apache-HttpClient/4.5.14 (Java/17.0.12)
2 > Accept-Encoding: gzip,deflate


13:52:24.792 [main] DEBUG com.intuit.karate - response time in milliseconds: 685
2 < 200
2 < Content-Type: application/json; charset=utf-8
2 < Date: Thu, 05 Dec 2024 08:22:21 GMT
2 < Server: Microsoft-IIS/10.0
2 < X-Powered-By: ASP.NET
2 < transfer-encoding: chunked
2 < Connection: keep-alive
[
  {
    "Name": "Chain actuator D6 800",
    "Bezeichnung": "Kettenantrieb D6 800",
    "ConfigurationId": "00000000-0000-0000-0000-000000000000",
    "Description": "",
    "Application": "Facade",
    "ApplicationFacade": true,
    "ApplicationSkylight": true,
    "Type": 1,
    "OpeningType": 0,
    "BottomHungInward": true,
    "BottomHungOutward": true,
    "SideHungInward": true,
    "SideHungOutward": true,
    "TopHungInward": false,
    "TopHungOutward": true,
    "ProjectedTopHungInward": false,
    "ProjectedTopHungOutward": false,
    "InstallationType": "",
    "ITMainOutFrmMountWBracket": true,
    "ITMainFixOutFrmMount": false,
    "ITMainVentFrmMount": true,
    "ITSideMount50": false,
    "ITSideMount60": false,
    "ITSideMount70": false,
    "ITSideMount80": false,
    "ITSideMount67": true,
    "Feature": "",
    "FeatureOpenClose": true,
    "FeatureLock": true,
    "ArticleNumber": 291717,
    "Stroke": 800,
    "Angle": 0,
    "Voltage": "24 V DC",
    "Voltage24": true,
    "Voltage230": false,
    "RatedCurrent": 1,
    "BreakingCurrent": 1,
    "PullingForceMax": 600,
    "PushingForceMax": 300,
    "PullingForceMaxWithNegativeWind": 0,
    "PushingForceMaxWithNegativeWind": 0,
    "PushingForcePermanent": 200,
    "PullingForcePermanent": 600,
    "MinPullingForceMax": -455.1,
    "MinPushingForceMax": 0,
    "MinPullingForcePermanent": 0,
    "MinPushingForcePermanent": 0,
    "Price": 387.92,
    "DriveLength": 794,
    "ChainDrive": 894,
    "ChainDrive2": 1748,
    "MaxLengthMainClosingEdge1Drive": 1920,
    "MaxGeometricArea": 2,
    "GeometricalSmokeExhaustion": 0,
    "TotalGlassThickness": 14,
    "Dimensions": 0,
    "DimensionsWxHxD": "794 x 40 x 56",
    "TensileForce": 0,
    "LockingForce": 0,
    "Details_DE": "<ul> <li>Bemessungsspannung: 24 V DC (19 V … 28 V)</li> <li>Abschaltstrom: 1,2 A</li> <li>Bemessungsstrom: 0,9 A</li> <li>Bemessungsaufnahme: 22 W</li> <li>Schutzart: IP 32</li> <li>Zug-/Schubkraft: max. 600 N</li> <li>Umgebungstemperatur: -5°C bis + 60°C</li> <li>Anschlussleitung: Halogenfrei, grau 5 x 0,5mm², ~3m</li> <li>Max. Geschwindigkeit: 13,5 mm/s</li> </ul>",
    "Details_EN": "<ul> <li>Rated voltage: 24 V DC (19 V … 28 V)</li><li>Breaking current: 1.2 A</li><li>Rated current: 0.9 A</li><li>Rated consumption: 22W</li><li>Protection rating: IP 32</li><li>Traction/ thrust: max. 600 N</li><li>Ambient temperature: -5° C to +60° C</li><li>Connecting cable: halogen-free, grey 3 x 0,5mm², ~3m</li><li>Max. speed: 13,5 mm/s</li></ul>",
    "Einsatz": "<ul><li>Anwendung: Lüftung, NRA</li> <li>Integrierte intelligente Regelelektronik</li></ul>",
    "Use": "<ul><li>Application: ventilation, natural smoke ventilation</li> <li>Integrated intelligent control electronics</li> </ul>",
    "Ausstattung": "<ul><li>Zusätzlicher Universal-Steckersatz für Mehrfachbetrieb bis zu 4 Antrieben und 2 Verriegelungsantrieben</li></ul>",
    "Equipment": "<ul><li>Additional universal plug socket for multiplex operation  of up to 4 drives and 2 interlocking drives</li></ul>",
    "Optionen": "<ul><li>Programmierung von Sonderfunktionen</li> <li>Programmierbare Rückmeldung Endlage „AUF“ (max. 24 V, 500 mA)</li> <li>Schüco Kontroller zur automatischen Konfiguration von Synchronlauf und Folgesteuerungen mit Verriegelungsantrieben in Antriebs-Verbundsystemen</li> </ul>",
    "Options": "<ul><li>Programming of special functions</li> <li>Programmable response for “OPEN” end position (max. 24 V, 500 mA)</li> <li>Schüco controller for automatic configuration of synchronous running and sequence control with locking drives in composite drive systems</li> </ul>",
    "IsTwoPce": false,
    "ResultVentWeight": 77.26,
    "IsLsRsDrive": false,
    "ArticleNumberRs": 0,
    "TwoDrivesSideInstallation50": 0,
    "TwoDrivesSideInstallation60": 0,
    "TwoDrivesSideInstallation70": 0,
    "TwoDrivesSideInstallation80": 0,
    "OpeningSpeedmms": 0,
    "Traction": 600,
    "Thrust": 300,
    "Id": "e9fa5654-1773-4646-9949-a237ab4f4797",
    "CreatedOn": "2024-09-26T13:55:26.817Z",
    "CreatedBy": "",
    "ModifiedOn": "2024-09-26T13:55:26.817Z",
    "ModifiedBy": ""
  },
  {
    "Name": "Locking actuator EasyConnect",
    "Bezeichnung": "Verriegelungsantrieb EasyConnect",
    "ConfigurationId": "00000000-0000-0000-0000-000000000000",
    "Description": "",
    "Application": "",
    "ApplicationFacade": true,
    "ApplicationSkylight": false,
    "Type": 5,
    "OpeningType": 0,
    "BottomHungInward": true,
    "BottomHungOutward": false,
    "SideHungInward": true,
    "SideHungOutward": false,
    "TopHungInward": false,
    "TopHungOutward": false,
    "ProjectedTopHungInward": false,
    "ProjectedTopHungOutward": false,
    "InstallationType": "",
    "ITMainOutFrmMountWBracket": true,
    "ITMainFixOutFrmMount": true,
    "ITMainVentFrmMount": false,
    "ITSideMount50": false,
    "ITSideMount60": false,
    "ITSideMount70": false,
    "ITSideMount80": false,
    "ITSideMount67": false,
    "Feature": "",
    "FeatureOpenClose": true,
    "FeatureLock": false,
    "ArticleNumber": 291787,
    "Stroke": 0,
    "Angle": 0,
    "Voltage": null,
    "Voltage24": true,
    "Voltage230": true,
    "RatedCurrent": 0,
    "BreakingCurrent": 0,
    "PullingForceMax": 0,
    "PushingForceMax": 0,
    "PullingForceMaxWithNegativeWind": 0,
    "PushingForceMaxWithNegativeWind": 0,
    "PushingForcePermanent": 0,
    "PullingForcePermanent": 0,
    "MinPullingForceMax": 0,
    "MinPushingForceMax": 0,
    "MinPullingForcePermanent": 0,
    "MinPushingForcePermanent": 0,
    "Price": 0,
    "DriveLength": 0,
    "ChainDrive": 0,
    "ChainDrive2": 0,
    "MaxLengthMainClosingEdge1Drive": 0,
    "MaxGeometricArea": 0,
    "GeometricalSmokeExhaustion": 0,
    "TotalGlassThickness": 0,
    "Dimensions": 0,
    "DimensionsWxHxD": "375 x 24 x 35",
    "TensileForce": 0,
    "LockingForce": 0,
    "Details_DE": "<ul> <li>Bemessungsspannung: 24 V DC (19 V … 28 V)</li> <li>Abschaltstrom: ~1,0 A</li> <li>Bemessungsstrom: 0,6 A</li> <li>Bemessungsaufnahme: 15 W</li> <li>Schutzart: IP 32</li><li>Zug-/Schubkraft: max. 600 N</li> <li>Umgebungstemperatur: -5°C bis + 60°C</li> <li>Anschlussleitung: Halogenfrei, grau 5 x 0,5mm² , ~5m</li> <li>Laufzeit: ~ 5s</li><li>Hub: ~ 18mm</li> </ul>",
    "Details_EN": "<ul> <li>Rated voltage : 24 V DC (19 V … 28 V</li> <li>Breaking current : ~1,0 A</li> <li>Rated current : 0,6 A</li> <li>Rated consumption : 15 W</li> <li>Protection rating : IP 32</li><li>Traction/ thrust : max. 600 N</li> <li>Ambient temperature: -5°C bis + 60°C</li> <li>Connecting cable: halogen-free, grey 5 x 0,5mm² , ~5m</li> <li>Running time: ~ 5s</li><li>Stroke: ~ 18mm</li> </ul>",
    "Einsatz": "<ul> <li>Anwendung: Lüftung, NRA</li><li>Integrierte intelligente Regelelektronik</li></ul>",
    "Use": "<ul> <li>Application: ventilation, natural smoke ventilation</li> <li>Integrated intelligent control electronics</li></ul>",
    "Ausstattung": "<ul><li>Laufrichtung einstellbar</li><li>Zusätzlicher Universal-Steckersatz</li></ul>",
    "Equipment": "<ul><li>Running direction adjustable</li><li>Additional universal plug socket</li></ul>",
    "Optionen": "<ul> <li>Mitnehmer objekt-/profilspezifisch anpassbar</li></ul>",
    "Options": "<ul> <li>Coupling adapter customizable for project-/profile-specific demands</li></ul>",
    "IsTwoPce": false,
    "ResultVentWeight": 0,
    "IsLsRsDrive": false,
    "ArticleNumberRs": 0,
    "TwoDrivesSideInstallation50": 0,
    "TwoDrivesSideInstallation60": 0,
    "TwoDrivesSideInstallation70": 0,
    "TwoDrivesSideInstallation80": 0,
    "OpeningSpeedmms": 0,
    "Traction": 0,
    "Thrust": 0,
    "Id": "f894c384-bd5f-4f1b-a446-f4a3afc8426e",
    "CreatedOn": "2024-09-26T13:55:26.817Z",
    "CreatedBy": "",
    "ModifiedOn": "2024-09-26T13:55:26.817Z",
    "ModifiedBy": ""
  },
  {
    "Name": "Locking actuator 600",
    "Bezeichnung": "Verriegelungsantrieb 600",
    "ConfigurationId": "00000000-0000-0000-0000-000000000000",
    "Description": "",
    "Application": "",
    "ApplicationFacade": true,
    "ApplicationSkylight": false,
    "Type": 5,
    "OpeningType": 0,
    "BottomHungInward": true,
    "BottomHungOutward": false,
    "SideHungInward": true,
    "SideHungOutward": false,
    "TopHungInward": false,
    "TopHungOutward": false,
    "ProjectedTopHungInward": false,
    "ProjectedTopHungOutward": false,
    "InstallationType": "",
    "ITMainOutFrmMountWBracket": true,
    "ITMainFixOutFrmMount": true,
    "ITMainVentFrmMount": false,
    "ITSideMount50": false,
    "ITSideMount60": false,
    "ITSideMount70": false,
    "ITSideMount80": false,
    "ITSideMount67": false,
    "Feature": "",
    "FeatureOpenClose": true,
    "FeatureLock": false,
    "ArticleNumber": 291736,
    "Stroke": 0,
    "Angle": 0,
    "Voltage": null,
    "Voltage24": true,
    "Voltage230": true,
    "RatedCurrent": 0,
    "BreakingCurrent": 0,
    "PullingForceMax": 0,
    "PushingForceMax": 0,
    "PullingForceMaxWithNegativeWind": 0,
    "PushingForceMaxWithNegativeWind": 0,
    "PushingForcePermanent": 0,
    "PullingForcePermanent": 0,
    "MinPullingForceMax": 0,
    "MinPushingForceMax": 0,
    "MinPullingForcePermanent": 0,
    "MinPushingForcePermanent": 0,
    "Price": 218.27,
    "DriveLength": 0,
    "ChainDrive": 0,
    "ChainDrive2": 0,
    "MaxLengthMainClosingEdge1Drive": 0,
    "MaxGeometricArea": 0,
    "GeometricalSmokeExhaustion": 0,
    "TotalGlassThickness": 0,
    "Dimensions": 0,
    "DimensionsWxHxD": "415 x 26 x 26",
    "TensileForce": 0,
    "LockingForce": 0,
    "Details_DE": "<ul> <li>Bemessungsspannung: 24 V DC (19 V … 28 V)</li> <li>Abschaltstrom: ~1,0 A</li> <li>Bemessungsstrom: 0,6 A</li> <li>Bemessungsaufnahme: 15 W</li> <li>Schutzart: IP 32</li><li>Zug-/Schubkraft: max. 600 N</li> <li>Umgebungstemperatur: -5°C bis + 60°C</li> <li>Anschlussleitung: Halogenfrei, grau 3x 0,5mm², ~3m</li> <li>Laufzeit: ~ 5s</li><li>Hub: ~ 18mm</li> </ul>",
    "Details_EN": "<ul> <li>Rated voltage : 24 V DC (19 V … 28 V</li> <li>Breaking current : ~1,0 A</li> <li>Rated current : 0,6 A</li> <li>Rated consumption : 15 W</li> <li>Protection rating : IP 32</li><li>Traction/ thrust : max. 600 N</li> <li>Ambient temperature: -5°C bis + 60°C</li> <li>Connecting cable: halogen-free, grey 3 x 0,5mm², ~3m</li> <li>Running time: ~ 5s</li><li>Stroke: ~ 18mm</li> </ul>",
    "Einsatz": "<ul> <li>Anwendung: Lüftung, NRA</li><li>Integrierte intelligente Regelelektronik</li></ul>",
    "Use": "<ul> <li>Application: ventilation, natural smoke ventilation</li> <li>Integrated intelligent control electronics</li></ul>",
    "Ausstattung": "<ul><li>Laufrichtung einstellbar</li></ul>",
    "Equipment": "<ul><li>Running direction adjustable</li></ul>",
    "Optionen": "<ul> <li>Mitnehmer objekt-/profilspezifisch anpassbar</li></ul>",
    "Options": "<ul> <li>Coupling adapter customizable for project-/profile-specific demands</li></ul>",
    "IsTwoPce": false,
    "ResultVentWeight": 0,
    "IsLsRsDrive": true,
    "ArticleNumberRs": 291735,
    "TwoDrivesSideInstallation50": 0,
    "TwoDrivesSideInstallation60": 0,
    "TwoDrivesSideInstallation70": 0,
    "TwoDrivesSideInstallation80": 0,
    "OpeningSpeedmms": 0,
    "Traction": 0,
    "Thrust": 0,
    "Id": "69d8317e-493b-4010-8d9e-54168822bacf",
    "CreatedOn": "2024-09-26T13:55:26.817Z",
    "CreatedBy": "",
    "ModifiedOn": "2024-09-26T13:55:26.817Z",
    "ModifiedBy": ""
  }
]

13:52:24.799 [main] INFO  com.intuit.karate - Expected RecommDrive: Chain actuator D6 800,Locking actuator EasyConnect,Locking actuator 600 
13:52:24.800 [main] INFO  com.intuit.karate - Actual RecommDrive: Chain actuator D6 800, Locking actuator EasyConnect, Locking actuator 600 
13:52:24.800 [main] INFO  com.intuit.karate - Normalized Actual RecommDrive: Chain actuator D6 800,Locking actuator EasyConnect,Locking actuator 600 
13:52:24.800 [main] INFO  com.intuit.karate - Normalized Expected RecommDrive: Chain actuator D6 800,Locking actuator EasyConnect,Locking actuator 600 
13:52:24.801 [main] INFO  com.intuit.karate - All Drive IDs: [
  "e9fa5654-1773-4646-9949-a237ab4f4797",
  "f894c384-bd5f-4f1b-a446-f4a3afc8426e",
  "69d8317e-493b-4010-8d9e-54168822bacf"
]
 
13:52:24.801 [main] INFO  com.intuit.karate - First Drive ID: e9fa5654-1773-4646-9949-a237ab4f4797 
13:52:24.803 [main] DEBUG com.intuit.karate - request:
3 > POST https://dev-drivetec-apis.schuecodigitalsolutions.com/api/Drives/DownloadPDFNew/Schuco
3 > Content-Type: application/json; charset=UTF-8
3 > Content-Length: 1194
3 > Host: dev-drivetec-apis.schuecodigitalsolutions.com
3 > Connection: Keep-Alive
3 > User-Agent: Apache-HttpClient/4.5.14 (Java/17.0.12)
3 > Accept-Encoding: gzip,deflate
[{"Id":"configId","Header":"configId","Value":"0d6c8bfe-372c-478e-a0f4-4902971949dd"},{"Id":"driveId","Header":"driveId","Value":"e9fa5654-1773-4646-9949-a237ab4f4797"},{"Id":"culture","Header":"culture","Value":"EN-US"},{"Id":"projectId","Header":"projectId","Value":"2afcf090-6588-4022-aa5e-49fca51f940e"},{"Id":"range-of-app","Header":"Range of application","Value":"Façade"},{"Id":"opening-type","Header":"Opening type","Value":"Bottom-hung vent"},{"Id":"opening-direction","Header":"Opening direction","Value":"Inward"},{"Id":"how-calc-weight","Header":"Vent weight","Value":"Weight including glass"},{"Id":"Chain-Length","Header":"Chain- \/ connecting rod handle","Value":"100%"},{"Id":"drive-position","Header":"Drive position","Value":"Side installation"},{"Id":"locking-mechanism","Header":"Locking mechanism","Value":"With"},{"Id":"voltage","Header":"Voltage","Value":"24 V"},{"Id":"drive-type","Header":"Drive type","Value":"Chain drive"},{"Id":"type-installation","Header":"Type of installation","Value":"Pivoting Outer Frame Installation"},{"Id":"calculation-type-for-ventilation-area","Header":"Calculation type for ventilation area","Value":"Method in accordance with ASR 3.6"}]

13:52:26.269 [main] DEBUG com.intuit.karate - response time in milliseconds: 1465
3 < 200
3 < Content-Type: application/json; charset=utf-8
3 < Date: Thu, 05 Dec 2024 08:22:23 GMT
3 < Server: Microsoft-IIS/10.0
3 < X-Powered-By: ASP.NET
3 < Content-Length: 278
3 < Connection: keep-alive
{
  "result": "https://drive-tec-dev.s3.amazonaws.com/AUT_TPJ33518-Chain_actuator_D6_800.pdf?AWSAccessKeyId=AKIAZAWIART4ZFAXXPHK&Expires=1733390544&response-content-disposition=attachment%3B&response-content-type=application%2Fpdf&Signature=20yXtALIoenMt%2ByzNVQjudJvmEc%3D"
}

13:52:26.271 [main] INFO  com.intuit.karate - Download URL for first driveId: https://drive-tec-dev.s3.amazonaws.com/AUT_TPJ33518-Chain_actuator_D6_800.pdf?AWSAccessKeyId=AKIAZAWIART4ZFAXXPHK&Expires=1733390544&response-content-disposition=attachment%3B&response-content-type=application%2Fpdf&Signature=20yXtALIoenMt%2ByzNVQjudJvmEc%3D 
13:52:26.278 [main] INFO  com.intuit.karate - karate.env system property was: null 
13:52:26.280 [main] INFO  com.intuit.karate - Running test for dataset:  Dataset4 
13:52:26.285 [main] INFO  com.intuit.karate - Using ProjectId:  {
  "result": {
    "projectId": "prjId"
  },
  "projectPayload": {
    "Id": "579816e4-6653-4794-b435-a885f32e28d7",
    "Name": "AUT_TPJ33518",
    "Address": "Hyderabad, Telangana, India",
    "Description": "",
    "CreatedBy": "579816e4-6653-4794-b435-a885f32e28d7",
    "ModifiedBy": "579816e4-6653-4794-b435-a885f32e28d7"
  },
  "uniqueName": "AUT_TPJ33518",
  "responseHeaders": {
    "Content-Type": [
      "application/json; charset=utf-8"
    ],
    "Date": [
      "Thu, 05 Dec 2024 08:22:12 GMT"
    ],
    "Server": [
      "Microsoft-IIS/10.0"
    ],
    "X-Powered-By": [
      "ASP.NET"
    ],
    "transfer-encoding": [
      "chunked"
    ],
    "Connection": [
      "keep-alive"
    ],
    "Set-Cookie": [
    ]
  },
  "responseTime": 841,
  "response": {
    "Name": "AUT_TPJ33518",
    "Description": "",
    "Address": "Hyderabad, Telangana, India",
    "Id": "2afcf090-6588-4022-aa5e-49fca51f940e",
    "CreatedOn": "2024-12-05T08:22:11.998251+00:00",
    "CreatedBy": "579816e4-6653-4794-b435-a885f32e28d7",
    "ModifiedOn": "2024-12-05T08:22:11.9982526+00:00",
    "ModifiedBy": ""
  },
  "responseStatus": 200,
  "prjId": "2afcf090-6588-4022-aa5e-49fca51f940e",
  "projectId": "2afcf090-6588-4022-aa5e-49fca51f940e"
}
 
13:52:26.289 [main] DEBUG com.intuit.karate - request:
1 > POST https://dev-drivetec-apis.schuecodigitalsolutions.com/Configurations
1 > Content-Type: application/json; charset=UTF-8
1 > Content-Length: 1275
1 > Host: dev-drivetec-apis.schuecodigitalsolutions.com
1 > Connection: Keep-Alive
1 > User-Agent: Apache-HttpClient/4.5.14 (Java/17.0.12)
1 > Accept-Encoding: gzip,deflate
{"Id":"00000000-0000-0000-0000-000000000000","ProjectId":"2afcf090-6588-4022-aa5e-49fca51f940e","Name":"Dataset6288","Description":"Dataset6288","CustomTags":"","CreatedBy":"579816e4-6653-4794-b435-a885f32e28d7","ModifiedBy":"579816e4-6653-4794-b435-a885f32e28d7","ApplicationName":1,"System":"","FacadeInclination":0,"OpeningType":1,"OpeningDirection":1,"OpeningWidth":1000,"VentOuterWidth":1230,"VentOuterHeight":1480,"VentWeight":70,"CalculateWeightWithGlass":false,"WeightIncGlassOrThickness":false,"GlassThickness":14,"ProfileWeightPerSerialMeter":2.5,"IsWindowOpeningCalculationByAngle":1,"RequiredOpeningStroke":400,"OpeningAngle":15,"WindLoad":120,"SnowLoad":0,"DrivePosition":2,"InstallationPosition":1,"ChainLengthConnectingRodHandle":5,"LockingMechanism":1,"Voltage":1,"DriveType":1,"TypeOfInstallation":2,"CalculationTypeForVentilation":1,"CalcVentilation":1,"GeometricArea":1,"SpecificExhaustDimension":30,"BuildingDepth":75,"RevealDepth":0,"RevealDepthRectangleAngle1":0,"RevealDepthRectangleAngle2":0,"HeightOfProfile":0,"HeightProfileRectangleAngle1":0,"HeightProfileRectangleAngle2":0,"AkippOrAtilt":0,"AdrehOrAturn":0,"Ageo":0,"MinPullingForceMax":0,"MinPushingForceMax":0,"MinPullingForcePermanent":0,"MinPushingForcePermanent":0,"ForceWithNegativeWind":0}

13:52:26.898 [main] DEBUG com.intuit.karate - response time in milliseconds: 608
1 < 200
1 < Content-Type: application/json; charset=utf-8
1 < Date: Thu, 05 Dec 2024 08:22:23 GMT
1 < Server: Microsoft-IIS/10.0
1 < X-Powered-By: ASP.NET
1 < Content-Length: 2032
1 < Connection: keep-alive
{
  "ProjectId": "2afcf090-6588-4022-aa5e-49fca51f940e",
  "Name": "Dataset6288",
  "Description": "Dataset6288",
  "CustomTags": "",
  "ApplicationName": 1,
  "OpeningType": 1,
  "OpeningDirection": 1,
  "CalculateWeightWithGlass": false,
  "WindLoad": 120,
  "IsWindowOpeningCalculationByAngle": 1,
  "VentOuterWidth": 1230,
  "VentOuterHeight": 1480,
  "WeightIncGlassOrThickness": false,
  "VentWeight": 77,
  "VentWeightExact": 77.26400000000001,
  "GlassThickness": 14,
  "ProfileWeightPerSerialMeter": 2.5,
  "FacadeInclination": 0,
  "ChainLengthConnectingRodHandle": 5,
  "ChainLenghtConnectingRodHandle": 0,
  "RequiredOpeningStroke": 400,
  "OpeningWidth": 1000,
  "OpeningAngle": 15.532868337024489,
  "SpecificExhaustDimension": 30,
  "BuildingDepth": 75,
  "SnowLoad": 0,
  "DistanceHinge": 0,
  "RatedCurrent": 0,
  "DrivePosition": 2,
  "LockingMechanism": 1,
  "Voltage": 1,
  "DriveType": 1,
  "TypeOfInstallation": 2,
  "GeometricArea": 0,
  "CalculationTypeForVentilation": 1,
  "HeightOfProfile": 0,
  "Reveal": 0,
  "RevealDepth": 0,
  "HeightProfileRectangleAngle1": 0,
  "HeightProfileRectangleAngle2": 0,
  "RevealDepthRectangleAngle1": 0,
  "RevealDepthRectangleAngle2": 0,
  "RevealDepthRectangleAngle12": 0,
  "InstallationPosition": 0,
  "RecommendedDriveArticleNo": 0,
  "System": "",
  "AkippOrAtilt": 1.084,
  "AdrehOrAturn": 1.8204,
  "Ageo": 1.084,
  "MinPullingForceMax": -206.4868442161654,
  "MinPushingForceMax": -206.4868442161654,
  "MinPullingForcePermanent": -104.11163259218097,
  "MinPushingForcePermanent": -104.11163259218097,
  "ForceWithNegativeWind": 109.53156767199486,
  "ForceWithNoWindMin": 0.30763693489047433,
  "ForceWithNegativeWindMin": 0,
  "ForceWithWindMin": -108.91629380221393,
  "Id": "d88c4770-56ab-4fca-bd5c-35e9c2481762",
  "CreatedOn": "2024-12-05T08:22:24.4280595+00:00",
  "CreatedBy": "579816e4-6653-4794-b435-a885f32e28d7",
  "ModifiedOn": "2024-12-05T08:22:24.4280606+00:00",
  "ModifiedBy": ""
}

13:52:26.902 [main] INFO  com.intuit.karate - Generated Config ID: d88c4770-56ab-4fca-bd5c-35e9c2481762 
13:52:26.903 [main] INFO  com.intuit.karate - Generated Name: Dataset6288 
13:52:26.904 [main] INFO  com.intuit.karate - Generated Description: Dataset6288 
13:52:26.907 [main] DEBUG com.intuit.karate - request:
1 > PUT https://dev-drivetec-apis.schuecodigitalsolutions.com/Configurations
1 > Content-Type: application/json; charset=UTF-8
1 > Content-Length: 1271
1 > Host: dev-drivetec-apis.schuecodigitalsolutions.com
1 > Connection: Keep-Alive
1 > User-Agent: Apache-HttpClient/4.5.14 (Java/17.0.12)
1 > Accept-Encoding: gzip,deflate
{"Id":"d88c4770-56ab-4fca-bd5c-35e9c2481762","Name":"Dataset4","Description":"Dataset6288","ProjectId":"2afcf090-6588-4022-aa5e-49fca51f940e","CustomTags":"","CreatedBy":"579816e4-6653-4794-b435-a885f32e28d7","ModifiedBy":"579816e4-6653-4794-b435-a885f32e28d7","System":"","FacadeInclination":0,"OpeningType":4,"OpeningDirection":1,"OpeningWidth":1000,"VentOuterWidth":1342,"VentOuterHeight":1480,"VentWeight":0,"CalculateWeightWithGlass":false,"RequiredOpeningStroke":400,"WindLoad":120,"SnowLoad":0,"IsWindowOpeningCalculationByAngle":1,"GlassThickness":14,"ProfileWeightPerSerialMeter":2.5,"DrivePosition":2,"InstallationPosition":0,"LockingMechanism":1,"Voltage":1,"DriveType":3,"TypeOfInstallation":2,"GeometricArea":0,"CalcVentilation":1,"SpecificExhaustDimension":45,"BuildingDepth":90,"CalculationTypeForVentilation":1,"HeightOfProfile":0,"HeightProfileRectangleAngle1":0,"HeightProfileRectangleAngle2":0,"RevealDepth":0,"RevealDepthRectangleAngle1":0,"RevealDepthRectangleAngle2":0,"ChainLengthConnectingRodHandle":5,"ApplicationName":2,"OpeningAngle":29,"WeightIncGlassOrThickness":false,"AkippOrAtilt":0,"AdrehOrAturn":0,"Ageo":0,"MinPullingForceMax":0,"MinPushingForceMax":0,"MinPullingForcePermanent":0,"MinPushingForcePermanent":0,"ForceWithNegativeWind":0}

13:52:27.504 [main] DEBUG com.intuit.karate - response time in milliseconds: 596
1 < 200
1 < Content-Type: application/json; charset=utf-8
1 < Date: Thu, 05 Dec 2024 08:22:25 GMT
1 < Server: Microsoft-IIS/10.0
1 < X-Powered-By: ASP.NET
1 < Content-Length: 2065
1 < Connection: keep-alive
{
  "ProjectId": "2afcf090-6588-4022-aa5e-49fca51f940e",
  "Name": "Dataset4",
  "Description": "Dataset6288",
  "CustomTags": "",
  "ApplicationName": 2,
  "OpeningType": 4,
  "OpeningDirection": 1,
  "CalculateWeightWithGlass": false,
  "WindLoad": 120,
  "IsWindowOpeningCalculationByAngle": 1,
  "VentOuterWidth": 1342,
  "VentOuterHeight": 1480,
  "WeightIncGlassOrThickness": false,
  "VentWeight": 84,
  "VentWeightExact": 83.62559999999999,
  "GlassThickness": 14,
  "ProfileWeightPerSerialMeter": 2.5,
  "FacadeInclination": 0,
  "ChainLengthConnectingRodHandle": 5,
  "ChainLenghtConnectingRodHandle": 0,
  "RequiredOpeningStroke": 400,
  "OpeningWidth": 1000,
  "OpeningAngle": 15.532868337024489,
  "SpecificExhaustDimension": 45,
  "BuildingDepth": 90,
  "SnowLoad": 0,
  "DistanceHinge": 0,
  "RatedCurrent": 0,
  "DrivePosition": 2,
  "LockingMechanism": 1,
  "Voltage": 1,
  "DriveType": 3,
  "TypeOfInstallation": 2,
  "GeometricArea": 0,
  "CalculationTypeForVentilation": 1,
  "HeightOfProfile": 0,
  "Reveal": 0,
  "RevealDepth": 0,
  "HeightProfileRectangleAngle1": 0,
  "HeightProfileRectangleAngle2": 0,
  "RevealDepthRectangleAngle1": 0,
  "RevealDepthRectangleAngle2": 0,
  "RevealDepthRectangleAngle12": 0,
  "InstallationPosition": 0,
  "RecommendedDriveArticleNo": 0,
  "System": "",
  "AkippOrAtilt": 1.1288,
  "AdrehOrAturn": 1.98616,
  "Ageo": 1.1288,
  "MinPullingForceMax": 415.2112673629173,
  "MinPushingForceMax": 418.12799999999993,
  "MinPullingForcePermanent": 418.12799999999993,
  "MinPushingForcePermanent": 418.12799999999993,
  "ForceWithNegativeWind": 418.12799999999993,
  "ForceWithNoWindMin": 406.58625068019194,
  "ForceWithNegativeWindMin": 402.27374233882927,
  "ForceWithWindMin": 415.2112673629173,
  "Id": "d88c4770-56ab-4fca-bd5c-35e9c2481762",
  "CreatedOn": "0001-01-01T00:00:00",
  "CreatedBy": "579816e4-6653-4794-b435-a885f32e28d7",
  "ModifiedOn": "2024-12-05T08:22:25.0224373+00:00",
  "ModifiedBy": "579816e4-6653-4794-b435-a885f32e28d7"
}

13:52:27.507 [main] INFO  com.intuit.karate - VentWeight from API Response: 84 
13:52:27.511 [main] INFO  com.intuit.karate - Rounded Opening Angle: 16.0 
13:52:27.511 [main] INFO  com.intuit.karate - Rounded Ageo: 1.13 
13:52:27.512 [main] INFO  com.intuit.karate - Rounded Required Opening Stroke: 400.0 
13:52:27.513 [main] INFO  com.intuit.karate - Rounded Vent Weight: 84.0 
13:52:27.516 [main] DEBUG com.intuit.karate - request:
2 > GET https://dev-drivetec-apis.schuecodigitalsolutions.com/Config/d88c4770-56ab-4fca-bd5c-35e9c2481762/Drive
2 > Host: dev-drivetec-apis.schuecodigitalsolutions.com
2 > Connection: Keep-Alive
2 > User-Agent: Apache-HttpClient/4.5.14 (Java/17.0.12)
2 > Accept-Encoding: gzip,deflate


13:52:28.291 [main] DEBUG com.intuit.karate - response time in milliseconds: 774
2 < 200
2 < Content-Type: application/json; charset=utf-8
2 < Date: Thu, 05 Dec 2024 08:22:25 GMT
2 < Server: Microsoft-IIS/10.0
2 < X-Powered-By: ASP.NET
2 < transfer-encoding: chunked
2 < Connection: keep-alive
[
  {
    "Name": "Chain actuator D15 800",
    "Bezeichnung": "Kettenantrieb D15 800",
    "ConfigurationId": "00000000-0000-0000-0000-000000000000",
    "Description": "",
    "Application": "Roof",
    "ApplicationFacade": false,
    "ApplicationSkylight": true,
    "Type": 1,
    "OpeningType": 0,
    "BottomHungInward": false,
    "BottomHungOutward": true,
    "SideHungInward": false,
    "SideHungOutward": false,
    "TopHungInward": false,
    "TopHungOutward": true,
    "ProjectedTopHungInward": false,
    "ProjectedTopHungOutward": false,
    "InstallationType": "",
    "ITMainOutFrmMountWBracket": true,
    "ITMainFixOutFrmMount": false,
    "ITMainVentFrmMount": false,
    "ITSideMount50": false,
    "ITSideMount60": false,
    "ITSideMount70": false,
    "ITSideMount80": false,
    "ITSideMount67": false,
    "Feature": "",
    "FeatureOpenClose": true,
    "FeatureLock": true,
    "ArticleNumber": 291731,
    "Stroke": 800,
    "Angle": 0,
    "Voltage": "24 V DC",
    "Voltage24": true,
    "Voltage230": false,
    "RatedCurrent": 4,
    "BreakingCurrent": 5,
    "PullingForceMax": 1500,
    "PushingForceMax": 1500,
    "PullingForceMaxWithNegativeWind": 0,
    "PushingForceMaxWithNegativeWind": 0,
    "PushingForcePermanent": 1000,
    "PullingForcePermanent": 1000,
    "MinPullingForceMax": 0,
    "MinPushingForceMax": 418.13,
    "MinPullingForcePermanent": 0,
    "MinPushingForcePermanent": 418.13,
    "Price": 821.56,
    "DriveLength": 800,
    "ChainDrive": 900,
    "ChainDrive2": 1760,
    "MaxLengthMainClosingEdge1Drive": 0,
    "MaxGeometricArea": 1,
    "GeometricalSmokeExhaustion": 0,
    "TotalGlassThickness": 14,
    "Dimensions": 0,
    "DimensionsWxHxD": "800 x 120 x 60",
    "TensileForce": 0,
    "LockingForce": 0,
    "Details_DE": "<ul> <li>Bemessungsspannung: 24 V DC (19 V … 28 V)</li> <li>Abschaltstrom: 5 A</li> <li>Bemessungsstrom: 3,75 A</li> <li>Bemessungsaufnahme: 90 W</li> <li>Schutzart: IP 20</li><li>Zug-/Schubkraft: max. 1500 N</li> <li>Umgebungstemperatur: -5°C bis + 60°C</li> <li>Anschlussleitung: Halogenfrei, grau 5 x 1mm², ~3m</li> <li>Max. Geschwindigkeit: 17 mm/s</li> </ul>",
    "Details_EN": "<ul> <li>Rated voltage: 24 V DC (19 V … 28 V)</li><li>Breaking current: 5 A</li><li>Rated current: 3.75 A</li><li>Rated consumption: 90 W</li><li>Protection rating: IP 20</li> <li>Traction/ thrust: max. 1500 N</li><li>Ambient temperature: -5° C to +60° C</li><li>Connecting cable: halogen-free, grey 5 x 1mm², ~3m</li><li>Max. speed: 17 mm/s</li></ul>",
    "Einsatz": "<ul> <li>Anwendung: Lüftung, NRA</li><li>Integrierte intelligente Regelelektronik</li> <li>Rückmeldung Endlage „ZU“ (max. 24 V, 500 mA)</li></ul>",
    "Use": "<ul> <li>Application: ventilation, natural smoke ventilation</li> <li>Integrated intelligent control electronics</li> <li>Response for “CLOSED” end position (max. 24 V, 500 mA)</li></ul>",
    "Ausstattung": "<ul><li>Symmetrischer Kettenaustritt</li><li>Integrierte Steckerlösung</li></ul>",
    "Equipment": "<ul><li>Symmetrical chain output</li><li>Integrated plug solution</li></ul>",
    "Optionen": "<ul> <li>Programmierung von Sonderfunktionen</li> <li>Programmierbare Rückmeldung Endlage „AUF“ (max. 24 V, 500 mA)</li> <li>Schüco Kontroller zur automatischen Konfiguration von Synchronlauf und Folgesteuerungen mit Verriegelungsantrieben in Antriebs-Verbundsystemen</li></ul>",
    "Options": "<ul> <li>Programming of special functions</li> <li>Programmable response for “OPEN” end position (max. 24 V, 500 mA)</li> <li>Schüco controller for automatic configuration of synchronous running and sequence control with locking drives in composite drive systems</li> </ul>",
    "IsTwoPce": false,
    "ResultVentWeight": 83.63,
    "IsLsRsDrive": false,
    "ArticleNumberRs": 0,
    "TwoDrivesSideInstallation50": 0,
    "TwoDrivesSideInstallation60": 0,
    "TwoDrivesSideInstallation70": 0,
    "TwoDrivesSideInstallation80": 0,
    "OpeningSpeedmms": 0,
    "Traction": 1500,
    "Thrust": 1500,
    "Id": "6e554a6b-0764-4e7a-ac2f-8ca9ada34e08",
    "CreatedOn": "2024-09-26T13:55:26.818Z",
    "CreatedBy": "",
    "ModifiedOn": "2024-09-26T13:55:26.818Z",
    "ModifiedBy": ""
  },
  {
    "Name": "Chain actuator D6 400",
    "Bezeichnung": "Kettenantrieb D6 400",
    "ConfigurationId": "00000000-0000-0000-0000-000000000000",
    "Description": "",
    "Application": "Roof",
    "ApplicationFacade": true,
    "ApplicationSkylight": true,
    "Type": 1,
    "OpeningType": 0,
    "BottomHungInward": true,
    "BottomHungOutward": true,
    "SideHungInward": true,
    "SideHungOutward": true,
    "TopHungInward": false,
    "TopHungOutward": true,
    "ProjectedTopHungInward": false,
    "ProjectedTopHungOutward": true,
    "InstallationType": "",
    "ITMainOutFrmMountWBracket": true,
    "ITMainFixOutFrmMount": false,
    "ITMainVentFrmMount": true,
    "ITSideMount50": false,
    "ITSideMount60": false,
    "ITSideMount70": false,
    "ITSideMount80": false,
    "ITSideMount67": true,
    "Feature": "",
    "FeatureOpenClose": true,
    "FeatureLock": true,
    "ArticleNumber": 291715,
    "Stroke": 400,
    "Angle": 0,
    "Voltage": "24 V DC",
    "Voltage24": true,
    "Voltage230": false,
    "RatedCurrent": 1,
    "BreakingCurrent": 1,
    "PullingForceMax": 600,
    "PushingForceMax": 600,
    "PullingForceMaxWithNegativeWind": 0,
    "PushingForceMaxWithNegativeWind": 0,
    "PushingForcePermanent": 400,
    "PullingForcePermanent": 600,
    "MinPullingForceMax": 0,
    "MinPushingForceMax": 418.13,
    "MinPullingForcePermanent": 0,
    "MinPushingForcePermanent": 418.13,
    "Price": 720.7,
    "DriveLength": 591,
    "ChainDrive": 691,
    "ChainDrive2": 1342,
    "MaxLengthMainClosingEdge1Drive": 1920,
    "MaxGeometricArea": 1,
    "GeometricalSmokeExhaustion": 0,
    "TotalGlassThickness": 14,
    "Dimensions": 0,
    "DimensionsWxHxD": "591 x 40 x 56",
    "TensileForce": 0,
    "LockingForce": 0,
    "Details_DE": "<ul> <li>Bemessungsspannung: 24 V DC (19 V … 28 V)</li> <li>Abschaltstrom: 1,2 A</li> <li>Bemessungsstrom: 0,9 A</li> <li>Bemessungsaufnahme: 22 W</li> <li>Schutzart: IP 32</li> <li>Zug-/Schubkraft: max. 600 N</li> <li>Umgebungstemperatur: -5°C bis + 60°C</li> <li>Anschlussleitung: Halogenfrei, grau 5 x 0,5mm², ~3m</li> <li>Max. Geschwindigkeit: 13,5 mm/s</li> </ul>",
    "Details_EN": "<ul> <li>Rated voltage: 24 V DC (19 V … 28 V)</li><li>Breaking current: 1.2 A</li><li>Rated current: 0.9 A</li><li>Rated consumption: 22W</li><li>Protection rating: IP 32</li><li>Traction/ thrust: max. 600 N</li><li>Ambient temperature: -5° C to +60° C</li><li>Connecting cable: halogen-free, grey 3 x 0,5mm², ~3m</li><li>Max. speed: 13,5 mm/s</li></ul>",
    "Einsatz": "<ul><li>Anwendung: Lüftung, NRA</li> <li>Integrierte intelligente Regelelektronik</li></ul>",
    "Use": "<ul><li>Application: ventilation, natural smoke ventilation</li> <li>Integrated intelligent control electronics</li> </ul>",
    "Ausstattung": "<ul><li>Zusätzlicher Universal-Steckersatz für Mehrfachbetrieb bis zu 4 Antrieben und 2 Verriegelungsantrieben</li></ul>",
    "Equipment": "<ul><li>Additional universal plug socket for multiplex operation  of up to 4 drives and 2 interlocking drives</li></ul>",
    "Optionen": "<ul><li>Programmierung von Sonderfunktionen</li> <li>Programmierbare Rückmeldung Endlage „AUF“ (max. 24 V, 500 mA)</li> <li>Schüco Kontroller zur automatischen Konfiguration von Synchronlauf und Folgesteuerungen mit Verriegelungsantrieben in Antriebs-Verbundsystemen</li> </ul>",
    "Options": "<ul><li>Programming of special functions</li> <li>Programmable response for “OPEN” end position (max. 24 V, 500 mA)</li> <li>Schüco controller for automatic configuration of synchronous running and sequence control with locking drives in composite drive systems</li> </ul>",
    "IsTwoPce": true,
    "ResultVentWeight": 83.63,
    "IsLsRsDrive": false,
    "ArticleNumberRs": 0,
    "TwoDrivesSideInstallation50": 0,
    "TwoDrivesSideInstallation60": 0,
    "TwoDrivesSideInstallation70": 0,
    "TwoDrivesSideInstallation80": 0,
    "OpeningSpeedmms": 0,
    "Traction": 600,
    "Thrust": 600,
    "Id": "6cfaf03b-807c-4298-8635-4bf804653a9e",
    "CreatedOn": "2024-09-26T13:55:26.817Z",
    "CreatedBy": "",
    "ModifiedOn": "2024-09-26T13:55:26.817Z",
    "ModifiedBy": ""
  },
  {
    "Name": "Linear drive LDB16 L400",
    "Bezeichnung": "Linearantrieb LDB16 L400",
    "ConfigurationId": "00000000-0000-0000-0000-000000000000",
    "Description": "",
    "Application": "Roof",
    "ApplicationFacade": false,
    "ApplicationSkylight": true,
    "Type": 2,
    "OpeningType": 0,
    "BottomHungInward": false,
    "BottomHungOutward": true,
    "SideHungInward": false,
    "SideHungOutward": false,
    "TopHungInward": false,
    "TopHungOutward": true,
    "ProjectedTopHungInward": false,
    "ProjectedTopHungOutward": false,
    "InstallationType": "",
    "ITMainOutFrmMountWBracket": true,
    "ITMainFixOutFrmMount": false,
    "ITMainVentFrmMount": false,
    "ITSideMount50": true,
    "ITSideMount60": true,
    "ITSideMount70": true,
    "ITSideMount80": true,
    "ITSideMount67": false,
    "Feature": "",
    "FeatureOpenClose": true,
    "FeatureLock": true,
    "ArticleNumber": 291924,
    "Stroke": 400,
    "Angle": 0,
    "Voltage": "24 V DC",
    "Voltage24": true,
    "Voltage230": false,
    "RatedCurrent": 1,
    "BreakingCurrent": 1,
    "PullingForceMax": 1600,
    "PushingForceMax": 1600,
    "PullingForceMaxWithNegativeWind": 0,
    "PushingForceMaxWithNegativeWind": 0,
    "PushingForcePermanent": 1066.67,
    "PullingForcePermanent": 1066.67,
    "MinPullingForceMax": 0,
    "MinPushingForceMax": 418.13,
    "MinPullingForcePermanent": 0,
    "MinPushingForcePermanent": 418.13,
    "Price": 443.15,
    "DriveLength": 0,
    "ChainDrive": 450,
    "ChainDrive2": 450,
    "MaxLengthMainClosingEdge1Drive": 2100,
    "MaxGeometricArea": 1,
    "GeometricalSmokeExhaustion": 0,
    "TotalGlassThickness": 14,
    "Dimensions": 0,
    "DimensionsWxHxD": "723 x Ø36",
    "TensileForce": 0,
    "LockingForce": 0,
    "Details_DE": "<ul> <li>Bemessungsspannung: 24 V DC (19 V … 28 V)</li><li>Abschaltstrom: 1,2 A</li><li>Bemessungsstrom: 1,0 A</li><li>Bemessungsaufnahme: 24 W</li><li>Schutzart: IP 65</li> <li>Zug-/Schubkraft: max. 1600 N</li><li>Umgebungstemperatur: -5°C bis + 60°C</li><li>Anschlussleitung: Halogenfrei, grau 3 x 1mm², ~3m</li><li>Max. Geschwindigkeit: 4 mm/s</li></ul>",
    "Details_EN": "<ul> <li>Rated voltage: 24 V DC (19 V … 28 V)</li> <li>Breaking current: 1.2 A</li> <li>Rated current: 1.0 A</li> <li>Rated consumption: 24 W</li> <li>Protection rating: IP 65</li><li>Traction/ thrust: max. 1600N</li> <li>Ambient temperature: -5°C to + 60°C</li> <li>Connecting cable: halogen-free, grey 3 x 1mm², ~3m</li> <li>Max. speed: 4 mm/s</li> </ul>",
    "Einsatz": "<ul> <li>Anwendung: Lüftung, NRA</li><li>Integrierte intelligente Regelelektronik</li></ul>",
    "Use": "<ul> <li>Application: ventilation, natural smoke ventilation</li><li>Integrated intelligent control electronics</li></ul>",
    "Ausstattung": "<ul> <li>Robuste korrosionsbeständige Ausführung in eloxierten Aluminiumgehäuse</li><li>Montagefreundlich durch verstellbaren Klemmring</li><li>Spindel aus Edelstahl, kugelgelagert mit Endlagendämpfung</li><li>Mit Goretex Membrane</li></ul>",
    "Equipment": "<ul> <li>Robust, corrosion-resistant design in anodized casing</li><li>Easy installation thanks to adjustable clamping ring</li><li>Stainless steel spindle on ball bearings with end position cushioning</li><li>with Goretex membrane</li></ul>",
    "Optionen": "<ul> <li>Programmierung von Sonderfunktionen</li><li>Programmierbare Parameter der Regelelektronik</li><li>Schüco Kontroller zur automatischen Konfiguration von Synchronlauf und Folgesteuerungen mit Verriegelungsantrieb in Antriebs-Verbundsystem</li></ul>",
    "Options": "<ul> <li>Programming of special functions</li><li>Programmable parameters of intelligent control electronics</li><li>Schüco controller for automatic configuration of synchronous running and sequence control with locking drives in composite drive systems</li></ul>",
    "IsTwoPce": false,
    "ResultVentWeight": 83.63,
    "IsLsRsDrive": false,
    "ArticleNumberRs": 0,
    "TwoDrivesSideInstallation50": 650,
    "TwoDrivesSideInstallation60": 650,
    "TwoDrivesSideInstallation70": 650,
    "TwoDrivesSideInstallation80": 650,
    "OpeningSpeedmms": 4,
    "Traction": 1067,
    "Thrust": 1600,
    "Id": "9f91500a-3224-410c-b4df-c240b49d5a6d",
    "CreatedOn": "2024-09-26T13:55:26.817Z",
    "CreatedBy": "",
    "ModifiedOn": "2024-09-26T13:55:26.817Z",
    "ModifiedBy": ""
  },
  {
    "Name": "Linear drive LDN8 L400",
    "Bezeichnung": "Linearantrieb LDN8 L400",
    "ConfigurationId": "00000000-0000-0000-0000-000000000000",
    "Description": "",
    "Application": "Roof",
    "ApplicationFacade": false,
    "ApplicationSkylight": true,
    "Type": 2,
    "OpeningType": 0,
    "BottomHungInward": false,
    "BottomHungOutward": true,
    "SideHungInward": false,
    "SideHungOutward": false,
    "TopHungInward": false,
    "TopHungOutward": true,
    "ProjectedTopHungInward": false,
    "ProjectedTopHungOutward": false,
    "InstallationType": "",
    "ITMainOutFrmMountWBracket": true,
    "ITMainFixOutFrmMount": false,
    "ITMainVentFrmMount": false,
    "ITSideMount50": true,
    "ITSideMount60": true,
    "ITSideMount70": true,
    "ITSideMount80": true,
    "ITSideMount67": false,
    "Feature": "",
    "FeatureOpenClose": true,
    "FeatureLock": true,
    "ArticleNumber": 291920,
    "Stroke": 400,
    "Angle": 0,
    "Voltage": "24 V DC",
    "Voltage24": true,
    "Voltage230": false,
    "RatedCurrent": 1,
    "BreakingCurrent": 1,
    "PullingForceMax": 800,
    "PushingForceMax": 800,
    "PullingForceMaxWithNegativeWind": 0,
    "PushingForceMaxWithNegativeWind": 0,
    "PushingForcePermanent": 533.33,
    "PullingForcePermanent": 533.33,
    "MinPullingForceMax": 0,
    "MinPushingForceMax": 418.13,
    "MinPullingForcePermanent": 0,
    "MinPushingForcePermanent": 418.13,
    "Price": 456.43,
    "DriveLength": 0,
    "ChainDrive": 450,
    "ChainDrive2": 450,
    "MaxLengthMainClosingEdge1Drive": 2100,
    "MaxGeometricArea": 1,
    "GeometricalSmokeExhaustion": 0,
    "TotalGlassThickness": 14,
    "Dimensions": 0,
    "DimensionsWxHxD": "723 x Ø36",
    "TensileForce": 0,
    "LockingForce": 0,
    "Details_DE": "<ul> <li>Bemessungsspannung: 24 V DC (19 V … 28 V)</li><li>Abschaltstrom: 1,4 A</li><li>Bemessungsstrom: 1,0 A</li><li>Bemessungsaufnahme: 24 W</li><li>Schutzart: IP 65</li> <li>Zug-/Schubkraft: max. 800 N</li><li>Umgebungstemperatur: -5°C bis + 60°C</li><li>Anschlussleitung: Halogenfrei, grau 3 x 1mm², ~3m</li><li>Max. Geschwindigkeit: 10 mm/s</li></ul>",
    "Details_EN": "<ul> <li>Rated voltage: 24 V DC (19 V … 28 V)</li> <li>Breaking current: 1.4 A</li> <li>Rated current: 1.0 A</li> <li>Rated consumption: 24 W</li> <li>Protection rating: IP 65</li><li>Traction/ thrust: max. 800 N</li> <li>Ambient temperature: -5°C to + 60°C</li> <li>Connecting cable: halogen-free, grey 3 x 1mm², ~3m</li> <li>Max. speed: 10 mm/s</li> </ul>",
    "Einsatz": "<ul> <li>Anwendung: Lüftung, NRA</li><li>Integrierte intelligente Regelelektronik</li></ul>",
    "Use": "<ul> <li>Application: ventilation, natural smoke ventilation</li><li>Integrated intelligent control electronics</li></ul>",
    "Ausstattung": "<ul> <li>Robuste korrosionsbeständige Ausführung in eloxierten Aluminiumgehäuse</li><li>Montagefreundlich durch verstellbaren Klemmring</li><li>Spindel aus Edelstahl, kugelgelagert mit Endlagendämpfung</li><li>Mit Goretex Membrane</li></ul>",
    "Equipment": "<ul> <li>Robust, corrosion-resistant design in anodized casing</li><li>Easy installation thanks to adjustable clamping ring</li><li>Stainless steel spindle on ball bearings with end position cushioning</li><li>with Goretex membrane</li></ul>",
    "Optionen": "<ul> <li>Programmierung von Sonderfunktionen</li><li>Programmierbare Parameter der Regelelektronik</li><li>Schüco Kontroller zur automatischen Konfiguration von Synchronlauf und Folgesteuerungen mit Verriegelungsantrieb in Antriebs-Verbundsystem</li></ul>",
    "Options": "<ul> <li>Programming of special functions</li><li>Programmable parameters of intelligent control electronics</li><li>Schüco controller for automatic configuration of synchronous running and sequence control with locking actuators in composite drive systems</li></ul>",
    "IsTwoPce": false,
    "ResultVentWeight": 83.63,
    "IsLsRsDrive": false,
    "ArticleNumberRs": 0,
    "TwoDrivesSideInstallation50": 650,
    "TwoDrivesSideInstallation60": 650,
    "TwoDrivesSideInstallation70": 650,
    "TwoDrivesSideInstallation80": 650,
    "OpeningSpeedmms": 10,
    "Traction": 533,
    "Thrust": 800,
    "Id": "a5df0ac4-840a-4686-ab17-68a05d8c4d52",
    "CreatedOn": "2024-09-26T13:55:26.817Z",
    "CreatedBy": "",
    "ModifiedOn": "2024-09-26T13:55:26.817Z",
    "ModifiedBy": ""
  },
  {
    "Name": "Linear drive LDN10 L400",
    "Bezeichnung": "Linearantrieb LDN10 L400",
    "ConfigurationId": "00000000-0000-0000-0000-000000000000",
    "Description": "",
    "Application": "Roof",
    "ApplicationFacade": false,
    "ApplicationSkylight": true,
    "Type": 2,
    "OpeningType": 0,
    "BottomHungInward": false,
    "BottomHungOutward": true,
    "SideHungInward": false,
    "SideHungOutward": false,
    "TopHungInward": false,
    "TopHungOutward": true,
    "ProjectedTopHungInward": false,
    "ProjectedTopHungOutward": false,
    "InstallationType": "",
    "ITMainOutFrmMountWBracket": true,
    "ITMainFixOutFrmMount": false,
    "ITMainVentFrmMount": false,
    "ITSideMount50": true,
    "ITSideMount60": true,
    "ITSideMount70": true,
    "ITSideMount80": true,
    "ITSideMount67": false,
    "Feature": "",
    "FeatureOpenClose": true,
    "FeatureLock": true,
    "ArticleNumber": 291928,
    "Stroke": 400,
    "Angle": 0,
    "Voltage": "24 V DC",
    "Voltage24": true,
    "Voltage230": false,
    "RatedCurrent": 2,
    "BreakingCurrent": 2,
    "PullingForceMax": 1000,
    "PushingForceMax": 1000,
    "PullingForceMaxWithNegativeWind": 0,
    "PushingForceMaxWithNegativeWind": 0,
    "PushingForcePermanent": 666.67,
    "PullingForcePermanent": 666.67,
    "MinPullingForceMax": 0,
    "MinPushingForceMax": 418.13,
    "MinPullingForcePermanent": 0,
    "MinPushingForcePermanent": 418.13,
    "Price": 585.51,
    "DriveLength": 0,
    "ChainDrive": 450,
    "ChainDrive2": 450,
    "MaxLengthMainClosingEdge1Drive": 2100,
    "MaxGeometricArea": 1,
    "GeometricalSmokeExhaustion": 0,
    "TotalGlassThickness": 14,
    "Dimensions": 0,
    "DimensionsWxHxD": "723 x Ø36",
    "TensileForce": 0,
    "LockingForce": 0,
    "Details_DE": "<ul> <li>Bemessungsspannung: 24 V DC (19 V … 28 V)</li><li>Abschaltstrom: 2,5 A</li><li>Bemessungsstrom: 1,9 A</li><li>Bemessungsaufnahme: 45 W</li><li>Schutzart: IP 65</li> <li>Zug-/Schubkraft: max. 1000 N</li><li>Umgebungstemperatur: -5°C bis + 60°C</li><li>Anschlussleitung: Halogenfrei, grau 3 x 1mm², ~3m</li><li>Max. Geschwindigkeit: 12,6 mm/s</li></ul>",
    "Details_EN": "<ul> <li>Rated voltage: 24 V DC (19 V … 28 V)</li> <li>Breaking current: 2.5 A</li> <li>Rated current: 1.9 A</li> <li>Rated consumption: 45 W</li> <li>Protection rating: IP 65</li><li>Traction/ thrust: max. 1000N</li> <li>Ambient temperature: -5°C to + 60°C</li> <li>Connecting cable: halogen-free, grey 3 x 1mm², ~3m</li> <li>Max. speed: 12.6 mm/s</li> </ul>",
    "Einsatz": "<ul> <li>Anwendung: Lüftung, NRA</li><li>Integrierte intelligente Regelelektronik</li></ul>",
    "Use": "<ul> <li>Application: ventilation, natural smoke ventilation</li><li>Integrated intelligent control electronics</li></ul>",
    "Ausstattung": "<ul> <li>Robuste korrosionsbeständige Ausführung in eloxierten Aluminiumgehäuse</li><li>Montagefreundlich durch verstellbaren Klemmring</li><li>Spindel aus Edelstahl, kugelgelagert mit Endlagendämpfung</li><li>Mit Goretex Membrane</li></ul>",
    "Equipment": "<ul> <li>Robust, corrosion-resistant design in anodized casing</li><li>Easy installation thanks to adjustable clamping ring</li><li>Stainless steel spindle on ball bearings with end position cushioning</li><li>with Goretex membrane</li></ul>",
    "Optionen": "<ul> <li>Programmierung von Sonderfunktionen</li><li>Programmierbare Parameter der Regelelektronik</li><li>Schüco Kontroller zur automatischen Konfiguration von Synchronlauf und Folgesteuerungen mit Verriegelungsantrieb in Antriebs-Verbundsystem</li></ul>",
    "Options": "<ul> <li>Programming of special functions</li><li>Programmable parameters of intelligent control electronics</li><li>Schüco controller for automatic configuration of synchronous running and sequence control with locking drives in composite drive systems</li></ul>",
    "IsTwoPce": false,
    "ResultVentWeight": 83.63,
    "IsLsRsDrive": false,
    "ArticleNumberRs": 0,
    "TwoDrivesSideInstallation50": 650,
    "TwoDrivesSideInstallation60": 650,
    "TwoDrivesSideInstallation70": 650,
    "TwoDrivesSideInstallation80": 650,
    "OpeningSpeedmms": 13,
    "Traction": 667,
    "Thrust": 1000,
    "Id": "9cac4106-1486-488f-8b76-e842cb91da3a",
    "CreatedOn": "2024-09-26T13:55:26.817Z",
    "CreatedBy": "",
    "ModifiedOn": "2024-09-26T13:55:26.817Z",
    "ModifiedBy": ""
  },
  {
    "Name": "Linear drive LDH15 L400",
    "Bezeichnung": "Linearantrieb LDH15 L400",
    "ConfigurationId": "00000000-0000-0000-0000-000000000000",
    "Description": "",
    "Application": "Roof",
    "ApplicationFacade": false,
    "ApplicationSkylight": true,
    "Type": 2,
    "OpeningType": 0,
    "BottomHungInward": false,
    "BottomHungOutward": true,
    "SideHungInward": false,
    "SideHungOutward": false,
    "TopHungInward": false,
    "TopHungOutward": true,
    "ProjectedTopHungInward": false,
    "ProjectedTopHungOutward": false,
    "InstallationType": "",
    "ITMainOutFrmMountWBracket": true,
    "ITMainFixOutFrmMount": false,
    "ITMainVentFrmMount": false,
    "ITSideMount50": true,
    "ITSideMount60": true,
    "ITSideMount70": true,
    "ITSideMount80": true,
    "ITSideMount67": false,
    "Feature": "",
    "FeatureOpenClose": true,
    "FeatureLock": true,
    "ArticleNumber": 291939,
    "Stroke": 400,
    "Angle": 0,
    "Voltage": "24 V DC",
    "Voltage24": true,
    "Voltage230": false,
    "RatedCurrent": 3,
    "BreakingCurrent": 4,
    "PullingForceMax": 1500,
    "PushingForceMax": 1500,
    "PullingForceMaxWithNegativeWind": 0,
    "PushingForceMaxWithNegativeWind": 0,
    "PushingForcePermanent": 1000,
    "PullingForcePermanent": 1000,
    "MinPullingForceMax": 0,
    "MinPushingForceMax": 418.13,
    "MinPullingForcePermanent": 0,
    "MinPushingForcePermanent": 418.13,
    "Price": 776.85,
    "DriveLength": 0,
    "ChainDrive": 450,
    "ChainDrive2": 450,
    "MaxLengthMainClosingEdge1Drive": 2100,
    "MaxGeometricArea": 1,
    "GeometricalSmokeExhaustion": 0,
    "TotalGlassThickness": 14,
    "Dimensions": 0,
    "DimensionsWxHxD": "841 x Ø50",
    "TensileForce": 0,
    "LockingForce": 0,
    "Details_DE": "<ul> <li>Bemessungsspannung: 24 V DC (19 V … 28 V)</li><li>Abschaltstrom: 4,0 A</li><li>Bemessungsstrom: 3,0 A</li><li>Bemessungsaufnahme: 72 W</li><li>Schutzart: IP 54</li> <li>Zug-/Schubkraft: max. 1500 N</li><li>Umgebungstemperatur: -5°C bis + 60°C</li><li>Anschlussleitung: Halogenfrei, grau 3 x 1mm², ~3m</li><li>Max. Geschwindigkeit: 16 mm/s</li></ul>",
    "Details_EN": "<ul> <li>Rated voltage: 24 V DC (19 V … 28 V)</li> <li>Breaking current: 4.0 A</li> <li>Rated current: 3.0 A</li> <li>Rated consumption: 72 W</li> <li>Protection rating: IP 54</li><li>Traction/ thrust: max. 1500N</li> <li>Ambient temperature: -5°C to + 60°C</li> <li>Connecting cable: halogen-free, grey 3 x 1mm², ~3m</li> <li>Max. speed: 16 mm/s</li> </ul>",
    "Einsatz": "<ul> <li>Anwendung: Lüftung, NRA</li><li>Integrierte intelligente Regelelektronik</li></ul>",
    "Use": "<ul> <li>Application: ventilation, natural smoke ventilation</li><li>Integrated intelligent control electronics</li></ul>",
    "Ausstattung": "<ul> <li>Robuste korrosionsbeständige Ausführung in eloxierten Aluminiumgehäuse</li><li>Montagefreundlich durch verstellbaren Klemmring</li><li>Spindel aus Edelstahl, kugelgelagert mit Endlagendämpfung</li><li>Mit Goretex Membrane</li></ul>",
    "Equipment": "<ul> <li>Robust, corrosion-resistant design in anodized casing</li><li>Easy installation thanks to adjustable clamping ring</li><li>Stainless steel spindle on ball bearings with end position cushioning</li><li>with Goretex membrane</li></ul>",
    "Optionen": "<ul> <li>Programmierung von Sonderfunktionen</li><li>Programmierbare Parameter der Regelelektronik</li><li>Schüco Kontroller zur automatischen Konfiguration von Synchronlauf und Folgesteuerungen mit Verriegelungsantrieb in Antriebs-Verbundsystem</li></ul>",
    "Options": "<ul> <li>Programming of special functions</li><li>Programmable parameters of intelligent control electronics</li><li>Schüco controller for automatic configuration of synchronous running and sequence control with locking drives in composite drive systems</li></ul>",
    "IsTwoPce": false,
    "ResultVentWeight": 83.63,
    "IsLsRsDrive": true,
    "ArticleNumberRs": 291939,
    "TwoDrivesSideInstallation50": 650,
    "TwoDrivesSideInstallation60": 650,
    "TwoDrivesSideInstallation70": 650,
    "TwoDrivesSideInstallation80": 650,
    "OpeningSpeedmms": 16,
    "Traction": 1000,
    "Thrust": 1500,
    "Id": "f88c2ba9-694a-4b49-b0c1-20efbe762b90",
    "CreatedOn": "2024-09-26T13:55:26.817Z",
    "CreatedBy": "",
    "ModifiedOn": "2024-09-26T13:55:26.817Z",
    "ModifiedBy": ""
  },
  {
    "Name": "Locking actuator roof",
    "Bezeichnung": "Verr.antrieb Dachf 600N",
    "ConfigurationId": "00000000-0000-0000-0000-000000000000",
    "Description": "",
    "Application": "",
    "ApplicationFacade": false,
    "ApplicationSkylight": true,
    "Type": 5,
    "OpeningType": 0,
    "BottomHungInward": false,
    "BottomHungOutward": true,
    "SideHungInward": false,
    "SideHungOutward": false,
    "TopHungInward": false,
    "TopHungOutward": true,
    "ProjectedTopHungInward": false,
    "ProjectedTopHungOutward": false,
    "InstallationType": "",
    "ITMainOutFrmMountWBracket": true,
    "ITMainFixOutFrmMount": false,
    "ITMainVentFrmMount": false,
    "ITSideMount50": true,
    "ITSideMount60": true,
    "ITSideMount70": true,
    "ITSideMount80": true,
    "ITSideMount67": false,
    "Feature": "",
    "FeatureOpenClose": true,
    "FeatureLock": false,
    "ArticleNumber": 291954,
    "Stroke": 0,
    "Angle": 0,
    "Voltage": null,
    "Voltage24": true,
    "Voltage230": false,
    "RatedCurrent": 0,
    "BreakingCurrent": 0,
    "PullingForceMax": 0,
    "PushingForceMax": 0,
    "PullingForceMaxWithNegativeWind": 0,
    "PushingForceMaxWithNegativeWind": 0,
    "PushingForcePermanent": 0,
    "PullingForcePermanent": 0,
    "MinPullingForceMax": 0,
    "MinPushingForceMax": 0,
    "MinPullingForcePermanent": 0,
    "MinPushingForcePermanent": 0,
    "Price": 225.16,
    "DriveLength": 0,
    "ChainDrive": 0,
    "ChainDrive2": 0,
    "MaxLengthMainClosingEdge1Drive": 0,
    "MaxGeometricArea": 0,
    "GeometricalSmokeExhaustion": 0,
    "TotalGlassThickness": 0,
    "Dimensions": 0,
    "DimensionsWxHxD": "415 x 26 x 26",
    "TensileForce": 0,
    "LockingForce": 0,
    "Details_DE": "<ul> <li>Bemessungsspannung: 24 V DC (19 V … 28 V)</li> <li>Abschaltstrom: ~1,0 A</li> <li>Bemessungsstrom: 0,6 A</li> <li>Bemessungsaufnahme: 15 W</li> <li>Schutzart: IP 32</li><li>Zug-/Schubkraft: max. 600 N</li> <li>Umgebungstemperatur: -5°C bis + 60°C</li> <li>Anschlussleitung: Halogenfrei, grau 3x 0,5mm², ~3m</li> <li>Laufzeit: ~ 5s</li><li>Hub: ~ 18mm</li> </ul>",
    "Details_EN": "<ul> <li>Rated voltage : 24 V DC (19 V … 28 V</li> <li>Breaking current : ~1,0 A</li> <li>Rated current : 0,6 A</li> <li>Rated consumption : 15 W</li> <li>Protection rating : IP 32</li><li>Traction/ thrust : max. 600 N</li> <li>Ambient temperature: -5°C bis + 60°C</li> <li>Connecting cable: halogen-free, grey 3 x 0,5mm², ~3m</li> <li>Running time: ~ 5s</li><li>Stroke: ~ 18mm</li> </ul>",
    "Einsatz": "<ul> <li>Anwendung: Lüftung, NRA</li><li>Integrierte intelligente Regelelektronik</li></ul>",
    "Use": "<ul> <li>Application: ventilation, natural smoke ventilation</li> <li>Integrated intelligent control electronics</li></ul>",
    "Ausstattung": "<ul><li>Laufrichtung einstellbar</li></ul>",
    "Equipment": "<ul><li>Running direction adjustable</li></ul>",
    "Optionen": "<ul> <li>Mitnehmer objekt-/profilspezifisch anpassbar</li></ul>",
    "Options": "<ul> <li>Coupling adapter customizable for project-/profile-specific demands</li></ul>",
    "IsTwoPce": false,
    "ResultVentWeight": 0,
    "IsLsRsDrive": false,
    "ArticleNumberRs": 0,
    "TwoDrivesSideInstallation50": 0,
    "TwoDrivesSideInstallation60": 0,
    "TwoDrivesSideInstallation70": 0,
    "TwoDrivesSideInstallation80": 0,
    "OpeningSpeedmms": 0,
    "Traction": 0,
    "Thrust": 0,
    "Id": "2b6ffe33-0cb6-494e-a561-679dc2adeb63",
    "CreatedOn": "2024-09-26T13:55:26.817Z",
    "CreatedBy": "",
    "ModifiedOn": "2024-09-26T13:55:26.817Z",
    "ModifiedBy": ""
  }
]

13:52:28.312 [main] INFO  com.intuit.karate - Expected RecommDrive: Chain actuator D15 800,Chain actuator D6 400,Linear drive LDB16 L400,Linear drive LDN8 L400,Linear drive LDN10 L400,Linear drive LDH15 L400,Locking actuator roof 
13:52:28.313 [main] INFO  com.intuit.karate - Actual RecommDrive: Chain actuator D15 800, Chain actuator D6 400, Linear drive LDB16 L400, Linear drive LDN8 L400, Linear drive LDN10 L400, Linear drive LDH15 L400, Locking actuator roof 
13:52:28.313 [main] INFO  com.intuit.karate - Normalized Actual RecommDrive: Chain actuator D15 800,Chain actuator D6 400,Linear drive LDB16 L400,Linear drive LDN8 L400,Linear drive LDN10 L400,Linear drive LDH15 L400,Locking actuator roof 
13:52:28.314 [main] INFO  com.intuit.karate - Normalized Expected RecommDrive: Chain actuator D15 800,Chain actuator D6 400,Linear drive LDB16 L400,Linear drive LDN8 L400,Linear drive LDN10 L400,Linear drive LDH15 L400,Locking actuator roof 
13:52:28.316 [main] INFO  com.intuit.karate - All Drive IDs: [
  "6e554a6b-0764-4e7a-ac2f-8ca9ada34e08",
  "6cfaf03b-807c-4298-8635-4bf804653a9e",
  "9f91500a-3224-410c-b4df-c240b49d5a6d",
  "a5df0ac4-840a-4686-ab17-68a05d8c4d52",
  "9cac4106-1486-488f-8b76-e842cb91da3a",
  "f88c2ba9-694a-4b49-b0c1-20efbe762b90",
  "2b6ffe33-0cb6-494e-a561-679dc2adeb63"
]
 
13:52:28.317 [main] INFO  com.intuit.karate - First Drive ID: 6e554a6b-0764-4e7a-ac2f-8ca9ada34e08 
13:52:28.320 [main] DEBUG com.intuit.karate - request:
3 > POST https://dev-drivetec-apis.schuecodigitalsolutions.com/api/Drives/DownloadPDFNew/Schuco
3 > Content-Type: application/json; charset=UTF-8
3 > Content-Length: 1194
3 > Host: dev-drivetec-apis.schuecodigitalsolutions.com
3 > Connection: Keep-Alive
3 > User-Agent: Apache-HttpClient/4.5.14 (Java/17.0.12)
3 > Accept-Encoding: gzip,deflate
[{"Id":"configId","Header":"configId","Value":"d88c4770-56ab-4fca-bd5c-35e9c2481762"},{"Id":"driveId","Header":"driveId","Value":"6e554a6b-0764-4e7a-ac2f-8ca9ada34e08"},{"Id":"culture","Header":"culture","Value":"EN-US"},{"Id":"projectId","Header":"projectId","Value":"2afcf090-6588-4022-aa5e-49fca51f940e"},{"Id":"range-of-app","Header":"Range of application","Value":"Façade"},{"Id":"opening-type","Header":"Opening type","Value":"Bottom-hung vent"},{"Id":"opening-direction","Header":"Opening direction","Value":"Inward"},{"Id":"how-calc-weight","Header":"Vent weight","Value":"Weight including glass"},{"Id":"Chain-Length","Header":"Chain- \/ connecting rod handle","Value":"100%"},{"Id":"drive-position","Header":"Drive position","Value":"Side installation"},{"Id":"locking-mechanism","Header":"Locking mechanism","Value":"With"},{"Id":"voltage","Header":"Voltage","Value":"24 V"},{"Id":"drive-type","Header":"Drive type","Value":"Chain drive"},{"Id":"type-installation","Header":"Type of installation","Value":"Pivoting Outer Frame Installation"},{"Id":"calculation-type-for-ventilation-area","Header":"Calculation type for ventilation area","Value":"Method in accordance with ASR 3.6"}]

13:52:29.741 [main] DEBUG com.intuit.karate - response time in milliseconds: 1417
3 < 200
3 < Content-Type: application/json; charset=utf-8
3 < Date: Thu, 05 Dec 2024 08:22:27 GMT
3 < Server: Microsoft-IIS/10.0
3 < X-Powered-By: ASP.NET
3 < Content-Length: 277
3 < Connection: keep-alive
{
  "result": "https://drive-tec-dev.s3.amazonaws.com/AUT_TPJ33518-Chain_actuator_D15_800.pdf?AWSAccessKeyId=AKIAZAWIART4ZFAXXPHK&Expires=1733390547&response-content-disposition=attachment%3B&response-content-type=application%2Fpdf&Signature=zJvRtNna48erx67gaG9uMfMdHxI%3D"
}

13:52:29.743 [main] INFO  com.intuit.karate - Download URL for first driveId: https://drive-tec-dev.s3.amazonaws.com/AUT_TPJ33518-Chain_actuator_D15_800.pdf?AWSAccessKeyId=AKIAZAWIART4ZFAXXPHK&Expires=1733390547&response-content-disposition=attachment%3B&response-content-type=application%2Fpdf&Signature=zJvRtNna48erx67gaG9uMfMdHxI%3D 
13:52:29.754 [main] INFO  com.intuit.karate - karate.env system property was: null 
13:52:29.758 [main] INFO  com.intuit.karate - Running test for dataset:  Dataset5 
13:52:29.767 [main] INFO  com.intuit.karate - Using ProjectId:  {
  "result": {
    "projectId": "prjId"
  },
  "projectPayload": {
    "Id": "579816e4-6653-4794-b435-a885f32e28d7",
    "Name": "AUT_TPJ33518",
    "Address": "Hyderabad, Telangana, India",
    "Description": "",
    "CreatedBy": "579816e4-6653-4794-b435-a885f32e28d7",
    "ModifiedBy": "579816e4-6653-4794-b435-a885f32e28d7"
  },
  "uniqueName": "AUT_TPJ33518",
  "responseHeaders": {
    "Content-Type": [
      "application/json; charset=utf-8"
    ],
    "Date": [
      "Thu, 05 Dec 2024 08:22:12 GMT"
    ],
    "Server": [
      "Microsoft-IIS/10.0"
    ],
    "X-Powered-By": [
      "ASP.NET"
    ],
    "transfer-encoding": [
      "chunked"
    ],
    "Connection": [
      "keep-alive"
    ],
    "Set-Cookie": [
    ]
  },
  "responseTime": 841,
  "response": {
    "Name": "AUT_TPJ33518",
    "Description": "",
    "Address": "Hyderabad, Telangana, India",
    "Id": "2afcf090-6588-4022-aa5e-49fca51f940e",
    "CreatedOn": "2024-12-05T08:22:11.998251+00:00",
    "CreatedBy": "579816e4-6653-4794-b435-a885f32e28d7",
    "ModifiedOn": "2024-12-05T08:22:11.9982526+00:00",
    "ModifiedBy": ""
  },
  "responseStatus": 200,
  "prjId": "2afcf090-6588-4022-aa5e-49fca51f940e",
  "projectId": "2afcf090-6588-4022-aa5e-49fca51f940e"
}
 
13:52:29.771 [main] DEBUG com.intuit.karate - request:
1 > POST https://dev-drivetec-apis.schuecodigitalsolutions.com/Configurations
1 > Content-Type: application/json; charset=UTF-8
1 > Content-Length: 1275
1 > Host: dev-drivetec-apis.schuecodigitalsolutions.com
1 > Connection: Keep-Alive
1 > User-Agent: Apache-HttpClient/4.5.14 (Java/17.0.12)
1 > Accept-Encoding: gzip,deflate
{"Id":"00000000-0000-0000-0000-000000000000","ProjectId":"2afcf090-6588-4022-aa5e-49fca51f940e","Name":"Dataset9769","Description":"Dataset9769","CustomTags":"","CreatedBy":"579816e4-6653-4794-b435-a885f32e28d7","ModifiedBy":"579816e4-6653-4794-b435-a885f32e28d7","ApplicationName":1,"System":"","FacadeInclination":0,"OpeningType":1,"OpeningDirection":1,"OpeningWidth":1000,"VentOuterWidth":1230,"VentOuterHeight":1480,"VentWeight":70,"CalculateWeightWithGlass":false,"WeightIncGlassOrThickness":false,"GlassThickness":14,"ProfileWeightPerSerialMeter":2.5,"IsWindowOpeningCalculationByAngle":1,"RequiredOpeningStroke":400,"OpeningAngle":15,"WindLoad":120,"SnowLoad":0,"DrivePosition":2,"InstallationPosition":1,"ChainLengthConnectingRodHandle":5,"LockingMechanism":1,"Voltage":1,"DriveType":1,"TypeOfInstallation":2,"CalculationTypeForVentilation":1,"CalcVentilation":1,"GeometricArea":1,"SpecificExhaustDimension":30,"BuildingDepth":75,"RevealDepth":0,"RevealDepthRectangleAngle1":0,"RevealDepthRectangleAngle2":0,"HeightOfProfile":0,"HeightProfileRectangleAngle1":0,"HeightProfileRectangleAngle2":0,"AkippOrAtilt":0,"AdrehOrAturn":0,"Ageo":0,"MinPullingForceMax":0,"MinPushingForceMax":0,"MinPullingForcePermanent":0,"MinPushingForcePermanent":0,"ForceWithNegativeWind":0}

13:52:30.353 [main] DEBUG com.intuit.karate - response time in milliseconds: 581
1 < 200
1 < Content-Type: application/json; charset=utf-8
1 < Date: Thu, 05 Dec 2024 08:22:27 GMT
1 < Server: Microsoft-IIS/10.0
1 < X-Powered-By: ASP.NET
1 < Content-Length: 2031
1 < Connection: keep-alive
{
  "ProjectId": "2afcf090-6588-4022-aa5e-49fca51f940e",
  "Name": "Dataset9769",
  "Description": "Dataset9769",
  "CustomTags": "",
  "ApplicationName": 1,
  "OpeningType": 1,
  "OpeningDirection": 1,
  "CalculateWeightWithGlass": false,
  "WindLoad": 120,
  "IsWindowOpeningCalculationByAngle": 1,
  "VentOuterWidth": 1230,
  "VentOuterHeight": 1480,
  "WeightIncGlassOrThickness": false,
  "VentWeight": 77,
  "VentWeightExact": 77.26400000000001,
  "GlassThickness": 14,
  "ProfileWeightPerSerialMeter": 2.5,
  "FacadeInclination": 0,
  "ChainLengthConnectingRodHandle": 5,
  "ChainLenghtConnectingRodHandle": 0,
  "RequiredOpeningStroke": 400,
  "OpeningWidth": 1000,
  "OpeningAngle": 15.532868337024489,
  "SpecificExhaustDimension": 30,
  "BuildingDepth": 75,
  "SnowLoad": 0,
  "DistanceHinge": 0,
  "RatedCurrent": 0,
  "DrivePosition": 2,
  "LockingMechanism": 1,
  "Voltage": 1,
  "DriveType": 1,
  "TypeOfInstallation": 2,
  "GeometricArea": 0,
  "CalculationTypeForVentilation": 1,
  "HeightOfProfile": 0,
  "Reveal": 0,
  "RevealDepth": 0,
  "HeightProfileRectangleAngle1": 0,
  "HeightProfileRectangleAngle2": 0,
  "RevealDepthRectangleAngle1": 0,
  "RevealDepthRectangleAngle2": 0,
  "RevealDepthRectangleAngle12": 0,
  "InstallationPosition": 0,
  "RecommendedDriveArticleNo": 0,
  "System": "",
  "AkippOrAtilt": 1.084,
  "AdrehOrAturn": 1.8204,
  "Ageo": 1.084,
  "MinPullingForceMax": -206.4868442161654,
  "MinPushingForceMax": -206.4868442161654,
  "MinPullingForcePermanent": -104.11163259218097,
  "MinPushingForcePermanent": -104.11163259218097,
  "ForceWithNegativeWind": 109.53156767199486,
  "ForceWithNoWindMin": 0.30763693489047433,
  "ForceWithNegativeWindMin": 0,
  "ForceWithWindMin": -108.91629380221393,
  "Id": "7441cf29-aebc-4f09-99ae-038a87fc1bdc",
  "CreatedOn": "2024-12-05T08:22:27.886569+00:00",
  "CreatedBy": "579816e4-6653-4794-b435-a885f32e28d7",
  "ModifiedOn": "2024-12-05T08:22:27.8865699+00:00",
  "ModifiedBy": ""
}

13:52:30.358 [main] INFO  com.intuit.karate - Generated Config ID: 7441cf29-aebc-4f09-99ae-038a87fc1bdc 
13:52:30.358 [main] INFO  com.intuit.karate - Generated Name: Dataset9769 
13:52:30.359 [main] INFO  com.intuit.karate - Generated Description: Dataset9769 
13:52:30.364 [main] DEBUG com.intuit.karate - request:
1 > PUT https://dev-drivetec-apis.schuecodigitalsolutions.com/Configurations
1 > Content-Type: application/json; charset=UTF-8
1 > Content-Length: 1271
1 > Host: dev-drivetec-apis.schuecodigitalsolutions.com
1 > Connection: Keep-Alive
1 > User-Agent: Apache-HttpClient/4.5.14 (Java/17.0.12)
1 > Accept-Encoding: gzip,deflate
{"Id":"7441cf29-aebc-4f09-99ae-038a87fc1bdc","Name":"Dataset5","Description":"Dataset9769","ProjectId":"2afcf090-6588-4022-aa5e-49fca51f940e","CustomTags":"","CreatedBy":"579816e4-6653-4794-b435-a885f32e28d7","ModifiedBy":"579816e4-6653-4794-b435-a885f32e28d7","System":"","FacadeInclination":0,"OpeningType":4,"OpeningDirection":1,"OpeningWidth":1000,"VentOuterWidth":1341,"VentOuterHeight":1480,"VentWeight":0,"CalculateWeightWithGlass":false,"RequiredOpeningStroke":400,"WindLoad":120,"SnowLoad":0,"IsWindowOpeningCalculationByAngle":1,"GlassThickness":14,"ProfileWeightPerSerialMeter":2.5,"DrivePosition":2,"InstallationPosition":0,"LockingMechanism":1,"Voltage":1,"DriveType":3,"TypeOfInstallation":2,"GeometricArea":0,"CalcVentilation":1,"SpecificExhaustDimension":45,"BuildingDepth":90,"CalculationTypeForVentilation":1,"HeightOfProfile":0,"HeightProfileRectangleAngle1":0,"HeightProfileRectangleAngle2":0,"RevealDepth":0,"RevealDepthRectangleAngle1":0,"RevealDepthRectangleAngle2":0,"ChainLengthConnectingRodHandle":5,"ApplicationName":2,"OpeningAngle":29,"WeightIncGlassOrThickness":false,"AkippOrAtilt":0,"AdrehOrAturn":0,"Ageo":0,"MinPullingForceMax":0,"MinPushingForceMax":0,"MinPullingForcePermanent":0,"MinPushingForcePermanent":0,"ForceWithNegativeWind":0}

13:52:30.999 [main] DEBUG com.intuit.karate - response time in milliseconds: 631
1 < 200
1 < Content-Type: application/json; charset=utf-8
1 < Date: Thu, 05 Dec 2024 08:22:28 GMT
1 < Server: Microsoft-IIS/10.0
1 < X-Powered-By: ASP.NET
1 < Content-Length: 2012
1 < Connection: keep-alive
{
  "ProjectId": "2afcf090-6588-4022-aa5e-49fca51f940e",
  "Name": "Dataset5",
  "Description": "Dataset9769",
  "CustomTags": "",
  "ApplicationName": 2,
  "OpeningType": 4,
  "OpeningDirection": 1,
  "CalculateWeightWithGlass": false,
  "WindLoad": 120,
  "IsWindowOpeningCalculationByAngle": 1,
  "VentOuterWidth": 1341,
  "VentOuterHeight": 1480,
  "WeightIncGlassOrThickness": false,
  "VentWeight": 84,
  "VentWeightExact": 83.5688,
  "GlassThickness": 14,
  "ProfileWeightPerSerialMeter": 2.5,
  "FacadeInclination": 0,
  "ChainLengthConnectingRodHandle": 5,
  "ChainLenghtConnectingRodHandle": 0,
  "RequiredOpeningStroke": 400,
  "OpeningWidth": 1000,
  "OpeningAngle": 15.532868337024489,
  "SpecificExhaustDimension": 45,
  "BuildingDepth": 90,
  "SnowLoad": 0,
  "DistanceHinge": 0,
  "RatedCurrent": 0,
  "DrivePosition": 2,
  "LockingMechanism": 1,
  "Voltage": 1,
  "DriveType": 3,
  "TypeOfInstallation": 2,
  "GeometricArea": 0,
  "CalculationTypeForVentilation": 1,
  "HeightOfProfile": 0,
  "Reveal": 0,
  "RevealDepth": 0,
  "HeightProfileRectangleAngle1": 0,
  "HeightProfileRectangleAngle2": 0,
  "RevealDepthRectangleAngle1": 0,
  "RevealDepthRectangleAngle2": 0,
  "RevealDepthRectangleAngle12": 0,
  "InstallationPosition": 0,
  "RecommendedDriveArticleNo": 0,
  "System": "",
  "AkippOrAtilt": 1.1284,
  "AdrehOrAturn": 1.98468,
  "Ageo": 1.1284,
  "MinPullingForceMax": 414.92867973794705,
  "MinPushingForceMax": 417.844,
  "MinPullingForcePermanent": 417.844,
  "MinPushingForcePermanent": 417.844,
  "ForceWithNegativeWind": 417.844,
  "ForceWithNoWindMin": 406.3100900423176,
  "ForceWithNegativeWindMin": 402.00079519450287,
  "ForceWithWindMin": 414.92867973794705,
  "Id": "7441cf29-aebc-4f09-99ae-038a87fc1bdc",
  "CreatedOn": "0001-01-01T00:00:00",
  "CreatedBy": "579816e4-6653-4794-b435-a885f32e28d7",
  "ModifiedOn": "2024-12-05T08:22:28.5260285+00:00",
  "ModifiedBy": "579816e4-6653-4794-b435-a885f32e28d7"
}

13:52:31.003 [main] INFO  com.intuit.karate - VentWeight from API Response: 84 
13:52:31.008 [main] INFO  com.intuit.karate - Rounded Opening Angle: 16.0 
13:52:31.008 [main] INFO  com.intuit.karate - Rounded Ageo: 1.13 
13:52:31.009 [main] INFO  com.intuit.karate - Rounded Required Opening Stroke: 400.0 
13:52:31.009 [main] INFO  com.intuit.karate - Rounded Vent Weight: 84.0 
13:52:31.013 [main] DEBUG com.intuit.karate - request:
2 > GET https://dev-drivetec-apis.schuecodigitalsolutions.com/Config/7441cf29-aebc-4f09-99ae-038a87fc1bdc/Drive
2 > Host: dev-drivetec-apis.schuecodigitalsolutions.com
2 > Connection: Keep-Alive
2 > User-Agent: Apache-HttpClient/4.5.14 (Java/17.0.12)
2 > Accept-Encoding: gzip,deflate


13:52:31.754 [main] DEBUG com.intuit.karate - response time in milliseconds: 741
2 < 200
2 < Content-Type: application/json; charset=utf-8
2 < Date: Thu, 05 Dec 2024 08:22:28 GMT
2 < Server: Microsoft-IIS/10.0
2 < X-Powered-By: ASP.NET
2 < Content-Length: 25968
2 < Connection: keep-alive
[
  {
    "Name": "Chain actuator D15 800",
    "Bezeichnung": "Kettenantrieb D15 800",
    "ConfigurationId": "00000000-0000-0000-0000-000000000000",
    "Description": "",
    "Application": "Roof",
    "ApplicationFacade": false,
    "ApplicationSkylight": true,
    "Type": 1,
    "OpeningType": 0,
    "BottomHungInward": false,
    "BottomHungOutward": true,
    "SideHungInward": false,
    "SideHungOutward": false,
    "TopHungInward": false,
    "TopHungOutward": true,
    "ProjectedTopHungInward": false,
    "ProjectedTopHungOutward": false,
    "InstallationType": "",
    "ITMainOutFrmMountWBracket": true,
    "ITMainFixOutFrmMount": false,
    "ITMainVentFrmMount": false,
    "ITSideMount50": false,
    "ITSideMount60": false,
    "ITSideMount70": false,
    "ITSideMount80": false,
    "ITSideMount67": false,
    "Feature": "",
    "FeatureOpenClose": true,
    "FeatureLock": true,
    "ArticleNumber": 291731,
    "Stroke": 800,
    "Angle": 0,
    "Voltage": "24 V DC",
    "Voltage24": true,
    "Voltage230": false,
    "RatedCurrent": 4,
    "BreakingCurrent": 5,
    "PullingForceMax": 1500,
    "PushingForceMax": 1500,
    "PullingForceMaxWithNegativeWind": 0,
    "PushingForceMaxWithNegativeWind": 0,
    "PushingForcePermanent": 1000,
    "PullingForcePermanent": 1000,
    "MinPullingForceMax": 0,
    "MinPushingForceMax": 417.84,
    "MinPullingForcePermanent": 0,
    "MinPushingForcePermanent": 417.84,
    "Price": 821.56,
    "DriveLength": 800,
    "ChainDrive": 900,
    "ChainDrive2": 1760,
    "MaxLengthMainClosingEdge1Drive": 0,
    "MaxGeometricArea": 1,
    "GeometricalSmokeExhaustion": 0,
    "TotalGlassThickness": 14,
    "Dimensions": 0,
    "DimensionsWxHxD": "800 x 120 x 60",
    "TensileForce": 0,
    "LockingForce": 0,
    "Details_DE": "<ul> <li>Bemessungsspannung: 24 V DC (19 V … 28 V)</li> <li>Abschaltstrom: 5 A</li> <li>Bemessungsstrom: 3,75 A</li> <li>Bemessungsaufnahme: 90 W</li> <li>Schutzart: IP 20</li><li>Zug-/Schubkraft: max. 1500 N</li> <li>Umgebungstemperatur: -5°C bis + 60°C</li> <li>Anschlussleitung: Halogenfrei, grau 5 x 1mm², ~3m</li> <li>Max. Geschwindigkeit: 17 mm/s</li> </ul>",
    "Details_EN": "<ul> <li>Rated voltage: 24 V DC (19 V … 28 V)</li><li>Breaking current: 5 A</li><li>Rated current: 3.75 A</li><li>Rated consumption: 90 W</li><li>Protection rating: IP 20</li> <li>Traction/ thrust: max. 1500 N</li><li>Ambient temperature: -5° C to +60° C</li><li>Connecting cable: halogen-free, grey 5 x 1mm², ~3m</li><li>Max. speed: 17 mm/s</li></ul>",
    "Einsatz": "<ul> <li>Anwendung: Lüftung, NRA</li><li>Integrierte intelligente Regelelektronik</li> <li>Rückmeldung Endlage „ZU“ (max. 24 V, 500 mA)</li></ul>",
    "Use": "<ul> <li>Application: ventilation, natural smoke ventilation</li> <li>Integrated intelligent control electronics</li> <li>Response for “CLOSED” end position (max. 24 V, 500 mA)</li></ul>",
    "Ausstattung": "<ul><li>Symmetrischer Kettenaustritt</li><li>Integrierte Steckerlösung</li></ul>",
    "Equipment": "<ul><li>Symmetrical chain output</li><li>Integrated plug solution</li></ul>",
    "Optionen": "<ul> <li>Programmierung von Sonderfunktionen</li> <li>Programmierbare Rückmeldung Endlage „AUF“ (max. 24 V, 500 mA)</li> <li>Schüco Kontroller zur automatischen Konfiguration von Synchronlauf und Folgesteuerungen mit Verriegelungsantrieben in Antriebs-Verbundsystemen</li></ul>",
    "Options": "<ul> <li>Programming of special functions</li> <li>Programmable response for “OPEN” end position (max. 24 V, 500 mA)</li> <li>Schüco controller for automatic configuration of synchronous running and sequence control with locking drives in composite drive systems</li> </ul>",
    "IsTwoPce": false,
    "ResultVentWeight": 83.57,
    "IsLsRsDrive": false,
    "ArticleNumberRs": 0,
    "TwoDrivesSideInstallation50": 0,
    "TwoDrivesSideInstallation60": 0,
    "TwoDrivesSideInstallation70": 0,
    "TwoDrivesSideInstallation80": 0,
    "OpeningSpeedmms": 0,
    "Traction": 1500,
    "Thrust": 1500,
    "Id": "6e554a6b-0764-4e7a-ac2f-8ca9ada34e08",
    "CreatedOn": "2024-09-26T13:55:26.818Z",
    "CreatedBy": "",
    "ModifiedOn": "2024-09-26T13:55:26.818Z",
    "ModifiedBy": ""
  },
  {
    "Name": "Linear drive LDB16 L400",
    "Bezeichnung": "Linearantrieb LDB16 L400",
    "ConfigurationId": "00000000-0000-0000-0000-000000000000",
    "Description": "",
    "Application": "Roof",
    "ApplicationFacade": false,
    "ApplicationSkylight": true,
    "Type": 2,
    "OpeningType": 0,
    "BottomHungInward": false,
    "BottomHungOutward": true,
    "SideHungInward": false,
    "SideHungOutward": false,
    "TopHungInward": false,
    "TopHungOutward": true,
    "ProjectedTopHungInward": false,
    "ProjectedTopHungOutward": false,
    "InstallationType": "",
    "ITMainOutFrmMountWBracket": true,
    "ITMainFixOutFrmMount": false,
    "ITMainVentFrmMount": false,
    "ITSideMount50": true,
    "ITSideMount60": true,
    "ITSideMount70": true,
    "ITSideMount80": true,
    "ITSideMount67": false,
    "Feature": "",
    "FeatureOpenClose": true,
    "FeatureLock": true,
    "ArticleNumber": 291924,
    "Stroke": 400,
    "Angle": 0,
    "Voltage": "24 V DC",
    "Voltage24": true,
    "Voltage230": false,
    "RatedCurrent": 1,
    "BreakingCurrent": 1,
    "PullingForceMax": 1600,
    "PushingForceMax": 1600,
    "PullingForceMaxWithNegativeWind": 0,
    "PushingForceMaxWithNegativeWind": 0,
    "PushingForcePermanent": 1066.67,
    "PullingForcePermanent": 1066.67,
    "MinPullingForceMax": 0,
    "MinPushingForceMax": 417.84,
    "MinPullingForcePermanent": 0,
    "MinPushingForcePermanent": 417.84,
    "Price": 443.15,
    "DriveLength": 0,
    "ChainDrive": 450,
    "ChainDrive2": 450,
    "MaxLengthMainClosingEdge1Drive": 2100,
    "MaxGeometricArea": 1,
    "GeometricalSmokeExhaustion": 0,
    "TotalGlassThickness": 14,
    "Dimensions": 0,
    "DimensionsWxHxD": "723 x Ø36",
    "TensileForce": 0,
    "LockingForce": 0,
    "Details_DE": "<ul> <li>Bemessungsspannung: 24 V DC (19 V … 28 V)</li><li>Abschaltstrom: 1,2 A</li><li>Bemessungsstrom: 1,0 A</li><li>Bemessungsaufnahme: 24 W</li><li>Schutzart: IP 65</li> <li>Zug-/Schubkraft: max. 1600 N</li><li>Umgebungstemperatur: -5°C bis + 60°C</li><li>Anschlussleitung: Halogenfrei, grau 3 x 1mm², ~3m</li><li>Max. Geschwindigkeit: 4 mm/s</li></ul>",
    "Details_EN": "<ul> <li>Rated voltage: 24 V DC (19 V … 28 V)</li> <li>Breaking current: 1.2 A</li> <li>Rated current: 1.0 A</li> <li>Rated consumption: 24 W</li> <li>Protection rating: IP 65</li><li>Traction/ thrust: max. 1600N</li> <li>Ambient temperature: -5°C to + 60°C</li> <li>Connecting cable: halogen-free, grey 3 x 1mm², ~3m</li> <li>Max. speed: 4 mm/s</li> </ul>",
    "Einsatz": "<ul> <li>Anwendung: Lüftung, NRA</li><li>Integrierte intelligente Regelelektronik</li></ul>",
    "Use": "<ul> <li>Application: ventilation, natural smoke ventilation</li><li>Integrated intelligent control electronics</li></ul>",
    "Ausstattung": "<ul> <li>Robuste korrosionsbeständige Ausführung in eloxierten Aluminiumgehäuse</li><li>Montagefreundlich durch verstellbaren Klemmring</li><li>Spindel aus Edelstahl, kugelgelagert mit Endlagendämpfung</li><li>Mit Goretex Membrane</li></ul>",
    "Equipment": "<ul> <li>Robust, corrosion-resistant design in anodized casing</li><li>Easy installation thanks to adjustable clamping ring</li><li>Stainless steel spindle on ball bearings with end position cushioning</li><li>with Goretex membrane</li></ul>",
    "Optionen": "<ul> <li>Programmierung von Sonderfunktionen</li><li>Programmierbare Parameter der Regelelektronik</li><li>Schüco Kontroller zur automatischen Konfiguration von Synchronlauf und Folgesteuerungen mit Verriegelungsantrieb in Antriebs-Verbundsystem</li></ul>",
    "Options": "<ul> <li>Programming of special functions</li><li>Programmable parameters of intelligent control electronics</li><li>Schüco controller for automatic configuration of synchronous running and sequence control with locking drives in composite drive systems</li></ul>",
    "IsTwoPce": false,
    "ResultVentWeight": 83.57,
    "IsLsRsDrive": false,
    "ArticleNumberRs": 0,
    "TwoDrivesSideInstallation50": 650,
    "TwoDrivesSideInstallation60": 650,
    "TwoDrivesSideInstallation70": 650,
    "TwoDrivesSideInstallation80": 650,
    "OpeningSpeedmms": 4,
    "Traction": 1067,
    "Thrust": 1600,
    "Id": "9f91500a-3224-410c-b4df-c240b49d5a6d",
    "CreatedOn": "2024-09-26T13:55:26.817Z",
    "CreatedBy": "",
    "ModifiedOn": "2024-09-26T13:55:26.817Z",
    "ModifiedBy": ""
  },
  {
    "Name": "Linear drive LDN8 L400",
    "Bezeichnung": "Linearantrieb LDN8 L400",
    "ConfigurationId": "00000000-0000-0000-0000-000000000000",
    "Description": "",
    "Application": "Roof",
    "ApplicationFacade": false,
    "ApplicationSkylight": true,
    "Type": 2,
    "OpeningType": 0,
    "BottomHungInward": false,
    "BottomHungOutward": true,
    "SideHungInward": false,
    "SideHungOutward": false,
    "TopHungInward": false,
    "TopHungOutward": true,
    "ProjectedTopHungInward": false,
    "ProjectedTopHungOutward": false,
    "InstallationType": "",
    "ITMainOutFrmMountWBracket": true,
    "ITMainFixOutFrmMount": false,
    "ITMainVentFrmMount": false,
    "ITSideMount50": true,
    "ITSideMount60": true,
    "ITSideMount70": true,
    "ITSideMount80": true,
    "ITSideMount67": false,
    "Feature": "",
    "FeatureOpenClose": true,
    "FeatureLock": true,
    "ArticleNumber": 291920,
    "Stroke": 400,
    "Angle": 0,
    "Voltage": "24 V DC",
    "Voltage24": true,
    "Voltage230": false,
    "RatedCurrent": 1,
    "BreakingCurrent": 1,
    "PullingForceMax": 800,
    "PushingForceMax": 800,
    "PullingForceMaxWithNegativeWind": 0,
    "PushingForceMaxWithNegativeWind": 0,
    "PushingForcePermanent": 533.33,
    "PullingForcePermanent": 533.33,
    "MinPullingForceMax": 0,
    "MinPushingForceMax": 417.84,
    "MinPullingForcePermanent": 0,
    "MinPushingForcePermanent": 417.84,
    "Price": 456.43,
    "DriveLength": 0,
    "ChainDrive": 450,
    "ChainDrive2": 450,
    "MaxLengthMainClosingEdge1Drive": 2100,
    "MaxGeometricArea": 1,
    "GeometricalSmokeExhaustion": 0,
    "TotalGlassThickness": 14,
    "Dimensions": 0,
    "DimensionsWxHxD": "723 x Ø36",
    "TensileForce": 0,
    "LockingForce": 0,
    "Details_DE": "<ul> <li>Bemessungsspannung: 24 V DC (19 V … 28 V)</li><li>Abschaltstrom: 1,4 A</li><li>Bemessungsstrom: 1,0 A</li><li>Bemessungsaufnahme: 24 W</li><li>Schutzart: IP 65</li> <li>Zug-/Schubkraft: max. 800 N</li><li>Umgebungstemperatur: -5°C bis + 60°C</li><li>Anschlussleitung: Halogenfrei, grau 3 x 1mm², ~3m</li><li>Max. Geschwindigkeit: 10 mm/s</li></ul>",
    "Details_EN": "<ul> <li>Rated voltage: 24 V DC (19 V … 28 V)</li> <li>Breaking current: 1.4 A</li> <li>Rated current: 1.0 A</li> <li>Rated consumption: 24 W</li> <li>Protection rating: IP 65</li><li>Traction/ thrust: max. 800 N</li> <li>Ambient temperature: -5°C to + 60°C</li> <li>Connecting cable: halogen-free, grey 3 x 1mm², ~3m</li> <li>Max. speed: 10 mm/s</li> </ul>",
    "Einsatz": "<ul> <li>Anwendung: Lüftung, NRA</li><li>Integrierte intelligente Regelelektronik</li></ul>",
    "Use": "<ul> <li>Application: ventilation, natural smoke ventilation</li><li>Integrated intelligent control electronics</li></ul>",
    "Ausstattung": "<ul> <li>Robuste korrosionsbeständige Ausführung in eloxierten Aluminiumgehäuse</li><li>Montagefreundlich durch verstellbaren Klemmring</li><li>Spindel aus Edelstahl, kugelgelagert mit Endlagendämpfung</li><li>Mit Goretex Membrane</li></ul>",
    "Equipment": "<ul> <li>Robust, corrosion-resistant design in anodized casing</li><li>Easy installation thanks to adjustable clamping ring</li><li>Stainless steel spindle on ball bearings with end position cushioning</li><li>with Goretex membrane</li></ul>",
    "Optionen": "<ul> <li>Programmierung von Sonderfunktionen</li><li>Programmierbare Parameter der Regelelektronik</li><li>Schüco Kontroller zur automatischen Konfiguration von Synchronlauf und Folgesteuerungen mit Verriegelungsantrieb in Antriebs-Verbundsystem</li></ul>",
    "Options": "<ul> <li>Programming of special functions</li><li>Programmable parameters of intelligent control electronics</li><li>Schüco controller for automatic configuration of synchronous running and sequence control with locking actuators in composite drive systems</li></ul>",
    "IsTwoPce": false,
    "ResultVentWeight": 83.57,
    "IsLsRsDrive": false,
    "ArticleNumberRs": 0,
    "TwoDrivesSideInstallation50": 650,
    "TwoDrivesSideInstallation60": 650,
    "TwoDrivesSideInstallation70": 650,
    "TwoDrivesSideInstallation80": 650,
    "OpeningSpeedmms": 10,
    "Traction": 533,
    "Thrust": 800,
    "Id": "a5df0ac4-840a-4686-ab17-68a05d8c4d52",
    "CreatedOn": "2024-09-26T13:55:26.817Z",
    "CreatedBy": "",
    "ModifiedOn": "2024-09-26T13:55:26.817Z",
    "ModifiedBy": ""
  },
  {
    "Name": "Linear drive LDN10 L400",
    "Bezeichnung": "Linearantrieb LDN10 L400",
    "ConfigurationId": "00000000-0000-0000-0000-000000000000",
    "Description": "",
    "Application": "Roof",
    "ApplicationFacade": false,
    "ApplicationSkylight": true,
    "Type": 2,
    "OpeningType": 0,
    "BottomHungInward": false,
    "BottomHungOutward": true,
    "SideHungInward": false,
    "SideHungOutward": false,
    "TopHungInward": false,
    "TopHungOutward": true,
    "ProjectedTopHungInward": false,
    "ProjectedTopHungOutward": false,
    "InstallationType": "",
    "ITMainOutFrmMountWBracket": true,
    "ITMainFixOutFrmMount": false,
    "ITMainVentFrmMount": false,
    "ITSideMount50": true,
    "ITSideMount60": true,
    "ITSideMount70": true,
    "ITSideMount80": true,
    "ITSideMount67": false,
    "Feature": "",
    "FeatureOpenClose": true,
    "FeatureLock": true,
    "ArticleNumber": 291928,
    "Stroke": 400,
    "Angle": 0,
    "Voltage": "24 V DC",
    "Voltage24": true,
    "Voltage230": false,
    "RatedCurrent": 2,
    "BreakingCurrent": 2,
    "PullingForceMax": 1000,
    "PushingForceMax": 1000,
    "PullingForceMaxWithNegativeWind": 0,
    "PushingForceMaxWithNegativeWind": 0,
    "PushingForcePermanent": 666.67,
    "PullingForcePermanent": 666.67,
    "MinPullingForceMax": 0,
    "MinPushingForceMax": 417.84,
    "MinPullingForcePermanent": 0,
    "MinPushingForcePermanent": 417.84,
    "Price": 585.51,
    "DriveLength": 0,
    "ChainDrive": 450,
    "ChainDrive2": 450,
    "MaxLengthMainClosingEdge1Drive": 2100,
    "MaxGeometricArea": 1,
    "GeometricalSmokeExhaustion": 0,
    "TotalGlassThickness": 14,
    "Dimensions": 0,
    "DimensionsWxHxD": "723 x Ø36",
    "TensileForce": 0,
    "LockingForce": 0,
    "Details_DE": "<ul> <li>Bemessungsspannung: 24 V DC (19 V … 28 V)</li><li>Abschaltstrom: 2,5 A</li><li>Bemessungsstrom: 1,9 A</li><li>Bemessungsaufnahme: 45 W</li><li>Schutzart: IP 65</li> <li>Zug-/Schubkraft: max. 1000 N</li><li>Umgebungstemperatur: -5°C bis + 60°C</li><li>Anschlussleitung: Halogenfrei, grau 3 x 1mm², ~3m</li><li>Max. Geschwindigkeit: 12,6 mm/s</li></ul>",
    "Details_EN": "<ul> <li>Rated voltage: 24 V DC (19 V … 28 V)</li> <li>Breaking current: 2.5 A</li> <li>Rated current: 1.9 A</li> <li>Rated consumption: 45 W</li> <li>Protection rating: IP 65</li><li>Traction/ thrust: max. 1000N</li> <li>Ambient temperature: -5°C to + 60°C</li> <li>Connecting cable: halogen-free, grey 3 x 1mm², ~3m</li> <li>Max. speed: 12.6 mm/s</li> </ul>",
    "Einsatz": "<ul> <li>Anwendung: Lüftung, NRA</li><li>Integrierte intelligente Regelelektronik</li></ul>",
    "Use": "<ul> <li>Application: ventilation, natural smoke ventilation</li><li>Integrated intelligent control electronics</li></ul>",
    "Ausstattung": "<ul> <li>Robuste korrosionsbeständige Ausführung in eloxierten Aluminiumgehäuse</li><li>Montagefreundlich durch verstellbaren Klemmring</li><li>Spindel aus Edelstahl, kugelgelagert mit Endlagendämpfung</li><li>Mit Goretex Membrane</li></ul>",
    "Equipment": "<ul> <li>Robust, corrosion-resistant design in anodized casing</li><li>Easy installation thanks to adjustable clamping ring</li><li>Stainless steel spindle on ball bearings with end position cushioning</li><li>with Goretex membrane</li></ul>",
    "Optionen": "<ul> <li>Programmierung von Sonderfunktionen</li><li>Programmierbare Parameter der Regelelektronik</li><li>Schüco Kontroller zur automatischen Konfiguration von Synchronlauf und Folgesteuerungen mit Verriegelungsantrieb in Antriebs-Verbundsystem</li></ul>",
    "Options": "<ul> <li>Programming of special functions</li><li>Programmable parameters of intelligent control electronics</li><li>Schüco controller for automatic configuration of synchronous running and sequence control with locking drives in composite drive systems</li></ul>",
    "IsTwoPce": false,
    "ResultVentWeight": 83.57,
    "IsLsRsDrive": false,
    "ArticleNumberRs": 0,
    "TwoDrivesSideInstallation50": 650,
    "TwoDrivesSideInstallation60": 650,
    "TwoDrivesSideInstallation70": 650,
    "TwoDrivesSideInstallation80": 650,
    "OpeningSpeedmms": 13,
    "Traction": 667,
    "Thrust": 1000,
    "Id": "9cac4106-1486-488f-8b76-e842cb91da3a",
    "CreatedOn": "2024-09-26T13:55:26.817Z",
    "CreatedBy": "",
    "ModifiedOn": "2024-09-26T13:55:26.817Z",
    "ModifiedBy": ""
  },
  {
    "Name": "Linear drive LDH15 L400",
    "Bezeichnung": "Linearantrieb LDH15 L400",
    "ConfigurationId": "00000000-0000-0000-0000-000000000000",
    "Description": "",
    "Application": "Roof",
    "ApplicationFacade": false,
    "ApplicationSkylight": true,
    "Type": 2,
    "OpeningType": 0,
    "BottomHungInward": false,
    "BottomHungOutward": true,
    "SideHungInward": false,
    "SideHungOutward": false,
    "TopHungInward": false,
    "TopHungOutward": true,
    "ProjectedTopHungInward": false,
    "ProjectedTopHungOutward": false,
    "InstallationType": "",
    "ITMainOutFrmMountWBracket": true,
    "ITMainFixOutFrmMount": false,
    "ITMainVentFrmMount": false,
    "ITSideMount50": true,
    "ITSideMount60": true,
    "ITSideMount70": true,
    "ITSideMount80": true,
    "ITSideMount67": false,
    "Feature": "",
    "FeatureOpenClose": true,
    "FeatureLock": true,
    "ArticleNumber": 291939,
    "Stroke": 400,
    "Angle": 0,
    "Voltage": "24 V DC",
    "Voltage24": true,
    "Voltage230": false,
    "RatedCurrent": 3,
    "BreakingCurrent": 4,
    "PullingForceMax": 1500,
    "PushingForceMax": 1500,
    "PullingForceMaxWithNegativeWind": 0,
    "PushingForceMaxWithNegativeWind": 0,
    "PushingForcePermanent": 1000,
    "PullingForcePermanent": 1000,
    "MinPullingForceMax": 0,
    "MinPushingForceMax": 417.84,
    "MinPullingForcePermanent": 0,
    "MinPushingForcePermanent": 417.84,
    "Price": 776.85,
    "DriveLength": 0,
    "ChainDrive": 450,
    "ChainDrive2": 450,
    "MaxLengthMainClosingEdge1Drive": 2100,
    "MaxGeometricArea": 1,
    "GeometricalSmokeExhaustion": 0,
    "TotalGlassThickness": 14,
    "Dimensions": 0,
    "DimensionsWxHxD": "841 x Ø50",
    "TensileForce": 0,
    "LockingForce": 0,
    "Details_DE": "<ul> <li>Bemessungsspannung: 24 V DC (19 V … 28 V)</li><li>Abschaltstrom: 4,0 A</li><li>Bemessungsstrom: 3,0 A</li><li>Bemessungsaufnahme: 72 W</li><li>Schutzart: IP 54</li> <li>Zug-/Schubkraft: max. 1500 N</li><li>Umgebungstemperatur: -5°C bis + 60°C</li><li>Anschlussleitung: Halogenfrei, grau 3 x 1mm², ~3m</li><li>Max. Geschwindigkeit: 16 mm/s</li></ul>",
    "Details_EN": "<ul> <li>Rated voltage: 24 V DC (19 V … 28 V)</li> <li>Breaking current: 4.0 A</li> <li>Rated current: 3.0 A</li> <li>Rated consumption: 72 W</li> <li>Protection rating: IP 54</li><li>Traction/ thrust: max. 1500N</li> <li>Ambient temperature: -5°C to + 60°C</li> <li>Connecting cable: halogen-free, grey 3 x 1mm², ~3m</li> <li>Max. speed: 16 mm/s</li> </ul>",
    "Einsatz": "<ul> <li>Anwendung: Lüftung, NRA</li><li>Integrierte intelligente Regelelektronik</li></ul>",
    "Use": "<ul> <li>Application: ventilation, natural smoke ventilation</li><li>Integrated intelligent control electronics</li></ul>",
    "Ausstattung": "<ul> <li>Robuste korrosionsbeständige Ausführung in eloxierten Aluminiumgehäuse</li><li>Montagefreundlich durch verstellbaren Klemmring</li><li>Spindel aus Edelstahl, kugelgelagert mit Endlagendämpfung</li><li>Mit Goretex Membrane</li></ul>",
    "Equipment": "<ul> <li>Robust, corrosion-resistant design in anodized casing</li><li>Easy installation thanks to adjustable clamping ring</li><li>Stainless steel spindle on ball bearings with end position cushioning</li><li>with Goretex membrane</li></ul>",
    "Optionen": "<ul> <li>Programmierung von Sonderfunktionen</li><li>Programmierbare Parameter der Regelelektronik</li><li>Schüco Kontroller zur automatischen Konfiguration von Synchronlauf und Folgesteuerungen mit Verriegelungsantrieb in Antriebs-Verbundsystem</li></ul>",
    "Options": "<ul> <li>Programming of special functions</li><li>Programmable parameters of intelligent control electronics</li><li>Schüco controller for automatic configuration of synchronous running and sequence control with locking drives in composite drive systems</li></ul>",
    "IsTwoPce": false,
    "ResultVentWeight": 83.57,
    "IsLsRsDrive": true,
    "ArticleNumberRs": 291939,
    "TwoDrivesSideInstallation50": 650,
    "TwoDrivesSideInstallation60": 650,
    "TwoDrivesSideInstallation70": 650,
    "TwoDrivesSideInstallation80": 650,
    "OpeningSpeedmms": 16,
    "Traction": 1000,
    "Thrust": 1500,
    "Id": "f88c2ba9-694a-4b49-b0c1-20efbe762b90",
    "CreatedOn": "2024-09-26T13:55:26.817Z",
    "CreatedBy": "",
    "ModifiedOn": "2024-09-26T13:55:26.817Z",
    "ModifiedBy": ""
  },
  {
    "Name": "Locking actuator roof",
    "Bezeichnung": "Verr.antrieb Dachf 600N",
    "ConfigurationId": "00000000-0000-0000-0000-000000000000",
    "Description": "",
    "Application": "",
    "ApplicationFacade": false,
    "ApplicationSkylight": true,
    "Type": 5,
    "OpeningType": 0,
    "BottomHungInward": false,
    "BottomHungOutward": true,
    "SideHungInward": false,
    "SideHungOutward": false,
    "TopHungInward": false,
    "TopHungOutward": true,
    "ProjectedTopHungInward": false,
    "ProjectedTopHungOutward": false,
    "InstallationType": "",
    "ITMainOutFrmMountWBracket": true,
    "ITMainFixOutFrmMount": false,
    "ITMainVentFrmMount": false,
    "ITSideMount50": true,
    "ITSideMount60": true,
    "ITSideMount70": true,
    "ITSideMount80": true,
    "ITSideMount67": false,
    "Feature": "",
    "FeatureOpenClose": true,
    "FeatureLock": false,
    "ArticleNumber": 291954,
    "Stroke": 0,
    "Angle": 0,
    "Voltage": null,
    "Voltage24": true,
    "Voltage230": false,
    "RatedCurrent": 0,
    "BreakingCurrent": 0,
    "PullingForceMax": 0,
    "PushingForceMax": 0,
    "PullingForceMaxWithNegativeWind": 0,
    "PushingForceMaxWithNegativeWind": 0,
    "PushingForcePermanent": 0,
    "PullingForcePermanent": 0,
    "MinPullingForceMax": 0,
    "MinPushingForceMax": 0,
    "MinPullingForcePermanent": 0,
    "MinPushingForcePermanent": 0,
    "Price": 225.16,
    "DriveLength": 0,
    "ChainDrive": 0,
    "ChainDrive2": 0,
    "MaxLengthMainClosingEdge1Drive": 0,
    "MaxGeometricArea": 0,
    "GeometricalSmokeExhaustion": 0,
    "TotalGlassThickness": 0,
    "Dimensions": 0,
    "DimensionsWxHxD": "415 x 26 x 26",
    "TensileForce": 0,
    "LockingForce": 0,
    "Details_DE": "<ul> <li>Bemessungsspannung: 24 V DC (19 V … 28 V)</li> <li>Abschaltstrom: ~1,0 A</li> <li>Bemessungsstrom: 0,6 A</li> <li>Bemessungsaufnahme: 15 W</li> <li>Schutzart: IP 32</li><li>Zug-/Schubkraft: max. 600 N</li> <li>Umgebungstemperatur: -5°C bis + 60°C</li> <li>Anschlussleitung: Halogenfrei, grau 3x 0,5mm², ~3m</li> <li>Laufzeit: ~ 5s</li><li>Hub: ~ 18mm</li> </ul>",
    "Details_EN": "<ul> <li>Rated voltage : 24 V DC (19 V … 28 V</li> <li>Breaking current : ~1,0 A</li> <li>Rated current : 0,6 A</li> <li>Rated consumption : 15 W</li> <li>Protection rating : IP 32</li><li>Traction/ thrust : max. 600 N</li> <li>Ambient temperature: -5°C bis + 60°C</li> <li>Connecting cable: halogen-free, grey 3 x 0,5mm², ~3m</li> <li>Running time: ~ 5s</li><li>Stroke: ~ 18mm</li> </ul>",
    "Einsatz": "<ul> <li>Anwendung: Lüftung, NRA</li><li>Integrierte intelligente Regelelektronik</li></ul>",
    "Use": "<ul> <li>Application: ventilation, natural smoke ventilation</li> <li>Integrated intelligent control electronics</li></ul>",
    "Ausstattung": "<ul><li>Laufrichtung einstellbar</li></ul>",
    "Equipment": "<ul><li>Running direction adjustable</li></ul>",
    "Optionen": "<ul> <li>Mitnehmer objekt-/profilspezifisch anpassbar</li></ul>",
    "Options": "<ul> <li>Coupling adapter customizable for project-/profile-specific demands</li></ul>",
    "IsTwoPce": false,
    "ResultVentWeight": 0,
    "IsLsRsDrive": false,
    "ArticleNumberRs": 0,
    "TwoDrivesSideInstallation50": 0,
    "TwoDrivesSideInstallation60": 0,
    "TwoDrivesSideInstallation70": 0,
    "TwoDrivesSideInstallation80": 0,
    "OpeningSpeedmms": 0,
    "Traction": 0,
    "Thrust": 0,
    "Id": "2b6ffe33-0cb6-494e-a561-679dc2adeb63",
    "CreatedOn": "2024-09-26T13:55:26.817Z",
    "CreatedBy": "",
    "ModifiedOn": "2024-09-26T13:55:26.817Z",
    "ModifiedBy": ""
  }
]

13:52:31.759 [main] INFO  com.intuit.karate - Expected RecommDrive: Chain actuator D15 800,Linear drive LDB16 L400,Linear drive LDN8 L400,Linear drive LDN10 L400,Linear drive LDH15 L400,Locking actuator roof 
13:52:31.761 [main] INFO  com.intuit.karate - Actual RecommDrive: Chain actuator D15 800, Linear drive LDB16 L400, Linear drive LDN8 L400, Linear drive LDN10 L400, Linear drive LDH15 L400, Locking actuator roof 
13:52:31.761 [main] INFO  com.intuit.karate - Normalized Actual RecommDrive: Chain actuator D15 800,Linear drive LDB16 L400,Linear drive LDN8 L400,Linear drive LDN10 L400,Linear drive LDH15 L400,Locking actuator roof 
13:52:31.761 [main] INFO  com.intuit.karate - Normalized Expected RecommDrive: Chain actuator D15 800,Linear drive LDB16 L400,Linear drive LDN8 L400,Linear drive LDN10 L400,Linear drive LDH15 L400,Locking actuator roof 
13:52:31.763 [main] INFO  com.intuit.karate - All Drive IDs: [
  "6e554a6b-0764-4e7a-ac2f-8ca9ada34e08",
  "9f91500a-3224-410c-b4df-c240b49d5a6d",
  "a5df0ac4-840a-4686-ab17-68a05d8c4d52",
  "9cac4106-1486-488f-8b76-e842cb91da3a",
  "f88c2ba9-694a-4b49-b0c1-20efbe762b90",
  "2b6ffe33-0cb6-494e-a561-679dc2adeb63"
]
 
13:52:31.764 [main] INFO  com.intuit.karate - First Drive ID: 6e554a6b-0764-4e7a-ac2f-8ca9ada34e08 
13:52:31.766 [main] DEBUG com.intuit.karate - request:
3 > POST https://dev-drivetec-apis.schuecodigitalsolutions.com/api/Drives/DownloadPDFNew/Schuco
3 > Content-Type: application/json; charset=UTF-8
3 > Content-Length: 1194
3 > Host: dev-drivetec-apis.schuecodigitalsolutions.com
3 > Connection: Keep-Alive
3 > User-Agent: Apache-HttpClient/4.5.14 (Java/17.0.12)
3 > Accept-Encoding: gzip,deflate
[{"Id":"configId","Header":"configId","Value":"7441cf29-aebc-4f09-99ae-038a87fc1bdc"},{"Id":"driveId","Header":"driveId","Value":"6e554a6b-0764-4e7a-ac2f-8ca9ada34e08"},{"Id":"culture","Header":"culture","Value":"EN-US"},{"Id":"projectId","Header":"projectId","Value":"2afcf090-6588-4022-aa5e-49fca51f940e"},{"Id":"range-of-app","Header":"Range of application","Value":"Façade"},{"Id":"opening-type","Header":"Opening type","Value":"Bottom-hung vent"},{"Id":"opening-direction","Header":"Opening direction","Value":"Inward"},{"Id":"how-calc-weight","Header":"Vent weight","Value":"Weight including glass"},{"Id":"Chain-Length","Header":"Chain- \/ connecting rod handle","Value":"100%"},{"Id":"drive-position","Header":"Drive position","Value":"Side installation"},{"Id":"locking-mechanism","Header":"Locking mechanism","Value":"With"},{"Id":"voltage","Header":"Voltage","Value":"24 V"},{"Id":"drive-type","Header":"Drive type","Value":"Chain drive"},{"Id":"type-installation","Header":"Type of installation","Value":"Pivoting Outer Frame Installation"},{"Id":"calculation-type-for-ventilation-area","Header":"Calculation type for ventilation area","Value":"Method in accordance with ASR 3.6"}]

13:52:33.578 [main] DEBUG com.intuit.karate - response time in milliseconds: 1812
3 < 200
3 < Content-Type: application/json; charset=utf-8
3 < Date: Thu, 05 Dec 2024 08:22:31 GMT
3 < Server: Microsoft-IIS/10.0
3 < X-Powered-By: ASP.NET
3 < Content-Length: 279
3 < Connection: keep-alive
{
  "result": "https://drive-tec-dev.s3.amazonaws.com/AUT_TPJ33518-Chain_actuator_D15_800.pdf?AWSAccessKeyId=AKIAZAWIART4ZFAXXPHK&Expires=1733390551&response-content-disposition=attachment%3B&response-content-type=application%2Fpdf&Signature=zKerDJGtmBSBfcx4e%2BvYHKyjyfM%3D"
}

13:52:33.579 [main] INFO  com.intuit.karate - Download URL for first driveId: https://drive-tec-dev.s3.amazonaws.com/AUT_TPJ33518-Chain_actuator_D15_800.pdf?AWSAccessKeyId=AKIAZAWIART4ZFAXXPHK&Expires=1733390551&response-content-disposition=attachment%3B&response-content-type=application%2Fpdf&Signature=zKerDJGtmBSBfcx4e%2BvYHKyjyfM%3D 
13:52:33.583 [main] INFO  com.intuit.karate - karate.env system property was: null 
13:52:33.587 [main] INFO  com.intuit.karate - Running test for dataset:  Dataset6 
13:52:33.595 [main] INFO  com.intuit.karate - Using ProjectId:  {
  "result": {
    "projectId": "prjId"
  },
  "projectPayload": {
    "Id": "579816e4-6653-4794-b435-a885f32e28d7",
    "Name": "AUT_TPJ33518",
    "Address": "Hyderabad, Telangana, India",
    "Description": "",
    "CreatedBy": "579816e4-6653-4794-b435-a885f32e28d7",
    "ModifiedBy": "579816e4-6653-4794-b435-a885f32e28d7"
  },
  "uniqueName": "AUT_TPJ33518",
  "responseHeaders": {
    "Content-Type": [
      "application/json; charset=utf-8"
    ],
    "Date": [
      "Thu, 05 Dec 2024 08:22:12 GMT"
    ],
    "Server": [
      "Microsoft-IIS/10.0"
    ],
    "X-Powered-By": [
      "ASP.NET"
    ],
    "transfer-encoding": [
      "chunked"
    ],
    "Connection": [
      "keep-alive"
    ],
    "Set-Cookie": [
    ]
  },
  "responseTime": 841,
  "response": {
    "Name": "AUT_TPJ33518",
    "Description": "",
    "Address": "Hyderabad, Telangana, India",
    "Id": "2afcf090-6588-4022-aa5e-49fca51f940e",
    "CreatedOn": "2024-12-05T08:22:11.998251+00:00",
    "CreatedBy": "579816e4-6653-4794-b435-a885f32e28d7",
    "ModifiedOn": "2024-12-05T08:22:11.9982526+00:00",
    "ModifiedBy": ""
  },
  "responseStatus": 200,
  "prjId": "2afcf090-6588-4022-aa5e-49fca51f940e",
  "projectId": "2afcf090-6588-4022-aa5e-49fca51f940e"
}
 
13:52:33.598 [main] DEBUG com.intuit.karate - request:
1 > POST https://dev-drivetec-apis.schuecodigitalsolutions.com/Configurations
1 > Content-Type: application/json; charset=UTF-8
1 > Content-Length: 1275
1 > Host: dev-drivetec-apis.schuecodigitalsolutions.com
1 > Connection: Keep-Alive
1 > User-Agent: Apache-HttpClient/4.5.14 (Java/17.0.12)
1 > Accept-Encoding: gzip,deflate
{"Id":"00000000-0000-0000-0000-000000000000","ProjectId":"2afcf090-6588-4022-aa5e-49fca51f940e","Name":"Dataset3597","Description":"Dataset3597","CustomTags":"","CreatedBy":"579816e4-6653-4794-b435-a885f32e28d7","ModifiedBy":"579816e4-6653-4794-b435-a885f32e28d7","ApplicationName":1,"System":"","FacadeInclination":0,"OpeningType":1,"OpeningDirection":1,"OpeningWidth":1000,"VentOuterWidth":1230,"VentOuterHeight":1480,"VentWeight":70,"CalculateWeightWithGlass":false,"WeightIncGlassOrThickness":false,"GlassThickness":14,"ProfileWeightPerSerialMeter":2.5,"IsWindowOpeningCalculationByAngle":1,"RequiredOpeningStroke":400,"OpeningAngle":15,"WindLoad":120,"SnowLoad":0,"DrivePosition":2,"InstallationPosition":1,"ChainLengthConnectingRodHandle":5,"LockingMechanism":1,"Voltage":1,"DriveType":1,"TypeOfInstallation":2,"CalculationTypeForVentilation":1,"CalcVentilation":1,"GeometricArea":1,"SpecificExhaustDimension":30,"BuildingDepth":75,"RevealDepth":0,"RevealDepthRectangleAngle1":0,"RevealDepthRectangleAngle2":0,"HeightOfProfile":0,"HeightProfileRectangleAngle1":0,"HeightProfileRectangleAngle2":0,"AkippOrAtilt":0,"AdrehOrAturn":0,"Ageo":0,"MinPullingForceMax":0,"MinPushingForceMax":0,"MinPullingForcePermanent":0,"MinPushingForcePermanent":0,"ForceWithNegativeWind":0}

13:52:34.202 [main] DEBUG com.intuit.karate - response time in milliseconds: 603
1 < 200
1 < Content-Type: application/json; charset=utf-8
1 < Date: Thu, 05 Dec 2024 08:22:31 GMT
1 < Server: Microsoft-IIS/10.0
1 < X-Powered-By: ASP.NET
1 < transfer-encoding: chunked
1 < Connection: keep-alive
{
  "ProjectId": "2afcf090-6588-4022-aa5e-49fca51f940e",
  "Name": "Dataset3597",
  "Description": "Dataset3597",
  "CustomTags": "",
  "ApplicationName": 1,
  "OpeningType": 1,
  "OpeningDirection": 1,
  "CalculateWeightWithGlass": false,
  "WindLoad": 120,
  "IsWindowOpeningCalculationByAngle": 1,
  "VentOuterWidth": 1230,
  "VentOuterHeight": 1480,
  "WeightIncGlassOrThickness": false,
  "VentWeight": 77,
  "VentWeightExact": 77.26400000000001,
  "GlassThickness": 14,
  "ProfileWeightPerSerialMeter": 2.5,
  "FacadeInclination": 0,
  "ChainLengthConnectingRodHandle": 5,
  "ChainLenghtConnectingRodHandle": 0,
  "RequiredOpeningStroke": 400,
  "OpeningWidth": 1000,
  "OpeningAngle": 15.532868337024489,
  "SpecificExhaustDimension": 30,
  "BuildingDepth": 75,
  "SnowLoad": 0,
  "DistanceHinge": 0,
  "RatedCurrent": 0,
  "DrivePosition": 2,
  "LockingMechanism": 1,
  "Voltage": 1,
  "DriveType": 1,
  "TypeOfInstallation": 2,
  "GeometricArea": 0,
  "CalculationTypeForVentilation": 1,
  "HeightOfProfile": 0,
  "Reveal": 0,
  "RevealDepth": 0,
  "HeightProfileRectangleAngle1": 0,
  "HeightProfileRectangleAngle2": 0,
  "RevealDepthRectangleAngle1": 0,
  "RevealDepthRectangleAngle2": 0,
  "RevealDepthRectangleAngle12": 0,
  "InstallationPosition": 0,
  "RecommendedDriveArticleNo": 0,
  "System": "",
  "AkippOrAtilt": 1.084,
  "AdrehOrAturn": 1.8204,
  "Ageo": 1.084,
  "MinPullingForceMax": -206.4868442161654,
  "MinPushingForceMax": -206.4868442161654,
  "MinPullingForcePermanent": -104.11163259218097,
  "MinPushingForcePermanent": -104.11163259218097,
  "ForceWithNegativeWind": 109.53156767199486,
  "ForceWithNoWindMin": 0.30763693489047433,
  "ForceWithNegativeWindMin": 0,
  "ForceWithWindMin": -108.91629380221393,
  "Id": "1d74ae8b-6af1-4e58-9447-0b2110c21838",
  "CreatedOn": "2024-12-05T08:22:31.7267973+00:00",
  "CreatedBy": "579816e4-6653-4794-b435-a885f32e28d7",
  "ModifiedOn": "2024-12-05T08:22:31.7267988+00:00",
  "ModifiedBy": ""
}

13:52:34.203 [main] INFO  com.intuit.karate - Generated Config ID: 1d74ae8b-6af1-4e58-9447-0b2110c21838 
13:52:34.203 [main] INFO  com.intuit.karate - Generated Name: Dataset3597 
13:52:34.203 [main] INFO  com.intuit.karate - Generated Description: Dataset3597 
13:52:34.206 [main] DEBUG com.intuit.karate - request:
1 > PUT https://dev-drivetec-apis.schuecodigitalsolutions.com/Configurations
1 > Content-Type: application/json; charset=UTF-8
1 > Content-Length: 1279
1 > Host: dev-drivetec-apis.schuecodigitalsolutions.com
1 > Connection: Keep-Alive
1 > User-Agent: Apache-HttpClient/4.5.14 (Java/17.0.12)
1 > Accept-Encoding: gzip,deflate
{"Id":"1d74ae8b-6af1-4e58-9447-0b2110c21838","Name":"Dataset6","Description":"Dataset3597","ProjectId":"2afcf090-6588-4022-aa5e-49fca51f940e","CustomTags":"","CreatedBy":"579816e4-6653-4794-b435-a885f32e28d7","ModifiedBy":"579816e4-6653-4794-b435-a885f32e28d7","System":"","FacadeInclination":0,"OpeningType":1,"OpeningDirection":1,"OpeningWidth":1000,"VentOuterWidth":2500,"VentOuterHeight":800,"VentWeight":0,"CalculateWeightWithGlass":false,"RequiredOpeningStroke":747,"WindLoad":120,"SnowLoad":0,"IsWindowOpeningCalculationByAngle":2,"GlassThickness":14,"ProfileWeightPerSerialMeter":2.5,"DrivePosition":1,"InstallationPosition":0,"LockingMechanism":1,"Voltage":1,"DriveType":1,"TypeOfInstallation":2,"GeometricArea":0,"CalcVentilation":1,"SpecificExhaustDimension":45,"BuildingDepth":90,"CalculationTypeForVentilation":1,"HeightOfProfile":30,"HeightProfileRectangleAngle1":35,"HeightProfileRectangleAngle2":2,"RevealDepth":200,"RevealDepthRectangleAngle1":150,"RevealDepthRectangleAngle2":1000,"ChainLengthConnectingRodHandle":5,"ApplicationName":1,"OpeningAngle":10,"WeightIncGlassOrThickness":false,"AkippOrAtilt":0,"AdrehOrAturn":0,"Ageo":0,"MinPullingForceMax":0,"MinPushingForceMax":0,"MinPullingForcePermanent":0,"MinPushingForcePermanent":0,"ForceWithNegativeWind":0}

13:52:34.793 [main] DEBUG com.intuit.karate - response time in milliseconds: 585
1 < 200
1 < Content-Type: application/json; charset=utf-8
1 < Date: Thu, 05 Dec 2024 08:22:32 GMT
1 < Server: Microsoft-IIS/10.0
1 < X-Powered-By: ASP.NET
1 < Content-Length: 2078
1 < Connection: keep-alive
{
  "ProjectId": "2afcf090-6588-4022-aa5e-49fca51f940e",
  "Name": "Dataset6",
  "Description": "Dataset3597",
  "CustomTags": "",
  "ApplicationName": 1,
  "OpeningType": 1,
  "OpeningDirection": 1,
  "CalculateWeightWithGlass": false,
  "WindLoad": 120,
  "IsWindowOpeningCalculationByAngle": 2,
  "VentOuterWidth": 2500,
  "VentOuterHeight": 800,
  "WeightIncGlassOrThickness": false,
  "VentWeight": 87,
  "VentWeightExact": 86.5,
  "GlassThickness": 14,
  "ProfileWeightPerSerialMeter": 2.5,
  "FacadeInclination": 0,
  "ChainLengthConnectingRodHandle": 5,
  "ChainLenghtConnectingRodHandle": 0,
  "RequiredOpeningStroke": 139.44918839625308,
  "OpeningWidth": 1000,
  "OpeningAngle": 10,
  "SpecificExhaustDimension": 45,
  "BuildingDepth": 90,
  "SnowLoad": 0,
  "DistanceHinge": 0,
  "RatedCurrent": 0,
  "DrivePosition": 1,
  "LockingMechanism": 1,
  "Voltage": 1,
  "DriveType": 1,
  "TypeOfInstallation": 2,
  "GeometricArea": 0,
  "CalculationTypeForVentilation": 1,
  "HeightOfProfile": 30,
  "Reveal": 0,
  "RevealDepth": 200,
  "HeightProfileRectangleAngle1": 35,
  "HeightProfileRectangleAngle2": 2,
  "RevealDepthRectangleAngle1": 150,
  "RevealDepthRectangleAngle2": 1000,
  "RevealDepthRectangleAngle12": 0,
  "InstallationPosition": 0,
  "RecommendedDriveArticleNo": 0,
  "System": "",
  "AkippOrAtilt": 0.4601823217076351,
  "AdrehOrAturn": 2,
  "Ageo": 0.4601823217076351,
  "MinPullingForceMax": -119.65551260126024,
  "MinPushingForceMax": -192.18101971296795,
  "MinPullingForcePermanent": -75.3470327340791,
  "MinPushingForcePermanent": -75.3470327340791,
  "ForceWithNegativeWind": 120.3443352060445,
  "ForceWithNoWindMin": 0.3444113023921364,
  "ForceWithNegativeWindMin": 41.48695424480975,
  "ForceWithWindMin": -119.65551260126024,
  "Id": "1d74ae8b-6af1-4e58-9447-0b2110c21838",
  "CreatedOn": "0001-01-01T00:00:00",
  "CreatedBy": "579816e4-6653-4794-b435-a885f32e28d7",
  "ModifiedOn": "2024-12-05T08:22:32.3275698+00:00",
  "ModifiedBy": "579816e4-6653-4794-b435-a885f32e28d7"
}

13:52:34.795 [main] INFO  com.intuit.karate - VentWeight from API Response: 87 
13:52:34.800 [main] INFO  com.intuit.karate - Rounded Opening Angle: 10.0 
13:52:34.801 [main] INFO  com.intuit.karate - Rounded Ageo: 0.46 
13:52:34.801 [main] INFO  com.intuit.karate - Rounded Required Opening Stroke: 139.0 
13:52:34.801 [main] INFO  com.intuit.karate - Rounded Vent Weight: 87.0 
13:52:34.806 [main] DEBUG com.intuit.karate - request:
2 > GET https://dev-drivetec-apis.schuecodigitalsolutions.com/Config/1d74ae8b-6af1-4e58-9447-0b2110c21838/Drive
2 > Host: dev-drivetec-apis.schuecodigitalsolutions.com
2 > Connection: Keep-Alive
2 > User-Agent: Apache-HttpClient/4.5.14 (Java/17.0.12)
2 > Accept-Encoding: gzip,deflate


13:52:35.558 [main] DEBUG com.intuit.karate - response time in milliseconds: 751
2 < 200
2 < Content-Type: application/json; charset=utf-8
2 < Date: Thu, 05 Dec 2024 08:22:32 GMT
2 < Server: Microsoft-IIS/10.0
2 < X-Powered-By: ASP.NET
2 < transfer-encoding: chunked
2 < Connection: keep-alive
[
  {
    "Name": "Chain actuator D2 L200",
    "Bezeichnung": "Kettenantrieb D2 L200",
    "ConfigurationId": "00000000-0000-0000-0000-000000000000",
    "Description": "",
    "Application": "Facade",
    "ApplicationFacade": true,
    "ApplicationSkylight": false,
    "Type": 1,
    "OpeningType": 0,
    "BottomHungInward": true,
    "BottomHungOutward": false,
    "SideHungInward": true,
    "SideHungOutward": false,
    "TopHungInward": false,
    "TopHungOutward": true,
    "ProjectedTopHungInward": false,
    "ProjectedTopHungOutward": false,
    "InstallationType": "",
    "ITMainOutFrmMountWBracket": true,
    "ITMainFixOutFrmMount": true,
    "ITMainVentFrmMount": true,
    "ITSideMount50": false,
    "ITSideMount60": false,
    "ITSideMount70": false,
    "ITSideMount80": false,
    "ITSideMount67": true,
    "Feature": "",
    "FeatureOpenClose": true,
    "FeatureLock": true,
    "ArticleNumber": 291752,
    "Stroke": 200,
    "Angle": 0,
    "Voltage": "24 V DC",
    "Voltage24": true,
    "Voltage230": false,
    "RatedCurrent": 1,
    "BreakingCurrent": 1,
    "PullingForceMax": 250,
    "PushingForceMax": 250,
    "PullingForceMaxWithNegativeWind": 0,
    "PushingForceMaxWithNegativeWind": 0,
    "PushingForcePermanent": 166.67,
    "PullingForcePermanent": 250,
    "MinPullingForceMax": -192.18,
    "MinPushingForceMax": 0,
    "MinPullingForcePermanent": -75.35,
    "MinPushingForcePermanent": 0,
    "Price": 490.98,
    "DriveLength": 335,
    "ChainDrive": 435,
    "ChainDrive2": 830,
    "MaxLengthMainClosingEdge1Drive": 1650,
    "MaxGeometricArea": 0,
    "GeometricalSmokeExhaustion": 0,
    "TotalGlassThickness": 14,
    "Dimensions": 0,
    "DimensionsWxHxD": "335 x 26 x 41",
    "TensileForce": 0,
    "LockingForce": 0,
    "Details_DE": "<ul><li>Bemessungsspannung: 24 V DC (19 V … 28 V)</li><li>Abschaltstrom: 1,0 A</li><li>Bemessungsstrom: 0,7 A</li><li>Bemessungsaufnahme: 17 W</li><li>Schutzart: IP 32</li><li>Zug-/Schubkraft: max. 250 N</li><li>Umgebungstemperatur: -5°C bis + 60°C</li><li>Anschlussleitung: Halogenfrei, grau 3 x 0,5 mm², ~3 m</li><li>Max. Geschwindigkeit: 13,5 mm/s</li></ul>",
    "Details_EN": "<ul><li>Rated voltage: 24 V DC (19 V … 28 V)</li><li>Breaking current: 1.0 A</li><li>Rated current: 0.7 A</li><li>Rated consumption: 17 W</li><li>Protection rating: IP 32</li><li>Traction/ thrust: max. 250 N</li><li>Ambient temperature: -5°C bis + 60°C</li><li>Connecting cable: halogen-free, grey 3 x 0.5 mm², ~3 m</li><li>Max. speed: 13.5 mm/s</li></ul>",
    "Einsatz": "<ul> <li>Anwendung: Lüftung, NRA</li> <li>Integrierte intelligente Regelelektronik</li> <li>Rückmeldung Endlage „ZU“ (max. 24 V, 500 mA)</li> </ul>",
    "Use": "<ul> <li>Application: ventilation, natural smoke ventilation</li> <li>Integrated, intelligent control electronics</li> <li>Response for “CLOSED” end position (max. 24 V, 500 mA)</li> </ul>",
    "Ausstattung": null,
    "Equipment": null,
    "Optionen": "<ul> <li>Programmierung von Sonderfunktionen</li> <li>Programmierbare Rückmeldung Endlage „AUF“ (max. 24 V, 500 mA)</li> <li>Schüco Kontroller zur automatischen Konfiguration von Synchronlauf und Folgesteuerungen mit Verriegelungsantrieben in Antriebs-Verbundsystemen</li> </ul>",
    "Options": "<ul> <li>Programming of special functions</li> <li>Programmable response for “OPEN” end position (max. 24 V, 500 mA)</li> <li>Schüco controller for automatic configuration of synchronous running and sequence control with locking drives in composite drive systems</li></ul>",
    "IsTwoPce": true,
    "ResultVentWeight": 86.5,
    "IsLsRsDrive": true,
    "ArticleNumberRs": 291753,
    "TwoDrivesSideInstallation50": 0,
    "TwoDrivesSideInstallation60": 0,
    "TwoDrivesSideInstallation70": 0,
    "TwoDrivesSideInstallation80": 0,
    "OpeningSpeedmms": 0,
    "Traction": 250,
    "Thrust": 250,
    "Id": "07c798cb-2b88-4e23-aaec-fbdba670ac23",
    "CreatedOn": "2024-09-26T13:55:26.817Z",
    "CreatedBy": "",
    "ModifiedOn": "2024-09-26T13:55:26.817Z",
    "ModifiedBy": ""
  },
  {
    "Name": "Chain actuator D4 400",
    "Bezeichnung": "Kettenantrieb D4 400",
    "ConfigurationId": "00000000-0000-0000-0000-000000000000",
    "Description": "",
    "Application": "Facade",
    "ApplicationFacade": true,
    "ApplicationSkylight": false,
    "Type": 1,
    "OpeningType": 0,
    "BottomHungInward": true,
    "BottomHungOutward": false,
    "SideHungInward": true,
    "SideHungOutward": true,
    "TopHungInward": false,
    "TopHungOutward": true,
    "ProjectedTopHungInward": false,
    "ProjectedTopHungOutward": true,
    "InstallationType": "",
    "ITMainOutFrmMountWBracket": true,
    "ITMainFixOutFrmMount": true,
    "ITMainVentFrmMount": true,
    "ITSideMount50": false,
    "ITSideMount60": false,
    "ITSideMount70": false,
    "ITSideMount80": false,
    "ITSideMount67": true,
    "Feature": "",
    "FeatureOpenClose": true,
    "FeatureLock": true,
    "ArticleNumber": 291706,
    "Stroke": 400,
    "Angle": 0,
    "Voltage": "24 V DC",
    "Voltage24": true,
    "Voltage230": false,
    "RatedCurrent": 1,
    "BreakingCurrent": 1,
    "PullingForceMax": 400,
    "PushingForceMax": 300,
    "PullingForceMaxWithNegativeWind": 0,
    "PushingForceMaxWithNegativeWind": 0,
    "PushingForcePermanent": 200,
    "PullingForcePermanent": 400,
    "MinPullingForceMax": -192.18,
    "MinPushingForceMax": 0,
    "MinPullingForcePermanent": -75.35,
    "MinPushingForcePermanent": 0,
    "Price": 547.48,
    "DriveLength": 551,
    "ChainDrive": 651,
    "ChainDrive2": 1262,
    "MaxLengthMainClosingEdge1Drive": 1850,
    "MaxGeometricArea": 0,
    "GeometricalSmokeExhaustion": 0,
    "TotalGlassThickness": 14,
    "Dimensions": 0,
    "DimensionsWxHxD": "551 x 24 x 35",
    "TensileForce": 0,
    "LockingForce": 0,
    "Details_DE": "<ul><li>Bemessungsspannung: 24 V DC (19 V … 28 V)</li> <li>Abschaltstrom: 1,2 A</li> <li>Bemessungsstrom: 0,9 A</li> <li>Bemessungsaufnahme: 22 W</li> <li>Schutzart: IP 32</li> <li>Zug-/Schubkraft: max. 400 N</li> <li>Umgebungstemperatur: -5°C bis + 60°C</li> <li>Anschlussleitung: Halogenfrei, grau 5 x 0,5mm², ~3m</li> <li>Max. Geschwindigkeit: 13,5 mm/s</li></ul>",
    "Details_EN": "<ul><li>Rated voltage: 24 V DC (19 V … 28 V)</li> <li>Breaking current: 1.2 A</li><li>Rated current: 0.9 A</li><li>Rated consumption: 22 W</li><li>Protection rating: IP 32</li><li>Traction/ thrust: max. 400 N</li><li>Ambient temperature: -5° C to +60° C</li><li>Connecting cable: halogen-free, grey, 5 x 0.5 mm², ~ 3 m</li><li>Max. speed: 13,5 mm/s </li></ul>",
    "Einsatz": "<ul><li>Anwendung: Lüftung, NRA</li> <li>Integrierte intelligente Regelelektronik</li> <li>Rückmeldung Endlage „ZU“ (max. 24 V, 500 mA)</li> </ul>",
    "Use": "<ul><li>Application: ventilation, natural smoke ventilation</li> <li>Integrated intelligent control electronics</li> <li>Response for “CLOSED” end position (max. 24 V, 500 mA)</li> </ul>",
    "Ausstattung": "<ul><li>Zusätzlicher Universal-Steckersatz für Mehrfachbetrieb bis zu 4 Antrieben und 2 Verriegelungsantrieben</li></ul>",
    "Equipment": "<ul><li>Additional universal plug socket for multiplex operation of up to 4 drives and 2 interlocking drives</li></ul>",
    "Optionen": "<ul><li>Programmierung von Sonderfunktionen</li> <li>Programmierbare Rückmeldung Endlage „AUF“ (max. 24 V, 500 mA)</li> <li>Schüco Kontroller zur automatischen Konfiguration von Synchronlauf und Folgesteuerungen mit Verriegelungsantrieben in Antriebs-Verbundsystemen</li> </ul>",
    "Options": "<ul><li>Programming of special functions</li> <li>Programmable response for “OPEN” end position (max. 24 V, 500 mA)</li> <li>Schüco controller for automatic configuration of synchronous running and sequence control with locking drives in composite drive systems</li> </ul>",
    "IsTwoPce": true,
    "ResultVentWeight": 86.5,
    "IsLsRsDrive": true,
    "ArticleNumberRs": 291705,
    "TwoDrivesSideInstallation50": 0,
    "TwoDrivesSideInstallation60": 0,
    "TwoDrivesSideInstallation70": 0,
    "TwoDrivesSideInstallation80": 0,
    "OpeningSpeedmms": 0,
    "Traction": 400,
    "Thrust": 300,
    "Id": "3d1279a9-fd09-4a49-8d1b-c747973b2872",
    "CreatedOn": "2024-09-26T13:55:26.817Z",
    "CreatedBy": "",
    "ModifiedOn": "2024-09-26T13:55:26.817Z",
    "ModifiedBy": ""
  },
  {
    "Name": "Chain actuator D6 400",
    "Bezeichnung": "Kettenantrieb D6 400",
    "ConfigurationId": "00000000-0000-0000-0000-000000000000",
    "Description": "",
    "Application": "Facade",
    "ApplicationFacade": true,
    "ApplicationSkylight": true,
    "Type": 1,
    "OpeningType": 0,
    "BottomHungInward": true,
    "BottomHungOutward": true,
    "SideHungInward": true,
    "SideHungOutward": true,
    "TopHungInward": false,
    "TopHungOutward": true,
    "ProjectedTopHungInward": false,
    "ProjectedTopHungOutward": true,
    "InstallationType": "",
    "ITMainOutFrmMountWBracket": true,
    "ITMainFixOutFrmMount": false,
    "ITMainVentFrmMount": true,
    "ITSideMount50": false,
    "ITSideMount60": false,
    "ITSideMount70": false,
    "ITSideMount80": false,
    "ITSideMount67": true,
    "Feature": "",
    "FeatureOpenClose": true,
    "FeatureLock": true,
    "ArticleNumber": 291715,
    "Stroke": 400,
    "Angle": 0,
    "Voltage": "24 V DC",
    "Voltage24": true,
    "Voltage230": false,
    "RatedCurrent": 1,
    "BreakingCurrent": 1,
    "PullingForceMax": 600,
    "PushingForceMax": 600,
    "PullingForceMaxWithNegativeWind": 0,
    "PushingForceMaxWithNegativeWind": 0,
    "PushingForcePermanent": 400,
    "PullingForcePermanent": 600,
    "MinPullingForceMax": -192.18,
    "MinPushingForceMax": 0,
    "MinPullingForcePermanent": -75.35,
    "MinPushingForcePermanent": 0,
    "Price": 720.7,
    "DriveLength": 591,
    "ChainDrive": 691,
    "ChainDrive2": 1342,
    "MaxLengthMainClosingEdge1Drive": 1920,
    "MaxGeometricArea": 0,
    "GeometricalSmokeExhaustion": 0,
    "TotalGlassThickness": 14,
    "Dimensions": 0,
    "DimensionsWxHxD": "591 x 40 x 56",
    "TensileForce": 0,
    "LockingForce": 0,
    "Details_DE": "<ul> <li>Bemessungsspannung: 24 V DC (19 V … 28 V)</li> <li>Abschaltstrom: 1,2 A</li> <li>Bemessungsstrom: 0,9 A</li> <li>Bemessungsaufnahme: 22 W</li> <li>Schutzart: IP 32</li> <li>Zug-/Schubkraft: max. 600 N</li> <li>Umgebungstemperatur: -5°C bis + 60°C</li> <li>Anschlussleitung: Halogenfrei, grau 5 x 0,5mm², ~3m</li> <li>Max. Geschwindigkeit: 13,5 mm/s</li> </ul>",
    "Details_EN": "<ul> <li>Rated voltage: 24 V DC (19 V … 28 V)</li><li>Breaking current: 1.2 A</li><li>Rated current: 0.9 A</li><li>Rated consumption: 22W</li><li>Protection rating: IP 32</li><li>Traction/ thrust: max. 600 N</li><li>Ambient temperature: -5° C to +60° C</li><li>Connecting cable: halogen-free, grey 3 x 0,5mm², ~3m</li><li>Max. speed: 13,5 mm/s</li></ul>",
    "Einsatz": "<ul><li>Anwendung: Lüftung, NRA</li> <li>Integrierte intelligente Regelelektronik</li></ul>",
    "Use": "<ul><li>Application: ventilation, natural smoke ventilation</li> <li>Integrated intelligent control electronics</li> </ul>",
    "Ausstattung": "<ul><li>Zusätzlicher Universal-Steckersatz für Mehrfachbetrieb bis zu 4 Antrieben und 2 Verriegelungsantrieben</li></ul>",
    "Equipment": "<ul><li>Additional universal plug socket for multiplex operation  of up to 4 drives and 2 interlocking drives</li></ul>",
    "Optionen": "<ul><li>Programmierung von Sonderfunktionen</li> <li>Programmierbare Rückmeldung Endlage „AUF“ (max. 24 V, 500 mA)</li> <li>Schüco Kontroller zur automatischen Konfiguration von Synchronlauf und Folgesteuerungen mit Verriegelungsantrieben in Antriebs-Verbundsystemen</li> </ul>",
    "Options": "<ul><li>Programming of special functions</li> <li>Programmable response for “OPEN” end position (max. 24 V, 500 mA)</li> <li>Schüco controller for automatic configuration of synchronous running and sequence control with locking drives in composite drive systems</li> </ul>",
    "IsTwoPce": true,
    "ResultVentWeight": 86.5,
    "IsLsRsDrive": false,
    "ArticleNumberRs": 0,
    "TwoDrivesSideInstallation50": 0,
    "TwoDrivesSideInstallation60": 0,
    "TwoDrivesSideInstallation70": 0,
    "TwoDrivesSideInstallation80": 0,
    "OpeningSpeedmms": 0,
    "Traction": 600,
    "Thrust": 600,
    "Id": "6cfaf03b-807c-4298-8635-4bf804653a9e",
    "CreatedOn": "2024-09-26T13:55:26.817Z",
    "CreatedBy": "",
    "ModifiedOn": "2024-09-26T13:55:26.817Z",
    "ModifiedBy": ""
  },
  {
    "Name": "Locking actuator EasyConnect",
    "Bezeichnung": "Verriegelungsantrieb EasyConnect",
    "ConfigurationId": "00000000-0000-0000-0000-000000000000",
    "Description": "",
    "Application": "",
    "ApplicationFacade": true,
    "ApplicationSkylight": false,
    "Type": 5,
    "OpeningType": 0,
    "BottomHungInward": true,
    "BottomHungOutward": false,
    "SideHungInward": true,
    "SideHungOutward": false,
    "TopHungInward": false,
    "TopHungOutward": false,
    "ProjectedTopHungInward": false,
    "ProjectedTopHungOutward": false,
    "InstallationType": "",
    "ITMainOutFrmMountWBracket": true,
    "ITMainFixOutFrmMount": true,
    "ITMainVentFrmMount": false,
    "ITSideMount50": false,
    "ITSideMount60": false,
    "ITSideMount70": false,
    "ITSideMount80": false,
    "ITSideMount67": false,
    "Feature": "",
    "FeatureOpenClose": true,
    "FeatureLock": false,
    "ArticleNumber": 291787,
    "Stroke": 0,
    "Angle": 0,
    "Voltage": null,
    "Voltage24": true,
    "Voltage230": true,
    "RatedCurrent": 0,
    "BreakingCurrent": 0,
    "PullingForceMax": 0,
    "PushingForceMax": 0,
    "PullingForceMaxWithNegativeWind": 0,
    "PushingForceMaxWithNegativeWind": 0,
    "PushingForcePermanent": 0,
    "PullingForcePermanent": 0,
    "MinPullingForceMax": 0,
    "MinPushingForceMax": 0,
    "MinPullingForcePermanent": 0,
    "MinPushingForcePermanent": 0,
    "Price": 0,
    "DriveLength": 0,
    "ChainDrive": 0,
    "ChainDrive2": 0,
    "MaxLengthMainClosingEdge1Drive": 0,
    "MaxGeometricArea": 0,
    "GeometricalSmokeExhaustion": 0,
    "TotalGlassThickness": 0,
    "Dimensions": 0,
    "DimensionsWxHxD": "375 x 24 x 35",
    "TensileForce": 0,
    "LockingForce": 0,
    "Details_DE": "<ul> <li>Bemessungsspannung: 24 V DC (19 V … 28 V)</li> <li>Abschaltstrom: ~1,0 A</li> <li>Bemessungsstrom: 0,6 A</li> <li>Bemessungsaufnahme: 15 W</li> <li>Schutzart: IP 32</li><li>Zug-/Schubkraft: max. 600 N</li> <li>Umgebungstemperatur: -5°C bis + 60°C</li> <li>Anschlussleitung: Halogenfrei, grau 5 x 0,5mm² , ~5m</li> <li>Laufzeit: ~ 5s</li><li>Hub: ~ 18mm</li> </ul>",
    "Details_EN": "<ul> <li>Rated voltage : 24 V DC (19 V … 28 V</li> <li>Breaking current : ~1,0 A</li> <li>Rated current : 0,6 A</li> <li>Rated consumption : 15 W</li> <li>Protection rating : IP 32</li><li>Traction/ thrust : max. 600 N</li> <li>Ambient temperature: -5°C bis + 60°C</li> <li>Connecting cable: halogen-free, grey 5 x 0,5mm² , ~5m</li> <li>Running time: ~ 5s</li><li>Stroke: ~ 18mm</li> </ul>",
    "Einsatz": "<ul> <li>Anwendung: Lüftung, NRA</li><li>Integrierte intelligente Regelelektronik</li></ul>",
    "Use": "<ul> <li>Application: ventilation, natural smoke ventilation</li> <li>Integrated intelligent control electronics</li></ul>",
    "Ausstattung": "<ul><li>Laufrichtung einstellbar</li><li>Zusätzlicher Universal-Steckersatz</li></ul>",
    "Equipment": "<ul><li>Running direction adjustable</li><li>Additional universal plug socket</li></ul>",
    "Optionen": "<ul> <li>Mitnehmer objekt-/profilspezifisch anpassbar</li></ul>",
    "Options": "<ul> <li>Coupling adapter customizable for project-/profile-specific demands</li></ul>",
    "IsTwoPce": false,
    "ResultVentWeight": 0,
    "IsLsRsDrive": false,
    "ArticleNumberRs": 0,
    "TwoDrivesSideInstallation50": 0,
    "TwoDrivesSideInstallation60": 0,
    "TwoDrivesSideInstallation70": 0,
    "TwoDrivesSideInstallation80": 0,
    "OpeningSpeedmms": 0,
    "Traction": 0,
    "Thrust": 0,
    "Id": "f894c384-bd5f-4f1b-a446-f4a3afc8426e",
    "CreatedOn": "2024-09-26T13:55:26.817Z",
    "CreatedBy": "",
    "ModifiedOn": "2024-09-26T13:55:26.817Z",
    "ModifiedBy": ""
  },
  {
    "Name": "Locking actuator 600",
    "Bezeichnung": "Verriegelungsantrieb 600",
    "ConfigurationId": "00000000-0000-0000-0000-000000000000",
    "Description": "",
    "Application": "",
    "ApplicationFacade": true,
    "ApplicationSkylight": false,
    "Type": 5,
    "OpeningType": 0,
    "BottomHungInward": true,
    "BottomHungOutward": false,
    "SideHungInward": true,
    "SideHungOutward": false,
    "TopHungInward": false,
    "TopHungOutward": false,
    "ProjectedTopHungInward": false,
    "ProjectedTopHungOutward": false,
    "InstallationType": "",
    "ITMainOutFrmMountWBracket": true,
    "ITMainFixOutFrmMount": true,
    "ITMainVentFrmMount": false,
    "ITSideMount50": false,
    "ITSideMount60": false,
    "ITSideMount70": false,
    "ITSideMount80": false,
    "ITSideMount67": false,
    "Feature": "",
    "FeatureOpenClose": true,
    "FeatureLock": false,
    "ArticleNumber": 291736,
    "Stroke": 0,
    "Angle": 0,
    "Voltage": null,
    "Voltage24": true,
    "Voltage230": true,
    "RatedCurrent": 0,
    "BreakingCurrent": 0,
    "PullingForceMax": 0,
    "PushingForceMax": 0,
    "PullingForceMaxWithNegativeWind": 0,
    "PushingForceMaxWithNegativeWind": 0,
    "PushingForcePermanent": 0,
    "PullingForcePermanent": 0,
    "MinPullingForceMax": 0,
    "MinPushingForceMax": 0,
    "MinPullingForcePermanent": 0,
    "MinPushingForcePermanent": 0,
    "Price": 218.27,
    "DriveLength": 0,
    "ChainDrive": 0,
    "ChainDrive2": 0,
    "MaxLengthMainClosingEdge1Drive": 0,
    "MaxGeometricArea": 0,
    "GeometricalSmokeExhaustion": 0,
    "TotalGlassThickness": 0,
    "Dimensions": 0,
    "DimensionsWxHxD": "415 x 26 x 26",
    "TensileForce": 0,
    "LockingForce": 0,
    "Details_DE": "<ul> <li>Bemessungsspannung: 24 V DC (19 V … 28 V)</li> <li>Abschaltstrom: ~1,0 A</li> <li>Bemessungsstrom: 0,6 A</li> <li>Bemessungsaufnahme: 15 W</li> <li>Schutzart: IP 32</li><li>Zug-/Schubkraft: max. 600 N</li> <li>Umgebungstemperatur: -5°C bis + 60°C</li> <li>Anschlussleitung: Halogenfrei, grau 3x 0,5mm², ~3m</li> <li>Laufzeit: ~ 5s</li><li>Hub: ~ 18mm</li> </ul>",
    "Details_EN": "<ul> <li>Rated voltage : 24 V DC (19 V … 28 V</li> <li>Breaking current : ~1,0 A</li> <li>Rated current : 0,6 A</li> <li>Rated consumption : 15 W</li> <li>Protection rating : IP 32</li><li>Traction/ thrust : max. 600 N</li> <li>Ambient temperature: -5°C bis + 60°C</li> <li>Connecting cable: halogen-free, grey 3 x 0,5mm², ~3m</li> <li>Running time: ~ 5s</li><li>Stroke: ~ 18mm</li> </ul>",
    "Einsatz": "<ul> <li>Anwendung: Lüftung, NRA</li><li>Integrierte intelligente Regelelektronik</li></ul>",
    "Use": "<ul> <li>Application: ventilation, natural smoke ventilation</li> <li>Integrated intelligent control electronics</li></ul>",
    "Ausstattung": "<ul><li>Laufrichtung einstellbar</li></ul>",
    "Equipment": "<ul><li>Running direction adjustable</li></ul>",
    "Optionen": "<ul> <li>Mitnehmer objekt-/profilspezifisch anpassbar</li></ul>",
    "Options": "<ul> <li>Coupling adapter customizable for project-/profile-specific demands</li></ul>",
    "IsTwoPce": false,
    "ResultVentWeight": 0,
    "IsLsRsDrive": true,
    "ArticleNumberRs": 291735,
    "TwoDrivesSideInstallation50": 0,
    "TwoDrivesSideInstallation60": 0,
    "TwoDrivesSideInstallation70": 0,
    "TwoDrivesSideInstallation80": 0,
    "OpeningSpeedmms": 0,
    "Traction": 0,
    "Thrust": 0,
    "Id": "69d8317e-493b-4010-8d9e-54168822bacf",
    "CreatedOn": "2024-09-26T13:55:26.817Z",
    "CreatedBy": "",
    "ModifiedOn": "2024-09-26T13:55:26.817Z",
    "ModifiedBy": ""
  }
]

13:52:35.568 [main] INFO  com.intuit.karate - Expected RecommDrive: Chain actuator D2 L200,Chain actuator D4 400,Chain actuator D6 400,Locking actuator EasyConnect,Locking actuator 600 
13:52:35.568 [main] INFO  com.intuit.karate - Actual RecommDrive: Chain actuator D2 L200, Chain actuator D4 400, Chain actuator D6 400, Locking actuator EasyConnect, Locking actuator 600 
13:52:35.568 [main] INFO  com.intuit.karate - Normalized Actual RecommDrive: Chain actuator D2 L200,Chain actuator D4 400,Chain actuator D6 400,Locking actuator EasyConnect,Locking actuator 600 
13:52:35.568 [main] INFO  com.intuit.karate - Normalized Expected RecommDrive: Chain actuator D2 L200,Chain actuator D4 400,Chain actuator D6 400,Locking actuator EasyConnect,Locking actuator 600 
13:52:35.569 [main] INFO  com.intuit.karate - All Drive IDs: [
  "07c798cb-2b88-4e23-aaec-fbdba670ac23",
  "3d1279a9-fd09-4a49-8d1b-c747973b2872",
  "6cfaf03b-807c-4298-8635-4bf804653a9e",
  "f894c384-bd5f-4f1b-a446-f4a3afc8426e",
  "69d8317e-493b-4010-8d9e-54168822bacf"
]
 
13:52:35.569 [main] INFO  com.intuit.karate - First Drive ID: 07c798cb-2b88-4e23-aaec-fbdba670ac23 
13:52:35.570 [main] DEBUG com.intuit.karate - request:
3 > POST https://dev-drivetec-apis.schuecodigitalsolutions.com/api/Drives/DownloadPDFNew/Schuco
3 > Content-Type: application/json; charset=UTF-8
3 > Content-Length: 1194
3 > Host: dev-drivetec-apis.schuecodigitalsolutions.com
3 > Connection: Keep-Alive
3 > User-Agent: Apache-HttpClient/4.5.14 (Java/17.0.12)
3 > Accept-Encoding: gzip,deflate
[{"Id":"configId","Header":"configId","Value":"1d74ae8b-6af1-4e58-9447-0b2110c21838"},{"Id":"driveId","Header":"driveId","Value":"07c798cb-2b88-4e23-aaec-fbdba670ac23"},{"Id":"culture","Header":"culture","Value":"EN-US"},{"Id":"projectId","Header":"projectId","Value":"2afcf090-6588-4022-aa5e-49fca51f940e"},{"Id":"range-of-app","Header":"Range of application","Value":"Façade"},{"Id":"opening-type","Header":"Opening type","Value":"Bottom-hung vent"},{"Id":"opening-direction","Header":"Opening direction","Value":"Inward"},{"Id":"how-calc-weight","Header":"Vent weight","Value":"Weight including glass"},{"Id":"Chain-Length","Header":"Chain- \/ connecting rod handle","Value":"100%"},{"Id":"drive-position","Header":"Drive position","Value":"Side installation"},{"Id":"locking-mechanism","Header":"Locking mechanism","Value":"With"},{"Id":"voltage","Header":"Voltage","Value":"24 V"},{"Id":"drive-type","Header":"Drive type","Value":"Chain drive"},{"Id":"type-installation","Header":"Type of installation","Value":"Pivoting Outer Frame Installation"},{"Id":"calculation-type-for-ventilation-area","Header":"Calculation type for ventilation area","Value":"Method in accordance with ASR 3.6"}]

13:52:37.722 [main] DEBUG com.intuit.karate - response time in milliseconds: 2149
3 < 200
3 < Content-Type: application/json; charset=utf-8
3 < Date: Thu, 05 Dec 2024 08:22:35 GMT
3 < Server: Microsoft-IIS/10.0
3 < X-Powered-By: ASP.NET
3 < Content-Length: 279
3 < Connection: keep-alive
{
  "result": "https://drive-tec-dev.s3.amazonaws.com/AUT_TPJ33518-Chain_actuator_D2_L200.pdf?AWSAccessKeyId=AKIAZAWIART4ZFAXXPHK&Expires=1733390555&response-content-disposition=attachment%3B&response-content-type=application%2Fpdf&Signature=mtiDZip4OjqoUAq2zeF%2BZcbUtsc%3D"
}

13:52:37.723 [main] INFO  com.intuit.karate - Download URL for first driveId: https://drive-tec-dev.s3.amazonaws.com/AUT_TPJ33518-Chain_actuator_D2_L200.pdf?AWSAccessKeyId=AKIAZAWIART4ZFAXXPHK&Expires=1733390555&response-content-disposition=attachment%3B&response-content-type=application%2Fpdf&Signature=mtiDZip4OjqoUAq2zeF%2BZcbUtsc%3D 
13:52:37.731 [main] INFO  com.intuit.karate - karate.env system property was: null 
13:52:37.732 [main] INFO  com.intuit.karate - Running test for dataset:  Dataset7 
13:52:37.737 [main] INFO  com.intuit.karate - Using ProjectId:  {
  "result": {
    "projectId": "prjId"
  },
  "projectPayload": {
    "Id": "579816e4-6653-4794-b435-a885f32e28d7",
    "Name": "AUT_TPJ33518",
    "Address": "Hyderabad, Telangana, India",
    "Description": "",
    "CreatedBy": "579816e4-6653-4794-b435-a885f32e28d7",
    "ModifiedBy": "579816e4-6653-4794-b435-a885f32e28d7"
  },
  "uniqueName": "AUT_TPJ33518",
  "responseHeaders": {
    "Content-Type": [
      "application/json; charset=utf-8"
    ],
    "Date": [
      "Thu, 05 Dec 2024 08:22:12 GMT"
    ],
    "Server": [
      "Microsoft-IIS/10.0"
    ],
    "X-Powered-By": [
      "ASP.NET"
    ],
    "transfer-encoding": [
      "chunked"
    ],
    "Connection": [
      "keep-alive"
    ],
    "Set-Cookie": [
    ]
  },
  "responseTime": 841,
  "response": {
    "Name": "AUT_TPJ33518",
    "Description": "",
    "Address": "Hyderabad, Telangana, India",
    "Id": "2afcf090-6588-4022-aa5e-49fca51f940e",
    "CreatedOn": "2024-12-05T08:22:11.998251+00:00",
    "CreatedBy": "579816e4-6653-4794-b435-a885f32e28d7",
    "ModifiedOn": "2024-12-05T08:22:11.9982526+00:00",
    "ModifiedBy": ""
  },
  "responseStatus": 200,
  "prjId": "2afcf090-6588-4022-aa5e-49fca51f940e",
  "projectId": "2afcf090-6588-4022-aa5e-49fca51f940e"
}
 
13:52:37.740 [main] DEBUG com.intuit.karate - request:
1 > POST https://dev-drivetec-apis.schuecodigitalsolutions.com/Configurations
1 > Content-Type: application/json; charset=UTF-8
1 > Content-Length: 1275
1 > Host: dev-drivetec-apis.schuecodigitalsolutions.com
1 > Connection: Keep-Alive
1 > User-Agent: Apache-HttpClient/4.5.14 (Java/17.0.12)
1 > Accept-Encoding: gzip,deflate
{"Id":"00000000-0000-0000-0000-000000000000","ProjectId":"2afcf090-6588-4022-aa5e-49fca51f940e","Name":"Dataset7739","Description":"Dataset7739","CustomTags":"","CreatedBy":"579816e4-6653-4794-b435-a885f32e28d7","ModifiedBy":"579816e4-6653-4794-b435-a885f32e28d7","ApplicationName":1,"System":"","FacadeInclination":0,"OpeningType":1,"OpeningDirection":1,"OpeningWidth":1000,"VentOuterWidth":1230,"VentOuterHeight":1480,"VentWeight":70,"CalculateWeightWithGlass":false,"WeightIncGlassOrThickness":false,"GlassThickness":14,"ProfileWeightPerSerialMeter":2.5,"IsWindowOpeningCalculationByAngle":1,"RequiredOpeningStroke":400,"OpeningAngle":15,"WindLoad":120,"SnowLoad":0,"DrivePosition":2,"InstallationPosition":1,"ChainLengthConnectingRodHandle":5,"LockingMechanism":1,"Voltage":1,"DriveType":1,"TypeOfInstallation":2,"CalculationTypeForVentilation":1,"CalcVentilation":1,"GeometricArea":1,"SpecificExhaustDimension":30,"BuildingDepth":75,"RevealDepth":0,"RevealDepthRectangleAngle1":0,"RevealDepthRectangleAngle2":0,"HeightOfProfile":0,"HeightProfileRectangleAngle1":0,"HeightProfileRectangleAngle2":0,"AkippOrAtilt":0,"AdrehOrAturn":0,"Ageo":0,"MinPullingForceMax":0,"MinPushingForceMax":0,"MinPullingForcePermanent":0,"MinPushingForcePermanent":0,"ForceWithNegativeWind":0}

13:52:38.456 [main] DEBUG com.intuit.karate - response time in milliseconds: 715
1 < 200
1 < Content-Type: application/json; charset=utf-8
1 < Date: Thu, 05 Dec 2024 08:22:35 GMT
1 < Server: Microsoft-IIS/10.0
1 < X-Powered-By: ASP.NET
1 < Content-Length: 2032
1 < Connection: keep-alive
{
  "ProjectId": "2afcf090-6588-4022-aa5e-49fca51f940e",
  "Name": "Dataset7739",
  "Description": "Dataset7739",
  "CustomTags": "",
  "ApplicationName": 1,
  "OpeningType": 1,
  "OpeningDirection": 1,
  "CalculateWeightWithGlass": false,
  "WindLoad": 120,
  "IsWindowOpeningCalculationByAngle": 1,
  "VentOuterWidth": 1230,
  "VentOuterHeight": 1480,
  "WeightIncGlassOrThickness": false,
  "VentWeight": 77,
  "VentWeightExact": 77.26400000000001,
  "GlassThickness": 14,
  "ProfileWeightPerSerialMeter": 2.5,
  "FacadeInclination": 0,
  "ChainLengthConnectingRodHandle": 5,
  "ChainLenghtConnectingRodHandle": 0,
  "RequiredOpeningStroke": 400,
  "OpeningWidth": 1000,
  "OpeningAngle": 15.532868337024489,
  "SpecificExhaustDimension": 30,
  "BuildingDepth": 75,
  "SnowLoad": 0,
  "DistanceHinge": 0,
  "RatedCurrent": 0,
  "DrivePosition": 2,
  "LockingMechanism": 1,
  "Voltage": 1,
  "DriveType": 1,
  "TypeOfInstallation": 2,
  "GeometricArea": 0,
  "CalculationTypeForVentilation": 1,
  "HeightOfProfile": 0,
  "Reveal": 0,
  "RevealDepth": 0,
  "HeightProfileRectangleAngle1": 0,
  "HeightProfileRectangleAngle2": 0,
  "RevealDepthRectangleAngle1": 0,
  "RevealDepthRectangleAngle2": 0,
  "RevealDepthRectangleAngle12": 0,
  "InstallationPosition": 0,
  "RecommendedDriveArticleNo": 0,
  "System": "",
  "AkippOrAtilt": 1.084,
  "AdrehOrAturn": 1.8204,
  "Ageo": 1.084,
  "MinPullingForceMax": -206.4868442161654,
  "MinPushingForceMax": -206.4868442161654,
  "MinPullingForcePermanent": -104.11163259218097,
  "MinPushingForcePermanent": -104.11163259218097,
  "ForceWithNegativeWind": 109.53156767199486,
  "ForceWithNoWindMin": 0.30763693489047433,
  "ForceWithNegativeWindMin": 0,
  "ForceWithWindMin": -108.91629380221393,
  "Id": "00db4d6a-7585-43e7-8576-2147f9a4b638",
  "CreatedOn": "2024-12-05T08:22:35.8529393+00:00",
  "CreatedBy": "579816e4-6653-4794-b435-a885f32e28d7",
  "ModifiedOn": "2024-12-05T08:22:35.8529404+00:00",
  "ModifiedBy": ""
}

13:52:38.459 [main] INFO  com.intuit.karate - Generated Config ID: 00db4d6a-7585-43e7-8576-2147f9a4b638 
13:52:38.460 [main] INFO  com.intuit.karate - Generated Name: Dataset7739 
13:52:38.460 [main] INFO  com.intuit.karate - Generated Description: Dataset7739 
13:52:38.464 [main] DEBUG com.intuit.karate - request:
1 > PUT https://dev-drivetec-apis.schuecodigitalsolutions.com/Configurations
1 > Content-Type: application/json; charset=UTF-8
1 > Content-Length: 1270
1 > Host: dev-drivetec-apis.schuecodigitalsolutions.com
1 > Connection: Keep-Alive
1 > User-Agent: Apache-HttpClient/4.5.14 (Java/17.0.12)
1 > Accept-Encoding: gzip,deflate
{"Id":"00db4d6a-7585-43e7-8576-2147f9a4b638","Name":"Dataset7","Description":"Dataset7739","ProjectId":"2afcf090-6588-4022-aa5e-49fca51f940e","CustomTags":"","CreatedBy":"579816e4-6653-4794-b435-a885f32e28d7","ModifiedBy":"579816e4-6653-4794-b435-a885f32e28d7","System":"","FacadeInclination":10,"OpeningType":1,"OpeningDirection":1,"OpeningWidth":1000,"VentOuterWidth":1650,"VentOuterHeight":1500,"VentWeight":0,"CalculateWeightWithGlass":false,"RequiredOpeningStroke":1,"WindLoad":120,"SnowLoad":0,"IsWindowOpeningCalculationByAngle":1,"GlassThickness":14,"ProfileWeightPerSerialMeter":2.5,"DrivePosition":1,"InstallationPosition":0,"LockingMechanism":1,"Voltage":1,"DriveType":1,"TypeOfInstallation":2,"GeometricArea":0,"CalcVentilation":1,"SpecificExhaustDimension":30,"BuildingDepth":75,"CalculationTypeForVentilation":1,"HeightOfProfile":0,"HeightProfileRectangleAngle1":0,"HeightProfileRectangleAngle2":0,"RevealDepth":0,"RevealDepthRectangleAngle1":0,"RevealDepthRectangleAngle2":0,"ChainLengthConnectingRodHandle":5,"ApplicationName":1,"OpeningAngle":10,"WeightIncGlassOrThickness":false,"AkippOrAtilt":0,"AdrehOrAturn":0,"Ageo":0,"MinPullingForceMax":0,"MinPushingForceMax":0,"MinPullingForcePermanent":0,"MinPushingForcePermanent":0,"ForceWithNegativeWind":0}

13:52:39.053 [main] DEBUG com.intuit.karate - response time in milliseconds: 588
1 < 200
1 < Content-Type: application/json; charset=utf-8
1 < Date: Thu, 05 Dec 2024 08:22:36 GMT
1 < Server: Microsoft-IIS/10.0
1 < X-Powered-By: ASP.NET
1 < Content-Length: 2054
1 < Connection: keep-alive
{
  "ProjectId": "2afcf090-6588-4022-aa5e-49fca51f940e",
  "Name": "Dataset7",
  "Description": "Dataset7739",
  "CustomTags": "",
  "ApplicationName": 1,
  "OpeningType": 1,
  "OpeningDirection": 1,
  "CalculateWeightWithGlass": false,
  "WindLoad": 120,
  "IsWindowOpeningCalculationByAngle": 1,
  "VentOuterWidth": 1650,
  "VentOuterHeight": 1500,
  "WeightIncGlassOrThickness": false,
  "VentWeight": 102,
  "VentWeightExact": 102.375,
  "GlassThickness": 14,
  "ProfileWeightPerSerialMeter": 2.5,
  "FacadeInclination": 10,
  "ChainLengthConnectingRodHandle": 5,
  "ChainLenghtConnectingRodHandle": 0,
  "RequiredOpeningStroke": 1,
  "OpeningWidth": 1000,
  "OpeningAngle": 0.03819718704941021,
  "SpecificExhaustDimension": 30,
  "BuildingDepth": 75,
  "SnowLoad": 0,
  "DistanceHinge": 0,
  "RatedCurrent": 0,
  "DrivePosition": 1,
  "LockingMechanism": 1,
  "Voltage": 1,
  "DriveType": 1,
  "TypeOfInstallation": 2,
  "GeometricArea": 0,
  "CalculationTypeForVentilation": 1,
  "HeightOfProfile": 0,
  "Reveal": 0,
  "RevealDepth": 0,
  "HeightProfileRectangleAngle1": 0,
  "HeightProfileRectangleAngle2": 0,
  "RevealDepthRectangleAngle1": 0,
  "RevealDepthRectangleAngle2": 0,
  "RevealDepthRectangleAngle12": 0,
  "InstallationPosition": 0,
  "RecommendedDriveArticleNo": 0,
  "System": "",
  "AkippOrAtilt": 0.00315,
  "AdrehOrAturn": 2.475,
  "Ageo": 0.00315,
  "MinPullingForceMax": -54.74319294289617,
  "MinPushingForceMax": -55.113169098532424,
  "MinPullingForcePermanent": 89.2429627501381,
  "MinPushingForcePermanent": 89.2429627501381,
  "ForceWithNegativeWind": 233.22911844317238,
  "ForceWithNoWindMin": 88.90692425992826,
  "ForceWithNegativeWindMin": 232.92701761838896,
  "ForceWithWindMin": -54.74319294289617,
  "Id": "00db4d6a-7585-43e7-8576-2147f9a4b638",
  "CreatedOn": "0001-01-01T00:00:00",
  "CreatedBy": "579816e4-6653-4794-b435-a885f32e28d7",
  "ModifiedOn": "2024-12-05T08:22:36.5884362+00:00",
  "ModifiedBy": "579816e4-6653-4794-b435-a885f32e28d7"
}

13:52:39.055 [main] INFO  com.intuit.karate - VentWeight from API Response: 102 
13:52:39.056 [main] INFO  com.intuit.karate - Rounded Opening Angle: 0.0 
13:52:39.057 [main] INFO  com.intuit.karate - Rounded Ageo: 0.0 
13:52:39.057 [main] INFO  com.intuit.karate - Rounded Required Opening Stroke: 1.0 
13:52:39.057 [main] INFO  com.intuit.karate - Rounded Vent Weight: 102.0 
13:52:39.059 [main] DEBUG com.intuit.karate - request:
2 > GET https://dev-drivetec-apis.schuecodigitalsolutions.com/Config/00db4d6a-7585-43e7-8576-2147f9a4b638/Drive
2 > Host: dev-drivetec-apis.schuecodigitalsolutions.com
2 > Connection: Keep-Alive
2 > User-Agent: Apache-HttpClient/4.5.14 (Java/17.0.12)
2 > Accept-Encoding: gzip,deflate


13:52:39.797 [main] DEBUG com.intuit.karate - response time in milliseconds: 736
2 < 200
2 < Content-Type: application/json; charset=utf-8
2 < Date: Thu, 05 Dec 2024 08:22:36 GMT
2 < Server: Microsoft-IIS/10.0
2 < X-Powered-By: ASP.NET
2 < transfer-encoding: chunked
2 < Connection: keep-alive
[
  {
    "Name": "Chain actuator D2 L200",
    "Bezeichnung": "Kettenantrieb D2 L200",
    "ConfigurationId": "00000000-0000-0000-0000-000000000000",
    "Description": "",
    "Application": "Facade",
    "ApplicationFacade": true,
    "ApplicationSkylight": false,
    "Type": 1,
    "OpeningType": 0,
    "BottomHungInward": true,
    "BottomHungOutward": false,
    "SideHungInward": true,
    "SideHungOutward": false,
    "TopHungInward": false,
    "TopHungOutward": true,
    "ProjectedTopHungInward": false,
    "ProjectedTopHungOutward": false,
    "InstallationType": "",
    "ITMainOutFrmMountWBracket": true,
    "ITMainFixOutFrmMount": true,
    "ITMainVentFrmMount": true,
    "ITSideMount50": false,
    "ITSideMount60": false,
    "ITSideMount70": false,
    "ITSideMount80": false,
    "ITSideMount67": true,
    "Feature": "",
    "FeatureOpenClose": true,
    "FeatureLock": true,
    "ArticleNumber": 291752,
    "Stroke": 200,
    "Angle": 0,
    "Voltage": "24 V DC",
    "Voltage24": true,
    "Voltage230": false,
    "RatedCurrent": 1,
    "BreakingCurrent": 1,
    "PullingForceMax": 250,
    "PushingForceMax": 250,
    "PullingForceMaxWithNegativeWind": 0,
    "PushingForceMaxWithNegativeWind": 0,
    "PushingForcePermanent": 166.67,
    "PullingForcePermanent": 250,
    "MinPullingForceMax": -55.11,
    "MinPushingForceMax": 0,
    "MinPullingForcePermanent": 0,
    "MinPushingForcePermanent": 89.24,
    "Price": 245.49,
    "DriveLength": 335,
    "ChainDrive": 435,
    "ChainDrive2": 830,
    "MaxLengthMainClosingEdge1Drive": 1650,
    "MaxGeometricArea": 0,
    "GeometricalSmokeExhaustion": 0,
    "TotalGlassThickness": 14,
    "Dimensions": 0,
    "DimensionsWxHxD": "335 x 26 x 41",
    "TensileForce": 0,
    "LockingForce": 0,
    "Details_DE": "<ul><li>Bemessungsspannung: 24 V DC (19 V … 28 V)</li><li>Abschaltstrom: 1,0 A</li><li>Bemessungsstrom: 0,7 A</li><li>Bemessungsaufnahme: 17 W</li><li>Schutzart: IP 32</li><li>Zug-/Schubkraft: max. 250 N</li><li>Umgebungstemperatur: -5°C bis + 60°C</li><li>Anschlussleitung: Halogenfrei, grau 3 x 0,5 mm², ~3 m</li><li>Max. Geschwindigkeit: 13,5 mm/s</li></ul>",
    "Details_EN": "<ul><li>Rated voltage: 24 V DC (19 V … 28 V)</li><li>Breaking current: 1.0 A</li><li>Rated current: 0.7 A</li><li>Rated consumption: 17 W</li><li>Protection rating: IP 32</li><li>Traction/ thrust: max. 250 N</li><li>Ambient temperature: -5°C bis + 60°C</li><li>Connecting cable: halogen-free, grey 3 x 0.5 mm², ~3 m</li><li>Max. speed: 13.5 mm/s</li></ul>",
    "Einsatz": "<ul> <li>Anwendung: Lüftung, NRA</li> <li>Integrierte intelligente Regelelektronik</li> <li>Rückmeldung Endlage „ZU“ (max. 24 V, 500 mA)</li> </ul>",
    "Use": "<ul> <li>Application: ventilation, natural smoke ventilation</li> <li>Integrated, intelligent control electronics</li> <li>Response for “CLOSED” end position (max. 24 V, 500 mA)</li> </ul>",
    "Ausstattung": null,
    "Equipment": null,
    "Optionen": "<ul> <li>Programmierung von Sonderfunktionen</li> <li>Programmierbare Rückmeldung Endlage „AUF“ (max. 24 V, 500 mA)</li> <li>Schüco Kontroller zur automatischen Konfiguration von Synchronlauf und Folgesteuerungen mit Verriegelungsantrieben in Antriebs-Verbundsystemen</li> </ul>",
    "Options": "<ul> <li>Programming of special functions</li> <li>Programmable response for “OPEN” end position (max. 24 V, 500 mA)</li> <li>Schüco controller for automatic configuration of synchronous running and sequence control with locking drives in composite drive systems</li></ul>",
    "IsTwoPce": false,
    "ResultVentWeight": 102.38,
    "IsLsRsDrive": true,
    "ArticleNumberRs": 291753,
    "TwoDrivesSideInstallation50": 0,
    "TwoDrivesSideInstallation60": 0,
    "TwoDrivesSideInstallation70": 0,
    "TwoDrivesSideInstallation80": 0,
    "OpeningSpeedmms": 0,
    "Traction": 250,
    "Thrust": 250,
    "Id": "07c798cb-2b88-4e23-aaec-fbdba670ac23",
    "CreatedOn": "2024-09-26T13:55:26.817Z",
    "CreatedBy": "",
    "ModifiedOn": "2024-09-26T13:55:26.817Z",
    "ModifiedBy": ""
  },
  {
    "Name": "Chain actuator D4 400",
    "Bezeichnung": "Kettenantrieb D4 400",
    "ConfigurationId": "00000000-0000-0000-0000-000000000000",
    "Description": "",
    "Application": "Facade",
    "ApplicationFacade": true,
    "ApplicationSkylight": false,
    "Type": 1,
    "OpeningType": 0,
    "BottomHungInward": true,
    "BottomHungOutward": false,
    "SideHungInward": true,
    "SideHungOutward": true,
    "TopHungInward": false,
    "TopHungOutward": true,
    "ProjectedTopHungInward": false,
    "ProjectedTopHungOutward": true,
    "InstallationType": "",
    "ITMainOutFrmMountWBracket": true,
    "ITMainFixOutFrmMount": true,
    "ITMainVentFrmMount": true,
    "ITSideMount50": false,
    "ITSideMount60": false,
    "ITSideMount70": false,
    "ITSideMount80": false,
    "ITSideMount67": true,
    "Feature": "",
    "FeatureOpenClose": true,
    "FeatureLock": true,
    "ArticleNumber": 291706,
    "Stroke": 400,
    "Angle": 0,
    "Voltage": "24 V DC",
    "Voltage24": true,
    "Voltage230": false,
    "RatedCurrent": 1,
    "BreakingCurrent": 1,
    "PullingForceMax": 400,
    "PushingForceMax": 300,
    "PullingForceMaxWithNegativeWind": 0,
    "PushingForceMaxWithNegativeWind": 0,
    "PushingForcePermanent": 200,
    "PullingForcePermanent": 400,
    "MinPullingForceMax": -55.11,
    "MinPushingForceMax": 0,
    "MinPullingForcePermanent": 0,
    "MinPushingForcePermanent": 89.24,
    "Price": 273.74,
    "DriveLength": 551,
    "ChainDrive": 651,
    "ChainDrive2": 1262,
    "MaxLengthMainClosingEdge1Drive": 1850,
    "MaxGeometricArea": 0,
    "GeometricalSmokeExhaustion": 0,
    "TotalGlassThickness": 14,
    "Dimensions": 0,
    "DimensionsWxHxD": "551 x 24 x 35",
    "TensileForce": 0,
    "LockingForce": 0,
    "Details_DE": "<ul><li>Bemessungsspannung: 24 V DC (19 V … 28 V)</li> <li>Abschaltstrom: 1,2 A</li> <li>Bemessungsstrom: 0,9 A</li> <li>Bemessungsaufnahme: 22 W</li> <li>Schutzart: IP 32</li> <li>Zug-/Schubkraft: max. 400 N</li> <li>Umgebungstemperatur: -5°C bis + 60°C</li> <li>Anschlussleitung: Halogenfrei, grau 5 x 0,5mm², ~3m</li> <li>Max. Geschwindigkeit: 13,5 mm/s</li></ul>",
    "Details_EN": "<ul><li>Rated voltage: 24 V DC (19 V … 28 V)</li> <li>Breaking current: 1.2 A</li><li>Rated current: 0.9 A</li><li>Rated consumption: 22 W</li><li>Protection rating: IP 32</li><li>Traction/ thrust: max. 400 N</li><li>Ambient temperature: -5° C to +60° C</li><li>Connecting cable: halogen-free, grey, 5 x 0.5 mm², ~ 3 m</li><li>Max. speed: 13,5 mm/s </li></ul>",
    "Einsatz": "<ul><li>Anwendung: Lüftung, NRA</li> <li>Integrierte intelligente Regelelektronik</li> <li>Rückmeldung Endlage „ZU“ (max. 24 V, 500 mA)</li> </ul>",
    "Use": "<ul><li>Application: ventilation, natural smoke ventilation</li> <li>Integrated intelligent control electronics</li> <li>Response for “CLOSED” end position (max. 24 V, 500 mA)</li> </ul>",
    "Ausstattung": "<ul><li>Zusätzlicher Universal-Steckersatz für Mehrfachbetrieb bis zu 4 Antrieben und 2 Verriegelungsantrieben</li></ul>",
    "Equipment": "<ul><li>Additional universal plug socket for multiplex operation of up to 4 drives and 2 interlocking drives</li></ul>",
    "Optionen": "<ul><li>Programmierung von Sonderfunktionen</li> <li>Programmierbare Rückmeldung Endlage „AUF“ (max. 24 V, 500 mA)</li> <li>Schüco Kontroller zur automatischen Konfiguration von Synchronlauf und Folgesteuerungen mit Verriegelungsantrieben in Antriebs-Verbundsystemen</li> </ul>",
    "Options": "<ul><li>Programming of special functions</li> <li>Programmable response for “OPEN” end position (max. 24 V, 500 mA)</li> <li>Schüco controller for automatic configuration of synchronous running and sequence control with locking drives in composite drive systems</li> </ul>",
    "IsTwoPce": false,
    "ResultVentWeight": 102.38,
    "IsLsRsDrive": true,
    "ArticleNumberRs": 291705,
    "TwoDrivesSideInstallation50": 0,
    "TwoDrivesSideInstallation60": 0,
    "TwoDrivesSideInstallation70": 0,
    "TwoDrivesSideInstallation80": 0,
    "OpeningSpeedmms": 0,
    "Traction": 400,
    "Thrust": 300,
    "Id": "3d1279a9-fd09-4a49-8d1b-c747973b2872",
    "CreatedOn": "2024-09-26T13:55:26.817Z",
    "CreatedBy": "",
    "ModifiedOn": "2024-09-26T13:55:26.817Z",
    "ModifiedBy": ""
  },
  {
    "Name": "Chain actuator D6 400",
    "Bezeichnung": "Kettenantrieb D6 400",
    "ConfigurationId": "00000000-0000-0000-0000-000000000000",
    "Description": "",
    "Application": "Facade",
    "ApplicationFacade": true,
    "ApplicationSkylight": true,
    "Type": 1,
    "OpeningType": 0,
    "BottomHungInward": true,
    "BottomHungOutward": true,
    "SideHungInward": true,
    "SideHungOutward": true,
    "TopHungInward": false,
    "TopHungOutward": true,
    "ProjectedTopHungInward": false,
    "ProjectedTopHungOutward": true,
    "InstallationType": "",
    "ITMainOutFrmMountWBracket": true,
    "ITMainFixOutFrmMount": false,
    "ITMainVentFrmMount": true,
    "ITSideMount50": false,
    "ITSideMount60": false,
    "ITSideMount70": false,
    "ITSideMount80": false,
    "ITSideMount67": true,
    "Feature": "",
    "FeatureOpenClose": true,
    "FeatureLock": true,
    "ArticleNumber": 291715,
    "Stroke": 400,
    "Angle": 0,
    "Voltage": "24 V DC",
    "Voltage24": true,
    "Voltage230": false,
    "RatedCurrent": 1,
    "BreakingCurrent": 1,
    "PullingForceMax": 600,
    "PushingForceMax": 600,
    "PullingForceMaxWithNegativeWind": 0,
    "PushingForceMaxWithNegativeWind": 0,
    "PushingForcePermanent": 400,
    "PullingForcePermanent": 600,
    "MinPullingForceMax": -55.11,
    "MinPushingForceMax": 0,
    "MinPullingForcePermanent": 0,
    "MinPushingForcePermanent": 89.24,
    "Price": 360.35,
    "DriveLength": 591,
    "ChainDrive": 691,
    "ChainDrive2": 1342,
    "MaxLengthMainClosingEdge1Drive": 1920,
    "MaxGeometricArea": 0,
    "GeometricalSmokeExhaustion": 0,
    "TotalGlassThickness": 14,
    "Dimensions": 0,
    "DimensionsWxHxD": "591 x 40 x 56",
    "TensileForce": 0,
    "LockingForce": 0,
    "Details_DE": "<ul> <li>Bemessungsspannung: 24 V DC (19 V … 28 V)</li> <li>Abschaltstrom: 1,2 A</li> <li>Bemessungsstrom: 0,9 A</li> <li>Bemessungsaufnahme: 22 W</li> <li>Schutzart: IP 32</li> <li>Zug-/Schubkraft: max. 600 N</li> <li>Umgebungstemperatur: -5°C bis + 60°C</li> <li>Anschlussleitung: Halogenfrei, grau 5 x 0,5mm², ~3m</li> <li>Max. Geschwindigkeit: 13,5 mm/s</li> </ul>",
    "Details_EN": "<ul> <li>Rated voltage: 24 V DC (19 V … 28 V)</li><li>Breaking current: 1.2 A</li><li>Rated current: 0.9 A</li><li>Rated consumption: 22W</li><li>Protection rating: IP 32</li><li>Traction/ thrust: max. 600 N</li><li>Ambient temperature: -5° C to +60° C</li><li>Connecting cable: halogen-free, grey 3 x 0,5mm², ~3m</li><li>Max. speed: 13,5 mm/s</li></ul>",
    "Einsatz": "<ul><li>Anwendung: Lüftung, NRA</li> <li>Integrierte intelligente Regelelektronik</li></ul>",
    "Use": "<ul><li>Application: ventilation, natural smoke ventilation</li> <li>Integrated intelligent control electronics</li> </ul>",
    "Ausstattung": "<ul><li>Zusätzlicher Universal-Steckersatz für Mehrfachbetrieb bis zu 4 Antrieben und 2 Verriegelungsantrieben</li></ul>",
    "Equipment": "<ul><li>Additional universal plug socket for multiplex operation  of up to 4 drives and 2 interlocking drives</li></ul>",
    "Optionen": "<ul><li>Programmierung von Sonderfunktionen</li> <li>Programmierbare Rückmeldung Endlage „AUF“ (max. 24 V, 500 mA)</li> <li>Schüco Kontroller zur automatischen Konfiguration von Synchronlauf und Folgesteuerungen mit Verriegelungsantrieben in Antriebs-Verbundsystemen</li> </ul>",
    "Options": "<ul><li>Programming of special functions</li> <li>Programmable response for “OPEN” end position (max. 24 V, 500 mA)</li> <li>Schüco controller for automatic configuration of synchronous running and sequence control with locking drives in composite drive systems</li> </ul>",
    "IsTwoPce": false,
    "ResultVentWeight": 102.38,
    "IsLsRsDrive": true,
    "ArticleNumberRs": 291715,
    "TwoDrivesSideInstallation50": 0,
    "TwoDrivesSideInstallation60": 0,
    "TwoDrivesSideInstallation70": 0,
    "TwoDrivesSideInstallation80": 0,
    "OpeningSpeedmms": 0,
    "Traction": 600,
    "Thrust": 600,
    "Id": "6cfaf03b-807c-4298-8635-4bf804653a9e",
    "CreatedOn": "2024-09-26T13:55:26.817Z",
    "CreatedBy": "",
    "ModifiedOn": "2024-09-26T13:55:26.817Z",
    "ModifiedBy": ""
  },
  {
    "Name": "Chain actuator TWIN D2 L200",
    "Bezeichnung": "Kettenantrieb TWIN D2 L200",
    "ConfigurationId": "00000000-0000-0000-0000-000000000000",
    "Description": "",
    "Application": "Facade",
    "ApplicationFacade": true,
    "ApplicationSkylight": false,
    "Type": 1,
    "OpeningType": 0,
    "BottomHungInward": true,
    "BottomHungOutward": false,
    "SideHungInward": false,
    "SideHungOutward": false,
    "TopHungInward": false,
    "TopHungOutward": true,
    "ProjectedTopHungInward": false,
    "ProjectedTopHungOutward": false,
    "InstallationType": "",
    "ITMainOutFrmMountWBracket": true,
    "ITMainFixOutFrmMount": true,
    "ITMainVentFrmMount": true,
    "ITSideMount50": false,
    "ITSideMount60": false,
    "ITSideMount70": false,
    "ITSideMount80": false,
    "ITSideMount67": false,
    "Feature": "",
    "FeatureOpenClose": true,
    "FeatureLock": true,
    "ArticleNumber": 291772,
    "Stroke": 200,
    "Angle": 0,
    "Voltage": "24 V DC",
    "Voltage24": true,
    "Voltage230": false,
    "RatedCurrent": 1,
    "BreakingCurrent": 2,
    "PullingForceMax": 500,
    "PushingForceMax": 500,
    "PullingForceMaxWithNegativeWind": 0,
    "PushingForceMaxWithNegativeWind": 0,
    "PushingForcePermanent": 333.33,
    "PullingForcePermanent": 500,
    "MinPullingForceMax": -55.11,
    "MinPushingForceMax": 0,
    "MinPullingForcePermanent": 0,
    "MinPushingForcePermanent": 89.24,
    "Price": 475.07,
    "DriveLength": 640,
    "ChainDrive": 740,
    "ChainDrive2": 0,
    "MaxLengthMainClosingEdge1Drive": 1650,
    "MaxGeometricArea": 0,
    "GeometricalSmokeExhaustion": 0,
    "TotalGlassThickness": 14,
    "Dimensions": 0,
    "DimensionsWxHxD": "640 x 26 x 41",
    "TensileForce": 0,
    "LockingForce": 0,
    "Details_DE": "<ul><li>Bemessungsspannung: 24 V DC (19 V … 28 V)</li> <li>Abschaltstrom: 2,0 A</li> <li>Bemessungsstrom: 1,4 A</li> <li>Bemessungsaufnahme: 34 W</li> <li>Schutzart: IP 32</li> <li>Zug-/Schubkraft: max. 500 N</li> <li>Umgebungstemperatur: -5°C bis + 60°C</li> <li>Anschlussleitung: Halogenfrei, grau 3 x 0,5mm², ~3m</li> <li>Max. Geschwindigkeit: 12 mm/s</li> </ul>",
    "Details_EN": "<ul><li>Rated voltage: 24 V DC (19 V … 28 V)</li><li>Breaking current: 2.0 A</li><li>Rated current: 1.4 A</li><li>Rated consumption: 34 W</li><li>Protection rating: IP 32</li><li>Traction/ thrust: max. 500 N</li><li>Ambient temperature: -5°C bis + 60°C</li><li>Connecting cable: halogen-free, grey 3 x 0,5mm², ~3m</li><li>Max. speed: 12 mm/s</li></ul>",
    "Einsatz": "<ul><li>Anwendung: Lüftung, NRA</li> <li>Integrierte intelligente Regelelektronik</li> <li>Rückmeldung Endlage „ZU“ (max. 24 V, 500 mA)</li> </ul>",
    "Use": "<ul><li>Application: ventilation, natural smoke ventilation</li> <li>Integrated intelligent control electronics</li> <li>Response for \"CLOSED\" end position (max. 24 V, 500 mA)</li> </ul>",
    "Ausstattung": null,
    "Equipment": null,
    "Optionen": "<ul><li>Programmierung von Sonderfunktionen</li> <li>Programmierbare Rückmeldung Endlage „AUF“ (max. 24 V, 500 mA)</li> <li>Schüco Kontroller zur automatischen Konfiguration von Synchronlauf und Folgesteuerungen mit Verriegelungsantrieb in Antriebs-Verbundsystem</li> </ul>",
    "Options": "<ul><li>Programming of special functions</li> <li>Programmable response for \"OPEN\" end position (max. 24 V, 500 mA)</li> <li>Schüco controller for automatic configuration of synchronous running and sequence control with locking drives in composite drive systems</li> </ul>",
    "IsTwoPce": false,
    "ResultVentWeight": 102.38,
    "IsLsRsDrive": false,
    "ArticleNumberRs": 0,
    "TwoDrivesSideInstallation50": 0,
    "TwoDrivesSideInstallation60": 0,
    "TwoDrivesSideInstallation70": 0,
    "TwoDrivesSideInstallation80": 0,
    "OpeningSpeedmms": 0,
    "Traction": 500,
    "Thrust": 500,
    "Id": "927f2f17-13fd-4dc9-88f5-a6c2f139f905",
    "CreatedOn": "2024-09-26T13:55:26.817Z",
    "CreatedBy": "",
    "ModifiedOn": "2024-09-26T13:55:26.817Z",
    "ModifiedBy": ""
  },
  {
    "Name": "Chain actuator D2 L200",
    "Bezeichnung": "Kettenantrieb D2 L200",
    "ConfigurationId": "00000000-0000-0000-0000-000000000000",
    "Description": "",
    "Application": "Facade",
    "ApplicationFacade": true,
    "ApplicationSkylight": false,
    "Type": 1,
    "OpeningType": 0,
    "BottomHungInward": true,
    "BottomHungOutward": false,
    "SideHungInward": true,
    "SideHungOutward": false,
    "TopHungInward": false,
    "TopHungOutward": true,
    "ProjectedTopHungInward": false,
    "ProjectedTopHungOutward": false,
    "InstallationType": "",
    "ITMainOutFrmMountWBracket": true,
    "ITMainFixOutFrmMount": true,
    "ITMainVentFrmMount": true,
    "ITSideMount50": false,
    "ITSideMount60": false,
    "ITSideMount70": false,
    "ITSideMount80": false,
    "ITSideMount67": true,
    "Feature": "",
    "FeatureOpenClose": true,
    "FeatureLock": true,
    "ArticleNumber": 291752,
    "Stroke": 200,
    "Angle": 0,
    "Voltage": "24 V DC",
    "Voltage24": true,
    "Voltage230": false,
    "RatedCurrent": 1,
    "BreakingCurrent": 1,
    "PullingForceMax": 250,
    "PushingForceMax": 250,
    "PullingForceMaxWithNegativeWind": 0,
    "PushingForceMaxWithNegativeWind": 0,
    "PushingForcePermanent": 166.67,
    "PullingForcePermanent": 250,
    "MinPullingForceMax": -55.11,
    "MinPushingForceMax": 0,
    "MinPullingForcePermanent": 0,
    "MinPushingForcePermanent": 89.24,
    "Price": 490.98,
    "DriveLength": 335,
    "ChainDrive": 435,
    "ChainDrive2": 830,
    "MaxLengthMainClosingEdge1Drive": 1650,
    "MaxGeometricArea": 0,
    "GeometricalSmokeExhaustion": 0,
    "TotalGlassThickness": 14,
    "Dimensions": 0,
    "DimensionsWxHxD": "335 x 26 x 41",
    "TensileForce": 0,
    "LockingForce": 0,
    "Details_DE": "<ul><li>Bemessungsspannung: 24 V DC (19 V … 28 V)</li><li>Abschaltstrom: 1,0 A</li><li>Bemessungsstrom: 0,7 A</li><li>Bemessungsaufnahme: 17 W</li><li>Schutzart: IP 32</li><li>Zug-/Schubkraft: max. 250 N</li><li>Umgebungstemperatur: -5°C bis + 60°C</li><li>Anschlussleitung: Halogenfrei, grau 3 x 0,5 mm², ~3 m</li><li>Max. Geschwindigkeit: 13,5 mm/s</li></ul>",
    "Details_EN": "<ul><li>Rated voltage: 24 V DC (19 V … 28 V)</li><li>Breaking current: 1.0 A</li><li>Rated current: 0.7 A</li><li>Rated consumption: 17 W</li><li>Protection rating: IP 32</li><li>Traction/ thrust: max. 250 N</li><li>Ambient temperature: -5°C bis + 60°C</li><li>Connecting cable: halogen-free, grey 3 x 0.5 mm², ~3 m</li><li>Max. speed: 13.5 mm/s</li></ul>",
    "Einsatz": "<ul> <li>Anwendung: Lüftung, NRA</li> <li>Integrierte intelligente Regelelektronik</li> <li>Rückmeldung Endlage „ZU“ (max. 24 V, 500 mA)</li> </ul>",
    "Use": "<ul> <li>Application: ventilation, natural smoke ventilation</li> <li>Integrated, intelligent control electronics</li> <li>Response for “CLOSED” end position (max. 24 V, 500 mA)</li> </ul>",
    "Ausstattung": null,
    "Equipment": null,
    "Optionen": "<ul> <li>Programmierung von Sonderfunktionen</li> <li>Programmierbare Rückmeldung Endlage „AUF“ (max. 24 V, 500 mA)</li> <li>Schüco Kontroller zur automatischen Konfiguration von Synchronlauf und Folgesteuerungen mit Verriegelungsantrieben in Antriebs-Verbundsystemen</li> </ul>",
    "Options": "<ul> <li>Programming of special functions</li> <li>Programmable response for “OPEN” end position (max. 24 V, 500 mA)</li> <li>Schüco controller for automatic configuration of synchronous running and sequence control with locking drives in composite drive systems</li></ul>",
    "IsTwoPce": true,
    "ResultVentWeight": 102.38,
    "IsLsRsDrive": true,
    "ArticleNumberRs": 291753,
    "TwoDrivesSideInstallation50": 0,
    "TwoDrivesSideInstallation60": 0,
    "TwoDrivesSideInstallation70": 0,
    "TwoDrivesSideInstallation80": 0,
    "OpeningSpeedmms": 0,
    "Traction": 250,
    "Thrust": 250,
    "Id": "07c798cb-2b88-4e23-aaec-fbdba670ac23",
    "CreatedOn": "2024-09-26T13:55:26.817Z",
    "CreatedBy": "",
    "ModifiedOn": "2024-09-26T13:55:26.817Z",
    "ModifiedBy": ""
  },
  {
    "Name": "Chain actuator D4 400",
    "Bezeichnung": "Kettenantrieb D4 400",
    "ConfigurationId": "00000000-0000-0000-0000-000000000000",
    "Description": "",
    "Application": "Facade",
    "ApplicationFacade": true,
    "ApplicationSkylight": false,
    "Type": 1,
    "OpeningType": 0,
    "BottomHungInward": true,
    "BottomHungOutward": false,
    "SideHungInward": true,
    "SideHungOutward": true,
    "TopHungInward": false,
    "TopHungOutward": true,
    "ProjectedTopHungInward": false,
    "ProjectedTopHungOutward": true,
    "InstallationType": "",
    "ITMainOutFrmMountWBracket": true,
    "ITMainFixOutFrmMount": true,
    "ITMainVentFrmMount": true,
    "ITSideMount50": false,
    "ITSideMount60": false,
    "ITSideMount70": false,
    "ITSideMount80": false,
    "ITSideMount67": true,
    "Feature": "",
    "FeatureOpenClose": true,
    "FeatureLock": true,
    "ArticleNumber": 291706,
    "Stroke": 400,
    "Angle": 0,
    "Voltage": "24 V DC",
    "Voltage24": true,
    "Voltage230": false,
    "RatedCurrent": 1,
    "BreakingCurrent": 1,
    "PullingForceMax": 400,
    "PushingForceMax": 300,
    "PullingForceMaxWithNegativeWind": 0,
    "PushingForceMaxWithNegativeWind": 0,
    "PushingForcePermanent": 200,
    "PullingForcePermanent": 400,
    "MinPullingForceMax": -55.11,
    "MinPushingForceMax": 0,
    "MinPullingForcePermanent": 0,
    "MinPushingForcePermanent": 89.24,
    "Price": 547.48,
    "DriveLength": 551,
    "ChainDrive": 651,
    "ChainDrive2": 1262,
    "MaxLengthMainClosingEdge1Drive": 1850,
    "MaxGeometricArea": 0,
    "GeometricalSmokeExhaustion": 0,
    "TotalGlassThickness": 14,
    "Dimensions": 0,
    "DimensionsWxHxD": "551 x 24 x 35",
    "TensileForce": 0,
    "LockingForce": 0,
    "Details_DE": "<ul><li>Bemessungsspannung: 24 V DC (19 V … 28 V)</li> <li>Abschaltstrom: 1,2 A</li> <li>Bemessungsstrom: 0,9 A</li> <li>Bemessungsaufnahme: 22 W</li> <li>Schutzart: IP 32</li> <li>Zug-/Schubkraft: max. 400 N</li> <li>Umgebungstemperatur: -5°C bis + 60°C</li> <li>Anschlussleitung: Halogenfrei, grau 5 x 0,5mm², ~3m</li> <li>Max. Geschwindigkeit: 13,5 mm/s</li></ul>",
    "Details_EN": "<ul><li>Rated voltage: 24 V DC (19 V … 28 V)</li> <li>Breaking current: 1.2 A</li><li>Rated current: 0.9 A</li><li>Rated consumption: 22 W</li><li>Protection rating: IP 32</li><li>Traction/ thrust: max. 400 N</li><li>Ambient temperature: -5° C to +60° C</li><li>Connecting cable: halogen-free, grey, 5 x 0.5 mm², ~ 3 m</li><li>Max. speed: 13,5 mm/s </li></ul>",
    "Einsatz": "<ul><li>Anwendung: Lüftung, NRA</li> <li>Integrierte intelligente Regelelektronik</li> <li>Rückmeldung Endlage „ZU“ (max. 24 V, 500 mA)</li> </ul>",
    "Use": "<ul><li>Application: ventilation, natural smoke ventilation</li> <li>Integrated intelligent control electronics</li> <li>Response for “CLOSED” end position (max. 24 V, 500 mA)</li> </ul>",
    "Ausstattung": "<ul><li>Zusätzlicher Universal-Steckersatz für Mehrfachbetrieb bis zu 4 Antrieben und 2 Verriegelungsantrieben</li></ul>",
    "Equipment": "<ul><li>Additional universal plug socket for multiplex operation of up to 4 drives and 2 interlocking drives</li></ul>",
    "Optionen": "<ul><li>Programmierung von Sonderfunktionen</li> <li>Programmierbare Rückmeldung Endlage „AUF“ (max. 24 V, 500 mA)</li> <li>Schüco Kontroller zur automatischen Konfiguration von Synchronlauf und Folgesteuerungen mit Verriegelungsantrieben in Antriebs-Verbundsystemen</li> </ul>",
    "Options": "<ul><li>Programming of special functions</li> <li>Programmable response for “OPEN” end position (max. 24 V, 500 mA)</li> <li>Schüco controller for automatic configuration of synchronous running and sequence control with locking drives in composite drive systems</li> </ul>",
    "IsTwoPce": true,
    "ResultVentWeight": 102.38,
    "IsLsRsDrive": true,
    "ArticleNumberRs": 291705,
    "TwoDrivesSideInstallation50": 0,
    "TwoDrivesSideInstallation60": 0,
    "TwoDrivesSideInstallation70": 0,
    "TwoDrivesSideInstallation80": 0,
    "OpeningSpeedmms": 0,
    "Traction": 400,
    "Thrust": 300,
    "Id": "3d1279a9-fd09-4a49-8d1b-c747973b2872",
    "CreatedOn": "2024-09-26T13:55:26.817Z",
    "CreatedBy": "",
    "ModifiedOn": "2024-09-26T13:55:26.817Z",
    "ModifiedBy": ""
  },
  {
    "Name": "Chain actuator D6 400",
    "Bezeichnung": "Kettenantrieb D6 400",
    "ConfigurationId": "00000000-0000-0000-0000-000000000000",
    "Description": "",
    "Application": "Facade",
    "ApplicationFacade": true,
    "ApplicationSkylight": true,
    "Type": 1,
    "OpeningType": 0,
    "BottomHungInward": true,
    "BottomHungOutward": true,
    "SideHungInward": true,
    "SideHungOutward": true,
    "TopHungInward": false,
    "TopHungOutward": true,
    "ProjectedTopHungInward": false,
    "ProjectedTopHungOutward": true,
    "InstallationType": "",
    "ITMainOutFrmMountWBracket": true,
    "ITMainFixOutFrmMount": false,
    "ITMainVentFrmMount": true,
    "ITSideMount50": false,
    "ITSideMount60": false,
    "ITSideMount70": false,
    "ITSideMount80": false,
    "ITSideMount67": true,
    "Feature": "",
    "FeatureOpenClose": true,
    "FeatureLock": true,
    "ArticleNumber": 291715,
    "Stroke": 400,
    "Angle": 0,
    "Voltage": "24 V DC",
    "Voltage24": true,
    "Voltage230": false,
    "RatedCurrent": 1,
    "BreakingCurrent": 1,
    "PullingForceMax": 600,
    "PushingForceMax": 600,
    "PullingForceMaxWithNegativeWind": 0,
    "PushingForceMaxWithNegativeWind": 0,
    "PushingForcePermanent": 400,
    "PullingForcePermanent": 600,
    "MinPullingForceMax": -55.11,
    "MinPushingForceMax": 0,
    "MinPullingForcePermanent": 0,
    "MinPushingForcePermanent": 89.24,
    "Price": 720.7,
    "DriveLength": 591,
    "ChainDrive": 691,
    "ChainDrive2": 1342,
    "MaxLengthMainClosingEdge1Drive": 1920,
    "MaxGeometricArea": 0,
    "GeometricalSmokeExhaustion": 0,
    "TotalGlassThickness": 14,
    "Dimensions": 0,
    "DimensionsWxHxD": "591 x 40 x 56",
    "TensileForce": 0,
    "LockingForce": 0,
    "Details_DE": "<ul> <li>Bemessungsspannung: 24 V DC (19 V … 28 V)</li> <li>Abschaltstrom: 1,2 A</li> <li>Bemessungsstrom: 0,9 A</li> <li>Bemessungsaufnahme: 22 W</li> <li>Schutzart: IP 32</li> <li>Zug-/Schubkraft: max. 600 N</li> <li>Umgebungstemperatur: -5°C bis + 60°C</li> <li>Anschlussleitung: Halogenfrei, grau 5 x 0,5mm², ~3m</li> <li>Max. Geschwindigkeit: 13,5 mm/s</li> </ul>",
    "Details_EN": "<ul> <li>Rated voltage: 24 V DC (19 V … 28 V)</li><li>Breaking current: 1.2 A</li><li>Rated current: 0.9 A</li><li>Rated consumption: 22W</li><li>Protection rating: IP 32</li><li>Traction/ thrust: max. 600 N</li><li>Ambient temperature: -5° C to +60° C</li><li>Connecting cable: halogen-free, grey 3 x 0,5mm², ~3m</li><li>Max. speed: 13,5 mm/s</li></ul>",
    "Einsatz": "<ul><li>Anwendung: Lüftung, NRA</li> <li>Integrierte intelligente Regelelektronik</li></ul>",
    "Use": "<ul><li>Application: ventilation, natural smoke ventilation</li> <li>Integrated intelligent control electronics</li> </ul>",
    "Ausstattung": "<ul><li>Zusätzlicher Universal-Steckersatz für Mehrfachbetrieb bis zu 4 Antrieben und 2 Verriegelungsantrieben</li></ul>",
    "Equipment": "<ul><li>Additional universal plug socket for multiplex operation  of up to 4 drives and 2 interlocking drives</li></ul>",
    "Optionen": "<ul><li>Programmierung von Sonderfunktionen</li> <li>Programmierbare Rückmeldung Endlage „AUF“ (max. 24 V, 500 mA)</li> <li>Schüco Kontroller zur automatischen Konfiguration von Synchronlauf und Folgesteuerungen mit Verriegelungsantrieben in Antriebs-Verbundsystemen</li> </ul>",
    "Options": "<ul><li>Programming of special functions</li> <li>Programmable response for “OPEN” end position (max. 24 V, 500 mA)</li> <li>Schüco controller for automatic configuration of synchronous running and sequence control with locking drives in composite drive systems</li> </ul>",
    "IsTwoPce": true,
    "ResultVentWeight": 102.38,
    "IsLsRsDrive": false,
    "ArticleNumberRs": 0,
    "TwoDrivesSideInstallation50": 0,
    "TwoDrivesSideInstallation60": 0,
    "TwoDrivesSideInstallation70": 0,
    "TwoDrivesSideInstallation80": 0,
    "OpeningSpeedmms": 0,
    "Traction": 600,
    "Thrust": 600,
    "Id": "6cfaf03b-807c-4298-8635-4bf804653a9e",
    "CreatedOn": "2024-09-26T13:55:26.817Z",
    "CreatedBy": "",
    "ModifiedOn": "2024-09-26T13:55:26.817Z",
    "ModifiedBy": ""
  },
  {
    "Name": "Locking actuator EasyConnect",
    "Bezeichnung": "Verriegelungsantrieb EasyConnect",
    "ConfigurationId": "00000000-0000-0000-0000-000000000000",
    "Description": "",
    "Application": "",
    "ApplicationFacade": true,
    "ApplicationSkylight": false,
    "Type": 5,
    "OpeningType": 0,
    "BottomHungInward": true,
    "BottomHungOutward": false,
    "SideHungInward": true,
    "SideHungOutward": false,
    "TopHungInward": false,
    "TopHungOutward": false,
    "ProjectedTopHungInward": false,
    "ProjectedTopHungOutward": false,
    "InstallationType": "",
    "ITMainOutFrmMountWBracket": true,
    "ITMainFixOutFrmMount": true,
    "ITMainVentFrmMount": false,
    "ITSideMount50": false,
    "ITSideMount60": false,
    "ITSideMount70": false,
    "ITSideMount80": false,
    "ITSideMount67": false,
    "Feature": "",
    "FeatureOpenClose": true,
    "FeatureLock": false,
    "ArticleNumber": 291787,
    "Stroke": 0,
    "Angle": 0,
    "Voltage": null,
    "Voltage24": true,
    "Voltage230": true,
    "RatedCurrent": 0,
    "BreakingCurrent": 0,
    "PullingForceMax": 0,
    "PushingForceMax": 0,
    "PullingForceMaxWithNegativeWind": 0,
    "PushingForceMaxWithNegativeWind": 0,
    "PushingForcePermanent": 0,
    "PullingForcePermanent": 0,
    "MinPullingForceMax": 0,
    "MinPushingForceMax": 0,
    "MinPullingForcePermanent": 0,
    "MinPushingForcePermanent": 0,
    "Price": 0,
    "DriveLength": 0,
    "ChainDrive": 0,
    "ChainDrive2": 0,
    "MaxLengthMainClosingEdge1Drive": 0,
    "MaxGeometricArea": 0,
    "GeometricalSmokeExhaustion": 0,
    "TotalGlassThickness": 0,
    "Dimensions": 0,
    "DimensionsWxHxD": "375 x 24 x 35",
    "TensileForce": 0,
    "LockingForce": 0,
    "Details_DE": "<ul> <li>Bemessungsspannung: 24 V DC (19 V … 28 V)</li> <li>Abschaltstrom: ~1,0 A</li> <li>Bemessungsstrom: 0,6 A</li> <li>Bemessungsaufnahme: 15 W</li> <li>Schutzart: IP 32</li><li>Zug-/Schubkraft: max. 600 N</li> <li>Umgebungstemperatur: -5°C bis + 60°C</li> <li>Anschlussleitung: Halogenfrei, grau 5 x 0,5mm² , ~5m</li> <li>Laufzeit: ~ 5s</li><li>Hub: ~ 18mm</li> </ul>",
    "Details_EN": "<ul> <li>Rated voltage : 24 V DC (19 V … 28 V</li> <li>Breaking current : ~1,0 A</li> <li>Rated current : 0,6 A</li> <li>Rated consumption : 15 W</li> <li>Protection rating : IP 32</li><li>Traction/ thrust : max. 600 N</li> <li>Ambient temperature: -5°C bis + 60°C</li> <li>Connecting cable: halogen-free, grey 5 x 0,5mm² , ~5m</li> <li>Running time: ~ 5s</li><li>Stroke: ~ 18mm</li> </ul>",
    "Einsatz": "<ul> <li>Anwendung: Lüftung, NRA</li><li>Integrierte intelligente Regelelektronik</li></ul>",
    "Use": "<ul> <li>Application: ventilation, natural smoke ventilation</li> <li>Integrated intelligent control electronics</li></ul>",
    "Ausstattung": "<ul><li>Laufrichtung einstellbar</li><li>Zusätzlicher Universal-Steckersatz</li></ul>",
    "Equipment": "<ul><li>Running direction adjustable</li><li>Additional universal plug socket</li></ul>",
    "Optionen": "<ul> <li>Mitnehmer objekt-/profilspezifisch anpassbar</li></ul>",
    "Options": "<ul> <li>Coupling adapter customizable for project-/profile-specific demands</li></ul>",
    "IsTwoPce": false,
    "ResultVentWeight": 0,
    "IsLsRsDrive": false,
    "ArticleNumberRs": 0,
    "TwoDrivesSideInstallation50": 0,
    "TwoDrivesSideInstallation60": 0,
    "TwoDrivesSideInstallation70": 0,
    "TwoDrivesSideInstallation80": 0,
    "OpeningSpeedmms": 0,
    "Traction": 0,
    "Thrust": 0,
    "Id": "f894c384-bd5f-4f1b-a446-f4a3afc8426e",
    "CreatedOn": "2024-09-26T13:55:26.817Z",
    "CreatedBy": "",
    "ModifiedOn": "2024-09-26T13:55:26.817Z",
    "ModifiedBy": ""
  },
  {
    "Name": "Locking actuator 600",
    "Bezeichnung": "Verriegelungsantrieb 600",
    "ConfigurationId": "00000000-0000-0000-0000-000000000000",
    "Description": "",
    "Application": "",
    "ApplicationFacade": true,
    "ApplicationSkylight": false,
    "Type": 5,
    "OpeningType": 0,
    "BottomHungInward": true,
    "BottomHungOutward": false,
    "SideHungInward": true,
    "SideHungOutward": false,
    "TopHungInward": false,
    "TopHungOutward": false,
    "ProjectedTopHungInward": false,
    "ProjectedTopHungOutward": false,
    "InstallationType": "",
    "ITMainOutFrmMountWBracket": true,
    "ITMainFixOutFrmMount": true,
    "ITMainVentFrmMount": false,
    "ITSideMount50": false,
    "ITSideMount60": false,
    "ITSideMount70": false,
    "ITSideMount80": false,
    "ITSideMount67": false,
    "Feature": "",
    "FeatureOpenClose": true,
    "FeatureLock": false,
    "ArticleNumber": 291736,
    "Stroke": 0,
    "Angle": 0,
    "Voltage": null,
    "Voltage24": true,
    "Voltage230": true,
    "RatedCurrent": 0,
    "BreakingCurrent": 0,
    "PullingForceMax": 0,
    "PushingForceMax": 0,
    "PullingForceMaxWithNegativeWind": 0,
    "PushingForceMaxWithNegativeWind": 0,
    "PushingForcePermanent": 0,
    "PullingForcePermanent": 0,
    "MinPullingForceMax": 0,
    "MinPushingForceMax": 0,
    "MinPullingForcePermanent": 0,
    "MinPushingForcePermanent": 0,
    "Price": 218.27,
    "DriveLength": 0,
    "ChainDrive": 0,
    "ChainDrive2": 0,
    "MaxLengthMainClosingEdge1Drive": 0,
    "MaxGeometricArea": 0,
    "GeometricalSmokeExhaustion": 0,
    "TotalGlassThickness": 0,
    "Dimensions": 0,
    "DimensionsWxHxD": "415 x 26 x 26",
    "TensileForce": 0,
    "LockingForce": 0,
    "Details_DE": "<ul> <li>Bemessungsspannung: 24 V DC (19 V … 28 V)</li> <li>Abschaltstrom: ~1,0 A</li> <li>Bemessungsstrom: 0,6 A</li> <li>Bemessungsaufnahme: 15 W</li> <li>Schutzart: IP 32</li><li>Zug-/Schubkraft: max. 600 N</li> <li>Umgebungstemperatur: -5°C bis + 60°C</li> <li>Anschlussleitung: Halogenfrei, grau 3x 0,5mm², ~3m</li> <li>Laufzeit: ~ 5s</li><li>Hub: ~ 18mm</li> </ul>",
    "Details_EN": "<ul> <li>Rated voltage : 24 V DC (19 V … 28 V</li> <li>Breaking current : ~1,0 A</li> <li>Rated current : 0,6 A</li> <li>Rated consumption : 15 W</li> <li>Protection rating : IP 32</li><li>Traction/ thrust : max. 600 N</li> <li>Ambient temperature: -5°C bis + 60°C</li> <li>Connecting cable: halogen-free, grey 3 x 0,5mm², ~3m</li> <li>Running time: ~ 5s</li><li>Stroke: ~ 18mm</li> </ul>",
    "Einsatz": "<ul> <li>Anwendung: Lüftung, NRA</li><li>Integrierte intelligente Regelelektronik</li></ul>",
    "Use": "<ul> <li>Application: ventilation, natural smoke ventilation</li> <li>Integrated intelligent control electronics</li></ul>",
    "Ausstattung": "<ul><li>Laufrichtung einstellbar</li></ul>",
    "Equipment": "<ul><li>Running direction adjustable</li></ul>",
    "Optionen": "<ul> <li>Mitnehmer objekt-/profilspezifisch anpassbar</li></ul>",
    "Options": "<ul> <li>Coupling adapter customizable for project-/profile-specific demands</li></ul>",
    "IsTwoPce": false,
    "ResultVentWeight": 0,
    "IsLsRsDrive": true,
    "ArticleNumberRs": 291735,
    "TwoDrivesSideInstallation50": 0,
    "TwoDrivesSideInstallation60": 0,
    "TwoDrivesSideInstallation70": 0,
    "TwoDrivesSideInstallation80": 0,
    "OpeningSpeedmms": 0,
    "Traction": 0,
    "Thrust": 0,
    "Id": "69d8317e-493b-4010-8d9e-54168822bacf",
    "CreatedOn": "2024-09-26T13:55:26.817Z",
    "CreatedBy": "",
    "ModifiedOn": "2024-09-26T13:55:26.817Z",
    "ModifiedBy": ""
  }
]

13:52:39.808 [main] INFO  com.intuit.karate - Expected RecommDrive: Chain actuator D2 L200,Chain actuator D4 400,Chain actuator D6 400,Chain actuator TWIN D2 L200,Chain actuator D2 L200,Chain actuator D4 400,Chain actuator D6 400,Locking actuator EasyConnect,Locking actuator 600 
13:52:39.809 [main] INFO  com.intuit.karate - Actual RecommDrive: Chain actuator D2 L200, Chain actuator D4 400, Chain actuator D6 400, Chain actuator TWIN D2 L200, Chain actuator D2 L200, Chain actuator D4 400, Chain actuator D6 400, Locking actuator EasyConnect, Locking actuator 600 
13:52:39.810 [main] INFO  com.intuit.karate - Normalized Actual RecommDrive: Chain actuator D2 L200,Chain actuator D4 400,Chain actuator D6 400,Chain actuator TWIN D2 L200,Chain actuator D2 L200,Chain actuator D4 400,Chain actuator D6 400,Locking actuator EasyConnect,Locking actuator 600 
13:52:39.810 [main] INFO  com.intuit.karate - Normalized Expected RecommDrive: Chain actuator D2 L200,Chain actuator D4 400,Chain actuator D6 400,Chain actuator TWIN D2 L200,Chain actuator D2 L200,Chain actuator D4 400,Chain actuator D6 400,Locking actuator EasyConnect,Locking actuator 600 
13:52:39.812 [main] INFO  com.intuit.karate - All Drive IDs: [
  "07c798cb-2b88-4e23-aaec-fbdba670ac23",
  "3d1279a9-fd09-4a49-8d1b-c747973b2872",
  "6cfaf03b-807c-4298-8635-4bf804653a9e",
  "927f2f17-13fd-4dc9-88f5-a6c2f139f905",
  "07c798cb-2b88-4e23-aaec-fbdba670ac23",
  "3d1279a9-fd09-4a49-8d1b-c747973b2872",
  "6cfaf03b-807c-4298-8635-4bf804653a9e",
  "f894c384-bd5f-4f1b-a446-f4a3afc8426e",
  "69d8317e-493b-4010-8d9e-54168822bacf"
]
 
13:52:39.812 [main] INFO  com.intuit.karate - First Drive ID: 07c798cb-2b88-4e23-aaec-fbdba670ac23 
13:52:39.814 [main] DEBUG com.intuit.karate - request:
3 > POST https://dev-drivetec-apis.schuecodigitalsolutions.com/api/Drives/DownloadPDFNew/Schuco
3 > Content-Type: application/json; charset=UTF-8
3 > Content-Length: 1194
3 > Host: dev-drivetec-apis.schuecodigitalsolutions.com
3 > Connection: Keep-Alive
3 > User-Agent: Apache-HttpClient/4.5.14 (Java/17.0.12)
3 > Accept-Encoding: gzip,deflate
[{"Id":"configId","Header":"configId","Value":"00db4d6a-7585-43e7-8576-2147f9a4b638"},{"Id":"driveId","Header":"driveId","Value":"07c798cb-2b88-4e23-aaec-fbdba670ac23"},{"Id":"culture","Header":"culture","Value":"EN-US"},{"Id":"projectId","Header":"projectId","Value":"2afcf090-6588-4022-aa5e-49fca51f940e"},{"Id":"range-of-app","Header":"Range of application","Value":"Façade"},{"Id":"opening-type","Header":"Opening type","Value":"Bottom-hung vent"},{"Id":"opening-direction","Header":"Opening direction","Value":"Inward"},{"Id":"how-calc-weight","Header":"Vent weight","Value":"Weight including glass"},{"Id":"Chain-Length","Header":"Chain- \/ connecting rod handle","Value":"100%"},{"Id":"drive-position","Header":"Drive position","Value":"Side installation"},{"Id":"locking-mechanism","Header":"Locking mechanism","Value":"With"},{"Id":"voltage","Header":"Voltage","Value":"24 V"},{"Id":"drive-type","Header":"Drive type","Value":"Chain drive"},{"Id":"type-installation","Header":"Type of installation","Value":"Pivoting Outer Frame Installation"},{"Id":"calculation-type-for-ventilation-area","Header":"Calculation type for ventilation area","Value":"Method in accordance with ASR 3.6"}]

13:52:41.597 [main] DEBUG com.intuit.karate - response time in milliseconds: 1780
3 < 200
3 < Content-Type: application/json; charset=utf-8
3 < Date: Thu, 05 Dec 2024 08:22:39 GMT
3 < Server: Microsoft-IIS/10.0
3 < X-Powered-By: ASP.NET
3 < Content-Length: 283
3 < Connection: keep-alive
{
  "result": "https://drive-tec-dev.s3.amazonaws.com/AUT_TPJ33518-Chain_actuator_D2_L200.pdf?AWSAccessKeyId=AKIAZAWIART4ZFAXXPHK&Expires=1733390559&response-content-disposition=attachment%3B&response-content-type=application%2Fpdf&Signature=h%2Bw3ndm9ts%2BLZ7p%2FjTLOPJRScsA%3D"
}

13:52:41.598 [main] INFO  com.intuit.karate - Download URL for first driveId: https://drive-tec-dev.s3.amazonaws.com/AUT_TPJ33518-Chain_actuator_D2_L200.pdf?AWSAccessKeyId=AKIAZAWIART4ZFAXXPHK&Expires=1733390559&response-content-disposition=attachment%3B&response-content-type=application%2Fpdf&Signature=h%2Bw3ndm9ts%2BLZ7p%2FjTLOPJRScsA%3D 
13:52:41.605 [main] INFO  com.intuit.karate - karate.env system property was: null 
13:52:41.607 [main] INFO  com.intuit.karate - Running test for dataset:  Dataset8 
13:52:41.611 [main] INFO  com.intuit.karate - Using ProjectId:  {
  "result": {
    "projectId": "prjId"
  },
  "projectPayload": {
    "Id": "579816e4-6653-4794-b435-a885f32e28d7",
    "Name": "AUT_TPJ33518",
    "Address": "Hyderabad, Telangana, India",
    "Description": "",
    "CreatedBy": "579816e4-6653-4794-b435-a885f32e28d7",
    "ModifiedBy": "579816e4-6653-4794-b435-a885f32e28d7"
  },
  "uniqueName": "AUT_TPJ33518",
  "responseHeaders": {
    "Content-Type": [
      "application/json; charset=utf-8"
    ],
    "Date": [
      "Thu, 05 Dec 2024 08:22:12 GMT"
    ],
    "Server": [
      "Microsoft-IIS/10.0"
    ],
    "X-Powered-By": [
      "ASP.NET"
    ],
    "transfer-encoding": [
      "chunked"
    ],
    "Connection": [
      "keep-alive"
    ],
    "Set-Cookie": [
    ]
  },
  "responseTime": 841,
  "response": {
    "Name": "AUT_TPJ33518",
    "Description": "",
    "Address": "Hyderabad, Telangana, India",
    "Id": "2afcf090-6588-4022-aa5e-49fca51f940e",
    "CreatedOn": "2024-12-05T08:22:11.998251+00:00",
    "CreatedBy": "579816e4-6653-4794-b435-a885f32e28d7",
    "ModifiedOn": "2024-12-05T08:22:11.9982526+00:00",
    "ModifiedBy": ""
  },
  "responseStatus": 200,
  "prjId": "2afcf090-6588-4022-aa5e-49fca51f940e",
  "projectId": "2afcf090-6588-4022-aa5e-49fca51f940e"
}
 
13:52:41.614 [main] DEBUG com.intuit.karate - request:
1 > POST https://dev-drivetec-apis.schuecodigitalsolutions.com/Configurations
1 > Content-Type: application/json; charset=UTF-8
1 > Content-Length: 1275
1 > Host: dev-drivetec-apis.schuecodigitalsolutions.com
1 > Connection: Keep-Alive
1 > User-Agent: Apache-HttpClient/4.5.14 (Java/17.0.12)
1 > Accept-Encoding: gzip,deflate
{"Id":"00000000-0000-0000-0000-000000000000","ProjectId":"2afcf090-6588-4022-aa5e-49fca51f940e","Name":"Dataset1613","Description":"Dataset1613","CustomTags":"","CreatedBy":"579816e4-6653-4794-b435-a885f32e28d7","ModifiedBy":"579816e4-6653-4794-b435-a885f32e28d7","ApplicationName":1,"System":"","FacadeInclination":0,"OpeningType":1,"OpeningDirection":1,"OpeningWidth":1000,"VentOuterWidth":1230,"VentOuterHeight":1480,"VentWeight":70,"CalculateWeightWithGlass":false,"WeightIncGlassOrThickness":false,"GlassThickness":14,"ProfileWeightPerSerialMeter":2.5,"IsWindowOpeningCalculationByAngle":1,"RequiredOpeningStroke":400,"OpeningAngle":15,"WindLoad":120,"SnowLoad":0,"DrivePosition":2,"InstallationPosition":1,"ChainLengthConnectingRodHandle":5,"LockingMechanism":1,"Voltage":1,"DriveType":1,"TypeOfInstallation":2,"CalculationTypeForVentilation":1,"CalcVentilation":1,"GeometricArea":1,"SpecificExhaustDimension":30,"BuildingDepth":75,"RevealDepth":0,"RevealDepthRectangleAngle1":0,"RevealDepthRectangleAngle2":0,"HeightOfProfile":0,"HeightProfileRectangleAngle1":0,"HeightProfileRectangleAngle2":0,"AkippOrAtilt":0,"AdrehOrAturn":0,"Ageo":0,"MinPullingForceMax":0,"MinPushingForceMax":0,"MinPullingForcePermanent":0,"MinPushingForcePermanent":0,"ForceWithNegativeWind":0}

13:52:42.208 [main] DEBUG com.intuit.karate - response time in milliseconds: 592
1 < 200
1 < Content-Type: application/json; charset=utf-8
1 < Date: Thu, 05 Dec 2024 08:22:39 GMT
1 < Server: Microsoft-IIS/10.0
1 < X-Powered-By: ASP.NET
1 < transfer-encoding: chunked
1 < Connection: keep-alive
{
  "ProjectId": "2afcf090-6588-4022-aa5e-49fca51f940e",
  "Name": "Dataset1613",
  "Description": "Dataset1613",
  "CustomTags": "",
  "ApplicationName": 1,
  "OpeningType": 1,
  "OpeningDirection": 1,
  "CalculateWeightWithGlass": false,
  "WindLoad": 120,
  "IsWindowOpeningCalculationByAngle": 1,
  "VentOuterWidth": 1230,
  "VentOuterHeight": 1480,
  "WeightIncGlassOrThickness": false,
  "VentWeight": 77,
  "VentWeightExact": 77.26400000000001,
  "GlassThickness": 14,
  "ProfileWeightPerSerialMeter": 2.5,
  "FacadeInclination": 0,
  "ChainLengthConnectingRodHandle": 5,
  "ChainLenghtConnectingRodHandle": 0,
  "RequiredOpeningStroke": 400,
  "OpeningWidth": 1000,
  "OpeningAngle": 15.532868337024489,
  "SpecificExhaustDimension": 30,
  "BuildingDepth": 75,
  "SnowLoad": 0,
  "DistanceHinge": 0,
  "RatedCurrent": 0,
  "DrivePosition": 2,
  "LockingMechanism": 1,
  "Voltage": 1,
  "DriveType": 1,
  "TypeOfInstallation": 2,
  "GeometricArea": 0,
  "CalculationTypeForVentilation": 1,
  "HeightOfProfile": 0,
  "Reveal": 0,
  "RevealDepth": 0,
  "HeightProfileRectangleAngle1": 0,
  "HeightProfileRectangleAngle2": 0,
  "RevealDepthRectangleAngle1": 0,
  "RevealDepthRectangleAngle2": 0,
  "RevealDepthRectangleAngle12": 0,
  "InstallationPosition": 0,
  "RecommendedDriveArticleNo": 0,
  "System": "",
  "AkippOrAtilt": 1.084,
  "AdrehOrAturn": 1.8204,
  "Ageo": 1.084,
  "MinPullingForceMax": -206.4868442161654,
  "MinPushingForceMax": -206.4868442161654,
  "MinPullingForcePermanent": -104.11163259218097,
  "MinPushingForcePermanent": -104.11163259218097,
  "ForceWithNegativeWind": 109.53156767199486,
  "ForceWithNoWindMin": 0.30763693489047433,
  "ForceWithNegativeWindMin": 0,
  "ForceWithWindMin": -108.91629380221393,
  "Id": "93a9a9ce-ee06-4d94-9e2e-8dc678312c81",
  "CreatedOn": "2024-12-05T08:22:39.7380192+00:00",
  "CreatedBy": "579816e4-6653-4794-b435-a885f32e28d7",
  "ModifiedOn": "2024-12-05T08:22:39.7380207+00:00",
  "ModifiedBy": ""
}

13:52:42.211 [main] INFO  com.intuit.karate - Generated Config ID: 93a9a9ce-ee06-4d94-9e2e-8dc678312c81 
13:52:42.211 [main] INFO  com.intuit.karate - Generated Name: Dataset1613 
13:52:42.212 [main] INFO  com.intuit.karate - Generated Description: Dataset1613 
13:52:42.216 [main] DEBUG com.intuit.karate - request:
1 > PUT https://dev-drivetec-apis.schuecodigitalsolutions.com/Configurations
1 > Content-Type: application/json; charset=UTF-8
1 > Content-Length: 1276
1 > Host: dev-drivetec-apis.schuecodigitalsolutions.com
1 > Connection: Keep-Alive
1 > User-Agent: Apache-HttpClient/4.5.14 (Java/17.0.12)
1 > Accept-Encoding: gzip,deflate
{"Id":"93a9a9ce-ee06-4d94-9e2e-8dc678312c81","Name":"Dataset8","Description":"Dataset1613","ProjectId":"2afcf090-6588-4022-aa5e-49fca51f940e","CustomTags":"","CreatedBy":"579816e4-6653-4794-b435-a885f32e28d7","ModifiedBy":"579816e4-6653-4794-b435-a885f32e28d7","System":"","FacadeInclination":1,"OpeningType":2,"OpeningDirection":2,"OpeningWidth":1000,"VentOuterWidth":1230,"VentOuterHeight":1480,"VentWeight":0,"CalculateWeightWithGlass":false,"RequiredOpeningStroke":800,"WindLoad":120,"SnowLoad":0,"IsWindowOpeningCalculationByAngle":1,"GlassThickness":14,"ProfileWeightPerSerialMeter":2.5,"DrivePosition":1,"InstallationPosition":0,"LockingMechanism":1,"Voltage":1,"DriveType":1,"TypeOfInstallation":2,"GeometricArea":0,"CalcVentilation":2,"SpecificExhaustDimension":35,"BuildingDepth":65,"CalculationTypeForVentilation":2,"HeightOfProfile":200,"HeightProfileRectangleAngle1":0,"HeightProfileRectangleAngle2":0,"RevealDepth":1000,"RevealDepthRectangleAngle1":0,"RevealDepthRectangleAngle2":0,"ChainLengthConnectingRodHandle":5,"ApplicationName":1,"OpeningAngle":10,"WeightIncGlassOrThickness":false,"AkippOrAtilt":0,"AdrehOrAturn":0,"Ageo":0,"MinPullingForceMax":0,"MinPushingForceMax":0,"MinPullingForcePermanent":0,"MinPushingForcePermanent":0,"ForceWithNegativeWind":0}

13:52:42.829 [main] DEBUG com.intuit.karate - response time in milliseconds: 612
1 < 200
1 < Content-Type: application/json; charset=utf-8
1 < Date: Thu, 05 Dec 2024 08:22:40 GMT
1 < Server: Microsoft-IIS/10.0
1 < X-Powered-By: ASP.NET
1 < Content-Length: 2078
1 < Connection: keep-alive
{
  "ProjectId": "2afcf090-6588-4022-aa5e-49fca51f940e",
  "Name": "Dataset8",
  "Description": "Dataset1613",
  "CustomTags": "",
  "ApplicationName": 1,
  "OpeningType": 2,
  "OpeningDirection": 2,
  "CalculateWeightWithGlass": false,
  "WindLoad": 120,
  "IsWindowOpeningCalculationByAngle": 1,
  "VentOuterWidth": 1230,
  "VentOuterHeight": 1480,
  "WeightIncGlassOrThickness": false,
  "VentWeight": 77,
  "VentWeightExact": 77.26400000000001,
  "GlassThickness": 14,
  "ProfileWeightPerSerialMeter": 2.5,
  "FacadeInclination": 1,
  "ChainLengthConnectingRodHandle": 5,
  "ChainLenghtConnectingRodHandle": 0,
  "RequiredOpeningStroke": 800,
  "OpeningWidth": 1000,
  "OpeningAngle": 31.36070026967848,
  "SpecificExhaustDimension": 35,
  "BuildingDepth": 65,
  "SnowLoad": 0,
  "DistanceHinge": 0,
  "RatedCurrent": 0,
  "DrivePosition": 1,
  "LockingMechanism": 1,
  "Voltage": 1,
  "DriveType": 1,
  "TypeOfInstallation": 2,
  "GeometricArea": 0,
  "CalculationTypeForVentilation": 2,
  "HeightOfProfile": 200,
  "Reveal": 0,
  "RevealDepth": 1000,
  "HeightProfileRectangleAngle1": 0,
  "HeightProfileRectangleAngle2": 0,
  "RevealDepthRectangleAngle1": 0,
  "RevealDepthRectangleAngle2": 0,
  "RevealDepthRectangleAngle12": 0,
  "InstallationPosition": 0,
  "RecommendedDriveArticleNo": 0,
  "System": "",
  "AkippOrAtilt": 2.168,
  "AdrehOrAturn": 1.8204,
  "Ageo": 1.0198356046171009,
  "MinPullingForceMax": 102.76252657013067,
  "MinPushingForceMax": 287.4727665962924,
  "MinPullingForcePermanent": 203.0887530734928,
  "MinPushingForcePermanent": 203.0887530734928,
  "ForceWithNegativeWind": 118.7047395506932,
  "ForceWithNoWindMin": -6.431203722221201,
  "ForceWithNegativeWindMin": -115.62493401457307,
  "ForceWithWindMin": 102.76252657013067,
  "Id": "93a9a9ce-ee06-4d94-9e2e-8dc678312c81",
  "CreatedOn": "0001-01-01T00:00:00",
  "CreatedBy": "579816e4-6653-4794-b435-a885f32e28d7",
  "ModifiedOn": "2024-12-05T08:22:40.3559105+00:00",
  "ModifiedBy": "579816e4-6653-4794-b435-a885f32e28d7"
}

13:52:42.832 [main] INFO  com.intuit.karate - VentWeight from API Response: 77 
13:52:42.835 [main] INFO  com.intuit.karate - Rounded Opening Angle: 31.0 
13:52:42.835 [main] INFO  com.intuit.karate - Rounded Ageo: 1.02 
13:52:42.836 [main] INFO  com.intuit.karate - Rounded Required Opening Stroke: 800.0 
13:52:42.836 [main] INFO  com.intuit.karate - Rounded Vent Weight: 77.0 
13:52:42.839 [main] DEBUG com.intuit.karate - request:
2 > GET https://dev-drivetec-apis.schuecodigitalsolutions.com/Config/93a9a9ce-ee06-4d94-9e2e-8dc678312c81/Drive
2 > Host: dev-drivetec-apis.schuecodigitalsolutions.com
2 > Connection: Keep-Alive
2 > User-Agent: Apache-HttpClient/4.5.14 (Java/17.0.12)
2 > Accept-Encoding: gzip,deflate


13:52:43.461 [main] DEBUG com.intuit.karate - response time in milliseconds: 620
2 < 200
2 < Content-Type: application/json; charset=utf-8
2 < Date: Thu, 05 Dec 2024 08:22:40 GMT
2 < Server: Microsoft-IIS/10.0
2 < X-Powered-By: ASP.NET
2 < Content-Length: 3811
2 < Connection: keep-alive
[
  {
    "Name": "Locking actuator EasyConnect ow",
    "Bezeichnung": "Verriegelungsantrieb EasyConnect ow",
    "ConfigurationId": "00000000-0000-0000-0000-000000000000",
    "Description": "",
    "Application": "",
    "ApplicationFacade": true,
    "ApplicationSkylight": false,
    "Type": 5,
    "OpeningType": 0,
    "BottomHungInward": false,
    "BottomHungOutward": false,
    "SideHungInward": false,
    "SideHungOutward": true,
    "TopHungInward": false,
    "TopHungOutward": true,
    "ProjectedTopHungInward": false,
    "ProjectedTopHungOutward": true,
    "InstallationType": "",
    "ITMainOutFrmMountWBracket": true,
    "ITMainFixOutFrmMount": false,
    "ITMainVentFrmMount": false,
    "ITSideMount50": false,
    "ITSideMount60": false,
    "ITSideMount70": false,
    "ITSideMount80": false,
    "ITSideMount67": false,
    "Feature": "",
    "FeatureOpenClose": true,
    "FeatureLock": false,
    "ArticleNumber": 291589,
    "Stroke": 0,
    "Angle": 0,
    "Voltage": null,
    "Voltage24": true,
    "Voltage230": true,
    "RatedCurrent": 0,
    "BreakingCurrent": 0,
    "PullingForceMax": 0,
    "PushingForceMax": 0,
    "PullingForceMaxWithNegativeWind": 0,
    "PushingForceMaxWithNegativeWind": 0,
    "PushingForcePermanent": 0,
    "PullingForcePermanent": 0,
    "MinPullingForceMax": 0,
    "MinPushingForceMax": 0,
    "MinPullingForcePermanent": 0,
    "MinPushingForcePermanent": 0,
    "Price": 0,
    "DriveLength": 0,
    "ChainDrive": 0,
    "ChainDrive2": 0,
    "MaxLengthMainClosingEdge1Drive": 0,
    "MaxGeometricArea": 0,
    "GeometricalSmokeExhaustion": 0,
    "TotalGlassThickness": 0,
    "Dimensions": 0,
    "DimensionsWxHxD": "375 x 24 x 35",
    "TensileForce": 0,
    "LockingForce": 0,
    "Details_DE": "<ul> <li>Bemessungsspannung: 24 V DC (19 V … 28 V)</li> <li>Abschaltstrom: ~1,0 A</li> <li>Bemessungsstrom: 0,6 A</li> <li>Bemessungsaufnahme: 15 W</li> <li>Schutzart: IP 32</li><li>Zug-/Schubkraft: max. 600 N</li> <li>Umgebungstemperatur: -5°C bis + 60°C</li> <li>Anschlussleitung: Halogenfrei, grau 5 x 0,5mm² , ~5m</li> <li>Laufzeit: ~ 5s</li><li>Hub: ~ 18mm</li> </ul>",
    "Details_EN": "<ul> <li>Rated voltage : 24 V DC (19 V … 28 V</li> <li>Breaking current : ~1,0 A</li> <li>Rated current : 0,6 A</li> <li>Rated consumption : 15 W</li> <li>Protection rating : IP 32</li><li>Traction/ thrust : max. 600 N</li> <li>Ambient temperature: -5°C bis + 60°C</li> <li>Connecting cable: halogen-free, grey 5 x 0,5mm² , ~5m</li> <li>Running time: ~ 5s</li><li>Stroke: ~ 18mm</li> </ul>",
    "Einsatz": "<ul> <li>Anwendung: Lüftung, NRA</li><li>Integrierte intelligente Regelelektronik</li></ul>",
    "Use": "<ul> <li>Application: ventilation, natural smoke ventilation</li> <li>Integrated intelligent control electronics</li></ul>",
    "Ausstattung": "<ul><li>Laufrichtung einstellbar</li><li>Zusätzlicher Universal-Steckersatz</li></ul>",
    "Equipment": "<ul><li>Running direction adjustable</li><li>Additional universal plug socket</li></ul>",
    "Optionen": "<ul> <li>Mitnehmer objekt-/profilspezifisch anpassbar</li></ul>",
    "Options": "<ul> <li>Coupling adapter customizable for project-/profile-specific demands</li></ul>",
    "IsTwoPce": false,
    "ResultVentWeight": 0,
    "IsLsRsDrive": false,
    "ArticleNumberRs": 0,
    "TwoDrivesSideInstallation50": 0,
    "TwoDrivesSideInstallation60": 0,
    "TwoDrivesSideInstallation70": 0,
    "TwoDrivesSideInstallation80": 0,
    "OpeningSpeedmms": 0,
    "Traction": 0,
    "Thrust": 0,
    "Id": "ebe9753c-e5d7-4140-afe0-9f98bf25df99",
    "CreatedOn": "2024-09-26T13:55:26.817Z",
    "CreatedBy": "",
    "ModifiedOn": "2024-09-26T13:55:26.817Z",
    "ModifiedBy": ""
  }
]

13:52:43.466 [main] INFO  com.intuit.karate - Expected RecommDrive: Locking actuator EasyConnect ow 
13:52:43.466 [main] INFO  com.intuit.karate - Actual RecommDrive: Locking actuator EasyConnect ow 
13:52:43.467 [main] INFO  com.intuit.karate - Normalized Actual RecommDrive: Locking actuator EasyConnect ow 
13:52:43.467 [main] INFO  com.intuit.karate - Normalized Expected RecommDrive: Locking actuator EasyConnect ow 
13:52:43.468 [main] INFO  com.intuit.karate - All Drive IDs: [
  "ebe9753c-e5d7-4140-afe0-9f98bf25df99"
]
 
13:52:43.468 [main] INFO  com.intuit.karate - First Drive ID: ebe9753c-e5d7-4140-afe0-9f98bf25df99 
13:52:43.470 [main] DEBUG com.intuit.karate - request:
3 > POST https://dev-drivetec-apis.schuecodigitalsolutions.com/api/Drives/DownloadPDFNew/Schuco
3 > Content-Type: application/json; charset=UTF-8
3 > Content-Length: 1194
3 > Host: dev-drivetec-apis.schuecodigitalsolutions.com
3 > Connection: Keep-Alive
3 > User-Agent: Apache-HttpClient/4.5.14 (Java/17.0.12)
3 > Accept-Encoding: gzip,deflate
[{"Id":"configId","Header":"configId","Value":"93a9a9ce-ee06-4d94-9e2e-8dc678312c81"},{"Id":"driveId","Header":"driveId","Value":"ebe9753c-e5d7-4140-afe0-9f98bf25df99"},{"Id":"culture","Header":"culture","Value":"EN-US"},{"Id":"projectId","Header":"projectId","Value":"2afcf090-6588-4022-aa5e-49fca51f940e"},{"Id":"range-of-app","Header":"Range of application","Value":"Façade"},{"Id":"opening-type","Header":"Opening type","Value":"Bottom-hung vent"},{"Id":"opening-direction","Header":"Opening direction","Value":"Inward"},{"Id":"how-calc-weight","Header":"Vent weight","Value":"Weight including glass"},{"Id":"Chain-Length","Header":"Chain- \/ connecting rod handle","Value":"100%"},{"Id":"drive-position","Header":"Drive position","Value":"Side installation"},{"Id":"locking-mechanism","Header":"Locking mechanism","Value":"With"},{"Id":"voltage","Header":"Voltage","Value":"24 V"},{"Id":"drive-type","Header":"Drive type","Value":"Chain drive"},{"Id":"type-installation","Header":"Type of installation","Value":"Pivoting Outer Frame Installation"},{"Id":"calculation-type-for-ventilation-area","Header":"Calculation type for ventilation area","Value":"Method in accordance with ASR 3.6"}]

13:52:44.975 [main] DEBUG com.intuit.karate - response time in milliseconds: 1504
3 < 200
3 < Content-Type: application/json; charset=utf-8
3 < Date: Thu, 05 Dec 2024 08:22:42 GMT
3 < Server: Microsoft-IIS/10.0
3 < X-Powered-By: ASP.NET
3 < transfer-encoding: chunked
3 < Connection: keep-alive
{
  "result": "https://drive-tec-dev.s3.amazonaws.com/AUT_TPJ33518-Locking_actuator_EasyConnect_ow.pdf?AWSAccessKeyId=AKIAZAWIART4ZFAXXPHK&Expires=1733390563&response-content-disposition=attachment%3B&response-content-type=application%2Fpdf&Signature=oX0cSeCpwH6AWbQg0ecm4A0hVws%3D"
}

13:52:44.976 [main] INFO  com.intuit.karate - Download URL for first driveId: https://drive-tec-dev.s3.amazonaws.com/AUT_TPJ33518-Locking_actuator_EasyConnect_ow.pdf?AWSAccessKeyId=AKIAZAWIART4ZFAXXPHK&Expires=1733390563&response-content-disposition=attachment%3B&response-content-type=application%2Fpdf&Signature=oX0cSeCpwH6AWbQg0ecm4A0hVws%3D 
13:52:44.982 [main] INFO  com.intuit.karate - karate.env system property was: null 
13:52:44.984 [main] INFO  com.intuit.karate - Running test for dataset:  Dataset9 
13:52:44.989 [main] INFO  com.intuit.karate - Using ProjectId:  {
  "result": {
    "projectId": "prjId"
  },
  "projectPayload": {
    "Id": "579816e4-6653-4794-b435-a885f32e28d7",
    "Name": "AUT_TPJ33518",
    "Address": "Hyderabad, Telangana, India",
    "Description": "",
    "CreatedBy": "579816e4-6653-4794-b435-a885f32e28d7",
    "ModifiedBy": "579816e4-6653-4794-b435-a885f32e28d7"
  },
  "uniqueName": "AUT_TPJ33518",
  "responseHeaders": {
    "Content-Type": [
      "application/json; charset=utf-8"
    ],
    "Date": [
      "Thu, 05 Dec 2024 08:22:12 GMT"
    ],
    "Server": [
      "Microsoft-IIS/10.0"
    ],
    "X-Powered-By": [
      "ASP.NET"
    ],
    "transfer-encoding": [
      "chunked"
    ],
    "Connection": [
      "keep-alive"
    ],
    "Set-Cookie": [
    ]
  },
  "responseTime": 841,
  "response": {
    "Name": "AUT_TPJ33518",
    "Description": "",
    "Address": "Hyderabad, Telangana, India",
    "Id": "2afcf090-6588-4022-aa5e-49fca51f940e",
    "CreatedOn": "2024-12-05T08:22:11.998251+00:00",
    "CreatedBy": "579816e4-6653-4794-b435-a885f32e28d7",
    "ModifiedOn": "2024-12-05T08:22:11.9982526+00:00",
    "ModifiedBy": ""
  },
  "responseStatus": 200,
  "prjId": "2afcf090-6588-4022-aa5e-49fca51f940e",
  "projectId": "2afcf090-6588-4022-aa5e-49fca51f940e"
}
 
13:52:44.991 [main] DEBUG com.intuit.karate - request:
1 > POST https://dev-drivetec-apis.schuecodigitalsolutions.com/Configurations
1 > Content-Type: application/json; charset=UTF-8
1 > Content-Length: 1275
1 > Host: dev-drivetec-apis.schuecodigitalsolutions.com
1 > Connection: Keep-Alive
1 > User-Agent: Apache-HttpClient/4.5.14 (Java/17.0.12)
1 > Accept-Encoding: gzip,deflate
{"Id":"00000000-0000-0000-0000-000000000000","ProjectId":"2afcf090-6588-4022-aa5e-49fca51f940e","Name":"Dataset4990","Description":"Dataset4990","CustomTags":"","CreatedBy":"579816e4-6653-4794-b435-a885f32e28d7","ModifiedBy":"579816e4-6653-4794-b435-a885f32e28d7","ApplicationName":1,"System":"","FacadeInclination":0,"OpeningType":1,"OpeningDirection":1,"OpeningWidth":1000,"VentOuterWidth":1230,"VentOuterHeight":1480,"VentWeight":70,"CalculateWeightWithGlass":false,"WeightIncGlassOrThickness":false,"GlassThickness":14,"ProfileWeightPerSerialMeter":2.5,"IsWindowOpeningCalculationByAngle":1,"RequiredOpeningStroke":400,"OpeningAngle":15,"WindLoad":120,"SnowLoad":0,"DrivePosition":2,"InstallationPosition":1,"ChainLengthConnectingRodHandle":5,"LockingMechanism":1,"Voltage":1,"DriveType":1,"TypeOfInstallation":2,"CalculationTypeForVentilation":1,"CalcVentilation":1,"GeometricArea":1,"SpecificExhaustDimension":30,"BuildingDepth":75,"RevealDepth":0,"RevealDepthRectangleAngle1":0,"RevealDepthRectangleAngle2":0,"HeightOfProfile":0,"HeightProfileRectangleAngle1":0,"HeightProfileRectangleAngle2":0,"AkippOrAtilt":0,"AdrehOrAturn":0,"Ageo":0,"MinPullingForceMax":0,"MinPushingForceMax":0,"MinPullingForcePermanent":0,"MinPushingForcePermanent":0,"ForceWithNegativeWind":0}

13:52:45.587 [main] DEBUG com.intuit.karate - response time in milliseconds: 595
1 < 200
1 < Content-Type: application/json; charset=utf-8
1 < Date: Thu, 05 Dec 2024 08:22:42 GMT
1 < Server: Microsoft-IIS/10.0
1 < X-Powered-By: ASP.NET
1 < Content-Length: 2032
1 < Connection: keep-alive
{
  "ProjectId": "2afcf090-6588-4022-aa5e-49fca51f940e",
  "Name": "Dataset4990",
  "Description": "Dataset4990",
  "CustomTags": "",
  "ApplicationName": 1,
  "OpeningType": 1,
  "OpeningDirection": 1,
  "CalculateWeightWithGlass": false,
  "WindLoad": 120,
  "IsWindowOpeningCalculationByAngle": 1,
  "VentOuterWidth": 1230,
  "VentOuterHeight": 1480,
  "WeightIncGlassOrThickness": false,
  "VentWeight": 77,
  "VentWeightExact": 77.26400000000001,
  "GlassThickness": 14,
  "ProfileWeightPerSerialMeter": 2.5,
  "FacadeInclination": 0,
  "ChainLengthConnectingRodHandle": 5,
  "ChainLenghtConnectingRodHandle": 0,
  "RequiredOpeningStroke": 400,
  "OpeningWidth": 1000,
  "OpeningAngle": 15.532868337024489,
  "SpecificExhaustDimension": 30,
  "BuildingDepth": 75,
  "SnowLoad": 0,
  "DistanceHinge": 0,
  "RatedCurrent": 0,
  "DrivePosition": 2,
  "LockingMechanism": 1,
  "Voltage": 1,
  "DriveType": 1,
  "TypeOfInstallation": 2,
  "GeometricArea": 0,
  "CalculationTypeForVentilation": 1,
  "HeightOfProfile": 0,
  "Reveal": 0,
  "RevealDepth": 0,
  "HeightProfileRectangleAngle1": 0,
  "HeightProfileRectangleAngle2": 0,
  "RevealDepthRectangleAngle1": 0,
  "RevealDepthRectangleAngle2": 0,
  "RevealDepthRectangleAngle12": 0,
  "InstallationPosition": 0,
  "RecommendedDriveArticleNo": 0,
  "System": "",
  "AkippOrAtilt": 1.084,
  "AdrehOrAturn": 1.8204,
  "Ageo": 1.084,
  "MinPullingForceMax": -206.4868442161654,
  "MinPushingForceMax": -206.4868442161654,
  "MinPullingForcePermanent": -104.11163259218097,
  "MinPushingForcePermanent": -104.11163259218097,
  "ForceWithNegativeWind": 109.53156767199486,
  "ForceWithNoWindMin": 0.30763693489047433,
  "ForceWithNegativeWindMin": 0,
  "ForceWithWindMin": -108.91629380221393,
  "Id": "c8496fb5-f2e8-4b11-a914-b411b10424e8",
  "CreatedOn": "2024-12-05T08:22:43.1159443+00:00",
  "CreatedBy": "579816e4-6653-4794-b435-a885f32e28d7",
  "ModifiedOn": "2024-12-05T08:22:43.1159452+00:00",
  "ModifiedBy": ""
}

13:52:45.598 [main] INFO  com.intuit.karate - Generated Config ID: c8496fb5-f2e8-4b11-a914-b411b10424e8 
13:52:45.599 [main] INFO  com.intuit.karate - Generated Name: Dataset4990 
13:52:45.599 [main] INFO  com.intuit.karate - Generated Description: Dataset4990 
13:52:45.604 [main] DEBUG com.intuit.karate - request:
1 > PUT https://dev-drivetec-apis.schuecodigitalsolutions.com/Configurations
1 > Content-Type: application/json; charset=UTF-8
1 > Content-Length: 1276
1 > Host: dev-drivetec-apis.schuecodigitalsolutions.com
1 > Connection: Keep-Alive
1 > User-Agent: Apache-HttpClient/4.5.14 (Java/17.0.12)
1 > Accept-Encoding: gzip,deflate
{"Id":"c8496fb5-f2e8-4b11-a914-b411b10424e8","Name":"Dataset9","Description":"Dataset4990","ProjectId":"2afcf090-6588-4022-aa5e-49fca51f940e","CustomTags":"","CreatedBy":"579816e4-6653-4794-b435-a885f32e28d7","ModifiedBy":"579816e4-6653-4794-b435-a885f32e28d7","System":"","FacadeInclination":2,"OpeningType":2,"OpeningDirection":2,"OpeningWidth":1000,"VentOuterWidth":1230,"VentOuterHeight":1480,"VentWeight":0,"CalculateWeightWithGlass":false,"RequiredOpeningStroke":800,"WindLoad":120,"SnowLoad":0,"IsWindowOpeningCalculationByAngle":1,"GlassThickness":14,"ProfileWeightPerSerialMeter":2.5,"DrivePosition":1,"InstallationPosition":0,"LockingMechanism":1,"Voltage":1,"DriveType":1,"TypeOfInstallation":2,"GeometricArea":0,"CalcVentilation":2,"SpecificExhaustDimension":35,"BuildingDepth":65,"CalculationTypeForVentilation":2,"HeightOfProfile":200,"HeightProfileRectangleAngle1":0,"HeightProfileRectangleAngle2":0,"RevealDepth":1000,"RevealDepthRectangleAngle1":0,"RevealDepthRectangleAngle2":0,"ChainLengthConnectingRodHandle":5,"ApplicationName":1,"OpeningAngle":10,"WeightIncGlassOrThickness":false,"AkippOrAtilt":0,"AdrehOrAturn":0,"Ageo":0,"MinPullingForceMax":0,"MinPushingForceMax":0,"MinPullingForcePermanent":0,"MinPushingForcePermanent":0,"ForceWithNegativeWind":0}

13:52:46.225 [main] DEBUG com.intuit.karate - response time in milliseconds: 620
1 < 200
1 < Content-Type: application/json; charset=utf-8
1 < Date: Thu, 05 Dec 2024 08:22:43 GMT
1 < Server: Microsoft-IIS/10.0
1 < X-Powered-By: ASP.NET
1 < transfer-encoding: chunked
1 < Connection: keep-alive
{
  "ProjectId": "2afcf090-6588-4022-aa5e-49fca51f940e",
  "Name": "Dataset9",
  "Description": "Dataset4990",
  "CustomTags": "",
  "ApplicationName": 1,
  "OpeningType": 2,
  "OpeningDirection": 2,
  "CalculateWeightWithGlass": false,
  "WindLoad": 120,
  "IsWindowOpeningCalculationByAngle": 1,
  "VentOuterWidth": 1230,
  "VentOuterHeight": 1480,
  "WeightIncGlassOrThickness": false,
  "VentWeight": 77,
  "VentWeightExact": 77.26400000000001,
  "GlassThickness": 14,
  "ProfileWeightPerSerialMeter": 2.5,
  "FacadeInclination": 2,
  "ChainLengthConnectingRodHandle": 5,
  "ChainLenghtConnectingRodHandle": 0,
  "RequiredOpeningStroke": 800,
  "OpeningWidth": 1000,
  "OpeningAngle": 31.36070026967848,
  "SpecificExhaustDimension": 35,
  "BuildingDepth": 65,
  "SnowLoad": 0,
  "DistanceHinge": 0,
  "RatedCurrent": 0,
  "DrivePosition": 1,
  "LockingMechanism": 1,
  "Voltage": 1,
  "DriveType": 1,
  "TypeOfInstallation": 2,
  "GeometricArea": 0,
  "CalculationTypeForVentilation": 2,
  "HeightOfProfile": 200,
  "Reveal": 0,
  "RevealDepth": 1000,
  "HeightProfileRectangleAngle1": 0,
  "HeightProfileRectangleAngle2": 0,
  "RevealDepthRectangleAngle1": 0,
  "RevealDepthRectangleAngle2": 0,
  "RevealDepthRectangleAngle12": 0,
  "InstallationPosition": 0,
  "RecommendedDriveArticleNo": 0,
  "System": "",
  "AkippOrAtilt": 2.168,
  "AdrehOrAturn": 1.8204,
  "Ageo": 1.0198356046171009,
  "MinPullingForceMax": 95.92901045964452,
  "MinPushingForceMax": 283.1158769823155,
  "MinPullingForcePermanent": 197.02130284355349,
  "MinPushingForcePermanent": 197.02130284355349,
  "ForceWithNegativeWind": -122.26518517582623,
  "ForceWithNoWindMin": -13.168087358090862,
  "ForceWithNegativeWindMin": 110.92672870479146,
  "ForceWithWindMin": 95.92901045964452,
  "Id": "c8496fb5-f2e8-4b11-a914-b411b10424e8",
  "CreatedOn": "0001-01-01T00:00:00",
  "CreatedBy": "579816e4-6653-4794-b435-a885f32e28d7",
  "ModifiedOn": "2024-12-05T08:22:43.7443083+00:00",
  "ModifiedBy": "579816e4-6653-4794-b435-a885f32e28d7"
}

13:52:46.228 [main] INFO  com.intuit.karate - VentWeight from API Response: 77 
13:52:46.235 [main] INFO  com.intuit.karate - Rounded Opening Angle: 31.0 
13:52:46.236 [main] INFO  com.intuit.karate - Rounded Ageo: 1.02 
13:52:46.237 [main] INFO  com.intuit.karate - Rounded Required Opening Stroke: 800.0 
13:52:46.238 [main] INFO  com.intuit.karate - Rounded Vent Weight: 77.0 
13:52:46.242 [main] DEBUG com.intuit.karate - request:
2 > GET https://dev-drivetec-apis.schuecodigitalsolutions.com/Config/c8496fb5-f2e8-4b11-a914-b411b10424e8/Drive
2 > Host: dev-drivetec-apis.schuecodigitalsolutions.com
2 > Connection: Keep-Alive
2 > User-Agent: Apache-HttpClient/4.5.14 (Java/17.0.12)
2 > Accept-Encoding: gzip,deflate


13:52:46.825 [main] DEBUG com.intuit.karate - response time in milliseconds: 581
2 < 200
2 < Content-Type: application/json; charset=utf-8
2 < Date: Thu, 05 Dec 2024 08:22:43 GMT
2 < Server: Microsoft-IIS/10.0
2 < X-Powered-By: ASP.NET
2 < Content-Length: 8083
2 < Connection: keep-alive
[
  {
    "Name": "Chain actuator D6 800",
    "Bezeichnung": "Kettenantrieb D6 800",
    "ConfigurationId": "00000000-0000-0000-0000-000000000000",
    "Description": "",
    "Application": "Facade",
    "ApplicationFacade": true,
    "ApplicationSkylight": true,
    "Type": 1,
    "OpeningType": 0,
    "BottomHungInward": true,
    "BottomHungOutward": true,
    "SideHungInward": true,
    "SideHungOutward": true,
    "TopHungInward": false,
    "TopHungOutward": true,
    "ProjectedTopHungInward": false,
    "ProjectedTopHungOutward": false,
    "InstallationType": "",
    "ITMainOutFrmMountWBracket": true,
    "ITMainFixOutFrmMount": false,
    "ITMainVentFrmMount": true,
    "ITSideMount50": false,
    "ITSideMount60": false,
    "ITSideMount70": false,
    "ITSideMount80": false,
    "ITSideMount67": true,
    "Feature": "",
    "FeatureOpenClose": true,
    "FeatureLock": true,
    "ArticleNumber": 291717,
    "Stroke": 800,
    "Angle": 0,
    "Voltage": "24 V DC",
    "Voltage24": true,
    "Voltage230": false,
    "RatedCurrent": 1,
    "BreakingCurrent": 1,
    "PullingForceMax": 600,
    "PushingForceMax": 300,
    "PullingForceMaxWithNegativeWind": 0,
    "PushingForceMaxWithNegativeWind": 0,
    "PushingForcePermanent": 200,
    "PullingForcePermanent": 600,
    "MinPullingForceMax": 0,
    "MinPushingForceMax": 283.12,
    "MinPullingForcePermanent": 0,
    "MinPushingForcePermanent": 197.02,
    "Price": 387.92,
    "DriveLength": 794,
    "ChainDrive": 894,
    "ChainDrive2": 1748,
    "MaxLengthMainClosingEdge1Drive": 1920,
    "MaxGeometricArea": 1,
    "GeometricalSmokeExhaustion": 0,
    "TotalGlassThickness": 14,
    "Dimensions": 0,
    "DimensionsWxHxD": "794 x 40 x 56",
    "TensileForce": 0,
    "LockingForce": 0,
    "Details_DE": "<ul> <li>Bemessungsspannung: 24 V DC (19 V … 28 V)</li> <li>Abschaltstrom: 1,2 A</li> <li>Bemessungsstrom: 0,9 A</li> <li>Bemessungsaufnahme: 22 W</li> <li>Schutzart: IP 32</li> <li>Zug-/Schubkraft: max. 600 N</li> <li>Umgebungstemperatur: -5°C bis + 60°C</li> <li>Anschlussleitung: Halogenfrei, grau 5 x 0,5mm², ~3m</li> <li>Max. Geschwindigkeit: 13,5 mm/s</li> </ul>",
    "Details_EN": "<ul> <li>Rated voltage: 24 V DC (19 V … 28 V)</li><li>Breaking current: 1.2 A</li><li>Rated current: 0.9 A</li><li>Rated consumption: 22W</li><li>Protection rating: IP 32</li><li>Traction/ thrust: max. 600 N</li><li>Ambient temperature: -5° C to +60° C</li><li>Connecting cable: halogen-free, grey 3 x 0,5mm², ~3m</li><li>Max. speed: 13,5 mm/s</li></ul>",
    "Einsatz": "<ul><li>Anwendung: Lüftung, NRA</li> <li>Integrierte intelligente Regelelektronik</li></ul>",
    "Use": "<ul><li>Application: ventilation, natural smoke ventilation</li> <li>Integrated intelligent control electronics</li> </ul>",
    "Ausstattung": "<ul><li>Zusätzlicher Universal-Steckersatz für Mehrfachbetrieb bis zu 4 Antrieben und 2 Verriegelungsantrieben</li></ul>",
    "Equipment": "<ul><li>Additional universal plug socket for multiplex operation  of up to 4 drives and 2 interlocking drives</li></ul>",
    "Optionen": "<ul><li>Programmierung von Sonderfunktionen</li> <li>Programmierbare Rückmeldung Endlage „AUF“ (max. 24 V, 500 mA)</li> <li>Schüco Kontroller zur automatischen Konfiguration von Synchronlauf und Folgesteuerungen mit Verriegelungsantrieben in Antriebs-Verbundsystemen</li> </ul>",
    "Options": "<ul><li>Programming of special functions</li> <li>Programmable response for “OPEN” end position (max. 24 V, 500 mA)</li> <li>Schüco controller for automatic configuration of synchronous running and sequence control with locking drives in composite drive systems</li> </ul>",
    "IsTwoPce": false,
    "ResultVentWeight": 77.26,
    "IsLsRsDrive": false,
    "ArticleNumberRs": 0,
    "TwoDrivesSideInstallation50": 0,
    "TwoDrivesSideInstallation60": 0,
    "TwoDrivesSideInstallation70": 0,
    "TwoDrivesSideInstallation80": 0,
    "OpeningSpeedmms": 0,
    "Traction": 600,
    "Thrust": 300,
    "Id": "e9fa5654-1773-4646-9949-a237ab4f4797",
    "CreatedOn": "2024-09-26T13:55:26.817Z",
    "CreatedBy": "",
    "ModifiedOn": "2024-09-26T13:55:26.817Z",
    "ModifiedBy": ""
  },
  {
    "Name": "Locking actuator EasyConnect ow",
    "Bezeichnung": "Verriegelungsantrieb EasyConnect ow",
    "ConfigurationId": "00000000-0000-0000-0000-000000000000",
    "Description": "",
    "Application": "",
    "ApplicationFacade": true,
    "ApplicationSkylight": false,
    "Type": 5,
    "OpeningType": 0,
    "BottomHungInward": false,
    "BottomHungOutward": false,
    "SideHungInward": false,
    "SideHungOutward": true,
    "TopHungInward": false,
    "TopHungOutward": true,
    "ProjectedTopHungInward": false,
    "ProjectedTopHungOutward": true,
    "InstallationType": "",
    "ITMainOutFrmMountWBracket": true,
    "ITMainFixOutFrmMount": false,
    "ITMainVentFrmMount": false,
    "ITSideMount50": false,
    "ITSideMount60": false,
    "ITSideMount70": false,
    "ITSideMount80": false,
    "ITSideMount67": false,
    "Feature": "",
    "FeatureOpenClose": true,
    "FeatureLock": false,
    "ArticleNumber": 291589,
    "Stroke": 0,
    "Angle": 0,
    "Voltage": null,
    "Voltage24": true,
    "Voltage230": true,
    "RatedCurrent": 0,
    "BreakingCurrent": 0,
    "PullingForceMax": 0,
    "PushingForceMax": 0,
    "PullingForceMaxWithNegativeWind": 0,
    "PushingForceMaxWithNegativeWind": 0,
    "PushingForcePermanent": 0,
    "PullingForcePermanent": 0,
    "MinPullingForceMax": 0,
    "MinPushingForceMax": 0,
    "MinPullingForcePermanent": 0,
    "MinPushingForcePermanent": 0,
    "Price": 0,
    "DriveLength": 0,
    "ChainDrive": 0,
    "ChainDrive2": 0,
    "MaxLengthMainClosingEdge1Drive": 0,
    "MaxGeometricArea": 0,
    "GeometricalSmokeExhaustion": 0,
    "TotalGlassThickness": 0,
    "Dimensions": 0,
    "DimensionsWxHxD": "375 x 24 x 35",
    "TensileForce": 0,
    "LockingForce": 0,
    "Details_DE": "<ul> <li>Bemessungsspannung: 24 V DC (19 V … 28 V)</li> <li>Abschaltstrom: ~1,0 A</li> <li>Bemessungsstrom: 0,6 A</li> <li>Bemessungsaufnahme: 15 W</li> <li>Schutzart: IP 32</li><li>Zug-/Schubkraft: max. 600 N</li> <li>Umgebungstemperatur: -5°C bis + 60°C</li> <li>Anschlussleitung: Halogenfrei, grau 5 x 0,5mm² , ~5m</li> <li>Laufzeit: ~ 5s</li><li>Hub: ~ 18mm</li> </ul>",
    "Details_EN": "<ul> <li>Rated voltage : 24 V DC (19 V … 28 V</li> <li>Breaking current : ~1,0 A</li> <li>Rated current : 0,6 A</li> <li>Rated consumption : 15 W</li> <li>Protection rating : IP 32</li><li>Traction/ thrust : max. 600 N</li> <li>Ambient temperature: -5°C bis + 60°C</li> <li>Connecting cable: halogen-free, grey 5 x 0,5mm² , ~5m</li> <li>Running time: ~ 5s</li><li>Stroke: ~ 18mm</li> </ul>",
    "Einsatz": "<ul> <li>Anwendung: Lüftung, NRA</li><li>Integrierte intelligente Regelelektronik</li></ul>",
    "Use": "<ul> <li>Application: ventilation, natural smoke ventilation</li> <li>Integrated intelligent control electronics</li></ul>",
    "Ausstattung": "<ul><li>Laufrichtung einstellbar</li><li>Zusätzlicher Universal-Steckersatz</li></ul>",
    "Equipment": "<ul><li>Running direction adjustable</li><li>Additional universal plug socket</li></ul>",
    "Optionen": "<ul> <li>Mitnehmer objekt-/profilspezifisch anpassbar</li></ul>",
    "Options": "<ul> <li>Coupling adapter customizable for project-/profile-specific demands</li></ul>",
    "IsTwoPce": false,
    "ResultVentWeight": 0,
    "IsLsRsDrive": false,
    "ArticleNumberRs": 0,
    "TwoDrivesSideInstallation50": 0,
    "TwoDrivesSideInstallation60": 0,
    "TwoDrivesSideInstallation70": 0,
    "TwoDrivesSideInstallation80": 0,
    "OpeningSpeedmms": 0,
    "Traction": 0,
    "Thrust": 0,
    "Id": "ebe9753c-e5d7-4140-afe0-9f98bf25df99",
    "CreatedOn": "2024-09-26T13:55:26.817Z",
    "CreatedBy": "",
    "ModifiedOn": "2024-09-26T13:55:26.817Z",
    "ModifiedBy": ""
  }
]

13:52:46.834 [main] INFO  com.intuit.karate - Expected RecommDrive: Chain actuator D6 800,Locking actuator EasyConnect ow 
13:52:46.834 [main] INFO  com.intuit.karate - Actual RecommDrive: Chain actuator D6 800, Locking actuator EasyConnect ow 
13:52:46.835 [main] INFO  com.intuit.karate - Normalized Actual RecommDrive: Chain actuator D6 800,Locking actuator EasyConnect ow 
13:52:46.835 [main] INFO  com.intuit.karate - Normalized Expected RecommDrive: Chain actuator D6 800,Locking actuator EasyConnect ow 
13:52:46.836 [main] INFO  com.intuit.karate - All Drive IDs: [
  "e9fa5654-1773-4646-9949-a237ab4f4797",
  "ebe9753c-e5d7-4140-afe0-9f98bf25df99"
]
 
13:52:46.837 [main] INFO  com.intuit.karate - First Drive ID: e9fa5654-1773-4646-9949-a237ab4f4797 
13:52:46.840 [main] DEBUG com.intuit.karate - request:
3 > POST https://dev-drivetec-apis.schuecodigitalsolutions.com/api/Drives/DownloadPDFNew/Schuco
3 > Content-Type: application/json; charset=UTF-8
3 > Content-Length: 1194
3 > Host: dev-drivetec-apis.schuecodigitalsolutions.com
3 > Connection: Keep-Alive
3 > User-Agent: Apache-HttpClient/4.5.14 (Java/17.0.12)
3 > Accept-Encoding: gzip,deflate
[{"Id":"configId","Header":"configId","Value":"c8496fb5-f2e8-4b11-a914-b411b10424e8"},{"Id":"driveId","Header":"driveId","Value":"e9fa5654-1773-4646-9949-a237ab4f4797"},{"Id":"culture","Header":"culture","Value":"EN-US"},{"Id":"projectId","Header":"projectId","Value":"2afcf090-6588-4022-aa5e-49fca51f940e"},{"Id":"range-of-app","Header":"Range of application","Value":"Façade"},{"Id":"opening-type","Header":"Opening type","Value":"Bottom-hung vent"},{"Id":"opening-direction","Header":"Opening direction","Value":"Inward"},{"Id":"how-calc-weight","Header":"Vent weight","Value":"Weight including glass"},{"Id":"Chain-Length","Header":"Chain- \/ connecting rod handle","Value":"100%"},{"Id":"drive-position","Header":"Drive position","Value":"Side installation"},{"Id":"locking-mechanism","Header":"Locking mechanism","Value":"With"},{"Id":"voltage","Header":"Voltage","Value":"24 V"},{"Id":"drive-type","Header":"Drive type","Value":"Chain drive"},{"Id":"type-installation","Header":"Type of installation","Value":"Pivoting Outer Frame Installation"},{"Id":"calculation-type-for-ventilation-area","Header":"Calculation type for ventilation area","Value":"Method in accordance with ASR 3.6"}]

13:52:48.945 [main] DEBUG com.intuit.karate - response time in milliseconds: 2103
3 < 200
3 < Content-Type: application/json; charset=utf-8
3 < Date: Thu, 05 Dec 2024 08:22:46 GMT
3 < Server: Microsoft-IIS/10.0
3 < X-Powered-By: ASP.NET
3 < Content-Length: 278
3 < Connection: keep-alive
{
  "result": "https://drive-tec-dev.s3.amazonaws.com/AUT_TPJ33518-Chain_actuator_D6_800.pdf?AWSAccessKeyId=AKIAZAWIART4ZFAXXPHK&Expires=1733390566&response-content-disposition=attachment%3B&response-content-type=application%2Fpdf&Signature=41UhTThUHDD78WP%2FfLClr4sEla8%3D"
}

13:52:48.947 [main] INFO  com.intuit.karate - Download URL for first driveId: https://drive-tec-dev.s3.amazonaws.com/AUT_TPJ33518-Chain_actuator_D6_800.pdf?AWSAccessKeyId=AKIAZAWIART4ZFAXXPHK&Expires=1733390566&response-content-disposition=attachment%3B&response-content-type=application%2Fpdf&Signature=41UhTThUHDD78WP%2FfLClr4sEla8%3D 
13:52:48.955 [main] INFO  com.intuit.karate - karate.env system property was: null 
13:52:48.958 [main] INFO  com.intuit.karate - Running test for dataset:  Dataset10 
13:52:48.965 [main] INFO  com.intuit.karate - Using ProjectId:  {
  "result": {
    "projectId": "prjId"
  },
  "projectPayload": {
    "Id": "579816e4-6653-4794-b435-a885f32e28d7",
    "Name": "AUT_TPJ33518",
    "Address": "Hyderabad, Telangana, India",
    "Description": "",
    "CreatedBy": "579816e4-6653-4794-b435-a885f32e28d7",
    "ModifiedBy": "579816e4-6653-4794-b435-a885f32e28d7"
  },
  "uniqueName": "AUT_TPJ33518",
  "responseHeaders": {
    "Content-Type": [
      "application/json; charset=utf-8"
    ],
    "Date": [
      "Thu, 05 Dec 2024 08:22:12 GMT"
    ],
    "Server": [
      "Microsoft-IIS/10.0"
    ],
    "X-Powered-By": [
      "ASP.NET"
    ],
    "transfer-encoding": [
      "chunked"
    ],
    "Connection": [
      "keep-alive"
    ],
    "Set-Cookie": [
    ]
  },
  "responseTime": 841,
  "response": {
    "Name": "AUT_TPJ33518",
    "Description": "",
    "Address": "Hyderabad, Telangana, India",
    "Id": "2afcf090-6588-4022-aa5e-49fca51f940e",
    "CreatedOn": "2024-12-05T08:22:11.998251+00:00",
    "CreatedBy": "579816e4-6653-4794-b435-a885f32e28d7",
    "ModifiedOn": "2024-12-05T08:22:11.9982526+00:00",
    "ModifiedBy": ""
  },
  "responseStatus": 200,
  "prjId": "2afcf090-6588-4022-aa5e-49fca51f940e",
  "projectId": "2afcf090-6588-4022-aa5e-49fca51f940e"
}
 
13:52:48.973 [main] DEBUG com.intuit.karate - request:
1 > POST https://dev-drivetec-apis.schuecodigitalsolutions.com/Configurations
1 > Content-Type: application/json; charset=UTF-8
1 > Content-Length: 1275
1 > Host: dev-drivetec-apis.schuecodigitalsolutions.com
1 > Connection: Keep-Alive
1 > User-Agent: Apache-HttpClient/4.5.14 (Java/17.0.12)
1 > Accept-Encoding: gzip,deflate
{"Id":"00000000-0000-0000-0000-000000000000","ProjectId":"2afcf090-6588-4022-aa5e-49fca51f940e","Name":"Dataset8968","Description":"Dataset8968","CustomTags":"","CreatedBy":"579816e4-6653-4794-b435-a885f32e28d7","ModifiedBy":"579816e4-6653-4794-b435-a885f32e28d7","ApplicationName":1,"System":"","FacadeInclination":0,"OpeningType":1,"OpeningDirection":1,"OpeningWidth":1000,"VentOuterWidth":1230,"VentOuterHeight":1480,"VentWeight":70,"CalculateWeightWithGlass":false,"WeightIncGlassOrThickness":false,"GlassThickness":14,"ProfileWeightPerSerialMeter":2.5,"IsWindowOpeningCalculationByAngle":1,"RequiredOpeningStroke":400,"OpeningAngle":15,"WindLoad":120,"SnowLoad":0,"DrivePosition":2,"InstallationPosition":1,"ChainLengthConnectingRodHandle":5,"LockingMechanism":1,"Voltage":1,"DriveType":1,"TypeOfInstallation":2,"CalculationTypeForVentilation":1,"CalcVentilation":1,"GeometricArea":1,"SpecificExhaustDimension":30,"BuildingDepth":75,"RevealDepth":0,"RevealDepthRectangleAngle1":0,"RevealDepthRectangleAngle2":0,"HeightOfProfile":0,"HeightProfileRectangleAngle1":0,"HeightProfileRectangleAngle2":0,"AkippOrAtilt":0,"AdrehOrAturn":0,"Ageo":0,"MinPullingForceMax":0,"MinPushingForceMax":0,"MinPullingForcePermanent":0,"MinPushingForcePermanent":0,"ForceWithNegativeWind":0}

13:52:49.575 [main] DEBUG com.intuit.karate - response time in milliseconds: 599
1 < 200
1 < Content-Type: application/json; charset=utf-8
1 < Date: Thu, 05 Dec 2024 08:22:46 GMT
1 < Server: Microsoft-IIS/10.0
1 < X-Powered-By: ASP.NET
1 < Content-Length: 2031
1 < Connection: keep-alive
{
  "ProjectId": "2afcf090-6588-4022-aa5e-49fca51f940e",
  "Name": "Dataset8968",
  "Description": "Dataset8968",
  "CustomTags": "",
  "ApplicationName": 1,
  "OpeningType": 1,
  "OpeningDirection": 1,
  "CalculateWeightWithGlass": false,
  "WindLoad": 120,
  "IsWindowOpeningCalculationByAngle": 1,
  "VentOuterWidth": 1230,
  "VentOuterHeight": 1480,
  "WeightIncGlassOrThickness": false,
  "VentWeight": 77,
  "VentWeightExact": 77.26400000000001,
  "GlassThickness": 14,
  "ProfileWeightPerSerialMeter": 2.5,
  "FacadeInclination": 0,
  "ChainLengthConnectingRodHandle": 5,
  "ChainLenghtConnectingRodHandle": 0,
  "RequiredOpeningStroke": 400,
  "OpeningWidth": 1000,
  "OpeningAngle": 15.532868337024489,
  "SpecificExhaustDimension": 30,
  "BuildingDepth": 75,
  "SnowLoad": 0,
  "DistanceHinge": 0,
  "RatedCurrent": 0,
  "DrivePosition": 2,
  "LockingMechanism": 1,
  "Voltage": 1,
  "DriveType": 1,
  "TypeOfInstallation": 2,
  "GeometricArea": 0,
  "CalculationTypeForVentilation": 1,
  "HeightOfProfile": 0,
  "Reveal": 0,
  "RevealDepth": 0,
  "HeightProfileRectangleAngle1": 0,
  "HeightProfileRectangleAngle2": 0,
  "RevealDepthRectangleAngle1": 0,
  "RevealDepthRectangleAngle2": 0,
  "RevealDepthRectangleAngle12": 0,
  "InstallationPosition": 0,
  "RecommendedDriveArticleNo": 0,
  "System": "",
  "AkippOrAtilt": 1.084,
  "AdrehOrAturn": 1.8204,
  "Ageo": 1.084,
  "MinPullingForceMax": -206.4868442161654,
  "MinPushingForceMax": -206.4868442161654,
  "MinPullingForcePermanent": -104.11163259218097,
  "MinPushingForcePermanent": -104.11163259218097,
  "ForceWithNegativeWind": 109.53156767199486,
  "ForceWithNoWindMin": 0.30763693489047433,
  "ForceWithNegativeWindMin": 0,
  "ForceWithWindMin": -108.91629380221393,
  "Id": "901d5b9e-594c-4012-9e0a-5778dbebaf51",
  "CreatedOn": "2024-12-05T08:22:47.1095279+00:00",
  "CreatedBy": "579816e4-6653-4794-b435-a885f32e28d7",
  "ModifiedOn": "2024-12-05T08:22:47.109529+00:00",
  "ModifiedBy": ""
}

13:52:49.578 [main] INFO  com.intuit.karate - Generated Config ID: 901d5b9e-594c-4012-9e0a-5778dbebaf51 
13:52:49.579 [main] INFO  com.intuit.karate - Generated Name: Dataset8968 
13:52:49.580 [main] INFO  com.intuit.karate - Generated Description: Dataset8968 
13:52:49.583 [main] DEBUG com.intuit.karate - request:
1 > PUT https://dev-drivetec-apis.schuecodigitalsolutions.com/Configurations
1 > Content-Type: application/json; charset=UTF-8
1 > Content-Length: 1278
1 > Host: dev-drivetec-apis.schuecodigitalsolutions.com
1 > Connection: Keep-Alive
1 > User-Agent: Apache-HttpClient/4.5.14 (Java/17.0.12)
1 > Accept-Encoding: gzip,deflate
{"Id":"901d5b9e-594c-4012-9e0a-5778dbebaf51","Name":"Dataset10","Description":"Dataset8968","ProjectId":"2afcf090-6588-4022-aa5e-49fca51f940e","CustomTags":"","CreatedBy":"579816e4-6653-4794-b435-a885f32e28d7","ModifiedBy":"579816e4-6653-4794-b435-a885f32e28d7","System":"","FacadeInclination":40,"OpeningType":2,"OpeningDirection":2,"OpeningWidth":1000,"VentOuterWidth":1230,"VentOuterHeight":1480,"VentWeight":0,"CalculateWeightWithGlass":false,"RequiredOpeningStroke":800,"WindLoad":120,"SnowLoad":0,"IsWindowOpeningCalculationByAngle":1,"GlassThickness":14,"ProfileWeightPerSerialMeter":2.5,"DrivePosition":1,"InstallationPosition":0,"LockingMechanism":1,"Voltage":1,"DriveType":1,"TypeOfInstallation":2,"GeometricArea":0,"CalcVentilation":2,"SpecificExhaustDimension":35,"BuildingDepth":65,"CalculationTypeForVentilation":2,"HeightOfProfile":200,"HeightProfileRectangleAngle1":0,"HeightProfileRectangleAngle2":0,"RevealDepth":1000,"RevealDepthRectangleAngle1":0,"RevealDepthRectangleAngle2":0,"ChainLengthConnectingRodHandle":5,"ApplicationName":1,"OpeningAngle":10,"WeightIncGlassOrThickness":false,"AkippOrAtilt":0,"AdrehOrAturn":0,"Ageo":0,"MinPullingForceMax":0,"MinPushingForceMax":0,"MinPullingForcePermanent":0,"MinPushingForcePermanent":0,"ForceWithNegativeWind":0}

13:52:50.177 [main] DEBUG com.intuit.karate - response time in milliseconds: 593
1 < 200
1 < Content-Type: application/json; charset=utf-8
1 < Date: Thu, 05 Dec 2024 08:22:47 GMT
1 < Server: Microsoft-IIS/10.0
1 < X-Powered-By: ASP.NET
1 < Content-Length: 2088
1 < Connection: keep-alive
{
  "ProjectId": "2afcf090-6588-4022-aa5e-49fca51f940e",
  "Name": "Dataset10",
  "Description": "Dataset8968",
  "CustomTags": "",
  "ApplicationName": 1,
  "OpeningType": 2,
  "OpeningDirection": 2,
  "CalculateWeightWithGlass": false,
  "WindLoad": 120,
  "IsWindowOpeningCalculationByAngle": 1,
  "VentOuterWidth": 1230,
  "VentOuterHeight": 1480,
  "WeightIncGlassOrThickness": false,
  "VentWeight": 77,
  "VentWeightExact": 77.26400000000001,
  "GlassThickness": 14,
  "ProfileWeightPerSerialMeter": 2.5,
  "FacadeInclination": 40,
  "ChainLengthConnectingRodHandle": 5,
  "ChainLenghtConnectingRodHandle": 0,
  "RequiredOpeningStroke": 800,
  "OpeningWidth": 1000,
  "OpeningAngle": 31.36070026967848,
  "SpecificExhaustDimension": 35,
  "BuildingDepth": 65,
  "SnowLoad": 0,
  "DistanceHinge": 0,
  "RatedCurrent": 0,
  "DrivePosition": 1,
  "LockingMechanism": 1,
  "Voltage": 1,
  "DriveType": 1,
  "TypeOfInstallation": 2,
  "GeometricArea": 0,
  "CalculationTypeForVentilation": 2,
  "HeightOfProfile": 200,
  "Reveal": 0,
  "RevealDepth": 1000,
  "HeightProfileRectangleAngle1": 0,
  "HeightProfileRectangleAngle2": 0,
  "RevealDepthRectangleAngle1": 0,
  "RevealDepthRectangleAngle2": 0,
  "RevealDepthRectangleAngle12": 0,
  "InstallationPosition": 0,
  "RecommendedDriveArticleNo": 0,
  "System": "",
  "AkippOrAtilt": 2.168,
  "AdrehOrAturn": 1.8204,
  "Ageo": 1.0198356046171009,
  "MinPullingForceMax": 51.107507951589845,
  "MinPushingForceMax": -183.76216692764464,
  "MinPullingForcePermanent": -247.98114221267235,
  "MinPushingForcePermanent": -247.98114221267235,
  "ForceWithNegativeWind": -312.20011749770003,
  "ForceWithNoWindMin": -59.81724995636224,
  "ForceWithNegativeWindMin": -170.74200786431433,
  "ForceWithWindMin": 51.107507951589845,
  "Id": "901d5b9e-594c-4012-9e0a-5778dbebaf51",
  "CreatedOn": "0001-01-01T00:00:00",
  "CreatedBy": "579816e4-6653-4794-b435-a885f32e28d7",
  "ModifiedOn": "2024-12-05T08:22:47.7058955+00:00",
  "ModifiedBy": "579816e4-6653-4794-b435-a885f32e28d7"
}

13:52:50.179 [main] INFO  com.intuit.karate - VentWeight from API Response: 77 
13:52:50.182 [main] INFO  com.intuit.karate - Rounded Opening Angle: 31.0 
13:52:50.183 [main] INFO  com.intuit.karate - Rounded Ageo: 1.02 
13:52:50.184 [main] INFO  com.intuit.karate - Rounded Required Opening Stroke: 800.0 
13:52:50.184 [main] INFO  com.intuit.karate - Rounded Vent Weight: 77.0 
13:52:50.189 [main] DEBUG com.intuit.karate - request:
2 > GET https://dev-drivetec-apis.schuecodigitalsolutions.com/Config/901d5b9e-594c-4012-9e0a-5778dbebaf51/Drive
2 > Host: dev-drivetec-apis.schuecodigitalsolutions.com
2 > Connection: Keep-Alive
2 > User-Agent: Apache-HttpClient/4.5.14 (Java/17.0.12)
2 > Accept-Encoding: gzip,deflate


13:52:50.778 [main] DEBUG com.intuit.karate - response time in milliseconds: 588
2 < 200
2 < Content-Type: application/json; charset=utf-8
2 < Date: Thu, 05 Dec 2024 08:22:47 GMT
2 < Server: Microsoft-IIS/10.0
2 < X-Powered-By: ASP.NET
2 < transfer-encoding: chunked
2 < Connection: keep-alive
[
  {
    "Name": "Chain actuator D6 800",
    "Bezeichnung": "Kettenantrieb D6 800",
    "ConfigurationId": "00000000-0000-0000-0000-000000000000",
    "Description": "",
    "Application": "Facade",
    "ApplicationFacade": true,
    "ApplicationSkylight": true,
    "Type": 1,
    "OpeningType": 0,
    "BottomHungInward": true,
    "BottomHungOutward": true,
    "SideHungInward": true,
    "SideHungOutward": true,
    "TopHungInward": false,
    "TopHungOutward": true,
    "ProjectedTopHungInward": false,
    "ProjectedTopHungOutward": false,
    "InstallationType": "",
    "ITMainOutFrmMountWBracket": true,
    "ITMainFixOutFrmMount": false,
    "ITMainVentFrmMount": true,
    "ITSideMount50": false,
    "ITSideMount60": false,
    "ITSideMount70": false,
    "ITSideMount80": false,
    "ITSideMount67": true,
    "Feature": "",
    "FeatureOpenClose": true,
    "FeatureLock": true,
    "ArticleNumber": 291717,
    "Stroke": 800,
    "Angle": 0,
    "Voltage": "24 V DC",
    "Voltage24": true,
    "Voltage230": false,
    "RatedCurrent": 1,
    "BreakingCurrent": 1,
    "PullingForceMax": 600,
    "PushingForceMax": 300,
    "PullingForceMaxWithNegativeWind": 0,
    "PushingForceMaxWithNegativeWind": 0,
    "PushingForcePermanent": 200,
    "PullingForcePermanent": 600,
    "MinPullingForceMax": -183.76,
    "MinPushingForceMax": 0,
    "MinPullingForcePermanent": -247.98,
    "MinPushingForcePermanent": 0,
    "Price": 387.92,
    "DriveLength": 794,
    "ChainDrive": 894,
    "ChainDrive2": 1748,
    "MaxLengthMainClosingEdge1Drive": 1920,
    "MaxGeometricArea": 1,
    "GeometricalSmokeExhaustion": 0,
    "TotalGlassThickness": 14,
    "Dimensions": 0,
    "DimensionsWxHxD": "794 x 40 x 56",
    "TensileForce": 0,
    "LockingForce": 0,
    "Details_DE": "<ul> <li>Bemessungsspannung: 24 V DC (19 V … 28 V)</li> <li>Abschaltstrom: 1,2 A</li> <li>Bemessungsstrom: 0,9 A</li> <li>Bemessungsaufnahme: 22 W</li> <li>Schutzart: IP 32</li> <li>Zug-/Schubkraft: max. 600 N</li> <li>Umgebungstemperatur: -5°C bis + 60°C</li> <li>Anschlussleitung: Halogenfrei, grau 5 x 0,5mm², ~3m</li> <li>Max. Geschwindigkeit: 13,5 mm/s</li> </ul>",
    "Details_EN": "<ul> <li>Rated voltage: 24 V DC (19 V … 28 V)</li><li>Breaking current: 1.2 A</li><li>Rated current: 0.9 A</li><li>Rated consumption: 22W</li><li>Protection rating: IP 32</li><li>Traction/ thrust: max. 600 N</li><li>Ambient temperature: -5° C to +60° C</li><li>Connecting cable: halogen-free, grey 3 x 0,5mm², ~3m</li><li>Max. speed: 13,5 mm/s</li></ul>",
    "Einsatz": "<ul><li>Anwendung: Lüftung, NRA</li> <li>Integrierte intelligente Regelelektronik</li></ul>",
    "Use": "<ul><li>Application: ventilation, natural smoke ventilation</li> <li>Integrated intelligent control electronics</li> </ul>",
    "Ausstattung": "<ul><li>Zusätzlicher Universal-Steckersatz für Mehrfachbetrieb bis zu 4 Antrieben und 2 Verriegelungsantrieben</li></ul>",
    "Equipment": "<ul><li>Additional universal plug socket for multiplex operation  of up to 4 drives and 2 interlocking drives</li></ul>",
    "Optionen": "<ul><li>Programmierung von Sonderfunktionen</li> <li>Programmierbare Rückmeldung Endlage „AUF“ (max. 24 V, 500 mA)</li> <li>Schüco Kontroller zur automatischen Konfiguration von Synchronlauf und Folgesteuerungen mit Verriegelungsantrieben in Antriebs-Verbundsystemen</li> </ul>",
    "Options": "<ul><li>Programming of special functions</li> <li>Programmable response for “OPEN” end position (max. 24 V, 500 mA)</li> <li>Schüco controller for automatic configuration of synchronous running and sequence control with locking drives in composite drive systems</li> </ul>",
    "IsTwoPce": false,
    "ResultVentWeight": 77.26,
    "IsLsRsDrive": false,
    "ArticleNumberRs": 0,
    "TwoDrivesSideInstallation50": 0,
    "TwoDrivesSideInstallation60": 0,
    "TwoDrivesSideInstallation70": 0,
    "TwoDrivesSideInstallation80": 0,
    "OpeningSpeedmms": 0,
    "Traction": 600,
    "Thrust": 300,
    "Id": "e9fa5654-1773-4646-9949-a237ab4f4797",
    "CreatedOn": "2024-09-26T13:55:26.817Z",
    "CreatedBy": "",
    "ModifiedOn": "2024-09-26T13:55:26.817Z",
    "ModifiedBy": ""
  },
  {
    "Name": "Locking actuator EasyConnect ow",
    "Bezeichnung": "Verriegelungsantrieb EasyConnect ow",
    "ConfigurationId": "00000000-0000-0000-0000-000000000000",
    "Description": "",
    "Application": "",
    "ApplicationFacade": true,
    "ApplicationSkylight": false,
    "Type": 5,
    "OpeningType": 0,
    "BottomHungInward": false,
    "BottomHungOutward": false,
    "SideHungInward": false,
    "SideHungOutward": true,
    "TopHungInward": false,
    "TopHungOutward": true,
    "ProjectedTopHungInward": false,
    "ProjectedTopHungOutward": true,
    "InstallationType": "",
    "ITMainOutFrmMountWBracket": true,
    "ITMainFixOutFrmMount": false,
    "ITMainVentFrmMount": false,
    "ITSideMount50": false,
    "ITSideMount60": false,
    "ITSideMount70": false,
    "ITSideMount80": false,
    "ITSideMount67": false,
    "Feature": "",
    "FeatureOpenClose": true,
    "FeatureLock": false,
    "ArticleNumber": 291589,
    "Stroke": 0,
    "Angle": 0,
    "Voltage": null,
    "Voltage24": true,
    "Voltage230": true,
    "RatedCurrent": 0,
    "BreakingCurrent": 0,
    "PullingForceMax": 0,
    "PushingForceMax": 0,
    "PullingForceMaxWithNegativeWind": 0,
    "PushingForceMaxWithNegativeWind": 0,
    "PushingForcePermanent": 0,
    "PullingForcePermanent": 0,
    "MinPullingForceMax": 0,
    "MinPushingForceMax": 0,
    "MinPullingForcePermanent": 0,
    "MinPushingForcePermanent": 0,
    "Price": 0,
    "DriveLength": 0,
    "ChainDrive": 0,
    "ChainDrive2": 0,
    "MaxLengthMainClosingEdge1Drive": 0,
    "MaxGeometricArea": 0,
    "GeometricalSmokeExhaustion": 0,
    "TotalGlassThickness": 0,
    "Dimensions": 0,
    "DimensionsWxHxD": "375 x 24 x 35",
    "TensileForce": 0,
    "LockingForce": 0,
    "Details_DE": "<ul> <li>Bemessungsspannung: 24 V DC (19 V … 28 V)</li> <li>Abschaltstrom: ~1,0 A</li> <li>Bemessungsstrom: 0,6 A</li> <li>Bemessungsaufnahme: 15 W</li> <li>Schutzart: IP 32</li><li>Zug-/Schubkraft: max. 600 N</li> <li>Umgebungstemperatur: -5°C bis + 60°C</li> <li>Anschlussleitung: Halogenfrei, grau 5 x 0,5mm² , ~5m</li> <li>Laufzeit: ~ 5s</li><li>Hub: ~ 18mm</li> </ul>",
    "Details_EN": "<ul> <li>Rated voltage : 24 V DC (19 V … 28 V</li> <li>Breaking current : ~1,0 A</li> <li>Rated current : 0,6 A</li> <li>Rated consumption : 15 W</li> <li>Protection rating : IP 32</li><li>Traction/ thrust : max. 600 N</li> <li>Ambient temperature: -5°C bis + 60°C</li> <li>Connecting cable: halogen-free, grey 5 x 0,5mm² , ~5m</li> <li>Running time: ~ 5s</li><li>Stroke: ~ 18mm</li> </ul>",
    "Einsatz": "<ul> <li>Anwendung: Lüftung, NRA</li><li>Integrierte intelligente Regelelektronik</li></ul>",
    "Use": "<ul> <li>Application: ventilation, natural smoke ventilation</li> <li>Integrated intelligent control electronics</li></ul>",
    "Ausstattung": "<ul><li>Laufrichtung einstellbar</li><li>Zusätzlicher Universal-Steckersatz</li></ul>",
    "Equipment": "<ul><li>Running direction adjustable</li><li>Additional universal plug socket</li></ul>",
    "Optionen": "<ul> <li>Mitnehmer objekt-/profilspezifisch anpassbar</li></ul>",
    "Options": "<ul> <li>Coupling adapter customizable for project-/profile-specific demands</li></ul>",
    "IsTwoPce": false,
    "ResultVentWeight": 0,
    "IsLsRsDrive": false,
    "ArticleNumberRs": 0,
    "TwoDrivesSideInstallation50": 0,
    "TwoDrivesSideInstallation60": 0,
    "TwoDrivesSideInstallation70": 0,
    "TwoDrivesSideInstallation80": 0,
    "OpeningSpeedmms": 0,
    "Traction": 0,
    "Thrust": 0,
    "Id": "ebe9753c-e5d7-4140-afe0-9f98bf25df99",
    "CreatedOn": "2024-09-26T13:55:26.817Z",
    "CreatedBy": "",
    "ModifiedOn": "2024-09-26T13:55:26.817Z",
    "ModifiedBy": ""
  }
]

13:52:50.784 [main] INFO  com.intuit.karate - Expected RecommDrive: Chain actuator D6 800,Locking actuator EasyConnect ow 
13:52:50.785 [main] INFO  com.intuit.karate - Actual RecommDrive: Chain actuator D6 800, Locking actuator EasyConnect ow 
13:52:50.785 [main] INFO  com.intuit.karate - Normalized Actual RecommDrive: Chain actuator D6 800,Locking actuator EasyConnect ow 
13:52:50.785 [main] INFO  com.intuit.karate - Normalized Expected RecommDrive: Chain actuator D6 800,Locking actuator EasyConnect ow 
13:52:50.786 [main] INFO  com.intuit.karate - All Drive IDs: [
  "e9fa5654-1773-4646-9949-a237ab4f4797",
  "ebe9753c-e5d7-4140-afe0-9f98bf25df99"
]
 
13:52:50.787 [main] INFO  com.intuit.karate - First Drive ID: e9fa5654-1773-4646-9949-a237ab4f4797 
13:52:50.788 [main] DEBUG com.intuit.karate - request:
3 > POST https://dev-drivetec-apis.schuecodigitalsolutions.com/api/Drives/DownloadPDFNew/Schuco
3 > Content-Type: application/json; charset=UTF-8
3 > Content-Length: 1194
3 > Host: dev-drivetec-apis.schuecodigitalsolutions.com
3 > Connection: Keep-Alive
3 > User-Agent: Apache-HttpClient/4.5.14 (Java/17.0.12)
3 > Accept-Encoding: gzip,deflate
[{"Id":"configId","Header":"configId","Value":"901d5b9e-594c-4012-9e0a-5778dbebaf51"},{"Id":"driveId","Header":"driveId","Value":"e9fa5654-1773-4646-9949-a237ab4f4797"},{"Id":"culture","Header":"culture","Value":"EN-US"},{"Id":"projectId","Header":"projectId","Value":"2afcf090-6588-4022-aa5e-49fca51f940e"},{"Id":"range-of-app","Header":"Range of application","Value":"Façade"},{"Id":"opening-type","Header":"Opening type","Value":"Bottom-hung vent"},{"Id":"opening-direction","Header":"Opening direction","Value":"Inward"},{"Id":"how-calc-weight","Header":"Vent weight","Value":"Weight including glass"},{"Id":"Chain-Length","Header":"Chain- \/ connecting rod handle","Value":"100%"},{"Id":"drive-position","Header":"Drive position","Value":"Side installation"},{"Id":"locking-mechanism","Header":"Locking mechanism","Value":"With"},{"Id":"voltage","Header":"Voltage","Value":"24 V"},{"Id":"drive-type","Header":"Drive type","Value":"Chain drive"},{"Id":"type-installation","Header":"Type of installation","Value":"Pivoting Outer Frame Installation"},{"Id":"calculation-type-for-ventilation-area","Header":"Calculation type for ventilation area","Value":"Method in accordance with ASR 3.6"}]

13:52:52.167 [main] DEBUG com.intuit.karate - response time in milliseconds: 1377
3 < 200
3 < Content-Type: application/json; charset=utf-8
3 < Date: Thu, 05 Dec 2024 08:22:49 GMT
3 < Server: Microsoft-IIS/10.0
3 < X-Powered-By: ASP.NET
3 < Content-Length: 276
3 < Connection: keep-alive
{
  "result": "https://drive-tec-dev.s3.amazonaws.com/AUT_TPJ33518-Chain_actuator_D6_800.pdf?AWSAccessKeyId=AKIAZAWIART4ZFAXXPHK&Expires=1733390570&response-content-disposition=attachment%3B&response-content-type=application%2Fpdf&Signature=IxOUOKwHoskoVIhjNoUrRGjr5O4%3D"
}

13:52:52.169 [main] INFO  com.intuit.karate - Download URL for first driveId: https://drive-tec-dev.s3.amazonaws.com/AUT_TPJ33518-Chain_actuator_D6_800.pdf?AWSAccessKeyId=AKIAZAWIART4ZFAXXPHK&Expires=1733390570&response-content-disposition=attachment%3B&response-content-type=application%2Fpdf&Signature=IxOUOKwHoskoVIhjNoUrRGjr5O4%3D 
13:52:52.174 [main] INFO  com.intuit.karate - karate.env system property was: null 
13:52:52.175 [main] INFO  com.intuit.karate - Running test for dataset:  Dataset11 
13:52:52.180 [main] INFO  com.intuit.karate - Using ProjectId:  {
  "result": {
    "projectId": "prjId"
  },
  "projectPayload": {
    "Id": "579816e4-6653-4794-b435-a885f32e28d7",
    "Name": "AUT_TPJ33518",
    "Address": "Hyderabad, Telangana, India",
    "Description": "",
    "CreatedBy": "579816e4-6653-4794-b435-a885f32e28d7",
    "ModifiedBy": "579816e4-6653-4794-b435-a885f32e28d7"
  },
  "uniqueName": "AUT_TPJ33518",
  "responseHeaders": {
    "Content-Type": [
      "application/json; charset=utf-8"
    ],
    "Date": [
      "Thu, 05 Dec 2024 08:22:12 GMT"
    ],
    "Server": [
      "Microsoft-IIS/10.0"
    ],
    "X-Powered-By": [
      "ASP.NET"
    ],
    "transfer-encoding": [
      "chunked"
    ],
    "Connection": [
      "keep-alive"
    ],
    "Set-Cookie": [
    ]
  },
  "responseTime": 841,
  "response": {
    "Name": "AUT_TPJ33518",
    "Description": "",
    "Address": "Hyderabad, Telangana, India",
    "Id": "2afcf090-6588-4022-aa5e-49fca51f940e",
    "CreatedOn": "2024-12-05T08:22:11.998251+00:00",
    "CreatedBy": "579816e4-6653-4794-b435-a885f32e28d7",
    "ModifiedOn": "2024-12-05T08:22:11.9982526+00:00",
    "ModifiedBy": ""
  },
  "responseStatus": 200,
  "prjId": "2afcf090-6588-4022-aa5e-49fca51f940e",
  "projectId": "2afcf090-6588-4022-aa5e-49fca51f940e"
}
 
13:52:52.183 [main] DEBUG com.intuit.karate - request:
1 > POST https://dev-drivetec-apis.schuecodigitalsolutions.com/Configurations
1 > Content-Type: application/json; charset=UTF-8
1 > Content-Length: 1275
1 > Host: dev-drivetec-apis.schuecodigitalsolutions.com
1 > Connection: Keep-Alive
1 > User-Agent: Apache-HttpClient/4.5.14 (Java/17.0.12)
1 > Accept-Encoding: gzip,deflate
{"Id":"00000000-0000-0000-0000-000000000000","ProjectId":"2afcf090-6588-4022-aa5e-49fca51f940e","Name":"Dataset2182","Description":"Dataset2182","CustomTags":"","CreatedBy":"579816e4-6653-4794-b435-a885f32e28d7","ModifiedBy":"579816e4-6653-4794-b435-a885f32e28d7","ApplicationName":1,"System":"","FacadeInclination":0,"OpeningType":1,"OpeningDirection":1,"OpeningWidth":1000,"VentOuterWidth":1230,"VentOuterHeight":1480,"VentWeight":70,"CalculateWeightWithGlass":false,"WeightIncGlassOrThickness":false,"GlassThickness":14,"ProfileWeightPerSerialMeter":2.5,"IsWindowOpeningCalculationByAngle":1,"RequiredOpeningStroke":400,"OpeningAngle":15,"WindLoad":120,"SnowLoad":0,"DrivePosition":2,"InstallationPosition":1,"ChainLengthConnectingRodHandle":5,"LockingMechanism":1,"Voltage":1,"DriveType":1,"TypeOfInstallation":2,"CalculationTypeForVentilation":1,"CalcVentilation":1,"GeometricArea":1,"SpecificExhaustDimension":30,"BuildingDepth":75,"RevealDepth":0,"RevealDepthRectangleAngle1":0,"RevealDepthRectangleAngle2":0,"HeightOfProfile":0,"HeightProfileRectangleAngle1":0,"HeightProfileRectangleAngle2":0,"AkippOrAtilt":0,"AdrehOrAturn":0,"Ageo":0,"MinPullingForceMax":0,"MinPushingForceMax":0,"MinPullingForcePermanent":0,"MinPushingForcePermanent":0,"ForceWithNegativeWind":0}

13:52:52.777 [main] DEBUG com.intuit.karate - response time in milliseconds: 593
1 < 200
1 < Content-Type: application/json; charset=utf-8
1 < Date: Thu, 05 Dec 2024 08:22:49 GMT
1 < Server: Microsoft-IIS/10.0
1 < X-Powered-By: ASP.NET
1 < Content-Length: 2032
1 < Connection: keep-alive
{
  "ProjectId": "2afcf090-6588-4022-aa5e-49fca51f940e",
  "Name": "Dataset2182",
  "Description": "Dataset2182",
  "CustomTags": "",
  "ApplicationName": 1,
  "OpeningType": 1,
  "OpeningDirection": 1,
  "CalculateWeightWithGlass": false,
  "WindLoad": 120,
  "IsWindowOpeningCalculationByAngle": 1,
  "VentOuterWidth": 1230,
  "VentOuterHeight": 1480,
  "WeightIncGlassOrThickness": false,
  "VentWeight": 77,
  "VentWeightExact": 77.26400000000001,
  "GlassThickness": 14,
  "ProfileWeightPerSerialMeter": 2.5,
  "FacadeInclination": 0,
  "ChainLengthConnectingRodHandle": 5,
  "ChainLenghtConnectingRodHandle": 0,
  "RequiredOpeningStroke": 400,
  "OpeningWidth": 1000,
  "OpeningAngle": 15.532868337024489,
  "SpecificExhaustDimension": 30,
  "BuildingDepth": 75,
  "SnowLoad": 0,
  "DistanceHinge": 0,
  "RatedCurrent": 0,
  "DrivePosition": 2,
  "LockingMechanism": 1,
  "Voltage": 1,
  "DriveType": 1,
  "TypeOfInstallation": 2,
  "GeometricArea": 0,
  "CalculationTypeForVentilation": 1,
  "HeightOfProfile": 0,
  "Reveal": 0,
  "RevealDepth": 0,
  "HeightProfileRectangleAngle1": 0,
  "HeightProfileRectangleAngle2": 0,
  "RevealDepthRectangleAngle1": 0,
  "RevealDepthRectangleAngle2": 0,
  "RevealDepthRectangleAngle12": 0,
  "InstallationPosition": 0,
  "RecommendedDriveArticleNo": 0,
  "System": "",
  "AkippOrAtilt": 1.084,
  "AdrehOrAturn": 1.8204,
  "Ageo": 1.084,
  "MinPullingForceMax": -206.4868442161654,
  "MinPushingForceMax": -206.4868442161654,
  "MinPullingForcePermanent": -104.11163259218097,
  "MinPushingForcePermanent": -104.11163259218097,
  "ForceWithNegativeWind": 109.53156767199486,
  "ForceWithNoWindMin": 0.30763693489047433,
  "ForceWithNegativeWindMin": 0,
  "ForceWithWindMin": -108.91629380221393,
  "Id": "30aeaacd-20e7-44a5-a94e-44a39c5ce7b4",
  "CreatedOn": "2024-12-05T08:22:50.3065946+00:00",
  "CreatedBy": "579816e4-6653-4794-b435-a885f32e28d7",
  "ModifiedOn": "2024-12-05T08:22:50.3065955+00:00",
  "ModifiedBy": ""
}

13:52:52.778 [main] INFO  com.intuit.karate - Generated Config ID: 30aeaacd-20e7-44a5-a94e-44a39c5ce7b4 
13:52:52.778 [main] INFO  com.intuit.karate - Generated Name: Dataset2182 
13:52:52.778 [main] INFO  com.intuit.karate - Generated Description: Dataset2182 
13:52:52.781 [main] DEBUG com.intuit.karate - request:
1 > PUT https://dev-drivetec-apis.schuecodigitalsolutions.com/Configurations
1 > Content-Type: application/json; charset=UTF-8
1 > Content-Length: 1278
1 > Host: dev-drivetec-apis.schuecodigitalsolutions.com
1 > Connection: Keep-Alive
1 > User-Agent: Apache-HttpClient/4.5.14 (Java/17.0.12)
1 > Accept-Encoding: gzip,deflate
{"Id":"30aeaacd-20e7-44a5-a94e-44a39c5ce7b4","Name":"Dataset11","Description":"Dataset2182","ProjectId":"2afcf090-6588-4022-aa5e-49fca51f940e","CustomTags":"","CreatedBy":"579816e4-6653-4794-b435-a885f32e28d7","ModifiedBy":"579816e4-6653-4794-b435-a885f32e28d7","System":"","FacadeInclination":41,"OpeningType":2,"OpeningDirection":2,"OpeningWidth":1000,"VentOuterWidth":1230,"VentOuterHeight":1480,"VentWeight":0,"CalculateWeightWithGlass":false,"RequiredOpeningStroke":800,"WindLoad":120,"SnowLoad":0,"IsWindowOpeningCalculationByAngle":1,"GlassThickness":14,"ProfileWeightPerSerialMeter":2.5,"DrivePosition":1,"InstallationPosition":0,"LockingMechanism":1,"Voltage":1,"DriveType":1,"TypeOfInstallation":2,"GeometricArea":0,"CalcVentilation":2,"SpecificExhaustDimension":35,"BuildingDepth":65,"CalculationTypeForVentilation":2,"HeightOfProfile":200,"HeightProfileRectangleAngle1":0,"HeightProfileRectangleAngle2":0,"RevealDepth":1000,"RevealDepthRectangleAngle1":0,"RevealDepthRectangleAngle2":0,"ChainLengthConnectingRodHandle":5,"ApplicationName":1,"OpeningAngle":10,"WeightIncGlassOrThickness":false,"AkippOrAtilt":0,"AdrehOrAturn":0,"Ageo":0,"MinPullingForceMax":0,"MinPushingForceMax":0,"MinPullingForcePermanent":0,"MinPushingForcePermanent":0,"ForceWithNegativeWind":0}

13:52:53.404 [main] DEBUG com.intuit.karate - response time in milliseconds: 622
1 < 200
1 < Content-Type: application/json; charset=utf-8
1 < Date: Thu, 05 Dec 2024 08:22:50 GMT
1 < Server: Microsoft-IIS/10.0
1 < X-Powered-By: ASP.NET
1 < Content-Length: 2085
1 < Connection: keep-alive
{
  "ProjectId": "2afcf090-6588-4022-aa5e-49fca51f940e",
  "Name": "Dataset11",
  "Description": "Dataset2182",
  "CustomTags": "",
  "ApplicationName": 1,
  "OpeningType": 2,
  "OpeningDirection": 2,
  "CalculateWeightWithGlass": false,
  "WindLoad": 120,
  "IsWindowOpeningCalculationByAngle": 1,
  "VentOuterWidth": 1230,
  "VentOuterHeight": 1480,
  "WeightIncGlassOrThickness": false,
  "VentWeight": 77,
  "VentWeightExact": 77.26400000000001,
  "GlassThickness": 14,
  "ProfileWeightPerSerialMeter": 2.5,
  "FacadeInclination": 41,
  "ChainLengthConnectingRodHandle": 5,
  "ChainLenghtConnectingRodHandle": 0,
  "RequiredOpeningStroke": 800,
  "OpeningWidth": 1000,
  "OpeningAngle": 31.36070026967848,
  "SpecificExhaustDimension": 35,
  "BuildingDepth": 65,
  "SnowLoad": 0,
  "DistanceHinge": 0,
  "RatedCurrent": 0,
  "DrivePosition": 1,
  "LockingMechanism": 1,
  "Voltage": 1,
  "DriveType": 1,
  "TypeOfInstallation": 2,
  "GeometricArea": 0,
  "CalculationTypeForVentilation": 2,
  "HeightOfProfile": 200,
  "Reveal": 0,
  "RevealDepth": 1000,
  "HeightProfileRectangleAngle1": 0,
  "HeightProfileRectangleAngle2": 0,
  "RevealDepthRectangleAngle1": 0,
  "RevealDepthRectangleAngle2": 0,
  "RevealDepthRectangleAngle12": 0,
  "InstallationPosition": 0,
  "RecommendedDriveArticleNo": 0,
  "System": "",
  "AkippOrAtilt": 2.168,
  "AdrehOrAturn": 1.8204,
  "Ageo": 1.0198356046171009,
  "MinPullingForceMax": 43.57922627926514,
  "MinPushingForceMax": -190.77273792145812,
  "MinPullingForcePermanent": -253.11060800883638,
  "MinPushingForcePermanent": -253.11060800883638,
  "ForceWithNegativeWind": -315.44847809621467,
  "ForceWithNoWindMin": -66.72921442305929,
  "ForceWithNegativeWindMin": -177.0376551253837,
  "ForceWithWindMin": 43.57922627926514,
  "Id": "30aeaacd-20e7-44a5-a94e-44a39c5ce7b4",
  "CreatedOn": "0001-01-01T00:00:00",
  "CreatedBy": "579816e4-6653-4794-b435-a885f32e28d7",
  "ModifiedOn": "2024-12-05T08:22:50.8917256+00:00",
  "ModifiedBy": "579816e4-6653-4794-b435-a885f32e28d7"
}

13:52:53.406 [main] INFO  com.intuit.karate - VentWeight from API Response: 77 
13:52:53.410 [main] INFO  com.intuit.karate - Rounded Opening Angle: 31.0 
13:52:53.410 [main] INFO  com.intuit.karate - Rounded Ageo: 1.02 
13:52:53.410 [main] INFO  com.intuit.karate - Rounded Required Opening Stroke: 800.0 
13:52:53.411 [main] INFO  com.intuit.karate - Rounded Vent Weight: 77.0 
13:52:53.413 [main] DEBUG com.intuit.karate - request:
2 > GET https://dev-drivetec-apis.schuecodigitalsolutions.com/Config/30aeaacd-20e7-44a5-a94e-44a39c5ce7b4/Drive
2 > Host: dev-drivetec-apis.schuecodigitalsolutions.com
2 > Connection: Keep-Alive
2 > User-Agent: Apache-HttpClient/4.5.14 (Java/17.0.12)
2 > Accept-Encoding: gzip,deflate


13:52:54.049 [main] DEBUG com.intuit.karate - response time in milliseconds: 634
2 < 200
2 < Content-Type: application/json; charset=utf-8
2 < Date: Thu, 05 Dec 2024 08:22:50 GMT
2 < Server: Microsoft-IIS/10.0
2 < X-Powered-By: ASP.NET
2 < Content-Length: 12492
2 < Connection: keep-alive
[
  {
    "Name": "Chain actuator D4 800",
    "Bezeichnung": "Kettenantrieb D4 800",
    "ConfigurationId": "00000000-0000-0000-0000-000000000000",
    "Description": "",
    "Application": "Facade",
    "ApplicationFacade": true,
    "ApplicationSkylight": false,
    "Type": 1,
    "OpeningType": 0,
    "BottomHungInward": true,
    "BottomHungOutward": false,
    "SideHungInward": true,
    "SideHungOutward": false,
    "TopHungInward": false,
    "TopHungOutward": true,
    "ProjectedTopHungInward": false,
    "ProjectedTopHungOutward": false,
    "InstallationType": "",
    "ITMainOutFrmMountWBracket": true,
    "ITMainFixOutFrmMount": true,
    "ITMainVentFrmMount": true,
    "ITSideMount50": false,
    "ITSideMount60": false,
    "ITSideMount70": false,
    "ITSideMount80": false,
    "ITSideMount67": true,
    "Feature": "",
    "FeatureOpenClose": true,
    "FeatureLock": true,
    "ArticleNumber": 291710,
    "Stroke": 800,
    "Angle": 0,
    "Voltage": "24 V DC",
    "Voltage24": true,
    "Voltage230": false,
    "RatedCurrent": 1,
    "BreakingCurrent": 1,
    "PullingForceMax": 400,
    "PushingForceMax": 50,
    "PullingForceMaxWithNegativeWind": 0,
    "PushingForceMaxWithNegativeWind": 0,
    "PushingForcePermanent": 0,
    "PullingForcePermanent": 400,
    "MinPullingForceMax": -190.77,
    "MinPushingForceMax": 0,
    "MinPullingForcePermanent": -253.11,
    "MinPushingForcePermanent": 0,
    "Price": 299.21,
    "DriveLength": 755,
    "ChainDrive": 855,
    "ChainDrive2": 1670,
    "MaxLengthMainClosingEdge1Drive": 1850,
    "MaxGeometricArea": 1,
    "GeometricalSmokeExhaustion": 0,
    "TotalGlassThickness": 14,
    "Dimensions": 0,
    "DimensionsWxHxD": "755 x 24 x 35",
    "TensileForce": 0,
    "LockingForce": 0,
    "Details_DE": "<ul><li>Bemessungsspannung: 24 V DC (19 V … 28 V)</li> <li>Abschaltstrom: 1,2 A</li> <li>Bemessungsstrom: 0,9 A</li> <li>Bemessungsaufnahme: 22 W</li> <li>Schutzart: IP 32</li> <li>Zug-/Schubkraft: max. 400 N</li> <li>Umgebungstemperatur: -5°C bis + 60°C</li> <li>Anschlussleitung: Halogenfrei, grau 5 x 0,5mm², ~3m</li> <li>Max. Geschwindigkeit: 13,5 mm/s</li></ul>",
    "Details_EN": "<ul><li>Rated voltage: 24 V DC (19 V … 28 V)</li> <li>Breaking current: 1.2 A</li><li>Rated current: 0.9 A</li><li>Rated consumption: 22 W</li><li>Protection rating: IP 32</li><li>Traction/ thrust: max. 400 N</li><li>Ambient temperature: -5° C to +60° C</li><li>Connecting cable: halogen-free, grey, 5 x 0.5 mm², ~ 3 m</li><li>Max. speed: 13,5 mm/s </li></ul>",
    "Einsatz": "<ul><li>Anwendung: Lüftung, NRA</li> <li>Integrierte intelligente Regelelektronik</li> <li>Rückmeldung Endlage „ZU“ (max. 24 V, 500 mA)</li> </ul>",
    "Use": "<ul><li>Application: ventilation, natural smoke ventilation</li> <li>Integrated intelligent control electronics</li> <li>Response for “CLOSED” end position (max. 24 V, 500 mA)</li> </ul>",
    "Ausstattung": "<ul><li>Zusätzlicher Universal-Steckersatz für Mehrfachbetrieb bis zu 4 Antrieben und 2 Verriegelungsantrieben</li></ul>",
    "Equipment": "<ul><li>Additional universal plug socket for multiplex operation of up to 4 drives and 2 interlocking drives</li></ul>",
    "Optionen": "<ul><li>Programmierung von Sonderfunktionen</li> <li>Programmierbare Rückmeldung Endlage „AUF“ (max. 24 V, 500 mA)</li> <li>Schüco Kontroller zur automatischen Konfiguration von Synchronlauf und Folgesteuerungen mit Verriegelungsantrieben in Antriebs-Verbundsystemen</li> </ul>",
    "Options": "<ul><li>Programming of special functions</li> <li>Programmable response for “OPEN” end position (max. 24 V, 500 mA)</li> <li>Schüco controller for automatic configuration of synchronous running and sequence control with locking drives in composite drive systems</li> </ul>",
    "IsTwoPce": false,
    "ResultVentWeight": 77.26,
    "IsLsRsDrive": true,
    "ArticleNumberRs": 291709,
    "TwoDrivesSideInstallation50": 0,
    "TwoDrivesSideInstallation60": 0,
    "TwoDrivesSideInstallation70": 0,
    "TwoDrivesSideInstallation80": 0,
    "OpeningSpeedmms": 0,
    "Traction": 400,
    "Thrust": 50,
    "Id": "3e2dcb1b-8df9-4eab-b237-548b0481a20b",
    "CreatedOn": "2024-09-26T13:55:26.817Z",
    "CreatedBy": "",
    "ModifiedOn": "2024-09-26T13:55:26.817Z",
    "ModifiedBy": ""
  },
  {
    "Name": "Chain actuator D6 800",
    "Bezeichnung": "Kettenantrieb D6 800",
    "ConfigurationId": "00000000-0000-0000-0000-000000000000",
    "Description": "",
    "Application": "Facade",
    "ApplicationFacade": true,
    "ApplicationSkylight": true,
    "Type": 1,
    "OpeningType": 0,
    "BottomHungInward": true,
    "BottomHungOutward": true,
    "SideHungInward": true,
    "SideHungOutward": true,
    "TopHungInward": false,
    "TopHungOutward": true,
    "ProjectedTopHungInward": false,
    "ProjectedTopHungOutward": false,
    "InstallationType": "",
    "ITMainOutFrmMountWBracket": true,
    "ITMainFixOutFrmMount": false,
    "ITMainVentFrmMount": true,
    "ITSideMount50": false,
    "ITSideMount60": false,
    "ITSideMount70": false,
    "ITSideMount80": false,
    "ITSideMount67": true,
    "Feature": "",
    "FeatureOpenClose": true,
    "FeatureLock": true,
    "ArticleNumber": 291717,
    "Stroke": 800,
    "Angle": 0,
    "Voltage": "24 V DC",
    "Voltage24": true,
    "Voltage230": false,
    "RatedCurrent": 1,
    "BreakingCurrent": 1,
    "PullingForceMax": 600,
    "PushingForceMax": 300,
    "PullingForceMaxWithNegativeWind": 0,
    "PushingForceMaxWithNegativeWind": 0,
    "PushingForcePermanent": 200,
    "PullingForcePermanent": 600,
    "MinPullingForceMax": -190.77,
    "MinPushingForceMax": 0,
    "MinPullingForcePermanent": -253.11,
    "MinPushingForcePermanent": 0,
    "Price": 387.92,
    "DriveLength": 794,
    "ChainDrive": 894,
    "ChainDrive2": 1748,
    "MaxLengthMainClosingEdge1Drive": 1920,
    "MaxGeometricArea": 1,
    "GeometricalSmokeExhaustion": 0,
    "TotalGlassThickness": 14,
    "Dimensions": 0,
    "DimensionsWxHxD": "794 x 40 x 56",
    "TensileForce": 0,
    "LockingForce": 0,
    "Details_DE": "<ul> <li>Bemessungsspannung: 24 V DC (19 V … 28 V)</li> <li>Abschaltstrom: 1,2 A</li> <li>Bemessungsstrom: 0,9 A</li> <li>Bemessungsaufnahme: 22 W</li> <li>Schutzart: IP 32</li> <li>Zug-/Schubkraft: max. 600 N</li> <li>Umgebungstemperatur: -5°C bis + 60°C</li> <li>Anschlussleitung: Halogenfrei, grau 5 x 0,5mm², ~3m</li> <li>Max. Geschwindigkeit: 13,5 mm/s</li> </ul>",
    "Details_EN": "<ul> <li>Rated voltage: 24 V DC (19 V … 28 V)</li><li>Breaking current: 1.2 A</li><li>Rated current: 0.9 A</li><li>Rated consumption: 22W</li><li>Protection rating: IP 32</li><li>Traction/ thrust: max. 600 N</li><li>Ambient temperature: -5° C to +60° C</li><li>Connecting cable: halogen-free, grey 3 x 0,5mm², ~3m</li><li>Max. speed: 13,5 mm/s</li></ul>",
    "Einsatz": "<ul><li>Anwendung: Lüftung, NRA</li> <li>Integrierte intelligente Regelelektronik</li></ul>",
    "Use": "<ul><li>Application: ventilation, natural smoke ventilation</li> <li>Integrated intelligent control electronics</li> </ul>",
    "Ausstattung": "<ul><li>Zusätzlicher Universal-Steckersatz für Mehrfachbetrieb bis zu 4 Antrieben und 2 Verriegelungsantrieben</li></ul>",
    "Equipment": "<ul><li>Additional universal plug socket for multiplex operation  of up to 4 drives and 2 interlocking drives</li></ul>",
    "Optionen": "<ul><li>Programmierung von Sonderfunktionen</li> <li>Programmierbare Rückmeldung Endlage „AUF“ (max. 24 V, 500 mA)</li> <li>Schüco Kontroller zur automatischen Konfiguration von Synchronlauf und Folgesteuerungen mit Verriegelungsantrieben in Antriebs-Verbundsystemen</li> </ul>",
    "Options": "<ul><li>Programming of special functions</li> <li>Programmable response for “OPEN” end position (max. 24 V, 500 mA)</li> <li>Schüco controller for automatic configuration of synchronous running and sequence control with locking drives in composite drive systems</li> </ul>",
    "IsTwoPce": false,
    "ResultVentWeight": 77.26,
    "IsLsRsDrive": false,
    "ArticleNumberRs": 0,
    "TwoDrivesSideInstallation50": 0,
    "TwoDrivesSideInstallation60": 0,
    "TwoDrivesSideInstallation70": 0,
    "TwoDrivesSideInstallation80": 0,
    "OpeningSpeedmms": 0,
    "Traction": 600,
    "Thrust": 300,
    "Id": "e9fa5654-1773-4646-9949-a237ab4f4797",
    "CreatedOn": "2024-09-26T13:55:26.817Z",
    "CreatedBy": "",
    "ModifiedOn": "2024-09-26T13:55:26.817Z",
    "ModifiedBy": ""
  },
  {
    "Name": "Locking actuator EasyConnect ow",
    "Bezeichnung": "Verriegelungsantrieb EasyConnect ow",
    "ConfigurationId": "00000000-0000-0000-0000-000000000000",
    "Description": "",
    "Application": "",
    "ApplicationFacade": true,
    "ApplicationSkylight": false,
    "Type": 5,
    "OpeningType": 0,
    "BottomHungInward": false,
    "BottomHungOutward": false,
    "SideHungInward": false,
    "SideHungOutward": true,
    "TopHungInward": false,
    "TopHungOutward": true,
    "ProjectedTopHungInward": false,
    "ProjectedTopHungOutward": true,
    "InstallationType": "",
    "ITMainOutFrmMountWBracket": true,
    "ITMainFixOutFrmMount": false,
    "ITMainVentFrmMount": false,
    "ITSideMount50": false,
    "ITSideMount60": false,
    "ITSideMount70": false,
    "ITSideMount80": false,
    "ITSideMount67": false,
    "Feature": "",
    "FeatureOpenClose": true,
    "FeatureLock": false,
    "ArticleNumber": 291589,
    "Stroke": 0,
    "Angle": 0,
    "Voltage": null,
    "Voltage24": true,
    "Voltage230": true,
    "RatedCurrent": 0,
    "BreakingCurrent": 0,
    "PullingForceMax": 0,
    "PushingForceMax": 0,
    "PullingForceMaxWithNegativeWind": 0,
    "PushingForceMaxWithNegativeWind": 0,
    "PushingForcePermanent": 0,
    "PullingForcePermanent": 0,
    "MinPullingForceMax": 0,
    "MinPushingForceMax": 0,
    "MinPullingForcePermanent": 0,
    "MinPushingForcePermanent": 0,
    "Price": 0,
    "DriveLength": 0,
    "ChainDrive": 0,
    "ChainDrive2": 0,
    "MaxLengthMainClosingEdge1Drive": 0,
    "MaxGeometricArea": 0,
    "GeometricalSmokeExhaustion": 0,
    "TotalGlassThickness": 0,
    "Dimensions": 0,
    "DimensionsWxHxD": "375 x 24 x 35",
    "TensileForce": 0,
    "LockingForce": 0,
    "Details_DE": "<ul> <li>Bemessungsspannung: 24 V DC (19 V … 28 V)</li> <li>Abschaltstrom: ~1,0 A</li> <li>Bemessungsstrom: 0,6 A</li> <li>Bemessungsaufnahme: 15 W</li> <li>Schutzart: IP 32</li><li>Zug-/Schubkraft: max. 600 N</li> <li>Umgebungstemperatur: -5°C bis + 60°C</li> <li>Anschlussleitung: Halogenfrei, grau 5 x 0,5mm² , ~5m</li> <li>Laufzeit: ~ 5s</li><li>Hub: ~ 18mm</li> </ul>",
    "Details_EN": "<ul> <li>Rated voltage : 24 V DC (19 V … 28 V</li> <li>Breaking current : ~1,0 A</li> <li>Rated current : 0,6 A</li> <li>Rated consumption : 15 W</li> <li>Protection rating : IP 32</li><li>Traction/ thrust : max. 600 N</li> <li>Ambient temperature: -5°C bis + 60°C</li> <li>Connecting cable: halogen-free, grey 5 x 0,5mm² , ~5m</li> <li>Running time: ~ 5s</li><li>Stroke: ~ 18mm</li> </ul>",
    "Einsatz": "<ul> <li>Anwendung: Lüftung, NRA</li><li>Integrierte intelligente Regelelektronik</li></ul>",
    "Use": "<ul> <li>Application: ventilation, natural smoke ventilation</li> <li>Integrated intelligent control electronics</li></ul>",
    "Ausstattung": "<ul><li>Laufrichtung einstellbar</li><li>Zusätzlicher Universal-Steckersatz</li></ul>",
    "Equipment": "<ul><li>Running direction adjustable</li><li>Additional universal plug socket</li></ul>",
    "Optionen": "<ul> <li>Mitnehmer objekt-/profilspezifisch anpassbar</li></ul>",
    "Options": "<ul> <li>Coupling adapter customizable for project-/profile-specific demands</li></ul>",
    "IsTwoPce": false,
    "ResultVentWeight": 0,
    "IsLsRsDrive": false,
    "ArticleNumberRs": 0,
    "TwoDrivesSideInstallation50": 0,
    "TwoDrivesSideInstallation60": 0,
    "TwoDrivesSideInstallation70": 0,
    "TwoDrivesSideInstallation80": 0,
    "OpeningSpeedmms": 0,
    "Traction": 0,
    "Thrust": 0,
    "Id": "ebe9753c-e5d7-4140-afe0-9f98bf25df99",
    "CreatedOn": "2024-09-26T13:55:26.817Z",
    "CreatedBy": "",
    "ModifiedOn": "2024-09-26T13:55:26.817Z",
    "ModifiedBy": ""
  }
]

13:52:54.054 [main] INFO  com.intuit.karate - Expected RecommDrive: Chain actuator D4 800,Chain actuator D6 800,Locking actuator EasyConnect ow 
13:52:54.054 [main] INFO  com.intuit.karate - Actual RecommDrive: Chain actuator D4 800, Chain actuator D6 800, Locking actuator EasyConnect ow 
13:52:54.054 [main] INFO  com.intuit.karate - Normalized Actual RecommDrive: Chain actuator D4 800,Chain actuator D6 800,Locking actuator EasyConnect ow 
13:52:54.054 [main] INFO  com.intuit.karate - Normalized Expected RecommDrive: Chain actuator D4 800,Chain actuator D6 800,Locking actuator EasyConnect ow 
13:52:54.055 [main] INFO  com.intuit.karate - All Drive IDs: [
  "3e2dcb1b-8df9-4eab-b237-548b0481a20b",
  "e9fa5654-1773-4646-9949-a237ab4f4797",
  "ebe9753c-e5d7-4140-afe0-9f98bf25df99"
]
 
13:52:54.055 [main] INFO  com.intuit.karate - First Drive ID: 3e2dcb1b-8df9-4eab-b237-548b0481a20b 
13:52:54.057 [main] DEBUG com.intuit.karate - request:
3 > POST https://dev-drivetec-apis.schuecodigitalsolutions.com/api/Drives/DownloadPDFNew/Schuco
3 > Content-Type: application/json; charset=UTF-8
3 > Content-Length: 1194
3 > Host: dev-drivetec-apis.schuecodigitalsolutions.com
3 > Connection: Keep-Alive
3 > User-Agent: Apache-HttpClient/4.5.14 (Java/17.0.12)
3 > Accept-Encoding: gzip,deflate
[{"Id":"configId","Header":"configId","Value":"30aeaacd-20e7-44a5-a94e-44a39c5ce7b4"},{"Id":"driveId","Header":"driveId","Value":"3e2dcb1b-8df9-4eab-b237-548b0481a20b"},{"Id":"culture","Header":"culture","Value":"EN-US"},{"Id":"projectId","Header":"projectId","Value":"2afcf090-6588-4022-aa5e-49fca51f940e"},{"Id":"range-of-app","Header":"Range of application","Value":"Façade"},{"Id":"opening-type","Header":"Opening type","Value":"Bottom-hung vent"},{"Id":"opening-direction","Header":"Opening direction","Value":"Inward"},{"Id":"how-calc-weight","Header":"Vent weight","Value":"Weight including glass"},{"Id":"Chain-Length","Header":"Chain- \/ connecting rod handle","Value":"100%"},{"Id":"drive-position","Header":"Drive position","Value":"Side installation"},{"Id":"locking-mechanism","Header":"Locking mechanism","Value":"With"},{"Id":"voltage","Header":"Voltage","Value":"24 V"},{"Id":"drive-type","Header":"Drive type","Value":"Chain drive"},{"Id":"type-installation","Header":"Type of installation","Value":"Pivoting Outer Frame Installation"},{"Id":"calculation-type-for-ventilation-area","Header":"Calculation type for ventilation area","Value":"Method in accordance with ASR 3.6"}]

13:52:55.642 [main] DEBUG com.intuit.karate - response time in milliseconds: 1585
3 < 200
3 < Content-Type: application/json; charset=utf-8
3 < Date: Thu, 05 Dec 2024 08:22:53 GMT
3 < Server: Microsoft-IIS/10.0
3 < X-Powered-By: ASP.NET
3 < Content-Length: 276
3 < Connection: keep-alive
{
  "result": "https://drive-tec-dev.s3.amazonaws.com/AUT_TPJ33518-Chain_actuator_D4_800.pdf?AWSAccessKeyId=AKIAZAWIART4ZFAXXPHK&Expires=1733390573&response-content-disposition=attachment%3B&response-content-type=application%2Fpdf&Signature=ZibFondA8I0u4inFf9xnRfUCr4I%3D"
}

13:52:55.643 [main] INFO  com.intuit.karate - Download URL for first driveId: https://drive-tec-dev.s3.amazonaws.com/AUT_TPJ33518-Chain_actuator_D4_800.pdf?AWSAccessKeyId=AKIAZAWIART4ZFAXXPHK&Expires=1733390573&response-content-disposition=attachment%3B&response-content-type=application%2Fpdf&Signature=ZibFondA8I0u4inFf9xnRfUCr4I%3D 
13:52:55.649 [main] INFO  com.intuit.karate - karate.env system property was: null 
13:52:55.652 [main] INFO  com.intuit.karate - Running test for dataset:  Dataset12 
13:52:55.656 [main] INFO  com.intuit.karate - Using ProjectId:  {
  "result": {
    "projectId": "prjId"
  },
  "projectPayload": {
    "Id": "579816e4-6653-4794-b435-a885f32e28d7",
    "Name": "AUT_TPJ33518",
    "Address": "Hyderabad, Telangana, India",
    "Description": "",
    "CreatedBy": "579816e4-6653-4794-b435-a885f32e28d7",
    "ModifiedBy": "579816e4-6653-4794-b435-a885f32e28d7"
  },
  "uniqueName": "AUT_TPJ33518",
  "responseHeaders": {
    "Content-Type": [
      "application/json; charset=utf-8"
    ],
    "Date": [
      "Thu, 05 Dec 2024 08:22:12 GMT"
    ],
    "Server": [
      "Microsoft-IIS/10.0"
    ],
    "X-Powered-By": [
      "ASP.NET"
    ],
    "transfer-encoding": [
      "chunked"
    ],
    "Connection": [
      "keep-alive"
    ],
    "Set-Cookie": [
    ]
  },
  "responseTime": 841,
  "response": {
    "Name": "AUT_TPJ33518",
    "Description": "",
    "Address": "Hyderabad, Telangana, India",
    "Id": "2afcf090-6588-4022-aa5e-49fca51f940e",
    "CreatedOn": "2024-12-05T08:22:11.998251+00:00",
    "CreatedBy": "579816e4-6653-4794-b435-a885f32e28d7",
    "ModifiedOn": "2024-12-05T08:22:11.9982526+00:00",
    "ModifiedBy": ""
  },
  "responseStatus": 200,
  "prjId": "2afcf090-6588-4022-aa5e-49fca51f940e",
  "projectId": "2afcf090-6588-4022-aa5e-49fca51f940e"
}
 
13:52:55.659 [main] DEBUG com.intuit.karate - request:
1 > POST https://dev-drivetec-apis.schuecodigitalsolutions.com/Configurations
1 > Content-Type: application/json; charset=UTF-8
1 > Content-Length: 1275
1 > Host: dev-drivetec-apis.schuecodigitalsolutions.com
1 > Connection: Keep-Alive
1 > User-Agent: Apache-HttpClient/4.5.14 (Java/17.0.12)
1 > Accept-Encoding: gzip,deflate
{"Id":"00000000-0000-0000-0000-000000000000","ProjectId":"2afcf090-6588-4022-aa5e-49fca51f940e","Name":"Dataset5657","Description":"Dataset5657","CustomTags":"","CreatedBy":"579816e4-6653-4794-b435-a885f32e28d7","ModifiedBy":"579816e4-6653-4794-b435-a885f32e28d7","ApplicationName":1,"System":"","FacadeInclination":0,"OpeningType":1,"OpeningDirection":1,"OpeningWidth":1000,"VentOuterWidth":1230,"VentOuterHeight":1480,"VentWeight":70,"CalculateWeightWithGlass":false,"WeightIncGlassOrThickness":false,"GlassThickness":14,"ProfileWeightPerSerialMeter":2.5,"IsWindowOpeningCalculationByAngle":1,"RequiredOpeningStroke":400,"OpeningAngle":15,"WindLoad":120,"SnowLoad":0,"DrivePosition":2,"InstallationPosition":1,"ChainLengthConnectingRodHandle":5,"LockingMechanism":1,"Voltage":1,"DriveType":1,"TypeOfInstallation":2,"CalculationTypeForVentilation":1,"CalcVentilation":1,"GeometricArea":1,"SpecificExhaustDimension":30,"BuildingDepth":75,"RevealDepth":0,"RevealDepthRectangleAngle1":0,"RevealDepthRectangleAngle2":0,"HeightOfProfile":0,"HeightProfileRectangleAngle1":0,"HeightProfileRectangleAngle2":0,"AkippOrAtilt":0,"AdrehOrAturn":0,"Ageo":0,"MinPullingForceMax":0,"MinPushingForceMax":0,"MinPullingForcePermanent":0,"MinPushingForcePermanent":0,"ForceWithNegativeWind":0}

13:52:56.246 [main] DEBUG com.intuit.karate - response time in milliseconds: 585
1 < 200
1 < Content-Type: application/json; charset=utf-8
1 < Date: Thu, 05 Dec 2024 08:22:53 GMT
1 < Server: Microsoft-IIS/10.0
1 < X-Powered-By: ASP.NET
1 < transfer-encoding: chunked
1 < Connection: keep-alive
{
  "ProjectId": "2afcf090-6588-4022-aa5e-49fca51f940e",
  "Name": "Dataset5657",
  "Description": "Dataset5657",
  "CustomTags": "",
  "ApplicationName": 1,
  "OpeningType": 1,
  "OpeningDirection": 1,
  "CalculateWeightWithGlass": false,
  "WindLoad": 120,
  "IsWindowOpeningCalculationByAngle": 1,
  "VentOuterWidth": 1230,
  "VentOuterHeight": 1480,
  "WeightIncGlassOrThickness": false,
  "VentWeight": 77,
  "VentWeightExact": 77.26400000000001,
  "GlassThickness": 14,
  "ProfileWeightPerSerialMeter": 2.5,
  "FacadeInclination": 0,
  "ChainLengthConnectingRodHandle": 5,
  "ChainLenghtConnectingRodHandle": 0,
  "RequiredOpeningStroke": 400,
  "OpeningWidth": 1000,
  "OpeningAngle": 15.532868337024489,
  "SpecificExhaustDimension": 30,
  "BuildingDepth": 75,
  "SnowLoad": 0,
  "DistanceHinge": 0,
  "RatedCurrent": 0,
  "DrivePosition": 2,
  "LockingMechanism": 1,
  "Voltage": 1,
  "DriveType": 1,
  "TypeOfInstallation": 2,
  "GeometricArea": 0,
  "CalculationTypeForVentilation": 1,
  "HeightOfProfile": 0,
  "Reveal": 0,
  "RevealDepth": 0,
  "HeightProfileRectangleAngle1": 0,
  "HeightProfileRectangleAngle2": 0,
  "RevealDepthRectangleAngle1": 0,
  "RevealDepthRectangleAngle2": 0,
  "RevealDepthRectangleAngle12": 0,
  "InstallationPosition": 0,
  "RecommendedDriveArticleNo": 0,
  "System": "",
  "AkippOrAtilt": 1.084,
  "AdrehOrAturn": 1.8204,
  "Ageo": 1.084,
  "MinPullingForceMax": -206.4868442161654,
  "MinPushingForceMax": -206.4868442161654,
  "MinPullingForcePermanent": -104.11163259218097,
  "MinPushingForcePermanent": -104.11163259218097,
  "ForceWithNegativeWind": 109.53156767199486,
  "ForceWithNoWindMin": 0.30763693489047433,
  "ForceWithNegativeWindMin": 0,
  "ForceWithWindMin": -108.91629380221393,
  "Id": "474b1c18-69a4-42f6-aaeb-aed0209eefba",
  "CreatedOn": "2024-12-05T08:22:53.7734077+00:00",
  "CreatedBy": "579816e4-6653-4794-b435-a885f32e28d7",
  "ModifiedOn": "2024-12-05T08:22:53.7734092+00:00",
  "ModifiedBy": ""
}

13:52:56.249 [main] INFO  com.intuit.karate - Generated Config ID: 474b1c18-69a4-42f6-aaeb-aed0209eefba 
13:52:56.249 [main] INFO  com.intuit.karate - Generated Name: Dataset5657 
13:52:56.250 [main] INFO  com.intuit.karate - Generated Description: Dataset5657 
13:52:56.254 [main] DEBUG com.intuit.karate - request:
1 > PUT https://dev-drivetec-apis.schuecodigitalsolutions.com/Configurations
1 > Content-Type: application/json; charset=UTF-8
1 > Content-Length: 1278
1 > Host: dev-drivetec-apis.schuecodigitalsolutions.com
1 > Connection: Keep-Alive
1 > User-Agent: Apache-HttpClient/4.5.14 (Java/17.0.12)
1 > Accept-Encoding: gzip,deflate
{"Id":"474b1c18-69a4-42f6-aaeb-aed0209eefba","Name":"Dataset12","Description":"Dataset5657","ProjectId":"2afcf090-6588-4022-aa5e-49fca51f940e","CustomTags":"","CreatedBy":"579816e4-6653-4794-b435-a885f32e28d7","ModifiedBy":"579816e4-6653-4794-b435-a885f32e28d7","System":"","FacadeInclination":32,"OpeningType":2,"OpeningDirection":2,"OpeningWidth":1000,"VentOuterWidth":1230,"VentOuterHeight":1480,"VentWeight":0,"CalculateWeightWithGlass":false,"RequiredOpeningStroke":701,"WindLoad":120,"SnowLoad":0,"IsWindowOpeningCalculationByAngle":1,"GlassThickness":14,"ProfileWeightPerSerialMeter":2.5,"DrivePosition":1,"InstallationPosition":0,"LockingMechanism":1,"Voltage":1,"DriveType":1,"TypeOfInstallation":2,"GeometricArea":0,"CalcVentilation":2,"SpecificExhaustDimension":35,"BuildingDepth":65,"CalculationTypeForVentilation":2,"HeightOfProfile":200,"HeightProfileRectangleAngle1":0,"HeightProfileRectangleAngle2":0,"RevealDepth":1000,"RevealDepthRectangleAngle1":0,"RevealDepthRectangleAngle2":0,"ChainLengthConnectingRodHandle":5,"ApplicationName":1,"OpeningAngle":10,"WeightIncGlassOrThickness":false,"AkippOrAtilt":0,"AdrehOrAturn":0,"Ageo":0,"MinPullingForceMax":0,"MinPushingForceMax":0,"MinPullingForcePermanent":0,"MinPushingForcePermanent":0,"ForceWithNegativeWind":0}

13:52:56.859 [main] DEBUG com.intuit.karate - response time in milliseconds: 603
1 < 200
1 < Content-Type: application/json; charset=utf-8
1 < Date: Thu, 05 Dec 2024 08:22:54 GMT
1 < Server: Microsoft-IIS/10.0
1 < X-Powered-By: ASP.NET
1 < transfer-encoding: chunked
1 < Connection: keep-alive
{
  "ProjectId": "2afcf090-6588-4022-aa5e-49fca51f940e",
  "Name": "Dataset12",
  "Description": "Dataset5657",
  "CustomTags": "",
  "ApplicationName": 1,
  "OpeningType": 2,
  "OpeningDirection": 2,
  "CalculateWeightWithGlass": false,
  "WindLoad": 120,
  "IsWindowOpeningCalculationByAngle": 1,
  "VentOuterWidth": 1230,
  "VentOuterHeight": 1480,
  "WeightIncGlassOrThickness": false,
  "VentWeight": 77,
  "VentWeightExact": 77.26400000000001,
  "GlassThickness": 14,
  "ProfileWeightPerSerialMeter": 2.5,
  "FacadeInclination": 32,
  "ChainLengthConnectingRodHandle": 5,
  "ChainLenghtConnectingRodHandle": 0,
  "RequiredOpeningStroke": 701,
  "OpeningWidth": 1000,
  "OpeningAngle": 27.398369766279032,
  "SpecificExhaustDimension": 35,
  "BuildingDepth": 65,
  "SnowLoad": 0,
  "DistanceHinge": 0,
  "RatedCurrent": 0,
  "DrivePosition": 1,
  "LockingMechanism": 1,
  "Voltage": 1,
  "DriveType": 1,
  "TypeOfInstallation": 2,
  "GeometricArea": 0,
  "CalculationTypeForVentilation": 2,
  "HeightOfProfile": 200,
  "Reveal": 0,
  "RevealDepth": 1000,
  "HeightProfileRectangleAngle1": 0,
  "HeightProfileRectangleAngle2": 0,
  "RevealDepthRectangleAngle1": 0,
  "RevealDepthRectangleAngle2": 0,
  "RevealDepthRectangleAngle12": 0,
  "InstallationPosition": 0,
  "RecommendedDriveArticleNo": 0,
  "System": "",
  "AkippOrAtilt": 1.89971,
  "AdrehOrAturn": 1.8204,
  "Ageo": 0.910940891275205,
  "MinPullingForceMax": 80.24477207911812,
  "MinPushingForceMax": -125.70639861981769,
  "MinPullingForcePermanent": -204.3646387844679,
  "MinPushingForcePermanent": -204.3646387844679,
  "ForceWithNegativeWind": -283.0228789491181,
  "ForceWithNoWindMin": -31.473041911005968,
  "ForceWithNegativeWindMin": -143.19085590113005,
  "ForceWithWindMin": 80.24477207911812,
  "Id": "474b1c18-69a4-42f6-aaeb-aed0209eefba",
  "CreatedOn": "0001-01-01T00:00:00",
  "CreatedBy": "579816e4-6653-4794-b435-a885f32e28d7",
  "ModifiedOn": "2024-12-05T08:22:54.3892049+00:00",
  "ModifiedBy": "579816e4-6653-4794-b435-a885f32e28d7"
}

13:52:56.860 [main] INFO  com.intuit.karate - VentWeight from API Response: 77 
13:52:56.863 [main] INFO  com.intuit.karate - Rounded Opening Angle: 27.0 
13:52:56.863 [main] INFO  com.intuit.karate - Rounded Ageo: 0.91 
13:52:56.864 [main] INFO  com.intuit.karate - Rounded Required Opening Stroke: 701.0 
13:52:56.864 [main] INFO  com.intuit.karate - Rounded Vent Weight: 77.0 
13:52:56.869 [main] DEBUG com.intuit.karate - request:
2 > GET https://dev-drivetec-apis.schuecodigitalsolutions.com/Config/474b1c18-69a4-42f6-aaeb-aed0209eefba/Drive
2 > Host: dev-drivetec-apis.schuecodigitalsolutions.com
2 > Connection: Keep-Alive
2 > User-Agent: Apache-HttpClient/4.5.14 (Java/17.0.12)
2 > Accept-Encoding: gzip,deflate


13:52:57.522 [main] DEBUG com.intuit.karate - response time in milliseconds: 652
2 < 200
2 < Content-Type: application/json; charset=utf-8
2 < Date: Thu, 05 Dec 2024 08:22:54 GMT
2 < Server: Microsoft-IIS/10.0
2 < X-Powered-By: ASP.NET
2 < Content-Length: 8085
2 < Connection: keep-alive
[
  {
    "Name": "Chain actuator D6 800",
    "Bezeichnung": "Kettenantrieb D6 800",
    "ConfigurationId": "00000000-0000-0000-0000-000000000000",
    "Description": "",
    "Application": "Facade",
    "ApplicationFacade": true,
    "ApplicationSkylight": true,
    "Type": 1,
    "OpeningType": 0,
    "BottomHungInward": true,
    "BottomHungOutward": true,
    "SideHungInward": true,
    "SideHungOutward": true,
    "TopHungInward": false,
    "TopHungOutward": true,
    "ProjectedTopHungInward": false,
    "ProjectedTopHungOutward": false,
    "InstallationType": "",
    "ITMainOutFrmMountWBracket": true,
    "ITMainFixOutFrmMount": false,
    "ITMainVentFrmMount": true,
    "ITSideMount50": false,
    "ITSideMount60": false,
    "ITSideMount70": false,
    "ITSideMount80": false,
    "ITSideMount67": true,
    "Feature": "",
    "FeatureOpenClose": true,
    "FeatureLock": true,
    "ArticleNumber": 291717,
    "Stroke": 800,
    "Angle": 0,
    "Voltage": "24 V DC",
    "Voltage24": true,
    "Voltage230": false,
    "RatedCurrent": 1,
    "BreakingCurrent": 1,
    "PullingForceMax": 600,
    "PushingForceMax": 300,
    "PullingForceMaxWithNegativeWind": 0,
    "PushingForceMaxWithNegativeWind": 0,
    "PushingForcePermanent": 200,
    "PullingForcePermanent": 600,
    "MinPullingForceMax": -125.71,
    "MinPushingForceMax": 0,
    "MinPullingForcePermanent": -204.36,
    "MinPushingForcePermanent": 0,
    "Price": 387.92,
    "DriveLength": 794,
    "ChainDrive": 894,
    "ChainDrive2": 1748,
    "MaxLengthMainClosingEdge1Drive": 1920,
    "MaxGeometricArea": 1,
    "GeometricalSmokeExhaustion": 0,
    "TotalGlassThickness": 14,
    "Dimensions": 0,
    "DimensionsWxHxD": "794 x 40 x 56",
    "TensileForce": 0,
    "LockingForce": 0,
    "Details_DE": "<ul> <li>Bemessungsspannung: 24 V DC (19 V … 28 V)</li> <li>Abschaltstrom: 1,2 A</li> <li>Bemessungsstrom: 0,9 A</li> <li>Bemessungsaufnahme: 22 W</li> <li>Schutzart: IP 32</li> <li>Zug-/Schubkraft: max. 600 N</li> <li>Umgebungstemperatur: -5°C bis + 60°C</li> <li>Anschlussleitung: Halogenfrei, grau 5 x 0,5mm², ~3m</li> <li>Max. Geschwindigkeit: 13,5 mm/s</li> </ul>",
    "Details_EN": "<ul> <li>Rated voltage: 24 V DC (19 V … 28 V)</li><li>Breaking current: 1.2 A</li><li>Rated current: 0.9 A</li><li>Rated consumption: 22W</li><li>Protection rating: IP 32</li><li>Traction/ thrust: max. 600 N</li><li>Ambient temperature: -5° C to +60° C</li><li>Connecting cable: halogen-free, grey 3 x 0,5mm², ~3m</li><li>Max. speed: 13,5 mm/s</li></ul>",
    "Einsatz": "<ul><li>Anwendung: Lüftung, NRA</li> <li>Integrierte intelligente Regelelektronik</li></ul>",
    "Use": "<ul><li>Application: ventilation, natural smoke ventilation</li> <li>Integrated intelligent control electronics</li> </ul>",
    "Ausstattung": "<ul><li>Zusätzlicher Universal-Steckersatz für Mehrfachbetrieb bis zu 4 Antrieben und 2 Verriegelungsantrieben</li></ul>",
    "Equipment": "<ul><li>Additional universal plug socket for multiplex operation  of up to 4 drives and 2 interlocking drives</li></ul>",
    "Optionen": "<ul><li>Programmierung von Sonderfunktionen</li> <li>Programmierbare Rückmeldung Endlage „AUF“ (max. 24 V, 500 mA)</li> <li>Schüco Kontroller zur automatischen Konfiguration von Synchronlauf und Folgesteuerungen mit Verriegelungsantrieben in Antriebs-Verbundsystemen</li> </ul>",
    "Options": "<ul><li>Programming of special functions</li> <li>Programmable response for “OPEN” end position (max. 24 V, 500 mA)</li> <li>Schüco controller for automatic configuration of synchronous running and sequence control with locking drives in composite drive systems</li> </ul>",
    "IsTwoPce": false,
    "ResultVentWeight": 77.26,
    "IsLsRsDrive": false,
    "ArticleNumberRs": 0,
    "TwoDrivesSideInstallation50": 0,
    "TwoDrivesSideInstallation60": 0,
    "TwoDrivesSideInstallation70": 0,
    "TwoDrivesSideInstallation80": 0,
    "OpeningSpeedmms": 0,
    "Traction": 600,
    "Thrust": 300,
    "Id": "e9fa5654-1773-4646-9949-a237ab4f4797",
    "CreatedOn": "2024-09-26T13:55:26.817Z",
    "CreatedBy": "",
    "ModifiedOn": "2024-09-26T13:55:26.817Z",
    "ModifiedBy": ""
  },
  {
    "Name": "Locking actuator EasyConnect ow",
    "Bezeichnung": "Verriegelungsantrieb EasyConnect ow",
    "ConfigurationId": "00000000-0000-0000-0000-000000000000",
    "Description": "",
    "Application": "",
    "ApplicationFacade": true,
    "ApplicationSkylight": false,
    "Type": 5,
    "OpeningType": 0,
    "BottomHungInward": false,
    "BottomHungOutward": false,
    "SideHungInward": false,
    "SideHungOutward": true,
    "TopHungInward": false,
    "TopHungOutward": true,
    "ProjectedTopHungInward": false,
    "ProjectedTopHungOutward": true,
    "InstallationType": "",
    "ITMainOutFrmMountWBracket": true,
    "ITMainFixOutFrmMount": false,
    "ITMainVentFrmMount": false,
    "ITSideMount50": false,
    "ITSideMount60": false,
    "ITSideMount70": false,
    "ITSideMount80": false,
    "ITSideMount67": false,
    "Feature": "",
    "FeatureOpenClose": true,
    "FeatureLock": false,
    "ArticleNumber": 291589,
    "Stroke": 0,
    "Angle": 0,
    "Voltage": null,
    "Voltage24": true,
    "Voltage230": true,
    "RatedCurrent": 0,
    "BreakingCurrent": 0,
    "PullingForceMax": 0,
    "PushingForceMax": 0,
    "PullingForceMaxWithNegativeWind": 0,
    "PushingForceMaxWithNegativeWind": 0,
    "PushingForcePermanent": 0,
    "PullingForcePermanent": 0,
    "MinPullingForceMax": 0,
    "MinPushingForceMax": 0,
    "MinPullingForcePermanent": 0,
    "MinPushingForcePermanent": 0,
    "Price": 0,
    "DriveLength": 0,
    "ChainDrive": 0,
    "ChainDrive2": 0,
    "MaxLengthMainClosingEdge1Drive": 0,
    "MaxGeometricArea": 0,
    "GeometricalSmokeExhaustion": 0,
    "TotalGlassThickness": 0,
    "Dimensions": 0,
    "DimensionsWxHxD": "375 x 24 x 35",
    "TensileForce": 0,
    "LockingForce": 0,
    "Details_DE": "<ul> <li>Bemessungsspannung: 24 V DC (19 V … 28 V)</li> <li>Abschaltstrom: ~1,0 A</li> <li>Bemessungsstrom: 0,6 A</li> <li>Bemessungsaufnahme: 15 W</li> <li>Schutzart: IP 32</li><li>Zug-/Schubkraft: max. 600 N</li> <li>Umgebungstemperatur: -5°C bis + 60°C</li> <li>Anschlussleitung: Halogenfrei, grau 5 x 0,5mm² , ~5m</li> <li>Laufzeit: ~ 5s</li><li>Hub: ~ 18mm</li> </ul>",
    "Details_EN": "<ul> <li>Rated voltage : 24 V DC (19 V … 28 V</li> <li>Breaking current : ~1,0 A</li> <li>Rated current : 0,6 A</li> <li>Rated consumption : 15 W</li> <li>Protection rating : IP 32</li><li>Traction/ thrust : max. 600 N</li> <li>Ambient temperature: -5°C bis + 60°C</li> <li>Connecting cable: halogen-free, grey 5 x 0,5mm² , ~5m</li> <li>Running time: ~ 5s</li><li>Stroke: ~ 18mm</li> </ul>",
    "Einsatz": "<ul> <li>Anwendung: Lüftung, NRA</li><li>Integrierte intelligente Regelelektronik</li></ul>",
    "Use": "<ul> <li>Application: ventilation, natural smoke ventilation</li> <li>Integrated intelligent control electronics</li></ul>",
    "Ausstattung": "<ul><li>Laufrichtung einstellbar</li><li>Zusätzlicher Universal-Steckersatz</li></ul>",
    "Equipment": "<ul><li>Running direction adjustable</li><li>Additional universal plug socket</li></ul>",
    "Optionen": "<ul> <li>Mitnehmer objekt-/profilspezifisch anpassbar</li></ul>",
    "Options": "<ul> <li>Coupling adapter customizable for project-/profile-specific demands</li></ul>",
    "IsTwoPce": false,
    "ResultVentWeight": 0,
    "IsLsRsDrive": false,
    "ArticleNumberRs": 0,
    "TwoDrivesSideInstallation50": 0,
    "TwoDrivesSideInstallation60": 0,
    "TwoDrivesSideInstallation70": 0,
    "TwoDrivesSideInstallation80": 0,
    "OpeningSpeedmms": 0,
    "Traction": 0,
    "Thrust": 0,
    "Id": "ebe9753c-e5d7-4140-afe0-9f98bf25df99",
    "CreatedOn": "2024-09-26T13:55:26.817Z",
    "CreatedBy": "",
    "ModifiedOn": "2024-09-26T13:55:26.817Z",
    "ModifiedBy": ""
  }
]

13:52:57.527 [main] INFO  com.intuit.karate - Expected RecommDrive: Chain actuator D6 800,Locking actuator EasyConnect ow 
13:52:57.527 [main] INFO  com.intuit.karate - Actual RecommDrive: Chain actuator D6 800, Locking actuator EasyConnect ow 
13:52:57.527 [main] INFO  com.intuit.karate - Normalized Actual RecommDrive: Chain actuator D6 800,Locking actuator EasyConnect ow 
13:52:57.528 [main] INFO  com.intuit.karate - Normalized Expected RecommDrive: Chain actuator D6 800,Locking actuator EasyConnect ow 
13:52:57.528 [main] INFO  com.intuit.karate - All Drive IDs: [
  "e9fa5654-1773-4646-9949-a237ab4f4797",
  "ebe9753c-e5d7-4140-afe0-9f98bf25df99"
]
 
13:52:57.528 [main] INFO  com.intuit.karate - First Drive ID: e9fa5654-1773-4646-9949-a237ab4f4797 
13:52:57.530 [main] DEBUG com.intuit.karate - request:
3 > POST https://dev-drivetec-apis.schuecodigitalsolutions.com/api/Drives/DownloadPDFNew/Schuco
3 > Content-Type: application/json; charset=UTF-8
3 > Content-Length: 1194
3 > Host: dev-drivetec-apis.schuecodigitalsolutions.com
3 > Connection: Keep-Alive
3 > User-Agent: Apache-HttpClient/4.5.14 (Java/17.0.12)
3 > Accept-Encoding: gzip,deflate
[{"Id":"configId","Header":"configId","Value":"474b1c18-69a4-42f6-aaeb-aed0209eefba"},{"Id":"driveId","Header":"driveId","Value":"e9fa5654-1773-4646-9949-a237ab4f4797"},{"Id":"culture","Header":"culture","Value":"EN-US"},{"Id":"projectId","Header":"projectId","Value":"2afcf090-6588-4022-aa5e-49fca51f940e"},{"Id":"range-of-app","Header":"Range of application","Value":"Façade"},{"Id":"opening-type","Header":"Opening type","Value":"Bottom-hung vent"},{"Id":"opening-direction","Header":"Opening direction","Value":"Inward"},{"Id":"how-calc-weight","Header":"Vent weight","Value":"Weight including glass"},{"Id":"Chain-Length","Header":"Chain- \/ connecting rod handle","Value":"100%"},{"Id":"drive-position","Header":"Drive position","Value":"Side installation"},{"Id":"locking-mechanism","Header":"Locking mechanism","Value":"With"},{"Id":"voltage","Header":"Voltage","Value":"24 V"},{"Id":"drive-type","Header":"Drive type","Value":"Chain drive"},{"Id":"type-installation","Header":"Type of installation","Value":"Pivoting Outer Frame Installation"},{"Id":"calculation-type-for-ventilation-area","Header":"Calculation type for ventilation area","Value":"Method in accordance with ASR 3.6"}]

13:52:58.955 [main] DEBUG com.intuit.karate - response time in milliseconds: 1424
3 < 200
3 < Content-Type: application/json; charset=utf-8
3 < Date: Thu, 05 Dec 2024 08:22:56 GMT
3 < Server: Microsoft-IIS/10.0
3 < X-Powered-By: ASP.NET
3 < Content-Length: 278
3 < Connection: keep-alive
{
  "result": "https://drive-tec-dev.s3.amazonaws.com/AUT_TPJ33518-Chain_actuator_D6_800.pdf?AWSAccessKeyId=AKIAZAWIART4ZFAXXPHK&Expires=1733390576&response-content-disposition=attachment%3B&response-content-type=application%2Fpdf&Signature=3JgoBSxLLlHo2Cyp2PNIhYZbK%2BQ%3D"
}

13:52:58.957 [main] INFO  com.intuit.karate - Download URL for first driveId: https://drive-tec-dev.s3.amazonaws.com/AUT_TPJ33518-Chain_actuator_D6_800.pdf?AWSAccessKeyId=AKIAZAWIART4ZFAXXPHK&Expires=1733390576&response-content-disposition=attachment%3B&response-content-type=application%2Fpdf&Signature=3JgoBSxLLlHo2Cyp2PNIhYZbK%2BQ%3D 
13:52:58.962 [main] INFO  com.intuit.karate - karate.env system property was: null 
13:52:58.963 [main] INFO  com.intuit.karate - Running test for dataset:  Dataset13 
13:52:58.967 [main] INFO  com.intuit.karate - Using ProjectId:  {
  "result": {
    "projectId": "prjId"
  },
  "projectPayload": {
    "Id": "579816e4-6653-4794-b435-a885f32e28d7",
    "Name": "AUT_TPJ33518",
    "Address": "Hyderabad, Telangana, India",
    "Description": "",
    "CreatedBy": "579816e4-6653-4794-b435-a885f32e28d7",
    "ModifiedBy": "579816e4-6653-4794-b435-a885f32e28d7"
  },
  "uniqueName": "AUT_TPJ33518",
  "responseHeaders": {
    "Content-Type": [
      "application/json; charset=utf-8"
    ],
    "Date": [
      "Thu, 05 Dec 2024 08:22:12 GMT"
    ],
    "Server": [
      "Microsoft-IIS/10.0"
    ],
    "X-Powered-By": [
      "ASP.NET"
    ],
    "transfer-encoding": [
      "chunked"
    ],
    "Connection": [
      "keep-alive"
    ],
    "Set-Cookie": [
    ]
  },
  "responseTime": 841,
  "response": {
    "Name": "AUT_TPJ33518",
    "Description": "",
    "Address": "Hyderabad, Telangana, India",
    "Id": "2afcf090-6588-4022-aa5e-49fca51f940e",
    "CreatedOn": "2024-12-05T08:22:11.998251+00:00",
    "CreatedBy": "579816e4-6653-4794-b435-a885f32e28d7",
    "ModifiedOn": "2024-12-05T08:22:11.9982526+00:00",
    "ModifiedBy": ""
  },
  "responseStatus": 200,
  "prjId": "2afcf090-6588-4022-aa5e-49fca51f940e",
  "projectId": "2afcf090-6588-4022-aa5e-49fca51f940e"
}
 
13:52:58.969 [main] DEBUG com.intuit.karate - request:
1 > POST https://dev-drivetec-apis.schuecodigitalsolutions.com/Configurations
1 > Content-Type: application/json; charset=UTF-8
1 > Content-Length: 1275
1 > Host: dev-drivetec-apis.schuecodigitalsolutions.com
1 > Connection: Keep-Alive
1 > User-Agent: Apache-HttpClient/4.5.14 (Java/17.0.12)
1 > Accept-Encoding: gzip,deflate
{"Id":"00000000-0000-0000-0000-000000000000","ProjectId":"2afcf090-6588-4022-aa5e-49fca51f940e","Name":"Dataset8969","Description":"Dataset8969","CustomTags":"","CreatedBy":"579816e4-6653-4794-b435-a885f32e28d7","ModifiedBy":"579816e4-6653-4794-b435-a885f32e28d7","ApplicationName":1,"System":"","FacadeInclination":0,"OpeningType":1,"OpeningDirection":1,"OpeningWidth":1000,"VentOuterWidth":1230,"VentOuterHeight":1480,"VentWeight":70,"CalculateWeightWithGlass":false,"WeightIncGlassOrThickness":false,"GlassThickness":14,"ProfileWeightPerSerialMeter":2.5,"IsWindowOpeningCalculationByAngle":1,"RequiredOpeningStroke":400,"OpeningAngle":15,"WindLoad":120,"SnowLoad":0,"DrivePosition":2,"InstallationPosition":1,"ChainLengthConnectingRodHandle":5,"LockingMechanism":1,"Voltage":1,"DriveType":1,"TypeOfInstallation":2,"CalculationTypeForVentilation":1,"CalcVentilation":1,"GeometricArea":1,"SpecificExhaustDimension":30,"BuildingDepth":75,"RevealDepth":0,"RevealDepthRectangleAngle1":0,"RevealDepthRectangleAngle2":0,"HeightOfProfile":0,"HeightProfileRectangleAngle1":0,"HeightProfileRectangleAngle2":0,"AkippOrAtilt":0,"AdrehOrAturn":0,"Ageo":0,"MinPullingForceMax":0,"MinPushingForceMax":0,"MinPullingForcePermanent":0,"MinPushingForcePermanent":0,"ForceWithNegativeWind":0}

13:52:59.556 [main] DEBUG com.intuit.karate - response time in milliseconds: 586
1 < 200
1 < Content-Type: application/json; charset=utf-8
1 < Date: Thu, 05 Dec 2024 08:22:56 GMT
1 < Server: Microsoft-IIS/10.0
1 < X-Powered-By: ASP.NET
1 < Content-Length: 2032
1 < Connection: keep-alive
{
  "ProjectId": "2afcf090-6588-4022-aa5e-49fca51f940e",
  "Name": "Dataset8969",
  "Description": "Dataset8969",
  "CustomTags": "",
  "ApplicationName": 1,
  "OpeningType": 1,
  "OpeningDirection": 1,
  "CalculateWeightWithGlass": false,
  "WindLoad": 120,
  "IsWindowOpeningCalculationByAngle": 1,
  "VentOuterWidth": 1230,
  "VentOuterHeight": 1480,
  "WeightIncGlassOrThickness": false,
  "VentWeight": 77,
  "VentWeightExact": 77.26400000000001,
  "GlassThickness": 14,
  "ProfileWeightPerSerialMeter": 2.5,
  "FacadeInclination": 0,
  "ChainLengthConnectingRodHandle": 5,
  "ChainLenghtConnectingRodHandle": 0,
  "RequiredOpeningStroke": 400,
  "OpeningWidth": 1000,
  "OpeningAngle": 15.532868337024489,
  "SpecificExhaustDimension": 30,
  "BuildingDepth": 75,
  "SnowLoad": 0,
  "DistanceHinge": 0,
  "RatedCurrent": 0,
  "DrivePosition": 2,
  "LockingMechanism": 1,
  "Voltage": 1,
  "DriveType": 1,
  "TypeOfInstallation": 2,
  "GeometricArea": 0,
  "CalculationTypeForVentilation": 1,
  "HeightOfProfile": 0,
  "Reveal": 0,
  "RevealDepth": 0,
  "HeightProfileRectangleAngle1": 0,
  "HeightProfileRectangleAngle2": 0,
  "RevealDepthRectangleAngle1": 0,
  "RevealDepthRectangleAngle2": 0,
  "RevealDepthRectangleAngle12": 0,
  "InstallationPosition": 0,
  "RecommendedDriveArticleNo": 0,
  "System": "",
  "AkippOrAtilt": 1.084,
  "AdrehOrAturn": 1.8204,
  "Ageo": 1.084,
  "MinPullingForceMax": -206.4868442161654,
  "MinPushingForceMax": -206.4868442161654,
  "MinPullingForcePermanent": -104.11163259218097,
  "MinPushingForcePermanent": -104.11163259218097,
  "ForceWithNegativeWind": 109.53156767199486,
  "ForceWithNoWindMin": 0.30763693489047433,
  "ForceWithNegativeWindMin": 0,
  "ForceWithWindMin": -108.91629380221393,
  "Id": "69d1e6b9-392a-4ad1-9cec-8d6c9029ac24",
  "CreatedOn": "2024-12-05T08:22:57.0886987+00:00",
  "CreatedBy": "579816e4-6653-4794-b435-a885f32e28d7",
  "ModifiedOn": "2024-12-05T08:22:57.0886997+00:00",
  "ModifiedBy": ""
}

13:52:59.558 [main] INFO  com.intuit.karate - Generated Config ID: 69d1e6b9-392a-4ad1-9cec-8d6c9029ac24 
13:52:59.558 [main] INFO  com.intuit.karate - Generated Name: Dataset8969 
13:52:59.559 [main] INFO  com.intuit.karate - Generated Description: Dataset8969 
13:52:59.564 [main] DEBUG com.intuit.karate - request:
1 > PUT https://dev-drivetec-apis.schuecodigitalsolutions.com/Configurations
1 > Content-Type: application/json; charset=UTF-8
1 > Content-Length: 1278
1 > Host: dev-drivetec-apis.schuecodigitalsolutions.com
1 > Connection: Keep-Alive
1 > User-Agent: Apache-HttpClient/4.5.14 (Java/17.0.12)
1 > Accept-Encoding: gzip,deflate
{"Id":"69d1e6b9-392a-4ad1-9cec-8d6c9029ac24","Name":"Dataset13","Description":"Dataset8969","ProjectId":"2afcf090-6588-4022-aa5e-49fca51f940e","CustomTags":"","CreatedBy":"579816e4-6653-4794-b435-a885f32e28d7","ModifiedBy":"579816e4-6653-4794-b435-a885f32e28d7","System":"","FacadeInclination":33,"OpeningType":2,"OpeningDirection":2,"OpeningWidth":1000,"VentOuterWidth":1230,"VentOuterHeight":1480,"VentWeight":0,"CalculateWeightWithGlass":false,"RequiredOpeningStroke":701,"WindLoad":120,"SnowLoad":0,"IsWindowOpeningCalculationByAngle":1,"GlassThickness":14,"ProfileWeightPerSerialMeter":2.5,"DrivePosition":1,"InstallationPosition":0,"LockingMechanism":1,"Voltage":1,"DriveType":1,"TypeOfInstallation":2,"GeometricArea":0,"CalcVentilation":2,"SpecificExhaustDimension":35,"BuildingDepth":65,"CalculationTypeForVentilation":2,"HeightOfProfile":200,"HeightProfileRectangleAngle1":0,"HeightProfileRectangleAngle2":0,"RevealDepth":1000,"RevealDepthRectangleAngle1":0,"RevealDepthRectangleAngle2":0,"ChainLengthConnectingRodHandle":5,"ApplicationName":1,"OpeningAngle":10,"WeightIncGlassOrThickness":false,"AkippOrAtilt":0,"AdrehOrAturn":0,"Ageo":0,"MinPullingForceMax":0,"MinPushingForceMax":0,"MinPullingForcePermanent":0,"MinPushingForcePermanent":0,"ForceWithNegativeWind":0}

13:53:00.616 [main] DEBUG com.intuit.karate - response time in milliseconds: 1049
1 < 200
1 < Content-Type: application/json; charset=utf-8
1 < Date: Thu, 05 Dec 2024 08:22:57 GMT
1 < Server: Microsoft-IIS/10.0
1 < X-Powered-By: ASP.NET
1 < Content-Length: 2086
1 < Connection: keep-alive
{
  "ProjectId": "2afcf090-6588-4022-aa5e-49fca51f940e",
  "Name": "Dataset13",
  "Description": "Dataset8969",
  "CustomTags": "",
  "ApplicationName": 1,
  "OpeningType": 2,
  "OpeningDirection": 2,
  "CalculateWeightWithGlass": false,
  "WindLoad": 120,
  "IsWindowOpeningCalculationByAngle": 1,
  "VentOuterWidth": 1230,
  "VentOuterHeight": 1480,
  "WeightIncGlassOrThickness": false,
  "VentWeight": 77,
  "VentWeightExact": 77.26400000000001,
  "GlassThickness": 14,
  "ProfileWeightPerSerialMeter": 2.5,
  "FacadeInclination": 33,
  "ChainLengthConnectingRodHandle": 5,
  "ChainLenghtConnectingRodHandle": 0,
  "RequiredOpeningStroke": 701,
  "OpeningWidth": 1000,
  "OpeningAngle": 27.398369766279032,
  "SpecificExhaustDimension": 35,
  "BuildingDepth": 65,
  "SnowLoad": 0,
  "DistanceHinge": 0,
  "RatedCurrent": 0,
  "DrivePosition": 1,
  "LockingMechanism": 1,
  "Voltage": 1,
  "DriveType": 1,
  "TypeOfInstallation": 2,
  "GeometricArea": 0,
  "CalculationTypeForVentilation": 2,
  "HeightOfProfile": 200,
  "Reveal": 0,
  "RevealDepth": 1000,
  "HeightProfileRectangleAngle1": 0,
  "HeightProfileRectangleAngle2": 0,
  "RevealDepthRectangleAngle1": 0,
  "RevealDepthRectangleAngle2": 0,
  "RevealDepthRectangleAngle12": 0,
  "InstallationPosition": 0,
  "RecommendedDriveArticleNo": 0,
  "System": "",
  "AkippOrAtilt": 1.89971,
  "AdrehOrAturn": 1.8204,
  "Ageo": 0.910940891275205,
  "MinPullingForceMax": 72.99201508777318,
  "MinPushingForceMax": -133.1189772438988,
  "MinPullingForcePermanent": -210.05221917619158,
  "MinPushingForcePermanent": -210.05221917619158,
  "ForceWithNegativeWind": -286.9854611084844,
  "ForceWithNoWindMin": -38.382603123850195,
  "ForceWithNegativeWindMin": -149.7572213354736,
  "ForceWithWindMin": 72.99201508777318,
  "Id": "69d1e6b9-392a-4ad1-9cec-8d6c9029ac24",
  "CreatedOn": "0001-01-01T00:00:00",
  "CreatedBy": "579816e4-6653-4794-b435-a885f32e28d7",
  "ModifiedOn": "2024-12-05T08:22:57.6917728+00:00",
  "ModifiedBy": "579816e4-6653-4794-b435-a885f32e28d7"
}

13:53:00.618 [main] INFO  com.intuit.karate - VentWeight from API Response: 77 
13:53:00.620 [main] INFO  com.intuit.karate - Rounded Opening Angle: 27.0 
13:53:00.620 [main] INFO  com.intuit.karate - Rounded Ageo: 0.91 
13:53:00.621 [main] INFO  com.intuit.karate - Rounded Required Opening Stroke: 701.0 
13:53:00.621 [main] INFO  com.intuit.karate - Rounded Vent Weight: 77.0 
13:53:00.625 [main] DEBUG com.intuit.karate - request:
2 > GET https://dev-drivetec-apis.schuecodigitalsolutions.com/Config/69d1e6b9-392a-4ad1-9cec-8d6c9029ac24/Drive
2 > Host: dev-drivetec-apis.schuecodigitalsolutions.com
2 > Connection: Keep-Alive
2 > User-Agent: Apache-HttpClient/4.5.14 (Java/17.0.12)
2 > Accept-Encoding: gzip,deflate


13:53:01.223 [main] DEBUG com.intuit.karate - response time in milliseconds: 597
2 < 200
2 < Content-Type: application/json; charset=utf-8
2 < Date: Thu, 05 Dec 2024 08:22:58 GMT
2 < Server: Microsoft-IIS/10.0
2 < X-Powered-By: ASP.NET
2 < transfer-encoding: chunked
2 < Connection: keep-alive
[
  {
    "Name": "Chain actuator D4 800",
    "Bezeichnung": "Kettenantrieb D4 800",
    "ConfigurationId": "00000000-0000-0000-0000-000000000000",
    "Description": "",
    "Application": "Facade",
    "ApplicationFacade": true,
    "ApplicationSkylight": false,
    "Type": 1,
    "OpeningType": 0,
    "BottomHungInward": true,
    "BottomHungOutward": false,
    "SideHungInward": true,
    "SideHungOutward": false,
    "TopHungInward": false,
    "TopHungOutward": true,
    "ProjectedTopHungInward": false,
    "ProjectedTopHungOutward": false,
    "InstallationType": "",
    "ITMainOutFrmMountWBracket": true,
    "ITMainFixOutFrmMount": true,
    "ITMainVentFrmMount": true,
    "ITSideMount50": false,
    "ITSideMount60": false,
    "ITSideMount70": false,
    "ITSideMount80": false,
    "ITSideMount67": true,
    "Feature": "",
    "FeatureOpenClose": true,
    "FeatureLock": true,
    "ArticleNumber": 291710,
    "Stroke": 800,
    "Angle": 0,
    "Voltage": "24 V DC",
    "Voltage24": true,
    "Voltage230": false,
    "RatedCurrent": 1,
    "BreakingCurrent": 1,
    "PullingForceMax": 400,
    "PushingForceMax": 50,
    "PullingForceMaxWithNegativeWind": 0,
    "PushingForceMaxWithNegativeWind": 0,
    "PushingForcePermanent": 0,
    "PullingForcePermanent": 400,
    "MinPullingForceMax": -133.12,
    "MinPushingForceMax": 0,
    "MinPullingForcePermanent": -210.05,
    "MinPushingForcePermanent": 0,
    "Price": 299.21,
    "DriveLength": 755,
    "ChainDrive": 855,
    "ChainDrive2": 1670,
    "MaxLengthMainClosingEdge1Drive": 1850,
    "MaxGeometricArea": 1,
    "GeometricalSmokeExhaustion": 0,
    "TotalGlassThickness": 14,
    "Dimensions": 0,
    "DimensionsWxHxD": "755 x 24 x 35",
    "TensileForce": 0,
    "LockingForce": 0,
    "Details_DE": "<ul><li>Bemessungsspannung: 24 V DC (19 V … 28 V)</li> <li>Abschaltstrom: 1,2 A</li> <li>Bemessungsstrom: 0,9 A</li> <li>Bemessungsaufnahme: 22 W</li> <li>Schutzart: IP 32</li> <li>Zug-/Schubkraft: max. 400 N</li> <li>Umgebungstemperatur: -5°C bis + 60°C</li> <li>Anschlussleitung: Halogenfrei, grau 5 x 0,5mm², ~3m</li> <li>Max. Geschwindigkeit: 13,5 mm/s</li></ul>",
    "Details_EN": "<ul><li>Rated voltage: 24 V DC (19 V … 28 V)</li> <li>Breaking current: 1.2 A</li><li>Rated current: 0.9 A</li><li>Rated consumption: 22 W</li><li>Protection rating: IP 32</li><li>Traction/ thrust: max. 400 N</li><li>Ambient temperature: -5° C to +60° C</li><li>Connecting cable: halogen-free, grey, 5 x 0.5 mm², ~ 3 m</li><li>Max. speed: 13,5 mm/s </li></ul>",
    "Einsatz": "<ul><li>Anwendung: Lüftung, NRA</li> <li>Integrierte intelligente Regelelektronik</li> <li>Rückmeldung Endlage „ZU“ (max. 24 V, 500 mA)</li> </ul>",
    "Use": "<ul><li>Application: ventilation, natural smoke ventilation</li> <li>Integrated intelligent control electronics</li> <li>Response for “CLOSED” end position (max. 24 V, 500 mA)</li> </ul>",
    "Ausstattung": "<ul><li>Zusätzlicher Universal-Steckersatz für Mehrfachbetrieb bis zu 4 Antrieben und 2 Verriegelungsantrieben</li></ul>",
    "Equipment": "<ul><li>Additional universal plug socket for multiplex operation of up to 4 drives and 2 interlocking drives</li></ul>",
    "Optionen": "<ul><li>Programmierung von Sonderfunktionen</li> <li>Programmierbare Rückmeldung Endlage „AUF“ (max. 24 V, 500 mA)</li> <li>Schüco Kontroller zur automatischen Konfiguration von Synchronlauf und Folgesteuerungen mit Verriegelungsantrieben in Antriebs-Verbundsystemen</li> </ul>",
    "Options": "<ul><li>Programming of special functions</li> <li>Programmable response for “OPEN” end position (max. 24 V, 500 mA)</li> <li>Schüco controller for automatic configuration of synchronous running and sequence control with locking drives in composite drive systems</li> </ul>",
    "IsTwoPce": false,
    "ResultVentWeight": 77.26,
    "IsLsRsDrive": true,
    "ArticleNumberRs": 291709,
    "TwoDrivesSideInstallation50": 0,
    "TwoDrivesSideInstallation60": 0,
    "TwoDrivesSideInstallation70": 0,
    "TwoDrivesSideInstallation80": 0,
    "OpeningSpeedmms": 0,
    "Traction": 400,
    "Thrust": 50,
    "Id": "3e2dcb1b-8df9-4eab-b237-548b0481a20b",
    "CreatedOn": "2024-09-26T13:55:26.817Z",
    "CreatedBy": "",
    "ModifiedOn": "2024-09-26T13:55:26.817Z",
    "ModifiedBy": ""
  },
  {
    "Name": "Chain actuator D6 800",
    "Bezeichnung": "Kettenantrieb D6 800",
    "ConfigurationId": "00000000-0000-0000-0000-000000000000",
    "Description": "",
    "Application": "Facade",
    "ApplicationFacade": true,
    "ApplicationSkylight": true,
    "Type": 1,
    "OpeningType": 0,
    "BottomHungInward": true,
    "BottomHungOutward": true,
    "SideHungInward": true,
    "SideHungOutward": true,
    "TopHungInward": false,
    "TopHungOutward": true,
    "ProjectedTopHungInward": false,
    "ProjectedTopHungOutward": false,
    "InstallationType": "",
    "ITMainOutFrmMountWBracket": true,
    "ITMainFixOutFrmMount": false,
    "ITMainVentFrmMount": true,
    "ITSideMount50": false,
    "ITSideMount60": false,
    "ITSideMount70": false,
    "ITSideMount80": false,
    "ITSideMount67": true,
    "Feature": "",
    "FeatureOpenClose": true,
    "FeatureLock": true,
    "ArticleNumber": 291717,
    "Stroke": 800,
    "Angle": 0,
    "Voltage": "24 V DC",
    "Voltage24": true,
    "Voltage230": false,
    "RatedCurrent": 1,
    "BreakingCurrent": 1,
    "PullingForceMax": 600,
    "PushingForceMax": 300,
    "PullingForceMaxWithNegativeWind": 0,
    "PushingForceMaxWithNegativeWind": 0,
    "PushingForcePermanent": 200,
    "PullingForcePermanent": 600,
    "MinPullingForceMax": -133.12,
    "MinPushingForceMax": 0,
    "MinPullingForcePermanent": -210.05,
    "MinPushingForcePermanent": 0,
    "Price": 387.92,
    "DriveLength": 794,
    "ChainDrive": 894,
    "ChainDrive2": 1748,
    "MaxLengthMainClosingEdge1Drive": 1920,
    "MaxGeometricArea": 1,
    "GeometricalSmokeExhaustion": 0,
    "TotalGlassThickness": 14,
    "Dimensions": 0,
    "DimensionsWxHxD": "794 x 40 x 56",
    "TensileForce": 0,
    "LockingForce": 0,
    "Details_DE": "<ul> <li>Bemessungsspannung: 24 V DC (19 V … 28 V)</li> <li>Abschaltstrom: 1,2 A</li> <li>Bemessungsstrom: 0,9 A</li> <li>Bemessungsaufnahme: 22 W</li> <li>Schutzart: IP 32</li> <li>Zug-/Schubkraft: max. 600 N</li> <li>Umgebungstemperatur: -5°C bis + 60°C</li> <li>Anschlussleitung: Halogenfrei, grau 5 x 0,5mm², ~3m</li> <li>Max. Geschwindigkeit: 13,5 mm/s</li> </ul>",
    "Details_EN": "<ul> <li>Rated voltage: 24 V DC (19 V … 28 V)</li><li>Breaking current: 1.2 A</li><li>Rated current: 0.9 A</li><li>Rated consumption: 22W</li><li>Protection rating: IP 32</li><li>Traction/ thrust: max. 600 N</li><li>Ambient temperature: -5° C to +60° C</li><li>Connecting cable: halogen-free, grey 3 x 0,5mm², ~3m</li><li>Max. speed: 13,5 mm/s</li></ul>",
    "Einsatz": "<ul><li>Anwendung: Lüftung, NRA</li> <li>Integrierte intelligente Regelelektronik</li></ul>",
    "Use": "<ul><li>Application: ventilation, natural smoke ventilation</li> <li>Integrated intelligent control electronics</li> </ul>",
    "Ausstattung": "<ul><li>Zusätzlicher Universal-Steckersatz für Mehrfachbetrieb bis zu 4 Antrieben und 2 Verriegelungsantrieben</li></ul>",
    "Equipment": "<ul><li>Additional universal plug socket for multiplex operation  of up to 4 drives and 2 interlocking drives</li></ul>",
    "Optionen": "<ul><li>Programmierung von Sonderfunktionen</li> <li>Programmierbare Rückmeldung Endlage „AUF“ (max. 24 V, 500 mA)</li> <li>Schüco Kontroller zur automatischen Konfiguration von Synchronlauf und Folgesteuerungen mit Verriegelungsantrieben in Antriebs-Verbundsystemen</li> </ul>",
    "Options": "<ul><li>Programming of special functions</li> <li>Programmable response for “OPEN” end position (max. 24 V, 500 mA)</li> <li>Schüco controller for automatic configuration of synchronous running and sequence control with locking drives in composite drive systems</li> </ul>",
    "IsTwoPce": false,
    "ResultVentWeight": 77.26,
    "IsLsRsDrive": false,
    "ArticleNumberRs": 0,
    "TwoDrivesSideInstallation50": 0,
    "TwoDrivesSideInstallation60": 0,
    "TwoDrivesSideInstallation70": 0,
    "TwoDrivesSideInstallation80": 0,
    "OpeningSpeedmms": 0,
    "Traction": 600,
    "Thrust": 300,
    "Id": "e9fa5654-1773-4646-9949-a237ab4f4797",
    "CreatedOn": "2024-09-26T13:55:26.817Z",
    "CreatedBy": "",
    "ModifiedOn": "2024-09-26T13:55:26.817Z",
    "ModifiedBy": ""
  },
  {
    "Name": "Locking actuator EasyConnect ow",
    "Bezeichnung": "Verriegelungsantrieb EasyConnect ow",
    "ConfigurationId": "00000000-0000-0000-0000-000000000000",
    "Description": "",
    "Application": "",
    "ApplicationFacade": true,
    "ApplicationSkylight": false,
    "Type": 5,
    "OpeningType": 0,
    "BottomHungInward": false,
    "BottomHungOutward": false,
    "SideHungInward": false,
    "SideHungOutward": true,
    "TopHungInward": false,
    "TopHungOutward": true,
    "ProjectedTopHungInward": false,
    "ProjectedTopHungOutward": true,
    "InstallationType": "",
    "ITMainOutFrmMountWBracket": true,
    "ITMainFixOutFrmMount": false,
    "ITMainVentFrmMount": false,
    "ITSideMount50": false,
    "ITSideMount60": false,
    "ITSideMount70": false,
    "ITSideMount80": false,
    "ITSideMount67": false,
    "Feature": "",
    "FeatureOpenClose": true,
    "FeatureLock": false,
    "ArticleNumber": 291589,
    "Stroke": 0,
    "Angle": 0,
    "Voltage": null,
    "Voltage24": true,
    "Voltage230": true,
    "RatedCurrent": 0,
    "BreakingCurrent": 0,
    "PullingForceMax": 0,
    "PushingForceMax": 0,
    "PullingForceMaxWithNegativeWind": 0,
    "PushingForceMaxWithNegativeWind": 0,
    "PushingForcePermanent": 0,
    "PullingForcePermanent": 0,
    "MinPullingForceMax": 0,
    "MinPushingForceMax": 0,
    "MinPullingForcePermanent": 0,
    "MinPushingForcePermanent": 0,
    "Price": 0,
    "DriveLength": 0,
    "ChainDrive": 0,
    "ChainDrive2": 0,
    "MaxLengthMainClosingEdge1Drive": 0,
    "MaxGeometricArea": 0,
    "GeometricalSmokeExhaustion": 0,
    "TotalGlassThickness": 0,
    "Dimensions": 0,
    "DimensionsWxHxD": "375 x 24 x 35",
    "TensileForce": 0,
    "LockingForce": 0,
    "Details_DE": "<ul> <li>Bemessungsspannung: 24 V DC (19 V … 28 V)</li> <li>Abschaltstrom: ~1,0 A</li> <li>Bemessungsstrom: 0,6 A</li> <li>Bemessungsaufnahme: 15 W</li> <li>Schutzart: IP 32</li><li>Zug-/Schubkraft: max. 600 N</li> <li>Umgebungstemperatur: -5°C bis + 60°C</li> <li>Anschlussleitung: Halogenfrei, grau 5 x 0,5mm² , ~5m</li> <li>Laufzeit: ~ 5s</li><li>Hub: ~ 18mm</li> </ul>",
    "Details_EN": "<ul> <li>Rated voltage : 24 V DC (19 V … 28 V</li> <li>Breaking current : ~1,0 A</li> <li>Rated current : 0,6 A</li> <li>Rated consumption : 15 W</li> <li>Protection rating : IP 32</li><li>Traction/ thrust : max. 600 N</li> <li>Ambient temperature: -5°C bis + 60°C</li> <li>Connecting cable: halogen-free, grey 5 x 0,5mm² , ~5m</li> <li>Running time: ~ 5s</li><li>Stroke: ~ 18mm</li> </ul>",
    "Einsatz": "<ul> <li>Anwendung: Lüftung, NRA</li><li>Integrierte intelligente Regelelektronik</li></ul>",
    "Use": "<ul> <li>Application: ventilation, natural smoke ventilation</li> <li>Integrated intelligent control electronics</li></ul>",
    "Ausstattung": "<ul><li>Laufrichtung einstellbar</li><li>Zusätzlicher Universal-Steckersatz</li></ul>",
    "Equipment": "<ul><li>Running direction adjustable</li><li>Additional universal plug socket</li></ul>",
    "Optionen": "<ul> <li>Mitnehmer objekt-/profilspezifisch anpassbar</li></ul>",
    "Options": "<ul> <li>Coupling adapter customizable for project-/profile-specific demands</li></ul>",
    "IsTwoPce": false,
    "ResultVentWeight": 0,
    "IsLsRsDrive": false,
    "ArticleNumberRs": 0,
    "TwoDrivesSideInstallation50": 0,
    "TwoDrivesSideInstallation60": 0,
    "TwoDrivesSideInstallation70": 0,
    "TwoDrivesSideInstallation80": 0,
    "OpeningSpeedmms": 0,
    "Traction": 0,
    "Thrust": 0,
    "Id": "ebe9753c-e5d7-4140-afe0-9f98bf25df99",
    "CreatedOn": "2024-09-26T13:55:26.817Z",
    "CreatedBy": "",
    "ModifiedOn": "2024-09-26T13:55:26.817Z",
    "ModifiedBy": ""
  }
]

13:53:01.230 [main] INFO  com.intuit.karate - Expected RecommDrive: Chain actuator D4 800,Chain actuator D6 800,Locking actuator EasyConnect ow 
13:53:01.230 [main] INFO  com.intuit.karate - Actual RecommDrive: Chain actuator D4 800, Chain actuator D6 800, Locking actuator EasyConnect ow 
13:53:01.230 [main] INFO  com.intuit.karate - Normalized Actual RecommDrive: Chain actuator D4 800,Chain actuator D6 800,Locking actuator EasyConnect ow 
13:53:01.230 [main] INFO  com.intuit.karate - Normalized Expected RecommDrive: Chain actuator D4 800,Chain actuator D6 800,Locking actuator EasyConnect ow 
13:53:01.231 [main] INFO  com.intuit.karate - All Drive IDs: [
  "3e2dcb1b-8df9-4eab-b237-548b0481a20b",
  "e9fa5654-1773-4646-9949-a237ab4f4797",
  "ebe9753c-e5d7-4140-afe0-9f98bf25df99"
]
 
13:53:01.231 [main] INFO  com.intuit.karate - First Drive ID: 3e2dcb1b-8df9-4eab-b237-548b0481a20b 
13:53:01.233 [main] DEBUG com.intuit.karate - request:
3 > POST https://dev-drivetec-apis.schuecodigitalsolutions.com/api/Drives/DownloadPDFNew/Schuco
3 > Content-Type: application/json; charset=UTF-8
3 > Content-Length: 1194
3 > Host: dev-drivetec-apis.schuecodigitalsolutions.com
3 > Connection: Keep-Alive
3 > User-Agent: Apache-HttpClient/4.5.14 (Java/17.0.12)
3 > Accept-Encoding: gzip,deflate
[{"Id":"configId","Header":"configId","Value":"69d1e6b9-392a-4ad1-9cec-8d6c9029ac24"},{"Id":"driveId","Header":"driveId","Value":"3e2dcb1b-8df9-4eab-b237-548b0481a20b"},{"Id":"culture","Header":"culture","Value":"EN-US"},{"Id":"projectId","Header":"projectId","Value":"2afcf090-6588-4022-aa5e-49fca51f940e"},{"Id":"range-of-app","Header":"Range of application","Value":"Façade"},{"Id":"opening-type","Header":"Opening type","Value":"Bottom-hung vent"},{"Id":"opening-direction","Header":"Opening direction","Value":"Inward"},{"Id":"how-calc-weight","Header":"Vent weight","Value":"Weight including glass"},{"Id":"Chain-Length","Header":"Chain- \/ connecting rod handle","Value":"100%"},{"Id":"drive-position","Header":"Drive position","Value":"Side installation"},{"Id":"locking-mechanism","Header":"Locking mechanism","Value":"With"},{"Id":"voltage","Header":"Voltage","Value":"24 V"},{"Id":"drive-type","Header":"Drive type","Value":"Chain drive"},{"Id":"type-installation","Header":"Type of installation","Value":"Pivoting Outer Frame Installation"},{"Id":"calculation-type-for-ventilation-area","Header":"Calculation type for ventilation area","Value":"Method in accordance with ASR 3.6"}]

13:53:02.587 [main] DEBUG com.intuit.karate - response time in milliseconds: 1353
3 < 200
3 < Content-Type: application/json; charset=utf-8
3 < Date: Thu, 05 Dec 2024 08:23:00 GMT
3 < Server: Microsoft-IIS/10.0
3 < X-Powered-By: ASP.NET
3 < Content-Length: 278
3 < Connection: keep-alive
{
  "result": "https://drive-tec-dev.s3.amazonaws.com/AUT_TPJ33518-Chain_actuator_D4_800.pdf?AWSAccessKeyId=AKIAZAWIART4ZFAXXPHK&Expires=1733390580&response-content-disposition=attachment%3B&response-content-type=application%2Fpdf&Signature=puRbNUdBKxOKZTsAz%2BfTPKl97ig%3D"
}

13:53:02.589 [main] INFO  com.intuit.karate - Download URL for first driveId: https://drive-tec-dev.s3.amazonaws.com/AUT_TPJ33518-Chain_actuator_D4_800.pdf?AWSAccessKeyId=AKIAZAWIART4ZFAXXPHK&Expires=1733390580&response-content-disposition=attachment%3B&response-content-type=application%2Fpdf&Signature=puRbNUdBKxOKZTsAz%2BfTPKl97ig%3D 
13:53:02.596 [main] INFO  com.intuit.karate - karate.env system property was: null 
13:53:02.598 [main] INFO  com.intuit.karate - Running test for dataset:  Dataset14 
13:53:02.601 [main] INFO  com.intuit.karate - Using ProjectId:  {
  "result": {
    "projectId": "prjId"
  },
  "projectPayload": {
    "Id": "579816e4-6653-4794-b435-a885f32e28d7",
    "Name": "AUT_TPJ33518",
    "Address": "Hyderabad, Telangana, India",
    "Description": "",
    "CreatedBy": "579816e4-6653-4794-b435-a885f32e28d7",
    "ModifiedBy": "579816e4-6653-4794-b435-a885f32e28d7"
  },
  "uniqueName": "AUT_TPJ33518",
  "responseHeaders": {
    "Content-Type": [
      "application/json; charset=utf-8"
    ],
    "Date": [
      "Thu, 05 Dec 2024 08:22:12 GMT"
    ],
    "Server": [
      "Microsoft-IIS/10.0"
    ],
    "X-Powered-By": [
      "ASP.NET"
    ],
    "transfer-encoding": [
      "chunked"
    ],
    "Connection": [
      "keep-alive"
    ],
    "Set-Cookie": [
    ]
  },
  "responseTime": 841,
  "response": {
    "Name": "AUT_TPJ33518",
    "Description": "",
    "Address": "Hyderabad, Telangana, India",
    "Id": "2afcf090-6588-4022-aa5e-49fca51f940e",
    "CreatedOn": "2024-12-05T08:22:11.998251+00:00",
    "CreatedBy": "579816e4-6653-4794-b435-a885f32e28d7",
    "ModifiedOn": "2024-12-05T08:22:11.9982526+00:00",
    "ModifiedBy": ""
  },
  "responseStatus": 200,
  "prjId": "2afcf090-6588-4022-aa5e-49fca51f940e",
  "projectId": "2afcf090-6588-4022-aa5e-49fca51f940e"
}
 
13:53:02.603 [main] DEBUG com.intuit.karate - request:
1 > POST https://dev-drivetec-apis.schuecodigitalsolutions.com/Configurations
1 > Content-Type: application/json; charset=UTF-8
1 > Content-Length: 1275
1 > Host: dev-drivetec-apis.schuecodigitalsolutions.com
1 > Connection: Keep-Alive
1 > User-Agent: Apache-HttpClient/4.5.14 (Java/17.0.12)
1 > Accept-Encoding: gzip,deflate
{"Id":"00000000-0000-0000-0000-000000000000","ProjectId":"2afcf090-6588-4022-aa5e-49fca51f940e","Name":"Dataset2602","Description":"Dataset2602","CustomTags":"","CreatedBy":"579816e4-6653-4794-b435-a885f32e28d7","ModifiedBy":"579816e4-6653-4794-b435-a885f32e28d7","ApplicationName":1,"System":"","FacadeInclination":0,"OpeningType":1,"OpeningDirection":1,"OpeningWidth":1000,"VentOuterWidth":1230,"VentOuterHeight":1480,"VentWeight":70,"CalculateWeightWithGlass":false,"WeightIncGlassOrThickness":false,"GlassThickness":14,"ProfileWeightPerSerialMeter":2.5,"IsWindowOpeningCalculationByAngle":1,"RequiredOpeningStroke":400,"OpeningAngle":15,"WindLoad":120,"SnowLoad":0,"DrivePosition":2,"InstallationPosition":1,"ChainLengthConnectingRodHandle":5,"LockingMechanism":1,"Voltage":1,"DriveType":1,"TypeOfInstallation":2,"CalculationTypeForVentilation":1,"CalcVentilation":1,"GeometricArea":1,"SpecificExhaustDimension":30,"BuildingDepth":75,"RevealDepth":0,"RevealDepthRectangleAngle1":0,"RevealDepthRectangleAngle2":0,"HeightOfProfile":0,"HeightProfileRectangleAngle1":0,"HeightProfileRectangleAngle2":0,"AkippOrAtilt":0,"AdrehOrAturn":0,"Ageo":0,"MinPullingForceMax":0,"MinPushingForceMax":0,"MinPullingForcePermanent":0,"MinPushingForcePermanent":0,"ForceWithNegativeWind":0}

13:53:03.461 [main] DEBUG com.intuit.karate - response time in milliseconds: 857
1 < 200
1 < Content-Type: application/json; charset=utf-8
1 < Date: Thu, 05 Dec 2024 08:23:00 GMT
1 < Server: Microsoft-IIS/10.0
1 < X-Powered-By: ASP.NET
1 < Content-Length: 2032
1 < Connection: keep-alive
{
  "ProjectId": "2afcf090-6588-4022-aa5e-49fca51f940e",
  "Name": "Dataset2602",
  "Description": "Dataset2602",
  "CustomTags": "",
  "ApplicationName": 1,
  "OpeningType": 1,
  "OpeningDirection": 1,
  "CalculateWeightWithGlass": false,
  "WindLoad": 120,
  "IsWindowOpeningCalculationByAngle": 1,
  "VentOuterWidth": 1230,
  "VentOuterHeight": 1480,
  "WeightIncGlassOrThickness": false,
  "VentWeight": 77,
  "VentWeightExact": 77.26400000000001,
  "GlassThickness": 14,
  "ProfileWeightPerSerialMeter": 2.5,
  "FacadeInclination": 0,
  "ChainLengthConnectingRodHandle": 5,
  "ChainLenghtConnectingRodHandle": 0,
  "RequiredOpeningStroke": 400,
  "OpeningWidth": 1000,
  "OpeningAngle": 15.532868337024489,
  "SpecificExhaustDimension": 30,
  "BuildingDepth": 75,
  "SnowLoad": 0,
  "DistanceHinge": 0,
  "RatedCurrent": 0,
  "DrivePosition": 2,
  "LockingMechanism": 1,
  "Voltage": 1,
  "DriveType": 1,
  "TypeOfInstallation": 2,
  "GeometricArea": 0,
  "CalculationTypeForVentilation": 1,
  "HeightOfProfile": 0,
  "Reveal": 0,
  "RevealDepth": 0,
  "HeightProfileRectangleAngle1": 0,
  "HeightProfileRectangleAngle2": 0,
  "RevealDepthRectangleAngle1": 0,
  "RevealDepthRectangleAngle2": 0,
  "RevealDepthRectangleAngle12": 0,
  "InstallationPosition": 0,
  "RecommendedDriveArticleNo": 0,
  "System": "",
  "AkippOrAtilt": 1.084,
  "AdrehOrAturn": 1.8204,
  "Ageo": 1.084,
  "MinPullingForceMax": -206.4868442161654,
  "MinPushingForceMax": -206.4868442161654,
  "MinPullingForcePermanent": -104.11163259218097,
  "MinPushingForcePermanent": -104.11163259218097,
  "ForceWithNegativeWind": 109.53156767199486,
  "ForceWithNoWindMin": 0.30763693489047433,
  "ForceWithNegativeWindMin": 0,
  "ForceWithWindMin": -108.91629380221393,
  "Id": "df1eac30-ea86-489a-b575-f0024fe250d0",
  "CreatedOn": "2024-12-05T08:23:00.7449904+00:00",
  "CreatedBy": "579816e4-6653-4794-b435-a885f32e28d7",
  "ModifiedOn": "2024-12-05T08:23:00.7449912+00:00",
  "ModifiedBy": ""
}

13:53:03.463 [main] INFO  com.intuit.karate - Generated Config ID: df1eac30-ea86-489a-b575-f0024fe250d0 
13:53:03.464 [main] INFO  com.intuit.karate - Generated Name: Dataset2602 
13:53:03.464 [main] INFO  com.intuit.karate - Generated Description: Dataset2602 
13:53:03.469 [main] DEBUG com.intuit.karate - request:
1 > PUT https://dev-drivetec-apis.schuecodigitalsolutions.com/Configurations
1 > Content-Type: application/json; charset=UTF-8
1 > Content-Length: 1278
1 > Host: dev-drivetec-apis.schuecodigitalsolutions.com
1 > Connection: Keep-Alive
1 > User-Agent: Apache-HttpClient/4.5.14 (Java/17.0.12)
1 > Accept-Encoding: gzip,deflate
{"Id":"df1eac30-ea86-489a-b575-f0024fe250d0","Name":"Dataset14","Description":"Dataset2602","ProjectId":"2afcf090-6588-4022-aa5e-49fca51f940e","CustomTags":"","CreatedBy":"579816e4-6653-4794-b435-a885f32e28d7","ModifiedBy":"579816e4-6653-4794-b435-a885f32e28d7","System":"","FacadeInclination":24,"OpeningType":2,"OpeningDirection":2,"OpeningWidth":1000,"VentOuterWidth":1230,"VentOuterHeight":1480,"VentWeight":0,"CalculateWeightWithGlass":false,"RequiredOpeningStroke":501,"WindLoad":120,"SnowLoad":0,"IsWindowOpeningCalculationByAngle":1,"GlassThickness":14,"ProfileWeightPerSerialMeter":2.5,"DrivePosition":1,"InstallationPosition":0,"LockingMechanism":1,"Voltage":1,"DriveType":1,"TypeOfInstallation":2,"GeometricArea":0,"CalcVentilation":2,"SpecificExhaustDimension":35,"BuildingDepth":65,"CalculationTypeForVentilation":2,"HeightOfProfile":200,"HeightProfileRectangleAngle1":0,"HeightProfileRectangleAngle2":0,"RevealDepth":1000,"RevealDepthRectangleAngle1":0,"RevealDepthRectangleAngle2":0,"ChainLengthConnectingRodHandle":5,"ApplicationName":1,"OpeningAngle":10,"WeightIncGlassOrThickness":false,"AkippOrAtilt":0,"AdrehOrAturn":0,"Ageo":0,"MinPullingForceMax":0,"MinPushingForceMax":0,"MinPullingForcePermanent":0,"MinPushingForcePermanent":0,"ForceWithNegativeWind":0}

13:53:04.111 [main] DEBUG com.intuit.karate - response time in milliseconds: 640
1 < 200
1 < Content-Type: application/json; charset=utf-8
1 < Date: Thu, 05 Dec 2024 08:23:01 GMT
1 < Server: Microsoft-IIS/10.0
1 < X-Powered-By: ASP.NET
1 < transfer-encoding: chunked
1 < Connection: keep-alive
{
  "ProjectId": "2afcf090-6588-4022-aa5e-49fca51f940e",
  "Name": "Dataset14",
  "Description": "Dataset2602",
  "CustomTags": "",
  "ApplicationName": 1,
  "OpeningType": 2,
  "OpeningDirection": 2,
  "CalculateWeightWithGlass": false,
  "WindLoad": 120,
  "IsWindowOpeningCalculationByAngle": 1,
  "VentOuterWidth": 1230,
  "VentOuterHeight": 1480,
  "WeightIncGlassOrThickness": false,
  "VentWeight": 77,
  "VentWeightExact": 77.26400000000001,
  "GlassThickness": 14,
  "ProfileWeightPerSerialMeter": 2.5,
  "FacadeInclination": 24,
  "ChainLengthConnectingRodHandle": 5,
  "ChainLenghtConnectingRodHandle": 0,
  "RequiredOpeningStroke": 501,
  "OpeningWidth": 1000,
  "OpeningAngle": 19.48921629278459,
  "SpecificExhaustDimension": 35,
  "BuildingDepth": 65,
  "SnowLoad": 0,
  "DistanceHinge": 0,
  "RatedCurrent": 0,
  "DrivePosition": 1,
  "LockingMechanism": 1,
  "Voltage": 1,
  "DriveType": 1,
  "TypeOfInstallation": 2,
  "GeometricArea": 0,
  "CalculationTypeForVentilation": 2,
  "HeightOfProfile": 200,
  "Reveal": 0,
  "RevealDepth": 1000,
  "HeightProfileRectangleAngle1": 0,
  "HeightProfileRectangleAngle2": 0,
  "RevealDepthRectangleAngle1": 0,
  "RevealDepthRectangleAngle2": 0,
  "RevealDepthRectangleAngle12": 0,
  "InstallationPosition": 0,
  "RecommendedDriveArticleNo": 0,
  "System": "",
  "AkippOrAtilt": 1.35771,
  "AdrehOrAturn": 1.8204,
  "Ageo": 0.6749039376946829,
  "MinPullingForceMax": -65.53807552137839,
  "MinPushingForceMax": 79.72148309148307,
  "MinPullingForcePermanent": -156.774435629635,
  "MinPushingForcePermanent": -156.774435629635,
  "ForceWithNegativeWind": -248.0107957378916,
  "ForceWithNoWindMin": -30.433414612682817,
  "ForceWithNegativeWindMin": -140.5883123168487,
  "ForceWithWindMin": -65.53807552137839,
  "Id": "df1eac30-ea86-489a-b575-f0024fe250d0",
  "CreatedOn": "0001-01-01T00:00:00",
  "CreatedBy": "579816e4-6653-4794-b435-a885f32e28d7",
  "ModifiedOn": "2024-12-05T08:23:01.6272292+00:00",
  "ModifiedBy": "579816e4-6653-4794-b435-a885f32e28d7"
}

13:53:04.112 [main] INFO  com.intuit.karate - VentWeight from API Response: 77 
13:53:04.112 [main] INFO  com.intuit.karate - Rounded Opening Angle: 19.0 
13:53:04.113 [main] INFO  com.intuit.karate - Rounded Ageo: 0.67 
13:53:04.113 [main] INFO  com.intuit.karate - Rounded Required Opening Stroke: 501.0 
13:53:04.113 [main] INFO  com.intuit.karate - Rounded Vent Weight: 77.0 
13:53:04.118 [main] DEBUG com.intuit.karate - request:
2 > GET https://dev-drivetec-apis.schuecodigitalsolutions.com/Config/df1eac30-ea86-489a-b575-f0024fe250d0/Drive
2 > Host: dev-drivetec-apis.schuecodigitalsolutions.com
2 > Connection: Keep-Alive
2 > User-Agent: Apache-HttpClient/4.5.14 (Java/17.0.12)
2 > Accept-Encoding: gzip,deflate


13:53:04.861 [main] DEBUG com.intuit.karate - response time in milliseconds: 742
2 < 200
2 < Content-Type: application/json; charset=utf-8
2 < Date: Thu, 05 Dec 2024 08:23:01 GMT
2 < Server: Microsoft-IIS/10.0
2 < X-Powered-By: ASP.NET
2 < Content-Length: 20833
2 < Connection: keep-alive
[
  {
    "Name": "Chain actuator D2 L600",
    "Bezeichnung": "Kettenantrieb D2 L600",
    "ConfigurationId": "00000000-0000-0000-0000-000000000000",
    "Description": "",
    "Application": "Facade",
    "ApplicationFacade": true,
    "ApplicationSkylight": false,
    "Type": 1,
    "OpeningType": 0,
    "BottomHungInward": true,
    "BottomHungOutward": false,
    "SideHungInward": true,
    "SideHungOutward": false,
    "TopHungInward": false,
    "TopHungOutward": true,
    "ProjectedTopHungInward": false,
    "ProjectedTopHungOutward": false,
    "InstallationType": "",
    "ITMainOutFrmMountWBracket": true,
    "ITMainFixOutFrmMount": true,
    "ITMainVentFrmMount": true,
    "ITSideMount50": false,
    "ITSideMount60": false,
    "ITSideMount70": false,
    "ITSideMount80": false,
    "ITSideMount67": true,
    "Feature": "",
    "FeatureOpenClose": true,
    "FeatureLock": true,
    "ArticleNumber": 291756,
    "Stroke": 600,
    "Angle": 0,
    "Voltage": "24 V DC",
    "Voltage24": true,
    "Voltage230": false,
    "RatedCurrent": 1,
    "BreakingCurrent": 1,
    "PullingForceMax": 250,
    "PushingForceMax": 100,
    "PullingForceMaxWithNegativeWind": 0,
    "PushingForceMaxWithNegativeWind": 0,
    "PushingForcePermanent": 66.67,
    "PullingForcePermanent": 250,
    "MinPullingForceMax": 0,
    "MinPushingForceMax": 79.72,
    "MinPullingForcePermanent": -156.77,
    "MinPushingForcePermanent": 0,
    "Price": 264.82,
    "DriveLength": 545,
    "ChainDrive": 645,
    "ChainDrive2": 1250,
    "MaxLengthMainClosingEdge1Drive": 1650,
    "MaxGeometricArea": 1,
    "GeometricalSmokeExhaustion": 0,
    "TotalGlassThickness": 14,
    "Dimensions": 0,
    "DimensionsWxHxD": "545 x 26 x 41",
    "TensileForce": 0,
    "LockingForce": 0,
    "Details_DE": "<ul><li>Bemessungsspannung: 24 V DC (19 V … 28 V)</li><li>Abschaltstrom: 1,0 A</li><li>Bemessungsstrom: 0,7 A</li><li>Bemessungsaufnahme: 17 W</li><li>Schutzart: IP 32</li><li>Zug-/Schubkraft: max. 250 N</li><li>Umgebungstemperatur: -5°C bis + 60°C</li><li>Anschlussleitung: Halogenfrei, grau 3 x 0,5 mm², ~3 m</li><li>Max. Geschwindigkeit: 13,5 mm/s</li></ul>",
    "Details_EN": "<ul><li>Rated voltage: 24 V DC (19 V … 28 V)</li><li>Breaking current: 1.0 A</li><li>Rated current: 0.7 A</li><li>Rated consumption: 17 W</li><li>Protection rating: IP 32</li><li>Traction/ thrust: max. 250 N</li><li>Ambient temperature: -5°C bis + 60°C</li><li>Connecting cable: halogen-free, grey 3 x 0.5 mm², ~3 m</li><li>Max. speed: 13.5 mm/s</li></ul>",
    "Einsatz": "<ul> <li>Anwendung: Lüftung, NRA</li> <li>Integrierte intelligente Regelelektronik</li> <li>Rückmeldung Endlage „ZU“ (max. 24 V, 500 mA)</li> </ul>",
    "Use": "<ul> <li>Application: ventilation, natural smoke ventilation</li> <li>Integrated, intelligent control electronics</li> <li>Response for “CLOSED” end position (max. 24 V, 500 mA)</li> </ul>",
    "Ausstattung": null,
    "Equipment": null,
    "Optionen": "<ul> <li>Programmierung von Sonderfunktionen</li> <li>Programmierbare Rückmeldung Endlage „AUF“ (max. 24 V, 500 mA)</li> <li>Schüco Kontroller zur automatischen Konfiguration von Synchronlauf und Folgesteuerungen mit Verriegelungsantrieben in Antriebs-Verbundsystemen</li> </ul>",
    "Options": "<ul> <li>Programming of special functions</li> <li>Programmable response for “OPEN” end position (max. 24 V, 500 mA)</li> <li>Schüco controller for automatic configuration of synchronous running and sequence control with locking drives in composite drive systems</li></ul>",
    "IsTwoPce": false,
    "ResultVentWeight": 77.26,
    "IsLsRsDrive": true,
    "ArticleNumberRs": 291757,
    "TwoDrivesSideInstallation50": 0,
    "TwoDrivesSideInstallation60": 0,
    "TwoDrivesSideInstallation70": 0,
    "TwoDrivesSideInstallation80": 0,
    "OpeningSpeedmms": 0,
    "Traction": 250,
    "Thrust": 100,
    "Id": "267a3972-757f-4244-ac52-6bc7b30bac9f",
    "CreatedOn": "2024-09-26T13:55:26.817Z",
    "CreatedBy": "",
    "ModifiedOn": "2024-09-26T13:55:26.817Z",
    "ModifiedBy": ""
  },
  {
    "Name": "Chain actuator D4 600",
    "Bezeichnung": "Kettenantrieb D4 600",
    "ConfigurationId": "00000000-0000-0000-0000-000000000000",
    "Description": "",
    "Application": "Facade",
    "ApplicationFacade": true,
    "ApplicationSkylight": false,
    "Type": 1,
    "OpeningType": 0,
    "BottomHungInward": true,
    "BottomHungOutward": false,
    "SideHungInward": true,
    "SideHungOutward": false,
    "TopHungInward": false,
    "TopHungOutward": true,
    "ProjectedTopHungInward": false,
    "ProjectedTopHungOutward": false,
    "InstallationType": "",
    "ITMainOutFrmMountWBracket": true,
    "ITMainFixOutFrmMount": true,
    "ITMainVentFrmMount": true,
    "ITSideMount50": false,
    "ITSideMount60": false,
    "ITSideMount70": false,
    "ITSideMount80": false,
    "ITSideMount67": true,
    "Feature": "",
    "FeatureOpenClose": true,
    "FeatureLock": true,
    "ArticleNumber": 291708,
    "Stroke": 600,
    "Angle": 0,
    "Voltage": "24 V DC",
    "Voltage24": true,
    "Voltage230": false,
    "RatedCurrent": 1,
    "BreakingCurrent": 1,
    "PullingForceMax": 400,
    "PushingForceMax": 100,
    "PullingForceMaxWithNegativeWind": 0,
    "PushingForceMaxWithNegativeWind": 0,
    "PushingForcePermanent": 66.67,
    "PullingForcePermanent": 400,
    "MinPullingForceMax": 0,
    "MinPushingForceMax": 79.72,
    "MinPullingForcePermanent": -156.77,
    "MinPushingForcePermanent": 0,
    "Price": 282.19,
    "DriveLength": 665,
    "ChainDrive": 765,
    "ChainDrive2": 1490,
    "MaxLengthMainClosingEdge1Drive": 1850,
    "MaxGeometricArea": 1,
    "GeometricalSmokeExhaustion": 0,
    "TotalGlassThickness": 14,
    "Dimensions": 0,
    "DimensionsWxHxD": "665 x 24 x 35",
    "TensileForce": 0,
    "LockingForce": 0,
    "Details_DE": "<ul><li>Bemessungsspannung: 24 V DC (19 V … 28 V)</li> <li>Abschaltstrom: 1,2 A</li> <li>Bemessungsstrom: 0,9 A</li> <li>Bemessungsaufnahme: 22 W</li> <li>Schutzart: IP 32</li> <li>Zug-/Schubkraft: max. 400 N</li> <li>Umgebungstemperatur: -5°C bis + 60°C</li> <li>Anschlussleitung: Halogenfrei, grau 5 x 0,5mm², ~3m</li> <li>Max. Geschwindigkeit: 13,5 mm/s</li></ul>",
    "Details_EN": "<ul><li>Rated voltage: 24 V DC (19 V … 28 V)</li> <li>Breaking current: 1.2 A</li><li>Rated current: 0.9 A</li><li>Rated consumption: 22 W</li><li>Protection rating: IP 32</li><li>Traction/ thrust: max. 400 N</li><li>Ambient temperature: -5° C to +60° C</li><li>Connecting cable: halogen-free, grey, 5 x 0.5 mm², ~ 3 m</li><li>Max. speed: 13,5 mm/s </li></ul>",
    "Einsatz": "<ul><li>Anwendung: Lüftung, NRA</li> <li>Integrierte intelligente Regelelektronik</li> <li>Rückmeldung Endlage „ZU“ (max. 24 V, 500 mA)</li> </ul>",
    "Use": "<ul><li>Application: ventilation, natural smoke ventilation</li> <li>Integrated intelligent control electronics</li> <li>Response for “CLOSED” end position (max. 24 V, 500 mA)</li> </ul>",
    "Ausstattung": "<ul><li>Zusätzlicher Universal-Steckersatz für Mehrfachbetrieb bis zu 4 Antrieben und 2 Verriegelungsantrieben</li></ul>",
    "Equipment": "<ul><li>Additional universal plug socket for multiplex operation of up to 4 drives and 2 interlocking drives</li></ul>",
    "Optionen": "<ul><li>Programmierung von Sonderfunktionen</li> <li>Programmierbare Rückmeldung Endlage „AUF“ (max. 24 V, 500 mA)</li> <li>Schüco Kontroller zur automatischen Konfiguration von Synchronlauf und Folgesteuerungen mit Verriegelungsantrieben in Antriebs-Verbundsystemen</li> </ul>",
    "Options": "<ul><li>Programming of special functions</li> <li>Programmable response for “OPEN” end position (max. 24 V, 500 mA)</li> <li>Schüco controller for automatic configuration of synchronous running and sequence control with locking drives in composite drive systems</li> </ul>",
    "IsTwoPce": false,
    "ResultVentWeight": 77.26,
    "IsLsRsDrive": true,
    "ArticleNumberRs": 291707,
    "TwoDrivesSideInstallation50": 0,
    "TwoDrivesSideInstallation60": 0,
    "TwoDrivesSideInstallation70": 0,
    "TwoDrivesSideInstallation80": 0,
    "OpeningSpeedmms": 0,
    "Traction": 400,
    "Thrust": 100,
    "Id": "fcff08f9-981e-47bb-8f19-91cb4dc64404",
    "CreatedOn": "2024-09-26T13:55:26.817Z",
    "CreatedBy": "",
    "ModifiedOn": "2024-09-26T13:55:26.817Z",
    "ModifiedBy": ""
  },
  {
    "Name": "Chain actuator D6 600",
    "Bezeichnung": "Kettenantrieb D6 600",
    "ConfigurationId": "00000000-0000-0000-0000-000000000000",
    "Description": "",
    "Application": "Facade",
    "ApplicationFacade": true,
    "ApplicationSkylight": true,
    "Type": 1,
    "OpeningType": 0,
    "BottomHungInward": true,
    "BottomHungOutward": true,
    "SideHungInward": true,
    "SideHungOutward": true,
    "TopHungInward": false,
    "TopHungOutward": true,
    "ProjectedTopHungInward": false,
    "ProjectedTopHungOutward": true,
    "InstallationType": "",
    "ITMainOutFrmMountWBracket": true,
    "ITMainFixOutFrmMount": false,
    "ITMainVentFrmMount": true,
    "ITSideMount50": false,
    "ITSideMount60": false,
    "ITSideMount70": false,
    "ITSideMount80": false,
    "ITSideMount67": true,
    "Feature": "",
    "FeatureOpenClose": true,
    "FeatureLock": true,
    "ArticleNumber": 291716,
    "Stroke": 600,
    "Angle": 0,
    "Voltage": "24 V DC",
    "Voltage24": true,
    "Voltage230": false,
    "RatedCurrent": 1,
    "BreakingCurrent": 1,
    "PullingForceMax": 600,
    "PushingForceMax": 600,
    "PullingForceMaxWithNegativeWind": 0,
    "PushingForceMaxWithNegativeWind": 0,
    "PushingForcePermanent": 400,
    "PullingForcePermanent": 600,
    "MinPullingForceMax": 0,
    "MinPushingForceMax": 79.72,
    "MinPullingForcePermanent": -156.77,
    "MinPushingForcePermanent": 0,
    "Price": 374.18,
    "DriveLength": 693,
    "ChainDrive": 793,
    "ChainDrive2": 1546,
    "MaxLengthMainClosingEdge1Drive": 1920,
    "MaxGeometricArea": 1,
    "GeometricalSmokeExhaustion": 0,
    "TotalGlassThickness": 14,
    "Dimensions": 0,
    "DimensionsWxHxD": "693 x 40 x 56",
    "TensileForce": 0,
    "LockingForce": 0,
    "Details_DE": "<ul> <li>Bemessungsspannung: 24 V DC (19 V … 28 V)</li> <li>Abschaltstrom: 1,2 A</li> <li>Bemessungsstrom: 0,9 A</li> <li>Bemessungsaufnahme: 22 W</li> <li>Schutzart: IP 32</li> <li>Zug-/Schubkraft: max. 600 N</li> <li>Umgebungstemperatur: -5°C bis + 60°C</li> <li>Anschlussleitung: Halogenfrei, grau 5 x 0,5mm², ~3m</li> <li>Max. Geschwindigkeit: 13,5 mm/s</li> </ul>",
    "Details_EN": "<ul> <li>Rated voltage: 24 V DC (19 V … 28 V)</li><li>Breaking current: 1.2 A</li><li>Rated current: 0.9 A</li><li>Rated consumption: 22W</li><li>Protection rating: IP 32</li><li>Traction/ thrust: max. 600 N</li><li>Ambient temperature: -5° C to +60° C</li><li>Connecting cable: halogen-free, grey 3 x 0,5mm², ~3m</li><li>Max. speed: 13,5 mm/s</li></ul>",
    "Einsatz": "<ul><li>Anwendung: Lüftung, NRA</li> <li>Integrierte intelligente Regelelektronik</li></ul>",
    "Use": "<ul><li>Application: ventilation, natural smoke ventilation</li> <li>Integrated intelligent control electronics</li> </ul>",
    "Ausstattung": "<ul><li>Zusätzlicher Universal-Steckersatz für Mehrfachbetrieb bis zu 4 Antrieben und 2 Verriegelungsantrieben</li></ul>",
    "Equipment": "<ul><li>Additional universal plug socket for multiplex operation  of up to 4 drives and 2 interlocking drives</li></ul>",
    "Optionen": "<ul><li>Programmierung von Sonderfunktionen</li> <li>Programmierbare Rückmeldung Endlage „AUF“ (max. 24 V, 500 mA)</li> <li>Schüco Kontroller zur automatischen Konfiguration von Synchronlauf und Folgesteuerungen mit Verriegelungsantrieben in Antriebs-Verbundsystemen</li> </ul>",
    "Options": "<ul><li>Programming of special functions</li> <li>Programmable response for “OPEN” end position (max. 24 V, 500 mA)</li> <li>Schüco controller for automatic configuration of synchronous running and sequence control with locking drives in composite drive systems</li> </ul>",
    "IsTwoPce": false,
    "ResultVentWeight": 77.26,
    "IsLsRsDrive": false,
    "ArticleNumberRs": 0,
    "TwoDrivesSideInstallation50": 0,
    "TwoDrivesSideInstallation60": 0,
    "TwoDrivesSideInstallation70": 0,
    "TwoDrivesSideInstallation80": 0,
    "OpeningSpeedmms": 0,
    "Traction": 600,
    "Thrust": 600,
    "Id": "3cae6110-7870-4645-8094-e12449f27b1f",
    "CreatedOn": "2024-09-26T13:55:26.817Z",
    "CreatedBy": "",
    "ModifiedOn": "2024-09-26T13:55:26.817Z",
    "ModifiedBy": ""
  },
  {
    "Name": "Chain actuator TWIN D2 L600",
    "Bezeichnung": "Kettenantrieb TWIN D2 L600",
    "ConfigurationId": "00000000-0000-0000-0000-000000000000",
    "Description": "",
    "Application": "Facade",
    "ApplicationFacade": true,
    "ApplicationSkylight": false,
    "Type": 1,
    "OpeningType": 0,
    "BottomHungInward": true,
    "BottomHungOutward": false,
    "SideHungInward": false,
    "SideHungOutward": false,
    "TopHungInward": false,
    "TopHungOutward": true,
    "ProjectedTopHungInward": false,
    "ProjectedTopHungOutward": false,
    "InstallationType": "",
    "ITMainOutFrmMountWBracket": true,
    "ITMainFixOutFrmMount": true,
    "ITMainVentFrmMount": true,
    "ITSideMount50": false,
    "ITSideMount60": false,
    "ITSideMount70": false,
    "ITSideMount80": false,
    "ITSideMount67": false,
    "Feature": "",
    "FeatureOpenClose": true,
    "FeatureLock": true,
    "ArticleNumber": 291774,
    "Stroke": 600,
    "Angle": 0,
    "Voltage": "24 V DC",
    "Voltage24": true,
    "Voltage230": false,
    "RatedCurrent": 1,
    "BreakingCurrent": 2,
    "PullingForceMax": 500,
    "PushingForceMax": 200,
    "PullingForceMaxWithNegativeWind": 0,
    "PushingForceMaxWithNegativeWind": 0,
    "PushingForcePermanent": 133.33,
    "PullingForcePermanent": 500,
    "MinPullingForceMax": 0,
    "MinPushingForceMax": 79.72,
    "MinPullingForcePermanent": -156.77,
    "MinPushingForcePermanent": 0,
    "Price": 532.67,
    "DriveLength": 1060,
    "ChainDrive": 1160,
    "ChainDrive2": 0,
    "MaxLengthMainClosingEdge1Drive": 1650,
    "MaxGeometricArea": 1,
    "GeometricalSmokeExhaustion": 0,
    "TotalGlassThickness": 14,
    "Dimensions": 0,
    "DimensionsWxHxD": "1060 x 26 x 41",
    "TensileForce": 0,
    "LockingForce": 0,
    "Details_DE": "<ul><li>Bemessungsspannung: 24 V DC (19 V … 28 V)</li> <li>Abschaltstrom: 2,0 A</li> <li>Bemessungsstrom: 1,4 A</li> <li>Bemessungsaufnahme: 34 W</li> <li>Schutzart: IP 32</li> <li>Zug-/Schubkraft: max. 500 N</li> <li>Umgebungstemperatur: -5°C bis + 60°C</li> <li>Anschlussleitung: Halogenfrei, grau 3 x 0,5mm², ~3m</li> <li>Max. Geschwindigkeit: 12 mm/s</li> </ul>",
    "Details_EN": "<ul><li>Rated voltage: 24 V DC (19 V … 28 V)</li><li>Breaking current: 2.0 A</li><li>Rated current: 1.4 A</li><li>Rated consumption: 34 W</li><li>Protection rating: IP 32</li><li>Traction/ thrust: max. 500 N</li><li>Ambient temperature: -5°C bis + 60°C</li><li>Connecting cable: halogen-free, grey 3 x 0,5mm², ~3m</li><li>Max. speed: 12 mm/s</li></ul>",
    "Einsatz": "<ul><li>Anwendung: Lüftung, NRA</li> <li>Integrierte intelligente Regelelektronik</li> <li>Rückmeldung Endlage „ZU“ (max. 24 V, 500 mA)</li> </ul>",
    "Use": "<ul><li>Application: ventilation, natural smoke ventilation</li> <li>Integrated intelligent control electronics</li> <li>Response for \"CLOSED\" end position (max. 24 V, 500 mA)</li> </ul>",
    "Ausstattung": null,
    "Equipment": null,
    "Optionen": "<ul><li>Programmierung von Sonderfunktionen</li> <li>Programmierbare Rückmeldung Endlage „AUF“ (max. 24 V, 500 mA)</li> <li>Schüco Kontroller zur automatischen Konfiguration von Synchronlauf und Folgesteuerungen mit Verriegelungsantrieb in Antriebs-Verbundsystem</li> </ul>",
    "Options": "<ul><li>Programming of special functions</li> <li>Programmable response for \"OPEN\" end position (max. 24 V, 500 mA)</li> <li>Schüco controller for automatic configuration of synchronous running and sequence control with locking drives in composite drive systems</li> </ul>",
    "IsTwoPce": false,
    "ResultVentWeight": 77.26,
    "IsLsRsDrive": false,
    "ArticleNumberRs": 0,
    "TwoDrivesSideInstallation50": 0,
    "TwoDrivesSideInstallation60": 0,
    "TwoDrivesSideInstallation70": 0,
    "TwoDrivesSideInstallation80": 0,
    "OpeningSpeedmms": 0,
    "Traction": 500,
    "Thrust": 200,
    "Id": "e894c2ec-1e80-4d24-8c80-a383a582ab2a",
    "CreatedOn": "2024-09-26T13:55:26.817Z",
    "CreatedBy": "",
    "ModifiedOn": "2024-09-26T13:55:26.817Z",
    "ModifiedBy": ""
  },
  {
    "Name": "Locking actuator EasyConnect ow",
    "Bezeichnung": "Verriegelungsantrieb EasyConnect ow",
    "ConfigurationId": "00000000-0000-0000-0000-000000000000",
    "Description": "",
    "Application": "",
    "ApplicationFacade": true,
    "ApplicationSkylight": false,
    "Type": 5,
    "OpeningType": 0,
    "BottomHungInward": false,
    "BottomHungOutward": false,
    "SideHungInward": false,
    "SideHungOutward": true,
    "TopHungInward": false,
    "TopHungOutward": true,
    "ProjectedTopHungInward": false,
    "ProjectedTopHungOutward": true,
    "InstallationType": "",
    "ITMainOutFrmMountWBracket": true,
    "ITMainFixOutFrmMount": false,
    "ITMainVentFrmMount": false,
    "ITSideMount50": false,
    "ITSideMount60": false,
    "ITSideMount70": false,
    "ITSideMount80": false,
    "ITSideMount67": false,
    "Feature": "",
    "FeatureOpenClose": true,
    "FeatureLock": false,
    "ArticleNumber": 291589,
    "Stroke": 0,
    "Angle": 0,
    "Voltage": null,
    "Voltage24": true,
    "Voltage230": true,
    "RatedCurrent": 0,
    "BreakingCurrent": 0,
    "PullingForceMax": 0,
    "PushingForceMax": 0,
    "PullingForceMaxWithNegativeWind": 0,
    "PushingForceMaxWithNegativeWind": 0,
    "PushingForcePermanent": 0,
    "PullingForcePermanent": 0,
    "MinPullingForceMax": 0,
    "MinPushingForceMax": 0,
    "MinPullingForcePermanent": 0,
    "MinPushingForcePermanent": 0,
    "Price": 0,
    "DriveLength": 0,
    "ChainDrive": 0,
    "ChainDrive2": 0,
    "MaxLengthMainClosingEdge1Drive": 0,
    "MaxGeometricArea": 0,
    "GeometricalSmokeExhaustion": 0,
    "TotalGlassThickness": 0,
    "Dimensions": 0,
    "DimensionsWxHxD": "375 x 24 x 35",
    "TensileForce": 0,
    "LockingForce": 0,
    "Details_DE": "<ul> <li>Bemessungsspannung: 24 V DC (19 V … 28 V)</li> <li>Abschaltstrom: ~1,0 A</li> <li>Bemessungsstrom: 0,6 A</li> <li>Bemessungsaufnahme: 15 W</li> <li>Schutzart: IP 32</li><li>Zug-/Schubkraft: max. 600 N</li> <li>Umgebungstemperatur: -5°C bis + 60°C</li> <li>Anschlussleitung: Halogenfrei, grau 5 x 0,5mm² , ~5m</li> <li>Laufzeit: ~ 5s</li><li>Hub: ~ 18mm</li> </ul>",
    "Details_EN": "<ul> <li>Rated voltage : 24 V DC (19 V … 28 V</li> <li>Breaking current : ~1,0 A</li> <li>Rated current : 0,6 A</li> <li>Rated consumption : 15 W</li> <li>Protection rating : IP 32</li><li>Traction/ thrust : max. 600 N</li> <li>Ambient temperature: -5°C bis + 60°C</li> <li>Connecting cable: halogen-free, grey 5 x 0,5mm² , ~5m</li> <li>Running time: ~ 5s</li><li>Stroke: ~ 18mm</li> </ul>",
    "Einsatz": "<ul> <li>Anwendung: Lüftung, NRA</li><li>Integrierte intelligente Regelelektronik</li></ul>",
    "Use": "<ul> <li>Application: ventilation, natural smoke ventilation</li> <li>Integrated intelligent control electronics</li></ul>",
    "Ausstattung": "<ul><li>Laufrichtung einstellbar</li><li>Zusätzlicher Universal-Steckersatz</li></ul>",
    "Equipment": "<ul><li>Running direction adjustable</li><li>Additional universal plug socket</li></ul>",
    "Optionen": "<ul> <li>Mitnehmer objekt-/profilspezifisch anpassbar</li></ul>",
    "Options": "<ul> <li>Coupling adapter customizable for project-/profile-specific demands</li></ul>",
    "IsTwoPce": false,
    "ResultVentWeight": 0,
    "IsLsRsDrive": false,
    "ArticleNumberRs": 0,
    "TwoDrivesSideInstallation50": 0,
    "TwoDrivesSideInstallation60": 0,
    "TwoDrivesSideInstallation70": 0,
    "TwoDrivesSideInstallation80": 0,
    "OpeningSpeedmms": 0,
    "Traction": 0,
    "Thrust": 0,
    "Id": "ebe9753c-e5d7-4140-afe0-9f98bf25df99",
    "CreatedOn": "2024-09-26T13:55:26.817Z",
    "CreatedBy": "",
    "ModifiedOn": "2024-09-26T13:55:26.817Z",
    "ModifiedBy": ""
  }
]

13:53:04.867 [main] INFO  com.intuit.karate - Expected RecommDrive: Chain actuator D2 L600,Chain actuator D4 600,Chain actuator D6 600,Chain actuator TWIN D2 L600,Locking actuator EasyConnect ow 
13:53:04.867 [main] INFO  com.intuit.karate - Actual RecommDrive: Chain actuator D2 L600, Chain actuator D4 600, Chain actuator D6 600, Chain actuator TWIN D2 L600, Locking actuator EasyConnect ow 
13:53:04.867 [main] INFO  com.intuit.karate - Normalized Actual RecommDrive: Chain actuator D2 L600,Chain actuator D4 600,Chain actuator D6 600,Chain actuator TWIN D2 L600,Locking actuator EasyConnect ow 
13:53:04.867 [main] INFO  com.intuit.karate - Normalized Expected RecommDrive: Chain actuator D2 L600,Chain actuator D4 600,Chain actuator D6 600,Chain actuator TWIN D2 L600,Locking actuator EasyConnect ow 
13:53:04.868 [main] INFO  com.intuit.karate - All Drive IDs: [
  "267a3972-757f-4244-ac52-6bc7b30bac9f",
  "fcff08f9-981e-47bb-8f19-91cb4dc64404",
  "3cae6110-7870-4645-8094-e12449f27b1f",
  "e894c2ec-1e80-4d24-8c80-a383a582ab2a",
  "ebe9753c-e5d7-4140-afe0-9f98bf25df99"
]
 
13:53:04.873 [main] INFO  com.intuit.karate - First Drive ID: 267a3972-757f-4244-ac52-6bc7b30bac9f 
13:53:04.876 [main] DEBUG com.intuit.karate - request:
3 > POST https://dev-drivetec-apis.schuecodigitalsolutions.com/api/Drives/DownloadPDFNew/Schuco
3 > Content-Type: application/json; charset=UTF-8
3 > Content-Length: 1194
3 > Host: dev-drivetec-apis.schuecodigitalsolutions.com
3 > Connection: Keep-Alive
3 > User-Agent: Apache-HttpClient/4.5.14 (Java/17.0.12)
3 > Accept-Encoding: gzip,deflate
[{"Id":"configId","Header":"configId","Value":"df1eac30-ea86-489a-b575-f0024fe250d0"},{"Id":"driveId","Header":"driveId","Value":"267a3972-757f-4244-ac52-6bc7b30bac9f"},{"Id":"culture","Header":"culture","Value":"EN-US"},{"Id":"projectId","Header":"projectId","Value":"2afcf090-6588-4022-aa5e-49fca51f940e"},{"Id":"range-of-app","Header":"Range of application","Value":"Façade"},{"Id":"opening-type","Header":"Opening type","Value":"Bottom-hung vent"},{"Id":"opening-direction","Header":"Opening direction","Value":"Inward"},{"Id":"how-calc-weight","Header":"Vent weight","Value":"Weight including glass"},{"Id":"Chain-Length","Header":"Chain- \/ connecting rod handle","Value":"100%"},{"Id":"drive-position","Header":"Drive position","Value":"Side installation"},{"Id":"locking-mechanism","Header":"Locking mechanism","Value":"With"},{"Id":"voltage","Header":"Voltage","Value":"24 V"},{"Id":"drive-type","Header":"Drive type","Value":"Chain drive"},{"Id":"type-installation","Header":"Type of installation","Value":"Pivoting Outer Frame Installation"},{"Id":"calculation-type-for-ventilation-area","Header":"Calculation type for ventilation area","Value":"Method in accordance with ASR 3.6"}]

13:53:06.306 [main] DEBUG com.intuit.karate - response time in milliseconds: 1427
3 < 200
3 < Content-Type: application/json; charset=utf-8
3 < Date: Thu, 05 Dec 2024 08:23:03 GMT
3 < Server: Microsoft-IIS/10.0
3 < X-Powered-By: ASP.NET
3 < Content-Length: 277
3 < Connection: keep-alive
{
  "result": "https://drive-tec-dev.s3.amazonaws.com/AUT_TPJ33518-Chain_actuator_D2_L600.pdf?AWSAccessKeyId=AKIAZAWIART4ZFAXXPHK&Expires=1733390584&response-content-disposition=attachment%3B&response-content-type=application%2Fpdf&Signature=B8zP8fQPzlOlVDh1rX4vvxG4PoU%3D"
}

13:53:06.307 [main] INFO  com.intuit.karate - Download URL for first driveId: https://drive-tec-dev.s3.amazonaws.com/AUT_TPJ33518-Chain_actuator_D2_L600.pdf?AWSAccessKeyId=AKIAZAWIART4ZFAXXPHK&Expires=1733390584&response-content-disposition=attachment%3B&response-content-type=application%2Fpdf&Signature=B8zP8fQPzlOlVDh1rX4vvxG4PoU%3D 
13:53:06.315 [main] INFO  com.intuit.karate - karate.env system property was: null 
13:53:06.318 [main] INFO  com.intuit.karate - Running test for dataset:  Dataset15 
13:53:06.325 [main] INFO  com.intuit.karate - Using ProjectId:  {
  "result": {
    "projectId": "prjId"
  },
  "projectPayload": {
    "Id": "579816e4-6653-4794-b435-a885f32e28d7",
    "Name": "AUT_TPJ33518",
    "Address": "Hyderabad, Telangana, India",
    "Description": "",
    "CreatedBy": "579816e4-6653-4794-b435-a885f32e28d7",
    "ModifiedBy": "579816e4-6653-4794-b435-a885f32e28d7"
  },
  "uniqueName": "AUT_TPJ33518",
  "responseHeaders": {
    "Content-Type": [
      "application/json; charset=utf-8"
    ],
    "Date": [
      "Thu, 05 Dec 2024 08:22:12 GMT"
    ],
    "Server": [
      "Microsoft-IIS/10.0"
    ],
    "X-Powered-By": [
      "ASP.NET"
    ],
    "transfer-encoding": [
      "chunked"
    ],
    "Connection": [
      "keep-alive"
    ],
    "Set-Cookie": [
    ]
  },
  "responseTime": 841,
  "response": {
    "Name": "AUT_TPJ33518",
    "Description": "",
    "Address": "Hyderabad, Telangana, India",
    "Id": "2afcf090-6588-4022-aa5e-49fca51f940e",
    "CreatedOn": "2024-12-05T08:22:11.998251+00:00",
    "CreatedBy": "579816e4-6653-4794-b435-a885f32e28d7",
    "ModifiedOn": "2024-12-05T08:22:11.9982526+00:00",
    "ModifiedBy": ""
  },
  "responseStatus": 200,
  "prjId": "2afcf090-6588-4022-aa5e-49fca51f940e",
  "projectId": "2afcf090-6588-4022-aa5e-49fca51f940e"
}
 
13:53:06.329 [main] DEBUG com.intuit.karate - request:
1 > POST https://dev-drivetec-apis.schuecodigitalsolutions.com/Configurations
1 > Content-Type: application/json; charset=UTF-8
1 > Content-Length: 1275
1 > Host: dev-drivetec-apis.schuecodigitalsolutions.com
1 > Connection: Keep-Alive
1 > User-Agent: Apache-HttpClient/4.5.14 (Java/17.0.12)
1 > Accept-Encoding: gzip,deflate
{"Id":"00000000-0000-0000-0000-000000000000","ProjectId":"2afcf090-6588-4022-aa5e-49fca51f940e","Name":"Dataset6327","Description":"Dataset6327","CustomTags":"","CreatedBy":"579816e4-6653-4794-b435-a885f32e28d7","ModifiedBy":"579816e4-6653-4794-b435-a885f32e28d7","ApplicationName":1,"System":"","FacadeInclination":0,"OpeningType":1,"OpeningDirection":1,"OpeningWidth":1000,"VentOuterWidth":1230,"VentOuterHeight":1480,"VentWeight":70,"CalculateWeightWithGlass":false,"WeightIncGlassOrThickness":false,"GlassThickness":14,"ProfileWeightPerSerialMeter":2.5,"IsWindowOpeningCalculationByAngle":1,"RequiredOpeningStroke":400,"OpeningAngle":15,"WindLoad":120,"SnowLoad":0,"DrivePosition":2,"InstallationPosition":1,"ChainLengthConnectingRodHandle":5,"LockingMechanism":1,"Voltage":1,"DriveType":1,"TypeOfInstallation":2,"CalculationTypeForVentilation":1,"CalcVentilation":1,"GeometricArea":1,"SpecificExhaustDimension":30,"BuildingDepth":75,"RevealDepth":0,"RevealDepthRectangleAngle1":0,"RevealDepthRectangleAngle2":0,"HeightOfProfile":0,"HeightProfileRectangleAngle1":0,"HeightProfileRectangleAngle2":0,"AkippOrAtilt":0,"AdrehOrAturn":0,"Ageo":0,"MinPullingForceMax":0,"MinPushingForceMax":0,"MinPullingForcePermanent":0,"MinPushingForcePermanent":0,"ForceWithNegativeWind":0}

13:53:06.900 [main] DEBUG com.intuit.karate - response time in milliseconds: 569
1 < 200
1 < Content-Type: application/json; charset=utf-8
1 < Date: Thu, 05 Dec 2024 08:23:03 GMT
1 < Server: Microsoft-IIS/10.0
1 < X-Powered-By: ASP.NET
1 < transfer-encoding: chunked
1 < Connection: keep-alive
{
  "ProjectId": "2afcf090-6588-4022-aa5e-49fca51f940e",
  "Name": "Dataset6327",
  "Description": "Dataset6327",
  "CustomTags": "",
  "ApplicationName": 1,
  "OpeningType": 1,
  "OpeningDirection": 1,
  "CalculateWeightWithGlass": false,
  "WindLoad": 120,
  "IsWindowOpeningCalculationByAngle": 1,
  "VentOuterWidth": 1230,
  "VentOuterHeight": 1480,
  "WeightIncGlassOrThickness": false,
  "VentWeight": 77,
  "VentWeightExact": 77.26400000000001,
  "GlassThickness": 14,
  "ProfileWeightPerSerialMeter": 2.5,
  "FacadeInclination": 0,
  "ChainLengthConnectingRodHandle": 5,
  "ChainLenghtConnectingRodHandle": 0,
  "RequiredOpeningStroke": 400,
  "OpeningWidth": 1000,
  "OpeningAngle": 15.532868337024489,
  "SpecificExhaustDimension": 30,
  "BuildingDepth": 75,
  "SnowLoad": 0,
  "DistanceHinge": 0,
  "RatedCurrent": 0,
  "DrivePosition": 2,
  "LockingMechanism": 1,
  "Voltage": 1,
  "DriveType": 1,
  "TypeOfInstallation": 2,
  "GeometricArea": 0,
  "CalculationTypeForVentilation": 1,
  "HeightOfProfile": 0,
  "Reveal": 0,
  "RevealDepth": 0,
  "HeightProfileRectangleAngle1": 0,
  "HeightProfileRectangleAngle2": 0,
  "RevealDepthRectangleAngle1": 0,
  "RevealDepthRectangleAngle2": 0,
  "RevealDepthRectangleAngle12": 0,
  "InstallationPosition": 0,
  "RecommendedDriveArticleNo": 0,
  "System": "",
  "AkippOrAtilt": 1.084,
  "AdrehOrAturn": 1.8204,
  "Ageo": 1.084,
  "MinPullingForceMax": -206.4868442161654,
  "MinPushingForceMax": -206.4868442161654,
  "MinPullingForcePermanent": -104.11163259218097,
  "MinPushingForcePermanent": -104.11163259218097,
  "ForceWithNegativeWind": 109.53156767199486,
  "ForceWithNoWindMin": 0.30763693489047433,
  "ForceWithNegativeWindMin": 0,
  "ForceWithWindMin": -108.91629380221393,
  "Id": "dfbe0b98-6dd3-4f5b-88b8-42fac235fa83",
  "CreatedOn": "2024-12-05T08:23:04.4347986+00:00",
  "CreatedBy": "579816e4-6653-4794-b435-a885f32e28d7",
  "ModifiedOn": "2024-12-05T08:23:04.4347997+00:00",
  "ModifiedBy": ""
}

13:53:06.902 [main] INFO  com.intuit.karate - Generated Config ID: dfbe0b98-6dd3-4f5b-88b8-42fac235fa83 
13:53:06.903 [main] INFO  com.intuit.karate - Generated Name: Dataset6327 
13:53:06.903 [main] INFO  com.intuit.karate - Generated Description: Dataset6327 
13:53:06.907 [main] DEBUG com.intuit.karate - request:
1 > PUT https://dev-drivetec-apis.schuecodigitalsolutions.com/Configurations
1 > Content-Type: application/json; charset=UTF-8
1 > Content-Length: 1278
1 > Host: dev-drivetec-apis.schuecodigitalsolutions.com
1 > Connection: Keep-Alive
1 > User-Agent: Apache-HttpClient/4.5.14 (Java/17.0.12)
1 > Accept-Encoding: gzip,deflate
{"Id":"dfbe0b98-6dd3-4f5b-88b8-42fac235fa83","Name":"Dataset15","Description":"Dataset6327","ProjectId":"2afcf090-6588-4022-aa5e-49fca51f940e","CustomTags":"","CreatedBy":"579816e4-6653-4794-b435-a885f32e28d7","ModifiedBy":"579816e4-6653-4794-b435-a885f32e28d7","System":"","FacadeInclination":25,"OpeningType":2,"OpeningDirection":2,"OpeningWidth":1000,"VentOuterWidth":1230,"VentOuterHeight":1480,"VentWeight":0,"CalculateWeightWithGlass":false,"RequiredOpeningStroke":501,"WindLoad":120,"SnowLoad":0,"IsWindowOpeningCalculationByAngle":1,"GlassThickness":14,"ProfileWeightPerSerialMeter":2.5,"DrivePosition":1,"InstallationPosition":0,"LockingMechanism":1,"Voltage":1,"DriveType":1,"TypeOfInstallation":2,"GeometricArea":0,"CalcVentilation":2,"SpecificExhaustDimension":35,"BuildingDepth":65,"CalculationTypeForVentilation":2,"HeightOfProfile":200,"HeightProfileRectangleAngle1":0,"HeightProfileRectangleAngle2":0,"RevealDepth":1000,"RevealDepthRectangleAngle1":0,"RevealDepthRectangleAngle2":0,"ChainLengthConnectingRodHandle":5,"ApplicationName":1,"OpeningAngle":10,"WeightIncGlassOrThickness":false,"AkippOrAtilt":0,"AdrehOrAturn":0,"Ageo":0,"MinPullingForceMax":0,"MinPushingForceMax":0,"MinPullingForcePermanent":0,"MinPushingForcePermanent":0,"ForceWithNegativeWind":0}

13:53:07.491 [main] DEBUG com.intuit.karate - response time in milliseconds: 582
1 < 200
1 < Content-Type: application/json; charset=utf-8
1 < Date: Thu, 05 Dec 2024 08:23:05 GMT
1 < Server: Microsoft-IIS/10.0
1 < X-Powered-By: ASP.NET
1 < Content-Length: 2082
1 < Connection: keep-alive
{
  "ProjectId": "2afcf090-6588-4022-aa5e-49fca51f940e",
  "Name": "Dataset15",
  "Description": "Dataset6327",
  "CustomTags": "",
  "ApplicationName": 1,
  "OpeningType": 2,
  "OpeningDirection": 2,
  "CalculateWeightWithGlass": false,
  "WindLoad": 120,
  "IsWindowOpeningCalculationByAngle": 1,
  "VentOuterWidth": 1230,
  "VentOuterHeight": 1480,
  "WeightIncGlassOrThickness": false,
  "VentWeight": 77,
  "VentWeightExact": 77.26400000000001,
  "GlassThickness": 14,
  "ProfileWeightPerSerialMeter": 2.5,
  "FacadeInclination": 25,
  "ChainLengthConnectingRodHandle": 5,
  "ChainLenghtConnectingRodHandle": 0,
  "RequiredOpeningStroke": 501,
  "OpeningWidth": 1000,
  "OpeningAngle": 19.48921629278459,
  "SpecificExhaustDimension": 35,
  "BuildingDepth": 65,
  "SnowLoad": 0,
  "DistanceHinge": 0,
  "RatedCurrent": 0,
  "DrivePosition": 1,
  "LockingMechanism": 1,
  "Voltage": 1,
  "DriveType": 1,
  "TypeOfInstallation": 2,
  "GeometricArea": 0,
  "CalculationTypeForVentilation": 2,
  "HeightOfProfile": 200,
  "Reveal": 0,
  "RevealDepth": 1000,
  "HeightProfileRectangleAngle1": 0,
  "HeightProfileRectangleAngle2": 0,
  "RevealDepthRectangleAngle1": 0,
  "RevealDepthRectangleAngle2": 0,
  "RevealDepthRectangleAngle12": 0,
  "InstallationPosition": 0,
  "RecommendedDriveArticleNo": 0,
  "System": "",
  "AkippOrAtilt": 1.35771,
  "AdrehOrAturn": 1.8204,
  "Ageo": 0.6749039376946829,
  "MinPullingForceMax": 72.5767603948726,
  "MinPushingForceMax": -73.1085591046228,
  "MinPullingForcePermanent": -162.9095403661677,
  "MinPushingForcePermanent": -162.9095403661677,
  "ForceWithNegativeWind": -252.7105216277126,
  "ForceWithNoWindMin": -37.245591169420564,
  "ForceWithNegativeWindMin": -147.06794273371372,
  "ForceWithWindMin": 72.5767603948726,
  "Id": "dfbe0b98-6dd3-4f5b-88b8-42fac235fa83",
  "CreatedOn": "0001-01-01T00:00:00",
  "CreatedBy": "579816e4-6653-4794-b435-a885f32e28d7",
  "ModifiedOn": "2024-12-05T08:23:05.0234908+00:00",
  "ModifiedBy": "579816e4-6653-4794-b435-a885f32e28d7"
}

13:53:07.494 [main] INFO  com.intuit.karate - VentWeight from API Response: 77 
13:53:07.501 [main] INFO  com.intuit.karate - Rounded Opening Angle: 19.0 
13:53:07.502 [main] INFO  com.intuit.karate - Rounded Ageo: 0.67 
13:53:07.502 [main] INFO  com.intuit.karate - Rounded Required Opening Stroke: 501.0 
13:53:07.503 [main] INFO  com.intuit.karate - Rounded Vent Weight: 77.0 
13:53:07.507 [main] DEBUG com.intuit.karate - request:
2 > GET https://dev-drivetec-apis.schuecodigitalsolutions.com/Config/dfbe0b98-6dd3-4f5b-88b8-42fac235fa83/Drive
2 > Host: dev-drivetec-apis.schuecodigitalsolutions.com
2 > Connection: Keep-Alive
2 > User-Agent: Apache-HttpClient/4.5.14 (Java/17.0.12)
2 > Accept-Encoding: gzip,deflate


13:53:08.241 [main] DEBUG com.intuit.karate - response time in milliseconds: 732
2 < 200
2 < Content-Type: application/json; charset=utf-8
2 < Date: Thu, 05 Dec 2024 08:23:05 GMT
2 < Server: Microsoft-IIS/10.0
2 < X-Powered-By: ASP.NET
2 < Content-Length: 16665
2 < Connection: keep-alive
[
  {
    "Name": "Chain actuator D4 600",
    "Bezeichnung": "Kettenantrieb D4 600",
    "ConfigurationId": "00000000-0000-0000-0000-000000000000",
    "Description": "",
    "Application": "Facade",
    "ApplicationFacade": true,
    "ApplicationSkylight": false,
    "Type": 1,
    "OpeningType": 0,
    "BottomHungInward": true,
    "BottomHungOutward": false,
    "SideHungInward": true,
    "SideHungOutward": false,
    "TopHungInward": false,
    "TopHungOutward": true,
    "ProjectedTopHungInward": false,
    "ProjectedTopHungOutward": false,
    "InstallationType": "",
    "ITMainOutFrmMountWBracket": true,
    "ITMainFixOutFrmMount": true,
    "ITMainVentFrmMount": true,
    "ITSideMount50": false,
    "ITSideMount60": false,
    "ITSideMount70": false,
    "ITSideMount80": false,
    "ITSideMount67": true,
    "Feature": "",
    "FeatureOpenClose": true,
    "FeatureLock": true,
    "ArticleNumber": 291708,
    "Stroke": 600,
    "Angle": 0,
    "Voltage": "24 V DC",
    "Voltage24": true,
    "Voltage230": false,
    "RatedCurrent": 1,
    "BreakingCurrent": 1,
    "PullingForceMax": 400,
    "PushingForceMax": 100,
    "PullingForceMaxWithNegativeWind": 0,
    "PushingForceMaxWithNegativeWind": 0,
    "PushingForcePermanent": 66.67,
    "PullingForcePermanent": 400,
    "MinPullingForceMax": -73.11,
    "MinPushingForceMax": 0,
    "MinPullingForcePermanent": -162.91,
    "MinPushingForcePermanent": 0,
    "Price": 282.19,
    "DriveLength": 665,
    "ChainDrive": 765,
    "ChainDrive2": 1490,
    "MaxLengthMainClosingEdge1Drive": 1850,
    "MaxGeometricArea": 1,
    "GeometricalSmokeExhaustion": 0,
    "TotalGlassThickness": 14,
    "Dimensions": 0,
    "DimensionsWxHxD": "665 x 24 x 35",
    "TensileForce": 0,
    "LockingForce": 0,
    "Details_DE": "<ul><li>Bemessungsspannung: 24 V DC (19 V … 28 V)</li> <li>Abschaltstrom: 1,2 A</li> <li>Bemessungsstrom: 0,9 A</li> <li>Bemessungsaufnahme: 22 W</li> <li>Schutzart: IP 32</li> <li>Zug-/Schubkraft: max. 400 N</li> <li>Umgebungstemperatur: -5°C bis + 60°C</li> <li>Anschlussleitung: Halogenfrei, grau 5 x 0,5mm², ~3m</li> <li>Max. Geschwindigkeit: 13,5 mm/s</li></ul>",
    "Details_EN": "<ul><li>Rated voltage: 24 V DC (19 V … 28 V)</li> <li>Breaking current: 1.2 A</li><li>Rated current: 0.9 A</li><li>Rated consumption: 22 W</li><li>Protection rating: IP 32</li><li>Traction/ thrust: max. 400 N</li><li>Ambient temperature: -5° C to +60° C</li><li>Connecting cable: halogen-free, grey, 5 x 0.5 mm², ~ 3 m</li><li>Max. speed: 13,5 mm/s </li></ul>",
    "Einsatz": "<ul><li>Anwendung: Lüftung, NRA</li> <li>Integrierte intelligente Regelelektronik</li> <li>Rückmeldung Endlage „ZU“ (max. 24 V, 500 mA)</li> </ul>",
    "Use": "<ul><li>Application: ventilation, natural smoke ventilation</li> <li>Integrated intelligent control electronics</li> <li>Response for “CLOSED” end position (max. 24 V, 500 mA)</li> </ul>",
    "Ausstattung": "<ul><li>Zusätzlicher Universal-Steckersatz für Mehrfachbetrieb bis zu 4 Antrieben und 2 Verriegelungsantrieben</li></ul>",
    "Equipment": "<ul><li>Additional universal plug socket for multiplex operation of up to 4 drives and 2 interlocking drives</li></ul>",
    "Optionen": "<ul><li>Programmierung von Sonderfunktionen</li> <li>Programmierbare Rückmeldung Endlage „AUF“ (max. 24 V, 500 mA)</li> <li>Schüco Kontroller zur automatischen Konfiguration von Synchronlauf und Folgesteuerungen mit Verriegelungsantrieben in Antriebs-Verbundsystemen</li> </ul>",
    "Options": "<ul><li>Programming of special functions</li> <li>Programmable response for “OPEN” end position (max. 24 V, 500 mA)</li> <li>Schüco controller for automatic configuration of synchronous running and sequence control with locking drives in composite drive systems</li> </ul>",
    "IsTwoPce": false,
    "ResultVentWeight": 77.26,
    "IsLsRsDrive": true,
    "ArticleNumberRs": 291707,
    "TwoDrivesSideInstallation50": 0,
    "TwoDrivesSideInstallation60": 0,
    "TwoDrivesSideInstallation70": 0,
    "TwoDrivesSideInstallation80": 0,
    "OpeningSpeedmms": 0,
    "Traction": 400,
    "Thrust": 100,
    "Id": "fcff08f9-981e-47bb-8f19-91cb4dc64404",
    "CreatedOn": "2024-09-26T13:55:26.817Z",
    "CreatedBy": "",
    "ModifiedOn": "2024-09-26T13:55:26.817Z",
    "ModifiedBy": ""
  },
  {
    "Name": "Chain actuator D6 600",
    "Bezeichnung": "Kettenantrieb D6 600",
    "ConfigurationId": "00000000-0000-0000-0000-000000000000",
    "Description": "",
    "Application": "Facade",
    "ApplicationFacade": true,
    "ApplicationSkylight": true,
    "Type": 1,
    "OpeningType": 0,
    "BottomHungInward": true,
    "BottomHungOutward": true,
    "SideHungInward": true,
    "SideHungOutward": true,
    "TopHungInward": false,
    "TopHungOutward": true,
    "ProjectedTopHungInward": false,
    "ProjectedTopHungOutward": true,
    "InstallationType": "",
    "ITMainOutFrmMountWBracket": true,
    "ITMainFixOutFrmMount": false,
    "ITMainVentFrmMount": true,
    "ITSideMount50": false,
    "ITSideMount60": false,
    "ITSideMount70": false,
    "ITSideMount80": false,
    "ITSideMount67": true,
    "Feature": "",
    "FeatureOpenClose": true,
    "FeatureLock": true,
    "ArticleNumber": 291716,
    "Stroke": 600,
    "Angle": 0,
    "Voltage": "24 V DC",
    "Voltage24": true,
    "Voltage230": false,
    "RatedCurrent": 1,
    "BreakingCurrent": 1,
    "PullingForceMax": 600,
    "PushingForceMax": 600,
    "PullingForceMaxWithNegativeWind": 0,
    "PushingForceMaxWithNegativeWind": 0,
    "PushingForcePermanent": 400,
    "PullingForcePermanent": 600,
    "MinPullingForceMax": -73.11,
    "MinPushingForceMax": 0,
    "MinPullingForcePermanent": -162.91,
    "MinPushingForcePermanent": 0,
    "Price": 374.18,
    "DriveLength": 693,
    "ChainDrive": 793,
    "ChainDrive2": 1546,
    "MaxLengthMainClosingEdge1Drive": 1920,
    "MaxGeometricArea": 1,
    "GeometricalSmokeExhaustion": 0,
    "TotalGlassThickness": 14,
    "Dimensions": 0,
    "DimensionsWxHxD": "693 x 40 x 56",
    "TensileForce": 0,
    "LockingForce": 0,
    "Details_DE": "<ul> <li>Bemessungsspannung: 24 V DC (19 V … 28 V)</li> <li>Abschaltstrom: 1,2 A</li> <li>Bemessungsstrom: 0,9 A</li> <li>Bemessungsaufnahme: 22 W</li> <li>Schutzart: IP 32</li> <li>Zug-/Schubkraft: max. 600 N</li> <li>Umgebungstemperatur: -5°C bis + 60°C</li> <li>Anschlussleitung: Halogenfrei, grau 5 x 0,5mm², ~3m</li> <li>Max. Geschwindigkeit: 13,5 mm/s</li> </ul>",
    "Details_EN": "<ul> <li>Rated voltage: 24 V DC (19 V … 28 V)</li><li>Breaking current: 1.2 A</li><li>Rated current: 0.9 A</li><li>Rated consumption: 22W</li><li>Protection rating: IP 32</li><li>Traction/ thrust: max. 600 N</li><li>Ambient temperature: -5° C to +60° C</li><li>Connecting cable: halogen-free, grey 3 x 0,5mm², ~3m</li><li>Max. speed: 13,5 mm/s</li></ul>",
    "Einsatz": "<ul><li>Anwendung: Lüftung, NRA</li> <li>Integrierte intelligente Regelelektronik</li></ul>",
    "Use": "<ul><li>Application: ventilation, natural smoke ventilation</li> <li>Integrated intelligent control electronics</li> </ul>",
    "Ausstattung": "<ul><li>Zusätzlicher Universal-Steckersatz für Mehrfachbetrieb bis zu 4 Antrieben und 2 Verriegelungsantrieben</li></ul>",
    "Equipment": "<ul><li>Additional universal plug socket for multiplex operation  of up to 4 drives and 2 interlocking drives</li></ul>",
    "Optionen": "<ul><li>Programmierung von Sonderfunktionen</li> <li>Programmierbare Rückmeldung Endlage „AUF“ (max. 24 V, 500 mA)</li> <li>Schüco Kontroller zur automatischen Konfiguration von Synchronlauf und Folgesteuerungen mit Verriegelungsantrieben in Antriebs-Verbundsystemen</li> </ul>",
    "Options": "<ul><li>Programming of special functions</li> <li>Programmable response for “OPEN” end position (max. 24 V, 500 mA)</li> <li>Schüco controller for automatic configuration of synchronous running and sequence control with locking drives in composite drive systems</li> </ul>",
    "IsTwoPce": false,
    "ResultVentWeight": 77.26,
    "IsLsRsDrive": false,
    "ArticleNumberRs": 0,
    "TwoDrivesSideInstallation50": 0,
    "TwoDrivesSideInstallation60": 0,
    "TwoDrivesSideInstallation70": 0,
    "TwoDrivesSideInstallation80": 0,
    "OpeningSpeedmms": 0,
    "Traction": 600,
    "Thrust": 600,
    "Id": "3cae6110-7870-4645-8094-e12449f27b1f",
    "CreatedOn": "2024-09-26T13:55:26.817Z",
    "CreatedBy": "",
    "ModifiedOn": "2024-09-26T13:55:26.817Z",
    "ModifiedBy": ""
  },
  {
    "Name": "Chain actuator TWIN D2 L600",
    "Bezeichnung": "Kettenantrieb TWIN D2 L600",
    "ConfigurationId": "00000000-0000-0000-0000-000000000000",
    "Description": "",
    "Application": "Facade",
    "ApplicationFacade": true,
    "ApplicationSkylight": false,
    "Type": 1,
    "OpeningType": 0,
    "BottomHungInward": true,
    "BottomHungOutward": false,
    "SideHungInward": false,
    "SideHungOutward": false,
    "TopHungInward": false,
    "TopHungOutward": true,
    "ProjectedTopHungInward": false,
    "ProjectedTopHungOutward": false,
    "InstallationType": "",
    "ITMainOutFrmMountWBracket": true,
    "ITMainFixOutFrmMount": true,
    "ITMainVentFrmMount": true,
    "ITSideMount50": false,
    "ITSideMount60": false,
    "ITSideMount70": false,
    "ITSideMount80": false,
    "ITSideMount67": false,
    "Feature": "",
    "FeatureOpenClose": true,
    "FeatureLock": true,
    "ArticleNumber": 291774,
    "Stroke": 600,
    "Angle": 0,
    "Voltage": "24 V DC",
    "Voltage24": true,
    "Voltage230": false,
    "RatedCurrent": 1,
    "BreakingCurrent": 2,
    "PullingForceMax": 500,
    "PushingForceMax": 200,
    "PullingForceMaxWithNegativeWind": 0,
    "PushingForceMaxWithNegativeWind": 0,
    "PushingForcePermanent": 133.33,
    "PullingForcePermanent": 500,
    "MinPullingForceMax": -73.11,
    "MinPushingForceMax": 0,
    "MinPullingForcePermanent": -162.91,
    "MinPushingForcePermanent": 0,
    "Price": 532.67,
    "DriveLength": 1060,
    "ChainDrive": 1160,
    "ChainDrive2": 0,
    "MaxLengthMainClosingEdge1Drive": 1650,
    "MaxGeometricArea": 1,
    "GeometricalSmokeExhaustion": 0,
    "TotalGlassThickness": 14,
    "Dimensions": 0,
    "DimensionsWxHxD": "1060 x 26 x 41",
    "TensileForce": 0,
    "LockingForce": 0,
    "Details_DE": "<ul><li>Bemessungsspannung: 24 V DC (19 V … 28 V)</li> <li>Abschaltstrom: 2,0 A</li> <li>Bemessungsstrom: 1,4 A</li> <li>Bemessungsaufnahme: 34 W</li> <li>Schutzart: IP 32</li> <li>Zug-/Schubkraft: max. 500 N</li> <li>Umgebungstemperatur: -5°C bis + 60°C</li> <li>Anschlussleitung: Halogenfrei, grau 3 x 0,5mm², ~3m</li> <li>Max. Geschwindigkeit: 12 mm/s</li> </ul>",
    "Details_EN": "<ul><li>Rated voltage: 24 V DC (19 V … 28 V)</li><li>Breaking current: 2.0 A</li><li>Rated current: 1.4 A</li><li>Rated consumption: 34 W</li><li>Protection rating: IP 32</li><li>Traction/ thrust: max. 500 N</li><li>Ambient temperature: -5°C bis + 60°C</li><li>Connecting cable: halogen-free, grey 3 x 0,5mm², ~3m</li><li>Max. speed: 12 mm/s</li></ul>",
    "Einsatz": "<ul><li>Anwendung: Lüftung, NRA</li> <li>Integrierte intelligente Regelelektronik</li> <li>Rückmeldung Endlage „ZU“ (max. 24 V, 500 mA)</li> </ul>",
    "Use": "<ul><li>Application: ventilation, natural smoke ventilation</li> <li>Integrated intelligent control electronics</li> <li>Response for \"CLOSED\" end position (max. 24 V, 500 mA)</li> </ul>",
    "Ausstattung": null,
    "Equipment": null,
    "Optionen": "<ul><li>Programmierung von Sonderfunktionen</li> <li>Programmierbare Rückmeldung Endlage „AUF“ (max. 24 V, 500 mA)</li> <li>Schüco Kontroller zur automatischen Konfiguration von Synchronlauf und Folgesteuerungen mit Verriegelungsantrieb in Antriebs-Verbundsystem</li> </ul>",
    "Options": "<ul><li>Programming of special functions</li> <li>Programmable response for \"OPEN\" end position (max. 24 V, 500 mA)</li> <li>Schüco controller for automatic configuration of synchronous running and sequence control with locking drives in composite drive systems</li> </ul>",
    "IsTwoPce": false,
    "ResultVentWeight": 77.26,
    "IsLsRsDrive": false,
    "ArticleNumberRs": 0,
    "TwoDrivesSideInstallation50": 0,
    "TwoDrivesSideInstallation60": 0,
    "TwoDrivesSideInstallation70": 0,
    "TwoDrivesSideInstallation80": 0,
    "OpeningSpeedmms": 0,
    "Traction": 500,
    "Thrust": 200,
    "Id": "e894c2ec-1e80-4d24-8c80-a383a582ab2a",
    "CreatedOn": "2024-09-26T13:55:26.817Z",
    "CreatedBy": "",
    "ModifiedOn": "2024-09-26T13:55:26.817Z",
    "ModifiedBy": ""
  },
  {
    "Name": "Locking actuator EasyConnect ow",
    "Bezeichnung": "Verriegelungsantrieb EasyConnect ow",
    "ConfigurationId": "00000000-0000-0000-0000-000000000000",
    "Description": "",
    "Application": "",
    "ApplicationFacade": true,
    "ApplicationSkylight": false,
    "Type": 5,
    "OpeningType": 0,
    "BottomHungInward": false,
    "BottomHungOutward": false,
    "SideHungInward": false,
    "SideHungOutward": true,
    "TopHungInward": false,
    "TopHungOutward": true,
    "ProjectedTopHungInward": false,
    "ProjectedTopHungOutward": true,
    "InstallationType": "",
    "ITMainOutFrmMountWBracket": true,
    "ITMainFixOutFrmMount": false,
    "ITMainVentFrmMount": false,
    "ITSideMount50": false,
    "ITSideMount60": false,
    "ITSideMount70": false,
    "ITSideMount80": false,
    "ITSideMount67": false,
    "Feature": "",
    "FeatureOpenClose": true,
    "FeatureLock": false,
    "ArticleNumber": 291589,
    "Stroke": 0,
    "Angle": 0,
    "Voltage": null,
    "Voltage24": true,
    "Voltage230": true,
    "RatedCurrent": 0,
    "BreakingCurrent": 0,
    "PullingForceMax": 0,
    "PushingForceMax": 0,
    "PullingForceMaxWithNegativeWind": 0,
    "PushingForceMaxWithNegativeWind": 0,
    "PushingForcePermanent": 0,
    "PullingForcePermanent": 0,
    "MinPullingForceMax": 0,
    "MinPushingForceMax": 0,
    "MinPullingForcePermanent": 0,
    "MinPushingForcePermanent": 0,
    "Price": 0,
    "DriveLength": 0,
    "ChainDrive": 0,
    "ChainDrive2": 0,
    "MaxLengthMainClosingEdge1Drive": 0,
    "MaxGeometricArea": 0,
    "GeometricalSmokeExhaustion": 0,
    "TotalGlassThickness": 0,
    "Dimensions": 0,
    "DimensionsWxHxD": "375 x 24 x 35",
    "TensileForce": 0,
    "LockingForce": 0,
    "Details_DE": "<ul> <li>Bemessungsspannung: 24 V DC (19 V … 28 V)</li> <li>Abschaltstrom: ~1,0 A</li> <li>Bemessungsstrom: 0,6 A</li> <li>Bemessungsaufnahme: 15 W</li> <li>Schutzart: IP 32</li><li>Zug-/Schubkraft: max. 600 N</li> <li>Umgebungstemperatur: -5°C bis + 60°C</li> <li>Anschlussleitung: Halogenfrei, grau 5 x 0,5mm² , ~5m</li> <li>Laufzeit: ~ 5s</li><li>Hub: ~ 18mm</li> </ul>",
    "Details_EN": "<ul> <li>Rated voltage : 24 V DC (19 V … 28 V</li> <li>Breaking current : ~1,0 A</li> <li>Rated current : 0,6 A</li> <li>Rated consumption : 15 W</li> <li>Protection rating : IP 32</li><li>Traction/ thrust : max. 600 N</li> <li>Ambient temperature: -5°C bis + 60°C</li> <li>Connecting cable: halogen-free, grey 5 x 0,5mm² , ~5m</li> <li>Running time: ~ 5s</li><li>Stroke: ~ 18mm</li> </ul>",
    "Einsatz": "<ul> <li>Anwendung: Lüftung, NRA</li><li>Integrierte intelligente Regelelektronik</li></ul>",
    "Use": "<ul> <li>Application: ventilation, natural smoke ventilation</li> <li>Integrated intelligent control electronics</li></ul>",
    "Ausstattung": "<ul><li>Laufrichtung einstellbar</li><li>Zusätzlicher Universal-Steckersatz</li></ul>",
    "Equipment": "<ul><li>Running direction adjustable</li><li>Additional universal plug socket</li></ul>",
    "Optionen": "<ul> <li>Mitnehmer objekt-/profilspezifisch anpassbar</li></ul>",
    "Options": "<ul> <li>Coupling adapter customizable for project-/profile-specific demands</li></ul>",
    "IsTwoPce": false,
    "ResultVentWeight": 0,
    "IsLsRsDrive": false,
    "ArticleNumberRs": 0,
    "TwoDrivesSideInstallation50": 0,
    "TwoDrivesSideInstallation60": 0,
    "TwoDrivesSideInstallation70": 0,
    "TwoDrivesSideInstallation80": 0,
    "OpeningSpeedmms": 0,
    "Traction": 0,
    "Thrust": 0,
    "Id": "ebe9753c-e5d7-4140-afe0-9f98bf25df99",
    "CreatedOn": "2024-09-26T13:55:26.817Z",
    "CreatedBy": "",
    "ModifiedOn": "2024-09-26T13:55:26.817Z",
    "ModifiedBy": ""
  }
]

13:53:08.248 [main] INFO  com.intuit.karate - Expected RecommDrive: Chain actuator D4 600,Chain actuator D6 600,Chain actuator TWIN D2 L600,Locking actuator EasyConnect ow 
13:53:08.249 [main] INFO  com.intuit.karate - Actual RecommDrive: Chain actuator D4 600, Chain actuator D6 600, Chain actuator TWIN D2 L600, Locking actuator EasyConnect ow 
13:53:08.249 [main] INFO  com.intuit.karate - Normalized Actual RecommDrive: Chain actuator D4 600,Chain actuator D6 600,Chain actuator TWIN D2 L600,Locking actuator EasyConnect ow 
13:53:08.249 [main] INFO  com.intuit.karate - Normalized Expected RecommDrive: Chain actuator D4 600,Chain actuator D6 600,Chain actuator TWIN D2 L600,Locking actuator EasyConnect ow 
13:53:08.250 [main] INFO  com.intuit.karate - All Drive IDs: [
  "fcff08f9-981e-47bb-8f19-91cb4dc64404",
  "3cae6110-7870-4645-8094-e12449f27b1f",
  "e894c2ec-1e80-4d24-8c80-a383a582ab2a",
  "ebe9753c-e5d7-4140-afe0-9f98bf25df99"
]
 
13:53:08.251 [main] INFO  com.intuit.karate - First Drive ID: fcff08f9-981e-47bb-8f19-91cb4dc64404 
13:53:08.252 [main] DEBUG com.intuit.karate - request:
3 > POST https://dev-drivetec-apis.schuecodigitalsolutions.com/api/Drives/DownloadPDFNew/Schuco
3 > Content-Type: application/json; charset=UTF-8
3 > Content-Length: 1194
3 > Host: dev-drivetec-apis.schuecodigitalsolutions.com
3 > Connection: Keep-Alive
3 > User-Agent: Apache-HttpClient/4.5.14 (Java/17.0.12)
3 > Accept-Encoding: gzip,deflate
[{"Id":"configId","Header":"configId","Value":"dfbe0b98-6dd3-4f5b-88b8-42fac235fa83"},{"Id":"driveId","Header":"driveId","Value":"fcff08f9-981e-47bb-8f19-91cb4dc64404"},{"Id":"culture","Header":"culture","Value":"EN-US"},{"Id":"projectId","Header":"projectId","Value":"2afcf090-6588-4022-aa5e-49fca51f940e"},{"Id":"range-of-app","Header":"Range of application","Value":"Façade"},{"Id":"opening-type","Header":"Opening type","Value":"Bottom-hung vent"},{"Id":"opening-direction","Header":"Opening direction","Value":"Inward"},{"Id":"how-calc-weight","Header":"Vent weight","Value":"Weight including glass"},{"Id":"Chain-Length","Header":"Chain- \/ connecting rod handle","Value":"100%"},{"Id":"drive-position","Header":"Drive position","Value":"Side installation"},{"Id":"locking-mechanism","Header":"Locking mechanism","Value":"With"},{"Id":"voltage","Header":"Voltage","Value":"24 V"},{"Id":"drive-type","Header":"Drive type","Value":"Chain drive"},{"Id":"type-installation","Header":"Type of installation","Value":"Pivoting Outer Frame Installation"},{"Id":"calculation-type-for-ventilation-area","Header":"Calculation type for ventilation area","Value":"Method in accordance with ASR 3.6"}]

13:53:09.686 [main] DEBUG com.intuit.karate - response time in milliseconds: 1432
3 < 200
3 < Content-Type: application/json; charset=utf-8
3 < Date: Thu, 05 Dec 2024 08:23:06 GMT
3 < Server: Microsoft-IIS/10.0
3 < X-Powered-By: ASP.NET
3 < Content-Length: 276
3 < Connection: keep-alive
{
  "result": "https://drive-tec-dev.s3.amazonaws.com/AUT_TPJ33518-Chain_actuator_D4_600.pdf?AWSAccessKeyId=AKIAZAWIART4ZFAXXPHK&Expires=1733390587&response-content-disposition=attachment%3B&response-content-type=application%2Fpdf&Signature=CMBab6vAysZtugy4ogtm6JEL6R8%3D"
}

13:53:09.686 [main] INFO  com.intuit.karate - Download URL for first driveId: https://drive-tec-dev.s3.amazonaws.com/AUT_TPJ33518-Chain_actuator_D4_600.pdf?AWSAccessKeyId=AKIAZAWIART4ZFAXXPHK&Expires=1733390587&response-content-disposition=attachment%3B&response-content-type=application%2Fpdf&Signature=CMBab6vAysZtugy4ogtm6JEL6R8%3D 
13:53:09.691 [main] INFO  com.intuit.karate - karate.env system property was: null 
13:53:09.693 [main] INFO  com.intuit.karate - Running test for dataset:  Dataset16 
13:53:09.697 [main] INFO  com.intuit.karate - Using ProjectId:  {
  "result": {
    "projectId": "prjId"
  },
  "projectPayload": {
    "Id": "579816e4-6653-4794-b435-a885f32e28d7",
    "Name": "AUT_TPJ33518",
    "Address": "Hyderabad, Telangana, India",
    "Description": "",
    "CreatedBy": "579816e4-6653-4794-b435-a885f32e28d7",
    "ModifiedBy": "579816e4-6653-4794-b435-a885f32e28d7"
  },
  "uniqueName": "AUT_TPJ33518",
  "responseHeaders": {
    "Content-Type": [
      "application/json; charset=utf-8"
    ],
    "Date": [
      "Thu, 05 Dec 2024 08:22:12 GMT"
    ],
    "Server": [
      "Microsoft-IIS/10.0"
    ],
    "X-Powered-By": [
      "ASP.NET"
    ],
    "transfer-encoding": [
      "chunked"
    ],
    "Connection": [
      "keep-alive"
    ],
    "Set-Cookie": [
    ]
  },
  "responseTime": 841,
  "response": {
    "Name": "AUT_TPJ33518",
    "Description": "",
    "Address": "Hyderabad, Telangana, India",
    "Id": "2afcf090-6588-4022-aa5e-49fca51f940e",
    "CreatedOn": "2024-12-05T08:22:11.998251+00:00",
    "CreatedBy": "579816e4-6653-4794-b435-a885f32e28d7",
    "ModifiedOn": "2024-12-05T08:22:11.9982526+00:00",
    "ModifiedBy": ""
  },
  "responseStatus": 200,
  "prjId": "2afcf090-6588-4022-aa5e-49fca51f940e",
  "projectId": "2afcf090-6588-4022-aa5e-49fca51f940e"
}
 
13:53:09.700 [main] DEBUG com.intuit.karate - request:
1 > POST https://dev-drivetec-apis.schuecodigitalsolutions.com/Configurations
1 > Content-Type: application/json; charset=UTF-8
1 > Content-Length: 1275
1 > Host: dev-drivetec-apis.schuecodigitalsolutions.com
1 > Connection: Keep-Alive
1 > User-Agent: Apache-HttpClient/4.5.14 (Java/17.0.12)
1 > Accept-Encoding: gzip,deflate
{"Id":"00000000-0000-0000-0000-000000000000","ProjectId":"2afcf090-6588-4022-aa5e-49fca51f940e","Name":"Dataset9698","Description":"Dataset9698","CustomTags":"","CreatedBy":"579816e4-6653-4794-b435-a885f32e28d7","ModifiedBy":"579816e4-6653-4794-b435-a885f32e28d7","ApplicationName":1,"System":"","FacadeInclination":0,"OpeningType":1,"OpeningDirection":1,"OpeningWidth":1000,"VentOuterWidth":1230,"VentOuterHeight":1480,"VentWeight":70,"CalculateWeightWithGlass":false,"WeightIncGlassOrThickness":false,"GlassThickness":14,"ProfileWeightPerSerialMeter":2.5,"IsWindowOpeningCalculationByAngle":1,"RequiredOpeningStroke":400,"OpeningAngle":15,"WindLoad":120,"SnowLoad":0,"DrivePosition":2,"InstallationPosition":1,"ChainLengthConnectingRodHandle":5,"LockingMechanism":1,"Voltage":1,"DriveType":1,"TypeOfInstallation":2,"CalculationTypeForVentilation":1,"CalcVentilation":1,"GeometricArea":1,"SpecificExhaustDimension":30,"BuildingDepth":75,"RevealDepth":0,"RevealDepthRectangleAngle1":0,"RevealDepthRectangleAngle2":0,"HeightOfProfile":0,"HeightProfileRectangleAngle1":0,"HeightProfileRectangleAngle2":0,"AkippOrAtilt":0,"AdrehOrAturn":0,"Ageo":0,"MinPullingForceMax":0,"MinPushingForceMax":0,"MinPullingForcePermanent":0,"MinPushingForcePermanent":0,"ForceWithNegativeWind":0}

13:53:10.298 [main] DEBUG com.intuit.karate - response time in milliseconds: 597
1 < 200
1 < Content-Type: application/json; charset=utf-8
1 < Date: Thu, 05 Dec 2024 08:23:07 GMT
1 < Server: Microsoft-IIS/10.0
1 < X-Powered-By: ASP.NET
1 < Content-Length: 2031
1 < Connection: keep-alive
{
  "ProjectId": "2afcf090-6588-4022-aa5e-49fca51f940e",
  "Name": "Dataset9698",
  "Description": "Dataset9698",
  "CustomTags": "",
  "ApplicationName": 1,
  "OpeningType": 1,
  "OpeningDirection": 1,
  "CalculateWeightWithGlass": false,
  "WindLoad": 120,
  "IsWindowOpeningCalculationByAngle": 1,
  "VentOuterWidth": 1230,
  "VentOuterHeight": 1480,
  "WeightIncGlassOrThickness": false,
  "VentWeight": 77,
  "VentWeightExact": 77.26400000000001,
  "GlassThickness": 14,
  "ProfileWeightPerSerialMeter": 2.5,
  "FacadeInclination": 0,
  "ChainLengthConnectingRodHandle": 5,
  "ChainLenghtConnectingRodHandle": 0,
  "RequiredOpeningStroke": 400,
  "OpeningWidth": 1000,
  "OpeningAngle": 15.532868337024489,
  "SpecificExhaustDimension": 30,
  "BuildingDepth": 75,
  "SnowLoad": 0,
  "DistanceHinge": 0,
  "RatedCurrent": 0,
  "DrivePosition": 2,
  "LockingMechanism": 1,
  "Voltage": 1,
  "DriveType": 1,
  "TypeOfInstallation": 2,
  "GeometricArea": 0,
  "CalculationTypeForVentilation": 1,
  "HeightOfProfile": 0,
  "Reveal": 0,
  "RevealDepth": 0,
  "HeightProfileRectangleAngle1": 0,
  "HeightProfileRectangleAngle2": 0,
  "RevealDepthRectangleAngle1": 0,
  "RevealDepthRectangleAngle2": 0,
  "RevealDepthRectangleAngle12": 0,
  "InstallationPosition": 0,
  "RecommendedDriveArticleNo": 0,
  "System": "",
  "AkippOrAtilt": 1.084,
  "AdrehOrAturn": 1.8204,
  "Ageo": 1.084,
  "MinPullingForceMax": -206.4868442161654,
  "MinPushingForceMax": -206.4868442161654,
  "MinPullingForcePermanent": -104.11163259218097,
  "MinPushingForcePermanent": -104.11163259218097,
  "ForceWithNegativeWind": 109.53156767199486,
  "ForceWithNoWindMin": 0.30763693489047433,
  "ForceWithNegativeWindMin": 0,
  "ForceWithWindMin": -108.91629380221393,
  "Id": "03c3dce1-9886-40fb-926b-edede98c051e",
  "CreatedOn": "2024-12-05T08:23:07.8113471+00:00",
  "CreatedBy": "579816e4-6653-4794-b435-a885f32e28d7",
  "ModifiedOn": "2024-12-05T08:23:07.811348+00:00",
  "ModifiedBy": ""
}

13:53:10.300 [main] INFO  com.intuit.karate - Generated Config ID: 03c3dce1-9886-40fb-926b-edede98c051e 
13:53:10.300 [main] INFO  com.intuit.karate - Generated Name: Dataset9698 
13:53:10.301 [main] INFO  com.intuit.karate - Generated Description: Dataset9698 
13:53:10.307 [main] DEBUG com.intuit.karate - request:
1 > PUT https://dev-drivetec-apis.schuecodigitalsolutions.com/Configurations
1 > Content-Type: application/json; charset=UTF-8
1 > Content-Length: 1278
1 > Host: dev-drivetec-apis.schuecodigitalsolutions.com
1 > Connection: Keep-Alive
1 > User-Agent: Apache-HttpClient/4.5.14 (Java/17.0.12)
1 > Accept-Encoding: gzip,deflate
{"Id":"03c3dce1-9886-40fb-926b-edede98c051e","Name":"Dataset16","Description":"Dataset9698","ProjectId":"2afcf090-6588-4022-aa5e-49fca51f940e","CustomTags":"","CreatedBy":"579816e4-6653-4794-b435-a885f32e28d7","ModifiedBy":"579816e4-6653-4794-b435-a885f32e28d7","System":"","FacadeInclination":13,"OpeningType":2,"OpeningDirection":2,"OpeningWidth":1000,"VentOuterWidth":1230,"VentOuterHeight":1480,"VentWeight":0,"CalculateWeightWithGlass":false,"RequiredOpeningStroke":501,"WindLoad":120,"SnowLoad":0,"IsWindowOpeningCalculationByAngle":1,"GlassThickness":14,"ProfileWeightPerSerialMeter":2.5,"DrivePosition":1,"InstallationPosition":0,"LockingMechanism":1,"Voltage":1,"DriveType":1,"TypeOfInstallation":2,"GeometricArea":0,"CalcVentilation":2,"SpecificExhaustDimension":35,"BuildingDepth":65,"CalculationTypeForVentilation":2,"HeightOfProfile":200,"HeightProfileRectangleAngle1":0,"HeightProfileRectangleAngle2":0,"RevealDepth":1000,"RevealDepthRectangleAngle1":0,"RevealDepthRectangleAngle2":0,"ChainLengthConnectingRodHandle":5,"ApplicationName":1,"OpeningAngle":10,"WeightIncGlassOrThickness":false,"AkippOrAtilt":0,"AdrehOrAturn":0,"Ageo":0,"MinPullingForceMax":0,"MinPushingForceMax":0,"MinPullingForcePermanent":0,"MinPushingForcePermanent":0,"ForceWithNegativeWind":0}

13:53:10.897 [main] DEBUG com.intuit.karate - response time in milliseconds: 589
1 < 200
1 < Content-Type: application/json; charset=utf-8
1 < Date: Thu, 05 Dec 2024 08:23:07 GMT
1 < Server: Microsoft-IIS/10.0
1 < X-Powered-By: ASP.NET
1 < transfer-encoding: chunked
1 < Connection: keep-alive
{
  "ProjectId": "2afcf090-6588-4022-aa5e-49fca51f940e",
  "Name": "Dataset16",
  "Description": "Dataset9698",
  "CustomTags": "",
  "ApplicationName": 1,
  "OpeningType": 2,
  "OpeningDirection": 2,
  "CalculateWeightWithGlass": false,
  "WindLoad": 120,
  "IsWindowOpeningCalculationByAngle": 1,
  "VentOuterWidth": 1230,
  "VentOuterHeight": 1480,
  "WeightIncGlassOrThickness": false,
  "VentWeight": 77,
  "VentWeightExact": 77.26400000000001,
  "GlassThickness": 14,
  "ProfileWeightPerSerialMeter": 2.5,
  "FacadeInclination": 13,
  "ChainLengthConnectingRodHandle": 5,
  "ChainLenghtConnectingRodHandle": 0,
  "RequiredOpeningStroke": 501,
  "OpeningWidth": 1000,
  "OpeningAngle": 19.48921629278459,
  "SpecificExhaustDimension": 35,
  "BuildingDepth": 65,
  "SnowLoad": 0,
  "DistanceHinge": 0,
  "RatedCurrent": 0,
  "DrivePosition": 1,
  "LockingMechanism": 1,
  "Voltage": 1,
  "DriveType": 1,
  "TypeOfInstallation": 2,
  "GeometricArea": 0,
  "CalculationTypeForVentilation": 2,
  "HeightOfProfile": 200,
  "Reveal": 0,
  "RevealDepth": 1000,
  "HeightProfileRectangleAngle1": 0,
  "HeightProfileRectangleAngle2": 0,
  "RevealDepthRectangleAngle1": 0,
  "RevealDepthRectangleAngle2": 0,
  "RevealDepthRectangleAngle12": 0,
  "InstallationPosition": 0,
  "RecommendedDriveArticleNo": 0,
  "System": "",
  "AkippOrAtilt": 1.35771,
  "AdrehOrAturn": 1.8204,
  "Ageo": 0.6749039376946829,
  "MinPullingForceMax": 17.180489538673655,
  "MinPushingForceMax": 154.03917523147481,
  "MinPullingForcePermanent": -86.56000547305538,
  "MinPushingForcePermanent": -86.56000547305538,
  "ForceWithNegativeWind": -190.30050048478444,
  "ForceWithNoWindMin": 44.65449743451489,
  "ForceWithNegativeWindMin": -64.73018036244505,
  "ForceWithWindMin": 17.180489538673655,
  "Id": "03c3dce1-9886-40fb-926b-edede98c051e",
  "CreatedOn": "0001-01-01T00:00:00",
  "CreatedBy": "579816e4-6653-4794-b435-a885f32e28d7",
  "ModifiedOn": "2024-12-05T08:23:08.4264699+00:00",
  "ModifiedBy": "579816e4-6653-4794-b435-a885f32e28d7"
}

13:53:10.898 [main] INFO  com.intuit.karate - VentWeight from API Response: 77 
13:53:10.899 [main] INFO  com.intuit.karate - Rounded Opening Angle: 19.0 
13:53:10.899 [main] INFO  com.intuit.karate - Rounded Ageo: 0.67 
13:53:10.900 [main] INFO  com.intuit.karate - Rounded Required Opening Stroke: 501.0 
13:53:10.900 [main] INFO  com.intuit.karate - Rounded Vent Weight: 77.0 
13:53:10.903 [main] DEBUG com.intuit.karate - request:
2 > GET https://dev-drivetec-apis.schuecodigitalsolutions.com/Config/03c3dce1-9886-40fb-926b-edede98c051e/Drive
2 > Host: dev-drivetec-apis.schuecodigitalsolutions.com
2 > Connection: Keep-Alive
2 > User-Agent: Apache-HttpClient/4.5.14 (Java/17.0.12)
2 > Accept-Encoding: gzip,deflate


13:53:11.682 [main] DEBUG com.intuit.karate - response time in milliseconds: 777
2 < 200
2 < Content-Type: application/json; charset=utf-8
2 < Date: Thu, 05 Dec 2024 08:23:09 GMT
2 < Server: Microsoft-IIS/10.0
2 < X-Powered-By: ASP.NET
2 < Content-Length: 16662
2 < Connection: keep-alive
[
  {
    "Name": "Chain actuator D4 600",
    "Bezeichnung": "Kettenantrieb D4 600",
    "ConfigurationId": "00000000-0000-0000-0000-000000000000",
    "Description": "",
    "Application": "Facade",
    "ApplicationFacade": true,
    "ApplicationSkylight": false,
    "Type": 1,
    "OpeningType": 0,
    "BottomHungInward": true,
    "BottomHungOutward": false,
    "SideHungInward": true,
    "SideHungOutward": false,
    "TopHungInward": false,
    "TopHungOutward": true,
    "ProjectedTopHungInward": false,
    "ProjectedTopHungOutward": false,
    "InstallationType": "",
    "ITMainOutFrmMountWBracket": true,
    "ITMainFixOutFrmMount": true,
    "ITMainVentFrmMount": true,
    "ITSideMount50": false,
    "ITSideMount60": false,
    "ITSideMount70": false,
    "ITSideMount80": false,
    "ITSideMount67": true,
    "Feature": "",
    "FeatureOpenClose": true,
    "FeatureLock": true,
    "ArticleNumber": 291708,
    "Stroke": 600,
    "Angle": 0,
    "Voltage": "24 V DC",
    "Voltage24": true,
    "Voltage230": false,
    "RatedCurrent": 1,
    "BreakingCurrent": 1,
    "PullingForceMax": 400,
    "PushingForceMax": 100,
    "PullingForceMaxWithNegativeWind": 0,
    "PushingForceMaxWithNegativeWind": 0,
    "PushingForcePermanent": 66.67,
    "PullingForcePermanent": 400,
    "MinPullingForceMax": 0,
    "MinPushingForceMax": 154.04,
    "MinPullingForcePermanent": -86.56,
    "MinPushingForcePermanent": 0,
    "Price": 282.19,
    "DriveLength": 665,
    "ChainDrive": 765,
    "ChainDrive2": 1490,
    "MaxLengthMainClosingEdge1Drive": 1850,
    "MaxGeometricArea": 1,
    "GeometricalSmokeExhaustion": 0,
    "TotalGlassThickness": 14,
    "Dimensions": 0,
    "DimensionsWxHxD": "665 x 24 x 35",
    "TensileForce": 0,
    "LockingForce": 0,
    "Details_DE": "<ul><li>Bemessungsspannung: 24 V DC (19 V … 28 V)</li> <li>Abschaltstrom: 1,2 A</li> <li>Bemessungsstrom: 0,9 A</li> <li>Bemessungsaufnahme: 22 W</li> <li>Schutzart: IP 32</li> <li>Zug-/Schubkraft: max. 400 N</li> <li>Umgebungstemperatur: -5°C bis + 60°C</li> <li>Anschlussleitung: Halogenfrei, grau 5 x 0,5mm², ~3m</li> <li>Max. Geschwindigkeit: 13,5 mm/s</li></ul>",
    "Details_EN": "<ul><li>Rated voltage: 24 V DC (19 V … 28 V)</li> <li>Breaking current: 1.2 A</li><li>Rated current: 0.9 A</li><li>Rated consumption: 22 W</li><li>Protection rating: IP 32</li><li>Traction/ thrust: max. 400 N</li><li>Ambient temperature: -5° C to +60° C</li><li>Connecting cable: halogen-free, grey, 5 x 0.5 mm², ~ 3 m</li><li>Max. speed: 13,5 mm/s </li></ul>",
    "Einsatz": "<ul><li>Anwendung: Lüftung, NRA</li> <li>Integrierte intelligente Regelelektronik</li> <li>Rückmeldung Endlage „ZU“ (max. 24 V, 500 mA)</li> </ul>",
    "Use": "<ul><li>Application: ventilation, natural smoke ventilation</li> <li>Integrated intelligent control electronics</li> <li>Response for “CLOSED” end position (max. 24 V, 500 mA)</li> </ul>",
    "Ausstattung": "<ul><li>Zusätzlicher Universal-Steckersatz für Mehrfachbetrieb bis zu 4 Antrieben und 2 Verriegelungsantrieben</li></ul>",
    "Equipment": "<ul><li>Additional universal plug socket for multiplex operation of up to 4 drives and 2 interlocking drives</li></ul>",
    "Optionen": "<ul><li>Programmierung von Sonderfunktionen</li> <li>Programmierbare Rückmeldung Endlage „AUF“ (max. 24 V, 500 mA)</li> <li>Schüco Kontroller zur automatischen Konfiguration von Synchronlauf und Folgesteuerungen mit Verriegelungsantrieben in Antriebs-Verbundsystemen</li> </ul>",
    "Options": "<ul><li>Programming of special functions</li> <li>Programmable response for “OPEN” end position (max. 24 V, 500 mA)</li> <li>Schüco controller for automatic configuration of synchronous running and sequence control with locking drives in composite drive systems</li> </ul>",
    "IsTwoPce": false,
    "ResultVentWeight": 77.26,
    "IsLsRsDrive": true,
    "ArticleNumberRs": 291707,
    "TwoDrivesSideInstallation50": 0,
    "TwoDrivesSideInstallation60": 0,
    "TwoDrivesSideInstallation70": 0,
    "TwoDrivesSideInstallation80": 0,
    "OpeningSpeedmms": 0,
    "Traction": 400,
    "Thrust": 100,
    "Id": "fcff08f9-981e-47bb-8f19-91cb4dc64404",
    "CreatedOn": "2024-09-26T13:55:26.817Z",
    "CreatedBy": "",
    "ModifiedOn": "2024-09-26T13:55:26.817Z",
    "ModifiedBy": ""
  },
  {
    "Name": "Chain actuator D6 600",
    "Bezeichnung": "Kettenantrieb D6 600",
    "ConfigurationId": "00000000-0000-0000-0000-000000000000",
    "Description": "",
    "Application": "Facade",
    "ApplicationFacade": true,
    "ApplicationSkylight": true,
    "Type": 1,
    "OpeningType": 0,
    "BottomHungInward": true,
    "BottomHungOutward": true,
    "SideHungInward": true,
    "SideHungOutward": true,
    "TopHungInward": false,
    "TopHungOutward": true,
    "ProjectedTopHungInward": false,
    "ProjectedTopHungOutward": true,
    "InstallationType": "",
    "ITMainOutFrmMountWBracket": true,
    "ITMainFixOutFrmMount": false,
    "ITMainVentFrmMount": true,
    "ITSideMount50": false,
    "ITSideMount60": false,
    "ITSideMount70": false,
    "ITSideMount80": false,
    "ITSideMount67": true,
    "Feature": "",
    "FeatureOpenClose": true,
    "FeatureLock": true,
    "ArticleNumber": 291716,
    "Stroke": 600,
    "Angle": 0,
    "Voltage": "24 V DC",
    "Voltage24": true,
    "Voltage230": false,
    "RatedCurrent": 1,
    "BreakingCurrent": 1,
    "PullingForceMax": 600,
    "PushingForceMax": 600,
    "PullingForceMaxWithNegativeWind": 0,
    "PushingForceMaxWithNegativeWind": 0,
    "PushingForcePermanent": 400,
    "PullingForcePermanent": 600,
    "MinPullingForceMax": 0,
    "MinPushingForceMax": 154.04,
    "MinPullingForcePermanent": -86.56,
    "MinPushingForcePermanent": 0,
    "Price": 374.18,
    "DriveLength": 693,
    "ChainDrive": 793,
    "ChainDrive2": 1546,
    "MaxLengthMainClosingEdge1Drive": 1920,
    "MaxGeometricArea": 1,
    "GeometricalSmokeExhaustion": 0,
    "TotalGlassThickness": 14,
    "Dimensions": 0,
    "DimensionsWxHxD": "693 x 40 x 56",
    "TensileForce": 0,
    "LockingForce": 0,
    "Details_DE": "<ul> <li>Bemessungsspannung: 24 V DC (19 V … 28 V)</li> <li>Abschaltstrom: 1,2 A</li> <li>Bemessungsstrom: 0,9 A</li> <li>Bemessungsaufnahme: 22 W</li> <li>Schutzart: IP 32</li> <li>Zug-/Schubkraft: max. 600 N</li> <li>Umgebungstemperatur: -5°C bis + 60°C</li> <li>Anschlussleitung: Halogenfrei, grau 5 x 0,5mm², ~3m</li> <li>Max. Geschwindigkeit: 13,5 mm/s</li> </ul>",
    "Details_EN": "<ul> <li>Rated voltage: 24 V DC (19 V … 28 V)</li><li>Breaking current: 1.2 A</li><li>Rated current: 0.9 A</li><li>Rated consumption: 22W</li><li>Protection rating: IP 32</li><li>Traction/ thrust: max. 600 N</li><li>Ambient temperature: -5° C to +60° C</li><li>Connecting cable: halogen-free, grey 3 x 0,5mm², ~3m</li><li>Max. speed: 13,5 mm/s</li></ul>",
    "Einsatz": "<ul><li>Anwendung: Lüftung, NRA</li> <li>Integrierte intelligente Regelelektronik</li></ul>",
    "Use": "<ul><li>Application: ventilation, natural smoke ventilation</li> <li>Integrated intelligent control electronics</li> </ul>",
    "Ausstattung": "<ul><li>Zusätzlicher Universal-Steckersatz für Mehrfachbetrieb bis zu 4 Antrieben und 2 Verriegelungsantrieben</li></ul>",
    "Equipment": "<ul><li>Additional universal plug socket for multiplex operation  of up to 4 drives and 2 interlocking drives</li></ul>",
    "Optionen": "<ul><li>Programmierung von Sonderfunktionen</li> <li>Programmierbare Rückmeldung Endlage „AUF“ (max. 24 V, 500 mA)</li> <li>Schüco Kontroller zur automatischen Konfiguration von Synchronlauf und Folgesteuerungen mit Verriegelungsantrieben in Antriebs-Verbundsystemen</li> </ul>",
    "Options": "<ul><li>Programming of special functions</li> <li>Programmable response for “OPEN” end position (max. 24 V, 500 mA)</li> <li>Schüco controller for automatic configuration of synchronous running and sequence control with locking drives in composite drive systems</li> </ul>",
    "IsTwoPce": false,
    "ResultVentWeight": 77.26,
    "IsLsRsDrive": false,
    "ArticleNumberRs": 0,
    "TwoDrivesSideInstallation50": 0,
    "TwoDrivesSideInstallation60": 0,
    "TwoDrivesSideInstallation70": 0,
    "TwoDrivesSideInstallation80": 0,
    "OpeningSpeedmms": 0,
    "Traction": 600,
    "Thrust": 600,
    "Id": "3cae6110-7870-4645-8094-e12449f27b1f",
    "CreatedOn": "2024-09-26T13:55:26.817Z",
    "CreatedBy": "",
    "ModifiedOn": "2024-09-26T13:55:26.817Z",
    "ModifiedBy": ""
  },
  {
    "Name": "Chain actuator TWIN D2 L600",
    "Bezeichnung": "Kettenantrieb TWIN D2 L600",
    "ConfigurationId": "00000000-0000-0000-0000-000000000000",
    "Description": "",
    "Application": "Facade",
    "ApplicationFacade": true,
    "ApplicationSkylight": false,
    "Type": 1,
    "OpeningType": 0,
    "BottomHungInward": true,
    "BottomHungOutward": false,
    "SideHungInward": false,
    "SideHungOutward": false,
    "TopHungInward": false,
    "TopHungOutward": true,
    "ProjectedTopHungInward": false,
    "ProjectedTopHungOutward": false,
    "InstallationType": "",
    "ITMainOutFrmMountWBracket": true,
    "ITMainFixOutFrmMount": true,
    "ITMainVentFrmMount": true,
    "ITSideMount50": false,
    "ITSideMount60": false,
    "ITSideMount70": false,
    "ITSideMount80": false,
    "ITSideMount67": false,
    "Feature": "",
    "FeatureOpenClose": true,
    "FeatureLock": true,
    "ArticleNumber": 291774,
    "Stroke": 600,
    "Angle": 0,
    "Voltage": "24 V DC",
    "Voltage24": true,
    "Voltage230": false,
    "RatedCurrent": 1,
    "BreakingCurrent": 2,
    "PullingForceMax": 500,
    "PushingForceMax": 200,
    "PullingForceMaxWithNegativeWind": 0,
    "PushingForceMaxWithNegativeWind": 0,
    "PushingForcePermanent": 133.33,
    "PullingForcePermanent": 500,
    "MinPullingForceMax": 0,
    "MinPushingForceMax": 154.04,
    "MinPullingForcePermanent": -86.56,
    "MinPushingForcePermanent": 0,
    "Price": 532.67,
    "DriveLength": 1060,
    "ChainDrive": 1160,
    "ChainDrive2": 0,
    "MaxLengthMainClosingEdge1Drive": 1650,
    "MaxGeometricArea": 1,
    "GeometricalSmokeExhaustion": 0,
    "TotalGlassThickness": 14,
    "Dimensions": 0,
    "DimensionsWxHxD": "1060 x 26 x 41",
    "TensileForce": 0,
    "LockingForce": 0,
    "Details_DE": "<ul><li>Bemessungsspannung: 24 V DC (19 V … 28 V)</li> <li>Abschaltstrom: 2,0 A</li> <li>Bemessungsstrom: 1,4 A</li> <li>Bemessungsaufnahme: 34 W</li> <li>Schutzart: IP 32</li> <li>Zug-/Schubkraft: max. 500 N</li> <li>Umgebungstemperatur: -5°C bis + 60°C</li> <li>Anschlussleitung: Halogenfrei, grau 3 x 0,5mm², ~3m</li> <li>Max. Geschwindigkeit: 12 mm/s</li> </ul>",
    "Details_EN": "<ul><li>Rated voltage: 24 V DC (19 V … 28 V)</li><li>Breaking current: 2.0 A</li><li>Rated current: 1.4 A</li><li>Rated consumption: 34 W</li><li>Protection rating: IP 32</li><li>Traction/ thrust: max. 500 N</li><li>Ambient temperature: -5°C bis + 60°C</li><li>Connecting cable: halogen-free, grey 3 x 0,5mm², ~3m</li><li>Max. speed: 12 mm/s</li></ul>",
    "Einsatz": "<ul><li>Anwendung: Lüftung, NRA</li> <li>Integrierte intelligente Regelelektronik</li> <li>Rückmeldung Endlage „ZU“ (max. 24 V, 500 mA)</li> </ul>",
    "Use": "<ul><li>Application: ventilation, natural smoke ventilation</li> <li>Integrated intelligent control electronics</li> <li>Response for \"CLOSED\" end position (max. 24 V, 500 mA)</li> </ul>",
    "Ausstattung": null,
    "Equipment": null,
    "Optionen": "<ul><li>Programmierung von Sonderfunktionen</li> <li>Programmierbare Rückmeldung Endlage „AUF“ (max. 24 V, 500 mA)</li> <li>Schüco Kontroller zur automatischen Konfiguration von Synchronlauf und Folgesteuerungen mit Verriegelungsantrieb in Antriebs-Verbundsystem</li> </ul>",
    "Options": "<ul><li>Programming of special functions</li> <li>Programmable response for \"OPEN\" end position (max. 24 V, 500 mA)</li> <li>Schüco controller for automatic configuration of synchronous running and sequence control with locking drives in composite drive systems</li> </ul>",
    "IsTwoPce": false,
    "ResultVentWeight": 77.26,
    "IsLsRsDrive": false,
    "ArticleNumberRs": 0,
    "TwoDrivesSideInstallation50": 0,
    "TwoDrivesSideInstallation60": 0,
    "TwoDrivesSideInstallation70": 0,
    "TwoDrivesSideInstallation80": 0,
    "OpeningSpeedmms": 0,
    "Traction": 500,
    "Thrust": 200,
    "Id": "e894c2ec-1e80-4d24-8c80-a383a582ab2a",
    "CreatedOn": "2024-09-26T13:55:26.817Z",
    "CreatedBy": "",
    "ModifiedOn": "2024-09-26T13:55:26.817Z",
    "ModifiedBy": ""
  },
  {
    "Name": "Locking actuator EasyConnect ow",
    "Bezeichnung": "Verriegelungsantrieb EasyConnect ow",
    "ConfigurationId": "00000000-0000-0000-0000-000000000000",
    "Description": "",
    "Application": "",
    "ApplicationFacade": true,
    "ApplicationSkylight": false,
    "Type": 5,
    "OpeningType": 0,
    "BottomHungInward": false,
    "BottomHungOutward": false,
    "SideHungInward": false,
    "SideHungOutward": true,
    "TopHungInward": false,
    "TopHungOutward": true,
    "ProjectedTopHungInward": false,
    "ProjectedTopHungOutward": true,
    "InstallationType": "",
    "ITMainOutFrmMountWBracket": true,
    "ITMainFixOutFrmMount": false,
    "ITMainVentFrmMount": false,
    "ITSideMount50": false,
    "ITSideMount60": false,
    "ITSideMount70": false,
    "ITSideMount80": false,
    "ITSideMount67": false,
    "Feature": "",
    "FeatureOpenClose": true,
    "FeatureLock": false,
    "ArticleNumber": 291589,
    "Stroke": 0,
    "Angle": 0,
    "Voltage": null,
    "Voltage24": true,
    "Voltage230": true,
    "RatedCurrent": 0,
    "BreakingCurrent": 0,
    "PullingForceMax": 0,
    "PushingForceMax": 0,
    "PullingForceMaxWithNegativeWind": 0,
    "PushingForceMaxWithNegativeWind": 0,
    "PushingForcePermanent": 0,
    "PullingForcePermanent": 0,
    "MinPullingForceMax": 0,
    "MinPushingForceMax": 0,
    "MinPullingForcePermanent": 0,
    "MinPushingForcePermanent": 0,
    "Price": 0,
    "DriveLength": 0,
    "ChainDrive": 0,
    "ChainDrive2": 0,
    "MaxLengthMainClosingEdge1Drive": 0,
    "MaxGeometricArea": 0,
    "GeometricalSmokeExhaustion": 0,
    "TotalGlassThickness": 0,
    "Dimensions": 0,
    "DimensionsWxHxD": "375 x 24 x 35",
    "TensileForce": 0,
    "LockingForce": 0,
    "Details_DE": "<ul> <li>Bemessungsspannung: 24 V DC (19 V … 28 V)</li> <li>Abschaltstrom: ~1,0 A</li> <li>Bemessungsstrom: 0,6 A</li> <li>Bemessungsaufnahme: 15 W</li> <li>Schutzart: IP 32</li><li>Zug-/Schubkraft: max. 600 N</li> <li>Umgebungstemperatur: -5°C bis + 60°C</li> <li>Anschlussleitung: Halogenfrei, grau 5 x 0,5mm² , ~5m</li> <li>Laufzeit: ~ 5s</li><li>Hub: ~ 18mm</li> </ul>",
    "Details_EN": "<ul> <li>Rated voltage : 24 V DC (19 V … 28 V</li> <li>Breaking current : ~1,0 A</li> <li>Rated current : 0,6 A</li> <li>Rated consumption : 15 W</li> <li>Protection rating : IP 32</li><li>Traction/ thrust : max. 600 N</li> <li>Ambient temperature: -5°C bis + 60°C</li> <li>Connecting cable: halogen-free, grey 5 x 0,5mm² , ~5m</li> <li>Running time: ~ 5s</li><li>Stroke: ~ 18mm</li> </ul>",
    "Einsatz": "<ul> <li>Anwendung: Lüftung, NRA</li><li>Integrierte intelligente Regelelektronik</li></ul>",
    "Use": "<ul> <li>Application: ventilation, natural smoke ventilation</li> <li>Integrated intelligent control electronics</li></ul>",
    "Ausstattung": "<ul><li>Laufrichtung einstellbar</li><li>Zusätzlicher Universal-Steckersatz</li></ul>",
    "Equipment": "<ul><li>Running direction adjustable</li><li>Additional universal plug socket</li></ul>",
    "Optionen": "<ul> <li>Mitnehmer objekt-/profilspezifisch anpassbar</li></ul>",
    "Options": "<ul> <li>Coupling adapter customizable for project-/profile-specific demands</li></ul>",
    "IsTwoPce": false,
    "ResultVentWeight": 0,
    "IsLsRsDrive": false,
    "ArticleNumberRs": 0,
    "TwoDrivesSideInstallation50": 0,
    "TwoDrivesSideInstallation60": 0,
    "TwoDrivesSideInstallation70": 0,
    "TwoDrivesSideInstallation80": 0,
    "OpeningSpeedmms": 0,
    "Traction": 0,
    "Thrust": 0,
    "Id": "ebe9753c-e5d7-4140-afe0-9f98bf25df99",
    "CreatedOn": "2024-09-26T13:55:26.817Z",
    "CreatedBy": "",
    "ModifiedOn": "2024-09-26T13:55:26.817Z",
    "ModifiedBy": ""
  }
]

13:53:11.688 [main] INFO  com.intuit.karate - Expected RecommDrive: Chain actuator D4 600,Chain actuator D6 600,Chain actuator TWIN D2 L600,Locking actuator EasyConnect ow 
13:53:11.688 [main] INFO  com.intuit.karate - Actual RecommDrive: Chain actuator D4 600, Chain actuator D6 600, Chain actuator TWIN D2 L600, Locking actuator EasyConnect ow 
13:53:11.688 [main] INFO  com.intuit.karate - Normalized Actual RecommDrive: Chain actuator D4 600,Chain actuator D6 600,Chain actuator TWIN D2 L600,Locking actuator EasyConnect ow 
13:53:11.688 [main] INFO  com.intuit.karate - Normalized Expected RecommDrive: Chain actuator D4 600,Chain actuator D6 600,Chain actuator TWIN D2 L600,Locking actuator EasyConnect ow 
13:53:11.689 [main] INFO  com.intuit.karate - All Drive IDs: [
  "fcff08f9-981e-47bb-8f19-91cb4dc64404",
  "3cae6110-7870-4645-8094-e12449f27b1f",
  "e894c2ec-1e80-4d24-8c80-a383a582ab2a",
  "ebe9753c-e5d7-4140-afe0-9f98bf25df99"
]
 
13:53:11.690 [main] INFO  com.intuit.karate - First Drive ID: fcff08f9-981e-47bb-8f19-91cb4dc64404 
13:53:11.693 [main] DEBUG com.intuit.karate - request:
3 > POST https://dev-drivetec-apis.schuecodigitalsolutions.com/api/Drives/DownloadPDFNew/Schuco
3 > Content-Type: application/json; charset=UTF-8
3 > Content-Length: 1194
3 > Host: dev-drivetec-apis.schuecodigitalsolutions.com
3 > Connection: Keep-Alive
3 > User-Agent: Apache-HttpClient/4.5.14 (Java/17.0.12)
3 > Accept-Encoding: gzip,deflate
[{"Id":"configId","Header":"configId","Value":"03c3dce1-9886-40fb-926b-edede98c051e"},{"Id":"driveId","Header":"driveId","Value":"fcff08f9-981e-47bb-8f19-91cb4dc64404"},{"Id":"culture","Header":"culture","Value":"EN-US"},{"Id":"projectId","Header":"projectId","Value":"2afcf090-6588-4022-aa5e-49fca51f940e"},{"Id":"range-of-app","Header":"Range of application","Value":"Façade"},{"Id":"opening-type","Header":"Opening type","Value":"Bottom-hung vent"},{"Id":"opening-direction","Header":"Opening direction","Value":"Inward"},{"Id":"how-calc-weight","Header":"Vent weight","Value":"Weight including glass"},{"Id":"Chain-Length","Header":"Chain- \/ connecting rod handle","Value":"100%"},{"Id":"drive-position","Header":"Drive position","Value":"Side installation"},{"Id":"locking-mechanism","Header":"Locking mechanism","Value":"With"},{"Id":"voltage","Header":"Voltage","Value":"24 V"},{"Id":"drive-type","Header":"Drive type","Value":"Chain drive"},{"Id":"type-installation","Header":"Type of installation","Value":"Pivoting Outer Frame Installation"},{"Id":"calculation-type-for-ventilation-area","Header":"Calculation type for ventilation area","Value":"Method in accordance with ASR 3.6"}]

13:53:13.466 [main] DEBUG com.intuit.karate - response time in milliseconds: 1772
3 < 200
3 < Content-Type: application/json; charset=utf-8
3 < Date: Thu, 05 Dec 2024 08:23:11 GMT
3 < Server: Microsoft-IIS/10.0
3 < X-Powered-By: ASP.NET
3 < Content-Length: 276
3 < Connection: keep-alive
{
  "result": "https://drive-tec-dev.s3.amazonaws.com/AUT_TPJ33518-Chain_actuator_D4_600.pdf?AWSAccessKeyId=AKIAZAWIART4ZFAXXPHK&Expires=1733390591&response-content-disposition=attachment%3B&response-content-type=application%2Fpdf&Signature=Zfw6KfcqE6fhTrGMYxzu0y4TIy8%3D"
}

13:53:13.467 [main] INFO  com.intuit.karate - Download URL for first driveId: https://drive-tec-dev.s3.amazonaws.com/AUT_TPJ33518-Chain_actuator_D4_600.pdf?AWSAccessKeyId=AKIAZAWIART4ZFAXXPHK&Expires=1733390591&response-content-disposition=attachment%3B&response-content-type=application%2Fpdf&Signature=Zfw6KfcqE6fhTrGMYxzu0y4TIy8%3D 
13:53:13.472 [main] INFO  com.intuit.karate - karate.env system property was: null 
13:53:13.475 [main] INFO  com.intuit.karate - Running test for dataset:  Dataset17 
13:53:13.481 [main] INFO  com.intuit.karate - Using ProjectId:  {
  "result": {
    "projectId": "prjId"
  },
  "projectPayload": {
    "Id": "579816e4-6653-4794-b435-a885f32e28d7",
    "Name": "AUT_TPJ33518",
    "Address": "Hyderabad, Telangana, India",
    "Description": "",
    "CreatedBy": "579816e4-6653-4794-b435-a885f32e28d7",
    "ModifiedBy": "579816e4-6653-4794-b435-a885f32e28d7"
  },
  "uniqueName": "AUT_TPJ33518",
  "responseHeaders": {
    "Content-Type": [
      "application/json; charset=utf-8"
    ],
    "Date": [
      "Thu, 05 Dec 2024 08:22:12 GMT"
    ],
    "Server": [
      "Microsoft-IIS/10.0"
    ],
    "X-Powered-By": [
      "ASP.NET"
    ],
    "transfer-encoding": [
      "chunked"
    ],
    "Connection": [
      "keep-alive"
    ],
    "Set-Cookie": [
    ]
  },
  "responseTime": 841,
  "response": {
    "Name": "AUT_TPJ33518",
    "Description": "",
    "Address": "Hyderabad, Telangana, India",
    "Id": "2afcf090-6588-4022-aa5e-49fca51f940e",
    "CreatedOn": "2024-12-05T08:22:11.998251+00:00",
    "CreatedBy": "579816e4-6653-4794-b435-a885f32e28d7",
    "ModifiedOn": "2024-12-05T08:22:11.9982526+00:00",
    "ModifiedBy": ""
  },
  "responseStatus": 200,
  "prjId": "2afcf090-6588-4022-aa5e-49fca51f940e",
  "projectId": "2afcf090-6588-4022-aa5e-49fca51f940e"
}
 
13:53:13.483 [main] DEBUG com.intuit.karate - request:
1 > POST https://dev-drivetec-apis.schuecodigitalsolutions.com/Configurations
1 > Content-Type: application/json; charset=UTF-8
1 > Content-Length: 1275
1 > Host: dev-drivetec-apis.schuecodigitalsolutions.com
1 > Connection: Keep-Alive
1 > User-Agent: Apache-HttpClient/4.5.14 (Java/17.0.12)
1 > Accept-Encoding: gzip,deflate
{"Id":"00000000-0000-0000-0000-000000000000","ProjectId":"2afcf090-6588-4022-aa5e-49fca51f940e","Name":"Dataset3482","Description":"Dataset3482","CustomTags":"","CreatedBy":"579816e4-6653-4794-b435-a885f32e28d7","ModifiedBy":"579816e4-6653-4794-b435-a885f32e28d7","ApplicationName":1,"System":"","FacadeInclination":0,"OpeningType":1,"OpeningDirection":1,"OpeningWidth":1000,"VentOuterWidth":1230,"VentOuterHeight":1480,"VentWeight":70,"CalculateWeightWithGlass":false,"WeightIncGlassOrThickness":false,"GlassThickness":14,"ProfileWeightPerSerialMeter":2.5,"IsWindowOpeningCalculationByAngle":1,"RequiredOpeningStroke":400,"OpeningAngle":15,"WindLoad":120,"SnowLoad":0,"DrivePosition":2,"InstallationPosition":1,"ChainLengthConnectingRodHandle":5,"LockingMechanism":1,"Voltage":1,"DriveType":1,"TypeOfInstallation":2,"CalculationTypeForVentilation":1,"CalcVentilation":1,"GeometricArea":1,"SpecificExhaustDimension":30,"BuildingDepth":75,"RevealDepth":0,"RevealDepthRectangleAngle1":0,"RevealDepthRectangleAngle2":0,"HeightOfProfile":0,"HeightProfileRectangleAngle1":0,"HeightProfileRectangleAngle2":0,"AkippOrAtilt":0,"AdrehOrAturn":0,"Ageo":0,"MinPullingForceMax":0,"MinPushingForceMax":0,"MinPullingForcePermanent":0,"MinPushingForcePermanent":0,"ForceWithNegativeWind":0}

13:53:14.057 [main] DEBUG com.intuit.karate - response time in milliseconds: 573
1 < 200
1 < Content-Type: application/json; charset=utf-8
1 < Date: Thu, 05 Dec 2024 08:23:11 GMT
1 < Server: Microsoft-IIS/10.0
1 < X-Powered-By: ASP.NET
1 < transfer-encoding: chunked
1 < Connection: keep-alive
{
  "ProjectId": "2afcf090-6588-4022-aa5e-49fca51f940e",
  "Name": "Dataset3482",
  "Description": "Dataset3482",
  "CustomTags": "",
  "ApplicationName": 1,
  "OpeningType": 1,
  "OpeningDirection": 1,
  "CalculateWeightWithGlass": false,
  "WindLoad": 120,
  "IsWindowOpeningCalculationByAngle": 1,
  "VentOuterWidth": 1230,
  "VentOuterHeight": 1480,
  "WeightIncGlassOrThickness": false,
  "VentWeight": 77,
  "VentWeightExact": 77.26400000000001,
  "GlassThickness": 14,
  "ProfileWeightPerSerialMeter": 2.5,
  "FacadeInclination": 0,
  "ChainLengthConnectingRodHandle": 5,
  "ChainLenghtConnectingRodHandle": 0,
  "RequiredOpeningStroke": 400,
  "OpeningWidth": 1000,
  "OpeningAngle": 15.532868337024489,
  "SpecificExhaustDimension": 30,
  "BuildingDepth": 75,
  "SnowLoad": 0,
  "DistanceHinge": 0,
  "RatedCurrent": 0,
  "DrivePosition": 2,
  "LockingMechanism": 1,
  "Voltage": 1,
  "DriveType": 1,
  "TypeOfInstallation": 2,
  "GeometricArea": 0,
  "CalculationTypeForVentilation": 1,
  "HeightOfProfile": 0,
  "Reveal": 0,
  "RevealDepth": 0,
  "HeightProfileRectangleAngle1": 0,
  "HeightProfileRectangleAngle2": 0,
  "RevealDepthRectangleAngle1": 0,
  "RevealDepthRectangleAngle2": 0,
  "RevealDepthRectangleAngle12": 0,
  "InstallationPosition": 0,
  "RecommendedDriveArticleNo": 0,
  "System": "",
  "AkippOrAtilt": 1.084,
  "AdrehOrAturn": 1.8204,
  "Ageo": 1.084,
  "MinPullingForceMax": -206.4868442161654,
  "MinPushingForceMax": -206.4868442161654,
  "MinPullingForcePermanent": -104.11163259218097,
  "MinPushingForcePermanent": -104.11163259218097,
  "ForceWithNegativeWind": 109.53156767199486,
  "ForceWithNoWindMin": 0.30763693489047433,
  "ForceWithNegativeWindMin": 0,
  "ForceWithWindMin": -108.91629380221393,
  "Id": "7619e3eb-a408-4339-a4d2-108ddc937b00",
  "CreatedOn": "2024-12-05T08:23:11.5915029+00:00",
  "CreatedBy": "579816e4-6653-4794-b435-a885f32e28d7",
  "ModifiedOn": "2024-12-05T08:23:11.5915039+00:00",
  "ModifiedBy": ""
}

13:53:14.058 [main] INFO  com.intuit.karate - Generated Config ID: 7619e3eb-a408-4339-a4d2-108ddc937b00 
13:53:14.058 [main] INFO  com.intuit.karate - Generated Name: Dataset3482 
13:53:14.058 [main] INFO  com.intuit.karate - Generated Description: Dataset3482 
13:53:14.061 [main] DEBUG com.intuit.karate - request:
1 > PUT https://dev-drivetec-apis.schuecodigitalsolutions.com/Configurations
1 > Content-Type: application/json; charset=UTF-8
1 > Content-Length: 1278
1 > Host: dev-drivetec-apis.schuecodigitalsolutions.com
1 > Connection: Keep-Alive
1 > User-Agent: Apache-HttpClient/4.5.14 (Java/17.0.12)
1 > Accept-Encoding: gzip,deflate
{"Id":"7619e3eb-a408-4339-a4d2-108ddc937b00","Name":"Dataset17","Description":"Dataset3482","ProjectId":"2afcf090-6588-4022-aa5e-49fca51f940e","CustomTags":"","CreatedBy":"579816e4-6653-4794-b435-a885f32e28d7","ModifiedBy":"579816e4-6653-4794-b435-a885f32e28d7","System":"","FacadeInclination":14,"OpeningType":2,"OpeningDirection":2,"OpeningWidth":1000,"VentOuterWidth":1230,"VentOuterHeight":1480,"VentWeight":0,"CalculateWeightWithGlass":false,"RequiredOpeningStroke":501,"WindLoad":120,"SnowLoad":0,"IsWindowOpeningCalculationByAngle":1,"GlassThickness":14,"ProfileWeightPerSerialMeter":2.5,"DrivePosition":1,"InstallationPosition":0,"LockingMechanism":1,"Voltage":1,"DriveType":1,"TypeOfInstallation":2,"GeometricArea":0,"CalcVentilation":2,"SpecificExhaustDimension":35,"BuildingDepth":65,"CalculationTypeForVentilation":2,"HeightOfProfile":200,"HeightProfileRectangleAngle1":0,"HeightProfileRectangleAngle2":0,"RevealDepth":1000,"RevealDepthRectangleAngle1":0,"RevealDepthRectangleAngle2":0,"ChainLengthConnectingRodHandle":5,"ApplicationName":1,"OpeningAngle":10,"WeightIncGlassOrThickness":false,"AkippOrAtilt":0,"AdrehOrAturn":0,"Ageo":0,"MinPullingForceMax":0,"MinPushingForceMax":0,"MinPullingForcePermanent":0,"MinPushingForcePermanent":0,"ForceWithNegativeWind":0}

13:53:14.643 [main] DEBUG com.intuit.karate - response time in milliseconds: 581
1 < 200
1 < Content-Type: application/json; charset=utf-8
1 < Date: Thu, 05 Dec 2024 08:23:12 GMT
1 < Server: Microsoft-IIS/10.0
1 < X-Powered-By: ASP.NET
1 < transfer-encoding: chunked
1 < Connection: keep-alive
{
  "ProjectId": "2afcf090-6588-4022-aa5e-49fca51f940e",
  "Name": "Dataset17",
  "Description": "Dataset3482",
  "CustomTags": "",
  "ApplicationName": 1,
  "OpeningType": 2,
  "OpeningDirection": 2,
  "CalculateWeightWithGlass": false,
  "WindLoad": 120,
  "IsWindowOpeningCalculationByAngle": 1,
  "VentOuterWidth": 1230,
  "VentOuterHeight": 1480,
  "WeightIncGlassOrThickness": false,
  "VentWeight": 77,
  "VentWeightExact": 77.26400000000001,
  "GlassThickness": 14,
  "ProfileWeightPerSerialMeter": 2.5,
  "FacadeInclination": 14,
  "ChainLengthConnectingRodHandle": 5,
  "ChainLenghtConnectingRodHandle": 0,
  "RequiredOpeningStroke": 501,
  "OpeningWidth": 1000,
  "OpeningAngle": 19.48921629278459,
  "SpecificExhaustDimension": 35,
  "BuildingDepth": 65,
  "SnowLoad": 0,
  "DistanceHinge": 0,
  "RatedCurrent": 0,
  "DrivePosition": 1,
  "LockingMechanism": 1,
  "Voltage": 1,
  "DriveType": 1,
  "TypeOfInstallation": 2,
  "GeometricArea": 0,
  "CalculationTypeForVentilation": 2,
  "HeightOfProfile": 200,
  "Reveal": 0,
  "RevealDepth": 1000,
  "HeightProfileRectangleAngle1": 0,
  "HeightProfileRectangleAngle2": 0,
  "RevealDepthRectangleAngle1": 0,
  "RevealDepthRectangleAngle2": 0,
  "RevealDepthRectangleAngle12": 0,
  "InstallationPosition": 0,
  "RecommendedDriveArticleNo": 0,
  "System": "",
  "AkippOrAtilt": 1.35771,
  "AdrehOrAturn": 1.8204,
  "Ageo": 0.6749039376946829,
  "MinPullingForceMax": 9.764342657222258,
  "MinPushingForceMax": 147.64412280547947,
  "MinPullingForcePermanent": -93.11429520081451,
  "MinPushingForcePermanent": -93.11429520081451,
  "ForceWithNegativeWind": -195.9929330588513,
  "ForceWithNoWindMin": 37.854770101979,
  "ForceWithNegativeWindMin": -71.93458260152148,
  "ForceWithWindMin": 9.764342657222258,
  "Id": "7619e3eb-a408-4339-a4d2-108ddc937b00",
  "CreatedOn": "0001-01-01T00:00:00",
  "CreatedBy": "579816e4-6653-4794-b435-a885f32e28d7",
  "ModifiedOn": "2024-12-05T08:23:12.170593+00:00",
  "ModifiedBy": "579816e4-6653-4794-b435-a885f32e28d7"
}

13:53:14.645 [main] INFO  com.intuit.karate - VentWeight from API Response: 77 
13:53:14.646 [main] INFO  com.intuit.karate - Rounded Opening Angle: 19.0 
13:53:14.646 [main] INFO  com.intuit.karate - Rounded Ageo: 0.67 
13:53:14.646 [main] INFO  com.intuit.karate - Rounded Required Opening Stroke: 501.0 
13:53:14.647 [main] INFO  com.intuit.karate - Rounded Vent Weight: 77.0 
13:53:14.649 [main] DEBUG com.intuit.karate - request:
2 > GET https://dev-drivetec-apis.schuecodigitalsolutions.com/Config/7619e3eb-a408-4339-a4d2-108ddc937b00/Drive
2 > Host: dev-drivetec-apis.schuecodigitalsolutions.com
2 > Connection: Keep-Alive
2 > User-Agent: Apache-HttpClient/4.5.14 (Java/17.0.12)
2 > Accept-Encoding: gzip,deflate


13:53:15.410 [main] DEBUG com.intuit.karate - response time in milliseconds: 760
2 < 200
2 < Content-Type: application/json; charset=utf-8
2 < Date: Thu, 05 Dec 2024 08:23:12 GMT
2 < Server: Microsoft-IIS/10.0
2 < X-Powered-By: ASP.NET
2 < Content-Length: 20833
2 < Connection: keep-alive
[
  {
    "Name": "Chain actuator D2 L600",
    "Bezeichnung": "Kettenantrieb D2 L600",
    "ConfigurationId": "00000000-0000-0000-0000-000000000000",
    "Description": "",
    "Application": "Facade",
    "ApplicationFacade": true,
    "ApplicationSkylight": false,
    "Type": 1,
    "OpeningType": 0,
    "BottomHungInward": true,
    "BottomHungOutward": false,
    "SideHungInward": true,
    "SideHungOutward": false,
    "TopHungInward": false,
    "TopHungOutward": true,
    "ProjectedTopHungInward": false,
    "ProjectedTopHungOutward": false,
    "InstallationType": "",
    "ITMainOutFrmMountWBracket": true,
    "ITMainFixOutFrmMount": true,
    "ITMainVentFrmMount": true,
    "ITSideMount50": false,
    "ITSideMount60": false,
    "ITSideMount70": false,
    "ITSideMount80": false,
    "ITSideMount67": true,
    "Feature": "",
    "FeatureOpenClose": true,
    "FeatureLock": true,
    "ArticleNumber": 291756,
    "Stroke": 600,
    "Angle": 0,
    "Voltage": "24 V DC",
    "Voltage24": true,
    "Voltage230": false,
    "RatedCurrent": 1,
    "BreakingCurrent": 1,
    "PullingForceMax": 250,
    "PushingForceMax": 100,
    "PullingForceMaxWithNegativeWind": 0,
    "PushingForceMaxWithNegativeWind": 0,
    "PushingForcePermanent": 66.67,
    "PullingForcePermanent": 250,
    "MinPullingForceMax": 0,
    "MinPushingForceMax": 147.64,
    "MinPullingForcePermanent": -93.11,
    "MinPushingForcePermanent": 0,
    "Price": 264.82,
    "DriveLength": 545,
    "ChainDrive": 645,
    "ChainDrive2": 1250,
    "MaxLengthMainClosingEdge1Drive": 1650,
    "MaxGeometricArea": 1,
    "GeometricalSmokeExhaustion": 0,
    "TotalGlassThickness": 14,
    "Dimensions": 0,
    "DimensionsWxHxD": "545 x 26 x 41",
    "TensileForce": 0,
    "LockingForce": 0,
    "Details_DE": "<ul><li>Bemessungsspannung: 24 V DC (19 V … 28 V)</li><li>Abschaltstrom: 1,0 A</li><li>Bemessungsstrom: 0,7 A</li><li>Bemessungsaufnahme: 17 W</li><li>Schutzart: IP 32</li><li>Zug-/Schubkraft: max. 250 N</li><li>Umgebungstemperatur: -5°C bis + 60°C</li><li>Anschlussleitung: Halogenfrei, grau 3 x 0,5 mm², ~3 m</li><li>Max. Geschwindigkeit: 13,5 mm/s</li></ul>",
    "Details_EN": "<ul><li>Rated voltage: 24 V DC (19 V … 28 V)</li><li>Breaking current: 1.0 A</li><li>Rated current: 0.7 A</li><li>Rated consumption: 17 W</li><li>Protection rating: IP 32</li><li>Traction/ thrust: max. 250 N</li><li>Ambient temperature: -5°C bis + 60°C</li><li>Connecting cable: halogen-free, grey 3 x 0.5 mm², ~3 m</li><li>Max. speed: 13.5 mm/s</li></ul>",
    "Einsatz": "<ul> <li>Anwendung: Lüftung, NRA</li> <li>Integrierte intelligente Regelelektronik</li> <li>Rückmeldung Endlage „ZU“ (max. 24 V, 500 mA)</li> </ul>",
    "Use": "<ul> <li>Application: ventilation, natural smoke ventilation</li> <li>Integrated, intelligent control electronics</li> <li>Response for “CLOSED” end position (max. 24 V, 500 mA)</li> </ul>",
    "Ausstattung": null,
    "Equipment": null,
    "Optionen": "<ul> <li>Programmierung von Sonderfunktionen</li> <li>Programmierbare Rückmeldung Endlage „AUF“ (max. 24 V, 500 mA)</li> <li>Schüco Kontroller zur automatischen Konfiguration von Synchronlauf und Folgesteuerungen mit Verriegelungsantrieben in Antriebs-Verbundsystemen</li> </ul>",
    "Options": "<ul> <li>Programming of special functions</li> <li>Programmable response for “OPEN” end position (max. 24 V, 500 mA)</li> <li>Schüco controller for automatic configuration of synchronous running and sequence control with locking drives in composite drive systems</li></ul>",
    "IsTwoPce": false,
    "ResultVentWeight": 77.26,
    "IsLsRsDrive": true,
    "ArticleNumberRs": 291757,
    "TwoDrivesSideInstallation50": 0,
    "TwoDrivesSideInstallation60": 0,
    "TwoDrivesSideInstallation70": 0,
    "TwoDrivesSideInstallation80": 0,
    "OpeningSpeedmms": 0,
    "Traction": 250,
    "Thrust": 100,
    "Id": "267a3972-757f-4244-ac52-6bc7b30bac9f",
    "CreatedOn": "2024-09-26T13:55:26.817Z",
    "CreatedBy": "",
    "ModifiedOn": "2024-09-26T13:55:26.817Z",
    "ModifiedBy": ""
  },
  {
    "Name": "Chain actuator D4 600",
    "Bezeichnung": "Kettenantrieb D4 600",
    "ConfigurationId": "00000000-0000-0000-0000-000000000000",
    "Description": "",
    "Application": "Facade",
    "ApplicationFacade": true,
    "ApplicationSkylight": false,
    "Type": 1,
    "OpeningType": 0,
    "BottomHungInward": true,
    "BottomHungOutward": false,
    "SideHungInward": true,
    "SideHungOutward": false,
    "TopHungInward": false,
    "TopHungOutward": true,
    "ProjectedTopHungInward": false,
    "ProjectedTopHungOutward": false,
    "InstallationType": "",
    "ITMainOutFrmMountWBracket": true,
    "ITMainFixOutFrmMount": true,
    "ITMainVentFrmMount": true,
    "ITSideMount50": false,
    "ITSideMount60": false,
    "ITSideMount70": false,
    "ITSideMount80": false,
    "ITSideMount67": true,
    "Feature": "",
    "FeatureOpenClose": true,
    "FeatureLock": true,
    "ArticleNumber": 291708,
    "Stroke": 600,
    "Angle": 0,
    "Voltage": "24 V DC",
    "Voltage24": true,
    "Voltage230": false,
    "RatedCurrent": 1,
    "BreakingCurrent": 1,
    "PullingForceMax": 400,
    "PushingForceMax": 100,
    "PullingForceMaxWithNegativeWind": 0,
    "PushingForceMaxWithNegativeWind": 0,
    "PushingForcePermanent": 66.67,
    "PullingForcePermanent": 400,
    "MinPullingForceMax": 0,
    "MinPushingForceMax": 147.64,
    "MinPullingForcePermanent": -93.11,
    "MinPushingForcePermanent": 0,
    "Price": 282.19,
    "DriveLength": 665,
    "ChainDrive": 765,
    "ChainDrive2": 1490,
    "MaxLengthMainClosingEdge1Drive": 1850,
    "MaxGeometricArea": 1,
    "GeometricalSmokeExhaustion": 0,
    "TotalGlassThickness": 14,
    "Dimensions": 0,
    "DimensionsWxHxD": "665 x 24 x 35",
    "TensileForce": 0,
    "LockingForce": 0,
    "Details_DE": "<ul><li>Bemessungsspannung: 24 V DC (19 V … 28 V)</li> <li>Abschaltstrom: 1,2 A</li> <li>Bemessungsstrom: 0,9 A</li> <li>Bemessungsaufnahme: 22 W</li> <li>Schutzart: IP 32</li> <li>Zug-/Schubkraft: max. 400 N</li> <li>Umgebungstemperatur: -5°C bis + 60°C</li> <li>Anschlussleitung: Halogenfrei, grau 5 x 0,5mm², ~3m</li> <li>Max. Geschwindigkeit: 13,5 mm/s</li></ul>",
    "Details_EN": "<ul><li>Rated voltage: 24 V DC (19 V … 28 V)</li> <li>Breaking current: 1.2 A</li><li>Rated current: 0.9 A</li><li>Rated consumption: 22 W</li><li>Protection rating: IP 32</li><li>Traction/ thrust: max. 400 N</li><li>Ambient temperature: -5° C to +60° C</li><li>Connecting cable: halogen-free, grey, 5 x 0.5 mm², ~ 3 m</li><li>Max. speed: 13,5 mm/s </li></ul>",
    "Einsatz": "<ul><li>Anwendung: Lüftung, NRA</li> <li>Integrierte intelligente Regelelektronik</li> <li>Rückmeldung Endlage „ZU“ (max. 24 V, 500 mA)</li> </ul>",
    "Use": "<ul><li>Application: ventilation, natural smoke ventilation</li> <li>Integrated intelligent control electronics</li> <li>Response for “CLOSED” end position (max. 24 V, 500 mA)</li> </ul>",
    "Ausstattung": "<ul><li>Zusätzlicher Universal-Steckersatz für Mehrfachbetrieb bis zu 4 Antrieben und 2 Verriegelungsantrieben</li></ul>",
    "Equipment": "<ul><li>Additional universal plug socket for multiplex operation of up to 4 drives and 2 interlocking drives</li></ul>",
    "Optionen": "<ul><li>Programmierung von Sonderfunktionen</li> <li>Programmierbare Rückmeldung Endlage „AUF“ (max. 24 V, 500 mA)</li> <li>Schüco Kontroller zur automatischen Konfiguration von Synchronlauf und Folgesteuerungen mit Verriegelungsantrieben in Antriebs-Verbundsystemen</li> </ul>",
    "Options": "<ul><li>Programming of special functions</li> <li>Programmable response for “OPEN” end position (max. 24 V, 500 mA)</li> <li>Schüco controller for automatic configuration of synchronous running and sequence control with locking drives in composite drive systems</li> </ul>",
    "IsTwoPce": false,
    "ResultVentWeight": 77.26,
    "IsLsRsDrive": true,
    "ArticleNumberRs": 291707,
    "TwoDrivesSideInstallation50": 0,
    "TwoDrivesSideInstallation60": 0,
    "TwoDrivesSideInstallation70": 0,
    "TwoDrivesSideInstallation80": 0,
    "OpeningSpeedmms": 0,
    "Traction": 400,
    "Thrust": 100,
    "Id": "fcff08f9-981e-47bb-8f19-91cb4dc64404",
    "CreatedOn": "2024-09-26T13:55:26.817Z",
    "CreatedBy": "",
    "ModifiedOn": "2024-09-26T13:55:26.817Z",
    "ModifiedBy": ""
  },
  {
    "Name": "Chain actuator D6 600",
    "Bezeichnung": "Kettenantrieb D6 600",
    "ConfigurationId": "00000000-0000-0000-0000-000000000000",
    "Description": "",
    "Application": "Facade",
    "ApplicationFacade": true,
    "ApplicationSkylight": true,
    "Type": 1,
    "OpeningType": 0,
    "BottomHungInward": true,
    "BottomHungOutward": true,
    "SideHungInward": true,
    "SideHungOutward": true,
    "TopHungInward": false,
    "TopHungOutward": true,
    "ProjectedTopHungInward": false,
    "ProjectedTopHungOutward": true,
    "InstallationType": "",
    "ITMainOutFrmMountWBracket": true,
    "ITMainFixOutFrmMount": false,
    "ITMainVentFrmMount": true,
    "ITSideMount50": false,
    "ITSideMount60": false,
    "ITSideMount70": false,
    "ITSideMount80": false,
    "ITSideMount67": true,
    "Feature": "",
    "FeatureOpenClose": true,
    "FeatureLock": true,
    "ArticleNumber": 291716,
    "Stroke": 600,
    "Angle": 0,
    "Voltage": "24 V DC",
    "Voltage24": true,
    "Voltage230": false,
    "RatedCurrent": 1,
    "BreakingCurrent": 1,
    "PullingForceMax": 600,
    "PushingForceMax": 600,
    "PullingForceMaxWithNegativeWind": 0,
    "PushingForceMaxWithNegativeWind": 0,
    "PushingForcePermanent": 400,
    "PullingForcePermanent": 600,
    "MinPullingForceMax": 0,
    "MinPushingForceMax": 147.64,
    "MinPullingForcePermanent": -93.11,
    "MinPushingForcePermanent": 0,
    "Price": 374.18,
    "DriveLength": 693,
    "ChainDrive": 793,
    "ChainDrive2": 1546,
    "MaxLengthMainClosingEdge1Drive": 1920,
    "MaxGeometricArea": 1,
    "GeometricalSmokeExhaustion": 0,
    "TotalGlassThickness": 14,
    "Dimensions": 0,
    "DimensionsWxHxD": "693 x 40 x 56",
    "TensileForce": 0,
    "LockingForce": 0,
    "Details_DE": "<ul> <li>Bemessungsspannung: 24 V DC (19 V … 28 V)</li> <li>Abschaltstrom: 1,2 A</li> <li>Bemessungsstrom: 0,9 A</li> <li>Bemessungsaufnahme: 22 W</li> <li>Schutzart: IP 32</li> <li>Zug-/Schubkraft: max. 600 N</li> <li>Umgebungstemperatur: -5°C bis + 60°C</li> <li>Anschlussleitung: Halogenfrei, grau 5 x 0,5mm², ~3m</li> <li>Max. Geschwindigkeit: 13,5 mm/s</li> </ul>",
    "Details_EN": "<ul> <li>Rated voltage: 24 V DC (19 V … 28 V)</li><li>Breaking current: 1.2 A</li><li>Rated current: 0.9 A</li><li>Rated consumption: 22W</li><li>Protection rating: IP 32</li><li>Traction/ thrust: max. 600 N</li><li>Ambient temperature: -5° C to +60° C</li><li>Connecting cable: halogen-free, grey 3 x 0,5mm², ~3m</li><li>Max. speed: 13,5 mm/s</li></ul>",
    "Einsatz": "<ul><li>Anwendung: Lüftung, NRA</li> <li>Integrierte intelligente Regelelektronik</li></ul>",
    "Use": "<ul><li>Application: ventilation, natural smoke ventilation</li> <li>Integrated intelligent control electronics</li> </ul>",
    "Ausstattung": "<ul><li>Zusätzlicher Universal-Steckersatz für Mehrfachbetrieb bis zu 4 Antrieben und 2 Verriegelungsantrieben</li></ul>",
    "Equipment": "<ul><li>Additional universal plug socket for multiplex operation  of up to 4 drives and 2 interlocking drives</li></ul>",
    "Optionen": "<ul><li>Programmierung von Sonderfunktionen</li> <li>Programmierbare Rückmeldung Endlage „AUF“ (max. 24 V, 500 mA)</li> <li>Schüco Kontroller zur automatischen Konfiguration von Synchronlauf und Folgesteuerungen mit Verriegelungsantrieben in Antriebs-Verbundsystemen</li> </ul>",
    "Options": "<ul><li>Programming of special functions</li> <li>Programmable response for “OPEN” end position (max. 24 V, 500 mA)</li> <li>Schüco controller for automatic configuration of synchronous running and sequence control with locking drives in composite drive systems</li> </ul>",
    "IsTwoPce": false,
    "ResultVentWeight": 77.26,
    "IsLsRsDrive": false,
    "ArticleNumberRs": 0,
    "TwoDrivesSideInstallation50": 0,
    "TwoDrivesSideInstallation60": 0,
    "TwoDrivesSideInstallation70": 0,
    "TwoDrivesSideInstallation80": 0,
    "OpeningSpeedmms": 0,
    "Traction": 600,
    "Thrust": 600,
    "Id": "3cae6110-7870-4645-8094-e12449f27b1f",
    "CreatedOn": "2024-09-26T13:55:26.817Z",
    "CreatedBy": "",
    "ModifiedOn": "2024-09-26T13:55:26.817Z",
    "ModifiedBy": ""
  },
  {
    "Name": "Chain actuator TWIN D2 L600",
    "Bezeichnung": "Kettenantrieb TWIN D2 L600",
    "ConfigurationId": "00000000-0000-0000-0000-000000000000",
    "Description": "",
    "Application": "Facade",
    "ApplicationFacade": true,
    "ApplicationSkylight": false,
    "Type": 1,
    "OpeningType": 0,
    "BottomHungInward": true,
    "BottomHungOutward": false,
    "SideHungInward": false,
    "SideHungOutward": false,
    "TopHungInward": false,
    "TopHungOutward": true,
    "ProjectedTopHungInward": false,
    "ProjectedTopHungOutward": false,
    "InstallationType": "",
    "ITMainOutFrmMountWBracket": true,
    "ITMainFixOutFrmMount": true,
    "ITMainVentFrmMount": true,
    "ITSideMount50": false,
    "ITSideMount60": false,
    "ITSideMount70": false,
    "ITSideMount80": false,
    "ITSideMount67": false,
    "Feature": "",
    "FeatureOpenClose": true,
    "FeatureLock": true,
    "ArticleNumber": 291774,
    "Stroke": 600,
    "Angle": 0,
    "Voltage": "24 V DC",
    "Voltage24": true,
    "Voltage230": false,
    "RatedCurrent": 1,
    "BreakingCurrent": 2,
    "PullingForceMax": 500,
    "PushingForceMax": 200,
    "PullingForceMaxWithNegativeWind": 0,
    "PushingForceMaxWithNegativeWind": 0,
    "PushingForcePermanent": 133.33,
    "PullingForcePermanent": 500,
    "MinPullingForceMax": 0,
    "MinPushingForceMax": 147.64,
    "MinPullingForcePermanent": -93.11,
    "MinPushingForcePermanent": 0,
    "Price": 532.67,
    "DriveLength": 1060,
    "ChainDrive": 1160,
    "ChainDrive2": 0,
    "MaxLengthMainClosingEdge1Drive": 1650,
    "MaxGeometricArea": 1,
    "GeometricalSmokeExhaustion": 0,
    "TotalGlassThickness": 14,
    "Dimensions": 0,
    "DimensionsWxHxD": "1060 x 26 x 41",
    "TensileForce": 0,
    "LockingForce": 0,
    "Details_DE": "<ul><li>Bemessungsspannung: 24 V DC (19 V … 28 V)</li> <li>Abschaltstrom: 2,0 A</li> <li>Bemessungsstrom: 1,4 A</li> <li>Bemessungsaufnahme: 34 W</li> <li>Schutzart: IP 32</li> <li>Zug-/Schubkraft: max. 500 N</li> <li>Umgebungstemperatur: -5°C bis + 60°C</li> <li>Anschlussleitung: Halogenfrei, grau 3 x 0,5mm², ~3m</li> <li>Max. Geschwindigkeit: 12 mm/s</li> </ul>",
    "Details_EN": "<ul><li>Rated voltage: 24 V DC (19 V … 28 V)</li><li>Breaking current: 2.0 A</li><li>Rated current: 1.4 A</li><li>Rated consumption: 34 W</li><li>Protection rating: IP 32</li><li>Traction/ thrust: max. 500 N</li><li>Ambient temperature: -5°C bis + 60°C</li><li>Connecting cable: halogen-free, grey 3 x 0,5mm², ~3m</li><li>Max. speed: 12 mm/s</li></ul>",
    "Einsatz": "<ul><li>Anwendung: Lüftung, NRA</li> <li>Integrierte intelligente Regelelektronik</li> <li>Rückmeldung Endlage „ZU“ (max. 24 V, 500 mA)</li> </ul>",
    "Use": "<ul><li>Application: ventilation, natural smoke ventilation</li> <li>Integrated intelligent control electronics</li> <li>Response for \"CLOSED\" end position (max. 24 V, 500 mA)</li> </ul>",
    "Ausstattung": null,
    "Equipment": null,
    "Optionen": "<ul><li>Programmierung von Sonderfunktionen</li> <li>Programmierbare Rückmeldung Endlage „AUF“ (max. 24 V, 500 mA)</li> <li>Schüco Kontroller zur automatischen Konfiguration von Synchronlauf und Folgesteuerungen mit Verriegelungsantrieb in Antriebs-Verbundsystem</li> </ul>",
    "Options": "<ul><li>Programming of special functions</li> <li>Programmable response for \"OPEN\" end position (max. 24 V, 500 mA)</li> <li>Schüco controller for automatic configuration of synchronous running and sequence control with locking drives in composite drive systems</li> </ul>",
    "IsTwoPce": false,
    "ResultVentWeight": 77.26,
    "IsLsRsDrive": false,
    "ArticleNumberRs": 0,
    "TwoDrivesSideInstallation50": 0,
    "TwoDrivesSideInstallation60": 0,
    "TwoDrivesSideInstallation70": 0,
    "TwoDrivesSideInstallation80": 0,
    "OpeningSpeedmms": 0,
    "Traction": 500,
    "Thrust": 200,
    "Id": "e894c2ec-1e80-4d24-8c80-a383a582ab2a",
    "CreatedOn": "2024-09-26T13:55:26.817Z",
    "CreatedBy": "",
    "ModifiedOn": "2024-09-26T13:55:26.817Z",
    "ModifiedBy": ""
  },
  {
    "Name": "Locking actuator EasyConnect ow",
    "Bezeichnung": "Verriegelungsantrieb EasyConnect ow",
    "ConfigurationId": "00000000-0000-0000-0000-000000000000",
    "Description": "",
    "Application": "",
    "ApplicationFacade": true,
    "ApplicationSkylight": false,
    "Type": 5,
    "OpeningType": 0,
    "BottomHungInward": false,
    "BottomHungOutward": false,
    "SideHungInward": false,
    "SideHungOutward": true,
    "TopHungInward": false,
    "TopHungOutward": true,
    "ProjectedTopHungInward": false,
    "ProjectedTopHungOutward": true,
    "InstallationType": "",
    "ITMainOutFrmMountWBracket": true,
    "ITMainFixOutFrmMount": false,
    "ITMainVentFrmMount": false,
    "ITSideMount50": false,
    "ITSideMount60": false,
    "ITSideMount70": false,
    "ITSideMount80": false,
    "ITSideMount67": false,
    "Feature": "",
    "FeatureOpenClose": true,
    "FeatureLock": false,
    "ArticleNumber": 291589,
    "Stroke": 0,
    "Angle": 0,
    "Voltage": null,
    "Voltage24": true,
    "Voltage230": true,
    "RatedCurrent": 0,
    "BreakingCurrent": 0,
    "PullingForceMax": 0,
    "PushingForceMax": 0,
    "PullingForceMaxWithNegativeWind": 0,
    "PushingForceMaxWithNegativeWind": 0,
    "PushingForcePermanent": 0,
    "PullingForcePermanent": 0,
    "MinPullingForceMax": 0,
    "MinPushingForceMax": 0,
    "MinPullingForcePermanent": 0,
    "MinPushingForcePermanent": 0,
    "Price": 0,
    "DriveLength": 0,
    "ChainDrive": 0,
    "ChainDrive2": 0,
    "MaxLengthMainClosingEdge1Drive": 0,
    "MaxGeometricArea": 0,
    "GeometricalSmokeExhaustion": 0,
    "TotalGlassThickness": 0,
    "Dimensions": 0,
    "DimensionsWxHxD": "375 x 24 x 35",
    "TensileForce": 0,
    "LockingForce": 0,
    "Details_DE": "<ul> <li>Bemessungsspannung: 24 V DC (19 V … 28 V)</li> <li>Abschaltstrom: ~1,0 A</li> <li>Bemessungsstrom: 0,6 A</li> <li>Bemessungsaufnahme: 15 W</li> <li>Schutzart: IP 32</li><li>Zug-/Schubkraft: max. 600 N</li> <li>Umgebungstemperatur: -5°C bis + 60°C</li> <li>Anschlussleitung: Halogenfrei, grau 5 x 0,5mm² , ~5m</li> <li>Laufzeit: ~ 5s</li><li>Hub: ~ 18mm</li> </ul>",
    "Details_EN": "<ul> <li>Rated voltage : 24 V DC (19 V … 28 V</li> <li>Breaking current : ~1,0 A</li> <li>Rated current : 0,6 A</li> <li>Rated consumption : 15 W</li> <li>Protection rating : IP 32</li><li>Traction/ thrust : max. 600 N</li> <li>Ambient temperature: -5°C bis + 60°C</li> <li>Connecting cable: halogen-free, grey 5 x 0,5mm² , ~5m</li> <li>Running time: ~ 5s</li><li>Stroke: ~ 18mm</li> </ul>",
    "Einsatz": "<ul> <li>Anwendung: Lüftung, NRA</li><li>Integrierte intelligente Regelelektronik</li></ul>",
    "Use": "<ul> <li>Application: ventilation, natural smoke ventilation</li> <li>Integrated intelligent control electronics</li></ul>",
    "Ausstattung": "<ul><li>Laufrichtung einstellbar</li><li>Zusätzlicher Universal-Steckersatz</li></ul>",
    "Equipment": "<ul><li>Running direction adjustable</li><li>Additional universal plug socket</li></ul>",
    "Optionen": "<ul> <li>Mitnehmer objekt-/profilspezifisch anpassbar</li></ul>",
    "Options": "<ul> <li>Coupling adapter customizable for project-/profile-specific demands</li></ul>",
    "IsTwoPce": false,
    "ResultVentWeight": 0,
    "IsLsRsDrive": false,
    "ArticleNumberRs": 0,
    "TwoDrivesSideInstallation50": 0,
    "TwoDrivesSideInstallation60": 0,
    "TwoDrivesSideInstallation70": 0,
    "TwoDrivesSideInstallation80": 0,
    "OpeningSpeedmms": 0,
    "Traction": 0,
    "Thrust": 0,
    "Id": "ebe9753c-e5d7-4140-afe0-9f98bf25df99",
    "CreatedOn": "2024-09-26T13:55:26.817Z",
    "CreatedBy": "",
    "ModifiedOn": "2024-09-26T13:55:26.817Z",
    "ModifiedBy": ""
  }
]

13:53:15.416 [main] INFO  com.intuit.karate - Expected RecommDrive: Chain actuator D2 L600,Chain actuator D4 600,Chain actuator D6 600,Chain actuator TWIN D2 L600,Locking actuator EasyConnect ow 
13:53:15.416 [main] INFO  com.intuit.karate - Actual RecommDrive: Chain actuator D2 L600, Chain actuator D4 600, Chain actuator D6 600, Chain actuator TWIN D2 L600, Locking actuator EasyConnect ow 
13:53:15.416 [main] INFO  com.intuit.karate - Normalized Actual RecommDrive: Chain actuator D2 L600,Chain actuator D4 600,Chain actuator D6 600,Chain actuator TWIN D2 L600,Locking actuator EasyConnect ow 
13:53:15.417 [main] INFO  com.intuit.karate - Normalized Expected RecommDrive: Chain actuator D2 L600,Chain actuator D4 600,Chain actuator D6 600,Chain actuator TWIN D2 L600,Locking actuator EasyConnect ow 
13:53:15.417 [main] INFO  com.intuit.karate - All Drive IDs: [
  "267a3972-757f-4244-ac52-6bc7b30bac9f",
  "fcff08f9-981e-47bb-8f19-91cb4dc64404",
  "3cae6110-7870-4645-8094-e12449f27b1f",
  "e894c2ec-1e80-4d24-8c80-a383a582ab2a",
  "ebe9753c-e5d7-4140-afe0-9f98bf25df99"
]
 
13:53:15.417 [main] INFO  com.intuit.karate - First Drive ID: 267a3972-757f-4244-ac52-6bc7b30bac9f 
13:53:15.418 [main] DEBUG com.intuit.karate - request:
3 > POST https://dev-drivetec-apis.schuecodigitalsolutions.com/api/Drives/DownloadPDFNew/Schuco
3 > Content-Type: application/json; charset=UTF-8
3 > Content-Length: 1194
3 > Host: dev-drivetec-apis.schuecodigitalsolutions.com
3 > Connection: Keep-Alive
3 > User-Agent: Apache-HttpClient/4.5.14 (Java/17.0.12)
3 > Accept-Encoding: gzip,deflate
[{"Id":"configId","Header":"configId","Value":"7619e3eb-a408-4339-a4d2-108ddc937b00"},{"Id":"driveId","Header":"driveId","Value":"267a3972-757f-4244-ac52-6bc7b30bac9f"},{"Id":"culture","Header":"culture","Value":"EN-US"},{"Id":"projectId","Header":"projectId","Value":"2afcf090-6588-4022-aa5e-49fca51f940e"},{"Id":"range-of-app","Header":"Range of application","Value":"Façade"},{"Id":"opening-type","Header":"Opening type","Value":"Bottom-hung vent"},{"Id":"opening-direction","Header":"Opening direction","Value":"Inward"},{"Id":"how-calc-weight","Header":"Vent weight","Value":"Weight including glass"},{"Id":"Chain-Length","Header":"Chain- \/ connecting rod handle","Value":"100%"},{"Id":"drive-position","Header":"Drive position","Value":"Side installation"},{"Id":"locking-mechanism","Header":"Locking mechanism","Value":"With"},{"Id":"voltage","Header":"Voltage","Value":"24 V"},{"Id":"drive-type","Header":"Drive type","Value":"Chain drive"},{"Id":"type-installation","Header":"Type of installation","Value":"Pivoting Outer Frame Installation"},{"Id":"calculation-type-for-ventilation-area","Header":"Calculation type for ventilation area","Value":"Method in accordance with ASR 3.6"}]

13:53:17.210 [main] DEBUG com.intuit.karate - response time in milliseconds: 1790
3 < 200
3 < Content-Type: application/json; charset=utf-8
3 < Date: Thu, 05 Dec 2024 08:23:14 GMT
3 < Server: Microsoft-IIS/10.0
3 < X-Powered-By: ASP.NET
3 < Content-Length: 279
3 < Connection: keep-alive
{
  "result": "https://drive-tec-dev.s3.amazonaws.com/AUT_TPJ33518-Chain_actuator_D2_L600.pdf?AWSAccessKeyId=AKIAZAWIART4ZFAXXPHK&Expires=1733390595&response-content-disposition=attachment%3B&response-content-type=application%2Fpdf&Signature=qan%2Ff3rKvnPJV5MD58ewGU7QtZg%3D"
}

13:53:17.211 [main] INFO  com.intuit.karate - Download URL for first driveId: https://drive-tec-dev.s3.amazonaws.com/AUT_TPJ33518-Chain_actuator_D2_L600.pdf?AWSAccessKeyId=AKIAZAWIART4ZFAXXPHK&Expires=1733390595&response-content-disposition=attachment%3B&response-content-type=application%2Fpdf&Signature=qan%2Ff3rKvnPJV5MD58ewGU7QtZg%3D 
13:53:17.217 [main] INFO  com.intuit.karate - karate.env system property was: null 
13:53:17.218 [main] INFO  com.intuit.karate - Running test for dataset:  Dataset18 
13:53:17.223 [main] INFO  com.intuit.karate - Using ProjectId:  {
  "result": {
    "projectId": "prjId"
  },
  "projectPayload": {
    "Id": "579816e4-6653-4794-b435-a885f32e28d7",
    "Name": "AUT_TPJ33518",
    "Address": "Hyderabad, Telangana, India",
    "Description": "",
    "CreatedBy": "579816e4-6653-4794-b435-a885f32e28d7",
    "ModifiedBy": "579816e4-6653-4794-b435-a885f32e28d7"
  },
  "uniqueName": "AUT_TPJ33518",
  "responseHeaders": {
    "Content-Type": [
      "application/json; charset=utf-8"
    ],
    "Date": [
      "Thu, 05 Dec 2024 08:22:12 GMT"
    ],
    "Server": [
      "Microsoft-IIS/10.0"
    ],
    "X-Powered-By": [
      "ASP.NET"
    ],
    "transfer-encoding": [
      "chunked"
    ],
    "Connection": [
      "keep-alive"
    ],
    "Set-Cookie": [
    ]
  },
  "responseTime": 841,
  "response": {
    "Name": "AUT_TPJ33518",
    "Description": "",
    "Address": "Hyderabad, Telangana, India",
    "Id": "2afcf090-6588-4022-aa5e-49fca51f940e",
    "CreatedOn": "2024-12-05T08:22:11.998251+00:00",
    "CreatedBy": "579816e4-6653-4794-b435-a885f32e28d7",
    "ModifiedOn": "2024-12-05T08:22:11.9982526+00:00",
    "ModifiedBy": ""
  },
  "responseStatus": 200,
  "prjId": "2afcf090-6588-4022-aa5e-49fca51f940e",
  "projectId": "2afcf090-6588-4022-aa5e-49fca51f940e"
}
 
13:53:17.224 [main] DEBUG com.intuit.karate - request:
1 > POST https://dev-drivetec-apis.schuecodigitalsolutions.com/Configurations
1 > Content-Type: application/json; charset=UTF-8
1 > Content-Length: 1275
1 > Host: dev-drivetec-apis.schuecodigitalsolutions.com
1 > Connection: Keep-Alive
1 > User-Agent: Apache-HttpClient/4.5.14 (Java/17.0.12)
1 > Accept-Encoding: gzip,deflate
{"Id":"00000000-0000-0000-0000-000000000000","ProjectId":"2afcf090-6588-4022-aa5e-49fca51f940e","Name":"Dataset7224","Description":"Dataset7224","CustomTags":"","CreatedBy":"579816e4-6653-4794-b435-a885f32e28d7","ModifiedBy":"579816e4-6653-4794-b435-a885f32e28d7","ApplicationName":1,"System":"","FacadeInclination":0,"OpeningType":1,"OpeningDirection":1,"OpeningWidth":1000,"VentOuterWidth":1230,"VentOuterHeight":1480,"VentWeight":70,"CalculateWeightWithGlass":false,"WeightIncGlassOrThickness":false,"GlassThickness":14,"ProfileWeightPerSerialMeter":2.5,"IsWindowOpeningCalculationByAngle":1,"RequiredOpeningStroke":400,"OpeningAngle":15,"WindLoad":120,"SnowLoad":0,"DrivePosition":2,"InstallationPosition":1,"ChainLengthConnectingRodHandle":5,"LockingMechanism":1,"Voltage":1,"DriveType":1,"TypeOfInstallation":2,"CalculationTypeForVentilation":1,"CalcVentilation":1,"GeometricArea":1,"SpecificExhaustDimension":30,"BuildingDepth":75,"RevealDepth":0,"RevealDepthRectangleAngle1":0,"RevealDepthRectangleAngle2":0,"HeightOfProfile":0,"HeightProfileRectangleAngle1":0,"HeightProfileRectangleAngle2":0,"AkippOrAtilt":0,"AdrehOrAturn":0,"Ageo":0,"MinPullingForceMax":0,"MinPushingForceMax":0,"MinPullingForcePermanent":0,"MinPushingForcePermanent":0,"ForceWithNegativeWind":0}

13:53:17.817 [main] DEBUG com.intuit.karate - response time in milliseconds: 591
1 < 200
1 < Content-Type: application/json; charset=utf-8
1 < Date: Thu, 05 Dec 2024 08:23:14 GMT
1 < Server: Microsoft-IIS/10.0
1 < X-Powered-By: ASP.NET
1 < transfer-encoding: chunked
1 < Connection: keep-alive
{
  "ProjectId": "2afcf090-6588-4022-aa5e-49fca51f940e",
  "Name": "Dataset7224",
  "Description": "Dataset7224",
  "CustomTags": "",
  "ApplicationName": 1,
  "OpeningType": 1,
  "OpeningDirection": 1,
  "CalculateWeightWithGlass": false,
  "WindLoad": 120,
  "IsWindowOpeningCalculationByAngle": 1,
  "VentOuterWidth": 1230,
  "VentOuterHeight": 1480,
  "WeightIncGlassOrThickness": false,
  "VentWeight": 77,
  "VentWeightExact": 77.26400000000001,
  "GlassThickness": 14,
  "ProfileWeightPerSerialMeter": 2.5,
  "FacadeInclination": 0,
  "ChainLengthConnectingRodHandle": 5,
  "ChainLenghtConnectingRodHandle": 0,
  "RequiredOpeningStroke": 400,
  "OpeningWidth": 1000,
  "OpeningAngle": 15.532868337024489,
  "SpecificExhaustDimension": 30,
  "BuildingDepth": 75,
  "SnowLoad": 0,
  "DistanceHinge": 0,
  "RatedCurrent": 0,
  "DrivePosition": 2,
  "LockingMechanism": 1,
  "Voltage": 1,
  "DriveType": 1,
  "TypeOfInstallation": 2,
  "GeometricArea": 0,
  "CalculationTypeForVentilation": 1,
  "HeightOfProfile": 0,
  "Reveal": 0,
  "RevealDepth": 0,
  "HeightProfileRectangleAngle1": 0,
  "HeightProfileRectangleAngle2": 0,
  "RevealDepthRectangleAngle1": 0,
  "RevealDepthRectangleAngle2": 0,
  "RevealDepthRectangleAngle12": 0,
  "InstallationPosition": 0,
  "RecommendedDriveArticleNo": 0,
  "System": "",
  "AkippOrAtilt": 1.084,
  "AdrehOrAturn": 1.8204,
  "Ageo": 1.084,
  "MinPullingForceMax": -206.4868442161654,
  "MinPushingForceMax": -206.4868442161654,
  "MinPullingForcePermanent": -104.11163259218097,
  "MinPushingForcePermanent": -104.11163259218097,
  "ForceWithNegativeWind": 109.53156767199486,
  "ForceWithNoWindMin": 0.30763693489047433,
  "ForceWithNegativeWindMin": 0,
  "ForceWithWindMin": -108.91629380221393,
  "Id": "2afd08e8-ee58-4a79-ac3a-94ee96dc5fb9",
  "CreatedOn": "2024-12-05T08:23:15.3513806+00:00",
  "CreatedBy": "579816e4-6653-4794-b435-a885f32e28d7",
  "ModifiedOn": "2024-12-05T08:23:15.3513816+00:00",
  "ModifiedBy": ""
}

13:53:17.819 [main] INFO  com.intuit.karate - Generated Config ID: 2afd08e8-ee58-4a79-ac3a-94ee96dc5fb9 
13:53:17.819 [main] INFO  com.intuit.karate - Generated Name: Dataset7224 
13:53:17.819 [main] INFO  com.intuit.karate - Generated Description: Dataset7224 
13:53:17.822 [main] DEBUG com.intuit.karate - request:
1 > PUT https://dev-drivetec-apis.schuecodigitalsolutions.com/Configurations
1 > Content-Type: application/json; charset=UTF-8
1 > Content-Length: 1280
1 > Host: dev-drivetec-apis.schuecodigitalsolutions.com
1 > Connection: Keep-Alive
1 > User-Agent: Apache-HttpClient/4.5.14 (Java/17.0.12)
1 > Accept-Encoding: gzip,deflate
{"Id":"2afd08e8-ee58-4a79-ac3a-94ee96dc5fb9","Name":"Dataset18","Description":"Dataset7224","ProjectId":"2afcf090-6588-4022-aa5e-49fca51f940e","CustomTags":"","CreatedBy":"579816e4-6653-4794-b435-a885f32e28d7","ModifiedBy":"579816e4-6653-4794-b435-a885f32e28d7","System":"","FacadeInclination":10,"OpeningType":2,"OpeningDirection":2,"OpeningWidth":1000,"VentOuterWidth":1230,"VentOuterHeight":1480,"VentWeight":0,"CalculateWeightWithGlass":false,"RequiredOpeningStroke":400,"WindLoad":120,"SnowLoad":0,"IsWindowOpeningCalculationByAngle":1,"GlassThickness":14,"ProfileWeightPerSerialMeter":2.5,"DrivePosition":1,"InstallationPosition":0,"LockingMechanism":1,"Voltage":1,"DriveType":1,"TypeOfInstallation":2,"GeometricArea":0,"CalcVentilation":2,"SpecificExhaustDimension":30,"BuildingDepth":60,"CalculationTypeForVentilation":2,"HeightOfProfile":0,"HeightProfileRectangleAngle1":75,"HeightProfileRectangleAngle2":200,"RevealDepth":0,"RevealDepthRectangleAngle1":50,"RevealDepthRectangleAngle2":1000,"ChainLengthConnectingRodHandle":5,"ApplicationName":1,"OpeningAngle":10,"WeightIncGlassOrThickness":false,"AkippOrAtilt":0,"AdrehOrAturn":0,"Ageo":0,"MinPullingForceMax":0,"MinPushingForceMax":0,"MinPullingForcePermanent":0,"MinPushingForcePermanent":0,"ForceWithNegativeWind":0}

13:53:18.404 [main] DEBUG com.intuit.karate - response time in milliseconds: 581
1 < 200
1 < Content-Type: application/json; charset=utf-8
1 < Date: Thu, 05 Dec 2024 08:23:15 GMT
1 < Server: Microsoft-IIS/10.0
1 < X-Powered-By: ASP.NET
1 < transfer-encoding: chunked
1 < Connection: keep-alive
{
  "ProjectId": "2afcf090-6588-4022-aa5e-49fca51f940e",
  "Name": "Dataset18",
  "Description": "Dataset7224",
  "CustomTags": "",
  "ApplicationName": 1,
  "OpeningType": 2,
  "OpeningDirection": 2,
  "CalculateWeightWithGlass": false,
  "WindLoad": 120,
  "IsWindowOpeningCalculationByAngle": 1,
  "VentOuterWidth": 1230,
  "VentOuterHeight": 1480,
  "WeightIncGlassOrThickness": false,
  "VentWeight": 77,
  "VentWeightExact": 77.26400000000001,
  "GlassThickness": 14,
  "ProfileWeightPerSerialMeter": 2.5,
  "FacadeInclination": 10,
  "ChainLengthConnectingRodHandle": 5,
  "ChainLenghtConnectingRodHandle": 0,
  "RequiredOpeningStroke": 400,
  "OpeningWidth": 1000,
  "OpeningAngle": 15.532868337024489,
  "SpecificExhaustDimension": 30,
  "BuildingDepth": 60,
  "SnowLoad": 0,
  "DistanceHinge": 0,
  "RatedCurrent": 0,
  "DrivePosition": 1,
  "LockingMechanism": 1,
  "Voltage": 1,
  "DriveType": 1,
  "TypeOfInstallation": 2,
  "GeometricArea": 0,
  "CalculationTypeForVentilation": 2,
  "HeightOfProfile": 0,
  "Reveal": 0,
  "RevealDepth": 0,
  "HeightProfileRectangleAngle1": 75,
  "HeightProfileRectangleAngle2": 200,
  "RevealDepthRectangleAngle1": 50,
  "RevealDepthRectangleAngle2": 1000,
  "RevealDepthRectangleAngle12": 0,
  "InstallationPosition": 0,
  "RecommendedDriveArticleNo": 0,
  "System": "",
  "AkippOrAtilt": 1.084,
  "AdrehOrAturn": 1.8204,
  "Ageo": 0.6165637649944986,
  "MinPullingForceMax": 39.21635469755029,
  "MinPushingForceMax": 147.12750748388888,
  "MinPullingForcePermanent": -66.74711192456053,
  "MinPushingForcePermanent": -66.74711192456053,
  "ForceWithNegativeWind": -172.71057854667134,
  "ForceWithNoWindMin": 37.93591244281374,
  "ForceWithNegativeWindMin": -71.25568259826139,
  "ForceWithWindMin": 39.21635469755029,
  "Id": "2afd08e8-ee58-4a79-ac3a-94ee96dc5fb9",
  "CreatedOn": "0001-01-01T00:00:00",
  "CreatedBy": "579816e4-6653-4794-b435-a885f32e28d7",
  "ModifiedOn": "2024-12-05T08:23:15.9360527+00:00",
  "ModifiedBy": "579816e4-6653-4794-b435-a885f32e28d7"
}

13:53:18.405 [main] INFO  com.intuit.karate - VentWeight from API Response: 77 
13:53:18.408 [main] INFO  com.intuit.karate - Rounded Opening Angle: 16.0 
13:53:18.408 [main] INFO  com.intuit.karate - Rounded Ageo: 0.62 
13:53:18.408 [main] INFO  com.intuit.karate - Rounded Required Opening Stroke: 400.0 
13:53:18.408 [main] INFO  com.intuit.karate - Rounded Vent Weight: 77.0 
13:53:18.412 [main] DEBUG com.intuit.karate - request:
2 > GET https://dev-drivetec-apis.schuecodigitalsolutions.com/Config/2afd08e8-ee58-4a79-ac3a-94ee96dc5fb9/Drive
2 > Host: dev-drivetec-apis.schuecodigitalsolutions.com
2 > Connection: Keep-Alive
2 > User-Agent: Apache-HttpClient/4.5.14 (Java/17.0.12)
2 > Accept-Encoding: gzip,deflate


13:53:19.160 [main] DEBUG com.intuit.karate - response time in milliseconds: 748
2 < 200
2 < Content-Type: application/json; charset=utf-8
2 < Date: Thu, 05 Dec 2024 08:23:15 GMT
2 < Server: Microsoft-IIS/10.0
2 < X-Powered-By: ASP.NET
2 < transfer-encoding: chunked
2 < Connection: keep-alive
[
  {
    "Name": "Chain actuator D2 L400",
    "Bezeichnung": "Kettenantrieb D2 L400",
    "ConfigurationId": "00000000-0000-0000-0000-000000000000",
    "Description": "",
    "Application": "Facade",
    "ApplicationFacade": true,
    "ApplicationSkylight": false,
    "Type": 1,
    "OpeningType": 0,
    "BottomHungInward": true,
    "BottomHungOutward": false,
    "SideHungInward": true,
    "SideHungOutward": false,
    "TopHungInward": false,
    "TopHungOutward": true,
    "ProjectedTopHungInward": false,
    "ProjectedTopHungOutward": false,
    "InstallationType": "",
    "ITMainOutFrmMountWBracket": true,
    "ITMainFixOutFrmMount": true,
    "ITMainVentFrmMount": true,
    "ITSideMount50": false,
    "ITSideMount60": false,
    "ITSideMount70": false,
    "ITSideMount80": false,
    "ITSideMount67": true,
    "Feature": "",
    "FeatureOpenClose": true,
    "FeatureLock": true,
    "ArticleNumber": 291754,
    "Stroke": 400,
    "Angle": 0,
    "Voltage": "24 V DC",
    "Voltage24": true,
    "Voltage230": false,
    "RatedCurrent": 1,
    "BreakingCurrent": 1,
    "PullingForceMax": 250,
    "PushingForceMax": 200,
    "PullingForceMaxWithNegativeWind": 0,
    "PushingForceMaxWithNegativeWind": 0,
    "PushingForcePermanent": 133.33,
    "PullingForcePermanent": 250,
    "MinPullingForceMax": 0,
    "MinPushingForceMax": 147.13,
    "MinPullingForcePermanent": -66.75,
    "MinPushingForcePermanent": 0,
    "Price": 252.38,
    "DriveLength": 430,
    "ChainDrive": 530,
    "ChainDrive2": 1020,
    "MaxLengthMainClosingEdge1Drive": 1650,
    "MaxGeometricArea": 1,
    "GeometricalSmokeExhaustion": 0,
    "TotalGlassThickness": 14,
    "Dimensions": 0,
    "DimensionsWxHxD": "430 x 26 x 41",
    "TensileForce": 0,
    "LockingForce": 0,
    "Details_DE": "<ul><li>Bemessungsspannung: 24 V DC (19 V … 28 V)</li><li>Abschaltstrom: 1,0 A</li><li>Bemessungsstrom: 0,7 A</li><li>Bemessungsaufnahme: 17 W</li><li>Schutzart: IP 32</li><li>Zug-/Schubkraft: max. 250 N</li><li>Umgebungstemperatur: -5°C bis + 60°C</li><li>Anschlussleitung: Halogenfrei, grau 3 x 0,5 mm², ~3 m</li><li>Max. Geschwindigkeit: 13,5 mm/s</li></ul>",
    "Details_EN": "<ul><li>Rated voltage: 24 V DC (19 V … 28 V)</li><li>Breaking current: 1.0 A</li><li>Rated current: 0.7 A</li><li>Rated consumption: 17 W</li><li>Protection rating: IP 32</li><li>Traction/ thrust: max. 250 N</li><li>Ambient temperature: -5°C bis + 60°C</li><li>Connecting cable: halogen-free, grey 3 x 0.5 mm², ~3 m</li><li>Max. speed: 13.5 mm/s</li></ul>",
    "Einsatz": "<ul> <li>Anwendung: Lüftung, NRA</li> <li>Integrierte intelligente Regelelektronik</li> <li>Rückmeldung Endlage „ZU“ (max. 24 V, 500 mA)</li> </ul>",
    "Use": "<ul> <li>Application: ventilation, natural smoke ventilation</li> <li>Integrated, intelligent control electronics</li> <li>Response for “CLOSED” end position (max. 24 V, 500 mA)</li> </ul>",
    "Ausstattung": null,
    "Equipment": null,
    "Optionen": "<ul> <li>Programmierung von Sonderfunktionen</li> <li>Programmierbare Rückmeldung Endlage „AUF“ (max. 24 V, 500 mA)</li> <li>Schüco Kontroller zur automatischen Konfiguration von Synchronlauf und Folgesteuerungen mit Verriegelungsantrieben in Antriebs-Verbundsystemen</li> </ul>",
    "Options": "<ul> <li>Programming of special functions</li> <li>Programmable response for “OPEN” end position (max. 24 V, 500 mA)</li> <li>Schüco controller for automatic configuration of synchronous running and sequence control with locking drives in composite drive systems</li></ul>",
    "IsTwoPce": false,
    "ResultVentWeight": 77.26,
    "IsLsRsDrive": true,
    "ArticleNumberRs": 291755,
    "TwoDrivesSideInstallation50": 0,
    "TwoDrivesSideInstallation60": 0,
    "TwoDrivesSideInstallation70": 0,
    "TwoDrivesSideInstallation80": 0,
    "OpeningSpeedmms": 0,
    "Traction": 250,
    "Thrust": 200,
    "Id": "94015dd3-0c39-4d62-be4f-b1e2f8066f98",
    "CreatedOn": "2024-09-26T13:55:26.817Z",
    "CreatedBy": "",
    "ModifiedOn": "2024-09-26T13:55:26.817Z",
    "ModifiedBy": ""
  },
  {
    "Name": "Chain actuator D4 400",
    "Bezeichnung": "Kettenantrieb D4 400",
    "ConfigurationId": "00000000-0000-0000-0000-000000000000",
    "Description": "",
    "Application": "Facade",
    "ApplicationFacade": true,
    "ApplicationSkylight": false,
    "Type": 1,
    "OpeningType": 0,
    "BottomHungInward": true,
    "BottomHungOutward": false,
    "SideHungInward": true,
    "SideHungOutward": true,
    "TopHungInward": false,
    "TopHungOutward": true,
    "ProjectedTopHungInward": false,
    "ProjectedTopHungOutward": true,
    "InstallationType": "",
    "ITMainOutFrmMountWBracket": true,
    "ITMainFixOutFrmMount": true,
    "ITMainVentFrmMount": true,
    "ITSideMount50": false,
    "ITSideMount60": false,
    "ITSideMount70": false,
    "ITSideMount80": false,
    "ITSideMount67": true,
    "Feature": "",
    "FeatureOpenClose": true,
    "FeatureLock": true,
    "ArticleNumber": 291706,
    "Stroke": 400,
    "Angle": 0,
    "Voltage": "24 V DC",
    "Voltage24": true,
    "Voltage230": false,
    "RatedCurrent": 1,
    "BreakingCurrent": 1,
    "PullingForceMax": 400,
    "PushingForceMax": 300,
    "PullingForceMaxWithNegativeWind": 0,
    "PushingForceMaxWithNegativeWind": 0,
    "PushingForcePermanent": 200,
    "PullingForcePermanent": 400,
    "MinPullingForceMax": 0,
    "MinPushingForceMax": 147.13,
    "MinPullingForcePermanent": -66.75,
    "MinPushingForcePermanent": 0,
    "Price": 273.74,
    "DriveLength": 551,
    "ChainDrive": 651,
    "ChainDrive2": 1262,
    "MaxLengthMainClosingEdge1Drive": 1850,
    "MaxGeometricArea": 1,
    "GeometricalSmokeExhaustion": 0,
    "TotalGlassThickness": 14,
    "Dimensions": 0,
    "DimensionsWxHxD": "551 x 24 x 35",
    "TensileForce": 0,
    "LockingForce": 0,
    "Details_DE": "<ul><li>Bemessungsspannung: 24 V DC (19 V … 28 V)</li> <li>Abschaltstrom: 1,2 A</li> <li>Bemessungsstrom: 0,9 A</li> <li>Bemessungsaufnahme: 22 W</li> <li>Schutzart: IP 32</li> <li>Zug-/Schubkraft: max. 400 N</li> <li>Umgebungstemperatur: -5°C bis + 60°C</li> <li>Anschlussleitung: Halogenfrei, grau 5 x 0,5mm², ~3m</li> <li>Max. Geschwindigkeit: 13,5 mm/s</li></ul>",
    "Details_EN": "<ul><li>Rated voltage: 24 V DC (19 V … 28 V)</li> <li>Breaking current: 1.2 A</li><li>Rated current: 0.9 A</li><li>Rated consumption: 22 W</li><li>Protection rating: IP 32</li><li>Traction/ thrust: max. 400 N</li><li>Ambient temperature: -5° C to +60° C</li><li>Connecting cable: halogen-free, grey, 5 x 0.5 mm², ~ 3 m</li><li>Max. speed: 13,5 mm/s </li></ul>",
    "Einsatz": "<ul><li>Anwendung: Lüftung, NRA</li> <li>Integrierte intelligente Regelelektronik</li> <li>Rückmeldung Endlage „ZU“ (max. 24 V, 500 mA)</li> </ul>",
    "Use": "<ul><li>Application: ventilation, natural smoke ventilation</li> <li>Integrated intelligent control electronics</li> <li>Response for “CLOSED” end position (max. 24 V, 500 mA)</li> </ul>",
    "Ausstattung": "<ul><li>Zusätzlicher Universal-Steckersatz für Mehrfachbetrieb bis zu 4 Antrieben und 2 Verriegelungsantrieben</li></ul>",
    "Equipment": "<ul><li>Additional universal plug socket for multiplex operation of up to 4 drives and 2 interlocking drives</li></ul>",
    "Optionen": "<ul><li>Programmierung von Sonderfunktionen</li> <li>Programmierbare Rückmeldung Endlage „AUF“ (max. 24 V, 500 mA)</li> <li>Schüco Kontroller zur automatischen Konfiguration von Synchronlauf und Folgesteuerungen mit Verriegelungsantrieben in Antriebs-Verbundsystemen</li> </ul>",
    "Options": "<ul><li>Programming of special functions</li> <li>Programmable response for “OPEN” end position (max. 24 V, 500 mA)</li> <li>Schüco controller for automatic configuration of synchronous running and sequence control with locking drives in composite drive systems</li> </ul>",
    "IsTwoPce": false,
    "ResultVentWeight": 77.26,
    "IsLsRsDrive": true,
    "ArticleNumberRs": 291705,
    "TwoDrivesSideInstallation50": 0,
    "TwoDrivesSideInstallation60": 0,
    "TwoDrivesSideInstallation70": 0,
    "TwoDrivesSideInstallation80": 0,
    "OpeningSpeedmms": 0,
    "Traction": 400,
    "Thrust": 300,
    "Id": "3d1279a9-fd09-4a49-8d1b-c747973b2872",
    "CreatedOn": "2024-09-26T13:55:26.817Z",
    "CreatedBy": "",
    "ModifiedOn": "2024-09-26T13:55:26.817Z",
    "ModifiedBy": ""
  },
  {
    "Name": "Chain actuator D6 400",
    "Bezeichnung": "Kettenantrieb D6 400",
    "ConfigurationId": "00000000-0000-0000-0000-000000000000",
    "Description": "",
    "Application": "Facade",
    "ApplicationFacade": true,
    "ApplicationSkylight": true,
    "Type": 1,
    "OpeningType": 0,
    "BottomHungInward": true,
    "BottomHungOutward": true,
    "SideHungInward": true,
    "SideHungOutward": true,
    "TopHungInward": false,
    "TopHungOutward": true,
    "ProjectedTopHungInward": false,
    "ProjectedTopHungOutward": true,
    "InstallationType": "",
    "ITMainOutFrmMountWBracket": true,
    "ITMainFixOutFrmMount": false,
    "ITMainVentFrmMount": true,
    "ITSideMount50": false,
    "ITSideMount60": false,
    "ITSideMount70": false,
    "ITSideMount80": false,
    "ITSideMount67": true,
    "Feature": "",
    "FeatureOpenClose": true,
    "FeatureLock": true,
    "ArticleNumber": 291715,
    "Stroke": 400,
    "Angle": 0,
    "Voltage": "24 V DC",
    "Voltage24": true,
    "Voltage230": false,
    "RatedCurrent": 1,
    "BreakingCurrent": 1,
    "PullingForceMax": 600,
    "PushingForceMax": 600,
    "PullingForceMaxWithNegativeWind": 0,
    "PushingForceMaxWithNegativeWind": 0,
    "PushingForcePermanent": 400,
    "PullingForcePermanent": 600,
    "MinPullingForceMax": 0,
    "MinPushingForceMax": 147.13,
    "MinPullingForcePermanent": -66.75,
    "MinPushingForcePermanent": 0,
    "Price": 360.35,
    "DriveLength": 591,
    "ChainDrive": 691,
    "ChainDrive2": 1342,
    "MaxLengthMainClosingEdge1Drive": 1920,
    "MaxGeometricArea": 1,
    "GeometricalSmokeExhaustion": 0,
    "TotalGlassThickness": 14,
    "Dimensions": 0,
    "DimensionsWxHxD": "591 x 40 x 56",
    "TensileForce": 0,
    "LockingForce": 0,
    "Details_DE": "<ul> <li>Bemessungsspannung: 24 V DC (19 V … 28 V)</li> <li>Abschaltstrom: 1,2 A</li> <li>Bemessungsstrom: 0,9 A</li> <li>Bemessungsaufnahme: 22 W</li> <li>Schutzart: IP 32</li> <li>Zug-/Schubkraft: max. 600 N</li> <li>Umgebungstemperatur: -5°C bis + 60°C</li> <li>Anschlussleitung: Halogenfrei, grau 5 x 0,5mm², ~3m</li> <li>Max. Geschwindigkeit: 13,5 mm/s</li> </ul>",
    "Details_EN": "<ul> <li>Rated voltage: 24 V DC (19 V … 28 V)</li><li>Breaking current: 1.2 A</li><li>Rated current: 0.9 A</li><li>Rated consumption: 22W</li><li>Protection rating: IP 32</li><li>Traction/ thrust: max. 600 N</li><li>Ambient temperature: -5° C to +60° C</li><li>Connecting cable: halogen-free, grey 3 x 0,5mm², ~3m</li><li>Max. speed: 13,5 mm/s</li></ul>",
    "Einsatz": "<ul><li>Anwendung: Lüftung, NRA</li> <li>Integrierte intelligente Regelelektronik</li></ul>",
    "Use": "<ul><li>Application: ventilation, natural smoke ventilation</li> <li>Integrated intelligent control electronics</li> </ul>",
    "Ausstattung": "<ul><li>Zusätzlicher Universal-Steckersatz für Mehrfachbetrieb bis zu 4 Antrieben und 2 Verriegelungsantrieben</li></ul>",
    "Equipment": "<ul><li>Additional universal plug socket for multiplex operation  of up to 4 drives and 2 interlocking drives</li></ul>",
    "Optionen": "<ul><li>Programmierung von Sonderfunktionen</li> <li>Programmierbare Rückmeldung Endlage „AUF“ (max. 24 V, 500 mA)</li> <li>Schüco Kontroller zur automatischen Konfiguration von Synchronlauf und Folgesteuerungen mit Verriegelungsantrieben in Antriebs-Verbundsystemen</li> </ul>",
    "Options": "<ul><li>Programming of special functions</li> <li>Programmable response for “OPEN” end position (max. 24 V, 500 mA)</li> <li>Schüco controller for automatic configuration of synchronous running and sequence control with locking drives in composite drive systems</li> </ul>",
    "IsTwoPce": false,
    "ResultVentWeight": 77.26,
    "IsLsRsDrive": false,
    "ArticleNumberRs": 0,
    "TwoDrivesSideInstallation50": 0,
    "TwoDrivesSideInstallation60": 0,
    "TwoDrivesSideInstallation70": 0,
    "TwoDrivesSideInstallation80": 0,
    "OpeningSpeedmms": 0,
    "Traction": 600,
    "Thrust": 600,
    "Id": "6cfaf03b-807c-4298-8635-4bf804653a9e",
    "CreatedOn": "2024-09-26T13:55:26.817Z",
    "CreatedBy": "",
    "ModifiedOn": "2024-09-26T13:55:26.817Z",
    "ModifiedBy": ""
  },
  {
    "Name": "Chain actuator TWIN D2 L400",
    "Bezeichnung": "Kettenantrieb TWIN D2 L400",
    "ConfigurationId": "00000000-0000-0000-0000-000000000000",
    "Description": "",
    "Application": "Facade",
    "ApplicationFacade": true,
    "ApplicationSkylight": false,
    "Type": 1,
    "OpeningType": 0,
    "BottomHungInward": true,
    "BottomHungOutward": false,
    "SideHungInward": false,
    "SideHungOutward": false,
    "TopHungInward": false,
    "TopHungOutward": true,
    "ProjectedTopHungInward": false,
    "ProjectedTopHungOutward": false,
    "InstallationType": "",
    "ITMainOutFrmMountWBracket": true,
    "ITMainFixOutFrmMount": true,
    "ITMainVentFrmMount": true,
    "ITSideMount50": false,
    "ITSideMount60": false,
    "ITSideMount70": false,
    "ITSideMount80": false,
    "ITSideMount67": false,
    "Feature": "",
    "FeatureOpenClose": true,
    "FeatureLock": true,
    "ArticleNumber": 291773,
    "Stroke": 400,
    "Angle": 0,
    "Voltage": "24 V DC",
    "Voltage24": true,
    "Voltage230": false,
    "RatedCurrent": 1,
    "BreakingCurrent": 2,
    "PullingForceMax": 500,
    "PushingForceMax": 400,
    "PullingForceMaxWithNegativeWind": 0,
    "PushingForceMaxWithNegativeWind": 0,
    "PushingForcePermanent": 266.67,
    "PullingForcePermanent": 500,
    "MinPullingForceMax": 0,
    "MinPushingForceMax": 147.13,
    "MinPullingForcePermanent": -66.75,
    "MinPushingForcePermanent": 0,
    "Price": 503.83,
    "DriveLength": 830,
    "ChainDrive": 930,
    "ChainDrive2": 0,
    "MaxLengthMainClosingEdge1Drive": 1650,
    "MaxGeometricArea": 1,
    "GeometricalSmokeExhaustion": 0,
    "TotalGlassThickness": 14,
    "Dimensions": 0,
    "DimensionsWxHxD": "830 x 26 x 41",
    "TensileForce": 0,
    "LockingForce": 0,
    "Details_DE": "<ul><li>Bemessungsspannung: 24 V DC (19 V … 28 V)</li> <li>Abschaltstrom: 2,0 A</li> <li>Bemessungsstrom: 1,4 A</li> <li>Bemessungsaufnahme: 34 W</li> <li>Schutzart: IP 32</li> <li>Zug-/Schubkraft: max. 500 N</li> <li>Umgebungstemperatur: -5°C bis + 60°C</li> <li>Anschlussleitung: Halogenfrei, grau 3 x 0,5mm², ~3m</li> <li>Max. Geschwindigkeit: 12 mm/s</li> </ul>",
    "Details_EN": "<ul><li>Rated voltage: 24 V DC (19 V … 28 V)</li><li>Breaking current: 2.0 A</li><li>Rated current: 1.4 A</li><li>Rated consumption: 34 W</li><li>Protection rating: IP 32</li><li>Traction/ thrust: max. 500 N</li><li>Ambient temperature: -5°C bis + 60°C</li><li>Connecting cable: halogen-free, grey 3 x 0,5mm², ~3m</li><li>Max. speed: 12 mm/s</li></ul>",
    "Einsatz": "<ul><li>Anwendung: Lüftung, NRA</li> <li>Integrierte intelligente Regelelektronik</li> <li>Rückmeldung Endlage „ZU“ (max. 24 V, 500 mA)</li> </ul>",
    "Use": "<ul><li>Application: ventilation, natural smoke ventilation</li> <li>Integrated intelligent control electronics</li> <li>Response for \"CLOSED\" end position (max. 24 V, 500 mA)</li> </ul>",
    "Ausstattung": null,
    "Equipment": null,
    "Optionen": "<ul><li>Programmierung von Sonderfunktionen</li> <li>Programmierbare Rückmeldung Endlage „AUF“ (max. 24 V, 500 mA)</li> <li>Schüco Kontroller zur automatischen Konfiguration von Synchronlauf und Folgesteuerungen mit Verriegelungsantrieb in Antriebs-Verbundsystem</li> </ul>",
    "Options": "<ul><li>Programming of special functions</li> <li>Programmable response for \"OPEN\" end position (max. 24 V, 500 mA)</li> <li>Schüco controller for automatic configuration of synchronous running and sequence control with locking drives in composite drive systems</li> </ul>",
    "IsTwoPce": false,
    "ResultVentWeight": 77.26,
    "IsLsRsDrive": false,
    "ArticleNumberRs": 0,
    "TwoDrivesSideInstallation50": 0,
    "TwoDrivesSideInstallation60": 0,
    "TwoDrivesSideInstallation70": 0,
    "TwoDrivesSideInstallation80": 0,
    "OpeningSpeedmms": 0,
    "Traction": 500,
    "Thrust": 400,
    "Id": "bee855a0-ff9e-43a3-aef0-f3ffc5797b4f",
    "CreatedOn": "2024-09-26T13:55:26.817Z",
    "CreatedBy": "",
    "ModifiedOn": "2024-09-26T13:55:26.817Z",
    "ModifiedBy": ""
  },
  {
    "Name": "Chain actuator D2 L400",
    "Bezeichnung": "Kettenantrieb D2 L400",
    "ConfigurationId": "00000000-0000-0000-0000-000000000000",
    "Description": "",
    "Application": "Facade",
    "ApplicationFacade": true,
    "ApplicationSkylight": false,
    "Type": 1,
    "OpeningType": 0,
    "BottomHungInward": true,
    "BottomHungOutward": false,
    "SideHungInward": true,
    "SideHungOutward": false,
    "TopHungInward": false,
    "TopHungOutward": true,
    "ProjectedTopHungInward": false,
    "ProjectedTopHungOutward": false,
    "InstallationType": "",
    "ITMainOutFrmMountWBracket": true,
    "ITMainFixOutFrmMount": true,
    "ITMainVentFrmMount": true,
    "ITSideMount50": false,
    "ITSideMount60": false,
    "ITSideMount70": false,
    "ITSideMount80": false,
    "ITSideMount67": true,
    "Feature": "",
    "FeatureOpenClose": true,
    "FeatureLock": true,
    "ArticleNumber": 291754,
    "Stroke": 400,
    "Angle": 0,
    "Voltage": "24 V DC",
    "Voltage24": true,
    "Voltage230": false,
    "RatedCurrent": 1,
    "BreakingCurrent": 1,
    "PullingForceMax": 250,
    "PushingForceMax": 200,
    "PullingForceMaxWithNegativeWind": 0,
    "PushingForceMaxWithNegativeWind": 0,
    "PushingForcePermanent": 133.33,
    "PullingForcePermanent": 250,
    "MinPullingForceMax": 0,
    "MinPushingForceMax": 147.13,
    "MinPullingForcePermanent": -66.75,
    "MinPushingForcePermanent": 0,
    "Price": 504.76,
    "DriveLength": 430,
    "ChainDrive": 530,
    "ChainDrive2": 1020,
    "MaxLengthMainClosingEdge1Drive": 1650,
    "MaxGeometricArea": 1,
    "GeometricalSmokeExhaustion": 0,
    "TotalGlassThickness": 14,
    "Dimensions": 0,
    "DimensionsWxHxD": "430 x 26 x 41",
    "TensileForce": 0,
    "LockingForce": 0,
    "Details_DE": "<ul><li>Bemessungsspannung: 24 V DC (19 V … 28 V)</li><li>Abschaltstrom: 1,0 A</li><li>Bemessungsstrom: 0,7 A</li><li>Bemessungsaufnahme: 17 W</li><li>Schutzart: IP 32</li><li>Zug-/Schubkraft: max. 250 N</li><li>Umgebungstemperatur: -5°C bis + 60°C</li><li>Anschlussleitung: Halogenfrei, grau 3 x 0,5 mm², ~3 m</li><li>Max. Geschwindigkeit: 13,5 mm/s</li></ul>",
    "Details_EN": "<ul><li>Rated voltage: 24 V DC (19 V … 28 V)</li><li>Breaking current: 1.0 A</li><li>Rated current: 0.7 A</li><li>Rated consumption: 17 W</li><li>Protection rating: IP 32</li><li>Traction/ thrust: max. 250 N</li><li>Ambient temperature: -5°C bis + 60°C</li><li>Connecting cable: halogen-free, grey 3 x 0.5 mm², ~3 m</li><li>Max. speed: 13.5 mm/s</li></ul>",
    "Einsatz": "<ul> <li>Anwendung: Lüftung, NRA</li> <li>Integrierte intelligente Regelelektronik</li> <li>Rückmeldung Endlage „ZU“ (max. 24 V, 500 mA)</li> </ul>",
    "Use": "<ul> <li>Application: ventilation, natural smoke ventilation</li> <li>Integrated, intelligent control electronics</li> <li>Response for “CLOSED” end position (max. 24 V, 500 mA)</li> </ul>",
    "Ausstattung": null,
    "Equipment": null,
    "Optionen": "<ul> <li>Programmierung von Sonderfunktionen</li> <li>Programmierbare Rückmeldung Endlage „AUF“ (max. 24 V, 500 mA)</li> <li>Schüco Kontroller zur automatischen Konfiguration von Synchronlauf und Folgesteuerungen mit Verriegelungsantrieben in Antriebs-Verbundsystemen</li> </ul>",
    "Options": "<ul> <li>Programming of special functions</li> <li>Programmable response for “OPEN” end position (max. 24 V, 500 mA)</li> <li>Schüco controller for automatic configuration of synchronous running and sequence control with locking drives in composite drive systems</li></ul>",
    "IsTwoPce": true,
    "ResultVentWeight": 77.26,
    "IsLsRsDrive": true,
    "ArticleNumberRs": 291755,
    "TwoDrivesSideInstallation50": 0,
    "TwoDrivesSideInstallation60": 0,
    "TwoDrivesSideInstallation70": 0,
    "TwoDrivesSideInstallation80": 0,
    "OpeningSpeedmms": 0,
    "Traction": 250,
    "Thrust": 200,
    "Id": "94015dd3-0c39-4d62-be4f-b1e2f8066f98",
    "CreatedOn": "2024-09-26T13:55:26.817Z",
    "CreatedBy": "",
    "ModifiedOn": "2024-09-26T13:55:26.817Z",
    "ModifiedBy": ""
  },
  {
    "Name": "Locking actuator EasyConnect ow",
    "Bezeichnung": "Verriegelungsantrieb EasyConnect ow",
    "ConfigurationId": "00000000-0000-0000-0000-000000000000",
    "Description": "",
    "Application": "",
    "ApplicationFacade": true,
    "ApplicationSkylight": false,
    "Type": 5,
    "OpeningType": 0,
    "BottomHungInward": false,
    "BottomHungOutward": false,
    "SideHungInward": false,
    "SideHungOutward": true,
    "TopHungInward": false,
    "TopHungOutward": true,
    "ProjectedTopHungInward": false,
    "ProjectedTopHungOutward": true,
    "InstallationType": "",
    "ITMainOutFrmMountWBracket": true,
    "ITMainFixOutFrmMount": false,
    "ITMainVentFrmMount": false,
    "ITSideMount50": false,
    "ITSideMount60": false,
    "ITSideMount70": false,
    "ITSideMount80": false,
    "ITSideMount67": false,
    "Feature": "",
    "FeatureOpenClose": true,
    "FeatureLock": false,
    "ArticleNumber": 291589,
    "Stroke": 0,
    "Angle": 0,
    "Voltage": null,
    "Voltage24": true,
    "Voltage230": true,
    "RatedCurrent": 0,
    "BreakingCurrent": 0,
    "PullingForceMax": 0,
    "PushingForceMax": 0,
    "PullingForceMaxWithNegativeWind": 0,
    "PushingForceMaxWithNegativeWind": 0,
    "PushingForcePermanent": 0,
    "PullingForcePermanent": 0,
    "MinPullingForceMax": 0,
    "MinPushingForceMax": 0,
    "MinPullingForcePermanent": 0,
    "MinPushingForcePermanent": 0,
    "Price": 0,
    "DriveLength": 0,
    "ChainDrive": 0,
    "ChainDrive2": 0,
    "MaxLengthMainClosingEdge1Drive": 0,
    "MaxGeometricArea": 0,
    "GeometricalSmokeExhaustion": 0,
    "TotalGlassThickness": 0,
    "Dimensions": 0,
    "DimensionsWxHxD": "375 x 24 x 35",
    "TensileForce": 0,
    "LockingForce": 0,
    "Details_DE": "<ul> <li>Bemessungsspannung: 24 V DC (19 V … 28 V)</li> <li>Abschaltstrom: ~1,0 A</li> <li>Bemessungsstrom: 0,6 A</li> <li>Bemessungsaufnahme: 15 W</li> <li>Schutzart: IP 32</li><li>Zug-/Schubkraft: max. 600 N</li> <li>Umgebungstemperatur: -5°C bis + 60°C</li> <li>Anschlussleitung: Halogenfrei, grau 5 x 0,5mm² , ~5m</li> <li>Laufzeit: ~ 5s</li><li>Hub: ~ 18mm</li> </ul>",
    "Details_EN": "<ul> <li>Rated voltage : 24 V DC (19 V … 28 V</li> <li>Breaking current : ~1,0 A</li> <li>Rated current : 0,6 A</li> <li>Rated consumption : 15 W</li> <li>Protection rating : IP 32</li><li>Traction/ thrust : max. 600 N</li> <li>Ambient temperature: -5°C bis + 60°C</li> <li>Connecting cable: halogen-free, grey 5 x 0,5mm² , ~5m</li> <li>Running time: ~ 5s</li><li>Stroke: ~ 18mm</li> </ul>",
    "Einsatz": "<ul> <li>Anwendung: Lüftung, NRA</li><li>Integrierte intelligente Regelelektronik</li></ul>",
    "Use": "<ul> <li>Application: ventilation, natural smoke ventilation</li> <li>Integrated intelligent control electronics</li></ul>",
    "Ausstattung": "<ul><li>Laufrichtung einstellbar</li><li>Zusätzlicher Universal-Steckersatz</li></ul>",
    "Equipment": "<ul><li>Running direction adjustable</li><li>Additional universal plug socket</li></ul>",
    "Optionen": "<ul> <li>Mitnehmer objekt-/profilspezifisch anpassbar</li></ul>",
    "Options": "<ul> <li>Coupling adapter customizable for project-/profile-specific demands</li></ul>",
    "IsTwoPce": false,
    "ResultVentWeight": 0,
    "IsLsRsDrive": false,
    "ArticleNumberRs": 0,
    "TwoDrivesSideInstallation50": 0,
    "TwoDrivesSideInstallation60": 0,
    "TwoDrivesSideInstallation70": 0,
    "TwoDrivesSideInstallation80": 0,
    "OpeningSpeedmms": 0,
    "Traction": 0,
    "Thrust": 0,
    "Id": "ebe9753c-e5d7-4140-afe0-9f98bf25df99",
    "CreatedOn": "2024-09-26T13:55:26.817Z",
    "CreatedBy": "",
    "ModifiedOn": "2024-09-26T13:55:26.817Z",
    "ModifiedBy": ""
  }
]

13:53:19.165 [main] INFO  com.intuit.karate - Expected RecommDrive: Chain actuator D2 L400,Chain actuator D4 400,Chain actuator D6 400,Chain actuator TWIN D2 L400,Chain actuator D2 L400,Locking actuator EasyConnect ow 
13:53:19.165 [main] INFO  com.intuit.karate - Actual RecommDrive: Chain actuator D2 L400, Chain actuator D4 400, Chain actuator D6 400, Chain actuator TWIN D2 L400, Chain actuator D2 L400, Locking actuator EasyConnect ow 
13:53:19.165 [main] INFO  com.intuit.karate - Normalized Actual RecommDrive: Chain actuator D2 L400,Chain actuator D4 400,Chain actuator D6 400,Chain actuator TWIN D2 L400,Chain actuator D2 L400,Locking actuator EasyConnect ow 
13:53:19.165 [main] INFO  com.intuit.karate - Normalized Expected RecommDrive: Chain actuator D2 L400,Chain actuator D4 400,Chain actuator D6 400,Chain actuator TWIN D2 L400,Chain actuator D2 L400,Locking actuator EasyConnect ow 
13:53:19.165 [main] INFO  com.intuit.karate - All Drive IDs: [
  "94015dd3-0c39-4d62-be4f-b1e2f8066f98",
  "3d1279a9-fd09-4a49-8d1b-c747973b2872",
  "6cfaf03b-807c-4298-8635-4bf804653a9e",
  "bee855a0-ff9e-43a3-aef0-f3ffc5797b4f",
  "94015dd3-0c39-4d62-be4f-b1e2f8066f98",
  "ebe9753c-e5d7-4140-afe0-9f98bf25df99"
]
 
13:53:19.165 [main] INFO  com.intuit.karate - First Drive ID: 94015dd3-0c39-4d62-be4f-b1e2f8066f98 
13:53:19.166 [main] DEBUG com.intuit.karate - request:
3 > POST https://dev-drivetec-apis.schuecodigitalsolutions.com/api/Drives/DownloadPDFNew/Schuco
3 > Content-Type: application/json; charset=UTF-8
3 > Content-Length: 1194
3 > Host: dev-drivetec-apis.schuecodigitalsolutions.com
3 > Connection: Keep-Alive
3 > User-Agent: Apache-HttpClient/4.5.14 (Java/17.0.12)
3 > Accept-Encoding: gzip,deflate
[{"Id":"configId","Header":"configId","Value":"2afd08e8-ee58-4a79-ac3a-94ee96dc5fb9"},{"Id":"driveId","Header":"driveId","Value":"94015dd3-0c39-4d62-be4f-b1e2f8066f98"},{"Id":"culture","Header":"culture","Value":"EN-US"},{"Id":"projectId","Header":"projectId","Value":"2afcf090-6588-4022-aa5e-49fca51f940e"},{"Id":"range-of-app","Header":"Range of application","Value":"Façade"},{"Id":"opening-type","Header":"Opening type","Value":"Bottom-hung vent"},{"Id":"opening-direction","Header":"Opening direction","Value":"Inward"},{"Id":"how-calc-weight","Header":"Vent weight","Value":"Weight including glass"},{"Id":"Chain-Length","Header":"Chain- \/ connecting rod handle","Value":"100%"},{"Id":"drive-position","Header":"Drive position","Value":"Side installation"},{"Id":"locking-mechanism","Header":"Locking mechanism","Value":"With"},{"Id":"voltage","Header":"Voltage","Value":"24 V"},{"Id":"drive-type","Header":"Drive type","Value":"Chain drive"},{"Id":"type-installation","Header":"Type of installation","Value":"Pivoting Outer Frame Installation"},{"Id":"calculation-type-for-ventilation-area","Header":"Calculation type for ventilation area","Value":"Method in accordance with ASR 3.6"}]

13:53:20.765 [main] DEBUG com.intuit.karate - response time in milliseconds: 1598
3 < 200
3 < Content-Type: application/json; charset=utf-8
3 < Date: Thu, 05 Dec 2024 08:23:18 GMT
3 < Server: Microsoft-IIS/10.0
3 < X-Powered-By: ASP.NET
3 < Content-Length: 277
3 < Connection: keep-alive
{
  "result": "https://drive-tec-dev.s3.amazonaws.com/AUT_TPJ33518-Chain_actuator_D2_L400.pdf?AWSAccessKeyId=AKIAZAWIART4ZFAXXPHK&Expires=1733390598&response-content-disposition=attachment%3B&response-content-type=application%2Fpdf&Signature=CC8SS5gfT2a3Yk8Y7kD8xzVfDQg%3D"
}

13:53:20.766 [main] INFO  com.intuit.karate - Download URL for first driveId: https://drive-tec-dev.s3.amazonaws.com/AUT_TPJ33518-Chain_actuator_D2_L400.pdf?AWSAccessKeyId=AKIAZAWIART4ZFAXXPHK&Expires=1733390598&response-content-disposition=attachment%3B&response-content-type=application%2Fpdf&Signature=CC8SS5gfT2a3Yk8Y7kD8xzVfDQg%3D 
13:53:20.772 [main] INFO  com.intuit.karate - karate.env system property was: null 
13:53:20.773 [main] INFO  com.intuit.karate - Running test for dataset:  Dataset19 
13:53:20.778 [main] INFO  com.intuit.karate - Using ProjectId:  {
  "result": {
    "projectId": "prjId"
  },
  "projectPayload": {
    "Id": "579816e4-6653-4794-b435-a885f32e28d7",
    "Name": "AUT_TPJ33518",
    "Address": "Hyderabad, Telangana, India",
    "Description": "",
    "CreatedBy": "579816e4-6653-4794-b435-a885f32e28d7",
    "ModifiedBy": "579816e4-6653-4794-b435-a885f32e28d7"
  },
  "uniqueName": "AUT_TPJ33518",
  "responseHeaders": {
    "Content-Type": [
      "application/json; charset=utf-8"
    ],
    "Date": [
      "Thu, 05 Dec 2024 08:22:12 GMT"
    ],
    "Server": [
      "Microsoft-IIS/10.0"
    ],
    "X-Powered-By": [
      "ASP.NET"
    ],
    "transfer-encoding": [
      "chunked"
    ],
    "Connection": [
      "keep-alive"
    ],
    "Set-Cookie": [
    ]
  },
  "responseTime": 841,
  "response": {
    "Name": "AUT_TPJ33518",
    "Description": "",
    "Address": "Hyderabad, Telangana, India",
    "Id": "2afcf090-6588-4022-aa5e-49fca51f940e",
    "CreatedOn": "2024-12-05T08:22:11.998251+00:00",
    "CreatedBy": "579816e4-6653-4794-b435-a885f32e28d7",
    "ModifiedOn": "2024-12-05T08:22:11.9982526+00:00",
    "ModifiedBy": ""
  },
  "responseStatus": 200,
  "prjId": "2afcf090-6588-4022-aa5e-49fca51f940e",
  "projectId": "2afcf090-6588-4022-aa5e-49fca51f940e"
}
 
13:53:20.783 [main] DEBUG com.intuit.karate - request:
1 > POST https://dev-drivetec-apis.schuecodigitalsolutions.com/Configurations
1 > Content-Type: application/json; charset=UTF-8
1 > Content-Length: 1275
1 > Host: dev-drivetec-apis.schuecodigitalsolutions.com
1 > Connection: Keep-Alive
1 > User-Agent: Apache-HttpClient/4.5.14 (Java/17.0.12)
1 > Accept-Encoding: gzip,deflate
{"Id":"00000000-0000-0000-0000-000000000000","ProjectId":"2afcf090-6588-4022-aa5e-49fca51f940e","Name":"Dataset0780","Description":"Dataset0780","CustomTags":"","CreatedBy":"579816e4-6653-4794-b435-a885f32e28d7","ModifiedBy":"579816e4-6653-4794-b435-a885f32e28d7","ApplicationName":1,"System":"","FacadeInclination":0,"OpeningType":1,"OpeningDirection":1,"OpeningWidth":1000,"VentOuterWidth":1230,"VentOuterHeight":1480,"VentWeight":70,"CalculateWeightWithGlass":false,"WeightIncGlassOrThickness":false,"GlassThickness":14,"ProfileWeightPerSerialMeter":2.5,"IsWindowOpeningCalculationByAngle":1,"RequiredOpeningStroke":400,"OpeningAngle":15,"WindLoad":120,"SnowLoad":0,"DrivePosition":2,"InstallationPosition":1,"ChainLengthConnectingRodHandle":5,"LockingMechanism":1,"Voltage":1,"DriveType":1,"TypeOfInstallation":2,"CalculationTypeForVentilation":1,"CalcVentilation":1,"GeometricArea":1,"SpecificExhaustDimension":30,"BuildingDepth":75,"RevealDepth":0,"RevealDepthRectangleAngle1":0,"RevealDepthRectangleAngle2":0,"HeightOfProfile":0,"HeightProfileRectangleAngle1":0,"HeightProfileRectangleAngle2":0,"AkippOrAtilt":0,"AdrehOrAturn":0,"Ageo":0,"MinPullingForceMax":0,"MinPushingForceMax":0,"MinPullingForcePermanent":0,"MinPushingForcePermanent":0,"ForceWithNegativeWind":0}

13:53:21.383 [main] DEBUG com.intuit.karate - response time in milliseconds: 599
1 < 200
1 < Content-Type: application/json; charset=utf-8
1 < Date: Thu, 05 Dec 2024 08:23:18 GMT
1 < Server: Microsoft-IIS/10.0
1 < X-Powered-By: ASP.NET
1 < Content-Length: 2031
1 < Connection: keep-alive
{
  "ProjectId": "2afcf090-6588-4022-aa5e-49fca51f940e",
  "Name": "Dataset0780",
  "Description": "Dataset0780",
  "CustomTags": "",
  "ApplicationName": 1,
  "OpeningType": 1,
  "OpeningDirection": 1,
  "CalculateWeightWithGlass": false,
  "WindLoad": 120,
  "IsWindowOpeningCalculationByAngle": 1,
  "VentOuterWidth": 1230,
  "VentOuterHeight": 1480,
  "WeightIncGlassOrThickness": false,
  "VentWeight": 77,
  "VentWeightExact": 77.26400000000001,
  "GlassThickness": 14,
  "ProfileWeightPerSerialMeter": 2.5,
  "FacadeInclination": 0,
  "ChainLengthConnectingRodHandle": 5,
  "ChainLenghtConnectingRodHandle": 0,
  "RequiredOpeningStroke": 400,
  "OpeningWidth": 1000,
  "OpeningAngle": 15.532868337024489,
  "SpecificExhaustDimension": 30,
  "BuildingDepth": 75,
  "SnowLoad": 0,
  "DistanceHinge": 0,
  "RatedCurrent": 0,
  "DrivePosition": 2,
  "LockingMechanism": 1,
  "Voltage": 1,
  "DriveType": 1,
  "TypeOfInstallation": 2,
  "GeometricArea": 0,
  "CalculationTypeForVentilation": 1,
  "HeightOfProfile": 0,
  "Reveal": 0,
  "RevealDepth": 0,
  "HeightProfileRectangleAngle1": 0,
  "HeightProfileRectangleAngle2": 0,
  "RevealDepthRectangleAngle1": 0,
  "RevealDepthRectangleAngle2": 0,
  "RevealDepthRectangleAngle12": 0,
  "InstallationPosition": 0,
  "RecommendedDriveArticleNo": 0,
  "System": "",
  "AkippOrAtilt": 1.084,
  "AdrehOrAturn": 1.8204,
  "Ageo": 1.084,
  "MinPullingForceMax": -206.4868442161654,
  "MinPushingForceMax": -206.4868442161654,
  "MinPullingForcePermanent": -104.11163259218097,
  "MinPushingForcePermanent": -104.11163259218097,
  "ForceWithNegativeWind": 109.53156767199486,
  "ForceWithNoWindMin": 0.30763693489047433,
  "ForceWithNegativeWindMin": 0,
  "ForceWithWindMin": -108.91629380221393,
  "Id": "1fdf4ff6-d05b-4350-812f-6f550231487b",
  "CreatedOn": "2024-12-05T08:23:18.917513+00:00",
  "CreatedBy": "579816e4-6653-4794-b435-a885f32e28d7",
  "ModifiedOn": "2024-12-05T08:23:18.9175141+00:00",
  "ModifiedBy": ""
}

13:53:21.384 [main] INFO  com.intuit.karate - Generated Config ID: 1fdf4ff6-d05b-4350-812f-6f550231487b 
13:53:21.384 [main] INFO  com.intuit.karate - Generated Name: Dataset0780 
13:53:21.384 [main] INFO  com.intuit.karate - Generated Description: Dataset0780 
13:53:21.387 [main] DEBUG com.intuit.karate - request:
1 > PUT https://dev-drivetec-apis.schuecodigitalsolutions.com/Configurations
1 > Content-Type: application/json; charset=UTF-8
1 > Content-Length: 1278
1 > Host: dev-drivetec-apis.schuecodigitalsolutions.com
1 > Connection: Keep-Alive
1 > User-Agent: Apache-HttpClient/4.5.14 (Java/17.0.12)
1 > Accept-Encoding: gzip,deflate
{"Id":"1fdf4ff6-d05b-4350-812f-6f550231487b","Name":"Dataset19","Description":"Dataset0780","ProjectId":"2afcf090-6588-4022-aa5e-49fca51f940e","CustomTags":"","CreatedBy":"579816e4-6653-4794-b435-a885f32e28d7","ModifiedBy":"579816e4-6653-4794-b435-a885f32e28d7","System":"","FacadeInclination":14,"OpeningType":3,"OpeningDirection":2,"OpeningWidth":1000,"VentOuterWidth":1230,"VentOuterHeight":1480,"VentWeight":0,"CalculateWeightWithGlass":false,"RequiredOpeningStroke":800,"WindLoad":275,"SnowLoad":0,"IsWindowOpeningCalculationByAngle":1,"GlassThickness":14,"ProfileWeightPerSerialMeter":2.5,"DrivePosition":1,"InstallationPosition":0,"LockingMechanism":1,"Voltage":1,"DriveType":1,"TypeOfInstallation":2,"GeometricArea":0,"CalcVentilation":1,"SpecificExhaustDimension":35,"BuildingDepth":65,"CalculationTypeForVentilation":1,"HeightOfProfile":200,"HeightProfileRectangleAngle1":0,"HeightProfileRectangleAngle2":0,"RevealDepth":1000,"RevealDepthRectangleAngle1":0,"RevealDepthRectangleAngle2":0,"ChainLengthConnectingRodHandle":5,"ApplicationName":1,"OpeningAngle":10,"WeightIncGlassOrThickness":false,"AkippOrAtilt":0,"AdrehOrAturn":0,"Ageo":0,"MinPullingForceMax":0,"MinPushingForceMax":0,"MinPullingForcePermanent":0,"MinPushingForcePermanent":0,"ForceWithNegativeWind":0}

13:53:21.980 [main] DEBUG com.intuit.karate - response time in milliseconds: 592
1 < 200
1 < Content-Type: application/json; charset=utf-8
1 < Date: Thu, 05 Dec 2024 08:23:19 GMT
1 < Server: Microsoft-IIS/10.0
1 < X-Powered-By: ASP.NET
1 < transfer-encoding: chunked
1 < Connection: keep-alive
{
  "ProjectId": "2afcf090-6588-4022-aa5e-49fca51f940e",
  "Name": "Dataset19",
  "Description": "Dataset0780",
  "CustomTags": "",
  "ApplicationName": 1,
  "OpeningType": 3,
  "OpeningDirection": 2,
  "CalculateWeightWithGlass": false,
  "WindLoad": 275,
  "IsWindowOpeningCalculationByAngle": 1,
  "VentOuterWidth": 1230,
  "VentOuterHeight": 1480,
  "WeightIncGlassOrThickness": false,
  "VentWeight": 77,
  "VentWeightExact": 77.26400000000001,
  "GlassThickness": 14,
  "ProfileWeightPerSerialMeter": 2.5,
  "FacadeInclination": 14,
  "ChainLengthConnectingRodHandle": 5,
  "ChainLenghtConnectingRodHandle": 0,
  "RequiredOpeningStroke": 800,
  "OpeningWidth": 1000,
  "OpeningAngle": 37.955778805488166,
  "SpecificExhaustDimension": 35,
  "BuildingDepth": 65,
  "SnowLoad": 0,
  "DistanceHinge": 0,
  "RatedCurrent": 0,
  "DrivePosition": 1,
  "LockingMechanism": 1,
  "Voltage": 1,
  "DriveType": 1,
  "TypeOfInstallation": 2,
  "GeometricArea": 0,
  "CalculationTypeForVentilation": 1,
  "HeightOfProfile": 200,
  "Reveal": 0,
  "RevealDepth": 1000,
  "HeightProfileRectangleAngle1": 0,
  "HeightProfileRectangleAngle2": 0,
  "RevealDepthRectangleAngle1": 0,
  "RevealDepthRectangleAngle2": 0,
  "RevealDepthRectangleAngle12": 0,
  "InstallationPosition": 0,
  "RecommendedDriveArticleNo": 0,
  "System": "",
  "AkippOrAtilt": 2.168,
  "AdrehOrAturn": 1.8204,
  "Ageo": 1.8204,
  "MinPullingForceMax": 221.18697699968584,
  "MinPushingForceMax": 252.4689762220639,
  "MinPullingForcePermanent": 0,
  "MinPushingForcePermanent": 0,
  "ForceWithNegativeWind": -252.4689762220639,
  "ForceWithNoWindMin": 0,
  "ForceWithNegativeWindMin": -221.18697699968584,
  "ForceWithWindMin": 221.18697699968584,
  "Id": "1fdf4ff6-d05b-4350-812f-6f550231487b",
  "CreatedOn": "0001-01-01T00:00:00",
  "CreatedBy": "579816e4-6653-4794-b435-a885f32e28d7",
  "ModifiedOn": "2024-12-05T08:23:19.5034404+00:00",
  "ModifiedBy": "579816e4-6653-4794-b435-a885f32e28d7"
}

13:53:21.981 [main] INFO  com.intuit.karate - VentWeight from API Response: 77 
13:53:21.983 [main] INFO  com.intuit.karate - Rounded Opening Angle: 38.0 
13:53:21.983 [main] INFO  com.intuit.karate - Rounded Ageo: 1.82 
13:53:21.984 [main] INFO  com.intuit.karate - Rounded Required Opening Stroke: 800.0 
13:53:21.984 [main] INFO  com.intuit.karate - Rounded Vent Weight: 77.0 
13:53:21.988 [main] DEBUG com.intuit.karate - request:
2 > GET https://dev-drivetec-apis.schuecodigitalsolutions.com/Config/1fdf4ff6-d05b-4350-812f-6f550231487b/Drive
2 > Host: dev-drivetec-apis.schuecodigitalsolutions.com
2 > Connection: Keep-Alive
2 > User-Agent: Apache-HttpClient/4.5.14 (Java/17.0.12)
2 > Accept-Encoding: gzip,deflate


13:53:22.598 [main] DEBUG com.intuit.karate - response time in milliseconds: 609
2 < 200
2 < Content-Type: application/json; charset=utf-8
2 < Date: Thu, 05 Dec 2024 08:23:19 GMT
2 < Server: Microsoft-IIS/10.0
2 < X-Powered-By: ASP.NET
2 < transfer-encoding: chunked
2 < Connection: keep-alive
[
  {
    "Name": "Chain actuator D6 800",
    "Bezeichnung": "Kettenantrieb D6 800",
    "ConfigurationId": "00000000-0000-0000-0000-000000000000",
    "Description": "",
    "Application": "Facade",
    "ApplicationFacade": true,
    "ApplicationSkylight": true,
    "Type": 1,
    "OpeningType": 0,
    "BottomHungInward": true,
    "BottomHungOutward": true,
    "SideHungInward": true,
    "SideHungOutward": true,
    "TopHungInward": false,
    "TopHungOutward": true,
    "ProjectedTopHungInward": false,
    "ProjectedTopHungOutward": false,
    "InstallationType": "",
    "ITMainOutFrmMountWBracket": true,
    "ITMainFixOutFrmMount": false,
    "ITMainVentFrmMount": true,
    "ITSideMount50": false,
    "ITSideMount60": false,
    "ITSideMount70": false,
    "ITSideMount80": false,
    "ITSideMount67": true,
    "Feature": "",
    "FeatureOpenClose": true,
    "FeatureLock": true,
    "ArticleNumber": 291717,
    "Stroke": 800,
    "Angle": 0,
    "Voltage": "24 V DC",
    "Voltage24": true,
    "Voltage230": false,
    "RatedCurrent": 1,
    "BreakingCurrent": 1,
    "PullingForceMax": 600,
    "PushingForceMax": 300,
    "PullingForceMaxWithNegativeWind": 0,
    "PushingForceMaxWithNegativeWind": 0,
    "PushingForcePermanent": 200,
    "PullingForcePermanent": 600,
    "MinPullingForceMax": 0,
    "MinPushingForceMax": 252.47,
    "MinPullingForcePermanent": 0,
    "MinPushingForcePermanent": 0,
    "Price": 387.92,
    "DriveLength": 794,
    "ChainDrive": 894,
    "ChainDrive2": 1748,
    "MaxLengthMainClosingEdge1Drive": 1920,
    "MaxGeometricArea": 2,
    "GeometricalSmokeExhaustion": 0,
    "TotalGlassThickness": 14,
    "Dimensions": 0,
    "DimensionsWxHxD": "794 x 40 x 56",
    "TensileForce": 0,
    "LockingForce": 0,
    "Details_DE": "<ul> <li>Bemessungsspannung: 24 V DC (19 V … 28 V)</li> <li>Abschaltstrom: 1,2 A</li> <li>Bemessungsstrom: 0,9 A</li> <li>Bemessungsaufnahme: 22 W</li> <li>Schutzart: IP 32</li> <li>Zug-/Schubkraft: max. 600 N</li> <li>Umgebungstemperatur: -5°C bis + 60°C</li> <li>Anschlussleitung: Halogenfrei, grau 5 x 0,5mm², ~3m</li> <li>Max. Geschwindigkeit: 13,5 mm/s</li> </ul>",
    "Details_EN": "<ul> <li>Rated voltage: 24 V DC (19 V … 28 V)</li><li>Breaking current: 1.2 A</li><li>Rated current: 0.9 A</li><li>Rated consumption: 22W</li><li>Protection rating: IP 32</li><li>Traction/ thrust: max. 600 N</li><li>Ambient temperature: -5° C to +60° C</li><li>Connecting cable: halogen-free, grey 3 x 0,5mm², ~3m</li><li>Max. speed: 13,5 mm/s</li></ul>",
    "Einsatz": "<ul><li>Anwendung: Lüftung, NRA</li> <li>Integrierte intelligente Regelelektronik</li></ul>",
    "Use": "<ul><li>Application: ventilation, natural smoke ventilation</li> <li>Integrated intelligent control electronics</li> </ul>",
    "Ausstattung": "<ul><li>Zusätzlicher Universal-Steckersatz für Mehrfachbetrieb bis zu 4 Antrieben und 2 Verriegelungsantrieben</li></ul>",
    "Equipment": "<ul><li>Additional universal plug socket for multiplex operation  of up to 4 drives and 2 interlocking drives</li></ul>",
    "Optionen": "<ul><li>Programmierung von Sonderfunktionen</li> <li>Programmierbare Rückmeldung Endlage „AUF“ (max. 24 V, 500 mA)</li> <li>Schüco Kontroller zur automatischen Konfiguration von Synchronlauf und Folgesteuerungen mit Verriegelungsantrieben in Antriebs-Verbundsystemen</li> </ul>",
    "Options": "<ul><li>Programming of special functions</li> <li>Programmable response for “OPEN” end position (max. 24 V, 500 mA)</li> <li>Schüco controller for automatic configuration of synchronous running and sequence control with locking drives in composite drive systems</li> </ul>",
    "IsTwoPce": false,
    "ResultVentWeight": 77.26,
    "IsLsRsDrive": false,
    "ArticleNumberRs": 0,
    "TwoDrivesSideInstallation50": 0,
    "TwoDrivesSideInstallation60": 0,
    "TwoDrivesSideInstallation70": 0,
    "TwoDrivesSideInstallation80": 0,
    "OpeningSpeedmms": 0,
    "Traction": 600,
    "Thrust": 300,
    "Id": "e9fa5654-1773-4646-9949-a237ab4f4797",
    "CreatedOn": "2024-09-26T13:55:26.817Z",
    "CreatedBy": "",
    "ModifiedOn": "2024-09-26T13:55:26.817Z",
    "ModifiedBy": ""
  },
  {
    "Name": "Locking actuator EasyConnect ow",
    "Bezeichnung": "Verriegelungsantrieb EasyConnect ow",
    "ConfigurationId": "00000000-0000-0000-0000-000000000000",
    "Description": "",
    "Application": "",
    "ApplicationFacade": true,
    "ApplicationSkylight": false,
    "Type": 5,
    "OpeningType": 0,
    "BottomHungInward": false,
    "BottomHungOutward": false,
    "SideHungInward": false,
    "SideHungOutward": true,
    "TopHungInward": false,
    "TopHungOutward": true,
    "ProjectedTopHungInward": false,
    "ProjectedTopHungOutward": true,
    "InstallationType": "",
    "ITMainOutFrmMountWBracket": true,
    "ITMainFixOutFrmMount": false,
    "ITMainVentFrmMount": false,
    "ITSideMount50": false,
    "ITSideMount60": false,
    "ITSideMount70": false,
    "ITSideMount80": false,
    "ITSideMount67": false,
    "Feature": "",
    "FeatureOpenClose": true,
    "FeatureLock": false,
    "ArticleNumber": 291589,
    "Stroke": 0,
    "Angle": 0,
    "Voltage": null,
    "Voltage24": true,
    "Voltage230": true,
    "RatedCurrent": 0,
    "BreakingCurrent": 0,
    "PullingForceMax": 0,
    "PushingForceMax": 0,
    "PullingForceMaxWithNegativeWind": 0,
    "PushingForceMaxWithNegativeWind": 0,
    "PushingForcePermanent": 0,
    "PullingForcePermanent": 0,
    "MinPullingForceMax": 0,
    "MinPushingForceMax": 0,
    "MinPullingForcePermanent": 0,
    "MinPushingForcePermanent": 0,
    "Price": 0,
    "DriveLength": 0,
    "ChainDrive": 0,
    "ChainDrive2": 0,
    "MaxLengthMainClosingEdge1Drive": 0,
    "MaxGeometricArea": 0,
    "GeometricalSmokeExhaustion": 0,
    "TotalGlassThickness": 0,
    "Dimensions": 0,
    "DimensionsWxHxD": "375 x 24 x 35",
    "TensileForce": 0,
    "LockingForce": 0,
    "Details_DE": "<ul> <li>Bemessungsspannung: 24 V DC (19 V … 28 V)</li> <li>Abschaltstrom: ~1,0 A</li> <li>Bemessungsstrom: 0,6 A</li> <li>Bemessungsaufnahme: 15 W</li> <li>Schutzart: IP 32</li><li>Zug-/Schubkraft: max. 600 N</li> <li>Umgebungstemperatur: -5°C bis + 60°C</li> <li>Anschlussleitung: Halogenfrei, grau 5 x 0,5mm² , ~5m</li> <li>Laufzeit: ~ 5s</li><li>Hub: ~ 18mm</li> </ul>",
    "Details_EN": "<ul> <li>Rated voltage : 24 V DC (19 V … 28 V</li> <li>Breaking current : ~1,0 A</li> <li>Rated current : 0,6 A</li> <li>Rated consumption : 15 W</li> <li>Protection rating : IP 32</li><li>Traction/ thrust : max. 600 N</li> <li>Ambient temperature: -5°C bis + 60°C</li> <li>Connecting cable: halogen-free, grey 5 x 0,5mm² , ~5m</li> <li>Running time: ~ 5s</li><li>Stroke: ~ 18mm</li> </ul>",
    "Einsatz": "<ul> <li>Anwendung: Lüftung, NRA</li><li>Integrierte intelligente Regelelektronik</li></ul>",
    "Use": "<ul> <li>Application: ventilation, natural smoke ventilation</li> <li>Integrated intelligent control electronics</li></ul>",
    "Ausstattung": "<ul><li>Laufrichtung einstellbar</li><li>Zusätzlicher Universal-Steckersatz</li></ul>",
    "Equipment": "<ul><li>Running direction adjustable</li><li>Additional universal plug socket</li></ul>",
    "Optionen": "<ul> <li>Mitnehmer objekt-/profilspezifisch anpassbar</li></ul>",
    "Options": "<ul> <li>Coupling adapter customizable for project-/profile-specific demands</li></ul>",
    "IsTwoPce": false,
    "ResultVentWeight": 0,
    "IsLsRsDrive": false,
    "ArticleNumberRs": 0,
    "TwoDrivesSideInstallation50": 0,
    "TwoDrivesSideInstallation60": 0,
    "TwoDrivesSideInstallation70": 0,
    "TwoDrivesSideInstallation80": 0,
    "OpeningSpeedmms": 0,
    "Traction": 0,
    "Thrust": 0,
    "Id": "ebe9753c-e5d7-4140-afe0-9f98bf25df99",
    "CreatedOn": "2024-09-26T13:55:26.817Z",
    "CreatedBy": "",
    "ModifiedOn": "2024-09-26T13:55:26.817Z",
    "ModifiedBy": ""
  }
]

13:53:22.600 [main] INFO  com.intuit.karate - Expected RecommDrive: Chain actuator D6 800,Locking actuator EasyConnect ow 
13:53:22.601 [main] INFO  com.intuit.karate - Actual RecommDrive: Chain actuator D6 800, Locking actuator EasyConnect ow 
13:53:22.601 [main] INFO  com.intuit.karate - Normalized Actual RecommDrive: Chain actuator D6 800,Locking actuator EasyConnect ow 
13:53:22.601 [main] INFO  com.intuit.karate - Normalized Expected RecommDrive: Chain actuator D6 800,Locking actuator EasyConnect ow 
13:53:22.601 [main] INFO  com.intuit.karate - All Drive IDs: [
  "e9fa5654-1773-4646-9949-a237ab4f4797",
  "ebe9753c-e5d7-4140-afe0-9f98bf25df99"
]
 
13:53:22.601 [main] INFO  com.intuit.karate - First Drive ID: e9fa5654-1773-4646-9949-a237ab4f4797 
13:53:22.602 [main] DEBUG com.intuit.karate - request:
3 > POST https://dev-drivetec-apis.schuecodigitalsolutions.com/api/Drives/DownloadPDFNew/Schuco
3 > Content-Type: application/json; charset=UTF-8
3 > Content-Length: 1194
3 > Host: dev-drivetec-apis.schuecodigitalsolutions.com
3 > Connection: Keep-Alive
3 > User-Agent: Apache-HttpClient/4.5.14 (Java/17.0.12)
3 > Accept-Encoding: gzip,deflate
[{"Id":"configId","Header":"configId","Value":"1fdf4ff6-d05b-4350-812f-6f550231487b"},{"Id":"driveId","Header":"driveId","Value":"e9fa5654-1773-4646-9949-a237ab4f4797"},{"Id":"culture","Header":"culture","Value":"EN-US"},{"Id":"projectId","Header":"projectId","Value":"2afcf090-6588-4022-aa5e-49fca51f940e"},{"Id":"range-of-app","Header":"Range of application","Value":"Façade"},{"Id":"opening-type","Header":"Opening type","Value":"Bottom-hung vent"},{"Id":"opening-direction","Header":"Opening direction","Value":"Inward"},{"Id":"how-calc-weight","Header":"Vent weight","Value":"Weight including glass"},{"Id":"Chain-Length","Header":"Chain- \/ connecting rod handle","Value":"100%"},{"Id":"drive-position","Header":"Drive position","Value":"Side installation"},{"Id":"locking-mechanism","Header":"Locking mechanism","Value":"With"},{"Id":"voltage","Header":"Voltage","Value":"24 V"},{"Id":"drive-type","Header":"Drive type","Value":"Chain drive"},{"Id":"type-installation","Header":"Type of installation","Value":"Pivoting Outer Frame Installation"},{"Id":"calculation-type-for-ventilation-area","Header":"Calculation type for ventilation area","Value":"Method in accordance with ASR 3.6"}]

13:53:24.278 [main] DEBUG com.intuit.karate - response time in milliseconds: 1676
3 < 200
3 < Content-Type: application/json; charset=utf-8
3 < Date: Thu, 05 Dec 2024 08:23:21 GMT
3 < Server: Microsoft-IIS/10.0
3 < X-Powered-By: ASP.NET
3 < Content-Length: 276
3 < Connection: keep-alive
{
  "result": "https://drive-tec-dev.s3.amazonaws.com/AUT_TPJ33518-Chain_actuator_D6_800.pdf?AWSAccessKeyId=AKIAZAWIART4ZFAXXPHK&Expires=1733390602&response-content-disposition=attachment%3B&response-content-type=application%2Fpdf&Signature=dw1rKx29hvK3ImiBFnDMev4nCzQ%3D"
}

13:53:24.279 [main] INFO  com.intuit.karate - Download URL for first driveId: https://drive-tec-dev.s3.amazonaws.com/AUT_TPJ33518-Chain_actuator_D6_800.pdf?AWSAccessKeyId=AKIAZAWIART4ZFAXXPHK&Expires=1733390602&response-content-disposition=attachment%3B&response-content-type=application%2Fpdf&Signature=dw1rKx29hvK3ImiBFnDMev4nCzQ%3D 
13:53:24.283 [main] INFO  com.intuit.karate - karate.env system property was: null 
13:53:24.285 [main] INFO  com.intuit.karate - Running test for dataset:  Dataset20 
13:53:24.290 [main] INFO  com.intuit.karate - Using ProjectId:  {
  "result": {
    "projectId": "prjId"
  },
  "projectPayload": {
    "Id": "579816e4-6653-4794-b435-a885f32e28d7",
    "Name": "AUT_TPJ33518",
    "Address": "Hyderabad, Telangana, India",
    "Description": "",
    "CreatedBy": "579816e4-6653-4794-b435-a885f32e28d7",
    "ModifiedBy": "579816e4-6653-4794-b435-a885f32e28d7"
  },
  "uniqueName": "AUT_TPJ33518",
  "responseHeaders": {
    "Content-Type": [
      "application/json; charset=utf-8"
    ],
    "Date": [
      "Thu, 05 Dec 2024 08:22:12 GMT"
    ],
    "Server": [
      "Microsoft-IIS/10.0"
    ],
    "X-Powered-By": [
      "ASP.NET"
    ],
    "transfer-encoding": [
      "chunked"
    ],
    "Connection": [
      "keep-alive"
    ],
    "Set-Cookie": [
    ]
  },
  "responseTime": 841,
  "response": {
    "Name": "AUT_TPJ33518",
    "Description": "",
    "Address": "Hyderabad, Telangana, India",
    "Id": "2afcf090-6588-4022-aa5e-49fca51f940e",
    "CreatedOn": "2024-12-05T08:22:11.998251+00:00",
    "CreatedBy": "579816e4-6653-4794-b435-a885f32e28d7",
    "ModifiedOn": "2024-12-05T08:22:11.9982526+00:00",
    "ModifiedBy": ""
  },
  "responseStatus": 200,
  "prjId": "2afcf090-6588-4022-aa5e-49fca51f940e",
  "projectId": "2afcf090-6588-4022-aa5e-49fca51f940e"
}
 
13:53:24.293 [main] DEBUG com.intuit.karate - request:
1 > POST https://dev-drivetec-apis.schuecodigitalsolutions.com/Configurations
1 > Content-Type: application/json; charset=UTF-8
1 > Content-Length: 1275
1 > Host: dev-drivetec-apis.schuecodigitalsolutions.com
1 > Connection: Keep-Alive
1 > User-Agent: Apache-HttpClient/4.5.14 (Java/17.0.12)
1 > Accept-Encoding: gzip,deflate
{"Id":"00000000-0000-0000-0000-000000000000","ProjectId":"2afcf090-6588-4022-aa5e-49fca51f940e","Name":"Dataset4292","Description":"Dataset4292","CustomTags":"","CreatedBy":"579816e4-6653-4794-b435-a885f32e28d7","ModifiedBy":"579816e4-6653-4794-b435-a885f32e28d7","ApplicationName":1,"System":"","FacadeInclination":0,"OpeningType":1,"OpeningDirection":1,"OpeningWidth":1000,"VentOuterWidth":1230,"VentOuterHeight":1480,"VentWeight":70,"CalculateWeightWithGlass":false,"WeightIncGlassOrThickness":false,"GlassThickness":14,"ProfileWeightPerSerialMeter":2.5,"IsWindowOpeningCalculationByAngle":1,"RequiredOpeningStroke":400,"OpeningAngle":15,"WindLoad":120,"SnowLoad":0,"DrivePosition":2,"InstallationPosition":1,"ChainLengthConnectingRodHandle":5,"LockingMechanism":1,"Voltage":1,"DriveType":1,"TypeOfInstallation":2,"CalculationTypeForVentilation":1,"CalcVentilation":1,"GeometricArea":1,"SpecificExhaustDimension":30,"BuildingDepth":75,"RevealDepth":0,"RevealDepthRectangleAngle1":0,"RevealDepthRectangleAngle2":0,"HeightOfProfile":0,"HeightProfileRectangleAngle1":0,"HeightProfileRectangleAngle2":0,"AkippOrAtilt":0,"AdrehOrAturn":0,"Ageo":0,"MinPullingForceMax":0,"MinPushingForceMax":0,"MinPullingForcePermanent":0,"MinPushingForcePermanent":0,"ForceWithNegativeWind":0}

13:53:24.883 [main] DEBUG com.intuit.karate - response time in milliseconds: 589
1 < 200
1 < Content-Type: application/json; charset=utf-8
1 < Date: Thu, 05 Dec 2024 08:23:21 GMT
1 < Server: Microsoft-IIS/10.0
1 < X-Powered-By: ASP.NET
1 < transfer-encoding: chunked
1 < Connection: keep-alive
{
  "ProjectId": "2afcf090-6588-4022-aa5e-49fca51f940e",
  "Name": "Dataset4292",
  "Description": "Dataset4292",
  "CustomTags": "",
  "ApplicationName": 1,
  "OpeningType": 1,
  "OpeningDirection": 1,
  "CalculateWeightWithGlass": false,
  "WindLoad": 120,
  "IsWindowOpeningCalculationByAngle": 1,
  "VentOuterWidth": 1230,
  "VentOuterHeight": 1480,
  "WeightIncGlassOrThickness": false,
  "VentWeight": 77,
  "VentWeightExact": 77.26400000000001,
  "GlassThickness": 14,
  "ProfileWeightPerSerialMeter": 2.5,
  "FacadeInclination": 0,
  "ChainLengthConnectingRodHandle": 5,
  "ChainLenghtConnectingRodHandle": 0,
  "RequiredOpeningStroke": 400,
  "OpeningWidth": 1000,
  "OpeningAngle": 15.532868337024489,
  "SpecificExhaustDimension": 30,
  "BuildingDepth": 75,
  "SnowLoad": 0,
  "DistanceHinge": 0,
  "RatedCurrent": 0,
  "DrivePosition": 2,
  "LockingMechanism": 1,
  "Voltage": 1,
  "DriveType": 1,
  "TypeOfInstallation": 2,
  "GeometricArea": 0,
  "CalculationTypeForVentilation": 1,
  "HeightOfProfile": 0,
  "Reveal": 0,
  "RevealDepth": 0,
  "HeightProfileRectangleAngle1": 0,
  "HeightProfileRectangleAngle2": 0,
  "RevealDepthRectangleAngle1": 0,
  "RevealDepthRectangleAngle2": 0,
  "RevealDepthRectangleAngle12": 0,
  "InstallationPosition": 0,
  "RecommendedDriveArticleNo": 0,
  "System": "",
  "AkippOrAtilt": 1.084,
  "AdrehOrAturn": 1.8204,
  "Ageo": 1.084,
  "MinPullingForceMax": -206.4868442161654,
  "MinPushingForceMax": -206.4868442161654,
  "MinPullingForcePermanent": -104.11163259218097,
  "MinPushingForcePermanent": -104.11163259218097,
  "ForceWithNegativeWind": 109.53156767199486,
  "ForceWithNoWindMin": 0.30763693489047433,
  "ForceWithNegativeWindMin": 0,
  "ForceWithWindMin": -108.91629380221393,
  "Id": "8e445620-2876-40c9-aad4-a1baa749df15",
  "CreatedOn": "2024-12-05T08:23:22.4179407+00:00",
  "CreatedBy": "579816e4-6653-4794-b435-a885f32e28d7",
  "ModifiedOn": "2024-12-05T08:23:22.4179416+00:00",
  "ModifiedBy": ""
}

13:53:24.886 [main] INFO  com.intuit.karate - Generated Config ID: 8e445620-2876-40c9-aad4-a1baa749df15 
13:53:24.886 [main] INFO  com.intuit.karate - Generated Name: Dataset4292 
13:53:24.888 [main] INFO  com.intuit.karate - Generated Description: Dataset4292 
13:53:24.894 [main] DEBUG com.intuit.karate - request:
1 > PUT https://dev-drivetec-apis.schuecodigitalsolutions.com/Configurations
1 > Content-Type: application/json; charset=UTF-8
1 > Content-Length: 1278
1 > Host: dev-drivetec-apis.schuecodigitalsolutions.com
1 > Connection: Keep-Alive
1 > User-Agent: Apache-HttpClient/4.5.14 (Java/17.0.12)
1 > Accept-Encoding: gzip,deflate
{"Id":"8e445620-2876-40c9-aad4-a1baa749df15","Name":"Dataset20","Description":"Dataset4292","ProjectId":"2afcf090-6588-4022-aa5e-49fca51f940e","CustomTags":"","CreatedBy":"579816e4-6653-4794-b435-a885f32e28d7","ModifiedBy":"579816e4-6653-4794-b435-a885f32e28d7","System":"","FacadeInclination":14,"OpeningType":3,"OpeningDirection":2,"OpeningWidth":1000,"VentOuterWidth":1230,"VentOuterHeight":1480,"VentWeight":0,"CalculateWeightWithGlass":false,"RequiredOpeningStroke":400,"WindLoad":275,"SnowLoad":0,"IsWindowOpeningCalculationByAngle":1,"GlassThickness":14,"ProfileWeightPerSerialMeter":2.5,"DrivePosition":1,"InstallationPosition":0,"LockingMechanism":1,"Voltage":1,"DriveType":1,"TypeOfInstallation":2,"GeometricArea":0,"CalcVentilation":2,"SpecificExhaustDimension":30,"BuildingDepth":75,"CalculationTypeForVentilation":2,"HeightOfProfile":10,"HeightProfileRectangleAngle1":10,"HeightProfileRectangleAngle2":0,"RevealDepth":50,"RevealDepthRectangleAngle1":300,"RevealDepthRectangleAngle2":0,"ChainLengthConnectingRodHandle":5,"ApplicationName":1,"OpeningAngle":10,"WeightIncGlassOrThickness":false,"AkippOrAtilt":0,"AdrehOrAturn":0,"Ageo":0,"MinPullingForceMax":0,"MinPushingForceMax":0,"MinPullingForcePermanent":0,"MinPushingForcePermanent":0,"ForceWithNegativeWind":0}

13:53:25.461 [main] DEBUG com.intuit.karate - response time in milliseconds: 566
1 < 200
1 < Content-Type: application/json; charset=utf-8
1 < Date: Thu, 05 Dec 2024 08:23:23 GMT
1 < Server: Microsoft-IIS/10.0
1 < X-Powered-By: ASP.NET
1 < transfer-encoding: chunked
1 < Connection: keep-alive
{
  "ProjectId": "2afcf090-6588-4022-aa5e-49fca51f940e",
  "Name": "Dataset20",
  "Description": "Dataset4292",
  "CustomTags": "",
  "ApplicationName": 1,
  "OpeningType": 3,
  "OpeningDirection": 2,
  "CalculateWeightWithGlass": false,
  "WindLoad": 275,
  "IsWindowOpeningCalculationByAngle": 1,
  "VentOuterWidth": 1230,
  "VentOuterHeight": 1480,
  "WeightIncGlassOrThickness": false,
  "VentWeight": 77,
  "VentWeightExact": 77.26400000000001,
  "GlassThickness": 14,
  "ProfileWeightPerSerialMeter": 2.5,
  "FacadeInclination": 14,
  "ChainLengthConnectingRodHandle": 5,
  "ChainLenghtConnectingRodHandle": 0,
  "RequiredOpeningStroke": 400,
  "OpeningWidth": 1000,
  "OpeningAngle": 18.71587256936153,
  "SpecificExhaustDimension": 30,
  "BuildingDepth": 75,
  "SnowLoad": 0,
  "DistanceHinge": 0,
  "RatedCurrent": 0,
  "DrivePosition": 1,
  "LockingMechanism": 1,
  "Voltage": 1,
  "DriveType": 1,
  "TypeOfInstallation": 2,
  "GeometricArea": 0,
  "CalculationTypeForVentilation": 2,
  "HeightOfProfile": 10,
  "Reveal": 0,
  "RevealDepth": 50,
  "HeightProfileRectangleAngle1": 10,
  "HeightProfileRectangleAngle2": 0,
  "RevealDepthRectangleAngle1": 300,
  "RevealDepthRectangleAngle2": 0,
  "RevealDepthRectangleAngle12": 0,
  "InstallationPosition": 0,
  "RecommendedDriveArticleNo": 0,
  "System": "",
  "AkippOrAtilt": 1.084,
  "AdrehOrAturn": 1.8204,
  "Ageo": 0.4862868992152732,
  "MinPullingForceMax": 235.57647793675937,
  "MinPushingForceMax": 252.4689762220639,
  "MinPullingForcePermanent": 0,
  "MinPushingForcePermanent": 0,
  "ForceWithNegativeWind": -252.4689762220639,
  "ForceWithNoWindMin": 0,
  "ForceWithNegativeWindMin": -235.57647793675937,
  "ForceWithWindMin": 235.57647793675937,
  "Id": "8e445620-2876-40c9-aad4-a1baa749df15",
  "CreatedOn": "0001-01-01T00:00:00",
  "CreatedBy": "579816e4-6653-4794-b435-a885f32e28d7",
  "ModifiedOn": "2024-12-05T08:23:22.9954918+00:00",
  "ModifiedBy": "579816e4-6653-4794-b435-a885f32e28d7"
}

13:53:25.464 [main] INFO  com.intuit.karate - VentWeight from API Response: 77 
13:53:25.468 [main] INFO  com.intuit.karate - Rounded Opening Angle: 19.0 
13:53:25.468 [main] INFO  com.intuit.karate - Rounded Ageo: 0.49 
13:53:25.468 [main] INFO  com.intuit.karate - Rounded Required Opening Stroke: 400.0 
13:53:25.470 [main] INFO  com.intuit.karate - Rounded Vent Weight: 77.0 
13:53:25.472 [main] DEBUG com.intuit.karate - request:
2 > GET https://dev-drivetec-apis.schuecodigitalsolutions.com/Config/8e445620-2876-40c9-aad4-a1baa749df15/Drive
2 > Host: dev-drivetec-apis.schuecodigitalsolutions.com
2 > Connection: Keep-Alive
2 > User-Agent: Apache-HttpClient/4.5.14 (Java/17.0.12)
2 > Accept-Encoding: gzip,deflate


13:53:26.256 [main] DEBUG com.intuit.karate - response time in milliseconds: 783
2 < 200
2 < Content-Type: application/json; charset=utf-8
2 < Date: Thu, 05 Dec 2024 08:23:23 GMT
2 < Server: Microsoft-IIS/10.0
2 < X-Powered-By: ASP.NET
2 < transfer-encoding: chunked
2 < Connection: keep-alive
[
  {
    "Name": "Chain actuator D4 400",
    "Bezeichnung": "Kettenantrieb D4 400",
    "ConfigurationId": "00000000-0000-0000-0000-000000000000",
    "Description": "",
    "Application": "Facade",
    "ApplicationFacade": true,
    "ApplicationSkylight": false,
    "Type": 1,
    "OpeningType": 0,
    "BottomHungInward": true,
    "BottomHungOutward": false,
    "SideHungInward": true,
    "SideHungOutward": true,
    "TopHungInward": false,
    "TopHungOutward": true,
    "ProjectedTopHungInward": false,
    "ProjectedTopHungOutward": true,
    "InstallationType": "",
    "ITMainOutFrmMountWBracket": true,
    "ITMainFixOutFrmMount": true,
    "ITMainVentFrmMount": true,
    "ITSideMount50": false,
    "ITSideMount60": false,
    "ITSideMount70": false,
    "ITSideMount80": false,
    "ITSideMount67": true,
    "Feature": "",
    "FeatureOpenClose": true,
    "FeatureLock": true,
    "ArticleNumber": 291706,
    "Stroke": 400,
    "Angle": 0,
    "Voltage": "24 V DC",
    "Voltage24": true,
    "Voltage230": false,
    "RatedCurrent": 1,
    "BreakingCurrent": 1,
    "PullingForceMax": 400,
    "PushingForceMax": 300,
    "PullingForceMaxWithNegativeWind": 0,
    "PushingForceMaxWithNegativeWind": 0,
    "PushingForcePermanent": 200,
    "PullingForcePermanent": 400,
    "MinPullingForceMax": 0,
    "MinPushingForceMax": 252.47,
    "MinPullingForcePermanent": 0,
    "MinPushingForcePermanent": 0,
    "Price": 273.74,
    "DriveLength": 551,
    "ChainDrive": 651,
    "ChainDrive2": 1262,
    "MaxLengthMainClosingEdge1Drive": 1850,
    "MaxGeometricArea": 0,
    "GeometricalSmokeExhaustion": 0,
    "TotalGlassThickness": 14,
    "Dimensions": 0,
    "DimensionsWxHxD": "551 x 24 x 35",
    "TensileForce": 0,
    "LockingForce": 0,
    "Details_DE": "<ul><li>Bemessungsspannung: 24 V DC (19 V … 28 V)</li> <li>Abschaltstrom: 1,2 A</li> <li>Bemessungsstrom: 0,9 A</li> <li>Bemessungsaufnahme: 22 W</li> <li>Schutzart: IP 32</li> <li>Zug-/Schubkraft: max. 400 N</li> <li>Umgebungstemperatur: -5°C bis + 60°C</li> <li>Anschlussleitung: Halogenfrei, grau 5 x 0,5mm², ~3m</li> <li>Max. Geschwindigkeit: 13,5 mm/s</li></ul>",
    "Details_EN": "<ul><li>Rated voltage: 24 V DC (19 V … 28 V)</li> <li>Breaking current: 1.2 A</li><li>Rated current: 0.9 A</li><li>Rated consumption: 22 W</li><li>Protection rating: IP 32</li><li>Traction/ thrust: max. 400 N</li><li>Ambient temperature: -5° C to +60° C</li><li>Connecting cable: halogen-free, grey, 5 x 0.5 mm², ~ 3 m</li><li>Max. speed: 13,5 mm/s </li></ul>",
    "Einsatz": "<ul><li>Anwendung: Lüftung, NRA</li> <li>Integrierte intelligente Regelelektronik</li> <li>Rückmeldung Endlage „ZU“ (max. 24 V, 500 mA)</li> </ul>",
    "Use": "<ul><li>Application: ventilation, natural smoke ventilation</li> <li>Integrated intelligent control electronics</li> <li>Response for “CLOSED” end position (max. 24 V, 500 mA)</li> </ul>",
    "Ausstattung": "<ul><li>Zusätzlicher Universal-Steckersatz für Mehrfachbetrieb bis zu 4 Antrieben und 2 Verriegelungsantrieben</li></ul>",
    "Equipment": "<ul><li>Additional universal plug socket for multiplex operation of up to 4 drives and 2 interlocking drives</li></ul>",
    "Optionen": "<ul><li>Programmierung von Sonderfunktionen</li> <li>Programmierbare Rückmeldung Endlage „AUF“ (max. 24 V, 500 mA)</li> <li>Schüco Kontroller zur automatischen Konfiguration von Synchronlauf und Folgesteuerungen mit Verriegelungsantrieben in Antriebs-Verbundsystemen</li> </ul>",
    "Options": "<ul><li>Programming of special functions</li> <li>Programmable response for “OPEN” end position (max. 24 V, 500 mA)</li> <li>Schüco controller for automatic configuration of synchronous running and sequence control with locking drives in composite drive systems</li> </ul>",
    "IsTwoPce": false,
    "ResultVentWeight": 77.26,
    "IsLsRsDrive": true,
    "ArticleNumberRs": 291705,
    "TwoDrivesSideInstallation50": 0,
    "TwoDrivesSideInstallation60": 0,
    "TwoDrivesSideInstallation70": 0,
    "TwoDrivesSideInstallation80": 0,
    "OpeningSpeedmms": 0,
    "Traction": 400,
    "Thrust": 300,
    "Id": "3d1279a9-fd09-4a49-8d1b-c747973b2872",
    "CreatedOn": "2024-09-26T13:55:26.817Z",
    "CreatedBy": "",
    "ModifiedOn": "2024-09-26T13:55:26.817Z",
    "ModifiedBy": ""
  },
  {
    "Name": "Chain actuator D6 400",
    "Bezeichnung": "Kettenantrieb D6 400",
    "ConfigurationId": "00000000-0000-0000-0000-000000000000",
    "Description": "",
    "Application": "Facade",
    "ApplicationFacade": true,
    "ApplicationSkylight": true,
    "Type": 1,
    "OpeningType": 0,
    "BottomHungInward": true,
    "BottomHungOutward": true,
    "SideHungInward": true,
    "SideHungOutward": true,
    "TopHungInward": false,
    "TopHungOutward": true,
    "ProjectedTopHungInward": false,
    "ProjectedTopHungOutward": true,
    "InstallationType": "",
    "ITMainOutFrmMountWBracket": true,
    "ITMainFixOutFrmMount": false,
    "ITMainVentFrmMount": true,
    "ITSideMount50": false,
    "ITSideMount60": false,
    "ITSideMount70": false,
    "ITSideMount80": false,
    "ITSideMount67": true,
    "Feature": "",
    "FeatureOpenClose": true,
    "FeatureLock": true,
    "ArticleNumber": 291715,
    "Stroke": 400,
    "Angle": 0,
    "Voltage": "24 V DC",
    "Voltage24": true,
    "Voltage230": false,
    "RatedCurrent": 1,
    "BreakingCurrent": 1,
    "PullingForceMax": 600,
    "PushingForceMax": 600,
    "PullingForceMaxWithNegativeWind": 0,
    "PushingForceMaxWithNegativeWind": 0,
    "PushingForcePermanent": 400,
    "PullingForcePermanent": 600,
    "MinPullingForceMax": 0,
    "MinPushingForceMax": 252.47,
    "MinPullingForcePermanent": 0,
    "MinPushingForcePermanent": 0,
    "Price": 360.35,
    "DriveLength": 591,
    "ChainDrive": 691,
    "ChainDrive2": 1342,
    "MaxLengthMainClosingEdge1Drive": 1920,
    "MaxGeometricArea": 0,
    "GeometricalSmokeExhaustion": 0,
    "TotalGlassThickness": 14,
    "Dimensions": 0,
    "DimensionsWxHxD": "591 x 40 x 56",
    "TensileForce": 0,
    "LockingForce": 0,
    "Details_DE": "<ul> <li>Bemessungsspannung: 24 V DC (19 V … 28 V)</li> <li>Abschaltstrom: 1,2 A</li> <li>Bemessungsstrom: 0,9 A</li> <li>Bemessungsaufnahme: 22 W</li> <li>Schutzart: IP 32</li> <li>Zug-/Schubkraft: max. 600 N</li> <li>Umgebungstemperatur: -5°C bis + 60°C</li> <li>Anschlussleitung: Halogenfrei, grau 5 x 0,5mm², ~3m</li> <li>Max. Geschwindigkeit: 13,5 mm/s</li> </ul>",
    "Details_EN": "<ul> <li>Rated voltage: 24 V DC (19 V … 28 V)</li><li>Breaking current: 1.2 A</li><li>Rated current: 0.9 A</li><li>Rated consumption: 22W</li><li>Protection rating: IP 32</li><li>Traction/ thrust: max. 600 N</li><li>Ambient temperature: -5° C to +60° C</li><li>Connecting cable: halogen-free, grey 3 x 0,5mm², ~3m</li><li>Max. speed: 13,5 mm/s</li></ul>",
    "Einsatz": "<ul><li>Anwendung: Lüftung, NRA</li> <li>Integrierte intelligente Regelelektronik</li></ul>",
    "Use": "<ul><li>Application: ventilation, natural smoke ventilation</li> <li>Integrated intelligent control electronics</li> </ul>",
    "Ausstattung": "<ul><li>Zusätzlicher Universal-Steckersatz für Mehrfachbetrieb bis zu 4 Antrieben und 2 Verriegelungsantrieben</li></ul>",
    "Equipment": "<ul><li>Additional universal plug socket for multiplex operation  of up to 4 drives and 2 interlocking drives</li></ul>",
    "Optionen": "<ul><li>Programmierung von Sonderfunktionen</li> <li>Programmierbare Rückmeldung Endlage „AUF“ (max. 24 V, 500 mA)</li> <li>Schüco Kontroller zur automatischen Konfiguration von Synchronlauf und Folgesteuerungen mit Verriegelungsantrieben in Antriebs-Verbundsystemen</li> </ul>",
    "Options": "<ul><li>Programming of special functions</li> <li>Programmable response for “OPEN” end position (max. 24 V, 500 mA)</li> <li>Schüco controller for automatic configuration of synchronous running and sequence control with locking drives in composite drive systems</li> </ul>",
    "IsTwoPce": false,
    "ResultVentWeight": 77.26,
    "IsLsRsDrive": true,
    "ArticleNumberRs": 291715,
    "TwoDrivesSideInstallation50": 0,
    "TwoDrivesSideInstallation60": 0,
    "TwoDrivesSideInstallation70": 0,
    "TwoDrivesSideInstallation80": 0,
    "OpeningSpeedmms": 0,
    "Traction": 600,
    "Thrust": 600,
    "Id": "6cfaf03b-807c-4298-8635-4bf804653a9e",
    "CreatedOn": "2024-09-26T13:55:26.817Z",
    "CreatedBy": "",
    "ModifiedOn": "2024-09-26T13:55:26.817Z",
    "ModifiedBy": ""
  },
  {
    "Name": "Chain actuator D4 400",
    "Bezeichnung": "Kettenantrieb D4 400",
    "ConfigurationId": "00000000-0000-0000-0000-000000000000",
    "Description": "",
    "Application": "Facade",
    "ApplicationFacade": true,
    "ApplicationSkylight": false,
    "Type": 1,
    "OpeningType": 0,
    "BottomHungInward": true,
    "BottomHungOutward": false,
    "SideHungInward": true,
    "SideHungOutward": true,
    "TopHungInward": false,
    "TopHungOutward": true,
    "ProjectedTopHungInward": false,
    "ProjectedTopHungOutward": true,
    "InstallationType": "",
    "ITMainOutFrmMountWBracket": true,
    "ITMainFixOutFrmMount": true,
    "ITMainVentFrmMount": true,
    "ITSideMount50": false,
    "ITSideMount60": false,
    "ITSideMount70": false,
    "ITSideMount80": false,
    "ITSideMount67": true,
    "Feature": "",
    "FeatureOpenClose": true,
    "FeatureLock": true,
    "ArticleNumber": 291706,
    "Stroke": 400,
    "Angle": 0,
    "Voltage": "24 V DC",
    "Voltage24": true,
    "Voltage230": false,
    "RatedCurrent": 1,
    "BreakingCurrent": 1,
    "PullingForceMax": 400,
    "PushingForceMax": 300,
    "PullingForceMaxWithNegativeWind": 0,
    "PushingForceMaxWithNegativeWind": 0,
    "PushingForcePermanent": 200,
    "PullingForcePermanent": 400,
    "MinPullingForceMax": 0,
    "MinPushingForceMax": 252.47,
    "MinPullingForcePermanent": 0,
    "MinPushingForcePermanent": 0,
    "Price": 547.48,
    "DriveLength": 551,
    "ChainDrive": 651,
    "ChainDrive2": 1262,
    "MaxLengthMainClosingEdge1Drive": 1850,
    "MaxGeometricArea": 0,
    "GeometricalSmokeExhaustion": 0,
    "TotalGlassThickness": 14,
    "Dimensions": 0,
    "DimensionsWxHxD": "551 x 24 x 35",
    "TensileForce": 0,
    "LockingForce": 0,
    "Details_DE": "<ul><li>Bemessungsspannung: 24 V DC (19 V … 28 V)</li> <li>Abschaltstrom: 1,2 A</li> <li>Bemessungsstrom: 0,9 A</li> <li>Bemessungsaufnahme: 22 W</li> <li>Schutzart: IP 32</li> <li>Zug-/Schubkraft: max. 400 N</li> <li>Umgebungstemperatur: -5°C bis + 60°C</li> <li>Anschlussleitung: Halogenfrei, grau 5 x 0,5mm², ~3m</li> <li>Max. Geschwindigkeit: 13,5 mm/s</li></ul>",
    "Details_EN": "<ul><li>Rated voltage: 24 V DC (19 V … 28 V)</li> <li>Breaking current: 1.2 A</li><li>Rated current: 0.9 A</li><li>Rated consumption: 22 W</li><li>Protection rating: IP 32</li><li>Traction/ thrust: max. 400 N</li><li>Ambient temperature: -5° C to +60° C</li><li>Connecting cable: halogen-free, grey, 5 x 0.5 mm², ~ 3 m</li><li>Max. speed: 13,5 mm/s </li></ul>",
    "Einsatz": "<ul><li>Anwendung: Lüftung, NRA</li> <li>Integrierte intelligente Regelelektronik</li> <li>Rückmeldung Endlage „ZU“ (max. 24 V, 500 mA)</li> </ul>",
    "Use": "<ul><li>Application: ventilation, natural smoke ventilation</li> <li>Integrated intelligent control electronics</li> <li>Response for “CLOSED” end position (max. 24 V, 500 mA)</li> </ul>",
    "Ausstattung": "<ul><li>Zusätzlicher Universal-Steckersatz für Mehrfachbetrieb bis zu 4 Antrieben und 2 Verriegelungsantrieben</li></ul>",
    "Equipment": "<ul><li>Additional universal plug socket for multiplex operation of up to 4 drives and 2 interlocking drives</li></ul>",
    "Optionen": "<ul><li>Programmierung von Sonderfunktionen</li> <li>Programmierbare Rückmeldung Endlage „AUF“ (max. 24 V, 500 mA)</li> <li>Schüco Kontroller zur automatischen Konfiguration von Synchronlauf und Folgesteuerungen mit Verriegelungsantrieben in Antriebs-Verbundsystemen</li> </ul>",
    "Options": "<ul><li>Programming of special functions</li> <li>Programmable response for “OPEN” end position (max. 24 V, 500 mA)</li> <li>Schüco controller for automatic configuration of synchronous running and sequence control with locking drives in composite drive systems</li> </ul>",
    "IsTwoPce": true,
    "ResultVentWeight": 77.26,
    "IsLsRsDrive": true,
    "ArticleNumberRs": 291705,
    "TwoDrivesSideInstallation50": 0,
    "TwoDrivesSideInstallation60": 0,
    "TwoDrivesSideInstallation70": 0,
    "TwoDrivesSideInstallation80": 0,
    "OpeningSpeedmms": 0,
    "Traction": 400,
    "Thrust": 300,
    "Id": "3d1279a9-fd09-4a49-8d1b-c747973b2872",
    "CreatedOn": "2024-09-26T13:55:26.817Z",
    "CreatedBy": "",
    "ModifiedOn": "2024-09-26T13:55:26.817Z",
    "ModifiedBy": ""
  },
  {
    "Name": "Chain actuator D6 400",
    "Bezeichnung": "Kettenantrieb D6 400",
    "ConfigurationId": "00000000-0000-0000-0000-000000000000",
    "Description": "",
    "Application": "Facade",
    "ApplicationFacade": true,
    "ApplicationSkylight": true,
    "Type": 1,
    "OpeningType": 0,
    "BottomHungInward": true,
    "BottomHungOutward": true,
    "SideHungInward": true,
    "SideHungOutward": true,
    "TopHungInward": false,
    "TopHungOutward": true,
    "ProjectedTopHungInward": false,
    "ProjectedTopHungOutward": true,
    "InstallationType": "",
    "ITMainOutFrmMountWBracket": true,
    "ITMainFixOutFrmMount": false,
    "ITMainVentFrmMount": true,
    "ITSideMount50": false,
    "ITSideMount60": false,
    "ITSideMount70": false,
    "ITSideMount80": false,
    "ITSideMount67": true,
    "Feature": "",
    "FeatureOpenClose": true,
    "FeatureLock": true,
    "ArticleNumber": 291715,
    "Stroke": 400,
    "Angle": 0,
    "Voltage": "24 V DC",
    "Voltage24": true,
    "Voltage230": false,
    "RatedCurrent": 1,
    "BreakingCurrent": 1,
    "PullingForceMax": 600,
    "PushingForceMax": 600,
    "PullingForceMaxWithNegativeWind": 0,
    "PushingForceMaxWithNegativeWind": 0,
    "PushingForcePermanent": 400,
    "PullingForcePermanent": 600,
    "MinPullingForceMax": 0,
    "MinPushingForceMax": 252.47,
    "MinPullingForcePermanent": 0,
    "MinPushingForcePermanent": 0,
    "Price": 720.7,
    "DriveLength": 591,
    "ChainDrive": 691,
    "ChainDrive2": 1342,
    "MaxLengthMainClosingEdge1Drive": 1920,
    "MaxGeometricArea": 0,
    "GeometricalSmokeExhaustion": 0,
    "TotalGlassThickness": 14,
    "Dimensions": 0,
    "DimensionsWxHxD": "591 x 40 x 56",
    "TensileForce": 0,
    "LockingForce": 0,
    "Details_DE": "<ul> <li>Bemessungsspannung: 24 V DC (19 V … 28 V)</li> <li>Abschaltstrom: 1,2 A</li> <li>Bemessungsstrom: 0,9 A</li> <li>Bemessungsaufnahme: 22 W</li> <li>Schutzart: IP 32</li> <li>Zug-/Schubkraft: max. 600 N</li> <li>Umgebungstemperatur: -5°C bis + 60°C</li> <li>Anschlussleitung: Halogenfrei, grau 5 x 0,5mm², ~3m</li> <li>Max. Geschwindigkeit: 13,5 mm/s</li> </ul>",
    "Details_EN": "<ul> <li>Rated voltage: 24 V DC (19 V … 28 V)</li><li>Breaking current: 1.2 A</li><li>Rated current: 0.9 A</li><li>Rated consumption: 22W</li><li>Protection rating: IP 32</li><li>Traction/ thrust: max. 600 N</li><li>Ambient temperature: -5° C to +60° C</li><li>Connecting cable: halogen-free, grey 3 x 0,5mm², ~3m</li><li>Max. speed: 13,5 mm/s</li></ul>",
    "Einsatz": "<ul><li>Anwendung: Lüftung, NRA</li> <li>Integrierte intelligente Regelelektronik</li></ul>",
    "Use": "<ul><li>Application: ventilation, natural smoke ventilation</li> <li>Integrated intelligent control electronics</li> </ul>",
    "Ausstattung": "<ul><li>Zusätzlicher Universal-Steckersatz für Mehrfachbetrieb bis zu 4 Antrieben und 2 Verriegelungsantrieben</li></ul>",
    "Equipment": "<ul><li>Additional universal plug socket for multiplex operation  of up to 4 drives and 2 interlocking drives</li></ul>",
    "Optionen": "<ul><li>Programmierung von Sonderfunktionen</li> <li>Programmierbare Rückmeldung Endlage „AUF“ (max. 24 V, 500 mA)</li> <li>Schüco Kontroller zur automatischen Konfiguration von Synchronlauf und Folgesteuerungen mit Verriegelungsantrieben in Antriebs-Verbundsystemen</li> </ul>",
    "Options": "<ul><li>Programming of special functions</li> <li>Programmable response for “OPEN” end position (max. 24 V, 500 mA)</li> <li>Schüco controller for automatic configuration of synchronous running and sequence control with locking drives in composite drive systems</li> </ul>",
    "IsTwoPce": true,
    "ResultVentWeight": 77.26,
    "IsLsRsDrive": false,
    "ArticleNumberRs": 0,
    "TwoDrivesSideInstallation50": 0,
    "TwoDrivesSideInstallation60": 0,
    "TwoDrivesSideInstallation70": 0,
    "TwoDrivesSideInstallation80": 0,
    "OpeningSpeedmms": 0,
    "Traction": 600,
    "Thrust": 600,
    "Id": "6cfaf03b-807c-4298-8635-4bf804653a9e",
    "CreatedOn": "2024-09-26T13:55:26.817Z",
    "CreatedBy": "",
    "ModifiedOn": "2024-09-26T13:55:26.817Z",
    "ModifiedBy": ""
  },
  {
    "Name": "Locking actuator EasyConnect ow",
    "Bezeichnung": "Verriegelungsantrieb EasyConnect ow",
    "ConfigurationId": "00000000-0000-0000-0000-000000000000",
    "Description": "",
    "Application": "",
    "ApplicationFacade": true,
    "ApplicationSkylight": false,
    "Type": 5,
    "OpeningType": 0,
    "BottomHungInward": false,
    "BottomHungOutward": false,
    "SideHungInward": false,
    "SideHungOutward": true,
    "TopHungInward": false,
    "TopHungOutward": true,
    "ProjectedTopHungInward": false,
    "ProjectedTopHungOutward": true,
    "InstallationType": "",
    "ITMainOutFrmMountWBracket": true,
    "ITMainFixOutFrmMount": false,
    "ITMainVentFrmMount": false,
    "ITSideMount50": false,
    "ITSideMount60": false,
    "ITSideMount70": false,
    "ITSideMount80": false,
    "ITSideMount67": false,
    "Feature": "",
    "FeatureOpenClose": true,
    "FeatureLock": false,
    "ArticleNumber": 291589,
    "Stroke": 0,
    "Angle": 0,
    "Voltage": null,
    "Voltage24": true,
    "Voltage230": true,
    "RatedCurrent": 0,
    "BreakingCurrent": 0,
    "PullingForceMax": 0,
    "PushingForceMax": 0,
    "PullingForceMaxWithNegativeWind": 0,
    "PushingForceMaxWithNegativeWind": 0,
    "PushingForcePermanent": 0,
    "PullingForcePermanent": 0,
    "MinPullingForceMax": 0,
    "MinPushingForceMax": 0,
    "MinPullingForcePermanent": 0,
    "MinPushingForcePermanent": 0,
    "Price": 0,
    "DriveLength": 0,
    "ChainDrive": 0,
    "ChainDrive2": 0,
    "MaxLengthMainClosingEdge1Drive": 0,
    "MaxGeometricArea": 0,
    "GeometricalSmokeExhaustion": 0,
    "TotalGlassThickness": 0,
    "Dimensions": 0,
    "DimensionsWxHxD": "375 x 24 x 35",
    "TensileForce": 0,
    "LockingForce": 0,
    "Details_DE": "<ul> <li>Bemessungsspannung: 24 V DC (19 V … 28 V)</li> <li>Abschaltstrom: ~1,0 A</li> <li>Bemessungsstrom: 0,6 A</li> <li>Bemessungsaufnahme: 15 W</li> <li>Schutzart: IP 32</li><li>Zug-/Schubkraft: max. 600 N</li> <li>Umgebungstemperatur: -5°C bis + 60°C</li> <li>Anschlussleitung: Halogenfrei, grau 5 x 0,5mm² , ~5m</li> <li>Laufzeit: ~ 5s</li><li>Hub: ~ 18mm</li> </ul>",
    "Details_EN": "<ul> <li>Rated voltage : 24 V DC (19 V … 28 V</li> <li>Breaking current : ~1,0 A</li> <li>Rated current : 0,6 A</li> <li>Rated consumption : 15 W</li> <li>Protection rating : IP 32</li><li>Traction/ thrust : max. 600 N</li> <li>Ambient temperature: -5°C bis + 60°C</li> <li>Connecting cable: halogen-free, grey 5 x 0,5mm² , ~5m</li> <li>Running time: ~ 5s</li><li>Stroke: ~ 18mm</li> </ul>",
    "Einsatz": "<ul> <li>Anwendung: Lüftung, NRA</li><li>Integrierte intelligente Regelelektronik</li></ul>",
    "Use": "<ul> <li>Application: ventilation, natural smoke ventilation</li> <li>Integrated intelligent control electronics</li></ul>",
    "Ausstattung": "<ul><li>Laufrichtung einstellbar</li><li>Zusätzlicher Universal-Steckersatz</li></ul>",
    "Equipment": "<ul><li>Running direction adjustable</li><li>Additional universal plug socket</li></ul>",
    "Optionen": "<ul> <li>Mitnehmer objekt-/profilspezifisch anpassbar</li></ul>",
    "Options": "<ul> <li>Coupling adapter customizable for project-/profile-specific demands</li></ul>",
    "IsTwoPce": false,
    "ResultVentWeight": 0,
    "IsLsRsDrive": false,
    "ArticleNumberRs": 0,
    "TwoDrivesSideInstallation50": 0,
    "TwoDrivesSideInstallation60": 0,
    "TwoDrivesSideInstallation70": 0,
    "TwoDrivesSideInstallation80": 0,
    "OpeningSpeedmms": 0,
    "Traction": 0,
    "Thrust": 0,
    "Id": "ebe9753c-e5d7-4140-afe0-9f98bf25df99",
    "CreatedOn": "2024-09-26T13:55:26.817Z",
    "CreatedBy": "",
    "ModifiedOn": "2024-09-26T13:55:26.817Z",
    "ModifiedBy": ""
  }
]

13:53:26.267 [main] INFO  com.intuit.karate - Expected RecommDrive: Chain actuator D4 400,Chain actuator D6 400,Chain actuator D4 400,Chain actuator D6 400,Locking actuator EasyConnect ow 
13:53:26.268 [main] INFO  com.intuit.karate - Actual RecommDrive: Chain actuator D4 400, Chain actuator D6 400, Chain actuator D4 400, Chain actuator D6 400, Locking actuator EasyConnect ow 
13:53:26.269 [main] INFO  com.intuit.karate - Normalized Actual RecommDrive: Chain actuator D4 400,Chain actuator D6 400,Chain actuator D4 400,Chain actuator D6 400,Locking actuator EasyConnect ow 
13:53:26.269 [main] INFO  com.intuit.karate - Normalized Expected RecommDrive: Chain actuator D4 400,Chain actuator D6 400,Chain actuator D4 400,Chain actuator D6 400,Locking actuator EasyConnect ow 
13:53:26.271 [main] INFO  com.intuit.karate - All Drive IDs: [
  "3d1279a9-fd09-4a49-8d1b-c747973b2872",
  "6cfaf03b-807c-4298-8635-4bf804653a9e",
  "3d1279a9-fd09-4a49-8d1b-c747973b2872",
  "6cfaf03b-807c-4298-8635-4bf804653a9e",
  "ebe9753c-e5d7-4140-afe0-9f98bf25df99"
]
 
13:53:26.272 [main] INFO  com.intuit.karate - First Drive ID: 3d1279a9-fd09-4a49-8d1b-c747973b2872 
13:53:26.274 [main] DEBUG com.intuit.karate - request:
3 > POST https://dev-drivetec-apis.schuecodigitalsolutions.com/api/Drives/DownloadPDFNew/Schuco
3 > Content-Type: application/json; charset=UTF-8
3 > Content-Length: 1194
3 > Host: dev-drivetec-apis.schuecodigitalsolutions.com
3 > Connection: Keep-Alive
3 > User-Agent: Apache-HttpClient/4.5.14 (Java/17.0.12)
3 > Accept-Encoding: gzip,deflate
[{"Id":"configId","Header":"configId","Value":"8e445620-2876-40c9-aad4-a1baa749df15"},{"Id":"driveId","Header":"driveId","Value":"3d1279a9-fd09-4a49-8d1b-c747973b2872"},{"Id":"culture","Header":"culture","Value":"EN-US"},{"Id":"projectId","Header":"projectId","Value":"2afcf090-6588-4022-aa5e-49fca51f940e"},{"Id":"range-of-app","Header":"Range of application","Value":"Façade"},{"Id":"opening-type","Header":"Opening type","Value":"Bottom-hung vent"},{"Id":"opening-direction","Header":"Opening direction","Value":"Inward"},{"Id":"how-calc-weight","Header":"Vent weight","Value":"Weight including glass"},{"Id":"Chain-Length","Header":"Chain- \/ connecting rod handle","Value":"100%"},{"Id":"drive-position","Header":"Drive position","Value":"Side installation"},{"Id":"locking-mechanism","Header":"Locking mechanism","Value":"With"},{"Id":"voltage","Header":"Voltage","Value":"24 V"},{"Id":"drive-type","Header":"Drive type","Value":"Chain drive"},{"Id":"type-installation","Header":"Type of installation","Value":"Pivoting Outer Frame Installation"},{"Id":"calculation-type-for-ventilation-area","Header":"Calculation type for ventilation area","Value":"Method in accordance with ASR 3.6"}]

13:53:27.785 [main] DEBUG com.intuit.karate - response time in milliseconds: 1510
3 < 200
3 < Content-Type: application/json; charset=utf-8
3 < Date: Thu, 05 Dec 2024 08:23:25 GMT
3 < Server: Microsoft-IIS/10.0
3 < X-Powered-By: ASP.NET
3 < transfer-encoding: chunked
3 < Connection: keep-alive
{
  "result": "https://drive-tec-dev.s3.amazonaws.com/AUT_TPJ33518-Chain_actuator_D4_400.pdf?AWSAccessKeyId=AKIAZAWIART4ZFAXXPHK&Expires=1733390605&response-content-disposition=attachment%3B&response-content-type=application%2Fpdf&Signature=UGqJP4CILJtpg%2FFGguG9y98rEI4%3D"
}

13:53:27.786 [main] INFO  com.intuit.karate - Download URL for first driveId: https://drive-tec-dev.s3.amazonaws.com/AUT_TPJ33518-Chain_actuator_D4_400.pdf?AWSAccessKeyId=AKIAZAWIART4ZFAXXPHK&Expires=1733390605&response-content-disposition=attachment%3B&response-content-type=application%2Fpdf&Signature=UGqJP4CILJtpg%2FFGguG9y98rEI4%3D 
13:53:27.791 [main] INFO  com.intuit.karate - karate.env system property was: null 
13:53:27.793 [main] INFO  com.intuit.karate - Running test for dataset:  Dataset21 
13:53:27.798 [main] INFO  com.intuit.karate - Using ProjectId:  {
  "result": {
    "projectId": "prjId"
  },
  "projectPayload": {
    "Id": "579816e4-6653-4794-b435-a885f32e28d7",
    "Name": "AUT_TPJ33518",
    "Address": "Hyderabad, Telangana, India",
    "Description": "",
    "CreatedBy": "579816e4-6653-4794-b435-a885f32e28d7",
    "ModifiedBy": "579816e4-6653-4794-b435-a885f32e28d7"
  },
  "uniqueName": "AUT_TPJ33518",
  "responseHeaders": {
    "Content-Type": [
      "application/json; charset=utf-8"
    ],
    "Date": [
      "Thu, 05 Dec 2024 08:22:12 GMT"
    ],
    "Server": [
      "Microsoft-IIS/10.0"
    ],
    "X-Powered-By": [
      "ASP.NET"
    ],
    "transfer-encoding": [
      "chunked"
    ],
    "Connection": [
      "keep-alive"
    ],
    "Set-Cookie": [
    ]
  },
  "responseTime": 841,
  "response": {
    "Name": "AUT_TPJ33518",
    "Description": "",
    "Address": "Hyderabad, Telangana, India",
    "Id": "2afcf090-6588-4022-aa5e-49fca51f940e",
    "CreatedOn": "2024-12-05T08:22:11.998251+00:00",
    "CreatedBy": "579816e4-6653-4794-b435-a885f32e28d7",
    "ModifiedOn": "2024-12-05T08:22:11.9982526+00:00",
    "ModifiedBy": ""
  },
  "responseStatus": 200,
  "prjId": "2afcf090-6588-4022-aa5e-49fca51f940e",
  "projectId": "2afcf090-6588-4022-aa5e-49fca51f940e"
}
 
13:53:27.800 [main] DEBUG com.intuit.karate - request:
1 > POST https://dev-drivetec-apis.schuecodigitalsolutions.com/Configurations
1 > Content-Type: application/json; charset=UTF-8
1 > Content-Length: 1275
1 > Host: dev-drivetec-apis.schuecodigitalsolutions.com
1 > Connection: Keep-Alive
1 > User-Agent: Apache-HttpClient/4.5.14 (Java/17.0.12)
1 > Accept-Encoding: gzip,deflate
{"Id":"00000000-0000-0000-0000-000000000000","ProjectId":"2afcf090-6588-4022-aa5e-49fca51f940e","Name":"Dataset7799","Description":"Dataset7799","CustomTags":"","CreatedBy":"579816e4-6653-4794-b435-a885f32e28d7","ModifiedBy":"579816e4-6653-4794-b435-a885f32e28d7","ApplicationName":1,"System":"","FacadeInclination":0,"OpeningType":1,"OpeningDirection":1,"OpeningWidth":1000,"VentOuterWidth":1230,"VentOuterHeight":1480,"VentWeight":70,"CalculateWeightWithGlass":false,"WeightIncGlassOrThickness":false,"GlassThickness":14,"ProfileWeightPerSerialMeter":2.5,"IsWindowOpeningCalculationByAngle":1,"RequiredOpeningStroke":400,"OpeningAngle":15,"WindLoad":120,"SnowLoad":0,"DrivePosition":2,"InstallationPosition":1,"ChainLengthConnectingRodHandle":5,"LockingMechanism":1,"Voltage":1,"DriveType":1,"TypeOfInstallation":2,"CalculationTypeForVentilation":1,"CalcVentilation":1,"GeometricArea":1,"SpecificExhaustDimension":30,"BuildingDepth":75,"RevealDepth":0,"RevealDepthRectangleAngle1":0,"RevealDepthRectangleAngle2":0,"HeightOfProfile":0,"HeightProfileRectangleAngle1":0,"HeightProfileRectangleAngle2":0,"AkippOrAtilt":0,"AdrehOrAturn":0,"Ageo":0,"MinPullingForceMax":0,"MinPushingForceMax":0,"MinPullingForcePermanent":0,"MinPushingForcePermanent":0,"ForceWithNegativeWind":0}

13:53:28.396 [main] DEBUG com.intuit.karate - response time in milliseconds: 595
1 < 200
1 < Content-Type: application/json; charset=utf-8
1 < Date: Thu, 05 Dec 2024 08:23:25 GMT
1 < Server: Microsoft-IIS/10.0
1 < X-Powered-By: ASP.NET
1 < Content-Length: 2032
1 < Connection: keep-alive
{
  "ProjectId": "2afcf090-6588-4022-aa5e-49fca51f940e",
  "Name": "Dataset7799",
  "Description": "Dataset7799",
  "CustomTags": "",
  "ApplicationName": 1,
  "OpeningType": 1,
  "OpeningDirection": 1,
  "CalculateWeightWithGlass": false,
  "WindLoad": 120,
  "IsWindowOpeningCalculationByAngle": 1,
  "VentOuterWidth": 1230,
  "VentOuterHeight": 1480,
  "WeightIncGlassOrThickness": false,
  "VentWeight": 77,
  "VentWeightExact": 77.26400000000001,
  "GlassThickness": 14,
  "ProfileWeightPerSerialMeter": 2.5,
  "FacadeInclination": 0,
  "ChainLengthConnectingRodHandle": 5,
  "ChainLenghtConnectingRodHandle": 0,
  "RequiredOpeningStroke": 400,
  "OpeningWidth": 1000,
  "OpeningAngle": 15.532868337024489,
  "SpecificExhaustDimension": 30,
  "BuildingDepth": 75,
  "SnowLoad": 0,
  "DistanceHinge": 0,
  "RatedCurrent": 0,
  "DrivePosition": 2,
  "LockingMechanism": 1,
  "Voltage": 1,
  "DriveType": 1,
  "TypeOfInstallation": 2,
  "GeometricArea": 0,
  "CalculationTypeForVentilation": 1,
  "HeightOfProfile": 0,
  "Reveal": 0,
  "RevealDepth": 0,
  "HeightProfileRectangleAngle1": 0,
  "HeightProfileRectangleAngle2": 0,
  "RevealDepthRectangleAngle1": 0,
  "RevealDepthRectangleAngle2": 0,
  "RevealDepthRectangleAngle12": 0,
  "InstallationPosition": 0,
  "RecommendedDriveArticleNo": 0,
  "System": "",
  "AkippOrAtilt": 1.084,
  "AdrehOrAturn": 1.8204,
  "Ageo": 1.084,
  "MinPullingForceMax": -206.4868442161654,
  "MinPushingForceMax": -206.4868442161654,
  "MinPullingForcePermanent": -104.11163259218097,
  "MinPushingForcePermanent": -104.11163259218097,
  "ForceWithNegativeWind": 109.53156767199486,
  "ForceWithNoWindMin": 0.30763693489047433,
  "ForceWithNegativeWindMin": 0,
  "ForceWithWindMin": -108.91629380221393,
  "Id": "6f388d20-c71c-4975-9c07-188d3080bf53",
  "CreatedOn": "2024-12-05T08:23:25.9272101+00:00",
  "CreatedBy": "579816e4-6653-4794-b435-a885f32e28d7",
  "ModifiedOn": "2024-12-05T08:23:25.9272111+00:00",
  "ModifiedBy": ""
}

13:53:28.397 [main] INFO  com.intuit.karate - Generated Config ID: 6f388d20-c71c-4975-9c07-188d3080bf53 
13:53:28.398 [main] INFO  com.intuit.karate - Generated Name: Dataset7799 
13:53:28.398 [main] INFO  com.intuit.karate - Generated Description: Dataset7799 
13:53:28.403 [main] DEBUG com.intuit.karate - request:
1 > PUT https://dev-drivetec-apis.schuecodigitalsolutions.com/Configurations
1 > Content-Type: application/json; charset=UTF-8
1 > Content-Length: 1280
1 > Host: dev-drivetec-apis.schuecodigitalsolutions.com
1 > Connection: Keep-Alive
1 > User-Agent: Apache-HttpClient/4.5.14 (Java/17.0.12)
1 > Accept-Encoding: gzip,deflate
{"Id":"6f388d20-c71c-4975-9c07-188d3080bf53","Name":"Dataset21","Description":"Dataset7799","ProjectId":"2afcf090-6588-4022-aa5e-49fca51f940e","CustomTags":"","CreatedBy":"579816e4-6653-4794-b435-a885f32e28d7","ModifiedBy":"579816e4-6653-4794-b435-a885f32e28d7","System":"","FacadeInclination":7,"OpeningType":4,"OpeningDirection":1,"OpeningWidth":1000,"VentOuterWidth":800,"VentOuterHeight":1600,"VentWeight":0,"CalculateWeightWithGlass":false,"RequiredOpeningStroke":800,"WindLoad":120,"SnowLoad":1035,"IsWindowOpeningCalculationByAngle":1,"GlassThickness":13,"ProfileWeightPerSerialMeter":2.5,"DrivePosition":1,"InstallationPosition":0,"LockingMechanism":1,"Voltage":1,"DriveType":3,"TypeOfInstallation":2,"GeometricArea":0,"CalcVentilation":2,"SpecificExhaustDimension":50,"BuildingDepth":100,"CalculationTypeForVentilation":2,"HeightOfProfile":10,"HeightProfileRectangleAngle1":0,"HeightProfileRectangleAngle2":10,"RevealDepth":300,"RevealDepthRectangleAngle1":0,"RevealDepthRectangleAngle2":50,"ChainLengthConnectingRodHandle":1,"ApplicationName":2,"OpeningAngle":10,"WeightIncGlassOrThickness":false,"AkippOrAtilt":0,"AdrehOrAturn":0,"Ageo":0,"MinPullingForceMax":0,"MinPushingForceMax":0,"MinPullingForcePermanent":0,"MinPushingForcePermanent":0,"ForceWithNegativeWind":0}

13:53:29.060 [main] DEBUG com.intuit.karate - response time in milliseconds: 657
1 < 200
1 < Content-Type: application/json; charset=utf-8
1 < Date: Thu, 05 Dec 2024 08:23:26 GMT
1 < Server: Microsoft-IIS/10.0
1 < X-Powered-By: ASP.NET
1 < transfer-encoding: chunked
1 < Connection: keep-alive
{
  "ProjectId": "2afcf090-6588-4022-aa5e-49fca51f940e",
  "Name": "Dataset21",
  "Description": "Dataset7799",
  "CustomTags": "",
  "ApplicationName": 2,
  "OpeningType": 4,
  "OpeningDirection": 1,
  "CalculateWeightWithGlass": false,
  "WindLoad": 120,
  "IsWindowOpeningCalculationByAngle": 1,
  "VentOuterWidth": 800,
  "VentOuterHeight": 1600,
  "WeightIncGlassOrThickness": false,
  "VentWeight": 54,
  "VentWeightExact": 53.6,
  "GlassThickness": 13,
  "ProfileWeightPerSerialMeter": 2.5,
  "FacadeInclination": 7,
  "ChainLengthConnectingRodHandle": 1,
  "ChainLenghtConnectingRodHandle": 0,
  "RequiredOpeningStroke": 800,
  "OpeningWidth": 1000,
  "OpeningAngle": 60.00000000000001,
  "SpecificExhaustDimension": 50,
  "BuildingDepth": 100,
  "SnowLoad": 1035,
  "DistanceHinge": 0,
  "RatedCurrent": 0,
  "DrivePosition": 1,
  "LockingMechanism": 1,
  "Voltage": 1,
  "DriveType": 3,
  "TypeOfInstallation": 2,
  "GeometricArea": 0,
  "CalculationTypeForVentilation": 2,
  "HeightOfProfile": 10,
  "Reveal": 0,
  "RevealDepth": 300,
  "HeightProfileRectangleAngle1": 0,
  "HeightProfileRectangleAngle2": 10,
  "RevealDepthRectangleAngle1": 0,
  "RevealDepthRectangleAngle2": 50,
  "RevealDepthRectangleAngle12": 0,
  "InstallationPosition": 0,
  "RecommendedDriveArticleNo": 0,
  "System": "",
  "AkippOrAtilt": 3.84,
  "AdrehOrAturn": 1.28,
  "Ageo": 0.9619784315200841,
  "MinPullingForceMax": 1165.4514860302625,
  "MinPushingForceMax": 1599.9634410520912,
  "MinPullingForcePermanent": 537.3355554483862,
  "MinPushingForcePermanent": 537.3355554483862,
  "ForceWithNegativeWind": 1599.702583112022,
  "ForceWithNoWindMin": 372.444430955717,
  "ForceWithNegativeWindMin": 1052.3161285084368,
  "ForceWithWindMin": 1165.4514860302625,
  "Id": "6f388d20-c71c-4975-9c07-188d3080bf53",
  "CreatedOn": "0001-01-01T00:00:00",
  "CreatedBy": "579816e4-6653-4794-b435-a885f32e28d7",
  "ModifiedOn": "2024-12-05T08:23:26.5726352+00:00",
  "ModifiedBy": "579816e4-6653-4794-b435-a885f32e28d7"
}

13:53:29.061 [main] INFO  com.intuit.karate - VentWeight from API Response: 54 
13:53:29.062 [main] INFO  com.intuit.karate - Rounded Opening Angle: 60.0 
13:53:29.062 [main] INFO  com.intuit.karate - Rounded Ageo: 0.96 
13:53:29.062 [main] INFO  com.intuit.karate - Rounded Required Opening Stroke: 800.0 
13:53:29.062 [main] INFO  com.intuit.karate - Rounded Vent Weight: 54.0 
13:53:29.063 [main] DEBUG com.intuit.karate - request:
2 > GET https://dev-drivetec-apis.schuecodigitalsolutions.com/Config/6f388d20-c71c-4975-9c07-188d3080bf53/Drive
2 > Host: dev-drivetec-apis.schuecodigitalsolutions.com
2 > Connection: Keep-Alive
2 > User-Agent: Apache-HttpClient/4.5.14 (Java/17.0.12)
2 > Accept-Encoding: gzip,deflate


13:53:29.799 [main] DEBUG com.intuit.karate - response time in milliseconds: 735
2 < 200
2 < Content-Type: application/json; charset=utf-8
2 < Date: Thu, 05 Dec 2024 08:23:26 GMT
2 < Server: Microsoft-IIS/10.0
2 < X-Powered-By: ASP.NET
2 < Content-Length: 17177
2 < Connection: keep-alive
[
  {
    "Name": "Linear drive LDN8 L1000",
    "Bezeichnung": "Linearantrieb LDN8 L1000",
    "ConfigurationId": "00000000-0000-0000-0000-000000000000",
    "Description": "",
    "Application": "Roof",
    "ApplicationFacade": false,
    "ApplicationSkylight": true,
    "Type": 2,
    "OpeningType": 0,
    "BottomHungInward": false,
    "BottomHungOutward": true,
    "SideHungInward": false,
    "SideHungOutward": false,
    "TopHungInward": false,
    "TopHungOutward": true,
    "ProjectedTopHungInward": false,
    "ProjectedTopHungOutward": false,
    "InstallationType": "",
    "ITMainOutFrmMountWBracket": true,
    "ITMainFixOutFrmMount": false,
    "ITMainVentFrmMount": false,
    "ITSideMount50": true,
    "ITSideMount60": true,
    "ITSideMount70": true,
    "ITSideMount80": true,
    "ITSideMount67": false,
    "Feature": "",
    "FeatureOpenClose": true,
    "FeatureLock": true,
    "ArticleNumber": 291923,
    "Stroke": 1000,
    "Angle": 0,
    "Voltage": "24 V DC",
    "Voltage24": true,
    "Voltage230": false,
    "RatedCurrent": 1,
    "BreakingCurrent": 1,
    "PullingForceMax": 800,
    "PushingForceMax": 800,
    "PullingForceMaxWithNegativeWind": 0,
    "PushingForceMaxWithNegativeWind": 0,
    "PushingForcePermanent": 533.33,
    "PullingForcePermanent": 533.33,
    "MinPullingForceMax": 0,
    "MinPushingForceMax": 1599.96,
    "MinPullingForcePermanent": 0,
    "MinPushingForcePermanent": 537.34,
    "Price": 986.24,
    "DriveLength": 0,
    "ChainDrive": 450,
    "ChainDrive2": 450,
    "MaxLengthMainClosingEdge1Drive": 2100,
    "MaxGeometricArea": 1,
    "GeometricalSmokeExhaustion": 0,
    "TotalGlassThickness": 13,
    "Dimensions": 0,
    "DimensionsWxHxD": "1323 x Ø36",
    "TensileForce": 0,
    "LockingForce": 0,
    "Details_DE": "<ul> <li>Bemessungsspannung: 24 V DC (19 V … 28 V)</li><li>Abschaltstrom: 1,4 A</li><li>Bemessungsstrom: 1,0 A</li><li>Bemessungsaufnahme: 24 W</li><li>Schutzart: IP 65</li> <li>Zug-/Schubkraft: max. 800 N</li><li>Umgebungstemperatur: -5°C bis + 60°C</li><li>Anschlussleitung: Halogenfrei, grau 3 x 1mm², ~3m</li><li>Max. Geschwindigkeit: 10 mm/s</li></ul>",
    "Details_EN": "<ul> <li>Rated voltage: 24 V DC (19 V … 28 V)</li> <li>Breaking current: 1.4 A</li> <li>Rated current: 1.0 A</li> <li>Rated consumption: 24 W</li> <li>Protection rating: IP 65</li><li>Traction/ thrust: max. 800 N</li> <li>Ambient temperature: -5°C to + 60°C</li> <li>Connecting cable: halogen-free, grey 3 x 1mm², ~3m</li> <li>Max. speed: 10 mm/s</li> </ul>",
    "Einsatz": "<ul> <li>Anwendung: Lüftung, NRA</li><li>Integrierte intelligente Regelelektronik</li></ul>",
    "Use": "<ul> <li>Application: ventilation, natural smoke ventilation</li><li>Integrated intelligent control electronics</li></ul>",
    "Ausstattung": "<ul> <li>Robuste korrosionsbeständige Ausführung in eloxierten Aluminiumgehäuse</li><li>Montagefreundlich durch verstellbaren Klemmring</li><li>Spindel aus Edelstahl, kugelgelagert mit Endlagendämpfung</li><li>Mit Goretex Membrane</li></ul>",
    "Equipment": "<ul> <li>Robust, corrosion-resistant design in anodized casing</li><li>Easy installation thanks to adjustable clamping ring</li><li>Stainless steel spindle on ball bearings with end position cushioning</li><li>with Goretex membrane</li></ul>",
    "Optionen": "<ul> <li>Programmierung von Sonderfunktionen</li><li>Programmierbare Parameter der Regelelektronik</li><li>Schüco Kontroller zur automatischen Konfiguration von Synchronlauf und Folgesteuerungen mit Verriegelungsantrieb in Antriebs-Verbundsystem</li></ul>",
    "Options": "<ul> <li>Programming of special functions</li><li>Programmable parameters of intelligent control electronics</li><li>Schüco controller for automatic configuration of synchronous running and sequence control with locking drives in composite drive systems</li></ul>",
    "IsTwoPce": true,
    "ResultVentWeight": 53.6,
    "IsLsRsDrive": false,
    "ArticleNumberRs": 0,
    "TwoDrivesSideInstallation50": 1450,
    "TwoDrivesSideInstallation60": 1205,
    "TwoDrivesSideInstallation70": 1035,
    "TwoDrivesSideInstallation80": 905,
    "OpeningSpeedmms": 10,
    "Traction": 533,
    "Thrust": 800,
    "Id": "01b945cf-b7bd-4729-a42b-fea1b1853c7a",
    "CreatedOn": "2024-09-26T13:55:26.817Z",
    "CreatedBy": "",
    "ModifiedOn": "2024-09-26T13:55:26.817Z",
    "ModifiedBy": ""
  },
  {
    "Name": "Linear drive LDN10 L1000",
    "Bezeichnung": "Linearantrieb LDN10 L1000",
    "ConfigurationId": "00000000-0000-0000-0000-000000000000",
    "Description": "",
    "Application": "Roof",
    "ApplicationFacade": false,
    "ApplicationSkylight": true,
    "Type": 2,
    "OpeningType": 0,
    "BottomHungInward": false,
    "BottomHungOutward": true,
    "SideHungInward": false,
    "SideHungOutward": false,
    "TopHungInward": false,
    "TopHungOutward": true,
    "ProjectedTopHungInward": false,
    "ProjectedTopHungOutward": false,
    "InstallationType": "",
    "ITMainOutFrmMountWBracket": true,
    "ITMainFixOutFrmMount": false,
    "ITMainVentFrmMount": false,
    "ITSideMount50": true,
    "ITSideMount60": true,
    "ITSideMount70": true,
    "ITSideMount80": true,
    "ITSideMount67": false,
    "Feature": "",
    "FeatureOpenClose": true,
    "FeatureLock": true,
    "ArticleNumber": 291931,
    "Stroke": 1000,
    "Angle": 0,
    "Voltage": "24 V DC",
    "Voltage24": true,
    "Voltage230": false,
    "RatedCurrent": 2,
    "BreakingCurrent": 2,
    "PullingForceMax": 1000,
    "PushingForceMax": 1000,
    "PullingForceMaxWithNegativeWind": 0,
    "PushingForceMaxWithNegativeWind": 0,
    "PushingForcePermanent": 666.67,
    "PullingForcePermanent": 666.67,
    "MinPullingForceMax": 0,
    "MinPushingForceMax": 1599.96,
    "MinPullingForcePermanent": 0,
    "MinPushingForcePermanent": 537.34,
    "Price": 1268.08,
    "DriveLength": 0,
    "ChainDrive": 450,
    "ChainDrive2": 450,
    "MaxLengthMainClosingEdge1Drive": 2100,
    "MaxGeometricArea": 1,
    "GeometricalSmokeExhaustion": 0,
    "TotalGlassThickness": 13,
    "Dimensions": 0,
    "DimensionsWxHxD": "1323 x Ø36",
    "TensileForce": 0,
    "LockingForce": 0,
    "Details_DE": "<ul> <li>Bemessungsspannung: 24 V DC (19 V … 28 V)</li><li>Abschaltstrom: 2,5 A</li><li>Bemessungsstrom: 1,9 A</li><li>Bemessungsaufnahme: 45 W</li><li>Schutzart: IP 65</li> <li>Zug-/Schubkraft: max. 1000 N</li><li>Umgebungstemperatur: -5°C bis + 60°C</li><li>Anschlussleitung: Halogenfrei, grau 3 x 1mm², ~3m</li><li>Max. Geschwindigkeit: 12,6 mm/s</li></ul>",
    "Details_EN": "<ul> <li>Rated voltage: 24 V DC (19 V … 28 V)</li> <li>Breaking current: 2.5 A</li> <li>Rated current: 1.9 A</li> <li>Rated consumption: 45 W</li> <li>Protection rating: IP 65</li><li>Traction/ thrust: max. 1000N</li> <li>Ambient temperature: -5°C to + 60°C</li> <li>Connecting cable: halogen-free, grey 3 x 1mm², ~3m</li> <li>Max. speed: 12.6 mm/s</li> </ul>",
    "Einsatz": "<ul> <li>Anwendung: Lüftung, NRA</li><li>Integrierte intelligente Regelelektronik</li></ul>",
    "Use": "<ul> <li>Application: ventilation, natural smoke ventilation</li><li>Integrated intelligent control electronics</li></ul>",
    "Ausstattung": "<ul> <li>Robuste korrosionsbeständige Ausführung in eloxierten Aluminiumgehäuse</li><li>Montagefreundlich durch verstellbaren Klemmring</li><li>Spindel aus Edelstahl, kugelgelagert mit Endlagendämpfung</li><li>Mit Goretex Membrane</li></ul>",
    "Equipment": "<ul> <li>Robust, corrosion-resistant design in anodized casing</li><li>Easy installation thanks to adjustable clamping ring</li><li>Stainless steel spindle on ball bearings with end position cushioning</li><li>with Goretex membrane</li></ul>",
    "Optionen": "<ul> <li>Programmierung von Sonderfunktionen</li><li>Programmierbare Parameter der Regelelektronik</li><li>Schüco Kontroller zur automatischen Konfiguration von Synchronlauf und Folgesteuerungen mit Verriegelungsantrieb in Antriebs-Verbundsystem</li></ul>",
    "Options": "<ul> <li>Programming of special functions</li><li>Programmable parameters of intelligent control electronics</li><li>Schüco controller for automatic configuration of synchronous running and sequence control with locking drives in composite drive systems</li></ul>",
    "IsTwoPce": true,
    "ResultVentWeight": 53.6,
    "IsLsRsDrive": false,
    "ArticleNumberRs": 0,
    "TwoDrivesSideInstallation50": 1450,
    "TwoDrivesSideInstallation60": 1205,
    "TwoDrivesSideInstallation70": 1035,
    "TwoDrivesSideInstallation80": 905,
    "OpeningSpeedmms": 13,
    "Traction": 667,
    "Thrust": 1000,
    "Id": "85a6a62b-3bd8-4f8f-8573-c7f5eaa04383",
    "CreatedOn": "2024-09-26T13:55:26.817Z",
    "CreatedBy": "",
    "ModifiedOn": "2024-09-26T13:55:26.817Z",
    "ModifiedBy": ""
  },
  {
    "Name": "Linear drive LDH15 L1000",
    "Bezeichnung": "Linearantrieb LDH15 L1000",
    "ConfigurationId": "00000000-0000-0000-0000-000000000000",
    "Description": "",
    "Application": "Roof",
    "ApplicationFacade": false,
    "ApplicationSkylight": true,
    "Type": 2,
    "OpeningType": 0,
    "BottomHungInward": false,
    "BottomHungOutward": true,
    "SideHungInward": false,
    "SideHungOutward": false,
    "TopHungInward": false,
    "TopHungOutward": true,
    "ProjectedTopHungInward": false,
    "ProjectedTopHungOutward": false,
    "InstallationType": "",
    "ITMainOutFrmMountWBracket": true,
    "ITMainFixOutFrmMount": false,
    "ITMainVentFrmMount": false,
    "ITSideMount50": true,
    "ITSideMount60": true,
    "ITSideMount70": true,
    "ITSideMount80": true,
    "ITSideMount67": false,
    "Feature": "",
    "FeatureOpenClose": true,
    "FeatureLock": true,
    "ArticleNumber": 291942,
    "Stroke": 1000,
    "Angle": 0,
    "Voltage": "24 V DC",
    "Voltage24": true,
    "Voltage230": false,
    "RatedCurrent": 3,
    "BreakingCurrent": 4,
    "PullingForceMax": 1500,
    "PushingForceMax": 1500,
    "PullingForceMaxWithNegativeWind": 0,
    "PushingForceMaxWithNegativeWind": 0,
    "PushingForcePermanent": 1000,
    "PullingForcePermanent": 1000,
    "MinPullingForceMax": 0,
    "MinPushingForceMax": 1599.96,
    "MinPullingForcePermanent": 0,
    "MinPushingForcePermanent": 537.34,
    "Price": 1694.22,
    "DriveLength": 0,
    "ChainDrive": 450,
    "ChainDrive2": 450,
    "MaxLengthMainClosingEdge1Drive": 2100,
    "MaxGeometricArea": 1,
    "GeometricalSmokeExhaustion": 0,
    "TotalGlassThickness": 13,
    "Dimensions": 0,
    "DimensionsWxHxD": "1441 x Ø50",
    "TensileForce": 0,
    "LockingForce": 0,
    "Details_DE": "<ul> <li>Bemessungsspannung: 24 V DC (19 V … 28 V)</li><li>Abschaltstrom: 4,0 A</li><li>Bemessungsstrom: 3,0 A</li><li>Bemessungsaufnahme: 72 W</li><li>Schutzart: IP 54</li> <li>Zug-/Schubkraft: max. 1500 N</li><li>Umgebungstemperatur: -5°C bis + 60°C</li><li>Anschlussleitung: Halogenfrei, grau 3 x 1mm², ~3m</li><li>Max. Geschwindigkeit: 16 mm/s</li></ul>",
    "Details_EN": "<ul> <li>Rated voltage: 24 V DC (19 V … 28 V)</li> <li>Breaking current: 4.0 A</li> <li>Rated current: 3.0 A</li> <li>Rated consumption: 72 W</li> <li>Protection rating: IP 54</li><li>Traction/ thrust: max. 1500N</li> <li>Ambient temperature: -5°C to + 60°C</li> <li>Connecting cable: halogen-free, grey 3 x 1mm², ~3m</li> <li>Max. speed: 16 mm/s</li> </ul>",
    "Einsatz": "<ul> <li>Anwendung: Lüftung, NRA</li><li>Integrierte intelligente Regelelektronik</li></ul>",
    "Use": "<ul> <li>Application: ventilation, natural smoke ventilation</li><li>Integrated intelligent control electronics</li></ul>",
    "Ausstattung": "<ul> <li>Robuste korrosionsbeständige Ausführung in eloxierten Aluminiumgehäuse</li><li>Montagefreundlich durch verstellbaren Klemmring</li><li>Spindel aus Edelstahl, kugelgelagert mit Endlagendämpfung</li><li>Mit Goretex Membrane</li></ul>",
    "Equipment": "<ul> <li>Robust, corrosion-resistant design in anodized casing</li><li>Easy installation thanks to adjustable clamping ring</li><li>Stainless steel spindle on ball bearings with end position cushioning</li><li>with Goretex membrane</li></ul>",
    "Optionen": "<ul> <li>Programmierung von Sonderfunktionen</li><li>Programmierbare Parameter der Regelelektronik</li><li>Schüco Kontroller zur automatischen Konfiguration von Synchronlauf und Folgesteuerungen mit Verriegelungsantrieb in Antriebs-Verbundsystem</li></ul>",
    "Options": "<ul> <li>Programming of special functions</li><li>Programmable parameters of intelligent control electronics</li><li>Schüco controller for automatic configuration of synchronous running and sequence control with locking drives in composite drive systems</li></ul>",
    "IsTwoPce": true,
    "ResultVentWeight": 53.6,
    "IsLsRsDrive": false,
    "ArticleNumberRs": 0,
    "TwoDrivesSideInstallation50": 1450,
    "TwoDrivesSideInstallation60": 1205,
    "TwoDrivesSideInstallation70": 1035,
    "TwoDrivesSideInstallation80": 905,
    "OpeningSpeedmms": 16,
    "Traction": 1000,
    "Thrust": 1500,
    "Id": "a1086267-f160-4f1d-8df3-e52c946a029b",
    "CreatedOn": "2024-09-26T13:55:26.818Z",
    "CreatedBy": "",
    "ModifiedOn": "2024-09-26T13:55:26.818Z",
    "ModifiedBy": ""
  },
  {
    "Name": "Locking actuator roof",
    "Bezeichnung": "Verr.antrieb Dachf 600N",
    "ConfigurationId": "00000000-0000-0000-0000-000000000000",
    "Description": "",
    "Application": "",
    "ApplicationFacade": false,
    "ApplicationSkylight": true,
    "Type": 5,
    "OpeningType": 0,
    "BottomHungInward": false,
    "BottomHungOutward": true,
    "SideHungInward": false,
    "SideHungOutward": false,
    "TopHungInward": false,
    "TopHungOutward": true,
    "ProjectedTopHungInward": false,
    "ProjectedTopHungOutward": false,
    "InstallationType": "",
    "ITMainOutFrmMountWBracket": true,
    "ITMainFixOutFrmMount": false,
    "ITMainVentFrmMount": false,
    "ITSideMount50": true,
    "ITSideMount60": true,
    "ITSideMount70": true,
    "ITSideMount80": true,
    "ITSideMount67": false,
    "Feature": "",
    "FeatureOpenClose": true,
    "FeatureLock": false,
    "ArticleNumber": 291954,
    "Stroke": 0,
    "Angle": 0,
    "Voltage": null,
    "Voltage24": true,
    "Voltage230": false,
    "RatedCurrent": 0,
    "BreakingCurrent": 0,
    "PullingForceMax": 0,
    "PushingForceMax": 0,
    "PullingForceMaxWithNegativeWind": 0,
    "PushingForceMaxWithNegativeWind": 0,
    "PushingForcePermanent": 0,
    "PullingForcePermanent": 0,
    "MinPullingForceMax": 0,
    "MinPushingForceMax": 0,
    "MinPullingForcePermanent": 0,
    "MinPushingForcePermanent": 0,
    "Price": 225.16,
    "DriveLength": 0,
    "ChainDrive": 0,
    "ChainDrive2": 0,
    "MaxLengthMainClosingEdge1Drive": 0,
    "MaxGeometricArea": 0,
    "GeometricalSmokeExhaustion": 0,
    "TotalGlassThickness": 0,
    "Dimensions": 0,
    "DimensionsWxHxD": "415 x 26 x 26",
    "TensileForce": 0,
    "LockingForce": 0,
    "Details_DE": "<ul> <li>Bemessungsspannung: 24 V DC (19 V … 28 V)</li> <li>Abschaltstrom: ~1,0 A</li> <li>Bemessungsstrom: 0,6 A</li> <li>Bemessungsaufnahme: 15 W</li> <li>Schutzart: IP 32</li><li>Zug-/Schubkraft: max. 600 N</li> <li>Umgebungstemperatur: -5°C bis + 60°C</li> <li>Anschlussleitung: Halogenfrei, grau 3x 0,5mm², ~3m</li> <li>Laufzeit: ~ 5s</li><li>Hub: ~ 18mm</li> </ul>",
    "Details_EN": "<ul> <li>Rated voltage : 24 V DC (19 V … 28 V</li> <li>Breaking current : ~1,0 A</li> <li>Rated current : 0,6 A</li> <li>Rated consumption : 15 W</li> <li>Protection rating : IP 32</li><li>Traction/ thrust : max. 600 N</li> <li>Ambient temperature: -5°C bis + 60°C</li> <li>Connecting cable: halogen-free, grey 3 x 0,5mm², ~3m</li> <li>Running time: ~ 5s</li><li>Stroke: ~ 18mm</li> </ul>",
    "Einsatz": "<ul> <li>Anwendung: Lüftung, NRA</li><li>Integrierte intelligente Regelelektronik</li></ul>",
    "Use": "<ul> <li>Application: ventilation, natural smoke ventilation</li> <li>Integrated intelligent control electronics</li></ul>",
    "Ausstattung": "<ul><li>Laufrichtung einstellbar</li></ul>",
    "Equipment": "<ul><li>Running direction adjustable</li></ul>",
    "Optionen": "<ul> <li>Mitnehmer objekt-/profilspezifisch anpassbar</li></ul>",
    "Options": "<ul> <li>Coupling adapter customizable for project-/profile-specific demands</li></ul>",
    "IsTwoPce": false,
    "ResultVentWeight": 0,
    "IsLsRsDrive": false,
    "ArticleNumberRs": 0,
    "TwoDrivesSideInstallation50": 0,
    "TwoDrivesSideInstallation60": 0,
    "TwoDrivesSideInstallation70": 0,
    "TwoDrivesSideInstallation80": 0,
    "OpeningSpeedmms": 0,
    "Traction": 0,
    "Thrust": 0,
    "Id": "2b6ffe33-0cb6-494e-a561-679dc2adeb63",
    "CreatedOn": "2024-09-26T13:55:26.817Z",
    "CreatedBy": "",
    "ModifiedOn": "2024-09-26T13:55:26.817Z",
    "ModifiedBy": ""
  }
]

13:53:29.802 [main] INFO  com.intuit.karate - Expected RecommDrive: Linear drive LDN8 L1000,Linear drive LDN10 L1000,Linear drive LDH15 L1000,Locking actuator roof 
13:53:29.803 [main] INFO  com.intuit.karate - Actual RecommDrive: Linear drive LDN8 L1000, Linear drive LDN10 L1000, Linear drive LDH15 L1000, Locking actuator roof 
13:53:29.803 [main] INFO  com.intuit.karate - Normalized Actual RecommDrive: Linear drive LDN8 L1000,Linear drive LDN10 L1000,Linear drive LDH15 L1000,Locking actuator roof 
13:53:29.803 [main] INFO  com.intuit.karate - Normalized Expected RecommDrive: Linear drive LDN8 L1000,Linear drive LDN10 L1000,Linear drive LDH15 L1000,Locking actuator roof 
13:53:29.804 [main] INFO  com.intuit.karate - All Drive IDs: [
  "01b945cf-b7bd-4729-a42b-fea1b1853c7a",
  "85a6a62b-3bd8-4f8f-8573-c7f5eaa04383",
  "a1086267-f160-4f1d-8df3-e52c946a029b",
  "2b6ffe33-0cb6-494e-a561-679dc2adeb63"
]
 
13:53:29.804 [main] INFO  com.intuit.karate - First Drive ID: 01b945cf-b7bd-4729-a42b-fea1b1853c7a 
13:53:29.805 [main] DEBUG com.intuit.karate - request:
3 > POST https://dev-drivetec-apis.schuecodigitalsolutions.com/api/Drives/DownloadPDFNew/Schuco
3 > Content-Type: application/json; charset=UTF-8
3 > Content-Length: 1194
3 > Host: dev-drivetec-apis.schuecodigitalsolutions.com
3 > Connection: Keep-Alive
3 > User-Agent: Apache-HttpClient/4.5.14 (Java/17.0.12)
3 > Accept-Encoding: gzip,deflate
[{"Id":"configId","Header":"configId","Value":"6f388d20-c71c-4975-9c07-188d3080bf53"},{"Id":"driveId","Header":"driveId","Value":"01b945cf-b7bd-4729-a42b-fea1b1853c7a"},{"Id":"culture","Header":"culture","Value":"EN-US"},{"Id":"projectId","Header":"projectId","Value":"2afcf090-6588-4022-aa5e-49fca51f940e"},{"Id":"range-of-app","Header":"Range of application","Value":"Façade"},{"Id":"opening-type","Header":"Opening type","Value":"Bottom-hung vent"},{"Id":"opening-direction","Header":"Opening direction","Value":"Inward"},{"Id":"how-calc-weight","Header":"Vent weight","Value":"Weight including glass"},{"Id":"Chain-Length","Header":"Chain- \/ connecting rod handle","Value":"100%"},{"Id":"drive-position","Header":"Drive position","Value":"Side installation"},{"Id":"locking-mechanism","Header":"Locking mechanism","Value":"With"},{"Id":"voltage","Header":"Voltage","Value":"24 V"},{"Id":"drive-type","Header":"Drive type","Value":"Chain drive"},{"Id":"type-installation","Header":"Type of installation","Value":"Pivoting Outer Frame Installation"},{"Id":"calculation-type-for-ventilation-area","Header":"Calculation type for ventilation area","Value":"Method in accordance with ASR 3.6"}]

13:53:31.635 [main] DEBUG com.intuit.karate - response time in milliseconds: 1829
3 < 200
3 < Content-Type: application/json; charset=utf-8
3 < Date: Thu, 05 Dec 2024 08:23:29 GMT
3 < Server: Microsoft-IIS/10.0
3 < X-Powered-By: ASP.NET
3 < Content-Length: 280
3 < Connection: keep-alive
{
  "result": "https://drive-tec-dev.s3.amazonaws.com/AUT_TPJ33518-Linear_drive_LDN8_L1000.pdf?AWSAccessKeyId=AKIAZAWIART4ZFAXXPHK&Expires=1733390609&response-content-disposition=attachment%3B&response-content-type=application%2Fpdf&Signature=NXDP%2FYs9nYZaU1F2t1FNW1KQPmc%3D"
}

13:53:31.637 [main] INFO  com.intuit.karate - Download URL for first driveId: https://drive-tec-dev.s3.amazonaws.com/AUT_TPJ33518-Linear_drive_LDN8_L1000.pdf?AWSAccessKeyId=AKIAZAWIART4ZFAXXPHK&Expires=1733390609&response-content-disposition=attachment%3B&response-content-type=application%2Fpdf&Signature=NXDP%2FYs9nYZaU1F2t1FNW1KQPmc%3D 
13:53:31.642 [main] INFO  com.intuit.karate - karate.env system property was: null 
13:53:31.645 [main] INFO  com.intuit.karate - Running test for dataset:  Dataset22 
13:53:31.649 [main] INFO  com.intuit.karate - Using ProjectId:  {
  "result": {
    "projectId": "prjId"
  },
  "projectPayload": {
    "Id": "579816e4-6653-4794-b435-a885f32e28d7",
    "Name": "AUT_TPJ33518",
    "Address": "Hyderabad, Telangana, India",
    "Description": "",
    "CreatedBy": "579816e4-6653-4794-b435-a885f32e28d7",
    "ModifiedBy": "579816e4-6653-4794-b435-a885f32e28d7"
  },
  "uniqueName": "AUT_TPJ33518",
  "responseHeaders": {
    "Content-Type": [
      "application/json; charset=utf-8"
    ],
    "Date": [
      "Thu, 05 Dec 2024 08:22:12 GMT"
    ],
    "Server": [
      "Microsoft-IIS/10.0"
    ],
    "X-Powered-By": [
      "ASP.NET"
    ],
    "transfer-encoding": [
      "chunked"
    ],
    "Connection": [
      "keep-alive"
    ],
    "Set-Cookie": [
    ]
  },
  "responseTime": 841,
  "response": {
    "Name": "AUT_TPJ33518",
    "Description": "",
    "Address": "Hyderabad, Telangana, India",
    "Id": "2afcf090-6588-4022-aa5e-49fca51f940e",
    "CreatedOn": "2024-12-05T08:22:11.998251+00:00",
    "CreatedBy": "579816e4-6653-4794-b435-a885f32e28d7",
    "ModifiedOn": "2024-12-05T08:22:11.9982526+00:00",
    "ModifiedBy": ""
  },
  "responseStatus": 200,
  "prjId": "2afcf090-6588-4022-aa5e-49fca51f940e",
  "projectId": "2afcf090-6588-4022-aa5e-49fca51f940e"
}
 
13:53:31.653 [main] DEBUG com.intuit.karate - request:
1 > POST https://dev-drivetec-apis.schuecodigitalsolutions.com/Configurations
1 > Content-Type: application/json; charset=UTF-8
1 > Content-Length: 1275
1 > Host: dev-drivetec-apis.schuecodigitalsolutions.com
1 > Connection: Keep-Alive
1 > User-Agent: Apache-HttpClient/4.5.14 (Java/17.0.12)
1 > Accept-Encoding: gzip,deflate
{"Id":"00000000-0000-0000-0000-000000000000","ProjectId":"2afcf090-6588-4022-aa5e-49fca51f940e","Name":"Dataset1651","Description":"Dataset1651","CustomTags":"","CreatedBy":"579816e4-6653-4794-b435-a885f32e28d7","ModifiedBy":"579816e4-6653-4794-b435-a885f32e28d7","ApplicationName":1,"System":"","FacadeInclination":0,"OpeningType":1,"OpeningDirection":1,"OpeningWidth":1000,"VentOuterWidth":1230,"VentOuterHeight":1480,"VentWeight":70,"CalculateWeightWithGlass":false,"WeightIncGlassOrThickness":false,"GlassThickness":14,"ProfileWeightPerSerialMeter":2.5,"IsWindowOpeningCalculationByAngle":1,"RequiredOpeningStroke":400,"OpeningAngle":15,"WindLoad":120,"SnowLoad":0,"DrivePosition":2,"InstallationPosition":1,"ChainLengthConnectingRodHandle":5,"LockingMechanism":1,"Voltage":1,"DriveType":1,"TypeOfInstallation":2,"CalculationTypeForVentilation":1,"CalcVentilation":1,"GeometricArea":1,"SpecificExhaustDimension":30,"BuildingDepth":75,"RevealDepth":0,"RevealDepthRectangleAngle1":0,"RevealDepthRectangleAngle2":0,"HeightOfProfile":0,"HeightProfileRectangleAngle1":0,"HeightProfileRectangleAngle2":0,"AkippOrAtilt":0,"AdrehOrAturn":0,"Ageo":0,"MinPullingForceMax":0,"MinPushingForceMax":0,"MinPullingForcePermanent":0,"MinPushingForcePermanent":0,"ForceWithNegativeWind":0}

13:53:32.285 [main] DEBUG com.intuit.karate - response time in milliseconds: 631
1 < 200
1 < Content-Type: application/json; charset=utf-8
1 < Date: Thu, 05 Dec 2024 08:23:29 GMT
1 < Server: Microsoft-IIS/10.0
1 < X-Powered-By: ASP.NET
1 < Content-Length: 2032
1 < Connection: keep-alive
{
  "ProjectId": "2afcf090-6588-4022-aa5e-49fca51f940e",
  "Name": "Dataset1651",
  "Description": "Dataset1651",
  "CustomTags": "",
  "ApplicationName": 1,
  "OpeningType": 1,
  "OpeningDirection": 1,
  "CalculateWeightWithGlass": false,
  "WindLoad": 120,
  "IsWindowOpeningCalculationByAngle": 1,
  "VentOuterWidth": 1230,
  "VentOuterHeight": 1480,
  "WeightIncGlassOrThickness": false,
  "VentWeight": 77,
  "VentWeightExact": 77.26400000000001,
  "GlassThickness": 14,
  "ProfileWeightPerSerialMeter": 2.5,
  "FacadeInclination": 0,
  "ChainLengthConnectingRodHandle": 5,
  "ChainLenghtConnectingRodHandle": 0,
  "RequiredOpeningStroke": 400,
  "OpeningWidth": 1000,
  "OpeningAngle": 15.532868337024489,
  "SpecificExhaustDimension": 30,
  "BuildingDepth": 75,
  "SnowLoad": 0,
  "DistanceHinge": 0,
  "RatedCurrent": 0,
  "DrivePosition": 2,
  "LockingMechanism": 1,
  "Voltage": 1,
  "DriveType": 1,
  "TypeOfInstallation": 2,
  "GeometricArea": 0,
  "CalculationTypeForVentilation": 1,
  "HeightOfProfile": 0,
  "Reveal": 0,
  "RevealDepth": 0,
  "HeightProfileRectangleAngle1": 0,
  "HeightProfileRectangleAngle2": 0,
  "RevealDepthRectangleAngle1": 0,
  "RevealDepthRectangleAngle2": 0,
  "RevealDepthRectangleAngle12": 0,
  "InstallationPosition": 0,
  "RecommendedDriveArticleNo": 0,
  "System": "",
  "AkippOrAtilt": 1.084,
  "AdrehOrAturn": 1.8204,
  "Ageo": 1.084,
  "MinPullingForceMax": -206.4868442161654,
  "MinPushingForceMax": -206.4868442161654,
  "MinPullingForcePermanent": -104.11163259218097,
  "MinPushingForcePermanent": -104.11163259218097,
  "ForceWithNegativeWind": 109.53156767199486,
  "ForceWithNoWindMin": 0.30763693489047433,
  "ForceWithNegativeWindMin": 0,
  "ForceWithWindMin": -108.91629380221393,
  "Id": "4f36cf6e-1795-4a18-8443-480b59440bed",
  "CreatedOn": "2024-12-05T08:23:29.8009201+00:00",
  "CreatedBy": "579816e4-6653-4794-b435-a885f32e28d7",
  "ModifiedOn": "2024-12-05T08:23:29.8009216+00:00",
  "ModifiedBy": ""
}

13:53:32.287 [main] INFO  com.intuit.karate - Generated Config ID: 4f36cf6e-1795-4a18-8443-480b59440bed 
13:53:32.287 [main] INFO  com.intuit.karate - Generated Name: Dataset1651 
13:53:32.287 [main] INFO  com.intuit.karate - Generated Description: Dataset1651 
13:53:32.292 [main] DEBUG com.intuit.karate - request:
1 > PUT https://dev-drivetec-apis.schuecodigitalsolutions.com/Configurations
1 > Content-Type: application/json; charset=UTF-8
1 > Content-Length: 1280
1 > Host: dev-drivetec-apis.schuecodigitalsolutions.com
1 > Connection: Keep-Alive
1 > User-Agent: Apache-HttpClient/4.5.14 (Java/17.0.12)
1 > Accept-Encoding: gzip,deflate
{"Id":"4f36cf6e-1795-4a18-8443-480b59440bed","Name":"Dataset22","Description":"Dataset1651","ProjectId":"2afcf090-6588-4022-aa5e-49fca51f940e","CustomTags":"","CreatedBy":"579816e4-6653-4794-b435-a885f32e28d7","ModifiedBy":"579816e4-6653-4794-b435-a885f32e28d7","System":"","FacadeInclination":7,"OpeningType":4,"OpeningDirection":1,"OpeningWidth":1000,"VentOuterWidth":800,"VentOuterHeight":1600,"VentWeight":0,"CalculateWeightWithGlass":false,"RequiredOpeningStroke":800,"WindLoad":120,"SnowLoad":1036,"IsWindowOpeningCalculationByAngle":1,"GlassThickness":13,"ProfileWeightPerSerialMeter":2.5,"DrivePosition":1,"InstallationPosition":0,"LockingMechanism":1,"Voltage":1,"DriveType":3,"TypeOfInstallation":2,"GeometricArea":0,"CalcVentilation":2,"SpecificExhaustDimension":50,"BuildingDepth":100,"CalculationTypeForVentilation":2,"HeightOfProfile":10,"HeightProfileRectangleAngle1":0,"HeightProfileRectangleAngle2":10,"RevealDepth":300,"RevealDepthRectangleAngle1":0,"RevealDepthRectangleAngle2":50,"ChainLengthConnectingRodHandle":1,"ApplicationName":2,"OpeningAngle":10,"WeightIncGlassOrThickness":false,"AkippOrAtilt":0,"AdrehOrAturn":0,"Ageo":0,"MinPullingForceMax":0,"MinPushingForceMax":0,"MinPullingForcePermanent":0,"MinPushingForcePermanent":0,"ForceWithNegativeWind":0}

13:53:32.890 [main] DEBUG com.intuit.karate - response time in milliseconds: 597
1 < 200
1 < Content-Type: application/json; charset=utf-8
1 < Date: Thu, 05 Dec 2024 08:23:30 GMT
1 < Server: Microsoft-IIS/10.0
1 < X-Powered-By: ASP.NET
1 < Content-Length: 2060
1 < Connection: keep-alive
{
  "ProjectId": "2afcf090-6588-4022-aa5e-49fca51f940e",
  "Name": "Dataset22",
  "Description": "Dataset1651",
  "CustomTags": "",
  "ApplicationName": 2,
  "OpeningType": 4,
  "OpeningDirection": 1,
  "CalculateWeightWithGlass": false,
  "WindLoad": 120,
  "IsWindowOpeningCalculationByAngle": 1,
  "VentOuterWidth": 800,
  "VentOuterHeight": 1600,
  "WeightIncGlassOrThickness": false,
  "VentWeight": 54,
  "VentWeightExact": 53.6,
  "GlassThickness": 13,
  "ProfileWeightPerSerialMeter": 2.5,
  "FacadeInclination": 7,
  "ChainLengthConnectingRodHandle": 1,
  "ChainLenghtConnectingRodHandle": 0,
  "RequiredOpeningStroke": 800,
  "OpeningWidth": 1000,
  "OpeningAngle": 60.00000000000001,
  "SpecificExhaustDimension": 50,
  "BuildingDepth": 100,
  "SnowLoad": 1036,
  "DistanceHinge": 0,
  "RatedCurrent": 0,
  "DrivePosition": 1,
  "LockingMechanism": 1,
  "Voltage": 1,
  "DriveType": 3,
  "TypeOfInstallation": 2,
  "GeometricArea": 0,
  "CalculationTypeForVentilation": 2,
  "HeightOfProfile": 10,
  "Reveal": 0,
  "RevealDepth": 300,
  "HeightProfileRectangleAngle1": 0,
  "HeightProfileRectangleAngle2": 10,
  "RevealDepthRectangleAngle1": 0,
  "RevealDepthRectangleAngle2": 50,
  "RevealDepthRectangleAngle12": 0,
  "InstallationPosition": 0,
  "RecommendedDriveArticleNo": 0,
  "System": "",
  "AkippOrAtilt": 3.84,
  "AdrehOrAturn": 1.28,
  "Ageo": 0.9619784315200841,
  "MinPullingForceMax": 1166.163021659551,
  "MinPushingForceMax": 1600.9899785072835,
  "MinPullingForcePermanent": 537.3355554483862,
  "MinPushingForcePermanent": 537.3355554483862,
  "ForceWithNegativeWind": 1600.729124064864,
  "ForceWithNoWindMin": 372.444430955717,
  "ForceWithNegativeWindMin": 1053.0276641377254,
  "ForceWithWindMin": 1166.163021659551,
  "Id": "4f36cf6e-1795-4a18-8443-480b59440bed",
  "CreatedOn": "0001-01-01T00:00:00",
  "CreatedBy": "579816e4-6653-4794-b435-a885f32e28d7",
  "ModifiedOn": "2024-12-05T08:23:30.41458+00:00",
  "ModifiedBy": "579816e4-6653-4794-b435-a885f32e28d7"
}

13:53:32.891 [main] INFO  com.intuit.karate - VentWeight from API Response: 54 
13:53:32.894 [main] INFO  com.intuit.karate - Rounded Opening Angle: 60.0 
13:53:32.894 [main] INFO  com.intuit.karate - Rounded Ageo: 0.96 
13:53:32.894 [main] INFO  com.intuit.karate - Rounded Required Opening Stroke: 800.0 
13:53:32.894 [main] INFO  com.intuit.karate - Rounded Vent Weight: 54.0 
13:53:32.896 [main] DEBUG com.intuit.karate - request:
2 > GET https://dev-drivetec-apis.schuecodigitalsolutions.com/Config/4f36cf6e-1795-4a18-8443-480b59440bed/Drive
2 > Host: dev-drivetec-apis.schuecodigitalsolutions.com
2 > Connection: Keep-Alive
2 > User-Agent: Apache-HttpClient/4.5.14 (Java/17.0.12)
2 > Accept-Encoding: gzip,deflate


13:53:33.637 [main] DEBUG com.intuit.karate - response time in milliseconds: 741
2 < 200
2 < Content-Type: application/json; charset=utf-8
2 < Date: Thu, 05 Dec 2024 08:23:30 GMT
2 < Server: Microsoft-IIS/10.0
2 < X-Powered-By: ASP.NET
2 < Content-Length: 17183
2 < Connection: keep-alive
[
  {
    "Name": "Linear drive LDB16 L1000",
    "Bezeichnung": "Linearantrieb LDB16 L1000",
    "ConfigurationId": "00000000-0000-0000-0000-000000000000",
    "Description": "",
    "Application": "Roof",
    "ApplicationFacade": false,
    "ApplicationSkylight": true,
    "Type": 2,
    "OpeningType": 0,
    "BottomHungInward": false,
    "BottomHungOutward": true,
    "SideHungInward": false,
    "SideHungOutward": false,
    "TopHungInward": false,
    "TopHungOutward": true,
    "ProjectedTopHungInward": false,
    "ProjectedTopHungOutward": false,
    "InstallationType": "",
    "ITMainOutFrmMountWBracket": true,
    "ITMainFixOutFrmMount": false,
    "ITMainVentFrmMount": false,
    "ITSideMount50": true,
    "ITSideMount60": true,
    "ITSideMount70": true,
    "ITSideMount80": true,
    "ITSideMount67": false,
    "Feature": "",
    "FeatureOpenClose": true,
    "FeatureLock": true,
    "ArticleNumber": 291927,
    "Stroke": 1000,
    "Angle": 0,
    "Voltage": "24 V DC",
    "Voltage24": true,
    "Voltage230": false,
    "RatedCurrent": 1,
    "BreakingCurrent": 1,
    "PullingForceMax": 1600,
    "PushingForceMax": 1600,
    "PullingForceMaxWithNegativeWind": 0,
    "PushingForceMaxWithNegativeWind": 0,
    "PushingForcePermanent": 1066.67,
    "PullingForcePermanent": 1066.67,
    "MinPullingForceMax": 0,
    "MinPushingForceMax": 1600.99,
    "MinPullingForcePermanent": 0,
    "MinPushingForcePermanent": 537.34,
    "Price": 993.64,
    "DriveLength": 0,
    "ChainDrive": 450,
    "ChainDrive2": 450,
    "MaxLengthMainClosingEdge1Drive": 2100,
    "MaxGeometricArea": 1,
    "GeometricalSmokeExhaustion": 0,
    "TotalGlassThickness": 13,
    "Dimensions": 0,
    "DimensionsWxHxD": "1323 x Ø36",
    "TensileForce": 0,
    "LockingForce": 0,
    "Details_DE": "<ul> <li>Bemessungsspannung: 24 V DC (19 V … 28 V)</li><li>Abschaltstrom: 1,2 A</li><li>Bemessungsstrom: 1,0 A</li><li>Bemessungsaufnahme: 24 W</li><li>Schutzart: IP 65</li> <li>Zug-/Schubkraft: max. 1600 N</li><li>Umgebungstemperatur: -5°C bis + 60°C</li><li>Anschlussleitung: Halogenfrei, grau 3 x 1mm², ~3m</li><li>Max. Geschwindigkeit: 4 mm/s</li></ul>",
    "Details_EN": "<ul> <li>Rated voltage: 24 V DC (19 V … 28 V)</li> <li>Breaking current: 1.2 A</li> <li>Rated current: 1.0 A</li> <li>Rated consumption: 24 W</li> <li>Protection rating: IP 65</li><li>Traction/ thrust: max. 1600N</li> <li>Ambient temperature: -5°C to + 60°C</li> <li>Connecting cable: halogen-free, grey 3 x 1mm², ~3m</li> <li>Max. speed: 4 mm/s</li> </ul>",
    "Einsatz": "<ul> <li>Anwendung: Lüftung, NRA</li><li>Integrierte intelligente Regelelektronik</li></ul>",
    "Use": "<ul> <li>Application: ventilation, natural smoke ventilation</li><li>Integrated intelligent control electronics</li></ul>",
    "Ausstattung": "<ul> <li>Robuste korrosionsbeständige Ausführung in eloxierten Aluminiumgehäuse</li><li>Montagefreundlich durch verstellbaren Klemmring</li><li>Spindel aus Edelstahl, kugelgelagert mit Endlagendämpfung</li><li>Mit Goretex Membrane</li></ul>",
    "Equipment": "<ul> <li>Robust, corrosion-resistant design in anodized casing</li><li>Easy installation thanks to adjustable clamping ring</li><li>Stainless steel spindle on ball bearings with end position cushioning</li><li>with Goretex membrane</li></ul>",
    "Optionen": "<ul> <li>Programmierung von Sonderfunktionen</li><li>Programmierbare Parameter der Regelelektronik</li><li>Schüco Kontroller zur automatischen Konfiguration von Synchronlauf und Folgesteuerungen mit Verriegelungsantrieb in Antriebs-Verbundsystem</li></ul>",
    "Options": "<ul> <li>Programming of special functions</li><li>Programmable parameters of intelligent control electronics</li><li>Schüco controller for automatic configuration of synchronous running and sequence control with locking drives in composite drive systems</li></ul>",
    "IsTwoPce": true,
    "ResultVentWeight": 53.6,
    "IsLsRsDrive": false,
    "ArticleNumberRs": 0,
    "TwoDrivesSideInstallation50": 1450,
    "TwoDrivesSideInstallation60": 1205,
    "TwoDrivesSideInstallation70": 1035,
    "TwoDrivesSideInstallation80": 905,
    "OpeningSpeedmms": 4,
    "Traction": 1067,
    "Thrust": 1600,
    "Id": "c59d512d-2c01-4e79-a4af-5da238a28f03",
    "CreatedOn": "2024-09-26T13:55:26.817Z",
    "CreatedBy": "",
    "ModifiedOn": "2024-09-26T13:55:26.817Z",
    "ModifiedBy": ""
  },
  {
    "Name": "Linear drive LDN10 L1000",
    "Bezeichnung": "Linearantrieb LDN10 L1000",
    "ConfigurationId": "00000000-0000-0000-0000-000000000000",
    "Description": "",
    "Application": "Roof",
    "ApplicationFacade": false,
    "ApplicationSkylight": true,
    "Type": 2,
    "OpeningType": 0,
    "BottomHungInward": false,
    "BottomHungOutward": true,
    "SideHungInward": false,
    "SideHungOutward": false,
    "TopHungInward": false,
    "TopHungOutward": true,
    "ProjectedTopHungInward": false,
    "ProjectedTopHungOutward": false,
    "InstallationType": "",
    "ITMainOutFrmMountWBracket": true,
    "ITMainFixOutFrmMount": false,
    "ITMainVentFrmMount": false,
    "ITSideMount50": true,
    "ITSideMount60": true,
    "ITSideMount70": true,
    "ITSideMount80": true,
    "ITSideMount67": false,
    "Feature": "",
    "FeatureOpenClose": true,
    "FeatureLock": true,
    "ArticleNumber": 291931,
    "Stroke": 1000,
    "Angle": 0,
    "Voltage": "24 V DC",
    "Voltage24": true,
    "Voltage230": false,
    "RatedCurrent": 2,
    "BreakingCurrent": 2,
    "PullingForceMax": 1000,
    "PushingForceMax": 1000,
    "PullingForceMaxWithNegativeWind": 0,
    "PushingForceMaxWithNegativeWind": 0,
    "PushingForcePermanent": 666.67,
    "PullingForcePermanent": 666.67,
    "MinPullingForceMax": 0,
    "MinPushingForceMax": 1600.99,
    "MinPullingForcePermanent": 0,
    "MinPushingForcePermanent": 537.34,
    "Price": 1268.08,
    "DriveLength": 0,
    "ChainDrive": 450,
    "ChainDrive2": 450,
    "MaxLengthMainClosingEdge1Drive": 2100,
    "MaxGeometricArea": 1,
    "GeometricalSmokeExhaustion": 0,
    "TotalGlassThickness": 13,
    "Dimensions": 0,
    "DimensionsWxHxD": "1323 x Ø36",
    "TensileForce": 0,
    "LockingForce": 0,
    "Details_DE": "<ul> <li>Bemessungsspannung: 24 V DC (19 V … 28 V)</li><li>Abschaltstrom: 2,5 A</li><li>Bemessungsstrom: 1,9 A</li><li>Bemessungsaufnahme: 45 W</li><li>Schutzart: IP 65</li> <li>Zug-/Schubkraft: max. 1000 N</li><li>Umgebungstemperatur: -5°C bis + 60°C</li><li>Anschlussleitung: Halogenfrei, grau 3 x 1mm², ~3m</li><li>Max. Geschwindigkeit: 12,6 mm/s</li></ul>",
    "Details_EN": "<ul> <li>Rated voltage: 24 V DC (19 V … 28 V)</li> <li>Breaking current: 2.5 A</li> <li>Rated current: 1.9 A</li> <li>Rated consumption: 45 W</li> <li>Protection rating: IP 65</li><li>Traction/ thrust: max. 1000N</li> <li>Ambient temperature: -5°C to + 60°C</li> <li>Connecting cable: halogen-free, grey 3 x 1mm², ~3m</li> <li>Max. speed: 12.6 mm/s</li> </ul>",
    "Einsatz": "<ul> <li>Anwendung: Lüftung, NRA</li><li>Integrierte intelligente Regelelektronik</li></ul>",
    "Use": "<ul> <li>Application: ventilation, natural smoke ventilation</li><li>Integrated intelligent control electronics</li></ul>",
    "Ausstattung": "<ul> <li>Robuste korrosionsbeständige Ausführung in eloxierten Aluminiumgehäuse</li><li>Montagefreundlich durch verstellbaren Klemmring</li><li>Spindel aus Edelstahl, kugelgelagert mit Endlagendämpfung</li><li>Mit Goretex Membrane</li></ul>",
    "Equipment": "<ul> <li>Robust, corrosion-resistant design in anodized casing</li><li>Easy installation thanks to adjustable clamping ring</li><li>Stainless steel spindle on ball bearings with end position cushioning</li><li>with Goretex membrane</li></ul>",
    "Optionen": "<ul> <li>Programmierung von Sonderfunktionen</li><li>Programmierbare Parameter der Regelelektronik</li><li>Schüco Kontroller zur automatischen Konfiguration von Synchronlauf und Folgesteuerungen mit Verriegelungsantrieb in Antriebs-Verbundsystem</li></ul>",
    "Options": "<ul> <li>Programming of special functions</li><li>Programmable parameters of intelligent control electronics</li><li>Schüco controller for automatic configuration of synchronous running and sequence control with locking drives in composite drive systems</li></ul>",
    "IsTwoPce": true,
    "ResultVentWeight": 53.6,
    "IsLsRsDrive": false,
    "ArticleNumberRs": 0,
    "TwoDrivesSideInstallation50": 1450,
    "TwoDrivesSideInstallation60": 1205,
    "TwoDrivesSideInstallation70": 1035,
    "TwoDrivesSideInstallation80": 905,
    "OpeningSpeedmms": 13,
    "Traction": 667,
    "Thrust": 1000,
    "Id": "85a6a62b-3bd8-4f8f-8573-c7f5eaa04383",
    "CreatedOn": "2024-09-26T13:55:26.817Z",
    "CreatedBy": "",
    "ModifiedOn": "2024-09-26T13:55:26.817Z",
    "ModifiedBy": ""
  },
  {
    "Name": "Linear drive LDH15 L1000",
    "Bezeichnung": "Linearantrieb LDH15 L1000",
    "ConfigurationId": "00000000-0000-0000-0000-000000000000",
    "Description": "",
    "Application": "Roof",
    "ApplicationFacade": false,
    "ApplicationSkylight": true,
    "Type": 2,
    "OpeningType": 0,
    "BottomHungInward": false,
    "BottomHungOutward": true,
    "SideHungInward": false,
    "SideHungOutward": false,
    "TopHungInward": false,
    "TopHungOutward": true,
    "ProjectedTopHungInward": false,
    "ProjectedTopHungOutward": false,
    "InstallationType": "",
    "ITMainOutFrmMountWBracket": true,
    "ITMainFixOutFrmMount": false,
    "ITMainVentFrmMount": false,
    "ITSideMount50": true,
    "ITSideMount60": true,
    "ITSideMount70": true,
    "ITSideMount80": true,
    "ITSideMount67": false,
    "Feature": "",
    "FeatureOpenClose": true,
    "FeatureLock": true,
    "ArticleNumber": 291942,
    "Stroke": 1000,
    "Angle": 0,
    "Voltage": "24 V DC",
    "Voltage24": true,
    "Voltage230": false,
    "RatedCurrent": 3,
    "BreakingCurrent": 4,
    "PullingForceMax": 1500,
    "PushingForceMax": 1500,
    "PullingForceMaxWithNegativeWind": 0,
    "PushingForceMaxWithNegativeWind": 0,
    "PushingForcePermanent": 1000,
    "PullingForcePermanent": 1000,
    "MinPullingForceMax": 0,
    "MinPushingForceMax": 1600.99,
    "MinPullingForcePermanent": 0,
    "MinPushingForcePermanent": 537.34,
    "Price": 1694.22,
    "DriveLength": 0,
    "ChainDrive": 450,
    "ChainDrive2": 450,
    "MaxLengthMainClosingEdge1Drive": 2100,
    "MaxGeometricArea": 1,
    "GeometricalSmokeExhaustion": 0,
    "TotalGlassThickness": 13,
    "Dimensions": 0,
    "DimensionsWxHxD": "1441 x Ø50",
    "TensileForce": 0,
    "LockingForce": 0,
    "Details_DE": "<ul> <li>Bemessungsspannung: 24 V DC (19 V … 28 V)</li><li>Abschaltstrom: 4,0 A</li><li>Bemessungsstrom: 3,0 A</li><li>Bemessungsaufnahme: 72 W</li><li>Schutzart: IP 54</li> <li>Zug-/Schubkraft: max. 1500 N</li><li>Umgebungstemperatur: -5°C bis + 60°C</li><li>Anschlussleitung: Halogenfrei, grau 3 x 1mm², ~3m</li><li>Max. Geschwindigkeit: 16 mm/s</li></ul>",
    "Details_EN": "<ul> <li>Rated voltage: 24 V DC (19 V … 28 V)</li> <li>Breaking current: 4.0 A</li> <li>Rated current: 3.0 A</li> <li>Rated consumption: 72 W</li> <li>Protection rating: IP 54</li><li>Traction/ thrust: max. 1500N</li> <li>Ambient temperature: -5°C to + 60°C</li> <li>Connecting cable: halogen-free, grey 3 x 1mm², ~3m</li> <li>Max. speed: 16 mm/s</li> </ul>",
    "Einsatz": "<ul> <li>Anwendung: Lüftung, NRA</li><li>Integrierte intelligente Regelelektronik</li></ul>",
    "Use": "<ul> <li>Application: ventilation, natural smoke ventilation</li><li>Integrated intelligent control electronics</li></ul>",
    "Ausstattung": "<ul> <li>Robuste korrosionsbeständige Ausführung in eloxierten Aluminiumgehäuse</li><li>Montagefreundlich durch verstellbaren Klemmring</li><li>Spindel aus Edelstahl, kugelgelagert mit Endlagendämpfung</li><li>Mit Goretex Membrane</li></ul>",
    "Equipment": "<ul> <li>Robust, corrosion-resistant design in anodized casing</li><li>Easy installation thanks to adjustable clamping ring</li><li>Stainless steel spindle on ball bearings with end position cushioning</li><li>with Goretex membrane</li></ul>",
    "Optionen": "<ul> <li>Programmierung von Sonderfunktionen</li><li>Programmierbare Parameter der Regelelektronik</li><li>Schüco Kontroller zur automatischen Konfiguration von Synchronlauf und Folgesteuerungen mit Verriegelungsantrieb in Antriebs-Verbundsystem</li></ul>",
    "Options": "<ul> <li>Programming of special functions</li><li>Programmable parameters of intelligent control electronics</li><li>Schüco controller for automatic configuration of synchronous running and sequence control with locking drives in composite drive systems</li></ul>",
    "IsTwoPce": true,
    "ResultVentWeight": 53.6,
    "IsLsRsDrive": false,
    "ArticleNumberRs": 0,
    "TwoDrivesSideInstallation50": 1450,
    "TwoDrivesSideInstallation60": 1205,
    "TwoDrivesSideInstallation70": 1035,
    "TwoDrivesSideInstallation80": 905,
    "OpeningSpeedmms": 16,
    "Traction": 1000,
    "Thrust": 1500,
    "Id": "a1086267-f160-4f1d-8df3-e52c946a029b",
    "CreatedOn": "2024-09-26T13:55:26.818Z",
    "CreatedBy": "",
    "ModifiedOn": "2024-09-26T13:55:26.818Z",
    "ModifiedBy": ""
  },
  {
    "Name": "Locking actuator roof",
    "Bezeichnung": "Verr.antrieb Dachf 600N",
    "ConfigurationId": "00000000-0000-0000-0000-000000000000",
    "Description": "",
    "Application": "",
    "ApplicationFacade": false,
    "ApplicationSkylight": true,
    "Type": 5,
    "OpeningType": 0,
    "BottomHungInward": false,
    "BottomHungOutward": true,
    "SideHungInward": false,
    "SideHungOutward": false,
    "TopHungInward": false,
    "TopHungOutward": true,
    "ProjectedTopHungInward": false,
    "ProjectedTopHungOutward": false,
    "InstallationType": "",
    "ITMainOutFrmMountWBracket": true,
    "ITMainFixOutFrmMount": false,
    "ITMainVentFrmMount": false,
    "ITSideMount50": true,
    "ITSideMount60": true,
    "ITSideMount70": true,
    "ITSideMount80": true,
    "ITSideMount67": false,
    "Feature": "",
    "FeatureOpenClose": true,
    "FeatureLock": false,
    "ArticleNumber": 291954,
    "Stroke": 0,
    "Angle": 0,
    "Voltage": null,
    "Voltage24": true,
    "Voltage230": false,
    "RatedCurrent": 0,
    "BreakingCurrent": 0,
    "PullingForceMax": 0,
    "PushingForceMax": 0,
    "PullingForceMaxWithNegativeWind": 0,
    "PushingForceMaxWithNegativeWind": 0,
    "PushingForcePermanent": 0,
    "PullingForcePermanent": 0,
    "MinPullingForceMax": 0,
    "MinPushingForceMax": 0,
    "MinPullingForcePermanent": 0,
    "MinPushingForcePermanent": 0,
    "Price": 225.16,
    "DriveLength": 0,
    "ChainDrive": 0,
    "ChainDrive2": 0,
    "MaxLengthMainClosingEdge1Drive": 0,
    "MaxGeometricArea": 0,
    "GeometricalSmokeExhaustion": 0,
    "TotalGlassThickness": 0,
    "Dimensions": 0,
    "DimensionsWxHxD": "415 x 26 x 26",
    "TensileForce": 0,
    "LockingForce": 0,
    "Details_DE": "<ul> <li>Bemessungsspannung: 24 V DC (19 V … 28 V)</li> <li>Abschaltstrom: ~1,0 A</li> <li>Bemessungsstrom: 0,6 A</li> <li>Bemessungsaufnahme: 15 W</li> <li>Schutzart: IP 32</li><li>Zug-/Schubkraft: max. 600 N</li> <li>Umgebungstemperatur: -5°C bis + 60°C</li> <li>Anschlussleitung: Halogenfrei, grau 3x 0,5mm², ~3m</li> <li>Laufzeit: ~ 5s</li><li>Hub: ~ 18mm</li> </ul>",
    "Details_EN": "<ul> <li>Rated voltage : 24 V DC (19 V … 28 V</li> <li>Breaking current : ~1,0 A</li> <li>Rated current : 0,6 A</li> <li>Rated consumption : 15 W</li> <li>Protection rating : IP 32</li><li>Traction/ thrust : max. 600 N</li> <li>Ambient temperature: -5°C bis + 60°C</li> <li>Connecting cable: halogen-free, grey 3 x 0,5mm², ~3m</li> <li>Running time: ~ 5s</li><li>Stroke: ~ 18mm</li> </ul>",
    "Einsatz": "<ul> <li>Anwendung: Lüftung, NRA</li><li>Integrierte intelligente Regelelektronik</li></ul>",
    "Use": "<ul> <li>Application: ventilation, natural smoke ventilation</li> <li>Integrated intelligent control electronics</li></ul>",
    "Ausstattung": "<ul><li>Laufrichtung einstellbar</li></ul>",
    "Equipment": "<ul><li>Running direction adjustable</li></ul>",
    "Optionen": "<ul> <li>Mitnehmer objekt-/profilspezifisch anpassbar</li></ul>",
    "Options": "<ul> <li>Coupling adapter customizable for project-/profile-specific demands</li></ul>",
    "IsTwoPce": false,
    "ResultVentWeight": 0,
    "IsLsRsDrive": false,
    "ArticleNumberRs": 0,
    "TwoDrivesSideInstallation50": 0,
    "TwoDrivesSideInstallation60": 0,
    "TwoDrivesSideInstallation70": 0,
    "TwoDrivesSideInstallation80": 0,
    "OpeningSpeedmms": 0,
    "Traction": 0,
    "Thrust": 0,
    "Id": "2b6ffe33-0cb6-494e-a561-679dc2adeb63",
    "CreatedOn": "2024-09-26T13:55:26.817Z",
    "CreatedBy": "",
    "ModifiedOn": "2024-09-26T13:55:26.817Z",
    "ModifiedBy": ""
  }
]

13:53:33.645 [main] INFO  com.intuit.karate - Expected RecommDrive: Linear drive LDB16 L1000,Linear drive LDN10 L1000,Linear drive LDH15 L1000,Locking actuator roof 
13:53:33.645 [main] INFO  com.intuit.karate - Actual RecommDrive: Linear drive LDB16 L1000, Linear drive LDN10 L1000, Linear drive LDH15 L1000, Locking actuator roof 
13:53:33.645 [main] INFO  com.intuit.karate - Normalized Actual RecommDrive: Linear drive LDB16 L1000,Linear drive LDN10 L1000,Linear drive LDH15 L1000,Locking actuator roof 
13:53:33.645 [main] INFO  com.intuit.karate - Normalized Expected RecommDrive: Linear drive LDB16 L1000,Linear drive LDN10 L1000,Linear drive LDH15 L1000,Locking actuator roof 
13:53:33.645 [main] INFO  com.intuit.karate - All Drive IDs: [
  "c59d512d-2c01-4e79-a4af-5da238a28f03",
  "85a6a62b-3bd8-4f8f-8573-c7f5eaa04383",
  "a1086267-f160-4f1d-8df3-e52c946a029b",
  "2b6ffe33-0cb6-494e-a561-679dc2adeb63"
]
 
13:53:33.646 [main] INFO  com.intuit.karate - First Drive ID: c59d512d-2c01-4e79-a4af-5da238a28f03 
13:53:33.647 [main] DEBUG com.intuit.karate - request:
3 > POST https://dev-drivetec-apis.schuecodigitalsolutions.com/api/Drives/DownloadPDFNew/Schuco
3 > Content-Type: application/json; charset=UTF-8
3 > Content-Length: 1194
3 > Host: dev-drivetec-apis.schuecodigitalsolutions.com
3 > Connection: Keep-Alive
3 > User-Agent: Apache-HttpClient/4.5.14 (Java/17.0.12)
3 > Accept-Encoding: gzip,deflate
[{"Id":"configId","Header":"configId","Value":"4f36cf6e-1795-4a18-8443-480b59440bed"},{"Id":"driveId","Header":"driveId","Value":"c59d512d-2c01-4e79-a4af-5da238a28f03"},{"Id":"culture","Header":"culture","Value":"EN-US"},{"Id":"projectId","Header":"projectId","Value":"2afcf090-6588-4022-aa5e-49fca51f940e"},{"Id":"range-of-app","Header":"Range of application","Value":"Façade"},{"Id":"opening-type","Header":"Opening type","Value":"Bottom-hung vent"},{"Id":"opening-direction","Header":"Opening direction","Value":"Inward"},{"Id":"how-calc-weight","Header":"Vent weight","Value":"Weight including glass"},{"Id":"Chain-Length","Header":"Chain- \/ connecting rod handle","Value":"100%"},{"Id":"drive-position","Header":"Drive position","Value":"Side installation"},{"Id":"locking-mechanism","Header":"Locking mechanism","Value":"With"},{"Id":"voltage","Header":"Voltage","Value":"24 V"},{"Id":"drive-type","Header":"Drive type","Value":"Chain drive"},{"Id":"type-installation","Header":"Type of installation","Value":"Pivoting Outer Frame Installation"},{"Id":"calculation-type-for-ventilation-area","Header":"Calculation type for ventilation area","Value":"Method in accordance with ASR 3.6"}]

13:53:35.106 [main] DEBUG com.intuit.karate - response time in milliseconds: 1458
3 < 200
3 < Content-Type: application/json; charset=utf-8
3 < Date: Thu, 05 Dec 2024 08:23:32 GMT
3 < Server: Microsoft-IIS/10.0
3 < X-Powered-By: ASP.NET
3 < Content-Length: 283
3 < Connection: keep-alive
{
  "result": "https://drive-tec-dev.s3.amazonaws.com/AUT_TPJ33518-Linear_drive_LDB16_L1000.pdf?AWSAccessKeyId=AKIAZAWIART4ZFAXXPHK&Expires=1733390613&response-content-disposition=attachment%3B&response-content-type=application%2Fpdf&Signature=Xb%2FnQ0vKKIlqkyB5Feo2O914%2FeQ%3D"
}

13:53:35.106 [main] INFO  com.intuit.karate - Download URL for first driveId: https://drive-tec-dev.s3.amazonaws.com/AUT_TPJ33518-Linear_drive_LDB16_L1000.pdf?AWSAccessKeyId=AKIAZAWIART4ZFAXXPHK&Expires=1733390613&response-content-disposition=attachment%3B&response-content-type=application%2Fpdf&Signature=Xb%2FnQ0vKKIlqkyB5Feo2O914%2FeQ%3D 
13:53:35.112 [main] INFO  com.intuit.karate - karate.env system property was: null 
13:53:35.114 [main] INFO  com.intuit.karate - Running test for dataset:  Dataset23 
13:53:35.121 [main] INFO  com.intuit.karate - Using ProjectId:  {
  "result": {
    "projectId": "prjId"
  },
  "projectPayload": {
    "Id": "579816e4-6653-4794-b435-a885f32e28d7",
    "Name": "AUT_TPJ33518",
    "Address": "Hyderabad, Telangana, India",
    "Description": "",
    "CreatedBy": "579816e4-6653-4794-b435-a885f32e28d7",
    "ModifiedBy": "579816e4-6653-4794-b435-a885f32e28d7"
  },
  "uniqueName": "AUT_TPJ33518",
  "responseHeaders": {
    "Content-Type": [
      "application/json; charset=utf-8"
    ],
    "Date": [
      "Thu, 05 Dec 2024 08:22:12 GMT"
    ],
    "Server": [
      "Microsoft-IIS/10.0"
    ],
    "X-Powered-By": [
      "ASP.NET"
    ],
    "transfer-encoding": [
      "chunked"
    ],
    "Connection": [
      "keep-alive"
    ],
    "Set-Cookie": [
    ]
  },
  "responseTime": 841,
  "response": {
    "Name": "AUT_TPJ33518",
    "Description": "",
    "Address": "Hyderabad, Telangana, India",
    "Id": "2afcf090-6588-4022-aa5e-49fca51f940e",
    "CreatedOn": "2024-12-05T08:22:11.998251+00:00",
    "CreatedBy": "579816e4-6653-4794-b435-a885f32e28d7",
    "ModifiedOn": "2024-12-05T08:22:11.9982526+00:00",
    "ModifiedBy": ""
  },
  "responseStatus": 200,
  "prjId": "2afcf090-6588-4022-aa5e-49fca51f940e",
  "projectId": "2afcf090-6588-4022-aa5e-49fca51f940e"
}
 
13:53:35.125 [main] DEBUG com.intuit.karate - request:
1 > POST https://dev-drivetec-apis.schuecodigitalsolutions.com/Configurations
1 > Content-Type: application/json; charset=UTF-8
1 > Content-Length: 1275
1 > Host: dev-drivetec-apis.schuecodigitalsolutions.com
1 > Connection: Keep-Alive
1 > User-Agent: Apache-HttpClient/4.5.14 (Java/17.0.12)
1 > Accept-Encoding: gzip,deflate
{"Id":"00000000-0000-0000-0000-000000000000","ProjectId":"2afcf090-6588-4022-aa5e-49fca51f940e","Name":"Dataset5124","Description":"Dataset5124","CustomTags":"","CreatedBy":"579816e4-6653-4794-b435-a885f32e28d7","ModifiedBy":"579816e4-6653-4794-b435-a885f32e28d7","ApplicationName":1,"System":"","FacadeInclination":0,"OpeningType":1,"OpeningDirection":1,"OpeningWidth":1000,"VentOuterWidth":1230,"VentOuterHeight":1480,"VentWeight":70,"CalculateWeightWithGlass":false,"WeightIncGlassOrThickness":false,"GlassThickness":14,"ProfileWeightPerSerialMeter":2.5,"IsWindowOpeningCalculationByAngle":1,"RequiredOpeningStroke":400,"OpeningAngle":15,"WindLoad":120,"SnowLoad":0,"DrivePosition":2,"InstallationPosition":1,"ChainLengthConnectingRodHandle":5,"LockingMechanism":1,"Voltage":1,"DriveType":1,"TypeOfInstallation":2,"CalculationTypeForVentilation":1,"CalcVentilation":1,"GeometricArea":1,"SpecificExhaustDimension":30,"BuildingDepth":75,"RevealDepth":0,"RevealDepthRectangleAngle1":0,"RevealDepthRectangleAngle2":0,"HeightOfProfile":0,"HeightProfileRectangleAngle1":0,"HeightProfileRectangleAngle2":0,"AkippOrAtilt":0,"AdrehOrAturn":0,"Ageo":0,"MinPullingForceMax":0,"MinPushingForceMax":0,"MinPullingForcePermanent":0,"MinPushingForcePermanent":0,"ForceWithNegativeWind":0}

13:53:35.735 [main] DEBUG com.intuit.karate - response time in milliseconds: 608
1 < 200
1 < Content-Type: application/json; charset=utf-8
1 < Date: Thu, 05 Dec 2024 08:23:32 GMT
1 < Server: Microsoft-IIS/10.0
1 < X-Powered-By: ASP.NET
1 < Content-Length: 2032
1 < Connection: keep-alive
{
  "ProjectId": "2afcf090-6588-4022-aa5e-49fca51f940e",
  "Name": "Dataset5124",
  "Description": "Dataset5124",
  "CustomTags": "",
  "ApplicationName": 1,
  "OpeningType": 1,
  "OpeningDirection": 1,
  "CalculateWeightWithGlass": false,
  "WindLoad": 120,
  "IsWindowOpeningCalculationByAngle": 1,
  "VentOuterWidth": 1230,
  "VentOuterHeight": 1480,
  "WeightIncGlassOrThickness": false,
  "VentWeight": 77,
  "VentWeightExact": 77.26400000000001,
  "GlassThickness": 14,
  "ProfileWeightPerSerialMeter": 2.5,
  "FacadeInclination": 0,
  "ChainLengthConnectingRodHandle": 5,
  "ChainLenghtConnectingRodHandle": 0,
  "RequiredOpeningStroke": 400,
  "OpeningWidth": 1000,
  "OpeningAngle": 15.532868337024489,
  "SpecificExhaustDimension": 30,
  "BuildingDepth": 75,
  "SnowLoad": 0,
  "DistanceHinge": 0,
  "RatedCurrent": 0,
  "DrivePosition": 2,
  "LockingMechanism": 1,
  "Voltage": 1,
  "DriveType": 1,
  "TypeOfInstallation": 2,
  "GeometricArea": 0,
  "CalculationTypeForVentilation": 1,
  "HeightOfProfile": 0,
  "Reveal": 0,
  "RevealDepth": 0,
  "HeightProfileRectangleAngle1": 0,
  "HeightProfileRectangleAngle2": 0,
  "RevealDepthRectangleAngle1": 0,
  "RevealDepthRectangleAngle2": 0,
  "RevealDepthRectangleAngle12": 0,
  "InstallationPosition": 0,
  "RecommendedDriveArticleNo": 0,
  "System": "",
  "AkippOrAtilt": 1.084,
  "AdrehOrAturn": 1.8204,
  "Ageo": 1.084,
  "MinPullingForceMax": -206.4868442161654,
  "MinPushingForceMax": -206.4868442161654,
  "MinPullingForcePermanent": -104.11163259218097,
  "MinPushingForcePermanent": -104.11163259218097,
  "ForceWithNegativeWind": 109.53156767199486,
  "ForceWithNoWindMin": 0.30763693489047433,
  "ForceWithNegativeWindMin": 0,
  "ForceWithWindMin": -108.91629380221393,
  "Id": "97babd20-7a54-4a6d-a241-e50fef92b56a",
  "CreatedOn": "2024-12-05T08:23:33.2653933+00:00",
  "CreatedBy": "579816e4-6653-4794-b435-a885f32e28d7",
  "ModifiedOn": "2024-12-05T08:23:33.2653943+00:00",
  "ModifiedBy": ""
}

13:53:35.737 [main] INFO  com.intuit.karate - Generated Config ID: 97babd20-7a54-4a6d-a241-e50fef92b56a 
13:53:35.737 [main] INFO  com.intuit.karate - Generated Name: Dataset5124 
13:53:35.737 [main] INFO  com.intuit.karate - Generated Description: Dataset5124 
13:53:35.741 [main] DEBUG com.intuit.karate - request:
1 > PUT https://dev-drivetec-apis.schuecodigitalsolutions.com/Configurations
1 > Content-Type: application/json; charset=UTF-8
1 > Content-Length: 1275
1 > Host: dev-drivetec-apis.schuecodigitalsolutions.com
1 > Connection: Keep-Alive
1 > User-Agent: Apache-HttpClient/4.5.14 (Java/17.0.12)
1 > Accept-Encoding: gzip,deflate
{"Id":"97babd20-7a54-4a6d-a241-e50fef92b56a","Name":"Dataset23","Description":"Dataset5124","ProjectId":"2afcf090-6588-4022-aa5e-49fca51f940e","CustomTags":"","CreatedBy":"579816e4-6653-4794-b435-a885f32e28d7","ModifiedBy":"579816e4-6653-4794-b435-a885f32e28d7","System":"","FacadeInclination":7,"OpeningType":4,"OpeningDirection":1,"OpeningWidth":1000,"VentOuterWidth":750,"VentOuterHeight":1500,"VentWeight":0,"CalculateWeightWithGlass":false,"RequiredOpeningStroke":800,"WindLoad":120,"SnowLoad":0,"IsWindowOpeningCalculationByAngle":1,"GlassThickness":13,"ProfileWeightPerSerialMeter":0,"DrivePosition":1,"InstallationPosition":0,"LockingMechanism":1,"Voltage":1,"DriveType":3,"TypeOfInstallation":2,"GeometricArea":0,"CalcVentilation":2,"SpecificExhaustDimension":50,"BuildingDepth":100,"CalculationTypeForVentilation":2,"HeightOfProfile":10,"HeightProfileRectangleAngle1":0,"HeightProfileRectangleAngle2":10,"RevealDepth":300,"RevealDepthRectangleAngle1":0,"RevealDepthRectangleAngle2":50,"ChainLengthConnectingRodHandle":1,"ApplicationName":2,"OpeningAngle":10,"WeightIncGlassOrThickness":false,"AkippOrAtilt":0,"AdrehOrAturn":0,"Ageo":0,"MinPullingForceMax":0,"MinPushingForceMax":0,"MinPullingForcePermanent":0,"MinPushingForcePermanent":0,"ForceWithNegativeWind":0}

13:53:36.332 [main] DEBUG com.intuit.karate - response time in milliseconds: 590
1 < 200
1 < Content-Type: application/json; charset=utf-8
1 < Date: Thu, 05 Dec 2024 08:23:33 GMT
1 < Server: Microsoft-IIS/10.0
1 < X-Powered-By: ASP.NET
1 < Content-Length: 2067
1 < Connection: keep-alive
{
  "ProjectId": "2afcf090-6588-4022-aa5e-49fca51f940e",
  "Name": "Dataset23",
  "Description": "Dataset5124",
  "CustomTags": "",
  "ApplicationName": 2,
  "OpeningType": 4,
  "OpeningDirection": 1,
  "CalculateWeightWithGlass": false,
  "WindLoad": 120,
  "IsWindowOpeningCalculationByAngle": 1,
  "VentOuterWidth": 750,
  "VentOuterHeight": 1500,
  "WeightIncGlassOrThickness": false,
  "VentWeight": 37,
  "VentWeightExact": 36.5625,
  "GlassThickness": 13,
  "ProfileWeightPerSerialMeter": 0,
  "FacadeInclination": 7,
  "ChainLengthConnectingRodHandle": 1,
  "ChainLenghtConnectingRodHandle": 0,
  "RequiredOpeningStroke": 800,
  "OpeningWidth": 1000,
  "OpeningAngle": 64.46190527100423,
  "SpecificExhaustDimension": 50,
  "BuildingDepth": 100,
  "SnowLoad": 0,
  "DistanceHinge": 0,
  "RatedCurrent": 0,
  "DrivePosition": 1,
  "LockingMechanism": 1,
  "Voltage": 1,
  "DriveType": 3,
  "TypeOfInstallation": 2,
  "GeometricArea": 0,
  "CalculationTypeForVentilation": 2,
  "HeightOfProfile": 10,
  "Reveal": 0,
  "RevealDepth": 300,
  "HeightProfileRectangleAngle1": 0,
  "HeightProfileRectangleAngle2": 10,
  "RevealDepthRectangleAngle1": 0,
  "RevealDepthRectangleAngle2": 50,
  "RevealDepthRectangleAngle12": 0,
  "InstallationPosition": 0,
  "RecommendedDriveArticleNo": 0,
  "System": "",
  "AkippOrAtilt": 3.6,
  "AdrehOrAturn": 1.125,
  "Ageo": 0.8477391771213147,
  "MinPullingForceMax": 345.88865445842475,
  "MinPushingForceMax": 369.80316099429183,
  "MinPullingForcePermanent": 366.53603724242447,
  "MinPushingForcePermanent": 366.53603724242447,
  "ForceWithNegativeWind": 366.46058360746116,
  "ForceWithNoWindMin": 232.45638741458947,
  "ForceWithNegativeWindMin": 175.74025389267183,
  "ForceWithWindMin": 345.88865445842475,
  "Id": "97babd20-7a54-4a6d-a241-e50fef92b56a",
  "CreatedOn": "0001-01-01T00:00:00",
  "CreatedBy": "579816e4-6653-4794-b435-a885f32e28d7",
  "ModifiedOn": "2024-12-05T08:23:33.8556046+00:00",
  "ModifiedBy": "579816e4-6653-4794-b435-a885f32e28d7"
}

13:53:36.333 [main] INFO  com.intuit.karate - VentWeight from API Response: 37 
13:53:36.335 [main] INFO  com.intuit.karate - Rounded Opening Angle: 64.0 
13:53:36.335 [main] INFO  com.intuit.karate - Rounded Ageo: 0.85 
13:53:36.335 [main] INFO  com.intuit.karate - Rounded Required Opening Stroke: 800.0 
13:53:36.335 [main] INFO  com.intuit.karate - Rounded Vent Weight: 37.0 
13:53:36.339 [main] DEBUG com.intuit.karate - request:
2 > GET https://dev-drivetec-apis.schuecodigitalsolutions.com/Config/97babd20-7a54-4a6d-a241-e50fef92b56a/Drive
2 > Host: dev-drivetec-apis.schuecodigitalsolutions.com
2 > Connection: Keep-Alive
2 > User-Agent: Apache-HttpClient/4.5.14 (Java/17.0.12)
2 > Accept-Encoding: gzip,deflate


13:53:37.118 [main] DEBUG com.intuit.karate - response time in milliseconds: 778
2 < 200
2 < Content-Type: application/json; charset=utf-8
2 < Date: Thu, 05 Dec 2024 08:23:33 GMT
2 < Server: Microsoft-IIS/10.0
2 < X-Powered-By: ASP.NET
2 < Content-Length: 17174
2 < Connection: keep-alive
[
  {
    "Name": "Linear drive LDN8 L1000",
    "Bezeichnung": "Linearantrieb LDN8 L1000",
    "ConfigurationId": "00000000-0000-0000-0000-000000000000",
    "Description": "",
    "Application": "Roof",
    "ApplicationFacade": false,
    "ApplicationSkylight": true,
    "Type": 2,
    "OpeningType": 0,
    "BottomHungInward": false,
    "BottomHungOutward": true,
    "SideHungInward": false,
    "SideHungOutward": false,
    "TopHungInward": false,
    "TopHungOutward": true,
    "ProjectedTopHungInward": false,
    "ProjectedTopHungOutward": false,
    "InstallationType": "",
    "ITMainOutFrmMountWBracket": true,
    "ITMainFixOutFrmMount": false,
    "ITMainVentFrmMount": false,
    "ITSideMount50": true,
    "ITSideMount60": true,
    "ITSideMount70": true,
    "ITSideMount80": true,
    "ITSideMount67": false,
    "Feature": "",
    "FeatureOpenClose": true,
    "FeatureLock": true,
    "ArticleNumber": 291923,
    "Stroke": 1000,
    "Angle": 0,
    "Voltage": "24 V DC",
    "Voltage24": true,
    "Voltage230": false,
    "RatedCurrent": 1,
    "BreakingCurrent": 1,
    "PullingForceMax": 800,
    "PushingForceMax": 800,
    "PullingForceMaxWithNegativeWind": 0,
    "PushingForceMaxWithNegativeWind": 0,
    "PushingForcePermanent": 533.33,
    "PullingForcePermanent": 533.33,
    "MinPullingForceMax": 0,
    "MinPushingForceMax": 369.8,
    "MinPullingForcePermanent": 0,
    "MinPushingForcePermanent": 366.54,
    "Price": 986.24,
    "DriveLength": 0,
    "ChainDrive": 450,
    "ChainDrive2": 450,
    "MaxLengthMainClosingEdge1Drive": 2100,
    "MaxGeometricArea": 1,
    "GeometricalSmokeExhaustion": 0,
    "TotalGlassThickness": 13,
    "Dimensions": 0,
    "DimensionsWxHxD": "1323 x Ø36",
    "TensileForce": 0,
    "LockingForce": 0,
    "Details_DE": "<ul> <li>Bemessungsspannung: 24 V DC (19 V … 28 V)</li><li>Abschaltstrom: 1,4 A</li><li>Bemessungsstrom: 1,0 A</li><li>Bemessungsaufnahme: 24 W</li><li>Schutzart: IP 65</li> <li>Zug-/Schubkraft: max. 800 N</li><li>Umgebungstemperatur: -5°C bis + 60°C</li><li>Anschlussleitung: Halogenfrei, grau 3 x 1mm², ~3m</li><li>Max. Geschwindigkeit: 10 mm/s</li></ul>",
    "Details_EN": "<ul> <li>Rated voltage: 24 V DC (19 V … 28 V)</li> <li>Breaking current: 1.4 A</li> <li>Rated current: 1.0 A</li> <li>Rated consumption: 24 W</li> <li>Protection rating: IP 65</li><li>Traction/ thrust: max. 800 N</li> <li>Ambient temperature: -5°C to + 60°C</li> <li>Connecting cable: halogen-free, grey 3 x 1mm², ~3m</li> <li>Max. speed: 10 mm/s</li> </ul>",
    "Einsatz": "<ul> <li>Anwendung: Lüftung, NRA</li><li>Integrierte intelligente Regelelektronik</li></ul>",
    "Use": "<ul> <li>Application: ventilation, natural smoke ventilation</li><li>Integrated intelligent control electronics</li></ul>",
    "Ausstattung": "<ul> <li>Robuste korrosionsbeständige Ausführung in eloxierten Aluminiumgehäuse</li><li>Montagefreundlich durch verstellbaren Klemmring</li><li>Spindel aus Edelstahl, kugelgelagert mit Endlagendämpfung</li><li>Mit Goretex Membrane</li></ul>",
    "Equipment": "<ul> <li>Robust, corrosion-resistant design in anodized casing</li><li>Easy installation thanks to adjustable clamping ring</li><li>Stainless steel spindle on ball bearings with end position cushioning</li><li>with Goretex membrane</li></ul>",
    "Optionen": "<ul> <li>Programmierung von Sonderfunktionen</li><li>Programmierbare Parameter der Regelelektronik</li><li>Schüco Kontroller zur automatischen Konfiguration von Synchronlauf und Folgesteuerungen mit Verriegelungsantrieb in Antriebs-Verbundsystem</li></ul>",
    "Options": "<ul> <li>Programming of special functions</li><li>Programmable parameters of intelligent control electronics</li><li>Schüco controller for automatic configuration of synchronous running and sequence control with locking drives in composite drive systems</li></ul>",
    "IsTwoPce": true,
    "ResultVentWeight": 36.56,
    "IsLsRsDrive": false,
    "ArticleNumberRs": 0,
    "TwoDrivesSideInstallation50": 1450,
    "TwoDrivesSideInstallation60": 1205,
    "TwoDrivesSideInstallation70": 1035,
    "TwoDrivesSideInstallation80": 905,
    "OpeningSpeedmms": 10,
    "Traction": 533,
    "Thrust": 800,
    "Id": "01b945cf-b7bd-4729-a42b-fea1b1853c7a",
    "CreatedOn": "2024-09-26T13:55:26.817Z",
    "CreatedBy": "",
    "ModifiedOn": "2024-09-26T13:55:26.817Z",
    "ModifiedBy": ""
  },
  {
    "Name": "Linear drive LDN10 L1000",
    "Bezeichnung": "Linearantrieb LDN10 L1000",
    "ConfigurationId": "00000000-0000-0000-0000-000000000000",
    "Description": "",
    "Application": "Roof",
    "ApplicationFacade": false,
    "ApplicationSkylight": true,
    "Type": 2,
    "OpeningType": 0,
    "BottomHungInward": false,
    "BottomHungOutward": true,
    "SideHungInward": false,
    "SideHungOutward": false,
    "TopHungInward": false,
    "TopHungOutward": true,
    "ProjectedTopHungInward": false,
    "ProjectedTopHungOutward": false,
    "InstallationType": "",
    "ITMainOutFrmMountWBracket": true,
    "ITMainFixOutFrmMount": false,
    "ITMainVentFrmMount": false,
    "ITSideMount50": true,
    "ITSideMount60": true,
    "ITSideMount70": true,
    "ITSideMount80": true,
    "ITSideMount67": false,
    "Feature": "",
    "FeatureOpenClose": true,
    "FeatureLock": true,
    "ArticleNumber": 291931,
    "Stroke": 1000,
    "Angle": 0,
    "Voltage": "24 V DC",
    "Voltage24": true,
    "Voltage230": false,
    "RatedCurrent": 2,
    "BreakingCurrent": 2,
    "PullingForceMax": 1000,
    "PushingForceMax": 1000,
    "PullingForceMaxWithNegativeWind": 0,
    "PushingForceMaxWithNegativeWind": 0,
    "PushingForcePermanent": 666.67,
    "PullingForcePermanent": 666.67,
    "MinPullingForceMax": 0,
    "MinPushingForceMax": 369.8,
    "MinPullingForcePermanent": 0,
    "MinPushingForcePermanent": 366.54,
    "Price": 1268.08,
    "DriveLength": 0,
    "ChainDrive": 450,
    "ChainDrive2": 450,
    "MaxLengthMainClosingEdge1Drive": 2100,
    "MaxGeometricArea": 1,
    "GeometricalSmokeExhaustion": 0,
    "TotalGlassThickness": 13,
    "Dimensions": 0,
    "DimensionsWxHxD": "1323 x Ø36",
    "TensileForce": 0,
    "LockingForce": 0,
    "Details_DE": "<ul> <li>Bemessungsspannung: 24 V DC (19 V … 28 V)</li><li>Abschaltstrom: 2,5 A</li><li>Bemessungsstrom: 1,9 A</li><li>Bemessungsaufnahme: 45 W</li><li>Schutzart: IP 65</li> <li>Zug-/Schubkraft: max. 1000 N</li><li>Umgebungstemperatur: -5°C bis + 60°C</li><li>Anschlussleitung: Halogenfrei, grau 3 x 1mm², ~3m</li><li>Max. Geschwindigkeit: 12,6 mm/s</li></ul>",
    "Details_EN": "<ul> <li>Rated voltage: 24 V DC (19 V … 28 V)</li> <li>Breaking current: 2.5 A</li> <li>Rated current: 1.9 A</li> <li>Rated consumption: 45 W</li> <li>Protection rating: IP 65</li><li>Traction/ thrust: max. 1000N</li> <li>Ambient temperature: -5°C to + 60°C</li> <li>Connecting cable: halogen-free, grey 3 x 1mm², ~3m</li> <li>Max. speed: 12.6 mm/s</li> </ul>",
    "Einsatz": "<ul> <li>Anwendung: Lüftung, NRA</li><li>Integrierte intelligente Regelelektronik</li></ul>",
    "Use": "<ul> <li>Application: ventilation, natural smoke ventilation</li><li>Integrated intelligent control electronics</li></ul>",
    "Ausstattung": "<ul> <li>Robuste korrosionsbeständige Ausführung in eloxierten Aluminiumgehäuse</li><li>Montagefreundlich durch verstellbaren Klemmring</li><li>Spindel aus Edelstahl, kugelgelagert mit Endlagendämpfung</li><li>Mit Goretex Membrane</li></ul>",
    "Equipment": "<ul> <li>Robust, corrosion-resistant design in anodized casing</li><li>Easy installation thanks to adjustable clamping ring</li><li>Stainless steel spindle on ball bearings with end position cushioning</li><li>with Goretex membrane</li></ul>",
    "Optionen": "<ul> <li>Programmierung von Sonderfunktionen</li><li>Programmierbare Parameter der Regelelektronik</li><li>Schüco Kontroller zur automatischen Konfiguration von Synchronlauf und Folgesteuerungen mit Verriegelungsantrieb in Antriebs-Verbundsystem</li></ul>",
    "Options": "<ul> <li>Programming of special functions</li><li>Programmable parameters of intelligent control electronics</li><li>Schüco controller for automatic configuration of synchronous running and sequence control with locking drives in composite drive systems</li></ul>",
    "IsTwoPce": true,
    "ResultVentWeight": 36.56,
    "IsLsRsDrive": false,
    "ArticleNumberRs": 0,
    "TwoDrivesSideInstallation50": 1450,
    "TwoDrivesSideInstallation60": 1205,
    "TwoDrivesSideInstallation70": 1035,
    "TwoDrivesSideInstallation80": 905,
    "OpeningSpeedmms": 13,
    "Traction": 667,
    "Thrust": 1000,
    "Id": "85a6a62b-3bd8-4f8f-8573-c7f5eaa04383",
    "CreatedOn": "2024-09-26T13:55:26.817Z",
    "CreatedBy": "",
    "ModifiedOn": "2024-09-26T13:55:26.817Z",
    "ModifiedBy": ""
  },
  {
    "Name": "Linear drive LDH15 L1000",
    "Bezeichnung": "Linearantrieb LDH15 L1000",
    "ConfigurationId": "00000000-0000-0000-0000-000000000000",
    "Description": "",
    "Application": "Roof",
    "ApplicationFacade": false,
    "ApplicationSkylight": true,
    "Type": 2,
    "OpeningType": 0,
    "BottomHungInward": false,
    "BottomHungOutward": true,
    "SideHungInward": false,
    "SideHungOutward": false,
    "TopHungInward": false,
    "TopHungOutward": true,
    "ProjectedTopHungInward": false,
    "ProjectedTopHungOutward": false,
    "InstallationType": "",
    "ITMainOutFrmMountWBracket": true,
    "ITMainFixOutFrmMount": false,
    "ITMainVentFrmMount": false,
    "ITSideMount50": true,
    "ITSideMount60": true,
    "ITSideMount70": true,
    "ITSideMount80": true,
    "ITSideMount67": false,
    "Feature": "",
    "FeatureOpenClose": true,
    "FeatureLock": true,
    "ArticleNumber": 291942,
    "Stroke": 1000,
    "Angle": 0,
    "Voltage": "24 V DC",
    "Voltage24": true,
    "Voltage230": false,
    "RatedCurrent": 3,
    "BreakingCurrent": 4,
    "PullingForceMax": 1500,
    "PushingForceMax": 1500,
    "PullingForceMaxWithNegativeWind": 0,
    "PushingForceMaxWithNegativeWind": 0,
    "PushingForcePermanent": 1000,
    "PullingForcePermanent": 1000,
    "MinPullingForceMax": 0,
    "MinPushingForceMax": 369.8,
    "MinPullingForcePermanent": 0,
    "MinPushingForcePermanent": 366.54,
    "Price": 1694.22,
    "DriveLength": 0,
    "ChainDrive": 450,
    "ChainDrive2": 450,
    "MaxLengthMainClosingEdge1Drive": 2100,
    "MaxGeometricArea": 1,
    "GeometricalSmokeExhaustion": 0,
    "TotalGlassThickness": 13,
    "Dimensions": 0,
    "DimensionsWxHxD": "1441 x Ø50",
    "TensileForce": 0,
    "LockingForce": 0,
    "Details_DE": "<ul> <li>Bemessungsspannung: 24 V DC (19 V … 28 V)</li><li>Abschaltstrom: 4,0 A</li><li>Bemessungsstrom: 3,0 A</li><li>Bemessungsaufnahme: 72 W</li><li>Schutzart: IP 54</li> <li>Zug-/Schubkraft: max. 1500 N</li><li>Umgebungstemperatur: -5°C bis + 60°C</li><li>Anschlussleitung: Halogenfrei, grau 3 x 1mm², ~3m</li><li>Max. Geschwindigkeit: 16 mm/s</li></ul>",
    "Details_EN": "<ul> <li>Rated voltage: 24 V DC (19 V … 28 V)</li> <li>Breaking current: 4.0 A</li> <li>Rated current: 3.0 A</li> <li>Rated consumption: 72 W</li> <li>Protection rating: IP 54</li><li>Traction/ thrust: max. 1500N</li> <li>Ambient temperature: -5°C to + 60°C</li> <li>Connecting cable: halogen-free, grey 3 x 1mm², ~3m</li> <li>Max. speed: 16 mm/s</li> </ul>",
    "Einsatz": "<ul> <li>Anwendung: Lüftung, NRA</li><li>Integrierte intelligente Regelelektronik</li></ul>",
    "Use": "<ul> <li>Application: ventilation, natural smoke ventilation</li><li>Integrated intelligent control electronics</li></ul>",
    "Ausstattung": "<ul> <li>Robuste korrosionsbeständige Ausführung in eloxierten Aluminiumgehäuse</li><li>Montagefreundlich durch verstellbaren Klemmring</li><li>Spindel aus Edelstahl, kugelgelagert mit Endlagendämpfung</li><li>Mit Goretex Membrane</li></ul>",
    "Equipment": "<ul> <li>Robust, corrosion-resistant design in anodized casing</li><li>Easy installation thanks to adjustable clamping ring</li><li>Stainless steel spindle on ball bearings with end position cushioning</li><li>with Goretex membrane</li></ul>",
    "Optionen": "<ul> <li>Programmierung von Sonderfunktionen</li><li>Programmierbare Parameter der Regelelektronik</li><li>Schüco Kontroller zur automatischen Konfiguration von Synchronlauf und Folgesteuerungen mit Verriegelungsantrieb in Antriebs-Verbundsystem</li></ul>",
    "Options": "<ul> <li>Programming of special functions</li><li>Programmable parameters of intelligent control electronics</li><li>Schüco controller for automatic configuration of synchronous running and sequence control with locking drives in composite drive systems</li></ul>",
    "IsTwoPce": true,
    "ResultVentWeight": 36.56,
    "IsLsRsDrive": false,
    "ArticleNumberRs": 0,
    "TwoDrivesSideInstallation50": 1450,
    "TwoDrivesSideInstallation60": 1205,
    "TwoDrivesSideInstallation70": 1035,
    "TwoDrivesSideInstallation80": 905,
    "OpeningSpeedmms": 16,
    "Traction": 1000,
    "Thrust": 1500,
    "Id": "a1086267-f160-4f1d-8df3-e52c946a029b",
    "CreatedOn": "2024-09-26T13:55:26.818Z",
    "CreatedBy": "",
    "ModifiedOn": "2024-09-26T13:55:26.818Z",
    "ModifiedBy": ""
  },
  {
    "Name": "Locking actuator roof",
    "Bezeichnung": "Verr.antrieb Dachf 600N",
    "ConfigurationId": "00000000-0000-0000-0000-000000000000",
    "Description": "",
    "Application": "",
    "ApplicationFacade": false,
    "ApplicationSkylight": true,
    "Type": 5,
    "OpeningType": 0,
    "BottomHungInward": false,
    "BottomHungOutward": true,
    "SideHungInward": false,
    "SideHungOutward": false,
    "TopHungInward": false,
    "TopHungOutward": true,
    "ProjectedTopHungInward": false,
    "ProjectedTopHungOutward": false,
    "InstallationType": "",
    "ITMainOutFrmMountWBracket": true,
    "ITMainFixOutFrmMount": false,
    "ITMainVentFrmMount": false,
    "ITSideMount50": true,
    "ITSideMount60": true,
    "ITSideMount70": true,
    "ITSideMount80": true,
    "ITSideMount67": false,
    "Feature": "",
    "FeatureOpenClose": true,
    "FeatureLock": false,
    "ArticleNumber": 291954,
    "Stroke": 0,
    "Angle": 0,
    "Voltage": null,
    "Voltage24": true,
    "Voltage230": false,
    "RatedCurrent": 0,
    "BreakingCurrent": 0,
    "PullingForceMax": 0,
    "PushingForceMax": 0,
    "PullingForceMaxWithNegativeWind": 0,
    "PushingForceMaxWithNegativeWind": 0,
    "PushingForcePermanent": 0,
    "PullingForcePermanent": 0,
    "MinPullingForceMax": 0,
    "MinPushingForceMax": 0,
    "MinPullingForcePermanent": 0,
    "MinPushingForcePermanent": 0,
    "Price": 225.16,
    "DriveLength": 0,
    "ChainDrive": 0,
    "ChainDrive2": 0,
    "MaxLengthMainClosingEdge1Drive": 0,
    "MaxGeometricArea": 0,
    "GeometricalSmokeExhaustion": 0,
    "TotalGlassThickness": 0,
    "Dimensions": 0,
    "DimensionsWxHxD": "415 x 26 x 26",
    "TensileForce": 0,
    "LockingForce": 0,
    "Details_DE": "<ul> <li>Bemessungsspannung: 24 V DC (19 V … 28 V)</li> <li>Abschaltstrom: ~1,0 A</li> <li>Bemessungsstrom: 0,6 A</li> <li>Bemessungsaufnahme: 15 W</li> <li>Schutzart: IP 32</li><li>Zug-/Schubkraft: max. 600 N</li> <li>Umgebungstemperatur: -5°C bis + 60°C</li> <li>Anschlussleitung: Halogenfrei, grau 3x 0,5mm², ~3m</li> <li>Laufzeit: ~ 5s</li><li>Hub: ~ 18mm</li> </ul>",
    "Details_EN": "<ul> <li>Rated voltage : 24 V DC (19 V … 28 V</li> <li>Breaking current : ~1,0 A</li> <li>Rated current : 0,6 A</li> <li>Rated consumption : 15 W</li> <li>Protection rating : IP 32</li><li>Traction/ thrust : max. 600 N</li> <li>Ambient temperature: -5°C bis + 60°C</li> <li>Connecting cable: halogen-free, grey 3 x 0,5mm², ~3m</li> <li>Running time: ~ 5s</li><li>Stroke: ~ 18mm</li> </ul>",
    "Einsatz": "<ul> <li>Anwendung: Lüftung, NRA</li><li>Integrierte intelligente Regelelektronik</li></ul>",
    "Use": "<ul> <li>Application: ventilation, natural smoke ventilation</li> <li>Integrated intelligent control electronics</li></ul>",
    "Ausstattung": "<ul><li>Laufrichtung einstellbar</li></ul>",
    "Equipment": "<ul><li>Running direction adjustable</li></ul>",
    "Optionen": "<ul> <li>Mitnehmer objekt-/profilspezifisch anpassbar</li></ul>",
    "Options": "<ul> <li>Coupling adapter customizable for project-/profile-specific demands</li></ul>",
    "IsTwoPce": false,
    "ResultVentWeight": 0,
    "IsLsRsDrive": false,
    "ArticleNumberRs": 0,
    "TwoDrivesSideInstallation50": 0,
    "TwoDrivesSideInstallation60": 0,
    "TwoDrivesSideInstallation70": 0,
    "TwoDrivesSideInstallation80": 0,
    "OpeningSpeedmms": 0,
    "Traction": 0,
    "Thrust": 0,
    "Id": "2b6ffe33-0cb6-494e-a561-679dc2adeb63",
    "CreatedOn": "2024-09-26T13:55:26.817Z",
    "CreatedBy": "",
    "ModifiedOn": "2024-09-26T13:55:26.817Z",
    "ModifiedBy": ""
  }
]

13:53:37.123 [main] INFO  com.intuit.karate - Expected RecommDrive: Linear drive LDN8 L1000,Linear drive LDN10 L1000,Linear drive LDH15 L1000,Locking actuator roof 
13:53:37.123 [main] INFO  com.intuit.karate - Actual RecommDrive: Linear drive LDN8 L1000, Linear drive LDN10 L1000, Linear drive LDH15 L1000, Locking actuator roof 
13:53:37.123 [main] INFO  com.intuit.karate - Normalized Actual RecommDrive: Linear drive LDN8 L1000,Linear drive LDN10 L1000,Linear drive LDH15 L1000,Locking actuator roof 
13:53:37.123 [main] INFO  com.intuit.karate - Normalized Expected RecommDrive: Linear drive LDN8 L1000,Linear drive LDN10 L1000,Linear drive LDH15 L1000,Locking actuator roof 
13:53:37.124 [main] INFO  com.intuit.karate - All Drive IDs: [
  "01b945cf-b7bd-4729-a42b-fea1b1853c7a",
  "85a6a62b-3bd8-4f8f-8573-c7f5eaa04383",
  "a1086267-f160-4f1d-8df3-e52c946a029b",
  "2b6ffe33-0cb6-494e-a561-679dc2adeb63"
]
 
13:53:37.124 [main] INFO  com.intuit.karate - First Drive ID: 01b945cf-b7bd-4729-a42b-fea1b1853c7a 
13:53:37.126 [main] DEBUG com.intuit.karate - request:
3 > POST https://dev-drivetec-apis.schuecodigitalsolutions.com/api/Drives/DownloadPDFNew/Schuco
3 > Content-Type: application/json; charset=UTF-8
3 > Content-Length: 1194
3 > Host: dev-drivetec-apis.schuecodigitalsolutions.com
3 > Connection: Keep-Alive
3 > User-Agent: Apache-HttpClient/4.5.14 (Java/17.0.12)
3 > Accept-Encoding: gzip,deflate
[{"Id":"configId","Header":"configId","Value":"97babd20-7a54-4a6d-a241-e50fef92b56a"},{"Id":"driveId","Header":"driveId","Value":"01b945cf-b7bd-4729-a42b-fea1b1853c7a"},{"Id":"culture","Header":"culture","Value":"EN-US"},{"Id":"projectId","Header":"projectId","Value":"2afcf090-6588-4022-aa5e-49fca51f940e"},{"Id":"range-of-app","Header":"Range of application","Value":"Façade"},{"Id":"opening-type","Header":"Opening type","Value":"Bottom-hung vent"},{"Id":"opening-direction","Header":"Opening direction","Value":"Inward"},{"Id":"how-calc-weight","Header":"Vent weight","Value":"Weight including glass"},{"Id":"Chain-Length","Header":"Chain- \/ connecting rod handle","Value":"100%"},{"Id":"drive-position","Header":"Drive position","Value":"Side installation"},{"Id":"locking-mechanism","Header":"Locking mechanism","Value":"With"},{"Id":"voltage","Header":"Voltage","Value":"24 V"},{"Id":"drive-type","Header":"Drive type","Value":"Chain drive"},{"Id":"type-installation","Header":"Type of installation","Value":"Pivoting Outer Frame Installation"},{"Id":"calculation-type-for-ventilation-area","Header":"Calculation type for ventilation area","Value":"Method in accordance with ASR 3.6"}]

13:53:38.569 [main] DEBUG com.intuit.karate - response time in milliseconds: 1441
3 < 200
3 < Content-Type: application/json; charset=utf-8
3 < Date: Thu, 05 Dec 2024 08:23:36 GMT
3 < Server: Microsoft-IIS/10.0
3 < X-Powered-By: ASP.NET
3 < Content-Length: 280
3 < Connection: keep-alive
{
  "result": "https://drive-tec-dev.s3.amazonaws.com/AUT_TPJ33518-Linear_drive_LDN8_L1000.pdf?AWSAccessKeyId=AKIAZAWIART4ZFAXXPHK&Expires=1733390616&response-content-disposition=attachment%3B&response-content-type=application%2Fpdf&Signature=B2gwI9Y8TQuaXe4FC%2Fldtb6qEAg%3D"
}

13:53:38.569 [main] INFO  com.intuit.karate - Download URL for first driveId: https://drive-tec-dev.s3.amazonaws.com/AUT_TPJ33518-Linear_drive_LDN8_L1000.pdf?AWSAccessKeyId=AKIAZAWIART4ZFAXXPHK&Expires=1733390616&response-content-disposition=attachment%3B&response-content-type=application%2Fpdf&Signature=B2gwI9Y8TQuaXe4FC%2Fldtb6qEAg%3D 
13:53:38.576 [main] INFO  com.intuit.karate - karate.env system property was: null 
13:53:38.577 [main] INFO  com.intuit.karate - Running test for dataset:  Dataset24 
13:53:38.582 [main] INFO  com.intuit.karate - Using ProjectId:  {
  "result": {
    "projectId": "prjId"
  },
  "projectPayload": {
    "Id": "579816e4-6653-4794-b435-a885f32e28d7",
    "Name": "AUT_TPJ33518",
    "Address": "Hyderabad, Telangana, India",
    "Description": "",
    "CreatedBy": "579816e4-6653-4794-b435-a885f32e28d7",
    "ModifiedBy": "579816e4-6653-4794-b435-a885f32e28d7"
  },
  "uniqueName": "AUT_TPJ33518",
  "responseHeaders": {
    "Content-Type": [
      "application/json; charset=utf-8"
    ],
    "Date": [
      "Thu, 05 Dec 2024 08:22:12 GMT"
    ],
    "Server": [
      "Microsoft-IIS/10.0"
    ],
    "X-Powered-By": [
      "ASP.NET"
    ],
    "transfer-encoding": [
      "chunked"
    ],
    "Connection": [
      "keep-alive"
    ],
    "Set-Cookie": [
    ]
  },
  "responseTime": 841,
  "response": {
    "Name": "AUT_TPJ33518",
    "Description": "",
    "Address": "Hyderabad, Telangana, India",
    "Id": "2afcf090-6588-4022-aa5e-49fca51f940e",
    "CreatedOn": "2024-12-05T08:22:11.998251+00:00",
    "CreatedBy": "579816e4-6653-4794-b435-a885f32e28d7",
    "ModifiedOn": "2024-12-05T08:22:11.9982526+00:00",
    "ModifiedBy": ""
  },
  "responseStatus": 200,
  "prjId": "2afcf090-6588-4022-aa5e-49fca51f940e",
  "projectId": "2afcf090-6588-4022-aa5e-49fca51f940e"
}
 
13:53:38.583 [main] DEBUG com.intuit.karate - request:
1 > POST https://dev-drivetec-apis.schuecodigitalsolutions.com/Configurations
1 > Content-Type: application/json; charset=UTF-8
1 > Content-Length: 1275
1 > Host: dev-drivetec-apis.schuecodigitalsolutions.com
1 > Connection: Keep-Alive
1 > User-Agent: Apache-HttpClient/4.5.14 (Java/17.0.12)
1 > Accept-Encoding: gzip,deflate
{"Id":"00000000-0000-0000-0000-000000000000","ProjectId":"2afcf090-6588-4022-aa5e-49fca51f940e","Name":"Dataset8583","Description":"Dataset8583","CustomTags":"","CreatedBy":"579816e4-6653-4794-b435-a885f32e28d7","ModifiedBy":"579816e4-6653-4794-b435-a885f32e28d7","ApplicationName":1,"System":"","FacadeInclination":0,"OpeningType":1,"OpeningDirection":1,"OpeningWidth":1000,"VentOuterWidth":1230,"VentOuterHeight":1480,"VentWeight":70,"CalculateWeightWithGlass":false,"WeightIncGlassOrThickness":false,"GlassThickness":14,"ProfileWeightPerSerialMeter":2.5,"IsWindowOpeningCalculationByAngle":1,"RequiredOpeningStroke":400,"OpeningAngle":15,"WindLoad":120,"SnowLoad":0,"DrivePosition":2,"InstallationPosition":1,"ChainLengthConnectingRodHandle":5,"LockingMechanism":1,"Voltage":1,"DriveType":1,"TypeOfInstallation":2,"CalculationTypeForVentilation":1,"CalcVentilation":1,"GeometricArea":1,"SpecificExhaustDimension":30,"BuildingDepth":75,"RevealDepth":0,"RevealDepthRectangleAngle1":0,"RevealDepthRectangleAngle2":0,"HeightOfProfile":0,"HeightProfileRectangleAngle1":0,"HeightProfileRectangleAngle2":0,"AkippOrAtilt":0,"AdrehOrAturn":0,"Ageo":0,"MinPullingForceMax":0,"MinPushingForceMax":0,"MinPullingForcePermanent":0,"MinPushingForcePermanent":0,"ForceWithNegativeWind":0}

13:53:39.203 [main] DEBUG com.intuit.karate - response time in milliseconds: 619
1 < 200
1 < Content-Type: application/json; charset=utf-8
1 < Date: Thu, 05 Dec 2024 08:23:36 GMT
1 < Server: Microsoft-IIS/10.0
1 < X-Powered-By: ASP.NET
1 < Content-Length: 2032
1 < Connection: keep-alive
{
  "ProjectId": "2afcf090-6588-4022-aa5e-49fca51f940e",
  "Name": "Dataset8583",
  "Description": "Dataset8583",
  "CustomTags": "",
  "ApplicationName": 1,
  "OpeningType": 1,
  "OpeningDirection": 1,
  "CalculateWeightWithGlass": false,
  "WindLoad": 120,
  "IsWindowOpeningCalculationByAngle": 1,
  "VentOuterWidth": 1230,
  "VentOuterHeight": 1480,
  "WeightIncGlassOrThickness": false,
  "VentWeight": 77,
  "VentWeightExact": 77.26400000000001,
  "GlassThickness": 14,
  "ProfileWeightPerSerialMeter": 2.5,
  "FacadeInclination": 0,
  "ChainLengthConnectingRodHandle": 5,
  "ChainLenghtConnectingRodHandle": 0,
  "RequiredOpeningStroke": 400,
  "OpeningWidth": 1000,
  "OpeningAngle": 15.532868337024489,
  "SpecificExhaustDimension": 30,
  "BuildingDepth": 75,
  "SnowLoad": 0,
  "DistanceHinge": 0,
  "RatedCurrent": 0,
  "DrivePosition": 2,
  "LockingMechanism": 1,
  "Voltage": 1,
  "DriveType": 1,
  "TypeOfInstallation": 2,
  "GeometricArea": 0,
  "CalculationTypeForVentilation": 1,
  "HeightOfProfile": 0,
  "Reveal": 0,
  "RevealDepth": 0,
  "HeightProfileRectangleAngle1": 0,
  "HeightProfileRectangleAngle2": 0,
  "RevealDepthRectangleAngle1": 0,
  "RevealDepthRectangleAngle2": 0,
  "RevealDepthRectangleAngle12": 0,
  "InstallationPosition": 0,
  "RecommendedDriveArticleNo": 0,
  "System": "",
  "AkippOrAtilt": 1.084,
  "AdrehOrAturn": 1.8204,
  "Ageo": 1.084,
  "MinPullingForceMax": -206.4868442161654,
  "MinPushingForceMax": -206.4868442161654,
  "MinPullingForcePermanent": -104.11163259218097,
  "MinPushingForcePermanent": -104.11163259218097,
  "ForceWithNegativeWind": 109.53156767199486,
  "ForceWithNoWindMin": 0.30763693489047433,
  "ForceWithNegativeWindMin": 0,
  "ForceWithWindMin": -108.91629380221393,
  "Id": "2fc36da0-0f06-4c84-9507-1a355af3f312",
  "CreatedOn": "2024-12-05T08:23:36.7312759+00:00",
  "CreatedBy": "579816e4-6653-4794-b435-a885f32e28d7",
  "ModifiedOn": "2024-12-05T08:23:36.7312771+00:00",
  "ModifiedBy": ""
}

13:53:39.203 [main] INFO  com.intuit.karate - Generated Config ID: 2fc36da0-0f06-4c84-9507-1a355af3f312 
13:53:39.204 [main] INFO  com.intuit.karate - Generated Name: Dataset8583 
13:53:39.204 [main] INFO  com.intuit.karate - Generated Description: Dataset8583 
13:53:39.208 [main] DEBUG com.intuit.karate - request:
1 > PUT https://dev-drivetec-apis.schuecodigitalsolutions.com/Configurations
1 > Content-Type: application/json; charset=UTF-8
1 > Content-Length: 1276
1 > Host: dev-drivetec-apis.schuecodigitalsolutions.com
1 > Connection: Keep-Alive
1 > User-Agent: Apache-HttpClient/4.5.14 (Java/17.0.12)
1 > Accept-Encoding: gzip,deflate
{"Id":"2fc36da0-0f06-4c84-9507-1a355af3f312","Name":"Dataset24","Description":"Dataset8583","ProjectId":"2afcf090-6588-4022-aa5e-49fca51f940e","CustomTags":"","CreatedBy":"579816e4-6653-4794-b435-a885f32e28d7","ModifiedBy":"579816e4-6653-4794-b435-a885f32e28d7","System":"","FacadeInclination":0,"OpeningType":1,"OpeningDirection":1,"OpeningWidth":1000,"VentOuterWidth":4000,"VentOuterHeight":4000,"VentWeight":0,"CalculateWeightWithGlass":false,"RequiredOpeningStroke":1200,"WindLoad":1,"SnowLoad":0,"IsWindowOpeningCalculationByAngle":1,"GlassThickness":1,"ProfileWeightPerSerialMeter":1,"DrivePosition":1,"InstallationPosition":0,"LockingMechanism":1,"Voltage":1,"DriveType":1,"TypeOfInstallation":2,"GeometricArea":0,"CalcVentilation":2,"SpecificExhaustDimension":30,"BuildingDepth":75,"CalculationTypeForVentilation":2,"HeightOfProfile":40,"HeightProfileRectangleAngle1":25,"HeightProfileRectangleAngle2":200,"RevealDepth":30,"RevealDepthRectangleAngle1":75,"RevealDepthRectangleAngle2":300,"ChainLengthConnectingRodHandle":5,"ApplicationName":1,"OpeningAngle":10,"WeightIncGlassOrThickness":false,"AkippOrAtilt":0,"AdrehOrAturn":0,"Ageo":0,"MinPullingForceMax":0,"MinPushingForceMax":0,"MinPullingForcePermanent":0,"MinPushingForcePermanent":0,"ForceWithNegativeWind":0}

13:53:39.813 [main] DEBUG com.intuit.karate - response time in milliseconds: 603
1 < 200
1 < Content-Type: application/json; charset=utf-8
1 < Date: Thu, 05 Dec 2024 08:23:37 GMT
1 < Server: Microsoft-IIS/10.0
1 < X-Powered-By: ASP.NET
1 < Content-Length: 2058
1 < Connection: keep-alive
{
  "ProjectId": "2afcf090-6588-4022-aa5e-49fca51f940e",
  "Name": "Dataset24",
  "Description": "Dataset8583",
  "CustomTags": "",
  "ApplicationName": 1,
  "OpeningType": 1,
  "OpeningDirection": 1,
  "CalculateWeightWithGlass": false,
  "WindLoad": 1,
  "IsWindowOpeningCalculationByAngle": 1,
  "VentOuterWidth": 4000,
  "VentOuterHeight": 4000,
  "WeightIncGlassOrThickness": false,
  "VentWeight": 56,
  "VentWeightExact": 56,
  "GlassThickness": 1,
  "ProfileWeightPerSerialMeter": 1,
  "FacadeInclination": 0,
  "ChainLengthConnectingRodHandle": 5,
  "ChainLenghtConnectingRodHandle": 0,
  "RequiredOpeningStroke": 1200,
  "OpeningWidth": 1000,
  "OpeningAngle": 17.253853117357277,
  "SpecificExhaustDimension": 30,
  "BuildingDepth": 75,
  "SnowLoad": 0,
  "DistanceHinge": 0,
  "RatedCurrent": 0,
  "DrivePosition": 1,
  "LockingMechanism": 1,
  "Voltage": 1,
  "DriveType": 1,
  "TypeOfInstallation": 2,
  "GeometricArea": 0,
  "CalculationTypeForVentilation": 2,
  "HeightOfProfile": 40,
  "Reveal": 0,
  "RevealDepth": 30,
  "HeightProfileRectangleAngle1": 25,
  "HeightProfileRectangleAngle2": 200,
  "RevealDepthRectangleAngle1": 75,
  "RevealDepthRectangleAngle2": 300,
  "RevealDepthRectangleAngle12": 0,
  "InstallationPosition": 0,
  "RecommendedDriveArticleNo": 0,
  "System": "",
  "AkippOrAtilt": 9.6,
  "AdrehOrAturn": 16,
  "Ageo": 5.98485012230652,
  "MinPullingForceMax": -7.777023447904845,
  "MinPushingForceMax": -91.16793886924938,
  "MinPullingForcePermanent": -83.78459885589518,
  "MinPushingForcePermanent": -83.78459885589518,
  "ForceWithNegativeWind": -76.40125884254098,
  "ForceWithNoWindMin": 0.22297147900531375,
  "ForceWithNegativeWindMin": 8.222966405915471,
  "ForceWithWindMin": -7.777023447904845,
  "Id": "2fc36da0-0f06-4c84-9507-1a355af3f312",
  "CreatedOn": "0001-01-01T00:00:00",
  "CreatedBy": "579816e4-6653-4794-b435-a885f32e28d7",
  "ModifiedOn": "2024-12-05T08:23:37.338575+00:00",
  "ModifiedBy": "579816e4-6653-4794-b435-a885f32e28d7"
}

13:53:39.814 [main] INFO  com.intuit.karate - VentWeight from API Response: 56 
13:53:39.815 [main] INFO  com.intuit.karate - Rounded Opening Angle: 17.0 
13:53:39.815 [main] INFO  com.intuit.karate - Rounded Ageo: 5.98 
13:53:39.815 [main] INFO  com.intuit.karate - Rounded Required Opening Stroke: 1200.0 
13:53:39.815 [main] INFO  com.intuit.karate - Rounded Vent Weight: 56.0 
13:53:39.819 [main] DEBUG com.intuit.karate - request:
2 > GET https://dev-drivetec-apis.schuecodigitalsolutions.com/Config/2fc36da0-0f06-4c84-9507-1a355af3f312/Drive
2 > Host: dev-drivetec-apis.schuecodigitalsolutions.com
2 > Connection: Keep-Alive
2 > User-Agent: Apache-HttpClient/4.5.14 (Java/17.0.12)
2 > Accept-Encoding: gzip,deflate


13:53:40.445 [main] DEBUG com.intuit.karate - response time in milliseconds: 625
2 < 200
2 < Content-Type: application/json; charset=utf-8
2 < Date: Thu, 05 Dec 2024 08:23:37 GMT
2 < Server: Microsoft-IIS/10.0
2 < X-Powered-By: ASP.NET
2 < Content-Length: 7512
2 < Connection: keep-alive
[
  {
    "Name": "Locking actuator EasyConnect",
    "Bezeichnung": "Verriegelungsantrieb EasyConnect",
    "ConfigurationId": "00000000-0000-0000-0000-000000000000",
    "Description": "",
    "Application": "",
    "ApplicationFacade": true,
    "ApplicationSkylight": false,
    "Type": 5,
    "OpeningType": 0,
    "BottomHungInward": true,
    "BottomHungOutward": false,
    "SideHungInward": true,
    "SideHungOutward": false,
    "TopHungInward": false,
    "TopHungOutward": false,
    "ProjectedTopHungInward": false,
    "ProjectedTopHungOutward": false,
    "InstallationType": "",
    "ITMainOutFrmMountWBracket": true,
    "ITMainFixOutFrmMount": true,
    "ITMainVentFrmMount": false,
    "ITSideMount50": false,
    "ITSideMount60": false,
    "ITSideMount70": false,
    "ITSideMount80": false,
    "ITSideMount67": false,
    "Feature": "",
    "FeatureOpenClose": true,
    "FeatureLock": false,
    "ArticleNumber": 291787,
    "Stroke": 0,
    "Angle": 0,
    "Voltage": null,
    "Voltage24": true,
    "Voltage230": true,
    "RatedCurrent": 0,
    "BreakingCurrent": 0,
    "PullingForceMax": 0,
    "PushingForceMax": 0,
    "PullingForceMaxWithNegativeWind": 0,
    "PushingForceMaxWithNegativeWind": 0,
    "PushingForcePermanent": 0,
    "PullingForcePermanent": 0,
    "MinPullingForceMax": 0,
    "MinPushingForceMax": 0,
    "MinPullingForcePermanent": 0,
    "MinPushingForcePermanent": 0,
    "Price": 0,
    "DriveLength": 0,
    "ChainDrive": 0,
    "ChainDrive2": 0,
    "MaxLengthMainClosingEdge1Drive": 0,
    "MaxGeometricArea": 0,
    "GeometricalSmokeExhaustion": 0,
    "TotalGlassThickness": 0,
    "Dimensions": 0,
    "DimensionsWxHxD": "375 x 24 x 35",
    "TensileForce": 0,
    "LockingForce": 0,
    "Details_DE": "<ul> <li>Bemessungsspannung: 24 V DC (19 V … 28 V)</li> <li>Abschaltstrom: ~1,0 A</li> <li>Bemessungsstrom: 0,6 A</li> <li>Bemessungsaufnahme: 15 W</li> <li>Schutzart: IP 32</li><li>Zug-/Schubkraft: max. 600 N</li> <li>Umgebungstemperatur: -5°C bis + 60°C</li> <li>Anschlussleitung: Halogenfrei, grau 5 x 0,5mm² , ~5m</li> <li>Laufzeit: ~ 5s</li><li>Hub: ~ 18mm</li> </ul>",
    "Details_EN": "<ul> <li>Rated voltage : 24 V DC (19 V … 28 V</li> <li>Breaking current : ~1,0 A</li> <li>Rated current : 0,6 A</li> <li>Rated consumption : 15 W</li> <li>Protection rating : IP 32</li><li>Traction/ thrust : max. 600 N</li> <li>Ambient temperature: -5°C bis + 60°C</li> <li>Connecting cable: halogen-free, grey 5 x 0,5mm² , ~5m</li> <li>Running time: ~ 5s</li><li>Stroke: ~ 18mm</li> </ul>",
    "Einsatz": "<ul> <li>Anwendung: Lüftung, NRA</li><li>Integrierte intelligente Regelelektronik</li></ul>",
    "Use": "<ul> <li>Application: ventilation, natural smoke ventilation</li> <li>Integrated intelligent control electronics</li></ul>",
    "Ausstattung": "<ul><li>Laufrichtung einstellbar</li><li>Zusätzlicher Universal-Steckersatz</li></ul>",
    "Equipment": "<ul><li>Running direction adjustable</li><li>Additional universal plug socket</li></ul>",
    "Optionen": "<ul> <li>Mitnehmer objekt-/profilspezifisch anpassbar</li></ul>",
    "Options": "<ul> <li>Coupling adapter customizable for project-/profile-specific demands</li></ul>",
    "IsTwoPce": false,
    "ResultVentWeight": 0,
    "IsLsRsDrive": false,
    "ArticleNumberRs": 0,
    "TwoDrivesSideInstallation50": 0,
    "TwoDrivesSideInstallation60": 0,
    "TwoDrivesSideInstallation70": 0,
    "TwoDrivesSideInstallation80": 0,
    "OpeningSpeedmms": 0,
    "Traction": 0,
    "Thrust": 0,
    "Id": "f894c384-bd5f-4f1b-a446-f4a3afc8426e",
    "CreatedOn": "2024-09-26T13:55:26.817Z",
    "CreatedBy": "",
    "ModifiedOn": "2024-09-26T13:55:26.817Z",
    "ModifiedBy": ""
  },
  {
    "Name": "Locking actuator 600",
    "Bezeichnung": "Verriegelungsantrieb 600",
    "ConfigurationId": "00000000-0000-0000-0000-000000000000",
    "Description": "",
    "Application": "",
    "ApplicationFacade": true,
    "ApplicationSkylight": false,
    "Type": 5,
    "OpeningType": 0,
    "BottomHungInward": true,
    "BottomHungOutward": false,
    "SideHungInward": true,
    "SideHungOutward": false,
    "TopHungInward": false,
    "TopHungOutward": false,
    "ProjectedTopHungInward": false,
    "ProjectedTopHungOutward": false,
    "InstallationType": "",
    "ITMainOutFrmMountWBracket": true,
    "ITMainFixOutFrmMount": true,
    "ITMainVentFrmMount": false,
    "ITSideMount50": false,
    "ITSideMount60": false,
    "ITSideMount70": false,
    "ITSideMount80": false,
    "ITSideMount67": false,
    "Feature": "",
    "FeatureOpenClose": true,
    "FeatureLock": false,
    "ArticleNumber": 291736,
    "Stroke": 0,
    "Angle": 0,
    "Voltage": null,
    "Voltage24": true,
    "Voltage230": true,
    "RatedCurrent": 0,
    "BreakingCurrent": 0,
    "PullingForceMax": 0,
    "PushingForceMax": 0,
    "PullingForceMaxWithNegativeWind": 0,
    "PushingForceMaxWithNegativeWind": 0,
    "PushingForcePermanent": 0,
    "PullingForcePermanent": 0,
    "MinPullingForceMax": 0,
    "MinPushingForceMax": 0,
    "MinPullingForcePermanent": 0,
    "MinPushingForcePermanent": 0,
    "Price": 218.27,
    "DriveLength": 0,
    "ChainDrive": 0,
    "ChainDrive2": 0,
    "MaxLengthMainClosingEdge1Drive": 0,
    "MaxGeometricArea": 0,
    "GeometricalSmokeExhaustion": 0,
    "TotalGlassThickness": 0,
    "Dimensions": 0,
    "DimensionsWxHxD": "415 x 26 x 26",
    "TensileForce": 0,
    "LockingForce": 0,
    "Details_DE": "<ul> <li>Bemessungsspannung: 24 V DC (19 V … 28 V)</li> <li>Abschaltstrom: ~1,0 A</li> <li>Bemessungsstrom: 0,6 A</li> <li>Bemessungsaufnahme: 15 W</li> <li>Schutzart: IP 32</li><li>Zug-/Schubkraft: max. 600 N</li> <li>Umgebungstemperatur: -5°C bis + 60°C</li> <li>Anschlussleitung: Halogenfrei, grau 3x 0,5mm², ~3m</li> <li>Laufzeit: ~ 5s</li><li>Hub: ~ 18mm</li> </ul>",
    "Details_EN": "<ul> <li>Rated voltage : 24 V DC (19 V … 28 V</li> <li>Breaking current : ~1,0 A</li> <li>Rated current : 0,6 A</li> <li>Rated consumption : 15 W</li> <li>Protection rating : IP 32</li><li>Traction/ thrust : max. 600 N</li> <li>Ambient temperature: -5°C bis + 60°C</li> <li>Connecting cable: halogen-free, grey 3 x 0,5mm², ~3m</li> <li>Running time: ~ 5s</li><li>Stroke: ~ 18mm</li> </ul>",
    "Einsatz": "<ul> <li>Anwendung: Lüftung, NRA</li><li>Integrierte intelligente Regelelektronik</li></ul>",
    "Use": "<ul> <li>Application: ventilation, natural smoke ventilation</li> <li>Integrated intelligent control electronics</li></ul>",
    "Ausstattung": "<ul><li>Laufrichtung einstellbar</li></ul>",
    "Equipment": "<ul><li>Running direction adjustable</li></ul>",
    "Optionen": "<ul> <li>Mitnehmer objekt-/profilspezifisch anpassbar</li></ul>",
    "Options": "<ul> <li>Coupling adapter customizable for project-/profile-specific demands</li></ul>",
    "IsTwoPce": false,
    "ResultVentWeight": 0,
    "IsLsRsDrive": true,
    "ArticleNumberRs": 291735,
    "TwoDrivesSideInstallation50": 0,
    "TwoDrivesSideInstallation60": 0,
    "TwoDrivesSideInstallation70": 0,
    "TwoDrivesSideInstallation80": 0,
    "OpeningSpeedmms": 0,
    "Traction": 0,
    "Thrust": 0,
    "Id": "69d8317e-493b-4010-8d9e-54168822bacf",
    "CreatedOn": "2024-09-26T13:55:26.817Z",
    "CreatedBy": "",
    "ModifiedOn": "2024-09-26T13:55:26.817Z",
    "ModifiedBy": ""
  }
]

13:53:40.450 [main] INFO  com.intuit.karate - Expected RecommDrive: Locking actuator EasyConnect,Locking actuator 600 
13:53:40.450 [main] INFO  com.intuit.karate - Actual RecommDrive: Locking actuator EasyConnect, Locking actuator 600 
13:53:40.450 [main] INFO  com.intuit.karate - Normalized Actual RecommDrive: Locking actuator EasyConnect,Locking actuator 600 
13:53:40.450 [main] INFO  com.intuit.karate - Normalized Expected RecommDrive: Locking actuator EasyConnect,Locking actuator 600 
13:53:40.451 [main] INFO  com.intuit.karate - All Drive IDs: [
  "f894c384-bd5f-4f1b-a446-f4a3afc8426e",
  "69d8317e-493b-4010-8d9e-54168822bacf"
]
 
13:53:40.451 [main] INFO  com.intuit.karate - First Drive ID: f894c384-bd5f-4f1b-a446-f4a3afc8426e 
13:53:40.452 [main] DEBUG com.intuit.karate - request:
3 > POST https://dev-drivetec-apis.schuecodigitalsolutions.com/api/Drives/DownloadPDFNew/Schuco
3 > Content-Type: application/json; charset=UTF-8
3 > Content-Length: 1194
3 > Host: dev-drivetec-apis.schuecodigitalsolutions.com
3 > Connection: Keep-Alive
3 > User-Agent: Apache-HttpClient/4.5.14 (Java/17.0.12)
3 > Accept-Encoding: gzip,deflate
[{"Id":"configId","Header":"configId","Value":"2fc36da0-0f06-4c84-9507-1a355af3f312"},{"Id":"driveId","Header":"driveId","Value":"f894c384-bd5f-4f1b-a446-f4a3afc8426e"},{"Id":"culture","Header":"culture","Value":"EN-US"},{"Id":"projectId","Header":"projectId","Value":"2afcf090-6588-4022-aa5e-49fca51f940e"},{"Id":"range-of-app","Header":"Range of application","Value":"Façade"},{"Id":"opening-type","Header":"Opening type","Value":"Bottom-hung vent"},{"Id":"opening-direction","Header":"Opening direction","Value":"Inward"},{"Id":"how-calc-weight","Header":"Vent weight","Value":"Weight including glass"},{"Id":"Chain-Length","Header":"Chain- \/ connecting rod handle","Value":"100%"},{"Id":"drive-position","Header":"Drive position","Value":"Side installation"},{"Id":"locking-mechanism","Header":"Locking mechanism","Value":"With"},{"Id":"voltage","Header":"Voltage","Value":"24 V"},{"Id":"drive-type","Header":"Drive type","Value":"Chain drive"},{"Id":"type-installation","Header":"Type of installation","Value":"Pivoting Outer Frame Installation"},{"Id":"calculation-type-for-ventilation-area","Header":"Calculation type for ventilation area","Value":"Method in accordance with ASR 3.6"}]

13:53:41.862 [main] DEBUG com.intuit.karate - response time in milliseconds: 1408
3 < 200
3 < Content-Type: application/json; charset=utf-8
3 < Date: Thu, 05 Dec 2024 08:23:39 GMT
3 < Server: Microsoft-IIS/10.0
3 < X-Powered-By: ASP.NET
3 < Content-Length: 283
3 < Connection: keep-alive
{
  "result": "https://drive-tec-dev.s3.amazonaws.com/AUT_TPJ33518-Locking_actuator_EasyConnect.pdf?AWSAccessKeyId=AKIAZAWIART4ZFAXXPHK&Expires=1733390619&response-content-disposition=attachment%3B&response-content-type=application%2Fpdf&Signature=YIn8hM1AZDRU3gPOtXUouBYyPvw%3D"
}

13:53:41.862 [main] INFO  com.intuit.karate - Download URL for first driveId: https://drive-tec-dev.s3.amazonaws.com/AUT_TPJ33518-Locking_actuator_EasyConnect.pdf?AWSAccessKeyId=AKIAZAWIART4ZFAXXPHK&Expires=1733390619&response-content-disposition=attachment%3B&response-content-type=application%2Fpdf&Signature=YIn8hM1AZDRU3gPOtXUouBYyPvw%3D 
13:53:41.866 [main] INFO  com.intuit.karate - karate.env system property was: null 
13:53:41.868 [main] INFO  com.intuit.karate - Running test for dataset:  Dataset25 
13:53:41.870 [main] INFO  com.intuit.karate - Using ProjectId:  {
  "result": {
    "projectId": "prjId"
  },
  "projectPayload": {
    "Id": "579816e4-6653-4794-b435-a885f32e28d7",
    "Name": "AUT_TPJ33518",
    "Address": "Hyderabad, Telangana, India",
    "Description": "",
    "CreatedBy": "579816e4-6653-4794-b435-a885f32e28d7",
    "ModifiedBy": "579816e4-6653-4794-b435-a885f32e28d7"
  },
  "uniqueName": "AUT_TPJ33518",
  "responseHeaders": {
    "Content-Type": [
      "application/json; charset=utf-8"
    ],
    "Date": [
      "Thu, 05 Dec 2024 08:22:12 GMT"
    ],
    "Server": [
      "Microsoft-IIS/10.0"
    ],
    "X-Powered-By": [
      "ASP.NET"
    ],
    "transfer-encoding": [
      "chunked"
    ],
    "Connection": [
      "keep-alive"
    ],
    "Set-Cookie": [
    ]
  },
  "responseTime": 841,
  "response": {
    "Name": "AUT_TPJ33518",
    "Description": "",
    "Address": "Hyderabad, Telangana, India",
    "Id": "2afcf090-6588-4022-aa5e-49fca51f940e",
    "CreatedOn": "2024-12-05T08:22:11.998251+00:00",
    "CreatedBy": "579816e4-6653-4794-b435-a885f32e28d7",
    "ModifiedOn": "2024-12-05T08:22:11.9982526+00:00",
    "ModifiedBy": ""
  },
  "responseStatus": 200,
  "prjId": "2afcf090-6588-4022-aa5e-49fca51f940e",
  "projectId": "2afcf090-6588-4022-aa5e-49fca51f940e"
}
 
13:53:41.874 [main] DEBUG com.intuit.karate - request:
1 > POST https://dev-drivetec-apis.schuecodigitalsolutions.com/Configurations
1 > Content-Type: application/json; charset=UTF-8
1 > Content-Length: 1275
1 > Host: dev-drivetec-apis.schuecodigitalsolutions.com
1 > Connection: Keep-Alive
1 > User-Agent: Apache-HttpClient/4.5.14 (Java/17.0.12)
1 > Accept-Encoding: gzip,deflate
{"Id":"00000000-0000-0000-0000-000000000000","ProjectId":"2afcf090-6588-4022-aa5e-49fca51f940e","Name":"Dataset1873","Description":"Dataset1873","CustomTags":"","CreatedBy":"579816e4-6653-4794-b435-a885f32e28d7","ModifiedBy":"579816e4-6653-4794-b435-a885f32e28d7","ApplicationName":1,"System":"","FacadeInclination":0,"OpeningType":1,"OpeningDirection":1,"OpeningWidth":1000,"VentOuterWidth":1230,"VentOuterHeight":1480,"VentWeight":70,"CalculateWeightWithGlass":false,"WeightIncGlassOrThickness":false,"GlassThickness":14,"ProfileWeightPerSerialMeter":2.5,"IsWindowOpeningCalculationByAngle":1,"RequiredOpeningStroke":400,"OpeningAngle":15,"WindLoad":120,"SnowLoad":0,"DrivePosition":2,"InstallationPosition":1,"ChainLengthConnectingRodHandle":5,"LockingMechanism":1,"Voltage":1,"DriveType":1,"TypeOfInstallation":2,"CalculationTypeForVentilation":1,"CalcVentilation":1,"GeometricArea":1,"SpecificExhaustDimension":30,"BuildingDepth":75,"RevealDepth":0,"RevealDepthRectangleAngle1":0,"RevealDepthRectangleAngle2":0,"HeightOfProfile":0,"HeightProfileRectangleAngle1":0,"HeightProfileRectangleAngle2":0,"AkippOrAtilt":0,"AdrehOrAturn":0,"Ageo":0,"MinPullingForceMax":0,"MinPushingForceMax":0,"MinPullingForcePermanent":0,"MinPushingForcePermanent":0,"ForceWithNegativeWind":0}

13:53:42.470 [main] DEBUG com.intuit.karate - response time in milliseconds: 594
1 < 200
1 < Content-Type: application/json; charset=utf-8
1 < Date: Thu, 05 Dec 2024 08:23:39 GMT
1 < Server: Microsoft-IIS/10.0
1 < X-Powered-By: ASP.NET
1 < transfer-encoding: chunked
1 < Connection: keep-alive
{
  "ProjectId": "2afcf090-6588-4022-aa5e-49fca51f940e",
  "Name": "Dataset1873",
  "Description": "Dataset1873",
  "CustomTags": "",
  "ApplicationName": 1,
  "OpeningType": 1,
  "OpeningDirection": 1,
  "CalculateWeightWithGlass": false,
  "WindLoad": 120,
  "IsWindowOpeningCalculationByAngle": 1,
  "VentOuterWidth": 1230,
  "VentOuterHeight": 1480,
  "WeightIncGlassOrThickness": false,
  "VentWeight": 77,
  "VentWeightExact": 77.26400000000001,
  "GlassThickness": 14,
  "ProfileWeightPerSerialMeter": 2.5,
  "FacadeInclination": 0,
  "ChainLengthConnectingRodHandle": 5,
  "ChainLenghtConnectingRodHandle": 0,
  "RequiredOpeningStroke": 400,
  "OpeningWidth": 1000,
  "OpeningAngle": 15.532868337024489,
  "SpecificExhaustDimension": 30,
  "BuildingDepth": 75,
  "SnowLoad": 0,
  "DistanceHinge": 0,
  "RatedCurrent": 0,
  "DrivePosition": 2,
  "LockingMechanism": 1,
  "Voltage": 1,
  "DriveType": 1,
  "TypeOfInstallation": 2,
  "GeometricArea": 0,
  "CalculationTypeForVentilation": 1,
  "HeightOfProfile": 0,
  "Reveal": 0,
  "RevealDepth": 0,
  "HeightProfileRectangleAngle1": 0,
  "HeightProfileRectangleAngle2": 0,
  "RevealDepthRectangleAngle1": 0,
  "RevealDepthRectangleAngle2": 0,
  "RevealDepthRectangleAngle12": 0,
  "InstallationPosition": 0,
  "RecommendedDriveArticleNo": 0,
  "System": "",
  "AkippOrAtilt": 1.084,
  "AdrehOrAturn": 1.8204,
  "Ageo": 1.084,
  "MinPullingForceMax": -206.4868442161654,
  "MinPushingForceMax": -206.4868442161654,
  "MinPullingForcePermanent": -104.11163259218097,
  "MinPushingForcePermanent": -104.11163259218097,
  "ForceWithNegativeWind": 109.53156767199486,
  "ForceWithNoWindMin": 0.30763693489047433,
  "ForceWithNegativeWindMin": 0,
  "ForceWithWindMin": -108.91629380221393,
  "Id": "72c02143-d470-44b3-9278-1ee73f33759a",
  "CreatedOn": "2024-12-05T08:23:39.9994522+00:00",
  "CreatedBy": "579816e4-6653-4794-b435-a885f32e28d7",
  "ModifiedOn": "2024-12-05T08:23:39.9994529+00:00",
  "ModifiedBy": ""
}

13:53:42.478 [main] INFO  com.intuit.karate - Generated Config ID: 72c02143-d470-44b3-9278-1ee73f33759a 
13:53:42.479 [main] INFO  com.intuit.karate - Generated Name: Dataset1873 
13:53:42.479 [main] INFO  com.intuit.karate - Generated Description: Dataset1873 
13:53:42.485 [main] DEBUG com.intuit.karate - request:
1 > PUT https://dev-drivetec-apis.schuecodigitalsolutions.com/Configurations
1 > Content-Type: application/json; charset=UTF-8
1 > Content-Length: 1275
1 > Host: dev-drivetec-apis.schuecodigitalsolutions.com
1 > Connection: Keep-Alive
1 > User-Agent: Apache-HttpClient/4.5.14 (Java/17.0.12)
1 > Accept-Encoding: gzip,deflate
{"Id":"72c02143-d470-44b3-9278-1ee73f33759a","Name":"Dataset25","Description":"Dataset1873","ProjectId":"2afcf090-6588-4022-aa5e-49fca51f940e","CustomTags":"","CreatedBy":"579816e4-6653-4794-b435-a885f32e28d7","ModifiedBy":"579816e4-6653-4794-b435-a885f32e28d7","System":"","FacadeInclination":0,"OpeningType":1,"OpeningDirection":1,"OpeningWidth":1000,"VentOuterWidth":4000,"VentOuterHeight":4000,"VentWeight":0,"CalculateWeightWithGlass":false,"RequiredOpeningStroke":800,"WindLoad":1,"SnowLoad":0,"IsWindowOpeningCalculationByAngle":1,"GlassThickness":1,"ProfileWeightPerSerialMeter":1,"DrivePosition":1,"InstallationPosition":0,"LockingMechanism":1,"Voltage":1,"DriveType":1,"TypeOfInstallation":2,"GeometricArea":0,"CalcVentilation":2,"SpecificExhaustDimension":30,"BuildingDepth":75,"CalculationTypeForVentilation":2,"HeightOfProfile":40,"HeightProfileRectangleAngle1":25,"HeightProfileRectangleAngle2":200,"RevealDepth":30,"RevealDepthRectangleAngle1":75,"RevealDepthRectangleAngle2":300,"ChainLengthConnectingRodHandle":5,"ApplicationName":1,"OpeningAngle":10,"WeightIncGlassOrThickness":false,"AkippOrAtilt":0,"AdrehOrAturn":0,"Ageo":0,"MinPullingForceMax":0,"MinPushingForceMax":0,"MinPullingForcePermanent":0,"MinPushingForcePermanent":0,"ForceWithNegativeWind":0}

13:53:43.090 [main] DEBUG com.intuit.karate - response time in milliseconds: 603
1 < 200
1 < Content-Type: application/json; charset=utf-8
1 < Date: Thu, 05 Dec 2024 08:23:40 GMT
1 < Server: Microsoft-IIS/10.0
1 < X-Powered-By: ASP.NET
1 < Content-Length: 2059
1 < Connection: keep-alive
{
  "ProjectId": "2afcf090-6588-4022-aa5e-49fca51f940e",
  "Name": "Dataset25",
  "Description": "Dataset1873",
  "CustomTags": "",
  "ApplicationName": 1,
  "OpeningType": 1,
  "OpeningDirection": 1,
  "CalculateWeightWithGlass": false,
  "WindLoad": 1,
  "IsWindowOpeningCalculationByAngle": 1,
  "VentOuterWidth": 4000,
  "VentOuterHeight": 4000,
  "WeightIncGlassOrThickness": false,
  "VentWeight": 56,
  "VentWeightExact": 56,
  "GlassThickness": 1,
  "ProfileWeightPerSerialMeter": 1,
  "FacadeInclination": 0,
  "ChainLengthConnectingRodHandle": 5,
  "ChainLenghtConnectingRodHandle": 0,
  "RequiredOpeningStroke": 800,
  "OpeningWidth": 1000,
  "OpeningAngle": 11.478340954533573,
  "SpecificExhaustDimension": 30,
  "BuildingDepth": 75,
  "SnowLoad": 0,
  "DistanceHinge": 0,
  "RatedCurrent": 0,
  "DrivePosition": 1,
  "LockingMechanism": 1,
  "Voltage": 1,
  "DriveType": 1,
  "TypeOfInstallation": 2,
  "GeometricArea": 0,
  "CalculationTypeForVentilation": 2,
  "HeightOfProfile": 40,
  "Reveal": 0,
  "RevealDepth": 30,
  "HeightProfileRectangleAngle1": 25,
  "HeightProfileRectangleAngle2": 200,
  "RevealDepthRectangleAngle1": 75,
  "RevealDepthRectangleAngle2": 300,
  "RevealDepthRectangleAngle12": 0,
  "InstallationPosition": 0,
  "RecommendedDriveArticleNo": 0,
  "System": "",
  "AkippOrAtilt": 6.4,
  "AdrehOrAturn": 16,
  "Ageo": 4.054990850725535,
  "MinPullingForceMax": -7.777023447904845,
  "MinPushingForceMax": -63.504768498558995,
  "MinPullingForcePermanent": -55.78036937142065,
  "MinPushingForcePermanent": -55.78036937142065,
  "ForceWithNegativeWind": -48.0559702442823,
  "ForceWithNoWindMin": 0.22297147900531375,
  "ForceWithNegativeWindMin": 8.222966405915471,
  "ForceWithWindMin": -7.777023447904845,
  "Id": "72c02143-d470-44b3-9278-1ee73f33759a",
  "CreatedOn": "0001-01-01T00:00:00",
  "CreatedBy": "579816e4-6653-4794-b435-a885f32e28d7",
  "ModifiedOn": "2024-12-05T08:23:40.6216695+00:00",
  "ModifiedBy": "579816e4-6653-4794-b435-a885f32e28d7"
}

13:53:43.092 [main] INFO  com.intuit.karate - VentWeight from API Response: 56 
13:53:43.097 [main] INFO  com.intuit.karate - Rounded Opening Angle: 11.0 
13:53:43.098 [main] INFO  com.intuit.karate - Rounded Ageo: 4.05 
13:53:43.099 [main] INFO  com.intuit.karate - Rounded Required Opening Stroke: 800.0 
13:53:43.099 [main] INFO  com.intuit.karate - Rounded Vent Weight: 56.0 
13:53:43.102 [main] DEBUG com.intuit.karate - request:
2 > GET https://dev-drivetec-apis.schuecodigitalsolutions.com/Config/72c02143-d470-44b3-9278-1ee73f33759a/Drive
2 > Host: dev-drivetec-apis.schuecodigitalsolutions.com
2 > Connection: Keep-Alive
2 > User-Agent: Apache-HttpClient/4.5.14 (Java/17.0.12)
2 > Accept-Encoding: gzip,deflate


13:53:43.822 [main] DEBUG com.intuit.karate - response time in milliseconds: 719
2 < 200
2 < Content-Type: application/json; charset=utf-8
2 < Date: Thu, 05 Dec 2024 08:23:40 GMT
2 < Server: Microsoft-IIS/10.0
2 < X-Powered-By: ASP.NET
2 < Content-Length: 20337
2 < Connection: keep-alive
[
  {
    "Name": "Chain actuator D2 L800",
    "Bezeichnung": "Kettenantrieb D2 L800",
    "ConfigurationId": "00000000-0000-0000-0000-000000000000",
    "Description": "",
    "Application": "Facade",
    "ApplicationFacade": true,
    "ApplicationSkylight": false,
    "Type": 1,
    "OpeningType": 0,
    "BottomHungInward": true,
    "BottomHungOutward": false,
    "SideHungInward": true,
    "SideHungOutward": false,
    "TopHungInward": false,
    "TopHungOutward": true,
    "ProjectedTopHungInward": false,
    "ProjectedTopHungOutward": false,
    "InstallationType": "",
    "ITMainOutFrmMountWBracket": true,
    "ITMainFixOutFrmMount": true,
    "ITMainVentFrmMount": true,
    "ITSideMount50": false,
    "ITSideMount60": false,
    "ITSideMount70": false,
    "ITSideMount80": false,
    "ITSideMount67": true,
    "Feature": "",
    "FeatureOpenClose": true,
    "FeatureLock": true,
    "ArticleNumber": 291758,
    "Stroke": 800,
    "Angle": 0,
    "Voltage": "24 V DC",
    "Voltage24": true,
    "Voltage230": false,
    "RatedCurrent": 1,
    "BreakingCurrent": 1,
    "PullingForceMax": 250,
    "PushingForceMax": 50,
    "PullingForceMaxWithNegativeWind": 0,
    "PushingForceMaxWithNegativeWind": 0,
    "PushingForcePermanent": 0,
    "PullingForcePermanent": 250,
    "MinPullingForceMax": -63.5,
    "MinPushingForceMax": 0,
    "MinPullingForcePermanent": -55.78,
    "MinPushingForcePermanent": 0,
    "Price": 566.66,
    "DriveLength": 625,
    "ChainDrive": 725,
    "ChainDrive2": 1410,
    "MaxLengthMainClosingEdge1Drive": 1650,
    "MaxGeometricArea": 4,
    "GeometricalSmokeExhaustion": 0,
    "TotalGlassThickness": 1,
    "Dimensions": 0,
    "DimensionsWxHxD": "625 x 26 x 41",
    "TensileForce": 0,
    "LockingForce": 0,
    "Details_DE": "<ul><li>Bemessungsspannung: 24 V DC (19 V … 28 V)</li><li>Abschaltstrom: 1,0 A</li><li>Bemessungsstrom: 0,7 A</li><li>Bemessungsaufnahme: 17 W</li><li>Schutzart: IP 32</li><li>Zug-/Schubkraft: max. 250 N</li><li>Umgebungstemperatur: -5°C bis + 60°C</li><li>Anschlussleitung: Halogenfrei, grau 3 x 0,5 mm², ~3 m</li><li>Max. Geschwindigkeit: 13,5 mm/s</li></ul>",
    "Details_EN": "<ul><li>Rated voltage: 24 V DC (19 V … 28 V)</li><li>Breaking current: 1.0 A</li><li>Rated current: 0.7 A</li><li>Rated consumption: 17 W</li><li>Protection rating: IP 32</li><li>Traction/ thrust: max. 250 N</li><li>Ambient temperature: -5°C bis + 60°C</li><li>Connecting cable: halogen-free, grey 3 x 0.5 mm², ~3 m</li><li>Max. speed: 13.5 mm/s</li></ul>",
    "Einsatz": "<ul> <li>Anwendung: Lüftung, NRA</li> <li>Integrierte intelligente Regelelektronik</li> <li>Rückmeldung Endlage „ZU“ (max. 24 V, 500 mA)</li> </ul>",
    "Use": "<ul> <li>Application: ventilation, natural smoke ventilation</li> <li>Integrated, intelligent control electronics</li> <li>Response for “CLOSED” end position (max. 24 V, 500 mA)</li> </ul>",
    "Ausstattung": null,
    "Equipment": null,
    "Optionen": "<ul> <li>Programmierung von Sonderfunktionen</li> <li>Programmierbare Rückmeldung Endlage „AUF“ (max. 24 V, 500 mA)</li> <li>Schüco Kontroller zur automatischen Konfiguration von Synchronlauf und Folgesteuerungen mit Verriegelungsantrieben in Antriebs-Verbundsystemen</li> </ul>",
    "Options": "<ul> <li>Programming of special functions</li> <li>Programmable response for “OPEN” end position (max. 24 V, 500 mA)</li> <li>Schüco controller for automatic configuration of synchronous running and sequence control with locking drives in composite drive systems</li></ul>",
    "IsTwoPce": true,
    "ResultVentWeight": 56,
    "IsLsRsDrive": true,
    "ArticleNumberRs": 291759,
    "TwoDrivesSideInstallation50": 0,
    "TwoDrivesSideInstallation60": 0,
    "TwoDrivesSideInstallation70": 0,
    "TwoDrivesSideInstallation80": 0,
    "OpeningSpeedmms": 0,
    "Traction": 250,
    "Thrust": 100,
    "Id": "8e41b236-ddae-4821-9147-db4ac85f1b97",
    "CreatedOn": "2024-09-26T13:55:26.817Z",
    "CreatedBy": "",
    "ModifiedOn": "2024-09-26T13:55:26.817Z",
    "ModifiedBy": ""
  },
  {
    "Name": "Chain actuator D4 800",
    "Bezeichnung": "Kettenantrieb D4 800",
    "ConfigurationId": "00000000-0000-0000-0000-000000000000",
    "Description": "",
    "Application": "Facade",
    "ApplicationFacade": true,
    "ApplicationSkylight": false,
    "Type": 1,
    "OpeningType": 0,
    "BottomHungInward": true,
    "BottomHungOutward": false,
    "SideHungInward": true,
    "SideHungOutward": false,
    "TopHungInward": false,
    "TopHungOutward": true,
    "ProjectedTopHungInward": false,
    "ProjectedTopHungOutward": false,
    "InstallationType": "",
    "ITMainOutFrmMountWBracket": true,
    "ITMainFixOutFrmMount": true,
    "ITMainVentFrmMount": true,
    "ITSideMount50": false,
    "ITSideMount60": false,
    "ITSideMount70": false,
    "ITSideMount80": false,
    "ITSideMount67": true,
    "Feature": "",
    "FeatureOpenClose": true,
    "FeatureLock": true,
    "ArticleNumber": 291710,
    "Stroke": 800,
    "Angle": 0,
    "Voltage": "24 V DC",
    "Voltage24": true,
    "Voltage230": false,
    "RatedCurrent": 1,
    "BreakingCurrent": 1,
    "PullingForceMax": 400,
    "PushingForceMax": 50,
    "PullingForceMaxWithNegativeWind": 0,
    "PushingForceMaxWithNegativeWind": 0,
    "PushingForcePermanent": 0,
    "PullingForcePermanent": 400,
    "MinPullingForceMax": -63.5,
    "MinPushingForceMax": 0,
    "MinPullingForcePermanent": -55.78,
    "MinPushingForcePermanent": 0,
    "Price": 598.42,
    "DriveLength": 755,
    "ChainDrive": 855,
    "ChainDrive2": 1670,
    "MaxLengthMainClosingEdge1Drive": 1850,
    "MaxGeometricArea": 4,
    "GeometricalSmokeExhaustion": 0,
    "TotalGlassThickness": 1,
    "Dimensions": 0,
    "DimensionsWxHxD": "755 x 24 x 35",
    "TensileForce": 0,
    "LockingForce": 0,
    "Details_DE": "<ul><li>Bemessungsspannung: 24 V DC (19 V … 28 V)</li> <li>Abschaltstrom: 1,2 A</li> <li>Bemessungsstrom: 0,9 A</li> <li>Bemessungsaufnahme: 22 W</li> <li>Schutzart: IP 32</li> <li>Zug-/Schubkraft: max. 400 N</li> <li>Umgebungstemperatur: -5°C bis + 60°C</li> <li>Anschlussleitung: Halogenfrei, grau 5 x 0,5mm², ~3m</li> <li>Max. Geschwindigkeit: 13,5 mm/s</li></ul>",
    "Details_EN": "<ul><li>Rated voltage: 24 V DC (19 V … 28 V)</li> <li>Breaking current: 1.2 A</li><li>Rated current: 0.9 A</li><li>Rated consumption: 22 W</li><li>Protection rating: IP 32</li><li>Traction/ thrust: max. 400 N</li><li>Ambient temperature: -5° C to +60° C</li><li>Connecting cable: halogen-free, grey, 5 x 0.5 mm², ~ 3 m</li><li>Max. speed: 13,5 mm/s </li></ul>",
    "Einsatz": "<ul><li>Anwendung: Lüftung, NRA</li> <li>Integrierte intelligente Regelelektronik</li> <li>Rückmeldung Endlage „ZU“ (max. 24 V, 500 mA)</li> </ul>",
    "Use": "<ul><li>Application: ventilation, natural smoke ventilation</li> <li>Integrated intelligent control electronics</li> <li>Response for “CLOSED” end position (max. 24 V, 500 mA)</li> </ul>",
    "Ausstattung": "<ul><li>Zusätzlicher Universal-Steckersatz für Mehrfachbetrieb bis zu 4 Antrieben und 2 Verriegelungsantrieben</li></ul>",
    "Equipment": "<ul><li>Additional universal plug socket for multiplex operation of up to 4 drives and 2 interlocking drives</li></ul>",
    "Optionen": "<ul><li>Programmierung von Sonderfunktionen</li> <li>Programmierbare Rückmeldung Endlage „AUF“ (max. 24 V, 500 mA)</li> <li>Schüco Kontroller zur automatischen Konfiguration von Synchronlauf und Folgesteuerungen mit Verriegelungsantrieben in Antriebs-Verbundsystemen</li> </ul>",
    "Options": "<ul><li>Programming of special functions</li> <li>Programmable response for “OPEN” end position (max. 24 V, 500 mA)</li> <li>Schüco controller for automatic configuration of synchronous running and sequence control with locking drives in composite drive systems</li> </ul>",
    "IsTwoPce": true,
    "ResultVentWeight": 56,
    "IsLsRsDrive": true,
    "ArticleNumberRs": 291709,
    "TwoDrivesSideInstallation50": 0,
    "TwoDrivesSideInstallation60": 0,
    "TwoDrivesSideInstallation70": 0,
    "TwoDrivesSideInstallation80": 0,
    "OpeningSpeedmms": 0,
    "Traction": 400,
    "Thrust": 50,
    "Id": "3e2dcb1b-8df9-4eab-b237-548b0481a20b",
    "CreatedOn": "2024-09-26T13:55:26.817Z",
    "CreatedBy": "",
    "ModifiedOn": "2024-09-26T13:55:26.817Z",
    "ModifiedBy": ""
  },
  {
    "Name": "Chain actuator D6 800",
    "Bezeichnung": "Kettenantrieb D6 800",
    "ConfigurationId": "00000000-0000-0000-0000-000000000000",
    "Description": "",
    "Application": "Facade",
    "ApplicationFacade": true,
    "ApplicationSkylight": true,
    "Type": 1,
    "OpeningType": 0,
    "BottomHungInward": true,
    "BottomHungOutward": true,
    "SideHungInward": true,
    "SideHungOutward": true,
    "TopHungInward": false,
    "TopHungOutward": true,
    "ProjectedTopHungInward": false,
    "ProjectedTopHungOutward": false,
    "InstallationType": "",
    "ITMainOutFrmMountWBracket": true,
    "ITMainFixOutFrmMount": false,
    "ITMainVentFrmMount": true,
    "ITSideMount50": false,
    "ITSideMount60": false,
    "ITSideMount70": false,
    "ITSideMount80": false,
    "ITSideMount67": true,
    "Feature": "",
    "FeatureOpenClose": true,
    "FeatureLock": true,
    "ArticleNumber": 291717,
    "Stroke": 800,
    "Angle": 0,
    "Voltage": "24 V DC",
    "Voltage24": true,
    "Voltage230": false,
    "RatedCurrent": 1,
    "BreakingCurrent": 1,
    "PullingForceMax": 600,
    "PushingForceMax": 300,
    "PullingForceMaxWithNegativeWind": 0,
    "PushingForceMaxWithNegativeWind": 0,
    "PushingForcePermanent": 200,
    "PullingForcePermanent": 600,
    "MinPullingForceMax": -63.5,
    "MinPushingForceMax": 0,
    "MinPullingForcePermanent": -55.78,
    "MinPushingForcePermanent": 0,
    "Price": 775.84,
    "DriveLength": 794,
    "ChainDrive": 894,
    "ChainDrive2": 1748,
    "MaxLengthMainClosingEdge1Drive": 1920,
    "MaxGeometricArea": 4,
    "GeometricalSmokeExhaustion": 0,
    "TotalGlassThickness": 1,
    "Dimensions": 0,
    "DimensionsWxHxD": "794 x 40 x 56",
    "TensileForce": 0,
    "LockingForce": 0,
    "Details_DE": "<ul> <li>Bemessungsspannung: 24 V DC (19 V … 28 V)</li> <li>Abschaltstrom: 1,2 A</li> <li>Bemessungsstrom: 0,9 A</li> <li>Bemessungsaufnahme: 22 W</li> <li>Schutzart: IP 32</li> <li>Zug-/Schubkraft: max. 600 N</li> <li>Umgebungstemperatur: -5°C bis + 60°C</li> <li>Anschlussleitung: Halogenfrei, grau 5 x 0,5mm², ~3m</li> <li>Max. Geschwindigkeit: 13,5 mm/s</li> </ul>",
    "Details_EN": "<ul> <li>Rated voltage: 24 V DC (19 V … 28 V)</li><li>Breaking current: 1.2 A</li><li>Rated current: 0.9 A</li><li>Rated consumption: 22W</li><li>Protection rating: IP 32</li><li>Traction/ thrust: max. 600 N</li><li>Ambient temperature: -5° C to +60° C</li><li>Connecting cable: halogen-free, grey 3 x 0,5mm², ~3m</li><li>Max. speed: 13,5 mm/s</li></ul>",
    "Einsatz": "<ul><li>Anwendung: Lüftung, NRA</li> <li>Integrierte intelligente Regelelektronik</li></ul>",
    "Use": "<ul><li>Application: ventilation, natural smoke ventilation</li> <li>Integrated intelligent control electronics</li> </ul>",
    "Ausstattung": "<ul><li>Zusätzlicher Universal-Steckersatz für Mehrfachbetrieb bis zu 4 Antrieben und 2 Verriegelungsantrieben</li></ul>",
    "Equipment": "<ul><li>Additional universal plug socket for multiplex operation  of up to 4 drives and 2 interlocking drives</li></ul>",
    "Optionen": "<ul><li>Programmierung von Sonderfunktionen</li> <li>Programmierbare Rückmeldung Endlage „AUF“ (max. 24 V, 500 mA)</li> <li>Schüco Kontroller zur automatischen Konfiguration von Synchronlauf und Folgesteuerungen mit Verriegelungsantrieben in Antriebs-Verbundsystemen</li> </ul>",
    "Options": "<ul><li>Programming of special functions</li> <li>Programmable response for “OPEN” end position (max. 24 V, 500 mA)</li> <li>Schüco controller for automatic configuration of synchronous running and sequence control with locking drives in composite drive systems</li> </ul>",
    "IsTwoPce": true,
    "ResultVentWeight": 56,
    "IsLsRsDrive": false,
    "ArticleNumberRs": 0,
    "TwoDrivesSideInstallation50": 0,
    "TwoDrivesSideInstallation60": 0,
    "TwoDrivesSideInstallation70": 0,
    "TwoDrivesSideInstallation80": 0,
    "OpeningSpeedmms": 0,
    "Traction": 600,
    "Thrust": 300,
    "Id": "e9fa5654-1773-4646-9949-a237ab4f4797",
    "CreatedOn": "2024-09-26T13:55:26.817Z",
    "CreatedBy": "",
    "ModifiedOn": "2024-09-26T13:55:26.817Z",
    "ModifiedBy": ""
  },
  {
    "Name": "Locking actuator EasyConnect",
    "Bezeichnung": "Verriegelungsantrieb EasyConnect",
    "ConfigurationId": "00000000-0000-0000-0000-000000000000",
    "Description": "",
    "Application": "",
    "ApplicationFacade": true,
    "ApplicationSkylight": false,
    "Type": 5,
    "OpeningType": 0,
    "BottomHungInward": true,
    "BottomHungOutward": false,
    "SideHungInward": true,
    "SideHungOutward": false,
    "TopHungInward": false,
    "TopHungOutward": false,
    "ProjectedTopHungInward": false,
    "ProjectedTopHungOutward": false,
    "InstallationType": "",
    "ITMainOutFrmMountWBracket": true,
    "ITMainFixOutFrmMount": true,
    "ITMainVentFrmMount": false,
    "ITSideMount50": false,
    "ITSideMount60": false,
    "ITSideMount70": false,
    "ITSideMount80": false,
    "ITSideMount67": false,
    "Feature": "",
    "FeatureOpenClose": true,
    "FeatureLock": false,
    "ArticleNumber": 291787,
    "Stroke": 0,
    "Angle": 0,
    "Voltage": null,
    "Voltage24": true,
    "Voltage230": true,
    "RatedCurrent": 0,
    "BreakingCurrent": 0,
    "PullingForceMax": 0,
    "PushingForceMax": 0,
    "PullingForceMaxWithNegativeWind": 0,
    "PushingForceMaxWithNegativeWind": 0,
    "PushingForcePermanent": 0,
    "PullingForcePermanent": 0,
    "MinPullingForceMax": 0,
    "MinPushingForceMax": 0,
    "MinPullingForcePermanent": 0,
    "MinPushingForcePermanent": 0,
    "Price": 0,
    "DriveLength": 0,
    "ChainDrive": 0,
    "ChainDrive2": 0,
    "MaxLengthMainClosingEdge1Drive": 0,
    "MaxGeometricArea": 0,
    "GeometricalSmokeExhaustion": 0,
    "TotalGlassThickness": 0,
    "Dimensions": 0,
    "DimensionsWxHxD": "375 x 24 x 35",
    "TensileForce": 0,
    "LockingForce": 0,
    "Details_DE": "<ul> <li>Bemessungsspannung: 24 V DC (19 V … 28 V)</li> <li>Abschaltstrom: ~1,0 A</li> <li>Bemessungsstrom: 0,6 A</li> <li>Bemessungsaufnahme: 15 W</li> <li>Schutzart: IP 32</li><li>Zug-/Schubkraft: max. 600 N</li> <li>Umgebungstemperatur: -5°C bis + 60°C</li> <li>Anschlussleitung: Halogenfrei, grau 5 x 0,5mm² , ~5m</li> <li>Laufzeit: ~ 5s</li><li>Hub: ~ 18mm</li> </ul>",
    "Details_EN": "<ul> <li>Rated voltage : 24 V DC (19 V … 28 V</li> <li>Breaking current : ~1,0 A</li> <li>Rated current : 0,6 A</li> <li>Rated consumption : 15 W</li> <li>Protection rating : IP 32</li><li>Traction/ thrust : max. 600 N</li> <li>Ambient temperature: -5°C bis + 60°C</li> <li>Connecting cable: halogen-free, grey 5 x 0,5mm² , ~5m</li> <li>Running time: ~ 5s</li><li>Stroke: ~ 18mm</li> </ul>",
    "Einsatz": "<ul> <li>Anwendung: Lüftung, NRA</li><li>Integrierte intelligente Regelelektronik</li></ul>",
    "Use": "<ul> <li>Application: ventilation, natural smoke ventilation</li> <li>Integrated intelligent control electronics</li></ul>",
    "Ausstattung": "<ul><li>Laufrichtung einstellbar</li><li>Zusätzlicher Universal-Steckersatz</li></ul>",
    "Equipment": "<ul><li>Running direction adjustable</li><li>Additional universal plug socket</li></ul>",
    "Optionen": "<ul> <li>Mitnehmer objekt-/profilspezifisch anpassbar</li></ul>",
    "Options": "<ul> <li>Coupling adapter customizable for project-/profile-specific demands</li></ul>",
    "IsTwoPce": false,
    "ResultVentWeight": 0,
    "IsLsRsDrive": false,
    "ArticleNumberRs": 0,
    "TwoDrivesSideInstallation50": 0,
    "TwoDrivesSideInstallation60": 0,
    "TwoDrivesSideInstallation70": 0,
    "TwoDrivesSideInstallation80": 0,
    "OpeningSpeedmms": 0,
    "Traction": 0,
    "Thrust": 0,
    "Id": "f894c384-bd5f-4f1b-a446-f4a3afc8426e",
    "CreatedOn": "2024-09-26T13:55:26.817Z",
    "CreatedBy": "",
    "ModifiedOn": "2024-09-26T13:55:26.817Z",
    "ModifiedBy": ""
  },
  {
    "Name": "Locking actuator 600",
    "Bezeichnung": "Verriegelungsantrieb 600",
    "ConfigurationId": "00000000-0000-0000-0000-000000000000",
    "Description": "",
    "Application": "",
    "ApplicationFacade": true,
    "ApplicationSkylight": false,
    "Type": 5,
    "OpeningType": 0,
    "BottomHungInward": true,
    "BottomHungOutward": false,
    "SideHungInward": true,
    "SideHungOutward": false,
    "TopHungInward": false,
    "TopHungOutward": false,
    "ProjectedTopHungInward": false,
    "ProjectedTopHungOutward": false,
    "InstallationType": "",
    "ITMainOutFrmMountWBracket": true,
    "ITMainFixOutFrmMount": true,
    "ITMainVentFrmMount": false,
    "ITSideMount50": false,
    "ITSideMount60": false,
    "ITSideMount70": false,
    "ITSideMount80": false,
    "ITSideMount67": false,
    "Feature": "",
    "FeatureOpenClose": true,
    "FeatureLock": false,
    "ArticleNumber": 291736,
    "Stroke": 0,
    "Angle": 0,
    "Voltage": null,
    "Voltage24": true,
    "Voltage230": true,
    "RatedCurrent": 0,
    "BreakingCurrent": 0,
    "PullingForceMax": 0,
    "PushingForceMax": 0,
    "PullingForceMaxWithNegativeWind": 0,
    "PushingForceMaxWithNegativeWind": 0,
    "PushingForcePermanent": 0,
    "PullingForcePermanent": 0,
    "MinPullingForceMax": 0,
    "MinPushingForceMax": 0,
    "MinPullingForcePermanent": 0,
    "MinPushingForcePermanent": 0,
    "Price": 218.27,
    "DriveLength": 0,
    "ChainDrive": 0,
    "ChainDrive2": 0,
    "MaxLengthMainClosingEdge1Drive": 0,
    "MaxGeometricArea": 0,
    "GeometricalSmokeExhaustion": 0,
    "TotalGlassThickness": 0,
    "Dimensions": 0,
    "DimensionsWxHxD": "415 x 26 x 26",
    "TensileForce": 0,
    "LockingForce": 0,
    "Details_DE": "<ul> <li>Bemessungsspannung: 24 V DC (19 V … 28 V)</li> <li>Abschaltstrom: ~1,0 A</li> <li>Bemessungsstrom: 0,6 A</li> <li>Bemessungsaufnahme: 15 W</li> <li>Schutzart: IP 32</li><li>Zug-/Schubkraft: max. 600 N</li> <li>Umgebungstemperatur: -5°C bis + 60°C</li> <li>Anschlussleitung: Halogenfrei, grau 3x 0,5mm², ~3m</li> <li>Laufzeit: ~ 5s</li><li>Hub: ~ 18mm</li> </ul>",
    "Details_EN": "<ul> <li>Rated voltage : 24 V DC (19 V … 28 V</li> <li>Breaking current : ~1,0 A</li> <li>Rated current : 0,6 A</li> <li>Rated consumption : 15 W</li> <li>Protection rating : IP 32</li><li>Traction/ thrust : max. 600 N</li> <li>Ambient temperature: -5°C bis + 60°C</li> <li>Connecting cable: halogen-free, grey 3 x 0,5mm², ~3m</li> <li>Running time: ~ 5s</li><li>Stroke: ~ 18mm</li> </ul>",
    "Einsatz": "<ul> <li>Anwendung: Lüftung, NRA</li><li>Integrierte intelligente Regelelektronik</li></ul>",
    "Use": "<ul> <li>Application: ventilation, natural smoke ventilation</li> <li>Integrated intelligent control electronics</li></ul>",
    "Ausstattung": "<ul><li>Laufrichtung einstellbar</li></ul>",
    "Equipment": "<ul><li>Running direction adjustable</li></ul>",
    "Optionen": "<ul> <li>Mitnehmer objekt-/profilspezifisch anpassbar</li></ul>",
    "Options": "<ul> <li>Coupling adapter customizable for project-/profile-specific demands</li></ul>",
    "IsTwoPce": false,
    "ResultVentWeight": 0,
    "IsLsRsDrive": true,
    "ArticleNumberRs": 291735,
    "TwoDrivesSideInstallation50": 0,
    "TwoDrivesSideInstallation60": 0,
    "TwoDrivesSideInstallation70": 0,
    "TwoDrivesSideInstallation80": 0,
    "OpeningSpeedmms": 0,
    "Traction": 0,
    "Thrust": 0,
    "Id": "69d8317e-493b-4010-8d9e-54168822bacf",
    "CreatedOn": "2024-09-26T13:55:26.817Z",
    "CreatedBy": "",
    "ModifiedOn": "2024-09-26T13:55:26.817Z",
    "ModifiedBy": ""
  }
]

13:53:43.832 [main] INFO  com.intuit.karate - Expected RecommDrive: Chain actuator D2 L800,Chain actuator D4 800,Chain actuator D6 800,Locking actuator EasyConnect,Locking actuator 600 
13:53:43.832 [main] INFO  com.intuit.karate - Actual RecommDrive: Chain actuator D2 L800, Chain actuator D4 800, Chain actuator D6 800, Locking actuator EasyConnect, Locking actuator 600 
13:53:43.833 [main] INFO  com.intuit.karate - Normalized Actual RecommDrive: Chain actuator D2 L800,Chain actuator D4 800,Chain actuator D6 800,Locking actuator EasyConnect,Locking actuator 600 
13:53:43.833 [main] INFO  com.intuit.karate - Normalized Expected RecommDrive: Chain actuator D2 L800,Chain actuator D4 800,Chain actuator D6 800,Locking actuator EasyConnect,Locking actuator 600 
13:53:43.835 [main] INFO  com.intuit.karate - All Drive IDs: [
  "8e41b236-ddae-4821-9147-db4ac85f1b97",
  "3e2dcb1b-8df9-4eab-b237-548b0481a20b",
  "e9fa5654-1773-4646-9949-a237ab4f4797",
  "f894c384-bd5f-4f1b-a446-f4a3afc8426e",
  "69d8317e-493b-4010-8d9e-54168822bacf"
]
 
13:53:43.836 [main] INFO  com.intuit.karate - First Drive ID: 8e41b236-ddae-4821-9147-db4ac85f1b97 
13:53:43.839 [main] DEBUG com.intuit.karate - request:
3 > POST https://dev-drivetec-apis.schuecodigitalsolutions.com/api/Drives/DownloadPDFNew/Schuco
3 > Content-Type: application/json; charset=UTF-8
3 > Content-Length: 1194
3 > Host: dev-drivetec-apis.schuecodigitalsolutions.com
3 > Connection: Keep-Alive
3 > User-Agent: Apache-HttpClient/4.5.14 (Java/17.0.12)
3 > Accept-Encoding: gzip,deflate
[{"Id":"configId","Header":"configId","Value":"72c02143-d470-44b3-9278-1ee73f33759a"},{"Id":"driveId","Header":"driveId","Value":"8e41b236-ddae-4821-9147-db4ac85f1b97"},{"Id":"culture","Header":"culture","Value":"EN-US"},{"Id":"projectId","Header":"projectId","Value":"2afcf090-6588-4022-aa5e-49fca51f940e"},{"Id":"range-of-app","Header":"Range of application","Value":"Façade"},{"Id":"opening-type","Header":"Opening type","Value":"Bottom-hung vent"},{"Id":"opening-direction","Header":"Opening direction","Value":"Inward"},{"Id":"how-calc-weight","Header":"Vent weight","Value":"Weight including glass"},{"Id":"Chain-Length","Header":"Chain- \/ connecting rod handle","Value":"100%"},{"Id":"drive-position","Header":"Drive position","Value":"Side installation"},{"Id":"locking-mechanism","Header":"Locking mechanism","Value":"With"},{"Id":"voltage","Header":"Voltage","Value":"24 V"},{"Id":"drive-type","Header":"Drive type","Value":"Chain drive"},{"Id":"type-installation","Header":"Type of installation","Value":"Pivoting Outer Frame Installation"},{"Id":"calculation-type-for-ventilation-area","Header":"Calculation type for ventilation area","Value":"Method in accordance with ASR 3.6"}]

13:53:45.292 [main] DEBUG com.intuit.karate - response time in milliseconds: 1452
3 < 200
3 < Content-Type: application/json; charset=utf-8
3 < Date: Thu, 05 Dec 2024 08:23:42 GMT
3 < Server: Microsoft-IIS/10.0
3 < X-Powered-By: ASP.NET
3 < Content-Length: 279
3 < Connection: keep-alive
{
  "result": "https://drive-tec-dev.s3.amazonaws.com/AUT_TPJ33518-Chain_actuator_D2_L800.pdf?AWSAccessKeyId=AKIAZAWIART4ZFAXXPHK&Expires=1733390623&response-content-disposition=attachment%3B&response-content-type=application%2Fpdf&Signature=D30vjIuHAhZyfp49MQcomZHi%2FEY%3D"
}

13:53:45.294 [main] INFO  com.intuit.karate - Download URL for first driveId: https://drive-tec-dev.s3.amazonaws.com/AUT_TPJ33518-Chain_actuator_D2_L800.pdf?AWSAccessKeyId=AKIAZAWIART4ZFAXXPHK&Expires=1733390623&response-content-disposition=attachment%3B&response-content-type=application%2Fpdf&Signature=D30vjIuHAhZyfp49MQcomZHi%2FEY%3D 
13:53:45.303 [main] INFO  com.intuit.karate - karate.env system property was: null 
13:53:45.305 [main] INFO  com.intuit.karate - Running test for dataset:  Dataset26 
13:53:45.310 [main] INFO  com.intuit.karate - Using ProjectId:  {
  "result": {
    "projectId": "prjId"
  },
  "projectPayload": {
    "Id": "579816e4-6653-4794-b435-a885f32e28d7",
    "Name": "AUT_TPJ33518",
    "Address": "Hyderabad, Telangana, India",
    "Description": "",
    "CreatedBy": "579816e4-6653-4794-b435-a885f32e28d7",
    "ModifiedBy": "579816e4-6653-4794-b435-a885f32e28d7"
  },
  "uniqueName": "AUT_TPJ33518",
  "responseHeaders": {
    "Content-Type": [
      "application/json; charset=utf-8"
    ],
    "Date": [
      "Thu, 05 Dec 2024 08:22:12 GMT"
    ],
    "Server": [
      "Microsoft-IIS/10.0"
    ],
    "X-Powered-By": [
      "ASP.NET"
    ],
    "transfer-encoding": [
      "chunked"
    ],
    "Connection": [
      "keep-alive"
    ],
    "Set-Cookie": [
    ]
  },
  "responseTime": 841,
  "response": {
    "Name": "AUT_TPJ33518",
    "Description": "",
    "Address": "Hyderabad, Telangana, India",
    "Id": "2afcf090-6588-4022-aa5e-49fca51f940e",
    "CreatedOn": "2024-12-05T08:22:11.998251+00:00",
    "CreatedBy": "579816e4-6653-4794-b435-a885f32e28d7",
    "ModifiedOn": "2024-12-05T08:22:11.9982526+00:00",
    "ModifiedBy": ""
  },
  "responseStatus": 200,
  "prjId": "2afcf090-6588-4022-aa5e-49fca51f940e",
  "projectId": "2afcf090-6588-4022-aa5e-49fca51f940e"
}
 
13:53:45.315 [main] DEBUG com.intuit.karate - request:
1 > POST https://dev-drivetec-apis.schuecodigitalsolutions.com/Configurations
1 > Content-Type: application/json; charset=UTF-8
1 > Content-Length: 1275
1 > Host: dev-drivetec-apis.schuecodigitalsolutions.com
1 > Connection: Keep-Alive
1 > User-Agent: Apache-HttpClient/4.5.14 (Java/17.0.12)
1 > Accept-Encoding: gzip,deflate
{"Id":"00000000-0000-0000-0000-000000000000","ProjectId":"2afcf090-6588-4022-aa5e-49fca51f940e","Name":"Dataset5313","Description":"Dataset5313","CustomTags":"","CreatedBy":"579816e4-6653-4794-b435-a885f32e28d7","ModifiedBy":"579816e4-6653-4794-b435-a885f32e28d7","ApplicationName":1,"System":"","FacadeInclination":0,"OpeningType":1,"OpeningDirection":1,"OpeningWidth":1000,"VentOuterWidth":1230,"VentOuterHeight":1480,"VentWeight":70,"CalculateWeightWithGlass":false,"WeightIncGlassOrThickness":false,"GlassThickness":14,"ProfileWeightPerSerialMeter":2.5,"IsWindowOpeningCalculationByAngle":1,"RequiredOpeningStroke":400,"OpeningAngle":15,"WindLoad":120,"SnowLoad":0,"DrivePosition":2,"InstallationPosition":1,"ChainLengthConnectingRodHandle":5,"LockingMechanism":1,"Voltage":1,"DriveType":1,"TypeOfInstallation":2,"CalculationTypeForVentilation":1,"CalcVentilation":1,"GeometricArea":1,"SpecificExhaustDimension":30,"BuildingDepth":75,"RevealDepth":0,"RevealDepthRectangleAngle1":0,"RevealDepthRectangleAngle2":0,"HeightOfProfile":0,"HeightProfileRectangleAngle1":0,"HeightProfileRectangleAngle2":0,"AkippOrAtilt":0,"AdrehOrAturn":0,"Ageo":0,"MinPullingForceMax":0,"MinPushingForceMax":0,"MinPullingForcePermanent":0,"MinPushingForcePermanent":0,"ForceWithNegativeWind":0}

13:53:45.894 [main] DEBUG com.intuit.karate - response time in milliseconds: 577
1 < 200
1 < Content-Type: application/json; charset=utf-8
1 < Date: Thu, 05 Dec 2024 08:23:42 GMT
1 < Server: Microsoft-IIS/10.0
1 < X-Powered-By: ASP.NET
1 < Content-Length: 2032
1 < Connection: keep-alive
{
  "ProjectId": "2afcf090-6588-4022-aa5e-49fca51f940e",
  "Name": "Dataset5313",
  "Description": "Dataset5313",
  "CustomTags": "",
  "ApplicationName": 1,
  "OpeningType": 1,
  "OpeningDirection": 1,
  "CalculateWeightWithGlass": false,
  "WindLoad": 120,
  "IsWindowOpeningCalculationByAngle": 1,
  "VentOuterWidth": 1230,
  "VentOuterHeight": 1480,
  "WeightIncGlassOrThickness": false,
  "VentWeight": 77,
  "VentWeightExact": 77.26400000000001,
  "GlassThickness": 14,
  "ProfileWeightPerSerialMeter": 2.5,
  "FacadeInclination": 0,
  "ChainLengthConnectingRodHandle": 5,
  "ChainLenghtConnectingRodHandle": 0,
  "RequiredOpeningStroke": 400,
  "OpeningWidth": 1000,
  "OpeningAngle": 15.532868337024489,
  "SpecificExhaustDimension": 30,
  "BuildingDepth": 75,
  "SnowLoad": 0,
  "DistanceHinge": 0,
  "RatedCurrent": 0,
  "DrivePosition": 2,
  "LockingMechanism": 1,
  "Voltage": 1,
  "DriveType": 1,
  "TypeOfInstallation": 2,
  "GeometricArea": 0,
  "CalculationTypeForVentilation": 1,
  "HeightOfProfile": 0,
  "Reveal": 0,
  "RevealDepth": 0,
  "HeightProfileRectangleAngle1": 0,
  "HeightProfileRectangleAngle2": 0,
  "RevealDepthRectangleAngle1": 0,
  "RevealDepthRectangleAngle2": 0,
  "RevealDepthRectangleAngle12": 0,
  "InstallationPosition": 0,
  "RecommendedDriveArticleNo": 0,
  "System": "",
  "AkippOrAtilt": 1.084,
  "AdrehOrAturn": 1.8204,
  "Ageo": 1.084,
  "MinPullingForceMax": -206.4868442161654,
  "MinPushingForceMax": -206.4868442161654,
  "MinPullingForcePermanent": -104.11163259218097,
  "MinPushingForcePermanent": -104.11163259218097,
  "ForceWithNegativeWind": 109.53156767199486,
  "ForceWithNoWindMin": 0.30763693489047433,
  "ForceWithNegativeWindMin": 0,
  "ForceWithWindMin": -108.91629380221393,
  "Id": "c57f4a70-80ee-47b6-9646-40a471a813cf",
  "CreatedOn": "2024-12-05T08:23:43.4260975+00:00",
  "CreatedBy": "579816e4-6653-4794-b435-a885f32e28d7",
  "ModifiedOn": "2024-12-05T08:23:43.4260985+00:00",
  "ModifiedBy": ""
}

13:53:45.895 [main] INFO  com.intuit.karate - Generated Config ID: c57f4a70-80ee-47b6-9646-40a471a813cf 
13:53:45.895 [main] INFO  com.intuit.karate - Generated Name: Dataset5313 
13:53:45.895 [main] INFO  com.intuit.karate - Generated Description: Dataset5313 
13:53:45.900 [main] DEBUG com.intuit.karate - request:
1 > PUT https://dev-drivetec-apis.schuecodigitalsolutions.com/Configurations
1 > Content-Type: application/json; charset=UTF-8
1 > Content-Length: 1271
1 > Host: dev-drivetec-apis.schuecodigitalsolutions.com
1 > Connection: Keep-Alive
1 > User-Agent: Apache-HttpClient/4.5.14 (Java/17.0.12)
1 > Accept-Encoding: gzip,deflate
{"Id":"c57f4a70-80ee-47b6-9646-40a471a813cf","Name":"Dataset26","Description":"Dataset5313","ProjectId":"2afcf090-6588-4022-aa5e-49fca51f940e","CustomTags":"","CreatedBy":"579816e4-6653-4794-b435-a885f32e28d7","ModifiedBy":"579816e4-6653-4794-b435-a885f32e28d7","System":"","FacadeInclination":0,"OpeningType":3,"OpeningDirection":2,"OpeningWidth":1000,"VentOuterWidth":622,"VentOuterHeight":1422,"VentWeight":0,"CalculateWeightWithGlass":false,"RequiredOpeningStroke":609,"WindLoad":120,"SnowLoad":0,"IsWindowOpeningCalculationByAngle":1,"GlassThickness":14,"ProfileWeightPerSerialMeter":2.5,"DrivePosition":1,"InstallationPosition":0,"LockingMechanism":1,"Voltage":1,"DriveType":1,"TypeOfInstallation":2,"GeometricArea":0,"CalcVentilation":2,"SpecificExhaustDimension":45,"BuildingDepth":90,"CalculationTypeForVentilation":2,"HeightOfProfile":0,"HeightProfileRectangleAngle1":0,"HeightProfileRectangleAngle2":0,"RevealDepth":0,"RevealDepthRectangleAngle1":0,"RevealDepthRectangleAngle2":0,"ChainLengthConnectingRodHandle":5,"ApplicationName":1,"OpeningAngle":10,"WeightIncGlassOrThickness":false,"AkippOrAtilt":0,"AdrehOrAturn":0,"Ageo":0,"MinPullingForceMax":0,"MinPushingForceMax":0,"MinPullingForcePermanent":0,"MinPushingForcePermanent":0,"ForceWithNegativeWind":0}

13:53:46.502 [main] DEBUG com.intuit.karate - response time in milliseconds: 602
1 < 200
1 < Content-Type: application/json; charset=utf-8
1 < Date: Thu, 05 Dec 2024 08:23:44 GMT
1 < Server: Microsoft-IIS/10.0
1 < X-Powered-By: ASP.NET
1 < Content-Length: 2016
1 < Connection: keep-alive
{
  "ProjectId": "2afcf090-6588-4022-aa5e-49fca51f940e",
  "Name": "Dataset26",
  "Description": "Dataset5313",
  "CustomTags": "",
  "ApplicationName": 1,
  "OpeningType": 3,
  "OpeningDirection": 2,
  "CalculateWeightWithGlass": false,
  "WindLoad": 120,
  "IsWindowOpeningCalculationByAngle": 1,
  "VentOuterWidth": 622,
  "VentOuterHeight": 1422,
  "WeightIncGlassOrThickness": false,
  "VentWeight": 41,
  "VentWeightExact": 41.17694,
  "GlassThickness": 14,
  "ProfileWeightPerSerialMeter": 2.5,
  "FacadeInclination": 0,
  "ChainLengthConnectingRodHandle": 5,
  "ChainLenghtConnectingRodHandle": 0,
  "RequiredOpeningStroke": 609,
  "OpeningWidth": 1000,
  "OpeningAngle": 58.621996217619376,
  "SpecificExhaustDimension": 45,
  "BuildingDepth": 90,
  "SnowLoad": 0,
  "DistanceHinge": 0,
  "RatedCurrent": 0,
  "DrivePosition": 1,
  "LockingMechanism": 1,
  "Voltage": 1,
  "DriveType": 1,
  "TypeOfInstallation": 2,
  "GeometricArea": 0,
  "CalculationTypeForVentilation": 2,
  "HeightOfProfile": 0,
  "Reveal": 0,
  "RevealDepth": 0,
  "HeightProfileRectangleAngle1": 0,
  "HeightProfileRectangleAngle2": 0,
  "RevealDepthRectangleAngle1": 0,
  "RevealDepthRectangleAngle2": 0,
  "RevealDepthRectangleAngle12": 0,
  "InstallationPosition": 0,
  "RecommendedDriveArticleNo": 0,
  "System": "",
  "AkippOrAtilt": 1.244796,
  "AdrehOrAturn": 0.884484,
  "Ageo": 0.5968148354716,
  "MinPullingForceMax": 16.54303301718357,
  "MinPushingForceMax": 53.06902220807022,
  "MinPullingForcePermanent": 0,
  "MinPushingForcePermanent": 0,
  "ForceWithNegativeWind": -53.06902220807022,
  "ForceWithNoWindMin": 0,
  "ForceWithNegativeWindMin": -16.54303301718357,
  "ForceWithWindMin": 16.54303301718357,
  "Id": "c57f4a70-80ee-47b6-9646-40a471a813cf",
  "CreatedOn": "0001-01-01T00:00:00",
  "CreatedBy": "579816e4-6653-4794-b435-a885f32e28d7",
  "ModifiedOn": "2024-12-05T08:23:44.0338764+00:00",
  "ModifiedBy": "579816e4-6653-4794-b435-a885f32e28d7"
}

13:53:46.504 [main] INFO  com.intuit.karate - VentWeight from API Response: 41 
13:53:46.506 [main] INFO  com.intuit.karate - Rounded Opening Angle: 59.0 
13:53:46.507 [main] INFO  com.intuit.karate - Rounded Ageo: 0.6 
13:53:46.507 [main] INFO  com.intuit.karate - Rounded Required Opening Stroke: 609.0 
13:53:46.507 [main] INFO  com.intuit.karate - Rounded Vent Weight: 41.0 
13:53:46.510 [main] DEBUG com.intuit.karate - request:
2 > GET https://dev-drivetec-apis.schuecodigitalsolutions.com/Config/c57f4a70-80ee-47b6-9646-40a471a813cf/Drive
2 > Host: dev-drivetec-apis.schuecodigitalsolutions.com
2 > Connection: Keep-Alive
2 > User-Agent: Apache-HttpClient/4.5.14 (Java/17.0.12)
2 > Accept-Encoding: gzip,deflate


13:53:47.127 [main] DEBUG com.intuit.karate - response time in milliseconds: 617
2 < 200
2 < Content-Type: application/json; charset=utf-8
2 < Date: Thu, 05 Dec 2024 08:23:44 GMT
2 < Server: Microsoft-IIS/10.0
2 < X-Powered-By: ASP.NET
2 < transfer-encoding: chunked
2 < Connection: keep-alive
[
  {
    "Name": "Chain actuator D6 800",
    "Bezeichnung": "Kettenantrieb D6 800",
    "ConfigurationId": "00000000-0000-0000-0000-000000000000",
    "Description": "",
    "Application": "Facade",
    "ApplicationFacade": true,
    "ApplicationSkylight": true,
    "Type": 1,
    "OpeningType": 0,
    "BottomHungInward": true,
    "BottomHungOutward": true,
    "SideHungInward": true,
    "SideHungOutward": true,
    "TopHungInward": false,
    "TopHungOutward": true,
    "ProjectedTopHungInward": false,
    "ProjectedTopHungOutward": false,
    "InstallationType": "",
    "ITMainOutFrmMountWBracket": true,
    "ITMainFixOutFrmMount": false,
    "ITMainVentFrmMount": true,
    "ITSideMount50": false,
    "ITSideMount60": false,
    "ITSideMount70": false,
    "ITSideMount80": false,
    "ITSideMount67": true,
    "Feature": "",
    "FeatureOpenClose": true,
    "FeatureLock": true,
    "ArticleNumber": 291717,
    "Stroke": 800,
    "Angle": 0,
    "Voltage": "24 V DC",
    "Voltage24": true,
    "Voltage230": false,
    "RatedCurrent": 1,
    "BreakingCurrent": 1,
    "PullingForceMax": 600,
    "PushingForceMax": 300,
    "PullingForceMaxWithNegativeWind": 0,
    "PushingForceMaxWithNegativeWind": 0,
    "PushingForcePermanent": 200,
    "PullingForcePermanent": 600,
    "MinPullingForceMax": 0,
    "MinPushingForceMax": 53.07,
    "MinPullingForcePermanent": 0,
    "MinPushingForcePermanent": 0,
    "Price": 387.92,
    "DriveLength": 794,
    "ChainDrive": 894,
    "ChainDrive2": 1748,
    "MaxLengthMainClosingEdge1Drive": 1920,
    "MaxGeometricArea": 1,
    "GeometricalSmokeExhaustion": 0,
    "TotalGlassThickness": 14,
    "Dimensions": 0,
    "DimensionsWxHxD": "794 x 40 x 56",
    "TensileForce": 0,
    "LockingForce": 0,
    "Details_DE": "<ul> <li>Bemessungsspannung: 24 V DC (19 V … 28 V)</li> <li>Abschaltstrom: 1,2 A</li> <li>Bemessungsstrom: 0,9 A</li> <li>Bemessungsaufnahme: 22 W</li> <li>Schutzart: IP 32</li> <li>Zug-/Schubkraft: max. 600 N</li> <li>Umgebungstemperatur: -5°C bis + 60°C</li> <li>Anschlussleitung: Halogenfrei, grau 5 x 0,5mm², ~3m</li> <li>Max. Geschwindigkeit: 13,5 mm/s</li> </ul>",
    "Details_EN": "<ul> <li>Rated voltage: 24 V DC (19 V … 28 V)</li><li>Breaking current: 1.2 A</li><li>Rated current: 0.9 A</li><li>Rated consumption: 22W</li><li>Protection rating: IP 32</li><li>Traction/ thrust: max. 600 N</li><li>Ambient temperature: -5° C to +60° C</li><li>Connecting cable: halogen-free, grey 3 x 0,5mm², ~3m</li><li>Max. speed: 13,5 mm/s</li></ul>",
    "Einsatz": "<ul><li>Anwendung: Lüftung, NRA</li> <li>Integrierte intelligente Regelelektronik</li></ul>",
    "Use": "<ul><li>Application: ventilation, natural smoke ventilation</li> <li>Integrated intelligent control electronics</li> </ul>",
    "Ausstattung": "<ul><li>Zusätzlicher Universal-Steckersatz für Mehrfachbetrieb bis zu 4 Antrieben und 2 Verriegelungsantrieben</li></ul>",
    "Equipment": "<ul><li>Additional universal plug socket for multiplex operation  of up to 4 drives and 2 interlocking drives</li></ul>",
    "Optionen": "<ul><li>Programmierung von Sonderfunktionen</li> <li>Programmierbare Rückmeldung Endlage „AUF“ (max. 24 V, 500 mA)</li> <li>Schüco Kontroller zur automatischen Konfiguration von Synchronlauf und Folgesteuerungen mit Verriegelungsantrieben in Antriebs-Verbundsystemen</li> </ul>",
    "Options": "<ul><li>Programming of special functions</li> <li>Programmable response for “OPEN” end position (max. 24 V, 500 mA)</li> <li>Schüco controller for automatic configuration of synchronous running and sequence control with locking drives in composite drive systems</li> </ul>",
    "IsTwoPce": false,
    "ResultVentWeight": 41.18,
    "IsLsRsDrive": false,
    "ArticleNumberRs": 0,
    "TwoDrivesSideInstallation50": 0,
    "TwoDrivesSideInstallation60": 0,
    "TwoDrivesSideInstallation70": 0,
    "TwoDrivesSideInstallation80": 0,
    "OpeningSpeedmms": 0,
    "Traction": 600,
    "Thrust": 300,
    "Id": "e9fa5654-1773-4646-9949-a237ab4f4797",
    "CreatedOn": "2024-09-26T13:55:26.817Z",
    "CreatedBy": "",
    "ModifiedOn": "2024-09-26T13:55:26.817Z",
    "ModifiedBy": ""
  },
  {
    "Name": "Locking actuator EasyConnect ow",
    "Bezeichnung": "Verriegelungsantrieb EasyConnect ow",
    "ConfigurationId": "00000000-0000-0000-0000-000000000000",
    "Description": "",
    "Application": "",
    "ApplicationFacade": true,
    "ApplicationSkylight": false,
    "Type": 5,
    "OpeningType": 0,
    "BottomHungInward": false,
    "BottomHungOutward": false,
    "SideHungInward": false,
    "SideHungOutward": true,
    "TopHungInward": false,
    "TopHungOutward": true,
    "ProjectedTopHungInward": false,
    "ProjectedTopHungOutward": true,
    "InstallationType": "",
    "ITMainOutFrmMountWBracket": true,
    "ITMainFixOutFrmMount": false,
    "ITMainVentFrmMount": false,
    "ITSideMount50": false,
    "ITSideMount60": false,
    "ITSideMount70": false,
    "ITSideMount80": false,
    "ITSideMount67": false,
    "Feature": "",
    "FeatureOpenClose": true,
    "FeatureLock": false,
    "ArticleNumber": 291589,
    "Stroke": 0,
    "Angle": 0,
    "Voltage": null,
    "Voltage24": true,
    "Voltage230": true,
    "RatedCurrent": 0,
    "BreakingCurrent": 0,
    "PullingForceMax": 0,
    "PushingForceMax": 0,
    "PullingForceMaxWithNegativeWind": 0,
    "PushingForceMaxWithNegativeWind": 0,
    "PushingForcePermanent": 0,
    "PullingForcePermanent": 0,
    "MinPullingForceMax": 0,
    "MinPushingForceMax": 0,
    "MinPullingForcePermanent": 0,
    "MinPushingForcePermanent": 0,
    "Price": 0,
    "DriveLength": 0,
    "ChainDrive": 0,
    "ChainDrive2": 0,
    "MaxLengthMainClosingEdge1Drive": 0,
    "MaxGeometricArea": 0,
    "GeometricalSmokeExhaustion": 0,
    "TotalGlassThickness": 0,
    "Dimensions": 0,
    "DimensionsWxHxD": "375 x 24 x 35",
    "TensileForce": 0,
    "LockingForce": 0,
    "Details_DE": "<ul> <li>Bemessungsspannung: 24 V DC (19 V … 28 V)</li> <li>Abschaltstrom: ~1,0 A</li> <li>Bemessungsstrom: 0,6 A</li> <li>Bemessungsaufnahme: 15 W</li> <li>Schutzart: IP 32</li><li>Zug-/Schubkraft: max. 600 N</li> <li>Umgebungstemperatur: -5°C bis + 60°C</li> <li>Anschlussleitung: Halogenfrei, grau 5 x 0,5mm² , ~5m</li> <li>Laufzeit: ~ 5s</li><li>Hub: ~ 18mm</li> </ul>",
    "Details_EN": "<ul> <li>Rated voltage : 24 V DC (19 V … 28 V</li> <li>Breaking current : ~1,0 A</li> <li>Rated current : 0,6 A</li> <li>Rated consumption : 15 W</li> <li>Protection rating : IP 32</li><li>Traction/ thrust : max. 600 N</li> <li>Ambient temperature: -5°C bis + 60°C</li> <li>Connecting cable: halogen-free, grey 5 x 0,5mm² , ~5m</li> <li>Running time: ~ 5s</li><li>Stroke: ~ 18mm</li> </ul>",
    "Einsatz": "<ul> <li>Anwendung: Lüftung, NRA</li><li>Integrierte intelligente Regelelektronik</li></ul>",
    "Use": "<ul> <li>Application: ventilation, natural smoke ventilation</li> <li>Integrated intelligent control electronics</li></ul>",
    "Ausstattung": "<ul><li>Laufrichtung einstellbar</li><li>Zusätzlicher Universal-Steckersatz</li></ul>",
    "Equipment": "<ul><li>Running direction adjustable</li><li>Additional universal plug socket</li></ul>",
    "Optionen": "<ul> <li>Mitnehmer objekt-/profilspezifisch anpassbar</li></ul>",
    "Options": "<ul> <li>Coupling adapter customizable for project-/profile-specific demands</li></ul>",
    "IsTwoPce": false,
    "ResultVentWeight": 0,
    "IsLsRsDrive": false,
    "ArticleNumberRs": 0,
    "TwoDrivesSideInstallation50": 0,
    "TwoDrivesSideInstallation60": 0,
    "TwoDrivesSideInstallation70": 0,
    "TwoDrivesSideInstallation80": 0,
    "OpeningSpeedmms": 0,
    "Traction": 0,
    "Thrust": 0,
    "Id": "ebe9753c-e5d7-4140-afe0-9f98bf25df99",
    "CreatedOn": "2024-09-26T13:55:26.817Z",
    "CreatedBy": "",
    "ModifiedOn": "2024-09-26T13:55:26.817Z",
    "ModifiedBy": ""
  }
]

13:53:47.133 [main] INFO  com.intuit.karate - Expected RecommDrive: Chain actuator D6 800,Locking actuator EasyConnect ow 
13:53:47.133 [main] INFO  com.intuit.karate - Actual RecommDrive: Chain actuator D6 800, Locking actuator EasyConnect ow 
13:53:47.133 [main] INFO  com.intuit.karate - Normalized Actual RecommDrive: Chain actuator D6 800,Locking actuator EasyConnect ow 
13:53:47.133 [main] INFO  com.intuit.karate - Normalized Expected RecommDrive: Chain actuator D6 800,Locking actuator EasyConnect ow 
13:53:47.134 [main] INFO  com.intuit.karate - All Drive IDs: [
  "e9fa5654-1773-4646-9949-a237ab4f4797",
  "ebe9753c-e5d7-4140-afe0-9f98bf25df99"
]
 
13:53:47.134 [main] INFO  com.intuit.karate - First Drive ID: e9fa5654-1773-4646-9949-a237ab4f4797 
13:53:47.137 [main] DEBUG com.intuit.karate - request:
3 > POST https://dev-drivetec-apis.schuecodigitalsolutions.com/api/Drives/DownloadPDFNew/Schuco
3 > Content-Type: application/json; charset=UTF-8
3 > Content-Length: 1194
3 > Host: dev-drivetec-apis.schuecodigitalsolutions.com
3 > Connection: Keep-Alive
3 > User-Agent: Apache-HttpClient/4.5.14 (Java/17.0.12)
3 > Accept-Encoding: gzip,deflate
[{"Id":"configId","Header":"configId","Value":"c57f4a70-80ee-47b6-9646-40a471a813cf"},{"Id":"driveId","Header":"driveId","Value":"e9fa5654-1773-4646-9949-a237ab4f4797"},{"Id":"culture","Header":"culture","Value":"EN-US"},{"Id":"projectId","Header":"projectId","Value":"2afcf090-6588-4022-aa5e-49fca51f940e"},{"Id":"range-of-app","Header":"Range of application","Value":"Façade"},{"Id":"opening-type","Header":"Opening type","Value":"Bottom-hung vent"},{"Id":"opening-direction","Header":"Opening direction","Value":"Inward"},{"Id":"how-calc-weight","Header":"Vent weight","Value":"Weight including glass"},{"Id":"Chain-Length","Header":"Chain- \/ connecting rod handle","Value":"100%"},{"Id":"drive-position","Header":"Drive position","Value":"Side installation"},{"Id":"locking-mechanism","Header":"Locking mechanism","Value":"With"},{"Id":"voltage","Header":"Voltage","Value":"24 V"},{"Id":"drive-type","Header":"Drive type","Value":"Chain drive"},{"Id":"type-installation","Header":"Type of installation","Value":"Pivoting Outer Frame Installation"},{"Id":"calculation-type-for-ventilation-area","Header":"Calculation type for ventilation area","Value":"Method in accordance with ASR 3.6"}]

13:53:48.579 [main] DEBUG com.intuit.karate - response time in milliseconds: 1442
3 < 200
3 < Content-Type: application/json; charset=utf-8
3 < Date: Thu, 05 Dec 2024 08:23:46 GMT
3 < Server: Microsoft-IIS/10.0
3 < X-Powered-By: ASP.NET
3 < transfer-encoding: chunked
3 < Connection: keep-alive
{
  "result": "https://drive-tec-dev.s3.amazonaws.com/AUT_TPJ33518-Chain_actuator_D6_800.pdf?AWSAccessKeyId=AKIAZAWIART4ZFAXXPHK&Expires=1733390626&response-content-disposition=attachment%3B&response-content-type=application%2Fpdf&Signature=Tp7HKzR9Ed6PpVnwz2ey8FjPmC4%3D"
}

13:53:48.580 [main] INFO  com.intuit.karate - Download URL for first driveId: https://drive-tec-dev.s3.amazonaws.com/AUT_TPJ33518-Chain_actuator_D6_800.pdf?AWSAccessKeyId=AKIAZAWIART4ZFAXXPHK&Expires=1733390626&response-content-disposition=attachment%3B&response-content-type=application%2Fpdf&Signature=Tp7HKzR9Ed6PpVnwz2ey8FjPmC4%3D 
13:53:48.582 [main] INFO  com.intuit.karate - karate.env system property was: null 
13:53:48.583 [main] INFO  com.intuit.karate - Running test for dataset:  Dataset27 
13:53:48.586 [main] INFO  com.intuit.karate - Using ProjectId:  {
  "result": {
    "projectId": "prjId"
  },
  "projectPayload": {
    "Id": "579816e4-6653-4794-b435-a885f32e28d7",
    "Name": "AUT_TPJ33518",
    "Address": "Hyderabad, Telangana, India",
    "Description": "",
    "CreatedBy": "579816e4-6653-4794-b435-a885f32e28d7",
    "ModifiedBy": "579816e4-6653-4794-b435-a885f32e28d7"
  },
  "uniqueName": "AUT_TPJ33518",
  "responseHeaders": {
    "Content-Type": [
      "application/json; charset=utf-8"
    ],
    "Date": [
      "Thu, 05 Dec 2024 08:22:12 GMT"
    ],
    "Server": [
      "Microsoft-IIS/10.0"
    ],
    "X-Powered-By": [
      "ASP.NET"
    ],
    "transfer-encoding": [
      "chunked"
    ],
    "Connection": [
      "keep-alive"
    ],
    "Set-Cookie": [
    ]
  },
  "responseTime": 841,
  "response": {
    "Name": "AUT_TPJ33518",
    "Description": "",
    "Address": "Hyderabad, Telangana, India",
    "Id": "2afcf090-6588-4022-aa5e-49fca51f940e",
    "CreatedOn": "2024-12-05T08:22:11.998251+00:00",
    "CreatedBy": "579816e4-6653-4794-b435-a885f32e28d7",
    "ModifiedOn": "2024-12-05T08:22:11.9982526+00:00",
    "ModifiedBy": ""
  },
  "responseStatus": 200,
  "prjId": "2afcf090-6588-4022-aa5e-49fca51f940e",
  "projectId": "2afcf090-6588-4022-aa5e-49fca51f940e"
}
 
13:53:48.588 [main] DEBUG com.intuit.karate - request:
1 > POST https://dev-drivetec-apis.schuecodigitalsolutions.com/Configurations
1 > Content-Type: application/json; charset=UTF-8
1 > Content-Length: 1275
1 > Host: dev-drivetec-apis.schuecodigitalsolutions.com
1 > Connection: Keep-Alive
1 > User-Agent: Apache-HttpClient/4.5.14 (Java/17.0.12)
1 > Accept-Encoding: gzip,deflate
{"Id":"00000000-0000-0000-0000-000000000000","ProjectId":"2afcf090-6588-4022-aa5e-49fca51f940e","Name":"Dataset8588","Description":"Dataset8588","CustomTags":"","CreatedBy":"579816e4-6653-4794-b435-a885f32e28d7","ModifiedBy":"579816e4-6653-4794-b435-a885f32e28d7","ApplicationName":1,"System":"","FacadeInclination":0,"OpeningType":1,"OpeningDirection":1,"OpeningWidth":1000,"VentOuterWidth":1230,"VentOuterHeight":1480,"VentWeight":70,"CalculateWeightWithGlass":false,"WeightIncGlassOrThickness":false,"GlassThickness":14,"ProfileWeightPerSerialMeter":2.5,"IsWindowOpeningCalculationByAngle":1,"RequiredOpeningStroke":400,"OpeningAngle":15,"WindLoad":120,"SnowLoad":0,"DrivePosition":2,"InstallationPosition":1,"ChainLengthConnectingRodHandle":5,"LockingMechanism":1,"Voltage":1,"DriveType":1,"TypeOfInstallation":2,"CalculationTypeForVentilation":1,"CalcVentilation":1,"GeometricArea":1,"SpecificExhaustDimension":30,"BuildingDepth":75,"RevealDepth":0,"RevealDepthRectangleAngle1":0,"RevealDepthRectangleAngle2":0,"HeightOfProfile":0,"HeightProfileRectangleAngle1":0,"HeightProfileRectangleAngle2":0,"AkippOrAtilt":0,"AdrehOrAturn":0,"Ageo":0,"MinPullingForceMax":0,"MinPushingForceMax":0,"MinPullingForcePermanent":0,"MinPushingForcePermanent":0,"ForceWithNegativeWind":0}

13:53:49.239 [main] DEBUG com.intuit.karate - response time in milliseconds: 650
1 < 200
1 < Content-Type: application/json; charset=utf-8
1 < Date: Thu, 05 Dec 2024 08:23:46 GMT
1 < Server: Microsoft-IIS/10.0
1 < X-Powered-By: ASP.NET
1 < Content-Length: 2032
1 < Connection: keep-alive
{
  "ProjectId": "2afcf090-6588-4022-aa5e-49fca51f940e",
  "Name": "Dataset8588",
  "Description": "Dataset8588",
  "CustomTags": "",
  "ApplicationName": 1,
  "OpeningType": 1,
  "OpeningDirection": 1,
  "CalculateWeightWithGlass": false,
  "WindLoad": 120,
  "IsWindowOpeningCalculationByAngle": 1,
  "VentOuterWidth": 1230,
  "VentOuterHeight": 1480,
  "WeightIncGlassOrThickness": false,
  "VentWeight": 77,
  "VentWeightExact": 77.26400000000001,
  "GlassThickness": 14,
  "ProfileWeightPerSerialMeter": 2.5,
  "FacadeInclination": 0,
  "ChainLengthConnectingRodHandle": 5,
  "ChainLenghtConnectingRodHandle": 0,
  "RequiredOpeningStroke": 400,
  "OpeningWidth": 1000,
  "OpeningAngle": 15.532868337024489,
  "SpecificExhaustDimension": 30,
  "BuildingDepth": 75,
  "SnowLoad": 0,
  "DistanceHinge": 0,
  "RatedCurrent": 0,
  "DrivePosition": 2,
  "LockingMechanism": 1,
  "Voltage": 1,
  "DriveType": 1,
  "TypeOfInstallation": 2,
  "GeometricArea": 0,
  "CalculationTypeForVentilation": 1,
  "HeightOfProfile": 0,
  "Reveal": 0,
  "RevealDepth": 0,
  "HeightProfileRectangleAngle1": 0,
  "HeightProfileRectangleAngle2": 0,
  "RevealDepthRectangleAngle1": 0,
  "RevealDepthRectangleAngle2": 0,
  "RevealDepthRectangleAngle12": 0,
  "InstallationPosition": 0,
  "RecommendedDriveArticleNo": 0,
  "System": "",
  "AkippOrAtilt": 1.084,
  "AdrehOrAturn": 1.8204,
  "Ageo": 1.084,
  "MinPullingForceMax": -206.4868442161654,
  "MinPushingForceMax": -206.4868442161654,
  "MinPullingForcePermanent": -104.11163259218097,
  "MinPushingForcePermanent": -104.11163259218097,
  "ForceWithNegativeWind": 109.53156767199486,
  "ForceWithNoWindMin": 0.30763693489047433,
  "ForceWithNegativeWindMin": 0,
  "ForceWithWindMin": -108.91629380221393,
  "Id": "beb605ce-6c87-4b54-9b13-934aaef6e037",
  "CreatedOn": "2024-12-05T08:23:46.7522864+00:00",
  "CreatedBy": "579816e4-6653-4794-b435-a885f32e28d7",
  "ModifiedOn": "2024-12-05T08:23:46.7522873+00:00",
  "ModifiedBy": ""
}

13:53:49.241 [main] INFO  com.intuit.karate - Generated Config ID: beb605ce-6c87-4b54-9b13-934aaef6e037 
13:53:49.241 [main] INFO  com.intuit.karate - Generated Name: Dataset8588 
13:53:49.241 [main] INFO  com.intuit.karate - Generated Description: Dataset8588 
13:53:49.244 [main] DEBUG com.intuit.karate - request:
1 > PUT https://dev-drivetec-apis.schuecodigitalsolutions.com/Configurations
1 > Content-Type: application/json; charset=UTF-8
1 > Content-Length: 1273
1 > Host: dev-drivetec-apis.schuecodigitalsolutions.com
1 > Connection: Keep-Alive
1 > User-Agent: Apache-HttpClient/4.5.14 (Java/17.0.12)
1 > Accept-Encoding: gzip,deflate
{"Id":"beb605ce-6c87-4b54-9b13-934aaef6e037","Name":"Dataset27","Description":"Dataset8588","ProjectId":"2afcf090-6588-4022-aa5e-49fca51f940e","CustomTags":"","CreatedBy":"579816e4-6653-4794-b435-a885f32e28d7","ModifiedBy":"579816e4-6653-4794-b435-a885f32e28d7","System":"","FacadeInclination":45,"OpeningType":1,"OpeningDirection":1,"OpeningWidth":1000,"VentOuterWidth":1230,"VentOuterHeight":1480,"VentWeight":0,"CalculateWeightWithGlass":false,"RequiredOpeningStroke":400,"WindLoad":120,"SnowLoad":0,"IsWindowOpeningCalculationByAngle":1,"GlassThickness":14,"ProfileWeightPerSerialMeter":2.5,"DrivePosition":1,"InstallationPosition":0,"LockingMechanism":1,"Voltage":1,"DriveType":1,"TypeOfInstallation":2,"GeometricArea":0,"CalcVentilation":2,"SpecificExhaustDimension":46,"BuildingDepth":75,"CalculationTypeForVentilation":2,"HeightOfProfile":0,"HeightProfileRectangleAngle1":0,"HeightProfileRectangleAngle2":0,"RevealDepth":0,"RevealDepthRectangleAngle1":0,"RevealDepthRectangleAngle2":0,"ChainLengthConnectingRodHandle":5,"ApplicationName":1,"OpeningAngle":10,"WeightIncGlassOrThickness":false,"AkippOrAtilt":0,"AdrehOrAturn":0,"Ageo":0,"MinPullingForceMax":0,"MinPushingForceMax":0,"MinPullingForcePermanent":0,"MinPushingForcePermanent":0,"ForceWithNegativeWind":0}

13:53:49.861 [main] DEBUG com.intuit.karate - response time in milliseconds: 617
1 < 200
1 < Content-Type: application/json; charset=utf-8
1 < Date: Thu, 05 Dec 2024 08:23:47 GMT
1 < Server: Microsoft-IIS/10.0
1 < X-Powered-By: ASP.NET
1 < transfer-encoding: chunked
1 < Connection: keep-alive
{
  "ProjectId": "2afcf090-6588-4022-aa5e-49fca51f940e",
  "Name": "Dataset27",
  "Description": "Dataset8588",
  "CustomTags": "",
  "ApplicationName": 1,
  "OpeningType": 1,
  "OpeningDirection": 1,
  "CalculateWeightWithGlass": false,
  "WindLoad": 120,
  "IsWindowOpeningCalculationByAngle": 1,
  "VentOuterWidth": 1230,
  "VentOuterHeight": 1480,
  "WeightIncGlassOrThickness": false,
  "VentWeight": 77,
  "VentWeightExact": 77.26400000000001,
  "GlassThickness": 14,
  "ProfileWeightPerSerialMeter": 2.5,
  "FacadeInclination": 45,
  "ChainLengthConnectingRodHandle": 5,
  "ChainLenghtConnectingRodHandle": 0,
  "RequiredOpeningStroke": 400,
  "OpeningWidth": 1000,
  "OpeningAngle": 15.532868337024489,
  "SpecificExhaustDimension": 46,
  "BuildingDepth": 75,
  "SnowLoad": 0,
  "DistanceHinge": 0,
  "RatedCurrent": 0,
  "DrivePosition": 1,
  "LockingMechanism": 1,
  "Voltage": 1,
  "DriveType": 1,
  "TypeOfInstallation": 2,
  "GeometricArea": 0,
  "CalculationTypeForVentilation": 2,
  "HeightOfProfile": 0,
  "Reveal": 0,
  "RevealDepth": 0,
  "HeightProfileRectangleAngle1": 0,
  "HeightProfileRectangleAngle2": 0,
  "RevealDepthRectangleAngle1": 0,
  "RevealDepthRectangleAngle2": 0,
  "RevealDepthRectangleAngle12": 0,
  "InstallationPosition": 0,
  "RecommendedDriveArticleNo": 0,
  "System": "",
  "AkippOrAtilt": 1.084,
  "AdrehOrAturn": 1.8204,
  "Ageo": 0.5802288894779978,
  "MinPullingForceMax": 108.41282168422717,
  "MinPushingForceMax": 218.7097251389992,
  "MinPullingForcePermanent": 273.27823614467263,
  "MinPushingForcePermanent": 273.27823614467263,
  "ForceWithNegativeWind": 327.84674715034606,
  "ForceWithNoWindMin": 191.9346407636625,
  "ForceWithNegativeWindMin": 275.45645984309783,
  "ForceWithWindMin": 108.41282168422717,
  "Id": "beb605ce-6c87-4b54-9b13-934aaef6e037",
  "CreatedOn": "0001-01-01T00:00:00",
  "CreatedBy": "579816e4-6653-4794-b435-a885f32e28d7",
  "ModifiedOn": "2024-12-05T08:23:47.393897+00:00",
  "ModifiedBy": "579816e4-6653-4794-b435-a885f32e28d7"
}

13:53:49.862 [main] INFO  com.intuit.karate - VentWeight from API Response: 77 
13:53:49.863 [main] INFO  com.intuit.karate - Rounded Opening Angle: 16.0 
13:53:49.863 [main] INFO  com.intuit.karate - Rounded Ageo: 0.58 
13:53:49.863 [main] INFO  com.intuit.karate - Rounded Required Opening Stroke: 400.0 
13:53:49.863 [main] INFO  com.intuit.karate - Rounded Vent Weight: 77.0 
13:53:49.866 [main] DEBUG com.intuit.karate - request:
2 > GET https://dev-drivetec-apis.schuecodigitalsolutions.com/Config/beb605ce-6c87-4b54-9b13-934aaef6e037/Drive
2 > Host: dev-drivetec-apis.schuecodigitalsolutions.com
2 > Connection: Keep-Alive
2 > User-Agent: Apache-HttpClient/4.5.14 (Java/17.0.12)
2 > Accept-Encoding: gzip,deflate


13:53:50.665 [main] DEBUG com.intuit.karate - response time in milliseconds: 798
2 < 200
2 < Content-Type: application/json; charset=utf-8
2 < Date: Thu, 05 Dec 2024 08:23:47 GMT
2 < Server: Microsoft-IIS/10.0
2 < X-Powered-By: ASP.NET
2 < transfer-encoding: chunked
2 < Connection: keep-alive
[
  {
    "Name": "Chain actuator D6 400",
    "Bezeichnung": "Kettenantrieb D6 400",
    "ConfigurationId": "00000000-0000-0000-0000-000000000000",
    "Description": "",
    "Application": "Facade",
    "ApplicationFacade": true,
    "ApplicationSkylight": true,
    "Type": 1,
    "OpeningType": 0,
    "BottomHungInward": true,
    "BottomHungOutward": true,
    "SideHungInward": true,
    "SideHungOutward": true,
    "TopHungInward": false,
    "TopHungOutward": true,
    "ProjectedTopHungInward": false,
    "ProjectedTopHungOutward": true,
    "InstallationType": "",
    "ITMainOutFrmMountWBracket": true,
    "ITMainFixOutFrmMount": false,
    "ITMainVentFrmMount": true,
    "ITSideMount50": false,
    "ITSideMount60": false,
    "ITSideMount70": false,
    "ITSideMount80": false,
    "ITSideMount67": true,
    "Feature": "",
    "FeatureOpenClose": true,
    "FeatureLock": true,
    "ArticleNumber": 291715,
    "Stroke": 400,
    "Angle": 0,
    "Voltage": "24 V DC",
    "Voltage24": true,
    "Voltage230": false,
    "RatedCurrent": 1,
    "BreakingCurrent": 1,
    "PullingForceMax": 600,
    "PushingForceMax": 600,
    "PullingForceMaxWithNegativeWind": 0,
    "PushingForceMaxWithNegativeWind": 0,
    "PushingForcePermanent": 400,
    "PullingForcePermanent": 600,
    "MinPullingForceMax": 0,
    "MinPushingForceMax": 218.71,
    "MinPullingForcePermanent": 0,
    "MinPushingForcePermanent": 273.28,
    "Price": 360.35,
    "DriveLength": 591,
    "ChainDrive": 691,
    "ChainDrive2": 1342,
    "MaxLengthMainClosingEdge1Drive": 1920,
    "MaxGeometricArea": 1,
    "GeometricalSmokeExhaustion": 0,
    "TotalGlassThickness": 14,
    "Dimensions": 0,
    "DimensionsWxHxD": "591 x 40 x 56",
    "TensileForce": 0,
    "LockingForce": 0,
    "Details_DE": "<ul> <li>Bemessungsspannung: 24 V DC (19 V … 28 V)</li> <li>Abschaltstrom: 1,2 A</li> <li>Bemessungsstrom: 0,9 A</li> <li>Bemessungsaufnahme: 22 W</li> <li>Schutzart: IP 32</li> <li>Zug-/Schubkraft: max. 600 N</li> <li>Umgebungstemperatur: -5°C bis + 60°C</li> <li>Anschlussleitung: Halogenfrei, grau 5 x 0,5mm², ~3m</li> <li>Max. Geschwindigkeit: 13,5 mm/s</li> </ul>",
    "Details_EN": "<ul> <li>Rated voltage: 24 V DC (19 V … 28 V)</li><li>Breaking current: 1.2 A</li><li>Rated current: 0.9 A</li><li>Rated consumption: 22W</li><li>Protection rating: IP 32</li><li>Traction/ thrust: max. 600 N</li><li>Ambient temperature: -5° C to +60° C</li><li>Connecting cable: halogen-free, grey 3 x 0,5mm², ~3m</li><li>Max. speed: 13,5 mm/s</li></ul>",
    "Einsatz": "<ul><li>Anwendung: Lüftung, NRA</li> <li>Integrierte intelligente Regelelektronik</li></ul>",
    "Use": "<ul><li>Application: ventilation, natural smoke ventilation</li> <li>Integrated intelligent control electronics</li> </ul>",
    "Ausstattung": "<ul><li>Zusätzlicher Universal-Steckersatz für Mehrfachbetrieb bis zu 4 Antrieben und 2 Verriegelungsantrieben</li></ul>",
    "Equipment": "<ul><li>Additional universal plug socket for multiplex operation  of up to 4 drives and 2 interlocking drives</li></ul>",
    "Optionen": "<ul><li>Programmierung von Sonderfunktionen</li> <li>Programmierbare Rückmeldung Endlage „AUF“ (max. 24 V, 500 mA)</li> <li>Schüco Kontroller zur automatischen Konfiguration von Synchronlauf und Folgesteuerungen mit Verriegelungsantrieben in Antriebs-Verbundsystemen</li> </ul>",
    "Options": "<ul><li>Programming of special functions</li> <li>Programmable response for “OPEN” end position (max. 24 V, 500 mA)</li> <li>Schüco controller for automatic configuration of synchronous running and sequence control with locking drives in composite drive systems</li> </ul>",
    "IsTwoPce": false,
    "ResultVentWeight": 77.26,
    "IsLsRsDrive": false,
    "ArticleNumberRs": 0,
    "TwoDrivesSideInstallation50": 0,
    "TwoDrivesSideInstallation60": 0,
    "TwoDrivesSideInstallation70": 0,
    "TwoDrivesSideInstallation80": 0,
    "OpeningSpeedmms": 0,
    "Traction": 600,
    "Thrust": 600,
    "Id": "6cfaf03b-807c-4298-8635-4bf804653a9e",
    "CreatedOn": "2024-09-26T13:55:26.817Z",
    "CreatedBy": "",
    "ModifiedOn": "2024-09-26T13:55:26.817Z",
    "ModifiedBy": ""
  },
  {
    "Name": "Chain actuator TWIN D2 L400",
    "Bezeichnung": "Kettenantrieb TWIN D2 L400",
    "ConfigurationId": "00000000-0000-0000-0000-000000000000",
    "Description": "",
    "Application": "Facade",
    "ApplicationFacade": true,
    "ApplicationSkylight": false,
    "Type": 1,
    "OpeningType": 0,
    "BottomHungInward": true,
    "BottomHungOutward": false,
    "SideHungInward": false,
    "SideHungOutward": false,
    "TopHungInward": false,
    "TopHungOutward": true,
    "ProjectedTopHungInward": false,
    "ProjectedTopHungOutward": false,
    "InstallationType": "",
    "ITMainOutFrmMountWBracket": true,
    "ITMainFixOutFrmMount": true,
    "ITMainVentFrmMount": true,
    "ITSideMount50": false,
    "ITSideMount60": false,
    "ITSideMount70": false,
    "ITSideMount80": false,
    "ITSideMount67": false,
    "Feature": "",
    "FeatureOpenClose": true,
    "FeatureLock": true,
    "ArticleNumber": 291773,
    "Stroke": 400,
    "Angle": 0,
    "Voltage": "24 V DC",
    "Voltage24": true,
    "Voltage230": false,
    "RatedCurrent": 1,
    "BreakingCurrent": 2,
    "PullingForceMax": 500,
    "PushingForceMax": 400,
    "PullingForceMaxWithNegativeWind": 0,
    "PushingForceMaxWithNegativeWind": 0,
    "PushingForcePermanent": 266.67,
    "PullingForcePermanent": 500,
    "MinPullingForceMax": 0,
    "MinPushingForceMax": 218.71,
    "MinPullingForcePermanent": 0,
    "MinPushingForcePermanent": 273.28,
    "Price": 503.83,
    "DriveLength": 830,
    "ChainDrive": 930,
    "ChainDrive2": 0,
    "MaxLengthMainClosingEdge1Drive": 1650,
    "MaxGeometricArea": 1,
    "GeometricalSmokeExhaustion": 0,
    "TotalGlassThickness": 14,
    "Dimensions": 0,
    "DimensionsWxHxD": "830 x 26 x 41",
    "TensileForce": 0,
    "LockingForce": 0,
    "Details_DE": "<ul><li>Bemessungsspannung: 24 V DC (19 V … 28 V)</li> <li>Abschaltstrom: 2,0 A</li> <li>Bemessungsstrom: 1,4 A</li> <li>Bemessungsaufnahme: 34 W</li> <li>Schutzart: IP 32</li> <li>Zug-/Schubkraft: max. 500 N</li> <li>Umgebungstemperatur: -5°C bis + 60°C</li> <li>Anschlussleitung: Halogenfrei, grau 3 x 0,5mm², ~3m</li> <li>Max. Geschwindigkeit: 12 mm/s</li> </ul>",
    "Details_EN": "<ul><li>Rated voltage: 24 V DC (19 V … 28 V)</li><li>Breaking current: 2.0 A</li><li>Rated current: 1.4 A</li><li>Rated consumption: 34 W</li><li>Protection rating: IP 32</li><li>Traction/ thrust: max. 500 N</li><li>Ambient temperature: -5°C bis + 60°C</li><li>Connecting cable: halogen-free, grey 3 x 0,5mm², ~3m</li><li>Max. speed: 12 mm/s</li></ul>",
    "Einsatz": "<ul><li>Anwendung: Lüftung, NRA</li> <li>Integrierte intelligente Regelelektronik</li> <li>Rückmeldung Endlage „ZU“ (max. 24 V, 500 mA)</li> </ul>",
    "Use": "<ul><li>Application: ventilation, natural smoke ventilation</li> <li>Integrated intelligent control electronics</li> <li>Response for \"CLOSED\" end position (max. 24 V, 500 mA)</li> </ul>",
    "Ausstattung": null,
    "Equipment": null,
    "Optionen": "<ul><li>Programmierung von Sonderfunktionen</li> <li>Programmierbare Rückmeldung Endlage „AUF“ (max. 24 V, 500 mA)</li> <li>Schüco Kontroller zur automatischen Konfiguration von Synchronlauf und Folgesteuerungen mit Verriegelungsantrieb in Antriebs-Verbundsystem</li> </ul>",
    "Options": "<ul><li>Programming of special functions</li> <li>Programmable response for \"OPEN\" end position (max. 24 V, 500 mA)</li> <li>Schüco controller for automatic configuration of synchronous running and sequence control with locking drives in composite drive systems</li> </ul>",
    "IsTwoPce": false,
    "ResultVentWeight": 77.26,
    "IsLsRsDrive": false,
    "ArticleNumberRs": 0,
    "TwoDrivesSideInstallation50": 0,
    "TwoDrivesSideInstallation60": 0,
    "TwoDrivesSideInstallation70": 0,
    "TwoDrivesSideInstallation80": 0,
    "OpeningSpeedmms": 0,
    "Traction": 500,
    "Thrust": 400,
    "Id": "bee855a0-ff9e-43a3-aef0-f3ffc5797b4f",
    "CreatedOn": "2024-09-26T13:55:26.817Z",
    "CreatedBy": "",
    "ModifiedOn": "2024-09-26T13:55:26.817Z",
    "ModifiedBy": ""
  },
  {
    "Name": "Chain actuator D2 L400",
    "Bezeichnung": "Kettenantrieb D2 L400",
    "ConfigurationId": "00000000-0000-0000-0000-000000000000",
    "Description": "",
    "Application": "Facade",
    "ApplicationFacade": true,
    "ApplicationSkylight": false,
    "Type": 1,
    "OpeningType": 0,
    "BottomHungInward": true,
    "BottomHungOutward": false,
    "SideHungInward": true,
    "SideHungOutward": false,
    "TopHungInward": false,
    "TopHungOutward": true,
    "ProjectedTopHungInward": false,
    "ProjectedTopHungOutward": false,
    "InstallationType": "",
    "ITMainOutFrmMountWBracket": true,
    "ITMainFixOutFrmMount": true,
    "ITMainVentFrmMount": true,
    "ITSideMount50": false,
    "ITSideMount60": false,
    "ITSideMount70": false,
    "ITSideMount80": false,
    "ITSideMount67": true,
    "Feature": "",
    "FeatureOpenClose": true,
    "FeatureLock": true,
    "ArticleNumber": 291754,
    "Stroke": 400,
    "Angle": 0,
    "Voltage": "24 V DC",
    "Voltage24": true,
    "Voltage230": false,
    "RatedCurrent": 1,
    "BreakingCurrent": 1,
    "PullingForceMax": 250,
    "PushingForceMax": 200,
    "PullingForceMaxWithNegativeWind": 0,
    "PushingForceMaxWithNegativeWind": 0,
    "PushingForcePermanent": 133.33,
    "PullingForcePermanent": 250,
    "MinPullingForceMax": 0,
    "MinPushingForceMax": 218.71,
    "MinPullingForcePermanent": 0,
    "MinPushingForcePermanent": 273.28,
    "Price": 504.76,
    "DriveLength": 430,
    "ChainDrive": 530,
    "ChainDrive2": 1020,
    "MaxLengthMainClosingEdge1Drive": 1650,
    "MaxGeometricArea": 1,
    "GeometricalSmokeExhaustion": 0,
    "TotalGlassThickness": 14,
    "Dimensions": 0,
    "DimensionsWxHxD": "430 x 26 x 41",
    "TensileForce": 0,
    "LockingForce": 0,
    "Details_DE": "<ul><li>Bemessungsspannung: 24 V DC (19 V … 28 V)</li><li>Abschaltstrom: 1,0 A</li><li>Bemessungsstrom: 0,7 A</li><li>Bemessungsaufnahme: 17 W</li><li>Schutzart: IP 32</li><li>Zug-/Schubkraft: max. 250 N</li><li>Umgebungstemperatur: -5°C bis + 60°C</li><li>Anschlussleitung: Halogenfrei, grau 3 x 0,5 mm², ~3 m</li><li>Max. Geschwindigkeit: 13,5 mm/s</li></ul>",
    "Details_EN": "<ul><li>Rated voltage: 24 V DC (19 V … 28 V)</li><li>Breaking current: 1.0 A</li><li>Rated current: 0.7 A</li><li>Rated consumption: 17 W</li><li>Protection rating: IP 32</li><li>Traction/ thrust: max. 250 N</li><li>Ambient temperature: -5°C bis + 60°C</li><li>Connecting cable: halogen-free, grey 3 x 0.5 mm², ~3 m</li><li>Max. speed: 13.5 mm/s</li></ul>",
    "Einsatz": "<ul> <li>Anwendung: Lüftung, NRA</li> <li>Integrierte intelligente Regelelektronik</li> <li>Rückmeldung Endlage „ZU“ (max. 24 V, 500 mA)</li> </ul>",
    "Use": "<ul> <li>Application: ventilation, natural smoke ventilation</li> <li>Integrated, intelligent control electronics</li> <li>Response for “CLOSED” end position (max. 24 V, 500 mA)</li> </ul>",
    "Ausstattung": null,
    "Equipment": null,
    "Optionen": "<ul> <li>Programmierung von Sonderfunktionen</li> <li>Programmierbare Rückmeldung Endlage „AUF“ (max. 24 V, 500 mA)</li> <li>Schüco Kontroller zur automatischen Konfiguration von Synchronlauf und Folgesteuerungen mit Verriegelungsantrieben in Antriebs-Verbundsystemen</li> </ul>",
    "Options": "<ul> <li>Programming of special functions</li> <li>Programmable response for “OPEN” end position (max. 24 V, 500 mA)</li> <li>Schüco controller for automatic configuration of synchronous running and sequence control with locking drives in composite drive systems</li></ul>",
    "IsTwoPce": true,
    "ResultVentWeight": 77.26,
    "IsLsRsDrive": true,
    "ArticleNumberRs": 291755,
    "TwoDrivesSideInstallation50": 0,
    "TwoDrivesSideInstallation60": 0,
    "TwoDrivesSideInstallation70": 0,
    "TwoDrivesSideInstallation80": 0,
    "OpeningSpeedmms": 0,
    "Traction": 250,
    "Thrust": 200,
    "Id": "94015dd3-0c39-4d62-be4f-b1e2f8066f98",
    "CreatedOn": "2024-09-26T13:55:26.817Z",
    "CreatedBy": "",
    "ModifiedOn": "2024-09-26T13:55:26.817Z",
    "ModifiedBy": ""
  },
  {
    "Name": "Locking actuator EasyConnect",
    "Bezeichnung": "Verriegelungsantrieb EasyConnect",
    "ConfigurationId": "00000000-0000-0000-0000-000000000000",
    "Description": "",
    "Application": "",
    "ApplicationFacade": true,
    "ApplicationSkylight": false,
    "Type": 5,
    "OpeningType": 0,
    "BottomHungInward": true,
    "BottomHungOutward": false,
    "SideHungInward": true,
    "SideHungOutward": false,
    "TopHungInward": false,
    "TopHungOutward": false,
    "ProjectedTopHungInward": false,
    "ProjectedTopHungOutward": false,
    "InstallationType": "",
    "ITMainOutFrmMountWBracket": true,
    "ITMainFixOutFrmMount": true,
    "ITMainVentFrmMount": false,
    "ITSideMount50": false,
    "ITSideMount60": false,
    "ITSideMount70": false,
    "ITSideMount80": false,
    "ITSideMount67": false,
    "Feature": "",
    "FeatureOpenClose": true,
    "FeatureLock": false,
    "ArticleNumber": 291787,
    "Stroke": 0,
    "Angle": 0,
    "Voltage": null,
    "Voltage24": true,
    "Voltage230": true,
    "RatedCurrent": 0,
    "BreakingCurrent": 0,
    "PullingForceMax": 0,
    "PushingForceMax": 0,
    "PullingForceMaxWithNegativeWind": 0,
    "PushingForceMaxWithNegativeWind": 0,
    "PushingForcePermanent": 0,
    "PullingForcePermanent": 0,
    "MinPullingForceMax": 0,
    "MinPushingForceMax": 0,
    "MinPullingForcePermanent": 0,
    "MinPushingForcePermanent": 0,
    "Price": 0,
    "DriveLength": 0,
    "ChainDrive": 0,
    "ChainDrive2": 0,
    "MaxLengthMainClosingEdge1Drive": 0,
    "MaxGeometricArea": 0,
    "GeometricalSmokeExhaustion": 0,
    "TotalGlassThickness": 0,
    "Dimensions": 0,
    "DimensionsWxHxD": "375 x 24 x 35",
    "TensileForce": 0,
    "LockingForce": 0,
    "Details_DE": "<ul> <li>Bemessungsspannung: 24 V DC (19 V … 28 V)</li> <li>Abschaltstrom: ~1,0 A</li> <li>Bemessungsstrom: 0,6 A</li> <li>Bemessungsaufnahme: 15 W</li> <li>Schutzart: IP 32</li><li>Zug-/Schubkraft: max. 600 N</li> <li>Umgebungstemperatur: -5°C bis + 60°C</li> <li>Anschlussleitung: Halogenfrei, grau 5 x 0,5mm² , ~5m</li> <li>Laufzeit: ~ 5s</li><li>Hub: ~ 18mm</li> </ul>",
    "Details_EN": "<ul> <li>Rated voltage : 24 V DC (19 V … 28 V</li> <li>Breaking current : ~1,0 A</li> <li>Rated current : 0,6 A</li> <li>Rated consumption : 15 W</li> <li>Protection rating : IP 32</li><li>Traction/ thrust : max. 600 N</li> <li>Ambient temperature: -5°C bis + 60°C</li> <li>Connecting cable: halogen-free, grey 5 x 0,5mm² , ~5m</li> <li>Running time: ~ 5s</li><li>Stroke: ~ 18mm</li> </ul>",
    "Einsatz": "<ul> <li>Anwendung: Lüftung, NRA</li><li>Integrierte intelligente Regelelektronik</li></ul>",
    "Use": "<ul> <li>Application: ventilation, natural smoke ventilation</li> <li>Integrated intelligent control electronics</li></ul>",
    "Ausstattung": "<ul><li>Laufrichtung einstellbar</li><li>Zusätzlicher Universal-Steckersatz</li></ul>",
    "Equipment": "<ul><li>Running direction adjustable</li><li>Additional universal plug socket</li></ul>",
    "Optionen": "<ul> <li>Mitnehmer objekt-/profilspezifisch anpassbar</li></ul>",
    "Options": "<ul> <li>Coupling adapter customizable for project-/profile-specific demands</li></ul>",
    "IsTwoPce": false,
    "ResultVentWeight": 0,
    "IsLsRsDrive": false,
    "ArticleNumberRs": 0,
    "TwoDrivesSideInstallation50": 0,
    "TwoDrivesSideInstallation60": 0,
    "TwoDrivesSideInstallation70": 0,
    "TwoDrivesSideInstallation80": 0,
    "OpeningSpeedmms": 0,
    "Traction": 0,
    "Thrust": 0,
    "Id": "f894c384-bd5f-4f1b-a446-f4a3afc8426e",
    "CreatedOn": "2024-09-26T13:55:26.817Z",
    "CreatedBy": "",
    "ModifiedOn": "2024-09-26T13:55:26.817Z",
    "ModifiedBy": ""
  },
  {
    "Name": "Locking actuator 600",
    "Bezeichnung": "Verriegelungsantrieb 600",
    "ConfigurationId": "00000000-0000-0000-0000-000000000000",
    "Description": "",
    "Application": "",
    "ApplicationFacade": true,
    "ApplicationSkylight": false,
    "Type": 5,
    "OpeningType": 0,
    "BottomHungInward": true,
    "BottomHungOutward": false,
    "SideHungInward": true,
    "SideHungOutward": false,
    "TopHungInward": false,
    "TopHungOutward": false,
    "ProjectedTopHungInward": false,
    "ProjectedTopHungOutward": false,
    "InstallationType": "",
    "ITMainOutFrmMountWBracket": true,
    "ITMainFixOutFrmMount": true,
    "ITMainVentFrmMount": false,
    "ITSideMount50": false,
    "ITSideMount60": false,
    "ITSideMount70": false,
    "ITSideMount80": false,
    "ITSideMount67": false,
    "Feature": "",
    "FeatureOpenClose": true,
    "FeatureLock": false,
    "ArticleNumber": 291736,
    "Stroke": 0,
    "Angle": 0,
    "Voltage": null,
    "Voltage24": true,
    "Voltage230": true,
    "RatedCurrent": 0,
    "BreakingCurrent": 0,
    "PullingForceMax": 0,
    "PushingForceMax": 0,
    "PullingForceMaxWithNegativeWind": 0,
    "PushingForceMaxWithNegativeWind": 0,
    "PushingForcePermanent": 0,
    "PullingForcePermanent": 0,
    "MinPullingForceMax": 0,
    "MinPushingForceMax": 0,
    "MinPullingForcePermanent": 0,
    "MinPushingForcePermanent": 0,
    "Price": 218.27,
    "DriveLength": 0,
    "ChainDrive": 0,
    "ChainDrive2": 0,
    "MaxLengthMainClosingEdge1Drive": 0,
    "MaxGeometricArea": 0,
    "GeometricalSmokeExhaustion": 0,
    "TotalGlassThickness": 0,
    "Dimensions": 0,
    "DimensionsWxHxD": "415 x 26 x 26",
    "TensileForce": 0,
    "LockingForce": 0,
    "Details_DE": "<ul> <li>Bemessungsspannung: 24 V DC (19 V … 28 V)</li> <li>Abschaltstrom: ~1,0 A</li> <li>Bemessungsstrom: 0,6 A</li> <li>Bemessungsaufnahme: 15 W</li> <li>Schutzart: IP 32</li><li>Zug-/Schubkraft: max. 600 N</li> <li>Umgebungstemperatur: -5°C bis + 60°C</li> <li>Anschlussleitung: Halogenfrei, grau 3x 0,5mm², ~3m</li> <li>Laufzeit: ~ 5s</li><li>Hub: ~ 18mm</li> </ul>",
    "Details_EN": "<ul> <li>Rated voltage : 24 V DC (19 V … 28 V</li> <li>Breaking current : ~1,0 A</li> <li>Rated current : 0,6 A</li> <li>Rated consumption : 15 W</li> <li>Protection rating : IP 32</li><li>Traction/ thrust : max. 600 N</li> <li>Ambient temperature: -5°C bis + 60°C</li> <li>Connecting cable: halogen-free, grey 3 x 0,5mm², ~3m</li> <li>Running time: ~ 5s</li><li>Stroke: ~ 18mm</li> </ul>",
    "Einsatz": "<ul> <li>Anwendung: Lüftung, NRA</li><li>Integrierte intelligente Regelelektronik</li></ul>",
    "Use": "<ul> <li>Application: ventilation, natural smoke ventilation</li> <li>Integrated intelligent control electronics</li></ul>",
    "Ausstattung": "<ul><li>Laufrichtung einstellbar</li></ul>",
    "Equipment": "<ul><li>Running direction adjustable</li></ul>",
    "Optionen": "<ul> <li>Mitnehmer objekt-/profilspezifisch anpassbar</li></ul>",
    "Options": "<ul> <li>Coupling adapter customizable for project-/profile-specific demands</li></ul>",
    "IsTwoPce": false,
    "ResultVentWeight": 0,
    "IsLsRsDrive": true,
    "ArticleNumberRs": 291735,
    "TwoDrivesSideInstallation50": 0,
    "TwoDrivesSideInstallation60": 0,
    "TwoDrivesSideInstallation70": 0,
    "TwoDrivesSideInstallation80": 0,
    "OpeningSpeedmms": 0,
    "Traction": 0,
    "Thrust": 0,
    "Id": "69d8317e-493b-4010-8d9e-54168822bacf",
    "CreatedOn": "2024-09-26T13:55:26.817Z",
    "CreatedBy": "",
    "ModifiedOn": "2024-09-26T13:55:26.817Z",
    "ModifiedBy": ""
  }
]

13:53:50.670 [main] INFO  com.intuit.karate - Expected RecommDrive: Chain actuator D6 400,Chain actuator TWIN D2 L400,Chain actuator D2 L400,Locking actuator EasyConnect,Locking actuator 600 
13:53:50.671 [main] INFO  com.intuit.karate - Actual RecommDrive: Chain actuator D6 400, Chain actuator TWIN D2 L400, Chain actuator D2 L400, Locking actuator EasyConnect, Locking actuator 600 
13:53:50.671 [main] INFO  com.intuit.karate - Normalized Actual RecommDrive: Chain actuator D6 400,Chain actuator TWIN D2 L400,Chain actuator D2 L400,Locking actuator EasyConnect,Locking actuator 600 
13:53:50.671 [main] INFO  com.intuit.karate - Normalized Expected RecommDrive: Chain actuator D6 400,Chain actuator TWIN D2 L400,Chain actuator D2 L400,Locking actuator EasyConnect,Locking actuator 600 
13:53:50.672 [main] INFO  com.intuit.karate - All Drive IDs: [
  "6cfaf03b-807c-4298-8635-4bf804653a9e",
  "bee855a0-ff9e-43a3-aef0-f3ffc5797b4f",
  "94015dd3-0c39-4d62-be4f-b1e2f8066f98",
  "f894c384-bd5f-4f1b-a446-f4a3afc8426e",
  "69d8317e-493b-4010-8d9e-54168822bacf"
]
 
13:53:50.672 [main] INFO  com.intuit.karate - First Drive ID: 6cfaf03b-807c-4298-8635-4bf804653a9e 
13:53:50.674 [main] DEBUG com.intuit.karate - request:
3 > POST https://dev-drivetec-apis.schuecodigitalsolutions.com/api/Drives/DownloadPDFNew/Schuco
3 > Content-Type: application/json; charset=UTF-8
3 > Content-Length: 1194
3 > Host: dev-drivetec-apis.schuecodigitalsolutions.com
3 > Connection: Keep-Alive
3 > User-Agent: Apache-HttpClient/4.5.14 (Java/17.0.12)
3 > Accept-Encoding: gzip,deflate
[{"Id":"configId","Header":"configId","Value":"beb605ce-6c87-4b54-9b13-934aaef6e037"},{"Id":"driveId","Header":"driveId","Value":"6cfaf03b-807c-4298-8635-4bf804653a9e"},{"Id":"culture","Header":"culture","Value":"EN-US"},{"Id":"projectId","Header":"projectId","Value":"2afcf090-6588-4022-aa5e-49fca51f940e"},{"Id":"range-of-app","Header":"Range of application","Value":"Façade"},{"Id":"opening-type","Header":"Opening type","Value":"Bottom-hung vent"},{"Id":"opening-direction","Header":"Opening direction","Value":"Inward"},{"Id":"how-calc-weight","Header":"Vent weight","Value":"Weight including glass"},{"Id":"Chain-Length","Header":"Chain- \/ connecting rod handle","Value":"100%"},{"Id":"drive-position","Header":"Drive position","Value":"Side installation"},{"Id":"locking-mechanism","Header":"Locking mechanism","Value":"With"},{"Id":"voltage","Header":"Voltage","Value":"24 V"},{"Id":"drive-type","Header":"Drive type","Value":"Chain drive"},{"Id":"type-installation","Header":"Type of installation","Value":"Pivoting Outer Frame Installation"},{"Id":"calculation-type-for-ventilation-area","Header":"Calculation type for ventilation area","Value":"Method in accordance with ASR 3.6"}]

13:53:52.120 [main] DEBUG com.intuit.karate - response time in milliseconds: 1445
3 < 200
3 < Content-Type: application/json; charset=utf-8
3 < Date: Thu, 05 Dec 2024 08:23:49 GMT
3 < Server: Microsoft-IIS/10.0
3 < X-Powered-By: ASP.NET
3 < transfer-encoding: chunked
3 < Connection: keep-alive
{
  "result": "https://drive-tec-dev.s3.amazonaws.com/AUT_TPJ33518-Chain_actuator_D6_400.pdf?AWSAccessKeyId=AKIAZAWIART4ZFAXXPHK&Expires=1733390630&response-content-disposition=attachment%3B&response-content-type=application%2Fpdf&Signature=uAQGidoQBtwMeqKySlccjfvXIgI%3D"
}

13:53:52.121 [main] INFO  com.intuit.karate - Download URL for first driveId: https://drive-tec-dev.s3.amazonaws.com/AUT_TPJ33518-Chain_actuator_D6_400.pdf?AWSAccessKeyId=AKIAZAWIART4ZFAXXPHK&Expires=1733390630&response-content-disposition=attachment%3B&response-content-type=application%2Fpdf&Signature=uAQGidoQBtwMeqKySlccjfvXIgI%3D 
13:53:52.127 [main] INFO  com.intuit.karate - karate.env system property was: null 
13:53:52.129 [main] INFO  com.intuit.karate - Running test for dataset:  Dataset28 
13:53:52.133 [main] INFO  com.intuit.karate - Using ProjectId:  {
  "result": {
    "projectId": "prjId"
  },
  "projectPayload": {
    "Id": "579816e4-6653-4794-b435-a885f32e28d7",
    "Name": "AUT_TPJ33518",
    "Address": "Hyderabad, Telangana, India",
    "Description": "",
    "CreatedBy": "579816e4-6653-4794-b435-a885f32e28d7",
    "ModifiedBy": "579816e4-6653-4794-b435-a885f32e28d7"
  },
  "uniqueName": "AUT_TPJ33518",
  "responseHeaders": {
    "Content-Type": [
      "application/json; charset=utf-8"
    ],
    "Date": [
      "Thu, 05 Dec 2024 08:22:12 GMT"
    ],
    "Server": [
      "Microsoft-IIS/10.0"
    ],
    "X-Powered-By": [
      "ASP.NET"
    ],
    "transfer-encoding": [
      "chunked"
    ],
    "Connection": [
      "keep-alive"
    ],
    "Set-Cookie": [
    ]
  },
  "responseTime": 841,
  "response": {
    "Name": "AUT_TPJ33518",
    "Description": "",
    "Address": "Hyderabad, Telangana, India",
    "Id": "2afcf090-6588-4022-aa5e-49fca51f940e",
    "CreatedOn": "2024-12-05T08:22:11.998251+00:00",
    "CreatedBy": "579816e4-6653-4794-b435-a885f32e28d7",
    "ModifiedOn": "2024-12-05T08:22:11.9982526+00:00",
    "ModifiedBy": ""
  },
  "responseStatus": 200,
  "prjId": "2afcf090-6588-4022-aa5e-49fca51f940e",
  "projectId": "2afcf090-6588-4022-aa5e-49fca51f940e"
}
 
13:53:52.137 [main] DEBUG com.intuit.karate - request:
1 > POST https://dev-drivetec-apis.schuecodigitalsolutions.com/Configurations
1 > Content-Type: application/json; charset=UTF-8
1 > Content-Length: 1275
1 > Host: dev-drivetec-apis.schuecodigitalsolutions.com
1 > Connection: Keep-Alive
1 > User-Agent: Apache-HttpClient/4.5.14 (Java/17.0.12)
1 > Accept-Encoding: gzip,deflate
{"Id":"00000000-0000-0000-0000-000000000000","ProjectId":"2afcf090-6588-4022-aa5e-49fca51f940e","Name":"Dataset2135","Description":"Dataset2135","CustomTags":"","CreatedBy":"579816e4-6653-4794-b435-a885f32e28d7","ModifiedBy":"579816e4-6653-4794-b435-a885f32e28d7","ApplicationName":1,"System":"","FacadeInclination":0,"OpeningType":1,"OpeningDirection":1,"OpeningWidth":1000,"VentOuterWidth":1230,"VentOuterHeight":1480,"VentWeight":70,"CalculateWeightWithGlass":false,"WeightIncGlassOrThickness":false,"GlassThickness":14,"ProfileWeightPerSerialMeter":2.5,"IsWindowOpeningCalculationByAngle":1,"RequiredOpeningStroke":400,"OpeningAngle":15,"WindLoad":120,"SnowLoad":0,"DrivePosition":2,"InstallationPosition":1,"ChainLengthConnectingRodHandle":5,"LockingMechanism":1,"Voltage":1,"DriveType":1,"TypeOfInstallation":2,"CalculationTypeForVentilation":1,"CalcVentilation":1,"GeometricArea":1,"SpecificExhaustDimension":30,"BuildingDepth":75,"RevealDepth":0,"RevealDepthRectangleAngle1":0,"RevealDepthRectangleAngle2":0,"HeightOfProfile":0,"HeightProfileRectangleAngle1":0,"HeightProfileRectangleAngle2":0,"AkippOrAtilt":0,"AdrehOrAturn":0,"Ageo":0,"MinPullingForceMax":0,"MinPushingForceMax":0,"MinPullingForcePermanent":0,"MinPushingForcePermanent":0,"ForceWithNegativeWind":0}

13:53:52.722 [main] DEBUG com.intuit.karate - response time in milliseconds: 584
1 < 200
1 < Content-Type: application/json; charset=utf-8
1 < Date: Thu, 05 Dec 2024 08:23:49 GMT
1 < Server: Microsoft-IIS/10.0
1 < X-Powered-By: ASP.NET
1 < Content-Length: 2031
1 < Connection: keep-alive
{
  "ProjectId": "2afcf090-6588-4022-aa5e-49fca51f940e",
  "Name": "Dataset2135",
  "Description": "Dataset2135",
  "CustomTags": "",
  "ApplicationName": 1,
  "OpeningType": 1,
  "OpeningDirection": 1,
  "CalculateWeightWithGlass": false,
  "WindLoad": 120,
  "IsWindowOpeningCalculationByAngle": 1,
  "VentOuterWidth": 1230,
  "VentOuterHeight": 1480,
  "WeightIncGlassOrThickness": false,
  "VentWeight": 77,
  "VentWeightExact": 77.26400000000001,
  "GlassThickness": 14,
  "ProfileWeightPerSerialMeter": 2.5,
  "FacadeInclination": 0,
  "ChainLengthConnectingRodHandle": 5,
  "ChainLenghtConnectingRodHandle": 0,
  "RequiredOpeningStroke": 400,
  "OpeningWidth": 1000,
  "OpeningAngle": 15.532868337024489,
  "SpecificExhaustDimension": 30,
  "BuildingDepth": 75,
  "SnowLoad": 0,
  "DistanceHinge": 0,
  "RatedCurrent": 0,
  "DrivePosition": 2,
  "LockingMechanism": 1,
  "Voltage": 1,
  "DriveType": 1,
  "TypeOfInstallation": 2,
  "GeometricArea": 0,
  "CalculationTypeForVentilation": 1,
  "HeightOfProfile": 0,
  "Reveal": 0,
  "RevealDepth": 0,
  "HeightProfileRectangleAngle1": 0,
  "HeightProfileRectangleAngle2": 0,
  "RevealDepthRectangleAngle1": 0,
  "RevealDepthRectangleAngle2": 0,
  "RevealDepthRectangleAngle12": 0,
  "InstallationPosition": 0,
  "RecommendedDriveArticleNo": 0,
  "System": "",
  "AkippOrAtilt": 1.084,
  "AdrehOrAturn": 1.8204,
  "Ageo": 1.084,
  "MinPullingForceMax": -206.4868442161654,
  "MinPushingForceMax": -206.4868442161654,
  "MinPullingForcePermanent": -104.11163259218097,
  "MinPushingForcePermanent": -104.11163259218097,
  "ForceWithNegativeWind": 109.53156767199486,
  "ForceWithNoWindMin": 0.30763693489047433,
  "ForceWithNegativeWindMin": 0,
  "ForceWithWindMin": -108.91629380221393,
  "Id": "be86d46f-1af5-48bc-99a2-741752501c20",
  "CreatedOn": "2024-12-05T08:23:50.253784+00:00",
  "CreatedBy": "579816e4-6653-4794-b435-a885f32e28d7",
  "ModifiedOn": "2024-12-05T08:23:50.2537853+00:00",
  "ModifiedBy": ""
}

13:53:52.724 [main] INFO  com.intuit.karate - Generated Config ID: be86d46f-1af5-48bc-99a2-741752501c20 
13:53:52.724 [main] INFO  com.intuit.karate - Generated Name: Dataset2135 
13:53:52.724 [main] INFO  com.intuit.karate - Generated Description: Dataset2135 
13:53:52.728 [main] DEBUG com.intuit.karate - request:
1 > PUT https://dev-drivetec-apis.schuecodigitalsolutions.com/Configurations
1 > Content-Type: application/json; charset=UTF-8
1 > Content-Length: 1274
1 > Host: dev-drivetec-apis.schuecodigitalsolutions.com
1 > Connection: Keep-Alive
1 > User-Agent: Apache-HttpClient/4.5.14 (Java/17.0.12)
1 > Accept-Encoding: gzip,deflate
{"Id":"be86d46f-1af5-48bc-99a2-741752501c20","Name":"Dataset28","Description":"Dataset2135","ProjectId":"2afcf090-6588-4022-aa5e-49fca51f940e","CustomTags":"","CreatedBy":"579816e4-6653-4794-b435-a885f32e28d7","ModifiedBy":"579816e4-6653-4794-b435-a885f32e28d7","System":"","FacadeInclination":-45,"OpeningType":1,"OpeningDirection":1,"OpeningWidth":1000,"VentOuterWidth":1230,"VentOuterHeight":1480,"VentWeight":0,"CalculateWeightWithGlass":false,"RequiredOpeningStroke":400,"WindLoad":120,"SnowLoad":0,"IsWindowOpeningCalculationByAngle":1,"GlassThickness":14,"ProfileWeightPerSerialMeter":2.5,"DrivePosition":1,"InstallationPosition":0,"LockingMechanism":1,"Voltage":1,"DriveType":1,"TypeOfInstallation":2,"GeometricArea":0,"CalcVentilation":1,"SpecificExhaustDimension":46,"BuildingDepth":75,"CalculationTypeForVentilation":1,"HeightOfProfile":0,"HeightProfileRectangleAngle1":0,"HeightProfileRectangleAngle2":0,"RevealDepth":0,"RevealDepthRectangleAngle1":0,"RevealDepthRectangleAngle2":0,"ChainLengthConnectingRodHandle":5,"ApplicationName":1,"OpeningAngle":10,"WeightIncGlassOrThickness":false,"AkippOrAtilt":0,"AdrehOrAturn":0,"Ageo":0,"MinPullingForceMax":0,"MinPushingForceMax":0,"MinPullingForcePermanent":0,"MinPushingForcePermanent":0,"ForceWithNegativeWind":0}

13:53:53.341 [main] DEBUG com.intuit.karate - response time in milliseconds: 612
1 < 200
1 < Content-Type: application/json; charset=utf-8
1 < Date: Thu, 05 Dec 2024 08:23:50 GMT
1 < Server: Microsoft-IIS/10.0
1 < X-Powered-By: ASP.NET
1 < transfer-encoding: chunked
1 < Connection: keep-alive
{
  "ProjectId": "2afcf090-6588-4022-aa5e-49fca51f940e",
  "Name": "Dataset28",
  "Description": "Dataset2135",
  "CustomTags": "",
  "ApplicationName": 1,
  "OpeningType": 1,
  "OpeningDirection": 1,
  "CalculateWeightWithGlass": false,
  "WindLoad": 120,
  "IsWindowOpeningCalculationByAngle": 1,
  "VentOuterWidth": 1230,
  "VentOuterHeight": 1480,
  "WeightIncGlassOrThickness": false,
  "VentWeight": 77,
  "VentWeightExact": 77.26400000000001,
  "GlassThickness": 14,
  "ProfileWeightPerSerialMeter": 2.5,
  "FacadeInclination": -45,
  "ChainLengthConnectingRodHandle": 5,
  "ChainLenghtConnectingRodHandle": 0,
  "RequiredOpeningStroke": 400,
  "OpeningWidth": 1000,
  "OpeningAngle": 15.532868337024489,
  "SpecificExhaustDimension": 46,
  "BuildingDepth": 75,
  "SnowLoad": 0,
  "DistanceHinge": 0,
  "RatedCurrent": 0,
  "DrivePosition": 1,
  "LockingMechanism": 1,
  "Voltage": 1,
  "DriveType": 1,
  "TypeOfInstallation": 2,
  "GeometricArea": 0,
  "CalculationTypeForVentilation": 1,
  "HeightOfProfile": 0,
  "Reveal": 0,
  "RevealDepth": 0,
  "HeightProfileRectangleAngle1": 0,
  "HeightProfileRectangleAngle2": 0,
  "RevealDepthRectangleAngle1": 0,
  "RevealDepthRectangleAngle2": 0,
  "RevealDepthRectangleAngle12": 0,
  "InstallationPosition": 0,
  "RecommendedDriveArticleNo": 0,
  "System": "",
  "AkippOrAtilt": 1.084,
  "AdrehOrAturn": 1.8204,
  "Ageo": 1.084,
  "MinPullingForceMax": -327.5854654995324,
  "MinPushingForceMax": -366.01794951544485,
  "MinPullingForcePermanent": -339.22933592277116,
  "MinPushingForcePermanent": -339.22933592277116,
  "ForceWithNegativeWind": -312.44072233009746,
  "ForceWithNoWindMin": -272.84299862686447,
  "ForceWithNegativeWindMin": -218.10053175419654,
  "ForceWithWindMin": -327.5854654995324,
  "Id": "be86d46f-1af5-48bc-99a2-741752501c20",
  "CreatedOn": "0001-01-01T00:00:00",
  "CreatedBy": "579816e4-6653-4794-b435-a885f32e28d7",
  "ModifiedOn": "2024-12-05T08:23:50.8550558+00:00",
  "ModifiedBy": "579816e4-6653-4794-b435-a885f32e28d7"
}

13:53:53.342 [main] INFO  com.intuit.karate - VentWeight from API Response: 77 
13:53:53.345 [main] INFO  com.intuit.karate - Rounded Opening Angle: 16.0 
13:53:53.345 [main] INFO  com.intuit.karate - Rounded Ageo: 1.08 
13:53:53.345 [main] INFO  com.intuit.karate - Rounded Required Opening Stroke: 400.0 
13:53:53.345 [main] INFO  com.intuit.karate - Rounded Vent Weight: 77.0 
13:53:53.348 [main] DEBUG com.intuit.karate - request:
2 > GET https://dev-drivetec-apis.schuecodigitalsolutions.com/Config/be86d46f-1af5-48bc-99a2-741752501c20/Drive
2 > Host: dev-drivetec-apis.schuecodigitalsolutions.com
2 > Connection: Keep-Alive
2 > User-Agent: Apache-HttpClient/4.5.14 (Java/17.0.12)
2 > Accept-Encoding: gzip,deflate


13:53:54.069 [main] DEBUG com.intuit.karate - response time in milliseconds: 720
2 < 200
2 < Content-Type: application/json; charset=utf-8
2 < Date: Thu, 05 Dec 2024 08:23:50 GMT
2 < Server: Microsoft-IIS/10.0
2 < X-Powered-By: ASP.NET
2 < transfer-encoding: chunked
2 < Connection: keep-alive
[
  {
    "Name": "Chain actuator D4 400",
    "Bezeichnung": "Kettenantrieb D4 400",
    "ConfigurationId": "00000000-0000-0000-0000-000000000000",
    "Description": "",
    "Application": "Facade",
    "ApplicationFacade": true,
    "ApplicationSkylight": false,
    "Type": 1,
    "OpeningType": 0,
    "BottomHungInward": true,
    "BottomHungOutward": false,
    "SideHungInward": true,
    "SideHungOutward": true,
    "TopHungInward": false,
    "TopHungOutward": true,
    "ProjectedTopHungInward": false,
    "ProjectedTopHungOutward": true,
    "InstallationType": "",
    "ITMainOutFrmMountWBracket": true,
    "ITMainFixOutFrmMount": true,
    "ITMainVentFrmMount": true,
    "ITSideMount50": false,
    "ITSideMount60": false,
    "ITSideMount70": false,
    "ITSideMount80": false,
    "ITSideMount67": true,
    "Feature": "",
    "FeatureOpenClose": true,
    "FeatureLock": true,
    "ArticleNumber": 291706,
    "Stroke": 400,
    "Angle": 0,
    "Voltage": "24 V DC",
    "Voltage24": true,
    "Voltage230": false,
    "RatedCurrent": 1,
    "BreakingCurrent": 1,
    "PullingForceMax": 400,
    "PushingForceMax": 300,
    "PullingForceMaxWithNegativeWind": 0,
    "PushingForceMaxWithNegativeWind": 0,
    "PushingForcePermanent": 200,
    "PullingForcePermanent": 400,
    "MinPullingForceMax": -366.02,
    "MinPushingForceMax": 0,
    "MinPullingForcePermanent": -339.23,
    "MinPushingForcePermanent": 0,
    "Price": 273.74,
    "DriveLength": 551,
    "ChainDrive": 651,
    "ChainDrive2": 1262,
    "MaxLengthMainClosingEdge1Drive": 1850,
    "MaxGeometricArea": 1,
    "GeometricalSmokeExhaustion": 0,
    "TotalGlassThickness": 14,
    "Dimensions": 0,
    "DimensionsWxHxD": "551 x 24 x 35",
    "TensileForce": 0,
    "LockingForce": 0,
    "Details_DE": "<ul><li>Bemessungsspannung: 24 V DC (19 V … 28 V)</li> <li>Abschaltstrom: 1,2 A</li> <li>Bemessungsstrom: 0,9 A</li> <li>Bemessungsaufnahme: 22 W</li> <li>Schutzart: IP 32</li> <li>Zug-/Schubkraft: max. 400 N</li> <li>Umgebungstemperatur: -5°C bis + 60°C</li> <li>Anschlussleitung: Halogenfrei, grau 5 x 0,5mm², ~3m</li> <li>Max. Geschwindigkeit: 13,5 mm/s</li></ul>",
    "Details_EN": "<ul><li>Rated voltage: 24 V DC (19 V … 28 V)</li> <li>Breaking current: 1.2 A</li><li>Rated current: 0.9 A</li><li>Rated consumption: 22 W</li><li>Protection rating: IP 32</li><li>Traction/ thrust: max. 400 N</li><li>Ambient temperature: -5° C to +60° C</li><li>Connecting cable: halogen-free, grey, 5 x 0.5 mm², ~ 3 m</li><li>Max. speed: 13,5 mm/s </li></ul>",
    "Einsatz": "<ul><li>Anwendung: Lüftung, NRA</li> <li>Integrierte intelligente Regelelektronik</li> <li>Rückmeldung Endlage „ZU“ (max. 24 V, 500 mA)</li> </ul>",
    "Use": "<ul><li>Application: ventilation, natural smoke ventilation</li> <li>Integrated intelligent control electronics</li> <li>Response for “CLOSED” end position (max. 24 V, 500 mA)</li> </ul>",
    "Ausstattung": "<ul><li>Zusätzlicher Universal-Steckersatz für Mehrfachbetrieb bis zu 4 Antrieben und 2 Verriegelungsantrieben</li></ul>",
    "Equipment": "<ul><li>Additional universal plug socket for multiplex operation of up to 4 drives and 2 interlocking drives</li></ul>",
    "Optionen": "<ul><li>Programmierung von Sonderfunktionen</li> <li>Programmierbare Rückmeldung Endlage „AUF“ (max. 24 V, 500 mA)</li> <li>Schüco Kontroller zur automatischen Konfiguration von Synchronlauf und Folgesteuerungen mit Verriegelungsantrieben in Antriebs-Verbundsystemen</li> </ul>",
    "Options": "<ul><li>Programming of special functions</li> <li>Programmable response for “OPEN” end position (max. 24 V, 500 mA)</li> <li>Schüco controller for automatic configuration of synchronous running and sequence control with locking drives in composite drive systems</li> </ul>",
    "IsTwoPce": false,
    "ResultVentWeight": 77.26,
    "IsLsRsDrive": true,
    "ArticleNumberRs": 291705,
    "TwoDrivesSideInstallation50": 0,
    "TwoDrivesSideInstallation60": 0,
    "TwoDrivesSideInstallation70": 0,
    "TwoDrivesSideInstallation80": 0,
    "OpeningSpeedmms": 0,
    "Traction": 400,
    "Thrust": 300,
    "Id": "3d1279a9-fd09-4a49-8d1b-c747973b2872",
    "CreatedOn": "2024-09-26T13:55:26.817Z",
    "CreatedBy": "",
    "ModifiedOn": "2024-09-26T13:55:26.817Z",
    "ModifiedBy": ""
  },
  {
    "Name": "Chain actuator D6 400",
    "Bezeichnung": "Kettenantrieb D6 400",
    "ConfigurationId": "00000000-0000-0000-0000-000000000000",
    "Description": "",
    "Application": "Facade",
    "ApplicationFacade": true,
    "ApplicationSkylight": true,
    "Type": 1,
    "OpeningType": 0,
    "BottomHungInward": true,
    "BottomHungOutward": true,
    "SideHungInward": true,
    "SideHungOutward": true,
    "TopHungInward": false,
    "TopHungOutward": true,
    "ProjectedTopHungInward": false,
    "ProjectedTopHungOutward": true,
    "InstallationType": "",
    "ITMainOutFrmMountWBracket": true,
    "ITMainFixOutFrmMount": false,
    "ITMainVentFrmMount": true,
    "ITSideMount50": false,
    "ITSideMount60": false,
    "ITSideMount70": false,
    "ITSideMount80": false,
    "ITSideMount67": true,
    "Feature": "",
    "FeatureOpenClose": true,
    "FeatureLock": true,
    "ArticleNumber": 291715,
    "Stroke": 400,
    "Angle": 0,
    "Voltage": "24 V DC",
    "Voltage24": true,
    "Voltage230": false,
    "RatedCurrent": 1,
    "BreakingCurrent": 1,
    "PullingForceMax": 600,
    "PushingForceMax": 600,
    "PullingForceMaxWithNegativeWind": 0,
    "PushingForceMaxWithNegativeWind": 0,
    "PushingForcePermanent": 400,
    "PullingForcePermanent": 600,
    "MinPullingForceMax": -366.02,
    "MinPushingForceMax": 0,
    "MinPullingForcePermanent": -339.23,
    "MinPushingForcePermanent": 0,
    "Price": 360.35,
    "DriveLength": 591,
    "ChainDrive": 691,
    "ChainDrive2": 1342,
    "MaxLengthMainClosingEdge1Drive": 1920,
    "MaxGeometricArea": 1,
    "GeometricalSmokeExhaustion": 0,
    "TotalGlassThickness": 14,
    "Dimensions": 0,
    "DimensionsWxHxD": "591 x 40 x 56",
    "TensileForce": 0,
    "LockingForce": 0,
    "Details_DE": "<ul> <li>Bemessungsspannung: 24 V DC (19 V … 28 V)</li> <li>Abschaltstrom: 1,2 A</li> <li>Bemessungsstrom: 0,9 A</li> <li>Bemessungsaufnahme: 22 W</li> <li>Schutzart: IP 32</li> <li>Zug-/Schubkraft: max. 600 N</li> <li>Umgebungstemperatur: -5°C bis + 60°C</li> <li>Anschlussleitung: Halogenfrei, grau 5 x 0,5mm², ~3m</li> <li>Max. Geschwindigkeit: 13,5 mm/s</li> </ul>",
    "Details_EN": "<ul> <li>Rated voltage: 24 V DC (19 V … 28 V)</li><li>Breaking current: 1.2 A</li><li>Rated current: 0.9 A</li><li>Rated consumption: 22W</li><li>Protection rating: IP 32</li><li>Traction/ thrust: max. 600 N</li><li>Ambient temperature: -5° C to +60° C</li><li>Connecting cable: halogen-free, grey 3 x 0,5mm², ~3m</li><li>Max. speed: 13,5 mm/s</li></ul>",
    "Einsatz": "<ul><li>Anwendung: Lüftung, NRA</li> <li>Integrierte intelligente Regelelektronik</li></ul>",
    "Use": "<ul><li>Application: ventilation, natural smoke ventilation</li> <li>Integrated intelligent control electronics</li> </ul>",
    "Ausstattung": "<ul><li>Zusätzlicher Universal-Steckersatz für Mehrfachbetrieb bis zu 4 Antrieben und 2 Verriegelungsantrieben</li></ul>",
    "Equipment": "<ul><li>Additional universal plug socket for multiplex operation  of up to 4 drives and 2 interlocking drives</li></ul>",
    "Optionen": "<ul><li>Programmierung von Sonderfunktionen</li> <li>Programmierbare Rückmeldung Endlage „AUF“ (max. 24 V, 500 mA)</li> <li>Schüco Kontroller zur automatischen Konfiguration von Synchronlauf und Folgesteuerungen mit Verriegelungsantrieben in Antriebs-Verbundsystemen</li> </ul>",
    "Options": "<ul><li>Programming of special functions</li> <li>Programmable response for “OPEN” end position (max. 24 V, 500 mA)</li> <li>Schüco controller for automatic configuration of synchronous running and sequence control with locking drives in composite drive systems</li> </ul>",
    "IsTwoPce": false,
    "ResultVentWeight": 77.26,
    "IsLsRsDrive": false,
    "ArticleNumberRs": 0,
    "TwoDrivesSideInstallation50": 0,
    "TwoDrivesSideInstallation60": 0,
    "TwoDrivesSideInstallation70": 0,
    "TwoDrivesSideInstallation80": 0,
    "OpeningSpeedmms": 0,
    "Traction": 600,
    "Thrust": 600,
    "Id": "6cfaf03b-807c-4298-8635-4bf804653a9e",
    "CreatedOn": "2024-09-26T13:55:26.817Z",
    "CreatedBy": "",
    "ModifiedOn": "2024-09-26T13:55:26.817Z",
    "ModifiedBy": ""
  },
  {
    "Name": "Chain actuator TWIN D2 L400",
    "Bezeichnung": "Kettenantrieb TWIN D2 L400",
    "ConfigurationId": "00000000-0000-0000-0000-000000000000",
    "Description": "",
    "Application": "Facade",
    "ApplicationFacade": true,
    "ApplicationSkylight": false,
    "Type": 1,
    "OpeningType": 0,
    "BottomHungInward": true,
    "BottomHungOutward": false,
    "SideHungInward": false,
    "SideHungOutward": false,
    "TopHungInward": false,
    "TopHungOutward": true,
    "ProjectedTopHungInward": false,
    "ProjectedTopHungOutward": false,
    "InstallationType": "",
    "ITMainOutFrmMountWBracket": true,
    "ITMainFixOutFrmMount": true,
    "ITMainVentFrmMount": true,
    "ITSideMount50": false,
    "ITSideMount60": false,
    "ITSideMount70": false,
    "ITSideMount80": false,
    "ITSideMount67": false,
    "Feature": "",
    "FeatureOpenClose": true,
    "FeatureLock": true,
    "ArticleNumber": 291773,
    "Stroke": 400,
    "Angle": 0,
    "Voltage": "24 V DC",
    "Voltage24": true,
    "Voltage230": false,
    "RatedCurrent": 1,
    "BreakingCurrent": 2,
    "PullingForceMax": 500,
    "PushingForceMax": 400,
    "PullingForceMaxWithNegativeWind": 0,
    "PushingForceMaxWithNegativeWind": 0,
    "PushingForcePermanent": 266.67,
    "PullingForcePermanent": 500,
    "MinPullingForceMax": -366.02,
    "MinPushingForceMax": 0,
    "MinPullingForcePermanent": -339.23,
    "MinPushingForcePermanent": 0,
    "Price": 503.83,
    "DriveLength": 830,
    "ChainDrive": 930,
    "ChainDrive2": 0,
    "MaxLengthMainClosingEdge1Drive": 1650,
    "MaxGeometricArea": 1,
    "GeometricalSmokeExhaustion": 0,
    "TotalGlassThickness": 14,
    "Dimensions": 0,
    "DimensionsWxHxD": "830 x 26 x 41",
    "TensileForce": 0,
    "LockingForce": 0,
    "Details_DE": "<ul><li>Bemessungsspannung: 24 V DC (19 V … 28 V)</li> <li>Abschaltstrom: 2,0 A</li> <li>Bemessungsstrom: 1,4 A</li> <li>Bemessungsaufnahme: 34 W</li> <li>Schutzart: IP 32</li> <li>Zug-/Schubkraft: max. 500 N</li> <li>Umgebungstemperatur: -5°C bis + 60°C</li> <li>Anschlussleitung: Halogenfrei, grau 3 x 0,5mm², ~3m</li> <li>Max. Geschwindigkeit: 12 mm/s</li> </ul>",
    "Details_EN": "<ul><li>Rated voltage: 24 V DC (19 V … 28 V)</li><li>Breaking current: 2.0 A</li><li>Rated current: 1.4 A</li><li>Rated consumption: 34 W</li><li>Protection rating: IP 32</li><li>Traction/ thrust: max. 500 N</li><li>Ambient temperature: -5°C bis + 60°C</li><li>Connecting cable: halogen-free, grey 3 x 0,5mm², ~3m</li><li>Max. speed: 12 mm/s</li></ul>",
    "Einsatz": "<ul><li>Anwendung: Lüftung, NRA</li> <li>Integrierte intelligente Regelelektronik</li> <li>Rückmeldung Endlage „ZU“ (max. 24 V, 500 mA)</li> </ul>",
    "Use": "<ul><li>Application: ventilation, natural smoke ventilation</li> <li>Integrated intelligent control electronics</li> <li>Response for \"CLOSED\" end position (max. 24 V, 500 mA)</li> </ul>",
    "Ausstattung": null,
    "Equipment": null,
    "Optionen": "<ul><li>Programmierung von Sonderfunktionen</li> <li>Programmierbare Rückmeldung Endlage „AUF“ (max. 24 V, 500 mA)</li> <li>Schüco Kontroller zur automatischen Konfiguration von Synchronlauf und Folgesteuerungen mit Verriegelungsantrieb in Antriebs-Verbundsystem</li> </ul>",
    "Options": "<ul><li>Programming of special functions</li> <li>Programmable response for \"OPEN\" end position (max. 24 V, 500 mA)</li> <li>Schüco controller for automatic configuration of synchronous running and sequence control with locking drives in composite drive systems</li> </ul>",
    "IsTwoPce": false,
    "ResultVentWeight": 77.26,
    "IsLsRsDrive": false,
    "ArticleNumberRs": 0,
    "TwoDrivesSideInstallation50": 0,
    "TwoDrivesSideInstallation60": 0,
    "TwoDrivesSideInstallation70": 0,
    "TwoDrivesSideInstallation80": 0,
    "OpeningSpeedmms": 0,
    "Traction": 500,
    "Thrust": 400,
    "Id": "bee855a0-ff9e-43a3-aef0-f3ffc5797b4f",
    "CreatedOn": "2024-09-26T13:55:26.817Z",
    "CreatedBy": "",
    "ModifiedOn": "2024-09-26T13:55:26.817Z",
    "ModifiedBy": ""
  },
  {
    "Name": "Chain actuator D2 L400",
    "Bezeichnung": "Kettenantrieb D2 L400",
    "ConfigurationId": "00000000-0000-0000-0000-000000000000",
    "Description": "",
    "Application": "Facade",
    "ApplicationFacade": true,
    "ApplicationSkylight": false,
    "Type": 1,
    "OpeningType": 0,
    "BottomHungInward": true,
    "BottomHungOutward": false,
    "SideHungInward": true,
    "SideHungOutward": false,
    "TopHungInward": false,
    "TopHungOutward": true,
    "ProjectedTopHungInward": false,
    "ProjectedTopHungOutward": false,
    "InstallationType": "",
    "ITMainOutFrmMountWBracket": true,
    "ITMainFixOutFrmMount": true,
    "ITMainVentFrmMount": true,
    "ITSideMount50": false,
    "ITSideMount60": false,
    "ITSideMount70": false,
    "ITSideMount80": false,
    "ITSideMount67": true,
    "Feature": "",
    "FeatureOpenClose": true,
    "FeatureLock": true,
    "ArticleNumber": 291754,
    "Stroke": 400,
    "Angle": 0,
    "Voltage": "24 V DC",
    "Voltage24": true,
    "Voltage230": false,
    "RatedCurrent": 1,
    "BreakingCurrent": 1,
    "PullingForceMax": 250,
    "PushingForceMax": 200,
    "PullingForceMaxWithNegativeWind": 0,
    "PushingForceMaxWithNegativeWind": 0,
    "PushingForcePermanent": 133.33,
    "PullingForcePermanent": 250,
    "MinPullingForceMax": -366.02,
    "MinPushingForceMax": 0,
    "MinPullingForcePermanent": -339.23,
    "MinPushingForcePermanent": 0,
    "Price": 504.76,
    "DriveLength": 430,
    "ChainDrive": 530,
    "ChainDrive2": 1020,
    "MaxLengthMainClosingEdge1Drive": 1650,
    "MaxGeometricArea": 1,
    "GeometricalSmokeExhaustion": 0,
    "TotalGlassThickness": 14,
    "Dimensions": 0,
    "DimensionsWxHxD": "430 x 26 x 41",
    "TensileForce": 0,
    "LockingForce": 0,
    "Details_DE": "<ul><li>Bemessungsspannung: 24 V DC (19 V … 28 V)</li><li>Abschaltstrom: 1,0 A</li><li>Bemessungsstrom: 0,7 A</li><li>Bemessungsaufnahme: 17 W</li><li>Schutzart: IP 32</li><li>Zug-/Schubkraft: max. 250 N</li><li>Umgebungstemperatur: -5°C bis + 60°C</li><li>Anschlussleitung: Halogenfrei, grau 3 x 0,5 mm², ~3 m</li><li>Max. Geschwindigkeit: 13,5 mm/s</li></ul>",
    "Details_EN": "<ul><li>Rated voltage: 24 V DC (19 V … 28 V)</li><li>Breaking current: 1.0 A</li><li>Rated current: 0.7 A</li><li>Rated consumption: 17 W</li><li>Protection rating: IP 32</li><li>Traction/ thrust: max. 250 N</li><li>Ambient temperature: -5°C bis + 60°C</li><li>Connecting cable: halogen-free, grey 3 x 0.5 mm², ~3 m</li><li>Max. speed: 13.5 mm/s</li></ul>",
    "Einsatz": "<ul> <li>Anwendung: Lüftung, NRA</li> <li>Integrierte intelligente Regelelektronik</li> <li>Rückmeldung Endlage „ZU“ (max. 24 V, 500 mA)</li> </ul>",
    "Use": "<ul> <li>Application: ventilation, natural smoke ventilation</li> <li>Integrated, intelligent control electronics</li> <li>Response for “CLOSED” end position (max. 24 V, 500 mA)</li> </ul>",
    "Ausstattung": null,
    "Equipment": null,
    "Optionen": "<ul> <li>Programmierung von Sonderfunktionen</li> <li>Programmierbare Rückmeldung Endlage „AUF“ (max. 24 V, 500 mA)</li> <li>Schüco Kontroller zur automatischen Konfiguration von Synchronlauf und Folgesteuerungen mit Verriegelungsantrieben in Antriebs-Verbundsystemen</li> </ul>",
    "Options": "<ul> <li>Programming of special functions</li> <li>Programmable response for “OPEN” end position (max. 24 V, 500 mA)</li> <li>Schüco controller for automatic configuration of synchronous running and sequence control with locking drives in composite drive systems</li></ul>",
    "IsTwoPce": true,
    "ResultVentWeight": 77.26,
    "IsLsRsDrive": true,
    "ArticleNumberRs": 291755,
    "TwoDrivesSideInstallation50": 0,
    "TwoDrivesSideInstallation60": 0,
    "TwoDrivesSideInstallation70": 0,
    "TwoDrivesSideInstallation80": 0,
    "OpeningSpeedmms": 0,
    "Traction": 250,
    "Thrust": 200,
    "Id": "94015dd3-0c39-4d62-be4f-b1e2f8066f98",
    "CreatedOn": "2024-09-26T13:55:26.817Z",
    "CreatedBy": "",
    "ModifiedOn": "2024-09-26T13:55:26.817Z",
    "ModifiedBy": ""
  },
  {
    "Name": "Locking actuator EasyConnect",
    "Bezeichnung": "Verriegelungsantrieb EasyConnect",
    "ConfigurationId": "00000000-0000-0000-0000-000000000000",
    "Description": "",
    "Application": "",
    "ApplicationFacade": true,
    "ApplicationSkylight": false,
    "Type": 5,
    "OpeningType": 0,
    "BottomHungInward": true,
    "BottomHungOutward": false,
    "SideHungInward": true,
    "SideHungOutward": false,
    "TopHungInward": false,
    "TopHungOutward": false,
    "ProjectedTopHungInward": false,
    "ProjectedTopHungOutward": false,
    "InstallationType": "",
    "ITMainOutFrmMountWBracket": true,
    "ITMainFixOutFrmMount": true,
    "ITMainVentFrmMount": false,
    "ITSideMount50": false,
    "ITSideMount60": false,
    "ITSideMount70": false,
    "ITSideMount80": false,
    "ITSideMount67": false,
    "Feature": "",
    "FeatureOpenClose": true,
    "FeatureLock": false,
    "ArticleNumber": 291787,
    "Stroke": 0,
    "Angle": 0,
    "Voltage": null,
    "Voltage24": true,
    "Voltage230": true,
    "RatedCurrent": 0,
    "BreakingCurrent": 0,
    "PullingForceMax": 0,
    "PushingForceMax": 0,
    "PullingForceMaxWithNegativeWind": 0,
    "PushingForceMaxWithNegativeWind": 0,
    "PushingForcePermanent": 0,
    "PullingForcePermanent": 0,
    "MinPullingForceMax": 0,
    "MinPushingForceMax": 0,
    "MinPullingForcePermanent": 0,
    "MinPushingForcePermanent": 0,
    "Price": 0,
    "DriveLength": 0,
    "ChainDrive": 0,
    "ChainDrive2": 0,
    "MaxLengthMainClosingEdge1Drive": 0,
    "MaxGeometricArea": 0,
    "GeometricalSmokeExhaustion": 0,
    "TotalGlassThickness": 0,
    "Dimensions": 0,
    "DimensionsWxHxD": "375 x 24 x 35",
    "TensileForce": 0,
    "LockingForce": 0,
    "Details_DE": "<ul> <li>Bemessungsspannung: 24 V DC (19 V … 28 V)</li> <li>Abschaltstrom: ~1,0 A</li> <li>Bemessungsstrom: 0,6 A</li> <li>Bemessungsaufnahme: 15 W</li> <li>Schutzart: IP 32</li><li>Zug-/Schubkraft: max. 600 N</li> <li>Umgebungstemperatur: -5°C bis + 60°C</li> <li>Anschlussleitung: Halogenfrei, grau 5 x 0,5mm² , ~5m</li> <li>Laufzeit: ~ 5s</li><li>Hub: ~ 18mm</li> </ul>",
    "Details_EN": "<ul> <li>Rated voltage : 24 V DC (19 V … 28 V</li> <li>Breaking current : ~1,0 A</li> <li>Rated current : 0,6 A</li> <li>Rated consumption : 15 W</li> <li>Protection rating : IP 32</li><li>Traction/ thrust : max. 600 N</li> <li>Ambient temperature: -5°C bis + 60°C</li> <li>Connecting cable: halogen-free, grey 5 x 0,5mm² , ~5m</li> <li>Running time: ~ 5s</li><li>Stroke: ~ 18mm</li> </ul>",
    "Einsatz": "<ul> <li>Anwendung: Lüftung, NRA</li><li>Integrierte intelligente Regelelektronik</li></ul>",
    "Use": "<ul> <li>Application: ventilation, natural smoke ventilation</li> <li>Integrated intelligent control electronics</li></ul>",
    "Ausstattung": "<ul><li>Laufrichtung einstellbar</li><li>Zusätzlicher Universal-Steckersatz</li></ul>",
    "Equipment": "<ul><li>Running direction adjustable</li><li>Additional universal plug socket</li></ul>",
    "Optionen": "<ul> <li>Mitnehmer objekt-/profilspezifisch anpassbar</li></ul>",
    "Options": "<ul> <li>Coupling adapter customizable for project-/profile-specific demands</li></ul>",
    "IsTwoPce": false,
    "ResultVentWeight": 0,
    "IsLsRsDrive": false,
    "ArticleNumberRs": 0,
    "TwoDrivesSideInstallation50": 0,
    "TwoDrivesSideInstallation60": 0,
    "TwoDrivesSideInstallation70": 0,
    "TwoDrivesSideInstallation80": 0,
    "OpeningSpeedmms": 0,
    "Traction": 0,
    "Thrust": 0,
    "Id": "f894c384-bd5f-4f1b-a446-f4a3afc8426e",
    "CreatedOn": "2024-09-26T13:55:26.817Z",
    "CreatedBy": "",
    "ModifiedOn": "2024-09-26T13:55:26.817Z",
    "ModifiedBy": ""
  },
  {
    "Name": "Locking actuator 600",
    "Bezeichnung": "Verriegelungsantrieb 600",
    "ConfigurationId": "00000000-0000-0000-0000-000000000000",
    "Description": "",
    "Application": "",
    "ApplicationFacade": true,
    "ApplicationSkylight": false,
    "Type": 5,
    "OpeningType": 0,
    "BottomHungInward": true,
    "BottomHungOutward": false,
    "SideHungInward": true,
    "SideHungOutward": false,
    "TopHungInward": false,
    "TopHungOutward": false,
    "ProjectedTopHungInward": false,
    "ProjectedTopHungOutward": false,
    "InstallationType": "",
    "ITMainOutFrmMountWBracket": true,
    "ITMainFixOutFrmMount": true,
    "ITMainVentFrmMount": false,
    "ITSideMount50": false,
    "ITSideMount60": false,
    "ITSideMount70": false,
    "ITSideMount80": false,
    "ITSideMount67": false,
    "Feature": "",
    "FeatureOpenClose": true,
    "FeatureLock": false,
    "ArticleNumber": 291736,
    "Stroke": 0,
    "Angle": 0,
    "Voltage": null,
    "Voltage24": true,
    "Voltage230": true,
    "RatedCurrent": 0,
    "BreakingCurrent": 0,
    "PullingForceMax": 0,
    "PushingForceMax": 0,
    "PullingForceMaxWithNegativeWind": 0,
    "PushingForceMaxWithNegativeWind": 0,
    "PushingForcePermanent": 0,
    "PullingForcePermanent": 0,
    "MinPullingForceMax": 0,
    "MinPushingForceMax": 0,
    "MinPullingForcePermanent": 0,
    "MinPushingForcePermanent": 0,
    "Price": 218.27,
    "DriveLength": 0,
    "ChainDrive": 0,
    "ChainDrive2": 0,
    "MaxLengthMainClosingEdge1Drive": 0,
    "MaxGeometricArea": 0,
    "GeometricalSmokeExhaustion": 0,
    "TotalGlassThickness": 0,
    "Dimensions": 0,
    "DimensionsWxHxD": "415 x 26 x 26",
    "TensileForce": 0,
    "LockingForce": 0,
    "Details_DE": "<ul> <li>Bemessungsspannung: 24 V DC (19 V … 28 V)</li> <li>Abschaltstrom: ~1,0 A</li> <li>Bemessungsstrom: 0,6 A</li> <li>Bemessungsaufnahme: 15 W</li> <li>Schutzart: IP 32</li><li>Zug-/Schubkraft: max. 600 N</li> <li>Umgebungstemperatur: -5°C bis + 60°C</li> <li>Anschlussleitung: Halogenfrei, grau 3x 0,5mm², ~3m</li> <li>Laufzeit: ~ 5s</li><li>Hub: ~ 18mm</li> </ul>",
    "Details_EN": "<ul> <li>Rated voltage : 24 V DC (19 V … 28 V</li> <li>Breaking current : ~1,0 A</li> <li>Rated current : 0,6 A</li> <li>Rated consumption : 15 W</li> <li>Protection rating : IP 32</li><li>Traction/ thrust : max. 600 N</li> <li>Ambient temperature: -5°C bis + 60°C</li> <li>Connecting cable: halogen-free, grey 3 x 0,5mm², ~3m</li> <li>Running time: ~ 5s</li><li>Stroke: ~ 18mm</li> </ul>",
    "Einsatz": "<ul> <li>Anwendung: Lüftung, NRA</li><li>Integrierte intelligente Regelelektronik</li></ul>",
    "Use": "<ul> <li>Application: ventilation, natural smoke ventilation</li> <li>Integrated intelligent control electronics</li></ul>",
    "Ausstattung": "<ul><li>Laufrichtung einstellbar</li></ul>",
    "Equipment": "<ul><li>Running direction adjustable</li></ul>",
    "Optionen": "<ul> <li>Mitnehmer objekt-/profilspezifisch anpassbar</li></ul>",
    "Options": "<ul> <li>Coupling adapter customizable for project-/profile-specific demands</li></ul>",
    "IsTwoPce": false,
    "ResultVentWeight": 0,
    "IsLsRsDrive": true,
    "ArticleNumberRs": 291735,
    "TwoDrivesSideInstallation50": 0,
    "TwoDrivesSideInstallation60": 0,
    "TwoDrivesSideInstallation70": 0,
    "TwoDrivesSideInstallation80": 0,
    "OpeningSpeedmms": 0,
    "Traction": 0,
    "Thrust": 0,
    "Id": "69d8317e-493b-4010-8d9e-54168822bacf",
    "CreatedOn": "2024-09-26T13:55:26.817Z",
    "CreatedBy": "",
    "ModifiedOn": "2024-09-26T13:55:26.817Z",
    "ModifiedBy": ""
  }
]

13:53:54.073 [main] INFO  com.intuit.karate - Expected RecommDrive: Chain actuator D4 400,Chain actuator D6 400,Chain actuator TWIN D2 L400,Chain actuator D2 L400,Locking actuator EasyConnect,Locking actuator 600 
13:53:54.073 [main] INFO  com.intuit.karate - Actual RecommDrive: Chain actuator D4 400, Chain actuator D6 400, Chain actuator TWIN D2 L400, Chain actuator D2 L400, Locking actuator EasyConnect, Locking actuator 600 
13:53:54.073 [main] INFO  com.intuit.karate - Normalized Actual RecommDrive: Chain actuator D4 400,Chain actuator D6 400,Chain actuator TWIN D2 L400,Chain actuator D2 L400,Locking actuator EasyConnect,Locking actuator 600 
13:53:54.073 [main] INFO  com.intuit.karate - Normalized Expected RecommDrive: Chain actuator D4 400,Chain actuator D6 400,Chain actuator TWIN D2 L400,Chain actuator D2 L400,Locking actuator EasyConnect,Locking actuator 600 
13:53:54.075 [main] INFO  com.intuit.karate - All Drive IDs: [
  "3d1279a9-fd09-4a49-8d1b-c747973b2872",
  "6cfaf03b-807c-4298-8635-4bf804653a9e",
  "bee855a0-ff9e-43a3-aef0-f3ffc5797b4f",
  "94015dd3-0c39-4d62-be4f-b1e2f8066f98",
  "f894c384-bd5f-4f1b-a446-f4a3afc8426e",
  "69d8317e-493b-4010-8d9e-54168822bacf"
]
 
13:53:54.076 [main] INFO  com.intuit.karate - First Drive ID: 3d1279a9-fd09-4a49-8d1b-c747973b2872 
13:53:54.077 [main] DEBUG com.intuit.karate - request:
3 > POST https://dev-drivetec-apis.schuecodigitalsolutions.com/api/Drives/DownloadPDFNew/Schuco
3 > Content-Type: application/json; charset=UTF-8
3 > Content-Length: 1194
3 > Host: dev-drivetec-apis.schuecodigitalsolutions.com
3 > Connection: Keep-Alive
3 > User-Agent: Apache-HttpClient/4.5.14 (Java/17.0.12)
3 > Accept-Encoding: gzip,deflate
[{"Id":"configId","Header":"configId","Value":"be86d46f-1af5-48bc-99a2-741752501c20"},{"Id":"driveId","Header":"driveId","Value":"3d1279a9-fd09-4a49-8d1b-c747973b2872"},{"Id":"culture","Header":"culture","Value":"EN-US"},{"Id":"projectId","Header":"projectId","Value":"2afcf090-6588-4022-aa5e-49fca51f940e"},{"Id":"range-of-app","Header":"Range of application","Value":"Façade"},{"Id":"opening-type","Header":"Opening type","Value":"Bottom-hung vent"},{"Id":"opening-direction","Header":"Opening direction","Value":"Inward"},{"Id":"how-calc-weight","Header":"Vent weight","Value":"Weight including glass"},{"Id":"Chain-Length","Header":"Chain- \/ connecting rod handle","Value":"100%"},{"Id":"drive-position","Header":"Drive position","Value":"Side installation"},{"Id":"locking-mechanism","Header":"Locking mechanism","Value":"With"},{"Id":"voltage","Header":"Voltage","Value":"24 V"},{"Id":"drive-type","Header":"Drive type","Value":"Chain drive"},{"Id":"type-installation","Header":"Type of installation","Value":"Pivoting Outer Frame Installation"},{"Id":"calculation-type-for-ventilation-area","Header":"Calculation type for ventilation area","Value":"Method in accordance with ASR 3.6"}]

13:53:55.686 [main] DEBUG com.intuit.karate - response time in milliseconds: 1609
3 < 200
3 < Content-Type: application/json; charset=utf-8
3 < Date: Thu, 05 Dec 2024 08:23:53 GMT
3 < Server: Microsoft-IIS/10.0
3 < X-Powered-By: ASP.NET
3 < Content-Length: 276
3 < Connection: keep-alive
{
  "result": "https://drive-tec-dev.s3.amazonaws.com/AUT_TPJ33518-Chain_actuator_D4_400.pdf?AWSAccessKeyId=AKIAZAWIART4ZFAXXPHK&Expires=1733390633&response-content-disposition=attachment%3B&response-content-type=application%2Fpdf&Signature=8skymP7j0zycE33KaJZIg5WXfWM%3D"
}

13:53:55.687 [main] INFO  com.intuit.karate - Download URL for first driveId: https://drive-tec-dev.s3.amazonaws.com/AUT_TPJ33518-Chain_actuator_D4_400.pdf?AWSAccessKeyId=AKIAZAWIART4ZFAXXPHK&Expires=1733390633&response-content-disposition=attachment%3B&response-content-type=application%2Fpdf&Signature=8skymP7j0zycE33KaJZIg5WXfWM%3D 
13:53:55.692 [main] INFO  com.intuit.karate - karate.env system property was: null 
13:53:55.694 [main] INFO  com.intuit.karate - Running test for dataset:  Dataset29 
13:53:55.701 [main] INFO  com.intuit.karate - Using ProjectId:  {
  "result": {
    "projectId": "prjId"
  },
  "projectPayload": {
    "Id": "579816e4-6653-4794-b435-a885f32e28d7",
    "Name": "AUT_TPJ33518",
    "Address": "Hyderabad, Telangana, India",
    "Description": "",
    "CreatedBy": "579816e4-6653-4794-b435-a885f32e28d7",
    "ModifiedBy": "579816e4-6653-4794-b435-a885f32e28d7"
  },
  "uniqueName": "AUT_TPJ33518",
  "responseHeaders": {
    "Content-Type": [
      "application/json; charset=utf-8"
    ],
    "Date": [
      "Thu, 05 Dec 2024 08:22:12 GMT"
    ],
    "Server": [
      "Microsoft-IIS/10.0"
    ],
    "X-Powered-By": [
      "ASP.NET"
    ],
    "transfer-encoding": [
      "chunked"
    ],
    "Connection": [
      "keep-alive"
    ],
    "Set-Cookie": [
    ]
  },
  "responseTime": 841,
  "response": {
    "Name": "AUT_TPJ33518",
    "Description": "",
    "Address": "Hyderabad, Telangana, India",
    "Id": "2afcf090-6588-4022-aa5e-49fca51f940e",
    "CreatedOn": "2024-12-05T08:22:11.998251+00:00",
    "CreatedBy": "579816e4-6653-4794-b435-a885f32e28d7",
    "ModifiedOn": "2024-12-05T08:22:11.9982526+00:00",
    "ModifiedBy": ""
  },
  "responseStatus": 200,
  "prjId": "2afcf090-6588-4022-aa5e-49fca51f940e",
  "projectId": "2afcf090-6588-4022-aa5e-49fca51f940e"
}
 
13:53:55.704 [main] DEBUG com.intuit.karate - request:
1 > POST https://dev-drivetec-apis.schuecodigitalsolutions.com/Configurations
1 > Content-Type: application/json; charset=UTF-8
1 > Content-Length: 1275
1 > Host: dev-drivetec-apis.schuecodigitalsolutions.com
1 > Connection: Keep-Alive
1 > User-Agent: Apache-HttpClient/4.5.14 (Java/17.0.12)
1 > Accept-Encoding: gzip,deflate
{"Id":"00000000-0000-0000-0000-000000000000","ProjectId":"2afcf090-6588-4022-aa5e-49fca51f940e","Name":"Dataset5704","Description":"Dataset5704","CustomTags":"","CreatedBy":"579816e4-6653-4794-b435-a885f32e28d7","ModifiedBy":"579816e4-6653-4794-b435-a885f32e28d7","ApplicationName":1,"System":"","FacadeInclination":0,"OpeningType":1,"OpeningDirection":1,"OpeningWidth":1000,"VentOuterWidth":1230,"VentOuterHeight":1480,"VentWeight":70,"CalculateWeightWithGlass":false,"WeightIncGlassOrThickness":false,"GlassThickness":14,"ProfileWeightPerSerialMeter":2.5,"IsWindowOpeningCalculationByAngle":1,"RequiredOpeningStroke":400,"OpeningAngle":15,"WindLoad":120,"SnowLoad":0,"DrivePosition":2,"InstallationPosition":1,"ChainLengthConnectingRodHandle":5,"LockingMechanism":1,"Voltage":1,"DriveType":1,"TypeOfInstallation":2,"CalculationTypeForVentilation":1,"CalcVentilation":1,"GeometricArea":1,"SpecificExhaustDimension":30,"BuildingDepth":75,"RevealDepth":0,"RevealDepthRectangleAngle1":0,"RevealDepthRectangleAngle2":0,"HeightOfProfile":0,"HeightProfileRectangleAngle1":0,"HeightProfileRectangleAngle2":0,"AkippOrAtilt":0,"AdrehOrAturn":0,"Ageo":0,"MinPullingForceMax":0,"MinPushingForceMax":0,"MinPullingForcePermanent":0,"MinPushingForcePermanent":0,"ForceWithNegativeWind":0}

13:53:56.299 [main] DEBUG com.intuit.karate - response time in milliseconds: 593
1 < 200
1 < Content-Type: application/json; charset=utf-8
1 < Date: Thu, 05 Dec 2024 08:23:53 GMT
1 < Server: Microsoft-IIS/10.0
1 < X-Powered-By: ASP.NET
1 < Content-Length: 2031
1 < Connection: keep-alive
{
  "ProjectId": "2afcf090-6588-4022-aa5e-49fca51f940e",
  "Name": "Dataset5704",
  "Description": "Dataset5704",
  "CustomTags": "",
  "ApplicationName": 1,
  "OpeningType": 1,
  "OpeningDirection": 1,
  "CalculateWeightWithGlass": false,
  "WindLoad": 120,
  "IsWindowOpeningCalculationByAngle": 1,
  "VentOuterWidth": 1230,
  "VentOuterHeight": 1480,
  "WeightIncGlassOrThickness": false,
  "VentWeight": 77,
  "VentWeightExact": 77.26400000000001,
  "GlassThickness": 14,
  "ProfileWeightPerSerialMeter": 2.5,
  "FacadeInclination": 0,
  "ChainLengthConnectingRodHandle": 5,
  "ChainLenghtConnectingRodHandle": 0,
  "RequiredOpeningStroke": 400,
  "OpeningWidth": 1000,
  "OpeningAngle": 15.532868337024489,
  "SpecificExhaustDimension": 30,
  "BuildingDepth": 75,
  "SnowLoad": 0,
  "DistanceHinge": 0,
  "RatedCurrent": 0,
  "DrivePosition": 2,
  "LockingMechanism": 1,
  "Voltage": 1,
  "DriveType": 1,
  "TypeOfInstallation": 2,
  "GeometricArea": 0,
  "CalculationTypeForVentilation": 1,
  "HeightOfProfile": 0,
  "Reveal": 0,
  "RevealDepth": 0,
  "HeightProfileRectangleAngle1": 0,
  "HeightProfileRectangleAngle2": 0,
  "RevealDepthRectangleAngle1": 0,
  "RevealDepthRectangleAngle2": 0,
  "RevealDepthRectangleAngle12": 0,
  "InstallationPosition": 0,
  "RecommendedDriveArticleNo": 0,
  "System": "",
  "AkippOrAtilt": 1.084,
  "AdrehOrAturn": 1.8204,
  "Ageo": 1.084,
  "MinPullingForceMax": -206.4868442161654,
  "MinPushingForceMax": -206.4868442161654,
  "MinPullingForcePermanent": -104.11163259218097,
  "MinPushingForcePermanent": -104.11163259218097,
  "ForceWithNegativeWind": 109.53156767199486,
  "ForceWithNoWindMin": 0.30763693489047433,
  "ForceWithNegativeWindMin": 0,
  "ForceWithWindMin": -108.91629380221393,
  "Id": "f079fdc5-02ed-47c2-8a2a-9c88b7e8a27d",
  "CreatedOn": "2024-12-05T08:23:53.8333229+00:00",
  "CreatedBy": "579816e4-6653-4794-b435-a885f32e28d7",
  "ModifiedOn": "2024-12-05T08:23:53.833324+00:00",
  "ModifiedBy": ""
}

13:53:56.300 [main] INFO  com.intuit.karate - Generated Config ID: f079fdc5-02ed-47c2-8a2a-9c88b7e8a27d 
13:53:56.300 [main] INFO  com.intuit.karate - Generated Name: Dataset5704 
13:53:56.301 [main] INFO  com.intuit.karate - Generated Description: Dataset5704 
13:53:56.305 [main] DEBUG com.intuit.karate - request:
1 > PUT https://dev-drivetec-apis.schuecodigitalsolutions.com/Configurations
1 > Content-Type: application/json; charset=UTF-8
1 > Content-Length: 1269
1 > Host: dev-drivetec-apis.schuecodigitalsolutions.com
1 > Connection: Keep-Alive
1 > User-Agent: Apache-HttpClient/4.5.14 (Java/17.0.12)
1 > Accept-Encoding: gzip,deflate
{"Id":"f079fdc5-02ed-47c2-8a2a-9c88b7e8a27d","Name":"Dataset29","Description":"Dataset5704","ProjectId":"2afcf090-6588-4022-aa5e-49fca51f940e","CustomTags":"","CreatedBy":"579816e4-6653-4794-b435-a885f32e28d7","ModifiedBy":"579816e4-6653-4794-b435-a885f32e28d7","System":"","FacadeInclination":-45,"OpeningType":1,"OpeningDirection":1,"OpeningWidth":1000,"VentOuterWidth":1000,"VentOuterHeight":2500,"VentWeight":0,"CalculateWeightWithGlass":false,"RequiredOpeningStroke":200,"WindLoad":1,"SnowLoad":0,"IsWindowOpeningCalculationByAngle":1,"GlassThickness":1,"ProfileWeightPerSerialMeter":1,"DrivePosition":1,"InstallationPosition":0,"LockingMechanism":1,"Voltage":2,"DriveType":1,"TypeOfInstallation":2,"GeometricArea":0,"CalcVentilation":2,"SpecificExhaustDimension":30,"BuildingDepth":75,"CalculationTypeForVentilation":2,"HeightOfProfile":0,"HeightProfileRectangleAngle1":0,"HeightProfileRectangleAngle2":0,"RevealDepth":0,"RevealDepthRectangleAngle1":0,"RevealDepthRectangleAngle2":0,"ChainLengthConnectingRodHandle":5,"ApplicationName":1,"OpeningAngle":10,"WeightIncGlassOrThickness":false,"AkippOrAtilt":0,"AdrehOrAturn":0,"Ageo":0,"MinPullingForceMax":0,"MinPushingForceMax":0,"MinPullingForcePermanent":0,"MinPushingForcePermanent":0,"ForceWithNegativeWind":0}

13:53:56.911 [main] DEBUG com.intuit.karate - response time in milliseconds: 604
1 < 200
1 < Content-Type: application/json; charset=utf-8
1 < Date: Thu, 05 Dec 2024 08:23:54 GMT
1 < Server: Microsoft-IIS/10.0
1 < X-Powered-By: ASP.NET
1 < Content-Length: 2064
1 < Connection: keep-alive
{
  "ProjectId": "2afcf090-6588-4022-aa5e-49fca51f940e",
  "Name": "Dataset29",
  "Description": "Dataset5704",
  "CustomTags": "",
  "ApplicationName": 1,
  "OpeningType": 1,
  "OpeningDirection": 1,
  "CalculateWeightWithGlass": false,
  "WindLoad": 1,
  "IsWindowOpeningCalculationByAngle": 1,
  "VentOuterWidth": 1000,
  "VentOuterHeight": 2500,
  "WeightIncGlassOrThickness": false,
  "VentWeight": 13,
  "VentWeightExact": 13.25,
  "GlassThickness": 1,
  "ProfileWeightPerSerialMeter": 1,
  "FacadeInclination": -45,
  "ChainLengthConnectingRodHandle": 5,
  "ChainLenghtConnectingRodHandle": 0,
  "RequiredOpeningStroke": 200,
  "OpeningWidth": 1000,
  "OpeningAngle": 4.584885551911774,
  "SpecificExhaustDimension": 30,
  "BuildingDepth": 75,
  "SnowLoad": 0,
  "DistanceHinge": 0,
  "RatedCurrent": 0,
  "DrivePosition": 1,
  "LockingMechanism": 1,
  "Voltage": 2,
  "DriveType": 1,
  "TypeOfInstallation": 2,
  "GeometricArea": 0,
  "CalculationTypeForVentilation": 2,
  "HeightOfProfile": 0,
  "Reveal": 0,
  "RevealDepth": 0,
  "HeightProfileRectangleAngle1": 0,
  "HeightProfileRectangleAngle2": 0,
  "RevealDepthRectangleAngle1": 0,
  "RevealDepthRectangleAngle2": 0,
  "RevealDepthRectangleAngle12": 0,
  "InstallationPosition": 0,
  "RecommendedDriveArticleNo": 0,
  "System": "",
  "AkippOrAtilt": 0.7,
  "AdrehOrAturn": 2.5,
  "Ageo": 0.28292381865952587,
  "MinPullingForceMax": -47.416327080645516,
  "MinPushingForceMax": -50.956899331910385,
  "MinPullingForcePermanent": -50.429603235945976,
  "MinPushingForcePermanent": -50.429603235945976,
  "ForceWithNegativeWind": -49.902307139981566,
  "ForceWithNoWindMin": -46.78983396932534,
  "ForceWithNegativeWindMin": -46.16334085800517,
  "ForceWithWindMin": -47.416327080645516,
  "Id": "f079fdc5-02ed-47c2-8a2a-9c88b7e8a27d",
  "CreatedOn": "0001-01-01T00:00:00",
  "CreatedBy": "579816e4-6653-4794-b435-a885f32e28d7",
  "ModifiedOn": "2024-12-05T08:23:54.4444525+00:00",
  "ModifiedBy": "579816e4-6653-4794-b435-a885f32e28d7"
}

13:53:56.912 [main] INFO  com.intuit.karate - VentWeight from API Response: 13 
13:53:56.915 [main] INFO  com.intuit.karate - Rounded Opening Angle: 5.0 
13:53:56.915 [main] INFO  com.intuit.karate - Rounded Ageo: 0.28 
13:53:56.916 [main] INFO  com.intuit.karate - Rounded Required Opening Stroke: 200.0 
13:53:56.916 [main] INFO  com.intuit.karate - Rounded Vent Weight: 13.0 
13:53:56.919 [main] DEBUG com.intuit.karate - request:
2 > GET https://dev-drivetec-apis.schuecodigitalsolutions.com/Config/f079fdc5-02ed-47c2-8a2a-9c88b7e8a27d/Drive
2 > Host: dev-drivetec-apis.schuecodigitalsolutions.com
2 > Connection: Keep-Alive
2 > User-Agent: Apache-HttpClient/4.5.14 (Java/17.0.12)
2 > Accept-Encoding: gzip,deflate


13:53:57.508 [main] DEBUG com.intuit.karate - response time in milliseconds: 588
2 < 200
2 < Content-Type: application/json; charset=utf-8
2 < Date: Thu, 05 Dec 2024 08:23:54 GMT
2 < Server: Microsoft-IIS/10.0
2 < X-Powered-By: ASP.NET
2 < Content-Length: 11585
2 < Connection: keep-alive
[
  {
    "Name": "Chain actuator D6 400 230V",
    "Bezeichnung": "Kettenantrieb D6 400 230V",
    "ConfigurationId": "00000000-0000-0000-0000-000000000000",
    "Description": "",
    "Application": "Facade",
    "ApplicationFacade": true,
    "ApplicationSkylight": true,
    "Type": 1,
    "OpeningType": 0,
    "BottomHungInward": true,
    "BottomHungOutward": true,
    "SideHungInward": true,
    "SideHungOutward": false,
    "TopHungInward": false,
    "TopHungOutward": true,
    "ProjectedTopHungInward": false,
    "ProjectedTopHungOutward": false,
    "InstallationType": "",
    "ITMainOutFrmMountWBracket": true,
    "ITMainFixOutFrmMount": false,
    "ITMainVentFrmMount": false,
    "ITSideMount50": false,
    "ITSideMount60": false,
    "ITSideMount70": false,
    "ITSideMount80": false,
    "ITSideMount67": false,
    "Feature": "",
    "FeatureOpenClose": true,
    "FeatureLock": true,
    "ArticleNumber": 291718,
    "Stroke": 400,
    "Angle": 0,
    "Voltage": "230 V AC",
    "Voltage24": false,
    "Voltage230": true,
    "RatedCurrent": 0,
    "BreakingCurrent": 0,
    "PullingForceMax": 600,
    "PushingForceMax": 600,
    "PullingForceMaxWithNegativeWind": 0,
    "PushingForceMaxWithNegativeWind": 0,
    "PushingForcePermanent": 400,
    "PullingForcePermanent": 600,
    "MinPullingForceMax": -50.96,
    "MinPushingForceMax": 0,
    "MinPullingForcePermanent": -50.43,
    "MinPushingForcePermanent": 0,
    "Price": 0,
    "DriveLength": 667,
    "ChainDrive": 767,
    "ChainDrive2": 1494,
    "MaxLengthMainClosingEdge1Drive": 1920,
    "MaxGeometricArea": 0,
    "GeometricalSmokeExhaustion": 0,
    "TotalGlassThickness": 1,
    "Dimensions": 0,
    "DimensionsWxHxD": "667 x 40 x 56",
    "TensileForce": 0,
    "LockingForce": 0,
    "Details_DE": "<ul> <li>Bemessungsspannung: 230 V</li><li>Abschaltstrom: 0,2 A</li><li>Bemessungsstrom: 0,2 A</li><li>Bemessungsaufnahme: 46 W</li><li>Schutzart: IP 32</li><li>Zug-/Schubkraft: max. 600 N</li><li>Umgebungstemperatur: -5°C bis + 60°C</li><li>Anschlussleitung: Halogenfrei, grau 6 x 0,75mm², ~3m</li><li>Max. Geschwindigkeit: 8 mm/s</li></ul>",
    "Details_EN": "<ul> <li>Rated voltage: 230 V</li> <li>Breaking current: 0.2 A</li> <li>Rated current: 0.2 A</li> <li>Rated consumption: 46W</li> <li>Protection rating: IP 32</li> <li>Traction/ thrust: max. 600 N</li> <li>Ambient temperature: -5° C to +60° C</li> <li>Connecting cable: halogen-free, grey 3 x 0,5mm², ~3m</li> <li>Max. speed: 8 mm/s</li> </ul> ",
    "Einsatz": "<ul><li>Anwendung: Lüftung</li> <li>Integrierte intelligente Regelelektronik</li></ul>",
    "Use": "<ul><li>Application: ventilation</li> <li>Integrated intelligent control electronics</li> </ul>",
    "Ausstattung": "<ul><li>Zusätzlicher Universal-Steckersatz für Mehrfachbetrieb</li><li>Zusätzlicher Anschluss eines 24V-Antriebs möglich</li></ul>",
    "Equipment": "<ul><li>Additional universal plug socket for multiplex operation.</li><li>Additional connection of a 24V drive possible</li></ul>",
    "Optionen": "<ul><li>Programmierung von Sonderfunktionen</li><li>Schüco Kontroller zur automatischen Konfiguration von Synchronlauf und Folgesteuerungen mit Verriegelungsantrieben in Antriebs-Verbundsystemen</li> </ul>",
    "Options": "<ul><li>Programming of special functions</li><li>Schüco controller for automatic configuration of synchronous running and sequence control with locking drives in composite drive systems</li> </ul>",
    "IsTwoPce": false,
    "ResultVentWeight": 13.25,
    "IsLsRsDrive": false,
    "ArticleNumberRs": 0,
    "TwoDrivesSideInstallation50": 0,
    "TwoDrivesSideInstallation60": 0,
    "TwoDrivesSideInstallation70": 0,
    "TwoDrivesSideInstallation80": 0,
    "OpeningSpeedmms": 0,
    "Traction": 600,
    "Thrust": 600,
    "Id": "59d3886c-3589-4e27-839a-f731395264ad",
    "CreatedOn": "2024-09-26T13:55:26.817Z",
    "CreatedBy": "",
    "ModifiedOn": "2024-09-26T13:55:26.817Z",
    "ModifiedBy": ""
  },
  {
    "Name": "Locking actuator EasyConnect",
    "Bezeichnung": "Verriegelungsantrieb EasyConnect",
    "ConfigurationId": "00000000-0000-0000-0000-000000000000",
    "Description": "",
    "Application": "",
    "ApplicationFacade": true,
    "ApplicationSkylight": false,
    "Type": 5,
    "OpeningType": 0,
    "BottomHungInward": true,
    "BottomHungOutward": false,
    "SideHungInward": true,
    "SideHungOutward": false,
    "TopHungInward": false,
    "TopHungOutward": false,
    "ProjectedTopHungInward": false,
    "ProjectedTopHungOutward": false,
    "InstallationType": "",
    "ITMainOutFrmMountWBracket": true,
    "ITMainFixOutFrmMount": true,
    "ITMainVentFrmMount": false,
    "ITSideMount50": false,
    "ITSideMount60": false,
    "ITSideMount70": false,
    "ITSideMount80": false,
    "ITSideMount67": false,
    "Feature": "",
    "FeatureOpenClose": true,
    "FeatureLock": false,
    "ArticleNumber": 291787,
    "Stroke": 0,
    "Angle": 0,
    "Voltage": null,
    "Voltage24": true,
    "Voltage230": true,
    "RatedCurrent": 0,
    "BreakingCurrent": 0,
    "PullingForceMax": 0,
    "PushingForceMax": 0,
    "PullingForceMaxWithNegativeWind": 0,
    "PushingForceMaxWithNegativeWind": 0,
    "PushingForcePermanent": 0,
    "PullingForcePermanent": 0,
    "MinPullingForceMax": 0,
    "MinPushingForceMax": 0,
    "MinPullingForcePermanent": 0,
    "MinPushingForcePermanent": 0,
    "Price": 0,
    "DriveLength": 0,
    "ChainDrive": 0,
    "ChainDrive2": 0,
    "MaxLengthMainClosingEdge1Drive": 0,
    "MaxGeometricArea": 0,
    "GeometricalSmokeExhaustion": 0,
    "TotalGlassThickness": 0,
    "Dimensions": 0,
    "DimensionsWxHxD": "375 x 24 x 35",
    "TensileForce": 0,
    "LockingForce": 0,
    "Details_DE": "<ul> <li>Bemessungsspannung: 24 V DC (19 V … 28 V)</li> <li>Abschaltstrom: ~1,0 A</li> <li>Bemessungsstrom: 0,6 A</li> <li>Bemessungsaufnahme: 15 W</li> <li>Schutzart: IP 32</li><li>Zug-/Schubkraft: max. 600 N</li> <li>Umgebungstemperatur: -5°C bis + 60°C</li> <li>Anschlussleitung: Halogenfrei, grau 5 x 0,5mm² , ~5m</li> <li>Laufzeit: ~ 5s</li><li>Hub: ~ 18mm</li> </ul>",
    "Details_EN": "<ul> <li>Rated voltage : 24 V DC (19 V … 28 V</li> <li>Breaking current : ~1,0 A</li> <li>Rated current : 0,6 A</li> <li>Rated consumption : 15 W</li> <li>Protection rating : IP 32</li><li>Traction/ thrust : max. 600 N</li> <li>Ambient temperature: -5°C bis + 60°C</li> <li>Connecting cable: halogen-free, grey 5 x 0,5mm² , ~5m</li> <li>Running time: ~ 5s</li><li>Stroke: ~ 18mm</li> </ul>",
    "Einsatz": "<ul> <li>Anwendung: Lüftung, NRA</li><li>Integrierte intelligente Regelelektronik</li></ul>",
    "Use": "<ul> <li>Application: ventilation, natural smoke ventilation</li> <li>Integrated intelligent control electronics</li></ul>",
    "Ausstattung": "<ul><li>Laufrichtung einstellbar</li><li>Zusätzlicher Universal-Steckersatz</li></ul>",
    "Equipment": "<ul><li>Running direction adjustable</li><li>Additional universal plug socket</li></ul>",
    "Optionen": "<ul> <li>Mitnehmer objekt-/profilspezifisch anpassbar</li></ul>",
    "Options": "<ul> <li>Coupling adapter customizable for project-/profile-specific demands</li></ul>",
    "IsTwoPce": false,
    "ResultVentWeight": 0,
    "IsLsRsDrive": false,
    "ArticleNumberRs": 0,
    "TwoDrivesSideInstallation50": 0,
    "TwoDrivesSideInstallation60": 0,
    "TwoDrivesSideInstallation70": 0,
    "TwoDrivesSideInstallation80": 0,
    "OpeningSpeedmms": 0,
    "Traction": 0,
    "Thrust": 0,
    "Id": "f894c384-bd5f-4f1b-a446-f4a3afc8426e",
    "CreatedOn": "2024-09-26T13:55:26.817Z",
    "CreatedBy": "",
    "ModifiedOn": "2024-09-26T13:55:26.817Z",
    "ModifiedBy": ""
  },
  {
    "Name": "Locking actuator 600",
    "Bezeichnung": "Verriegelungsantrieb 600",
    "ConfigurationId": "00000000-0000-0000-0000-000000000000",
    "Description": "",
    "Application": "",
    "ApplicationFacade": true,
    "ApplicationSkylight": false,
    "Type": 5,
    "OpeningType": 0,
    "BottomHungInward": true,
    "BottomHungOutward": false,
    "SideHungInward": true,
    "SideHungOutward": false,
    "TopHungInward": false,
    "TopHungOutward": false,
    "ProjectedTopHungInward": false,
    "ProjectedTopHungOutward": false,
    "InstallationType": "",
    "ITMainOutFrmMountWBracket": true,
    "ITMainFixOutFrmMount": true,
    "ITMainVentFrmMount": false,
    "ITSideMount50": false,
    "ITSideMount60": false,
    "ITSideMount70": false,
    "ITSideMount80": false,
    "ITSideMount67": false,
    "Feature": "",
    "FeatureOpenClose": true,
    "FeatureLock": false,
    "ArticleNumber": 291736,
    "Stroke": 0,
    "Angle": 0,
    "Voltage": null,
    "Voltage24": true,
    "Voltage230": true,
    "RatedCurrent": 0,
    "BreakingCurrent": 0,
    "PullingForceMax": 0,
    "PushingForceMax": 0,
    "PullingForceMaxWithNegativeWind": 0,
    "PushingForceMaxWithNegativeWind": 0,
    "PushingForcePermanent": 0,
    "PullingForcePermanent": 0,
    "MinPullingForceMax": 0,
    "MinPushingForceMax": 0,
    "MinPullingForcePermanent": 0,
    "MinPushingForcePermanent": 0,
    "Price": 218.27,
    "DriveLength": 0,
    "ChainDrive": 0,
    "ChainDrive2": 0,
    "MaxLengthMainClosingEdge1Drive": 0,
    "MaxGeometricArea": 0,
    "GeometricalSmokeExhaustion": 0,
    "TotalGlassThickness": 0,
    "Dimensions": 0,
    "DimensionsWxHxD": "415 x 26 x 26",
    "TensileForce": 0,
    "LockingForce": 0,
    "Details_DE": "<ul> <li>Bemessungsspannung: 24 V DC (19 V … 28 V)</li> <li>Abschaltstrom: ~1,0 A</li> <li>Bemessungsstrom: 0,6 A</li> <li>Bemessungsaufnahme: 15 W</li> <li>Schutzart: IP 32</li><li>Zug-/Schubkraft: max. 600 N</li> <li>Umgebungstemperatur: -5°C bis + 60°C</li> <li>Anschlussleitung: Halogenfrei, grau 3x 0,5mm², ~3m</li> <li>Laufzeit: ~ 5s</li><li>Hub: ~ 18mm</li> </ul>",
    "Details_EN": "<ul> <li>Rated voltage : 24 V DC (19 V … 28 V</li> <li>Breaking current : ~1,0 A</li> <li>Rated current : 0,6 A</li> <li>Rated consumption : 15 W</li> <li>Protection rating : IP 32</li><li>Traction/ thrust : max. 600 N</li> <li>Ambient temperature: -5°C bis + 60°C</li> <li>Connecting cable: halogen-free, grey 3 x 0,5mm², ~3m</li> <li>Running time: ~ 5s</li><li>Stroke: ~ 18mm</li> </ul>",
    "Einsatz": "<ul> <li>Anwendung: Lüftung, NRA</li><li>Integrierte intelligente Regelelektronik</li></ul>",
    "Use": "<ul> <li>Application: ventilation, natural smoke ventilation</li> <li>Integrated intelligent control electronics</li></ul>",
    "Ausstattung": "<ul><li>Laufrichtung einstellbar</li></ul>",
    "Equipment": "<ul><li>Running direction adjustable</li></ul>",
    "Optionen": "<ul> <li>Mitnehmer objekt-/profilspezifisch anpassbar</li></ul>",
    "Options": "<ul> <li>Coupling adapter customizable for project-/profile-specific demands</li></ul>",
    "IsTwoPce": false,
    "ResultVentWeight": 0,
    "IsLsRsDrive": true,
    "ArticleNumberRs": 291735,
    "TwoDrivesSideInstallation50": 0,
    "TwoDrivesSideInstallation60": 0,
    "TwoDrivesSideInstallation70": 0,
    "TwoDrivesSideInstallation80": 0,
    "OpeningSpeedmms": 0,
    "Traction": 0,
    "Thrust": 0,
    "Id": "69d8317e-493b-4010-8d9e-54168822bacf",
    "CreatedOn": "2024-09-26T13:55:26.817Z",
    "CreatedBy": "",
    "ModifiedOn": "2024-09-26T13:55:26.817Z",
    "ModifiedBy": ""
  }
]

13:53:57.514 [main] INFO  com.intuit.karate - Expected RecommDrive: Chain actuator D6 400 230V,Locking actuator EasyConnect,Locking actuator 600 
13:53:57.514 [main] INFO  com.intuit.karate - Actual RecommDrive: Chain actuator D6 400 230V, Locking actuator EasyConnect, Locking actuator 600 
13:53:57.514 [main] INFO  com.intuit.karate - Normalized Actual RecommDrive: Chain actuator D6 400 230V,Locking actuator EasyConnect,Locking actuator 600 
13:53:57.514 [main] INFO  com.intuit.karate - Normalized Expected RecommDrive: Chain actuator D6 400 230V,Locking actuator EasyConnect,Locking actuator 600 
13:53:57.515 [main] INFO  com.intuit.karate - All Drive IDs: [
  "59d3886c-3589-4e27-839a-f731395264ad",
  "f894c384-bd5f-4f1b-a446-f4a3afc8426e",
  "69d8317e-493b-4010-8d9e-54168822bacf"
]
 
13:53:57.515 [main] INFO  com.intuit.karate - First Drive ID: 59d3886c-3589-4e27-839a-f731395264ad 
13:53:57.516 [main] DEBUG com.intuit.karate - request:
3 > POST https://dev-drivetec-apis.schuecodigitalsolutions.com/api/Drives/DownloadPDFNew/Schuco
3 > Content-Type: application/json; charset=UTF-8
3 > Content-Length: 1194
3 > Host: dev-drivetec-apis.schuecodigitalsolutions.com
3 > Connection: Keep-Alive
3 > User-Agent: Apache-HttpClient/4.5.14 (Java/17.0.12)
3 > Accept-Encoding: gzip,deflate
[{"Id":"configId","Header":"configId","Value":"f079fdc5-02ed-47c2-8a2a-9c88b7e8a27d"},{"Id":"driveId","Header":"driveId","Value":"59d3886c-3589-4e27-839a-f731395264ad"},{"Id":"culture","Header":"culture","Value":"EN-US"},{"Id":"projectId","Header":"projectId","Value":"2afcf090-6588-4022-aa5e-49fca51f940e"},{"Id":"range-of-app","Header":"Range of application","Value":"Façade"},{"Id":"opening-type","Header":"Opening type","Value":"Bottom-hung vent"},{"Id":"opening-direction","Header":"Opening direction","Value":"Inward"},{"Id":"how-calc-weight","Header":"Vent weight","Value":"Weight including glass"},{"Id":"Chain-Length","Header":"Chain- \/ connecting rod handle","Value":"100%"},{"Id":"drive-position","Header":"Drive position","Value":"Side installation"},{"Id":"locking-mechanism","Header":"Locking mechanism","Value":"With"},{"Id":"voltage","Header":"Voltage","Value":"24 V"},{"Id":"drive-type","Header":"Drive type","Value":"Chain drive"},{"Id":"type-installation","Header":"Type of installation","Value":"Pivoting Outer Frame Installation"},{"Id":"calculation-type-for-ventilation-area","Header":"Calculation type for ventilation area","Value":"Method in accordance with ASR 3.6"}]

13:53:58.878 [main] DEBUG com.intuit.karate - response time in milliseconds: 1361
3 < 200
3 < Content-Type: application/json; charset=utf-8
3 < Date: Thu, 05 Dec 2024 08:23:56 GMT
3 < Server: Microsoft-IIS/10.0
3 < X-Powered-By: ASP.NET
3 < Content-Length: 285
3 < Connection: keep-alive
{
  "result": "https://drive-tec-dev.s3.amazonaws.com/AUT_TPJ33518-Chain_actuator_D6_400_230V.pdf?AWSAccessKeyId=AKIAZAWIART4ZFAXXPHK&Expires=1733390636&response-content-disposition=attachment%3B&response-content-type=application%2Fpdf&Signature=VEjUDW5ZA1%2FmQ%2BBUFy0DrNX7k4s%3D"
}

13:53:58.879 [main] INFO  com.intuit.karate - Download URL for first driveId: https://drive-tec-dev.s3.amazonaws.com/AUT_TPJ33518-Chain_actuator_D6_400_230V.pdf?AWSAccessKeyId=AKIAZAWIART4ZFAXXPHK&Expires=1733390636&response-content-disposition=attachment%3B&response-content-type=application%2Fpdf&Signature=VEjUDW5ZA1%2FmQ%2BBUFy0DrNX7k4s%3D 
13:53:58.884 [main] INFO  com.intuit.karate - karate.env system property was: null 
13:53:58.887 [main] INFO  com.intuit.karate - Running test for dataset:  Dataset30 
13:53:58.891 [main] INFO  com.intuit.karate - Using ProjectId:  {
  "result": {
    "projectId": "prjId"
  },
  "projectPayload": {
    "Id": "579816e4-6653-4794-b435-a885f32e28d7",
    "Name": "AUT_TPJ33518",
    "Address": "Hyderabad, Telangana, India",
    "Description": "",
    "CreatedBy": "579816e4-6653-4794-b435-a885f32e28d7",
    "ModifiedBy": "579816e4-6653-4794-b435-a885f32e28d7"
  },
  "uniqueName": "AUT_TPJ33518",
  "responseHeaders": {
    "Content-Type": [
      "application/json; charset=utf-8"
    ],
    "Date": [
      "Thu, 05 Dec 2024 08:22:12 GMT"
    ],
    "Server": [
      "Microsoft-IIS/10.0"
    ],
    "X-Powered-By": [
      "ASP.NET"
    ],
    "transfer-encoding": [
      "chunked"
    ],
    "Connection": [
      "keep-alive"
    ],
    "Set-Cookie": [
    ]
  },
  "responseTime": 841,
  "response": {
    "Name": "AUT_TPJ33518",
    "Description": "",
    "Address": "Hyderabad, Telangana, India",
    "Id": "2afcf090-6588-4022-aa5e-49fca51f940e",
    "CreatedOn": "2024-12-05T08:22:11.998251+00:00",
    "CreatedBy": "579816e4-6653-4794-b435-a885f32e28d7",
    "ModifiedOn": "2024-12-05T08:22:11.9982526+00:00",
    "ModifiedBy": ""
  },
  "responseStatus": 200,
  "prjId": "2afcf090-6588-4022-aa5e-49fca51f940e",
  "projectId": "2afcf090-6588-4022-aa5e-49fca51f940e"
}
 
13:53:58.894 [main] DEBUG com.intuit.karate - request:
1 > POST https://dev-drivetec-apis.schuecodigitalsolutions.com/Configurations
1 > Content-Type: application/json; charset=UTF-8
1 > Content-Length: 1275
1 > Host: dev-drivetec-apis.schuecodigitalsolutions.com
1 > Connection: Keep-Alive
1 > User-Agent: Apache-HttpClient/4.5.14 (Java/17.0.12)
1 > Accept-Encoding: gzip,deflate
{"Id":"00000000-0000-0000-0000-000000000000","ProjectId":"2afcf090-6588-4022-aa5e-49fca51f940e","Name":"Dataset8892","Description":"Dataset8892","CustomTags":"","CreatedBy":"579816e4-6653-4794-b435-a885f32e28d7","ModifiedBy":"579816e4-6653-4794-b435-a885f32e28d7","ApplicationName":1,"System":"","FacadeInclination":0,"OpeningType":1,"OpeningDirection":1,"OpeningWidth":1000,"VentOuterWidth":1230,"VentOuterHeight":1480,"VentWeight":70,"CalculateWeightWithGlass":false,"WeightIncGlassOrThickness":false,"GlassThickness":14,"ProfileWeightPerSerialMeter":2.5,"IsWindowOpeningCalculationByAngle":1,"RequiredOpeningStroke":400,"OpeningAngle":15,"WindLoad":120,"SnowLoad":0,"DrivePosition":2,"InstallationPosition":1,"ChainLengthConnectingRodHandle":5,"LockingMechanism":1,"Voltage":1,"DriveType":1,"TypeOfInstallation":2,"CalculationTypeForVentilation":1,"CalcVentilation":1,"GeometricArea":1,"SpecificExhaustDimension":30,"BuildingDepth":75,"RevealDepth":0,"RevealDepthRectangleAngle1":0,"RevealDepthRectangleAngle2":0,"HeightOfProfile":0,"HeightProfileRectangleAngle1":0,"HeightProfileRectangleAngle2":0,"AkippOrAtilt":0,"AdrehOrAturn":0,"Ageo":0,"MinPullingForceMax":0,"MinPushingForceMax":0,"MinPullingForcePermanent":0,"MinPushingForcePermanent":0,"ForceWithNegativeWind":0}

13:53:59.544 [main] DEBUG com.intuit.karate - response time in milliseconds: 648
1 < 200
1 < Content-Type: application/json; charset=utf-8
1 < Date: Thu, 05 Dec 2024 08:23:56 GMT
1 < Server: Microsoft-IIS/10.0
1 < X-Powered-By: ASP.NET
1 < Content-Length: 2032
1 < Connection: keep-alive
{
  "ProjectId": "2afcf090-6588-4022-aa5e-49fca51f940e",
  "Name": "Dataset8892",
  "Description": "Dataset8892",
  "CustomTags": "",
  "ApplicationName": 1,
  "OpeningType": 1,
  "OpeningDirection": 1,
  "CalculateWeightWithGlass": false,
  "WindLoad": 120,
  "IsWindowOpeningCalculationByAngle": 1,
  "VentOuterWidth": 1230,
  "VentOuterHeight": 1480,
  "WeightIncGlassOrThickness": false,
  "VentWeight": 77,
  "VentWeightExact": 77.26400000000001,
  "GlassThickness": 14,
  "ProfileWeightPerSerialMeter": 2.5,
  "FacadeInclination": 0,
  "ChainLengthConnectingRodHandle": 5,
  "ChainLenghtConnectingRodHandle": 0,
  "RequiredOpeningStroke": 400,
  "OpeningWidth": 1000,
  "OpeningAngle": 15.532868337024489,
  "SpecificExhaustDimension": 30,
  "BuildingDepth": 75,
  "SnowLoad": 0,
  "DistanceHinge": 0,
  "RatedCurrent": 0,
  "DrivePosition": 2,
  "LockingMechanism": 1,
  "Voltage": 1,
  "DriveType": 1,
  "TypeOfInstallation": 2,
  "GeometricArea": 0,
  "CalculationTypeForVentilation": 1,
  "HeightOfProfile": 0,
  "Reveal": 0,
  "RevealDepth": 0,
  "HeightProfileRectangleAngle1": 0,
  "HeightProfileRectangleAngle2": 0,
  "RevealDepthRectangleAngle1": 0,
  "RevealDepthRectangleAngle2": 0,
  "RevealDepthRectangleAngle12": 0,
  "InstallationPosition": 0,
  "RecommendedDriveArticleNo": 0,
  "System": "",
  "AkippOrAtilt": 1.084,
  "AdrehOrAturn": 1.8204,
  "Ageo": 1.084,
  "MinPullingForceMax": -206.4868442161654,
  "MinPushingForceMax": -206.4868442161654,
  "MinPullingForcePermanent": -104.11163259218097,
  "MinPushingForcePermanent": -104.11163259218097,
  "ForceWithNegativeWind": 109.53156767199486,
  "ForceWithNoWindMin": 0.30763693489047433,
  "ForceWithNegativeWindMin": 0,
  "ForceWithWindMin": -108.91629380221393,
  "Id": "abc8842b-6d9b-401a-aea8-97fcc75b7722",
  "CreatedOn": "2024-12-05T08:23:57.0617167+00:00",
  "CreatedBy": "579816e4-6653-4794-b435-a885f32e28d7",
  "ModifiedOn": "2024-12-05T08:23:57.0617179+00:00",
  "ModifiedBy": ""
}

13:53:59.546 [main] INFO  com.intuit.karate - Generated Config ID: abc8842b-6d9b-401a-aea8-97fcc75b7722 
13:53:59.547 [main] INFO  com.intuit.karate - Generated Name: Dataset8892 
13:53:59.547 [main] INFO  com.intuit.karate - Generated Description: Dataset8892 
13:53:59.551 [main] DEBUG com.intuit.karate - request:
1 > PUT https://dev-drivetec-apis.schuecodigitalsolutions.com/Configurations
1 > Content-Type: application/json; charset=UTF-8
1 > Content-Length: 1276
1 > Host: dev-drivetec-apis.schuecodigitalsolutions.com
1 > Connection: Keep-Alive
1 > User-Agent: Apache-HttpClient/4.5.14 (Java/17.0.12)
1 > Accept-Encoding: gzip,deflate
{"Id":"abc8842b-6d9b-401a-aea8-97fcc75b7722","Name":"Dataset30","Description":"Dataset8892","ProjectId":"2afcf090-6588-4022-aa5e-49fca51f940e","CustomTags":"","CreatedBy":"579816e4-6653-4794-b435-a885f32e28d7","ModifiedBy":"579816e4-6653-4794-b435-a885f32e28d7","System":"","FacadeInclination":30,"OpeningType":4,"OpeningDirection":1,"OpeningWidth":1000,"VentOuterWidth":1230,"VentOuterHeight":1085,"VentWeight":0,"CalculateWeightWithGlass":false,"RequiredOpeningStroke":750,"WindLoad":120,"SnowLoad":880,"IsWindowOpeningCalculationByAngle":1,"GlassThickness":14,"ProfileWeightPerSerialMeter":2.5,"DrivePosition":1,"InstallationPosition":0,"LockingMechanism":1,"Voltage":1,"DriveType":3,"TypeOfInstallation":2,"GeometricArea":0,"CalcVentilation":1,"SpecificExhaustDimension":30,"BuildingDepth":75,"CalculationTypeForVentilation":1,"HeightOfProfile":0,"HeightProfileRectangleAngle1":0,"HeightProfileRectangleAngle2":0,"RevealDepth":0,"RevealDepthRectangleAngle1":0,"RevealDepthRectangleAngle2":0,"ChainLengthConnectingRodHandle":1,"ApplicationName":2,"OpeningAngle":4.5,"WeightIncGlassOrThickness":false,"AkippOrAtilt":0,"AdrehOrAturn":0,"Ageo":0,"MinPullingForceMax":0,"MinPushingForceMax":0,"MinPullingForcePermanent":0,"MinPushingForcePermanent":0,"ForceWithNegativeWind":0}

13:54:00.170 [main] DEBUG com.intuit.karate - response time in milliseconds: 617
1 < 200
1 < Content-Type: application/json; charset=utf-8
1 < Date: Thu, 05 Dec 2024 08:23:57 GMT
1 < Server: Microsoft-IIS/10.0
1 < X-Powered-By: ASP.NET
1 < Content-Length: 2058
1 < Connection: keep-alive
{
  "ProjectId": "2afcf090-6588-4022-aa5e-49fca51f940e",
  "Name": "Dataset30",
  "Description": "Dataset8892",
  "CustomTags": "",
  "ApplicationName": 2,
  "OpeningType": 4,
  "OpeningDirection": 1,
  "CalculateWeightWithGlass": false,
  "WindLoad": 120,
  "IsWindowOpeningCalculationByAngle": 1,
  "VentOuterWidth": 1230,
  "VentOuterHeight": 1085,
  "WeightIncGlassOrThickness": false,
  "VentWeight": 58,
  "VentWeightExact": 58.28425,
  "GlassThickness": 14,
  "ProfileWeightPerSerialMeter": 2.5,
  "FacadeInclination": 30,
  "ChainLengthConnectingRodHandle": 1,
  "ChainLenghtConnectingRodHandle": 0,
  "RequiredOpeningStroke": 750,
  "OpeningWidth": 1000,
  "OpeningAngle": 87.4573641830469,
  "SpecificExhaustDimension": 30,
  "BuildingDepth": 75,
  "SnowLoad": 880,
  "DistanceHinge": 0,
  "RatedCurrent": 0,
  "DrivePosition": 1,
  "LockingMechanism": 1,
  "Voltage": 1,
  "DriveType": 3,
  "TypeOfInstallation": 2,
  "GeometricArea": 0,
  "CalculationTypeForVentilation": 1,
  "HeightOfProfile": 0,
  "Reveal": 0,
  "RevealDepth": 0,
  "HeightProfileRectangleAngle1": 0,
  "HeightProfileRectangleAngle2": 0,
  "RevealDepthRectangleAngle1": 0,
  "RevealDepthRectangleAngle2": 0,
  "RevealDepthRectangleAngle12": 0,
  "InstallationPosition": 0,
  "RecommendedDriveArticleNo": 0,
  "System": "",
  "AkippOrAtilt": 3.4725,
  "AdrehOrAturn": 1.33455,
  "Ageo": 1.33455,
  "MinPullingForceMax": 1211.5655143092772,
  "MinPushingForceMax": 1598.6696092061018,
  "MinPullingForcePermanent": 610.8082336693205,
  "MinPushingForcePermanent": 610.8082336693205,
  "ForceWithNegativeWind": 1592.966065607161,
  "ForceWithNoWindMin": 433.69377874440676,
  "ForceWithNegativeWindMin": 1054.0226439457365,
  "ForceWithWindMin": 1211.5655143092772,
  "Id": "abc8842b-6d9b-401a-aea8-97fcc75b7722",
  "CreatedOn": "0001-01-01T00:00:00",
  "CreatedBy": "579816e4-6653-4794-b435-a885f32e28d7",
  "ModifiedOn": "2024-12-05T08:23:57.6838894+00:00",
  "ModifiedBy": "579816e4-6653-4794-b435-a885f32e28d7"
}

13:54:00.171 [main] INFO  com.intuit.karate - VentWeight from API Response: 58 
13:54:00.172 [main] INFO  com.intuit.karate - Rounded Opening Angle: 87.0 
13:54:00.172 [main] INFO  com.intuit.karate - Rounded Ageo: 1.33 
13:54:00.172 [main] INFO  com.intuit.karate - Rounded Required Opening Stroke: 750.0 
13:54:00.173 [main] INFO  com.intuit.karate - Rounded Vent Weight: 58.0 
13:54:00.175 [main] DEBUG com.intuit.karate - request:
2 > GET https://dev-drivetec-apis.schuecodigitalsolutions.com/Config/abc8842b-6d9b-401a-aea8-97fcc75b7722/Drive
2 > Host: dev-drivetec-apis.schuecodigitalsolutions.com
2 > Connection: Keep-Alive
2 > User-Agent: Apache-HttpClient/4.5.14 (Java/17.0.12)
2 > Accept-Encoding: gzip,deflate


13:54:00.951 [main] DEBUG com.intuit.karate - response time in milliseconds: 770
2 < 200
2 < Content-Type: application/json; charset=utf-8
2 < Date: Thu, 05 Dec 2024 08:23:57 GMT
2 < Server: Microsoft-IIS/10.0
2 < X-Powered-By: ASP.NET
2 < transfer-encoding: chunked
2 < Connection: keep-alive
[
  {
    "Name": "Linear drive LDB16 L750",
    "Bezeichnung": "Linearantrieb LDB16 L750",
    "ConfigurationId": "00000000-0000-0000-0000-000000000000",
    "Description": "",
    "Application": "Roof",
    "ApplicationFacade": false,
    "ApplicationSkylight": true,
    "Type": 2,
    "OpeningType": 0,
    "BottomHungInward": false,
    "BottomHungOutward": true,
    "SideHungInward": false,
    "SideHungOutward": false,
    "TopHungInward": false,
    "TopHungOutward": true,
    "ProjectedTopHungInward": false,
    "ProjectedTopHungOutward": false,
    "InstallationType": "",
    "ITMainOutFrmMountWBracket": true,
    "ITMainFixOutFrmMount": false,
    "ITMainVentFrmMount": false,
    "ITSideMount50": true,
    "ITSideMount60": true,
    "ITSideMount70": true,
    "ITSideMount80": true,
    "ITSideMount67": false,
    "Feature": "",
    "FeatureOpenClose": true,
    "FeatureLock": true,
    "ArticleNumber": 291926,
    "Stroke": 750,
    "Angle": 0,
    "Voltage": "24 V DC",
    "Voltage24": true,
    "Voltage230": false,
    "RatedCurrent": 1,
    "BreakingCurrent": 1,
    "PullingForceMax": 1600,
    "PushingForceMax": 1600,
    "PullingForceMaxWithNegativeWind": 0,
    "PushingForceMaxWithNegativeWind": 0,
    "PushingForcePermanent": 1066.67,
    "PullingForcePermanent": 1066.67,
    "MinPullingForceMax": 0,
    "MinPushingForceMax": 1598.67,
    "MinPullingForcePermanent": 0,
    "MinPushingForcePermanent": 610.81,
    "Price": 927.66,
    "DriveLength": 0,
    "ChainDrive": 450,
    "ChainDrive2": 450,
    "MaxLengthMainClosingEdge1Drive": 2100,
    "MaxGeometricArea": 1,
    "GeometricalSmokeExhaustion": 0,
    "TotalGlassThickness": 14,
    "Dimensions": 0,
    "DimensionsWxHxD": "1073 x Ø36",
    "TensileForce": 0,
    "LockingForce": 0,
    "Details_DE": "<ul> <li>Bemessungsspannung: 24 V DC (19 V … 28 V)</li><li>Abschaltstrom: 1,2 A</li><li>Bemessungsstrom: 1,0 A</li><li>Bemessungsaufnahme: 24 W</li><li>Schutzart: IP 65</li> <li>Zug-/Schubkraft: max. 1600 N</li><li>Umgebungstemperatur: -5°C bis + 60°C</li><li>Anschlussleitung: Halogenfrei, grau 3 x 1mm², ~3m</li><li>Max. Geschwindigkeit: 4 mm/s</li></ul>",
    "Details_EN": "<ul> <li>Rated voltage: 24 V DC (19 V … 28 V)</li> <li>Breaking current: 1.2 A</li> <li>Rated current: 1.0 A</li> <li>Rated consumption: 24 W</li> <li>Protection rating: IP 65</li><li>Traction/ thrust: max. 1600N</li> <li>Ambient temperature: -5°C to + 60°C</li> <li>Connecting cable: halogen-free, grey 3 x 1mm², ~3m</li> <li>Max. speed: 4 mm/s</li> </ul>",
    "Einsatz": "<ul> <li>Anwendung: Lüftung, NRA</li><li>Integrierte intelligente Regelelektronik</li></ul>",
    "Use": "<ul> <li>Application: ventilation, natural smoke ventilation</li><li>Integrated intelligent control electronics</li></ul>",
    "Ausstattung": "<ul> <li>Robuste korrosionsbeständige Ausführung in eloxierten Aluminiumgehäuse</li><li>Montagefreundlich durch verstellbaren Klemmring</li><li>Spindel aus Edelstahl, kugelgelagert mit Endlagendämpfung</li><li>Mit Goretex Membrane</li></ul>",
    "Equipment": "<ul> <li>Robust, corrosion-resistant design in anodized casing</li><li>Easy installation thanks to adjustable clamping ring</li><li>Stainless steel spindle on ball bearings with end position cushioning</li><li>with Goretex membrane</li></ul>",
    "Optionen": "<ul> <li>Programmierung von Sonderfunktionen</li><li>Programmierbare Parameter der Regelelektronik</li><li>Schüco Kontroller zur automatischen Konfiguration von Synchronlauf und Folgesteuerungen mit Verriegelungsantrieb in Antriebs-Verbundsystem</li></ul>",
    "Options": "<ul> <li>Programming of special functions</li><li>Programmable parameters of intelligent control electronics</li><li>Schüco controller for automatic configuration of synchronous running and sequence control with locking drives in composite drive systems</li></ul>",
    "IsTwoPce": true,
    "ResultVentWeight": 58.28,
    "IsLsRsDrive": false,
    "ArticleNumberRs": 0,
    "TwoDrivesSideInstallation50": 1085,
    "TwoDrivesSideInstallation60": 900,
    "TwoDrivesSideInstallation70": 775,
    "TwoDrivesSideInstallation80": 675,
    "OpeningSpeedmms": 4,
    "Traction": 1067,
    "Thrust": 1600,
    "Id": "c66b3d72-f326-4f4a-80f5-9872d251f4b7",
    "CreatedOn": "2024-09-26T13:55:26.817Z",
    "CreatedBy": "",
    "ModifiedOn": "2024-09-26T13:55:26.817Z",
    "ModifiedBy": ""
  },
  {
    "Name": "Linear drive LDN8 L750",
    "Bezeichnung": "Linearantrieb LDN8 L750",
    "ConfigurationId": "00000000-0000-0000-0000-000000000000",
    "Description": "",
    "Application": "Roof",
    "ApplicationFacade": false,
    "ApplicationSkylight": true,
    "Type": 2,
    "OpeningType": 0,
    "BottomHungInward": false,
    "BottomHungOutward": true,
    "SideHungInward": false,
    "SideHungOutward": false,
    "TopHungInward": false,
    "TopHungOutward": true,
    "ProjectedTopHungInward": false,
    "ProjectedTopHungOutward": false,
    "InstallationType": "",
    "ITMainOutFrmMountWBracket": true,
    "ITMainFixOutFrmMount": false,
    "ITMainVentFrmMount": false,
    "ITSideMount50": true,
    "ITSideMount60": true,
    "ITSideMount70": true,
    "ITSideMount80": true,
    "ITSideMount67": false,
    "Feature": "",
    "FeatureOpenClose": true,
    "FeatureLock": true,
    "ArticleNumber": 291922,
    "Stroke": 750,
    "Angle": 0,
    "Voltage": "24 V DC",
    "Voltage24": true,
    "Voltage230": false,
    "RatedCurrent": 1,
    "BreakingCurrent": 1,
    "PullingForceMax": 800,
    "PushingForceMax": 800,
    "PullingForceMaxWithNegativeWind": 0,
    "PushingForceMaxWithNegativeWind": 0,
    "PushingForcePermanent": 533.33,
    "PullingForcePermanent": 533.33,
    "MinPullingForceMax": 0,
    "MinPushingForceMax": 1598.67,
    "MinPullingForcePermanent": 0,
    "MinPushingForcePermanent": 610.81,
    "Price": 953.96,
    "DriveLength": 0,
    "ChainDrive": 450,
    "ChainDrive2": 450,
    "MaxLengthMainClosingEdge1Drive": 2100,
    "MaxGeometricArea": 1,
    "GeometricalSmokeExhaustion": 0,
    "TotalGlassThickness": 14,
    "Dimensions": 0,
    "DimensionsWxHxD": "1073 x Ø36",
    "TensileForce": 0,
    "LockingForce": 0,
    "Details_DE": "<ul> <li>Bemessungsspannung: 24 V DC (19 V … 28 V)</li><li>Abschaltstrom: 1,4 A</li><li>Bemessungsstrom: 1,0 A</li><li>Bemessungsaufnahme: 24 W</li><li>Schutzart: IP 65</li> <li>Zug-/Schubkraft: max. 800 N</li><li>Umgebungstemperatur: -5°C bis + 60°C</li><li>Anschlussleitung: Halogenfrei, grau 3 x 1mm², ~3m</li><li>Max. Geschwindigkeit: 10 mm/s</li></ul>",
    "Details_EN": "<ul> <li>Rated voltage: 24 V DC (19 V … 28 V)</li> <li>Breaking current: 1.4 A</li> <li>Rated current: 1.0 A</li> <li>Rated consumption: 24 W</li> <li>Protection rating: IP 65</li><li>Traction/ thrust: max. 800 N</li> <li>Ambient temperature: -5°C to + 60°C</li> <li>Connecting cable: halogen-free, grey 3 x 1mm², ~3m</li> <li>Max. speed: 10 mm/s</li> </ul>",
    "Einsatz": "<ul> <li>Anwendung: Lüftung, NRA</li><li>Integrierte intelligente Regelelektronik</li></ul>",
    "Use": "<ul> <li>Application: ventilation, natural smoke ventilation</li><li>Integrated intelligent control electronics</li></ul>",
    "Ausstattung": "<ul> <li>Robuste korrosionsbeständige Ausführung in eloxierten Aluminiumgehäuse</li><li>Montagefreundlich durch verstellbaren Klemmring</li><li>Spindel aus Edelstahl, kugelgelagert mit Endlagendämpfung</li><li>Mit Goretex Membrane</li></ul>",
    "Equipment": "<ul> <li>Robust, corrosion-resistant design in anodized casing</li><li>Easy installation thanks to adjustable clamping ring</li><li>Stainless steel spindle on ball bearings with end position cushioning</li><li>with Goretex membrane</li></ul>",
    "Optionen": "<ul> <li>Programmierung von Sonderfunktionen</li><li>Programmierbare Parameter der Regelelektronik</li><li>Schüco Kontroller zur automatischen Konfiguration von Synchronlauf und Folgesteuerungen mit Verriegelungsantrieb in Antriebs-Verbundsystem</li></ul>",
    "Options": "<ul> <li>Programming of special functions</li><li>Programmable parameters of intelligent control electronics</li><li>Schüco controller for automatic configuration of synchronous running and sequence control with locking drives in composite drive systems</li></ul>",
    "IsTwoPce": true,
    "ResultVentWeight": 58.28,
    "IsLsRsDrive": false,
    "ArticleNumberRs": 0,
    "TwoDrivesSideInstallation50": 1085,
    "TwoDrivesSideInstallation60": 900,
    "TwoDrivesSideInstallation70": 775,
    "TwoDrivesSideInstallation80": 675,
    "OpeningSpeedmms": 10,
    "Traction": 533,
    "Thrust": 800,
    "Id": "6c6bda97-d502-44bf-ad5c-2a71ddaeda54",
    "CreatedOn": "2024-09-26T13:55:26.817Z",
    "CreatedBy": "",
    "ModifiedOn": "2024-09-26T13:55:26.817Z",
    "ModifiedBy": ""
  },
  {
    "Name": "Linear drive LDN10 L750",
    "Bezeichnung": "Linearantrieb LDN10 L750",
    "ConfigurationId": "00000000-0000-0000-0000-000000000000",
    "Description": "",
    "Application": "Roof",
    "ApplicationFacade": false,
    "ApplicationSkylight": true,
    "Type": 2,
    "OpeningType": 0,
    "BottomHungInward": false,
    "BottomHungOutward": true,
    "SideHungInward": false,
    "SideHungOutward": false,
    "TopHungInward": false,
    "TopHungOutward": true,
    "ProjectedTopHungInward": false,
    "ProjectedTopHungOutward": false,
    "InstallationType": "",
    "ITMainOutFrmMountWBracket": true,
    "ITMainFixOutFrmMount": false,
    "ITMainVentFrmMount": false,
    "ITSideMount50": true,
    "ITSideMount60": true,
    "ITSideMount70": true,
    "ITSideMount80": true,
    "ITSideMount67": false,
    "Feature": "",
    "FeatureOpenClose": true,
    "FeatureLock": true,
    "ArticleNumber": 291930,
    "Stroke": 750,
    "Angle": 0,
    "Voltage": "24 V DC",
    "Voltage24": true,
    "Voltage230": false,
    "RatedCurrent": 2,
    "BreakingCurrent": 2,
    "PullingForceMax": 1000,
    "PushingForceMax": 1000,
    "PullingForceMaxWithNegativeWind": 0,
    "PushingForceMaxWithNegativeWind": 0,
    "PushingForcePermanent": 666.67,
    "PullingForcePermanent": 666.67,
    "MinPullingForceMax": 0,
    "MinPushingForceMax": 1598.67,
    "MinPullingForcePermanent": 0,
    "MinPushingForcePermanent": 610.81,
    "Price": 1235.28,
    "DriveLength": 0,
    "ChainDrive": 450,
    "ChainDrive2": 450,
    "MaxLengthMainClosingEdge1Drive": 2100,
    "MaxGeometricArea": 1,
    "GeometricalSmokeExhaustion": 0,
    "TotalGlassThickness": 14,
    "Dimensions": 0,
    "DimensionsWxHxD": "1073 x Ø36",
    "TensileForce": 0,
    "LockingForce": 0,
    "Details_DE": "<ul> <li>Bemessungsspannung: 24 V DC (19 V … 28 V)</li><li>Abschaltstrom: 2,5 A</li><li>Bemessungsstrom: 1,9 A</li><li>Bemessungsaufnahme: 45 W</li><li>Schutzart: IP 65</li> <li>Zug-/Schubkraft: max. 1000 N</li><li>Umgebungstemperatur: -5°C bis + 60°C</li><li>Anschlussleitung: Halogenfrei, grau 3 x 1mm², ~3m</li><li>Max. Geschwindigkeit: 12,6 mm/s</li></ul>",
    "Details_EN": "<ul> <li>Rated voltage: 24 V DC (19 V … 28 V)</li> <li>Breaking current: 2.5 A</li> <li>Rated current: 1.9 A</li> <li>Rated consumption: 45 W</li> <li>Protection rating: IP 65</li><li>Traction/ thrust: max. 1000N</li> <li>Ambient temperature: -5°C to + 60°C</li> <li>Connecting cable: halogen-free, grey 3 x 1mm², ~3m</li> <li>Max. speed: 12.6 mm/s</li> </ul>",
    "Einsatz": "<ul> <li>Anwendung: Lüftung, NRA</li><li>Integrierte intelligente Regelelektronik</li></ul>",
    "Use": "<ul> <li>Application: ventilation, natural smoke ventilation</li><li>Integrated intelligent control electronics</li></ul>",
    "Ausstattung": "<ul> <li>Robuste korrosionsbeständige Ausführung in eloxierten Aluminiumgehäuse</li><li>Montagefreundlich durch verstellbaren Klemmring</li><li>Spindel aus Edelstahl, kugelgelagert mit Endlagendämpfung</li><li>Mit Goretex Membrane</li></ul>",
    "Equipment": "<ul> <li>Robust, corrosion-resistant design in anodized casing</li><li>Easy installation thanks to adjustable clamping ring</li><li>Stainless steel spindle on ball bearings with end position cushioning</li><li>with Goretex membrane</li></ul>",
    "Optionen": "<ul> <li>Programmierung von Sonderfunktionen</li><li>Programmierbare Parameter der Regelelektronik</li><li>Schüco Kontroller zur automatischen Konfiguration von Synchronlauf und Folgesteuerungen mit Verriegelungsantrieb in Antriebs-Verbundsystem</li></ul>",
    "Options": "<ul> <li>Programming of special functions</li><li>Programmable parameters of intelligent control electronics</li><li>Schüco controller for automatic configuration of synchronous running and sequence control with locking drives in composite drive systems</li></ul>",
    "IsTwoPce": true,
    "ResultVentWeight": 58.28,
    "IsLsRsDrive": false,
    "ArticleNumberRs": 0,
    "TwoDrivesSideInstallation50": 1085,
    "TwoDrivesSideInstallation60": 900,
    "TwoDrivesSideInstallation70": 775,
    "TwoDrivesSideInstallation80": 675,
    "OpeningSpeedmms": 13,
    "Traction": 667,
    "Thrust": 1000,
    "Id": "8d69273f-9ee9-45e2-9648-5a265a72fa3e",
    "CreatedOn": "2024-09-26T13:55:26.817Z",
    "CreatedBy": "",
    "ModifiedOn": "2024-09-26T13:55:26.817Z",
    "ModifiedBy": ""
  },
  {
    "Name": "Linear drive LDH15 L750",
    "Bezeichnung": "Linearantrieb LDH15 L750",
    "ConfigurationId": "00000000-0000-0000-0000-000000000000",
    "Description": "",
    "Application": "Roof",
    "ApplicationFacade": false,
    "ApplicationSkylight": true,
    "Type": 2,
    "OpeningType": 0,
    "BottomHungInward": false,
    "BottomHungOutward": true,
    "SideHungInward": false,
    "SideHungOutward": false,
    "TopHungInward": false,
    "TopHungOutward": true,
    "ProjectedTopHungInward": false,
    "ProjectedTopHungOutward": false,
    "InstallationType": "",
    "ITMainOutFrmMountWBracket": true,
    "ITMainFixOutFrmMount": false,
    "ITMainVentFrmMount": false,
    "ITSideMount50": true,
    "ITSideMount60": true,
    "ITSideMount70": true,
    "ITSideMount80": true,
    "ITSideMount67": false,
    "Feature": "",
    "FeatureOpenClose": true,
    "FeatureLock": true,
    "ArticleNumber": 291941,
    "Stroke": 750,
    "Angle": 0,
    "Voltage": "24 V DC",
    "Voltage24": true,
    "Voltage230": false,
    "RatedCurrent": 3,
    "BreakingCurrent": 4,
    "PullingForceMax": 1500,
    "PushingForceMax": 1500,
    "PullingForceMaxWithNegativeWind": 0,
    "PushingForceMaxWithNegativeWind": 0,
    "PushingForcePermanent": 1000,
    "PullingForcePermanent": 1000,
    "MinPullingForceMax": 0,
    "MinPushingForceMax": 1598.67,
    "MinPullingForcePermanent": 0,
    "MinPushingForcePermanent": 610.81,
    "Price": 1649.12,
    "DriveLength": 0,
    "ChainDrive": 450,
    "ChainDrive2": 450,
    "MaxLengthMainClosingEdge1Drive": 2100,
    "MaxGeometricArea": 1,
    "GeometricalSmokeExhaustion": 0,
    "TotalGlassThickness": 14,
    "Dimensions": 0,
    "DimensionsWxHxD": "1191 x Ø50",
    "TensileForce": 0,
    "LockingForce": 0,
    "Details_DE": "<ul> <li>Bemessungsspannung: 24 V DC (19 V … 28 V)</li><li>Abschaltstrom: 4,0 A</li><li>Bemessungsstrom: 3,0 A</li><li>Bemessungsaufnahme: 72 W</li><li>Schutzart: IP 54</li> <li>Zug-/Schubkraft: max. 1500 N</li><li>Umgebungstemperatur: -5°C bis + 60°C</li><li>Anschlussleitung: Halogenfrei, grau 3 x 1mm², ~3m</li><li>Max. Geschwindigkeit: 16 mm/s</li></ul>",
    "Details_EN": "<ul> <li>Rated voltage: 24 V DC (19 V … 28 V)</li> <li>Breaking current: 4.0 A</li> <li>Rated current: 3.0 A</li> <li>Rated consumption: 72 W</li> <li>Protection rating: IP 54</li><li>Traction/ thrust: max. 1500N</li> <li>Ambient temperature: -5°C to + 60°C</li> <li>Connecting cable: halogen-free, grey 3 x 1mm², ~3m</li> <li>Max. speed: 16 mm/s</li> </ul>",
    "Einsatz": "<ul> <li>Anwendung: Lüftung, NRA</li><li>Integrierte intelligente Regelelektronik</li></ul>",
    "Use": "<ul> <li>Application: ventilation, natural smoke ventilation</li><li>Integrated intelligent control electronics</li></ul>",
    "Ausstattung": "<ul> <li>Robuste korrosionsbeständige Ausführung in eloxierten Aluminiumgehäuse</li><li>Montagefreundlich durch verstellbaren Klemmring</li><li>Spindel aus Edelstahl, kugelgelagert mit Endlagendämpfung</li><li>Mit Goretex Membrane</li></ul>",
    "Equipment": "<ul> <li>Robust, corrosion-resistant design in anodized casing</li><li>Easy installation thanks to adjustable clamping ring</li><li>Stainless steel spindle on ball bearings with end position cushioning</li><li>with Goretex membrane</li></ul>",
    "Optionen": "<ul> <li>Programmierung von Sonderfunktionen</li><li>Programmierbare Parameter der Regelelektronik</li><li>Schüco Kontroller zur automatischen Konfiguration von Synchronlauf und Folgesteuerungen mit Verriegelungsantrieb in Antriebs-Verbundsystem</li></ul>",
    "Options": "<ul> <li>Programming of special functions</li><li>Programmable parameters of intelligent control electronics</li><li>Schüco controller for automatic configuration of synchronous running and sequence control with locking drives in composite drive systems</li></ul>",
    "IsTwoPce": true,
    "ResultVentWeight": 58.28,
    "IsLsRsDrive": false,
    "ArticleNumberRs": 0,
    "TwoDrivesSideInstallation50": 1085,
    "TwoDrivesSideInstallation60": 900,
    "TwoDrivesSideInstallation70": 775,
    "TwoDrivesSideInstallation80": 675,
    "OpeningSpeedmms": 16,
    "Traction": 1000,
    "Thrust": 1500,
    "Id": "ee912a2e-eab8-4135-8a51-79caa8b40493",
    "CreatedOn": "2024-09-26T13:55:26.818Z",
    "CreatedBy": "",
    "ModifiedOn": "2024-09-26T13:55:26.818Z",
    "ModifiedBy": ""
  },
  {
    "Name": "Locking actuator roof",
    "Bezeichnung": "Verr.antrieb Dachf 600N",
    "ConfigurationId": "00000000-0000-0000-0000-000000000000",
    "Description": "",
    "Application": "",
    "ApplicationFacade": false,
    "ApplicationSkylight": true,
    "Type": 5,
    "OpeningType": 0,
    "BottomHungInward": false,
    "BottomHungOutward": true,
    "SideHungInward": false,
    "SideHungOutward": false,
    "TopHungInward": false,
    "TopHungOutward": true,
    "ProjectedTopHungInward": false,
    "ProjectedTopHungOutward": false,
    "InstallationType": "",
    "ITMainOutFrmMountWBracket": true,
    "ITMainFixOutFrmMount": false,
    "ITMainVentFrmMount": false,
    "ITSideMount50": true,
    "ITSideMount60": true,
    "ITSideMount70": true,
    "ITSideMount80": true,
    "ITSideMount67": false,
    "Feature": "",
    "FeatureOpenClose": true,
    "FeatureLock": false,
    "ArticleNumber": 291954,
    "Stroke": 0,
    "Angle": 0,
    "Voltage": null,
    "Voltage24": true,
    "Voltage230": false,
    "RatedCurrent": 0,
    "BreakingCurrent": 0,
    "PullingForceMax": 0,
    "PushingForceMax": 0,
    "PullingForceMaxWithNegativeWind": 0,
    "PushingForceMaxWithNegativeWind": 0,
    "PushingForcePermanent": 0,
    "PullingForcePermanent": 0,
    "MinPullingForceMax": 0,
    "MinPushingForceMax": 0,
    "MinPullingForcePermanent": 0,
    "MinPushingForcePermanent": 0,
    "Price": 225.16,
    "DriveLength": 0,
    "ChainDrive": 0,
    "ChainDrive2": 0,
    "MaxLengthMainClosingEdge1Drive": 0,
    "MaxGeometricArea": 0,
    "GeometricalSmokeExhaustion": 0,
    "TotalGlassThickness": 0,
    "Dimensions": 0,
    "DimensionsWxHxD": "415 x 26 x 26",
    "TensileForce": 0,
    "LockingForce": 0,
    "Details_DE": "<ul> <li>Bemessungsspannung: 24 V DC (19 V … 28 V)</li> <li>Abschaltstrom: ~1,0 A</li> <li>Bemessungsstrom: 0,6 A</li> <li>Bemessungsaufnahme: 15 W</li> <li>Schutzart: IP 32</li><li>Zug-/Schubkraft: max. 600 N</li> <li>Umgebungstemperatur: -5°C bis + 60°C</li> <li>Anschlussleitung: Halogenfrei, grau 3x 0,5mm², ~3m</li> <li>Laufzeit: ~ 5s</li><li>Hub: ~ 18mm</li> </ul>",
    "Details_EN": "<ul> <li>Rated voltage : 24 V DC (19 V … 28 V</li> <li>Breaking current : ~1,0 A</li> <li>Rated current : 0,6 A</li> <li>Rated consumption : 15 W</li> <li>Protection rating : IP 32</li><li>Traction/ thrust : max. 600 N</li> <li>Ambient temperature: -5°C bis + 60°C</li> <li>Connecting cable: halogen-free, grey 3 x 0,5mm², ~3m</li> <li>Running time: ~ 5s</li><li>Stroke: ~ 18mm</li> </ul>",
    "Einsatz": "<ul> <li>Anwendung: Lüftung, NRA</li><li>Integrierte intelligente Regelelektronik</li></ul>",
    "Use": "<ul> <li>Application: ventilation, natural smoke ventilation</li> <li>Integrated intelligent control electronics</li></ul>",
    "Ausstattung": "<ul><li>Laufrichtung einstellbar</li></ul>",
    "Equipment": "<ul><li>Running direction adjustable</li></ul>",
    "Optionen": "<ul> <li>Mitnehmer objekt-/profilspezifisch anpassbar</li></ul>",
    "Options": "<ul> <li>Coupling adapter customizable for project-/profile-specific demands</li></ul>",
    "IsTwoPce": false,
    "ResultVentWeight": 0,
    "IsLsRsDrive": false,
    "ArticleNumberRs": 0,
    "TwoDrivesSideInstallation50": 0,
    "TwoDrivesSideInstallation60": 0,
    "TwoDrivesSideInstallation70": 0,
    "TwoDrivesSideInstallation80": 0,
    "OpeningSpeedmms": 0,
    "Traction": 0,
    "Thrust": 0,
    "Id": "2b6ffe33-0cb6-494e-a561-679dc2adeb63",
    "CreatedOn": "2024-09-26T13:55:26.817Z",
    "CreatedBy": "",
    "ModifiedOn": "2024-09-26T13:55:26.817Z",
    "ModifiedBy": ""
  }
]

13:54:00.957 [main] INFO  com.intuit.karate - Expected RecommDrive: Linear drive LDB16 L750,Linear drive LDN8 L750,Linear drive LDN10 L750,Linear drive LDH15 L750,Locking actuator roof 
13:54:00.958 [main] INFO  com.intuit.karate - Actual RecommDrive: Linear drive LDB16 L750, Linear drive LDN8 L750, Linear drive LDN10 L750, Linear drive LDH15 L750, Locking actuator roof 
13:54:00.958 [main] INFO  com.intuit.karate - Normalized Actual RecommDrive: Linear drive LDB16 L750,Linear drive LDN8 L750,Linear drive LDN10 L750,Linear drive LDH15 L750,Locking actuator roof 
13:54:00.958 [main] INFO  com.intuit.karate - Normalized Expected RecommDrive: Linear drive LDB16 L750,Linear drive LDN8 L750,Linear drive LDN10 L750,Linear drive LDH15 L750,Locking actuator roof 
13:54:00.961 [main] INFO  com.intuit.karate - All Drive IDs: [
  "c66b3d72-f326-4f4a-80f5-9872d251f4b7",
  "6c6bda97-d502-44bf-ad5c-2a71ddaeda54",
  "8d69273f-9ee9-45e2-9648-5a265a72fa3e",
  "ee912a2e-eab8-4135-8a51-79caa8b40493",
  "2b6ffe33-0cb6-494e-a561-679dc2adeb63"
]
 
13:54:00.961 [main] INFO  com.intuit.karate - First Drive ID: c66b3d72-f326-4f4a-80f5-9872d251f4b7 
13:54:00.962 [main] DEBUG com.intuit.karate - request:
3 > POST https://dev-drivetec-apis.schuecodigitalsolutions.com/api/Drives/DownloadPDFNew/Schuco
3 > Content-Type: application/json; charset=UTF-8
3 > Content-Length: 1194
3 > Host: dev-drivetec-apis.schuecodigitalsolutions.com
3 > Connection: Keep-Alive
3 > User-Agent: Apache-HttpClient/4.5.14 (Java/17.0.12)
3 > Accept-Encoding: gzip,deflate
[{"Id":"configId","Header":"configId","Value":"abc8842b-6d9b-401a-aea8-97fcc75b7722"},{"Id":"driveId","Header":"driveId","Value":"c66b3d72-f326-4f4a-80f5-9872d251f4b7"},{"Id":"culture","Header":"culture","Value":"EN-US"},{"Id":"projectId","Header":"projectId","Value":"2afcf090-6588-4022-aa5e-49fca51f940e"},{"Id":"range-of-app","Header":"Range of application","Value":"Façade"},{"Id":"opening-type","Header":"Opening type","Value":"Bottom-hung vent"},{"Id":"opening-direction","Header":"Opening direction","Value":"Inward"},{"Id":"how-calc-weight","Header":"Vent weight","Value":"Weight including glass"},{"Id":"Chain-Length","Header":"Chain- \/ connecting rod handle","Value":"100%"},{"Id":"drive-position","Header":"Drive position","Value":"Side installation"},{"Id":"locking-mechanism","Header":"Locking mechanism","Value":"With"},{"Id":"voltage","Header":"Voltage","Value":"24 V"},{"Id":"drive-type","Header":"Drive type","Value":"Chain drive"},{"Id":"type-installation","Header":"Type of installation","Value":"Pivoting Outer Frame Installation"},{"Id":"calculation-type-for-ventilation-area","Header":"Calculation type for ventilation area","Value":"Method in accordance with ASR 3.6"}]

13:54:02.623 [main] DEBUG com.intuit.karate - response time in milliseconds: 1660
3 < 200
3 < Content-Type: application/json; charset=utf-8
3 < Date: Thu, 05 Dec 2024 08:24:00 GMT
3 < Server: Microsoft-IIS/10.0
3 < X-Powered-By: ASP.NET
3 < Content-Length: 278
3 < Connection: keep-alive
{
  "result": "https://drive-tec-dev.s3.amazonaws.com/AUT_TPJ33518-Linear_drive_LDB16_L750.pdf?AWSAccessKeyId=AKIAZAWIART4ZFAXXPHK&Expires=1733390640&response-content-disposition=attachment%3B&response-content-type=application%2Fpdf&Signature=cCozE0swfZ1pWZbMFHNUljZTpUY%3D"
}

13:54:02.624 [main] INFO  com.intuit.karate - Download URL for first driveId: https://drive-tec-dev.s3.amazonaws.com/AUT_TPJ33518-Linear_drive_LDB16_L750.pdf?AWSAccessKeyId=AKIAZAWIART4ZFAXXPHK&Expires=1733390640&response-content-disposition=attachment%3B&response-content-type=application%2Fpdf&Signature=cCozE0swfZ1pWZbMFHNUljZTpUY%3D 
13:54:02.633 [main] INFO  com.intuit.karate - karate.env system property was: null 
13:54:02.634 [main] INFO  com.intuit.karate - Running test for dataset:  Dataset31 
13:54:02.639 [main] INFO  com.intuit.karate - Using ProjectId:  {
  "result": {
    "projectId": "prjId"
  },
  "projectPayload": {
    "Id": "579816e4-6653-4794-b435-a885f32e28d7",
    "Name": "AUT_TPJ33518",
    "Address": "Hyderabad, Telangana, India",
    "Description": "",
    "CreatedBy": "579816e4-6653-4794-b435-a885f32e28d7",
    "ModifiedBy": "579816e4-6653-4794-b435-a885f32e28d7"
  },
  "uniqueName": "AUT_TPJ33518",
  "responseHeaders": {
    "Content-Type": [
      "application/json; charset=utf-8"
    ],
    "Date": [
      "Thu, 05 Dec 2024 08:22:12 GMT"
    ],
    "Server": [
      "Microsoft-IIS/10.0"
    ],
    "X-Powered-By": [
      "ASP.NET"
    ],
    "transfer-encoding": [
      "chunked"
    ],
    "Connection": [
      "keep-alive"
    ],
    "Set-Cookie": [
    ]
  },
  "responseTime": 841,
  "response": {
    "Name": "AUT_TPJ33518",
    "Description": "",
    "Address": "Hyderabad, Telangana, India",
    "Id": "2afcf090-6588-4022-aa5e-49fca51f940e",
    "CreatedOn": "2024-12-05T08:22:11.998251+00:00",
    "CreatedBy": "579816e4-6653-4794-b435-a885f32e28d7",
    "ModifiedOn": "2024-12-05T08:22:11.9982526+00:00",
    "ModifiedBy": ""
  },
  "responseStatus": 200,
  "prjId": "2afcf090-6588-4022-aa5e-49fca51f940e",
  "projectId": "2afcf090-6588-4022-aa5e-49fca51f940e"
}
 
13:54:02.643 [main] DEBUG com.intuit.karate - request:
1 > POST https://dev-drivetec-apis.schuecodigitalsolutions.com/Configurations
1 > Content-Type: application/json; charset=UTF-8
1 > Content-Length: 1275
1 > Host: dev-drivetec-apis.schuecodigitalsolutions.com
1 > Connection: Keep-Alive
1 > User-Agent: Apache-HttpClient/4.5.14 (Java/17.0.12)
1 > Accept-Encoding: gzip,deflate
{"Id":"00000000-0000-0000-0000-000000000000","ProjectId":"2afcf090-6588-4022-aa5e-49fca51f940e","Name":"Dataset2641","Description":"Dataset2641","CustomTags":"","CreatedBy":"579816e4-6653-4794-b435-a885f32e28d7","ModifiedBy":"579816e4-6653-4794-b435-a885f32e28d7","ApplicationName":1,"System":"","FacadeInclination":0,"OpeningType":1,"OpeningDirection":1,"OpeningWidth":1000,"VentOuterWidth":1230,"VentOuterHeight":1480,"VentWeight":70,"CalculateWeightWithGlass":false,"WeightIncGlassOrThickness":false,"GlassThickness":14,"ProfileWeightPerSerialMeter":2.5,"IsWindowOpeningCalculationByAngle":1,"RequiredOpeningStroke":400,"OpeningAngle":15,"WindLoad":120,"SnowLoad":0,"DrivePosition":2,"InstallationPosition":1,"ChainLengthConnectingRodHandle":5,"LockingMechanism":1,"Voltage":1,"DriveType":1,"TypeOfInstallation":2,"CalculationTypeForVentilation":1,"CalcVentilation":1,"GeometricArea":1,"SpecificExhaustDimension":30,"BuildingDepth":75,"RevealDepth":0,"RevealDepthRectangleAngle1":0,"RevealDepthRectangleAngle2":0,"HeightOfProfile":0,"HeightProfileRectangleAngle1":0,"HeightProfileRectangleAngle2":0,"AkippOrAtilt":0,"AdrehOrAturn":0,"Ageo":0,"MinPullingForceMax":0,"MinPushingForceMax":0,"MinPullingForcePermanent":0,"MinPushingForcePermanent":0,"ForceWithNegativeWind":0}

13:54:03.289 [main] DEBUG com.intuit.karate - response time in milliseconds: 644
1 < 200
1 < Content-Type: application/json; charset=utf-8
1 < Date: Thu, 05 Dec 2024 08:24:00 GMT
1 < Server: Microsoft-IIS/10.0
1 < X-Powered-By: ASP.NET
1 < transfer-encoding: chunked
1 < Connection: keep-alive
{
  "ProjectId": "2afcf090-6588-4022-aa5e-49fca51f940e",
  "Name": "Dataset2641",
  "Description": "Dataset2641",
  "CustomTags": "",
  "ApplicationName": 1,
  "OpeningType": 1,
  "OpeningDirection": 1,
  "CalculateWeightWithGlass": false,
  "WindLoad": 120,
  "IsWindowOpeningCalculationByAngle": 1,
  "VentOuterWidth": 1230,
  "VentOuterHeight": 1480,
  "WeightIncGlassOrThickness": false,
  "VentWeight": 77,
  "VentWeightExact": 77.26400000000001,
  "GlassThickness": 14,
  "ProfileWeightPerSerialMeter": 2.5,
  "FacadeInclination": 0,
  "ChainLengthConnectingRodHandle": 5,
  "ChainLenghtConnectingRodHandle": 0,
  "RequiredOpeningStroke": 400,
  "OpeningWidth": 1000,
  "OpeningAngle": 15.532868337024489,
  "SpecificExhaustDimension": 30,
  "BuildingDepth": 75,
  "SnowLoad": 0,
  "DistanceHinge": 0,
  "RatedCurrent": 0,
  "DrivePosition": 2,
  "LockingMechanism": 1,
  "Voltage": 1,
  "DriveType": 1,
  "TypeOfInstallation": 2,
  "GeometricArea": 0,
  "CalculationTypeForVentilation": 1,
  "HeightOfProfile": 0,
  "Reveal": 0,
  "RevealDepth": 0,
  "HeightProfileRectangleAngle1": 0,
  "HeightProfileRectangleAngle2": 0,
  "RevealDepthRectangleAngle1": 0,
  "RevealDepthRectangleAngle2": 0,
  "RevealDepthRectangleAngle12": 0,
  "InstallationPosition": 0,
  "RecommendedDriveArticleNo": 0,
  "System": "",
  "AkippOrAtilt": 1.084,
  "AdrehOrAturn": 1.8204,
  "Ageo": 1.084,
  "MinPullingForceMax": -206.4868442161654,
  "MinPushingForceMax": -206.4868442161654,
  "MinPullingForcePermanent": -104.11163259218097,
  "MinPushingForcePermanent": -104.11163259218097,
  "ForceWithNegativeWind": 109.53156767199486,
  "ForceWithNoWindMin": 0.30763693489047433,
  "ForceWithNegativeWindMin": 0,
  "ForceWithWindMin": -108.91629380221393,
  "Id": "f9a52ce1-504a-47a2-94bd-964185c1f3fd",
  "CreatedOn": "2024-12-05T08:24:00.7634221+00:00",
  "CreatedBy": "579816e4-6653-4794-b435-a885f32e28d7",
  "ModifiedOn": "2024-12-05T08:24:00.7634234+00:00",
  "ModifiedBy": ""
}

13:54:03.291 [main] INFO  com.intuit.karate - Generated Config ID: f9a52ce1-504a-47a2-94bd-964185c1f3fd 
13:54:03.292 [main] INFO  com.intuit.karate - Generated Name: Dataset2641 
13:54:03.292 [main] INFO  com.intuit.karate - Generated Description: Dataset2641 
13:54:03.298 [main] DEBUG com.intuit.karate - request:
1 > PUT https://dev-drivetec-apis.schuecodigitalsolutions.com/Configurations
1 > Content-Type: application/json; charset=UTF-8
1 > Content-Length: 1275
1 > Host: dev-drivetec-apis.schuecodigitalsolutions.com
1 > Connection: Keep-Alive
1 > User-Agent: Apache-HttpClient/4.5.14 (Java/17.0.12)
1 > Accept-Encoding: gzip,deflate
{"Id":"f9a52ce1-504a-47a2-94bd-964185c1f3fd","Name":"Dataset31","Description":"Dataset2641","ProjectId":"2afcf090-6588-4022-aa5e-49fca51f940e","CustomTags":"","CreatedBy":"579816e4-6653-4794-b435-a885f32e28d7","ModifiedBy":"579816e4-6653-4794-b435-a885f32e28d7","System":"","FacadeInclination":10,"OpeningType":5,"OpeningDirection":1,"OpeningWidth":1000,"VentOuterWidth":1230,"VentOuterHeight":1200,"VentWeight":0,"CalculateWeightWithGlass":false,"RequiredOpeningStroke":1200,"WindLoad":120,"SnowLoad":0,"IsWindowOpeningCalculationByAngle":1,"GlassThickness":14,"ProfileWeightPerSerialMeter":2.5,"DrivePosition":1,"InstallationPosition":0,"LockingMechanism":1,"Voltage":1,"DriveType":3,"TypeOfInstallation":2,"GeometricArea":0,"CalcVentilation":1,"SpecificExhaustDimension":30,"BuildingDepth":75,"CalculationTypeForVentilation":1,"HeightOfProfile":0,"HeightProfileRectangleAngle1":0,"HeightProfileRectangleAngle2":0,"RevealDepth":0,"RevealDepthRectangleAngle1":0,"RevealDepthRectangleAngle2":0,"ChainLengthConnectingRodHandle":1,"ApplicationName":2,"OpeningAngle":4.5,"WeightIncGlassOrThickness":false,"AkippOrAtilt":0,"AdrehOrAturn":0,"Ageo":0,"MinPullingForceMax":0,"MinPushingForceMax":0,"MinPullingForcePermanent":0,"MinPushingForcePermanent":0,"ForceWithNegativeWind":0}

13:54:03.952 [main] DEBUG com.intuit.karate - response time in milliseconds: 653
1 < 200
1 < Content-Type: application/json; charset=utf-8
1 < Date: Thu, 05 Dec 2024 08:24:01 GMT
1 < Server: Microsoft-IIS/10.0
1 < X-Powered-By: ASP.NET
1 < Content-Length: 2001
1 < Connection: keep-alive
{
  "ProjectId": "2afcf090-6588-4022-aa5e-49fca51f940e",
  "Name": "Dataset31",
  "Description": "Dataset2641",
  "CustomTags": "",
  "ApplicationName": 2,
  "OpeningType": 5,
  "OpeningDirection": 1,
  "CalculateWeightWithGlass": false,
  "WindLoad": 120,
  "IsWindowOpeningCalculationByAngle": 1,
  "VentOuterWidth": 1230,
  "VentOuterHeight": 1200,
  "WeightIncGlassOrThickness": false,
  "VentWeight": 64,
  "VentWeightExact": 63.81,
  "GlassThickness": 14,
  "ProfileWeightPerSerialMeter": 2.5,
  "FacadeInclination": 10,
  "ChainLengthConnectingRodHandle": 1,
  "ChainLenghtConnectingRodHandle": 0,
  "RequiredOpeningStroke": 1200,
  "OpeningWidth": 1000,
  "OpeningAngle": 180,
  "SpecificExhaustDimension": 30,
  "BuildingDepth": 75,
  "SnowLoad": 0,
  "DistanceHinge": 0,
  "RatedCurrent": 0,
  "DrivePosition": 1,
  "LockingMechanism": 1,
  "Voltage": 1,
  "DriveType": 3,
  "TypeOfInstallation": 2,
  "GeometricArea": 0,
  "CalculationTypeForVentilation": 1,
  "HeightOfProfile": 0,
  "Reveal": 0,
  "RevealDepth": 0,
  "HeightProfileRectangleAngle1": 0,
  "HeightProfileRectangleAngle2": 0,
  "RevealDepthRectangleAngle1": 0,
  "RevealDepthRectangleAngle2": 0,
  "RevealDepthRectangleAngle12": 0,
  "InstallationPosition": 0,
  "RecommendedDriveArticleNo": 0,
  "System": "",
  "AkippOrAtilt": 5.832,
  "AdrehOrAturn": 1.476,
  "Ageo": 1.476,
  "MinPullingForceMax": 0,
  "MinPushingForceMax": 633.7510916039267,
  "MinPullingForcePermanent": 628.415628838632,
  "MinPushingForcePermanent": 628.415628838632,
  "ForceWithNegativeWind": 625.7478974559846,
  "ForceWithNoWindMin": -155.42040963748997,
  "ForceWithNegativeWindMin": -276.86797516497245,
  "ForceWithWindMin": 0,
  "Id": "f9a52ce1-504a-47a2-94bd-964185c1f3fd",
  "CreatedOn": "0001-01-01T00:00:00",
  "CreatedBy": "579816e4-6653-4794-b435-a885f32e28d7",
  "ModifiedOn": "2024-12-05T08:24:01.4560586+00:00",
  "ModifiedBy": "579816e4-6653-4794-b435-a885f32e28d7"
}

13:54:03.953 [main] INFO  com.intuit.karate - VentWeight from API Response: 64 
13:54:03.960 [main] INFO  com.intuit.karate - Rounded Opening Angle: 180.0 
13:54:03.961 [main] INFO  com.intuit.karate - Rounded Ageo: 1.48 
13:54:03.962 [main] INFO  com.intuit.karate - Rounded Required Opening Stroke: 1200.0 
13:54:03.962 [main] INFO  com.intuit.karate - Rounded Vent Weight: 64.0 
13:54:03.964 [main] DEBUG com.intuit.karate - request:
2 > GET https://dev-drivetec-apis.schuecodigitalsolutions.com/Config/f9a52ce1-504a-47a2-94bd-964185c1f3fd/Drive
2 > Host: dev-drivetec-apis.schuecodigitalsolutions.com
2 > Connection: Keep-Alive
2 > User-Agent: Apache-HttpClient/4.5.14 (Java/17.0.12)
2 > Accept-Encoding: gzip,deflate


13:54:04.606 [main] DEBUG com.intuit.karate - response time in milliseconds: 641
2 < 200
2 < Content-Type: application/json; charset=utf-8
2 < Date: Thu, 05 Dec 2024 08:24:01 GMT
2 < Server: Microsoft-IIS/10.0
2 < X-Powered-By: ASP.NET
2 < transfer-encoding: chunked
2 < Connection: keep-alive
[
  {
    "Name": "Locking actuator roof",
    "Bezeichnung": "Verr.antrieb Dachf 600N",
    "ConfigurationId": "00000000-0000-0000-0000-000000000000",
    "Description": "",
    "Application": "",
    "ApplicationFacade": false,
    "ApplicationSkylight": true,
    "Type": 5,
    "OpeningType": 0,
    "BottomHungInward": false,
    "BottomHungOutward": true,
    "SideHungInward": false,
    "SideHungOutward": false,
    "TopHungInward": false,
    "TopHungOutward": true,
    "ProjectedTopHungInward": false,
    "ProjectedTopHungOutward": false,
    "InstallationType": "",
    "ITMainOutFrmMountWBracket": true,
    "ITMainFixOutFrmMount": false,
    "ITMainVentFrmMount": false,
    "ITSideMount50": true,
    "ITSideMount60": true,
    "ITSideMount70": true,
    "ITSideMount80": true,
    "ITSideMount67": false,
    "Feature": "",
    "FeatureOpenClose": true,
    "FeatureLock": false,
    "ArticleNumber": 291954,
    "Stroke": 0,
    "Angle": 0,
    "Voltage": null,
    "Voltage24": true,
    "Voltage230": false,
    "RatedCurrent": 0,
    "BreakingCurrent": 0,
    "PullingForceMax": 0,
    "PushingForceMax": 0,
    "PullingForceMaxWithNegativeWind": 0,
    "PushingForceMaxWithNegativeWind": 0,
    "PushingForcePermanent": 0,
    "PullingForcePermanent": 0,
    "MinPullingForceMax": 0,
    "MinPushingForceMax": 0,
    "MinPullingForcePermanent": 0,
    "MinPushingForcePermanent": 0,
    "Price": 225.16,
    "DriveLength": 0,
    "ChainDrive": 0,
    "ChainDrive2": 0,
    "MaxLengthMainClosingEdge1Drive": 0,
    "MaxGeometricArea": 0,
    "GeometricalSmokeExhaustion": 0,
    "TotalGlassThickness": 0,
    "Dimensions": 0,
    "DimensionsWxHxD": "415 x 26 x 26",
    "TensileForce": 0,
    "LockingForce": 0,
    "Details_DE": "<ul> <li>Bemessungsspannung: 24 V DC (19 V … 28 V)</li> <li>Abschaltstrom: ~1,0 A</li> <li>Bemessungsstrom: 0,6 A</li> <li>Bemessungsaufnahme: 15 W</li> <li>Schutzart: IP 32</li><li>Zug-/Schubkraft: max. 600 N</li> <li>Umgebungstemperatur: -5°C bis + 60°C</li> <li>Anschlussleitung: Halogenfrei, grau 3x 0,5mm², ~3m</li> <li>Laufzeit: ~ 5s</li><li>Hub: ~ 18mm</li> </ul>",
    "Details_EN": "<ul> <li>Rated voltage : 24 V DC (19 V … 28 V</li> <li>Breaking current : ~1,0 A</li> <li>Rated current : 0,6 A</li> <li>Rated consumption : 15 W</li> <li>Protection rating : IP 32</li><li>Traction/ thrust : max. 600 N</li> <li>Ambient temperature: -5°C bis + 60°C</li> <li>Connecting cable: halogen-free, grey 3 x 0,5mm², ~3m</li> <li>Running time: ~ 5s</li><li>Stroke: ~ 18mm</li> </ul>",
    "Einsatz": "<ul> <li>Anwendung: Lüftung, NRA</li><li>Integrierte intelligente Regelelektronik</li></ul>",
    "Use": "<ul> <li>Application: ventilation, natural smoke ventilation</li> <li>Integrated intelligent control electronics</li></ul>",
    "Ausstattung": "<ul><li>Laufrichtung einstellbar</li></ul>",
    "Equipment": "<ul><li>Running direction adjustable</li></ul>",
    "Optionen": "<ul> <li>Mitnehmer objekt-/profilspezifisch anpassbar</li></ul>",
    "Options": "<ul> <li>Coupling adapter customizable for project-/profile-specific demands</li></ul>",
    "IsTwoPce": false,
    "ResultVentWeight": 0,
    "IsLsRsDrive": false,
    "ArticleNumberRs": 0,
    "TwoDrivesSideInstallation50": 0,
    "TwoDrivesSideInstallation60": 0,
    "TwoDrivesSideInstallation70": 0,
    "TwoDrivesSideInstallation80": 0,
    "OpeningSpeedmms": 0,
    "Traction": 0,
    "Thrust": 0,
    "Id": "2b6ffe33-0cb6-494e-a561-679dc2adeb63",
    "CreatedOn": "2024-09-26T13:55:26.817Z",
    "CreatedBy": "",
    "ModifiedOn": "2024-09-26T13:55:26.817Z",
    "ModifiedBy": ""
  }
]

13:54:04.610 [main] INFO  com.intuit.karate - Expected RecommDrive: Locking actuator roof 
13:54:04.610 [main] INFO  com.intuit.karate - Actual RecommDrive: Locking actuator roof 
13:54:04.610 [main] INFO  com.intuit.karate - Normalized Actual RecommDrive: Locking actuator roof 
13:54:04.610 [main] INFO  com.intuit.karate - Normalized Expected RecommDrive: Locking actuator roof 
13:54:04.611 [main] INFO  com.intuit.karate - All Drive IDs: [
  "2b6ffe33-0cb6-494e-a561-679dc2adeb63"
]
 
13:54:04.611 [main] INFO  com.intuit.karate - First Drive ID: 2b6ffe33-0cb6-494e-a561-679dc2adeb63 
13:54:04.613 [main] DEBUG com.intuit.karate - request:
3 > POST https://dev-drivetec-apis.schuecodigitalsolutions.com/api/Drives/DownloadPDFNew/Schuco
3 > Content-Type: application/json; charset=UTF-8
3 > Content-Length: 1194
3 > Host: dev-drivetec-apis.schuecodigitalsolutions.com
3 > Connection: Keep-Alive
3 > User-Agent: Apache-HttpClient/4.5.14 (Java/17.0.12)
3 > Accept-Encoding: gzip,deflate
[{"Id":"configId","Header":"configId","Value":"f9a52ce1-504a-47a2-94bd-964185c1f3fd"},{"Id":"driveId","Header":"driveId","Value":"2b6ffe33-0cb6-494e-a561-679dc2adeb63"},{"Id":"culture","Header":"culture","Value":"EN-US"},{"Id":"projectId","Header":"projectId","Value":"2afcf090-6588-4022-aa5e-49fca51f940e"},{"Id":"range-of-app","Header":"Range of application","Value":"Façade"},{"Id":"opening-type","Header":"Opening type","Value":"Bottom-hung vent"},{"Id":"opening-direction","Header":"Opening direction","Value":"Inward"},{"Id":"how-calc-weight","Header":"Vent weight","Value":"Weight including glass"},{"Id":"Chain-Length","Header":"Chain- \/ connecting rod handle","Value":"100%"},{"Id":"drive-position","Header":"Drive position","Value":"Side installation"},{"Id":"locking-mechanism","Header":"Locking mechanism","Value":"With"},{"Id":"voltage","Header":"Voltage","Value":"24 V"},{"Id":"drive-type","Header":"Drive type","Value":"Chain drive"},{"Id":"type-installation","Header":"Type of installation","Value":"Pivoting Outer Frame Installation"},{"Id":"calculation-type-for-ventilation-area","Header":"Calculation type for ventilation area","Value":"Method in accordance with ASR 3.6"}]

13:54:06.083 [main] DEBUG com.intuit.karate - response time in milliseconds: 1469
3 < 200
3 < Content-Type: application/json; charset=utf-8
3 < Date: Thu, 05 Dec 2024 08:24:03 GMT
3 < Server: Microsoft-IIS/10.0
3 < X-Powered-By: ASP.NET
3 < Content-Length: 278
3 < Connection: keep-alive
{
  "result": "https://drive-tec-dev.s3.amazonaws.com/AUT_TPJ33518-Locking_actuator_roof.pdf?AWSAccessKeyId=AKIAZAWIART4ZFAXXPHK&Expires=1733390644&response-content-disposition=attachment%3B&response-content-type=application%2Fpdf&Signature=22z9B7y859hS8oXsICh89BfTt%2Fc%3D"
}

13:54:06.083 [main] INFO  com.intuit.karate - Download URL for first driveId: https://drive-tec-dev.s3.amazonaws.com/AUT_TPJ33518-Locking_actuator_roof.pdf?AWSAccessKeyId=AKIAZAWIART4ZFAXXPHK&Expires=1733390644&response-content-disposition=attachment%3B&response-content-type=application%2Fpdf&Signature=22z9B7y859hS8oXsICh89BfTt%2Fc%3D 
13:54:06.089 [main] INFO  com.intuit.karate - karate.env system property was: null 
13:54:06.091 [main] INFO  com.intuit.karate - Running test for dataset:  Dataset32 
13:54:06.094 [main] INFO  com.intuit.karate - Using ProjectId:  {
  "result": {
    "projectId": "prjId"
  },
  "projectPayload": {
    "Id": "579816e4-6653-4794-b435-a885f32e28d7",
    "Name": "AUT_TPJ33518",
    "Address": "Hyderabad, Telangana, India",
    "Description": "",
    "CreatedBy": "579816e4-6653-4794-b435-a885f32e28d7",
    "ModifiedBy": "579816e4-6653-4794-b435-a885f32e28d7"
  },
  "uniqueName": "AUT_TPJ33518",
  "responseHeaders": {
    "Content-Type": [
      "application/json; charset=utf-8"
    ],
    "Date": [
      "Thu, 05 Dec 2024 08:22:12 GMT"
    ],
    "Server": [
      "Microsoft-IIS/10.0"
    ],
    "X-Powered-By": [
      "ASP.NET"
    ],
    "transfer-encoding": [
      "chunked"
    ],
    "Connection": [
      "keep-alive"
    ],
    "Set-Cookie": [
    ]
  },
  "responseTime": 841,
  "response": {
    "Name": "AUT_TPJ33518",
    "Description": "",
    "Address": "Hyderabad, Telangana, India",
    "Id": "2afcf090-6588-4022-aa5e-49fca51f940e",
    "CreatedOn": "2024-12-05T08:22:11.998251+00:00",
    "CreatedBy": "579816e4-6653-4794-b435-a885f32e28d7",
    "ModifiedOn": "2024-12-05T08:22:11.9982526+00:00",
    "ModifiedBy": ""
  },
  "responseStatus": 200,
  "prjId": "2afcf090-6588-4022-aa5e-49fca51f940e",
  "projectId": "2afcf090-6588-4022-aa5e-49fca51f940e"
}
 
13:54:06.096 [main] DEBUG com.intuit.karate - request:
1 > POST https://dev-drivetec-apis.schuecodigitalsolutions.com/Configurations
1 > Content-Type: application/json; charset=UTF-8
1 > Content-Length: 1275
1 > Host: dev-drivetec-apis.schuecodigitalsolutions.com
1 > Connection: Keep-Alive
1 > User-Agent: Apache-HttpClient/4.5.14 (Java/17.0.12)
1 > Accept-Encoding: gzip,deflate
{"Id":"00000000-0000-0000-0000-000000000000","ProjectId":"2afcf090-6588-4022-aa5e-49fca51f940e","Name":"Dataset6096","Description":"Dataset6096","CustomTags":"","CreatedBy":"579816e4-6653-4794-b435-a885f32e28d7","ModifiedBy":"579816e4-6653-4794-b435-a885f32e28d7","ApplicationName":1,"System":"","FacadeInclination":0,"OpeningType":1,"OpeningDirection":1,"OpeningWidth":1000,"VentOuterWidth":1230,"VentOuterHeight":1480,"VentWeight":70,"CalculateWeightWithGlass":false,"WeightIncGlassOrThickness":false,"GlassThickness":14,"ProfileWeightPerSerialMeter":2.5,"IsWindowOpeningCalculationByAngle":1,"RequiredOpeningStroke":400,"OpeningAngle":15,"WindLoad":120,"SnowLoad":0,"DrivePosition":2,"InstallationPosition":1,"ChainLengthConnectingRodHandle":5,"LockingMechanism":1,"Voltage":1,"DriveType":1,"TypeOfInstallation":2,"CalculationTypeForVentilation":1,"CalcVentilation":1,"GeometricArea":1,"SpecificExhaustDimension":30,"BuildingDepth":75,"RevealDepth":0,"RevealDepthRectangleAngle1":0,"RevealDepthRectangleAngle2":0,"HeightOfProfile":0,"HeightProfileRectangleAngle1":0,"HeightProfileRectangleAngle2":0,"AkippOrAtilt":0,"AdrehOrAturn":0,"Ageo":0,"MinPullingForceMax":0,"MinPushingForceMax":0,"MinPullingForcePermanent":0,"MinPushingForcePermanent":0,"ForceWithNegativeWind":0}

13:54:06.710 [main] DEBUG com.intuit.karate - response time in milliseconds: 613
1 < 200
1 < Content-Type: application/json; charset=utf-8
1 < Date: Thu, 05 Dec 2024 08:24:03 GMT
1 < Server: Microsoft-IIS/10.0
1 < X-Powered-By: ASP.NET
1 < transfer-encoding: chunked
1 < Connection: keep-alive
{
  "ProjectId": "2afcf090-6588-4022-aa5e-49fca51f940e",
  "Name": "Dataset6096",
  "Description": "Dataset6096",
  "CustomTags": "",
  "ApplicationName": 1,
  "OpeningType": 1,
  "OpeningDirection": 1,
  "CalculateWeightWithGlass": false,
  "WindLoad": 120,
  "IsWindowOpeningCalculationByAngle": 1,
  "VentOuterWidth": 1230,
  "VentOuterHeight": 1480,
  "WeightIncGlassOrThickness": false,
  "VentWeight": 77,
  "VentWeightExact": 77.26400000000001,
  "GlassThickness": 14,
  "ProfileWeightPerSerialMeter": 2.5,
  "FacadeInclination": 0,
  "ChainLengthConnectingRodHandle": 5,
  "ChainLenghtConnectingRodHandle": 0,
  "RequiredOpeningStroke": 400,
  "OpeningWidth": 1000,
  "OpeningAngle": 15.532868337024489,
  "SpecificExhaustDimension": 30,
  "BuildingDepth": 75,
  "SnowLoad": 0,
  "DistanceHinge": 0,
  "RatedCurrent": 0,
  "DrivePosition": 2,
  "LockingMechanism": 1,
  "Voltage": 1,
  "DriveType": 1,
  "TypeOfInstallation": 2,
  "GeometricArea": 0,
  "CalculationTypeForVentilation": 1,
  "HeightOfProfile": 0,
  "Reveal": 0,
  "RevealDepth": 0,
  "HeightProfileRectangleAngle1": 0,
  "HeightProfileRectangleAngle2": 0,
  "RevealDepthRectangleAngle1": 0,
  "RevealDepthRectangleAngle2": 0,
  "RevealDepthRectangleAngle12": 0,
  "InstallationPosition": 0,
  "RecommendedDriveArticleNo": 0,
  "System": "",
  "AkippOrAtilt": 1.084,
  "AdrehOrAturn": 1.8204,
  "Ageo": 1.084,
  "MinPullingForceMax": -206.4868442161654,
  "MinPushingForceMax": -206.4868442161654,
  "MinPullingForcePermanent": -104.11163259218097,
  "MinPushingForcePermanent": -104.11163259218097,
  "ForceWithNegativeWind": 109.53156767199486,
  "ForceWithNoWindMin": 0.30763693489047433,
  "ForceWithNegativeWindMin": 0,
  "ForceWithWindMin": -108.91629380221393,
  "Id": "c1b5fe30-bfa5-4eef-a4d0-1f8594ca73a5",
  "CreatedOn": "2024-12-05T08:24:04.2430888+00:00",
  "CreatedBy": "579816e4-6653-4794-b435-a885f32e28d7",
  "ModifiedOn": "2024-12-05T08:24:04.2430899+00:00",
  "ModifiedBy": ""
}

13:54:06.712 [main] INFO  com.intuit.karate - Generated Config ID: c1b5fe30-bfa5-4eef-a4d0-1f8594ca73a5 
13:54:06.712 [main] INFO  com.intuit.karate - Generated Name: Dataset6096 
13:54:06.712 [main] INFO  com.intuit.karate - Generated Description: Dataset6096 
13:54:06.715 [main] DEBUG com.intuit.karate - request:
1 > PUT https://dev-drivetec-apis.schuecodigitalsolutions.com/Configurations
1 > Content-Type: application/json; charset=UTF-8
1 > Content-Length: 1272
1 > Host: dev-drivetec-apis.schuecodigitalsolutions.com
1 > Connection: Keep-Alive
1 > User-Agent: Apache-HttpClient/4.5.14 (Java/17.0.12)
1 > Accept-Encoding: gzip,deflate
{"Id":"c1b5fe30-bfa5-4eef-a4d0-1f8594ca73a5","Name":"Dataset32","Description":"Dataset6096","ProjectId":"2afcf090-6588-4022-aa5e-49fca51f940e","CustomTags":"","CreatedBy":"579816e4-6653-4794-b435-a885f32e28d7","ModifiedBy":"579816e4-6653-4794-b435-a885f32e28d7","System":"","FacadeInclination":10,"OpeningType":5,"OpeningDirection":1,"OpeningWidth":1000,"VentOuterWidth":230,"VentOuterHeight":500,"VentWeight":0,"CalculateWeightWithGlass":false,"RequiredOpeningStroke":1200,"WindLoad":120,"SnowLoad":0,"IsWindowOpeningCalculationByAngle":2,"GlassThickness":14,"ProfileWeightPerSerialMeter":2.5,"DrivePosition":1,"InstallationPosition":0,"LockingMechanism":1,"Voltage":1,"DriveType":3,"TypeOfInstallation":2,"GeometricArea":0,"CalcVentilation":1,"SpecificExhaustDimension":30,"BuildingDepth":75,"CalculationTypeForVentilation":1,"HeightOfProfile":0,"HeightProfileRectangleAngle1":0,"HeightProfileRectangleAngle2":0,"RevealDepth":0,"RevealDepthRectangleAngle1":0,"RevealDepthRectangleAngle2":0,"ChainLengthConnectingRodHandle":1,"ApplicationName":2,"OpeningAngle":96,"WeightIncGlassOrThickness":false,"AkippOrAtilt":0,"AdrehOrAturn":0,"Ageo":0,"MinPullingForceMax":0,"MinPushingForceMax":0,"MinPullingForcePermanent":0,"MinPushingForcePermanent":0,"ForceWithNegativeWind":0}

13:54:07.289 [main] DEBUG com.intuit.karate - response time in milliseconds: 574
1 < 200
1 < Content-Type: application/json; charset=utf-8
1 < Date: Thu, 05 Dec 2024 08:24:04 GMT
1 < Server: Microsoft-IIS/10.0
1 < X-Powered-By: ASP.NET
1 < transfer-encoding: chunked
1 < Connection: keep-alive
{
  "ProjectId": "2afcf090-6588-4022-aa5e-49fca51f940e",
  "Name": "Dataset32",
  "Description": "Dataset6096",
  "CustomTags": "",
  "ApplicationName": 2,
  "OpeningType": 5,
  "OpeningDirection": 1,
  "CalculateWeightWithGlass": false,
  "WindLoad": 120,
  "IsWindowOpeningCalculationByAngle": 2,
  "VentOuterWidth": 230,
  "VentOuterHeight": 500,
  "WeightIncGlassOrThickness": false,
  "VentWeight": 8,
  "VentWeightExact": 7.675000000000001,
  "GlassThickness": 14,
  "ProfileWeightPerSerialMeter": 2.5,
  "FacadeInclination": 10,
  "ChainLengthConnectingRodHandle": 1,
  "ChainLenghtConnectingRodHandle": 0,
  "RequiredOpeningStroke": 371.5724127386971,
  "OpeningWidth": 1000,
  "OpeningAngle": 96,
  "SpecificExhaustDimension": 30,
  "BuildingDepth": 75,
  "SnowLoad": 0,
  "DistanceHinge": 0,
  "RatedCurrent": 0,
  "DrivePosition": 1,
  "LockingMechanism": 1,
  "Voltage": 1,
  "DriveType": 3,
  "TypeOfInstallation": 2,
  "GeometricArea": 0,
  "CalculationTypeForVentilation": 1,
  "HeightOfProfile": 0,
  "Reveal": 0,
  "RevealDepth": 0,
  "HeightProfileRectangleAngle1": 0,
  "HeightProfileRectangleAngle2": 0,
  "RevealDepthRectangleAngle1": 0,
  "RevealDepthRectangleAngle2": 0,
  "RevealDepthRectangleAngle12": 0,
  "InstallationPosition": 0,
  "RecommendedDriveArticleNo": 0,
  "System": "",
  "AkippOrAtilt": 0.5424957225984978,
  "AdrehOrAturn": 0.115,
  "Ageo": 0.115,
  "MinPullingForceMax": 0,
  "MinPushingForceMax": 76.00087737460574,
  "MinPullingForcePermanent": 75.58517397487071,
  "MinPushingForcePermanent": 75.58517397487071,
  "ForceWithNegativeWind": 75.3773222750032,
  "ForceWithNoWindMin": -18.475142122838204,
  "ForceWithNegativeWindMin": -27.934830325833744,
  "ForceWithWindMin": 0,
  "Id": "c1b5fe30-bfa5-4eef-a4d0-1f8594ca73a5",
  "CreatedOn": "0001-01-01T00:00:00",
  "CreatedBy": "579816e4-6653-4794-b435-a885f32e28d7",
  "ModifiedOn": "2024-12-05T08:24:04.8189297+00:00",
  "ModifiedBy": "579816e4-6653-4794-b435-a885f32e28d7"
}

13:54:07.290 [main] INFO  com.intuit.karate - VentWeight from API Response: 8 
13:54:07.293 [main] INFO  com.intuit.karate - Rounded Opening Angle: 96.0 
13:54:07.293 [main] INFO  com.intuit.karate - Rounded Ageo: 0.12 
13:54:07.293 [main] INFO  com.intuit.karate - Rounded Required Opening Stroke: 372.0 
13:54:07.293 [main] INFO  com.intuit.karate - Rounded Vent Weight: 8.0 
13:54:07.295 [main] DEBUG com.intuit.karate - request:
2 > GET https://dev-drivetec-apis.schuecodigitalsolutions.com/Config/c1b5fe30-bfa5-4eef-a4d0-1f8594ca73a5/Drive
2 > Host: dev-drivetec-apis.schuecodigitalsolutions.com
2 > Connection: Keep-Alive
2 > User-Agent: Apache-HttpClient/4.5.14 (Java/17.0.12)
2 > Accept-Encoding: gzip,deflate


13:54:07.895 [main] DEBUG com.intuit.karate - response time in milliseconds: 599
2 < 200
2 < Content-Type: application/json; charset=utf-8
2 < Date: Thu, 05 Dec 2024 08:24:04 GMT
2 < Server: Microsoft-IIS/10.0
2 < X-Powered-By: ASP.NET
2 < Content-Length: 3704
2 < Connection: keep-alive
[
  {
    "Name": "Locking actuator roof",
    "Bezeichnung": "Verr.antrieb Dachf 600N",
    "ConfigurationId": "00000000-0000-0000-0000-000000000000",
    "Description": "",
    "Application": "",
    "ApplicationFacade": false,
    "ApplicationSkylight": true,
    "Type": 5,
    "OpeningType": 0,
    "BottomHungInward": false,
    "BottomHungOutward": true,
    "SideHungInward": false,
    "SideHungOutward": false,
    "TopHungInward": false,
    "TopHungOutward": true,
    "ProjectedTopHungInward": false,
    "ProjectedTopHungOutward": false,
    "InstallationType": "",
    "ITMainOutFrmMountWBracket": true,
    "ITMainFixOutFrmMount": false,
    "ITMainVentFrmMount": false,
    "ITSideMount50": true,
    "ITSideMount60": true,
    "ITSideMount70": true,
    "ITSideMount80": true,
    "ITSideMount67": false,
    "Feature": "",
    "FeatureOpenClose": true,
    "FeatureLock": false,
    "ArticleNumber": 291954,
    "Stroke": 0,
    "Angle": 0,
    "Voltage": null,
    "Voltage24": true,
    "Voltage230": false,
    "RatedCurrent": 0,
    "BreakingCurrent": 0,
    "PullingForceMax": 0,
    "PushingForceMax": 0,
    "PullingForceMaxWithNegativeWind": 0,
    "PushingForceMaxWithNegativeWind": 0,
    "PushingForcePermanent": 0,
    "PullingForcePermanent": 0,
    "MinPullingForceMax": 0,
    "MinPushingForceMax": 0,
    "MinPullingForcePermanent": 0,
    "MinPushingForcePermanent": 0,
    "Price": 225.16,
    "DriveLength": 0,
    "ChainDrive": 0,
    "ChainDrive2": 0,
    "MaxLengthMainClosingEdge1Drive": 0,
    "MaxGeometricArea": 0,
    "GeometricalSmokeExhaustion": 0,
    "TotalGlassThickness": 0,
    "Dimensions": 0,
    "DimensionsWxHxD": "415 x 26 x 26",
    "TensileForce": 0,
    "LockingForce": 0,
    "Details_DE": "<ul> <li>Bemessungsspannung: 24 V DC (19 V … 28 V)</li> <li>Abschaltstrom: ~1,0 A</li> <li>Bemessungsstrom: 0,6 A</li> <li>Bemessungsaufnahme: 15 W</li> <li>Schutzart: IP 32</li><li>Zug-/Schubkraft: max. 600 N</li> <li>Umgebungstemperatur: -5°C bis + 60°C</li> <li>Anschlussleitung: Halogenfrei, grau 3x 0,5mm², ~3m</li> <li>Laufzeit: ~ 5s</li><li>Hub: ~ 18mm</li> </ul>",
    "Details_EN": "<ul> <li>Rated voltage : 24 V DC (19 V … 28 V</li> <li>Breaking current : ~1,0 A</li> <li>Rated current : 0,6 A</li> <li>Rated consumption : 15 W</li> <li>Protection rating : IP 32</li><li>Traction/ thrust : max. 600 N</li> <li>Ambient temperature: -5°C bis + 60°C</li> <li>Connecting cable: halogen-free, grey 3 x 0,5mm², ~3m</li> <li>Running time: ~ 5s</li><li>Stroke: ~ 18mm</li> </ul>",
    "Einsatz": "<ul> <li>Anwendung: Lüftung, NRA</li><li>Integrierte intelligente Regelelektronik</li></ul>",
    "Use": "<ul> <li>Application: ventilation, natural smoke ventilation</li> <li>Integrated intelligent control electronics</li></ul>",
    "Ausstattung": "<ul><li>Laufrichtung einstellbar</li></ul>",
    "Equipment": "<ul><li>Running direction adjustable</li></ul>",
    "Optionen": "<ul> <li>Mitnehmer objekt-/profilspezifisch anpassbar</li></ul>",
    "Options": "<ul> <li>Coupling adapter customizable for project-/profile-specific demands</li></ul>",
    "IsTwoPce": false,
    "ResultVentWeight": 0,
    "IsLsRsDrive": false,
    "ArticleNumberRs": 0,
    "TwoDrivesSideInstallation50": 0,
    "TwoDrivesSideInstallation60": 0,
    "TwoDrivesSideInstallation70": 0,
    "TwoDrivesSideInstallation80": 0,
    "OpeningSpeedmms": 0,
    "Traction": 0,
    "Thrust": 0,
    "Id": "2b6ffe33-0cb6-494e-a561-679dc2adeb63",
    "CreatedOn": "2024-09-26T13:55:26.817Z",
    "CreatedBy": "",
    "ModifiedOn": "2024-09-26T13:55:26.817Z",
    "ModifiedBy": ""
  }
]

13:54:07.898 [main] INFO  com.intuit.karate - Expected RecommDrive: Locking actuator roof 
13:54:07.899 [main] INFO  com.intuit.karate - Actual RecommDrive: Locking actuator roof 
13:54:07.899 [main] INFO  com.intuit.karate - Normalized Actual RecommDrive: Locking actuator roof 
13:54:07.899 [main] INFO  com.intuit.karate - Normalized Expected RecommDrive: Locking actuator roof 
13:54:07.900 [main] INFO  com.intuit.karate - All Drive IDs: [
  "2b6ffe33-0cb6-494e-a561-679dc2adeb63"
]
 
13:54:07.900 [main] INFO  com.intuit.karate - First Drive ID: 2b6ffe33-0cb6-494e-a561-679dc2adeb63 
13:54:07.901 [main] DEBUG com.intuit.karate - request:
3 > POST https://dev-drivetec-apis.schuecodigitalsolutions.com/api/Drives/DownloadPDFNew/Schuco
3 > Content-Type: application/json; charset=UTF-8
3 > Content-Length: 1194
3 > Host: dev-drivetec-apis.schuecodigitalsolutions.com
3 > Connection: Keep-Alive
3 > User-Agent: Apache-HttpClient/4.5.14 (Java/17.0.12)
3 > Accept-Encoding: gzip,deflate
[{"Id":"configId","Header":"configId","Value":"c1b5fe30-bfa5-4eef-a4d0-1f8594ca73a5"},{"Id":"driveId","Header":"driveId","Value":"2b6ffe33-0cb6-494e-a561-679dc2adeb63"},{"Id":"culture","Header":"culture","Value":"EN-US"},{"Id":"projectId","Header":"projectId","Value":"2afcf090-6588-4022-aa5e-49fca51f940e"},{"Id":"range-of-app","Header":"Range of application","Value":"Façade"},{"Id":"opening-type","Header":"Opening type","Value":"Bottom-hung vent"},{"Id":"opening-direction","Header":"Opening direction","Value":"Inward"},{"Id":"how-calc-weight","Header":"Vent weight","Value":"Weight including glass"},{"Id":"Chain-Length","Header":"Chain- \/ connecting rod handle","Value":"100%"},{"Id":"drive-position","Header":"Drive position","Value":"Side installation"},{"Id":"locking-mechanism","Header":"Locking mechanism","Value":"With"},{"Id":"voltage","Header":"Voltage","Value":"24 V"},{"Id":"drive-type","Header":"Drive type","Value":"Chain drive"},{"Id":"type-installation","Header":"Type of installation","Value":"Pivoting Outer Frame Installation"},{"Id":"calculation-type-for-ventilation-area","Header":"Calculation type for ventilation area","Value":"Method in accordance with ASR 3.6"}]

13:54:09.354 [main] DEBUG com.intuit.karate - response time in milliseconds: 1452
3 < 200
3 < Content-Type: application/json; charset=utf-8
3 < Date: Thu, 05 Dec 2024 08:24:06 GMT
3 < Server: Microsoft-IIS/10.0
3 < X-Powered-By: ASP.NET
3 < Content-Length: 276
3 < Connection: keep-alive
{
  "result": "https://drive-tec-dev.s3.amazonaws.com/AUT_TPJ33518-Locking_actuator_roof.pdf?AWSAccessKeyId=AKIAZAWIART4ZFAXXPHK&Expires=1733390647&response-content-disposition=attachment%3B&response-content-type=application%2Fpdf&Signature=7aOfDi5NJRcu9dwGbf4oVoEZbO8%3D"
}

13:54:09.355 [main] INFO  com.intuit.karate - Download URL for first driveId: https://drive-tec-dev.s3.amazonaws.com/AUT_TPJ33518-Locking_actuator_roof.pdf?AWSAccessKeyId=AKIAZAWIART4ZFAXXPHK&Expires=1733390647&response-content-disposition=attachment%3B&response-content-type=application%2Fpdf&Signature=7aOfDi5NJRcu9dwGbf4oVoEZbO8%3D 
13:54:09.359 [main] INFO  com.intuit.karate - karate.env system property was: null 
13:54:09.360 [main] INFO  com.intuit.karate - Running test for dataset:  Dataset33 
13:54:09.367 [main] INFO  com.intuit.karate - Using ProjectId:  {
  "result": {
    "projectId": "prjId"
  },
  "projectPayload": {
    "Id": "579816e4-6653-4794-b435-a885f32e28d7",
    "Name": "AUT_TPJ33518",
    "Address": "Hyderabad, Telangana, India",
    "Description": "",
    "CreatedBy": "579816e4-6653-4794-b435-a885f32e28d7",
    "ModifiedBy": "579816e4-6653-4794-b435-a885f32e28d7"
  },
  "uniqueName": "AUT_TPJ33518",
  "responseHeaders": {
    "Content-Type": [
      "application/json; charset=utf-8"
    ],
    "Date": [
      "Thu, 05 Dec 2024 08:22:12 GMT"
    ],
    "Server": [
      "Microsoft-IIS/10.0"
    ],
    "X-Powered-By": [
      "ASP.NET"
    ],
    "transfer-encoding": [
      "chunked"
    ],
    "Connection": [
      "keep-alive"
    ],
    "Set-Cookie": [
    ]
  },
  "responseTime": 841,
  "response": {
    "Name": "AUT_TPJ33518",
    "Description": "",
    "Address": "Hyderabad, Telangana, India",
    "Id": "2afcf090-6588-4022-aa5e-49fca51f940e",
    "CreatedOn": "2024-12-05T08:22:11.998251+00:00",
    "CreatedBy": "579816e4-6653-4794-b435-a885f32e28d7",
    "ModifiedOn": "2024-12-05T08:22:11.9982526+00:00",
    "ModifiedBy": ""
  },
  "responseStatus": 200,
  "prjId": "2afcf090-6588-4022-aa5e-49fca51f940e",
  "projectId": "2afcf090-6588-4022-aa5e-49fca51f940e"
}
 
13:54:09.369 [main] DEBUG com.intuit.karate - request:
1 > POST https://dev-drivetec-apis.schuecodigitalsolutions.com/Configurations
1 > Content-Type: application/json; charset=UTF-8
1 > Content-Length: 1275
1 > Host: dev-drivetec-apis.schuecodigitalsolutions.com
1 > Connection: Keep-Alive
1 > User-Agent: Apache-HttpClient/4.5.14 (Java/17.0.12)
1 > Accept-Encoding: gzip,deflate
{"Id":"00000000-0000-0000-0000-000000000000","ProjectId":"2afcf090-6588-4022-aa5e-49fca51f940e","Name":"Dataset9369","Description":"Dataset9369","CustomTags":"","CreatedBy":"579816e4-6653-4794-b435-a885f32e28d7","ModifiedBy":"579816e4-6653-4794-b435-a885f32e28d7","ApplicationName":1,"System":"","FacadeInclination":0,"OpeningType":1,"OpeningDirection":1,"OpeningWidth":1000,"VentOuterWidth":1230,"VentOuterHeight":1480,"VentWeight":70,"CalculateWeightWithGlass":false,"WeightIncGlassOrThickness":false,"GlassThickness":14,"ProfileWeightPerSerialMeter":2.5,"IsWindowOpeningCalculationByAngle":1,"RequiredOpeningStroke":400,"OpeningAngle":15,"WindLoad":120,"SnowLoad":0,"DrivePosition":2,"InstallationPosition":1,"ChainLengthConnectingRodHandle":5,"LockingMechanism":1,"Voltage":1,"DriveType":1,"TypeOfInstallation":2,"CalculationTypeForVentilation":1,"CalcVentilation":1,"GeometricArea":1,"SpecificExhaustDimension":30,"BuildingDepth":75,"RevealDepth":0,"RevealDepthRectangleAngle1":0,"RevealDepthRectangleAngle2":0,"HeightOfProfile":0,"HeightProfileRectangleAngle1":0,"HeightProfileRectangleAngle2":0,"AkippOrAtilt":0,"AdrehOrAturn":0,"Ageo":0,"MinPullingForceMax":0,"MinPushingForceMax":0,"MinPullingForcePermanent":0,"MinPushingForcePermanent":0,"ForceWithNegativeWind":0}

13:54:09.941 [main] DEBUG com.intuit.karate - response time in milliseconds: 571
1 < 200
1 < Content-Type: application/json; charset=utf-8
1 < Date: Thu, 05 Dec 2024 08:24:06 GMT
1 < Server: Microsoft-IIS/10.0
1 < X-Powered-By: ASP.NET
1 < transfer-encoding: chunked
1 < Connection: keep-alive
{
  "ProjectId": "2afcf090-6588-4022-aa5e-49fca51f940e",
  "Name": "Dataset9369",
  "Description": "Dataset9369",
  "CustomTags": "",
  "ApplicationName": 1,
  "OpeningType": 1,
  "OpeningDirection": 1,
  "CalculateWeightWithGlass": false,
  "WindLoad": 120,
  "IsWindowOpeningCalculationByAngle": 1,
  "VentOuterWidth": 1230,
  "VentOuterHeight": 1480,
  "WeightIncGlassOrThickness": false,
  "VentWeight": 77,
  "VentWeightExact": 77.26400000000001,
  "GlassThickness": 14,
  "ProfileWeightPerSerialMeter": 2.5,
  "FacadeInclination": 0,
  "ChainLengthConnectingRodHandle": 5,
  "ChainLenghtConnectingRodHandle": 0,
  "RequiredOpeningStroke": 400,
  "OpeningWidth": 1000,
  "OpeningAngle": 15.532868337024489,
  "SpecificExhaustDimension": 30,
  "BuildingDepth": 75,
  "SnowLoad": 0,
  "DistanceHinge": 0,
  "RatedCurrent": 0,
  "DrivePosition": 2,
  "LockingMechanism": 1,
  "Voltage": 1,
  "DriveType": 1,
  "TypeOfInstallation": 2,
  "GeometricArea": 0,
  "CalculationTypeForVentilation": 1,
  "HeightOfProfile": 0,
  "Reveal": 0,
  "RevealDepth": 0,
  "HeightProfileRectangleAngle1": 0,
  "HeightProfileRectangleAngle2": 0,
  "RevealDepthRectangleAngle1": 0,
  "RevealDepthRectangleAngle2": 0,
  "RevealDepthRectangleAngle12": 0,
  "InstallationPosition": 0,
  "RecommendedDriveArticleNo": 0,
  "System": "",
  "AkippOrAtilt": 1.084,
  "AdrehOrAturn": 1.8204,
  "Ageo": 1.084,
  "MinPullingForceMax": -206.4868442161654,
  "MinPushingForceMax": -206.4868442161654,
  "MinPullingForcePermanent": -104.11163259218097,
  "MinPushingForcePermanent": -104.11163259218097,
  "ForceWithNegativeWind": 109.53156767199486,
  "ForceWithNoWindMin": 0.30763693489047433,
  "ForceWithNegativeWindMin": 0,
  "ForceWithWindMin": -108.91629380221393,
  "Id": "23e3fcc8-962c-4f41-8962-b789d36d3df8",
  "CreatedOn": "2024-12-05T08:24:07.4739048+00:00",
  "CreatedBy": "579816e4-6653-4794-b435-a885f32e28d7",
  "ModifiedOn": "2024-12-05T08:24:07.4739058+00:00",
  "ModifiedBy": ""
}

13:54:09.943 [main] INFO  com.intuit.karate - Generated Config ID: 23e3fcc8-962c-4f41-8962-b789d36d3df8 
13:54:09.943 [main] INFO  com.intuit.karate - Generated Name: Dataset9369 
13:54:09.943 [main] INFO  com.intuit.karate - Generated Description: Dataset9369 
13:54:09.945 [main] DEBUG com.intuit.karate - request:
1 > PUT https://dev-drivetec-apis.schuecodigitalsolutions.com/Configurations
1 > Content-Type: application/json; charset=UTF-8
1 > Content-Length: 1272
1 > Host: dev-drivetec-apis.schuecodigitalsolutions.com
1 > Connection: Keep-Alive
1 > User-Agent: Apache-HttpClient/4.5.14 (Java/17.0.12)
1 > Accept-Encoding: gzip,deflate
{"Id":"23e3fcc8-962c-4f41-8962-b789d36d3df8","Name":"Dataset33","Description":"Dataset9369","ProjectId":"2afcf090-6588-4022-aa5e-49fca51f940e","CustomTags":"","CreatedBy":"579816e4-6653-4794-b435-a885f32e28d7","ModifiedBy":"579816e4-6653-4794-b435-a885f32e28d7","System":"","FacadeInclination":10,"OpeningType":5,"OpeningDirection":1,"OpeningWidth":1000,"VentOuterWidth":230,"VentOuterHeight":650,"VentWeight":0,"CalculateWeightWithGlass":false,"RequiredOpeningStroke":1200,"WindLoad":120,"SnowLoad":0,"IsWindowOpeningCalculationByAngle":2,"GlassThickness":14,"ProfileWeightPerSerialMeter":2.5,"DrivePosition":1,"InstallationPosition":0,"LockingMechanism":1,"Voltage":1,"DriveType":3,"TypeOfInstallation":2,"GeometricArea":0,"CalcVentilation":1,"SpecificExhaustDimension":30,"BuildingDepth":75,"CalculationTypeForVentilation":1,"HeightOfProfile":0,"HeightProfileRectangleAngle1":0,"HeightProfileRectangleAngle2":0,"RevealDepth":0,"RevealDepthRectangleAngle1":0,"RevealDepthRectangleAngle2":0,"ChainLengthConnectingRodHandle":1,"ApplicationName":2,"OpeningAngle":75,"WeightIncGlassOrThickness":false,"AkippOrAtilt":0,"AdrehOrAturn":0,"Ageo":0,"MinPullingForceMax":0,"MinPushingForceMax":0,"MinPullingForcePermanent":0,"MinPushingForcePermanent":0,"ForceWithNegativeWind":0}

13:54:10.543 [main] DEBUG com.intuit.karate - response time in milliseconds: 596
1 < 200
1 < Content-Type: application/json; charset=utf-8
1 < Date: Thu, 05 Dec 2024 08:24:08 GMT
1 < Server: Microsoft-IIS/10.0
1 < X-Powered-By: ASP.NET
1 < Content-Length: 2058
1 < Connection: keep-alive
{
  "ProjectId": "2afcf090-6588-4022-aa5e-49fca51f940e",
  "Name": "Dataset33",
  "Description": "Dataset9369",
  "CustomTags": "",
  "ApplicationName": 2,
  "OpeningType": 5,
  "OpeningDirection": 1,
  "CalculateWeightWithGlass": false,
  "WindLoad": 120,
  "IsWindowOpeningCalculationByAngle": 2,
  "VentOuterWidth": 230,
  "VentOuterHeight": 650,
  "WeightIncGlassOrThickness": false,
  "VentWeight": 10,
  "VentWeightExact": 9.6325,
  "GlassThickness": 14,
  "ProfileWeightPerSerialMeter": 2.5,
  "FacadeInclination": 10,
  "ChainLengthConnectingRodHandle": 1,
  "ChainLenghtConnectingRodHandle": 0,
  "RequiredOpeningStroke": 395.6949288556684,
  "OpeningWidth": 1000,
  "OpeningAngle": 75,
  "SpecificExhaustDimension": 30,
  "BuildingDepth": 75,
  "SnowLoad": 0,
  "DistanceHinge": 0,
  "RatedCurrent": 0,
  "DrivePosition": 1,
  "LockingMechanism": 1,
  "Voltage": 1,
  "DriveType": 3,
  "TypeOfInstallation": 2,
  "GeometricArea": 0,
  "CalculationTypeForVentilation": 1,
  "HeightOfProfile": 0,
  "Reveal": 0,
  "RevealDepth": 0,
  "HeightProfileRectangleAngle1": 0,
  "HeightProfileRectangleAngle2": 0,
  "RevealDepthRectangleAngle1": 0,
  "RevealDepthRectangleAngle2": 0,
  "RevealDepthRectangleAngle12": 0,
  "InstallationPosition": 0,
  "RecommendedDriveArticleNo": 0,
  "System": "",
  "AkippOrAtilt": 0.6964230747859764,
  "AdrehOrAturn": 0.1495,
  "Ageo": 0.1495,
  "MinPullingForceMax": 32.90989509424829,
  "MinPushingForceMax": 95.40350084479458,
  "MinPullingForcePermanent": 94.86308642513904,
  "MinPushingForcePermanent": 94.86308642513904,
  "ForceWithNegativeWind": 94.59287921531127,
  "ForceWithNoWindMin": 10.45431748055561,
  "ForceWithNegativeWindMin": -0.773471326290732,
  "ForceWithWindMin": 32.90989509424829,
  "Id": "23e3fcc8-962c-4f41-8962-b789d36d3df8",
  "CreatedOn": "0001-01-01T00:00:00",
  "CreatedBy": "579816e4-6653-4794-b435-a885f32e28d7",
  "ModifiedOn": "2024-12-05T08:24:08.0591918+00:00",
  "ModifiedBy": "579816e4-6653-4794-b435-a885f32e28d7"
}

13:54:10.544 [main] INFO  com.intuit.karate - VentWeight from API Response: 10 
13:54:10.547 [main] INFO  com.intuit.karate - Rounded Opening Angle: 75.0 
13:54:10.547 [main] INFO  com.intuit.karate - Rounded Ageo: 0.15 
13:54:10.547 [main] INFO  com.intuit.karate - Rounded Required Opening Stroke: 396.0 
13:54:10.547 [main] INFO  com.intuit.karate - Rounded Vent Weight: 10.0 
13:54:10.550 [main] DEBUG com.intuit.karate - request:
2 > GET https://dev-drivetec-apis.schuecodigitalsolutions.com/Config/23e3fcc8-962c-4f41-8962-b789d36d3df8/Drive
2 > Host: dev-drivetec-apis.schuecodigitalsolutions.com
2 > Connection: Keep-Alive
2 > User-Agent: Apache-HttpClient/4.5.14 (Java/17.0.12)
2 > Accept-Encoding: gzip,deflate


13:54:11.613 [main] DEBUG com.intuit.karate - response time in milliseconds: 1062
2 < 200
2 < Content-Type: application/json; charset=utf-8
2 < Date: Thu, 05 Dec 2024 08:24:08 GMT
2 < Server: Microsoft-IIS/10.0
2 < X-Powered-By: ASP.NET
2 < Content-Length: 21626
2 < Connection: keep-alive
[
  {
    "Name": "Linear drive LDB16 L400",
    "Bezeichnung": "Linearantrieb LDB16 L400",
    "ConfigurationId": "00000000-0000-0000-0000-000000000000",
    "Description": "",
    "Application": "Roof",
    "ApplicationFacade": false,
    "ApplicationSkylight": true,
    "Type": 2,
    "OpeningType": 0,
    "BottomHungInward": false,
    "BottomHungOutward": true,
    "SideHungInward": false,
    "SideHungOutward": false,
    "TopHungInward": false,
    "TopHungOutward": true,
    "ProjectedTopHungInward": false,
    "ProjectedTopHungOutward": false,
    "InstallationType": "",
    "ITMainOutFrmMountWBracket": true,
    "ITMainFixOutFrmMount": false,
    "ITMainVentFrmMount": false,
    "ITSideMount50": true,
    "ITSideMount60": true,
    "ITSideMount70": true,
    "ITSideMount80": true,
    "ITSideMount67": false,
    "Feature": "",
    "FeatureOpenClose": true,
    "FeatureLock": true,
    "ArticleNumber": 291924,
    "Stroke": 400,
    "Angle": 0,
    "Voltage": "24 V DC",
    "Voltage24": true,
    "Voltage230": false,
    "RatedCurrent": 1,
    "BreakingCurrent": 1,
    "PullingForceMax": 1600,
    "PushingForceMax": 1600,
    "PullingForceMaxWithNegativeWind": 0,
    "PushingForceMaxWithNegativeWind": 0,
    "PushingForcePermanent": 1066.67,
    "PullingForcePermanent": 1066.67,
    "MinPullingForceMax": 0,
    "MinPushingForceMax": 95.4,
    "MinPullingForcePermanent": 0,
    "MinPushingForcePermanent": 94.86,
    "Price": 886.3,
    "DriveLength": 0,
    "ChainDrive": 450,
    "ChainDrive2": 450,
    "MaxLengthMainClosingEdge1Drive": 2100,
    "MaxGeometricArea": 0,
    "GeometricalSmokeExhaustion": 0,
    "TotalGlassThickness": 14,
    "Dimensions": 0,
    "DimensionsWxHxD": "723 x Ø36",
    "TensileForce": 0,
    "LockingForce": 0,
    "Details_DE": "<ul> <li>Bemessungsspannung: 24 V DC (19 V … 28 V)</li><li>Abschaltstrom: 1,2 A</li><li>Bemessungsstrom: 1,0 A</li><li>Bemessungsaufnahme: 24 W</li><li>Schutzart: IP 65</li> <li>Zug-/Schubkraft: max. 1600 N</li><li>Umgebungstemperatur: -5°C bis + 60°C</li><li>Anschlussleitung: Halogenfrei, grau 3 x 1mm², ~3m</li><li>Max. Geschwindigkeit: 4 mm/s</li></ul>",
    "Details_EN": "<ul> <li>Rated voltage: 24 V DC (19 V … 28 V)</li> <li>Breaking current: 1.2 A</li> <li>Rated current: 1.0 A</li> <li>Rated consumption: 24 W</li> <li>Protection rating: IP 65</li><li>Traction/ thrust: max. 1600N</li> <li>Ambient temperature: -5°C to + 60°C</li> <li>Connecting cable: halogen-free, grey 3 x 1mm², ~3m</li> <li>Max. speed: 4 mm/s</li> </ul>",
    "Einsatz": "<ul> <li>Anwendung: Lüftung, NRA</li><li>Integrierte intelligente Regelelektronik</li></ul>",
    "Use": "<ul> <li>Application: ventilation, natural smoke ventilation</li><li>Integrated intelligent control electronics</li></ul>",
    "Ausstattung": "<ul> <li>Robuste korrosionsbeständige Ausführung in eloxierten Aluminiumgehäuse</li><li>Montagefreundlich durch verstellbaren Klemmring</li><li>Spindel aus Edelstahl, kugelgelagert mit Endlagendämpfung</li><li>Mit Goretex Membrane</li></ul>",
    "Equipment": "<ul> <li>Robust, corrosion-resistant design in anodized casing</li><li>Easy installation thanks to adjustable clamping ring</li><li>Stainless steel spindle on ball bearings with end position cushioning</li><li>with Goretex membrane</li></ul>",
    "Optionen": "<ul> <li>Programmierung von Sonderfunktionen</li><li>Programmierbare Parameter der Regelelektronik</li><li>Schüco Kontroller zur automatischen Konfiguration von Synchronlauf und Folgesteuerungen mit Verriegelungsantrieb in Antriebs-Verbundsystem</li></ul>",
    "Options": "<ul> <li>Programming of special functions</li><li>Programmable parameters of intelligent control electronics</li><li>Schüco controller for automatic configuration of synchronous running and sequence control with locking drives in composite drive systems</li></ul>",
    "IsTwoPce": true,
    "ResultVentWeight": 9.63,
    "IsLsRsDrive": false,
    "ArticleNumberRs": 0,
    "TwoDrivesSideInstallation50": 650,
    "TwoDrivesSideInstallation60": 650,
    "TwoDrivesSideInstallation70": 650,
    "TwoDrivesSideInstallation80": 650,
    "OpeningSpeedmms": 4,
    "Traction": 1067,
    "Thrust": 1600,
    "Id": "9f91500a-3224-410c-b4df-c240b49d5a6d",
    "CreatedOn": "2024-09-26T13:55:26.817Z",
    "CreatedBy": "",
    "ModifiedOn": "2024-09-26T13:55:26.817Z",
    "ModifiedBy": ""
  },
  {
    "Name": "Linear drive LDN8 L400",
    "Bezeichnung": "Linearantrieb LDN8 L400",
    "ConfigurationId": "00000000-0000-0000-0000-000000000000",
    "Description": "",
    "Application": "Roof",
    "ApplicationFacade": false,
    "ApplicationSkylight": true,
    "Type": 2,
    "OpeningType": 0,
    "BottomHungInward": false,
    "BottomHungOutward": true,
    "SideHungInward": false,
    "SideHungOutward": false,
    "TopHungInward": false,
    "TopHungOutward": true,
    "ProjectedTopHungInward": false,
    "ProjectedTopHungOutward": false,
    "InstallationType": "",
    "ITMainOutFrmMountWBracket": true,
    "ITMainFixOutFrmMount": false,
    "ITMainVentFrmMount": false,
    "ITSideMount50": true,
    "ITSideMount60": true,
    "ITSideMount70": true,
    "ITSideMount80": true,
    "ITSideMount67": false,
    "Feature": "",
    "FeatureOpenClose": true,
    "FeatureLock": true,
    "ArticleNumber": 291920,
    "Stroke": 400,
    "Angle": 0,
    "Voltage": "24 V DC",
    "Voltage24": true,
    "Voltage230": false,
    "RatedCurrent": 1,
    "BreakingCurrent": 1,
    "PullingForceMax": 800,
    "PushingForceMax": 800,
    "PullingForceMaxWithNegativeWind": 0,
    "PushingForceMaxWithNegativeWind": 0,
    "PushingForcePermanent": 533.33,
    "PullingForcePermanent": 533.33,
    "MinPullingForceMax": 0,
    "MinPushingForceMax": 95.4,
    "MinPullingForcePermanent": 0,
    "MinPushingForcePermanent": 94.86,
    "Price": 912.86,
    "DriveLength": 0,
    "ChainDrive": 450,
    "ChainDrive2": 450,
    "MaxLengthMainClosingEdge1Drive": 2100,
    "MaxGeometricArea": 0,
    "GeometricalSmokeExhaustion": 0,
    "TotalGlassThickness": 14,
    "Dimensions": 0,
    "DimensionsWxHxD": "723 x Ø36",
    "TensileForce": 0,
    "LockingForce": 0,
    "Details_DE": "<ul> <li>Bemessungsspannung: 24 V DC (19 V … 28 V)</li><li>Abschaltstrom: 1,4 A</li><li>Bemessungsstrom: 1,0 A</li><li>Bemessungsaufnahme: 24 W</li><li>Schutzart: IP 65</li> <li>Zug-/Schubkraft: max. 800 N</li><li>Umgebungstemperatur: -5°C bis + 60°C</li><li>Anschlussleitung: Halogenfrei, grau 3 x 1mm², ~3m</li><li>Max. Geschwindigkeit: 10 mm/s</li></ul>",
    "Details_EN": "<ul> <li>Rated voltage: 24 V DC (19 V … 28 V)</li> <li>Breaking current: 1.4 A</li> <li>Rated current: 1.0 A</li> <li>Rated consumption: 24 W</li> <li>Protection rating: IP 65</li><li>Traction/ thrust: max. 800 N</li> <li>Ambient temperature: -5°C to + 60°C</li> <li>Connecting cable: halogen-free, grey 3 x 1mm², ~3m</li> <li>Max. speed: 10 mm/s</li> </ul>",
    "Einsatz": "<ul> <li>Anwendung: Lüftung, NRA</li><li>Integrierte intelligente Regelelektronik</li></ul>",
    "Use": "<ul> <li>Application: ventilation, natural smoke ventilation</li><li>Integrated intelligent control electronics</li></ul>",
    "Ausstattung": "<ul> <li>Robuste korrosionsbeständige Ausführung in eloxierten Aluminiumgehäuse</li><li>Montagefreundlich durch verstellbaren Klemmring</li><li>Spindel aus Edelstahl, kugelgelagert mit Endlagendämpfung</li><li>Mit Goretex Membrane</li></ul>",
    "Equipment": "<ul> <li>Robust, corrosion-resistant design in anodized casing</li><li>Easy installation thanks to adjustable clamping ring</li><li>Stainless steel spindle on ball bearings with end position cushioning</li><li>with Goretex membrane</li></ul>",
    "Optionen": "<ul> <li>Programmierung von Sonderfunktionen</li><li>Programmierbare Parameter der Regelelektronik</li><li>Schüco Kontroller zur automatischen Konfiguration von Synchronlauf und Folgesteuerungen mit Verriegelungsantrieb in Antriebs-Verbundsystem</li></ul>",
    "Options": "<ul> <li>Programming of special functions</li><li>Programmable parameters of intelligent control electronics</li><li>Schüco controller for automatic configuration of synchronous running and sequence control with locking actuators in composite drive systems</li></ul>",
    "IsTwoPce": true,
    "ResultVentWeight": 9.63,
    "IsLsRsDrive": false,
    "ArticleNumberRs": 0,
    "TwoDrivesSideInstallation50": 650,
    "TwoDrivesSideInstallation60": 650,
    "TwoDrivesSideInstallation70": 650,
    "TwoDrivesSideInstallation80": 650,
    "OpeningSpeedmms": 10,
    "Traction": 533,
    "Thrust": 800,
    "Id": "a5df0ac4-840a-4686-ab17-68a05d8c4d52",
    "CreatedOn": "2024-09-26T13:55:26.817Z",
    "CreatedBy": "",
    "ModifiedOn": "2024-09-26T13:55:26.817Z",
    "ModifiedBy": ""
  },
  {
    "Name": "Linear drive LDN10 L400",
    "Bezeichnung": "Linearantrieb LDN10 L400",
    "ConfigurationId": "00000000-0000-0000-0000-000000000000",
    "Description": "",
    "Application": "Roof",
    "ApplicationFacade": false,
    "ApplicationSkylight": true,
    "Type": 2,
    "OpeningType": 0,
    "BottomHungInward": false,
    "BottomHungOutward": true,
    "SideHungInward": false,
    "SideHungOutward": false,
    "TopHungInward": false,
    "TopHungOutward": true,
    "ProjectedTopHungInward": false,
    "ProjectedTopHungOutward": false,
    "InstallationType": "",
    "ITMainOutFrmMountWBracket": true,
    "ITMainFixOutFrmMount": false,
    "ITMainVentFrmMount": false,
    "ITSideMount50": true,
    "ITSideMount60": true,
    "ITSideMount70": true,
    "ITSideMount80": true,
    "ITSideMount67": false,
    "Feature": "",
    "FeatureOpenClose": true,
    "FeatureLock": true,
    "ArticleNumber": 291928,
    "Stroke": 400,
    "Angle": 0,
    "Voltage": "24 V DC",
    "Voltage24": true,
    "Voltage230": false,
    "RatedCurrent": 2,
    "BreakingCurrent": 2,
    "PullingForceMax": 1000,
    "PushingForceMax": 1000,
    "PullingForceMaxWithNegativeWind": 0,
    "PushingForceMaxWithNegativeWind": 0,
    "PushingForcePermanent": 666.67,
    "PullingForcePermanent": 666.67,
    "MinPullingForceMax": 0,
    "MinPushingForceMax": 95.4,
    "MinPullingForcePermanent": 0,
    "MinPushingForcePermanent": 94.86,
    "Price": 1171.02,
    "DriveLength": 0,
    "ChainDrive": 450,
    "ChainDrive2": 450,
    "MaxLengthMainClosingEdge1Drive": 2100,
    "MaxGeometricArea": 0,
    "GeometricalSmokeExhaustion": 0,
    "TotalGlassThickness": 14,
    "Dimensions": 0,
    "DimensionsWxHxD": "723 x Ø36",
    "TensileForce": 0,
    "LockingForce": 0,
    "Details_DE": "<ul> <li>Bemessungsspannung: 24 V DC (19 V … 28 V)</li><li>Abschaltstrom: 2,5 A</li><li>Bemessungsstrom: 1,9 A</li><li>Bemessungsaufnahme: 45 W</li><li>Schutzart: IP 65</li> <li>Zug-/Schubkraft: max. 1000 N</li><li>Umgebungstemperatur: -5°C bis + 60°C</li><li>Anschlussleitung: Halogenfrei, grau 3 x 1mm², ~3m</li><li>Max. Geschwindigkeit: 12,6 mm/s</li></ul>",
    "Details_EN": "<ul> <li>Rated voltage: 24 V DC (19 V … 28 V)</li> <li>Breaking current: 2.5 A</li> <li>Rated current: 1.9 A</li> <li>Rated consumption: 45 W</li> <li>Protection rating: IP 65</li><li>Traction/ thrust: max. 1000N</li> <li>Ambient temperature: -5°C to + 60°C</li> <li>Connecting cable: halogen-free, grey 3 x 1mm², ~3m</li> <li>Max. speed: 12.6 mm/s</li> </ul>",
    "Einsatz": "<ul> <li>Anwendung: Lüftung, NRA</li><li>Integrierte intelligente Regelelektronik</li></ul>",
    "Use": "<ul> <li>Application: ventilation, natural smoke ventilation</li><li>Integrated intelligent control electronics</li></ul>",
    "Ausstattung": "<ul> <li>Robuste korrosionsbeständige Ausführung in eloxierten Aluminiumgehäuse</li><li>Montagefreundlich durch verstellbaren Klemmring</li><li>Spindel aus Edelstahl, kugelgelagert mit Endlagendämpfung</li><li>Mit Goretex Membrane</li></ul>",
    "Equipment": "<ul> <li>Robust, corrosion-resistant design in anodized casing</li><li>Easy installation thanks to adjustable clamping ring</li><li>Stainless steel spindle on ball bearings with end position cushioning</li><li>with Goretex membrane</li></ul>",
    "Optionen": "<ul> <li>Programmierung von Sonderfunktionen</li><li>Programmierbare Parameter der Regelelektronik</li><li>Schüco Kontroller zur automatischen Konfiguration von Synchronlauf und Folgesteuerungen mit Verriegelungsantrieb in Antriebs-Verbundsystem</li></ul>",
    "Options": "<ul> <li>Programming of special functions</li><li>Programmable parameters of intelligent control electronics</li><li>Schüco controller for automatic configuration of synchronous running and sequence control with locking drives in composite drive systems</li></ul>",
    "IsTwoPce": true,
    "ResultVentWeight": 9.63,
    "IsLsRsDrive": false,
    "ArticleNumberRs": 0,
    "TwoDrivesSideInstallation50": 650,
    "TwoDrivesSideInstallation60": 650,
    "TwoDrivesSideInstallation70": 650,
    "TwoDrivesSideInstallation80": 650,
    "OpeningSpeedmms": 13,
    "Traction": 667,
    "Thrust": 1000,
    "Id": "9cac4106-1486-488f-8b76-e842cb91da3a",
    "CreatedOn": "2024-09-26T13:55:26.817Z",
    "CreatedBy": "",
    "ModifiedOn": "2024-09-26T13:55:26.817Z",
    "ModifiedBy": ""
  },
  {
    "Name": "Linear drive LDH15 L400",
    "Bezeichnung": "Linearantrieb LDH15 L400",
    "ConfigurationId": "00000000-0000-0000-0000-000000000000",
    "Description": "",
    "Application": "Roof",
    "ApplicationFacade": false,
    "ApplicationSkylight": true,
    "Type": 2,
    "OpeningType": 0,
    "BottomHungInward": false,
    "BottomHungOutward": true,
    "SideHungInward": false,
    "SideHungOutward": false,
    "TopHungInward": false,
    "TopHungOutward": true,
    "ProjectedTopHungInward": false,
    "ProjectedTopHungOutward": false,
    "InstallationType": "",
    "ITMainOutFrmMountWBracket": true,
    "ITMainFixOutFrmMount": false,
    "ITMainVentFrmMount": false,
    "ITSideMount50": true,
    "ITSideMount60": true,
    "ITSideMount70": true,
    "ITSideMount80": true,
    "ITSideMount67": false,
    "Feature": "",
    "FeatureOpenClose": true,
    "FeatureLock": true,
    "ArticleNumber": 291939,
    "Stroke": 400,
    "Angle": 0,
    "Voltage": "24 V DC",
    "Voltage24": true,
    "Voltage230": false,
    "RatedCurrent": 3,
    "BreakingCurrent": 4,
    "PullingForceMax": 1500,
    "PushingForceMax": 1500,
    "PullingForceMaxWithNegativeWind": 0,
    "PushingForceMaxWithNegativeWind": 0,
    "PushingForcePermanent": 1000,
    "PullingForcePermanent": 1000,
    "MinPullingForceMax": 0,
    "MinPushingForceMax": 95.4,
    "MinPullingForcePermanent": 0,
    "MinPushingForcePermanent": 94.86,
    "Price": 1553.7,
    "DriveLength": 0,
    "ChainDrive": 450,
    "ChainDrive2": 450,
    "MaxLengthMainClosingEdge1Drive": 2100,
    "MaxGeometricArea": 0,
    "GeometricalSmokeExhaustion": 0,
    "TotalGlassThickness": 14,
    "Dimensions": 0,
    "DimensionsWxHxD": "841 x Ø50",
    "TensileForce": 0,
    "LockingForce": 0,
    "Details_DE": "<ul> <li>Bemessungsspannung: 24 V DC (19 V … 28 V)</li><li>Abschaltstrom: 4,0 A</li><li>Bemessungsstrom: 3,0 A</li><li>Bemessungsaufnahme: 72 W</li><li>Schutzart: IP 54</li> <li>Zug-/Schubkraft: max. 1500 N</li><li>Umgebungstemperatur: -5°C bis + 60°C</li><li>Anschlussleitung: Halogenfrei, grau 3 x 1mm², ~3m</li><li>Max. Geschwindigkeit: 16 mm/s</li></ul>",
    "Details_EN": "<ul> <li>Rated voltage: 24 V DC (19 V … 28 V)</li> <li>Breaking current: 4.0 A</li> <li>Rated current: 3.0 A</li> <li>Rated consumption: 72 W</li> <li>Protection rating: IP 54</li><li>Traction/ thrust: max. 1500N</li> <li>Ambient temperature: -5°C to + 60°C</li> <li>Connecting cable: halogen-free, grey 3 x 1mm², ~3m</li> <li>Max. speed: 16 mm/s</li> </ul>",
    "Einsatz": "<ul> <li>Anwendung: Lüftung, NRA</li><li>Integrierte intelligente Regelelektronik</li></ul>",
    "Use": "<ul> <li>Application: ventilation, natural smoke ventilation</li><li>Integrated intelligent control electronics</li></ul>",
    "Ausstattung": "<ul> <li>Robuste korrosionsbeständige Ausführung in eloxierten Aluminiumgehäuse</li><li>Montagefreundlich durch verstellbaren Klemmring</li><li>Spindel aus Edelstahl, kugelgelagert mit Endlagendämpfung</li><li>Mit Goretex Membrane</li></ul>",
    "Equipment": "<ul> <li>Robust, corrosion-resistant design in anodized casing</li><li>Easy installation thanks to adjustable clamping ring</li><li>Stainless steel spindle on ball bearings with end position cushioning</li><li>with Goretex membrane</li></ul>",
    "Optionen": "<ul> <li>Programmierung von Sonderfunktionen</li><li>Programmierbare Parameter der Regelelektronik</li><li>Schüco Kontroller zur automatischen Konfiguration von Synchronlauf und Folgesteuerungen mit Verriegelungsantrieb in Antriebs-Verbundsystem</li></ul>",
    "Options": "<ul> <li>Programming of special functions</li><li>Programmable parameters of intelligent control electronics</li><li>Schüco controller for automatic configuration of synchronous running and sequence control with locking drives in composite drive systems</li></ul>",
    "IsTwoPce": true,
    "ResultVentWeight": 9.63,
    "IsLsRsDrive": false,
    "ArticleNumberRs": 0,
    "TwoDrivesSideInstallation50": 650,
    "TwoDrivesSideInstallation60": 650,
    "TwoDrivesSideInstallation70": 650,
    "TwoDrivesSideInstallation80": 650,
    "OpeningSpeedmms": 16,
    "Traction": 1000,
    "Thrust": 1500,
    "Id": "f88c2ba9-694a-4b49-b0c1-20efbe762b90",
    "CreatedOn": "2024-09-26T13:55:26.817Z",
    "CreatedBy": "",
    "ModifiedOn": "2024-09-26T13:55:26.817Z",
    "ModifiedBy": ""
  },
  {
    "Name": "Locking actuator roof",
    "Bezeichnung": "Verr.antrieb Dachf 600N",
    "ConfigurationId": "00000000-0000-0000-0000-000000000000",
    "Description": "",
    "Application": "",
    "ApplicationFacade": false,
    "ApplicationSkylight": true,
    "Type": 5,
    "OpeningType": 0,
    "BottomHungInward": false,
    "BottomHungOutward": true,
    "SideHungInward": false,
    "SideHungOutward": false,
    "TopHungInward": false,
    "TopHungOutward": true,
    "ProjectedTopHungInward": false,
    "ProjectedTopHungOutward": false,
    "InstallationType": "",
    "ITMainOutFrmMountWBracket": true,
    "ITMainFixOutFrmMount": false,
    "ITMainVentFrmMount": false,
    "ITSideMount50": true,
    "ITSideMount60": true,
    "ITSideMount70": true,
    "ITSideMount80": true,
    "ITSideMount67": false,
    "Feature": "",
    "FeatureOpenClose": true,
    "FeatureLock": false,
    "ArticleNumber": 291954,
    "Stroke": 0,
    "Angle": 0,
    "Voltage": null,
    "Voltage24": true,
    "Voltage230": false,
    "RatedCurrent": 0,
    "BreakingCurrent": 0,
    "PullingForceMax": 0,
    "PushingForceMax": 0,
    "PullingForceMaxWithNegativeWind": 0,
    "PushingForceMaxWithNegativeWind": 0,
    "PushingForcePermanent": 0,
    "PullingForcePermanent": 0,
    "MinPullingForceMax": 0,
    "MinPushingForceMax": 0,
    "MinPullingForcePermanent": 0,
    "MinPushingForcePermanent": 0,
    "Price": 225.16,
    "DriveLength": 0,
    "ChainDrive": 0,
    "ChainDrive2": 0,
    "MaxLengthMainClosingEdge1Drive": 0,
    "MaxGeometricArea": 0,
    "GeometricalSmokeExhaustion": 0,
    "TotalGlassThickness": 0,
    "Dimensions": 0,
    "DimensionsWxHxD": "415 x 26 x 26",
    "TensileForce": 0,
    "LockingForce": 0,
    "Details_DE": "<ul> <li>Bemessungsspannung: 24 V DC (19 V … 28 V)</li> <li>Abschaltstrom: ~1,0 A</li> <li>Bemessungsstrom: 0,6 A</li> <li>Bemessungsaufnahme: 15 W</li> <li>Schutzart: IP 32</li><li>Zug-/Schubkraft: max. 600 N</li> <li>Umgebungstemperatur: -5°C bis + 60°C</li> <li>Anschlussleitung: Halogenfrei, grau 3x 0,5mm², ~3m</li> <li>Laufzeit: ~ 5s</li><li>Hub: ~ 18mm</li> </ul>",
    "Details_EN": "<ul> <li>Rated voltage : 24 V DC (19 V … 28 V</li> <li>Breaking current : ~1,0 A</li> <li>Rated current : 0,6 A</li> <li>Rated consumption : 15 W</li> <li>Protection rating : IP 32</li><li>Traction/ thrust : max. 600 N</li> <li>Ambient temperature: -5°C bis + 60°C</li> <li>Connecting cable: halogen-free, grey 3 x 0,5mm², ~3m</li> <li>Running time: ~ 5s</li><li>Stroke: ~ 18mm</li> </ul>",
    "Einsatz": "<ul> <li>Anwendung: Lüftung, NRA</li><li>Integrierte intelligente Regelelektronik</li></ul>",
    "Use": "<ul> <li>Application: ventilation, natural smoke ventilation</li> <li>Integrated intelligent control electronics</li></ul>",
    "Ausstattung": "<ul><li>Laufrichtung einstellbar</li></ul>",
    "Equipment": "<ul><li>Running direction adjustable</li></ul>",
    "Optionen": "<ul> <li>Mitnehmer objekt-/profilspezifisch anpassbar</li></ul>",
    "Options": "<ul> <li>Coupling adapter customizable for project-/profile-specific demands</li></ul>",
    "IsTwoPce": false,
    "ResultVentWeight": 0,
    "IsLsRsDrive": false,
    "ArticleNumberRs": 0,
    "TwoDrivesSideInstallation50": 0,
    "TwoDrivesSideInstallation60": 0,
    "TwoDrivesSideInstallation70": 0,
    "TwoDrivesSideInstallation80": 0,
    "OpeningSpeedmms": 0,
    "Traction": 0,
    "Thrust": 0,
    "Id": "2b6ffe33-0cb6-494e-a561-679dc2adeb63",
    "CreatedOn": "2024-09-26T13:55:26.817Z",
    "CreatedBy": "",
    "ModifiedOn": "2024-09-26T13:55:26.817Z",
    "ModifiedBy": ""
  }
]

13:54:11.619 [main] INFO  com.intuit.karate - Expected RecommDrive: Linear drive LDB16 L400,Linear drive LDN8 L400,Linear drive LDN10 L400,Linear drive LDH15 L400,Locking actuator roof 
13:54:11.620 [main] INFO  com.intuit.karate - Actual RecommDrive: Linear drive LDB16 L400, Linear drive LDN8 L400, Linear drive LDN10 L400, Linear drive LDH15 L400, Locking actuator roof 
13:54:11.620 [main] INFO  com.intuit.karate - Normalized Actual RecommDrive: Linear drive LDB16 L400,Linear drive LDN8 L400,Linear drive LDN10 L400,Linear drive LDH15 L400,Locking actuator roof 
13:54:11.620 [main] INFO  com.intuit.karate - Normalized Expected RecommDrive: Linear drive LDB16 L400,Linear drive LDN8 L400,Linear drive LDN10 L400,Linear drive LDH15 L400,Locking actuator roof 
13:54:11.621 [main] INFO  com.intuit.karate - All Drive IDs: [
  "9f91500a-3224-410c-b4df-c240b49d5a6d",
  "a5df0ac4-840a-4686-ab17-68a05d8c4d52",
  "9cac4106-1486-488f-8b76-e842cb91da3a",
  "f88c2ba9-694a-4b49-b0c1-20efbe762b90",
  "2b6ffe33-0cb6-494e-a561-679dc2adeb63"
]
 
13:54:11.622 [main] INFO  com.intuit.karate - First Drive ID: 9f91500a-3224-410c-b4df-c240b49d5a6d 
13:54:11.623 [main] DEBUG com.intuit.karate - request:
3 > POST https://dev-drivetec-apis.schuecodigitalsolutions.com/api/Drives/DownloadPDFNew/Schuco
3 > Content-Type: application/json; charset=UTF-8
3 > Content-Length: 1194
3 > Host: dev-drivetec-apis.schuecodigitalsolutions.com
3 > Connection: Keep-Alive
3 > User-Agent: Apache-HttpClient/4.5.14 (Java/17.0.12)
3 > Accept-Encoding: gzip,deflate
[{"Id":"configId","Header":"configId","Value":"23e3fcc8-962c-4f41-8962-b789d36d3df8"},{"Id":"driveId","Header":"driveId","Value":"9f91500a-3224-410c-b4df-c240b49d5a6d"},{"Id":"culture","Header":"culture","Value":"EN-US"},{"Id":"projectId","Header":"projectId","Value":"2afcf090-6588-4022-aa5e-49fca51f940e"},{"Id":"range-of-app","Header":"Range of application","Value":"Façade"},{"Id":"opening-type","Header":"Opening type","Value":"Bottom-hung vent"},{"Id":"opening-direction","Header":"Opening direction","Value":"Inward"},{"Id":"how-calc-weight","Header":"Vent weight","Value":"Weight including glass"},{"Id":"Chain-Length","Header":"Chain- \/ connecting rod handle","Value":"100%"},{"Id":"drive-position","Header":"Drive position","Value":"Side installation"},{"Id":"locking-mechanism","Header":"Locking mechanism","Value":"With"},{"Id":"voltage","Header":"Voltage","Value":"24 V"},{"Id":"drive-type","Header":"Drive type","Value":"Chain drive"},{"Id":"type-installation","Header":"Type of installation","Value":"Pivoting Outer Frame Installation"},{"Id":"calculation-type-for-ventilation-area","Header":"Calculation type for ventilation area","Value":"Method in accordance with ASR 3.6"}]

13:54:12.993 [main] DEBUG com.intuit.karate - response time in milliseconds: 1369
3 < 200
3 < Content-Type: application/json; charset=utf-8
3 < Date: Thu, 05 Dec 2024 08:24:10 GMT
3 < Server: Microsoft-IIS/10.0
3 < X-Powered-By: ASP.NET
3 < Content-Length: 282
3 < Connection: keep-alive
{
  "result": "https://drive-tec-dev.s3.amazonaws.com/AUT_TPJ33518-Linear_drive_LDB16_L400.pdf?AWSAccessKeyId=AKIAZAWIART4ZFAXXPHK&Expires=1733390651&response-content-disposition=attachment%3B&response-content-type=application%2Fpdf&Signature=KLomWKBEnKckx00Xp%2B2W%2BBqkHQs%3D"
}

13:54:12.994 [main] INFO  com.intuit.karate - Download URL for first driveId: https://drive-tec-dev.s3.amazonaws.com/AUT_TPJ33518-Linear_drive_LDB16_L400.pdf?AWSAccessKeyId=AKIAZAWIART4ZFAXXPHK&Expires=1733390651&response-content-disposition=attachment%3B&response-content-type=application%2Fpdf&Signature=KLomWKBEnKckx00Xp%2B2W%2BBqkHQs%3D 
13:54:12.999 [main] INFO  com.intuit.karate - karate.env system property was: null 
13:54:13.001 [main] INFO  com.intuit.karate - Running test for dataset:  Dataset34 
13:54:13.005 [main] INFO  com.intuit.karate - Using ProjectId:  {
  "result": {
    "projectId": "prjId"
  },
  "projectPayload": {
    "Id": "579816e4-6653-4794-b435-a885f32e28d7",
    "Name": "AUT_TPJ33518",
    "Address": "Hyderabad, Telangana, India",
    "Description": "",
    "CreatedBy": "579816e4-6653-4794-b435-a885f32e28d7",
    "ModifiedBy": "579816e4-6653-4794-b435-a885f32e28d7"
  },
  "uniqueName": "AUT_TPJ33518",
  "responseHeaders": {
    "Content-Type": [
      "application/json; charset=utf-8"
    ],
    "Date": [
      "Thu, 05 Dec 2024 08:22:12 GMT"
    ],
    "Server": [
      "Microsoft-IIS/10.0"
    ],
    "X-Powered-By": [
      "ASP.NET"
    ],
    "transfer-encoding": [
      "chunked"
    ],
    "Connection": [
      "keep-alive"
    ],
    "Set-Cookie": [
    ]
  },
  "responseTime": 841,
  "response": {
    "Name": "AUT_TPJ33518",
    "Description": "",
    "Address": "Hyderabad, Telangana, India",
    "Id": "2afcf090-6588-4022-aa5e-49fca51f940e",
    "CreatedOn": "2024-12-05T08:22:11.998251+00:00",
    "CreatedBy": "579816e4-6653-4794-b435-a885f32e28d7",
    "ModifiedOn": "2024-12-05T08:22:11.9982526+00:00",
    "ModifiedBy": ""
  },
  "responseStatus": 200,
  "prjId": "2afcf090-6588-4022-aa5e-49fca51f940e",
  "projectId": "2afcf090-6588-4022-aa5e-49fca51f940e"
}
 
13:54:13.007 [main] DEBUG com.intuit.karate - request:
1 > POST https://dev-drivetec-apis.schuecodigitalsolutions.com/Configurations
1 > Content-Type: application/json; charset=UTF-8
1 > Content-Length: 1275
1 > Host: dev-drivetec-apis.schuecodigitalsolutions.com
1 > Connection: Keep-Alive
1 > User-Agent: Apache-HttpClient/4.5.14 (Java/17.0.12)
1 > Accept-Encoding: gzip,deflate
{"Id":"00000000-0000-0000-0000-000000000000","ProjectId":"2afcf090-6588-4022-aa5e-49fca51f940e","Name":"Dataset3007","Description":"Dataset3007","CustomTags":"","CreatedBy":"579816e4-6653-4794-b435-a885f32e28d7","ModifiedBy":"579816e4-6653-4794-b435-a885f32e28d7","ApplicationName":1,"System":"","FacadeInclination":0,"OpeningType":1,"OpeningDirection":1,"OpeningWidth":1000,"VentOuterWidth":1230,"VentOuterHeight":1480,"VentWeight":70,"CalculateWeightWithGlass":false,"WeightIncGlassOrThickness":false,"GlassThickness":14,"ProfileWeightPerSerialMeter":2.5,"IsWindowOpeningCalculationByAngle":1,"RequiredOpeningStroke":400,"OpeningAngle":15,"WindLoad":120,"SnowLoad":0,"DrivePosition":2,"InstallationPosition":1,"ChainLengthConnectingRodHandle":5,"LockingMechanism":1,"Voltage":1,"DriveType":1,"TypeOfInstallation":2,"CalculationTypeForVentilation":1,"CalcVentilation":1,"GeometricArea":1,"SpecificExhaustDimension":30,"BuildingDepth":75,"RevealDepth":0,"RevealDepthRectangleAngle1":0,"RevealDepthRectangleAngle2":0,"HeightOfProfile":0,"HeightProfileRectangleAngle1":0,"HeightProfileRectangleAngle2":0,"AkippOrAtilt":0,"AdrehOrAturn":0,"Ageo":0,"MinPullingForceMax":0,"MinPushingForceMax":0,"MinPullingForcePermanent":0,"MinPushingForcePermanent":0,"ForceWithNegativeWind":0}

13:54:15.001 [main] DEBUG com.intuit.karate - response time in milliseconds: 1992
1 < 200
1 < Content-Type: application/json; charset=utf-8
1 < Date: Thu, 05 Dec 2024 08:24:12 GMT
1 < Server: Microsoft-IIS/10.0
1 < X-Powered-By: ASP.NET
1 < Content-Length: 2030
1 < Connection: keep-alive
{
  "ProjectId": "2afcf090-6588-4022-aa5e-49fca51f940e",
  "Name": "Dataset3007",
  "Description": "Dataset3007",
  "CustomTags": "",
  "ApplicationName": 1,
  "OpeningType": 1,
  "OpeningDirection": 1,
  "CalculateWeightWithGlass": false,
  "WindLoad": 120,
  "IsWindowOpeningCalculationByAngle": 1,
  "VentOuterWidth": 1230,
  "VentOuterHeight": 1480,
  "WeightIncGlassOrThickness": false,
  "VentWeight": 77,
  "VentWeightExact": 77.26400000000001,
  "GlassThickness": 14,
  "ProfileWeightPerSerialMeter": 2.5,
  "FacadeInclination": 0,
  "ChainLengthConnectingRodHandle": 5,
  "ChainLenghtConnectingRodHandle": 0,
  "RequiredOpeningStroke": 400,
  "OpeningWidth": 1000,
  "OpeningAngle": 15.532868337024489,
  "SpecificExhaustDimension": 30,
  "BuildingDepth": 75,
  "SnowLoad": 0,
  "DistanceHinge": 0,
  "RatedCurrent": 0,
  "DrivePosition": 2,
  "LockingMechanism": 1,
  "Voltage": 1,
  "DriveType": 1,
  "TypeOfInstallation": 2,
  "GeometricArea": 0,
  "CalculationTypeForVentilation": 1,
  "HeightOfProfile": 0,
  "Reveal": 0,
  "RevealDepth": 0,
  "HeightProfileRectangleAngle1": 0,
  "HeightProfileRectangleAngle2": 0,
  "RevealDepthRectangleAngle1": 0,
  "RevealDepthRectangleAngle2": 0,
  "RevealDepthRectangleAngle12": 0,
  "InstallationPosition": 0,
  "RecommendedDriveArticleNo": 0,
  "System": "",
  "AkippOrAtilt": 1.084,
  "AdrehOrAturn": 1.8204,
  "Ageo": 1.084,
  "MinPullingForceMax": -206.4868442161654,
  "MinPushingForceMax": -206.4868442161654,
  "MinPullingForcePermanent": -104.11163259218097,
  "MinPushingForcePermanent": -104.11163259218097,
  "ForceWithNegativeWind": 109.53156767199486,
  "ForceWithNoWindMin": 0.30763693489047433,
  "ForceWithNegativeWindMin": 0,
  "ForceWithWindMin": -108.91629380221393,
  "Id": "50186717-b205-455c-b509-74c3bd22346e",
  "CreatedOn": "2024-12-05T08:24:12.532896+00:00",
  "CreatedBy": "579816e4-6653-4794-b435-a885f32e28d7",
  "ModifiedOn": "2024-12-05T08:24:12.532897+00:00",
  "ModifiedBy": ""
}

13:54:15.003 [main] INFO  com.intuit.karate - Generated Config ID: 50186717-b205-455c-b509-74c3bd22346e 
13:54:15.004 [main] INFO  com.intuit.karate - Generated Name: Dataset3007 
13:54:15.004 [main] INFO  com.intuit.karate - Generated Description: Dataset3007 
13:54:15.009 [main] DEBUG com.intuit.karate - request:
1 > PUT https://dev-drivetec-apis.schuecodigitalsolutions.com/Configurations
1 > Content-Type: application/json; charset=UTF-8
1 > Content-Length: 1273
1 > Host: dev-drivetec-apis.schuecodigitalsolutions.com
1 > Connection: Keep-Alive
1 > User-Agent: Apache-HttpClient/4.5.14 (Java/17.0.12)
1 > Accept-Encoding: gzip,deflate
{"Id":"50186717-b205-455c-b509-74c3bd22346e","Name":"Dataset34","Description":"Dataset3007","ProjectId":"2afcf090-6588-4022-aa5e-49fca51f940e","CustomTags":"","CreatedBy":"579816e4-6653-4794-b435-a885f32e28d7","ModifiedBy":"579816e4-6653-4794-b435-a885f32e28d7","System":"","FacadeInclination":45,"OpeningType":5,"OpeningDirection":1,"OpeningWidth":1000,"VentOuterWidth":1500,"VentOuterHeight":2100,"VentWeight":0,"CalculateWeightWithGlass":false,"RequiredOpeningStroke":400,"WindLoad":120,"SnowLoad":0,"IsWindowOpeningCalculationByAngle":1,"GlassThickness":22,"ProfileWeightPerSerialMeter":2.5,"DrivePosition":2,"InstallationPosition":0,"LockingMechanism":1,"Voltage":1,"DriveType":3,"TypeOfInstallation":2,"GeometricArea":0,"CalcVentilation":1,"SpecificExhaustDimension":30,"BuildingDepth":75,"CalculationTypeForVentilation":1,"HeightOfProfile":0,"HeightProfileRectangleAngle1":0,"HeightProfileRectangleAngle2":0,"RevealDepth":0,"RevealDepthRectangleAngle1":0,"RevealDepthRectangleAngle2":0,"ChainLengthConnectingRodHandle":5,"ApplicationName":2,"OpeningAngle":96,"WeightIncGlassOrThickness":false,"AkippOrAtilt":0,"AdrehOrAturn":0,"Ageo":0,"MinPullingForceMax":0,"MinPushingForceMax":0,"MinPullingForcePermanent":0,"MinPushingForcePermanent":0,"ForceWithNegativeWind":0}

13:54:16.732 [main] DEBUG com.intuit.karate - response time in milliseconds: 1722
1 < 200
1 < Content-Type: application/json; charset=utf-8
1 < Date: Thu, 05 Dec 2024 08:24:12 GMT
1 < Server: Microsoft-IIS/10.0
1 < X-Powered-By: ASP.NET
1 < transfer-encoding: chunked
1 < Connection: keep-alive
{
  "ProjectId": "2afcf090-6588-4022-aa5e-49fca51f940e",
  "Name": "Dataset34",
  "Description": "Dataset3007",
  "CustomTags": "",
  "ApplicationName": 2,
  "OpeningType": 5,
  "OpeningDirection": 1,
  "CalculateWeightWithGlass": false,
  "WindLoad": 120,
  "IsWindowOpeningCalculationByAngle": 1,
  "VentOuterWidth": 1500,
  "VentOuterHeight": 2100,
  "WeightIncGlassOrThickness": false,
  "VentWeight": 191,
  "VentWeightExact": 191.25,
  "GlassThickness": 22,
  "ProfileWeightPerSerialMeter": 2.5,
  "FacadeInclination": 45,
  "ChainLengthConnectingRodHandle": 5,
  "ChainLenghtConnectingRodHandle": 0,
  "RequiredOpeningStroke": 400,
  "OpeningWidth": 1000,
  "OpeningAngle": 10.93004759981176,
  "SpecificExhaustDimension": 30,
  "BuildingDepth": 75,
  "SnowLoad": 0,
  "DistanceHinge": 0,
  "RatedCurrent": 0,
  "DrivePosition": 2,
  "LockingMechanism": 1,
  "Voltage": 1,
  "DriveType": 3,
  "TypeOfInstallation": 2,
  "GeometricArea": 0,
  "CalculationTypeForVentilation": 1,
  "HeightOfProfile": 0,
  "Reveal": 0,
  "RevealDepth": 0,
  "HeightProfileRectangleAngle1": 0,
  "HeightProfileRectangleAngle2": 0,
  "RevealDepthRectangleAngle1": 0,
  "RevealDepthRectangleAngle2": 0,
  "RevealDepthRectangleAngle12": 0,
  "InstallationPosition": 0,
  "RecommendedDriveArticleNo": 0,
  "System": "",
  "AkippOrAtilt": 1.44,
  "AdrehOrAturn": 3.15,
  "Ageo": 1.44,
  "MinPullingForceMax": 668.6668802632023,
  "MinPushingForceMax": 770.8647795169704,
  "MinPullingForcePermanent": 676.4400323911348,
  "MinPushingForcePermanent": 676.4400323911348,
  "ForceWithNegativeWind": 629.2276588282169,
  "ForceWithNoWindMin": 538.4586043926736,
  "ForceWithNegativeWindMin": 473.3544664574092,
  "ForceWithWindMin": 668.6668802632023,
  "Id": "50186717-b205-455c-b509-74c3bd22346e",
  "CreatedOn": "0001-01-01T00:00:00",
  "CreatedBy": "579816e4-6653-4794-b435-a885f32e28d7",
  "ModifiedOn": "2024-12-05T08:24:13.1695812+00:00",
  "ModifiedBy": "579816e4-6653-4794-b435-a885f32e28d7"
}

13:54:16.734 [main] INFO  com.intuit.karate - VentWeight from API Response: 191 
13:54:16.735 [main] INFO  com.intuit.karate - Rounded Opening Angle: 11.0 
13:54:16.735 [main] INFO  com.intuit.karate - Rounded Ageo: 1.44 
13:54:16.735 [main] INFO  com.intuit.karate - Rounded Required Opening Stroke: 400.0 
13:54:16.735 [main] INFO  com.intuit.karate - Rounded Vent Weight: 191.0 
13:54:16.738 [main] DEBUG com.intuit.karate - request:
2 > GET https://dev-drivetec-apis.schuecodigitalsolutions.com/Config/50186717-b205-455c-b509-74c3bd22346e/Drive
2 > Host: dev-drivetec-apis.schuecodigitalsolutions.com
2 > Connection: Keep-Alive
2 > User-Agent: Apache-HttpClient/4.5.14 (Java/17.0.12)
2 > Accept-Encoding: gzip,deflate


13:54:18.835 [main] DEBUG com.intuit.karate - response time in milliseconds: 2096
2 < 200
2 < Content-Type: application/json; charset=utf-8
2 < Date: Thu, 05 Dec 2024 08:24:15 GMT
2 < Server: Microsoft-IIS/10.0
2 < X-Powered-By: ASP.NET
2 < transfer-encoding: chunked
2 < Connection: keep-alive
[
  {
    "Name": "Chain actuator D15 800",
    "Bezeichnung": "Kettenantrieb D15 800",
    "ConfigurationId": "00000000-0000-0000-0000-000000000000",
    "Description": "",
    "Application": "Roof",
    "ApplicationFacade": false,
    "ApplicationSkylight": true,
    "Type": 1,
    "OpeningType": 0,
    "BottomHungInward": false,
    "BottomHungOutward": true,
    "SideHungInward": false,
    "SideHungOutward": false,
    "TopHungInward": false,
    "TopHungOutward": true,
    "ProjectedTopHungInward": false,
    "ProjectedTopHungOutward": false,
    "InstallationType": "",
    "ITMainOutFrmMountWBracket": true,
    "ITMainFixOutFrmMount": false,
    "ITMainVentFrmMount": false,
    "ITSideMount50": false,
    "ITSideMount60": false,
    "ITSideMount70": false,
    "ITSideMount80": false,
    "ITSideMount67": false,
    "Feature": "",
    "FeatureOpenClose": true,
    "FeatureLock": true,
    "ArticleNumber": 291731,
    "Stroke": 800,
    "Angle": 0,
    "Voltage": "24 V DC",
    "Voltage24": true,
    "Voltage230": false,
    "RatedCurrent": 4,
    "BreakingCurrent": 5,
    "PullingForceMax": 1500,
    "PushingForceMax": 1500,
    "PullingForceMaxWithNegativeWind": 0,
    "PushingForceMaxWithNegativeWind": 0,
    "PushingForcePermanent": 1000,
    "PullingForcePermanent": 1000,
    "MinPullingForceMax": 0,
    "MinPushingForceMax": 770.86,
    "MinPullingForcePermanent": 0,
    "MinPushingForcePermanent": 676.44,
    "Price": 821.56,
    "DriveLength": 800,
    "ChainDrive": 900,
    "ChainDrive2": 1760,
    "MaxLengthMainClosingEdge1Drive": 0,
    "MaxGeometricArea": 1,
    "GeometricalSmokeExhaustion": 0,
    "TotalGlassThickness": 22,
    "Dimensions": 0,
    "DimensionsWxHxD": "800 x 120 x 60",
    "TensileForce": 0,
    "LockingForce": 0,
    "Details_DE": "<ul> <li>Bemessungsspannung: 24 V DC (19 V … 28 V)</li> <li>Abschaltstrom: 5 A</li> <li>Bemessungsstrom: 3,75 A</li> <li>Bemessungsaufnahme: 90 W</li> <li>Schutzart: IP 20</li><li>Zug-/Schubkraft: max. 1500 N</li> <li>Umgebungstemperatur: -5°C bis + 60°C</li> <li>Anschlussleitung: Halogenfrei, grau 5 x 1mm², ~3m</li> <li>Max. Geschwindigkeit: 17 mm/s</li> </ul>",
    "Details_EN": "<ul> <li>Rated voltage: 24 V DC (19 V … 28 V)</li><li>Breaking current: 5 A</li><li>Rated current: 3.75 A</li><li>Rated consumption: 90 W</li><li>Protection rating: IP 20</li> <li>Traction/ thrust: max. 1500 N</li><li>Ambient temperature: -5° C to +60° C</li><li>Connecting cable: halogen-free, grey 5 x 1mm², ~3m</li><li>Max. speed: 17 mm/s</li></ul>",
    "Einsatz": "<ul> <li>Anwendung: Lüftung, NRA</li><li>Integrierte intelligente Regelelektronik</li> <li>Rückmeldung Endlage „ZU“ (max. 24 V, 500 mA)</li></ul>",
    "Use": "<ul> <li>Application: ventilation, natural smoke ventilation</li> <li>Integrated intelligent control electronics</li> <li>Response for “CLOSED” end position (max. 24 V, 500 mA)</li></ul>",
    "Ausstattung": "<ul><li>Symmetrischer Kettenaustritt</li><li>Integrierte Steckerlösung</li></ul>",
    "Equipment": "<ul><li>Symmetrical chain output</li><li>Integrated plug solution</li></ul>",
    "Optionen": "<ul> <li>Programmierung von Sonderfunktionen</li> <li>Programmierbare Rückmeldung Endlage „AUF“ (max. 24 V, 500 mA)</li> <li>Schüco Kontroller zur automatischen Konfiguration von Synchronlauf und Folgesteuerungen mit Verriegelungsantrieben in Antriebs-Verbundsystemen</li></ul>",
    "Options": "<ul> <li>Programming of special functions</li> <li>Programmable response for “OPEN” end position (max. 24 V, 500 mA)</li> <li>Schüco controller for automatic configuration of synchronous running and sequence control with locking drives in composite drive systems</li> </ul>",
    "IsTwoPce": false,
    "ResultVentWeight": 191.25,
    "IsLsRsDrive": false,
    "ArticleNumberRs": 0,
    "TwoDrivesSideInstallation50": 0,
    "TwoDrivesSideInstallation60": 0,
    "TwoDrivesSideInstallation70": 0,
    "TwoDrivesSideInstallation80": 0,
    "OpeningSpeedmms": 0,
    "Traction": 1500,
    "Thrust": 1500,
    "Id": "6e554a6b-0764-4e7a-ac2f-8ca9ada34e08",
    "CreatedOn": "2024-09-26T13:55:26.818Z",
    "CreatedBy": "",
    "ModifiedOn": "2024-09-26T13:55:26.818Z",
    "ModifiedBy": ""
  },
  {
    "Name": "Chain actuator D6 400",
    "Bezeichnung": "Kettenantrieb D6 400",
    "ConfigurationId": "00000000-0000-0000-0000-000000000000",
    "Description": "",
    "Application": "Roof",
    "ApplicationFacade": true,
    "ApplicationSkylight": true,
    "Type": 1,
    "OpeningType": 0,
    "BottomHungInward": true,
    "BottomHungOutward": true,
    "SideHungInward": true,
    "SideHungOutward": true,
    "TopHungInward": false,
    "TopHungOutward": true,
    "ProjectedTopHungInward": false,
    "ProjectedTopHungOutward": true,
    "InstallationType": "",
    "ITMainOutFrmMountWBracket": true,
    "ITMainFixOutFrmMount": false,
    "ITMainVentFrmMount": true,
    "ITSideMount50": false,
    "ITSideMount60": false,
    "ITSideMount70": false,
    "ITSideMount80": false,
    "ITSideMount67": true,
    "Feature": "",
    "FeatureOpenClose": true,
    "FeatureLock": true,
    "ArticleNumber": 291715,
    "Stroke": 400,
    "Angle": 0,
    "Voltage": "24 V DC",
    "Voltage24": true,
    "Voltage230": false,
    "RatedCurrent": 1,
    "BreakingCurrent": 1,
    "PullingForceMax": 600,
    "PushingForceMax": 600,
    "PullingForceMaxWithNegativeWind": 0,
    "PushingForceMaxWithNegativeWind": 0,
    "PushingForcePermanent": 400,
    "PullingForcePermanent": 600,
    "MinPullingForceMax": 0,
    "MinPushingForceMax": 770.86,
    "MinPullingForcePermanent": 0,
    "MinPushingForcePermanent": 676.44,
    "Price": 720.7,
    "DriveLength": 591,
    "ChainDrive": 691,
    "ChainDrive2": 1342,
    "MaxLengthMainClosingEdge1Drive": 1920,
    "MaxGeometricArea": 1,
    "GeometricalSmokeExhaustion": 0,
    "TotalGlassThickness": 22,
    "Dimensions": 0,
    "DimensionsWxHxD": "591 x 40 x 56",
    "TensileForce": 0,
    "LockingForce": 0,
    "Details_DE": "<ul> <li>Bemessungsspannung: 24 V DC (19 V … 28 V)</li> <li>Abschaltstrom: 1,2 A</li> <li>Bemessungsstrom: 0,9 A</li> <li>Bemessungsaufnahme: 22 W</li> <li>Schutzart: IP 32</li> <li>Zug-/Schubkraft: max. 600 N</li> <li>Umgebungstemperatur: -5°C bis + 60°C</li> <li>Anschlussleitung: Halogenfrei, grau 5 x 0,5mm², ~3m</li> <li>Max. Geschwindigkeit: 13,5 mm/s</li> </ul>",
    "Details_EN": "<ul> <li>Rated voltage: 24 V DC (19 V … 28 V)</li><li>Breaking current: 1.2 A</li><li>Rated current: 0.9 A</li><li>Rated consumption: 22W</li><li>Protection rating: IP 32</li><li>Traction/ thrust: max. 600 N</li><li>Ambient temperature: -5° C to +60° C</li><li>Connecting cable: halogen-free, grey 3 x 0,5mm², ~3m</li><li>Max. speed: 13,5 mm/s</li></ul>",
    "Einsatz": "<ul><li>Anwendung: Lüftung, NRA</li> <li>Integrierte intelligente Regelelektronik</li></ul>",
    "Use": "<ul><li>Application: ventilation, natural smoke ventilation</li> <li>Integrated intelligent control electronics</li> </ul>",
    "Ausstattung": "<ul><li>Zusätzlicher Universal-Steckersatz für Mehrfachbetrieb bis zu 4 Antrieben und 2 Verriegelungsantrieben</li></ul>",
    "Equipment": "<ul><li>Additional universal plug socket for multiplex operation  of up to 4 drives and 2 interlocking drives</li></ul>",
    "Optionen": "<ul><li>Programmierung von Sonderfunktionen</li> <li>Programmierbare Rückmeldung Endlage „AUF“ (max. 24 V, 500 mA)</li> <li>Schüco Kontroller zur automatischen Konfiguration von Synchronlauf und Folgesteuerungen mit Verriegelungsantrieben in Antriebs-Verbundsystemen</li> </ul>",
    "Options": "<ul><li>Programming of special functions</li> <li>Programmable response for “OPEN” end position (max. 24 V, 500 mA)</li> <li>Schüco controller for automatic configuration of synchronous running and sequence control with locking drives in composite drive systems</li> </ul>",
    "IsTwoPce": true,
    "ResultVentWeight": 191.25,
    "IsLsRsDrive": false,
    "ArticleNumberRs": 0,
    "TwoDrivesSideInstallation50": 0,
    "TwoDrivesSideInstallation60": 0,
    "TwoDrivesSideInstallation70": 0,
    "TwoDrivesSideInstallation80": 0,
    "OpeningSpeedmms": 0,
    "Traction": 600,
    "Thrust": 600,
    "Id": "6cfaf03b-807c-4298-8635-4bf804653a9e",
    "CreatedOn": "2024-09-26T13:55:26.817Z",
    "CreatedBy": "",
    "ModifiedOn": "2024-09-26T13:55:26.817Z",
    "ModifiedBy": ""
  },
  {
    "Name": "Linear drive LDB16 L400",
    "Bezeichnung": "Linearantrieb LDB16 L400",
    "ConfigurationId": "00000000-0000-0000-0000-000000000000",
    "Description": "",
    "Application": "Roof",
    "ApplicationFacade": false,
    "ApplicationSkylight": true,
    "Type": 2,
    "OpeningType": 0,
    "BottomHungInward": false,
    "BottomHungOutward": true,
    "SideHungInward": false,
    "SideHungOutward": false,
    "TopHungInward": false,
    "TopHungOutward": true,
    "ProjectedTopHungInward": false,
    "ProjectedTopHungOutward": false,
    "InstallationType": "",
    "ITMainOutFrmMountWBracket": true,
    "ITMainFixOutFrmMount": false,
    "ITMainVentFrmMount": false,
    "ITSideMount50": true,
    "ITSideMount60": true,
    "ITSideMount70": true,
    "ITSideMount80": true,
    "ITSideMount67": false,
    "Feature": "",
    "FeatureOpenClose": true,
    "FeatureLock": true,
    "ArticleNumber": 291924,
    "Stroke": 400,
    "Angle": 0,
    "Voltage": "24 V DC",
    "Voltage24": true,
    "Voltage230": false,
    "RatedCurrent": 1,
    "BreakingCurrent": 1,
    "PullingForceMax": 1600,
    "PushingForceMax": 1600,
    "PullingForceMaxWithNegativeWind": 0,
    "PushingForceMaxWithNegativeWind": 0,
    "PushingForcePermanent": 1066.67,
    "PullingForcePermanent": 1066.67,
    "MinPullingForceMax": 0,
    "MinPushingForceMax": 770.86,
    "MinPullingForcePermanent": 0,
    "MinPushingForcePermanent": 676.44,
    "Price": 443.15,
    "DriveLength": 0,
    "ChainDrive": 450,
    "ChainDrive2": 450,
    "MaxLengthMainClosingEdge1Drive": 2100,
    "MaxGeometricArea": 1,
    "GeometricalSmokeExhaustion": 0,
    "TotalGlassThickness": 22,
    "Dimensions": 0,
    "DimensionsWxHxD": "723 x Ø36",
    "TensileForce": 0,
    "LockingForce": 0,
    "Details_DE": "<ul> <li>Bemessungsspannung: 24 V DC (19 V … 28 V)</li><li>Abschaltstrom: 1,2 A</li><li>Bemessungsstrom: 1,0 A</li><li>Bemessungsaufnahme: 24 W</li><li>Schutzart: IP 65</li> <li>Zug-/Schubkraft: max. 1600 N</li><li>Umgebungstemperatur: -5°C bis + 60°C</li><li>Anschlussleitung: Halogenfrei, grau 3 x 1mm², ~3m</li><li>Max. Geschwindigkeit: 4 mm/s</li></ul>",
    "Details_EN": "<ul> <li>Rated voltage: 24 V DC (19 V … 28 V)</li> <li>Breaking current: 1.2 A</li> <li>Rated current: 1.0 A</li> <li>Rated consumption: 24 W</li> <li>Protection rating: IP 65</li><li>Traction/ thrust: max. 1600N</li> <li>Ambient temperature: -5°C to + 60°C</li> <li>Connecting cable: halogen-free, grey 3 x 1mm², ~3m</li> <li>Max. speed: 4 mm/s</li> </ul>",
    "Einsatz": "<ul> <li>Anwendung: Lüftung, NRA</li><li>Integrierte intelligente Regelelektronik</li></ul>",
    "Use": "<ul> <li>Application: ventilation, natural smoke ventilation</li><li>Integrated intelligent control electronics</li></ul>",
    "Ausstattung": "<ul> <li>Robuste korrosionsbeständige Ausführung in eloxierten Aluminiumgehäuse</li><li>Montagefreundlich durch verstellbaren Klemmring</li><li>Spindel aus Edelstahl, kugelgelagert mit Endlagendämpfung</li><li>Mit Goretex Membrane</li></ul>",
    "Equipment": "<ul> <li>Robust, corrosion-resistant design in anodized casing</li><li>Easy installation thanks to adjustable clamping ring</li><li>Stainless steel spindle on ball bearings with end position cushioning</li><li>with Goretex membrane</li></ul>",
    "Optionen": "<ul> <li>Programmierung von Sonderfunktionen</li><li>Programmierbare Parameter der Regelelektronik</li><li>Schüco Kontroller zur automatischen Konfiguration von Synchronlauf und Folgesteuerungen mit Verriegelungsantrieb in Antriebs-Verbundsystem</li></ul>",
    "Options": "<ul> <li>Programming of special functions</li><li>Programmable parameters of intelligent control electronics</li><li>Schüco controller for automatic configuration of synchronous running and sequence control with locking drives in composite drive systems</li></ul>",
    "IsTwoPce": false,
    "ResultVentWeight": 191.25,
    "IsLsRsDrive": false,
    "ArticleNumberRs": 0,
    "TwoDrivesSideInstallation50": 650,
    "TwoDrivesSideInstallation60": 650,
    "TwoDrivesSideInstallation70": 650,
    "TwoDrivesSideInstallation80": 650,
    "OpeningSpeedmms": 4,
    "Traction": 1067,
    "Thrust": 1600,
    "Id": "9f91500a-3224-410c-b4df-c240b49d5a6d",
    "CreatedOn": "2024-09-26T13:55:26.817Z",
    "CreatedBy": "",
    "ModifiedOn": "2024-09-26T13:55:26.817Z",
    "ModifiedBy": ""
  },
  {
    "Name": "Linear drive LDN16 L400",
    "Bezeichnung": "Linearantrieb LDN16 L400",
    "ConfigurationId": "00000000-0000-0000-0000-000000000000",
    "Description": "",
    "Application": "Roof",
    "ApplicationFacade": false,
    "ApplicationSkylight": true,
    "Type": 2,
    "OpeningType": 0,
    "BottomHungInward": false,
    "BottomHungOutward": true,
    "SideHungInward": false,
    "SideHungOutward": false,
    "TopHungInward": false,
    "TopHungOutward": true,
    "ProjectedTopHungInward": false,
    "ProjectedTopHungOutward": false,
    "InstallationType": "",
    "ITMainOutFrmMountWBracket": true,
    "ITMainFixOutFrmMount": false,
    "ITMainVentFrmMount": false,
    "ITSideMount50": true,
    "ITSideMount60": true,
    "ITSideMount70": true,
    "ITSideMount80": true,
    "ITSideMount67": false,
    "Feature": "",
    "FeatureOpenClose": true,
    "FeatureLock": true,
    "ArticleNumber": 291932,
    "Stroke": 400,
    "Angle": 0,
    "Voltage": "24 V DC",
    "Voltage24": true,
    "Voltage230": false,
    "RatedCurrent": 2,
    "BreakingCurrent": 2,
    "PullingForceMax": 1600,
    "PushingForceMax": 1600,
    "PullingForceMaxWithNegativeWind": 0,
    "PushingForceMaxWithNegativeWind": 0,
    "PushingForcePermanent": 1066.67,
    "PullingForcePermanent": 1066.67,
    "MinPullingForceMax": 0,
    "MinPushingForceMax": 770.86,
    "MinPullingForcePermanent": 0,
    "MinPushingForcePermanent": 676.44,
    "Price": 636.77,
    "DriveLength": 0,
    "ChainDrive": 450,
    "ChainDrive2": 450,
    "MaxLengthMainClosingEdge1Drive": 2100,
    "MaxGeometricArea": 1,
    "GeometricalSmokeExhaustion": 0,
    "TotalGlassThickness": 22,
    "Dimensions": 0,
    "DimensionsWxHxD": "723 x Ø36",
    "TensileForce": 0,
    "LockingForce": 0,
    "Details_DE": "<ul> <li>Bemessungsspannung: 24 V DC (19 V … 28 V)</li><li>Abschaltstrom: 2,5 A</li><li>Bemessungsstrom: 1,9 A</li><li>Bemessungsaufnahme: 45 W</li><li>Schutzart: IP 65</li> <li>Zug-/Schubkraft: max. 1600 N</li><li>Umgebungstemperatur: -5°C bis + 60°C</li><li>Anschlussleitung: Halogenfrei, grau 3 x 1mm², ~3m</li><li>Max. Geschwindigkeit: 7 mm/s</li></ul>",
    "Details_EN": "<ul> <li>Rated voltage: 24 V DC (19 V … 28 V)</li> <li>Breaking current: 2.5 A</li> <li>Rated current: 1.9 A</li> <li>Rated consumption: 45 W</li> <li>Protection rating: IP 65</li><li>Traction/ thrust: max. 1600N</li> <li>Ambient temperature: -5°C to + 60°C</li> <li>Connecting cable: halogen-free, grey 3 x 1mm², ~3m</li> <li>Max. speed: 7 mm/s</li> </ul>",
    "Einsatz": "<ul> <li>Anwendung: Lüftung, NRA</li><li>Integrierte intelligente Regelelektronik</li></ul>",
    "Use": "<ul> <li>Application: ventilation, natural smoke ventilation</li><li>Integrated intelligent control electronics</li></ul>",
    "Ausstattung": "<ul> <li>Robuste korrosionsbeständige Ausführung in eloxierten Aluminiumgehäuse</li><li>Montagefreundlich durch verstellbaren Klemmring</li><li>Spindel aus Edelstahl, kugelgelagert mit Endlagendämpfung</li><li>Mit Goretex Membrane</li></ul>",
    "Equipment": "<ul> <li>Robust, corrosion-resistant design in anodized casing</li><li>Easy installation thanks to adjustable clamping ring</li><li>Stainless steel spindle on ball bearings with end position cushioning</li><li>with Goretex membrane</li></ul>",
    "Optionen": "<ul> <li>Programmierung von Sonderfunktionen</li><li>Programmierbare Parameter der Regelelektronik</li><li>Schüco Kontroller zur automatischen Konfiguration von Synchronlauf und Folgesteuerungen mit Verriegelungsantrieb in Antriebs-Verbundsystem</li></ul>",
    "Options": "<ul> <li>Programming of special functions</li><li>Programmable parameters of intelligent control electronics</li><li>Schüco controller for automatic configuration of synchronous running and sequence control with locking drives in composite drive systems</li></ul>",
    "IsTwoPce": false,
    "ResultVentWeight": 191.25,
    "IsLsRsDrive": false,
    "ArticleNumberRs": 0,
    "TwoDrivesSideInstallation50": 650,
    "TwoDrivesSideInstallation60": 650,
    "TwoDrivesSideInstallation70": 650,
    "TwoDrivesSideInstallation80": 650,
    "OpeningSpeedmms": 7,
    "Traction": 1067,
    "Thrust": 1600,
    "Id": "513dd3ae-ebb8-4820-9d60-f57b3a5002c5",
    "CreatedOn": "2024-09-26T13:55:26.817Z",
    "CreatedBy": "",
    "ModifiedOn": "2024-09-26T13:55:26.817Z",
    "ModifiedBy": ""
  },
  {
    "Name": "Linear drive LDH15 L400",
    "Bezeichnung": "Linearantrieb LDH15 L400",
    "ConfigurationId": "00000000-0000-0000-0000-000000000000",
    "Description": "",
    "Application": "Roof",
    "ApplicationFacade": false,
    "ApplicationSkylight": true,
    "Type": 2,
    "OpeningType": 0,
    "BottomHungInward": false,
    "BottomHungOutward": true,
    "SideHungInward": false,
    "SideHungOutward": false,
    "TopHungInward": false,
    "TopHungOutward": true,
    "ProjectedTopHungInward": false,
    "ProjectedTopHungOutward": false,
    "InstallationType": "",
    "ITMainOutFrmMountWBracket": true,
    "ITMainFixOutFrmMount": false,
    "ITMainVentFrmMount": false,
    "ITSideMount50": true,
    "ITSideMount60": true,
    "ITSideMount70": true,
    "ITSideMount80": true,
    "ITSideMount67": false,
    "Feature": "",
    "FeatureOpenClose": true,
    "FeatureLock": true,
    "ArticleNumber": 291939,
    "Stroke": 400,
    "Angle": 0,
    "Voltage": "24 V DC",
    "Voltage24": true,
    "Voltage230": false,
    "RatedCurrent": 3,
    "BreakingCurrent": 4,
    "PullingForceMax": 1500,
    "PushingForceMax": 1500,
    "PullingForceMaxWithNegativeWind": 0,
    "PushingForceMaxWithNegativeWind": 0,
    "PushingForcePermanent": 1000,
    "PullingForcePermanent": 1000,
    "MinPullingForceMax": 0,
    "MinPushingForceMax": 770.86,
    "MinPullingForcePermanent": 0,
    "MinPushingForcePermanent": 676.44,
    "Price": 776.85,
    "DriveLength": 0,
    "ChainDrive": 450,
    "ChainDrive2": 450,
    "MaxLengthMainClosingEdge1Drive": 2100,
    "MaxGeometricArea": 1,
    "GeometricalSmokeExhaustion": 0,
    "TotalGlassThickness": 22,
    "Dimensions": 0,
    "DimensionsWxHxD": "841 x Ø50",
    "TensileForce": 0,
    "LockingForce": 0,
    "Details_DE": "<ul> <li>Bemessungsspannung: 24 V DC (19 V … 28 V)</li><li>Abschaltstrom: 4,0 A</li><li>Bemessungsstrom: 3,0 A</li><li>Bemessungsaufnahme: 72 W</li><li>Schutzart: IP 54</li> <li>Zug-/Schubkraft: max. 1500 N</li><li>Umgebungstemperatur: -5°C bis + 60°C</li><li>Anschlussleitung: Halogenfrei, grau 3 x 1mm², ~3m</li><li>Max. Geschwindigkeit: 16 mm/s</li></ul>",
    "Details_EN": "<ul> <li>Rated voltage: 24 V DC (19 V … 28 V)</li> <li>Breaking current: 4.0 A</li> <li>Rated current: 3.0 A</li> <li>Rated consumption: 72 W</li> <li>Protection rating: IP 54</li><li>Traction/ thrust: max. 1500N</li> <li>Ambient temperature: -5°C to + 60°C</li> <li>Connecting cable: halogen-free, grey 3 x 1mm², ~3m</li> <li>Max. speed: 16 mm/s</li> </ul>",
    "Einsatz": "<ul> <li>Anwendung: Lüftung, NRA</li><li>Integrierte intelligente Regelelektronik</li></ul>",
    "Use": "<ul> <li>Application: ventilation, natural smoke ventilation</li><li>Integrated intelligent control electronics</li></ul>",
    "Ausstattung": "<ul> <li>Robuste korrosionsbeständige Ausführung in eloxierten Aluminiumgehäuse</li><li>Montagefreundlich durch verstellbaren Klemmring</li><li>Spindel aus Edelstahl, kugelgelagert mit Endlagendämpfung</li><li>Mit Goretex Membrane</li></ul>",
    "Equipment": "<ul> <li>Robust, corrosion-resistant design in anodized casing</li><li>Easy installation thanks to adjustable clamping ring</li><li>Stainless steel spindle on ball bearings with end position cushioning</li><li>with Goretex membrane</li></ul>",
    "Optionen": "<ul> <li>Programmierung von Sonderfunktionen</li><li>Programmierbare Parameter der Regelelektronik</li><li>Schüco Kontroller zur automatischen Konfiguration von Synchronlauf und Folgesteuerungen mit Verriegelungsantrieb in Antriebs-Verbundsystem</li></ul>",
    "Options": "<ul> <li>Programming of special functions</li><li>Programmable parameters of intelligent control electronics</li><li>Schüco controller for automatic configuration of synchronous running and sequence control with locking drives in composite drive systems</li></ul>",
    "IsTwoPce": false,
    "ResultVentWeight": 191.25,
    "IsLsRsDrive": true,
    "ArticleNumberRs": 291939,
    "TwoDrivesSideInstallation50": 650,
    "TwoDrivesSideInstallation60": 650,
    "TwoDrivesSideInstallation70": 650,
    "TwoDrivesSideInstallation80": 650,
    "OpeningSpeedmms": 16,
    "Traction": 1000,
    "Thrust": 1500,
    "Id": "f88c2ba9-694a-4b49-b0c1-20efbe762b90",
    "CreatedOn": "2024-09-26T13:55:26.817Z",
    "CreatedBy": "",
    "ModifiedOn": "2024-09-26T13:55:26.817Z",
    "ModifiedBy": ""
  },
  {
    "Name": "Locking actuator roof",
    "Bezeichnung": "Verr.antrieb Dachf 600N",
    "ConfigurationId": "00000000-0000-0000-0000-000000000000",
    "Description": "",
    "Application": "",
    "ApplicationFacade": false,
    "ApplicationSkylight": true,
    "Type": 5,
    "OpeningType": 0,
    "BottomHungInward": false,
    "BottomHungOutward": true,
    "SideHungInward": false,
    "SideHungOutward": false,
    "TopHungInward": false,
    "TopHungOutward": true,
    "ProjectedTopHungInward": false,
    "ProjectedTopHungOutward": false,
    "InstallationType": "",
    "ITMainOutFrmMountWBracket": true,
    "ITMainFixOutFrmMount": false,
    "ITMainVentFrmMount": false,
    "ITSideMount50": true,
    "ITSideMount60": true,
    "ITSideMount70": true,
    "ITSideMount80": true,
    "ITSideMount67": false,
    "Feature": "",
    "FeatureOpenClose": true,
    "FeatureLock": false,
    "ArticleNumber": 291954,
    "Stroke": 0,
    "Angle": 0,
    "Voltage": null,
    "Voltage24": true,
    "Voltage230": false,
    "RatedCurrent": 0,
    "BreakingCurrent": 0,
    "PullingForceMax": 0,
    "PushingForceMax": 0,
    "PullingForceMaxWithNegativeWind": 0,
    "PushingForceMaxWithNegativeWind": 0,
    "PushingForcePermanent": 0,
    "PullingForcePermanent": 0,
    "MinPullingForceMax": 0,
    "MinPushingForceMax": 0,
    "MinPullingForcePermanent": 0,
    "MinPushingForcePermanent": 0,
    "Price": 225.16,
    "DriveLength": 0,
    "ChainDrive": 0,
    "ChainDrive2": 0,
    "MaxLengthMainClosingEdge1Drive": 0,
    "MaxGeometricArea": 0,
    "GeometricalSmokeExhaustion": 0,
    "TotalGlassThickness": 0,
    "Dimensions": 0,
    "DimensionsWxHxD": "415 x 26 x 26",
    "TensileForce": 0,
    "LockingForce": 0,
    "Details_DE": "<ul> <li>Bemessungsspannung: 24 V DC (19 V … 28 V)</li> <li>Abschaltstrom: ~1,0 A</li> <li>Bemessungsstrom: 0,6 A</li> <li>Bemessungsaufnahme: 15 W</li> <li>Schutzart: IP 32</li><li>Zug-/Schubkraft: max. 600 N</li> <li>Umgebungstemperatur: -5°C bis + 60°C</li> <li>Anschlussleitung: Halogenfrei, grau 3x 0,5mm², ~3m</li> <li>Laufzeit: ~ 5s</li><li>Hub: ~ 18mm</li> </ul>",
    "Details_EN": "<ul> <li>Rated voltage : 24 V DC (19 V … 28 V</li> <li>Breaking current : ~1,0 A</li> <li>Rated current : 0,6 A</li> <li>Rated consumption : 15 W</li> <li>Protection rating : IP 32</li><li>Traction/ thrust : max. 600 N</li> <li>Ambient temperature: -5°C bis + 60°C</li> <li>Connecting cable: halogen-free, grey 3 x 0,5mm², ~3m</li> <li>Running time: ~ 5s</li><li>Stroke: ~ 18mm</li> </ul>",
    "Einsatz": "<ul> <li>Anwendung: Lüftung, NRA</li><li>Integrierte intelligente Regelelektronik</li></ul>",
    "Use": "<ul> <li>Application: ventilation, natural smoke ventilation</li> <li>Integrated intelligent control electronics</li></ul>",
    "Ausstattung": "<ul><li>Laufrichtung einstellbar</li></ul>",
    "Equipment": "<ul><li>Running direction adjustable</li></ul>",
    "Optionen": "<ul> <li>Mitnehmer objekt-/profilspezifisch anpassbar</li></ul>",
    "Options": "<ul> <li>Coupling adapter customizable for project-/profile-specific demands</li></ul>",
    "IsTwoPce": false,
    "ResultVentWeight": 0,
    "IsLsRsDrive": false,
    "ArticleNumberRs": 0,
    "TwoDrivesSideInstallation50": 0,
    "TwoDrivesSideInstallation60": 0,
    "TwoDrivesSideInstallation70": 0,
    "TwoDrivesSideInstallation80": 0,
    "OpeningSpeedmms": 0,
    "Traction": 0,
    "Thrust": 0,
    "Id": "2b6ffe33-0cb6-494e-a561-679dc2adeb63",
    "CreatedOn": "2024-09-26T13:55:26.817Z",
    "CreatedBy": "",
    "ModifiedOn": "2024-09-26T13:55:26.817Z",
    "ModifiedBy": ""
  }
]

13:54:18.840 [main] INFO  com.intuit.karate - Expected RecommDrive: Chain actuator D15 800,Chain actuator D6 400,Linear drive LDB16 L400,Linear drive LDN16 L400,Linear drive LDH15 L400,Locking actuator roof 
13:54:18.840 [main] INFO  com.intuit.karate - Actual RecommDrive: Chain actuator D15 800, Chain actuator D6 400, Linear drive LDB16 L400, Linear drive LDN16 L400, Linear drive LDH15 L400, Locking actuator roof 
13:54:18.840 [main] INFO  com.intuit.karate - Normalized Actual RecommDrive: Chain actuator D15 800,Chain actuator D6 400,Linear drive LDB16 L400,Linear drive LDN16 L400,Linear drive LDH15 L400,Locking actuator roof 
13:54:18.840 [main] INFO  com.intuit.karate - Normalized Expected RecommDrive: Chain actuator D15 800,Chain actuator D6 400,Linear drive LDB16 L400,Linear drive LDN16 L400,Linear drive LDH15 L400,Locking actuator roof 
13:54:18.841 [main] INFO  com.intuit.karate - All Drive IDs: [
  "6e554a6b-0764-4e7a-ac2f-8ca9ada34e08",
  "6cfaf03b-807c-4298-8635-4bf804653a9e",
  "9f91500a-3224-410c-b4df-c240b49d5a6d",
  "513dd3ae-ebb8-4820-9d60-f57b3a5002c5",
  "f88c2ba9-694a-4b49-b0c1-20efbe762b90",
  "2b6ffe33-0cb6-494e-a561-679dc2adeb63"
]
 
13:54:18.841 [main] INFO  com.intuit.karate - First Drive ID: 6e554a6b-0764-4e7a-ac2f-8ca9ada34e08 
13:54:18.842 [main] DEBUG com.intuit.karate - request:
3 > POST https://dev-drivetec-apis.schuecodigitalsolutions.com/api/Drives/DownloadPDFNew/Schuco
3 > Content-Type: application/json; charset=UTF-8
3 > Content-Length: 1194
3 > Host: dev-drivetec-apis.schuecodigitalsolutions.com
3 > Connection: Keep-Alive
3 > User-Agent: Apache-HttpClient/4.5.14 (Java/17.0.12)
3 > Accept-Encoding: gzip,deflate
[{"Id":"configId","Header":"configId","Value":"50186717-b205-455c-b509-74c3bd22346e"},{"Id":"driveId","Header":"driveId","Value":"6e554a6b-0764-4e7a-ac2f-8ca9ada34e08"},{"Id":"culture","Header":"culture","Value":"EN-US"},{"Id":"projectId","Header":"projectId","Value":"2afcf090-6588-4022-aa5e-49fca51f940e"},{"Id":"range-of-app","Header":"Range of application","Value":"Façade"},{"Id":"opening-type","Header":"Opening type","Value":"Bottom-hung vent"},{"Id":"opening-direction","Header":"Opening direction","Value":"Inward"},{"Id":"how-calc-weight","Header":"Vent weight","Value":"Weight including glass"},{"Id":"Chain-Length","Header":"Chain- \/ connecting rod handle","Value":"100%"},{"Id":"drive-position","Header":"Drive position","Value":"Side installation"},{"Id":"locking-mechanism","Header":"Locking mechanism","Value":"With"},{"Id":"voltage","Header":"Voltage","Value":"24 V"},{"Id":"drive-type","Header":"Drive type","Value":"Chain drive"},{"Id":"type-installation","Header":"Type of installation","Value":"Pivoting Outer Frame Installation"},{"Id":"calculation-type-for-ventilation-area","Header":"Calculation type for ventilation area","Value":"Method in accordance with ASR 3.6"}]

13:54:20.721 [main] DEBUG com.intuit.karate - response time in milliseconds: 1877
3 < 200
3 < Content-Type: application/json; charset=utf-8
3 < Date: Thu, 05 Dec 2024 08:24:18 GMT
3 < Server: Microsoft-IIS/10.0
3 < X-Powered-By: ASP.NET
3 < Content-Length: 281
3 < Connection: keep-alive
{
  "result": "https://drive-tec-dev.s3.amazonaws.com/AUT_TPJ33518-Chain_actuator_D15_800.pdf?AWSAccessKeyId=AKIAZAWIART4ZFAXXPHK&Expires=1733390658&response-content-disposition=attachment%3B&response-content-type=application%2Fpdf&Signature=kuw%2F0sPGn9BW4z%2Bq4uNOzzd4MqA%3D"
}

13:54:20.721 [main] INFO  com.intuit.karate - Download URL for first driveId: https://drive-tec-dev.s3.amazonaws.com/AUT_TPJ33518-Chain_actuator_D15_800.pdf?AWSAccessKeyId=AKIAZAWIART4ZFAXXPHK&Expires=1733390658&response-content-disposition=attachment%3B&response-content-type=application%2Fpdf&Signature=kuw%2F0sPGn9BW4z%2Bq4uNOzzd4MqA%3D 
13:54:20.726 [main] INFO  com.intuit.karate - karate.env system property was: null 
13:54:20.728 [main] INFO  com.intuit.karate - Running test for dataset:  Dataset35 
13:54:20.733 [main] INFO  com.intuit.karate - Using ProjectId:  {
  "result": {
    "projectId": "prjId"
  },
  "projectPayload": {
    "Id": "579816e4-6653-4794-b435-a885f32e28d7",
    "Name": "AUT_TPJ33518",
    "Address": "Hyderabad, Telangana, India",
    "Description": "",
    "CreatedBy": "579816e4-6653-4794-b435-a885f32e28d7",
    "ModifiedBy": "579816e4-6653-4794-b435-a885f32e28d7"
  },
  "uniqueName": "AUT_TPJ33518",
  "responseHeaders": {
    "Content-Type": [
      "application/json; charset=utf-8"
    ],
    "Date": [
      "Thu, 05 Dec 2024 08:22:12 GMT"
    ],
    "Server": [
      "Microsoft-IIS/10.0"
    ],
    "X-Powered-By": [
      "ASP.NET"
    ],
    "transfer-encoding": [
      "chunked"
    ],
    "Connection": [
      "keep-alive"
    ],
    "Set-Cookie": [
    ]
  },
  "responseTime": 841,
  "response": {
    "Name": "AUT_TPJ33518",
    "Description": "",
    "Address": "Hyderabad, Telangana, India",
    "Id": "2afcf090-6588-4022-aa5e-49fca51f940e",
    "CreatedOn": "2024-12-05T08:22:11.998251+00:00",
    "CreatedBy": "579816e4-6653-4794-b435-a885f32e28d7",
    "ModifiedOn": "2024-12-05T08:22:11.9982526+00:00",
    "ModifiedBy": ""
  },
  "responseStatus": 200,
  "prjId": "2afcf090-6588-4022-aa5e-49fca51f940e",
  "projectId": "2afcf090-6588-4022-aa5e-49fca51f940e"
}
 
13:54:20.734 [main] DEBUG com.intuit.karate - request:
1 > POST https://dev-drivetec-apis.schuecodigitalsolutions.com/Configurations
1 > Content-Type: application/json; charset=UTF-8
1 > Content-Length: 1275
1 > Host: dev-drivetec-apis.schuecodigitalsolutions.com
1 > Connection: Keep-Alive
1 > User-Agent: Apache-HttpClient/4.5.14 (Java/17.0.12)
1 > Accept-Encoding: gzip,deflate
{"Id":"00000000-0000-0000-0000-000000000000","ProjectId":"2afcf090-6588-4022-aa5e-49fca51f940e","Name":"Dataset0734","Description":"Dataset0734","CustomTags":"","CreatedBy":"579816e4-6653-4794-b435-a885f32e28d7","ModifiedBy":"579816e4-6653-4794-b435-a885f32e28d7","ApplicationName":1,"System":"","FacadeInclination":0,"OpeningType":1,"OpeningDirection":1,"OpeningWidth":1000,"VentOuterWidth":1230,"VentOuterHeight":1480,"VentWeight":70,"CalculateWeightWithGlass":false,"WeightIncGlassOrThickness":false,"GlassThickness":14,"ProfileWeightPerSerialMeter":2.5,"IsWindowOpeningCalculationByAngle":1,"RequiredOpeningStroke":400,"OpeningAngle":15,"WindLoad":120,"SnowLoad":0,"DrivePosition":2,"InstallationPosition":1,"ChainLengthConnectingRodHandle":5,"LockingMechanism":1,"Voltage":1,"DriveType":1,"TypeOfInstallation":2,"CalculationTypeForVentilation":1,"CalcVentilation":1,"GeometricArea":1,"SpecificExhaustDimension":30,"BuildingDepth":75,"RevealDepth":0,"RevealDepthRectangleAngle1":0,"RevealDepthRectangleAngle2":0,"HeightOfProfile":0,"HeightProfileRectangleAngle1":0,"HeightProfileRectangleAngle2":0,"AkippOrAtilt":0,"AdrehOrAturn":0,"Ageo":0,"MinPullingForceMax":0,"MinPushingForceMax":0,"MinPullingForcePermanent":0,"MinPushingForcePermanent":0,"ForceWithNegativeWind":0}

13:54:21.305 [main] DEBUG com.intuit.karate - response time in milliseconds: 569
1 < 200
1 < Content-Type: application/json; charset=utf-8
1 < Date: Thu, 05 Dec 2024 08:24:18 GMT
1 < Server: Microsoft-IIS/10.0
1 < X-Powered-By: ASP.NET
1 < Content-Length: 2031
1 < Connection: keep-alive
{
  "ProjectId": "2afcf090-6588-4022-aa5e-49fca51f940e",
  "Name": "Dataset0734",
  "Description": "Dataset0734",
  "CustomTags": "",
  "ApplicationName": 1,
  "OpeningType": 1,
  "OpeningDirection": 1,
  "CalculateWeightWithGlass": false,
  "WindLoad": 120,
  "IsWindowOpeningCalculationByAngle": 1,
  "VentOuterWidth": 1230,
  "VentOuterHeight": 1480,
  "WeightIncGlassOrThickness": false,
  "VentWeight": 77,
  "VentWeightExact": 77.26400000000001,
  "GlassThickness": 14,
  "ProfileWeightPerSerialMeter": 2.5,
  "FacadeInclination": 0,
  "ChainLengthConnectingRodHandle": 5,
  "ChainLenghtConnectingRodHandle": 0,
  "RequiredOpeningStroke": 400,
  "OpeningWidth": 1000,
  "OpeningAngle": 15.532868337024489,
  "SpecificExhaustDimension": 30,
  "BuildingDepth": 75,
  "SnowLoad": 0,
  "DistanceHinge": 0,
  "RatedCurrent": 0,
  "DrivePosition": 2,
  "LockingMechanism": 1,
  "Voltage": 1,
  "DriveType": 1,
  "TypeOfInstallation": 2,
  "GeometricArea": 0,
  "CalculationTypeForVentilation": 1,
  "HeightOfProfile": 0,
  "Reveal": 0,
  "RevealDepth": 0,
  "HeightProfileRectangleAngle1": 0,
  "HeightProfileRectangleAngle2": 0,
  "RevealDepthRectangleAngle1": 0,
  "RevealDepthRectangleAngle2": 0,
  "RevealDepthRectangleAngle12": 0,
  "InstallationPosition": 0,
  "RecommendedDriveArticleNo": 0,
  "System": "",
  "AkippOrAtilt": 1.084,
  "AdrehOrAturn": 1.8204,
  "Ageo": 1.084,
  "MinPullingForceMax": -206.4868442161654,
  "MinPushingForceMax": -206.4868442161654,
  "MinPullingForcePermanent": -104.11163259218097,
  "MinPushingForcePermanent": -104.11163259218097,
  "ForceWithNegativeWind": 109.53156767199486,
  "ForceWithNoWindMin": 0.30763693489047433,
  "ForceWithNegativeWindMin": 0,
  "ForceWithWindMin": -108.91629380221393,
  "Id": "3b364d15-1e7b-4261-9415-21de15f3da1d",
  "CreatedOn": "2024-12-05T08:24:18.8396639+00:00",
  "CreatedBy": "579816e4-6653-4794-b435-a885f32e28d7",
  "ModifiedOn": "2024-12-05T08:24:18.839665+00:00",
  "ModifiedBy": ""
}

13:54:21.306 [main] INFO  com.intuit.karate - Generated Config ID: 3b364d15-1e7b-4261-9415-21de15f3da1d 
13:54:21.306 [main] INFO  com.intuit.karate - Generated Name: Dataset0734 
13:54:21.306 [main] INFO  com.intuit.karate - Generated Description: Dataset0734 
13:54:21.312 [main] DEBUG com.intuit.karate - request:
1 > PUT https://dev-drivetec-apis.schuecodigitalsolutions.com/Configurations
1 > Content-Type: application/json; charset=UTF-8
1 > Content-Length: 1276
1 > Host: dev-drivetec-apis.schuecodigitalsolutions.com
1 > Connection: Keep-Alive
1 > User-Agent: Apache-HttpClient/4.5.14 (Java/17.0.12)
1 > Accept-Encoding: gzip,deflate
{"Id":"3b364d15-1e7b-4261-9415-21de15f3da1d","Name":"Dataset35","Description":"Dataset0734","ProjectId":"2afcf090-6588-4022-aa5e-49fca51f940e","CustomTags":"","CreatedBy":"579816e4-6653-4794-b435-a885f32e28d7","ModifiedBy":"579816e4-6653-4794-b435-a885f32e28d7","System":"","FacadeInclination":45,"OpeningType":5,"OpeningDirection":1,"OpeningWidth":1000,"VentOuterWidth":1230,"VentOuterHeight":1100,"VentWeight":0,"CalculateWeightWithGlass":false,"RequiredOpeningStroke":750,"WindLoad":120,"SnowLoad":2980,"IsWindowOpeningCalculationByAngle":1,"GlassThickness":14,"ProfileWeightPerSerialMeter":2.5,"DrivePosition":1,"InstallationPosition":0,"LockingMechanism":1,"Voltage":1,"DriveType":3,"TypeOfInstallation":2,"GeometricArea":0,"CalcVentilation":1,"SpecificExhaustDimension":30,"BuildingDepth":75,"CalculationTypeForVentilation":1,"HeightOfProfile":0,"HeightProfileRectangleAngle1":0,"HeightProfileRectangleAngle2":0,"RevealDepth":0,"RevealDepthRectangleAngle1":0,"RevealDepthRectangleAngle2":0,"ChainLengthConnectingRodHandle":1,"ApplicationName":2,"OpeningAngle":96,"WeightIncGlassOrThickness":false,"AkippOrAtilt":0,"AdrehOrAturn":0,"Ageo":0,"MinPullingForceMax":0,"MinPushingForceMax":0,"MinPullingForcePermanent":0,"MinPushingForcePermanent":0,"ForceWithNegativeWind":0}

13:54:21.979 [main] DEBUG com.intuit.karate - response time in milliseconds: 667
1 < 200
1 < Content-Type: application/json; charset=utf-8
1 < Date: Thu, 05 Dec 2024 08:24:19 GMT
1 < Server: Microsoft-IIS/10.0
1 < X-Powered-By: ASP.NET
1 < Content-Length: 2057
1 < Connection: keep-alive
{
  "ProjectId": "2afcf090-6588-4022-aa5e-49fca51f940e",
  "Name": "Dataset35",
  "Description": "Dataset0734",
  "CustomTags": "",
  "ApplicationName": 2,
  "OpeningType": 5,
  "OpeningDirection": 1,
  "CalculateWeightWithGlass": false,
  "WindLoad": 120,
  "IsWindowOpeningCalculationByAngle": 1,
  "VentOuterWidth": 1230,
  "VentOuterHeight": 1100,
  "WeightIncGlassOrThickness": false,
  "VentWeight": 59,
  "VentWeightExact": 59.005,
  "GlassThickness": 14,
  "ProfileWeightPerSerialMeter": 2.5,
  "FacadeInclination": 45,
  "ChainLengthConnectingRodHandle": 1,
  "ChainLenghtConnectingRodHandle": 0,
  "RequiredOpeningStroke": 750,
  "OpeningWidth": 1000,
  "OpeningAngle": 85.97177216038077,
  "SpecificExhaustDimension": 30,
  "BuildingDepth": 75,
  "SnowLoad": 2980,
  "DistanceHinge": 0,
  "RatedCurrent": 0,
  "DrivePosition": 1,
  "LockingMechanism": 1,
  "Voltage": 1,
  "DriveType": 3,
  "TypeOfInstallation": 2,
  "GeometricArea": 0,
  "CalculationTypeForVentilation": 1,
  "HeightOfProfile": 0,
  "Reveal": 0,
  "RevealDepth": 0,
  "HeightProfileRectangleAngle1": 0,
  "HeightProfileRectangleAngle2": 0,
  "RevealDepthRectangleAngle1": 0,
  "RevealDepthRectangleAngle2": 0,
  "RevealDepthRectangleAngle12": 0,
  "InstallationPosition": 0,
  "RecommendedDriveArticleNo": 0,
  "System": "",
  "AkippOrAtilt": 3.495,
  "AdrehOrAturn": 1.353,
  "Ageo": 1.353,
  "MinPullingForceMax": -1124.4851433017366,
  "MinPushingForceMax": 1598.8109485153172,
  "MinPullingForcePermanent": 417.3944482221063,
  "MinPushingForcePermanent": 417.3944482221063,
  "ForceWithNegativeWind": 1517.6955943176947,
  "ForceWithNoWindMin": -528.6388434191788,
  "ForceWithNegativeWindMin": -1377.7142270112577,
  "ForceWithWindMin": -1124.4851433017366,
  "Id": "3b364d15-1e7b-4261-9415-21de15f3da1d",
  "CreatedOn": "0001-01-01T00:00:00",
  "CreatedBy": "579816e4-6653-4794-b435-a885f32e28d7",
  "ModifiedOn": "2024-12-05T08:24:19.4814795+00:00",
  "ModifiedBy": "579816e4-6653-4794-b435-a885f32e28d7"
}

13:54:21.980 [main] INFO  com.intuit.karate - VentWeight from API Response: 59 
13:54:21.983 [main] INFO  com.intuit.karate - Rounded Opening Angle: 86.0 
13:54:21.983 [main] INFO  com.intuit.karate - Rounded Ageo: 1.35 
13:54:21.983 [main] INFO  com.intuit.karate - Rounded Required Opening Stroke: 750.0 
13:54:21.983 [main] INFO  com.intuit.karate - Rounded Vent Weight: 59.0 
13:54:21.986 [main] DEBUG com.intuit.karate - request:
2 > GET https://dev-drivetec-apis.schuecodigitalsolutions.com/Config/3b364d15-1e7b-4261-9415-21de15f3da1d/Drive
2 > Host: dev-drivetec-apis.schuecodigitalsolutions.com
2 > Connection: Keep-Alive
2 > User-Agent: Apache-HttpClient/4.5.14 (Java/17.0.12)
2 > Accept-Encoding: gzip,deflate


13:54:22.818 [main] DEBUG com.intuit.karate - response time in milliseconds: 831
2 < 200
2 < Content-Type: application/json; charset=utf-8
2 < Date: Thu, 05 Dec 2024 08:24:19 GMT
2 < Server: Microsoft-IIS/10.0
2 < X-Powered-By: ASP.NET
2 < transfer-encoding: chunked
2 < Connection: keep-alive
[
  {
    "Name": "Linear drive LDB16 L750",
    "Bezeichnung": "Linearantrieb LDB16 L750",
    "ConfigurationId": "00000000-0000-0000-0000-000000000000",
    "Description": "",
    "Application": "Roof",
    "ApplicationFacade": false,
    "ApplicationSkylight": true,
    "Type": 2,
    "OpeningType": 0,
    "BottomHungInward": false,
    "BottomHungOutward": true,
    "SideHungInward": false,
    "SideHungOutward": false,
    "TopHungInward": false,
    "TopHungOutward": true,
    "ProjectedTopHungInward": false,
    "ProjectedTopHungOutward": false,
    "InstallationType": "",
    "ITMainOutFrmMountWBracket": true,
    "ITMainFixOutFrmMount": false,
    "ITMainVentFrmMount": false,
    "ITSideMount50": true,
    "ITSideMount60": true,
    "ITSideMount70": true,
    "ITSideMount80": true,
    "ITSideMount67": false,
    "Feature": "",
    "FeatureOpenClose": true,
    "FeatureLock": true,
    "ArticleNumber": 291926,
    "Stroke": 750,
    "Angle": 0,
    "Voltage": "24 V DC",
    "Voltage24": true,
    "Voltage230": false,
    "RatedCurrent": 1,
    "BreakingCurrent": 1,
    "PullingForceMax": 1600,
    "PushingForceMax": 1600,
    "PullingForceMaxWithNegativeWind": 0,
    "PushingForceMaxWithNegativeWind": 0,
    "PushingForcePermanent": 1066.67,
    "PullingForcePermanent": 1066.67,
    "MinPullingForceMax": 0,
    "MinPushingForceMax": 1598.81,
    "MinPullingForcePermanent": 0,
    "MinPushingForcePermanent": 417.39,
    "Price": 927.66,
    "DriveLength": 0,
    "ChainDrive": 450,
    "ChainDrive2": 450,
    "MaxLengthMainClosingEdge1Drive": 2100,
    "MaxGeometricArea": 1,
    "GeometricalSmokeExhaustion": 0,
    "TotalGlassThickness": 14,
    "Dimensions": 0,
    "DimensionsWxHxD": "1073 x Ø36",
    "TensileForce": 0,
    "LockingForce": 0,
    "Details_DE": "<ul> <li>Bemessungsspannung: 24 V DC (19 V … 28 V)</li><li>Abschaltstrom: 1,2 A</li><li>Bemessungsstrom: 1,0 A</li><li>Bemessungsaufnahme: 24 W</li><li>Schutzart: IP 65</li> <li>Zug-/Schubkraft: max. 1600 N</li><li>Umgebungstemperatur: -5°C bis + 60°C</li><li>Anschlussleitung: Halogenfrei, grau 3 x 1mm², ~3m</li><li>Max. Geschwindigkeit: 4 mm/s</li></ul>",
    "Details_EN": "<ul> <li>Rated voltage: 24 V DC (19 V … 28 V)</li> <li>Breaking current: 1.2 A</li> <li>Rated current: 1.0 A</li> <li>Rated consumption: 24 W</li> <li>Protection rating: IP 65</li><li>Traction/ thrust: max. 1600N</li> <li>Ambient temperature: -5°C to + 60°C</li> <li>Connecting cable: halogen-free, grey 3 x 1mm², ~3m</li> <li>Max. speed: 4 mm/s</li> </ul>",
    "Einsatz": "<ul> <li>Anwendung: Lüftung, NRA</li><li>Integrierte intelligente Regelelektronik</li></ul>",
    "Use": "<ul> <li>Application: ventilation, natural smoke ventilation</li><li>Integrated intelligent control electronics</li></ul>",
    "Ausstattung": "<ul> <li>Robuste korrosionsbeständige Ausführung in eloxierten Aluminiumgehäuse</li><li>Montagefreundlich durch verstellbaren Klemmring</li><li>Spindel aus Edelstahl, kugelgelagert mit Endlagendämpfung</li><li>Mit Goretex Membrane</li></ul>",
    "Equipment": "<ul> <li>Robust, corrosion-resistant design in anodized casing</li><li>Easy installation thanks to adjustable clamping ring</li><li>Stainless steel spindle on ball bearings with end position cushioning</li><li>with Goretex membrane</li></ul>",
    "Optionen": "<ul> <li>Programmierung von Sonderfunktionen</li><li>Programmierbare Parameter der Regelelektronik</li><li>Schüco Kontroller zur automatischen Konfiguration von Synchronlauf und Folgesteuerungen mit Verriegelungsantrieb in Antriebs-Verbundsystem</li></ul>",
    "Options": "<ul> <li>Programming of special functions</li><li>Programmable parameters of intelligent control electronics</li><li>Schüco controller for automatic configuration of synchronous running and sequence control with locking drives in composite drive systems</li></ul>",
    "IsTwoPce": true,
    "ResultVentWeight": 59,
    "IsLsRsDrive": false,
    "ArticleNumberRs": 0,
    "TwoDrivesSideInstallation50": 1085,
    "TwoDrivesSideInstallation60": 900,
    "TwoDrivesSideInstallation70": 775,
    "TwoDrivesSideInstallation80": 675,
    "OpeningSpeedmms": 4,
    "Traction": 1067,
    "Thrust": 1600,
    "Id": "c66b3d72-f326-4f4a-80f5-9872d251f4b7",
    "CreatedOn": "2024-09-26T13:55:26.817Z",
    "CreatedBy": "",
    "ModifiedOn": "2024-09-26T13:55:26.817Z",
    "ModifiedBy": ""
  },
  {
    "Name": "Linear drive LDN8 L750",
    "Bezeichnung": "Linearantrieb LDN8 L750",
    "ConfigurationId": "00000000-0000-0000-0000-000000000000",
    "Description": "",
    "Application": "Roof",
    "ApplicationFacade": false,
    "ApplicationSkylight": true,
    "Type": 2,
    "OpeningType": 0,
    "BottomHungInward": false,
    "BottomHungOutward": true,
    "SideHungInward": false,
    "SideHungOutward": false,
    "TopHungInward": false,
    "TopHungOutward": true,
    "ProjectedTopHungInward": false,
    "ProjectedTopHungOutward": false,
    "InstallationType": "",
    "ITMainOutFrmMountWBracket": true,
    "ITMainFixOutFrmMount": false,
    "ITMainVentFrmMount": false,
    "ITSideMount50": true,
    "ITSideMount60": true,
    "ITSideMount70": true,
    "ITSideMount80": true,
    "ITSideMount67": false,
    "Feature": "",
    "FeatureOpenClose": true,
    "FeatureLock": true,
    "ArticleNumber": 291922,
    "Stroke": 750,
    "Angle": 0,
    "Voltage": "24 V DC",
    "Voltage24": true,
    "Voltage230": false,
    "RatedCurrent": 1,
    "BreakingCurrent": 1,
    "PullingForceMax": 800,
    "PushingForceMax": 800,
    "PullingForceMaxWithNegativeWind": 0,
    "PushingForceMaxWithNegativeWind": 0,
    "PushingForcePermanent": 533.33,
    "PullingForcePermanent": 533.33,
    "MinPullingForceMax": 0,
    "MinPushingForceMax": 1598.81,
    "MinPullingForcePermanent": 0,
    "MinPushingForcePermanent": 417.39,
    "Price": 953.96,
    "DriveLength": 0,
    "ChainDrive": 450,
    "ChainDrive2": 450,
    "MaxLengthMainClosingEdge1Drive": 2100,
    "MaxGeometricArea": 1,
    "GeometricalSmokeExhaustion": 0,
    "TotalGlassThickness": 14,
    "Dimensions": 0,
    "DimensionsWxHxD": "1073 x Ø36",
    "TensileForce": 0,
    "LockingForce": 0,
    "Details_DE": "<ul> <li>Bemessungsspannung: 24 V DC (19 V … 28 V)</li><li>Abschaltstrom: 1,4 A</li><li>Bemessungsstrom: 1,0 A</li><li>Bemessungsaufnahme: 24 W</li><li>Schutzart: IP 65</li> <li>Zug-/Schubkraft: max. 800 N</li><li>Umgebungstemperatur: -5°C bis + 60°C</li><li>Anschlussleitung: Halogenfrei, grau 3 x 1mm², ~3m</li><li>Max. Geschwindigkeit: 10 mm/s</li></ul>",
    "Details_EN": "<ul> <li>Rated voltage: 24 V DC (19 V … 28 V)</li> <li>Breaking current: 1.4 A</li> <li>Rated current: 1.0 A</li> <li>Rated consumption: 24 W</li> <li>Protection rating: IP 65</li><li>Traction/ thrust: max. 800 N</li> <li>Ambient temperature: -5°C to + 60°C</li> <li>Connecting cable: halogen-free, grey 3 x 1mm², ~3m</li> <li>Max. speed: 10 mm/s</li> </ul>",
    "Einsatz": "<ul> <li>Anwendung: Lüftung, NRA</li><li>Integrierte intelligente Regelelektronik</li></ul>",
    "Use": "<ul> <li>Application: ventilation, natural smoke ventilation</li><li>Integrated intelligent control electronics</li></ul>",
    "Ausstattung": "<ul> <li>Robuste korrosionsbeständige Ausführung in eloxierten Aluminiumgehäuse</li><li>Montagefreundlich durch verstellbaren Klemmring</li><li>Spindel aus Edelstahl, kugelgelagert mit Endlagendämpfung</li><li>Mit Goretex Membrane</li></ul>",
    "Equipment": "<ul> <li>Robust, corrosion-resistant design in anodized casing</li><li>Easy installation thanks to adjustable clamping ring</li><li>Stainless steel spindle on ball bearings with end position cushioning</li><li>with Goretex membrane</li></ul>",
    "Optionen": "<ul> <li>Programmierung von Sonderfunktionen</li><li>Programmierbare Parameter der Regelelektronik</li><li>Schüco Kontroller zur automatischen Konfiguration von Synchronlauf und Folgesteuerungen mit Verriegelungsantrieb in Antriebs-Verbundsystem</li></ul>",
    "Options": "<ul> <li>Programming of special functions</li><li>Programmable parameters of intelligent control electronics</li><li>Schüco controller for automatic configuration of synchronous running and sequence control with locking drives in composite drive systems</li></ul>",
    "IsTwoPce": true,
    "ResultVentWeight": 59,
    "IsLsRsDrive": false,
    "ArticleNumberRs": 0,
    "TwoDrivesSideInstallation50": 1085,
    "TwoDrivesSideInstallation60": 900,
    "TwoDrivesSideInstallation70": 775,
    "TwoDrivesSideInstallation80": 675,
    "OpeningSpeedmms": 10,
    "Traction": 533,
    "Thrust": 800,
    "Id": "6c6bda97-d502-44bf-ad5c-2a71ddaeda54",
    "CreatedOn": "2024-09-26T13:55:26.817Z",
    "CreatedBy": "",
    "ModifiedOn": "2024-09-26T13:55:26.817Z",
    "ModifiedBy": ""
  },
  {
    "Name": "Linear drive LDN10 L750",
    "Bezeichnung": "Linearantrieb LDN10 L750",
    "ConfigurationId": "00000000-0000-0000-0000-000000000000",
    "Description": "",
    "Application": "Roof",
    "ApplicationFacade": false,
    "ApplicationSkylight": true,
    "Type": 2,
    "OpeningType": 0,
    "BottomHungInward": false,
    "BottomHungOutward": true,
    "SideHungInward": false,
    "SideHungOutward": false,
    "TopHungInward": false,
    "TopHungOutward": true,
    "ProjectedTopHungInward": false,
    "ProjectedTopHungOutward": false,
    "InstallationType": "",
    "ITMainOutFrmMountWBracket": true,
    "ITMainFixOutFrmMount": false,
    "ITMainVentFrmMount": false,
    "ITSideMount50": true,
    "ITSideMount60": true,
    "ITSideMount70": true,
    "ITSideMount80": true,
    "ITSideMount67": false,
    "Feature": "",
    "FeatureOpenClose": true,
    "FeatureLock": true,
    "ArticleNumber": 291930,
    "Stroke": 750,
    "Angle": 0,
    "Voltage": "24 V DC",
    "Voltage24": true,
    "Voltage230": false,
    "RatedCurrent": 2,
    "BreakingCurrent": 2,
    "PullingForceMax": 1000,
    "PushingForceMax": 1000,
    "PullingForceMaxWithNegativeWind": 0,
    "PushingForceMaxWithNegativeWind": 0,
    "PushingForcePermanent": 666.67,
    "PullingForcePermanent": 666.67,
    "MinPullingForceMax": 0,
    "MinPushingForceMax": 1598.81,
    "MinPullingForcePermanent": 0,
    "MinPushingForcePermanent": 417.39,
    "Price": 1235.28,
    "DriveLength": 0,
    "ChainDrive": 450,
    "ChainDrive2": 450,
    "MaxLengthMainClosingEdge1Drive": 2100,
    "MaxGeometricArea": 1,
    "GeometricalSmokeExhaustion": 0,
    "TotalGlassThickness": 14,
    "Dimensions": 0,
    "DimensionsWxHxD": "1073 x Ø36",
    "TensileForce": 0,
    "LockingForce": 0,
    "Details_DE": "<ul> <li>Bemessungsspannung: 24 V DC (19 V … 28 V)</li><li>Abschaltstrom: 2,5 A</li><li>Bemessungsstrom: 1,9 A</li><li>Bemessungsaufnahme: 45 W</li><li>Schutzart: IP 65</li> <li>Zug-/Schubkraft: max. 1000 N</li><li>Umgebungstemperatur: -5°C bis + 60°C</li><li>Anschlussleitung: Halogenfrei, grau 3 x 1mm², ~3m</li><li>Max. Geschwindigkeit: 12,6 mm/s</li></ul>",
    "Details_EN": "<ul> <li>Rated voltage: 24 V DC (19 V … 28 V)</li> <li>Breaking current: 2.5 A</li> <li>Rated current: 1.9 A</li> <li>Rated consumption: 45 W</li> <li>Protection rating: IP 65</li><li>Traction/ thrust: max. 1000N</li> <li>Ambient temperature: -5°C to + 60°C</li> <li>Connecting cable: halogen-free, grey 3 x 1mm², ~3m</li> <li>Max. speed: 12.6 mm/s</li> </ul>",
    "Einsatz": "<ul> <li>Anwendung: Lüftung, NRA</li><li>Integrierte intelligente Regelelektronik</li></ul>",
    "Use": "<ul> <li>Application: ventilation, natural smoke ventilation</li><li>Integrated intelligent control electronics</li></ul>",
    "Ausstattung": "<ul> <li>Robuste korrosionsbeständige Ausführung in eloxierten Aluminiumgehäuse</li><li>Montagefreundlich durch verstellbaren Klemmring</li><li>Spindel aus Edelstahl, kugelgelagert mit Endlagendämpfung</li><li>Mit Goretex Membrane</li></ul>",
    "Equipment": "<ul> <li>Robust, corrosion-resistant design in anodized casing</li><li>Easy installation thanks to adjustable clamping ring</li><li>Stainless steel spindle on ball bearings with end position cushioning</li><li>with Goretex membrane</li></ul>",
    "Optionen": "<ul> <li>Programmierung von Sonderfunktionen</li><li>Programmierbare Parameter der Regelelektronik</li><li>Schüco Kontroller zur automatischen Konfiguration von Synchronlauf und Folgesteuerungen mit Verriegelungsantrieb in Antriebs-Verbundsystem</li></ul>",
    "Options": "<ul> <li>Programming of special functions</li><li>Programmable parameters of intelligent control electronics</li><li>Schüco controller for automatic configuration of synchronous running and sequence control with locking drives in composite drive systems</li></ul>",
    "IsTwoPce": true,
    "ResultVentWeight": 59,
    "IsLsRsDrive": false,
    "ArticleNumberRs": 0,
    "TwoDrivesSideInstallation50": 1085,
    "TwoDrivesSideInstallation60": 900,
    "TwoDrivesSideInstallation70": 775,
    "TwoDrivesSideInstallation80": 675,
    "OpeningSpeedmms": 13,
    "Traction": 667,
    "Thrust": 1000,
    "Id": "8d69273f-9ee9-45e2-9648-5a265a72fa3e",
    "CreatedOn": "2024-09-26T13:55:26.817Z",
    "CreatedBy": "",
    "ModifiedOn": "2024-09-26T13:55:26.817Z",
    "ModifiedBy": ""
  },
  {
    "Name": "Linear drive LDH15 L750",
    "Bezeichnung": "Linearantrieb LDH15 L750",
    "ConfigurationId": "00000000-0000-0000-0000-000000000000",
    "Description": "",
    "Application": "Roof",
    "ApplicationFacade": false,
    "ApplicationSkylight": true,
    "Type": 2,
    "OpeningType": 0,
    "BottomHungInward": false,
    "BottomHungOutward": true,
    "SideHungInward": false,
    "SideHungOutward": false,
    "TopHungInward": false,
    "TopHungOutward": true,
    "ProjectedTopHungInward": false,
    "ProjectedTopHungOutward": false,
    "InstallationType": "",
    "ITMainOutFrmMountWBracket": true,
    "ITMainFixOutFrmMount": false,
    "ITMainVentFrmMount": false,
    "ITSideMount50": true,
    "ITSideMount60": true,
    "ITSideMount70": true,
    "ITSideMount80": true,
    "ITSideMount67": false,
    "Feature": "",
    "FeatureOpenClose": true,
    "FeatureLock": true,
    "ArticleNumber": 291941,
    "Stroke": 750,
    "Angle": 0,
    "Voltage": "24 V DC",
    "Voltage24": true,
    "Voltage230": false,
    "RatedCurrent": 3,
    "BreakingCurrent": 4,
    "PullingForceMax": 1500,
    "PushingForceMax": 1500,
    "PullingForceMaxWithNegativeWind": 0,
    "PushingForceMaxWithNegativeWind": 0,
    "PushingForcePermanent": 1000,
    "PullingForcePermanent": 1000,
    "MinPullingForceMax": 0,
    "MinPushingForceMax": 1598.81,
    "MinPullingForcePermanent": 0,
    "MinPushingForcePermanent": 417.39,
    "Price": 1649.12,
    "DriveLength": 0,
    "ChainDrive": 450,
    "ChainDrive2": 450,
    "MaxLengthMainClosingEdge1Drive": 2100,
    "MaxGeometricArea": 1,
    "GeometricalSmokeExhaustion": 0,
    "TotalGlassThickness": 14,
    "Dimensions": 0,
    "DimensionsWxHxD": "1191 x Ø50",
    "TensileForce": 0,
    "LockingForce": 0,
    "Details_DE": "<ul> <li>Bemessungsspannung: 24 V DC (19 V … 28 V)</li><li>Abschaltstrom: 4,0 A</li><li>Bemessungsstrom: 3,0 A</li><li>Bemessungsaufnahme: 72 W</li><li>Schutzart: IP 54</li> <li>Zug-/Schubkraft: max. 1500 N</li><li>Umgebungstemperatur: -5°C bis + 60°C</li><li>Anschlussleitung: Halogenfrei, grau 3 x 1mm², ~3m</li><li>Max. Geschwindigkeit: 16 mm/s</li></ul>",
    "Details_EN": "<ul> <li>Rated voltage: 24 V DC (19 V … 28 V)</li> <li>Breaking current: 4.0 A</li> <li>Rated current: 3.0 A</li> <li>Rated consumption: 72 W</li> <li>Protection rating: IP 54</li><li>Traction/ thrust: max. 1500N</li> <li>Ambient temperature: -5°C to + 60°C</li> <li>Connecting cable: halogen-free, grey 3 x 1mm², ~3m</li> <li>Max. speed: 16 mm/s</li> </ul>",
    "Einsatz": "<ul> <li>Anwendung: Lüftung, NRA</li><li>Integrierte intelligente Regelelektronik</li></ul>",
    "Use": "<ul> <li>Application: ventilation, natural smoke ventilation</li><li>Integrated intelligent control electronics</li></ul>",
    "Ausstattung": "<ul> <li>Robuste korrosionsbeständige Ausführung in eloxierten Aluminiumgehäuse</li><li>Montagefreundlich durch verstellbaren Klemmring</li><li>Spindel aus Edelstahl, kugelgelagert mit Endlagendämpfung</li><li>Mit Goretex Membrane</li></ul>",
    "Equipment": "<ul> <li>Robust, corrosion-resistant design in anodized casing</li><li>Easy installation thanks to adjustable clamping ring</li><li>Stainless steel spindle on ball bearings with end position cushioning</li><li>with Goretex membrane</li></ul>",
    "Optionen": "<ul> <li>Programmierung von Sonderfunktionen</li><li>Programmierbare Parameter der Regelelektronik</li><li>Schüco Kontroller zur automatischen Konfiguration von Synchronlauf und Folgesteuerungen mit Verriegelungsantrieb in Antriebs-Verbundsystem</li></ul>",
    "Options": "<ul> <li>Programming of special functions</li><li>Programmable parameters of intelligent control electronics</li><li>Schüco controller for automatic configuration of synchronous running and sequence control with locking drives in composite drive systems</li></ul>",
    "IsTwoPce": true,
    "ResultVentWeight": 59,
    "IsLsRsDrive": false,
    "ArticleNumberRs": 0,
    "TwoDrivesSideInstallation50": 1085,
    "TwoDrivesSideInstallation60": 900,
    "TwoDrivesSideInstallation70": 775,
    "TwoDrivesSideInstallation80": 675,
    "OpeningSpeedmms": 16,
    "Traction": 1000,
    "Thrust": 1500,
    "Id": "ee912a2e-eab8-4135-8a51-79caa8b40493",
    "CreatedOn": "2024-09-26T13:55:26.818Z",
    "CreatedBy": "",
    "ModifiedOn": "2024-09-26T13:55:26.818Z",
    "ModifiedBy": ""
  },
  {
    "Name": "Locking actuator roof",
    "Bezeichnung": "Verr.antrieb Dachf 600N",
    "ConfigurationId": "00000000-0000-0000-0000-000000000000",
    "Description": "",
    "Application": "",
    "ApplicationFacade": false,
    "ApplicationSkylight": true,
    "Type": 5,
    "OpeningType": 0,
    "BottomHungInward": false,
    "BottomHungOutward": true,
    "SideHungInward": false,
    "SideHungOutward": false,
    "TopHungInward": false,
    "TopHungOutward": true,
    "ProjectedTopHungInward": false,
    "ProjectedTopHungOutward": false,
    "InstallationType": "",
    "ITMainOutFrmMountWBracket": true,
    "ITMainFixOutFrmMount": false,
    "ITMainVentFrmMount": false,
    "ITSideMount50": true,
    "ITSideMount60": true,
    "ITSideMount70": true,
    "ITSideMount80": true,
    "ITSideMount67": false,
    "Feature": "",
    "FeatureOpenClose": true,
    "FeatureLock": false,
    "ArticleNumber": 291954,
    "Stroke": 0,
    "Angle": 0,
    "Voltage": null,
    "Voltage24": true,
    "Voltage230": false,
    "RatedCurrent": 0,
    "BreakingCurrent": 0,
    "PullingForceMax": 0,
    "PushingForceMax": 0,
    "PullingForceMaxWithNegativeWind": 0,
    "PushingForceMaxWithNegativeWind": 0,
    "PushingForcePermanent": 0,
    "PullingForcePermanent": 0,
    "MinPullingForceMax": 0,
    "MinPushingForceMax": 0,
    "MinPullingForcePermanent": 0,
    "MinPushingForcePermanent": 0,
    "Price": 225.16,
    "DriveLength": 0,
    "ChainDrive": 0,
    "ChainDrive2": 0,
    "MaxLengthMainClosingEdge1Drive": 0,
    "MaxGeometricArea": 0,
    "GeometricalSmokeExhaustion": 0,
    "TotalGlassThickness": 0,
    "Dimensions": 0,
    "DimensionsWxHxD": "415 x 26 x 26",
    "TensileForce": 0,
    "LockingForce": 0,
    "Details_DE": "<ul> <li>Bemessungsspannung: 24 V DC (19 V … 28 V)</li> <li>Abschaltstrom: ~1,0 A</li> <li>Bemessungsstrom: 0,6 A</li> <li>Bemessungsaufnahme: 15 W</li> <li>Schutzart: IP 32</li><li>Zug-/Schubkraft: max. 600 N</li> <li>Umgebungstemperatur: -5°C bis + 60°C</li> <li>Anschlussleitung: Halogenfrei, grau 3x 0,5mm², ~3m</li> <li>Laufzeit: ~ 5s</li><li>Hub: ~ 18mm</li> </ul>",
    "Details_EN": "<ul> <li>Rated voltage : 24 V DC (19 V … 28 V</li> <li>Breaking current : ~1,0 A</li> <li>Rated current : 0,6 A</li> <li>Rated consumption : 15 W</li> <li>Protection rating : IP 32</li><li>Traction/ thrust : max. 600 N</li> <li>Ambient temperature: -5°C bis + 60°C</li> <li>Connecting cable: halogen-free, grey 3 x 0,5mm², ~3m</li> <li>Running time: ~ 5s</li><li>Stroke: ~ 18mm</li> </ul>",
    "Einsatz": "<ul> <li>Anwendung: Lüftung, NRA</li><li>Integrierte intelligente Regelelektronik</li></ul>",
    "Use": "<ul> <li>Application: ventilation, natural smoke ventilation</li> <li>Integrated intelligent control electronics</li></ul>",
    "Ausstattung": "<ul><li>Laufrichtung einstellbar</li></ul>",
    "Equipment": "<ul><li>Running direction adjustable</li></ul>",
    "Optionen": "<ul> <li>Mitnehmer objekt-/profilspezifisch anpassbar</li></ul>",
    "Options": "<ul> <li>Coupling adapter customizable for project-/profile-specific demands</li></ul>",
    "IsTwoPce": false,
    "ResultVentWeight": 0,
    "IsLsRsDrive": false,
    "ArticleNumberRs": 0,
    "TwoDrivesSideInstallation50": 0,
    "TwoDrivesSideInstallation60": 0,
    "TwoDrivesSideInstallation70": 0,
    "TwoDrivesSideInstallation80": 0,
    "OpeningSpeedmms": 0,
    "Traction": 0,
    "Thrust": 0,
    "Id": "2b6ffe33-0cb6-494e-a561-679dc2adeb63",
    "CreatedOn": "2024-09-26T13:55:26.817Z",
    "CreatedBy": "",
    "ModifiedOn": "2024-09-26T13:55:26.817Z",
    "ModifiedBy": ""
  }
]

13:54:22.822 [main] INFO  com.intuit.karate - Expected RecommDrive: Linear drive LDB16 L750,Linear drive LDN8 L750,Linear drive LDN10 L750,Linear drive LDH15 L750,Locking actuator roof 
13:54:22.822 [main] INFO  com.intuit.karate - Actual RecommDrive: Linear drive LDB16 L750, Linear drive LDN8 L750, Linear drive LDN10 L750, Linear drive LDH15 L750, Locking actuator roof 
13:54:22.822 [main] INFO  com.intuit.karate - Normalized Actual RecommDrive: Linear drive LDB16 L750,Linear drive LDN8 L750,Linear drive LDN10 L750,Linear drive LDH15 L750,Locking actuator roof 
13:54:22.822 [main] INFO  com.intuit.karate - Normalized Expected RecommDrive: Linear drive LDB16 L750,Linear drive LDN8 L750,Linear drive LDN10 L750,Linear drive LDH15 L750,Locking actuator roof 
13:54:22.823 [main] INFO  com.intuit.karate - All Drive IDs: [
  "c66b3d72-f326-4f4a-80f5-9872d251f4b7",
  "6c6bda97-d502-44bf-ad5c-2a71ddaeda54",
  "8d69273f-9ee9-45e2-9648-5a265a72fa3e",
  "ee912a2e-eab8-4135-8a51-79caa8b40493",
  "2b6ffe33-0cb6-494e-a561-679dc2adeb63"
]
 
13:54:22.823 [main] INFO  com.intuit.karate - First Drive ID: c66b3d72-f326-4f4a-80f5-9872d251f4b7 
13:54:22.824 [main] DEBUG com.intuit.karate - request:
3 > POST https://dev-drivetec-apis.schuecodigitalsolutions.com/api/Drives/DownloadPDFNew/Schuco
3 > Content-Type: application/json; charset=UTF-8
3 > Content-Length: 1194
3 > Host: dev-drivetec-apis.schuecodigitalsolutions.com
3 > Connection: Keep-Alive
3 > User-Agent: Apache-HttpClient/4.5.14 (Java/17.0.12)
3 > Accept-Encoding: gzip,deflate
[{"Id":"configId","Header":"configId","Value":"3b364d15-1e7b-4261-9415-21de15f3da1d"},{"Id":"driveId","Header":"driveId","Value":"c66b3d72-f326-4f4a-80f5-9872d251f4b7"},{"Id":"culture","Header":"culture","Value":"EN-US"},{"Id":"projectId","Header":"projectId","Value":"2afcf090-6588-4022-aa5e-49fca51f940e"},{"Id":"range-of-app","Header":"Range of application","Value":"Façade"},{"Id":"opening-type","Header":"Opening type","Value":"Bottom-hung vent"},{"Id":"opening-direction","Header":"Opening direction","Value":"Inward"},{"Id":"how-calc-weight","Header":"Vent weight","Value":"Weight including glass"},{"Id":"Chain-Length","Header":"Chain- \/ connecting rod handle","Value":"100%"},{"Id":"drive-position","Header":"Drive position","Value":"Side installation"},{"Id":"locking-mechanism","Header":"Locking mechanism","Value":"With"},{"Id":"voltage","Header":"Voltage","Value":"24 V"},{"Id":"drive-type","Header":"Drive type","Value":"Chain drive"},{"Id":"type-installation","Header":"Type of installation","Value":"Pivoting Outer Frame Installation"},{"Id":"calculation-type-for-ventilation-area","Header":"Calculation type for ventilation area","Value":"Method in accordance with ASR 3.6"}]

13:54:24.332 [main] DEBUG com.intuit.karate - response time in milliseconds: 1506
3 < 200
3 < Content-Type: application/json; charset=utf-8
3 < Date: Thu, 05 Dec 2024 08:24:21 GMT
3 < Server: Microsoft-IIS/10.0
3 < X-Powered-By: ASP.NET
3 < Content-Length: 280
3 < Connection: keep-alive
{
  "result": "https://drive-tec-dev.s3.amazonaws.com/AUT_TPJ33518-Linear_drive_LDB16_L750.pdf?AWSAccessKeyId=AKIAZAWIART4ZFAXXPHK&Expires=1733390662&response-content-disposition=attachment%3B&response-content-type=application%2Fpdf&Signature=iLIjlnTUQDls8%2BN07DEiBKzmk8c%3D"
}

13:54:24.333 [main] INFO  com.intuit.karate - Download URL for first driveId: https://drive-tec-dev.s3.amazonaws.com/AUT_TPJ33518-Linear_drive_LDB16_L750.pdf?AWSAccessKeyId=AKIAZAWIART4ZFAXXPHK&Expires=1733390662&response-content-disposition=attachment%3B&response-content-type=application%2Fpdf&Signature=iLIjlnTUQDls8%2BN07DEiBKzmk8c%3D 
13:54:24.339 [main] INFO  com.intuit.karate - karate.env system property was: null 
13:54:24.341 [main] INFO  com.intuit.karate - Running test for dataset:  Dataset36 
13:54:24.349 [main] INFO  com.intuit.karate - Using ProjectId:  {
  "result": {
    "projectId": "prjId"
  },
  "projectPayload": {
    "Id": "579816e4-6653-4794-b435-a885f32e28d7",
    "Name": "AUT_TPJ33518",
    "Address": "Hyderabad, Telangana, India",
    "Description": "",
    "CreatedBy": "579816e4-6653-4794-b435-a885f32e28d7",
    "ModifiedBy": "579816e4-6653-4794-b435-a885f32e28d7"
  },
  "uniqueName": "AUT_TPJ33518",
  "responseHeaders": {
    "Content-Type": [
      "application/json; charset=utf-8"
    ],
    "Date": [
      "Thu, 05 Dec 2024 08:22:12 GMT"
    ],
    "Server": [
      "Microsoft-IIS/10.0"
    ],
    "X-Powered-By": [
      "ASP.NET"
    ],
    "transfer-encoding": [
      "chunked"
    ],
    "Connection": [
      "keep-alive"
    ],
    "Set-Cookie": [
    ]
  },
  "responseTime": 841,
  "response": {
    "Name": "AUT_TPJ33518",
    "Description": "",
    "Address": "Hyderabad, Telangana, India",
    "Id": "2afcf090-6588-4022-aa5e-49fca51f940e",
    "CreatedOn": "2024-12-05T08:22:11.998251+00:00",
    "CreatedBy": "579816e4-6653-4794-b435-a885f32e28d7",
    "ModifiedOn": "2024-12-05T08:22:11.9982526+00:00",
    "ModifiedBy": ""
  },
  "responseStatus": 200,
  "prjId": "2afcf090-6588-4022-aa5e-49fca51f940e",
  "projectId": "2afcf090-6588-4022-aa5e-49fca51f940e"
}
 
13:54:24.355 [main] DEBUG com.intuit.karate - request:
1 > POST https://dev-drivetec-apis.schuecodigitalsolutions.com/Configurations
1 > Content-Type: application/json; charset=UTF-8
1 > Content-Length: 1275
1 > Host: dev-drivetec-apis.schuecodigitalsolutions.com
1 > Connection: Keep-Alive
1 > User-Agent: Apache-HttpClient/4.5.14 (Java/17.0.12)
1 > Accept-Encoding: gzip,deflate
{"Id":"00000000-0000-0000-0000-000000000000","ProjectId":"2afcf090-6588-4022-aa5e-49fca51f940e","Name":"Dataset4352","Description":"Dataset4352","CustomTags":"","CreatedBy":"579816e4-6653-4794-b435-a885f32e28d7","ModifiedBy":"579816e4-6653-4794-b435-a885f32e28d7","ApplicationName":1,"System":"","FacadeInclination":0,"OpeningType":1,"OpeningDirection":1,"OpeningWidth":1000,"VentOuterWidth":1230,"VentOuterHeight":1480,"VentWeight":70,"CalculateWeightWithGlass":false,"WeightIncGlassOrThickness":false,"GlassThickness":14,"ProfileWeightPerSerialMeter":2.5,"IsWindowOpeningCalculationByAngle":1,"RequiredOpeningStroke":400,"OpeningAngle":15,"WindLoad":120,"SnowLoad":0,"DrivePosition":2,"InstallationPosition":1,"ChainLengthConnectingRodHandle":5,"LockingMechanism":1,"Voltage":1,"DriveType":1,"TypeOfInstallation":2,"CalculationTypeForVentilation":1,"CalcVentilation":1,"GeometricArea":1,"SpecificExhaustDimension":30,"BuildingDepth":75,"RevealDepth":0,"RevealDepthRectangleAngle1":0,"RevealDepthRectangleAngle2":0,"HeightOfProfile":0,"HeightProfileRectangleAngle1":0,"HeightProfileRectangleAngle2":0,"AkippOrAtilt":0,"AdrehOrAturn":0,"Ageo":0,"MinPullingForceMax":0,"MinPushingForceMax":0,"MinPullingForcePermanent":0,"MinPushingForcePermanent":0,"ForceWithNegativeWind":0}

13:54:25.022 [main] DEBUG com.intuit.karate - response time in milliseconds: 666
1 < 200
1 < Content-Type: application/json; charset=utf-8
1 < Date: Thu, 05 Dec 2024 08:24:21 GMT
1 < Server: Microsoft-IIS/10.0
1 < X-Powered-By: ASP.NET
1 < Content-Length: 2032
1 < Connection: keep-alive
{
  "ProjectId": "2afcf090-6588-4022-aa5e-49fca51f940e",
  "Name": "Dataset4352",
  "Description": "Dataset4352",
  "CustomTags": "",
  "ApplicationName": 1,
  "OpeningType": 1,
  "OpeningDirection": 1,
  "CalculateWeightWithGlass": false,
  "WindLoad": 120,
  "IsWindowOpeningCalculationByAngle": 1,
  "VentOuterWidth": 1230,
  "VentOuterHeight": 1480,
  "WeightIncGlassOrThickness": false,
  "VentWeight": 77,
  "VentWeightExact": 77.26400000000001,
  "GlassThickness": 14,
  "ProfileWeightPerSerialMeter": 2.5,
  "FacadeInclination": 0,
  "ChainLengthConnectingRodHandle": 5,
  "ChainLenghtConnectingRodHandle": 0,
  "RequiredOpeningStroke": 400,
  "OpeningWidth": 1000,
  "OpeningAngle": 15.532868337024489,
  "SpecificExhaustDimension": 30,
  "BuildingDepth": 75,
  "SnowLoad": 0,
  "DistanceHinge": 0,
  "RatedCurrent": 0,
  "DrivePosition": 2,
  "LockingMechanism": 1,
  "Voltage": 1,
  "DriveType": 1,
  "TypeOfInstallation": 2,
  "GeometricArea": 0,
  "CalculationTypeForVentilation": 1,
  "HeightOfProfile": 0,
  "Reveal": 0,
  "RevealDepth": 0,
  "HeightProfileRectangleAngle1": 0,
  "HeightProfileRectangleAngle2": 0,
  "RevealDepthRectangleAngle1": 0,
  "RevealDepthRectangleAngle2": 0,
  "RevealDepthRectangleAngle12": 0,
  "InstallationPosition": 0,
  "RecommendedDriveArticleNo": 0,
  "System": "",
  "AkippOrAtilt": 1.084,
  "AdrehOrAturn": 1.8204,
  "Ageo": 1.084,
  "MinPullingForceMax": -206.4868442161654,
  "MinPushingForceMax": -206.4868442161654,
  "MinPullingForcePermanent": -104.11163259218097,
  "MinPushingForcePermanent": -104.11163259218097,
  "ForceWithNegativeWind": 109.53156767199486,
  "ForceWithNoWindMin": 0.30763693489047433,
  "ForceWithNegativeWindMin": 0,
  "ForceWithWindMin": -108.91629380221393,
  "Id": "b53f7344-c23c-463c-9ad4-e010b627e71a",
  "CreatedOn": "2024-12-05T08:24:22.5399492+00:00",
  "CreatedBy": "579816e4-6653-4794-b435-a885f32e28d7",
  "ModifiedOn": "2024-12-05T08:24:22.5399505+00:00",
  "ModifiedBy": ""
}

13:54:25.025 [main] INFO  com.intuit.karate - Generated Config ID: b53f7344-c23c-463c-9ad4-e010b627e71a 
13:54:25.026 [main] INFO  com.intuit.karate - Generated Name: Dataset4352 
13:54:25.026 [main] INFO  com.intuit.karate - Generated Description: Dataset4352 
13:54:25.033 [main] DEBUG com.intuit.karate - request:
1 > PUT https://dev-drivetec-apis.schuecodigitalsolutions.com/Configurations
1 > Content-Type: application/json; charset=UTF-8
1 > Content-Length: 1279
1 > Host: dev-drivetec-apis.schuecodigitalsolutions.com
1 > Connection: Keep-Alive
1 > User-Agent: Apache-HttpClient/4.5.14 (Java/17.0.12)
1 > Accept-Encoding: gzip,deflate
{"Id":"b53f7344-c23c-463c-9ad4-e010b627e71a","Name":"Dataset36","Description":"Dataset4352","ProjectId":"2afcf090-6588-4022-aa5e-49fca51f940e","CustomTags":"","CreatedBy":"579816e4-6653-4794-b435-a885f32e28d7","ModifiedBy":"579816e4-6653-4794-b435-a885f32e28d7","System":"","FacadeInclination":10,"OpeningType":2,"OpeningDirection":2,"OpeningWidth":1000,"VentOuterWidth":1651,"VentOuterHeight":1480,"VentWeight":0,"CalculateWeightWithGlass":false,"RequiredOpeningStroke":400,"WindLoad":120,"SnowLoad":0,"IsWindowOpeningCalculationByAngle":1,"GlassThickness":14,"ProfileWeightPerSerialMeter":2.5,"DrivePosition":1,"InstallationPosition":0,"LockingMechanism":1,"Voltage":1,"DriveType":1,"TypeOfInstallation":2,"GeometricArea":0,"CalcVentilation":2,"SpecificExhaustDimension":30,"BuildingDepth":60,"CalculationTypeForVentilation":2,"HeightOfProfile":0,"HeightProfileRectangleAngle1":75,"HeightProfileRectangleAngle2":200,"RevealDepth":0,"RevealDepthRectangleAngle1":50,"RevealDepthRectangleAngle2":100,"ChainLengthConnectingRodHandle":5,"ApplicationName":1,"OpeningAngle":96,"WeightIncGlassOrThickness":false,"AkippOrAtilt":0,"AdrehOrAturn":0,"Ageo":0,"MinPullingForceMax":0,"MinPushingForceMax":0,"MinPullingForcePermanent":0,"MinPushingForcePermanent":0,"ForceWithNegativeWind":0}

13:54:25.689 [main] DEBUG com.intuit.karate - response time in milliseconds: 655
1 < 200
1 < Content-Type: application/json; charset=utf-8
1 < Date: Thu, 05 Dec 2024 08:24:23 GMT
1 < Server: Microsoft-IIS/10.0
1 < X-Powered-By: ASP.NET
1 < Content-Length: 2076
1 < Connection: keep-alive
{
  "ProjectId": "2afcf090-6588-4022-aa5e-49fca51f940e",
  "Name": "Dataset36",
  "Description": "Dataset4352",
  "CustomTags": "",
  "ApplicationName": 1,
  "OpeningType": 2,
  "OpeningDirection": 2,
  "CalculateWeightWithGlass": false,
  "WindLoad": 120,
  "IsWindowOpeningCalculationByAngle": 1,
  "VentOuterWidth": 1651,
  "VentOuterHeight": 1480,
  "WeightIncGlassOrThickness": false,
  "VentWeight": 101,
  "VentWeightExact": 101.1768,
  "GlassThickness": 14,
  "ProfileWeightPerSerialMeter": 2.5,
  "FacadeInclination": 10,
  "ChainLengthConnectingRodHandle": 5,
  "ChainLenghtConnectingRodHandle": 0,
  "RequiredOpeningStroke": 400,
  "OpeningWidth": 1000,
  "OpeningAngle": 15.532868337024489,
  "SpecificExhaustDimension": 30,
  "BuildingDepth": 60,
  "SnowLoad": 0,
  "DistanceHinge": 0,
  "RatedCurrent": 0,
  "DrivePosition": 1,
  "LockingMechanism": 1,
  "Voltage": 1,
  "DriveType": 1,
  "TypeOfInstallation": 2,
  "GeometricArea": 0,
  "CalculationTypeForVentilation": 2,
  "HeightOfProfile": 0,
  "Reveal": 0,
  "RevealDepth": 0,
  "HeightProfileRectangleAngle1": 75,
  "HeightProfileRectangleAngle2": 200,
  "RevealDepthRectangleAngle1": 50,
  "RevealDepthRectangleAngle2": 100,
  "RevealDepthRectangleAngle12": 0,
  "InstallationPosition": 0,
  "RecommendedDriveArticleNo": 0,
  "System": "",
  "AkippOrAtilt": 1.2524,
  "AdrehOrAturn": 2.44348,
  "Ageo": 0.7637244746051348,
  "MinPullingForceMax": 54.82727232057026,
  "MinPushingForceMax": 196.24218060727657,
  "MinPullingForcePermanent": -87.40499060065328,
  "MinPushingForcePermanent": -87.40499060065328,
  "ForceWithNegativeWind": -229.6372535218768,
  "ForceWithNoWindMin": 49.67687701962203,
  "ForceWithNegativeWindMin": -96.88842656803251,
  "ForceWithWindMin": 54.82727232057026,
  "Id": "b53f7344-c23c-463c-9ad4-e010b627e71a",
  "CreatedOn": "0001-01-01T00:00:00",
  "CreatedBy": "579816e4-6653-4794-b435-a885f32e28d7",
  "ModifiedOn": "2024-12-05T08:24:23.2033726+00:00",
  "ModifiedBy": "579816e4-6653-4794-b435-a885f32e28d7"
}

13:54:25.691 [main] INFO  com.intuit.karate - VentWeight from API Response: 101 
13:54:25.695 [main] INFO  com.intuit.karate - Rounded Opening Angle: 16.0 
13:54:25.695 [main] INFO  com.intuit.karate - Rounded Ageo: 0.76 
13:54:25.695 [main] INFO  com.intuit.karate - Rounded Required Opening Stroke: 400.0 
13:54:25.695 [main] INFO  com.intuit.karate - Rounded Vent Weight: 101.0 
13:54:25.698 [main] DEBUG com.intuit.karate - request:
2 > GET https://dev-drivetec-apis.schuecodigitalsolutions.com/Config/b53f7344-c23c-463c-9ad4-e010b627e71a/Drive
2 > Host: dev-drivetec-apis.schuecodigitalsolutions.com
2 > Connection: Keep-Alive
2 > User-Agent: Apache-HttpClient/4.5.14 (Java/17.0.12)
2 > Accept-Encoding: gzip,deflate


13:54:26.514 [main] DEBUG com.intuit.karate - response time in milliseconds: 815
2 < 200
2 < Content-Type: application/json; charset=utf-8
2 < Date: Thu, 05 Dec 2024 08:24:23 GMT
2 < Server: Microsoft-IIS/10.0
2 < X-Powered-By: ASP.NET
2 < transfer-encoding: chunked
2 < Connection: keep-alive
[
  {
    "Name": "Chain actuator D4 400",
    "Bezeichnung": "Kettenantrieb D4 400",
    "ConfigurationId": "00000000-0000-0000-0000-000000000000",
    "Description": "",
    "Application": "Facade",
    "ApplicationFacade": true,
    "ApplicationSkylight": false,
    "Type": 1,
    "OpeningType": 0,
    "BottomHungInward": true,
    "BottomHungOutward": false,
    "SideHungInward": true,
    "SideHungOutward": true,
    "TopHungInward": false,
    "TopHungOutward": true,
    "ProjectedTopHungInward": false,
    "ProjectedTopHungOutward": true,
    "InstallationType": "",
    "ITMainOutFrmMountWBracket": true,
    "ITMainFixOutFrmMount": true,
    "ITMainVentFrmMount": true,
    "ITSideMount50": false,
    "ITSideMount60": false,
    "ITSideMount70": false,
    "ITSideMount80": false,
    "ITSideMount67": true,
    "Feature": "",
    "FeatureOpenClose": true,
    "FeatureLock": true,
    "ArticleNumber": 291706,
    "Stroke": 400,
    "Angle": 0,
    "Voltage": "24 V DC",
    "Voltage24": true,
    "Voltage230": false,
    "RatedCurrent": 1,
    "BreakingCurrent": 1,
    "PullingForceMax": 400,
    "PushingForceMax": 300,
    "PullingForceMaxWithNegativeWind": 0,
    "PushingForceMaxWithNegativeWind": 0,
    "PushingForcePermanent": 200,
    "PullingForcePermanent": 400,
    "MinPullingForceMax": 0,
    "MinPushingForceMax": 196.24,
    "MinPullingForcePermanent": -87.4,
    "MinPushingForcePermanent": 0,
    "Price": 273.74,
    "DriveLength": 551,
    "ChainDrive": 651,
    "ChainDrive2": 1262,
    "MaxLengthMainClosingEdge1Drive": 1850,
    "MaxGeometricArea": 1,
    "GeometricalSmokeExhaustion": 0,
    "TotalGlassThickness": 14,
    "Dimensions": 0,
    "DimensionsWxHxD": "551 x 24 x 35",
    "TensileForce": 0,
    "LockingForce": 0,
    "Details_DE": "<ul><li>Bemessungsspannung: 24 V DC (19 V … 28 V)</li> <li>Abschaltstrom: 1,2 A</li> <li>Bemessungsstrom: 0,9 A</li> <li>Bemessungsaufnahme: 22 W</li> <li>Schutzart: IP 32</li> <li>Zug-/Schubkraft: max. 400 N</li> <li>Umgebungstemperatur: -5°C bis + 60°C</li> <li>Anschlussleitung: Halogenfrei, grau 5 x 0,5mm², ~3m</li> <li>Max. Geschwindigkeit: 13,5 mm/s</li></ul>",
    "Details_EN": "<ul><li>Rated voltage: 24 V DC (19 V … 28 V)</li> <li>Breaking current: 1.2 A</li><li>Rated current: 0.9 A</li><li>Rated consumption: 22 W</li><li>Protection rating: IP 32</li><li>Traction/ thrust: max. 400 N</li><li>Ambient temperature: -5° C to +60° C</li><li>Connecting cable: halogen-free, grey, 5 x 0.5 mm², ~ 3 m</li><li>Max. speed: 13,5 mm/s </li></ul>",
    "Einsatz": "<ul><li>Anwendung: Lüftung, NRA</li> <li>Integrierte intelligente Regelelektronik</li> <li>Rückmeldung Endlage „ZU“ (max. 24 V, 500 mA)</li> </ul>",
    "Use": "<ul><li>Application: ventilation, natural smoke ventilation</li> <li>Integrated intelligent control electronics</li> <li>Response for “CLOSED” end position (max. 24 V, 500 mA)</li> </ul>",
    "Ausstattung": "<ul><li>Zusätzlicher Universal-Steckersatz für Mehrfachbetrieb bis zu 4 Antrieben und 2 Verriegelungsantrieben</li></ul>",
    "Equipment": "<ul><li>Additional universal plug socket for multiplex operation of up to 4 drives and 2 interlocking drives</li></ul>",
    "Optionen": "<ul><li>Programmierung von Sonderfunktionen</li> <li>Programmierbare Rückmeldung Endlage „AUF“ (max. 24 V, 500 mA)</li> <li>Schüco Kontroller zur automatischen Konfiguration von Synchronlauf und Folgesteuerungen mit Verriegelungsantrieben in Antriebs-Verbundsystemen</li> </ul>",
    "Options": "<ul><li>Programming of special functions</li> <li>Programmable response for “OPEN” end position (max. 24 V, 500 mA)</li> <li>Schüco controller for automatic configuration of synchronous running and sequence control with locking drives in composite drive systems</li> </ul>",
    "IsTwoPce": false,
    "ResultVentWeight": 101.18,
    "IsLsRsDrive": true,
    "ArticleNumberRs": 291705,
    "TwoDrivesSideInstallation50": 0,
    "TwoDrivesSideInstallation60": 0,
    "TwoDrivesSideInstallation70": 0,
    "TwoDrivesSideInstallation80": 0,
    "OpeningSpeedmms": 0,
    "Traction": 400,
    "Thrust": 300,
    "Id": "3d1279a9-fd09-4a49-8d1b-c747973b2872",
    "CreatedOn": "2024-09-26T13:55:26.817Z",
    "CreatedBy": "",
    "ModifiedOn": "2024-09-26T13:55:26.817Z",
    "ModifiedBy": ""
  },
  {
    "Name": "Chain actuator D6 400",
    "Bezeichnung": "Kettenantrieb D6 400",
    "ConfigurationId": "00000000-0000-0000-0000-000000000000",
    "Description": "",
    "Application": "Facade",
    "ApplicationFacade": true,
    "ApplicationSkylight": true,
    "Type": 1,
    "OpeningType": 0,
    "BottomHungInward": true,
    "BottomHungOutward": true,
    "SideHungInward": true,
    "SideHungOutward": true,
    "TopHungInward": false,
    "TopHungOutward": true,
    "ProjectedTopHungInward": false,
    "ProjectedTopHungOutward": true,
    "InstallationType": "",
    "ITMainOutFrmMountWBracket": true,
    "ITMainFixOutFrmMount": false,
    "ITMainVentFrmMount": true,
    "ITSideMount50": false,
    "ITSideMount60": false,
    "ITSideMount70": false,
    "ITSideMount80": false,
    "ITSideMount67": true,
    "Feature": "",
    "FeatureOpenClose": true,
    "FeatureLock": true,
    "ArticleNumber": 291715,
    "Stroke": 400,
    "Angle": 0,
    "Voltage": "24 V DC",
    "Voltage24": true,
    "Voltage230": false,
    "RatedCurrent": 1,
    "BreakingCurrent": 1,
    "PullingForceMax": 600,
    "PushingForceMax": 600,
    "PullingForceMaxWithNegativeWind": 0,
    "PushingForceMaxWithNegativeWind": 0,
    "PushingForcePermanent": 400,
    "PullingForcePermanent": 600,
    "MinPullingForceMax": 0,
    "MinPushingForceMax": 196.24,
    "MinPullingForcePermanent": -87.4,
    "MinPushingForcePermanent": 0,
    "Price": 360.35,
    "DriveLength": 591,
    "ChainDrive": 691,
    "ChainDrive2": 1342,
    "MaxLengthMainClosingEdge1Drive": 1920,
    "MaxGeometricArea": 1,
    "GeometricalSmokeExhaustion": 0,
    "TotalGlassThickness": 14,
    "Dimensions": 0,
    "DimensionsWxHxD": "591 x 40 x 56",
    "TensileForce": 0,
    "LockingForce": 0,
    "Details_DE": "<ul> <li>Bemessungsspannung: 24 V DC (19 V … 28 V)</li> <li>Abschaltstrom: 1,2 A</li> <li>Bemessungsstrom: 0,9 A</li> <li>Bemessungsaufnahme: 22 W</li> <li>Schutzart: IP 32</li> <li>Zug-/Schubkraft: max. 600 N</li> <li>Umgebungstemperatur: -5°C bis + 60°C</li> <li>Anschlussleitung: Halogenfrei, grau 5 x 0,5mm², ~3m</li> <li>Max. Geschwindigkeit: 13,5 mm/s</li> </ul>",
    "Details_EN": "<ul> <li>Rated voltage: 24 V DC (19 V … 28 V)</li><li>Breaking current: 1.2 A</li><li>Rated current: 0.9 A</li><li>Rated consumption: 22W</li><li>Protection rating: IP 32</li><li>Traction/ thrust: max. 600 N</li><li>Ambient temperature: -5° C to +60° C</li><li>Connecting cable: halogen-free, grey 3 x 0,5mm², ~3m</li><li>Max. speed: 13,5 mm/s</li></ul>",
    "Einsatz": "<ul><li>Anwendung: Lüftung, NRA</li> <li>Integrierte intelligente Regelelektronik</li></ul>",
    "Use": "<ul><li>Application: ventilation, natural smoke ventilation</li> <li>Integrated intelligent control electronics</li> </ul>",
    "Ausstattung": "<ul><li>Zusätzlicher Universal-Steckersatz für Mehrfachbetrieb bis zu 4 Antrieben und 2 Verriegelungsantrieben</li></ul>",
    "Equipment": "<ul><li>Additional universal plug socket for multiplex operation  of up to 4 drives and 2 interlocking drives</li></ul>",
    "Optionen": "<ul><li>Programmierung von Sonderfunktionen</li> <li>Programmierbare Rückmeldung Endlage „AUF“ (max. 24 V, 500 mA)</li> <li>Schüco Kontroller zur automatischen Konfiguration von Synchronlauf und Folgesteuerungen mit Verriegelungsantrieben in Antriebs-Verbundsystemen</li> </ul>",
    "Options": "<ul><li>Programming of special functions</li> <li>Programmable response for “OPEN” end position (max. 24 V, 500 mA)</li> <li>Schüco controller for automatic configuration of synchronous running and sequence control with locking drives in composite drive systems</li> </ul>",
    "IsTwoPce": false,
    "ResultVentWeight": 101.18,
    "IsLsRsDrive": true,
    "ArticleNumberRs": 291715,
    "TwoDrivesSideInstallation50": 0,
    "TwoDrivesSideInstallation60": 0,
    "TwoDrivesSideInstallation70": 0,
    "TwoDrivesSideInstallation80": 0,
    "OpeningSpeedmms": 0,
    "Traction": 600,
    "Thrust": 600,
    "Id": "6cfaf03b-807c-4298-8635-4bf804653a9e",
    "CreatedOn": "2024-09-26T13:55:26.817Z",
    "CreatedBy": "",
    "ModifiedOn": "2024-09-26T13:55:26.817Z",
    "ModifiedBy": ""
  },
  {
    "Name": "Chain actuator D2 L400",
    "Bezeichnung": "Kettenantrieb D2 L400",
    "ConfigurationId": "00000000-0000-0000-0000-000000000000",
    "Description": "",
    "Application": "Facade",
    "ApplicationFacade": true,
    "ApplicationSkylight": false,
    "Type": 1,
    "OpeningType": 0,
    "BottomHungInward": true,
    "BottomHungOutward": false,
    "SideHungInward": true,
    "SideHungOutward": false,
    "TopHungInward": false,
    "TopHungOutward": true,
    "ProjectedTopHungInward": false,
    "ProjectedTopHungOutward": false,
    "InstallationType": "",
    "ITMainOutFrmMountWBracket": true,
    "ITMainFixOutFrmMount": true,
    "ITMainVentFrmMount": true,
    "ITSideMount50": false,
    "ITSideMount60": false,
    "ITSideMount70": false,
    "ITSideMount80": false,
    "ITSideMount67": true,
    "Feature": "",
    "FeatureOpenClose": true,
    "FeatureLock": true,
    "ArticleNumber": 291754,
    "Stroke": 400,
    "Angle": 0,
    "Voltage": "24 V DC",
    "Voltage24": true,
    "Voltage230": false,
    "RatedCurrent": 1,
    "BreakingCurrent": 1,
    "PullingForceMax": 250,
    "PushingForceMax": 200,
    "PullingForceMaxWithNegativeWind": 0,
    "PushingForceMaxWithNegativeWind": 0,
    "PushingForcePermanent": 133.33,
    "PullingForcePermanent": 250,
    "MinPullingForceMax": 0,
    "MinPushingForceMax": 196.24,
    "MinPullingForcePermanent": -87.4,
    "MinPushingForcePermanent": 0,
    "Price": 504.76,
    "DriveLength": 430,
    "ChainDrive": 530,
    "ChainDrive2": 1020,
    "MaxLengthMainClosingEdge1Drive": 1650,
    "MaxGeometricArea": 1,
    "GeometricalSmokeExhaustion": 0,
    "TotalGlassThickness": 14,
    "Dimensions": 0,
    "DimensionsWxHxD": "430 x 26 x 41",
    "TensileForce": 0,
    "LockingForce": 0,
    "Details_DE": "<ul><li>Bemessungsspannung: 24 V DC (19 V … 28 V)</li><li>Abschaltstrom: 1,0 A</li><li>Bemessungsstrom: 0,7 A</li><li>Bemessungsaufnahme: 17 W</li><li>Schutzart: IP 32</li><li>Zug-/Schubkraft: max. 250 N</li><li>Umgebungstemperatur: -5°C bis + 60°C</li><li>Anschlussleitung: Halogenfrei, grau 3 x 0,5 mm², ~3 m</li><li>Max. Geschwindigkeit: 13,5 mm/s</li></ul>",
    "Details_EN": "<ul><li>Rated voltage: 24 V DC (19 V … 28 V)</li><li>Breaking current: 1.0 A</li><li>Rated current: 0.7 A</li><li>Rated consumption: 17 W</li><li>Protection rating: IP 32</li><li>Traction/ thrust: max. 250 N</li><li>Ambient temperature: -5°C bis + 60°C</li><li>Connecting cable: halogen-free, grey 3 x 0.5 mm², ~3 m</li><li>Max. speed: 13.5 mm/s</li></ul>",
    "Einsatz": "<ul> <li>Anwendung: Lüftung, NRA</li> <li>Integrierte intelligente Regelelektronik</li> <li>Rückmeldung Endlage „ZU“ (max. 24 V, 500 mA)</li> </ul>",
    "Use": "<ul> <li>Application: ventilation, natural smoke ventilation</li> <li>Integrated, intelligent control electronics</li> <li>Response for “CLOSED” end position (max. 24 V, 500 mA)</li> </ul>",
    "Ausstattung": null,
    "Equipment": null,
    "Optionen": "<ul> <li>Programmierung von Sonderfunktionen</li> <li>Programmierbare Rückmeldung Endlage „AUF“ (max. 24 V, 500 mA)</li> <li>Schüco Kontroller zur automatischen Konfiguration von Synchronlauf und Folgesteuerungen mit Verriegelungsantrieben in Antriebs-Verbundsystemen</li> </ul>",
    "Options": "<ul> <li>Programming of special functions</li> <li>Programmable response for “OPEN” end position (max. 24 V, 500 mA)</li> <li>Schüco controller for automatic configuration of synchronous running and sequence control with locking drives in composite drive systems</li></ul>",
    "IsTwoPce": true,
    "ResultVentWeight": 101.18,
    "IsLsRsDrive": true,
    "ArticleNumberRs": 291755,
    "TwoDrivesSideInstallation50": 0,
    "TwoDrivesSideInstallation60": 0,
    "TwoDrivesSideInstallation70": 0,
    "TwoDrivesSideInstallation80": 0,
    "OpeningSpeedmms": 0,
    "Traction": 250,
    "Thrust": 200,
    "Id": "94015dd3-0c39-4d62-be4f-b1e2f8066f98",
    "CreatedOn": "2024-09-26T13:55:26.817Z",
    "CreatedBy": "",
    "ModifiedOn": "2024-09-26T13:55:26.817Z",
    "ModifiedBy": ""
  },
  {
    "Name": "Chain actuator D4 400",
    "Bezeichnung": "Kettenantrieb D4 400",
    "ConfigurationId": "00000000-0000-0000-0000-000000000000",
    "Description": "",
    "Application": "Facade",
    "ApplicationFacade": true,
    "ApplicationSkylight": false,
    "Type": 1,
    "OpeningType": 0,
    "BottomHungInward": true,
    "BottomHungOutward": false,
    "SideHungInward": true,
    "SideHungOutward": true,
    "TopHungInward": false,
    "TopHungOutward": true,
    "ProjectedTopHungInward": false,
    "ProjectedTopHungOutward": true,
    "InstallationType": "",
    "ITMainOutFrmMountWBracket": true,
    "ITMainFixOutFrmMount": true,
    "ITMainVentFrmMount": true,
    "ITSideMount50": false,
    "ITSideMount60": false,
    "ITSideMount70": false,
    "ITSideMount80": false,
    "ITSideMount67": true,
    "Feature": "",
    "FeatureOpenClose": true,
    "FeatureLock": true,
    "ArticleNumber": 291706,
    "Stroke": 400,
    "Angle": 0,
    "Voltage": "24 V DC",
    "Voltage24": true,
    "Voltage230": false,
    "RatedCurrent": 1,
    "BreakingCurrent": 1,
    "PullingForceMax": 400,
    "PushingForceMax": 300,
    "PullingForceMaxWithNegativeWind": 0,
    "PushingForceMaxWithNegativeWind": 0,
    "PushingForcePermanent": 200,
    "PullingForcePermanent": 400,
    "MinPullingForceMax": 0,
    "MinPushingForceMax": 196.24,
    "MinPullingForcePermanent": -87.4,
    "MinPushingForcePermanent": 0,
    "Price": 547.48,
    "DriveLength": 551,
    "ChainDrive": 651,
    "ChainDrive2": 1262,
    "MaxLengthMainClosingEdge1Drive": 1850,
    "MaxGeometricArea": 1,
    "GeometricalSmokeExhaustion": 0,
    "TotalGlassThickness": 14,
    "Dimensions": 0,
    "DimensionsWxHxD": "551 x 24 x 35",
    "TensileForce": 0,
    "LockingForce": 0,
    "Details_DE": "<ul><li>Bemessungsspannung: 24 V DC (19 V … 28 V)</li> <li>Abschaltstrom: 1,2 A</li> <li>Bemessungsstrom: 0,9 A</li> <li>Bemessungsaufnahme: 22 W</li> <li>Schutzart: IP 32</li> <li>Zug-/Schubkraft: max. 400 N</li> <li>Umgebungstemperatur: -5°C bis + 60°C</li> <li>Anschlussleitung: Halogenfrei, grau 5 x 0,5mm², ~3m</li> <li>Max. Geschwindigkeit: 13,5 mm/s</li></ul>",
    "Details_EN": "<ul><li>Rated voltage: 24 V DC (19 V … 28 V)</li> <li>Breaking current: 1.2 A</li><li>Rated current: 0.9 A</li><li>Rated consumption: 22 W</li><li>Protection rating: IP 32</li><li>Traction/ thrust: max. 400 N</li><li>Ambient temperature: -5° C to +60° C</li><li>Connecting cable: halogen-free, grey, 5 x 0.5 mm², ~ 3 m</li><li>Max. speed: 13,5 mm/s </li></ul>",
    "Einsatz": "<ul><li>Anwendung: Lüftung, NRA</li> <li>Integrierte intelligente Regelelektronik</li> <li>Rückmeldung Endlage „ZU“ (max. 24 V, 500 mA)</li> </ul>",
    "Use": "<ul><li>Application: ventilation, natural smoke ventilation</li> <li>Integrated intelligent control electronics</li> <li>Response for “CLOSED” end position (max. 24 V, 500 mA)</li> </ul>",
    "Ausstattung": "<ul><li>Zusätzlicher Universal-Steckersatz für Mehrfachbetrieb bis zu 4 Antrieben und 2 Verriegelungsantrieben</li></ul>",
    "Equipment": "<ul><li>Additional universal plug socket for multiplex operation of up to 4 drives and 2 interlocking drives</li></ul>",
    "Optionen": "<ul><li>Programmierung von Sonderfunktionen</li> <li>Programmierbare Rückmeldung Endlage „AUF“ (max. 24 V, 500 mA)</li> <li>Schüco Kontroller zur automatischen Konfiguration von Synchronlauf und Folgesteuerungen mit Verriegelungsantrieben in Antriebs-Verbundsystemen</li> </ul>",
    "Options": "<ul><li>Programming of special functions</li> <li>Programmable response for “OPEN” end position (max. 24 V, 500 mA)</li> <li>Schüco controller for automatic configuration of synchronous running and sequence control with locking drives in composite drive systems</li> </ul>",
    "IsTwoPce": true,
    "ResultVentWeight": 101.18,
    "IsLsRsDrive": true,
    "ArticleNumberRs": 291705,
    "TwoDrivesSideInstallation50": 0,
    "TwoDrivesSideInstallation60": 0,
    "TwoDrivesSideInstallation70": 0,
    "TwoDrivesSideInstallation80": 0,
    "OpeningSpeedmms": 0,
    "Traction": 400,
    "Thrust": 300,
    "Id": "3d1279a9-fd09-4a49-8d1b-c747973b2872",
    "CreatedOn": "2024-09-26T13:55:26.817Z",
    "CreatedBy": "",
    "ModifiedOn": "2024-09-26T13:55:26.817Z",
    "ModifiedBy": ""
  },
  {
    "Name": "Chain actuator D6 400",
    "Bezeichnung": "Kettenantrieb D6 400",
    "ConfigurationId": "00000000-0000-0000-0000-000000000000",
    "Description": "",
    "Application": "Facade",
    "ApplicationFacade": true,
    "ApplicationSkylight": true,
    "Type": 1,
    "OpeningType": 0,
    "BottomHungInward": true,
    "BottomHungOutward": true,
    "SideHungInward": true,
    "SideHungOutward": true,
    "TopHungInward": false,
    "TopHungOutward": true,
    "ProjectedTopHungInward": false,
    "ProjectedTopHungOutward": true,
    "InstallationType": "",
    "ITMainOutFrmMountWBracket": true,
    "ITMainFixOutFrmMount": false,
    "ITMainVentFrmMount": true,
    "ITSideMount50": false,
    "ITSideMount60": false,
    "ITSideMount70": false,
    "ITSideMount80": false,
    "ITSideMount67": true,
    "Feature": "",
    "FeatureOpenClose": true,
    "FeatureLock": true,
    "ArticleNumber": 291715,
    "Stroke": 400,
    "Angle": 0,
    "Voltage": "24 V DC",
    "Voltage24": true,
    "Voltage230": false,
    "RatedCurrent": 1,
    "BreakingCurrent": 1,
    "PullingForceMax": 600,
    "PushingForceMax": 600,
    "PullingForceMaxWithNegativeWind": 0,
    "PushingForceMaxWithNegativeWind": 0,
    "PushingForcePermanent": 400,
    "PullingForcePermanent": 600,
    "MinPullingForceMax": 0,
    "MinPushingForceMax": 196.24,
    "MinPullingForcePermanent": -87.4,
    "MinPushingForcePermanent": 0,
    "Price": 720.7,
    "DriveLength": 591,
    "ChainDrive": 691,
    "ChainDrive2": 1342,
    "MaxLengthMainClosingEdge1Drive": 1920,
    "MaxGeometricArea": 1,
    "GeometricalSmokeExhaustion": 0,
    "TotalGlassThickness": 14,
    "Dimensions": 0,
    "DimensionsWxHxD": "591 x 40 x 56",
    "TensileForce": 0,
    "LockingForce": 0,
    "Details_DE": "<ul> <li>Bemessungsspannung: 24 V DC (19 V … 28 V)</li> <li>Abschaltstrom: 1,2 A</li> <li>Bemessungsstrom: 0,9 A</li> <li>Bemessungsaufnahme: 22 W</li> <li>Schutzart: IP 32</li> <li>Zug-/Schubkraft: max. 600 N</li> <li>Umgebungstemperatur: -5°C bis + 60°C</li> <li>Anschlussleitung: Halogenfrei, grau 5 x 0,5mm², ~3m</li> <li>Max. Geschwindigkeit: 13,5 mm/s</li> </ul>",
    "Details_EN": "<ul> <li>Rated voltage: 24 V DC (19 V … 28 V)</li><li>Breaking current: 1.2 A</li><li>Rated current: 0.9 A</li><li>Rated consumption: 22W</li><li>Protection rating: IP 32</li><li>Traction/ thrust: max. 600 N</li><li>Ambient temperature: -5° C to +60° C</li><li>Connecting cable: halogen-free, grey 3 x 0,5mm², ~3m</li><li>Max. speed: 13,5 mm/s</li></ul>",
    "Einsatz": "<ul><li>Anwendung: Lüftung, NRA</li> <li>Integrierte intelligente Regelelektronik</li></ul>",
    "Use": "<ul><li>Application: ventilation, natural smoke ventilation</li> <li>Integrated intelligent control electronics</li> </ul>",
    "Ausstattung": "<ul><li>Zusätzlicher Universal-Steckersatz für Mehrfachbetrieb bis zu 4 Antrieben und 2 Verriegelungsantrieben</li></ul>",
    "Equipment": "<ul><li>Additional universal plug socket for multiplex operation  of up to 4 drives and 2 interlocking drives</li></ul>",
    "Optionen": "<ul><li>Programmierung von Sonderfunktionen</li> <li>Programmierbare Rückmeldung Endlage „AUF“ (max. 24 V, 500 mA)</li> <li>Schüco Kontroller zur automatischen Konfiguration von Synchronlauf und Folgesteuerungen mit Verriegelungsantrieben in Antriebs-Verbundsystemen</li> </ul>",
    "Options": "<ul><li>Programming of special functions</li> <li>Programmable response for “OPEN” end position (max. 24 V, 500 mA)</li> <li>Schüco controller for automatic configuration of synchronous running and sequence control with locking drives in composite drive systems</li> </ul>",
    "IsTwoPce": true,
    "ResultVentWeight": 101.18,
    "IsLsRsDrive": false,
    "ArticleNumberRs": 0,
    "TwoDrivesSideInstallation50": 0,
    "TwoDrivesSideInstallation60": 0,
    "TwoDrivesSideInstallation70": 0,
    "TwoDrivesSideInstallation80": 0,
    "OpeningSpeedmms": 0,
    "Traction": 600,
    "Thrust": 600,
    "Id": "6cfaf03b-807c-4298-8635-4bf804653a9e",
    "CreatedOn": "2024-09-26T13:55:26.817Z",
    "CreatedBy": "",
    "ModifiedOn": "2024-09-26T13:55:26.817Z",
    "ModifiedBy": ""
  },
  {
    "Name": "Locking actuator EasyConnect ow",
    "Bezeichnung": "Verriegelungsantrieb EasyConnect ow",
    "ConfigurationId": "00000000-0000-0000-0000-000000000000",
    "Description": "",
    "Application": "",
    "ApplicationFacade": true,
    "ApplicationSkylight": false,
    "Type": 5,
    "OpeningType": 0,
    "BottomHungInward": false,
    "BottomHungOutward": false,
    "SideHungInward": false,
    "SideHungOutward": true,
    "TopHungInward": false,
    "TopHungOutward": true,
    "ProjectedTopHungInward": false,
    "ProjectedTopHungOutward": true,
    "InstallationType": "",
    "ITMainOutFrmMountWBracket": true,
    "ITMainFixOutFrmMount": false,
    "ITMainVentFrmMount": false,
    "ITSideMount50": false,
    "ITSideMount60": false,
    "ITSideMount70": false,
    "ITSideMount80": false,
    "ITSideMount67": false,
    "Feature": "",
    "FeatureOpenClose": true,
    "FeatureLock": false,
    "ArticleNumber": 291589,
    "Stroke": 0,
    "Angle": 0,
    "Voltage": null,
    "Voltage24": true,
    "Voltage230": true,
    "RatedCurrent": 0,
    "BreakingCurrent": 0,
    "PullingForceMax": 0,
    "PushingForceMax": 0,
    "PullingForceMaxWithNegativeWind": 0,
    "PushingForceMaxWithNegativeWind": 0,
    "PushingForcePermanent": 0,
    "PullingForcePermanent": 0,
    "MinPullingForceMax": 0,
    "MinPushingForceMax": 0,
    "MinPullingForcePermanent": 0,
    "MinPushingForcePermanent": 0,
    "Price": 0,
    "DriveLength": 0,
    "ChainDrive": 0,
    "ChainDrive2": 0,
    "MaxLengthMainClosingEdge1Drive": 0,
    "MaxGeometricArea": 0,
    "GeometricalSmokeExhaustion": 0,
    "TotalGlassThickness": 0,
    "Dimensions": 0,
    "DimensionsWxHxD": "375 x 24 x 35",
    "TensileForce": 0,
    "LockingForce": 0,
    "Details_DE": "<ul> <li>Bemessungsspannung: 24 V DC (19 V … 28 V)</li> <li>Abschaltstrom: ~1,0 A</li> <li>Bemessungsstrom: 0,6 A</li> <li>Bemessungsaufnahme: 15 W</li> <li>Schutzart: IP 32</li><li>Zug-/Schubkraft: max. 600 N</li> <li>Umgebungstemperatur: -5°C bis + 60°C</li> <li>Anschlussleitung: Halogenfrei, grau 5 x 0,5mm² , ~5m</li> <li>Laufzeit: ~ 5s</li><li>Hub: ~ 18mm</li> </ul>",
    "Details_EN": "<ul> <li>Rated voltage : 24 V DC (19 V … 28 V</li> <li>Breaking current : ~1,0 A</li> <li>Rated current : 0,6 A</li> <li>Rated consumption : 15 W</li> <li>Protection rating : IP 32</li><li>Traction/ thrust : max. 600 N</li> <li>Ambient temperature: -5°C bis + 60°C</li> <li>Connecting cable: halogen-free, grey 5 x 0,5mm² , ~5m</li> <li>Running time: ~ 5s</li><li>Stroke: ~ 18mm</li> </ul>",
    "Einsatz": "<ul> <li>Anwendung: Lüftung, NRA</li><li>Integrierte intelligente Regelelektronik</li></ul>",
    "Use": "<ul> <li>Application: ventilation, natural smoke ventilation</li> <li>Integrated intelligent control electronics</li></ul>",
    "Ausstattung": "<ul><li>Laufrichtung einstellbar</li><li>Zusätzlicher Universal-Steckersatz</li></ul>",
    "Equipment": "<ul><li>Running direction adjustable</li><li>Additional universal plug socket</li></ul>",
    "Optionen": "<ul> <li>Mitnehmer objekt-/profilspezifisch anpassbar</li></ul>",
    "Options": "<ul> <li>Coupling adapter customizable for project-/profile-specific demands</li></ul>",
    "IsTwoPce": false,
    "ResultVentWeight": 0,
    "IsLsRsDrive": false,
    "ArticleNumberRs": 0,
    "TwoDrivesSideInstallation50": 0,
    "TwoDrivesSideInstallation60": 0,
    "TwoDrivesSideInstallation70": 0,
    "TwoDrivesSideInstallation80": 0,
    "OpeningSpeedmms": 0,
    "Traction": 0,
    "Thrust": 0,
    "Id": "ebe9753c-e5d7-4140-afe0-9f98bf25df99",
    "CreatedOn": "2024-09-26T13:55:26.817Z",
    "CreatedBy": "",
    "ModifiedOn": "2024-09-26T13:55:26.817Z",
    "ModifiedBy": ""
  }
]

13:54:26.522 [main] INFO  com.intuit.karate - Expected RecommDrive: Chain actuator D4 400,Chain actuator D6 400,Chain actuator D2 L400,Chain actuator D4 400,Chain actuator D6 400,Locking actuator EasyConnect ow 
13:54:26.523 [main] INFO  com.intuit.karate - Actual RecommDrive: Chain actuator D4 400, Chain actuator D6 400, Chain actuator D2 L400, Chain actuator D4 400, Chain actuator D6 400, Locking actuator EasyConnect ow 
13:54:26.524 [main] INFO  com.intuit.karate - Normalized Actual RecommDrive: Chain actuator D4 400,Chain actuator D6 400,Chain actuator D2 L400,Chain actuator D4 400,Chain actuator D6 400,Locking actuator EasyConnect ow 
13:54:26.524 [main] INFO  com.intuit.karate - Normalized Expected RecommDrive: Chain actuator D4 400,Chain actuator D6 400,Chain actuator D2 L400,Chain actuator D4 400,Chain actuator D6 400,Locking actuator EasyConnect ow 
13:54:26.526 [main] INFO  com.intuit.karate - All Drive IDs: [
  "3d1279a9-fd09-4a49-8d1b-c747973b2872",
  "6cfaf03b-807c-4298-8635-4bf804653a9e",
  "94015dd3-0c39-4d62-be4f-b1e2f8066f98",
  "3d1279a9-fd09-4a49-8d1b-c747973b2872",
  "6cfaf03b-807c-4298-8635-4bf804653a9e",
  "ebe9753c-e5d7-4140-afe0-9f98bf25df99"
]
 
13:54:26.526 [main] INFO  com.intuit.karate - First Drive ID: 3d1279a9-fd09-4a49-8d1b-c747973b2872 
13:54:26.527 [main] DEBUG com.intuit.karate - request:
3 > POST https://dev-drivetec-apis.schuecodigitalsolutions.com/api/Drives/DownloadPDFNew/Schuco
3 > Content-Type: application/json; charset=UTF-8
3 > Content-Length: 1194
3 > Host: dev-drivetec-apis.schuecodigitalsolutions.com
3 > Connection: Keep-Alive
3 > User-Agent: Apache-HttpClient/4.5.14 (Java/17.0.12)
3 > Accept-Encoding: gzip,deflate
[{"Id":"configId","Header":"configId","Value":"b53f7344-c23c-463c-9ad4-e010b627e71a"},{"Id":"driveId","Header":"driveId","Value":"3d1279a9-fd09-4a49-8d1b-c747973b2872"},{"Id":"culture","Header":"culture","Value":"EN-US"},{"Id":"projectId","Header":"projectId","Value":"2afcf090-6588-4022-aa5e-49fca51f940e"},{"Id":"range-of-app","Header":"Range of application","Value":"Façade"},{"Id":"opening-type","Header":"Opening type","Value":"Bottom-hung vent"},{"Id":"opening-direction","Header":"Opening direction","Value":"Inward"},{"Id":"how-calc-weight","Header":"Vent weight","Value":"Weight including glass"},{"Id":"Chain-Length","Header":"Chain- \/ connecting rod handle","Value":"100%"},{"Id":"drive-position","Header":"Drive position","Value":"Side installation"},{"Id":"locking-mechanism","Header":"Locking mechanism","Value":"With"},{"Id":"voltage","Header":"Voltage","Value":"24 V"},{"Id":"drive-type","Header":"Drive type","Value":"Chain drive"},{"Id":"type-installation","Header":"Type of installation","Value":"Pivoting Outer Frame Installation"},{"Id":"calculation-type-for-ventilation-area","Header":"Calculation type for ventilation area","Value":"Method in accordance with ASR 3.6"}]

13:54:28.039 [main] DEBUG com.intuit.karate - response time in milliseconds: 1509
3 < 200
3 < Content-Type: application/json; charset=utf-8
3 < Date: Thu, 05 Dec 2024 08:24:25 GMT
3 < Server: Microsoft-IIS/10.0
3 < X-Powered-By: ASP.NET
3 < Content-Length: 276
3 < Connection: keep-alive
{
  "result": "https://drive-tec-dev.s3.amazonaws.com/AUT_TPJ33518-Chain_actuator_D4_400.pdf?AWSAccessKeyId=AKIAZAWIART4ZFAXXPHK&Expires=1733390666&response-content-disposition=attachment%3B&response-content-type=application%2Fpdf&Signature=Ec5w8edbHCBWi5JOR6af8YGFeEE%3D"
}

13:54:28.039 [main] INFO  com.intuit.karate - Download URL for first driveId: https://drive-tec-dev.s3.amazonaws.com/AUT_TPJ33518-Chain_actuator_D4_400.pdf?AWSAccessKeyId=AKIAZAWIART4ZFAXXPHK&Expires=1733390666&response-content-disposition=attachment%3B&response-content-type=application%2Fpdf&Signature=Ec5w8edbHCBWi5JOR6af8YGFeEE%3D 
13:54:28.044 [main] INFO  com.intuit.karate - karate.env system property was: null 
13:54:28.046 [main] INFO  com.intuit.karate - Running test for dataset:  Dataset37 
13:54:28.050 [main] INFO  com.intuit.karate - Using ProjectId:  {
  "result": {
    "projectId": "prjId"
  },
  "projectPayload": {
    "Id": "579816e4-6653-4794-b435-a885f32e28d7",
    "Name": "AUT_TPJ33518",
    "Address": "Hyderabad, Telangana, India",
    "Description": "",
    "CreatedBy": "579816e4-6653-4794-b435-a885f32e28d7",
    "ModifiedBy": "579816e4-6653-4794-b435-a885f32e28d7"
  },
  "uniqueName": "AUT_TPJ33518",
  "responseHeaders": {
    "Content-Type": [
      "application/json; charset=utf-8"
    ],
    "Date": [
      "Thu, 05 Dec 2024 08:22:12 GMT"
    ],
    "Server": [
      "Microsoft-IIS/10.0"
    ],
    "X-Powered-By": [
      "ASP.NET"
    ],
    "transfer-encoding": [
      "chunked"
    ],
    "Connection": [
      "keep-alive"
    ],
    "Set-Cookie": [
    ]
  },
  "responseTime": 841,
  "response": {
    "Name": "AUT_TPJ33518",
    "Description": "",
    "Address": "Hyderabad, Telangana, India",
    "Id": "2afcf090-6588-4022-aa5e-49fca51f940e",
    "CreatedOn": "2024-12-05T08:22:11.998251+00:00",
    "CreatedBy": "579816e4-6653-4794-b435-a885f32e28d7",
    "ModifiedOn": "2024-12-05T08:22:11.9982526+00:00",
    "ModifiedBy": ""
  },
  "responseStatus": 200,
  "prjId": "2afcf090-6588-4022-aa5e-49fca51f940e",
  "projectId": "2afcf090-6588-4022-aa5e-49fca51f940e"
}
 
13:54:28.052 [main] DEBUG com.intuit.karate - request:
1 > POST https://dev-drivetec-apis.schuecodigitalsolutions.com/Configurations
1 > Content-Type: application/json; charset=UTF-8
1 > Content-Length: 1275
1 > Host: dev-drivetec-apis.schuecodigitalsolutions.com
1 > Connection: Keep-Alive
1 > User-Agent: Apache-HttpClient/4.5.14 (Java/17.0.12)
1 > Accept-Encoding: gzip,deflate
{"Id":"00000000-0000-0000-0000-000000000000","ProjectId":"2afcf090-6588-4022-aa5e-49fca51f940e","Name":"Dataset8052","Description":"Dataset8052","CustomTags":"","CreatedBy":"579816e4-6653-4794-b435-a885f32e28d7","ModifiedBy":"579816e4-6653-4794-b435-a885f32e28d7","ApplicationName":1,"System":"","FacadeInclination":0,"OpeningType":1,"OpeningDirection":1,"OpeningWidth":1000,"VentOuterWidth":1230,"VentOuterHeight":1480,"VentWeight":70,"CalculateWeightWithGlass":false,"WeightIncGlassOrThickness":false,"GlassThickness":14,"ProfileWeightPerSerialMeter":2.5,"IsWindowOpeningCalculationByAngle":1,"RequiredOpeningStroke":400,"OpeningAngle":15,"WindLoad":120,"SnowLoad":0,"DrivePosition":2,"InstallationPosition":1,"ChainLengthConnectingRodHandle":5,"LockingMechanism":1,"Voltage":1,"DriveType":1,"TypeOfInstallation":2,"CalculationTypeForVentilation":1,"CalcVentilation":1,"GeometricArea":1,"SpecificExhaustDimension":30,"BuildingDepth":75,"RevealDepth":0,"RevealDepthRectangleAngle1":0,"RevealDepthRectangleAngle2":0,"HeightOfProfile":0,"HeightProfileRectangleAngle1":0,"HeightProfileRectangleAngle2":0,"AkippOrAtilt":0,"AdrehOrAturn":0,"Ageo":0,"MinPullingForceMax":0,"MinPushingForceMax":0,"MinPullingForcePermanent":0,"MinPushingForcePermanent":0,"ForceWithNegativeWind":0}

13:54:28.704 [main] DEBUG com.intuit.karate - response time in milliseconds: 651
1 < 200
1 < Content-Type: application/json; charset=utf-8
1 < Date: Thu, 05 Dec 2024 08:24:25 GMT
1 < Server: Microsoft-IIS/10.0
1 < X-Powered-By: ASP.NET
1 < Content-Length: 2032
1 < Connection: keep-alive
{
  "ProjectId": "2afcf090-6588-4022-aa5e-49fca51f940e",
  "Name": "Dataset8052",
  "Description": "Dataset8052",
  "CustomTags": "",
  "ApplicationName": 1,
  "OpeningType": 1,
  "OpeningDirection": 1,
  "CalculateWeightWithGlass": false,
  "WindLoad": 120,
  "IsWindowOpeningCalculationByAngle": 1,
  "VentOuterWidth": 1230,
  "VentOuterHeight": 1480,
  "WeightIncGlassOrThickness": false,
  "VentWeight": 77,
  "VentWeightExact": 77.26400000000001,
  "GlassThickness": 14,
  "ProfileWeightPerSerialMeter": 2.5,
  "FacadeInclination": 0,
  "ChainLengthConnectingRodHandle": 5,
  "ChainLenghtConnectingRodHandle": 0,
  "RequiredOpeningStroke": 400,
  "OpeningWidth": 1000,
  "OpeningAngle": 15.532868337024489,
  "SpecificExhaustDimension": 30,
  "BuildingDepth": 75,
  "SnowLoad": 0,
  "DistanceHinge": 0,
  "RatedCurrent": 0,
  "DrivePosition": 2,
  "LockingMechanism": 1,
  "Voltage": 1,
  "DriveType": 1,
  "TypeOfInstallation": 2,
  "GeometricArea": 0,
  "CalculationTypeForVentilation": 1,
  "HeightOfProfile": 0,
  "Reveal": 0,
  "RevealDepth": 0,
  "HeightProfileRectangleAngle1": 0,
  "HeightProfileRectangleAngle2": 0,
  "RevealDepthRectangleAngle1": 0,
  "RevealDepthRectangleAngle2": 0,
  "RevealDepthRectangleAngle12": 0,
  "InstallationPosition": 0,
  "RecommendedDriveArticleNo": 0,
  "System": "",
  "AkippOrAtilt": 1.084,
  "AdrehOrAturn": 1.8204,
  "Ageo": 1.084,
  "MinPullingForceMax": -206.4868442161654,
  "MinPushingForceMax": -206.4868442161654,
  "MinPullingForcePermanent": -104.11163259218097,
  "MinPushingForcePermanent": -104.11163259218097,
  "ForceWithNegativeWind": 109.53156767199486,
  "ForceWithNoWindMin": 0.30763693489047433,
  "ForceWithNegativeWindMin": 0,
  "ForceWithWindMin": -108.91629380221393,
  "Id": "7d6ff896-ef40-4f58-bef5-a66f16064e26",
  "CreatedOn": "2024-12-05T08:24:26.2213274+00:00",
  "CreatedBy": "579816e4-6653-4794-b435-a885f32e28d7",
  "ModifiedOn": "2024-12-05T08:24:26.2213285+00:00",
  "ModifiedBy": ""
}

13:54:28.706 [main] INFO  com.intuit.karate - Generated Config ID: 7d6ff896-ef40-4f58-bef5-a66f16064e26 
13:54:28.706 [main] INFO  com.intuit.karate - Generated Name: Dataset8052 
13:54:28.706 [main] INFO  com.intuit.karate - Generated Description: Dataset8052 
13:54:28.710 [main] DEBUG com.intuit.karate - request:
1 > PUT https://dev-drivetec-apis.schuecodigitalsolutions.com/Configurations
1 > Content-Type: application/json; charset=UTF-8
1 > Content-Length: 1274
1 > Host: dev-drivetec-apis.schuecodigitalsolutions.com
1 > Connection: Keep-Alive
1 > User-Agent: Apache-HttpClient/4.5.14 (Java/17.0.12)
1 > Accept-Encoding: gzip,deflate
{"Id":"7d6ff896-ef40-4f58-bef5-a66f16064e26","Name":"Dataset37","Description":"Dataset8052","ProjectId":"2afcf090-6588-4022-aa5e-49fca51f940e","CustomTags":"","CreatedBy":"579816e4-6653-4794-b435-a885f32e28d7","ModifiedBy":"579816e4-6653-4794-b435-a885f32e28d7","System":"","FacadeInclination":10,"OpeningType":4,"OpeningDirection":1,"OpeningWidth":1000,"VentOuterWidth":2100,"VentOuterHeight":1480,"VentWeight":0,"CalculateWeightWithGlass":false,"RequiredOpeningStroke":400,"WindLoad":120,"SnowLoad":0,"IsWindowOpeningCalculationByAngle":1,"GlassThickness":47,"ProfileWeightPerSerialMeter":2.5,"DrivePosition":2,"InstallationPosition":0,"LockingMechanism":1,"Voltage":1,"DriveType":3,"TypeOfInstallation":2,"GeometricArea":0,"CalcVentilation":2,"SpecificExhaustDimension":75,"BuildingDepth":100,"CalculationTypeForVentilation":2,"HeightOfProfile":0,"HeightProfileRectangleAngle1":0,"HeightProfileRectangleAngle2":0,"RevealDepth":0,"RevealDepthRectangleAngle1":0,"RevealDepthRectangleAngle2":0,"ChainLengthConnectingRodHandle":5,"ApplicationName":2,"OpeningAngle":96,"WeightIncGlassOrThickness":false,"AkippOrAtilt":0,"AdrehOrAturn":0,"Ageo":0,"MinPullingForceMax":0,"MinPushingForceMax":0,"MinPullingForcePermanent":0,"MinPushingForcePermanent":0,"ForceWithNegativeWind":0}

13:54:29.353 [main] DEBUG com.intuit.karate - response time in milliseconds: 642
1 < 200
1 < Content-Type: application/json; charset=utf-8
1 < Date: Thu, 05 Dec 2024 08:24:26 GMT
1 < Server: Microsoft-IIS/10.0
1 < X-Powered-By: ASP.NET
1 < Content-Length: 2069
1 < Connection: keep-alive
{
  "ProjectId": "2afcf090-6588-4022-aa5e-49fca51f940e",
  "Name": "Dataset37",
  "Description": "Dataset8052",
  "CustomTags": "",
  "ApplicationName": 2,
  "OpeningType": 4,
  "OpeningDirection": 1,
  "CalculateWeightWithGlass": false,
  "WindLoad": 120,
  "IsWindowOpeningCalculationByAngle": 1,
  "VentOuterWidth": 2100,
  "VentOuterHeight": 1480,
  "WeightIncGlassOrThickness": false,
  "VentWeight": 383,
  "VentWeightExact": 383.09,
  "GlassThickness": 47,
  "ProfileWeightPerSerialMeter": 2.5,
  "FacadeInclination": 10,
  "ChainLengthConnectingRodHandle": 5,
  "ChainLenghtConnectingRodHandle": 0,
  "RequiredOpeningStroke": 400,
  "OpeningWidth": 1000,
  "OpeningAngle": 15.532868337024489,
  "SpecificExhaustDimension": 75,
  "BuildingDepth": 100,
  "SnowLoad": 0,
  "DistanceHinge": 0,
  "RatedCurrent": 0,
  "DrivePosition": 2,
  "LockingMechanism": 1,
  "Voltage": 1,
  "DriveType": 3,
  "TypeOfInstallation": 2,
  "GeometricArea": 0,
  "CalculationTypeForVentilation": 2,
  "HeightOfProfile": 0,
  "Reveal": 0,
  "RevealDepth": 0,
  "HeightProfileRectangleAngle1": 0,
  "HeightProfileRectangleAngle2": 0,
  "RevealDepthRectangleAngle1": 0,
  "RevealDepthRectangleAngle2": 0,
  "RevealDepthRectangleAngle12": 0,
  "InstallationPosition": 0,
  "RecommendedDriveArticleNo": 0,
  "System": "",
  "AkippOrAtilt": 1.432,
  "AdrehOrAturn": 3.108,
  "Ageo": 0.7603129973673752,
  "MinPullingForceMax": 1891.9968512113069,
  "MinPushingForceMax": 1926.0816814420684,
  "MinPullingForcePermanent": 1925.2171371826232,
  "MinPushingForcePermanent": 1925.2171371826232,
  "ForceWithNegativeWind": 1924.9340287209216,
  "ForceWithNoWindMin": 1886.3794330966266,
  "ForceWithNegativeWindMin": 1883.5707240392865,
  "ForceWithWindMin": 1891.9968512113069,
  "Id": "7d6ff896-ef40-4f58-bef5-a66f16064e26",
  "CreatedOn": "0001-01-01T00:00:00",
  "CreatedBy": "579816e4-6653-4794-b435-a885f32e28d7",
  "ModifiedOn": "2024-12-05T08:24:26.8625993+00:00",
  "ModifiedBy": "579816e4-6653-4794-b435-a885f32e28d7"
}

13:54:29.354 [main] INFO  com.intuit.karate - VentWeight from API Response: 383 
13:54:29.355 [main] INFO  com.intuit.karate - Rounded Opening Angle: 16.0 
13:54:29.355 [main] INFO  com.intuit.karate - Rounded Ageo: 0.76 
13:54:29.355 [main] INFO  com.intuit.karate - Rounded Required Opening Stroke: 400.0 
13:54:29.355 [main] INFO  com.intuit.karate - Rounded Vent Weight: 383.0 
13:54:29.357 [main] DEBUG com.intuit.karate - request:
2 > GET https://dev-drivetec-apis.schuecodigitalsolutions.com/Config/7d6ff896-ef40-4f58-bef5-a66f16064e26/Drive
2 > Host: dev-drivetec-apis.schuecodigitalsolutions.com
2 > Connection: Keep-Alive
2 > User-Agent: Apache-HttpClient/4.5.14 (Java/17.0.12)
2 > Accept-Encoding: gzip,deflate


13:54:30.187 [main] DEBUG com.intuit.karate - response time in milliseconds: 828
2 < 200
2 < Content-Type: application/json; charset=utf-8
2 < Date: Thu, 05 Dec 2024 08:24:26 GMT
2 < Server: Microsoft-IIS/10.0
2 < X-Powered-By: ASP.NET
2 < Content-Length: 17001
2 < Connection: keep-alive
[
  {
    "Name": "Chain actuator D15 800",
    "Bezeichnung": "Kettenantrieb D15 800",
    "ConfigurationId": "00000000-0000-0000-0000-000000000000",
    "Description": "",
    "Application": "Roof",
    "ApplicationFacade": false,
    "ApplicationSkylight": true,
    "Type": 1,
    "OpeningType": 0,
    "BottomHungInward": false,
    "BottomHungOutward": true,
    "SideHungInward": false,
    "SideHungOutward": false,
    "TopHungInward": false,
    "TopHungOutward": true,
    "ProjectedTopHungInward": false,
    "ProjectedTopHungOutward": false,
    "InstallationType": "",
    "ITMainOutFrmMountWBracket": true,
    "ITMainFixOutFrmMount": false,
    "ITMainVentFrmMount": false,
    "ITSideMount50": false,
    "ITSideMount60": false,
    "ITSideMount70": false,
    "ITSideMount80": false,
    "ITSideMount67": false,
    "Feature": "",
    "FeatureOpenClose": true,
    "FeatureLock": true,
    "ArticleNumber": 291731,
    "Stroke": 800,
    "Angle": 0,
    "Voltage": "24 V DC",
    "Voltage24": true,
    "Voltage230": false,
    "RatedCurrent": 4,
    "BreakingCurrent": 5,
    "PullingForceMax": 1500,
    "PushingForceMax": 1500,
    "PullingForceMaxWithNegativeWind": 0,
    "PushingForceMaxWithNegativeWind": 0,
    "PushingForcePermanent": 1000,
    "PullingForcePermanent": 1000,
    "MinPullingForceMax": 0,
    "MinPushingForceMax": 1926.08,
    "MinPullingForcePermanent": 0,
    "MinPushingForcePermanent": 1925.22,
    "Price": 1643.12,
    "DriveLength": 800,
    "ChainDrive": 900,
    "ChainDrive2": 1760,
    "MaxLengthMainClosingEdge1Drive": 0,
    "MaxGeometricArea": 1,
    "GeometricalSmokeExhaustion": 0,
    "TotalGlassThickness": 47,
    "Dimensions": 0,
    "DimensionsWxHxD": "800 x 120 x 60",
    "TensileForce": 0,
    "LockingForce": 0,
    "Details_DE": "<ul> <li>Bemessungsspannung: 24 V DC (19 V … 28 V)</li> <li>Abschaltstrom: 5 A</li> <li>Bemessungsstrom: 3,75 A</li> <li>Bemessungsaufnahme: 90 W</li> <li>Schutzart: IP 20</li><li>Zug-/Schubkraft: max. 1500 N</li> <li>Umgebungstemperatur: -5°C bis + 60°C</li> <li>Anschlussleitung: Halogenfrei, grau 5 x 1mm², ~3m</li> <li>Max. Geschwindigkeit: 17 mm/s</li> </ul>",
    "Details_EN": "<ul> <li>Rated voltage: 24 V DC (19 V … 28 V)</li><li>Breaking current: 5 A</li><li>Rated current: 3.75 A</li><li>Rated consumption: 90 W</li><li>Protection rating: IP 20</li> <li>Traction/ thrust: max. 1500 N</li><li>Ambient temperature: -5° C to +60° C</li><li>Connecting cable: halogen-free, grey 5 x 1mm², ~3m</li><li>Max. speed: 17 mm/s</li></ul>",
    "Einsatz": "<ul> <li>Anwendung: Lüftung, NRA</li><li>Integrierte intelligente Regelelektronik</li> <li>Rückmeldung Endlage „ZU“ (max. 24 V, 500 mA)</li></ul>",
    "Use": "<ul> <li>Application: ventilation, natural smoke ventilation</li> <li>Integrated intelligent control electronics</li> <li>Response for “CLOSED” end position (max. 24 V, 500 mA)</li></ul>",
    "Ausstattung": "<ul><li>Symmetrischer Kettenaustritt</li><li>Integrierte Steckerlösung</li></ul>",
    "Equipment": "<ul><li>Symmetrical chain output</li><li>Integrated plug solution</li></ul>",
    "Optionen": "<ul> <li>Programmierung von Sonderfunktionen</li> <li>Programmierbare Rückmeldung Endlage „AUF“ (max. 24 V, 500 mA)</li> <li>Schüco Kontroller zur automatischen Konfiguration von Synchronlauf und Folgesteuerungen mit Verriegelungsantrieben in Antriebs-Verbundsystemen</li></ul>",
    "Options": "<ul> <li>Programming of special functions</li> <li>Programmable response for “OPEN” end position (max. 24 V, 500 mA)</li> <li>Schüco controller for automatic configuration of synchronous running and sequence control with locking drives in composite drive systems</li> </ul>",
    "IsTwoPce": true,
    "ResultVentWeight": 383.09,
    "IsLsRsDrive": false,
    "ArticleNumberRs": 0,
    "TwoDrivesSideInstallation50": 0,
    "TwoDrivesSideInstallation60": 0,
    "TwoDrivesSideInstallation70": 0,
    "TwoDrivesSideInstallation80": 0,
    "OpeningSpeedmms": 0,
    "Traction": 1500,
    "Thrust": 1500,
    "Id": "6e554a6b-0764-4e7a-ac2f-8ca9ada34e08",
    "CreatedOn": "2024-09-26T13:55:26.818Z",
    "CreatedBy": "",
    "ModifiedOn": "2024-09-26T13:55:26.818Z",
    "ModifiedBy": ""
  },
  {
    "Name": "Linear drive LDH30 L400",
    "Bezeichnung": "Linearantrieb LDH30 L400",
    "ConfigurationId": "00000000-0000-0000-0000-000000000000",
    "Description": "",
    "Application": "Roof",
    "ApplicationFacade": false,
    "ApplicationSkylight": true,
    "Type": 2,
    "OpeningType": 0,
    "BottomHungInward": false,
    "BottomHungOutward": true,
    "SideHungInward": false,
    "SideHungOutward": false,
    "TopHungInward": false,
    "TopHungOutward": true,
    "ProjectedTopHungInward": false,
    "ProjectedTopHungOutward": false,
    "InstallationType": "",
    "ITMainOutFrmMountWBracket": true,
    "ITMainFixOutFrmMount": false,
    "ITMainVentFrmMount": false,
    "ITSideMount50": true,
    "ITSideMount60": true,
    "ITSideMount70": true,
    "ITSideMount80": true,
    "ITSideMount67": false,
    "Feature": "",
    "FeatureOpenClose": true,
    "FeatureLock": true,
    "ArticleNumber": 291944,
    "Stroke": 400,
    "Angle": 0,
    "Voltage": "24 V DC",
    "Voltage24": true,
    "Voltage230": false,
    "RatedCurrent": 4,
    "BreakingCurrent": 5,
    "PullingForceMax": 3000,
    "PushingForceMax": 3000,
    "PullingForceMaxWithNegativeWind": 0,
    "PushingForceMaxWithNegativeWind": 0,
    "PushingForcePermanent": 2000,
    "PullingForcePermanent": 2000,
    "MinPullingForceMax": 0,
    "MinPushingForceMax": 1926.08,
    "MinPullingForcePermanent": 0,
    "MinPushingForcePermanent": 1925.22,
    "Price": 776.85,
    "DriveLength": 0,
    "ChainDrive": 450,
    "ChainDrive2": 450,
    "MaxLengthMainClosingEdge1Drive": 2100,
    "MaxGeometricArea": 1,
    "GeometricalSmokeExhaustion": 0,
    "TotalGlassThickness": 47,
    "Dimensions": 0,
    "DimensionsWxHxD": "841 x Ø50",
    "TensileForce": 0,
    "LockingForce": 0,
    "Details_DE": "<ul> <li>Bemessungsspannung: 24 V DC (19 V … 28 V)</li><li>Abschaltstrom: 5,0 A</li><li>Bemessungsstrom: 3,8 A</li><li>Bemessungsaufnahme: 91 W</li><li>Schutzart: IP 54</li> <li>Zug-/Schubkraft: max. 3000 N</li><li>Umgebungstemperatur: -5°C bis + 60°C</li><li>Anschlussleitung: Halogenfrei, grau 3 x 1mm², ~3m</li><li>Max. Geschwindigkeit: 7,8 mm/s</li></ul>",
    "Details_EN": "<ul> <li>Rated voltage: 24 V DC (19 V … 28 V)</li> <li>Breaking current: 5.0 A</li> <li>Rated current: 3.8 A</li> <li>Rated consumption: 91 W</li> <li>Protection rating: IP 54</li><li>Traction/ thrust: max. 3000N</li> <li>Ambient temperature: -5°C to + 60°C</li> <li>Connecting cable: halogen-free, grey 3 x 1mm², ~3m</li> <li>Max. speed: 7,8 mm/s</li> </ul>",
    "Einsatz": "<ul> <li>Anwendung: Lüftung, NRA</li><li>Integrierte intelligente Regelelektronik</li></ul>",
    "Use": "<ul> <li>Application: ventilation, natural smoke ventilation</li><li>Integrated intelligent control electronics</li></ul>",
    "Ausstattung": "<ul> <li>Robuste korrosionsbeständige Ausführung in eloxierten Aluminiumgehäuse</li><li>Montagefreundlich durch verstellbaren Klemmring</li><li>Spindel aus Edelstahl, kugelgelagert mit Endlagendämpfung</li><li>Mit Goretex Membrane</li></ul>",
    "Equipment": "<ul> <li>Robust, corrosion-resistant design in anodized casing</li><li>Easy installation thanks to adjustable clamping ring</li><li>Stainless steel spindle on ball bearings with end position cushioning</li><li>with Goretex membrane</li></ul>",
    "Optionen": "<ul> <li>Programmierung von Sonderfunktionen</li><li>Programmierbare Parameter der Regelelektronik</li><li>Schüco Kontroller zur automatischen Konfiguration von Synchronlauf und Folgesteuerungen mit Verriegelungsantrieb in Antriebs-Verbundsystem</li></ul>",
    "Options": "<ul> <li>Programming of special functions</li><li>Programmable parameters of intelligent control electronics</li><li>Schüco controller for automatic configuration of synchronous running and sequence control with locking drives in composite drive systems</li></ul>",
    "IsTwoPce": false,
    "ResultVentWeight": 383.09,
    "IsLsRsDrive": true,
    "ArticleNumberRs": 291944,
    "TwoDrivesSideInstallation50": 650,
    "TwoDrivesSideInstallation60": 650,
    "TwoDrivesSideInstallation70": 650,
    "TwoDrivesSideInstallation80": 650,
    "OpeningSpeedmms": 8,
    "Traction": 2000,
    "Thrust": 3000,
    "Id": "709b92e6-69a0-4721-b369-7175491ac49c",
    "CreatedOn": "2024-09-26T13:55:26.817Z",
    "CreatedBy": "",
    "ModifiedOn": "2024-09-26T13:55:26.817Z",
    "ModifiedBy": ""
  },
  {
    "Name": "Linear drive LDH15 L400",
    "Bezeichnung": "Linearantrieb LDH15 L400",
    "ConfigurationId": "00000000-0000-0000-0000-000000000000",
    "Description": "",
    "Application": "Roof",
    "ApplicationFacade": false,
    "ApplicationSkylight": true,
    "Type": 2,
    "OpeningType": 0,
    "BottomHungInward": false,
    "BottomHungOutward": true,
    "SideHungInward": false,
    "SideHungOutward": false,
    "TopHungInward": false,
    "TopHungOutward": true,
    "ProjectedTopHungInward": false,
    "ProjectedTopHungOutward": false,
    "InstallationType": "",
    "ITMainOutFrmMountWBracket": true,
    "ITMainFixOutFrmMount": false,
    "ITMainVentFrmMount": false,
    "ITSideMount50": true,
    "ITSideMount60": true,
    "ITSideMount70": true,
    "ITSideMount80": true,
    "ITSideMount67": false,
    "Feature": "",
    "FeatureOpenClose": true,
    "FeatureLock": true,
    "ArticleNumber": 291939,
    "Stroke": 400,
    "Angle": 0,
    "Voltage": "24 V DC",
    "Voltage24": true,
    "Voltage230": false,
    "RatedCurrent": 3,
    "BreakingCurrent": 4,
    "PullingForceMax": 1500,
    "PushingForceMax": 1500,
    "PullingForceMaxWithNegativeWind": 0,
    "PushingForceMaxWithNegativeWind": 0,
    "PushingForcePermanent": 1000,
    "PullingForcePermanent": 1000,
    "MinPullingForceMax": 0,
    "MinPushingForceMax": 1926.08,
    "MinPullingForcePermanent": 0,
    "MinPushingForcePermanent": 1925.22,
    "Price": 1553.7,
    "DriveLength": 0,
    "ChainDrive": 450,
    "ChainDrive2": 450,
    "MaxLengthMainClosingEdge1Drive": 2100,
    "MaxGeometricArea": 1,
    "GeometricalSmokeExhaustion": 0,
    "TotalGlassThickness": 47,
    "Dimensions": 0,
    "DimensionsWxHxD": "841 x Ø50",
    "TensileForce": 0,
    "LockingForce": 0,
    "Details_DE": "<ul> <li>Bemessungsspannung: 24 V DC (19 V … 28 V)</li><li>Abschaltstrom: 4,0 A</li><li>Bemessungsstrom: 3,0 A</li><li>Bemessungsaufnahme: 72 W</li><li>Schutzart: IP 54</li> <li>Zug-/Schubkraft: max. 1500 N</li><li>Umgebungstemperatur: -5°C bis + 60°C</li><li>Anschlussleitung: Halogenfrei, grau 3 x 1mm², ~3m</li><li>Max. Geschwindigkeit: 16 mm/s</li></ul>",
    "Details_EN": "<ul> <li>Rated voltage: 24 V DC (19 V … 28 V)</li> <li>Breaking current: 4.0 A</li> <li>Rated current: 3.0 A</li> <li>Rated consumption: 72 W</li> <li>Protection rating: IP 54</li><li>Traction/ thrust: max. 1500N</li> <li>Ambient temperature: -5°C to + 60°C</li> <li>Connecting cable: halogen-free, grey 3 x 1mm², ~3m</li> <li>Max. speed: 16 mm/s</li> </ul>",
    "Einsatz": "<ul> <li>Anwendung: Lüftung, NRA</li><li>Integrierte intelligente Regelelektronik</li></ul>",
    "Use": "<ul> <li>Application: ventilation, natural smoke ventilation</li><li>Integrated intelligent control electronics</li></ul>",
    "Ausstattung": "<ul> <li>Robuste korrosionsbeständige Ausführung in eloxierten Aluminiumgehäuse</li><li>Montagefreundlich durch verstellbaren Klemmring</li><li>Spindel aus Edelstahl, kugelgelagert mit Endlagendämpfung</li><li>Mit Goretex Membrane</li></ul>",
    "Equipment": "<ul> <li>Robust, corrosion-resistant design in anodized casing</li><li>Easy installation thanks to adjustable clamping ring</li><li>Stainless steel spindle on ball bearings with end position cushioning</li><li>with Goretex membrane</li></ul>",
    "Optionen": "<ul> <li>Programmierung von Sonderfunktionen</li><li>Programmierbare Parameter der Regelelektronik</li><li>Schüco Kontroller zur automatischen Konfiguration von Synchronlauf und Folgesteuerungen mit Verriegelungsantrieb in Antriebs-Verbundsystem</li></ul>",
    "Options": "<ul> <li>Programming of special functions</li><li>Programmable parameters of intelligent control electronics</li><li>Schüco controller for automatic configuration of synchronous running and sequence control with locking drives in composite drive systems</li></ul>",
    "IsTwoPce": true,
    "ResultVentWeight": 383.09,
    "IsLsRsDrive": false,
    "ArticleNumberRs": 0,
    "TwoDrivesSideInstallation50": 650,
    "TwoDrivesSideInstallation60": 650,
    "TwoDrivesSideInstallation70": 650,
    "TwoDrivesSideInstallation80": 650,
    "OpeningSpeedmms": 16,
    "Traction": 1000,
    "Thrust": 1500,
    "Id": "f88c2ba9-694a-4b49-b0c1-20efbe762b90",
    "CreatedOn": "2024-09-26T13:55:26.817Z",
    "CreatedBy": "",
    "ModifiedOn": "2024-09-26T13:55:26.817Z",
    "ModifiedBy": ""
  },
  {
    "Name": "Locking actuator roof",
    "Bezeichnung": "Verr.antrieb Dachf 600N",
    "ConfigurationId": "00000000-0000-0000-0000-000000000000",
    "Description": "",
    "Application": "",
    "ApplicationFacade": false,
    "ApplicationSkylight": true,
    "Type": 5,
    "OpeningType": 0,
    "BottomHungInward": false,
    "BottomHungOutward": true,
    "SideHungInward": false,
    "SideHungOutward": false,
    "TopHungInward": false,
    "TopHungOutward": true,
    "ProjectedTopHungInward": false,
    "ProjectedTopHungOutward": false,
    "InstallationType": "",
    "ITMainOutFrmMountWBracket": true,
    "ITMainFixOutFrmMount": false,
    "ITMainVentFrmMount": false,
    "ITSideMount50": true,
    "ITSideMount60": true,
    "ITSideMount70": true,
    "ITSideMount80": true,
    "ITSideMount67": false,
    "Feature": "",
    "FeatureOpenClose": true,
    "FeatureLock": false,
    "ArticleNumber": 291954,
    "Stroke": 0,
    "Angle": 0,
    "Voltage": null,
    "Voltage24": true,
    "Voltage230": false,
    "RatedCurrent": 0,
    "BreakingCurrent": 0,
    "PullingForceMax": 0,
    "PushingForceMax": 0,
    "PullingForceMaxWithNegativeWind": 0,
    "PushingForceMaxWithNegativeWind": 0,
    "PushingForcePermanent": 0,
    "PullingForcePermanent": 0,
    "MinPullingForceMax": 0,
    "MinPushingForceMax": 0,
    "MinPullingForcePermanent": 0,
    "MinPushingForcePermanent": 0,
    "Price": 225.16,
    "DriveLength": 0,
    "ChainDrive": 0,
    "ChainDrive2": 0,
    "MaxLengthMainClosingEdge1Drive": 0,
    "MaxGeometricArea": 0,
    "GeometricalSmokeExhaustion": 0,
    "TotalGlassThickness": 0,
    "Dimensions": 0,
    "DimensionsWxHxD": "415 x 26 x 26",
    "TensileForce": 0,
    "LockingForce": 0,
    "Details_DE": "<ul> <li>Bemessungsspannung: 24 V DC (19 V … 28 V)</li> <li>Abschaltstrom: ~1,0 A</li> <li>Bemessungsstrom: 0,6 A</li> <li>Bemessungsaufnahme: 15 W</li> <li>Schutzart: IP 32</li><li>Zug-/Schubkraft: max. 600 N</li> <li>Umgebungstemperatur: -5°C bis + 60°C</li> <li>Anschlussleitung: Halogenfrei, grau 3x 0,5mm², ~3m</li> <li>Laufzeit: ~ 5s</li><li>Hub: ~ 18mm</li> </ul>",
    "Details_EN": "<ul> <li>Rated voltage : 24 V DC (19 V … 28 V</li> <li>Breaking current : ~1,0 A</li> <li>Rated current : 0,6 A</li> <li>Rated consumption : 15 W</li> <li>Protection rating : IP 32</li><li>Traction/ thrust : max. 600 N</li> <li>Ambient temperature: -5°C bis + 60°C</li> <li>Connecting cable: halogen-free, grey 3 x 0,5mm², ~3m</li> <li>Running time: ~ 5s</li><li>Stroke: ~ 18mm</li> </ul>",
    "Einsatz": "<ul> <li>Anwendung: Lüftung, NRA</li><li>Integrierte intelligente Regelelektronik</li></ul>",
    "Use": "<ul> <li>Application: ventilation, natural smoke ventilation</li> <li>Integrated intelligent control electronics</li></ul>",
    "Ausstattung": "<ul><li>Laufrichtung einstellbar</li></ul>",
    "Equipment": "<ul><li>Running direction adjustable</li></ul>",
    "Optionen": "<ul> <li>Mitnehmer objekt-/profilspezifisch anpassbar</li></ul>",
    "Options": "<ul> <li>Coupling adapter customizable for project-/profile-specific demands</li></ul>",
    "IsTwoPce": false,
    "ResultVentWeight": 0,
    "IsLsRsDrive": false,
    "ArticleNumberRs": 0,
    "TwoDrivesSideInstallation50": 0,
    "TwoDrivesSideInstallation60": 0,
    "TwoDrivesSideInstallation70": 0,
    "TwoDrivesSideInstallation80": 0,
    "OpeningSpeedmms": 0,
    "Traction": 0,
    "Thrust": 0,
    "Id": "2b6ffe33-0cb6-494e-a561-679dc2adeb63",
    "CreatedOn": "2024-09-26T13:55:26.817Z",
    "CreatedBy": "",
    "ModifiedOn": "2024-09-26T13:55:26.817Z",
    "ModifiedBy": ""
  }
]

13:54:30.193 [main] INFO  com.intuit.karate - Expected RecommDrive: Chain actuator D15 800,Linear drive LDH30 L400,Linear drive LDH15 L400,Locking actuator roof 
13:54:30.193 [main] INFO  com.intuit.karate - Actual RecommDrive: Chain actuator D15 800, Linear drive LDH30 L400, Linear drive LDH15 L400, Locking actuator roof 
13:54:30.193 [main] INFO  com.intuit.karate - Normalized Actual RecommDrive: Chain actuator D15 800,Linear drive LDH30 L400,Linear drive LDH15 L400,Locking actuator roof 
13:54:30.193 [main] INFO  com.intuit.karate - Normalized Expected RecommDrive: Chain actuator D15 800,Linear drive LDH30 L400,Linear drive LDH15 L400,Locking actuator roof 
13:54:30.193 [main] INFO  com.intuit.karate - No recommended drives found! Calculation not possible! 383 
13:54:30.193 [main] INFO  com.intuit.karate - All Drive IDs: [
  "6e554a6b-0764-4e7a-ac2f-8ca9ada34e08",
  "709b92e6-69a0-4721-b369-7175491ac49c",
  "f88c2ba9-694a-4b49-b0c1-20efbe762b90",
  "2b6ffe33-0cb6-494e-a561-679dc2adeb63"
]
 
13:54:30.194 [main] INFO  com.intuit.karate - First Drive ID: 6e554a6b-0764-4e7a-ac2f-8ca9ada34e08 
13:54:30.195 [main] DEBUG com.intuit.karate - request:
3 > POST https://dev-drivetec-apis.schuecodigitalsolutions.com/api/Drives/DownloadPDFNew/Schuco
3 > Content-Type: application/json; charset=UTF-8
3 > Content-Length: 1194
3 > Host: dev-drivetec-apis.schuecodigitalsolutions.com
3 > Connection: Keep-Alive
3 > User-Agent: Apache-HttpClient/4.5.14 (Java/17.0.12)
3 > Accept-Encoding: gzip,deflate
[{"Id":"configId","Header":"configId","Value":"7d6ff896-ef40-4f58-bef5-a66f16064e26"},{"Id":"driveId","Header":"driveId","Value":"6e554a6b-0764-4e7a-ac2f-8ca9ada34e08"},{"Id":"culture","Header":"culture","Value":"EN-US"},{"Id":"projectId","Header":"projectId","Value":"2afcf090-6588-4022-aa5e-49fca51f940e"},{"Id":"range-of-app","Header":"Range of application","Value":"Façade"},{"Id":"opening-type","Header":"Opening type","Value":"Bottom-hung vent"},{"Id":"opening-direction","Header":"Opening direction","Value":"Inward"},{"Id":"how-calc-weight","Header":"Vent weight","Value":"Weight including glass"},{"Id":"Chain-Length","Header":"Chain- \/ connecting rod handle","Value":"100%"},{"Id":"drive-position","Header":"Drive position","Value":"Side installation"},{"Id":"locking-mechanism","Header":"Locking mechanism","Value":"With"},{"Id":"voltage","Header":"Voltage","Value":"24 V"},{"Id":"drive-type","Header":"Drive type","Value":"Chain drive"},{"Id":"type-installation","Header":"Type of installation","Value":"Pivoting Outer Frame Installation"},{"Id":"calculation-type-for-ventilation-area","Header":"Calculation type for ventilation area","Value":"Method in accordance with ASR 3.6"}]

13:54:31.731 [main] DEBUG com.intuit.karate - response time in milliseconds: 1534
3 < 200
3 < Content-Type: application/json; charset=utf-8
3 < Date: Thu, 05 Dec 2024 08:24:29 GMT
3 < Server: Microsoft-IIS/10.0
3 < X-Powered-By: ASP.NET
3 < Content-Length: 281
3 < Connection: keep-alive
{
  "result": "https://drive-tec-dev.s3.amazonaws.com/AUT_TPJ33518-Chain_actuator_D15_800.pdf?AWSAccessKeyId=AKIAZAWIART4ZFAXXPHK&Expires=1733390669&response-content-disposition=attachment%3B&response-content-type=application%2Fpdf&Signature=39Ar0qvB3a4%2BamC%2FrCXHgUFXrHM%3D"
}

13:54:31.731 [main] INFO  com.intuit.karate - Download URL for first driveId: https://drive-tec-dev.s3.amazonaws.com/AUT_TPJ33518-Chain_actuator_D15_800.pdf?AWSAccessKeyId=AKIAZAWIART4ZFAXXPHK&Expires=1733390669&response-content-disposition=attachment%3B&response-content-type=application%2Fpdf&Signature=39Ar0qvB3a4%2BamC%2FrCXHgUFXrHM%3D 
13:54:31.737 [main] INFO  com.intuit.karate - karate.env system property was: null 
13:54:31.738 [main] INFO  com.intuit.karate - Running test for dataset:  Dataset38 
13:54:31.742 [main] INFO  com.intuit.karate - Using ProjectId:  {
  "result": {
    "projectId": "prjId"
  },
  "projectPayload": {
    "Id": "579816e4-6653-4794-b435-a885f32e28d7",
    "Name": "AUT_TPJ33518",
    "Address": "Hyderabad, Telangana, India",
    "Description": "",
    "CreatedBy": "579816e4-6653-4794-b435-a885f32e28d7",
    "ModifiedBy": "579816e4-6653-4794-b435-a885f32e28d7"
  },
  "uniqueName": "AUT_TPJ33518",
  "responseHeaders": {
    "Content-Type": [
      "application/json; charset=utf-8"
    ],
    "Date": [
      "Thu, 05 Dec 2024 08:22:12 GMT"
    ],
    "Server": [
      "Microsoft-IIS/10.0"
    ],
    "X-Powered-By": [
      "ASP.NET"
    ],
    "transfer-encoding": [
      "chunked"
    ],
    "Connection": [
      "keep-alive"
    ],
    "Set-Cookie": [
    ]
  },
  "responseTime": 841,
  "response": {
    "Name": "AUT_TPJ33518",
    "Description": "",
    "Address": "Hyderabad, Telangana, India",
    "Id": "2afcf090-6588-4022-aa5e-49fca51f940e",
    "CreatedOn": "2024-12-05T08:22:11.998251+00:00",
    "CreatedBy": "579816e4-6653-4794-b435-a885f32e28d7",
    "ModifiedOn": "2024-12-05T08:22:11.9982526+00:00",
    "ModifiedBy": ""
  },
  "responseStatus": 200,
  "prjId": "2afcf090-6588-4022-aa5e-49fca51f940e",
  "projectId": "2afcf090-6588-4022-aa5e-49fca51f940e"
}
 
13:54:31.743 [main] DEBUG com.intuit.karate - request:
1 > POST https://dev-drivetec-apis.schuecodigitalsolutions.com/Configurations
1 > Content-Type: application/json; charset=UTF-8
1 > Content-Length: 1275
1 > Host: dev-drivetec-apis.schuecodigitalsolutions.com
1 > Connection: Keep-Alive
1 > User-Agent: Apache-HttpClient/4.5.14 (Java/17.0.12)
1 > Accept-Encoding: gzip,deflate
{"Id":"00000000-0000-0000-0000-000000000000","ProjectId":"2afcf090-6588-4022-aa5e-49fca51f940e","Name":"Dataset1743","Description":"Dataset1743","CustomTags":"","CreatedBy":"579816e4-6653-4794-b435-a885f32e28d7","ModifiedBy":"579816e4-6653-4794-b435-a885f32e28d7","ApplicationName":1,"System":"","FacadeInclination":0,"OpeningType":1,"OpeningDirection":1,"OpeningWidth":1000,"VentOuterWidth":1230,"VentOuterHeight":1480,"VentWeight":70,"CalculateWeightWithGlass":false,"WeightIncGlassOrThickness":false,"GlassThickness":14,"ProfileWeightPerSerialMeter":2.5,"IsWindowOpeningCalculationByAngle":1,"RequiredOpeningStroke":400,"OpeningAngle":15,"WindLoad":120,"SnowLoad":0,"DrivePosition":2,"InstallationPosition":1,"ChainLengthConnectingRodHandle":5,"LockingMechanism":1,"Voltage":1,"DriveType":1,"TypeOfInstallation":2,"CalculationTypeForVentilation":1,"CalcVentilation":1,"GeometricArea":1,"SpecificExhaustDimension":30,"BuildingDepth":75,"RevealDepth":0,"RevealDepthRectangleAngle1":0,"RevealDepthRectangleAngle2":0,"HeightOfProfile":0,"HeightProfileRectangleAngle1":0,"HeightProfileRectangleAngle2":0,"AkippOrAtilt":0,"AdrehOrAturn":0,"Ageo":0,"MinPullingForceMax":0,"MinPushingForceMax":0,"MinPullingForcePermanent":0,"MinPushingForcePermanent":0,"ForceWithNegativeWind":0}

13:54:32.400 [main] DEBUG com.intuit.karate - response time in milliseconds: 657
1 < 200
1 < Content-Type: application/json; charset=utf-8
1 < Date: Thu, 05 Dec 2024 08:24:29 GMT
1 < Server: Microsoft-IIS/10.0
1 < X-Powered-By: ASP.NET
1 < Content-Length: 2032
1 < Connection: keep-alive
{
  "ProjectId": "2afcf090-6588-4022-aa5e-49fca51f940e",
  "Name": "Dataset1743",
  "Description": "Dataset1743",
  "CustomTags": "",
  "ApplicationName": 1,
  "OpeningType": 1,
  "OpeningDirection": 1,
  "CalculateWeightWithGlass": false,
  "WindLoad": 120,
  "IsWindowOpeningCalculationByAngle": 1,
  "VentOuterWidth": 1230,
  "VentOuterHeight": 1480,
  "WeightIncGlassOrThickness": false,
  "VentWeight": 77,
  "VentWeightExact": 77.26400000000001,
  "GlassThickness": 14,
  "ProfileWeightPerSerialMeter": 2.5,
  "FacadeInclination": 0,
  "ChainLengthConnectingRodHandle": 5,
  "ChainLenghtConnectingRodHandle": 0,
  "RequiredOpeningStroke": 400,
  "OpeningWidth": 1000,
  "OpeningAngle": 15.532868337024489,
  "SpecificExhaustDimension": 30,
  "BuildingDepth": 75,
  "SnowLoad": 0,
  "DistanceHinge": 0,
  "RatedCurrent": 0,
  "DrivePosition": 2,
  "LockingMechanism": 1,
  "Voltage": 1,
  "DriveType": 1,
  "TypeOfInstallation": 2,
  "GeometricArea": 0,
  "CalculationTypeForVentilation": 1,
  "HeightOfProfile": 0,
  "Reveal": 0,
  "RevealDepth": 0,
  "HeightProfileRectangleAngle1": 0,
  "HeightProfileRectangleAngle2": 0,
  "RevealDepthRectangleAngle1": 0,
  "RevealDepthRectangleAngle2": 0,
  "RevealDepthRectangleAngle12": 0,
  "InstallationPosition": 0,
  "RecommendedDriveArticleNo": 0,
  "System": "",
  "AkippOrAtilt": 1.084,
  "AdrehOrAturn": 1.8204,
  "Ageo": 1.084,
  "MinPullingForceMax": -206.4868442161654,
  "MinPushingForceMax": -206.4868442161654,
  "MinPullingForcePermanent": -104.11163259218097,
  "MinPushingForcePermanent": -104.11163259218097,
  "ForceWithNegativeWind": 109.53156767199486,
  "ForceWithNoWindMin": 0.30763693489047433,
  "ForceWithNegativeWindMin": 0,
  "ForceWithWindMin": -108.91629380221393,
  "Id": "9d2fd836-3e64-4ad6-88ee-0a202b8cecb6",
  "CreatedOn": "2024-12-05T08:24:29.9196204+00:00",
  "CreatedBy": "579816e4-6653-4794-b435-a885f32e28d7",
  "ModifiedOn": "2024-12-05T08:24:29.9196213+00:00",
  "ModifiedBy": ""
}

13:54:32.401 [main] INFO  com.intuit.karate - Generated Config ID: 9d2fd836-3e64-4ad6-88ee-0a202b8cecb6 
13:54:32.401 [main] INFO  com.intuit.karate - Generated Name: Dataset1743 
13:54:32.401 [main] INFO  com.intuit.karate - Generated Description: Dataset1743 
13:54:32.404 [main] DEBUG com.intuit.karate - request:
1 > PUT https://dev-drivetec-apis.schuecodigitalsolutions.com/Configurations
1 > Content-Type: application/json; charset=UTF-8
1 > Content-Length: 1277
1 > Host: dev-drivetec-apis.schuecodigitalsolutions.com
1 > Connection: Keep-Alive
1 > User-Agent: Apache-HttpClient/4.5.14 (Java/17.0.12)
1 > Accept-Encoding: gzip,deflate
{"Id":"9d2fd836-3e64-4ad6-88ee-0a202b8cecb6","Name":"Dataset38","Description":"Dataset1743","ProjectId":"2afcf090-6588-4022-aa5e-49fca51f940e","CustomTags":"","CreatedBy":"579816e4-6653-4794-b435-a885f32e28d7","ModifiedBy":"579816e4-6653-4794-b435-a885f32e28d7","System":"","FacadeInclination":10,"OpeningType":5,"OpeningDirection":1,"OpeningWidth":1000,"VentOuterWidth":1230,"VentOuterHeight":2000,"VentWeight":0,"CalculateWeightWithGlass":false,"RequiredOpeningStroke":400,"WindLoad":120,"SnowLoad":0,"IsWindowOpeningCalculationByAngle":2,"GlassThickness":14,"ProfileWeightPerSerialMeter":2.5,"DrivePosition":1,"InstallationPosition":0,"LockingMechanism":1,"Voltage":1,"DriveType":3,"TypeOfInstallation":2,"GeometricArea":0,"CalcVentilation":2,"SpecificExhaustDimension":30,"BuildingDepth":75,"CalculationTypeForVentilation":2,"HeightOfProfile":30,"HeightProfileRectangleAngle1":0,"HeightProfileRectangleAngle2":0,"RevealDepth":1000,"RevealDepthRectangleAngle1":0,"RevealDepthRectangleAngle2":0,"ChainLengthConnectingRodHandle":1,"ApplicationName":2,"OpeningAngle":74,"WeightIncGlassOrThickness":false,"AkippOrAtilt":0,"AdrehOrAturn":0,"Ageo":0,"MinPullingForceMax":0,"MinPushingForceMax":0,"MinPullingForcePermanent":0,"MinPushingForcePermanent":0,"ForceWithNegativeWind":0}

13:54:33.188 [main] DEBUG com.intuit.karate - response time in milliseconds: 782
1 < 200
1 < Content-Type: application/json; charset=utf-8
1 < Date: Thu, 05 Dec 2024 08:24:30 GMT
1 < Server: Microsoft-IIS/10.0
1 < X-Powered-By: ASP.NET
1 < transfer-encoding: chunked
1 < Connection: keep-alive
{
  "ProjectId": "2afcf090-6588-4022-aa5e-49fca51f940e",
  "Name": "Dataset38",
  "Description": "Dataset1743",
  "CustomTags": "",
  "ApplicationName": 2,
  "OpeningType": 5,
  "OpeningDirection": 1,
  "CalculateWeightWithGlass": false,
  "WindLoad": 120,
  "IsWindowOpeningCalculationByAngle": 2,
  "VentOuterWidth": 1230,
  "VentOuterHeight": 2000,
  "WeightIncGlassOrThickness": false,
  "VentWeight": 102,
  "VentWeightExact": 102.25,
  "GlassThickness": 14,
  "ProfileWeightPerSerialMeter": 2.5,
  "FacadeInclination": 10,
  "ChainLengthConnectingRodHandle": 1,
  "ChainLenghtConnectingRodHandle": 0,
  "RequiredOpeningStroke": 1203.6300463040966,
  "OpeningWidth": 1000,
  "OpeningAngle": 74,
  "SpecificExhaustDimension": 30,
  "BuildingDepth": 75,
  "SnowLoad": 0,
  "DistanceHinge": 0,
  "RatedCurrent": 0,
  "DrivePosition": 1,
  "LockingMechanism": 1,
  "Voltage": 1,
  "DriveType": 3,
  "TypeOfInstallation": 2,
  "GeometricArea": 0,
  "CalculationTypeForVentilation": 2,
  "HeightOfProfile": 30,
  "Reveal": 0,
  "RevealDepth": 1000,
  "HeightProfileRectangleAngle1": 0,
  "HeightProfileRectangleAngle2": 0,
  "RevealDepthRectangleAngle1": 0,
  "RevealDepthRectangleAngle2": 0,
  "RevealDepthRectangleAngle12": 0,
  "InstallationPosition": 0,
  "RecommendedDriveArticleNo": 0,
  "System": "",
  "AkippOrAtilt": 7.775450099124464,
  "AdrehOrAturn": 2.46,
  "Ageo": 2.1505097891814806,
  "MinPullingForceMax": 499.0591387590513,
  "MinPushingForceMax": 1015.874071679035,
  "MinPullingForcePermanent": 1006.9816337368769,
  "MinPushingForcePermanent": 1006.9816337368769,
  "ForceWithNegativeWind": 1002.5354147657979,
  "ForceWithNoWindMin": 133.37475616788768,
  "ForceWithNegativeWindMin": -49.4674351276941,
  "ForceWithWindMin": 499.0591387590513,
  "Id": "9d2fd836-3e64-4ad6-88ee-0a202b8cecb6",
  "CreatedOn": "0001-01-01T00:00:00",
  "CreatedBy": "579816e4-6653-4794-b435-a885f32e28d7",
  "ModifiedOn": "2024-12-05T08:24:30.5706745+00:00",
  "ModifiedBy": "579816e4-6653-4794-b435-a885f32e28d7"
}

13:54:33.189 [main] INFO  com.intuit.karate - VentWeight from API Response: 102 
13:54:33.191 [main] INFO  com.intuit.karate - Rounded Opening Angle: 74.0 
13:54:33.192 [main] INFO  com.intuit.karate - Rounded Ageo: 2.15 
13:54:33.192 [main] INFO  com.intuit.karate - Rounded Required Opening Stroke: 1204.0 
13:54:33.192 [main] INFO  com.intuit.karate - Rounded Vent Weight: 102.0 
13:54:33.194 [main] DEBUG com.intuit.karate - request:
2 > GET https://dev-drivetec-apis.schuecodigitalsolutions.com/Config/9d2fd836-3e64-4ad6-88ee-0a202b8cecb6/Drive
2 > Host: dev-drivetec-apis.schuecodigitalsolutions.com
2 > Connection: Keep-Alive
2 > User-Agent: Apache-HttpClient/4.5.14 (Java/17.0.12)
2 > Accept-Encoding: gzip,deflate


13:54:33.890 [main] DEBUG com.intuit.karate - response time in milliseconds: 696
2 < 200
2 < Content-Type: application/json; charset=utf-8
2 < Date: Thu, 05 Dec 2024 08:24:30 GMT
2 < Server: Microsoft-IIS/10.0
2 < X-Powered-By: ASP.NET
2 < Content-Length: 3704
2 < Connection: keep-alive
[
  {
    "Name": "Locking actuator roof",
    "Bezeichnung": "Verr.antrieb Dachf 600N",
    "ConfigurationId": "00000000-0000-0000-0000-000000000000",
    "Description": "",
    "Application": "",
    "ApplicationFacade": false,
    "ApplicationSkylight": true,
    "Type": 5,
    "OpeningType": 0,
    "BottomHungInward": false,
    "BottomHungOutward": true,
    "SideHungInward": false,
    "SideHungOutward": false,
    "TopHungInward": false,
    "TopHungOutward": true,
    "ProjectedTopHungInward": false,
    "ProjectedTopHungOutward": false,
    "InstallationType": "",
    "ITMainOutFrmMountWBracket": true,
    "ITMainFixOutFrmMount": false,
    "ITMainVentFrmMount": false,
    "ITSideMount50": true,
    "ITSideMount60": true,
    "ITSideMount70": true,
    "ITSideMount80": true,
    "ITSideMount67": false,
    "Feature": "",
    "FeatureOpenClose": true,
    "FeatureLock": false,
    "ArticleNumber": 291954,
    "Stroke": 0,
    "Angle": 0,
    "Voltage": null,
    "Voltage24": true,
    "Voltage230": false,
    "RatedCurrent": 0,
    "BreakingCurrent": 0,
    "PullingForceMax": 0,
    "PushingForceMax": 0,
    "PullingForceMaxWithNegativeWind": 0,
    "PushingForceMaxWithNegativeWind": 0,
    "PushingForcePermanent": 0,
    "PullingForcePermanent": 0,
    "MinPullingForceMax": 0,
    "MinPushingForceMax": 0,
    "MinPullingForcePermanent": 0,
    "MinPushingForcePermanent": 0,
    "Price": 225.16,
    "DriveLength": 0,
    "ChainDrive": 0,
    "ChainDrive2": 0,
    "MaxLengthMainClosingEdge1Drive": 0,
    "MaxGeometricArea": 0,
    "GeometricalSmokeExhaustion": 0,
    "TotalGlassThickness": 0,
    "Dimensions": 0,
    "DimensionsWxHxD": "415 x 26 x 26",
    "TensileForce": 0,
    "LockingForce": 0,
    "Details_DE": "<ul> <li>Bemessungsspannung: 24 V DC (19 V … 28 V)</li> <li>Abschaltstrom: ~1,0 A</li> <li>Bemessungsstrom: 0,6 A</li> <li>Bemessungsaufnahme: 15 W</li> <li>Schutzart: IP 32</li><li>Zug-/Schubkraft: max. 600 N</li> <li>Umgebungstemperatur: -5°C bis + 60°C</li> <li>Anschlussleitung: Halogenfrei, grau 3x 0,5mm², ~3m</li> <li>Laufzeit: ~ 5s</li><li>Hub: ~ 18mm</li> </ul>",
    "Details_EN": "<ul> <li>Rated voltage : 24 V DC (19 V … 28 V</li> <li>Breaking current : ~1,0 A</li> <li>Rated current : 0,6 A</li> <li>Rated consumption : 15 W</li> <li>Protection rating : IP 32</li><li>Traction/ thrust : max. 600 N</li> <li>Ambient temperature: -5°C bis + 60°C</li> <li>Connecting cable: halogen-free, grey 3 x 0,5mm², ~3m</li> <li>Running time: ~ 5s</li><li>Stroke: ~ 18mm</li> </ul>",
    "Einsatz": "<ul> <li>Anwendung: Lüftung, NRA</li><li>Integrierte intelligente Regelelektronik</li></ul>",
    "Use": "<ul> <li>Application: ventilation, natural smoke ventilation</li> <li>Integrated intelligent control electronics</li></ul>",
    "Ausstattung": "<ul><li>Laufrichtung einstellbar</li></ul>",
    "Equipment": "<ul><li>Running direction adjustable</li></ul>",
    "Optionen": "<ul> <li>Mitnehmer objekt-/profilspezifisch anpassbar</li></ul>",
    "Options": "<ul> <li>Coupling adapter customizable for project-/profile-specific demands</li></ul>",
    "IsTwoPce": false,
    "ResultVentWeight": 0,
    "IsLsRsDrive": false,
    "ArticleNumberRs": 0,
    "TwoDrivesSideInstallation50": 0,
    "TwoDrivesSideInstallation60": 0,
    "TwoDrivesSideInstallation70": 0,
    "TwoDrivesSideInstallation80": 0,
    "OpeningSpeedmms": 0,
    "Traction": 0,
    "Thrust": 0,
    "Id": "2b6ffe33-0cb6-494e-a561-679dc2adeb63",
    "CreatedOn": "2024-09-26T13:55:26.817Z",
    "CreatedBy": "",
    "ModifiedOn": "2024-09-26T13:55:26.817Z",
    "ModifiedBy": ""
  }
]

13:54:33.895 [main] INFO  com.intuit.karate - Expected RecommDrive: Locking actuator roof 
13:54:33.895 [main] INFO  com.intuit.karate - Actual RecommDrive: Locking actuator roof 
13:54:33.895 [main] INFO  com.intuit.karate - Normalized Actual RecommDrive: Locking actuator roof 
13:54:33.895 [main] INFO  com.intuit.karate - Normalized Expected RecommDrive: Locking actuator roof 
13:54:33.896 [main] INFO  com.intuit.karate - All Drive IDs: [
  "2b6ffe33-0cb6-494e-a561-679dc2adeb63"
]
 
13:54:33.896 [main] INFO  com.intuit.karate - First Drive ID: 2b6ffe33-0cb6-494e-a561-679dc2adeb63 
13:54:33.898 [main] DEBUG com.intuit.karate - request:
3 > POST https://dev-drivetec-apis.schuecodigitalsolutions.com/api/Drives/DownloadPDFNew/Schuco
3 > Content-Type: application/json; charset=UTF-8
3 > Content-Length: 1194
3 > Host: dev-drivetec-apis.schuecodigitalsolutions.com
3 > Connection: Keep-Alive
3 > User-Agent: Apache-HttpClient/4.5.14 (Java/17.0.12)
3 > Accept-Encoding: gzip,deflate
[{"Id":"configId","Header":"configId","Value":"9d2fd836-3e64-4ad6-88ee-0a202b8cecb6"},{"Id":"driveId","Header":"driveId","Value":"2b6ffe33-0cb6-494e-a561-679dc2adeb63"},{"Id":"culture","Header":"culture","Value":"EN-US"},{"Id":"projectId","Header":"projectId","Value":"2afcf090-6588-4022-aa5e-49fca51f940e"},{"Id":"range-of-app","Header":"Range of application","Value":"Façade"},{"Id":"opening-type","Header":"Opening type","Value":"Bottom-hung vent"},{"Id":"opening-direction","Header":"Opening direction","Value":"Inward"},{"Id":"how-calc-weight","Header":"Vent weight","Value":"Weight including glass"},{"Id":"Chain-Length","Header":"Chain- \/ connecting rod handle","Value":"100%"},{"Id":"drive-position","Header":"Drive position","Value":"Side installation"},{"Id":"locking-mechanism","Header":"Locking mechanism","Value":"With"},{"Id":"voltage","Header":"Voltage","Value":"24 V"},{"Id":"drive-type","Header":"Drive type","Value":"Chain drive"},{"Id":"type-installation","Header":"Type of installation","Value":"Pivoting Outer Frame Installation"},{"Id":"calculation-type-for-ventilation-area","Header":"Calculation type for ventilation area","Value":"Method in accordance with ASR 3.6"}]

13:54:35.409 [main] DEBUG com.intuit.karate - response time in milliseconds: 1509
3 < 200
3 < Content-Type: application/json; charset=utf-8
3 < Date: Thu, 05 Dec 2024 08:24:32 GMT
3 < Server: Microsoft-IIS/10.0
3 < X-Powered-By: ASP.NET
3 < Content-Length: 278
3 < Connection: keep-alive
{
  "result": "https://drive-tec-dev.s3.amazonaws.com/AUT_TPJ33518-Locking_actuator_roof.pdf?AWSAccessKeyId=AKIAZAWIART4ZFAXXPHK&Expires=1733390673&response-content-disposition=attachment%3B&response-content-type=application%2Fpdf&Signature=y%2Bn53k9hOtDI8LkXWLcufDN5MO8%3D"
}

13:54:35.410 [main] INFO  com.intuit.karate - Download URL for first driveId: https://drive-tec-dev.s3.amazonaws.com/AUT_TPJ33518-Locking_actuator_roof.pdf?AWSAccessKeyId=AKIAZAWIART4ZFAXXPHK&Expires=1733390673&response-content-disposition=attachment%3B&response-content-type=application%2Fpdf&Signature=y%2Bn53k9hOtDI8LkXWLcufDN5MO8%3D 
13:54:35.415 [main] INFO  com.intuit.karate - karate.env system property was: null 
13:54:35.416 [main] INFO  com.intuit.karate - Running test for dataset:  Dataset39 
13:54:35.419 [main] INFO  com.intuit.karate - Using ProjectId:  {
  "result": {
    "projectId": "prjId"
  },
  "projectPayload": {
    "Id": "579816e4-6653-4794-b435-a885f32e28d7",
    "Name": "AUT_TPJ33518",
    "Address": "Hyderabad, Telangana, India",
    "Description": "",
    "CreatedBy": "579816e4-6653-4794-b435-a885f32e28d7",
    "ModifiedBy": "579816e4-6653-4794-b435-a885f32e28d7"
  },
  "uniqueName": "AUT_TPJ33518",
  "responseHeaders": {
    "Content-Type": [
      "application/json; charset=utf-8"
    ],
    "Date": [
      "Thu, 05 Dec 2024 08:22:12 GMT"
    ],
    "Server": [
      "Microsoft-IIS/10.0"
    ],
    "X-Powered-By": [
      "ASP.NET"
    ],
    "transfer-encoding": [
      "chunked"
    ],
    "Connection": [
      "keep-alive"
    ],
    "Set-Cookie": [
    ]
  },
  "responseTime": 841,
  "response": {
    "Name": "AUT_TPJ33518",
    "Description": "",
    "Address": "Hyderabad, Telangana, India",
    "Id": "2afcf090-6588-4022-aa5e-49fca51f940e",
    "CreatedOn": "2024-12-05T08:22:11.998251+00:00",
    "CreatedBy": "579816e4-6653-4794-b435-a885f32e28d7",
    "ModifiedOn": "2024-12-05T08:22:11.9982526+00:00",
    "ModifiedBy": ""
  },
  "responseStatus": 200,
  "prjId": "2afcf090-6588-4022-aa5e-49fca51f940e",
  "projectId": "2afcf090-6588-4022-aa5e-49fca51f940e"
}
 
13:54:35.422 [main] DEBUG com.intuit.karate - request:
1 > POST https://dev-drivetec-apis.schuecodigitalsolutions.com/Configurations
1 > Content-Type: application/json; charset=UTF-8
1 > Content-Length: 1275
1 > Host: dev-drivetec-apis.schuecodigitalsolutions.com
1 > Connection: Keep-Alive
1 > User-Agent: Apache-HttpClient/4.5.14 (Java/17.0.12)
1 > Accept-Encoding: gzip,deflate
{"Id":"00000000-0000-0000-0000-000000000000","ProjectId":"2afcf090-6588-4022-aa5e-49fca51f940e","Name":"Dataset5422","Description":"Dataset5422","CustomTags":"","CreatedBy":"579816e4-6653-4794-b435-a885f32e28d7","ModifiedBy":"579816e4-6653-4794-b435-a885f32e28d7","ApplicationName":1,"System":"","FacadeInclination":0,"OpeningType":1,"OpeningDirection":1,"OpeningWidth":1000,"VentOuterWidth":1230,"VentOuterHeight":1480,"VentWeight":70,"CalculateWeightWithGlass":false,"WeightIncGlassOrThickness":false,"GlassThickness":14,"ProfileWeightPerSerialMeter":2.5,"IsWindowOpeningCalculationByAngle":1,"RequiredOpeningStroke":400,"OpeningAngle":15,"WindLoad":120,"SnowLoad":0,"DrivePosition":2,"InstallationPosition":1,"ChainLengthConnectingRodHandle":5,"LockingMechanism":1,"Voltage":1,"DriveType":1,"TypeOfInstallation":2,"CalculationTypeForVentilation":1,"CalcVentilation":1,"GeometricArea":1,"SpecificExhaustDimension":30,"BuildingDepth":75,"RevealDepth":0,"RevealDepthRectangleAngle1":0,"RevealDepthRectangleAngle2":0,"HeightOfProfile":0,"HeightProfileRectangleAngle1":0,"HeightProfileRectangleAngle2":0,"AkippOrAtilt":0,"AdrehOrAturn":0,"Ageo":0,"MinPullingForceMax":0,"MinPushingForceMax":0,"MinPullingForcePermanent":0,"MinPushingForcePermanent":0,"ForceWithNegativeWind":0}

13:54:36.074 [main] DEBUG com.intuit.karate - response time in milliseconds: 651
1 < 200
1 < Content-Type: application/json; charset=utf-8
1 < Date: Thu, 05 Dec 2024 08:24:32 GMT
1 < Server: Microsoft-IIS/10.0
1 < X-Powered-By: ASP.NET
1 < Content-Length: 2032
1 < Connection: keep-alive
{
  "ProjectId": "2afcf090-6588-4022-aa5e-49fca51f940e",
  "Name": "Dataset5422",
  "Description": "Dataset5422",
  "CustomTags": "",
  "ApplicationName": 1,
  "OpeningType": 1,
  "OpeningDirection": 1,
  "CalculateWeightWithGlass": false,
  "WindLoad": 120,
  "IsWindowOpeningCalculationByAngle": 1,
  "VentOuterWidth": 1230,
  "VentOuterHeight": 1480,
  "WeightIncGlassOrThickness": false,
  "VentWeight": 77,
  "VentWeightExact": 77.26400000000001,
  "GlassThickness": 14,
  "ProfileWeightPerSerialMeter": 2.5,
  "FacadeInclination": 0,
  "ChainLengthConnectingRodHandle": 5,
  "ChainLenghtConnectingRodHandle": 0,
  "RequiredOpeningStroke": 400,
  "OpeningWidth": 1000,
  "OpeningAngle": 15.532868337024489,
  "SpecificExhaustDimension": 30,
  "BuildingDepth": 75,
  "SnowLoad": 0,
  "DistanceHinge": 0,
  "RatedCurrent": 0,
  "DrivePosition": 2,
  "LockingMechanism": 1,
  "Voltage": 1,
  "DriveType": 1,
  "TypeOfInstallation": 2,
  "GeometricArea": 0,
  "CalculationTypeForVentilation": 1,
  "HeightOfProfile": 0,
  "Reveal": 0,
  "RevealDepth": 0,
  "HeightProfileRectangleAngle1": 0,
  "HeightProfileRectangleAngle2": 0,
  "RevealDepthRectangleAngle1": 0,
  "RevealDepthRectangleAngle2": 0,
  "RevealDepthRectangleAngle12": 0,
  "InstallationPosition": 0,
  "RecommendedDriveArticleNo": 0,
  "System": "",
  "AkippOrAtilt": 1.084,
  "AdrehOrAturn": 1.8204,
  "Ageo": 1.084,
  "MinPullingForceMax": -206.4868442161654,
  "MinPushingForceMax": -206.4868442161654,
  "MinPullingForcePermanent": -104.11163259218097,
  "MinPushingForcePermanent": -104.11163259218097,
  "ForceWithNegativeWind": 109.53156767199486,
  "ForceWithNoWindMin": 0.30763693489047433,
  "ForceWithNegativeWindMin": 0,
  "ForceWithWindMin": -108.91629380221393,
  "Id": "848d5a5f-18f8-4d50-b3b9-c064054e0ae6",
  "CreatedOn": "2024-12-05T08:24:33.5922442+00:00",
  "CreatedBy": "579816e4-6653-4794-b435-a885f32e28d7",
  "ModifiedOn": "2024-12-05T08:24:33.5922454+00:00",
  "ModifiedBy": ""
}

13:54:36.075 [main] INFO  com.intuit.karate - Generated Config ID: 848d5a5f-18f8-4d50-b3b9-c064054e0ae6 
13:54:36.075 [main] INFO  com.intuit.karate - Generated Name: Dataset5422 
13:54:36.075 [main] INFO  com.intuit.karate - Generated Description: Dataset5422 
13:54:36.079 [main] DEBUG com.intuit.karate - request:
1 > PUT https://dev-drivetec-apis.schuecodigitalsolutions.com/Configurations
1 > Content-Type: application/json; charset=UTF-8
1 > Content-Length: 1277
1 > Host: dev-drivetec-apis.schuecodigitalsolutions.com
1 > Connection: Keep-Alive
1 > User-Agent: Apache-HttpClient/4.5.14 (Java/17.0.12)
1 > Accept-Encoding: gzip,deflate
{"Id":"848d5a5f-18f8-4d50-b3b9-c064054e0ae6","Name":"Dataset39","Description":"Dataset5422","ProjectId":"2afcf090-6588-4022-aa5e-49fca51f940e","CustomTags":"","CreatedBy":"579816e4-6653-4794-b435-a885f32e28d7","ModifiedBy":"579816e4-6653-4794-b435-a885f32e28d7","System":"","FacadeInclination":10,"OpeningType":5,"OpeningDirection":1,"OpeningWidth":1000,"VentOuterWidth":1230,"VentOuterHeight":2000,"VentWeight":0,"CalculateWeightWithGlass":false,"RequiredOpeningStroke":400,"WindLoad":120,"SnowLoad":0,"IsWindowOpeningCalculationByAngle":2,"GlassThickness":14,"ProfileWeightPerSerialMeter":2.5,"DrivePosition":1,"InstallationPosition":0,"LockingMechanism":1,"Voltage":1,"DriveType":3,"TypeOfInstallation":2,"GeometricArea":0,"CalcVentilation":2,"SpecificExhaustDimension":30,"BuildingDepth":75,"CalculationTypeForVentilation":2,"HeightOfProfile":30,"HeightProfileRectangleAngle1":0,"HeightProfileRectangleAngle2":0,"RevealDepth":1000,"RevealDepthRectangleAngle1":0,"RevealDepthRectangleAngle2":0,"ChainLengthConnectingRodHandle":1,"ApplicationName":2,"OpeningAngle":73,"WeightIncGlassOrThickness":false,"AkippOrAtilt":0,"AdrehOrAturn":0,"Ageo":0,"MinPullingForceMax":0,"MinPushingForceMax":0,"MinPullingForcePermanent":0,"MinPushingForcePermanent":0,"ForceWithNegativeWind":0}

13:54:36.743 [main] DEBUG com.intuit.karate - response time in milliseconds: 663
1 < 200
1 < Content-Type: application/json; charset=utf-8
1 < Date: Thu, 05 Dec 2024 08:24:34 GMT
1 < Server: Microsoft-IIS/10.0
1 < X-Powered-By: ASP.NET
1 < Content-Length: 2077
1 < Connection: keep-alive
{
  "ProjectId": "2afcf090-6588-4022-aa5e-49fca51f940e",
  "Name": "Dataset39",
  "Description": "Dataset5422",
  "CustomTags": "",
  "ApplicationName": 2,
  "OpeningType": 5,
  "OpeningDirection": 1,
  "CalculateWeightWithGlass": false,
  "WindLoad": 120,
  "IsWindowOpeningCalculationByAngle": 2,
  "VentOuterWidth": 1230,
  "VentOuterHeight": 2000,
  "WeightIncGlassOrThickness": false,
  "VentWeight": 102,
  "VentWeightExact": 102.25,
  "GlassThickness": 14,
  "ProfileWeightPerSerialMeter": 2.5,
  "FacadeInclination": 10,
  "ChainLengthConnectingRodHandle": 1,
  "ChainLenghtConnectingRodHandle": 0,
  "RequiredOpeningStroke": 1189.6455735026825,
  "OpeningWidth": 1000,
  "OpeningAngle": 73,
  "SpecificExhaustDimension": 30,
  "BuildingDepth": 75,
  "SnowLoad": 0,
  "DistanceHinge": 0,
  "RatedCurrent": 0,
  "DrivePosition": 1,
  "LockingMechanism": 1,
  "Voltage": 1,
  "DriveType": 3,
  "TypeOfInstallation": 2,
  "GeometricArea": 0,
  "CalculationTypeForVentilation": 2,
  "HeightOfProfile": 30,
  "Reveal": 0,
  "RevealDepth": 1000,
  "HeightProfileRectangleAngle1": 0,
  "HeightProfileRectangleAngle2": 0,
  "RevealDepthRectangleAngle1": 0,
  "RevealDepthRectangleAngle2": 0,
  "RevealDepthRectangleAngle12": 0,
  "InstallationPosition": 0,
  "RecommendedDriveArticleNo": 0,
  "System": "",
  "AkippOrAtilt": 7.68511040482733,
  "AdrehOrAturn": 2.46,
  "Ageo": 2.1435158852847755,
  "MinPullingForceMax": 516.4628607013776,
  "MinPushingForceMax": 1015.874071679035,
  "MinPullingForcePermanent": 1006.9816337368769,
  "MinPushingForcePermanent": 1006.9816337368769,
  "ForceWithNegativeWind": 1002.5354147657979,
  "ForceWithNoWindMin": 154.59713331925406,
  "ForceWithNegativeWindMin": -26.3357303718077,
  "ForceWithWindMin": 516.4628607013776,
  "Id": "848d5a5f-18f8-4d50-b3b9-c064054e0ae6",
  "CreatedOn": "0001-01-01T00:00:00",
  "CreatedBy": "579816e4-6653-4794-b435-a885f32e28d7",
  "ModifiedOn": "2024-12-05T08:24:34.2432628+00:00",
  "ModifiedBy": "579816e4-6653-4794-b435-a885f32e28d7"
}

13:54:36.744 [main] INFO  com.intuit.karate - VentWeight from API Response: 102 
13:54:36.745 [main] INFO  com.intuit.karate - Rounded Opening Angle: 73.0 
13:54:36.746 [main] INFO  com.intuit.karate - Rounded Ageo: 2.14 
13:54:36.746 [main] INFO  com.intuit.karate - Rounded Required Opening Stroke: 1190.0 
13:54:36.746 [main] INFO  com.intuit.karate - Rounded Vent Weight: 102.0 
13:54:36.748 [main] DEBUG com.intuit.karate - request:
2 > GET https://dev-drivetec-apis.schuecodigitalsolutions.com/Config/848d5a5f-18f8-4d50-b3b9-c064054e0ae6/Drive
2 > Host: dev-drivetec-apis.schuecodigitalsolutions.com
2 > Connection: Keep-Alive
2 > User-Agent: Apache-HttpClient/4.5.14 (Java/17.0.12)
2 > Accept-Encoding: gzip,deflate


13:54:37.418 [main] DEBUG com.intuit.karate - response time in milliseconds: 668
2 < 200
2 < Content-Type: application/json; charset=utf-8
2 < Date: Thu, 05 Dec 2024 08:24:34 GMT
2 < Server: Microsoft-IIS/10.0
2 < X-Powered-By: ASP.NET
2 < Content-Length: 8198
2 < Connection: keep-alive
[
  {
    "Name": "Linear drive LDH15 L1200",
    "Bezeichnung": "Linearantrieb LDH15 L1200",
    "ConfigurationId": "00000000-0000-0000-0000-000000000000",
    "Description": "",
    "Application": "Roof",
    "ApplicationFacade": false,
    "ApplicationSkylight": true,
    "Type": 2,
    "OpeningType": 0,
    "BottomHungInward": false,
    "BottomHungOutward": true,
    "SideHungInward": false,
    "SideHungOutward": false,
    "TopHungInward": false,
    "TopHungOutward": true,
    "ProjectedTopHungInward": false,
    "ProjectedTopHungOutward": false,
    "InstallationType": "",
    "ITMainOutFrmMountWBracket": true,
    "ITMainFixOutFrmMount": false,
    "ITMainVentFrmMount": false,
    "ITSideMount50": true,
    "ITSideMount60": true,
    "ITSideMount70": true,
    "ITSideMount80": true,
    "ITSideMount67": false,
    "Feature": "",
    "FeatureOpenClose": true,
    "FeatureLock": true,
    "ArticleNumber": 291943,
    "Stroke": 1200,
    "Angle": 0,
    "Voltage": "24 V DC",
    "Voltage24": true,
    "Voltage230": false,
    "RatedCurrent": 3,
    "BreakingCurrent": 4,
    "PullingForceMax": 1500,
    "PushingForceMax": 1500,
    "PullingForceMaxWithNegativeWind": 0,
    "PushingForceMaxWithNegativeWind": 0,
    "PushingForcePermanent": 1000,
    "PullingForcePermanent": 1000,
    "MinPullingForceMax": 0,
    "MinPushingForceMax": 1015.87,
    "MinPullingForcePermanent": 0,
    "MinPushingForcePermanent": 1006.98,
    "Price": 1743.74,
    "DriveLength": 0,
    "ChainDrive": 450,
    "ChainDrive2": 450,
    "MaxLengthMainClosingEdge1Drive": 2100,
    "MaxGeometricArea": 2,
    "GeometricalSmokeExhaustion": 0,
    "TotalGlassThickness": 14,
    "Dimensions": 0,
    "DimensionsWxHxD": "1641 x Ø50",
    "TensileForce": 0,
    "LockingForce": 0,
    "Details_DE": "<ul> <li>Bemessungsspannung: 24 V DC (19 V … 28 V)</li><li>Abschaltstrom: 4,0 A</li><li>Bemessungsstrom: 3,0 A</li><li>Bemessungsaufnahme: 72 W</li><li>Schutzart: IP 54</li> <li>Zug-/Schubkraft: max. 1500 N</li><li>Umgebungstemperatur: -5°C bis + 60°C</li><li>Anschlussleitung: Halogenfrei, grau 3 x 1mm², ~3m</li><li>Max. Geschwindigkeit: 16 mm/s</li></ul>",
    "Details_EN": "<ul> <li>Rated voltage: 24 V DC (19 V … 28 V)</li> <li>Breaking current: 4.0 A</li> <li>Rated current: 3.0 A</li> <li>Rated consumption: 72 W</li> <li>Protection rating: IP 54</li><li>Traction/ thrust: max. 1500N</li> <li>Ambient temperature: -5°C to + 60°C</li> <li>Connecting cable: halogen-free, grey 3 x 1mm², ~3m</li> <li>Max. speed: 16 mm/s</li> </ul>",
    "Einsatz": "<ul> <li>Anwendung: Lüftung, NRA</li><li>Integrierte intelligente Regelelektronik</li></ul>",
    "Use": "<ul> <li>Application: ventilation, natural smoke ventilation</li><li>Integrated intelligent control electronics</li></ul>",
    "Ausstattung": "<ul> <li>Robuste korrosionsbeständige Ausführung in eloxierten Aluminiumgehäuse</li><li>Montagefreundlich durch verstellbaren Klemmring</li><li>Spindel aus Edelstahl, kugelgelagert mit Endlagendämpfung</li><li>Mit Goretex Membrane</li></ul>",
    "Equipment": "<ul> <li>Robust, corrosion-resistant design in anodized casing</li><li>Easy installation thanks to adjustable clamping ring</li><li>Stainless steel spindle on ball bearings with end position cushioning</li><li>with Goretex membrane</li></ul>",
    "Optionen": "<ul> <li>Programmierung von Sonderfunktionen</li><li>Programmierbare Parameter der Regelelektronik</li><li>Schüco Kontroller zur automatischen Konfiguration von Synchronlauf und Folgesteuerungen mit Verriegelungsantrieb in Antriebs-Verbundsystem</li></ul>",
    "Options": "<ul> <li>Programming of special functions</li><li>Programmable parameters of intelligent control electronics</li><li>Schüco controller for automatic configuration of synchronous running and sequence control with locking drives in composite drive systems</li></ul>",
    "IsTwoPce": true,
    "ResultVentWeight": 102.25,
    "IsLsRsDrive": false,
    "ArticleNumberRs": 0,
    "TwoDrivesSideInstallation50": 1730,
    "TwoDrivesSideInstallation60": 1445,
    "TwoDrivesSideInstallation70": 1240,
    "TwoDrivesSideInstallation80": 1085,
    "OpeningSpeedmms": 16,
    "Traction": 1000,
    "Thrust": 1500,
    "Id": "b0d3da1b-c763-4e4a-a932-b44e7d863a2e",
    "CreatedOn": "2024-09-26T13:55:26.818Z",
    "CreatedBy": "",
    "ModifiedOn": "2024-09-26T13:55:26.818Z",
    "ModifiedBy": ""
  },
  {
    "Name": "Locking actuator roof",
    "Bezeichnung": "Verr.antrieb Dachf 600N",
    "ConfigurationId": "00000000-0000-0000-0000-000000000000",
    "Description": "",
    "Application": "",
    "ApplicationFacade": false,
    "ApplicationSkylight": true,
    "Type": 5,
    "OpeningType": 0,
    "BottomHungInward": false,
    "BottomHungOutward": true,
    "SideHungInward": false,
    "SideHungOutward": false,
    "TopHungInward": false,
    "TopHungOutward": true,
    "ProjectedTopHungInward": false,
    "ProjectedTopHungOutward": false,
    "InstallationType": "",
    "ITMainOutFrmMountWBracket": true,
    "ITMainFixOutFrmMount": false,
    "ITMainVentFrmMount": false,
    "ITSideMount50": true,
    "ITSideMount60": true,
    "ITSideMount70": true,
    "ITSideMount80": true,
    "ITSideMount67": false,
    "Feature": "",
    "FeatureOpenClose": true,
    "FeatureLock": false,
    "ArticleNumber": 291954,
    "Stroke": 0,
    "Angle": 0,
    "Voltage": null,
    "Voltage24": true,
    "Voltage230": false,
    "RatedCurrent": 0,
    "BreakingCurrent": 0,
    "PullingForceMax": 0,
    "PushingForceMax": 0,
    "PullingForceMaxWithNegativeWind": 0,
    "PushingForceMaxWithNegativeWind": 0,
    "PushingForcePermanent": 0,
    "PullingForcePermanent": 0,
    "MinPullingForceMax": 0,
    "MinPushingForceMax": 0,
    "MinPullingForcePermanent": 0,
    "MinPushingForcePermanent": 0,
    "Price": 225.16,
    "DriveLength": 0,
    "ChainDrive": 0,
    "ChainDrive2": 0,
    "MaxLengthMainClosingEdge1Drive": 0,
    "MaxGeometricArea": 0,
    "GeometricalSmokeExhaustion": 0,
    "TotalGlassThickness": 0,
    "Dimensions": 0,
    "DimensionsWxHxD": "415 x 26 x 26",
    "TensileForce": 0,
    "LockingForce": 0,
    "Details_DE": "<ul> <li>Bemessungsspannung: 24 V DC (19 V … 28 V)</li> <li>Abschaltstrom: ~1,0 A</li> <li>Bemessungsstrom: 0,6 A</li> <li>Bemessungsaufnahme: 15 W</li> <li>Schutzart: IP 32</li><li>Zug-/Schubkraft: max. 600 N</li> <li>Umgebungstemperatur: -5°C bis + 60°C</li> <li>Anschlussleitung: Halogenfrei, grau 3x 0,5mm², ~3m</li> <li>Laufzeit: ~ 5s</li><li>Hub: ~ 18mm</li> </ul>",
    "Details_EN": "<ul> <li>Rated voltage : 24 V DC (19 V … 28 V</li> <li>Breaking current : ~1,0 A</li> <li>Rated current : 0,6 A</li> <li>Rated consumption : 15 W</li> <li>Protection rating : IP 32</li><li>Traction/ thrust : max. 600 N</li> <li>Ambient temperature: -5°C bis + 60°C</li> <li>Connecting cable: halogen-free, grey 3 x 0,5mm², ~3m</li> <li>Running time: ~ 5s</li><li>Stroke: ~ 18mm</li> </ul>",
    "Einsatz": "<ul> <li>Anwendung: Lüftung, NRA</li><li>Integrierte intelligente Regelelektronik</li></ul>",
    "Use": "<ul> <li>Application: ventilation, natural smoke ventilation</li> <li>Integrated intelligent control electronics</li></ul>",
    "Ausstattung": "<ul><li>Laufrichtung einstellbar</li></ul>",
    "Equipment": "<ul><li>Running direction adjustable</li></ul>",
    "Optionen": "<ul> <li>Mitnehmer objekt-/profilspezifisch anpassbar</li></ul>",
    "Options": "<ul> <li>Coupling adapter customizable for project-/profile-specific demands</li></ul>",
    "IsTwoPce": false,
    "ResultVentWeight": 0,
    "IsLsRsDrive": false,
    "ArticleNumberRs": 0,
    "TwoDrivesSideInstallation50": 0,
    "TwoDrivesSideInstallation60": 0,
    "TwoDrivesSideInstallation70": 0,
    "TwoDrivesSideInstallation80": 0,
    "OpeningSpeedmms": 0,
    "Traction": 0,
    "Thrust": 0,
    "Id": "2b6ffe33-0cb6-494e-a561-679dc2adeb63",
    "CreatedOn": "2024-09-26T13:55:26.817Z",
    "CreatedBy": "",
    "ModifiedOn": "2024-09-26T13:55:26.817Z",
    "ModifiedBy": ""
  }
]

13:54:37.422 [main] INFO  com.intuit.karate - Expected RecommDrive: Linear drive LDH15 L1200,Locking actuator roof 
13:54:37.422 [main] INFO  com.intuit.karate - Actual RecommDrive: Linear drive LDH15 L1200, Locking actuator roof 
13:54:37.422 [main] INFO  com.intuit.karate - Normalized Actual RecommDrive: Linear drive LDH15 L1200,Locking actuator roof 
13:54:37.422 [main] INFO  com.intuit.karate - Normalized Expected RecommDrive: Linear drive LDH15 L1200,Locking actuator roof 
13:54:37.423 [main] INFO  com.intuit.karate - All Drive IDs: [
  "b0d3da1b-c763-4e4a-a932-b44e7d863a2e",
  "2b6ffe33-0cb6-494e-a561-679dc2adeb63"
]
 
13:54:37.423 [main] INFO  com.intuit.karate - First Drive ID: b0d3da1b-c763-4e4a-a932-b44e7d863a2e 
13:54:37.424 [main] DEBUG com.intuit.karate - request:
3 > POST https://dev-drivetec-apis.schuecodigitalsolutions.com/api/Drives/DownloadPDFNew/Schuco
3 > Content-Type: application/json; charset=UTF-8
3 > Content-Length: 1194
3 > Host: dev-drivetec-apis.schuecodigitalsolutions.com
3 > Connection: Keep-Alive
3 > User-Agent: Apache-HttpClient/4.5.14 (Java/17.0.12)
3 > Accept-Encoding: gzip,deflate
[{"Id":"configId","Header":"configId","Value":"848d5a5f-18f8-4d50-b3b9-c064054e0ae6"},{"Id":"driveId","Header":"driveId","Value":"b0d3da1b-c763-4e4a-a932-b44e7d863a2e"},{"Id":"culture","Header":"culture","Value":"EN-US"},{"Id":"projectId","Header":"projectId","Value":"2afcf090-6588-4022-aa5e-49fca51f940e"},{"Id":"range-of-app","Header":"Range of application","Value":"Façade"},{"Id":"opening-type","Header":"Opening type","Value":"Bottom-hung vent"},{"Id":"opening-direction","Header":"Opening direction","Value":"Inward"},{"Id":"how-calc-weight","Header":"Vent weight","Value":"Weight including glass"},{"Id":"Chain-Length","Header":"Chain- \/ connecting rod handle","Value":"100%"},{"Id":"drive-position","Header":"Drive position","Value":"Side installation"},{"Id":"locking-mechanism","Header":"Locking mechanism","Value":"With"},{"Id":"voltage","Header":"Voltage","Value":"24 V"},{"Id":"drive-type","Header":"Drive type","Value":"Chain drive"},{"Id":"type-installation","Header":"Type of installation","Value":"Pivoting Outer Frame Installation"},{"Id":"calculation-type-for-ventilation-area","Header":"Calculation type for ventilation area","Value":"Method in accordance with ASR 3.6"}]

13:54:39.052 [main] DEBUG com.intuit.karate - response time in milliseconds: 1626
3 < 200
3 < Content-Type: application/json; charset=utf-8
3 < Date: Thu, 05 Dec 2024 08:24:36 GMT
3 < Server: Microsoft-IIS/10.0
3 < X-Powered-By: ASP.NET
3 < Content-Length: 281
3 < Connection: keep-alive
{
  "result": "https://drive-tec-dev.s3.amazonaws.com/AUT_TPJ33518-Linear_drive_LDH15_L1200.pdf?AWSAccessKeyId=AKIAZAWIART4ZFAXXPHK&Expires=1733390677&response-content-disposition=attachment%3B&response-content-type=application%2Fpdf&Signature=SjtAekYAeQsNizsa5Wu%2BBtQKNr0%3D"
}

13:54:39.052 [main] INFO  com.intuit.karate - Download URL for first driveId: https://drive-tec-dev.s3.amazonaws.com/AUT_TPJ33518-Linear_drive_LDH15_L1200.pdf?AWSAccessKeyId=AKIAZAWIART4ZFAXXPHK&Expires=1733390677&response-content-disposition=attachment%3B&response-content-type=application%2Fpdf&Signature=SjtAekYAeQsNizsa5Wu%2BBtQKNr0%3D 
13:54:39.054 [main] INFO  com.intuit.karate - karate.env system property was: null 
13:54:39.055 [main] INFO  com.intuit.karate - Running test for dataset:  Dataset40 
13:54:39.059 [main] INFO  com.intuit.karate - Using ProjectId:  {
  "result": {
    "projectId": "prjId"
  },
  "projectPayload": {
    "Id": "579816e4-6653-4794-b435-a885f32e28d7",
    "Name": "AUT_TPJ33518",
    "Address": "Hyderabad, Telangana, India",
    "Description": "",
    "CreatedBy": "579816e4-6653-4794-b435-a885f32e28d7",
    "ModifiedBy": "579816e4-6653-4794-b435-a885f32e28d7"
  },
  "uniqueName": "AUT_TPJ33518",
  "responseHeaders": {
    "Content-Type": [
      "application/json; charset=utf-8"
    ],
    "Date": [
      "Thu, 05 Dec 2024 08:22:12 GMT"
    ],
    "Server": [
      "Microsoft-IIS/10.0"
    ],
    "X-Powered-By": [
      "ASP.NET"
    ],
    "transfer-encoding": [
      "chunked"
    ],
    "Connection": [
      "keep-alive"
    ],
    "Set-Cookie": [
    ]
  },
  "responseTime": 841,
  "response": {
    "Name": "AUT_TPJ33518",
    "Description": "",
    "Address": "Hyderabad, Telangana, India",
    "Id": "2afcf090-6588-4022-aa5e-49fca51f940e",
    "CreatedOn": "2024-12-05T08:22:11.998251+00:00",
    "CreatedBy": "579816e4-6653-4794-b435-a885f32e28d7",
    "ModifiedOn": "2024-12-05T08:22:11.9982526+00:00",
    "ModifiedBy": ""
  },
  "responseStatus": 200,
  "prjId": "2afcf090-6588-4022-aa5e-49fca51f940e",
  "projectId": "2afcf090-6588-4022-aa5e-49fca51f940e"
}
 
13:54:39.061 [main] DEBUG com.intuit.karate - request:
1 > POST https://dev-drivetec-apis.schuecodigitalsolutions.com/Configurations
1 > Content-Type: application/json; charset=UTF-8
1 > Content-Length: 1275
1 > Host: dev-drivetec-apis.schuecodigitalsolutions.com
1 > Connection: Keep-Alive
1 > User-Agent: Apache-HttpClient/4.5.14 (Java/17.0.12)
1 > Accept-Encoding: gzip,deflate
{"Id":"00000000-0000-0000-0000-000000000000","ProjectId":"2afcf090-6588-4022-aa5e-49fca51f940e","Name":"Dataset9061","Description":"Dataset9061","CustomTags":"","CreatedBy":"579816e4-6653-4794-b435-a885f32e28d7","ModifiedBy":"579816e4-6653-4794-b435-a885f32e28d7","ApplicationName":1,"System":"","FacadeInclination":0,"OpeningType":1,"OpeningDirection":1,"OpeningWidth":1000,"VentOuterWidth":1230,"VentOuterHeight":1480,"VentWeight":70,"CalculateWeightWithGlass":false,"WeightIncGlassOrThickness":false,"GlassThickness":14,"ProfileWeightPerSerialMeter":2.5,"IsWindowOpeningCalculationByAngle":1,"RequiredOpeningStroke":400,"OpeningAngle":15,"WindLoad":120,"SnowLoad":0,"DrivePosition":2,"InstallationPosition":1,"ChainLengthConnectingRodHandle":5,"LockingMechanism":1,"Voltage":1,"DriveType":1,"TypeOfInstallation":2,"CalculationTypeForVentilation":1,"CalcVentilation":1,"GeometricArea":1,"SpecificExhaustDimension":30,"BuildingDepth":75,"RevealDepth":0,"RevealDepthRectangleAngle1":0,"RevealDepthRectangleAngle2":0,"HeightOfProfile":0,"HeightProfileRectangleAngle1":0,"HeightProfileRectangleAngle2":0,"AkippOrAtilt":0,"AdrehOrAturn":0,"Ageo":0,"MinPullingForceMax":0,"MinPushingForceMax":0,"MinPullingForcePermanent":0,"MinPushingForcePermanent":0,"ForceWithNegativeWind":0}

13:54:39.705 [main] DEBUG com.intuit.karate - response time in milliseconds: 643
1 < 200
1 < Content-Type: application/json; charset=utf-8
1 < Date: Thu, 05 Dec 2024 08:24:36 GMT
1 < Server: Microsoft-IIS/10.0
1 < X-Powered-By: ASP.NET
1 < Content-Length: 2032
1 < Connection: keep-alive
{
  "ProjectId": "2afcf090-6588-4022-aa5e-49fca51f940e",
  "Name": "Dataset9061",
  "Description": "Dataset9061",
  "CustomTags": "",
  "ApplicationName": 1,
  "OpeningType": 1,
  "OpeningDirection": 1,
  "CalculateWeightWithGlass": false,
  "WindLoad": 120,
  "IsWindowOpeningCalculationByAngle": 1,
  "VentOuterWidth": 1230,
  "VentOuterHeight": 1480,
  "WeightIncGlassOrThickness": false,
  "VentWeight": 77,
  "VentWeightExact": 77.26400000000001,
  "GlassThickness": 14,
  "ProfileWeightPerSerialMeter": 2.5,
  "FacadeInclination": 0,
  "ChainLengthConnectingRodHandle": 5,
  "ChainLenghtConnectingRodHandle": 0,
  "RequiredOpeningStroke": 400,
  "OpeningWidth": 1000,
  "OpeningAngle": 15.532868337024489,
  "SpecificExhaustDimension": 30,
  "BuildingDepth": 75,
  "SnowLoad": 0,
  "DistanceHinge": 0,
  "RatedCurrent": 0,
  "DrivePosition": 2,
  "LockingMechanism": 1,
  "Voltage": 1,
  "DriveType": 1,
  "TypeOfInstallation": 2,
  "GeometricArea": 0,
  "CalculationTypeForVentilation": 1,
  "HeightOfProfile": 0,
  "Reveal": 0,
  "RevealDepth": 0,
  "HeightProfileRectangleAngle1": 0,
  "HeightProfileRectangleAngle2": 0,
  "RevealDepthRectangleAngle1": 0,
  "RevealDepthRectangleAngle2": 0,
  "RevealDepthRectangleAngle12": 0,
  "InstallationPosition": 0,
  "RecommendedDriveArticleNo": 0,
  "System": "",
  "AkippOrAtilt": 1.084,
  "AdrehOrAturn": 1.8204,
  "Ageo": 1.084,
  "MinPullingForceMax": -206.4868442161654,
  "MinPushingForceMax": -206.4868442161654,
  "MinPullingForcePermanent": -104.11163259218097,
  "MinPushingForcePermanent": -104.11163259218097,
  "ForceWithNegativeWind": 109.53156767199486,
  "ForceWithNoWindMin": 0.30763693489047433,
  "ForceWithNegativeWindMin": 0,
  "ForceWithWindMin": -108.91629380221393,
  "Id": "9fe9ba32-f338-4f16-81bd-215523e26dd6",
  "CreatedOn": "2024-12-05T08:24:37.2225525+00:00",
  "CreatedBy": "579816e4-6653-4794-b435-a885f32e28d7",
  "ModifiedOn": "2024-12-05T08:24:37.2225537+00:00",
  "ModifiedBy": ""
}

13:54:39.706 [main] INFO  com.intuit.karate - Generated Config ID: 9fe9ba32-f338-4f16-81bd-215523e26dd6 
13:54:39.706 [main] INFO  com.intuit.karate - Generated Name: Dataset9061 
13:54:39.706 [main] INFO  com.intuit.karate - Generated Description: Dataset9061 
13:54:39.709 [main] DEBUG com.intuit.karate - request:
1 > PUT https://dev-drivetec-apis.schuecodigitalsolutions.com/Configurations
1 > Content-Type: application/json; charset=UTF-8
1 > Content-Length: 1277
1 > Host: dev-drivetec-apis.schuecodigitalsolutions.com
1 > Connection: Keep-Alive
1 > User-Agent: Apache-HttpClient/4.5.14 (Java/17.0.12)
1 > Accept-Encoding: gzip,deflate
{"Id":"9fe9ba32-f338-4f16-81bd-215523e26dd6","Name":"Dataset40","Description":"Dataset9061","ProjectId":"2afcf090-6588-4022-aa5e-49fca51f940e","CustomTags":"","CreatedBy":"579816e4-6653-4794-b435-a885f32e28d7","ModifiedBy":"579816e4-6653-4794-b435-a885f32e28d7","System":"","FacadeInclination":10,"OpeningType":5,"OpeningDirection":1,"OpeningWidth":1000,"VentOuterWidth":1230,"VentOuterHeight":1000,"VentWeight":0,"CalculateWeightWithGlass":false,"RequiredOpeningStroke":750,"WindLoad":120,"SnowLoad":0,"IsWindowOpeningCalculationByAngle":1,"GlassThickness":14,"ProfileWeightPerSerialMeter":2.5,"DrivePosition":1,"InstallationPosition":0,"LockingMechanism":1,"Voltage":1,"DriveType":3,"TypeOfInstallation":2,"GeometricArea":0,"CalcVentilation":1,"SpecificExhaustDimension":30,"BuildingDepth":75,"CalculationTypeForVentilation":1,"HeightOfProfile":30,"HeightProfileRectangleAngle1":0,"HeightProfileRectangleAngle2":0,"RevealDepth":1000,"RevealDepthRectangleAngle1":0,"RevealDepthRectangleAngle2":0,"ChainLengthConnectingRodHandle":1,"ApplicationName":2,"OpeningAngle":74,"WeightIncGlassOrThickness":false,"AkippOrAtilt":0,"AdrehOrAturn":0,"Ageo":0,"MinPullingForceMax":0,"MinPushingForceMax":0,"MinPullingForcePermanent":0,"MinPushingForcePermanent":0,"ForceWithNegativeWind":0}

13:54:40.364 [main] DEBUG com.intuit.karate - response time in milliseconds: 653
1 < 200
1 < Content-Type: application/json; charset=utf-8
1 < Date: Thu, 05 Dec 2024 08:24:37 GMT
1 < Server: Microsoft-IIS/10.0
1 < X-Powered-By: ASP.NET
1 < Content-Length: 2030
1 < Connection: keep-alive
{
  "ProjectId": "2afcf090-6588-4022-aa5e-49fca51f940e",
  "Name": "Dataset40",
  "Description": "Dataset9061",
  "CustomTags": "",
  "ApplicationName": 2,
  "OpeningType": 5,
  "OpeningDirection": 1,
  "CalculateWeightWithGlass": false,
  "WindLoad": 120,
  "IsWindowOpeningCalculationByAngle": 1,
  "VentOuterWidth": 1230,
  "VentOuterHeight": 1000,
  "WeightIncGlassOrThickness": false,
  "VentWeight": 54,
  "VentWeightExact": 54.199999999999996,
  "GlassThickness": 14,
  "ProfileWeightPerSerialMeter": 2.5,
  "FacadeInclination": 10,
  "ChainLengthConnectingRodHandle": 1,
  "ChainLenghtConnectingRodHandle": 0,
  "RequiredOpeningStroke": 750,
  "OpeningWidth": 1000,
  "OpeningAngle": 97.18075578145829,
  "SpecificExhaustDimension": 30,
  "BuildingDepth": 75,
  "SnowLoad": 0,
  "DistanceHinge": 0,
  "RatedCurrent": 0,
  "DrivePosition": 1,
  "LockingMechanism": 1,
  "Voltage": 1,
  "DriveType": 3,
  "TypeOfInstallation": 2,
  "GeometricArea": 0,
  "CalculationTypeForVentilation": 1,
  "HeightOfProfile": 30,
  "Reveal": 0,
  "RevealDepth": 1000,
  "HeightProfileRectangleAngle1": 0,
  "HeightProfileRectangleAngle2": 0,
  "RevealDepthRectangleAngle1": 0,
  "RevealDepthRectangleAngle2": 0,
  "RevealDepthRectangleAngle12": 0,
  "InstallationPosition": 0,
  "RecommendedDriveArticleNo": 0,
  "System": "",
  "AkippOrAtilt": 3.345,
  "AdrehOrAturn": 1.23,
  "Ageo": 1.23,
  "MinPullingForceMax": 0,
  "MinPushingForceMax": 538.2203465851497,
  "MinPullingForcePermanent": 533.7741276140707,
  "MinPushingForcePermanent": 533.7741276140707,
  "ForceWithNegativeWind": 531.5510181285313,
  "ForceWithNoWindMin": -130.4694075645382,
  "ForceWithNegativeWindMin": -231.64694225744702,
  "ForceWithWindMin": 0,
  "Id": "9fe9ba32-f338-4f16-81bd-215523e26dd6",
  "CreatedOn": "0001-01-01T00:00:00",
  "CreatedBy": "579816e4-6653-4794-b435-a885f32e28d7",
  "ModifiedOn": "2024-12-05T08:24:37.8703425+00:00",
  "ModifiedBy": "579816e4-6653-4794-b435-a885f32e28d7"
}

13:54:40.365 [main] INFO  com.intuit.karate - VentWeight from API Response: 54 
13:54:40.367 [main] INFO  com.intuit.karate - Rounded Opening Angle: 97.0 
13:54:40.367 [main] INFO  com.intuit.karate - Rounded Ageo: 1.23 
13:54:40.367 [main] INFO  com.intuit.karate - Rounded Required Opening Stroke: 750.0 
13:54:40.367 [main] INFO  com.intuit.karate - Rounded Vent Weight: 54.0 
13:54:40.372 [main] DEBUG com.intuit.karate - request:
2 > GET https://dev-drivetec-apis.schuecodigitalsolutions.com/Config/9fe9ba32-f338-4f16-81bd-215523e26dd6/Drive
2 > Host: dev-drivetec-apis.schuecodigitalsolutions.com
2 > Connection: Keep-Alive
2 > User-Agent: Apache-HttpClient/4.5.14 (Java/17.0.12)
2 > Accept-Encoding: gzip,deflate


13:54:41.067 [main] DEBUG com.intuit.karate - response time in milliseconds: 694
2 < 200
2 < Content-Type: application/json; charset=utf-8
2 < Date: Thu, 05 Dec 2024 08:24:37 GMT
2 < Server: Microsoft-IIS/10.0
2 < X-Powered-By: ASP.NET
2 < Content-Length: 3704
2 < Connection: keep-alive
[
  {
    "Name": "Locking actuator roof",
    "Bezeichnung": "Verr.antrieb Dachf 600N",
    "ConfigurationId": "00000000-0000-0000-0000-000000000000",
    "Description": "",
    "Application": "",
    "ApplicationFacade": false,
    "ApplicationSkylight": true,
    "Type": 5,
    "OpeningType": 0,
    "BottomHungInward": false,
    "BottomHungOutward": true,
    "SideHungInward": false,
    "SideHungOutward": false,
    "TopHungInward": false,
    "TopHungOutward": true,
    "ProjectedTopHungInward": false,
    "ProjectedTopHungOutward": false,
    "InstallationType": "",
    "ITMainOutFrmMountWBracket": true,
    "ITMainFixOutFrmMount": false,
    "ITMainVentFrmMount": false,
    "ITSideMount50": true,
    "ITSideMount60": true,
    "ITSideMount70": true,
    "ITSideMount80": true,
    "ITSideMount67": false,
    "Feature": "",
    "FeatureOpenClose": true,
    "FeatureLock": false,
    "ArticleNumber": 291954,
    "Stroke": 0,
    "Angle": 0,
    "Voltage": null,
    "Voltage24": true,
    "Voltage230": false,
    "RatedCurrent": 0,
    "BreakingCurrent": 0,
    "PullingForceMax": 0,
    "PushingForceMax": 0,
    "PullingForceMaxWithNegativeWind": 0,
    "PushingForceMaxWithNegativeWind": 0,
    "PushingForcePermanent": 0,
    "PullingForcePermanent": 0,
    "MinPullingForceMax": 0,
    "MinPushingForceMax": 0,
    "MinPullingForcePermanent": 0,
    "MinPushingForcePermanent": 0,
    "Price": 225.16,
    "DriveLength": 0,
    "ChainDrive": 0,
    "ChainDrive2": 0,
    "MaxLengthMainClosingEdge1Drive": 0,
    "MaxGeometricArea": 0,
    "GeometricalSmokeExhaustion": 0,
    "TotalGlassThickness": 0,
    "Dimensions": 0,
    "DimensionsWxHxD": "415 x 26 x 26",
    "TensileForce": 0,
    "LockingForce": 0,
    "Details_DE": "<ul> <li>Bemessungsspannung: 24 V DC (19 V … 28 V)</li> <li>Abschaltstrom: ~1,0 A</li> <li>Bemessungsstrom: 0,6 A</li> <li>Bemessungsaufnahme: 15 W</li> <li>Schutzart: IP 32</li><li>Zug-/Schubkraft: max. 600 N</li> <li>Umgebungstemperatur: -5°C bis + 60°C</li> <li>Anschlussleitung: Halogenfrei, grau 3x 0,5mm², ~3m</li> <li>Laufzeit: ~ 5s</li><li>Hub: ~ 18mm</li> </ul>",
    "Details_EN": "<ul> <li>Rated voltage : 24 V DC (19 V … 28 V</li> <li>Breaking current : ~1,0 A</li> <li>Rated current : 0,6 A</li> <li>Rated consumption : 15 W</li> <li>Protection rating : IP 32</li><li>Traction/ thrust : max. 600 N</li> <li>Ambient temperature: -5°C bis + 60°C</li> <li>Connecting cable: halogen-free, grey 3 x 0,5mm², ~3m</li> <li>Running time: ~ 5s</li><li>Stroke: ~ 18mm</li> </ul>",
    "Einsatz": "<ul> <li>Anwendung: Lüftung, NRA</li><li>Integrierte intelligente Regelelektronik</li></ul>",
    "Use": "<ul> <li>Application: ventilation, natural smoke ventilation</li> <li>Integrated intelligent control electronics</li></ul>",
    "Ausstattung": "<ul><li>Laufrichtung einstellbar</li></ul>",
    "Equipment": "<ul><li>Running direction adjustable</li></ul>",
    "Optionen": "<ul> <li>Mitnehmer objekt-/profilspezifisch anpassbar</li></ul>",
    "Options": "<ul> <li>Coupling adapter customizable for project-/profile-specific demands</li></ul>",
    "IsTwoPce": false,
    "ResultVentWeight": 0,
    "IsLsRsDrive": false,
    "ArticleNumberRs": 0,
    "TwoDrivesSideInstallation50": 0,
    "TwoDrivesSideInstallation60": 0,
    "TwoDrivesSideInstallation70": 0,
    "TwoDrivesSideInstallation80": 0,
    "OpeningSpeedmms": 0,
    "Traction": 0,
    "Thrust": 0,
    "Id": "2b6ffe33-0cb6-494e-a561-679dc2adeb63",
    "CreatedOn": "2024-09-26T13:55:26.817Z",
    "CreatedBy": "",
    "ModifiedOn": "2024-09-26T13:55:26.817Z",
    "ModifiedBy": ""
  }
]

13:54:41.070 [main] INFO  com.intuit.karate - Expected RecommDrive: Locking actuator roof 
13:54:41.070 [main] INFO  com.intuit.karate - Actual RecommDrive: Locking actuator roof 
13:54:41.070 [main] INFO  com.intuit.karate - Normalized Actual RecommDrive: Locking actuator roof 
13:54:41.070 [main] INFO  com.intuit.karate - Normalized Expected RecommDrive: Locking actuator roof 
13:54:41.071 [main] INFO  com.intuit.karate - All Drive IDs: [
  "2b6ffe33-0cb6-494e-a561-679dc2adeb63"
]
 
13:54:41.071 [main] INFO  com.intuit.karate - First Drive ID: 2b6ffe33-0cb6-494e-a561-679dc2adeb63 
13:54:41.073 [main] DEBUG com.intuit.karate - request:
3 > POST https://dev-drivetec-apis.schuecodigitalsolutions.com/api/Drives/DownloadPDFNew/Schuco
3 > Content-Type: application/json; charset=UTF-8
3 > Content-Length: 1194
3 > Host: dev-drivetec-apis.schuecodigitalsolutions.com
3 > Connection: Keep-Alive
3 > User-Agent: Apache-HttpClient/4.5.14 (Java/17.0.12)
3 > Accept-Encoding: gzip,deflate
[{"Id":"configId","Header":"configId","Value":"9fe9ba32-f338-4f16-81bd-215523e26dd6"},{"Id":"driveId","Header":"driveId","Value":"2b6ffe33-0cb6-494e-a561-679dc2adeb63"},{"Id":"culture","Header":"culture","Value":"EN-US"},{"Id":"projectId","Header":"projectId","Value":"2afcf090-6588-4022-aa5e-49fca51f940e"},{"Id":"range-of-app","Header":"Range of application","Value":"Façade"},{"Id":"opening-type","Header":"Opening type","Value":"Bottom-hung vent"},{"Id":"opening-direction","Header":"Opening direction","Value":"Inward"},{"Id":"how-calc-weight","Header":"Vent weight","Value":"Weight including glass"},{"Id":"Chain-Length","Header":"Chain- \/ connecting rod handle","Value":"100%"},{"Id":"drive-position","Header":"Drive position","Value":"Side installation"},{"Id":"locking-mechanism","Header":"Locking mechanism","Value":"With"},{"Id":"voltage","Header":"Voltage","Value":"24 V"},{"Id":"drive-type","Header":"Drive type","Value":"Chain drive"},{"Id":"type-installation","Header":"Type of installation","Value":"Pivoting Outer Frame Installation"},{"Id":"calculation-type-for-ventilation-area","Header":"Calculation type for ventilation area","Value":"Method in accordance with ASR 3.6"}]

13:54:42.787 [main] DEBUG com.intuit.karate - response time in milliseconds: 1713
3 < 200
3 < Content-Type: application/json; charset=utf-8
3 < Date: Thu, 05 Dec 2024 08:24:40 GMT
3 < Server: Microsoft-IIS/10.0
3 < X-Powered-By: ASP.NET
3 < Content-Length: 278
3 < Connection: keep-alive
{
  "result": "https://drive-tec-dev.s3.amazonaws.com/AUT_TPJ33518-Locking_actuator_roof.pdf?AWSAccessKeyId=AKIAZAWIART4ZFAXXPHK&Expires=1733390680&response-content-disposition=attachment%3B&response-content-type=application%2Fpdf&Signature=wKj8t7Z0uf5se%2FX2a2SKzsuRHeU%3D"
}

13:54:42.788 [main] INFO  com.intuit.karate - Download URL for first driveId: https://drive-tec-dev.s3.amazonaws.com/AUT_TPJ33518-Locking_actuator_roof.pdf?AWSAccessKeyId=AKIAZAWIART4ZFAXXPHK&Expires=1733390680&response-content-disposition=attachment%3B&response-content-type=application%2Fpdf&Signature=wKj8t7Z0uf5se%2FX2a2SKzsuRHeU%3D 
13:54:42.793 [main] INFO  com.intuit.karate - karate.env system property was: null 
13:54:42.795 [main] INFO  com.intuit.karate - Running test for dataset:  Dataset41 
13:54:42.799 [main] INFO  com.intuit.karate - Using ProjectId:  {
  "result": {
    "projectId": "prjId"
  },
  "projectPayload": {
    "Id": "579816e4-6653-4794-b435-a885f32e28d7",
    "Name": "AUT_TPJ33518",
    "Address": "Hyderabad, Telangana, India",
    "Description": "",
    "CreatedBy": "579816e4-6653-4794-b435-a885f32e28d7",
    "ModifiedBy": "579816e4-6653-4794-b435-a885f32e28d7"
  },
  "uniqueName": "AUT_TPJ33518",
  "responseHeaders": {
    "Content-Type": [
      "application/json; charset=utf-8"
    ],
    "Date": [
      "Thu, 05 Dec 2024 08:22:12 GMT"
    ],
    "Server": [
      "Microsoft-IIS/10.0"
    ],
    "X-Powered-By": [
      "ASP.NET"
    ],
    "transfer-encoding": [
      "chunked"
    ],
    "Connection": [
      "keep-alive"
    ],
    "Set-Cookie": [
    ]
  },
  "responseTime": 841,
  "response": {
    "Name": "AUT_TPJ33518",
    "Description": "",
    "Address": "Hyderabad, Telangana, India",
    "Id": "2afcf090-6588-4022-aa5e-49fca51f940e",
    "CreatedOn": "2024-12-05T08:22:11.998251+00:00",
    "CreatedBy": "579816e4-6653-4794-b435-a885f32e28d7",
    "ModifiedOn": "2024-12-05T08:22:11.9982526+00:00",
    "ModifiedBy": ""
  },
  "responseStatus": 200,
  "prjId": "2afcf090-6588-4022-aa5e-49fca51f940e",
  "projectId": "2afcf090-6588-4022-aa5e-49fca51f940e"
}
 
13:54:42.800 [main] DEBUG com.intuit.karate - request:
1 > POST https://dev-drivetec-apis.schuecodigitalsolutions.com/Configurations
1 > Content-Type: application/json; charset=UTF-8
1 > Content-Length: 1275
1 > Host: dev-drivetec-apis.schuecodigitalsolutions.com
1 > Connection: Keep-Alive
1 > User-Agent: Apache-HttpClient/4.5.14 (Java/17.0.12)
1 > Accept-Encoding: gzip,deflate
{"Id":"00000000-0000-0000-0000-000000000000","ProjectId":"2afcf090-6588-4022-aa5e-49fca51f940e","Name":"Dataset2800","Description":"Dataset2800","CustomTags":"","CreatedBy":"579816e4-6653-4794-b435-a885f32e28d7","ModifiedBy":"579816e4-6653-4794-b435-a885f32e28d7","ApplicationName":1,"System":"","FacadeInclination":0,"OpeningType":1,"OpeningDirection":1,"OpeningWidth":1000,"VentOuterWidth":1230,"VentOuterHeight":1480,"VentWeight":70,"CalculateWeightWithGlass":false,"WeightIncGlassOrThickness":false,"GlassThickness":14,"ProfileWeightPerSerialMeter":2.5,"IsWindowOpeningCalculationByAngle":1,"RequiredOpeningStroke":400,"OpeningAngle":15,"WindLoad":120,"SnowLoad":0,"DrivePosition":2,"InstallationPosition":1,"ChainLengthConnectingRodHandle":5,"LockingMechanism":1,"Voltage":1,"DriveType":1,"TypeOfInstallation":2,"CalculationTypeForVentilation":1,"CalcVentilation":1,"GeometricArea":1,"SpecificExhaustDimension":30,"BuildingDepth":75,"RevealDepth":0,"RevealDepthRectangleAngle1":0,"RevealDepthRectangleAngle2":0,"HeightOfProfile":0,"HeightProfileRectangleAngle1":0,"HeightProfileRectangleAngle2":0,"AkippOrAtilt":0,"AdrehOrAturn":0,"Ageo":0,"MinPullingForceMax":0,"MinPushingForceMax":0,"MinPullingForcePermanent":0,"MinPushingForcePermanent":0,"ForceWithNegativeWind":0}

13:54:43.465 [main] DEBUG com.intuit.karate - response time in milliseconds: 664
1 < 200
1 < Content-Type: application/json; charset=utf-8
1 < Date: Thu, 05 Dec 2024 08:24:40 GMT
1 < Server: Microsoft-IIS/10.0
1 < X-Powered-By: ASP.NET
1 < Content-Length: 2032
1 < Connection: keep-alive
{
  "ProjectId": "2afcf090-6588-4022-aa5e-49fca51f940e",
  "Name": "Dataset2800",
  "Description": "Dataset2800",
  "CustomTags": "",
  "ApplicationName": 1,
  "OpeningType": 1,
  "OpeningDirection": 1,
  "CalculateWeightWithGlass": false,
  "WindLoad": 120,
  "IsWindowOpeningCalculationByAngle": 1,
  "VentOuterWidth": 1230,
  "VentOuterHeight": 1480,
  "WeightIncGlassOrThickness": false,
  "VentWeight": 77,
  "VentWeightExact": 77.26400000000001,
  "GlassThickness": 14,
  "ProfileWeightPerSerialMeter": 2.5,
  "FacadeInclination": 0,
  "ChainLengthConnectingRodHandle": 5,
  "ChainLenghtConnectingRodHandle": 0,
  "RequiredOpeningStroke": 400,
  "OpeningWidth": 1000,
  "OpeningAngle": 15.532868337024489,
  "SpecificExhaustDimension": 30,
  "BuildingDepth": 75,
  "SnowLoad": 0,
  "DistanceHinge": 0,
  "RatedCurrent": 0,
  "DrivePosition": 2,
  "LockingMechanism": 1,
  "Voltage": 1,
  "DriveType": 1,
  "TypeOfInstallation": 2,
  "GeometricArea": 0,
  "CalculationTypeForVentilation": 1,
  "HeightOfProfile": 0,
  "Reveal": 0,
  "RevealDepth": 0,
  "HeightProfileRectangleAngle1": 0,
  "HeightProfileRectangleAngle2": 0,
  "RevealDepthRectangleAngle1": 0,
  "RevealDepthRectangleAngle2": 0,
  "RevealDepthRectangleAngle12": 0,
  "InstallationPosition": 0,
  "RecommendedDriveArticleNo": 0,
  "System": "",
  "AkippOrAtilt": 1.084,
  "AdrehOrAturn": 1.8204,
  "Ageo": 1.084,
  "MinPullingForceMax": -206.4868442161654,
  "MinPushingForceMax": -206.4868442161654,
  "MinPullingForcePermanent": -104.11163259218097,
  "MinPushingForcePermanent": -104.11163259218097,
  "ForceWithNegativeWind": 109.53156767199486,
  "ForceWithNoWindMin": 0.30763693489047433,
  "ForceWithNegativeWindMin": 0,
  "ForceWithWindMin": -108.91629380221393,
  "Id": "41bf30e9-3312-4040-904c-e6873d185500",
  "CreatedOn": "2024-12-05T08:24:40.9806203+00:00",
  "CreatedBy": "579816e4-6653-4794-b435-a885f32e28d7",
  "ModifiedOn": "2024-12-05T08:24:40.9806215+00:00",
  "ModifiedBy": ""
}

13:54:43.466 [main] INFO  com.intuit.karate - Generated Config ID: 41bf30e9-3312-4040-904c-e6873d185500 
13:54:43.466 [main] INFO  com.intuit.karate - Generated Name: Dataset2800 
13:54:43.466 [main] INFO  com.intuit.karate - Generated Description: Dataset2800 
13:54:43.471 [main] DEBUG com.intuit.karate - request:
1 > PUT https://dev-drivetec-apis.schuecodigitalsolutions.com/Configurations
1 > Content-Type: application/json; charset=UTF-8
1 > Content-Length: 1276
1 > Host: dev-drivetec-apis.schuecodigitalsolutions.com
1 > Connection: Keep-Alive
1 > User-Agent: Apache-HttpClient/4.5.14 (Java/17.0.12)
1 > Accept-Encoding: gzip,deflate
{"Id":"41bf30e9-3312-4040-904c-e6873d185500","Name":"Dataset41","Description":"Dataset2800","ProjectId":"2afcf090-6588-4022-aa5e-49fca51f940e","CustomTags":"","CreatedBy":"579816e4-6653-4794-b435-a885f32e28d7","ModifiedBy":"579816e4-6653-4794-b435-a885f32e28d7","System":"","FacadeInclination":0,"OpeningType":3,"OpeningDirection":1,"OpeningWidth":1000,"VentOuterWidth":1201,"VentOuterHeight":1000,"VentWeight":0,"CalculateWeightWithGlass":false,"RequiredOpeningStroke":400,"WindLoad":120,"SnowLoad":0,"IsWindowOpeningCalculationByAngle":1,"GlassThickness":14,"ProfileWeightPerSerialMeter":2.5,"DrivePosition":1,"InstallationPosition":0,"LockingMechanism":1,"Voltage":1,"DriveType":1,"TypeOfInstallation":2,"GeometricArea":0,"CalcVentilation":1,"SpecificExhaustDimension":30,"BuildingDepth":75,"CalculationTypeForVentilation":1,"HeightOfProfile":30,"HeightProfileRectangleAngle1":0,"HeightProfileRectangleAngle2":0,"RevealDepth":1000,"RevealDepthRectangleAngle1":0,"RevealDepthRectangleAngle2":0,"ChainLengthConnectingRodHandle":5,"ApplicationName":1,"OpeningAngle":74,"WeightIncGlassOrThickness":false,"AkippOrAtilt":0,"AdrehOrAturn":0,"Ageo":0,"MinPullingForceMax":0,"MinPushingForceMax":0,"MinPullingForcePermanent":0,"MinPushingForcePermanent":0,"ForceWithNegativeWind":0}

13:54:44.112 [main] DEBUG com.intuit.karate - response time in milliseconds: 641
1 < 200
1 < Content-Type: application/json; charset=utf-8
1 < Date: Thu, 05 Dec 2024 08:24:41 GMT
1 < Server: Microsoft-IIS/10.0
1 < X-Powered-By: ASP.NET
1 < Content-Length: 2005
1 < Connection: keep-alive
{
  "ProjectId": "2afcf090-6588-4022-aa5e-49fca51f940e",
  "Name": "Dataset41",
  "Description": "Dataset2800",
  "CustomTags": "",
  "ApplicationName": 1,
  "OpeningType": 3,
  "OpeningDirection": 1,
  "CalculateWeightWithGlass": false,
  "WindLoad": 120,
  "IsWindowOpeningCalculationByAngle": 1,
  "VentOuterWidth": 1201,
  "VentOuterHeight": 1000,
  "WeightIncGlassOrThickness": false,
  "VentWeight": 53,
  "VentWeightExact": 53.04,
  "GlassThickness": 14,
  "ProfileWeightPerSerialMeter": 2.5,
  "FacadeInclination": 0,
  "ChainLengthConnectingRodHandle": 5,
  "ChainLenghtConnectingRodHandle": 0,
  "RequiredOpeningStroke": 400,
  "OpeningWidth": 1000,
  "OpeningAngle": 19.172008828071117,
  "SpecificExhaustDimension": 30,
  "BuildingDepth": 75,
  "SnowLoad": 0,
  "DistanceHinge": 0,
  "RatedCurrent": 0,
  "DrivePosition": 1,
  "LockingMechanism": 1,
  "Voltage": 1,
  "DriveType": 1,
  "TypeOfInstallation": 2,
  "GeometricArea": 0,
  "CalculationTypeForVentilation": 1,
  "HeightOfProfile": 30,
  "Reveal": 0,
  "RevealDepth": 1000,
  "HeightProfileRectangleAngle1": 0,
  "HeightProfileRectangleAngle2": 0,
  "RevealDepthRectangleAngle1": 0,
  "RevealDepthRectangleAngle2": 0,
  "RevealDepthRectangleAngle12": 0,
  "InstallationPosition": 0,
  "RecommendedDriveArticleNo": 0,
  "System": "",
  "AkippOrAtilt": 0.8804,
  "AdrehOrAturn": 1.201,
  "Ageo": 0.8804,
  "MinPullingForceMax": -65.23478237053695,
  "MinPushingForceMax": -72.06000614977764,
  "MinPullingForcePermanent": 0,
  "MinPushingForcePermanent": 0,
  "ForceWithNegativeWind": 72.06000614977764,
  "ForceWithNoWindMin": 0,
  "ForceWithNegativeWindMin": 65.23478237053695,
  "ForceWithWindMin": -65.23478237053695,
  "Id": "41bf30e9-3312-4040-904c-e6873d185500",
  "CreatedOn": "0001-01-01T00:00:00",
  "CreatedBy": "579816e4-6653-4794-b435-a885f32e28d7",
  "ModifiedOn": "2024-12-05T08:24:41.6312492+00:00",
  "ModifiedBy": "579816e4-6653-4794-b435-a885f32e28d7"
}

13:54:44.113 [main] INFO  com.intuit.karate - VentWeight from API Response: 53 
13:54:44.114 [main] INFO  com.intuit.karate - Rounded Opening Angle: 19.0 
13:54:44.114 [main] INFO  com.intuit.karate - Rounded Ageo: 0.88 
13:54:44.114 [main] INFO  com.intuit.karate - Rounded Required Opening Stroke: 400.0 
13:54:44.114 [main] INFO  com.intuit.karate - Rounded Vent Weight: 53.0 
13:54:44.117 [main] DEBUG com.intuit.karate - request:
2 > GET https://dev-drivetec-apis.schuecodigitalsolutions.com/Config/41bf30e9-3312-4040-904c-e6873d185500/Drive
2 > Host: dev-drivetec-apis.schuecodigitalsolutions.com
2 > Connection: Keep-Alive
2 > User-Agent: Apache-HttpClient/4.5.14 (Java/17.0.12)
2 > Accept-Encoding: gzip,deflate


13:54:44.932 [main] DEBUG com.intuit.karate - response time in milliseconds: 814
2 < 200
2 < Content-Type: application/json; charset=utf-8
2 < Date: Thu, 05 Dec 2024 08:24:41 GMT
2 < Server: Microsoft-IIS/10.0
2 < X-Powered-By: ASP.NET
2 < Content-Length: 20347
2 < Connection: keep-alive
[
  {
    "Name": "Chain actuator D2 L400",
    "Bezeichnung": "Kettenantrieb D2 L400",
    "ConfigurationId": "00000000-0000-0000-0000-000000000000",
    "Description": "",
    "Application": "Facade",
    "ApplicationFacade": true,
    "ApplicationSkylight": false,
    "Type": 1,
    "OpeningType": 0,
    "BottomHungInward": true,
    "BottomHungOutward": false,
    "SideHungInward": true,
    "SideHungOutward": false,
    "TopHungInward": false,
    "TopHungOutward": true,
    "ProjectedTopHungInward": false,
    "ProjectedTopHungOutward": false,
    "InstallationType": "",
    "ITMainOutFrmMountWBracket": true,
    "ITMainFixOutFrmMount": true,
    "ITMainVentFrmMount": true,
    "ITSideMount50": false,
    "ITSideMount60": false,
    "ITSideMount70": false,
    "ITSideMount80": false,
    "ITSideMount67": true,
    "Feature": "",
    "FeatureOpenClose": true,
    "FeatureLock": true,
    "ArticleNumber": 291754,
    "Stroke": 400,
    "Angle": 0,
    "Voltage": "24 V DC",
    "Voltage24": true,
    "Voltage230": false,
    "RatedCurrent": 1,
    "BreakingCurrent": 1,
    "PullingForceMax": 250,
    "PushingForceMax": 200,
    "PullingForceMaxWithNegativeWind": 0,
    "PushingForceMaxWithNegativeWind": 0,
    "PushingForcePermanent": 133.33,
    "PullingForcePermanent": 250,
    "MinPullingForceMax": -72.06,
    "MinPushingForceMax": 0,
    "MinPullingForcePermanent": 0,
    "MinPushingForcePermanent": 0,
    "Price": 252.38,
    "DriveLength": 430,
    "ChainDrive": 530,
    "ChainDrive2": 1020,
    "MaxLengthMainClosingEdge1Drive": 1650,
    "MaxGeometricArea": 1,
    "GeometricalSmokeExhaustion": 0,
    "TotalGlassThickness": 14,
    "Dimensions": 0,
    "DimensionsWxHxD": "430 x 26 x 41",
    "TensileForce": 0,
    "LockingForce": 0,
    "Details_DE": "<ul><li>Bemessungsspannung: 24 V DC (19 V … 28 V)</li><li>Abschaltstrom: 1,0 A</li><li>Bemessungsstrom: 0,7 A</li><li>Bemessungsaufnahme: 17 W</li><li>Schutzart: IP 32</li><li>Zug-/Schubkraft: max. 250 N</li><li>Umgebungstemperatur: -5°C bis + 60°C</li><li>Anschlussleitung: Halogenfrei, grau 3 x 0,5 mm², ~3 m</li><li>Max. Geschwindigkeit: 13,5 mm/s</li></ul>",
    "Details_EN": "<ul><li>Rated voltage: 24 V DC (19 V … 28 V)</li><li>Breaking current: 1.0 A</li><li>Rated current: 0.7 A</li><li>Rated consumption: 17 W</li><li>Protection rating: IP 32</li><li>Traction/ thrust: max. 250 N</li><li>Ambient temperature: -5°C bis + 60°C</li><li>Connecting cable: halogen-free, grey 3 x 0.5 mm², ~3 m</li><li>Max. speed: 13.5 mm/s</li></ul>",
    "Einsatz": "<ul> <li>Anwendung: Lüftung, NRA</li> <li>Integrierte intelligente Regelelektronik</li> <li>Rückmeldung Endlage „ZU“ (max. 24 V, 500 mA)</li> </ul>",
    "Use": "<ul> <li>Application: ventilation, natural smoke ventilation</li> <li>Integrated, intelligent control electronics</li> <li>Response for “CLOSED” end position (max. 24 V, 500 mA)</li> </ul>",
    "Ausstattung": null,
    "Equipment": null,
    "Optionen": "<ul> <li>Programmierung von Sonderfunktionen</li> <li>Programmierbare Rückmeldung Endlage „AUF“ (max. 24 V, 500 mA)</li> <li>Schüco Kontroller zur automatischen Konfiguration von Synchronlauf und Folgesteuerungen mit Verriegelungsantrieben in Antriebs-Verbundsystemen</li> </ul>",
    "Options": "<ul> <li>Programming of special functions</li> <li>Programmable response for “OPEN” end position (max. 24 V, 500 mA)</li> <li>Schüco controller for automatic configuration of synchronous running and sequence control with locking drives in composite drive systems</li></ul>",
    "IsTwoPce": false,
    "ResultVentWeight": 53.04,
    "IsLsRsDrive": true,
    "ArticleNumberRs": 291755,
    "TwoDrivesSideInstallation50": 0,
    "TwoDrivesSideInstallation60": 0,
    "TwoDrivesSideInstallation70": 0,
    "TwoDrivesSideInstallation80": 0,
    "OpeningSpeedmms": 0,
    "Traction": 250,
    "Thrust": 200,
    "Id": "94015dd3-0c39-4d62-be4f-b1e2f8066f98",
    "CreatedOn": "2024-09-26T13:55:26.817Z",
    "CreatedBy": "",
    "ModifiedOn": "2024-09-26T13:55:26.817Z",
    "ModifiedBy": ""
  },
  {
    "Name": "Chain actuator D4 400",
    "Bezeichnung": "Kettenantrieb D4 400",
    "ConfigurationId": "00000000-0000-0000-0000-000000000000",
    "Description": "",
    "Application": "Facade",
    "ApplicationFacade": true,
    "ApplicationSkylight": false,
    "Type": 1,
    "OpeningType": 0,
    "BottomHungInward": true,
    "BottomHungOutward": false,
    "SideHungInward": true,
    "SideHungOutward": true,
    "TopHungInward": false,
    "TopHungOutward": true,
    "ProjectedTopHungInward": false,
    "ProjectedTopHungOutward": true,
    "InstallationType": "",
    "ITMainOutFrmMountWBracket": true,
    "ITMainFixOutFrmMount": true,
    "ITMainVentFrmMount": true,
    "ITSideMount50": false,
    "ITSideMount60": false,
    "ITSideMount70": false,
    "ITSideMount80": false,
    "ITSideMount67": true,
    "Feature": "",
    "FeatureOpenClose": true,
    "FeatureLock": true,
    "ArticleNumber": 291706,
    "Stroke": 400,
    "Angle": 0,
    "Voltage": "24 V DC",
    "Voltage24": true,
    "Voltage230": false,
    "RatedCurrent": 1,
    "BreakingCurrent": 1,
    "PullingForceMax": 400,
    "PushingForceMax": 300,
    "PullingForceMaxWithNegativeWind": 0,
    "PushingForceMaxWithNegativeWind": 0,
    "PushingForcePermanent": 200,
    "PullingForcePermanent": 400,
    "MinPullingForceMax": -72.06,
    "MinPushingForceMax": 0,
    "MinPullingForcePermanent": 0,
    "MinPushingForcePermanent": 0,
    "Price": 273.74,
    "DriveLength": 551,
    "ChainDrive": 651,
    "ChainDrive2": 1262,
    "MaxLengthMainClosingEdge1Drive": 1850,
    "MaxGeometricArea": 1,
    "GeometricalSmokeExhaustion": 0,
    "TotalGlassThickness": 14,
    "Dimensions": 0,
    "DimensionsWxHxD": "551 x 24 x 35",
    "TensileForce": 0,
    "LockingForce": 0,
    "Details_DE": "<ul><li>Bemessungsspannung: 24 V DC (19 V … 28 V)</li> <li>Abschaltstrom: 1,2 A</li> <li>Bemessungsstrom: 0,9 A</li> <li>Bemessungsaufnahme: 22 W</li> <li>Schutzart: IP 32</li> <li>Zug-/Schubkraft: max. 400 N</li> <li>Umgebungstemperatur: -5°C bis + 60°C</li> <li>Anschlussleitung: Halogenfrei, grau 5 x 0,5mm², ~3m</li> <li>Max. Geschwindigkeit: 13,5 mm/s</li></ul>",
    "Details_EN": "<ul><li>Rated voltage: 24 V DC (19 V … 28 V)</li> <li>Breaking current: 1.2 A</li><li>Rated current: 0.9 A</li><li>Rated consumption: 22 W</li><li>Protection rating: IP 32</li><li>Traction/ thrust: max. 400 N</li><li>Ambient temperature: -5° C to +60° C</li><li>Connecting cable: halogen-free, grey, 5 x 0.5 mm², ~ 3 m</li><li>Max. speed: 13,5 mm/s </li></ul>",
    "Einsatz": "<ul><li>Anwendung: Lüftung, NRA</li> <li>Integrierte intelligente Regelelektronik</li> <li>Rückmeldung Endlage „ZU“ (max. 24 V, 500 mA)</li> </ul>",
    "Use": "<ul><li>Application: ventilation, natural smoke ventilation</li> <li>Integrated intelligent control electronics</li> <li>Response for “CLOSED” end position (max. 24 V, 500 mA)</li> </ul>",
    "Ausstattung": "<ul><li>Zusätzlicher Universal-Steckersatz für Mehrfachbetrieb bis zu 4 Antrieben und 2 Verriegelungsantrieben</li></ul>",
    "Equipment": "<ul><li>Additional universal plug socket for multiplex operation of up to 4 drives and 2 interlocking drives</li></ul>",
    "Optionen": "<ul><li>Programmierung von Sonderfunktionen</li> <li>Programmierbare Rückmeldung Endlage „AUF“ (max. 24 V, 500 mA)</li> <li>Schüco Kontroller zur automatischen Konfiguration von Synchronlauf und Folgesteuerungen mit Verriegelungsantrieben in Antriebs-Verbundsystemen</li> </ul>",
    "Options": "<ul><li>Programming of special functions</li> <li>Programmable response for “OPEN” end position (max. 24 V, 500 mA)</li> <li>Schüco controller for automatic configuration of synchronous running and sequence control with locking drives in composite drive systems</li> </ul>",
    "IsTwoPce": false,
    "ResultVentWeight": 53.04,
    "IsLsRsDrive": true,
    "ArticleNumberRs": 291705,
    "TwoDrivesSideInstallation50": 0,
    "TwoDrivesSideInstallation60": 0,
    "TwoDrivesSideInstallation70": 0,
    "TwoDrivesSideInstallation80": 0,
    "OpeningSpeedmms": 0,
    "Traction": 400,
    "Thrust": 300,
    "Id": "3d1279a9-fd09-4a49-8d1b-c747973b2872",
    "CreatedOn": "2024-09-26T13:55:26.817Z",
    "CreatedBy": "",
    "ModifiedOn": "2024-09-26T13:55:26.817Z",
    "ModifiedBy": ""
  },
  {
    "Name": "Chain actuator D6 400",
    "Bezeichnung": "Kettenantrieb D6 400",
    "ConfigurationId": "00000000-0000-0000-0000-000000000000",
    "Description": "",
    "Application": "Facade",
    "ApplicationFacade": true,
    "ApplicationSkylight": true,
    "Type": 1,
    "OpeningType": 0,
    "BottomHungInward": true,
    "BottomHungOutward": true,
    "SideHungInward": true,
    "SideHungOutward": true,
    "TopHungInward": false,
    "TopHungOutward": true,
    "ProjectedTopHungInward": false,
    "ProjectedTopHungOutward": true,
    "InstallationType": "",
    "ITMainOutFrmMountWBracket": true,
    "ITMainFixOutFrmMount": false,
    "ITMainVentFrmMount": true,
    "ITSideMount50": false,
    "ITSideMount60": false,
    "ITSideMount70": false,
    "ITSideMount80": false,
    "ITSideMount67": true,
    "Feature": "",
    "FeatureOpenClose": true,
    "FeatureLock": true,
    "ArticleNumber": 291715,
    "Stroke": 400,
    "Angle": 0,
    "Voltage": "24 V DC",
    "Voltage24": true,
    "Voltage230": false,
    "RatedCurrent": 1,
    "BreakingCurrent": 1,
    "PullingForceMax": 600,
    "PushingForceMax": 600,
    "PullingForceMaxWithNegativeWind": 0,
    "PushingForceMaxWithNegativeWind": 0,
    "PushingForcePermanent": 400,
    "PullingForcePermanent": 600,
    "MinPullingForceMax": -72.06,
    "MinPushingForceMax": 0,
    "MinPullingForcePermanent": 0,
    "MinPushingForcePermanent": 0,
    "Price": 360.35,
    "DriveLength": 591,
    "ChainDrive": 691,
    "ChainDrive2": 1342,
    "MaxLengthMainClosingEdge1Drive": 1920,
    "MaxGeometricArea": 1,
    "GeometricalSmokeExhaustion": 0,
    "TotalGlassThickness": 14,
    "Dimensions": 0,
    "DimensionsWxHxD": "591 x 40 x 56",
    "TensileForce": 0,
    "LockingForce": 0,
    "Details_DE": "<ul> <li>Bemessungsspannung: 24 V DC (19 V … 28 V)</li> <li>Abschaltstrom: 1,2 A</li> <li>Bemessungsstrom: 0,9 A</li> <li>Bemessungsaufnahme: 22 W</li> <li>Schutzart: IP 32</li> <li>Zug-/Schubkraft: max. 600 N</li> <li>Umgebungstemperatur: -5°C bis + 60°C</li> <li>Anschlussleitung: Halogenfrei, grau 5 x 0,5mm², ~3m</li> <li>Max. Geschwindigkeit: 13,5 mm/s</li> </ul>",
    "Details_EN": "<ul> <li>Rated voltage: 24 V DC (19 V … 28 V)</li><li>Breaking current: 1.2 A</li><li>Rated current: 0.9 A</li><li>Rated consumption: 22W</li><li>Protection rating: IP 32</li><li>Traction/ thrust: max. 600 N</li><li>Ambient temperature: -5° C to +60° C</li><li>Connecting cable: halogen-free, grey 3 x 0,5mm², ~3m</li><li>Max. speed: 13,5 mm/s</li></ul>",
    "Einsatz": "<ul><li>Anwendung: Lüftung, NRA</li> <li>Integrierte intelligente Regelelektronik</li></ul>",
    "Use": "<ul><li>Application: ventilation, natural smoke ventilation</li> <li>Integrated intelligent control electronics</li> </ul>",
    "Ausstattung": "<ul><li>Zusätzlicher Universal-Steckersatz für Mehrfachbetrieb bis zu 4 Antrieben und 2 Verriegelungsantrieben</li></ul>",
    "Equipment": "<ul><li>Additional universal plug socket for multiplex operation  of up to 4 drives and 2 interlocking drives</li></ul>",
    "Optionen": "<ul><li>Programmierung von Sonderfunktionen</li> <li>Programmierbare Rückmeldung Endlage „AUF“ (max. 24 V, 500 mA)</li> <li>Schüco Kontroller zur automatischen Konfiguration von Synchronlauf und Folgesteuerungen mit Verriegelungsantrieben in Antriebs-Verbundsystemen</li> </ul>",
    "Options": "<ul><li>Programming of special functions</li> <li>Programmable response for “OPEN” end position (max. 24 V, 500 mA)</li> <li>Schüco controller for automatic configuration of synchronous running and sequence control with locking drives in composite drive systems</li> </ul>",
    "IsTwoPce": false,
    "ResultVentWeight": 53.04,
    "IsLsRsDrive": false,
    "ArticleNumberRs": 0,
    "TwoDrivesSideInstallation50": 0,
    "TwoDrivesSideInstallation60": 0,
    "TwoDrivesSideInstallation70": 0,
    "TwoDrivesSideInstallation80": 0,
    "OpeningSpeedmms": 0,
    "Traction": 600,
    "Thrust": 600,
    "Id": "6cfaf03b-807c-4298-8635-4bf804653a9e",
    "CreatedOn": "2024-09-26T13:55:26.817Z",
    "CreatedBy": "",
    "ModifiedOn": "2024-09-26T13:55:26.817Z",
    "ModifiedBy": ""
  },
  {
    "Name": "Locking actuator EasyConnect",
    "Bezeichnung": "Verriegelungsantrieb EasyConnect",
    "ConfigurationId": "00000000-0000-0000-0000-000000000000",
    "Description": "",
    "Application": "",
    "ApplicationFacade": true,
    "ApplicationSkylight": false,
    "Type": 5,
    "OpeningType": 0,
    "BottomHungInward": true,
    "BottomHungOutward": false,
    "SideHungInward": true,
    "SideHungOutward": false,
    "TopHungInward": false,
    "TopHungOutward": false,
    "ProjectedTopHungInward": false,
    "ProjectedTopHungOutward": false,
    "InstallationType": "",
    "ITMainOutFrmMountWBracket": true,
    "ITMainFixOutFrmMount": true,
    "ITMainVentFrmMount": false,
    "ITSideMount50": false,
    "ITSideMount60": false,
    "ITSideMount70": false,
    "ITSideMount80": false,
    "ITSideMount67": false,
    "Feature": "",
    "FeatureOpenClose": true,
    "FeatureLock": false,
    "ArticleNumber": 291787,
    "Stroke": 0,
    "Angle": 0,
    "Voltage": null,
    "Voltage24": true,
    "Voltage230": true,
    "RatedCurrent": 0,
    "BreakingCurrent": 0,
    "PullingForceMax": 0,
    "PushingForceMax": 0,
    "PullingForceMaxWithNegativeWind": 0,
    "PushingForceMaxWithNegativeWind": 0,
    "PushingForcePermanent": 0,
    "PullingForcePermanent": 0,
    "MinPullingForceMax": 0,
    "MinPushingForceMax": 0,
    "MinPullingForcePermanent": 0,
    "MinPushingForcePermanent": 0,
    "Price": 0,
    "DriveLength": 0,
    "ChainDrive": 0,
    "ChainDrive2": 0,
    "MaxLengthMainClosingEdge1Drive": 0,
    "MaxGeometricArea": 0,
    "GeometricalSmokeExhaustion": 0,
    "TotalGlassThickness": 0,
    "Dimensions": 0,
    "DimensionsWxHxD": "375 x 24 x 35",
    "TensileForce": 0,
    "LockingForce": 0,
    "Details_DE": "<ul> <li>Bemessungsspannung: 24 V DC (19 V … 28 V)</li> <li>Abschaltstrom: ~1,0 A</li> <li>Bemessungsstrom: 0,6 A</li> <li>Bemessungsaufnahme: 15 W</li> <li>Schutzart: IP 32</li><li>Zug-/Schubkraft: max. 600 N</li> <li>Umgebungstemperatur: -5°C bis + 60°C</li> <li>Anschlussleitung: Halogenfrei, grau 5 x 0,5mm² , ~5m</li> <li>Laufzeit: ~ 5s</li><li>Hub: ~ 18mm</li> </ul>",
    "Details_EN": "<ul> <li>Rated voltage : 24 V DC (19 V … 28 V</li> <li>Breaking current : ~1,0 A</li> <li>Rated current : 0,6 A</li> <li>Rated consumption : 15 W</li> <li>Protection rating : IP 32</li><li>Traction/ thrust : max. 600 N</li> <li>Ambient temperature: -5°C bis + 60°C</li> <li>Connecting cable: halogen-free, grey 5 x 0,5mm² , ~5m</li> <li>Running time: ~ 5s</li><li>Stroke: ~ 18mm</li> </ul>",
    "Einsatz": "<ul> <li>Anwendung: Lüftung, NRA</li><li>Integrierte intelligente Regelelektronik</li></ul>",
    "Use": "<ul> <li>Application: ventilation, natural smoke ventilation</li> <li>Integrated intelligent control electronics</li></ul>",
    "Ausstattung": "<ul><li>Laufrichtung einstellbar</li><li>Zusätzlicher Universal-Steckersatz</li></ul>",
    "Equipment": "<ul><li>Running direction adjustable</li><li>Additional universal plug socket</li></ul>",
    "Optionen": "<ul> <li>Mitnehmer objekt-/profilspezifisch anpassbar</li></ul>",
    "Options": "<ul> <li>Coupling adapter customizable for project-/profile-specific demands</li></ul>",
    "IsTwoPce": false,
    "ResultVentWeight": 0,
    "IsLsRsDrive": false,
    "ArticleNumberRs": 0,
    "TwoDrivesSideInstallation50": 0,
    "TwoDrivesSideInstallation60": 0,
    "TwoDrivesSideInstallation70": 0,
    "TwoDrivesSideInstallation80": 0,
    "OpeningSpeedmms": 0,
    "Traction": 0,
    "Thrust": 0,
    "Id": "f894c384-bd5f-4f1b-a446-f4a3afc8426e",
    "CreatedOn": "2024-09-26T13:55:26.817Z",
    "CreatedBy": "",
    "ModifiedOn": "2024-09-26T13:55:26.817Z",
    "ModifiedBy": ""
  },
  {
    "Name": "Locking actuator 600",
    "Bezeichnung": "Verriegelungsantrieb 600",
    "ConfigurationId": "00000000-0000-0000-0000-000000000000",
    "Description": "",
    "Application": "",
    "ApplicationFacade": true,
    "ApplicationSkylight": false,
    "Type": 5,
    "OpeningType": 0,
    "BottomHungInward": true,
    "BottomHungOutward": false,
    "SideHungInward": true,
    "SideHungOutward": false,
    "TopHungInward": false,
    "TopHungOutward": false,
    "ProjectedTopHungInward": false,
    "ProjectedTopHungOutward": false,
    "InstallationType": "",
    "ITMainOutFrmMountWBracket": true,
    "ITMainFixOutFrmMount": true,
    "ITMainVentFrmMount": false,
    "ITSideMount50": false,
    "ITSideMount60": false,
    "ITSideMount70": false,
    "ITSideMount80": false,
    "ITSideMount67": false,
    "Feature": "",
    "FeatureOpenClose": true,
    "FeatureLock": false,
    "ArticleNumber": 291736,
    "Stroke": 0,
    "Angle": 0,
    "Voltage": null,
    "Voltage24": true,
    "Voltage230": true,
    "RatedCurrent": 0,
    "BreakingCurrent": 0,
    "PullingForceMax": 0,
    "PushingForceMax": 0,
    "PullingForceMaxWithNegativeWind": 0,
    "PushingForceMaxWithNegativeWind": 0,
    "PushingForcePermanent": 0,
    "PullingForcePermanent": 0,
    "MinPullingForceMax": 0,
    "MinPushingForceMax": 0,
    "MinPullingForcePermanent": 0,
    "MinPushingForcePermanent": 0,
    "Price": 218.27,
    "DriveLength": 0,
    "ChainDrive": 0,
    "ChainDrive2": 0,
    "MaxLengthMainClosingEdge1Drive": 0,
    "MaxGeometricArea": 0,
    "GeometricalSmokeExhaustion": 0,
    "TotalGlassThickness": 0,
    "Dimensions": 0,
    "DimensionsWxHxD": "415 x 26 x 26",
    "TensileForce": 0,
    "LockingForce": 0,
    "Details_DE": "<ul> <li>Bemessungsspannung: 24 V DC (19 V … 28 V)</li> <li>Abschaltstrom: ~1,0 A</li> <li>Bemessungsstrom: 0,6 A</li> <li>Bemessungsaufnahme: 15 W</li> <li>Schutzart: IP 32</li><li>Zug-/Schubkraft: max. 600 N</li> <li>Umgebungstemperatur: -5°C bis + 60°C</li> <li>Anschlussleitung: Halogenfrei, grau 3x 0,5mm², ~3m</li> <li>Laufzeit: ~ 5s</li><li>Hub: ~ 18mm</li> </ul>",
    "Details_EN": "<ul> <li>Rated voltage : 24 V DC (19 V … 28 V</li> <li>Breaking current : ~1,0 A</li> <li>Rated current : 0,6 A</li> <li>Rated consumption : 15 W</li> <li>Protection rating : IP 32</li><li>Traction/ thrust : max. 600 N</li> <li>Ambient temperature: -5°C bis + 60°C</li> <li>Connecting cable: halogen-free, grey 3 x 0,5mm², ~3m</li> <li>Running time: ~ 5s</li><li>Stroke: ~ 18mm</li> </ul>",
    "Einsatz": "<ul> <li>Anwendung: Lüftung, NRA</li><li>Integrierte intelligente Regelelektronik</li></ul>",
    "Use": "<ul> <li>Application: ventilation, natural smoke ventilation</li> <li>Integrated intelligent control electronics</li></ul>",
    "Ausstattung": "<ul><li>Laufrichtung einstellbar</li></ul>",
    "Equipment": "<ul><li>Running direction adjustable</li></ul>",
    "Optionen": "<ul> <li>Mitnehmer objekt-/profilspezifisch anpassbar</li></ul>",
    "Options": "<ul> <li>Coupling adapter customizable for project-/profile-specific demands</li></ul>",
    "IsTwoPce": false,
    "ResultVentWeight": 0,
    "IsLsRsDrive": true,
    "ArticleNumberRs": 291735,
    "TwoDrivesSideInstallation50": 0,
    "TwoDrivesSideInstallation60": 0,
    "TwoDrivesSideInstallation70": 0,
    "TwoDrivesSideInstallation80": 0,
    "OpeningSpeedmms": 0,
    "Traction": 0,
    "Thrust": 0,
    "Id": "69d8317e-493b-4010-8d9e-54168822bacf",
    "CreatedOn": "2024-09-26T13:55:26.817Z",
    "CreatedBy": "",
    "ModifiedOn": "2024-09-26T13:55:26.817Z",
    "ModifiedBy": ""
  }
]

13:54:44.943 [main] INFO  com.intuit.karate - Expected RecommDrive: Chain actuator D2 L400,Chain actuator D4 400,Chain actuator D6 400,Locking actuator EasyConnect,Locking actuator 600 
13:54:44.943 [main] INFO  com.intuit.karate - Actual RecommDrive: Chain actuator D2 L400, Chain actuator D4 400, Chain actuator D6 400, Locking actuator EasyConnect, Locking actuator 600 
13:54:44.944 [main] INFO  com.intuit.karate - Normalized Actual RecommDrive: Chain actuator D2 L400,Chain actuator D4 400,Chain actuator D6 400,Locking actuator EasyConnect,Locking actuator 600 
13:54:44.944 [main] INFO  com.intuit.karate - Normalized Expected RecommDrive: Chain actuator D2 L400,Chain actuator D4 400,Chain actuator D6 400,Locking actuator EasyConnect,Locking actuator 600 
13:54:44.945 [main] INFO  com.intuit.karate - All Drive IDs: [
  "94015dd3-0c39-4d62-be4f-b1e2f8066f98",
  "3d1279a9-fd09-4a49-8d1b-c747973b2872",
  "6cfaf03b-807c-4298-8635-4bf804653a9e",
  "f894c384-bd5f-4f1b-a446-f4a3afc8426e",
  "69d8317e-493b-4010-8d9e-54168822bacf"
]
 
13:54:44.946 [main] INFO  com.intuit.karate - First Drive ID: 94015dd3-0c39-4d62-be4f-b1e2f8066f98 
13:54:44.947 [main] DEBUG com.intuit.karate - request:
3 > POST https://dev-drivetec-apis.schuecodigitalsolutions.com/api/Drives/DownloadPDFNew/Schuco
3 > Content-Type: application/json; charset=UTF-8
3 > Content-Length: 1194
3 > Host: dev-drivetec-apis.schuecodigitalsolutions.com
3 > Connection: Keep-Alive
3 > User-Agent: Apache-HttpClient/4.5.14 (Java/17.0.12)
3 > Accept-Encoding: gzip,deflate
[{"Id":"configId","Header":"configId","Value":"41bf30e9-3312-4040-904c-e6873d185500"},{"Id":"driveId","Header":"driveId","Value":"94015dd3-0c39-4d62-be4f-b1e2f8066f98"},{"Id":"culture","Header":"culture","Value":"EN-US"},{"Id":"projectId","Header":"projectId","Value":"2afcf090-6588-4022-aa5e-49fca51f940e"},{"Id":"range-of-app","Header":"Range of application","Value":"Façade"},{"Id":"opening-type","Header":"Opening type","Value":"Bottom-hung vent"},{"Id":"opening-direction","Header":"Opening direction","Value":"Inward"},{"Id":"how-calc-weight","Header":"Vent weight","Value":"Weight including glass"},{"Id":"Chain-Length","Header":"Chain- \/ connecting rod handle","Value":"100%"},{"Id":"drive-position","Header":"Drive position","Value":"Side installation"},{"Id":"locking-mechanism","Header":"Locking mechanism","Value":"With"},{"Id":"voltage","Header":"Voltage","Value":"24 V"},{"Id":"drive-type","Header":"Drive type","Value":"Chain drive"},{"Id":"type-installation","Header":"Type of installation","Value":"Pivoting Outer Frame Installation"},{"Id":"calculation-type-for-ventilation-area","Header":"Calculation type for ventilation area","Value":"Method in accordance with ASR 3.6"}]

13:54:46.370 [main] DEBUG com.intuit.karate - response time in milliseconds: 1422
3 < 200
3 < Content-Type: application/json; charset=utf-8
3 < Date: Thu, 05 Dec 2024 08:24:43 GMT
3 < Server: Microsoft-IIS/10.0
3 < X-Powered-By: ASP.NET
3 < Content-Length: 279
3 < Connection: keep-alive
{
  "result": "https://drive-tec-dev.s3.amazonaws.com/AUT_TPJ33518-Chain_actuator_D2_L400.pdf?AWSAccessKeyId=AKIAZAWIART4ZFAXXPHK&Expires=1733390684&response-content-disposition=attachment%3B&response-content-type=application%2Fpdf&Signature=Lm8nbzzUPQOL%2ByeYkMkT8N7ZvEc%3D"
}

13:54:46.373 [main] INFO  com.intuit.karate - Download URL for first driveId: https://drive-tec-dev.s3.amazonaws.com/AUT_TPJ33518-Chain_actuator_D2_L400.pdf?AWSAccessKeyId=AKIAZAWIART4ZFAXXPHK&Expires=1733390684&response-content-disposition=attachment%3B&response-content-type=application%2Fpdf&Signature=Lm8nbzzUPQOL%2ByeYkMkT8N7ZvEc%3D 
13:54:46.383 [main] INFO  com.intuit.karate - karate.env system property was: null 
13:54:46.390 [main] INFO  com.intuit.karate - Running test for dataset:  Dataset42 
13:54:46.406 [main] INFO  com.intuit.karate - Using ProjectId:  {
  "result": {
    "projectId": "prjId"
  },
  "projectPayload": {
    "Id": "579816e4-6653-4794-b435-a885f32e28d7",
    "Name": "AUT_TPJ33518",
    "Address": "Hyderabad, Telangana, India",
    "Description": "",
    "CreatedBy": "579816e4-6653-4794-b435-a885f32e28d7",
    "ModifiedBy": "579816e4-6653-4794-b435-a885f32e28d7"
  },
  "uniqueName": "AUT_TPJ33518",
  "responseHeaders": {
    "Content-Type": [
      "application/json; charset=utf-8"
    ],
    "Date": [
      "Thu, 05 Dec 2024 08:22:12 GMT"
    ],
    "Server": [
      "Microsoft-IIS/10.0"
    ],
    "X-Powered-By": [
      "ASP.NET"
    ],
    "transfer-encoding": [
      "chunked"
    ],
    "Connection": [
      "keep-alive"
    ],
    "Set-Cookie": [
    ]
  },
  "responseTime": 841,
  "response": {
    "Name": "AUT_TPJ33518",
    "Description": "",
    "Address": "Hyderabad, Telangana, India",
    "Id": "2afcf090-6588-4022-aa5e-49fca51f940e",
    "CreatedOn": "2024-12-05T08:22:11.998251+00:00",
    "CreatedBy": "579816e4-6653-4794-b435-a885f32e28d7",
    "ModifiedOn": "2024-12-05T08:22:11.9982526+00:00",
    "ModifiedBy": ""
  },
  "responseStatus": 200,
  "prjId": "2afcf090-6588-4022-aa5e-49fca51f940e",
  "projectId": "2afcf090-6588-4022-aa5e-49fca51f940e"
}
 
13:54:46.411 [main] DEBUG com.intuit.karate - request:
1 > POST https://dev-drivetec-apis.schuecodigitalsolutions.com/Configurations
1 > Content-Type: application/json; charset=UTF-8
1 > Content-Length: 1275
1 > Host: dev-drivetec-apis.schuecodigitalsolutions.com
1 > Connection: Keep-Alive
1 > User-Agent: Apache-HttpClient/4.5.14 (Java/17.0.12)
1 > Accept-Encoding: gzip,deflate
{"Id":"00000000-0000-0000-0000-000000000000","ProjectId":"2afcf090-6588-4022-aa5e-49fca51f940e","Name":"Dataset6409","Description":"Dataset6409","CustomTags":"","CreatedBy":"579816e4-6653-4794-b435-a885f32e28d7","ModifiedBy":"579816e4-6653-4794-b435-a885f32e28d7","ApplicationName":1,"System":"","FacadeInclination":0,"OpeningType":1,"OpeningDirection":1,"OpeningWidth":1000,"VentOuterWidth":1230,"VentOuterHeight":1480,"VentWeight":70,"CalculateWeightWithGlass":false,"WeightIncGlassOrThickness":false,"GlassThickness":14,"ProfileWeightPerSerialMeter":2.5,"IsWindowOpeningCalculationByAngle":1,"RequiredOpeningStroke":400,"OpeningAngle":15,"WindLoad":120,"SnowLoad":0,"DrivePosition":2,"InstallationPosition":1,"ChainLengthConnectingRodHandle":5,"LockingMechanism":1,"Voltage":1,"DriveType":1,"TypeOfInstallation":2,"CalculationTypeForVentilation":1,"CalcVentilation":1,"GeometricArea":1,"SpecificExhaustDimension":30,"BuildingDepth":75,"RevealDepth":0,"RevealDepthRectangleAngle1":0,"RevealDepthRectangleAngle2":0,"HeightOfProfile":0,"HeightProfileRectangleAngle1":0,"HeightProfileRectangleAngle2":0,"AkippOrAtilt":0,"AdrehOrAturn":0,"Ageo":0,"MinPullingForceMax":0,"MinPushingForceMax":0,"MinPullingForcePermanent":0,"MinPushingForcePermanent":0,"ForceWithNegativeWind":0}

13:54:47.063 [main] DEBUG com.intuit.karate - response time in milliseconds: 651
1 < 200
1 < Content-Type: application/json; charset=utf-8
1 < Date: Thu, 05 Dec 2024 08:24:43 GMT
1 < Server: Microsoft-IIS/10.0
1 < X-Powered-By: ASP.NET
1 < Content-Length: 2030
1 < Connection: keep-alive
{
  "ProjectId": "2afcf090-6588-4022-aa5e-49fca51f940e",
  "Name": "Dataset6409",
  "Description": "Dataset6409",
  "CustomTags": "",
  "ApplicationName": 1,
  "OpeningType": 1,
  "OpeningDirection": 1,
  "CalculateWeightWithGlass": false,
  "WindLoad": 120,
  "IsWindowOpeningCalculationByAngle": 1,
  "VentOuterWidth": 1230,
  "VentOuterHeight": 1480,
  "WeightIncGlassOrThickness": false,
  "VentWeight": 77,
  "VentWeightExact": 77.26400000000001,
  "GlassThickness": 14,
  "ProfileWeightPerSerialMeter": 2.5,
  "FacadeInclination": 0,
  "ChainLengthConnectingRodHandle": 5,
  "ChainLenghtConnectingRodHandle": 0,
  "RequiredOpeningStroke": 400,
  "OpeningWidth": 1000,
  "OpeningAngle": 15.532868337024489,
  "SpecificExhaustDimension": 30,
  "BuildingDepth": 75,
  "SnowLoad": 0,
  "DistanceHinge": 0,
  "RatedCurrent": 0,
  "DrivePosition": 2,
  "LockingMechanism": 1,
  "Voltage": 1,
  "DriveType": 1,
  "TypeOfInstallation": 2,
  "GeometricArea": 0,
  "CalculationTypeForVentilation": 1,
  "HeightOfProfile": 0,
  "Reveal": 0,
  "RevealDepth": 0,
  "HeightProfileRectangleAngle1": 0,
  "HeightProfileRectangleAngle2": 0,
  "RevealDepthRectangleAngle1": 0,
  "RevealDepthRectangleAngle2": 0,
  "RevealDepthRectangleAngle12": 0,
  "InstallationPosition": 0,
  "RecommendedDriveArticleNo": 0,
  "System": "",
  "AkippOrAtilt": 1.084,
  "AdrehOrAturn": 1.8204,
  "Ageo": 1.084,
  "MinPullingForceMax": -206.4868442161654,
  "MinPushingForceMax": -206.4868442161654,
  "MinPullingForcePermanent": -104.11163259218097,
  "MinPushingForcePermanent": -104.11163259218097,
  "ForceWithNegativeWind": 109.53156767199486,
  "ForceWithNoWindMin": 0.30763693489047433,
  "ForceWithNegativeWindMin": 0,
  "ForceWithWindMin": -108.91629380221393,
  "Id": "576de314-74f3-4dd8-ad08-a61b99e85847",
  "CreatedOn": "2024-12-05T08:24:44.581478+00:00",
  "CreatedBy": "579816e4-6653-4794-b435-a885f32e28d7",
  "ModifiedOn": "2024-12-05T08:24:44.581479+00:00",
  "ModifiedBy": ""
}

13:54:47.066 [main] INFO  com.intuit.karate - Generated Config ID: 576de314-74f3-4dd8-ad08-a61b99e85847 
13:54:47.067 [main] INFO  com.intuit.karate - Generated Name: Dataset6409 
13:54:47.067 [main] INFO  com.intuit.karate - Generated Description: Dataset6409 
13:54:47.071 [main] DEBUG com.intuit.karate - request:
1 > PUT https://dev-drivetec-apis.schuecodigitalsolutions.com/Configurations
1 > Content-Type: application/json; charset=UTF-8
1 > Content-Length: 1281
1 > Host: dev-drivetec-apis.schuecodigitalsolutions.com
1 > Connection: Keep-Alive
1 > User-Agent: Apache-HttpClient/4.5.14 (Java/17.0.12)
1 > Accept-Encoding: gzip,deflate
{"Id":"576de314-74f3-4dd8-ad08-a61b99e85847","Name":"Dataset42","Description":"Dataset6409","ProjectId":"2afcf090-6588-4022-aa5e-49fca51f940e","CustomTags":"","CreatedBy":"579816e4-6653-4794-b435-a885f32e28d7","ModifiedBy":"579816e4-6653-4794-b435-a885f32e28d7","System":"","FacadeInclination":0,"OpeningType":3,"OpeningDirection":2,"OpeningWidth":1000,"VentOuterWidth":1201,"VentOuterHeight":1000,"VentWeight":0,"CalculateWeightWithGlass":false,"RequiredOpeningStroke":400,"WindLoad":120,"SnowLoad":0,"IsWindowOpeningCalculationByAngle":1,"GlassThickness":14,"ProfileWeightPerSerialMeter":2.5,"DrivePosition":1,"InstallationPosition":0,"LockingMechanism":1,"Voltage":1,"DriveType":1,"TypeOfInstallation":2,"GeometricArea":0,"CalcVentilation":1,"SpecificExhaustDimension":45,"BuildingDepth":75,"CalculationTypeForVentilation":1,"HeightOfProfile":30,"HeightProfileRectangleAngle1":35,"HeightProfileRectangleAngle2":2,"RevealDepth":200,"RevealDepthRectangleAngle1":150,"RevealDepthRectangleAngle2":1000,"ChainLengthConnectingRodHandle":5,"ApplicationName":1,"OpeningAngle":10,"WeightIncGlassOrThickness":false,"AkippOrAtilt":0,"AdrehOrAturn":0,"Ageo":0,"MinPullingForceMax":0,"MinPushingForceMax":0,"MinPullingForcePermanent":0,"MinPushingForcePermanent":0,"ForceWithNegativeWind":0}

13:54:47.748 [main] DEBUG com.intuit.karate - response time in milliseconds: 676
1 < 200
1 < Content-Type: application/json; charset=utf-8
1 < Date: Thu, 05 Dec 2024 08:24:45 GMT
1 < Server: Microsoft-IIS/10.0
1 < X-Powered-By: ASP.NET
1 < Content-Length: 2009
1 < Connection: keep-alive
{
  "ProjectId": "2afcf090-6588-4022-aa5e-49fca51f940e",
  "Name": "Dataset42",
  "Description": "Dataset6409",
  "CustomTags": "",
  "ApplicationName": 1,
  "OpeningType": 3,
  "OpeningDirection": 2,
  "CalculateWeightWithGlass": false,
  "WindLoad": 120,
  "IsWindowOpeningCalculationByAngle": 1,
  "VentOuterWidth": 1201,
  "VentOuterHeight": 1000,
  "WeightIncGlassOrThickness": false,
  "VentWeight": 53,
  "VentWeightExact": 53.04,
  "GlassThickness": 14,
  "ProfileWeightPerSerialMeter": 2.5,
  "FacadeInclination": 0,
  "ChainLengthConnectingRodHandle": 5,
  "ChainLenghtConnectingRodHandle": 0,
  "RequiredOpeningStroke": 400,
  "OpeningWidth": 1000,
  "OpeningAngle": 19.172008828071117,
  "SpecificExhaustDimension": 45,
  "BuildingDepth": 75,
  "SnowLoad": 0,
  "DistanceHinge": 0,
  "RatedCurrent": 0,
  "DrivePosition": 1,
  "LockingMechanism": 1,
  "Voltage": 1,
  "DriveType": 1,
  "TypeOfInstallation": 2,
  "GeometricArea": 0,
  "CalculationTypeForVentilation": 1,
  "HeightOfProfile": 30,
  "Reveal": 0,
  "RevealDepth": 200,
  "HeightProfileRectangleAngle1": 35,
  "HeightProfileRectangleAngle2": 2,
  "RevealDepthRectangleAngle1": 150,
  "RevealDepthRectangleAngle2": 1000,
  "RevealDepthRectangleAngle12": 0,
  "InstallationPosition": 0,
  "RecommendedDriveArticleNo": 0,
  "System": "",
  "AkippOrAtilt": 0.8804,
  "AdrehOrAturn": 1.201,
  "Ageo": 0.8804,
  "MinPullingForceMax": 65.23478237053695,
  "MinPushingForceMax": 72.06000614977764,
  "MinPullingForcePermanent": 0,
  "MinPushingForcePermanent": 0,
  "ForceWithNegativeWind": -72.06000614977764,
  "ForceWithNoWindMin": 0,
  "ForceWithNegativeWindMin": -65.23478237053695,
  "ForceWithWindMin": 65.23478237053695,
  "Id": "576de314-74f3-4dd8-ad08-a61b99e85847",
  "CreatedOn": "0001-01-01T00:00:00",
  "CreatedBy": "579816e4-6653-4794-b435-a885f32e28d7",
  "ModifiedOn": "2024-12-05T08:24:45.2616286+00:00",
  "ModifiedBy": "579816e4-6653-4794-b435-a885f32e28d7"
}

13:54:47.749 [main] INFO  com.intuit.karate - VentWeight from API Response: 53 
13:54:47.753 [main] INFO  com.intuit.karate - Rounded Opening Angle: 19.0 
13:54:47.754 [main] INFO  com.intuit.karate - Rounded Ageo: 0.88 
13:54:47.754 [main] INFO  com.intuit.karate - Rounded Required Opening Stroke: 400.0 
13:54:47.754 [main] INFO  com.intuit.karate - Rounded Vent Weight: 53.0 
13:54:47.757 [main] DEBUG com.intuit.karate - request:
2 > GET https://dev-drivetec-apis.schuecodigitalsolutions.com/Config/576de314-74f3-4dd8-ad08-a61b99e85847/Drive
2 > Host: dev-drivetec-apis.schuecodigitalsolutions.com
2 > Connection: Keep-Alive
2 > User-Agent: Apache-HttpClient/4.5.14 (Java/17.0.12)
2 > Accept-Encoding: gzip,deflate


13:54:48.416 [main] DEBUG com.intuit.karate - response time in milliseconds: 658
2 < 200
2 < Content-Type: application/json; charset=utf-8
2 < Date: Thu, 05 Dec 2024 08:24:45 GMT
2 < Server: Microsoft-IIS/10.0
2 < X-Powered-By: ASP.NET
2 < Content-Length: 12477
2 < Connection: keep-alive
[
  {
    "Name": "Chain actuator D4 400",
    "Bezeichnung": "Kettenantrieb D4 400",
    "ConfigurationId": "00000000-0000-0000-0000-000000000000",
    "Description": "",
    "Application": "Facade",
    "ApplicationFacade": true,
    "ApplicationSkylight": false,
    "Type": 1,
    "OpeningType": 0,
    "BottomHungInward": true,
    "BottomHungOutward": false,
    "SideHungInward": true,
    "SideHungOutward": true,
    "TopHungInward": false,
    "TopHungOutward": true,
    "ProjectedTopHungInward": false,
    "ProjectedTopHungOutward": true,
    "InstallationType": "",
    "ITMainOutFrmMountWBracket": true,
    "ITMainFixOutFrmMount": true,
    "ITMainVentFrmMount": true,
    "ITSideMount50": false,
    "ITSideMount60": false,
    "ITSideMount70": false,
    "ITSideMount80": false,
    "ITSideMount67": true,
    "Feature": "",
    "FeatureOpenClose": true,
    "FeatureLock": true,
    "ArticleNumber": 291706,
    "Stroke": 400,
    "Angle": 0,
    "Voltage": "24 V DC",
    "Voltage24": true,
    "Voltage230": false,
    "RatedCurrent": 1,
    "BreakingCurrent": 1,
    "PullingForceMax": 400,
    "PushingForceMax": 300,
    "PullingForceMaxWithNegativeWind": 0,
    "PushingForceMaxWithNegativeWind": 0,
    "PushingForcePermanent": 200,
    "PullingForcePermanent": 400,
    "MinPullingForceMax": 0,
    "MinPushingForceMax": 72.06,
    "MinPullingForcePermanent": 0,
    "MinPushingForcePermanent": 0,
    "Price": 273.74,
    "DriveLength": 551,
    "ChainDrive": 651,
    "ChainDrive2": 1262,
    "MaxLengthMainClosingEdge1Drive": 1850,
    "MaxGeometricArea": 1,
    "GeometricalSmokeExhaustion": 0,
    "TotalGlassThickness": 14,
    "Dimensions": 0,
    "DimensionsWxHxD": "551 x 24 x 35",
    "TensileForce": 0,
    "LockingForce": 0,
    "Details_DE": "<ul><li>Bemessungsspannung: 24 V DC (19 V … 28 V)</li> <li>Abschaltstrom: 1,2 A</li> <li>Bemessungsstrom: 0,9 A</li> <li>Bemessungsaufnahme: 22 W</li> <li>Schutzart: IP 32</li> <li>Zug-/Schubkraft: max. 400 N</li> <li>Umgebungstemperatur: -5°C bis + 60°C</li> <li>Anschlussleitung: Halogenfrei, grau 5 x 0,5mm², ~3m</li> <li>Max. Geschwindigkeit: 13,5 mm/s</li></ul>",
    "Details_EN": "<ul><li>Rated voltage: 24 V DC (19 V … 28 V)</li> <li>Breaking current: 1.2 A</li><li>Rated current: 0.9 A</li><li>Rated consumption: 22 W</li><li>Protection rating: IP 32</li><li>Traction/ thrust: max. 400 N</li><li>Ambient temperature: -5° C to +60° C</li><li>Connecting cable: halogen-free, grey, 5 x 0.5 mm², ~ 3 m</li><li>Max. speed: 13,5 mm/s </li></ul>",
    "Einsatz": "<ul><li>Anwendung: Lüftung, NRA</li> <li>Integrierte intelligente Regelelektronik</li> <li>Rückmeldung Endlage „ZU“ (max. 24 V, 500 mA)</li> </ul>",
    "Use": "<ul><li>Application: ventilation, natural smoke ventilation</li> <li>Integrated intelligent control electronics</li> <li>Response for “CLOSED” end position (max. 24 V, 500 mA)</li> </ul>",
    "Ausstattung": "<ul><li>Zusätzlicher Universal-Steckersatz für Mehrfachbetrieb bis zu 4 Antrieben und 2 Verriegelungsantrieben</li></ul>",
    "Equipment": "<ul><li>Additional universal plug socket for multiplex operation of up to 4 drives and 2 interlocking drives</li></ul>",
    "Optionen": "<ul><li>Programmierung von Sonderfunktionen</li> <li>Programmierbare Rückmeldung Endlage „AUF“ (max. 24 V, 500 mA)</li> <li>Schüco Kontroller zur automatischen Konfiguration von Synchronlauf und Folgesteuerungen mit Verriegelungsantrieben in Antriebs-Verbundsystemen</li> </ul>",
    "Options": "<ul><li>Programming of special functions</li> <li>Programmable response for “OPEN” end position (max. 24 V, 500 mA)</li> <li>Schüco controller for automatic configuration of synchronous running and sequence control with locking drives in composite drive systems</li> </ul>",
    "IsTwoPce": false,
    "ResultVentWeight": 53.04,
    "IsLsRsDrive": true,
    "ArticleNumberRs": 291705,
    "TwoDrivesSideInstallation50": 0,
    "TwoDrivesSideInstallation60": 0,
    "TwoDrivesSideInstallation70": 0,
    "TwoDrivesSideInstallation80": 0,
    "OpeningSpeedmms": 0,
    "Traction": 400,
    "Thrust": 300,
    "Id": "3d1279a9-fd09-4a49-8d1b-c747973b2872",
    "CreatedOn": "2024-09-26T13:55:26.817Z",
    "CreatedBy": "",
    "ModifiedOn": "2024-09-26T13:55:26.817Z",
    "ModifiedBy": ""
  },
  {
    "Name": "Chain actuator D6 400",
    "Bezeichnung": "Kettenantrieb D6 400",
    "ConfigurationId": "00000000-0000-0000-0000-000000000000",
    "Description": "",
    "Application": "Facade",
    "ApplicationFacade": true,
    "ApplicationSkylight": true,
    "Type": 1,
    "OpeningType": 0,
    "BottomHungInward": true,
    "BottomHungOutward": true,
    "SideHungInward": true,
    "SideHungOutward": true,
    "TopHungInward": false,
    "TopHungOutward": true,
    "ProjectedTopHungInward": false,
    "ProjectedTopHungOutward": true,
    "InstallationType": "",
    "ITMainOutFrmMountWBracket": true,
    "ITMainFixOutFrmMount": false,
    "ITMainVentFrmMount": true,
    "ITSideMount50": false,
    "ITSideMount60": false,
    "ITSideMount70": false,
    "ITSideMount80": false,
    "ITSideMount67": true,
    "Feature": "",
    "FeatureOpenClose": true,
    "FeatureLock": true,
    "ArticleNumber": 291715,
    "Stroke": 400,
    "Angle": 0,
    "Voltage": "24 V DC",
    "Voltage24": true,
    "Voltage230": false,
    "RatedCurrent": 1,
    "BreakingCurrent": 1,
    "PullingForceMax": 600,
    "PushingForceMax": 600,
    "PullingForceMaxWithNegativeWind": 0,
    "PushingForceMaxWithNegativeWind": 0,
    "PushingForcePermanent": 400,
    "PullingForcePermanent": 600,
    "MinPullingForceMax": 0,
    "MinPushingForceMax": 72.06,
    "MinPullingForcePermanent": 0,
    "MinPushingForcePermanent": 0,
    "Price": 360.35,
    "DriveLength": 591,
    "ChainDrive": 691,
    "ChainDrive2": 1342,
    "MaxLengthMainClosingEdge1Drive": 1920,
    "MaxGeometricArea": 1,
    "GeometricalSmokeExhaustion": 0,
    "TotalGlassThickness": 14,
    "Dimensions": 0,
    "DimensionsWxHxD": "591 x 40 x 56",
    "TensileForce": 0,
    "LockingForce": 0,
    "Details_DE": "<ul> <li>Bemessungsspannung: 24 V DC (19 V … 28 V)</li> <li>Abschaltstrom: 1,2 A</li> <li>Bemessungsstrom: 0,9 A</li> <li>Bemessungsaufnahme: 22 W</li> <li>Schutzart: IP 32</li> <li>Zug-/Schubkraft: max. 600 N</li> <li>Umgebungstemperatur: -5°C bis + 60°C</li> <li>Anschlussleitung: Halogenfrei, grau 5 x 0,5mm², ~3m</li> <li>Max. Geschwindigkeit: 13,5 mm/s</li> </ul>",
    "Details_EN": "<ul> <li>Rated voltage: 24 V DC (19 V … 28 V)</li><li>Breaking current: 1.2 A</li><li>Rated current: 0.9 A</li><li>Rated consumption: 22W</li><li>Protection rating: IP 32</li><li>Traction/ thrust: max. 600 N</li><li>Ambient temperature: -5° C to +60° C</li><li>Connecting cable: halogen-free, grey 3 x 0,5mm², ~3m</li><li>Max. speed: 13,5 mm/s</li></ul>",
    "Einsatz": "<ul><li>Anwendung: Lüftung, NRA</li> <li>Integrierte intelligente Regelelektronik</li></ul>",
    "Use": "<ul><li>Application: ventilation, natural smoke ventilation</li> <li>Integrated intelligent control electronics</li> </ul>",
    "Ausstattung": "<ul><li>Zusätzlicher Universal-Steckersatz für Mehrfachbetrieb bis zu 4 Antrieben und 2 Verriegelungsantrieben</li></ul>",
    "Equipment": "<ul><li>Additional universal plug socket for multiplex operation  of up to 4 drives and 2 interlocking drives</li></ul>",
    "Optionen": "<ul><li>Programmierung von Sonderfunktionen</li> <li>Programmierbare Rückmeldung Endlage „AUF“ (max. 24 V, 500 mA)</li> <li>Schüco Kontroller zur automatischen Konfiguration von Synchronlauf und Folgesteuerungen mit Verriegelungsantrieben in Antriebs-Verbundsystemen</li> </ul>",
    "Options": "<ul><li>Programming of special functions</li> <li>Programmable response for “OPEN” end position (max. 24 V, 500 mA)</li> <li>Schüco controller for automatic configuration of synchronous running and sequence control with locking drives in composite drive systems</li> </ul>",
    "IsTwoPce": false,
    "ResultVentWeight": 53.04,
    "IsLsRsDrive": false,
    "ArticleNumberRs": 0,
    "TwoDrivesSideInstallation50": 0,
    "TwoDrivesSideInstallation60": 0,
    "TwoDrivesSideInstallation70": 0,
    "TwoDrivesSideInstallation80": 0,
    "OpeningSpeedmms": 0,
    "Traction": 600,
    "Thrust": 600,
    "Id": "6cfaf03b-807c-4298-8635-4bf804653a9e",
    "CreatedOn": "2024-09-26T13:55:26.817Z",
    "CreatedBy": "",
    "ModifiedOn": "2024-09-26T13:55:26.817Z",
    "ModifiedBy": ""
  },
  {
    "Name": "Locking actuator EasyConnect ow",
    "Bezeichnung": "Verriegelungsantrieb EasyConnect ow",
    "ConfigurationId": "00000000-0000-0000-0000-000000000000",
    "Description": "",
    "Application": "",
    "ApplicationFacade": true,
    "ApplicationSkylight": false,
    "Type": 5,
    "OpeningType": 0,
    "BottomHungInward": false,
    "BottomHungOutward": false,
    "SideHungInward": false,
    "SideHungOutward": true,
    "TopHungInward": false,
    "TopHungOutward": true,
    "ProjectedTopHungInward": false,
    "ProjectedTopHungOutward": true,
    "InstallationType": "",
    "ITMainOutFrmMountWBracket": true,
    "ITMainFixOutFrmMount": false,
    "ITMainVentFrmMount": false,
    "ITSideMount50": false,
    "ITSideMount60": false,
    "ITSideMount70": false,
    "ITSideMount80": false,
    "ITSideMount67": false,
    "Feature": "",
    "FeatureOpenClose": true,
    "FeatureLock": false,
    "ArticleNumber": 291589,
    "Stroke": 0,
    "Angle": 0,
    "Voltage": null,
    "Voltage24": true,
    "Voltage230": true,
    "RatedCurrent": 0,
    "BreakingCurrent": 0,
    "PullingForceMax": 0,
    "PushingForceMax": 0,
    "PullingForceMaxWithNegativeWind": 0,
    "PushingForceMaxWithNegativeWind": 0,
    "PushingForcePermanent": 0,
    "PullingForcePermanent": 0,
    "MinPullingForceMax": 0,
    "MinPushingForceMax": 0,
    "MinPullingForcePermanent": 0,
    "MinPushingForcePermanent": 0,
    "Price": 0,
    "DriveLength": 0,
    "ChainDrive": 0,
    "ChainDrive2": 0,
    "MaxLengthMainClosingEdge1Drive": 0,
    "MaxGeometricArea": 0,
    "GeometricalSmokeExhaustion": 0,
    "TotalGlassThickness": 0,
    "Dimensions": 0,
    "DimensionsWxHxD": "375 x 24 x 35",
    "TensileForce": 0,
    "LockingForce": 0,
    "Details_DE": "<ul> <li>Bemessungsspannung: 24 V DC (19 V … 28 V)</li> <li>Abschaltstrom: ~1,0 A</li> <li>Bemessungsstrom: 0,6 A</li> <li>Bemessungsaufnahme: 15 W</li> <li>Schutzart: IP 32</li><li>Zug-/Schubkraft: max. 600 N</li> <li>Umgebungstemperatur: -5°C bis + 60°C</li> <li>Anschlussleitung: Halogenfrei, grau 5 x 0,5mm² , ~5m</li> <li>Laufzeit: ~ 5s</li><li>Hub: ~ 18mm</li> </ul>",
    "Details_EN": "<ul> <li>Rated voltage : 24 V DC (19 V … 28 V</li> <li>Breaking current : ~1,0 A</li> <li>Rated current : 0,6 A</li> <li>Rated consumption : 15 W</li> <li>Protection rating : IP 32</li><li>Traction/ thrust : max. 600 N</li> <li>Ambient temperature: -5°C bis + 60°C</li> <li>Connecting cable: halogen-free, grey 5 x 0,5mm² , ~5m</li> <li>Running time: ~ 5s</li><li>Stroke: ~ 18mm</li> </ul>",
    "Einsatz": "<ul> <li>Anwendung: Lüftung, NRA</li><li>Integrierte intelligente Regelelektronik</li></ul>",
    "Use": "<ul> <li>Application: ventilation, natural smoke ventilation</li> <li>Integrated intelligent control electronics</li></ul>",
    "Ausstattung": "<ul><li>Laufrichtung einstellbar</li><li>Zusätzlicher Universal-Steckersatz</li></ul>",
    "Equipment": "<ul><li>Running direction adjustable</li><li>Additional universal plug socket</li></ul>",
    "Optionen": "<ul> <li>Mitnehmer objekt-/profilspezifisch anpassbar</li></ul>",
    "Options": "<ul> <li>Coupling adapter customizable for project-/profile-specific demands</li></ul>",
    "IsTwoPce": false,
    "ResultVentWeight": 0,
    "IsLsRsDrive": false,
    "ArticleNumberRs": 0,
    "TwoDrivesSideInstallation50": 0,
    "TwoDrivesSideInstallation60": 0,
    "TwoDrivesSideInstallation70": 0,
    "TwoDrivesSideInstallation80": 0,
    "OpeningSpeedmms": 0,
    "Traction": 0,
    "Thrust": 0,
    "Id": "ebe9753c-e5d7-4140-afe0-9f98bf25df99",
    "CreatedOn": "2024-09-26T13:55:26.817Z",
    "CreatedBy": "",
    "ModifiedOn": "2024-09-26T13:55:26.817Z",
    "ModifiedBy": ""
  }
]

13:54:48.420 [main] INFO  com.intuit.karate - Expected RecommDrive: Chain actuator D4 400,Chain actuator D6 400,Locking actuator EasyConnect ow 
13:54:48.420 [main] INFO  com.intuit.karate - Actual RecommDrive: Chain actuator D4 400, Chain actuator D6 400, Locking actuator EasyConnect ow 
13:54:48.420 [main] INFO  com.intuit.karate - Normalized Actual RecommDrive: Chain actuator D4 400,Chain actuator D6 400,Locking actuator EasyConnect ow 
13:54:48.420 [main] INFO  com.intuit.karate - Normalized Expected RecommDrive: Chain actuator D4 400,Chain actuator D6 400,Locking actuator EasyConnect ow 
13:54:48.421 [main] INFO  com.intuit.karate - All Drive IDs: [
  "3d1279a9-fd09-4a49-8d1b-c747973b2872",
  "6cfaf03b-807c-4298-8635-4bf804653a9e",
  "ebe9753c-e5d7-4140-afe0-9f98bf25df99"
]
 
13:54:48.421 [main] INFO  com.intuit.karate - First Drive ID: 3d1279a9-fd09-4a49-8d1b-c747973b2872 
13:54:48.422 [main] DEBUG com.intuit.karate - request:
3 > POST https://dev-drivetec-apis.schuecodigitalsolutions.com/api/Drives/DownloadPDFNew/Schuco
3 > Content-Type: application/json; charset=UTF-8
3 > Content-Length: 1194
3 > Host: dev-drivetec-apis.schuecodigitalsolutions.com
3 > Connection: Keep-Alive
3 > User-Agent: Apache-HttpClient/4.5.14 (Java/17.0.12)
3 > Accept-Encoding: gzip,deflate
[{"Id":"configId","Header":"configId","Value":"576de314-74f3-4dd8-ad08-a61b99e85847"},{"Id":"driveId","Header":"driveId","Value":"3d1279a9-fd09-4a49-8d1b-c747973b2872"},{"Id":"culture","Header":"culture","Value":"EN-US"},{"Id":"projectId","Header":"projectId","Value":"2afcf090-6588-4022-aa5e-49fca51f940e"},{"Id":"range-of-app","Header":"Range of application","Value":"Façade"},{"Id":"opening-type","Header":"Opening type","Value":"Bottom-hung vent"},{"Id":"opening-direction","Header":"Opening direction","Value":"Inward"},{"Id":"how-calc-weight","Header":"Vent weight","Value":"Weight including glass"},{"Id":"Chain-Length","Header":"Chain- \/ connecting rod handle","Value":"100%"},{"Id":"drive-position","Header":"Drive position","Value":"Side installation"},{"Id":"locking-mechanism","Header":"Locking mechanism","Value":"With"},{"Id":"voltage","Header":"Voltage","Value":"24 V"},{"Id":"drive-type","Header":"Drive type","Value":"Chain drive"},{"Id":"type-installation","Header":"Type of installation","Value":"Pivoting Outer Frame Installation"},{"Id":"calculation-type-for-ventilation-area","Header":"Calculation type for ventilation area","Value":"Method in accordance with ASR 3.6"}]

13:54:50.509 [main] DEBUG com.intuit.karate - response time in milliseconds: 2086
3 < 200
3 < Content-Type: application/json; charset=utf-8
3 < Date: Thu, 05 Dec 2024 08:24:48 GMT
3 < Server: Microsoft-IIS/10.0
3 < X-Powered-By: ASP.NET
3 < Content-Length: 276
3 < Connection: keep-alive
{
  "result": "https://drive-tec-dev.s3.amazonaws.com/AUT_TPJ33518-Chain_actuator_D4_400.pdf?AWSAccessKeyId=AKIAZAWIART4ZFAXXPHK&Expires=1733390688&response-content-disposition=attachment%3B&response-content-type=application%2Fpdf&Signature=hScVdYmkYCBVudQI0sbiso79Mik%3D"
}

13:54:50.510 [main] INFO  com.intuit.karate - Download URL for first driveId: https://drive-tec-dev.s3.amazonaws.com/AUT_TPJ33518-Chain_actuator_D4_400.pdf?AWSAccessKeyId=AKIAZAWIART4ZFAXXPHK&Expires=1733390688&response-content-disposition=attachment%3B&response-content-type=application%2Fpdf&Signature=hScVdYmkYCBVudQI0sbiso79Mik%3D 
13:54:50.514 [main] INFO  com.intuit.karate - karate.env system property was: null 
13:54:50.515 [main] INFO  com.intuit.karate - Running test for dataset:  Dataset43 
13:54:50.519 [main] INFO  com.intuit.karate - Using ProjectId:  {
  "result": {
    "projectId": "prjId"
  },
  "projectPayload": {
    "Id": "579816e4-6653-4794-b435-a885f32e28d7",
    "Name": "AUT_TPJ33518",
    "Address": "Hyderabad, Telangana, India",
    "Description": "",
    "CreatedBy": "579816e4-6653-4794-b435-a885f32e28d7",
    "ModifiedBy": "579816e4-6653-4794-b435-a885f32e28d7"
  },
  "uniqueName": "AUT_TPJ33518",
  "responseHeaders": {
    "Content-Type": [
      "application/json; charset=utf-8"
    ],
    "Date": [
      "Thu, 05 Dec 2024 08:22:12 GMT"
    ],
    "Server": [
      "Microsoft-IIS/10.0"
    ],
    "X-Powered-By": [
      "ASP.NET"
    ],
    "transfer-encoding": [
      "chunked"
    ],
    "Connection": [
      "keep-alive"
    ],
    "Set-Cookie": [
    ]
  },
  "responseTime": 841,
  "response": {
    "Name": "AUT_TPJ33518",
    "Description": "",
    "Address": "Hyderabad, Telangana, India",
    "Id": "2afcf090-6588-4022-aa5e-49fca51f940e",
    "CreatedOn": "2024-12-05T08:22:11.998251+00:00",
    "CreatedBy": "579816e4-6653-4794-b435-a885f32e28d7",
    "ModifiedOn": "2024-12-05T08:22:11.9982526+00:00",
    "ModifiedBy": ""
  },
  "responseStatus": 200,
  "prjId": "2afcf090-6588-4022-aa5e-49fca51f940e",
  "projectId": "2afcf090-6588-4022-aa5e-49fca51f940e"
}
 
13:54:50.524 [main] DEBUG com.intuit.karate - request:
1 > POST https://dev-drivetec-apis.schuecodigitalsolutions.com/Configurations
1 > Content-Type: application/json; charset=UTF-8
1 > Content-Length: 1275
1 > Host: dev-drivetec-apis.schuecodigitalsolutions.com
1 > Connection: Keep-Alive
1 > User-Agent: Apache-HttpClient/4.5.14 (Java/17.0.12)
1 > Accept-Encoding: gzip,deflate
{"Id":"00000000-0000-0000-0000-000000000000","ProjectId":"2afcf090-6588-4022-aa5e-49fca51f940e","Name":"Dataset0521","Description":"Dataset0521","CustomTags":"","CreatedBy":"579816e4-6653-4794-b435-a885f32e28d7","ModifiedBy":"579816e4-6653-4794-b435-a885f32e28d7","ApplicationName":1,"System":"","FacadeInclination":0,"OpeningType":1,"OpeningDirection":1,"OpeningWidth":1000,"VentOuterWidth":1230,"VentOuterHeight":1480,"VentWeight":70,"CalculateWeightWithGlass":false,"WeightIncGlassOrThickness":false,"GlassThickness":14,"ProfileWeightPerSerialMeter":2.5,"IsWindowOpeningCalculationByAngle":1,"RequiredOpeningStroke":400,"OpeningAngle":15,"WindLoad":120,"SnowLoad":0,"DrivePosition":2,"InstallationPosition":1,"ChainLengthConnectingRodHandle":5,"LockingMechanism":1,"Voltage":1,"DriveType":1,"TypeOfInstallation":2,"CalculationTypeForVentilation":1,"CalcVentilation":1,"GeometricArea":1,"SpecificExhaustDimension":30,"BuildingDepth":75,"RevealDepth":0,"RevealDepthRectangleAngle1":0,"RevealDepthRectangleAngle2":0,"HeightOfProfile":0,"HeightProfileRectangleAngle1":0,"HeightProfileRectangleAngle2":0,"AkippOrAtilt":0,"AdrehOrAturn":0,"Ageo":0,"MinPullingForceMax":0,"MinPushingForceMax":0,"MinPullingForcePermanent":0,"MinPushingForcePermanent":0,"ForceWithNegativeWind":0}

13:54:51.171 [main] DEBUG com.intuit.karate - response time in milliseconds: 646
1 < 200
1 < Content-Type: application/json; charset=utf-8
1 < Date: Thu, 05 Dec 2024 08:24:48 GMT
1 < Server: Microsoft-IIS/10.0
1 < X-Powered-By: ASP.NET
1 < Content-Length: 2032
1 < Connection: keep-alive
{
  "ProjectId": "2afcf090-6588-4022-aa5e-49fca51f940e",
  "Name": "Dataset0521",
  "Description": "Dataset0521",
  "CustomTags": "",
  "ApplicationName": 1,
  "OpeningType": 1,
  "OpeningDirection": 1,
  "CalculateWeightWithGlass": false,
  "WindLoad": 120,
  "IsWindowOpeningCalculationByAngle": 1,
  "VentOuterWidth": 1230,
  "VentOuterHeight": 1480,
  "WeightIncGlassOrThickness": false,
  "VentWeight": 77,
  "VentWeightExact": 77.26400000000001,
  "GlassThickness": 14,
  "ProfileWeightPerSerialMeter": 2.5,
  "FacadeInclination": 0,
  "ChainLengthConnectingRodHandle": 5,
  "ChainLenghtConnectingRodHandle": 0,
  "RequiredOpeningStroke": 400,
  "OpeningWidth": 1000,
  "OpeningAngle": 15.532868337024489,
  "SpecificExhaustDimension": 30,
  "BuildingDepth": 75,
  "SnowLoad": 0,
  "DistanceHinge": 0,
  "RatedCurrent": 0,
  "DrivePosition": 2,
  "LockingMechanism": 1,
  "Voltage": 1,
  "DriveType": 1,
  "TypeOfInstallation": 2,
  "GeometricArea": 0,
  "CalculationTypeForVentilation": 1,
  "HeightOfProfile": 0,
  "Reveal": 0,
  "RevealDepth": 0,
  "HeightProfileRectangleAngle1": 0,
  "HeightProfileRectangleAngle2": 0,
  "RevealDepthRectangleAngle1": 0,
  "RevealDepthRectangleAngle2": 0,
  "RevealDepthRectangleAngle12": 0,
  "InstallationPosition": 0,
  "RecommendedDriveArticleNo": 0,
  "System": "",
  "AkippOrAtilt": 1.084,
  "AdrehOrAturn": 1.8204,
  "Ageo": 1.084,
  "MinPullingForceMax": -206.4868442161654,
  "MinPushingForceMax": -206.4868442161654,
  "MinPullingForcePermanent": -104.11163259218097,
  "MinPushingForcePermanent": -104.11163259218097,
  "ForceWithNegativeWind": 109.53156767199486,
  "ForceWithNoWindMin": 0.30763693489047433,
  "ForceWithNegativeWindMin": 0,
  "ForceWithWindMin": -108.91629380221393,
  "Id": "754f7bd6-9eba-4929-8805-65fe755e7ca8",
  "CreatedOn": "2024-12-05T08:24:48.6896391+00:00",
  "CreatedBy": "579816e4-6653-4794-b435-a885f32e28d7",
  "ModifiedOn": "2024-12-05T08:24:48.6896404+00:00",
  "ModifiedBy": ""
}

13:54:51.172 [main] INFO  com.intuit.karate - Generated Config ID: 754f7bd6-9eba-4929-8805-65fe755e7ca8 
13:54:51.172 [main] INFO  com.intuit.karate - Generated Name: Dataset0521 
13:54:51.172 [main] INFO  com.intuit.karate - Generated Description: Dataset0521 
13:54:51.177 [main] DEBUG com.intuit.karate - request:
1 > PUT https://dev-drivetec-apis.schuecodigitalsolutions.com/Configurations
1 > Content-Type: application/json; charset=UTF-8
1 > Content-Length: 1284
1 > Host: dev-drivetec-apis.schuecodigitalsolutions.com
1 > Connection: Keep-Alive
1 > User-Agent: Apache-HttpClient/4.5.14 (Java/17.0.12)
1 > Accept-Encoding: gzip,deflate
{"Id":"754f7bd6-9eba-4929-8805-65fe755e7ca8","Name":"Dataset43","Description":"Dataset0521","ProjectId":"2afcf090-6588-4022-aa5e-49fca51f940e","CustomTags":"","CreatedBy":"579816e4-6653-4794-b435-a885f32e28d7","ModifiedBy":"579816e4-6653-4794-b435-a885f32e28d7","System":"","FacadeInclination":0,"OpeningType":1,"OpeningDirection":1,"OpeningWidth":1000,"VentOuterWidth":1201,"VentOuterHeight":1000,"VentWeight":0,"CalculateWeightWithGlass":false,"RequiredOpeningStroke":400,"WindLoad":120,"SnowLoad":0,"IsWindowOpeningCalculationByAngle":1,"GlassThickness":14,"ProfileWeightPerSerialMeter":2.5,"DrivePosition":1,"InstallationPosition":0,"LockingMechanism":1,"Voltage":1,"DriveType":1,"TypeOfInstallation":2,"GeometricArea":0,"CalcVentilation":2,"SpecificExhaustDimension":45,"BuildingDepth":90,"CalculationTypeForVentilation":2,"HeightOfProfile":150,"HeightProfileRectangleAngle1":150,"HeightProfileRectangleAngle2":150,"RevealDepth":150,"RevealDepthRectangleAngle1":150,"RevealDepthRectangleAngle2":150,"ChainLengthConnectingRodHandle":5,"ApplicationName":1,"OpeningAngle":74,"WeightIncGlassOrThickness":false,"AkippOrAtilt":0,"AdrehOrAturn":0,"Ageo":0,"MinPullingForceMax":0,"MinPushingForceMax":0,"MinPullingForcePermanent":0,"MinPushingForcePermanent":0,"ForceWithNegativeWind":0}

13:54:51.838 [main] DEBUG com.intuit.karate - response time in milliseconds: 660
1 < 200
1 < Content-Type: application/json; charset=utf-8
1 < Date: Thu, 05 Dec 2024 08:24:49 GMT
1 < Server: Microsoft-IIS/10.0
1 < X-Powered-By: ASP.NET
1 < Content-Length: 2079
1 < Connection: keep-alive
{
  "ProjectId": "2afcf090-6588-4022-aa5e-49fca51f940e",
  "Name": "Dataset43",
  "Description": "Dataset0521",
  "CustomTags": "",
  "ApplicationName": 1,
  "OpeningType": 1,
  "OpeningDirection": 1,
  "CalculateWeightWithGlass": false,
  "WindLoad": 120,
  "IsWindowOpeningCalculationByAngle": 1,
  "VentOuterWidth": 1201,
  "VentOuterHeight": 1000,
  "WeightIncGlassOrThickness": false,
  "VentWeight": 53,
  "VentWeightExact": 53.04,
  "GlassThickness": 14,
  "ProfileWeightPerSerialMeter": 2.5,
  "FacadeInclination": 0,
  "ChainLengthConnectingRodHandle": 5,
  "ChainLenghtConnectingRodHandle": 0,
  "RequiredOpeningStroke": 400,
  "OpeningWidth": 1000,
  "OpeningAngle": 23.073918065630977,
  "SpecificExhaustDimension": 45,
  "BuildingDepth": 90,
  "SnowLoad": 0,
  "DistanceHinge": 0,
  "RatedCurrent": 0,
  "DrivePosition": 1,
  "LockingMechanism": 1,
  "Voltage": 1,
  "DriveType": 1,
  "TypeOfInstallation": 2,
  "GeometricArea": 0,
  "CalculationTypeForVentilation": 2,
  "HeightOfProfile": 150,
  "Reveal": 0,
  "RevealDepth": 150,
  "HeightProfileRectangleAngle1": 150,
  "HeightProfileRectangleAngle2": 150,
  "RevealDepthRectangleAngle1": 150,
  "RevealDepthRectangleAngle2": 150,
  "RevealDepthRectangleAngle12": 0,
  "InstallationPosition": 0,
  "RecommendedDriveArticleNo": 0,
  "System": "",
  "AkippOrAtilt": 0.8804,
  "AdrehOrAturn": 1.201,
  "Ageo": 0.3735492950895184,
  "MinPullingForceMax": -71.8487684604568,
  "MinPushingForceMax": -168.17314550645918,
  "MinPullingForcePermanent": -105.88166896820212,
  "MinPushingForcePermanent": -105.88166896820212,
  "ForceWithNegativeWind": 72.27114014782973,
  "ForceWithNoWindMin": 0.21118584368646143,
  "ForceWithNegativeWindMin": -43.59019242994507,
  "ForceWithWindMin": -71.8487684604568,
  "Id": "754f7bd6-9eba-4929-8805-65fe755e7ca8",
  "CreatedOn": "0001-01-01T00:00:00",
  "CreatedBy": "579816e4-6653-4794-b435-a885f32e28d7",
  "ModifiedOn": "2024-12-05T08:24:49.3532924+00:00",
  "ModifiedBy": "579816e4-6653-4794-b435-a885f32e28d7"
}

13:54:51.839 [main] INFO  com.intuit.karate - VentWeight from API Response: 53 
13:54:51.841 [main] INFO  com.intuit.karate - Rounded Opening Angle: 23.0 
13:54:51.841 [main] INFO  com.intuit.karate - Rounded Ageo: 0.37 
13:54:51.841 [main] INFO  com.intuit.karate - Rounded Required Opening Stroke: 400.0 
13:54:51.841 [main] INFO  com.intuit.karate - Rounded Vent Weight: 53.0 
13:54:51.844 [main] DEBUG com.intuit.karate - request:
2 > GET https://dev-drivetec-apis.schuecodigitalsolutions.com/Config/754f7bd6-9eba-4929-8805-65fe755e7ca8/Drive
2 > Host: dev-drivetec-apis.schuecodigitalsolutions.com
2 > Connection: Keep-Alive
2 > User-Agent: Apache-HttpClient/4.5.14 (Java/17.0.12)
2 > Accept-Encoding: gzip,deflate


13:54:52.672 [main] DEBUG com.intuit.karate - response time in milliseconds: 827
2 < 200
2 < Content-Type: application/json; charset=utf-8
2 < Date: Thu, 05 Dec 2024 08:24:49 GMT
2 < Server: Microsoft-IIS/10.0
2 < X-Powered-By: ASP.NET
2 < transfer-encoding: chunked
2 < Connection: keep-alive
[
  {
    "Name": "Chain actuator D2 L400",
    "Bezeichnung": "Kettenantrieb D2 L400",
    "ConfigurationId": "00000000-0000-0000-0000-000000000000",
    "Description": "",
    "Application": "Facade",
    "ApplicationFacade": true,
    "ApplicationSkylight": false,
    "Type": 1,
    "OpeningType": 0,
    "BottomHungInward": true,
    "BottomHungOutward": false,
    "SideHungInward": true,
    "SideHungOutward": false,
    "TopHungInward": false,
    "TopHungOutward": true,
    "ProjectedTopHungInward": false,
    "ProjectedTopHungOutward": false,
    "InstallationType": "",
    "ITMainOutFrmMountWBracket": true,
    "ITMainFixOutFrmMount": true,
    "ITMainVentFrmMount": true,
    "ITSideMount50": false,
    "ITSideMount60": false,
    "ITSideMount70": false,
    "ITSideMount80": false,
    "ITSideMount67": true,
    "Feature": "",
    "FeatureOpenClose": true,
    "FeatureLock": true,
    "ArticleNumber": 291754,
    "Stroke": 400,
    "Angle": 0,
    "Voltage": "24 V DC",
    "Voltage24": true,
    "Voltage230": false,
    "RatedCurrent": 1,
    "BreakingCurrent": 1,
    "PullingForceMax": 250,
    "PushingForceMax": 200,
    "PullingForceMaxWithNegativeWind": 0,
    "PushingForceMaxWithNegativeWind": 0,
    "PushingForcePermanent": 133.33,
    "PullingForcePermanent": 250,
    "MinPullingForceMax": -168.17,
    "MinPushingForceMax": 0,
    "MinPullingForcePermanent": -105.88,
    "MinPushingForcePermanent": 0,
    "Price": 252.38,
    "DriveLength": 430,
    "ChainDrive": 530,
    "ChainDrive2": 1020,
    "MaxLengthMainClosingEdge1Drive": 1650,
    "MaxGeometricArea": 0,
    "GeometricalSmokeExhaustion": 0,
    "TotalGlassThickness": 14,
    "Dimensions": 0,
    "DimensionsWxHxD": "430 x 26 x 41",
    "TensileForce": 0,
    "LockingForce": 0,
    "Details_DE": "<ul><li>Bemessungsspannung: 24 V DC (19 V … 28 V)</li><li>Abschaltstrom: 1,0 A</li><li>Bemessungsstrom: 0,7 A</li><li>Bemessungsaufnahme: 17 W</li><li>Schutzart: IP 32</li><li>Zug-/Schubkraft: max. 250 N</li><li>Umgebungstemperatur: -5°C bis + 60°C</li><li>Anschlussleitung: Halogenfrei, grau 3 x 0,5 mm², ~3 m</li><li>Max. Geschwindigkeit: 13,5 mm/s</li></ul>",
    "Details_EN": "<ul><li>Rated voltage: 24 V DC (19 V … 28 V)</li><li>Breaking current: 1.0 A</li><li>Rated current: 0.7 A</li><li>Rated consumption: 17 W</li><li>Protection rating: IP 32</li><li>Traction/ thrust: max. 250 N</li><li>Ambient temperature: -5°C bis + 60°C</li><li>Connecting cable: halogen-free, grey 3 x 0.5 mm², ~3 m</li><li>Max. speed: 13.5 mm/s</li></ul>",
    "Einsatz": "<ul> <li>Anwendung: Lüftung, NRA</li> <li>Integrierte intelligente Regelelektronik</li> <li>Rückmeldung Endlage „ZU“ (max. 24 V, 500 mA)</li> </ul>",
    "Use": "<ul> <li>Application: ventilation, natural smoke ventilation</li> <li>Integrated, intelligent control electronics</li> <li>Response for “CLOSED” end position (max. 24 V, 500 mA)</li> </ul>",
    "Ausstattung": null,
    "Equipment": null,
    "Optionen": "<ul> <li>Programmierung von Sonderfunktionen</li> <li>Programmierbare Rückmeldung Endlage „AUF“ (max. 24 V, 500 mA)</li> <li>Schüco Kontroller zur automatischen Konfiguration von Synchronlauf und Folgesteuerungen mit Verriegelungsantrieben in Antriebs-Verbundsystemen</li> </ul>",
    "Options": "<ul> <li>Programming of special functions</li> <li>Programmable response for “OPEN” end position (max. 24 V, 500 mA)</li> <li>Schüco controller for automatic configuration of synchronous running and sequence control with locking drives in composite drive systems</li></ul>",
    "IsTwoPce": false,
    "ResultVentWeight": 53.04,
    "IsLsRsDrive": true,
    "ArticleNumberRs": 291755,
    "TwoDrivesSideInstallation50": 0,
    "TwoDrivesSideInstallation60": 0,
    "TwoDrivesSideInstallation70": 0,
    "TwoDrivesSideInstallation80": 0,
    "OpeningSpeedmms": 0,
    "Traction": 250,
    "Thrust": 200,
    "Id": "94015dd3-0c39-4d62-be4f-b1e2f8066f98",
    "CreatedOn": "2024-09-26T13:55:26.817Z",
    "CreatedBy": "",
    "ModifiedOn": "2024-09-26T13:55:26.817Z",
    "ModifiedBy": ""
  },
  {
    "Name": "Chain actuator D4 400",
    "Bezeichnung": "Kettenantrieb D4 400",
    "ConfigurationId": "00000000-0000-0000-0000-000000000000",
    "Description": "",
    "Application": "Facade",
    "ApplicationFacade": true,
    "ApplicationSkylight": false,
    "Type": 1,
    "OpeningType": 0,
    "BottomHungInward": true,
    "BottomHungOutward": false,
    "SideHungInward": true,
    "SideHungOutward": true,
    "TopHungInward": false,
    "TopHungOutward": true,
    "ProjectedTopHungInward": false,
    "ProjectedTopHungOutward": true,
    "InstallationType": "",
    "ITMainOutFrmMountWBracket": true,
    "ITMainFixOutFrmMount": true,
    "ITMainVentFrmMount": true,
    "ITSideMount50": false,
    "ITSideMount60": false,
    "ITSideMount70": false,
    "ITSideMount80": false,
    "ITSideMount67": true,
    "Feature": "",
    "FeatureOpenClose": true,
    "FeatureLock": true,
    "ArticleNumber": 291706,
    "Stroke": 400,
    "Angle": 0,
    "Voltage": "24 V DC",
    "Voltage24": true,
    "Voltage230": false,
    "RatedCurrent": 1,
    "BreakingCurrent": 1,
    "PullingForceMax": 400,
    "PushingForceMax": 300,
    "PullingForceMaxWithNegativeWind": 0,
    "PushingForceMaxWithNegativeWind": 0,
    "PushingForcePermanent": 200,
    "PullingForcePermanent": 400,
    "MinPullingForceMax": -168.17,
    "MinPushingForceMax": 0,
    "MinPullingForcePermanent": -105.88,
    "MinPushingForcePermanent": 0,
    "Price": 273.74,
    "DriveLength": 551,
    "ChainDrive": 651,
    "ChainDrive2": 1262,
    "MaxLengthMainClosingEdge1Drive": 1850,
    "MaxGeometricArea": 0,
    "GeometricalSmokeExhaustion": 0,
    "TotalGlassThickness": 14,
    "Dimensions": 0,
    "DimensionsWxHxD": "551 x 24 x 35",
    "TensileForce": 0,
    "LockingForce": 0,
    "Details_DE": "<ul><li>Bemessungsspannung: 24 V DC (19 V … 28 V)</li> <li>Abschaltstrom: 1,2 A</li> <li>Bemessungsstrom: 0,9 A</li> <li>Bemessungsaufnahme: 22 W</li> <li>Schutzart: IP 32</li> <li>Zug-/Schubkraft: max. 400 N</li> <li>Umgebungstemperatur: -5°C bis + 60°C</li> <li>Anschlussleitung: Halogenfrei, grau 5 x 0,5mm², ~3m</li> <li>Max. Geschwindigkeit: 13,5 mm/s</li></ul>",
    "Details_EN": "<ul><li>Rated voltage: 24 V DC (19 V … 28 V)</li> <li>Breaking current: 1.2 A</li><li>Rated current: 0.9 A</li><li>Rated consumption: 22 W</li><li>Protection rating: IP 32</li><li>Traction/ thrust: max. 400 N</li><li>Ambient temperature: -5° C to +60° C</li><li>Connecting cable: halogen-free, grey, 5 x 0.5 mm², ~ 3 m</li><li>Max. speed: 13,5 mm/s </li></ul>",
    "Einsatz": "<ul><li>Anwendung: Lüftung, NRA</li> <li>Integrierte intelligente Regelelektronik</li> <li>Rückmeldung Endlage „ZU“ (max. 24 V, 500 mA)</li> </ul>",
    "Use": "<ul><li>Application: ventilation, natural smoke ventilation</li> <li>Integrated intelligent control electronics</li> <li>Response for “CLOSED” end position (max. 24 V, 500 mA)</li> </ul>",
    "Ausstattung": "<ul><li>Zusätzlicher Universal-Steckersatz für Mehrfachbetrieb bis zu 4 Antrieben und 2 Verriegelungsantrieben</li></ul>",
    "Equipment": "<ul><li>Additional universal plug socket for multiplex operation of up to 4 drives and 2 interlocking drives</li></ul>",
    "Optionen": "<ul><li>Programmierung von Sonderfunktionen</li> <li>Programmierbare Rückmeldung Endlage „AUF“ (max. 24 V, 500 mA)</li> <li>Schüco Kontroller zur automatischen Konfiguration von Synchronlauf und Folgesteuerungen mit Verriegelungsantrieben in Antriebs-Verbundsystemen</li> </ul>",
    "Options": "<ul><li>Programming of special functions</li> <li>Programmable response for “OPEN” end position (max. 24 V, 500 mA)</li> <li>Schüco controller for automatic configuration of synchronous running and sequence control with locking drives in composite drive systems</li> </ul>",
    "IsTwoPce": false,
    "ResultVentWeight": 53.04,
    "IsLsRsDrive": true,
    "ArticleNumberRs": 291705,
    "TwoDrivesSideInstallation50": 0,
    "TwoDrivesSideInstallation60": 0,
    "TwoDrivesSideInstallation70": 0,
    "TwoDrivesSideInstallation80": 0,
    "OpeningSpeedmms": 0,
    "Traction": 400,
    "Thrust": 300,
    "Id": "3d1279a9-fd09-4a49-8d1b-c747973b2872",
    "CreatedOn": "2024-09-26T13:55:26.817Z",
    "CreatedBy": "",
    "ModifiedOn": "2024-09-26T13:55:26.817Z",
    "ModifiedBy": ""
  },
  {
    "Name": "Chain actuator D6 400",
    "Bezeichnung": "Kettenantrieb D6 400",
    "ConfigurationId": "00000000-0000-0000-0000-000000000000",
    "Description": "",
    "Application": "Facade",
    "ApplicationFacade": true,
    "ApplicationSkylight": true,
    "Type": 1,
    "OpeningType": 0,
    "BottomHungInward": true,
    "BottomHungOutward": true,
    "SideHungInward": true,
    "SideHungOutward": true,
    "TopHungInward": false,
    "TopHungOutward": true,
    "ProjectedTopHungInward": false,
    "ProjectedTopHungOutward": true,
    "InstallationType": "",
    "ITMainOutFrmMountWBracket": true,
    "ITMainFixOutFrmMount": false,
    "ITMainVentFrmMount": true,
    "ITSideMount50": false,
    "ITSideMount60": false,
    "ITSideMount70": false,
    "ITSideMount80": false,
    "ITSideMount67": true,
    "Feature": "",
    "FeatureOpenClose": true,
    "FeatureLock": true,
    "ArticleNumber": 291715,
    "Stroke": 400,
    "Angle": 0,
    "Voltage": "24 V DC",
    "Voltage24": true,
    "Voltage230": false,
    "RatedCurrent": 1,
    "BreakingCurrent": 1,
    "PullingForceMax": 600,
    "PushingForceMax": 600,
    "PullingForceMaxWithNegativeWind": 0,
    "PushingForceMaxWithNegativeWind": 0,
    "PushingForcePermanent": 400,
    "PullingForcePermanent": 600,
    "MinPullingForceMax": -168.17,
    "MinPushingForceMax": 0,
    "MinPullingForcePermanent": -105.88,
    "MinPushingForcePermanent": 0,
    "Price": 360.35,
    "DriveLength": 591,
    "ChainDrive": 691,
    "ChainDrive2": 1342,
    "MaxLengthMainClosingEdge1Drive": 1920,
    "MaxGeometricArea": 0,
    "GeometricalSmokeExhaustion": 0,
    "TotalGlassThickness": 14,
    "Dimensions": 0,
    "DimensionsWxHxD": "591 x 40 x 56",
    "TensileForce": 0,
    "LockingForce": 0,
    "Details_DE": "<ul> <li>Bemessungsspannung: 24 V DC (19 V … 28 V)</li> <li>Abschaltstrom: 1,2 A</li> <li>Bemessungsstrom: 0,9 A</li> <li>Bemessungsaufnahme: 22 W</li> <li>Schutzart: IP 32</li> <li>Zug-/Schubkraft: max. 600 N</li> <li>Umgebungstemperatur: -5°C bis + 60°C</li> <li>Anschlussleitung: Halogenfrei, grau 5 x 0,5mm², ~3m</li> <li>Max. Geschwindigkeit: 13,5 mm/s</li> </ul>",
    "Details_EN": "<ul> <li>Rated voltage: 24 V DC (19 V … 28 V)</li><li>Breaking current: 1.2 A</li><li>Rated current: 0.9 A</li><li>Rated consumption: 22W</li><li>Protection rating: IP 32</li><li>Traction/ thrust: max. 600 N</li><li>Ambient temperature: -5° C to +60° C</li><li>Connecting cable: halogen-free, grey 3 x 0,5mm², ~3m</li><li>Max. speed: 13,5 mm/s</li></ul>",
    "Einsatz": "<ul><li>Anwendung: Lüftung, NRA</li> <li>Integrierte intelligente Regelelektronik</li></ul>",
    "Use": "<ul><li>Application: ventilation, natural smoke ventilation</li> <li>Integrated intelligent control electronics</li> </ul>",
    "Ausstattung": "<ul><li>Zusätzlicher Universal-Steckersatz für Mehrfachbetrieb bis zu 4 Antrieben und 2 Verriegelungsantrieben</li></ul>",
    "Equipment": "<ul><li>Additional universal plug socket for multiplex operation  of up to 4 drives and 2 interlocking drives</li></ul>",
    "Optionen": "<ul><li>Programmierung von Sonderfunktionen</li> <li>Programmierbare Rückmeldung Endlage „AUF“ (max. 24 V, 500 mA)</li> <li>Schüco Kontroller zur automatischen Konfiguration von Synchronlauf und Folgesteuerungen mit Verriegelungsantrieben in Antriebs-Verbundsystemen</li> </ul>",
    "Options": "<ul><li>Programming of special functions</li> <li>Programmable response for “OPEN” end position (max. 24 V, 500 mA)</li> <li>Schüco controller for automatic configuration of synchronous running and sequence control with locking drives in composite drive systems</li> </ul>",
    "IsTwoPce": false,
    "ResultVentWeight": 53.04,
    "IsLsRsDrive": false,
    "ArticleNumberRs": 0,
    "TwoDrivesSideInstallation50": 0,
    "TwoDrivesSideInstallation60": 0,
    "TwoDrivesSideInstallation70": 0,
    "TwoDrivesSideInstallation80": 0,
    "OpeningSpeedmms": 0,
    "Traction": 600,
    "Thrust": 600,
    "Id": "6cfaf03b-807c-4298-8635-4bf804653a9e",
    "CreatedOn": "2024-09-26T13:55:26.817Z",
    "CreatedBy": "",
    "ModifiedOn": "2024-09-26T13:55:26.817Z",
    "ModifiedBy": ""
  },
  {
    "Name": "Chain actuator TWIN D2 L400",
    "Bezeichnung": "Kettenantrieb TWIN D2 L400",
    "ConfigurationId": "00000000-0000-0000-0000-000000000000",
    "Description": "",
    "Application": "Facade",
    "ApplicationFacade": true,
    "ApplicationSkylight": false,
    "Type": 1,
    "OpeningType": 0,
    "BottomHungInward": true,
    "BottomHungOutward": false,
    "SideHungInward": false,
    "SideHungOutward": false,
    "TopHungInward": false,
    "TopHungOutward": true,
    "ProjectedTopHungInward": false,
    "ProjectedTopHungOutward": false,
    "InstallationType": "",
    "ITMainOutFrmMountWBracket": true,
    "ITMainFixOutFrmMount": true,
    "ITMainVentFrmMount": true,
    "ITSideMount50": false,
    "ITSideMount60": false,
    "ITSideMount70": false,
    "ITSideMount80": false,
    "ITSideMount67": false,
    "Feature": "",
    "FeatureOpenClose": true,
    "FeatureLock": true,
    "ArticleNumber": 291773,
    "Stroke": 400,
    "Angle": 0,
    "Voltage": "24 V DC",
    "Voltage24": true,
    "Voltage230": false,
    "RatedCurrent": 1,
    "BreakingCurrent": 2,
    "PullingForceMax": 500,
    "PushingForceMax": 400,
    "PullingForceMaxWithNegativeWind": 0,
    "PushingForceMaxWithNegativeWind": 0,
    "PushingForcePermanent": 266.67,
    "PullingForcePermanent": 500,
    "MinPullingForceMax": -168.17,
    "MinPushingForceMax": 0,
    "MinPullingForcePermanent": -105.88,
    "MinPushingForcePermanent": 0,
    "Price": 503.83,
    "DriveLength": 830,
    "ChainDrive": 930,
    "ChainDrive2": 0,
    "MaxLengthMainClosingEdge1Drive": 1650,
    "MaxGeometricArea": 0,
    "GeometricalSmokeExhaustion": 0,
    "TotalGlassThickness": 14,
    "Dimensions": 0,
    "DimensionsWxHxD": "830 x 26 x 41",
    "TensileForce": 0,
    "LockingForce": 0,
    "Details_DE": "<ul><li>Bemessungsspannung: 24 V DC (19 V … 28 V)</li> <li>Abschaltstrom: 2,0 A</li> <li>Bemessungsstrom: 1,4 A</li> <li>Bemessungsaufnahme: 34 W</li> <li>Schutzart: IP 32</li> <li>Zug-/Schubkraft: max. 500 N</li> <li>Umgebungstemperatur: -5°C bis + 60°C</li> <li>Anschlussleitung: Halogenfrei, grau 3 x 0,5mm², ~3m</li> <li>Max. Geschwindigkeit: 12 mm/s</li> </ul>",
    "Details_EN": "<ul><li>Rated voltage: 24 V DC (19 V … 28 V)</li><li>Breaking current: 2.0 A</li><li>Rated current: 1.4 A</li><li>Rated consumption: 34 W</li><li>Protection rating: IP 32</li><li>Traction/ thrust: max. 500 N</li><li>Ambient temperature: -5°C bis + 60°C</li><li>Connecting cable: halogen-free, grey 3 x 0,5mm², ~3m</li><li>Max. speed: 12 mm/s</li></ul>",
    "Einsatz": "<ul><li>Anwendung: Lüftung, NRA</li> <li>Integrierte intelligente Regelelektronik</li> <li>Rückmeldung Endlage „ZU“ (max. 24 V, 500 mA)</li> </ul>",
    "Use": "<ul><li>Application: ventilation, natural smoke ventilation</li> <li>Integrated intelligent control electronics</li> <li>Response for \"CLOSED\" end position (max. 24 V, 500 mA)</li> </ul>",
    "Ausstattung": null,
    "Equipment": null,
    "Optionen": "<ul><li>Programmierung von Sonderfunktionen</li> <li>Programmierbare Rückmeldung Endlage „AUF“ (max. 24 V, 500 mA)</li> <li>Schüco Kontroller zur automatischen Konfiguration von Synchronlauf und Folgesteuerungen mit Verriegelungsantrieb in Antriebs-Verbundsystem</li> </ul>",
    "Options": "<ul><li>Programming of special functions</li> <li>Programmable response for \"OPEN\" end position (max. 24 V, 500 mA)</li> <li>Schüco controller for automatic configuration of synchronous running and sequence control with locking drives in composite drive systems</li> </ul>",
    "IsTwoPce": false,
    "ResultVentWeight": 53.04,
    "IsLsRsDrive": false,
    "ArticleNumberRs": 0,
    "TwoDrivesSideInstallation50": 0,
    "TwoDrivesSideInstallation60": 0,
    "TwoDrivesSideInstallation70": 0,
    "TwoDrivesSideInstallation80": 0,
    "OpeningSpeedmms": 0,
    "Traction": 500,
    "Thrust": 400,
    "Id": "bee855a0-ff9e-43a3-aef0-f3ffc5797b4f",
    "CreatedOn": "2024-09-26T13:55:26.817Z",
    "CreatedBy": "",
    "ModifiedOn": "2024-09-26T13:55:26.817Z",
    "ModifiedBy": ""
  },
  {
    "Name": "Chain actuator D2 L400",
    "Bezeichnung": "Kettenantrieb D2 L400",
    "ConfigurationId": "00000000-0000-0000-0000-000000000000",
    "Description": "",
    "Application": "Facade",
    "ApplicationFacade": true,
    "ApplicationSkylight": false,
    "Type": 1,
    "OpeningType": 0,
    "BottomHungInward": true,
    "BottomHungOutward": false,
    "SideHungInward": true,
    "SideHungOutward": false,
    "TopHungInward": false,
    "TopHungOutward": true,
    "ProjectedTopHungInward": false,
    "ProjectedTopHungOutward": false,
    "InstallationType": "",
    "ITMainOutFrmMountWBracket": true,
    "ITMainFixOutFrmMount": true,
    "ITMainVentFrmMount": true,
    "ITSideMount50": false,
    "ITSideMount60": false,
    "ITSideMount70": false,
    "ITSideMount80": false,
    "ITSideMount67": true,
    "Feature": "",
    "FeatureOpenClose": true,
    "FeatureLock": true,
    "ArticleNumber": 291754,
    "Stroke": 400,
    "Angle": 0,
    "Voltage": "24 V DC",
    "Voltage24": true,
    "Voltage230": false,
    "RatedCurrent": 1,
    "BreakingCurrent": 1,
    "PullingForceMax": 250,
    "PushingForceMax": 200,
    "PullingForceMaxWithNegativeWind": 0,
    "PushingForceMaxWithNegativeWind": 0,
    "PushingForcePermanent": 133.33,
    "PullingForcePermanent": 250,
    "MinPullingForceMax": -168.17,
    "MinPushingForceMax": 0,
    "MinPullingForcePermanent": -105.88,
    "MinPushingForcePermanent": 0,
    "Price": 504.76,
    "DriveLength": 430,
    "ChainDrive": 530,
    "ChainDrive2": 1020,
    "MaxLengthMainClosingEdge1Drive": 1650,
    "MaxGeometricArea": 0,
    "GeometricalSmokeExhaustion": 0,
    "TotalGlassThickness": 14,
    "Dimensions": 0,
    "DimensionsWxHxD": "430 x 26 x 41",
    "TensileForce": 0,
    "LockingForce": 0,
    "Details_DE": "<ul><li>Bemessungsspannung: 24 V DC (19 V … 28 V)</li><li>Abschaltstrom: 1,0 A</li><li>Bemessungsstrom: 0,7 A</li><li>Bemessungsaufnahme: 17 W</li><li>Schutzart: IP 32</li><li>Zug-/Schubkraft: max. 250 N</li><li>Umgebungstemperatur: -5°C bis + 60°C</li><li>Anschlussleitung: Halogenfrei, grau 3 x 0,5 mm², ~3 m</li><li>Max. Geschwindigkeit: 13,5 mm/s</li></ul>",
    "Details_EN": "<ul><li>Rated voltage: 24 V DC (19 V … 28 V)</li><li>Breaking current: 1.0 A</li><li>Rated current: 0.7 A</li><li>Rated consumption: 17 W</li><li>Protection rating: IP 32</li><li>Traction/ thrust: max. 250 N</li><li>Ambient temperature: -5°C bis + 60°C</li><li>Connecting cable: halogen-free, grey 3 x 0.5 mm², ~3 m</li><li>Max. speed: 13.5 mm/s</li></ul>",
    "Einsatz": "<ul> <li>Anwendung: Lüftung, NRA</li> <li>Integrierte intelligente Regelelektronik</li> <li>Rückmeldung Endlage „ZU“ (max. 24 V, 500 mA)</li> </ul>",
    "Use": "<ul> <li>Application: ventilation, natural smoke ventilation</li> <li>Integrated, intelligent control electronics</li> <li>Response for “CLOSED” end position (max. 24 V, 500 mA)</li> </ul>",
    "Ausstattung": null,
    "Equipment": null,
    "Optionen": "<ul> <li>Programmierung von Sonderfunktionen</li> <li>Programmierbare Rückmeldung Endlage „AUF“ (max. 24 V, 500 mA)</li> <li>Schüco Kontroller zur automatischen Konfiguration von Synchronlauf und Folgesteuerungen mit Verriegelungsantrieben in Antriebs-Verbundsystemen</li> </ul>",
    "Options": "<ul> <li>Programming of special functions</li> <li>Programmable response for “OPEN” end position (max. 24 V, 500 mA)</li> <li>Schüco controller for automatic configuration of synchronous running and sequence control with locking drives in composite drive systems</li></ul>",
    "IsTwoPce": true,
    "ResultVentWeight": 53.04,
    "IsLsRsDrive": true,
    "ArticleNumberRs": 291755,
    "TwoDrivesSideInstallation50": 0,
    "TwoDrivesSideInstallation60": 0,
    "TwoDrivesSideInstallation70": 0,
    "TwoDrivesSideInstallation80": 0,
    "OpeningSpeedmms": 0,
    "Traction": 250,
    "Thrust": 200,
    "Id": "94015dd3-0c39-4d62-be4f-b1e2f8066f98",
    "CreatedOn": "2024-09-26T13:55:26.817Z",
    "CreatedBy": "",
    "ModifiedOn": "2024-09-26T13:55:26.817Z",
    "ModifiedBy": ""
  },
  {
    "Name": "Locking actuator EasyConnect",
    "Bezeichnung": "Verriegelungsantrieb EasyConnect",
    "ConfigurationId": "00000000-0000-0000-0000-000000000000",
    "Description": "",
    "Application": "",
    "ApplicationFacade": true,
    "ApplicationSkylight": false,
    "Type": 5,
    "OpeningType": 0,
    "BottomHungInward": true,
    "BottomHungOutward": false,
    "SideHungInward": true,
    "SideHungOutward": false,
    "TopHungInward": false,
    "TopHungOutward": false,
    "ProjectedTopHungInward": false,
    "ProjectedTopHungOutward": false,
    "InstallationType": "",
    "ITMainOutFrmMountWBracket": true,
    "ITMainFixOutFrmMount": true,
    "ITMainVentFrmMount": false,
    "ITSideMount50": false,
    "ITSideMount60": false,
    "ITSideMount70": false,
    "ITSideMount80": false,
    "ITSideMount67": false,
    "Feature": "",
    "FeatureOpenClose": true,
    "FeatureLock": false,
    "ArticleNumber": 291787,
    "Stroke": 0,
    "Angle": 0,
    "Voltage": null,
    "Voltage24": true,
    "Voltage230": true,
    "RatedCurrent": 0,
    "BreakingCurrent": 0,
    "PullingForceMax": 0,
    "PushingForceMax": 0,
    "PullingForceMaxWithNegativeWind": 0,
    "PushingForceMaxWithNegativeWind": 0,
    "PushingForcePermanent": 0,
    "PullingForcePermanent": 0,
    "MinPullingForceMax": 0,
    "MinPushingForceMax": 0,
    "MinPullingForcePermanent": 0,
    "MinPushingForcePermanent": 0,
    "Price": 0,
    "DriveLength": 0,
    "ChainDrive": 0,
    "ChainDrive2": 0,
    "MaxLengthMainClosingEdge1Drive": 0,
    "MaxGeometricArea": 0,
    "GeometricalSmokeExhaustion": 0,
    "TotalGlassThickness": 0,
    "Dimensions": 0,
    "DimensionsWxHxD": "375 x 24 x 35",
    "TensileForce": 0,
    "LockingForce": 0,
    "Details_DE": "<ul> <li>Bemessungsspannung: 24 V DC (19 V … 28 V)</li> <li>Abschaltstrom: ~1,0 A</li> <li>Bemessungsstrom: 0,6 A</li> <li>Bemessungsaufnahme: 15 W</li> <li>Schutzart: IP 32</li><li>Zug-/Schubkraft: max. 600 N</li> <li>Umgebungstemperatur: -5°C bis + 60°C</li> <li>Anschlussleitung: Halogenfrei, grau 5 x 0,5mm² , ~5m</li> <li>Laufzeit: ~ 5s</li><li>Hub: ~ 18mm</li> </ul>",
    "Details_EN": "<ul> <li>Rated voltage : 24 V DC (19 V … 28 V</li> <li>Breaking current : ~1,0 A</li> <li>Rated current : 0,6 A</li> <li>Rated consumption : 15 W</li> <li>Protection rating : IP 32</li><li>Traction/ thrust : max. 600 N</li> <li>Ambient temperature: -5°C bis + 60°C</li> <li>Connecting cable: halogen-free, grey 5 x 0,5mm² , ~5m</li> <li>Running time: ~ 5s</li><li>Stroke: ~ 18mm</li> </ul>",
    "Einsatz": "<ul> <li>Anwendung: Lüftung, NRA</li><li>Integrierte intelligente Regelelektronik</li></ul>",
    "Use": "<ul> <li>Application: ventilation, natural smoke ventilation</li> <li>Integrated intelligent control electronics</li></ul>",
    "Ausstattung": "<ul><li>Laufrichtung einstellbar</li><li>Zusätzlicher Universal-Steckersatz</li></ul>",
    "Equipment": "<ul><li>Running direction adjustable</li><li>Additional universal plug socket</li></ul>",
    "Optionen": "<ul> <li>Mitnehmer objekt-/profilspezifisch anpassbar</li></ul>",
    "Options": "<ul> <li>Coupling adapter customizable for project-/profile-specific demands</li></ul>",
    "IsTwoPce": false,
    "ResultVentWeight": 0,
    "IsLsRsDrive": false,
    "ArticleNumberRs": 0,
    "TwoDrivesSideInstallation50": 0,
    "TwoDrivesSideInstallation60": 0,
    "TwoDrivesSideInstallation70": 0,
    "TwoDrivesSideInstallation80": 0,
    "OpeningSpeedmms": 0,
    "Traction": 0,
    "Thrust": 0,
    "Id": "f894c384-bd5f-4f1b-a446-f4a3afc8426e",
    "CreatedOn": "2024-09-26T13:55:26.817Z",
    "CreatedBy": "",
    "ModifiedOn": "2024-09-26T13:55:26.817Z",
    "ModifiedBy": ""
  },
  {
    "Name": "Locking actuator 600",
    "Bezeichnung": "Verriegelungsantrieb 600",
    "ConfigurationId": "00000000-0000-0000-0000-000000000000",
    "Description": "",
    "Application": "",
    "ApplicationFacade": true,
    "ApplicationSkylight": false,
    "Type": 5,
    "OpeningType": 0,
    "BottomHungInward": true,
    "BottomHungOutward": false,
    "SideHungInward": true,
    "SideHungOutward": false,
    "TopHungInward": false,
    "TopHungOutward": false,
    "ProjectedTopHungInward": false,
    "ProjectedTopHungOutward": false,
    "InstallationType": "",
    "ITMainOutFrmMountWBracket": true,
    "ITMainFixOutFrmMount": true,
    "ITMainVentFrmMount": false,
    "ITSideMount50": false,
    "ITSideMount60": false,
    "ITSideMount70": false,
    "ITSideMount80": false,
    "ITSideMount67": false,
    "Feature": "",
    "FeatureOpenClose": true,
    "FeatureLock": false,
    "ArticleNumber": 291736,
    "Stroke": 0,
    "Angle": 0,
    "Voltage": null,
    "Voltage24": true,
    "Voltage230": true,
    "RatedCurrent": 0,
    "BreakingCurrent": 0,
    "PullingForceMax": 0,
    "PushingForceMax": 0,
    "PullingForceMaxWithNegativeWind": 0,
    "PushingForceMaxWithNegativeWind": 0,
    "PushingForcePermanent": 0,
    "PullingForcePermanent": 0,
    "MinPullingForceMax": 0,
    "MinPushingForceMax": 0,
    "MinPullingForcePermanent": 0,
    "MinPushingForcePermanent": 0,
    "Price": 218.27,
    "DriveLength": 0,
    "ChainDrive": 0,
    "ChainDrive2": 0,
    "MaxLengthMainClosingEdge1Drive": 0,
    "MaxGeometricArea": 0,
    "GeometricalSmokeExhaustion": 0,
    "TotalGlassThickness": 0,
    "Dimensions": 0,
    "DimensionsWxHxD": "415 x 26 x 26",
    "TensileForce": 0,
    "LockingForce": 0,
    "Details_DE": "<ul> <li>Bemessungsspannung: 24 V DC (19 V … 28 V)</li> <li>Abschaltstrom: ~1,0 A</li> <li>Bemessungsstrom: 0,6 A</li> <li>Bemessungsaufnahme: 15 W</li> <li>Schutzart: IP 32</li><li>Zug-/Schubkraft: max. 600 N</li> <li>Umgebungstemperatur: -5°C bis + 60°C</li> <li>Anschlussleitung: Halogenfrei, grau 3x 0,5mm², ~3m</li> <li>Laufzeit: ~ 5s</li><li>Hub: ~ 18mm</li> </ul>",
    "Details_EN": "<ul> <li>Rated voltage : 24 V DC (19 V … 28 V</li> <li>Breaking current : ~1,0 A</li> <li>Rated current : 0,6 A</li> <li>Rated consumption : 15 W</li> <li>Protection rating : IP 32</li><li>Traction/ thrust : max. 600 N</li> <li>Ambient temperature: -5°C bis + 60°C</li> <li>Connecting cable: halogen-free, grey 3 x 0,5mm², ~3m</li> <li>Running time: ~ 5s</li><li>Stroke: ~ 18mm</li> </ul>",
    "Einsatz": "<ul> <li>Anwendung: Lüftung, NRA</li><li>Integrierte intelligente Regelelektronik</li></ul>",
    "Use": "<ul> <li>Application: ventilation, natural smoke ventilation</li> <li>Integrated intelligent control electronics</li></ul>",
    "Ausstattung": "<ul><li>Laufrichtung einstellbar</li></ul>",
    "Equipment": "<ul><li>Running direction adjustable</li></ul>",
    "Optionen": "<ul> <li>Mitnehmer objekt-/profilspezifisch anpassbar</li></ul>",
    "Options": "<ul> <li>Coupling adapter customizable for project-/profile-specific demands</li></ul>",
    "IsTwoPce": false,
    "ResultVentWeight": 0,
    "IsLsRsDrive": true,
    "ArticleNumberRs": 291735,
    "TwoDrivesSideInstallation50": 0,
    "TwoDrivesSideInstallation60": 0,
    "TwoDrivesSideInstallation70": 0,
    "TwoDrivesSideInstallation80": 0,
    "OpeningSpeedmms": 0,
    "Traction": 0,
    "Thrust": 0,
    "Id": "69d8317e-493b-4010-8d9e-54168822bacf",
    "CreatedOn": "2024-09-26T13:55:26.817Z",
    "CreatedBy": "",
    "ModifiedOn": "2024-09-26T13:55:26.817Z",
    "ModifiedBy": ""
  }
]

13:54:52.678 [main] INFO  com.intuit.karate - Expected RecommDrive: Chain actuator D2 L400,Chain actuator D4 400,Chain actuator D6 400,Chain actuator TWIN D2 L400,Chain actuator D2 L400,Locking actuator EasyConnect,Locking actuator 600 
13:54:52.678 [main] INFO  com.intuit.karate - Actual RecommDrive: Chain actuator D2 L400, Chain actuator D4 400, Chain actuator D6 400, Chain actuator TWIN D2 L400, Chain actuator D2 L400, Locking actuator EasyConnect, Locking actuator 600 
13:54:52.678 [main] INFO  com.intuit.karate - Normalized Actual RecommDrive: Chain actuator D2 L400,Chain actuator D4 400,Chain actuator D6 400,Chain actuator TWIN D2 L400,Chain actuator D2 L400,Locking actuator EasyConnect,Locking actuator 600 
13:54:52.678 [main] INFO  com.intuit.karate - Normalized Expected RecommDrive: Chain actuator D2 L400,Chain actuator D4 400,Chain actuator D6 400,Chain actuator TWIN D2 L400,Chain actuator D2 L400,Locking actuator EasyConnect,Locking actuator 600 
13:54:52.678 [main] INFO  com.intuit.karate - All Drive IDs: [
  "94015dd3-0c39-4d62-be4f-b1e2f8066f98",
  "3d1279a9-fd09-4a49-8d1b-c747973b2872",
  "6cfaf03b-807c-4298-8635-4bf804653a9e",
  "bee855a0-ff9e-43a3-aef0-f3ffc5797b4f",
  "94015dd3-0c39-4d62-be4f-b1e2f8066f98",
  "f894c384-bd5f-4f1b-a446-f4a3afc8426e",
  "69d8317e-493b-4010-8d9e-54168822bacf"
]
 
13:54:52.679 [main] INFO  com.intuit.karate - First Drive ID: 94015dd3-0c39-4d62-be4f-b1e2f8066f98 
13:54:52.680 [main] DEBUG com.intuit.karate - request:
3 > POST https://dev-drivetec-apis.schuecodigitalsolutions.com/api/Drives/DownloadPDFNew/Schuco
3 > Content-Type: application/json; charset=UTF-8
3 > Content-Length: 1194
3 > Host: dev-drivetec-apis.schuecodigitalsolutions.com
3 > Connection: Keep-Alive
3 > User-Agent: Apache-HttpClient/4.5.14 (Java/17.0.12)
3 > Accept-Encoding: gzip,deflate
[{"Id":"configId","Header":"configId","Value":"754f7bd6-9eba-4929-8805-65fe755e7ca8"},{"Id":"driveId","Header":"driveId","Value":"94015dd3-0c39-4d62-be4f-b1e2f8066f98"},{"Id":"culture","Header":"culture","Value":"EN-US"},{"Id":"projectId","Header":"projectId","Value":"2afcf090-6588-4022-aa5e-49fca51f940e"},{"Id":"range-of-app","Header":"Range of application","Value":"Façade"},{"Id":"opening-type","Header":"Opening type","Value":"Bottom-hung vent"},{"Id":"opening-direction","Header":"Opening direction","Value":"Inward"},{"Id":"how-calc-weight","Header":"Vent weight","Value":"Weight including glass"},{"Id":"Chain-Length","Header":"Chain- \/ connecting rod handle","Value":"100%"},{"Id":"drive-position","Header":"Drive position","Value":"Side installation"},{"Id":"locking-mechanism","Header":"Locking mechanism","Value":"With"},{"Id":"voltage","Header":"Voltage","Value":"24 V"},{"Id":"drive-type","Header":"Drive type","Value":"Chain drive"},{"Id":"type-installation","Header":"Type of installation","Value":"Pivoting Outer Frame Installation"},{"Id":"calculation-type-for-ventilation-area","Header":"Calculation type for ventilation area","Value":"Method in accordance with ASR 3.6"}]

13:54:54.135 [main] DEBUG com.intuit.karate - response time in milliseconds: 1455
3 < 200
3 < Content-Type: application/json; charset=utf-8
3 < Date: Thu, 05 Dec 2024 08:24:51 GMT
3 < Server: Microsoft-IIS/10.0
3 < X-Powered-By: ASP.NET
3 < Content-Length: 279
3 < Connection: keep-alive
{
  "result": "https://drive-tec-dev.s3.amazonaws.com/AUT_TPJ33518-Chain_actuator_D2_L400.pdf?AWSAccessKeyId=AKIAZAWIART4ZFAXXPHK&Expires=1733390692&response-content-disposition=attachment%3B&response-content-type=application%2Fpdf&Signature=UZtMVFxVh4ZhFnOyxzGJSf%2BaOso%3D"
}

13:54:54.135 [main] INFO  com.intuit.karate - Download URL for first driveId: https://drive-tec-dev.s3.amazonaws.com/AUT_TPJ33518-Chain_actuator_D2_L400.pdf?AWSAccessKeyId=AKIAZAWIART4ZFAXXPHK&Expires=1733390692&response-content-disposition=attachment%3B&response-content-type=application%2Fpdf&Signature=UZtMVFxVh4ZhFnOyxzGJSf%2BaOso%3D 
13:54:54.138 [main] INFO  com.intuit.karate - karate.env system property was: null 
13:54:54.139 [main] INFO  com.intuit.karate - Running test for dataset:  Dataset44 
13:54:54.142 [main] INFO  com.intuit.karate - Using ProjectId:  {
  "result": {
    "projectId": "prjId"
  },
  "projectPayload": {
    "Id": "579816e4-6653-4794-b435-a885f32e28d7",
    "Name": "AUT_TPJ33518",
    "Address": "Hyderabad, Telangana, India",
    "Description": "",
    "CreatedBy": "579816e4-6653-4794-b435-a885f32e28d7",
    "ModifiedBy": "579816e4-6653-4794-b435-a885f32e28d7"
  },
  "uniqueName": "AUT_TPJ33518",
  "responseHeaders": {
    "Content-Type": [
      "application/json; charset=utf-8"
    ],
    "Date": [
      "Thu, 05 Dec 2024 08:22:12 GMT"
    ],
    "Server": [
      "Microsoft-IIS/10.0"
    ],
    "X-Powered-By": [
      "ASP.NET"
    ],
    "transfer-encoding": [
      "chunked"
    ],
    "Connection": [
      "keep-alive"
    ],
    "Set-Cookie": [
    ]
  },
  "responseTime": 841,
  "response": {
    "Name": "AUT_TPJ33518",
    "Description": "",
    "Address": "Hyderabad, Telangana, India",
    "Id": "2afcf090-6588-4022-aa5e-49fca51f940e",
    "CreatedOn": "2024-12-05T08:22:11.998251+00:00",
    "CreatedBy": "579816e4-6653-4794-b435-a885f32e28d7",
    "ModifiedOn": "2024-12-05T08:22:11.9982526+00:00",
    "ModifiedBy": ""
  },
  "responseStatus": 200,
  "prjId": "2afcf090-6588-4022-aa5e-49fca51f940e",
  "projectId": "2afcf090-6588-4022-aa5e-49fca51f940e"
}
 
13:54:54.144 [main] DEBUG com.intuit.karate - request:
1 > POST https://dev-drivetec-apis.schuecodigitalsolutions.com/Configurations
1 > Content-Type: application/json; charset=UTF-8
1 > Content-Length: 1275
1 > Host: dev-drivetec-apis.schuecodigitalsolutions.com
1 > Connection: Keep-Alive
1 > User-Agent: Apache-HttpClient/4.5.14 (Java/17.0.12)
1 > Accept-Encoding: gzip,deflate
{"Id":"00000000-0000-0000-0000-000000000000","ProjectId":"2afcf090-6588-4022-aa5e-49fca51f940e","Name":"Dataset4144","Description":"Dataset4144","CustomTags":"","CreatedBy":"579816e4-6653-4794-b435-a885f32e28d7","ModifiedBy":"579816e4-6653-4794-b435-a885f32e28d7","ApplicationName":1,"System":"","FacadeInclination":0,"OpeningType":1,"OpeningDirection":1,"OpeningWidth":1000,"VentOuterWidth":1230,"VentOuterHeight":1480,"VentWeight":70,"CalculateWeightWithGlass":false,"WeightIncGlassOrThickness":false,"GlassThickness":14,"ProfileWeightPerSerialMeter":2.5,"IsWindowOpeningCalculationByAngle":1,"RequiredOpeningStroke":400,"OpeningAngle":15,"WindLoad":120,"SnowLoad":0,"DrivePosition":2,"InstallationPosition":1,"ChainLengthConnectingRodHandle":5,"LockingMechanism":1,"Voltage":1,"DriveType":1,"TypeOfInstallation":2,"CalculationTypeForVentilation":1,"CalcVentilation":1,"GeometricArea":1,"SpecificExhaustDimension":30,"BuildingDepth":75,"RevealDepth":0,"RevealDepthRectangleAngle1":0,"RevealDepthRectangleAngle2":0,"HeightOfProfile":0,"HeightProfileRectangleAngle1":0,"HeightProfileRectangleAngle2":0,"AkippOrAtilt":0,"AdrehOrAturn":0,"Ageo":0,"MinPullingForceMax":0,"MinPushingForceMax":0,"MinPullingForcePermanent":0,"MinPushingForcePermanent":0,"ForceWithNegativeWind":0}

13:54:54.803 [main] DEBUG com.intuit.karate - response time in milliseconds: 657
1 < 200
1 < Content-Type: application/json; charset=utf-8
1 < Date: Thu, 05 Dec 2024 08:24:51 GMT
1 < Server: Microsoft-IIS/10.0
1 < X-Powered-By: ASP.NET
1 < Content-Length: 2032
1 < Connection: keep-alive
{
  "ProjectId": "2afcf090-6588-4022-aa5e-49fca51f940e",
  "Name": "Dataset4144",
  "Description": "Dataset4144",
  "CustomTags": "",
  "ApplicationName": 1,
  "OpeningType": 1,
  "OpeningDirection": 1,
  "CalculateWeightWithGlass": false,
  "WindLoad": 120,
  "IsWindowOpeningCalculationByAngle": 1,
  "VentOuterWidth": 1230,
  "VentOuterHeight": 1480,
  "WeightIncGlassOrThickness": false,
  "VentWeight": 77,
  "VentWeightExact": 77.26400000000001,
  "GlassThickness": 14,
  "ProfileWeightPerSerialMeter": 2.5,
  "FacadeInclination": 0,
  "ChainLengthConnectingRodHandle": 5,
  "ChainLenghtConnectingRodHandle": 0,
  "RequiredOpeningStroke": 400,
  "OpeningWidth": 1000,
  "OpeningAngle": 15.532868337024489,
  "SpecificExhaustDimension": 30,
  "BuildingDepth": 75,
  "SnowLoad": 0,
  "DistanceHinge": 0,
  "RatedCurrent": 0,
  "DrivePosition": 2,
  "LockingMechanism": 1,
  "Voltage": 1,
  "DriveType": 1,
  "TypeOfInstallation": 2,
  "GeometricArea": 0,
  "CalculationTypeForVentilation": 1,
  "HeightOfProfile": 0,
  "Reveal": 0,
  "RevealDepth": 0,
  "HeightProfileRectangleAngle1": 0,
  "HeightProfileRectangleAngle2": 0,
  "RevealDepthRectangleAngle1": 0,
  "RevealDepthRectangleAngle2": 0,
  "RevealDepthRectangleAngle12": 0,
  "InstallationPosition": 0,
  "RecommendedDriveArticleNo": 0,
  "System": "",
  "AkippOrAtilt": 1.084,
  "AdrehOrAturn": 1.8204,
  "Ageo": 1.084,
  "MinPullingForceMax": -206.4868442161654,
  "MinPushingForceMax": -206.4868442161654,
  "MinPullingForcePermanent": -104.11163259218097,
  "MinPushingForcePermanent": -104.11163259218097,
  "ForceWithNegativeWind": 109.53156767199486,
  "ForceWithNoWindMin": 0.30763693489047433,
  "ForceWithNegativeWindMin": 0,
  "ForceWithWindMin": -108.91629380221393,
  "Id": "79dc50c6-9ddf-4dd4-9210-4c3dd7c686d1",
  "CreatedOn": "2024-12-05T08:24:52.3184763+00:00",
  "CreatedBy": "579816e4-6653-4794-b435-a885f32e28d7",
  "ModifiedOn": "2024-12-05T08:24:52.3184778+00:00",
  "ModifiedBy": ""
}

13:54:54.804 [main] INFO  com.intuit.karate - Generated Config ID: 79dc50c6-9ddf-4dd4-9210-4c3dd7c686d1 
13:54:54.804 [main] INFO  com.intuit.karate - Generated Name: Dataset4144 
13:54:54.805 [main] INFO  com.intuit.karate - Generated Description: Dataset4144 
13:54:54.808 [main] DEBUG com.intuit.karate - request:
1 > PUT https://dev-drivetec-apis.schuecodigitalsolutions.com/Configurations
1 > Content-Type: application/json; charset=UTF-8
1 > Content-Length: 1284
1 > Host: dev-drivetec-apis.schuecodigitalsolutions.com
1 > Connection: Keep-Alive
1 > User-Agent: Apache-HttpClient/4.5.14 (Java/17.0.12)
1 > Accept-Encoding: gzip,deflate
{"Id":"79dc50c6-9ddf-4dd4-9210-4c3dd7c686d1","Name":"Dataset44","Description":"Dataset4144","ProjectId":"2afcf090-6588-4022-aa5e-49fca51f940e","CustomTags":"","CreatedBy":"579816e4-6653-4794-b435-a885f32e28d7","ModifiedBy":"579816e4-6653-4794-b435-a885f32e28d7","System":"","FacadeInclination":0,"OpeningType":1,"OpeningDirection":1,"OpeningWidth":1000,"VentOuterWidth":1230,"VentOuterHeight":4001,"VentWeight":260,"CalculateWeightWithGlass":false,"RequiredOpeningStroke":1201,"WindLoad":120,"SnowLoad":0,"IsWindowOpeningCalculationByAngle":1,"GlassThickness":0,"ProfileWeightPerSerialMeter":0,"DrivePosition":1,"InstallationPosition":0,"LockingMechanism":1,"Voltage":1,"DriveType":1,"TypeOfInstallation":2,"GeometricArea":0,"CalcVentilation":1,"SpecificExhaustDimension":45,"BuildingDepth":90,"CalculationTypeForVentilation":1,"HeightOfProfile":150,"HeightProfileRectangleAngle1":150,"HeightProfileRectangleAngle2":150,"RevealDepth":150,"RevealDepthRectangleAngle1":150,"RevealDepthRectangleAngle2":150,"ChainLengthConnectingRodHandle":5,"ApplicationName":1,"OpeningAngle":74,"WeightIncGlassOrThickness":false,"AkippOrAtilt":0,"AdrehOrAturn":0,"Ageo":0,"MinPullingForceMax":0,"MinPushingForceMax":0,"MinPullingForcePermanent":0,"MinPushingForcePermanent":0,"ForceWithNegativeWind":0}

13:54:55.476 [main] DEBUG com.intuit.karate - response time in milliseconds: 668
1 < 200
1 < Content-Type: application/json; charset=utf-8
1 < Date: Thu, 05 Dec 2024 08:24:53 GMT
1 < Server: Microsoft-IIS/10.0
1 < X-Powered-By: ASP.NET
1 < Content-Length: 2071
1 < Connection: keep-alive
{
  "ProjectId": "2afcf090-6588-4022-aa5e-49fca51f940e",
  "Name": "Dataset44",
  "Description": "Dataset4144",
  "CustomTags": "",
  "ApplicationName": 1,
  "OpeningType": 1,
  "OpeningDirection": 1,
  "CalculateWeightWithGlass": false,
  "WindLoad": 120,
  "IsWindowOpeningCalculationByAngle": 1,
  "VentOuterWidth": 1230,
  "VentOuterHeight": 4001,
  "WeightIncGlassOrThickness": false,
  "VentWeight": 260,
  "VentWeightExact": 260,
  "GlassThickness": 0,
  "ProfileWeightPerSerialMeter": 0,
  "FacadeInclination": 0,
  "ChainLengthConnectingRodHandle": 5,
  "ChainLenghtConnectingRodHandle": 0,
  "RequiredOpeningStroke": 1201,
  "OpeningWidth": 1000,
  "OpeningAngle": 17.26399215308786,
  "SpecificExhaustDimension": 45,
  "BuildingDepth": 90,
  "SnowLoad": 0,
  "DistanceHinge": 0,
  "RatedCurrent": 0,
  "DrivePosition": 1,
  "LockingMechanism": 1,
  "Voltage": 1,
  "DriveType": 1,
  "TypeOfInstallation": 2,
  "GeometricArea": 0,
  "CalculationTypeForVentilation": 1,
  "HeightOfProfile": 150,
  "Reveal": 0,
  "RevealDepth": 150,
  "HeightProfileRectangleAngle1": 150,
  "HeightProfileRectangleAngle2": 150,
  "RevealDepthRectangleAngle1": 150,
  "RevealDepthRectangleAngle2": 150,
  "RevealDepthRectangleAngle12": 0,
  "InstallationPosition": 0,
  "RecommendedDriveArticleNo": 0,
  "System": "",
  "AkippOrAtilt": 6.282431,
  "AdrehOrAturn": 4.92123,
  "Ageo": 4.92123,
  "MinPullingForceMax": -294.23838803223236,
  "MinPushingForceMax": -661.7145461325492,
  "MinPullingForcePermanent": -389.22740787357174,
  "MinPushingForcePermanent": -389.22740787357174,
  "ForceWithNegativeWind": 296.3088374801389,
  "ForceWithNoWindMin": 1.0352247239532424,
  "ForceWithNegativeWindMin": -116.74026961459424,
  "ForceWithWindMin": -294.23838803223236,
  "Id": "79dc50c6-9ddf-4dd4-9210-4c3dd7c686d1",
  "CreatedOn": "0001-01-01T00:00:00",
  "CreatedBy": "579816e4-6653-4794-b435-a885f32e28d7",
  "ModifiedOn": "2024-12-05T08:24:52.9829497+00:00",
  "ModifiedBy": "579816e4-6653-4794-b435-a885f32e28d7"
}

13:54:55.477 [main] INFO  com.intuit.karate - VentWeight from API Response: 260 
13:54:55.478 [main] INFO  com.intuit.karate - Rounded Opening Angle: 17.0 
13:54:55.479 [main] INFO  com.intuit.karate - Rounded Ageo: 4.92 
13:54:55.479 [main] INFO  com.intuit.karate - Rounded Required Opening Stroke: 1201.0 
13:54:55.479 [main] INFO  com.intuit.karate - Rounded Vent Weight: 260.0 
13:54:55.481 [main] DEBUG com.intuit.karate - request:
2 > GET https://dev-drivetec-apis.schuecodigitalsolutions.com/Config/79dc50c6-9ddf-4dd4-9210-4c3dd7c686d1/Drive
2 > Host: dev-drivetec-apis.schuecodigitalsolutions.com
2 > Connection: Keep-Alive
2 > User-Agent: Apache-HttpClient/4.5.14 (Java/17.0.12)
2 > Accept-Encoding: gzip,deflate


13:54:56.158 [main] DEBUG com.intuit.karate - response time in milliseconds: 676
2 < 200
2 < Content-Type: application/json; charset=utf-8
2 < Date: Thu, 05 Dec 2024 08:24:53 GMT
2 < Server: Microsoft-IIS/10.0
2 < X-Powered-By: ASP.NET
2 < Content-Length: 7512
2 < Connection: keep-alive
[
  {
    "Name": "Locking actuator EasyConnect",
    "Bezeichnung": "Verriegelungsantrieb EasyConnect",
    "ConfigurationId": "00000000-0000-0000-0000-000000000000",
    "Description": "",
    "Application": "",
    "ApplicationFacade": true,
    "ApplicationSkylight": false,
    "Type": 5,
    "OpeningType": 0,
    "BottomHungInward": true,
    "BottomHungOutward": false,
    "SideHungInward": true,
    "SideHungOutward": false,
    "TopHungInward": false,
    "TopHungOutward": false,
    "ProjectedTopHungInward": false,
    "ProjectedTopHungOutward": false,
    "InstallationType": "",
    "ITMainOutFrmMountWBracket": true,
    "ITMainFixOutFrmMount": true,
    "ITMainVentFrmMount": false,
    "ITSideMount50": false,
    "ITSideMount60": false,
    "ITSideMount70": false,
    "ITSideMount80": false,
    "ITSideMount67": false,
    "Feature": "",
    "FeatureOpenClose": true,
    "FeatureLock": false,
    "ArticleNumber": 291787,
    "Stroke": 0,
    "Angle": 0,
    "Voltage": null,
    "Voltage24": true,
    "Voltage230": true,
    "RatedCurrent": 0,
    "BreakingCurrent": 0,
    "PullingForceMax": 0,
    "PushingForceMax": 0,
    "PullingForceMaxWithNegativeWind": 0,
    "PushingForceMaxWithNegativeWind": 0,
    "PushingForcePermanent": 0,
    "PullingForcePermanent": 0,
    "MinPullingForceMax": 0,
    "MinPushingForceMax": 0,
    "MinPullingForcePermanent": 0,
    "MinPushingForcePermanent": 0,
    "Price": 0,
    "DriveLength": 0,
    "ChainDrive": 0,
    "ChainDrive2": 0,
    "MaxLengthMainClosingEdge1Drive": 0,
    "MaxGeometricArea": 0,
    "GeometricalSmokeExhaustion": 0,
    "TotalGlassThickness": 0,
    "Dimensions": 0,
    "DimensionsWxHxD": "375 x 24 x 35",
    "TensileForce": 0,
    "LockingForce": 0,
    "Details_DE": "<ul> <li>Bemessungsspannung: 24 V DC (19 V … 28 V)</li> <li>Abschaltstrom: ~1,0 A</li> <li>Bemessungsstrom: 0,6 A</li> <li>Bemessungsaufnahme: 15 W</li> <li>Schutzart: IP 32</li><li>Zug-/Schubkraft: max. 600 N</li> <li>Umgebungstemperatur: -5°C bis + 60°C</li> <li>Anschlussleitung: Halogenfrei, grau 5 x 0,5mm² , ~5m</li> <li>Laufzeit: ~ 5s</li><li>Hub: ~ 18mm</li> </ul>",
    "Details_EN": "<ul> <li>Rated voltage : 24 V DC (19 V … 28 V</li> <li>Breaking current : ~1,0 A</li> <li>Rated current : 0,6 A</li> <li>Rated consumption : 15 W</li> <li>Protection rating : IP 32</li><li>Traction/ thrust : max. 600 N</li> <li>Ambient temperature: -5°C bis + 60°C</li> <li>Connecting cable: halogen-free, grey 5 x 0,5mm² , ~5m</li> <li>Running time: ~ 5s</li><li>Stroke: ~ 18mm</li> </ul>",
    "Einsatz": "<ul> <li>Anwendung: Lüftung, NRA</li><li>Integrierte intelligente Regelelektronik</li></ul>",
    "Use": "<ul> <li>Application: ventilation, natural smoke ventilation</li> <li>Integrated intelligent control electronics</li></ul>",
    "Ausstattung": "<ul><li>Laufrichtung einstellbar</li><li>Zusätzlicher Universal-Steckersatz</li></ul>",
    "Equipment": "<ul><li>Running direction adjustable</li><li>Additional universal plug socket</li></ul>",
    "Optionen": "<ul> <li>Mitnehmer objekt-/profilspezifisch anpassbar</li></ul>",
    "Options": "<ul> <li>Coupling adapter customizable for project-/profile-specific demands</li></ul>",
    "IsTwoPce": false,
    "ResultVentWeight": 0,
    "IsLsRsDrive": false,
    "ArticleNumberRs": 0,
    "TwoDrivesSideInstallation50": 0,
    "TwoDrivesSideInstallation60": 0,
    "TwoDrivesSideInstallation70": 0,
    "TwoDrivesSideInstallation80": 0,
    "OpeningSpeedmms": 0,
    "Traction": 0,
    "Thrust": 0,
    "Id": "f894c384-bd5f-4f1b-a446-f4a3afc8426e",
    "CreatedOn": "2024-09-26T13:55:26.817Z",
    "CreatedBy": "",
    "ModifiedOn": "2024-09-26T13:55:26.817Z",
    "ModifiedBy": ""
  },
  {
    "Name": "Locking actuator 600",
    "Bezeichnung": "Verriegelungsantrieb 600",
    "ConfigurationId": "00000000-0000-0000-0000-000000000000",
    "Description": "",
    "Application": "",
    "ApplicationFacade": true,
    "ApplicationSkylight": false,
    "Type": 5,
    "OpeningType": 0,
    "BottomHungInward": true,
    "BottomHungOutward": false,
    "SideHungInward": true,
    "SideHungOutward": false,
    "TopHungInward": false,
    "TopHungOutward": false,
    "ProjectedTopHungInward": false,
    "ProjectedTopHungOutward": false,
    "InstallationType": "",
    "ITMainOutFrmMountWBracket": true,
    "ITMainFixOutFrmMount": true,
    "ITMainVentFrmMount": false,
    "ITSideMount50": false,
    "ITSideMount60": false,
    "ITSideMount70": false,
    "ITSideMount80": false,
    "ITSideMount67": false,
    "Feature": "",
    "FeatureOpenClose": true,
    "FeatureLock": false,
    "ArticleNumber": 291736,
    "Stroke": 0,
    "Angle": 0,
    "Voltage": null,
    "Voltage24": true,
    "Voltage230": true,
    "RatedCurrent": 0,
    "BreakingCurrent": 0,
    "PullingForceMax": 0,
    "PushingForceMax": 0,
    "PullingForceMaxWithNegativeWind": 0,
    "PushingForceMaxWithNegativeWind": 0,
    "PushingForcePermanent": 0,
    "PullingForcePermanent": 0,
    "MinPullingForceMax": 0,
    "MinPushingForceMax": 0,
    "MinPullingForcePermanent": 0,
    "MinPushingForcePermanent": 0,
    "Price": 218.27,
    "DriveLength": 0,
    "ChainDrive": 0,
    "ChainDrive2": 0,
    "MaxLengthMainClosingEdge1Drive": 0,
    "MaxGeometricArea": 0,
    "GeometricalSmokeExhaustion": 0,
    "TotalGlassThickness": 0,
    "Dimensions": 0,
    "DimensionsWxHxD": "415 x 26 x 26",
    "TensileForce": 0,
    "LockingForce": 0,
    "Details_DE": "<ul> <li>Bemessungsspannung: 24 V DC (19 V … 28 V)</li> <li>Abschaltstrom: ~1,0 A</li> <li>Bemessungsstrom: 0,6 A</li> <li>Bemessungsaufnahme: 15 W</li> <li>Schutzart: IP 32</li><li>Zug-/Schubkraft: max. 600 N</li> <li>Umgebungstemperatur: -5°C bis + 60°C</li> <li>Anschlussleitung: Halogenfrei, grau 3x 0,5mm², ~3m</li> <li>Laufzeit: ~ 5s</li><li>Hub: ~ 18mm</li> </ul>",
    "Details_EN": "<ul> <li>Rated voltage : 24 V DC (19 V … 28 V</li> <li>Breaking current : ~1,0 A</li> <li>Rated current : 0,6 A</li> <li>Rated consumption : 15 W</li> <li>Protection rating : IP 32</li><li>Traction/ thrust : max. 600 N</li> <li>Ambient temperature: -5°C bis + 60°C</li> <li>Connecting cable: halogen-free, grey 3 x 0,5mm², ~3m</li> <li>Running time: ~ 5s</li><li>Stroke: ~ 18mm</li> </ul>",
    "Einsatz": "<ul> <li>Anwendung: Lüftung, NRA</li><li>Integrierte intelligente Regelelektronik</li></ul>",
    "Use": "<ul> <li>Application: ventilation, natural smoke ventilation</li> <li>Integrated intelligent control electronics</li></ul>",
    "Ausstattung": "<ul><li>Laufrichtung einstellbar</li></ul>",
    "Equipment": "<ul><li>Running direction adjustable</li></ul>",
    "Optionen": "<ul> <li>Mitnehmer objekt-/profilspezifisch anpassbar</li></ul>",
    "Options": "<ul> <li>Coupling adapter customizable for project-/profile-specific demands</li></ul>",
    "IsTwoPce": false,
    "ResultVentWeight": 0,
    "IsLsRsDrive": true,
    "ArticleNumberRs": 291735,
    "TwoDrivesSideInstallation50": 0,
    "TwoDrivesSideInstallation60": 0,
    "TwoDrivesSideInstallation70": 0,
    "TwoDrivesSideInstallation80": 0,
    "OpeningSpeedmms": 0,
    "Traction": 0,
    "Thrust": 0,
    "Id": "69d8317e-493b-4010-8d9e-54168822bacf",
    "CreatedOn": "2024-09-26T13:55:26.817Z",
    "CreatedBy": "",
    "ModifiedOn": "2024-09-26T13:55:26.817Z",
    "ModifiedBy": ""
  }
]

13:54:56.161 [main] INFO  com.intuit.karate - Expected RecommDrive: Locking actuator EasyConnect,Locking actuator 600 
13:54:56.161 [main] INFO  com.intuit.karate - Actual RecommDrive: Locking actuator EasyConnect, Locking actuator 600 
13:54:56.161 [main] INFO  com.intuit.karate - Normalized Actual RecommDrive: Locking actuator EasyConnect,Locking actuator 600 
13:54:56.161 [main] INFO  com.intuit.karate - Normalized Expected RecommDrive: Locking actuator EasyConnect,Locking actuator 600 
13:54:56.161 [main] INFO  com.intuit.karate - No recommended drives found! Calculation not possible! 260 
13:54:56.163 [main] INFO  com.intuit.karate - All Drive IDs: [
  "f894c384-bd5f-4f1b-a446-f4a3afc8426e",
  "69d8317e-493b-4010-8d9e-54168822bacf"
]
 
13:54:56.163 [main] INFO  com.intuit.karate - First Drive ID: f894c384-bd5f-4f1b-a446-f4a3afc8426e 
13:54:56.164 [main] DEBUG com.intuit.karate - request:
3 > POST https://dev-drivetec-apis.schuecodigitalsolutions.com/api/Drives/DownloadPDFNew/Schuco
3 > Content-Type: application/json; charset=UTF-8
3 > Content-Length: 1194
3 > Host: dev-drivetec-apis.schuecodigitalsolutions.com
3 > Connection: Keep-Alive
3 > User-Agent: Apache-HttpClient/4.5.14 (Java/17.0.12)
3 > Accept-Encoding: gzip,deflate
[{"Id":"configId","Header":"configId","Value":"79dc50c6-9ddf-4dd4-9210-4c3dd7c686d1"},{"Id":"driveId","Header":"driveId","Value":"f894c384-bd5f-4f1b-a446-f4a3afc8426e"},{"Id":"culture","Header":"culture","Value":"EN-US"},{"Id":"projectId","Header":"projectId","Value":"2afcf090-6588-4022-aa5e-49fca51f940e"},{"Id":"range-of-app","Header":"Range of application","Value":"Façade"},{"Id":"opening-type","Header":"Opening type","Value":"Bottom-hung vent"},{"Id":"opening-direction","Header":"Opening direction","Value":"Inward"},{"Id":"how-calc-weight","Header":"Vent weight","Value":"Weight including glass"},{"Id":"Chain-Length","Header":"Chain- \/ connecting rod handle","Value":"100%"},{"Id":"drive-position","Header":"Drive position","Value":"Side installation"},{"Id":"locking-mechanism","Header":"Locking mechanism","Value":"With"},{"Id":"voltage","Header":"Voltage","Value":"24 V"},{"Id":"drive-type","Header":"Drive type","Value":"Chain drive"},{"Id":"type-installation","Header":"Type of installation","Value":"Pivoting Outer Frame Installation"},{"Id":"calculation-type-for-ventilation-area","Header":"Calculation type for ventilation area","Value":"Method in accordance with ASR 3.6"}]

13:54:57.598 [main] DEBUG com.intuit.karate - response time in milliseconds: 1433
3 < 200
3 < Content-Type: application/json; charset=utf-8
3 < Date: Thu, 05 Dec 2024 08:24:55 GMT
3 < Server: Microsoft-IIS/10.0
3 < X-Powered-By: ASP.NET
3 < Content-Length: 285
3 < Connection: keep-alive
{
  "result": "https://drive-tec-dev.s3.amazonaws.com/AUT_TPJ33518-Locking_actuator_EasyConnect.pdf?AWSAccessKeyId=AKIAZAWIART4ZFAXXPHK&Expires=1733390695&response-content-disposition=attachment%3B&response-content-type=application%2Fpdf&Signature=YkY0BVJhCvCF66TsVp%2BG3QbGOe0%3D"
}

13:54:57.599 [main] INFO  com.intuit.karate - Download URL for first driveId: https://drive-tec-dev.s3.amazonaws.com/AUT_TPJ33518-Locking_actuator_EasyConnect.pdf?AWSAccessKeyId=AKIAZAWIART4ZFAXXPHK&Expires=1733390695&response-content-disposition=attachment%3B&response-content-type=application%2Fpdf&Signature=YkY0BVJhCvCF66TsVp%2BG3QbGOe0%3D 
13:54:57.604 [main] INFO  com.intuit.karate - karate.env system property was: null 
13:54:57.605 [main] INFO  com.intuit.karate - Running test for dataset:  Dataset45 
13:54:57.609 [main] INFO  com.intuit.karate - Using ProjectId:  {
  "result": {
    "projectId": "prjId"
  },
  "projectPayload": {
    "Id": "579816e4-6653-4794-b435-a885f32e28d7",
    "Name": "AUT_TPJ33518",
    "Address": "Hyderabad, Telangana, India",
    "Description": "",
    "CreatedBy": "579816e4-6653-4794-b435-a885f32e28d7",
    "ModifiedBy": "579816e4-6653-4794-b435-a885f32e28d7"
  },
  "uniqueName": "AUT_TPJ33518",
  "responseHeaders": {
    "Content-Type": [
      "application/json; charset=utf-8"
    ],
    "Date": [
      "Thu, 05 Dec 2024 08:22:12 GMT"
    ],
    "Server": [
      "Microsoft-IIS/10.0"
    ],
    "X-Powered-By": [
      "ASP.NET"
    ],
    "transfer-encoding": [
      "chunked"
    ],
    "Connection": [
      "keep-alive"
    ],
    "Set-Cookie": [
    ]
  },
  "responseTime": 841,
  "response": {
    "Name": "AUT_TPJ33518",
    "Description": "",
    "Address": "Hyderabad, Telangana, India",
    "Id": "2afcf090-6588-4022-aa5e-49fca51f940e",
    "CreatedOn": "2024-12-05T08:22:11.998251+00:00",
    "CreatedBy": "579816e4-6653-4794-b435-a885f32e28d7",
    "ModifiedOn": "2024-12-05T08:22:11.9982526+00:00",
    "ModifiedBy": ""
  },
  "responseStatus": 200,
  "prjId": "2afcf090-6588-4022-aa5e-49fca51f940e",
  "projectId": "2afcf090-6588-4022-aa5e-49fca51f940e"
}
 
13:54:57.611 [main] DEBUG com.intuit.karate - request:
1 > POST https://dev-drivetec-apis.schuecodigitalsolutions.com/Configurations
1 > Content-Type: application/json; charset=UTF-8
1 > Content-Length: 1275
1 > Host: dev-drivetec-apis.schuecodigitalsolutions.com
1 > Connection: Keep-Alive
1 > User-Agent: Apache-HttpClient/4.5.14 (Java/17.0.12)
1 > Accept-Encoding: gzip,deflate
{"Id":"00000000-0000-0000-0000-000000000000","ProjectId":"2afcf090-6588-4022-aa5e-49fca51f940e","Name":"Dataset7611","Description":"Dataset7611","CustomTags":"","CreatedBy":"579816e4-6653-4794-b435-a885f32e28d7","ModifiedBy":"579816e4-6653-4794-b435-a885f32e28d7","ApplicationName":1,"System":"","FacadeInclination":0,"OpeningType":1,"OpeningDirection":1,"OpeningWidth":1000,"VentOuterWidth":1230,"VentOuterHeight":1480,"VentWeight":70,"CalculateWeightWithGlass":false,"WeightIncGlassOrThickness":false,"GlassThickness":14,"ProfileWeightPerSerialMeter":2.5,"IsWindowOpeningCalculationByAngle":1,"RequiredOpeningStroke":400,"OpeningAngle":15,"WindLoad":120,"SnowLoad":0,"DrivePosition":2,"InstallationPosition":1,"ChainLengthConnectingRodHandle":5,"LockingMechanism":1,"Voltage":1,"DriveType":1,"TypeOfInstallation":2,"CalculationTypeForVentilation":1,"CalcVentilation":1,"GeometricArea":1,"SpecificExhaustDimension":30,"BuildingDepth":75,"RevealDepth":0,"RevealDepthRectangleAngle1":0,"RevealDepthRectangleAngle2":0,"HeightOfProfile":0,"HeightProfileRectangleAngle1":0,"HeightProfileRectangleAngle2":0,"AkippOrAtilt":0,"AdrehOrAturn":0,"Ageo":0,"MinPullingForceMax":0,"MinPushingForceMax":0,"MinPullingForcePermanent":0,"MinPushingForcePermanent":0,"ForceWithNegativeWind":0}

13:54:58.274 [main] DEBUG com.intuit.karate - response time in milliseconds: 663
1 < 200
1 < Content-Type: application/json; charset=utf-8
1 < Date: Thu, 05 Dec 2024 08:24:55 GMT
1 < Server: Microsoft-IIS/10.0
1 < X-Powered-By: ASP.NET
1 < Content-Length: 2032
1 < Connection: keep-alive
{
  "ProjectId": "2afcf090-6588-4022-aa5e-49fca51f940e",
  "Name": "Dataset7611",
  "Description": "Dataset7611",
  "CustomTags": "",
  "ApplicationName": 1,
  "OpeningType": 1,
  "OpeningDirection": 1,
  "CalculateWeightWithGlass": false,
  "WindLoad": 120,
  "IsWindowOpeningCalculationByAngle": 1,
  "VentOuterWidth": 1230,
  "VentOuterHeight": 1480,
  "WeightIncGlassOrThickness": false,
  "VentWeight": 77,
  "VentWeightExact": 77.26400000000001,
  "GlassThickness": 14,
  "ProfileWeightPerSerialMeter": 2.5,
  "FacadeInclination": 0,
  "ChainLengthConnectingRodHandle": 5,
  "ChainLenghtConnectingRodHandle": 0,
  "RequiredOpeningStroke": 400,
  "OpeningWidth": 1000,
  "OpeningAngle": 15.532868337024489,
  "SpecificExhaustDimension": 30,
  "BuildingDepth": 75,
  "SnowLoad": 0,
  "DistanceHinge": 0,
  "RatedCurrent": 0,
  "DrivePosition": 2,
  "LockingMechanism": 1,
  "Voltage": 1,
  "DriveType": 1,
  "TypeOfInstallation": 2,
  "GeometricArea": 0,
  "CalculationTypeForVentilation": 1,
  "HeightOfProfile": 0,
  "Reveal": 0,
  "RevealDepth": 0,
  "HeightProfileRectangleAngle1": 0,
  "HeightProfileRectangleAngle2": 0,
  "RevealDepthRectangleAngle1": 0,
  "RevealDepthRectangleAngle2": 0,
  "RevealDepthRectangleAngle12": 0,
  "InstallationPosition": 0,
  "RecommendedDriveArticleNo": 0,
  "System": "",
  "AkippOrAtilt": 1.084,
  "AdrehOrAturn": 1.8204,
  "Ageo": 1.084,
  "MinPullingForceMax": -206.4868442161654,
  "MinPushingForceMax": -206.4868442161654,
  "MinPullingForcePermanent": -104.11163259218097,
  "MinPushingForcePermanent": -104.11163259218097,
  "ForceWithNegativeWind": 109.53156767199486,
  "ForceWithNoWindMin": 0.30763693489047433,
  "ForceWithNegativeWindMin": 0,
  "ForceWithWindMin": -108.91629380221393,
  "Id": "0138118a-5a39-4527-ada1-50633c69f761",
  "CreatedOn": "2024-12-05T08:24:55.7888076+00:00",
  "CreatedBy": "579816e4-6653-4794-b435-a885f32e28d7",
  "ModifiedOn": "2024-12-05T08:24:55.7888086+00:00",
  "ModifiedBy": ""
}

13:54:58.275 [main] INFO  com.intuit.karate - Generated Config ID: 0138118a-5a39-4527-ada1-50633c69f761 
13:54:58.275 [main] INFO  com.intuit.karate - Generated Name: Dataset7611 
13:54:58.277 [main] INFO  com.intuit.karate - Generated Description: Dataset7611 
13:54:58.280 [main] DEBUG com.intuit.karate - request:
1 > PUT https://dev-drivetec-apis.schuecodigitalsolutions.com/Configurations
1 > Content-Type: application/json; charset=UTF-8
1 > Content-Length: 1284
1 > Host: dev-drivetec-apis.schuecodigitalsolutions.com
1 > Connection: Keep-Alive
1 > User-Agent: Apache-HttpClient/4.5.14 (Java/17.0.12)
1 > Accept-Encoding: gzip,deflate
{"Id":"0138118a-5a39-4527-ada1-50633c69f761","Name":"Dataset45","Description":"Dataset7611","ProjectId":"2afcf090-6588-4022-aa5e-49fca51f940e","CustomTags":"","CreatedBy":"579816e4-6653-4794-b435-a885f32e28d7","ModifiedBy":"579816e4-6653-4794-b435-a885f32e28d7","System":"","FacadeInclination":27,"OpeningType":1,"OpeningDirection":1,"OpeningWidth":1000,"VentOuterWidth":1300,"VentOuterHeight":1480,"VentWeight":0,"CalculateWeightWithGlass":false,"RequiredOpeningStroke":700,"WindLoad":76,"SnowLoad":0,"IsWindowOpeningCalculationByAngle":1,"GlassThickness":14,"ProfileWeightPerSerialMeter":2.5,"DrivePosition":1,"InstallationPosition":0,"LockingMechanism":1,"Voltage":1,"DriveType":1,"TypeOfInstallation":2,"GeometricArea":0,"CalcVentilation":1,"SpecificExhaustDimension":45,"BuildingDepth":90,"CalculationTypeForVentilation":1,"HeightOfProfile":150,"HeightProfileRectangleAngle1":150,"HeightProfileRectangleAngle2":150,"RevealDepth":150,"RevealDepthRectangleAngle1":150,"RevealDepthRectangleAngle2":150,"ChainLengthConnectingRodHandle":5,"ApplicationName":1,"OpeningAngle":74,"WeightIncGlassOrThickness":false,"AkippOrAtilt":0,"AdrehOrAturn":0,"Ageo":0,"MinPullingForceMax":0,"MinPushingForceMax":0,"MinPullingForcePermanent":0,"MinPushingForcePermanent":0,"ForceWithNegativeWind":0}

13:54:58.942 [main] DEBUG com.intuit.karate - response time in milliseconds: 661
1 < 200
1 < Content-Type: application/json; charset=utf-8
1 < Date: Thu, 05 Dec 2024 08:24:56 GMT
1 < Server: Microsoft-IIS/10.0
1 < X-Powered-By: ASP.NET
1 < Content-Length: 2073
1 < Connection: keep-alive
{
  "ProjectId": "2afcf090-6588-4022-aa5e-49fca51f940e",
  "Name": "Dataset45",
  "Description": "Dataset7611",
  "CustomTags": "",
  "ApplicationName": 1,
  "OpeningType": 1,
  "OpeningDirection": 1,
  "CalculateWeightWithGlass": false,
  "WindLoad": 76,
  "IsWindowOpeningCalculationByAngle": 1,
  "VentOuterWidth": 1300,
  "VentOuterHeight": 1480,
  "WeightIncGlassOrThickness": false,
  "VentWeight": 81,
  "VentWeightExact": 81.24000000000001,
  "GlassThickness": 14,
  "ProfileWeightPerSerialMeter": 2.5,
  "FacadeInclination": 27,
  "ChainLengthConnectingRodHandle": 5,
  "ChainLenghtConnectingRodHandle": 0,
  "RequiredOpeningStroke": 700,
  "OpeningWidth": 1000,
  "OpeningAngle": 27.358524544154548,
  "SpecificExhaustDimension": 45,
  "BuildingDepth": 90,
  "SnowLoad": 0,
  "DistanceHinge": 0,
  "RatedCurrent": 0,
  "DrivePosition": 1,
  "LockingMechanism": 1,
  "Voltage": 1,
  "DriveType": 1,
  "TypeOfInstallation": 2,
  "GeometricArea": 0,
  "CalculationTypeForVentilation": 1,
  "HeightOfProfile": 150,
  "Reveal": 0,
  "RevealDepth": 150,
  "HeightProfileRectangleAngle1": 150,
  "HeightProfileRectangleAngle2": 150,
  "RevealDepthRectangleAngle1": 150,
  "RevealDepthRectangleAngle2": 150,
  "RevealDepthRectangleAngle12": 0,
  "InstallationPosition": 0,
  "RecommendedDriveArticleNo": 0,
  "System": "",
  "AkippOrAtilt": 1.946,
  "AdrehOrAturn": 1.924,
  "Ageo": 1.924,
  "MinPullingForceMax": -77.62685714172397,
  "MinPushingForceMax": 126.6025677007889,
  "MinPullingForcePermanent": 184.6126607670271,
  "MinPushingForcePermanent": 184.6126607670271,
  "ForceWithNegativeWind": 242.62275383326534,
  "ForceWithNoWindMin": -2.3829215886670383,
  "ForceWithNegativeWindMin": 72.86101396438988,
  "ForceWithWindMin": -77.62685714172397,
  "Id": "0138118a-5a39-4527-ada1-50633c69f761",
  "CreatedOn": "0001-01-01T00:00:00",
  "CreatedBy": "579816e4-6653-4794-b435-a885f32e28d7",
  "ModifiedOn": "2024-12-05T08:24:56.4567882+00:00",
  "ModifiedBy": "579816e4-6653-4794-b435-a885f32e28d7"
}

13:54:58.943 [main] INFO  com.intuit.karate - VentWeight from API Response: 81 
13:54:58.944 [main] INFO  com.intuit.karate - Rounded Opening Angle: 27.0 
13:54:58.945 [main] INFO  com.intuit.karate - Rounded Ageo: 1.92 
13:54:58.945 [main] INFO  com.intuit.karate - Rounded Required Opening Stroke: 700.0 
13:54:58.945 [main] INFO  com.intuit.karate - Rounded Vent Weight: 81.0 
13:54:58.947 [main] DEBUG com.intuit.karate - request:
2 > GET https://dev-drivetec-apis.schuecodigitalsolutions.com/Config/0138118a-5a39-4527-ada1-50633c69f761/Drive
2 > Host: dev-drivetec-apis.schuecodigitalsolutions.com
2 > Connection: Keep-Alive
2 > User-Agent: Apache-HttpClient/4.5.14 (Java/17.0.12)
2 > Accept-Encoding: gzip,deflate


13:54:59.608 [main] DEBUG com.intuit.karate - response time in milliseconds: 660
2 < 200
2 < Content-Type: application/json; charset=utf-8
2 < Date: Thu, 05 Dec 2024 08:24:56 GMT
2 < Server: Microsoft-IIS/10.0
2 < X-Powered-By: ASP.NET
2 < Content-Length: 11783
2 < Connection: keep-alive
[
  {
    "Name": "Chain actuator D6 800",
    "Bezeichnung": "Kettenantrieb D6 800",
    "ConfigurationId": "00000000-0000-0000-0000-000000000000",
    "Description": "",
    "Application": "Facade",
    "ApplicationFacade": true,
    "ApplicationSkylight": true,
    "Type": 1,
    "OpeningType": 0,
    "BottomHungInward": true,
    "BottomHungOutward": true,
    "SideHungInward": true,
    "SideHungOutward": true,
    "TopHungInward": false,
    "TopHungOutward": true,
    "ProjectedTopHungInward": false,
    "ProjectedTopHungOutward": false,
    "InstallationType": "",
    "ITMainOutFrmMountWBracket": true,
    "ITMainFixOutFrmMount": false,
    "ITMainVentFrmMount": true,
    "ITSideMount50": false,
    "ITSideMount60": false,
    "ITSideMount70": false,
    "ITSideMount80": false,
    "ITSideMount67": true,
    "Feature": "",
    "FeatureOpenClose": true,
    "FeatureLock": true,
    "ArticleNumber": 291717,
    "Stroke": 800,
    "Angle": 0,
    "Voltage": "24 V DC",
    "Voltage24": true,
    "Voltage230": false,
    "RatedCurrent": 1,
    "BreakingCurrent": 1,
    "PullingForceMax": 600,
    "PushingForceMax": 300,
    "PullingForceMaxWithNegativeWind": 0,
    "PushingForceMaxWithNegativeWind": 0,
    "PushingForcePermanent": 200,
    "PullingForcePermanent": 600,
    "MinPullingForceMax": 0,
    "MinPushingForceMax": 126.6,
    "MinPullingForcePermanent": 0,
    "MinPushingForcePermanent": 184.61,
    "Price": 387.92,
    "DriveLength": 794,
    "ChainDrive": 894,
    "ChainDrive2": 1748,
    "MaxLengthMainClosingEdge1Drive": 1920,
    "MaxGeometricArea": 2,
    "GeometricalSmokeExhaustion": 0,
    "TotalGlassThickness": 14,
    "Dimensions": 0,
    "DimensionsWxHxD": "794 x 40 x 56",
    "TensileForce": 0,
    "LockingForce": 0,
    "Details_DE": "<ul> <li>Bemessungsspannung: 24 V DC (19 V … 28 V)</li> <li>Abschaltstrom: 1,2 A</li> <li>Bemessungsstrom: 0,9 A</li> <li>Bemessungsaufnahme: 22 W</li> <li>Schutzart: IP 32</li> <li>Zug-/Schubkraft: max. 600 N</li> <li>Umgebungstemperatur: -5°C bis + 60°C</li> <li>Anschlussleitung: Halogenfrei, grau 5 x 0,5mm², ~3m</li> <li>Max. Geschwindigkeit: 13,5 mm/s</li> </ul>",
    "Details_EN": "<ul> <li>Rated voltage: 24 V DC (19 V … 28 V)</li><li>Breaking current: 1.2 A</li><li>Rated current: 0.9 A</li><li>Rated consumption: 22W</li><li>Protection rating: IP 32</li><li>Traction/ thrust: max. 600 N</li><li>Ambient temperature: -5° C to +60° C</li><li>Connecting cable: halogen-free, grey 3 x 0,5mm², ~3m</li><li>Max. speed: 13,5 mm/s</li></ul>",
    "Einsatz": "<ul><li>Anwendung: Lüftung, NRA</li> <li>Integrierte intelligente Regelelektronik</li></ul>",
    "Use": "<ul><li>Application: ventilation, natural smoke ventilation</li> <li>Integrated intelligent control electronics</li> </ul>",
    "Ausstattung": "<ul><li>Zusätzlicher Universal-Steckersatz für Mehrfachbetrieb bis zu 4 Antrieben und 2 Verriegelungsantrieben</li></ul>",
    "Equipment": "<ul><li>Additional universal plug socket for multiplex operation  of up to 4 drives and 2 interlocking drives</li></ul>",
    "Optionen": "<ul><li>Programmierung von Sonderfunktionen</li> <li>Programmierbare Rückmeldung Endlage „AUF“ (max. 24 V, 500 mA)</li> <li>Schüco Kontroller zur automatischen Konfiguration von Synchronlauf und Folgesteuerungen mit Verriegelungsantrieben in Antriebs-Verbundsystemen</li> </ul>",
    "Options": "<ul><li>Programming of special functions</li> <li>Programmable response for “OPEN” end position (max. 24 V, 500 mA)</li> <li>Schüco controller for automatic configuration of synchronous running and sequence control with locking drives in composite drive systems</li> </ul>",
    "IsTwoPce": false,
    "ResultVentWeight": 81.24,
    "IsLsRsDrive": false,
    "ArticleNumberRs": 0,
    "TwoDrivesSideInstallation50": 0,
    "TwoDrivesSideInstallation60": 0,
    "TwoDrivesSideInstallation70": 0,
    "TwoDrivesSideInstallation80": 0,
    "OpeningSpeedmms": 0,
    "Traction": 600,
    "Thrust": 300,
    "Id": "e9fa5654-1773-4646-9949-a237ab4f4797",
    "CreatedOn": "2024-09-26T13:55:26.817Z",
    "CreatedBy": "",
    "ModifiedOn": "2024-09-26T13:55:26.817Z",
    "ModifiedBy": ""
  },
  {
    "Name": "Locking actuator EasyConnect",
    "Bezeichnung": "Verriegelungsantrieb EasyConnect",
    "ConfigurationId": "00000000-0000-0000-0000-000000000000",
    "Description": "",
    "Application": "",
    "ApplicationFacade": true,
    "ApplicationSkylight": false,
    "Type": 5,
    "OpeningType": 0,
    "BottomHungInward": true,
    "BottomHungOutward": false,
    "SideHungInward": true,
    "SideHungOutward": false,
    "TopHungInward": false,
    "TopHungOutward": false,
    "ProjectedTopHungInward": false,
    "ProjectedTopHungOutward": false,
    "InstallationType": "",
    "ITMainOutFrmMountWBracket": true,
    "ITMainFixOutFrmMount": true,
    "ITMainVentFrmMount": false,
    "ITSideMount50": false,
    "ITSideMount60": false,
    "ITSideMount70": false,
    "ITSideMount80": false,
    "ITSideMount67": false,
    "Feature": "",
    "FeatureOpenClose": true,
    "FeatureLock": false,
    "ArticleNumber": 291787,
    "Stroke": 0,
    "Angle": 0,
    "Voltage": null,
    "Voltage24": true,
    "Voltage230": true,
    "RatedCurrent": 0,
    "BreakingCurrent": 0,
    "PullingForceMax": 0,
    "PushingForceMax": 0,
    "PullingForceMaxWithNegativeWind": 0,
    "PushingForceMaxWithNegativeWind": 0,
    "PushingForcePermanent": 0,
    "PullingForcePermanent": 0,
    "MinPullingForceMax": 0,
    "MinPushingForceMax": 0,
    "MinPullingForcePermanent": 0,
    "MinPushingForcePermanent": 0,
    "Price": 0,
    "DriveLength": 0,
    "ChainDrive": 0,
    "ChainDrive2": 0,
    "MaxLengthMainClosingEdge1Drive": 0,
    "MaxGeometricArea": 0,
    "GeometricalSmokeExhaustion": 0,
    "TotalGlassThickness": 0,
    "Dimensions": 0,
    "DimensionsWxHxD": "375 x 24 x 35",
    "TensileForce": 0,
    "LockingForce": 0,
    "Details_DE": "<ul> <li>Bemessungsspannung: 24 V DC (19 V … 28 V)</li> <li>Abschaltstrom: ~1,0 A</li> <li>Bemessungsstrom: 0,6 A</li> <li>Bemessungsaufnahme: 15 W</li> <li>Schutzart: IP 32</li><li>Zug-/Schubkraft: max. 600 N</li> <li>Umgebungstemperatur: -5°C bis + 60°C</li> <li>Anschlussleitung: Halogenfrei, grau 5 x 0,5mm² , ~5m</li> <li>Laufzeit: ~ 5s</li><li>Hub: ~ 18mm</li> </ul>",
    "Details_EN": "<ul> <li>Rated voltage : 24 V DC (19 V … 28 V</li> <li>Breaking current : ~1,0 A</li> <li>Rated current : 0,6 A</li> <li>Rated consumption : 15 W</li> <li>Protection rating : IP 32</li><li>Traction/ thrust : max. 600 N</li> <li>Ambient temperature: -5°C bis + 60°C</li> <li>Connecting cable: halogen-free, grey 5 x 0,5mm² , ~5m</li> <li>Running time: ~ 5s</li><li>Stroke: ~ 18mm</li> </ul>",
    "Einsatz": "<ul> <li>Anwendung: Lüftung, NRA</li><li>Integrierte intelligente Regelelektronik</li></ul>",
    "Use": "<ul> <li>Application: ventilation, natural smoke ventilation</li> <li>Integrated intelligent control electronics</li></ul>",
    "Ausstattung": "<ul><li>Laufrichtung einstellbar</li><li>Zusätzlicher Universal-Steckersatz</li></ul>",
    "Equipment": "<ul><li>Running direction adjustable</li><li>Additional universal plug socket</li></ul>",
    "Optionen": "<ul> <li>Mitnehmer objekt-/profilspezifisch anpassbar</li></ul>",
    "Options": "<ul> <li>Coupling adapter customizable for project-/profile-specific demands</li></ul>",
    "IsTwoPce": false,
    "ResultVentWeight": 0,
    "IsLsRsDrive": false,
    "ArticleNumberRs": 0,
    "TwoDrivesSideInstallation50": 0,
    "TwoDrivesSideInstallation60": 0,
    "TwoDrivesSideInstallation70": 0,
    "TwoDrivesSideInstallation80": 0,
    "OpeningSpeedmms": 0,
    "Traction": 0,
    "Thrust": 0,
    "Id": "f894c384-bd5f-4f1b-a446-f4a3afc8426e",
    "CreatedOn": "2024-09-26T13:55:26.817Z",
    "CreatedBy": "",
    "ModifiedOn": "2024-09-26T13:55:26.817Z",
    "ModifiedBy": ""
  },
  {
    "Name": "Locking actuator 600",
    "Bezeichnung": "Verriegelungsantrieb 600",
    "ConfigurationId": "00000000-0000-0000-0000-000000000000",
    "Description": "",
    "Application": "",
    "ApplicationFacade": true,
    "ApplicationSkylight": false,
    "Type": 5,
    "OpeningType": 0,
    "BottomHungInward": true,
    "BottomHungOutward": false,
    "SideHungInward": true,
    "SideHungOutward": false,
    "TopHungInward": false,
    "TopHungOutward": false,
    "ProjectedTopHungInward": false,
    "ProjectedTopHungOutward": false,
    "InstallationType": "",
    "ITMainOutFrmMountWBracket": true,
    "ITMainFixOutFrmMount": true,
    "ITMainVentFrmMount": false,
    "ITSideMount50": false,
    "ITSideMount60": false,
    "ITSideMount70": false,
    "ITSideMount80": false,
    "ITSideMount67": false,
    "Feature": "",
    "FeatureOpenClose": true,
    "FeatureLock": false,
    "ArticleNumber": 291736,
    "Stroke": 0,
    "Angle": 0,
    "Voltage": null,
    "Voltage24": true,
    "Voltage230": true,
    "RatedCurrent": 0,
    "BreakingCurrent": 0,
    "PullingForceMax": 0,
    "PushingForceMax": 0,
    "PullingForceMaxWithNegativeWind": 0,
    "PushingForceMaxWithNegativeWind": 0,
    "PushingForcePermanent": 0,
    "PullingForcePermanent": 0,
    "MinPullingForceMax": 0,
    "MinPushingForceMax": 0,
    "MinPullingForcePermanent": 0,
    "MinPushingForcePermanent": 0,
    "Price": 218.27,
    "DriveLength": 0,
    "ChainDrive": 0,
    "ChainDrive2": 0,
    "MaxLengthMainClosingEdge1Drive": 0,
    "MaxGeometricArea": 0,
    "GeometricalSmokeExhaustion": 0,
    "TotalGlassThickness": 0,
    "Dimensions": 0,
    "DimensionsWxHxD": "415 x 26 x 26",
    "TensileForce": 0,
    "LockingForce": 0,
    "Details_DE": "<ul> <li>Bemessungsspannung: 24 V DC (19 V … 28 V)</li> <li>Abschaltstrom: ~1,0 A</li> <li>Bemessungsstrom: 0,6 A</li> <li>Bemessungsaufnahme: 15 W</li> <li>Schutzart: IP 32</li><li>Zug-/Schubkraft: max. 600 N</li> <li>Umgebungstemperatur: -5°C bis + 60°C</li> <li>Anschlussleitung: Halogenfrei, grau 3x 0,5mm², ~3m</li> <li>Laufzeit: ~ 5s</li><li>Hub: ~ 18mm</li> </ul>",
    "Details_EN": "<ul> <li>Rated voltage : 24 V DC (19 V … 28 V</li> <li>Breaking current : ~1,0 A</li> <li>Rated current : 0,6 A</li> <li>Rated consumption : 15 W</li> <li>Protection rating : IP 32</li><li>Traction/ thrust : max. 600 N</li> <li>Ambient temperature: -5°C bis + 60°C</li> <li>Connecting cable: halogen-free, grey 3 x 0,5mm², ~3m</li> <li>Running time: ~ 5s</li><li>Stroke: ~ 18mm</li> </ul>",
    "Einsatz": "<ul> <li>Anwendung: Lüftung, NRA</li><li>Integrierte intelligente Regelelektronik</li></ul>",
    "Use": "<ul> <li>Application: ventilation, natural smoke ventilation</li> <li>Integrated intelligent control electronics</li></ul>",
    "Ausstattung": "<ul><li>Laufrichtung einstellbar</li></ul>",
    "Equipment": "<ul><li>Running direction adjustable</li></ul>",
    "Optionen": "<ul> <li>Mitnehmer objekt-/profilspezifisch anpassbar</li></ul>",
    "Options": "<ul> <li>Coupling adapter customizable for project-/profile-specific demands</li></ul>",
    "IsTwoPce": false,
    "ResultVentWeight": 0,
    "IsLsRsDrive": true,
    "ArticleNumberRs": 291735,
    "TwoDrivesSideInstallation50": 0,
    "TwoDrivesSideInstallation60": 0,
    "TwoDrivesSideInstallation70": 0,
    "TwoDrivesSideInstallation80": 0,
    "OpeningSpeedmms": 0,
    "Traction": 0,
    "Thrust": 0,
    "Id": "69d8317e-493b-4010-8d9e-54168822bacf",
    "CreatedOn": "2024-09-26T13:55:26.817Z",
    "CreatedBy": "",
    "ModifiedOn": "2024-09-26T13:55:26.817Z",
    "ModifiedBy": ""
  }
]

13:54:59.611 [main] INFO  com.intuit.karate - Expected RecommDrive: Chain actuator D6 800,Locking actuator EasyConnect,Locking actuator 600 
13:54:59.611 [main] INFO  com.intuit.karate - Actual RecommDrive: Chain actuator D6 800, Locking actuator EasyConnect, Locking actuator 600 
13:54:59.611 [main] INFO  com.intuit.karate - Normalized Actual RecommDrive: Chain actuator D6 800,Locking actuator EasyConnect,Locking actuator 600 
13:54:59.611 [main] INFO  com.intuit.karate - Normalized Expected RecommDrive: Chain actuator D6 800,Locking actuator EasyConnect,Locking actuator 600 
13:54:59.612 [main] INFO  com.intuit.karate - All Drive IDs: [
  "e9fa5654-1773-4646-9949-a237ab4f4797",
  "f894c384-bd5f-4f1b-a446-f4a3afc8426e",
  "69d8317e-493b-4010-8d9e-54168822bacf"
]
 
13:54:59.612 [main] INFO  com.intuit.karate - First Drive ID: e9fa5654-1773-4646-9949-a237ab4f4797 
13:54:59.613 [main] DEBUG com.intuit.karate - request:
3 > POST https://dev-drivetec-apis.schuecodigitalsolutions.com/api/Drives/DownloadPDFNew/Schuco
3 > Content-Type: application/json; charset=UTF-8
3 > Content-Length: 1194
3 > Host: dev-drivetec-apis.schuecodigitalsolutions.com
3 > Connection: Keep-Alive
3 > User-Agent: Apache-HttpClient/4.5.14 (Java/17.0.12)
3 > Accept-Encoding: gzip,deflate
[{"Id":"configId","Header":"configId","Value":"0138118a-5a39-4527-ada1-50633c69f761"},{"Id":"driveId","Header":"driveId","Value":"e9fa5654-1773-4646-9949-a237ab4f4797"},{"Id":"culture","Header":"culture","Value":"EN-US"},{"Id":"projectId","Header":"projectId","Value":"2afcf090-6588-4022-aa5e-49fca51f940e"},{"Id":"range-of-app","Header":"Range of application","Value":"Façade"},{"Id":"opening-type","Header":"Opening type","Value":"Bottom-hung vent"},{"Id":"opening-direction","Header":"Opening direction","Value":"Inward"},{"Id":"how-calc-weight","Header":"Vent weight","Value":"Weight including glass"},{"Id":"Chain-Length","Header":"Chain- \/ connecting rod handle","Value":"100%"},{"Id":"drive-position","Header":"Drive position","Value":"Side installation"},{"Id":"locking-mechanism","Header":"Locking mechanism","Value":"With"},{"Id":"voltage","Header":"Voltage","Value":"24 V"},{"Id":"drive-type","Header":"Drive type","Value":"Chain drive"},{"Id":"type-installation","Header":"Type of installation","Value":"Pivoting Outer Frame Installation"},{"Id":"calculation-type-for-ventilation-area","Header":"Calculation type for ventilation area","Value":"Method in accordance with ASR 3.6"}]

13:55:01.504 [main] DEBUG com.intuit.karate - response time in milliseconds: 1891
3 < 200
3 < Content-Type: application/json; charset=utf-8
3 < Date: Thu, 05 Dec 2024 08:24:59 GMT
3 < Server: Microsoft-IIS/10.0
3 < X-Powered-By: ASP.NET
3 < Content-Length: 276
3 < Connection: keep-alive
{
  "result": "https://drive-tec-dev.s3.amazonaws.com/AUT_TPJ33518-Chain_actuator_D6_800.pdf?AWSAccessKeyId=AKIAZAWIART4ZFAXXPHK&Expires=1733390699&response-content-disposition=attachment%3B&response-content-type=application%2Fpdf&Signature=TJZ9Cr9D4BPL6C8ut0sn3cdRcRo%3D"
}

13:55:01.505 [main] INFO  com.intuit.karate - Download URL for first driveId: https://drive-tec-dev.s3.amazonaws.com/AUT_TPJ33518-Chain_actuator_D6_800.pdf?AWSAccessKeyId=AKIAZAWIART4ZFAXXPHK&Expires=1733390699&response-content-disposition=attachment%3B&response-content-type=application%2Fpdf&Signature=TJZ9Cr9D4BPL6C8ut0sn3cdRcRo%3D 
13:55:01.510 [main] INFO  com.intuit.karate - karate.env system property was: null 
13:55:01.511 [main] INFO  com.intuit.karate - Running test for dataset:  Dataset46 
13:55:01.517 [main] INFO  com.intuit.karate - Using ProjectId:  {
  "result": {
    "projectId": "prjId"
  },
  "projectPayload": {
    "Id": "579816e4-6653-4794-b435-a885f32e28d7",
    "Name": "AUT_TPJ33518",
    "Address": "Hyderabad, Telangana, India",
    "Description": "",
    "CreatedBy": "579816e4-6653-4794-b435-a885f32e28d7",
    "ModifiedBy": "579816e4-6653-4794-b435-a885f32e28d7"
  },
  "uniqueName": "AUT_TPJ33518",
  "responseHeaders": {
    "Content-Type": [
      "application/json; charset=utf-8"
    ],
    "Date": [
      "Thu, 05 Dec 2024 08:22:12 GMT"
    ],
    "Server": [
      "Microsoft-IIS/10.0"
    ],
    "X-Powered-By": [
      "ASP.NET"
    ],
    "transfer-encoding": [
      "chunked"
    ],
    "Connection": [
      "keep-alive"
    ],
    "Set-Cookie": [
    ]
  },
  "responseTime": 841,
  "response": {
    "Name": "AUT_TPJ33518",
    "Description": "",
    "Address": "Hyderabad, Telangana, India",
    "Id": "2afcf090-6588-4022-aa5e-49fca51f940e",
    "CreatedOn": "2024-12-05T08:22:11.998251+00:00",
    "CreatedBy": "579816e4-6653-4794-b435-a885f32e28d7",
    "ModifiedOn": "2024-12-05T08:22:11.9982526+00:00",
    "ModifiedBy": ""
  },
  "responseStatus": 200,
  "prjId": "2afcf090-6588-4022-aa5e-49fca51f940e",
  "projectId": "2afcf090-6588-4022-aa5e-49fca51f940e"
}
 
13:55:01.519 [main] DEBUG com.intuit.karate - request:
1 > POST https://dev-drivetec-apis.schuecodigitalsolutions.com/Configurations
1 > Content-Type: application/json; charset=UTF-8
1 > Content-Length: 1275
1 > Host: dev-drivetec-apis.schuecodigitalsolutions.com
1 > Connection: Keep-Alive
1 > User-Agent: Apache-HttpClient/4.5.14 (Java/17.0.12)
1 > Accept-Encoding: gzip,deflate
{"Id":"00000000-0000-0000-0000-000000000000","ProjectId":"2afcf090-6588-4022-aa5e-49fca51f940e","Name":"Dataset1519","Description":"Dataset1519","CustomTags":"","CreatedBy":"579816e4-6653-4794-b435-a885f32e28d7","ModifiedBy":"579816e4-6653-4794-b435-a885f32e28d7","ApplicationName":1,"System":"","FacadeInclination":0,"OpeningType":1,"OpeningDirection":1,"OpeningWidth":1000,"VentOuterWidth":1230,"VentOuterHeight":1480,"VentWeight":70,"CalculateWeightWithGlass":false,"WeightIncGlassOrThickness":false,"GlassThickness":14,"ProfileWeightPerSerialMeter":2.5,"IsWindowOpeningCalculationByAngle":1,"RequiredOpeningStroke":400,"OpeningAngle":15,"WindLoad":120,"SnowLoad":0,"DrivePosition":2,"InstallationPosition":1,"ChainLengthConnectingRodHandle":5,"LockingMechanism":1,"Voltage":1,"DriveType":1,"TypeOfInstallation":2,"CalculationTypeForVentilation":1,"CalcVentilation":1,"GeometricArea":1,"SpecificExhaustDimension":30,"BuildingDepth":75,"RevealDepth":0,"RevealDepthRectangleAngle1":0,"RevealDepthRectangleAngle2":0,"HeightOfProfile":0,"HeightProfileRectangleAngle1":0,"HeightProfileRectangleAngle2":0,"AkippOrAtilt":0,"AdrehOrAturn":0,"Ageo":0,"MinPullingForceMax":0,"MinPushingForceMax":0,"MinPullingForcePermanent":0,"MinPushingForcePermanent":0,"ForceWithNegativeWind":0}

13:55:02.176 [main] DEBUG com.intuit.karate - response time in milliseconds: 655
1 < 200
1 < Content-Type: application/json; charset=utf-8
1 < Date: Thu, 05 Dec 2024 08:24:59 GMT
1 < Server: Microsoft-IIS/10.0
1 < X-Powered-By: ASP.NET
1 < Content-Length: 2032
1 < Connection: keep-alive
{
  "ProjectId": "2afcf090-6588-4022-aa5e-49fca51f940e",
  "Name": "Dataset1519",
  "Description": "Dataset1519",
  "CustomTags": "",
  "ApplicationName": 1,
  "OpeningType": 1,
  "OpeningDirection": 1,
  "CalculateWeightWithGlass": false,
  "WindLoad": 120,
  "IsWindowOpeningCalculationByAngle": 1,
  "VentOuterWidth": 1230,
  "VentOuterHeight": 1480,
  "WeightIncGlassOrThickness": false,
  "VentWeight": 77,
  "VentWeightExact": 77.26400000000001,
  "GlassThickness": 14,
  "ProfileWeightPerSerialMeter": 2.5,
  "FacadeInclination": 0,
  "ChainLengthConnectingRodHandle": 5,
  "ChainLenghtConnectingRodHandle": 0,
  "RequiredOpeningStroke": 400,
  "OpeningWidth": 1000,
  "OpeningAngle": 15.532868337024489,
  "SpecificExhaustDimension": 30,
  "BuildingDepth": 75,
  "SnowLoad": 0,
  "DistanceHinge": 0,
  "RatedCurrent": 0,
  "DrivePosition": 2,
  "LockingMechanism": 1,
  "Voltage": 1,
  "DriveType": 1,
  "TypeOfInstallation": 2,
  "GeometricArea": 0,
  "CalculationTypeForVentilation": 1,
  "HeightOfProfile": 0,
  "Reveal": 0,
  "RevealDepth": 0,
  "HeightProfileRectangleAngle1": 0,
  "HeightProfileRectangleAngle2": 0,
  "RevealDepthRectangleAngle1": 0,
  "RevealDepthRectangleAngle2": 0,
  "RevealDepthRectangleAngle12": 0,
  "InstallationPosition": 0,
  "RecommendedDriveArticleNo": 0,
  "System": "",
  "AkippOrAtilt": 1.084,
  "AdrehOrAturn": 1.8204,
  "Ageo": 1.084,
  "MinPullingForceMax": -206.4868442161654,
  "MinPushingForceMax": -206.4868442161654,
  "MinPullingForcePermanent": -104.11163259218097,
  "MinPushingForcePermanent": -104.11163259218097,
  "ForceWithNegativeWind": 109.53156767199486,
  "ForceWithNoWindMin": 0.30763693489047433,
  "ForceWithNegativeWindMin": 0,
  "ForceWithWindMin": -108.91629380221393,
  "Id": "f29a64e1-c8ee-4bd7-8578-a1513cbbebfb",
  "CreatedOn": "2024-12-05T08:24:59.6888302+00:00",
  "CreatedBy": "579816e4-6653-4794-b435-a885f32e28d7",
  "ModifiedOn": "2024-12-05T08:24:59.6888314+00:00",
  "ModifiedBy": ""
}

13:55:02.178 [main] INFO  com.intuit.karate - Generated Config ID: f29a64e1-c8ee-4bd7-8578-a1513cbbebfb 
13:55:02.178 [main] INFO  com.intuit.karate - Generated Name: Dataset1519 
13:55:02.178 [main] INFO  com.intuit.karate - Generated Description: Dataset1519 
13:55:02.182 [main] DEBUG com.intuit.karate - request:
1 > PUT https://dev-drivetec-apis.schuecodigitalsolutions.com/Configurations
1 > Content-Type: application/json; charset=UTF-8
1 > Content-Length: 1282
1 > Host: dev-drivetec-apis.schuecodigitalsolutions.com
1 > Connection: Keep-Alive
1 > User-Agent: Apache-HttpClient/4.5.14 (Java/17.0.12)
1 > Accept-Encoding: gzip,deflate
{"Id":"f29a64e1-c8ee-4bd7-8578-a1513cbbebfb","Name":"Dataset46","Description":"Dataset1519","ProjectId":"2afcf090-6588-4022-aa5e-49fca51f940e","CustomTags":"","CreatedBy":"579816e4-6653-4794-b435-a885f32e28d7","ModifiedBy":"579816e4-6653-4794-b435-a885f32e28d7","System":"","FacadeInclination":5,"OpeningType":2,"OpeningDirection":2,"OpeningWidth":1000,"VentOuterWidth":1230,"VentOuterHeight":1480,"VentWeight":62,"CalculateWeightWithGlass":false,"RequiredOpeningStroke":450,"WindLoad":121,"SnowLoad":0,"IsWindowOpeningCalculationByAngle":1,"GlassThickness":0,"ProfileWeightPerSerialMeter":0,"DrivePosition":1,"InstallationPosition":0,"LockingMechanism":1,"Voltage":1,"DriveType":1,"TypeOfInstallation":2,"GeometricArea":0,"CalcVentilation":1,"SpecificExhaustDimension":45,"BuildingDepth":90,"CalculationTypeForVentilation":1,"HeightOfProfile":150,"HeightProfileRectangleAngle1":150,"HeightProfileRectangleAngle2":150,"RevealDepth":150,"RevealDepthRectangleAngle1":150,"RevealDepthRectangleAngle2":150,"ChainLengthConnectingRodHandle":5,"ApplicationName":1,"OpeningAngle":74,"WeightIncGlassOrThickness":false,"AkippOrAtilt":0,"AdrehOrAturn":0,"Ageo":0,"MinPullingForceMax":0,"MinPushingForceMax":0,"MinPullingForcePermanent":0,"MinPushingForcePermanent":0,"ForceWithNegativeWind":0}

13:55:02.845 [main] DEBUG com.intuit.karate - response time in milliseconds: 662
1 < 200
1 < Content-Type: application/json; charset=utf-8
1 < Date: Thu, 05 Dec 2024 08:25:00 GMT
1 < Server: Microsoft-IIS/10.0
1 < X-Powered-By: ASP.NET
1 < Content-Length: 2058
1 < Connection: keep-alive
{
  "ProjectId": "2afcf090-6588-4022-aa5e-49fca51f940e",
  "Name": "Dataset46",
  "Description": "Dataset1519",
  "CustomTags": "",
  "ApplicationName": 1,
  "OpeningType": 2,
  "OpeningDirection": 2,
  "CalculateWeightWithGlass": false,
  "WindLoad": 121,
  "IsWindowOpeningCalculationByAngle": 1,
  "VentOuterWidth": 1230,
  "VentOuterHeight": 1480,
  "WeightIncGlassOrThickness": false,
  "VentWeight": 62,
  "VentWeightExact": 62,
  "GlassThickness": 0,
  "ProfileWeightPerSerialMeter": 0,
  "FacadeInclination": 5,
  "ChainLengthConnectingRodHandle": 5,
  "ChainLenghtConnectingRodHandle": 0,
  "RequiredOpeningStroke": 450,
  "OpeningWidth": 1000,
  "OpeningAngle": 17.488828112226656,
  "SpecificExhaustDimension": 45,
  "BuildingDepth": 90,
  "SnowLoad": 0,
  "DistanceHinge": 0,
  "RatedCurrent": 0,
  "DrivePosition": 1,
  "LockingMechanism": 1,
  "Voltage": 1,
  "DriveType": 1,
  "TypeOfInstallation": 2,
  "GeometricArea": 0,
  "CalculationTypeForVentilation": 1,
  "HeightOfProfile": 150,
  "Reveal": 0,
  "RevealDepth": 150,
  "HeightProfileRectangleAngle1": 150,
  "HeightProfileRectangleAngle2": 150,
  "RevealDepthRectangleAngle1": 150,
  "RevealDepthRectangleAngle2": 150,
  "RevealDepthRectangleAngle12": 0,
  "InstallationPosition": 0,
  "RecommendedDriveArticleNo": 0,
  "System": "",
  "AkippOrAtilt": 1.2195,
  "AdrehOrAturn": 1.8204,
  "Ageo": 1.2195,
  "MinPullingForceMax": 82.55491940479193,
  "MinPushingForceMax": 174.2619665121985,
  "MinPullingForcePermanent": 68.08302671183762,
  "MinPushingForcePermanent": 68.08302671183762,
  "ForceWithNegativeWind": -136.07229237210035,
  "ForceWithNoWindMin": -26.758686483654206,
  "ForceWithNegativeWindMin": -38.09591308852329,
  "ForceWithWindMin": 82.55491940479193,
  "Id": "f29a64e1-c8ee-4bd7-8578-a1513cbbebfb",
  "CreatedOn": "0001-01-01T00:00:00",
  "CreatedBy": "579816e4-6653-4794-b435-a885f32e28d7",
  "ModifiedOn": "2024-12-05T08:25:00.3560351+00:00",
  "ModifiedBy": "579816e4-6653-4794-b435-a885f32e28d7"
}

13:55:02.846 [main] INFO  com.intuit.karate - VentWeight from API Response: 62 
13:55:02.847 [main] INFO  com.intuit.karate - Rounded Opening Angle: 17.0 
13:55:02.848 [main] INFO  com.intuit.karate - Rounded Ageo: 1.22 
13:55:02.848 [main] INFO  com.intuit.karate - Rounded Required Opening Stroke: 450.0 
13:55:02.848 [main] INFO  com.intuit.karate - Rounded Vent Weight: 62.0 
13:55:02.851 [main] DEBUG com.intuit.karate - request:
2 > GET https://dev-drivetec-apis.schuecodigitalsolutions.com/Config/f29a64e1-c8ee-4bd7-8578-a1513cbbebfb/Drive
2 > Host: dev-drivetec-apis.schuecodigitalsolutions.com
2 > Connection: Keep-Alive
2 > User-Agent: Apache-HttpClient/4.5.14 (Java/17.0.12)
2 > Accept-Encoding: gzip,deflate


13:55:03.712 [main] DEBUG com.intuit.karate - response time in milliseconds: 859
2 < 200
2 < Content-Type: application/json; charset=utf-8
2 < Date: Thu, 05 Dec 2024 08:25:00 GMT
2 < Server: Microsoft-IIS/10.0
2 < X-Powered-By: ASP.NET
2 < Content-Length: 20813
2 < Connection: keep-alive
[
  {
    "Name": "Chain actuator D2 L600",
    "Bezeichnung": "Kettenantrieb D2 L600",
    "ConfigurationId": "00000000-0000-0000-0000-000000000000",
    "Description": "",
    "Application": "Facade",
    "ApplicationFacade": true,
    "ApplicationSkylight": false,
    "Type": 1,
    "OpeningType": 0,
    "BottomHungInward": true,
    "BottomHungOutward": false,
    "SideHungInward": true,
    "SideHungOutward": false,
    "TopHungInward": false,
    "TopHungOutward": true,
    "ProjectedTopHungInward": false,
    "ProjectedTopHungOutward": false,
    "InstallationType": "",
    "ITMainOutFrmMountWBracket": true,
    "ITMainFixOutFrmMount": true,
    "ITMainVentFrmMount": true,
    "ITSideMount50": false,
    "ITSideMount60": false,
    "ITSideMount70": false,
    "ITSideMount80": false,
    "ITSideMount67": true,
    "Feature": "",
    "FeatureOpenClose": true,
    "FeatureLock": true,
    "ArticleNumber": 291756,
    "Stroke": 600,
    "Angle": 0,
    "Voltage": "24 V DC",
    "Voltage24": true,
    "Voltage230": false,
    "RatedCurrent": 1,
    "BreakingCurrent": 1,
    "PullingForceMax": 250,
    "PushingForceMax": 100,
    "PullingForceMaxWithNegativeWind": 0,
    "PushingForceMaxWithNegativeWind": 0,
    "PushingForcePermanent": 66.67,
    "PullingForcePermanent": 250,
    "MinPullingForceMax": 0,
    "MinPushingForceMax": 174.26,
    "MinPullingForcePermanent": 0,
    "MinPushingForcePermanent": 68.08,
    "Price": 264.82,
    "DriveLength": 545,
    "ChainDrive": 645,
    "ChainDrive2": 1250,
    "MaxLengthMainClosingEdge1Drive": 1650,
    "MaxGeometricArea": 1,
    "GeometricalSmokeExhaustion": 0,
    "TotalGlassThickness": 0,
    "Dimensions": 0,
    "DimensionsWxHxD": "545 x 26 x 41",
    "TensileForce": 0,
    "LockingForce": 0,
    "Details_DE": "<ul><li>Bemessungsspannung: 24 V DC (19 V … 28 V)</li><li>Abschaltstrom: 1,0 A</li><li>Bemessungsstrom: 0,7 A</li><li>Bemessungsaufnahme: 17 W</li><li>Schutzart: IP 32</li><li>Zug-/Schubkraft: max. 250 N</li><li>Umgebungstemperatur: -5°C bis + 60°C</li><li>Anschlussleitung: Halogenfrei, grau 3 x 0,5 mm², ~3 m</li><li>Max. Geschwindigkeit: 13,5 mm/s</li></ul>",
    "Details_EN": "<ul><li>Rated voltage: 24 V DC (19 V … 28 V)</li><li>Breaking current: 1.0 A</li><li>Rated current: 0.7 A</li><li>Rated consumption: 17 W</li><li>Protection rating: IP 32</li><li>Traction/ thrust: max. 250 N</li><li>Ambient temperature: -5°C bis + 60°C</li><li>Connecting cable: halogen-free, grey 3 x 0.5 mm², ~3 m</li><li>Max. speed: 13.5 mm/s</li></ul>",
    "Einsatz": "<ul> <li>Anwendung: Lüftung, NRA</li> <li>Integrierte intelligente Regelelektronik</li> <li>Rückmeldung Endlage „ZU“ (max. 24 V, 500 mA)</li> </ul>",
    "Use": "<ul> <li>Application: ventilation, natural smoke ventilation</li> <li>Integrated, intelligent control electronics</li> <li>Response for “CLOSED” end position (max. 24 V, 500 mA)</li> </ul>",
    "Ausstattung": null,
    "Equipment": null,
    "Optionen": "<ul> <li>Programmierung von Sonderfunktionen</li> <li>Programmierbare Rückmeldung Endlage „AUF“ (max. 24 V, 500 mA)</li> <li>Schüco Kontroller zur automatischen Konfiguration von Synchronlauf und Folgesteuerungen mit Verriegelungsantrieben in Antriebs-Verbundsystemen</li> </ul>",
    "Options": "<ul> <li>Programming of special functions</li> <li>Programmable response for “OPEN” end position (max. 24 V, 500 mA)</li> <li>Schüco controller for automatic configuration of synchronous running and sequence control with locking drives in composite drive systems</li></ul>",
    "IsTwoPce": false,
    "ResultVentWeight": 62,
    "IsLsRsDrive": true,
    "ArticleNumberRs": 291757,
    "TwoDrivesSideInstallation50": 0,
    "TwoDrivesSideInstallation60": 0,
    "TwoDrivesSideInstallation70": 0,
    "TwoDrivesSideInstallation80": 0,
    "OpeningSpeedmms": 0,
    "Traction": 250,
    "Thrust": 100,
    "Id": "267a3972-757f-4244-ac52-6bc7b30bac9f",
    "CreatedOn": "2024-09-26T13:55:26.817Z",
    "CreatedBy": "",
    "ModifiedOn": "2024-09-26T13:55:26.817Z",
    "ModifiedBy": ""
  },
  {
    "Name": "Chain actuator D4 600",
    "Bezeichnung": "Kettenantrieb D4 600",
    "ConfigurationId": "00000000-0000-0000-0000-000000000000",
    "Description": "",
    "Application": "Facade",
    "ApplicationFacade": true,
    "ApplicationSkylight": false,
    "Type": 1,
    "OpeningType": 0,
    "BottomHungInward": true,
    "BottomHungOutward": false,
    "SideHungInward": true,
    "SideHungOutward": false,
    "TopHungInward": false,
    "TopHungOutward": true,
    "ProjectedTopHungInward": false,
    "ProjectedTopHungOutward": false,
    "InstallationType": "",
    "ITMainOutFrmMountWBracket": true,
    "ITMainFixOutFrmMount": true,
    "ITMainVentFrmMount": true,
    "ITSideMount50": false,
    "ITSideMount60": false,
    "ITSideMount70": false,
    "ITSideMount80": false,
    "ITSideMount67": true,
    "Feature": "",
    "FeatureOpenClose": true,
    "FeatureLock": true,
    "ArticleNumber": 291708,
    "Stroke": 600,
    "Angle": 0,
    "Voltage": "24 V DC",
    "Voltage24": true,
    "Voltage230": false,
    "RatedCurrent": 1,
    "BreakingCurrent": 1,
    "PullingForceMax": 400,
    "PushingForceMax": 100,
    "PullingForceMaxWithNegativeWind": 0,
    "PushingForceMaxWithNegativeWind": 0,
    "PushingForcePermanent": 66.67,
    "PullingForcePermanent": 400,
    "MinPullingForceMax": 0,
    "MinPushingForceMax": 174.26,
    "MinPullingForcePermanent": 0,
    "MinPushingForcePermanent": 68.08,
    "Price": 282.19,
    "DriveLength": 665,
    "ChainDrive": 765,
    "ChainDrive2": 1490,
    "MaxLengthMainClosingEdge1Drive": 1850,
    "MaxGeometricArea": 1,
    "GeometricalSmokeExhaustion": 0,
    "TotalGlassThickness": 0,
    "Dimensions": 0,
    "DimensionsWxHxD": "665 x 24 x 35",
    "TensileForce": 0,
    "LockingForce": 0,
    "Details_DE": "<ul><li>Bemessungsspannung: 24 V DC (19 V … 28 V)</li> <li>Abschaltstrom: 1,2 A</li> <li>Bemessungsstrom: 0,9 A</li> <li>Bemessungsaufnahme: 22 W</li> <li>Schutzart: IP 32</li> <li>Zug-/Schubkraft: max. 400 N</li> <li>Umgebungstemperatur: -5°C bis + 60°C</li> <li>Anschlussleitung: Halogenfrei, grau 5 x 0,5mm², ~3m</li> <li>Max. Geschwindigkeit: 13,5 mm/s</li></ul>",
    "Details_EN": "<ul><li>Rated voltage: 24 V DC (19 V … 28 V)</li> <li>Breaking current: 1.2 A</li><li>Rated current: 0.9 A</li><li>Rated consumption: 22 W</li><li>Protection rating: IP 32</li><li>Traction/ thrust: max. 400 N</li><li>Ambient temperature: -5° C to +60° C</li><li>Connecting cable: halogen-free, grey, 5 x 0.5 mm², ~ 3 m</li><li>Max. speed: 13,5 mm/s </li></ul>",
    "Einsatz": "<ul><li>Anwendung: Lüftung, NRA</li> <li>Integrierte intelligente Regelelektronik</li> <li>Rückmeldung Endlage „ZU“ (max. 24 V, 500 mA)</li> </ul>",
    "Use": "<ul><li>Application: ventilation, natural smoke ventilation</li> <li>Integrated intelligent control electronics</li> <li>Response for “CLOSED” end position (max. 24 V, 500 mA)</li> </ul>",
    "Ausstattung": "<ul><li>Zusätzlicher Universal-Steckersatz für Mehrfachbetrieb bis zu 4 Antrieben und 2 Verriegelungsantrieben</li></ul>",
    "Equipment": "<ul><li>Additional universal plug socket for multiplex operation of up to 4 drives and 2 interlocking drives</li></ul>",
    "Optionen": "<ul><li>Programmierung von Sonderfunktionen</li> <li>Programmierbare Rückmeldung Endlage „AUF“ (max. 24 V, 500 mA)</li> <li>Schüco Kontroller zur automatischen Konfiguration von Synchronlauf und Folgesteuerungen mit Verriegelungsantrieben in Antriebs-Verbundsystemen</li> </ul>",
    "Options": "<ul><li>Programming of special functions</li> <li>Programmable response for “OPEN” end position (max. 24 V, 500 mA)</li> <li>Schüco controller for automatic configuration of synchronous running and sequence control with locking drives in composite drive systems</li> </ul>",
    "IsTwoPce": false,
    "ResultVentWeight": 62,
    "IsLsRsDrive": true,
    "ArticleNumberRs": 291707,
    "TwoDrivesSideInstallation50": 0,
    "TwoDrivesSideInstallation60": 0,
    "TwoDrivesSideInstallation70": 0,
    "TwoDrivesSideInstallation80": 0,
    "OpeningSpeedmms": 0,
    "Traction": 400,
    "Thrust": 100,
    "Id": "fcff08f9-981e-47bb-8f19-91cb4dc64404",
    "CreatedOn": "2024-09-26T13:55:26.817Z",
    "CreatedBy": "",
    "ModifiedOn": "2024-09-26T13:55:26.817Z",
    "ModifiedBy": ""
  },
  {
    "Name": "Chain actuator D6 600",
    "Bezeichnung": "Kettenantrieb D6 600",
    "ConfigurationId": "00000000-0000-0000-0000-000000000000",
    "Description": "",
    "Application": "Facade",
    "ApplicationFacade": true,
    "ApplicationSkylight": true,
    "Type": 1,
    "OpeningType": 0,
    "BottomHungInward": true,
    "BottomHungOutward": true,
    "SideHungInward": true,
    "SideHungOutward": true,
    "TopHungInward": false,
    "TopHungOutward": true,
    "ProjectedTopHungInward": false,
    "ProjectedTopHungOutward": true,
    "InstallationType": "",
    "ITMainOutFrmMountWBracket": true,
    "ITMainFixOutFrmMount": false,
    "ITMainVentFrmMount": true,
    "ITSideMount50": false,
    "ITSideMount60": false,
    "ITSideMount70": false,
    "ITSideMount80": false,
    "ITSideMount67": true,
    "Feature": "",
    "FeatureOpenClose": true,
    "FeatureLock": true,
    "ArticleNumber": 291716,
    "Stroke": 600,
    "Angle": 0,
    "Voltage": "24 V DC",
    "Voltage24": true,
    "Voltage230": false,
    "RatedCurrent": 1,
    "BreakingCurrent": 1,
    "PullingForceMax": 600,
    "PushingForceMax": 600,
    "PullingForceMaxWithNegativeWind": 0,
    "PushingForceMaxWithNegativeWind": 0,
    "PushingForcePermanent": 400,
    "PullingForcePermanent": 600,
    "MinPullingForceMax": 0,
    "MinPushingForceMax": 174.26,
    "MinPullingForcePermanent": 0,
    "MinPushingForcePermanent": 68.08,
    "Price": 374.18,
    "DriveLength": 693,
    "ChainDrive": 793,
    "ChainDrive2": 1546,
    "MaxLengthMainClosingEdge1Drive": 1920,
    "MaxGeometricArea": 1,
    "GeometricalSmokeExhaustion": 0,
    "TotalGlassThickness": 0,
    "Dimensions": 0,
    "DimensionsWxHxD": "693 x 40 x 56",
    "TensileForce": 0,
    "LockingForce": 0,
    "Details_DE": "<ul> <li>Bemessungsspannung: 24 V DC (19 V … 28 V)</li> <li>Abschaltstrom: 1,2 A</li> <li>Bemessungsstrom: 0,9 A</li> <li>Bemessungsaufnahme: 22 W</li> <li>Schutzart: IP 32</li> <li>Zug-/Schubkraft: max. 600 N</li> <li>Umgebungstemperatur: -5°C bis + 60°C</li> <li>Anschlussleitung: Halogenfrei, grau 5 x 0,5mm², ~3m</li> <li>Max. Geschwindigkeit: 13,5 mm/s</li> </ul>",
    "Details_EN": "<ul> <li>Rated voltage: 24 V DC (19 V … 28 V)</li><li>Breaking current: 1.2 A</li><li>Rated current: 0.9 A</li><li>Rated consumption: 22W</li><li>Protection rating: IP 32</li><li>Traction/ thrust: max. 600 N</li><li>Ambient temperature: -5° C to +60° C</li><li>Connecting cable: halogen-free, grey 3 x 0,5mm², ~3m</li><li>Max. speed: 13,5 mm/s</li></ul>",
    "Einsatz": "<ul><li>Anwendung: Lüftung, NRA</li> <li>Integrierte intelligente Regelelektronik</li></ul>",
    "Use": "<ul><li>Application: ventilation, natural smoke ventilation</li> <li>Integrated intelligent control electronics</li> </ul>",
    "Ausstattung": "<ul><li>Zusätzlicher Universal-Steckersatz für Mehrfachbetrieb bis zu 4 Antrieben und 2 Verriegelungsantrieben</li></ul>",
    "Equipment": "<ul><li>Additional universal plug socket for multiplex operation  of up to 4 drives and 2 interlocking drives</li></ul>",
    "Optionen": "<ul><li>Programmierung von Sonderfunktionen</li> <li>Programmierbare Rückmeldung Endlage „AUF“ (max. 24 V, 500 mA)</li> <li>Schüco Kontroller zur automatischen Konfiguration von Synchronlauf und Folgesteuerungen mit Verriegelungsantrieben in Antriebs-Verbundsystemen</li> </ul>",
    "Options": "<ul><li>Programming of special functions</li> <li>Programmable response for “OPEN” end position (max. 24 V, 500 mA)</li> <li>Schüco controller for automatic configuration of synchronous running and sequence control with locking drives in composite drive systems</li> </ul>",
    "IsTwoPce": false,
    "ResultVentWeight": 62,
    "IsLsRsDrive": false,
    "ArticleNumberRs": 0,
    "TwoDrivesSideInstallation50": 0,
    "TwoDrivesSideInstallation60": 0,
    "TwoDrivesSideInstallation70": 0,
    "TwoDrivesSideInstallation80": 0,
    "OpeningSpeedmms": 0,
    "Traction": 600,
    "Thrust": 600,
    "Id": "3cae6110-7870-4645-8094-e12449f27b1f",
    "CreatedOn": "2024-09-26T13:55:26.817Z",
    "CreatedBy": "",
    "ModifiedOn": "2024-09-26T13:55:26.817Z",
    "ModifiedBy": ""
  },
  {
    "Name": "Chain actuator TWIN D2 L600",
    "Bezeichnung": "Kettenantrieb TWIN D2 L600",
    "ConfigurationId": "00000000-0000-0000-0000-000000000000",
    "Description": "",
    "Application": "Facade",
    "ApplicationFacade": true,
    "ApplicationSkylight": false,
    "Type": 1,
    "OpeningType": 0,
    "BottomHungInward": true,
    "BottomHungOutward": false,
    "SideHungInward": false,
    "SideHungOutward": false,
    "TopHungInward": false,
    "TopHungOutward": true,
    "ProjectedTopHungInward": false,
    "ProjectedTopHungOutward": false,
    "InstallationType": "",
    "ITMainOutFrmMountWBracket": true,
    "ITMainFixOutFrmMount": true,
    "ITMainVentFrmMount": true,
    "ITSideMount50": false,
    "ITSideMount60": false,
    "ITSideMount70": false,
    "ITSideMount80": false,
    "ITSideMount67": false,
    "Feature": "",
    "FeatureOpenClose": true,
    "FeatureLock": true,
    "ArticleNumber": 291774,
    "Stroke": 600,
    "Angle": 0,
    "Voltage": "24 V DC",
    "Voltage24": true,
    "Voltage230": false,
    "RatedCurrent": 1,
    "BreakingCurrent": 2,
    "PullingForceMax": 500,
    "PushingForceMax": 200,
    "PullingForceMaxWithNegativeWind": 0,
    "PushingForceMaxWithNegativeWind": 0,
    "PushingForcePermanent": 133.33,
    "PullingForcePermanent": 500,
    "MinPullingForceMax": 0,
    "MinPushingForceMax": 174.26,
    "MinPullingForcePermanent": 0,
    "MinPushingForcePermanent": 68.08,
    "Price": 532.67,
    "DriveLength": 1060,
    "ChainDrive": 1160,
    "ChainDrive2": 0,
    "MaxLengthMainClosingEdge1Drive": 1650,
    "MaxGeometricArea": 1,
    "GeometricalSmokeExhaustion": 0,
    "TotalGlassThickness": 0,
    "Dimensions": 0,
    "DimensionsWxHxD": "1060 x 26 x 41",
    "TensileForce": 0,
    "LockingForce": 0,
    "Details_DE": "<ul><li>Bemessungsspannung: 24 V DC (19 V … 28 V)</li> <li>Abschaltstrom: 2,0 A</li> <li>Bemessungsstrom: 1,4 A</li> <li>Bemessungsaufnahme: 34 W</li> <li>Schutzart: IP 32</li> <li>Zug-/Schubkraft: max. 500 N</li> <li>Umgebungstemperatur: -5°C bis + 60°C</li> <li>Anschlussleitung: Halogenfrei, grau 3 x 0,5mm², ~3m</li> <li>Max. Geschwindigkeit: 12 mm/s</li> </ul>",
    "Details_EN": "<ul><li>Rated voltage: 24 V DC (19 V … 28 V)</li><li>Breaking current: 2.0 A</li><li>Rated current: 1.4 A</li><li>Rated consumption: 34 W</li><li>Protection rating: IP 32</li><li>Traction/ thrust: max. 500 N</li><li>Ambient temperature: -5°C bis + 60°C</li><li>Connecting cable: halogen-free, grey 3 x 0,5mm², ~3m</li><li>Max. speed: 12 mm/s</li></ul>",
    "Einsatz": "<ul><li>Anwendung: Lüftung, NRA</li> <li>Integrierte intelligente Regelelektronik</li> <li>Rückmeldung Endlage „ZU“ (max. 24 V, 500 mA)</li> </ul>",
    "Use": "<ul><li>Application: ventilation, natural smoke ventilation</li> <li>Integrated intelligent control electronics</li> <li>Response for \"CLOSED\" end position (max. 24 V, 500 mA)</li> </ul>",
    "Ausstattung": null,
    "Equipment": null,
    "Optionen": "<ul><li>Programmierung von Sonderfunktionen</li> <li>Programmierbare Rückmeldung Endlage „AUF“ (max. 24 V, 500 mA)</li> <li>Schüco Kontroller zur automatischen Konfiguration von Synchronlauf und Folgesteuerungen mit Verriegelungsantrieb in Antriebs-Verbundsystem</li> </ul>",
    "Options": "<ul><li>Programming of special functions</li> <li>Programmable response for \"OPEN\" end position (max. 24 V, 500 mA)</li> <li>Schüco controller for automatic configuration of synchronous running and sequence control with locking drives in composite drive systems</li> </ul>",
    "IsTwoPce": false,
    "ResultVentWeight": 62,
    "IsLsRsDrive": false,
    "ArticleNumberRs": 0,
    "TwoDrivesSideInstallation50": 0,
    "TwoDrivesSideInstallation60": 0,
    "TwoDrivesSideInstallation70": 0,
    "TwoDrivesSideInstallation80": 0,
    "OpeningSpeedmms": 0,
    "Traction": 500,
    "Thrust": 200,
    "Id": "e894c2ec-1e80-4d24-8c80-a383a582ab2a",
    "CreatedOn": "2024-09-26T13:55:26.817Z",
    "CreatedBy": "",
    "ModifiedOn": "2024-09-26T13:55:26.817Z",
    "ModifiedBy": ""
  },
  {
    "Name": "Locking actuator EasyConnect ow",
    "Bezeichnung": "Verriegelungsantrieb EasyConnect ow",
    "ConfigurationId": "00000000-0000-0000-0000-000000000000",
    "Description": "",
    "Application": "",
    "ApplicationFacade": true,
    "ApplicationSkylight": false,
    "Type": 5,
    "OpeningType": 0,
    "BottomHungInward": false,
    "BottomHungOutward": false,
    "SideHungInward": false,
    "SideHungOutward": true,
    "TopHungInward": false,
    "TopHungOutward": true,
    "ProjectedTopHungInward": false,
    "ProjectedTopHungOutward": true,
    "InstallationType": "",
    "ITMainOutFrmMountWBracket": true,
    "ITMainFixOutFrmMount": false,
    "ITMainVentFrmMount": false,
    "ITSideMount50": false,
    "ITSideMount60": false,
    "ITSideMount70": false,
    "ITSideMount80": false,
    "ITSideMount67": false,
    "Feature": "",
    "FeatureOpenClose": true,
    "FeatureLock": false,
    "ArticleNumber": 291589,
    "Stroke": 0,
    "Angle": 0,
    "Voltage": null,
    "Voltage24": true,
    "Voltage230": true,
    "RatedCurrent": 0,
    "BreakingCurrent": 0,
    "PullingForceMax": 0,
    "PushingForceMax": 0,
    "PullingForceMaxWithNegativeWind": 0,
    "PushingForceMaxWithNegativeWind": 0,
    "PushingForcePermanent": 0,
    "PullingForcePermanent": 0,
    "MinPullingForceMax": 0,
    "MinPushingForceMax": 0,
    "MinPullingForcePermanent": 0,
    "MinPushingForcePermanent": 0,
    "Price": 0,
    "DriveLength": 0,
    "ChainDrive": 0,
    "ChainDrive2": 0,
    "MaxLengthMainClosingEdge1Drive": 0,
    "MaxGeometricArea": 0,
    "GeometricalSmokeExhaustion": 0,
    "TotalGlassThickness": 0,
    "Dimensions": 0,
    "DimensionsWxHxD": "375 x 24 x 35",
    "TensileForce": 0,
    "LockingForce": 0,
    "Details_DE": "<ul> <li>Bemessungsspannung: 24 V DC (19 V … 28 V)</li> <li>Abschaltstrom: ~1,0 A</li> <li>Bemessungsstrom: 0,6 A</li> <li>Bemessungsaufnahme: 15 W</li> <li>Schutzart: IP 32</li><li>Zug-/Schubkraft: max. 600 N</li> <li>Umgebungstemperatur: -5°C bis + 60°C</li> <li>Anschlussleitung: Halogenfrei, grau 5 x 0,5mm² , ~5m</li> <li>Laufzeit: ~ 5s</li><li>Hub: ~ 18mm</li> </ul>",
    "Details_EN": "<ul> <li>Rated voltage : 24 V DC (19 V … 28 V</li> <li>Breaking current : ~1,0 A</li> <li>Rated current : 0,6 A</li> <li>Rated consumption : 15 W</li> <li>Protection rating : IP 32</li><li>Traction/ thrust : max. 600 N</li> <li>Ambient temperature: -5°C bis + 60°C</li> <li>Connecting cable: halogen-free, grey 5 x 0,5mm² , ~5m</li> <li>Running time: ~ 5s</li><li>Stroke: ~ 18mm</li> </ul>",
    "Einsatz": "<ul> <li>Anwendung: Lüftung, NRA</li><li>Integrierte intelligente Regelelektronik</li></ul>",
    "Use": "<ul> <li>Application: ventilation, natural smoke ventilation</li> <li>Integrated intelligent control electronics</li></ul>",
    "Ausstattung": "<ul><li>Laufrichtung einstellbar</li><li>Zusätzlicher Universal-Steckersatz</li></ul>",
    "Equipment": "<ul><li>Running direction adjustable</li><li>Additional universal plug socket</li></ul>",
    "Optionen": "<ul> <li>Mitnehmer objekt-/profilspezifisch anpassbar</li></ul>",
    "Options": "<ul> <li>Coupling adapter customizable for project-/profile-specific demands</li></ul>",
    "IsTwoPce": false,
    "ResultVentWeight": 0,
    "IsLsRsDrive": false,
    "ArticleNumberRs": 0,
    "TwoDrivesSideInstallation50": 0,
    "TwoDrivesSideInstallation60": 0,
    "TwoDrivesSideInstallation70": 0,
    "TwoDrivesSideInstallation80": 0,
    "OpeningSpeedmms": 0,
    "Traction": 0,
    "Thrust": 0,
    "Id": "ebe9753c-e5d7-4140-afe0-9f98bf25df99",
    "CreatedOn": "2024-09-26T13:55:26.817Z",
    "CreatedBy": "",
    "ModifiedOn": "2024-09-26T13:55:26.817Z",
    "ModifiedBy": ""
  }
]

13:55:03.716 [main] INFO  com.intuit.karate - Expected RecommDrive: Chain actuator D2 L600,Chain actuator D4 600,Chain actuator D6 600,Chain actuator TWIN D2 L600,Locking actuator EasyConnect ow 
13:55:03.716 [main] INFO  com.intuit.karate - Actual RecommDrive: Chain actuator D2 L600, Chain actuator D4 600, Chain actuator D6 600, Chain actuator TWIN D2 L600, Locking actuator EasyConnect ow 
13:55:03.716 [main] INFO  com.intuit.karate - Normalized Actual RecommDrive: Chain actuator D2 L600,Chain actuator D4 600,Chain actuator D6 600,Chain actuator TWIN D2 L600,Locking actuator EasyConnect ow 
13:55:03.716 [main] INFO  com.intuit.karate - Normalized Expected RecommDrive: Chain actuator D2 L600,Chain actuator D4 600,Chain actuator D6 600,Chain actuator TWIN D2 L600,Locking actuator EasyConnect ow 
13:55:03.717 [main] INFO  com.intuit.karate - All Drive IDs: [
  "267a3972-757f-4244-ac52-6bc7b30bac9f",
  "fcff08f9-981e-47bb-8f19-91cb4dc64404",
  "3cae6110-7870-4645-8094-e12449f27b1f",
  "e894c2ec-1e80-4d24-8c80-a383a582ab2a",
  "ebe9753c-e5d7-4140-afe0-9f98bf25df99"
]
 
13:55:03.717 [main] INFO  com.intuit.karate - First Drive ID: 267a3972-757f-4244-ac52-6bc7b30bac9f 
13:55:03.719 [main] DEBUG com.intuit.karate - request:
3 > POST https://dev-drivetec-apis.schuecodigitalsolutions.com/api/Drives/DownloadPDFNew/Schuco
3 > Content-Type: application/json; charset=UTF-8
3 > Content-Length: 1194
3 > Host: dev-drivetec-apis.schuecodigitalsolutions.com
3 > Connection: Keep-Alive
3 > User-Agent: Apache-HttpClient/4.5.14 (Java/17.0.12)
3 > Accept-Encoding: gzip,deflate
[{"Id":"configId","Header":"configId","Value":"f29a64e1-c8ee-4bd7-8578-a1513cbbebfb"},{"Id":"driveId","Header":"driveId","Value":"267a3972-757f-4244-ac52-6bc7b30bac9f"},{"Id":"culture","Header":"culture","Value":"EN-US"},{"Id":"projectId","Header":"projectId","Value":"2afcf090-6588-4022-aa5e-49fca51f940e"},{"Id":"range-of-app","Header":"Range of application","Value":"Façade"},{"Id":"opening-type","Header":"Opening type","Value":"Bottom-hung vent"},{"Id":"opening-direction","Header":"Opening direction","Value":"Inward"},{"Id":"how-calc-weight","Header":"Vent weight","Value":"Weight including glass"},{"Id":"Chain-Length","Header":"Chain- \/ connecting rod handle","Value":"100%"},{"Id":"drive-position","Header":"Drive position","Value":"Side installation"},{"Id":"locking-mechanism","Header":"Locking mechanism","Value":"With"},{"Id":"voltage","Header":"Voltage","Value":"24 V"},{"Id":"drive-type","Header":"Drive type","Value":"Chain drive"},{"Id":"type-installation","Header":"Type of installation","Value":"Pivoting Outer Frame Installation"},{"Id":"calculation-type-for-ventilation-area","Header":"Calculation type for ventilation area","Value":"Method in accordance with ASR 3.6"}]

13:55:05.871 [main] DEBUG com.intuit.karate - response time in milliseconds: 2150
3 < 200
3 < Content-Type: application/json; charset=utf-8
3 < Date: Thu, 05 Dec 2024 08:25:03 GMT
3 < Server: Microsoft-IIS/10.0
3 < X-Powered-By: ASP.NET
3 < Content-Length: 281
3 < Connection: keep-alive
{
  "result": "https://drive-tec-dev.s3.amazonaws.com/AUT_TPJ33518-Chain_actuator_D2_L600.pdf?AWSAccessKeyId=AKIAZAWIART4ZFAXXPHK&Expires=1733390703&response-content-disposition=attachment%3B&response-content-type=application%2Fpdf&Signature=%2BSVfK2jUL%2BHZMdmWN2RZGqtLXAA%3D"
}

13:55:05.872 [main] INFO  com.intuit.karate - Download URL for first driveId: https://drive-tec-dev.s3.amazonaws.com/AUT_TPJ33518-Chain_actuator_D2_L600.pdf?AWSAccessKeyId=AKIAZAWIART4ZFAXXPHK&Expires=1733390703&response-content-disposition=attachment%3B&response-content-type=application%2Fpdf&Signature=%2BSVfK2jUL%2BHZMdmWN2RZGqtLXAA%3D 
13:55:05.876 [main] INFO  com.intuit.karate - karate.env system property was: null 
13:55:05.878 [main] INFO  com.intuit.karate - Running test for dataset:  Dataset47 
13:55:05.882 [main] INFO  com.intuit.karate - Using ProjectId:  {
  "result": {
    "projectId": "prjId"
  },
  "projectPayload": {
    "Id": "579816e4-6653-4794-b435-a885f32e28d7",
    "Name": "AUT_TPJ33518",
    "Address": "Hyderabad, Telangana, India",
    "Description": "",
    "CreatedBy": "579816e4-6653-4794-b435-a885f32e28d7",
    "ModifiedBy": "579816e4-6653-4794-b435-a885f32e28d7"
  },
  "uniqueName": "AUT_TPJ33518",
  "responseHeaders": {
    "Content-Type": [
      "application/json; charset=utf-8"
    ],
    "Date": [
      "Thu, 05 Dec 2024 08:22:12 GMT"
    ],
    "Server": [
      "Microsoft-IIS/10.0"
    ],
    "X-Powered-By": [
      "ASP.NET"
    ],
    "transfer-encoding": [
      "chunked"
    ],
    "Connection": [
      "keep-alive"
    ],
    "Set-Cookie": [
    ]
  },
  "responseTime": 841,
  "response": {
    "Name": "AUT_TPJ33518",
    "Description": "",
    "Address": "Hyderabad, Telangana, India",
    "Id": "2afcf090-6588-4022-aa5e-49fca51f940e",
    "CreatedOn": "2024-12-05T08:22:11.998251+00:00",
    "CreatedBy": "579816e4-6653-4794-b435-a885f32e28d7",
    "ModifiedOn": "2024-12-05T08:22:11.9982526+00:00",
    "ModifiedBy": ""
  },
  "responseStatus": 200,
  "prjId": "2afcf090-6588-4022-aa5e-49fca51f940e",
  "projectId": "2afcf090-6588-4022-aa5e-49fca51f940e"
}
 
13:55:05.884 [main] DEBUG com.intuit.karate - request:
1 > POST https://dev-drivetec-apis.schuecodigitalsolutions.com/Configurations
1 > Content-Type: application/json; charset=UTF-8
1 > Content-Length: 1275
1 > Host: dev-drivetec-apis.schuecodigitalsolutions.com
1 > Connection: Keep-Alive
1 > User-Agent: Apache-HttpClient/4.5.14 (Java/17.0.12)
1 > Accept-Encoding: gzip,deflate
{"Id":"00000000-0000-0000-0000-000000000000","ProjectId":"2afcf090-6588-4022-aa5e-49fca51f940e","Name":"Dataset5883","Description":"Dataset5883","CustomTags":"","CreatedBy":"579816e4-6653-4794-b435-a885f32e28d7","ModifiedBy":"579816e4-6653-4794-b435-a885f32e28d7","ApplicationName":1,"System":"","FacadeInclination":0,"OpeningType":1,"OpeningDirection":1,"OpeningWidth":1000,"VentOuterWidth":1230,"VentOuterHeight":1480,"VentWeight":70,"CalculateWeightWithGlass":false,"WeightIncGlassOrThickness":false,"GlassThickness":14,"ProfileWeightPerSerialMeter":2.5,"IsWindowOpeningCalculationByAngle":1,"RequiredOpeningStroke":400,"OpeningAngle":15,"WindLoad":120,"SnowLoad":0,"DrivePosition":2,"InstallationPosition":1,"ChainLengthConnectingRodHandle":5,"LockingMechanism":1,"Voltage":1,"DriveType":1,"TypeOfInstallation":2,"CalculationTypeForVentilation":1,"CalcVentilation":1,"GeometricArea":1,"SpecificExhaustDimension":30,"BuildingDepth":75,"RevealDepth":0,"RevealDepthRectangleAngle1":0,"RevealDepthRectangleAngle2":0,"HeightOfProfile":0,"HeightProfileRectangleAngle1":0,"HeightProfileRectangleAngle2":0,"AkippOrAtilt":0,"AdrehOrAturn":0,"Ageo":0,"MinPullingForceMax":0,"MinPushingForceMax":0,"MinPullingForcePermanent":0,"MinPushingForcePermanent":0,"ForceWithNegativeWind":0}

13:55:06.547 [main] DEBUG com.intuit.karate - response time in milliseconds: 662
1 < 200
1 < Content-Type: application/json; charset=utf-8
1 < Date: Thu, 05 Dec 2024 08:25:03 GMT
1 < Server: Microsoft-IIS/10.0
1 < X-Powered-By: ASP.NET
1 < Content-Length: 2032
1 < Connection: keep-alive
{
  "ProjectId": "2afcf090-6588-4022-aa5e-49fca51f940e",
  "Name": "Dataset5883",
  "Description": "Dataset5883",
  "CustomTags": "",
  "ApplicationName": 1,
  "OpeningType": 1,
  "OpeningDirection": 1,
  "CalculateWeightWithGlass": false,
  "WindLoad": 120,
  "IsWindowOpeningCalculationByAngle": 1,
  "VentOuterWidth": 1230,
  "VentOuterHeight": 1480,
  "WeightIncGlassOrThickness": false,
  "VentWeight": 77,
  "VentWeightExact": 77.26400000000001,
  "GlassThickness": 14,
  "ProfileWeightPerSerialMeter": 2.5,
  "FacadeInclination": 0,
  "ChainLengthConnectingRodHandle": 5,
  "ChainLenghtConnectingRodHandle": 0,
  "RequiredOpeningStroke": 400,
  "OpeningWidth": 1000,
  "OpeningAngle": 15.532868337024489,
  "SpecificExhaustDimension": 30,
  "BuildingDepth": 75,
  "SnowLoad": 0,
  "DistanceHinge": 0,
  "RatedCurrent": 0,
  "DrivePosition": 2,
  "LockingMechanism": 1,
  "Voltage": 1,
  "DriveType": 1,
  "TypeOfInstallation": 2,
  "GeometricArea": 0,
  "CalculationTypeForVentilation": 1,
  "HeightOfProfile": 0,
  "Reveal": 0,
  "RevealDepth": 0,
  "HeightProfileRectangleAngle1": 0,
  "HeightProfileRectangleAngle2": 0,
  "RevealDepthRectangleAngle1": 0,
  "RevealDepthRectangleAngle2": 0,
  "RevealDepthRectangleAngle12": 0,
  "InstallationPosition": 0,
  "RecommendedDriveArticleNo": 0,
  "System": "",
  "AkippOrAtilt": 1.084,
  "AdrehOrAturn": 1.8204,
  "Ageo": 1.084,
  "MinPullingForceMax": -206.4868442161654,
  "MinPushingForceMax": -206.4868442161654,
  "MinPullingForcePermanent": -104.11163259218097,
  "MinPushingForcePermanent": -104.11163259218097,
  "ForceWithNegativeWind": 109.53156767199486,
  "ForceWithNoWindMin": 0.30763693489047433,
  "ForceWithNegativeWindMin": 0,
  "ForceWithWindMin": -108.91629380221393,
  "Id": "4d8e8079-33ed-48df-b2fd-242bb15920b9",
  "CreatedOn": "2024-12-05T08:25:04.0665405+00:00",
  "CreatedBy": "579816e4-6653-4794-b435-a885f32e28d7",
  "ModifiedOn": "2024-12-05T08:25:04.0665414+00:00",
  "ModifiedBy": ""
}

13:55:06.549 [main] INFO  com.intuit.karate - Generated Config ID: 4d8e8079-33ed-48df-b2fd-242bb15920b9 
13:55:06.550 [main] INFO  com.intuit.karate - Generated Name: Dataset5883 
13:55:06.551 [main] INFO  com.intuit.karate - Generated Description: Dataset5883 
13:55:06.557 [main] DEBUG com.intuit.karate - request:
1 > PUT https://dev-drivetec-apis.schuecodigitalsolutions.com/Configurations
1 > Content-Type: application/json; charset=UTF-8
1 > Content-Length: 1282
1 > Host: dev-drivetec-apis.schuecodigitalsolutions.com
1 > Connection: Keep-Alive
1 > User-Agent: Apache-HttpClient/4.5.14 (Java/17.0.12)
1 > Accept-Encoding: gzip,deflate
{"Id":"4d8e8079-33ed-48df-b2fd-242bb15920b9","Name":"Dataset47","Description":"Dataset5883","ProjectId":"2afcf090-6588-4022-aa5e-49fca51f940e","CustomTags":"","CreatedBy":"579816e4-6653-4794-b435-a885f32e28d7","ModifiedBy":"579816e4-6653-4794-b435-a885f32e28d7","System":"","FacadeInclination":5,"OpeningType":2,"OpeningDirection":2,"OpeningWidth":1000,"VentOuterWidth":1230,"VentOuterHeight":1480,"VentWeight":62,"CalculateWeightWithGlass":false,"RequiredOpeningStroke":450,"WindLoad":122,"SnowLoad":0,"IsWindowOpeningCalculationByAngle":1,"GlassThickness":0,"ProfileWeightPerSerialMeter":0,"DrivePosition":1,"InstallationPosition":0,"LockingMechanism":1,"Voltage":1,"DriveType":1,"TypeOfInstallation":2,"GeometricArea":0,"CalcVentilation":1,"SpecificExhaustDimension":45,"BuildingDepth":90,"CalculationTypeForVentilation":1,"HeightOfProfile":150,"HeightProfileRectangleAngle1":150,"HeightProfileRectangleAngle2":150,"RevealDepth":150,"RevealDepthRectangleAngle1":150,"RevealDepthRectangleAngle2":150,"ChainLengthConnectingRodHandle":5,"ApplicationName":1,"OpeningAngle":74,"WeightIncGlassOrThickness":false,"AkippOrAtilt":0,"AdrehOrAturn":0,"Ageo":0,"MinPullingForceMax":0,"MinPushingForceMax":0,"MinPullingForcePermanent":0,"MinPushingForcePermanent":0,"ForceWithNegativeWind":0}

13:55:07.227 [main] DEBUG com.intuit.karate - response time in milliseconds: 669
1 < 200
1 < Content-Type: application/json; charset=utf-8
1 < Date: Thu, 05 Dec 2024 08:25:04 GMT
1 < Server: Microsoft-IIS/10.0
1 < X-Powered-By: ASP.NET
1 < Content-Length: 2060
1 < Connection: keep-alive
{
  "ProjectId": "2afcf090-6588-4022-aa5e-49fca51f940e",
  "Name": "Dataset47",
  "Description": "Dataset5883",
  "CustomTags": "",
  "ApplicationName": 1,
  "OpeningType": 2,
  "OpeningDirection": 2,
  "CalculateWeightWithGlass": false,
  "WindLoad": 122,
  "IsWindowOpeningCalculationByAngle": 1,
  "VentOuterWidth": 1230,
  "VentOuterHeight": 1480,
  "WeightIncGlassOrThickness": false,
  "VentWeight": 62,
  "VentWeightExact": 62,
  "GlassThickness": 0,
  "ProfileWeightPerSerialMeter": 0,
  "FacadeInclination": 5,
  "ChainLengthConnectingRodHandle": 5,
  "ChainLenghtConnectingRodHandle": 0,
  "RequiredOpeningStroke": 450,
  "OpeningWidth": 1000,
  "OpeningAngle": 17.488828112226656,
  "SpecificExhaustDimension": 45,
  "BuildingDepth": 90,
  "SnowLoad": 0,
  "DistanceHinge": 0,
  "RatedCurrent": 0,
  "DrivePosition": 1,
  "LockingMechanism": 1,
  "Voltage": 1,
  "DriveType": 1,
  "TypeOfInstallation": 2,
  "GeometricArea": 0,
  "CalculationTypeForVentilation": 1,
  "HeightOfProfile": 150,
  "Reveal": 0,
  "RevealDepth": 150,
  "HeightProfileRectangleAngle1": 150,
  "HeightProfileRectangleAngle2": 150,
  "RevealDepthRectangleAngle1": 150,
  "RevealDepthRectangleAngle2": 150,
  "RevealDepthRectangleAngle12": 0,
  "InstallationPosition": 0,
  "RecommendedDriveArticleNo": 0,
  "System": "",
  "AkippOrAtilt": 1.2195,
  "AdrehOrAturn": 1.8204,
  "Ageo": 1.2195,
  "MinPullingForceMax": 83.45833763527494,
  "MinPushingForceMax": 175.13947841137505,
  "MinPullingForcePermanent": 68.08302671183762,
  "MinPushingForcePermanent": 68.08302671183762,
  "ForceWithNegativeWind": -136.97571060258335,
  "ForceWithNoWindMin": -26.758686483654206,
  "ForceWithNegativeWindMin": -38.973424987699815,
  "ForceWithWindMin": 83.45833763527494,
  "Id": "4d8e8079-33ed-48df-b2fd-242bb15920b9",
  "CreatedOn": "0001-01-01T00:00:00",
  "CreatedBy": "579816e4-6653-4794-b435-a885f32e28d7",
  "ModifiedOn": "2024-12-05T08:25:04.7419969+00:00",
  "ModifiedBy": "579816e4-6653-4794-b435-a885f32e28d7"
}

13:55:07.228 [main] INFO  com.intuit.karate - VentWeight from API Response: 62 
13:55:07.233 [main] INFO  com.intuit.karate - Rounded Opening Angle: 17.0 
13:55:07.233 [main] INFO  com.intuit.karate - Rounded Ageo: 1.22 
13:55:07.233 [main] INFO  com.intuit.karate - Rounded Required Opening Stroke: 450.0 
13:55:07.234 [main] INFO  com.intuit.karate - Rounded Vent Weight: 62.0 
13:55:07.236 [main] DEBUG com.intuit.karate - request:
2 > GET https://dev-drivetec-apis.schuecodigitalsolutions.com/Config/4d8e8079-33ed-48df-b2fd-242bb15920b9/Drive
2 > Host: dev-drivetec-apis.schuecodigitalsolutions.com
2 > Connection: Keep-Alive
2 > User-Agent: Apache-HttpClient/4.5.14 (Java/17.0.12)
2 > Accept-Encoding: gzip,deflate


13:55:08.061 [main] DEBUG com.intuit.karate - response time in milliseconds: 824
2 < 200
2 < Content-Type: application/json; charset=utf-8
2 < Date: Thu, 05 Dec 2024 08:25:04 GMT
2 < Server: Microsoft-IIS/10.0
2 < X-Powered-By: ASP.NET
2 < Content-Length: 16647
2 < Connection: keep-alive
[
  {
    "Name": "Chain actuator D4 600",
    "Bezeichnung": "Kettenantrieb D4 600",
    "ConfigurationId": "00000000-0000-0000-0000-000000000000",
    "Description": "",
    "Application": "Facade",
    "ApplicationFacade": true,
    "ApplicationSkylight": false,
    "Type": 1,
    "OpeningType": 0,
    "BottomHungInward": true,
    "BottomHungOutward": false,
    "SideHungInward": true,
    "SideHungOutward": false,
    "TopHungInward": false,
    "TopHungOutward": true,
    "ProjectedTopHungInward": false,
    "ProjectedTopHungOutward": false,
    "InstallationType": "",
    "ITMainOutFrmMountWBracket": true,
    "ITMainFixOutFrmMount": true,
    "ITMainVentFrmMount": true,
    "ITSideMount50": false,
    "ITSideMount60": false,
    "ITSideMount70": false,
    "ITSideMount80": false,
    "ITSideMount67": true,
    "Feature": "",
    "FeatureOpenClose": true,
    "FeatureLock": true,
    "ArticleNumber": 291708,
    "Stroke": 600,
    "Angle": 0,
    "Voltage": "24 V DC",
    "Voltage24": true,
    "Voltage230": false,
    "RatedCurrent": 1,
    "BreakingCurrent": 1,
    "PullingForceMax": 400,
    "PushingForceMax": 100,
    "PullingForceMaxWithNegativeWind": 0,
    "PushingForceMaxWithNegativeWind": 0,
    "PushingForcePermanent": 66.67,
    "PullingForcePermanent": 400,
    "MinPullingForceMax": 0,
    "MinPushingForceMax": 175.14,
    "MinPullingForcePermanent": 0,
    "MinPushingForcePermanent": 68.08,
    "Price": 282.19,
    "DriveLength": 665,
    "ChainDrive": 765,
    "ChainDrive2": 1490,
    "MaxLengthMainClosingEdge1Drive": 1850,
    "MaxGeometricArea": 1,
    "GeometricalSmokeExhaustion": 0,
    "TotalGlassThickness": 0,
    "Dimensions": 0,
    "DimensionsWxHxD": "665 x 24 x 35",
    "TensileForce": 0,
    "LockingForce": 0,
    "Details_DE": "<ul><li>Bemessungsspannung: 24 V DC (19 V … 28 V)</li> <li>Abschaltstrom: 1,2 A</li> <li>Bemessungsstrom: 0,9 A</li> <li>Bemessungsaufnahme: 22 W</li> <li>Schutzart: IP 32</li> <li>Zug-/Schubkraft: max. 400 N</li> <li>Umgebungstemperatur: -5°C bis + 60°C</li> <li>Anschlussleitung: Halogenfrei, grau 5 x 0,5mm², ~3m</li> <li>Max. Geschwindigkeit: 13,5 mm/s</li></ul>",
    "Details_EN": "<ul><li>Rated voltage: 24 V DC (19 V … 28 V)</li> <li>Breaking current: 1.2 A</li><li>Rated current: 0.9 A</li><li>Rated consumption: 22 W</li><li>Protection rating: IP 32</li><li>Traction/ thrust: max. 400 N</li><li>Ambient temperature: -5° C to +60° C</li><li>Connecting cable: halogen-free, grey, 5 x 0.5 mm², ~ 3 m</li><li>Max. speed: 13,5 mm/s </li></ul>",
    "Einsatz": "<ul><li>Anwendung: Lüftung, NRA</li> <li>Integrierte intelligente Regelelektronik</li> <li>Rückmeldung Endlage „ZU“ (max. 24 V, 500 mA)</li> </ul>",
    "Use": "<ul><li>Application: ventilation, natural smoke ventilation</li> <li>Integrated intelligent control electronics</li> <li>Response for “CLOSED” end position (max. 24 V, 500 mA)</li> </ul>",
    "Ausstattung": "<ul><li>Zusätzlicher Universal-Steckersatz für Mehrfachbetrieb bis zu 4 Antrieben und 2 Verriegelungsantrieben</li></ul>",
    "Equipment": "<ul><li>Additional universal plug socket for multiplex operation of up to 4 drives and 2 interlocking drives</li></ul>",
    "Optionen": "<ul><li>Programmierung von Sonderfunktionen</li> <li>Programmierbare Rückmeldung Endlage „AUF“ (max. 24 V, 500 mA)</li> <li>Schüco Kontroller zur automatischen Konfiguration von Synchronlauf und Folgesteuerungen mit Verriegelungsantrieben in Antriebs-Verbundsystemen</li> </ul>",
    "Options": "<ul><li>Programming of special functions</li> <li>Programmable response for “OPEN” end position (max. 24 V, 500 mA)</li> <li>Schüco controller for automatic configuration of synchronous running and sequence control with locking drives in composite drive systems</li> </ul>",
    "IsTwoPce": false,
    "ResultVentWeight": 62,
    "IsLsRsDrive": true,
    "ArticleNumberRs": 291707,
    "TwoDrivesSideInstallation50": 0,
    "TwoDrivesSideInstallation60": 0,
    "TwoDrivesSideInstallation70": 0,
    "TwoDrivesSideInstallation80": 0,
    "OpeningSpeedmms": 0,
    "Traction": 400,
    "Thrust": 100,
    "Id": "fcff08f9-981e-47bb-8f19-91cb4dc64404",
    "CreatedOn": "2024-09-26T13:55:26.817Z",
    "CreatedBy": "",
    "ModifiedOn": "2024-09-26T13:55:26.817Z",
    "ModifiedBy": ""
  },
  {
    "Name": "Chain actuator D6 600",
    "Bezeichnung": "Kettenantrieb D6 600",
    "ConfigurationId": "00000000-0000-0000-0000-000000000000",
    "Description": "",
    "Application": "Facade",
    "ApplicationFacade": true,
    "ApplicationSkylight": true,
    "Type": 1,
    "OpeningType": 0,
    "BottomHungInward": true,
    "BottomHungOutward": true,
    "SideHungInward": true,
    "SideHungOutward": true,
    "TopHungInward": false,
    "TopHungOutward": true,
    "ProjectedTopHungInward": false,
    "ProjectedTopHungOutward": true,
    "InstallationType": "",
    "ITMainOutFrmMountWBracket": true,
    "ITMainFixOutFrmMount": false,
    "ITMainVentFrmMount": true,
    "ITSideMount50": false,
    "ITSideMount60": false,
    "ITSideMount70": false,
    "ITSideMount80": false,
    "ITSideMount67": true,
    "Feature": "",
    "FeatureOpenClose": true,
    "FeatureLock": true,
    "ArticleNumber": 291716,
    "Stroke": 600,
    "Angle": 0,
    "Voltage": "24 V DC",
    "Voltage24": true,
    "Voltage230": false,
    "RatedCurrent": 1,
    "BreakingCurrent": 1,
    "PullingForceMax": 600,
    "PushingForceMax": 600,
    "PullingForceMaxWithNegativeWind": 0,
    "PushingForceMaxWithNegativeWind": 0,
    "PushingForcePermanent": 400,
    "PullingForcePermanent": 600,
    "MinPullingForceMax": 0,
    "MinPushingForceMax": 175.14,
    "MinPullingForcePermanent": 0,
    "MinPushingForcePermanent": 68.08,
    "Price": 374.18,
    "DriveLength": 693,
    "ChainDrive": 793,
    "ChainDrive2": 1546,
    "MaxLengthMainClosingEdge1Drive": 1920,
    "MaxGeometricArea": 1,
    "GeometricalSmokeExhaustion": 0,
    "TotalGlassThickness": 0,
    "Dimensions": 0,
    "DimensionsWxHxD": "693 x 40 x 56",
    "TensileForce": 0,
    "LockingForce": 0,
    "Details_DE": "<ul> <li>Bemessungsspannung: 24 V DC (19 V … 28 V)</li> <li>Abschaltstrom: 1,2 A</li> <li>Bemessungsstrom: 0,9 A</li> <li>Bemessungsaufnahme: 22 W</li> <li>Schutzart: IP 32</li> <li>Zug-/Schubkraft: max. 600 N</li> <li>Umgebungstemperatur: -5°C bis + 60°C</li> <li>Anschlussleitung: Halogenfrei, grau 5 x 0,5mm², ~3m</li> <li>Max. Geschwindigkeit: 13,5 mm/s</li> </ul>",
    "Details_EN": "<ul> <li>Rated voltage: 24 V DC (19 V … 28 V)</li><li>Breaking current: 1.2 A</li><li>Rated current: 0.9 A</li><li>Rated consumption: 22W</li><li>Protection rating: IP 32</li><li>Traction/ thrust: max. 600 N</li><li>Ambient temperature: -5° C to +60° C</li><li>Connecting cable: halogen-free, grey 3 x 0,5mm², ~3m</li><li>Max. speed: 13,5 mm/s</li></ul>",
    "Einsatz": "<ul><li>Anwendung: Lüftung, NRA</li> <li>Integrierte intelligente Regelelektronik</li></ul>",
    "Use": "<ul><li>Application: ventilation, natural smoke ventilation</li> <li>Integrated intelligent control electronics</li> </ul>",
    "Ausstattung": "<ul><li>Zusätzlicher Universal-Steckersatz für Mehrfachbetrieb bis zu 4 Antrieben und 2 Verriegelungsantrieben</li></ul>",
    "Equipment": "<ul><li>Additional universal plug socket for multiplex operation  of up to 4 drives and 2 interlocking drives</li></ul>",
    "Optionen": "<ul><li>Programmierung von Sonderfunktionen</li> <li>Programmierbare Rückmeldung Endlage „AUF“ (max. 24 V, 500 mA)</li> <li>Schüco Kontroller zur automatischen Konfiguration von Synchronlauf und Folgesteuerungen mit Verriegelungsantrieben in Antriebs-Verbundsystemen</li> </ul>",
    "Options": "<ul><li>Programming of special functions</li> <li>Programmable response for “OPEN” end position (max. 24 V, 500 mA)</li> <li>Schüco controller for automatic configuration of synchronous running and sequence control with locking drives in composite drive systems</li> </ul>",
    "IsTwoPce": false,
    "ResultVentWeight": 62,
    "IsLsRsDrive": false,
    "ArticleNumberRs": 0,
    "TwoDrivesSideInstallation50": 0,
    "TwoDrivesSideInstallation60": 0,
    "TwoDrivesSideInstallation70": 0,
    "TwoDrivesSideInstallation80": 0,
    "OpeningSpeedmms": 0,
    "Traction": 600,
    "Thrust": 600,
    "Id": "3cae6110-7870-4645-8094-e12449f27b1f",
    "CreatedOn": "2024-09-26T13:55:26.817Z",
    "CreatedBy": "",
    "ModifiedOn": "2024-09-26T13:55:26.817Z",
    "ModifiedBy": ""
  },
  {
    "Name": "Chain actuator TWIN D2 L600",
    "Bezeichnung": "Kettenantrieb TWIN D2 L600",
    "ConfigurationId": "00000000-0000-0000-0000-000000000000",
    "Description": "",
    "Application": "Facade",
    "ApplicationFacade": true,
    "ApplicationSkylight": false,
    "Type": 1,
    "OpeningType": 0,
    "BottomHungInward": true,
    "BottomHungOutward": false,
    "SideHungInward": false,
    "SideHungOutward": false,
    "TopHungInward": false,
    "TopHungOutward": true,
    "ProjectedTopHungInward": false,
    "ProjectedTopHungOutward": false,
    "InstallationType": "",
    "ITMainOutFrmMountWBracket": true,
    "ITMainFixOutFrmMount": true,
    "ITMainVentFrmMount": true,
    "ITSideMount50": false,
    "ITSideMount60": false,
    "ITSideMount70": false,
    "ITSideMount80": false,
    "ITSideMount67": false,
    "Feature": "",
    "FeatureOpenClose": true,
    "FeatureLock": true,
    "ArticleNumber": 291774,
    "Stroke": 600,
    "Angle": 0,
    "Voltage": "24 V DC",
    "Voltage24": true,
    "Voltage230": false,
    "RatedCurrent": 1,
    "BreakingCurrent": 2,
    "PullingForceMax": 500,
    "PushingForceMax": 200,
    "PullingForceMaxWithNegativeWind": 0,
    "PushingForceMaxWithNegativeWind": 0,
    "PushingForcePermanent": 133.33,
    "PullingForcePermanent": 500,
    "MinPullingForceMax": 0,
    "MinPushingForceMax": 175.14,
    "MinPullingForcePermanent": 0,
    "MinPushingForcePermanent": 68.08,
    "Price": 532.67,
    "DriveLength": 1060,
    "ChainDrive": 1160,
    "ChainDrive2": 0,
    "MaxLengthMainClosingEdge1Drive": 1650,
    "MaxGeometricArea": 1,
    "GeometricalSmokeExhaustion": 0,
    "TotalGlassThickness": 0,
    "Dimensions": 0,
    "DimensionsWxHxD": "1060 x 26 x 41",
    "TensileForce": 0,
    "LockingForce": 0,
    "Details_DE": "<ul><li>Bemessungsspannung: 24 V DC (19 V … 28 V)</li> <li>Abschaltstrom: 2,0 A</li> <li>Bemessungsstrom: 1,4 A</li> <li>Bemessungsaufnahme: 34 W</li> <li>Schutzart: IP 32</li> <li>Zug-/Schubkraft: max. 500 N</li> <li>Umgebungstemperatur: -5°C bis + 60°C</li> <li>Anschlussleitung: Halogenfrei, grau 3 x 0,5mm², ~3m</li> <li>Max. Geschwindigkeit: 12 mm/s</li> </ul>",
    "Details_EN": "<ul><li>Rated voltage: 24 V DC (19 V … 28 V)</li><li>Breaking current: 2.0 A</li><li>Rated current: 1.4 A</li><li>Rated consumption: 34 W</li><li>Protection rating: IP 32</li><li>Traction/ thrust: max. 500 N</li><li>Ambient temperature: -5°C bis + 60°C</li><li>Connecting cable: halogen-free, grey 3 x 0,5mm², ~3m</li><li>Max. speed: 12 mm/s</li></ul>",
    "Einsatz": "<ul><li>Anwendung: Lüftung, NRA</li> <li>Integrierte intelligente Regelelektronik</li> <li>Rückmeldung Endlage „ZU“ (max. 24 V, 500 mA)</li> </ul>",
    "Use": "<ul><li>Application: ventilation, natural smoke ventilation</li> <li>Integrated intelligent control electronics</li> <li>Response for \"CLOSED\" end position (max. 24 V, 500 mA)</li> </ul>",
    "Ausstattung": null,
    "Equipment": null,
    "Optionen": "<ul><li>Programmierung von Sonderfunktionen</li> <li>Programmierbare Rückmeldung Endlage „AUF“ (max. 24 V, 500 mA)</li> <li>Schüco Kontroller zur automatischen Konfiguration von Synchronlauf und Folgesteuerungen mit Verriegelungsantrieb in Antriebs-Verbundsystem</li> </ul>",
    "Options": "<ul><li>Programming of special functions</li> <li>Programmable response for \"OPEN\" end position (max. 24 V, 500 mA)</li> <li>Schüco controller for automatic configuration of synchronous running and sequence control with locking drives in composite drive systems</li> </ul>",
    "IsTwoPce": false,
    "ResultVentWeight": 62,
    "IsLsRsDrive": false,
    "ArticleNumberRs": 0,
    "TwoDrivesSideInstallation50": 0,
    "TwoDrivesSideInstallation60": 0,
    "TwoDrivesSideInstallation70": 0,
    "TwoDrivesSideInstallation80": 0,
    "OpeningSpeedmms": 0,
    "Traction": 500,
    "Thrust": 200,
    "Id": "e894c2ec-1e80-4d24-8c80-a383a582ab2a",
    "CreatedOn": "2024-09-26T13:55:26.817Z",
    "CreatedBy": "",
    "ModifiedOn": "2024-09-26T13:55:26.817Z",
    "ModifiedBy": ""
  },
  {
    "Name": "Locking actuator EasyConnect ow",
    "Bezeichnung": "Verriegelungsantrieb EasyConnect ow",
    "ConfigurationId": "00000000-0000-0000-0000-000000000000",
    "Description": "",
    "Application": "",
    "ApplicationFacade": true,
    "ApplicationSkylight": false,
    "Type": 5,
    "OpeningType": 0,
    "BottomHungInward": false,
    "BottomHungOutward": false,
    "SideHungInward": false,
    "SideHungOutward": true,
    "TopHungInward": false,
    "TopHungOutward": true,
    "ProjectedTopHungInward": false,
    "ProjectedTopHungOutward": true,
    "InstallationType": "",
    "ITMainOutFrmMountWBracket": true,
    "ITMainFixOutFrmMount": false,
    "ITMainVentFrmMount": false,
    "ITSideMount50": false,
    "ITSideMount60": false,
    "ITSideMount70": false,
    "ITSideMount80": false,
    "ITSideMount67": false,
    "Feature": "",
    "FeatureOpenClose": true,
    "FeatureLock": false,
    "ArticleNumber": 291589,
    "Stroke": 0,
    "Angle": 0,
    "Voltage": null,
    "Voltage24": true,
    "Voltage230": true,
    "RatedCurrent": 0,
    "BreakingCurrent": 0,
    "PullingForceMax": 0,
    "PushingForceMax": 0,
    "PullingForceMaxWithNegativeWind": 0,
    "PushingForceMaxWithNegativeWind": 0,
    "PushingForcePermanent": 0,
    "PullingForcePermanent": 0,
    "MinPullingForceMax": 0,
    "MinPushingForceMax": 0,
    "MinPullingForcePermanent": 0,
    "MinPushingForcePermanent": 0,
    "Price": 0,
    "DriveLength": 0,
    "ChainDrive": 0,
    "ChainDrive2": 0,
    "MaxLengthMainClosingEdge1Drive": 0,
    "MaxGeometricArea": 0,
    "GeometricalSmokeExhaustion": 0,
    "TotalGlassThickness": 0,
    "Dimensions": 0,
    "DimensionsWxHxD": "375 x 24 x 35",
    "TensileForce": 0,
    "LockingForce": 0,
    "Details_DE": "<ul> <li>Bemessungsspannung: 24 V DC (19 V … 28 V)</li> <li>Abschaltstrom: ~1,0 A</li> <li>Bemessungsstrom: 0,6 A</li> <li>Bemessungsaufnahme: 15 W</li> <li>Schutzart: IP 32</li><li>Zug-/Schubkraft: max. 600 N</li> <li>Umgebungstemperatur: -5°C bis + 60°C</li> <li>Anschlussleitung: Halogenfrei, grau 5 x 0,5mm² , ~5m</li> <li>Laufzeit: ~ 5s</li><li>Hub: ~ 18mm</li> </ul>",
    "Details_EN": "<ul> <li>Rated voltage : 24 V DC (19 V … 28 V</li> <li>Breaking current : ~1,0 A</li> <li>Rated current : 0,6 A</li> <li>Rated consumption : 15 W</li> <li>Protection rating : IP 32</li><li>Traction/ thrust : max. 600 N</li> <li>Ambient temperature: -5°C bis + 60°C</li> <li>Connecting cable: halogen-free, grey 5 x 0,5mm² , ~5m</li> <li>Running time: ~ 5s</li><li>Stroke: ~ 18mm</li> </ul>",
    "Einsatz": "<ul> <li>Anwendung: Lüftung, NRA</li><li>Integrierte intelligente Regelelektronik</li></ul>",
    "Use": "<ul> <li>Application: ventilation, natural smoke ventilation</li> <li>Integrated intelligent control electronics</li></ul>",
    "Ausstattung": "<ul><li>Laufrichtung einstellbar</li><li>Zusätzlicher Universal-Steckersatz</li></ul>",
    "Equipment": "<ul><li>Running direction adjustable</li><li>Additional universal plug socket</li></ul>",
    "Optionen": "<ul> <li>Mitnehmer objekt-/profilspezifisch anpassbar</li></ul>",
    "Options": "<ul> <li>Coupling adapter customizable for project-/profile-specific demands</li></ul>",
    "IsTwoPce": false,
    "ResultVentWeight": 0,
    "IsLsRsDrive": false,
    "ArticleNumberRs": 0,
    "TwoDrivesSideInstallation50": 0,
    "TwoDrivesSideInstallation60": 0,
    "TwoDrivesSideInstallation70": 0,
    "TwoDrivesSideInstallation80": 0,
    "OpeningSpeedmms": 0,
    "Traction": 0,
    "Thrust": 0,
    "Id": "ebe9753c-e5d7-4140-afe0-9f98bf25df99",
    "CreatedOn": "2024-09-26T13:55:26.817Z",
    "CreatedBy": "",
    "ModifiedOn": "2024-09-26T13:55:26.817Z",
    "ModifiedBy": ""
  }
]

13:55:08.065 [main] INFO  com.intuit.karate - Expected RecommDrive: Chain actuator D4 600,Chain actuator D6 600,Chain actuator TWIN D2 L600,Locking actuator EasyConnect ow 
13:55:08.067 [main] INFO  com.intuit.karate - Actual RecommDrive: Chain actuator D4 600, Chain actuator D6 600, Chain actuator TWIN D2 L600, Locking actuator EasyConnect ow 
13:55:08.067 [main] INFO  com.intuit.karate - Normalized Actual RecommDrive: Chain actuator D4 600,Chain actuator D6 600,Chain actuator TWIN D2 L600,Locking actuator EasyConnect ow 
13:55:08.067 [main] INFO  com.intuit.karate - Normalized Expected RecommDrive: Chain actuator D4 600,Chain actuator D6 600,Chain actuator TWIN D2 L600,Locking actuator EasyConnect ow 
13:55:08.068 [main] INFO  com.intuit.karate - All Drive IDs: [
  "fcff08f9-981e-47bb-8f19-91cb4dc64404",
  "3cae6110-7870-4645-8094-e12449f27b1f",
  "e894c2ec-1e80-4d24-8c80-a383a582ab2a",
  "ebe9753c-e5d7-4140-afe0-9f98bf25df99"
]
 
13:55:08.068 [main] INFO  com.intuit.karate - First Drive ID: fcff08f9-981e-47bb-8f19-91cb4dc64404 
13:55:08.069 [main] DEBUG com.intuit.karate - request:
3 > POST https://dev-drivetec-apis.schuecodigitalsolutions.com/api/Drives/DownloadPDFNew/Schuco
3 > Content-Type: application/json; charset=UTF-8
3 > Content-Length: 1194
3 > Host: dev-drivetec-apis.schuecodigitalsolutions.com
3 > Connection: Keep-Alive
3 > User-Agent: Apache-HttpClient/4.5.14 (Java/17.0.12)
3 > Accept-Encoding: gzip,deflate
[{"Id":"configId","Header":"configId","Value":"4d8e8079-33ed-48df-b2fd-242bb15920b9"},{"Id":"driveId","Header":"driveId","Value":"fcff08f9-981e-47bb-8f19-91cb4dc64404"},{"Id":"culture","Header":"culture","Value":"EN-US"},{"Id":"projectId","Header":"projectId","Value":"2afcf090-6588-4022-aa5e-49fca51f940e"},{"Id":"range-of-app","Header":"Range of application","Value":"Façade"},{"Id":"opening-type","Header":"Opening type","Value":"Bottom-hung vent"},{"Id":"opening-direction","Header":"Opening direction","Value":"Inward"},{"Id":"how-calc-weight","Header":"Vent weight","Value":"Weight including glass"},{"Id":"Chain-Length","Header":"Chain- \/ connecting rod handle","Value":"100%"},{"Id":"drive-position","Header":"Drive position","Value":"Side installation"},{"Id":"locking-mechanism","Header":"Locking mechanism","Value":"With"},{"Id":"voltage","Header":"Voltage","Value":"24 V"},{"Id":"drive-type","Header":"Drive type","Value":"Chain drive"},{"Id":"type-installation","Header":"Type of installation","Value":"Pivoting Outer Frame Installation"},{"Id":"calculation-type-for-ventilation-area","Header":"Calculation type for ventilation area","Value":"Method in accordance with ASR 3.6"}]

13:55:09.569 [main] DEBUG com.intuit.karate - response time in milliseconds: 1498
3 < 200
3 < Content-Type: application/json; charset=utf-8
3 < Date: Thu, 05 Dec 2024 08:25:07 GMT
3 < Server: Microsoft-IIS/10.0
3 < X-Powered-By: ASP.NET
3 < Content-Length: 276
3 < Connection: keep-alive
{
  "result": "https://drive-tec-dev.s3.amazonaws.com/AUT_TPJ33518-Chain_actuator_D4_600.pdf?AWSAccessKeyId=AKIAZAWIART4ZFAXXPHK&Expires=1733390707&response-content-disposition=attachment%3B&response-content-type=application%2Fpdf&Signature=fKqu7R2FygG4uzj6RweXACrVHRQ%3D"
}

13:55:09.570 [main] INFO  com.intuit.karate - Download URL for first driveId: https://drive-tec-dev.s3.amazonaws.com/AUT_TPJ33518-Chain_actuator_D4_600.pdf?AWSAccessKeyId=AKIAZAWIART4ZFAXXPHK&Expires=1733390707&response-content-disposition=attachment%3B&response-content-type=application%2Fpdf&Signature=fKqu7R2FygG4uzj6RweXACrVHRQ%3D 
13:55:09.574 [main] INFO  com.intuit.karate - karate.env system property was: null 
13:55:09.575 [main] INFO  com.intuit.karate - Running test for dataset:  Dataset48 
13:55:09.583 [main] INFO  com.intuit.karate - Using ProjectId:  {
  "result": {
    "projectId": "prjId"
  },
  "projectPayload": {
    "Id": "579816e4-6653-4794-b435-a885f32e28d7",
    "Name": "AUT_TPJ33518",
    "Address": "Hyderabad, Telangana, India",
    "Description": "",
    "CreatedBy": "579816e4-6653-4794-b435-a885f32e28d7",
    "ModifiedBy": "579816e4-6653-4794-b435-a885f32e28d7"
  },
  "uniqueName": "AUT_TPJ33518",
  "responseHeaders": {
    "Content-Type": [
      "application/json; charset=utf-8"
    ],
    "Date": [
      "Thu, 05 Dec 2024 08:22:12 GMT"
    ],
    "Server": [
      "Microsoft-IIS/10.0"
    ],
    "X-Powered-By": [
      "ASP.NET"
    ],
    "transfer-encoding": [
      "chunked"
    ],
    "Connection": [
      "keep-alive"
    ],
    "Set-Cookie": [
    ]
  },
  "responseTime": 841,
  "response": {
    "Name": "AUT_TPJ33518",
    "Description": "",
    "Address": "Hyderabad, Telangana, India",
    "Id": "2afcf090-6588-4022-aa5e-49fca51f940e",
    "CreatedOn": "2024-12-05T08:22:11.998251+00:00",
    "CreatedBy": "579816e4-6653-4794-b435-a885f32e28d7",
    "ModifiedOn": "2024-12-05T08:22:11.9982526+00:00",
    "ModifiedBy": ""
  },
  "responseStatus": 200,
  "prjId": "2afcf090-6588-4022-aa5e-49fca51f940e",
  "projectId": "2afcf090-6588-4022-aa5e-49fca51f940e"
}
 
13:55:09.586 [main] DEBUG com.intuit.karate - request:
1 > POST https://dev-drivetec-apis.schuecodigitalsolutions.com/Configurations
1 > Content-Type: application/json; charset=UTF-8
1 > Content-Length: 1275
1 > Host: dev-drivetec-apis.schuecodigitalsolutions.com
1 > Connection: Keep-Alive
1 > User-Agent: Apache-HttpClient/4.5.14 (Java/17.0.12)
1 > Accept-Encoding: gzip,deflate
{"Id":"00000000-0000-0000-0000-000000000000","ProjectId":"2afcf090-6588-4022-aa5e-49fca51f940e","Name":"Dataset9584","Description":"Dataset9584","CustomTags":"","CreatedBy":"579816e4-6653-4794-b435-a885f32e28d7","ModifiedBy":"579816e4-6653-4794-b435-a885f32e28d7","ApplicationName":1,"System":"","FacadeInclination":0,"OpeningType":1,"OpeningDirection":1,"OpeningWidth":1000,"VentOuterWidth":1230,"VentOuterHeight":1480,"VentWeight":70,"CalculateWeightWithGlass":false,"WeightIncGlassOrThickness":false,"GlassThickness":14,"ProfileWeightPerSerialMeter":2.5,"IsWindowOpeningCalculationByAngle":1,"RequiredOpeningStroke":400,"OpeningAngle":15,"WindLoad":120,"SnowLoad":0,"DrivePosition":2,"InstallationPosition":1,"ChainLengthConnectingRodHandle":5,"LockingMechanism":1,"Voltage":1,"DriveType":1,"TypeOfInstallation":2,"CalculationTypeForVentilation":1,"CalcVentilation":1,"GeometricArea":1,"SpecificExhaustDimension":30,"BuildingDepth":75,"RevealDepth":0,"RevealDepthRectangleAngle1":0,"RevealDepthRectangleAngle2":0,"HeightOfProfile":0,"HeightProfileRectangleAngle1":0,"HeightProfileRectangleAngle2":0,"AkippOrAtilt":0,"AdrehOrAturn":0,"Ageo":0,"MinPullingForceMax":0,"MinPushingForceMax":0,"MinPullingForcePermanent":0,"MinPushingForcePermanent":0,"ForceWithNegativeWind":0}

13:55:10.237 [main] DEBUG com.intuit.karate - response time in milliseconds: 650
1 < 200
1 < Content-Type: application/json; charset=utf-8
1 < Date: Thu, 05 Dec 2024 08:25:07 GMT
1 < Server: Microsoft-IIS/10.0
1 < X-Powered-By: ASP.NET
1 < Content-Length: 2032
1 < Connection: keep-alive
{
  "ProjectId": "2afcf090-6588-4022-aa5e-49fca51f940e",
  "Name": "Dataset9584",
  "Description": "Dataset9584",
  "CustomTags": "",
  "ApplicationName": 1,
  "OpeningType": 1,
  "OpeningDirection": 1,
  "CalculateWeightWithGlass": false,
  "WindLoad": 120,
  "IsWindowOpeningCalculationByAngle": 1,
  "VentOuterWidth": 1230,
  "VentOuterHeight": 1480,
  "WeightIncGlassOrThickness": false,
  "VentWeight": 77,
  "VentWeightExact": 77.26400000000001,
  "GlassThickness": 14,
  "ProfileWeightPerSerialMeter": 2.5,
  "FacadeInclination": 0,
  "ChainLengthConnectingRodHandle": 5,
  "ChainLenghtConnectingRodHandle": 0,
  "RequiredOpeningStroke": 400,
  "OpeningWidth": 1000,
  "OpeningAngle": 15.532868337024489,
  "SpecificExhaustDimension": 30,
  "BuildingDepth": 75,
  "SnowLoad": 0,
  "DistanceHinge": 0,
  "RatedCurrent": 0,
  "DrivePosition": 2,
  "LockingMechanism": 1,
  "Voltage": 1,
  "DriveType": 1,
  "TypeOfInstallation": 2,
  "GeometricArea": 0,
  "CalculationTypeForVentilation": 1,
  "HeightOfProfile": 0,
  "Reveal": 0,
  "RevealDepth": 0,
  "HeightProfileRectangleAngle1": 0,
  "HeightProfileRectangleAngle2": 0,
  "RevealDepthRectangleAngle1": 0,
  "RevealDepthRectangleAngle2": 0,
  "RevealDepthRectangleAngle12": 0,
  "InstallationPosition": 0,
  "RecommendedDriveArticleNo": 0,
  "System": "",
  "AkippOrAtilt": 1.084,
  "AdrehOrAturn": 1.8204,
  "Ageo": 1.084,
  "MinPullingForceMax": -206.4868442161654,
  "MinPushingForceMax": -206.4868442161654,
  "MinPullingForcePermanent": -104.11163259218097,
  "MinPushingForcePermanent": -104.11163259218097,
  "ForceWithNegativeWind": 109.53156767199486,
  "ForceWithNoWindMin": 0.30763693489047433,
  "ForceWithNegativeWindMin": 0,
  "ForceWithWindMin": -108.91629380221393,
  "Id": "ce135fe6-3bee-4942-9d7a-b1f1dc83aa7d",
  "CreatedOn": "2024-12-05T08:25:07.7523658+00:00",
  "CreatedBy": "579816e4-6653-4794-b435-a885f32e28d7",
  "ModifiedOn": "2024-12-05T08:25:07.7523667+00:00",
  "ModifiedBy": ""
}

13:55:10.239 [main] INFO  com.intuit.karate - Generated Config ID: ce135fe6-3bee-4942-9d7a-b1f1dc83aa7d 
13:55:10.239 [main] INFO  com.intuit.karate - Generated Name: Dataset9584 
13:55:10.240 [main] INFO  com.intuit.karate - Generated Description: Dataset9584 
13:55:10.243 [main] DEBUG com.intuit.karate - request:
1 > PUT https://dev-drivetec-apis.schuecodigitalsolutions.com/Configurations
1 > Content-Type: application/json; charset=UTF-8
1 > Content-Length: 1283
1 > Host: dev-drivetec-apis.schuecodigitalsolutions.com
1 > Connection: Keep-Alive
1 > User-Agent: Apache-HttpClient/4.5.14 (Java/17.0.12)
1 > Accept-Encoding: gzip,deflate
{"Id":"ce135fe6-3bee-4942-9d7a-b1f1dc83aa7d","Name":"Dataset48","Description":"Dataset9584","ProjectId":"2afcf090-6588-4022-aa5e-49fca51f940e","CustomTags":"","CreatedBy":"579816e4-6653-4794-b435-a885f32e28d7","ModifiedBy":"579816e4-6653-4794-b435-a885f32e28d7","System":"","FacadeInclination":5,"OpeningType":2,"OpeningDirection":2,"OpeningWidth":1000,"VentOuterWidth":1230,"VentOuterHeight":1480,"VentWeight":130,"CalculateWeightWithGlass":false,"RequiredOpeningStroke":450,"WindLoad":122,"SnowLoad":0,"IsWindowOpeningCalculationByAngle":1,"GlassThickness":0,"ProfileWeightPerSerialMeter":0,"DrivePosition":1,"InstallationPosition":0,"LockingMechanism":1,"Voltage":1,"DriveType":1,"TypeOfInstallation":2,"GeometricArea":0,"CalcVentilation":1,"SpecificExhaustDimension":45,"BuildingDepth":90,"CalculationTypeForVentilation":1,"HeightOfProfile":150,"HeightProfileRectangleAngle1":150,"HeightProfileRectangleAngle2":150,"RevealDepth":150,"RevealDepthRectangleAngle1":150,"RevealDepthRectangleAngle2":150,"ChainLengthConnectingRodHandle":5,"ApplicationName":1,"OpeningAngle":74,"WeightIncGlassOrThickness":false,"AkippOrAtilt":0,"AdrehOrAturn":0,"Ageo":0,"MinPullingForceMax":0,"MinPushingForceMax":0,"MinPullingForcePermanent":0,"MinPushingForcePermanent":0,"ForceWithNegativeWind":0}

13:55:10.905 [main] DEBUG com.intuit.karate - response time in milliseconds: 660
1 < 200
1 < Content-Type: application/json; charset=utf-8
1 < Date: Thu, 05 Dec 2024 08:25:08 GMT
1 < Server: Microsoft-IIS/10.0
1 < X-Powered-By: ASP.NET
1 < Content-Length: 2060
1 < Connection: keep-alive
{
  "ProjectId": "2afcf090-6588-4022-aa5e-49fca51f940e",
  "Name": "Dataset48",
  "Description": "Dataset9584",
  "CustomTags": "",
  "ApplicationName": 1,
  "OpeningType": 2,
  "OpeningDirection": 2,
  "CalculateWeightWithGlass": false,
  "WindLoad": 122,
  "IsWindowOpeningCalculationByAngle": 1,
  "VentOuterWidth": 1230,
  "VentOuterHeight": 1480,
  "WeightIncGlassOrThickness": false,
  "VentWeight": 130,
  "VentWeightExact": 130,
  "GlassThickness": 0,
  "ProfileWeightPerSerialMeter": 0,
  "FacadeInclination": 5,
  "ChainLengthConnectingRodHandle": 5,
  "ChainLenghtConnectingRodHandle": 0,
  "RequiredOpeningStroke": 450,
  "OpeningWidth": 1000,
  "OpeningAngle": 17.488828112226656,
  "SpecificExhaustDimension": 45,
  "BuildingDepth": 90,
  "SnowLoad": 0,
  "DistanceHinge": 0,
  "RatedCurrent": 0,
  "DrivePosition": 1,
  "LockingMechanism": 1,
  "Voltage": 1,
  "DriveType": 1,
  "TypeOfInstallation": 2,
  "GeometricArea": 0,
  "CalculationTypeForVentilation": 1,
  "HeightOfProfile": 150,
  "Reveal": 0,
  "RevealDepth": 150,
  "HeightProfileRectangleAngle1": 150,
  "HeightProfileRectangleAngle2": 150,
  "RevealDepthRectangleAngle1": 150,
  "RevealDepthRectangleAngle2": 150,
  "RevealDepthRectangleAngle12": 0,
  "InstallationPosition": 0,
  "RecommendedDriveArticleNo": 0,
  "System": "",
  "AkippOrAtilt": 1.2195,
  "AdrehOrAturn": 1.8204,
  "Ageo": 1.2195,
  "MinPullingForceMax": 54.110100846750974,
  "MinPushingForceMax": 249.81118512758403,
  "MinPullingForcePermanent": 142.7547334280466,
  "MinPushingForcePermanent": 142.7547334280466,
  "ForceWithNegativeWind": -166.3239473911073,
  "ForceWithNoWindMin": -56.10692327217817,
  "ForceWithNegativeWindMin": 35.69828172850916,
  "ForceWithWindMin": 54.110100846750974,
  "Id": "ce135fe6-3bee-4942-9d7a-b1f1dc83aa7d",
  "CreatedOn": "0001-01-01T00:00:00",
  "CreatedBy": "579816e4-6653-4794-b435-a885f32e28d7",
  "ModifiedOn": "2024-12-05T08:25:08.4227202+00:00",
  "ModifiedBy": "579816e4-6653-4794-b435-a885f32e28d7"
}

13:55:10.906 [main] INFO  com.intuit.karate - VentWeight from API Response: 130 
13:55:10.907 [main] INFO  com.intuit.karate - Rounded Opening Angle: 17.0 
13:55:10.907 [main] INFO  com.intuit.karate - Rounded Ageo: 1.22 
13:55:10.907 [main] INFO  com.intuit.karate - Rounded Required Opening Stroke: 450.0 
13:55:10.907 [main] INFO  com.intuit.karate - Rounded Vent Weight: 130.0 
13:55:10.910 [main] DEBUG com.intuit.karate - request:
2 > GET https://dev-drivetec-apis.schuecodigitalsolutions.com/Config/ce135fe6-3bee-4942-9d7a-b1f1dc83aa7d/Drive
2 > Host: dev-drivetec-apis.schuecodigitalsolutions.com
2 > Connection: Keep-Alive
2 > User-Agent: Apache-HttpClient/4.5.14 (Java/17.0.12)
2 > Accept-Encoding: gzip,deflate


13:55:11.749 [main] DEBUG com.intuit.karate - response time in milliseconds: 838
2 < 200
2 < Content-Type: application/json; charset=utf-8
2 < Date: Thu, 05 Dec 2024 08:25:08 GMT
2 < Server: Microsoft-IIS/10.0
2 < X-Powered-By: ASP.NET
2 < Content-Length: 16653
2 < Connection: keep-alive
[
  {
    "Name": "Chain actuator D4 600",
    "Bezeichnung": "Kettenantrieb D4 600",
    "ConfigurationId": "00000000-0000-0000-0000-000000000000",
    "Description": "",
    "Application": "Facade",
    "ApplicationFacade": true,
    "ApplicationSkylight": false,
    "Type": 1,
    "OpeningType": 0,
    "BottomHungInward": true,
    "BottomHungOutward": false,
    "SideHungInward": true,
    "SideHungOutward": false,
    "TopHungInward": false,
    "TopHungOutward": true,
    "ProjectedTopHungInward": false,
    "ProjectedTopHungOutward": false,
    "InstallationType": "",
    "ITMainOutFrmMountWBracket": true,
    "ITMainFixOutFrmMount": true,
    "ITMainVentFrmMount": true,
    "ITSideMount50": false,
    "ITSideMount60": false,
    "ITSideMount70": false,
    "ITSideMount80": false,
    "ITSideMount67": true,
    "Feature": "",
    "FeatureOpenClose": true,
    "FeatureLock": true,
    "ArticleNumber": 291708,
    "Stroke": 600,
    "Angle": 0,
    "Voltage": "24 V DC",
    "Voltage24": true,
    "Voltage230": false,
    "RatedCurrent": 1,
    "BreakingCurrent": 1,
    "PullingForceMax": 400,
    "PushingForceMax": 100,
    "PullingForceMaxWithNegativeWind": 0,
    "PushingForceMaxWithNegativeWind": 0,
    "PushingForcePermanent": 66.67,
    "PullingForcePermanent": 400,
    "MinPullingForceMax": 0,
    "MinPushingForceMax": 249.81,
    "MinPullingForcePermanent": 0,
    "MinPushingForcePermanent": 142.75,
    "Price": 282.19,
    "DriveLength": 665,
    "ChainDrive": 765,
    "ChainDrive2": 1490,
    "MaxLengthMainClosingEdge1Drive": 1850,
    "MaxGeometricArea": 1,
    "GeometricalSmokeExhaustion": 0,
    "TotalGlassThickness": 0,
    "Dimensions": 0,
    "DimensionsWxHxD": "665 x 24 x 35",
    "TensileForce": 0,
    "LockingForce": 0,
    "Details_DE": "<ul><li>Bemessungsspannung: 24 V DC (19 V … 28 V)</li> <li>Abschaltstrom: 1,2 A</li> <li>Bemessungsstrom: 0,9 A</li> <li>Bemessungsaufnahme: 22 W</li> <li>Schutzart: IP 32</li> <li>Zug-/Schubkraft: max. 400 N</li> <li>Umgebungstemperatur: -5°C bis + 60°C</li> <li>Anschlussleitung: Halogenfrei, grau 5 x 0,5mm², ~3m</li> <li>Max. Geschwindigkeit: 13,5 mm/s</li></ul>",
    "Details_EN": "<ul><li>Rated voltage: 24 V DC (19 V … 28 V)</li> <li>Breaking current: 1.2 A</li><li>Rated current: 0.9 A</li><li>Rated consumption: 22 W</li><li>Protection rating: IP 32</li><li>Traction/ thrust: max. 400 N</li><li>Ambient temperature: -5° C to +60° C</li><li>Connecting cable: halogen-free, grey, 5 x 0.5 mm², ~ 3 m</li><li>Max. speed: 13,5 mm/s </li></ul>",
    "Einsatz": "<ul><li>Anwendung: Lüftung, NRA</li> <li>Integrierte intelligente Regelelektronik</li> <li>Rückmeldung Endlage „ZU“ (max. 24 V, 500 mA)</li> </ul>",
    "Use": "<ul><li>Application: ventilation, natural smoke ventilation</li> <li>Integrated intelligent control electronics</li> <li>Response for “CLOSED” end position (max. 24 V, 500 mA)</li> </ul>",
    "Ausstattung": "<ul><li>Zusätzlicher Universal-Steckersatz für Mehrfachbetrieb bis zu 4 Antrieben und 2 Verriegelungsantrieben</li></ul>",
    "Equipment": "<ul><li>Additional universal plug socket for multiplex operation of up to 4 drives and 2 interlocking drives</li></ul>",
    "Optionen": "<ul><li>Programmierung von Sonderfunktionen</li> <li>Programmierbare Rückmeldung Endlage „AUF“ (max. 24 V, 500 mA)</li> <li>Schüco Kontroller zur automatischen Konfiguration von Synchronlauf und Folgesteuerungen mit Verriegelungsantrieben in Antriebs-Verbundsystemen</li> </ul>",
    "Options": "<ul><li>Programming of special functions</li> <li>Programmable response for “OPEN” end position (max. 24 V, 500 mA)</li> <li>Schüco controller for automatic configuration of synchronous running and sequence control with locking drives in composite drive systems</li> </ul>",
    "IsTwoPce": false,
    "ResultVentWeight": 130,
    "IsLsRsDrive": true,
    "ArticleNumberRs": 291707,
    "TwoDrivesSideInstallation50": 0,
    "TwoDrivesSideInstallation60": 0,
    "TwoDrivesSideInstallation70": 0,
    "TwoDrivesSideInstallation80": 0,
    "OpeningSpeedmms": 0,
    "Traction": 400,
    "Thrust": 100,
    "Id": "fcff08f9-981e-47bb-8f19-91cb4dc64404",
    "CreatedOn": "2024-09-26T13:55:26.817Z",
    "CreatedBy": "",
    "ModifiedOn": "2024-09-26T13:55:26.817Z",
    "ModifiedBy": ""
  },
  {
    "Name": "Chain actuator D6 600",
    "Bezeichnung": "Kettenantrieb D6 600",
    "ConfigurationId": "00000000-0000-0000-0000-000000000000",
    "Description": "",
    "Application": "Facade",
    "ApplicationFacade": true,
    "ApplicationSkylight": true,
    "Type": 1,
    "OpeningType": 0,
    "BottomHungInward": true,
    "BottomHungOutward": true,
    "SideHungInward": true,
    "SideHungOutward": true,
    "TopHungInward": false,
    "TopHungOutward": true,
    "ProjectedTopHungInward": false,
    "ProjectedTopHungOutward": true,
    "InstallationType": "",
    "ITMainOutFrmMountWBracket": true,
    "ITMainFixOutFrmMount": false,
    "ITMainVentFrmMount": true,
    "ITSideMount50": false,
    "ITSideMount60": false,
    "ITSideMount70": false,
    "ITSideMount80": false,
    "ITSideMount67": true,
    "Feature": "",
    "FeatureOpenClose": true,
    "FeatureLock": true,
    "ArticleNumber": 291716,
    "Stroke": 600,
    "Angle": 0,
    "Voltage": "24 V DC",
    "Voltage24": true,
    "Voltage230": false,
    "RatedCurrent": 1,
    "BreakingCurrent": 1,
    "PullingForceMax": 600,
    "PushingForceMax": 600,
    "PullingForceMaxWithNegativeWind": 0,
    "PushingForceMaxWithNegativeWind": 0,
    "PushingForcePermanent": 400,
    "PullingForcePermanent": 600,
    "MinPullingForceMax": 0,
    "MinPushingForceMax": 249.81,
    "MinPullingForcePermanent": 0,
    "MinPushingForcePermanent": 142.75,
    "Price": 374.18,
    "DriveLength": 693,
    "ChainDrive": 793,
    "ChainDrive2": 1546,
    "MaxLengthMainClosingEdge1Drive": 1920,
    "MaxGeometricArea": 1,
    "GeometricalSmokeExhaustion": 0,
    "TotalGlassThickness": 0,
    "Dimensions": 0,
    "DimensionsWxHxD": "693 x 40 x 56",
    "TensileForce": 0,
    "LockingForce": 0,
    "Details_DE": "<ul> <li>Bemessungsspannung: 24 V DC (19 V … 28 V)</li> <li>Abschaltstrom: 1,2 A</li> <li>Bemessungsstrom: 0,9 A</li> <li>Bemessungsaufnahme: 22 W</li> <li>Schutzart: IP 32</li> <li>Zug-/Schubkraft: max. 600 N</li> <li>Umgebungstemperatur: -5°C bis + 60°C</li> <li>Anschlussleitung: Halogenfrei, grau 5 x 0,5mm², ~3m</li> <li>Max. Geschwindigkeit: 13,5 mm/s</li> </ul>",
    "Details_EN": "<ul> <li>Rated voltage: 24 V DC (19 V … 28 V)</li><li>Breaking current: 1.2 A</li><li>Rated current: 0.9 A</li><li>Rated consumption: 22W</li><li>Protection rating: IP 32</li><li>Traction/ thrust: max. 600 N</li><li>Ambient temperature: -5° C to +60° C</li><li>Connecting cable: halogen-free, grey 3 x 0,5mm², ~3m</li><li>Max. speed: 13,5 mm/s</li></ul>",
    "Einsatz": "<ul><li>Anwendung: Lüftung, NRA</li> <li>Integrierte intelligente Regelelektronik</li></ul>",
    "Use": "<ul><li>Application: ventilation, natural smoke ventilation</li> <li>Integrated intelligent control electronics</li> </ul>",
    "Ausstattung": "<ul><li>Zusätzlicher Universal-Steckersatz für Mehrfachbetrieb bis zu 4 Antrieben und 2 Verriegelungsantrieben</li></ul>",
    "Equipment": "<ul><li>Additional universal plug socket for multiplex operation  of up to 4 drives and 2 interlocking drives</li></ul>",
    "Optionen": "<ul><li>Programmierung von Sonderfunktionen</li> <li>Programmierbare Rückmeldung Endlage „AUF“ (max. 24 V, 500 mA)</li> <li>Schüco Kontroller zur automatischen Konfiguration von Synchronlauf und Folgesteuerungen mit Verriegelungsantrieben in Antriebs-Verbundsystemen</li> </ul>",
    "Options": "<ul><li>Programming of special functions</li> <li>Programmable response for “OPEN” end position (max. 24 V, 500 mA)</li> <li>Schüco controller for automatic configuration of synchronous running and sequence control with locking drives in composite drive systems</li> </ul>",
    "IsTwoPce": false,
    "ResultVentWeight": 130,
    "IsLsRsDrive": false,
    "ArticleNumberRs": 0,
    "TwoDrivesSideInstallation50": 0,
    "TwoDrivesSideInstallation60": 0,
    "TwoDrivesSideInstallation70": 0,
    "TwoDrivesSideInstallation80": 0,
    "OpeningSpeedmms": 0,
    "Traction": 600,
    "Thrust": 600,
    "Id": "3cae6110-7870-4645-8094-e12449f27b1f",
    "CreatedOn": "2024-09-26T13:55:26.817Z",
    "CreatedBy": "",
    "ModifiedOn": "2024-09-26T13:55:26.817Z",
    "ModifiedBy": ""
  },
  {
    "Name": "Chain actuator TWIN D2 L600",
    "Bezeichnung": "Kettenantrieb TWIN D2 L600",
    "ConfigurationId": "00000000-0000-0000-0000-000000000000",
    "Description": "",
    "Application": "Facade",
    "ApplicationFacade": true,
    "ApplicationSkylight": false,
    "Type": 1,
    "OpeningType": 0,
    "BottomHungInward": true,
    "BottomHungOutward": false,
    "SideHungInward": false,
    "SideHungOutward": false,
    "TopHungInward": false,
    "TopHungOutward": true,
    "ProjectedTopHungInward": false,
    "ProjectedTopHungOutward": false,
    "InstallationType": "",
    "ITMainOutFrmMountWBracket": true,
    "ITMainFixOutFrmMount": true,
    "ITMainVentFrmMount": true,
    "ITSideMount50": false,
    "ITSideMount60": false,
    "ITSideMount70": false,
    "ITSideMount80": false,
    "ITSideMount67": false,
    "Feature": "",
    "FeatureOpenClose": true,
    "FeatureLock": true,
    "ArticleNumber": 291774,
    "Stroke": 600,
    "Angle": 0,
    "Voltage": "24 V DC",
    "Voltage24": true,
    "Voltage230": false,
    "RatedCurrent": 1,
    "BreakingCurrent": 2,
    "PullingForceMax": 500,
    "PushingForceMax": 200,
    "PullingForceMaxWithNegativeWind": 0,
    "PushingForceMaxWithNegativeWind": 0,
    "PushingForcePermanent": 133.33,
    "PullingForcePermanent": 500,
    "MinPullingForceMax": 0,
    "MinPushingForceMax": 249.81,
    "MinPullingForcePermanent": 0,
    "MinPushingForcePermanent": 142.75,
    "Price": 532.67,
    "DriveLength": 1060,
    "ChainDrive": 1160,
    "ChainDrive2": 0,
    "MaxLengthMainClosingEdge1Drive": 1650,
    "MaxGeometricArea": 1,
    "GeometricalSmokeExhaustion": 0,
    "TotalGlassThickness": 0,
    "Dimensions": 0,
    "DimensionsWxHxD": "1060 x 26 x 41",
    "TensileForce": 0,
    "LockingForce": 0,
    "Details_DE": "<ul><li>Bemessungsspannung: 24 V DC (19 V … 28 V)</li> <li>Abschaltstrom: 2,0 A</li> <li>Bemessungsstrom: 1,4 A</li> <li>Bemessungsaufnahme: 34 W</li> <li>Schutzart: IP 32</li> <li>Zug-/Schubkraft: max. 500 N</li> <li>Umgebungstemperatur: -5°C bis + 60°C</li> <li>Anschlussleitung: Halogenfrei, grau 3 x 0,5mm², ~3m</li> <li>Max. Geschwindigkeit: 12 mm/s</li> </ul>",
    "Details_EN": "<ul><li>Rated voltage: 24 V DC (19 V … 28 V)</li><li>Breaking current: 2.0 A</li><li>Rated current: 1.4 A</li><li>Rated consumption: 34 W</li><li>Protection rating: IP 32</li><li>Traction/ thrust: max. 500 N</li><li>Ambient temperature: -5°C bis + 60°C</li><li>Connecting cable: halogen-free, grey 3 x 0,5mm², ~3m</li><li>Max. speed: 12 mm/s</li></ul>",
    "Einsatz": "<ul><li>Anwendung: Lüftung, NRA</li> <li>Integrierte intelligente Regelelektronik</li> <li>Rückmeldung Endlage „ZU“ (max. 24 V, 500 mA)</li> </ul>",
    "Use": "<ul><li>Application: ventilation, natural smoke ventilation</li> <li>Integrated intelligent control electronics</li> <li>Response for \"CLOSED\" end position (max. 24 V, 500 mA)</li> </ul>",
    "Ausstattung": null,
    "Equipment": null,
    "Optionen": "<ul><li>Programmierung von Sonderfunktionen</li> <li>Programmierbare Rückmeldung Endlage „AUF“ (max. 24 V, 500 mA)</li> <li>Schüco Kontroller zur automatischen Konfiguration von Synchronlauf und Folgesteuerungen mit Verriegelungsantrieb in Antriebs-Verbundsystem</li> </ul>",
    "Options": "<ul><li>Programming of special functions</li> <li>Programmable response for \"OPEN\" end position (max. 24 V, 500 mA)</li> <li>Schüco controller for automatic configuration of synchronous running and sequence control with locking drives in composite drive systems</li> </ul>",
    "IsTwoPce": false,
    "ResultVentWeight": 130,
    "IsLsRsDrive": false,
    "ArticleNumberRs": 0,
    "TwoDrivesSideInstallation50": 0,
    "TwoDrivesSideInstallation60": 0,
    "TwoDrivesSideInstallation70": 0,
    "TwoDrivesSideInstallation80": 0,
    "OpeningSpeedmms": 0,
    "Traction": 500,
    "Thrust": 200,
    "Id": "e894c2ec-1e80-4d24-8c80-a383a582ab2a",
    "CreatedOn": "2024-09-26T13:55:26.817Z",
    "CreatedBy": "",
    "ModifiedOn": "2024-09-26T13:55:26.817Z",
    "ModifiedBy": ""
  },
  {
    "Name": "Locking actuator EasyConnect ow",
    "Bezeichnung": "Verriegelungsantrieb EasyConnect ow",
    "ConfigurationId": "00000000-0000-0000-0000-000000000000",
    "Description": "",
    "Application": "",
    "ApplicationFacade": true,
    "ApplicationSkylight": false,
    "Type": 5,
    "OpeningType": 0,
    "BottomHungInward": false,
    "BottomHungOutward": false,
    "SideHungInward": false,
    "SideHungOutward": true,
    "TopHungInward": false,
    "TopHungOutward": true,
    "ProjectedTopHungInward": false,
    "ProjectedTopHungOutward": true,
    "InstallationType": "",
    "ITMainOutFrmMountWBracket": true,
    "ITMainFixOutFrmMount": false,
    "ITMainVentFrmMount": false,
    "ITSideMount50": false,
    "ITSideMount60": false,
    "ITSideMount70": false,
    "ITSideMount80": false,
    "ITSideMount67": false,
    "Feature": "",
    "FeatureOpenClose": true,
    "FeatureLock": false,
    "ArticleNumber": 291589,
    "Stroke": 0,
    "Angle": 0,
    "Voltage": null,
    "Voltage24": true,
    "Voltage230": true,
    "RatedCurrent": 0,
    "BreakingCurrent": 0,
    "PullingForceMax": 0,
    "PushingForceMax": 0,
    "PullingForceMaxWithNegativeWind": 0,
    "PushingForceMaxWithNegativeWind": 0,
    "PushingForcePermanent": 0,
    "PullingForcePermanent": 0,
    "MinPullingForceMax": 0,
    "MinPushingForceMax": 0,
    "MinPullingForcePermanent": 0,
    "MinPushingForcePermanent": 0,
    "Price": 0,
    "DriveLength": 0,
    "ChainDrive": 0,
    "ChainDrive2": 0,
    "MaxLengthMainClosingEdge1Drive": 0,
    "MaxGeometricArea": 0,
    "GeometricalSmokeExhaustion": 0,
    "TotalGlassThickness": 0,
    "Dimensions": 0,
    "DimensionsWxHxD": "375 x 24 x 35",
    "TensileForce": 0,
    "LockingForce": 0,
    "Details_DE": "<ul> <li>Bemessungsspannung: 24 V DC (19 V … 28 V)</li> <li>Abschaltstrom: ~1,0 A</li> <li>Bemessungsstrom: 0,6 A</li> <li>Bemessungsaufnahme: 15 W</li> <li>Schutzart: IP 32</li><li>Zug-/Schubkraft: max. 600 N</li> <li>Umgebungstemperatur: -5°C bis + 60°C</li> <li>Anschlussleitung: Halogenfrei, grau 5 x 0,5mm² , ~5m</li> <li>Laufzeit: ~ 5s</li><li>Hub: ~ 18mm</li> </ul>",
    "Details_EN": "<ul> <li>Rated voltage : 24 V DC (19 V … 28 V</li> <li>Breaking current : ~1,0 A</li> <li>Rated current : 0,6 A</li> <li>Rated consumption : 15 W</li> <li>Protection rating : IP 32</li><li>Traction/ thrust : max. 600 N</li> <li>Ambient temperature: -5°C bis + 60°C</li> <li>Connecting cable: halogen-free, grey 5 x 0,5mm² , ~5m</li> <li>Running time: ~ 5s</li><li>Stroke: ~ 18mm</li> </ul>",
    "Einsatz": "<ul> <li>Anwendung: Lüftung, NRA</li><li>Integrierte intelligente Regelelektronik</li></ul>",
    "Use": "<ul> <li>Application: ventilation, natural smoke ventilation</li> <li>Integrated intelligent control electronics</li></ul>",
    "Ausstattung": "<ul><li>Laufrichtung einstellbar</li><li>Zusätzlicher Universal-Steckersatz</li></ul>",
    "Equipment": "<ul><li>Running direction adjustable</li><li>Additional universal plug socket</li></ul>",
    "Optionen": "<ul> <li>Mitnehmer objekt-/profilspezifisch anpassbar</li></ul>",
    "Options": "<ul> <li>Coupling adapter customizable for project-/profile-specific demands</li></ul>",
    "IsTwoPce": false,
    "ResultVentWeight": 0,
    "IsLsRsDrive": false,
    "ArticleNumberRs": 0,
    "TwoDrivesSideInstallation50": 0,
    "TwoDrivesSideInstallation60": 0,
    "TwoDrivesSideInstallation70": 0,
    "TwoDrivesSideInstallation80": 0,
    "OpeningSpeedmms": 0,
    "Traction": 0,
    "Thrust": 0,
    "Id": "ebe9753c-e5d7-4140-afe0-9f98bf25df99",
    "CreatedOn": "2024-09-26T13:55:26.817Z",
    "CreatedBy": "",
    "ModifiedOn": "2024-09-26T13:55:26.817Z",
    "ModifiedBy": ""
  }
]

13:55:11.756 [main] INFO  com.intuit.karate - Expected RecommDrive: Chain actuator D4 600,Chain actuator D6 600,Chain actuator TWIN D2 L600,Locking actuator EasyConnect ow 
13:55:11.756 [main] INFO  com.intuit.karate - Actual RecommDrive: Chain actuator D4 600, Chain actuator D6 600, Chain actuator TWIN D2 L600, Locking actuator EasyConnect ow 
13:55:11.756 [main] INFO  com.intuit.karate - Normalized Actual RecommDrive: Chain actuator D4 600,Chain actuator D6 600,Chain actuator TWIN D2 L600,Locking actuator EasyConnect ow 
13:55:11.756 [main] INFO  com.intuit.karate - Normalized Expected RecommDrive: Chain actuator D4 600,Chain actuator D6 600,Chain actuator TWIN D2 L600,Locking actuator EasyConnect ow 
13:55:11.757 [main] INFO  com.intuit.karate - All Drive IDs: [
  "fcff08f9-981e-47bb-8f19-91cb4dc64404",
  "3cae6110-7870-4645-8094-e12449f27b1f",
  "e894c2ec-1e80-4d24-8c80-a383a582ab2a",
  "ebe9753c-e5d7-4140-afe0-9f98bf25df99"
]
 
13:55:11.757 [main] INFO  com.intuit.karate - First Drive ID: fcff08f9-981e-47bb-8f19-91cb4dc64404 
13:55:11.759 [main] DEBUG com.intuit.karate - request:
3 > POST https://dev-drivetec-apis.schuecodigitalsolutions.com/api/Drives/DownloadPDFNew/Schuco
3 > Content-Type: application/json; charset=UTF-8
3 > Content-Length: 1194
3 > Host: dev-drivetec-apis.schuecodigitalsolutions.com
3 > Connection: Keep-Alive
3 > User-Agent: Apache-HttpClient/4.5.14 (Java/17.0.12)
3 > Accept-Encoding: gzip,deflate
[{"Id":"configId","Header":"configId","Value":"ce135fe6-3bee-4942-9d7a-b1f1dc83aa7d"},{"Id":"driveId","Header":"driveId","Value":"fcff08f9-981e-47bb-8f19-91cb4dc64404"},{"Id":"culture","Header":"culture","Value":"EN-US"},{"Id":"projectId","Header":"projectId","Value":"2afcf090-6588-4022-aa5e-49fca51f940e"},{"Id":"range-of-app","Header":"Range of application","Value":"Façade"},{"Id":"opening-type","Header":"Opening type","Value":"Bottom-hung vent"},{"Id":"opening-direction","Header":"Opening direction","Value":"Inward"},{"Id":"how-calc-weight","Header":"Vent weight","Value":"Weight including glass"},{"Id":"Chain-Length","Header":"Chain- \/ connecting rod handle","Value":"100%"},{"Id":"drive-position","Header":"Drive position","Value":"Side installation"},{"Id":"locking-mechanism","Header":"Locking mechanism","Value":"With"},{"Id":"voltage","Header":"Voltage","Value":"24 V"},{"Id":"drive-type","Header":"Drive type","Value":"Chain drive"},{"Id":"type-installation","Header":"Type of installation","Value":"Pivoting Outer Frame Installation"},{"Id":"calculation-type-for-ventilation-area","Header":"Calculation type for ventilation area","Value":"Method in accordance with ASR 3.6"}]

13:55:13.234 [main] DEBUG com.intuit.karate - response time in milliseconds: 1474
3 < 200
3 < Content-Type: application/json; charset=utf-8
3 < Date: Thu, 05 Dec 2024 08:25:10 GMT
3 < Server: Microsoft-IIS/10.0
3 < X-Powered-By: ASP.NET
3 < Content-Length: 278
3 < Connection: keep-alive
{
  "result": "https://drive-tec-dev.s3.amazonaws.com/AUT_TPJ33518-Chain_actuator_D4_600.pdf?AWSAccessKeyId=AKIAZAWIART4ZFAXXPHK&Expires=1733390711&response-content-disposition=attachment%3B&response-content-type=application%2Fpdf&Signature=tB5FUftripECUd%2BObzLSpYJbvgY%3D"
}

13:55:13.234 [main] INFO  com.intuit.karate - Download URL for first driveId: https://drive-tec-dev.s3.amazonaws.com/AUT_TPJ33518-Chain_actuator_D4_600.pdf?AWSAccessKeyId=AKIAZAWIART4ZFAXXPHK&Expires=1733390711&response-content-disposition=attachment%3B&response-content-type=application%2Fpdf&Signature=tB5FUftripECUd%2BObzLSpYJbvgY%3D 
13:55:13.239 [main] INFO  com.intuit.karate - karate.env system property was: null 
13:55:13.241 [main] INFO  com.intuit.karate - Running test for dataset:  Dataset49 
13:55:13.246 [main] INFO  com.intuit.karate - Using ProjectId:  {
  "result": {
    "projectId": "prjId"
  },
  "projectPayload": {
    "Id": "579816e4-6653-4794-b435-a885f32e28d7",
    "Name": "AUT_TPJ33518",
    "Address": "Hyderabad, Telangana, India",
    "Description": "",
    "CreatedBy": "579816e4-6653-4794-b435-a885f32e28d7",
    "ModifiedBy": "579816e4-6653-4794-b435-a885f32e28d7"
  },
  "uniqueName": "AUT_TPJ33518",
  "responseHeaders": {
    "Content-Type": [
      "application/json; charset=utf-8"
    ],
    "Date": [
      "Thu, 05 Dec 2024 08:22:12 GMT"
    ],
    "Server": [
      "Microsoft-IIS/10.0"
    ],
    "X-Powered-By": [
      "ASP.NET"
    ],
    "transfer-encoding": [
      "chunked"
    ],
    "Connection": [
      "keep-alive"
    ],
    "Set-Cookie": [
    ]
  },
  "responseTime": 841,
  "response": {
    "Name": "AUT_TPJ33518",
    "Description": "",
    "Address": "Hyderabad, Telangana, India",
    "Id": "2afcf090-6588-4022-aa5e-49fca51f940e",
    "CreatedOn": "2024-12-05T08:22:11.998251+00:00",
    "CreatedBy": "579816e4-6653-4794-b435-a885f32e28d7",
    "ModifiedOn": "2024-12-05T08:22:11.9982526+00:00",
    "ModifiedBy": ""
  },
  "responseStatus": 200,
  "prjId": "2afcf090-6588-4022-aa5e-49fca51f940e",
  "projectId": "2afcf090-6588-4022-aa5e-49fca51f940e"
}
 
13:55:13.248 [main] DEBUG com.intuit.karate - request:
1 > POST https://dev-drivetec-apis.schuecodigitalsolutions.com/Configurations
1 > Content-Type: application/json; charset=UTF-8
1 > Content-Length: 1275
1 > Host: dev-drivetec-apis.schuecodigitalsolutions.com
1 > Connection: Keep-Alive
1 > User-Agent: Apache-HttpClient/4.5.14 (Java/17.0.12)
1 > Accept-Encoding: gzip,deflate
{"Id":"00000000-0000-0000-0000-000000000000","ProjectId":"2afcf090-6588-4022-aa5e-49fca51f940e","Name":"Dataset3248","Description":"Dataset3248","CustomTags":"","CreatedBy":"579816e4-6653-4794-b435-a885f32e28d7","ModifiedBy":"579816e4-6653-4794-b435-a885f32e28d7","ApplicationName":1,"System":"","FacadeInclination":0,"OpeningType":1,"OpeningDirection":1,"OpeningWidth":1000,"VentOuterWidth":1230,"VentOuterHeight":1480,"VentWeight":70,"CalculateWeightWithGlass":false,"WeightIncGlassOrThickness":false,"GlassThickness":14,"ProfileWeightPerSerialMeter":2.5,"IsWindowOpeningCalculationByAngle":1,"RequiredOpeningStroke":400,"OpeningAngle":15,"WindLoad":120,"SnowLoad":0,"DrivePosition":2,"InstallationPosition":1,"ChainLengthConnectingRodHandle":5,"LockingMechanism":1,"Voltage":1,"DriveType":1,"TypeOfInstallation":2,"CalculationTypeForVentilation":1,"CalcVentilation":1,"GeometricArea":1,"SpecificExhaustDimension":30,"BuildingDepth":75,"RevealDepth":0,"RevealDepthRectangleAngle1":0,"RevealDepthRectangleAngle2":0,"HeightOfProfile":0,"HeightProfileRectangleAngle1":0,"HeightProfileRectangleAngle2":0,"AkippOrAtilt":0,"AdrehOrAturn":0,"Ageo":0,"MinPullingForceMax":0,"MinPushingForceMax":0,"MinPullingForcePermanent":0,"MinPushingForcePermanent":0,"ForceWithNegativeWind":0}

13:55:13.894 [main] DEBUG com.intuit.karate - response time in milliseconds: 645
1 < 200
1 < Content-Type: application/json; charset=utf-8
1 < Date: Thu, 05 Dec 2024 08:25:10 GMT
1 < Server: Microsoft-IIS/10.0
1 < X-Powered-By: ASP.NET
1 < transfer-encoding: chunked
1 < Connection: keep-alive
{
  "ProjectId": "2afcf090-6588-4022-aa5e-49fca51f940e",
  "Name": "Dataset3248",
  "Description": "Dataset3248",
  "CustomTags": "",
  "ApplicationName": 1,
  "OpeningType": 1,
  "OpeningDirection": 1,
  "CalculateWeightWithGlass": false,
  "WindLoad": 120,
  "IsWindowOpeningCalculationByAngle": 1,
  "VentOuterWidth": 1230,
  "VentOuterHeight": 1480,
  "WeightIncGlassOrThickness": false,
  "VentWeight": 77,
  "VentWeightExact": 77.26400000000001,
  "GlassThickness": 14,
  "ProfileWeightPerSerialMeter": 2.5,
  "FacadeInclination": 0,
  "ChainLengthConnectingRodHandle": 5,
  "ChainLenghtConnectingRodHandle": 0,
  "RequiredOpeningStroke": 400,
  "OpeningWidth": 1000,
  "OpeningAngle": 15.532868337024489,
  "SpecificExhaustDimension": 30,
  "BuildingDepth": 75,
  "SnowLoad": 0,
  "DistanceHinge": 0,
  "RatedCurrent": 0,
  "DrivePosition": 2,
  "LockingMechanism": 1,
  "Voltage": 1,
  "DriveType": 1,
  "TypeOfInstallation": 2,
  "GeometricArea": 0,
  "CalculationTypeForVentilation": 1,
  "HeightOfProfile": 0,
  "Reveal": 0,
  "RevealDepth": 0,
  "HeightProfileRectangleAngle1": 0,
  "HeightProfileRectangleAngle2": 0,
  "RevealDepthRectangleAngle1": 0,
  "RevealDepthRectangleAngle2": 0,
  "RevealDepthRectangleAngle12": 0,
  "InstallationPosition": 0,
  "RecommendedDriveArticleNo": 0,
  "System": "",
  "AkippOrAtilt": 1.084,
  "AdrehOrAturn": 1.8204,
  "Ageo": 1.084,
  "MinPullingForceMax": -206.4868442161654,
  "MinPushingForceMax": -206.4868442161654,
  "MinPullingForcePermanent": -104.11163259218097,
  "MinPushingForcePermanent": -104.11163259218097,
  "ForceWithNegativeWind": 109.53156767199486,
  "ForceWithNoWindMin": 0.30763693489047433,
  "ForceWithNegativeWindMin": 0,
  "ForceWithWindMin": -108.91629380221393,
  "Id": "7d3082ac-1de6-4a68-919c-eac6683a9aac",
  "CreatedOn": "2024-12-05T08:25:11.4137297+00:00",
  "CreatedBy": "579816e4-6653-4794-b435-a885f32e28d7",
  "ModifiedOn": "2024-12-05T08:25:11.4137306+00:00",
  "ModifiedBy": ""
}

13:55:13.895 [main] INFO  com.intuit.karate - Generated Config ID: 7d3082ac-1de6-4a68-919c-eac6683a9aac 
13:55:13.896 [main] INFO  com.intuit.karate - Generated Name: Dataset3248 
13:55:13.896 [main] INFO  com.intuit.karate - Generated Description: Dataset3248 
13:55:13.899 [main] DEBUG com.intuit.karate - request:
1 > PUT https://dev-drivetec-apis.schuecodigitalsolutions.com/Configurations
1 > Content-Type: application/json; charset=UTF-8
1 > Content-Length: 1283
1 > Host: dev-drivetec-apis.schuecodigitalsolutions.com
1 > Connection: Keep-Alive
1 > User-Agent: Apache-HttpClient/4.5.14 (Java/17.0.12)
1 > Accept-Encoding: gzip,deflate
{"Id":"7d3082ac-1de6-4a68-919c-eac6683a9aac","Name":"Dataset49","Description":"Dataset3248","ProjectId":"2afcf090-6588-4022-aa5e-49fca51f940e","CustomTags":"","CreatedBy":"579816e4-6653-4794-b435-a885f32e28d7","ModifiedBy":"579816e4-6653-4794-b435-a885f32e28d7","System":"","FacadeInclination":5,"OpeningType":2,"OpeningDirection":2,"OpeningWidth":1000,"VentOuterWidth":1230,"VentOuterHeight":1480,"VentWeight":130,"CalculateWeightWithGlass":false,"RequiredOpeningStroke":450,"WindLoad":123,"SnowLoad":0,"IsWindowOpeningCalculationByAngle":1,"GlassThickness":0,"ProfileWeightPerSerialMeter":0,"DrivePosition":1,"InstallationPosition":0,"LockingMechanism":1,"Voltage":1,"DriveType":1,"TypeOfInstallation":2,"GeometricArea":0,"CalcVentilation":1,"SpecificExhaustDimension":45,"BuildingDepth":90,"CalculationTypeForVentilation":1,"HeightOfProfile":150,"HeightProfileRectangleAngle1":150,"HeightProfileRectangleAngle2":150,"RevealDepth":150,"RevealDepthRectangleAngle1":150,"RevealDepthRectangleAngle2":150,"ChainLengthConnectingRodHandle":5,"ApplicationName":1,"OpeningAngle":74,"WeightIncGlassOrThickness":false,"AkippOrAtilt":0,"AdrehOrAturn":0,"Ageo":0,"MinPullingForceMax":0,"MinPushingForceMax":0,"MinPullingForcePermanent":0,"MinPushingForcePermanent":0,"ForceWithNegativeWind":0}

13:55:14.559 [main] DEBUG com.intuit.karate - response time in milliseconds: 658
1 < 200
1 < Content-Type: application/json; charset=utf-8
1 < Date: Thu, 05 Dec 2024 08:25:12 GMT
1 < Server: Microsoft-IIS/10.0
1 < X-Powered-By: ASP.NET
1 < Content-Length: 2061
1 < Connection: keep-alive
{
  "ProjectId": "2afcf090-6588-4022-aa5e-49fca51f940e",
  "Name": "Dataset49",
  "Description": "Dataset3248",
  "CustomTags": "",
  "ApplicationName": 1,
  "OpeningType": 2,
  "OpeningDirection": 2,
  "CalculateWeightWithGlass": false,
  "WindLoad": 123,
  "IsWindowOpeningCalculationByAngle": 1,
  "VentOuterWidth": 1230,
  "VentOuterHeight": 1480,
  "WeightIncGlassOrThickness": false,
  "VentWeight": 130,
  "VentWeightExact": 130,
  "GlassThickness": 0,
  "ProfileWeightPerSerialMeter": 0,
  "FacadeInclination": 5,
  "ChainLengthConnectingRodHandle": 5,
  "ChainLenghtConnectingRodHandle": 0,
  "RequiredOpeningStroke": 450,
  "OpeningWidth": 1000,
  "OpeningAngle": 17.488828112226656,
  "SpecificExhaustDimension": 45,
  "BuildingDepth": 90,
  "SnowLoad": 0,
  "DistanceHinge": 0,
  "RatedCurrent": 0,
  "DrivePosition": 1,
  "LockingMechanism": 1,
  "Voltage": 1,
  "DriveType": 1,
  "TypeOfInstallation": 2,
  "GeometricArea": 0,
  "CalculationTypeForVentilation": 1,
  "HeightOfProfile": 150,
  "Reveal": 0,
  "RevealDepth": 150,
  "HeightProfileRectangleAngle1": 150,
  "HeightProfileRectangleAngle2": 150,
  "RevealDepthRectangleAngle1": 150,
  "RevealDepthRectangleAngle2": 150,
  "RevealDepthRectangleAngle12": 0,
  "InstallationPosition": 0,
  "RecommendedDriveArticleNo": 0,
  "System": "",
  "AkippOrAtilt": 1.2195,
  "AdrehOrAturn": 1.8204,
  "Ageo": 1.2195,
  "MinPullingForceMax": 55.013519077234015,
  "MinPushingForceMax": 250.68869702676056,
  "MinPullingForcePermanent": 142.7547334280466,
  "MinPushingForcePermanent": 142.7547334280466,
  "ForceWithNegativeWind": -167.22736562159037,
  "ForceWithNoWindMin": -56.10692327217817,
  "ForceWithNegativeWindMin": 34.82076982933262,
  "ForceWithWindMin": 55.013519077234015,
  "Id": "7d3082ac-1de6-4a68-919c-eac6683a9aac",
  "CreatedOn": "0001-01-01T00:00:00",
  "CreatedBy": "579816e4-6653-4794-b435-a885f32e28d7",
  "ModifiedOn": "2024-12-05T08:25:12.0746127+00:00",
  "ModifiedBy": "579816e4-6653-4794-b435-a885f32e28d7"
}

13:55:14.559 [main] INFO  com.intuit.karate - VentWeight from API Response: 130 
13:55:14.561 [main] INFO  com.intuit.karate - Rounded Opening Angle: 17.0 
13:55:14.561 [main] INFO  com.intuit.karate - Rounded Ageo: 1.22 
13:55:14.561 [main] INFO  com.intuit.karate - Rounded Required Opening Stroke: 450.0 
13:55:14.561 [main] INFO  com.intuit.karate - Rounded Vent Weight: 130.0 
13:55:14.563 [main] DEBUG com.intuit.karate - request:
2 > GET https://dev-drivetec-apis.schuecodigitalsolutions.com/Config/7d3082ac-1de6-4a68-919c-eac6683a9aac/Drive
2 > Host: dev-drivetec-apis.schuecodigitalsolutions.com
2 > Connection: Keep-Alive
2 > User-Agent: Apache-HttpClient/4.5.14 (Java/17.0.12)
2 > Accept-Encoding: gzip,deflate


13:55:15.220 [main] DEBUG com.intuit.karate - response time in milliseconds: 655
2 < 200
2 < Content-Type: application/json; charset=utf-8
2 < Date: Thu, 05 Dec 2024 08:25:12 GMT
2 < Server: Microsoft-IIS/10.0
2 < X-Powered-By: ASP.NET
2 < Content-Length: 12245
2 < Connection: keep-alive
[
  {
    "Name": "Chain actuator D6 600",
    "Bezeichnung": "Kettenantrieb D6 600",
    "ConfigurationId": "00000000-0000-0000-0000-000000000000",
    "Description": "",
    "Application": "Facade",
    "ApplicationFacade": true,
    "ApplicationSkylight": true,
    "Type": 1,
    "OpeningType": 0,
    "BottomHungInward": true,
    "BottomHungOutward": true,
    "SideHungInward": true,
    "SideHungOutward": true,
    "TopHungInward": false,
    "TopHungOutward": true,
    "ProjectedTopHungInward": false,
    "ProjectedTopHungOutward": true,
    "InstallationType": "",
    "ITMainOutFrmMountWBracket": true,
    "ITMainFixOutFrmMount": false,
    "ITMainVentFrmMount": true,
    "ITSideMount50": false,
    "ITSideMount60": false,
    "ITSideMount70": false,
    "ITSideMount80": false,
    "ITSideMount67": true,
    "Feature": "",
    "FeatureOpenClose": true,
    "FeatureLock": true,
    "ArticleNumber": 291716,
    "Stroke": 600,
    "Angle": 0,
    "Voltage": "24 V DC",
    "Voltage24": true,
    "Voltage230": false,
    "RatedCurrent": 1,
    "BreakingCurrent": 1,
    "PullingForceMax": 600,
    "PushingForceMax": 600,
    "PullingForceMaxWithNegativeWind": 0,
    "PushingForceMaxWithNegativeWind": 0,
    "PushingForcePermanent": 400,
    "PullingForcePermanent": 600,
    "MinPullingForceMax": 0,
    "MinPushingForceMax": 250.69,
    "MinPullingForcePermanent": 0,
    "MinPushingForcePermanent": 142.75,
    "Price": 374.18,
    "DriveLength": 693,
    "ChainDrive": 793,
    "ChainDrive2": 1546,
    "MaxLengthMainClosingEdge1Drive": 1920,
    "MaxGeometricArea": 1,
    "GeometricalSmokeExhaustion": 0,
    "TotalGlassThickness": 0,
    "Dimensions": 0,
    "DimensionsWxHxD": "693 x 40 x 56",
    "TensileForce": 0,
    "LockingForce": 0,
    "Details_DE": "<ul> <li>Bemessungsspannung: 24 V DC (19 V … 28 V)</li> <li>Abschaltstrom: 1,2 A</li> <li>Bemessungsstrom: 0,9 A</li> <li>Bemessungsaufnahme: 22 W</li> <li>Schutzart: IP 32</li> <li>Zug-/Schubkraft: max. 600 N</li> <li>Umgebungstemperatur: -5°C bis + 60°C</li> <li>Anschlussleitung: Halogenfrei, grau 5 x 0,5mm², ~3m</li> <li>Max. Geschwindigkeit: 13,5 mm/s</li> </ul>",
    "Details_EN": "<ul> <li>Rated voltage: 24 V DC (19 V … 28 V)</li><li>Breaking current: 1.2 A</li><li>Rated current: 0.9 A</li><li>Rated consumption: 22W</li><li>Protection rating: IP 32</li><li>Traction/ thrust: max. 600 N</li><li>Ambient temperature: -5° C to +60° C</li><li>Connecting cable: halogen-free, grey 3 x 0,5mm², ~3m</li><li>Max. speed: 13,5 mm/s</li></ul>",
    "Einsatz": "<ul><li>Anwendung: Lüftung, NRA</li> <li>Integrierte intelligente Regelelektronik</li></ul>",
    "Use": "<ul><li>Application: ventilation, natural smoke ventilation</li> <li>Integrated intelligent control electronics</li> </ul>",
    "Ausstattung": "<ul><li>Zusätzlicher Universal-Steckersatz für Mehrfachbetrieb bis zu 4 Antrieben und 2 Verriegelungsantrieben</li></ul>",
    "Equipment": "<ul><li>Additional universal plug socket for multiplex operation  of up to 4 drives and 2 interlocking drives</li></ul>",
    "Optionen": "<ul><li>Programmierung von Sonderfunktionen</li> <li>Programmierbare Rückmeldung Endlage „AUF“ (max. 24 V, 500 mA)</li> <li>Schüco Kontroller zur automatischen Konfiguration von Synchronlauf und Folgesteuerungen mit Verriegelungsantrieben in Antriebs-Verbundsystemen</li> </ul>",
    "Options": "<ul><li>Programming of special functions</li> <li>Programmable response for “OPEN” end position (max. 24 V, 500 mA)</li> <li>Schüco controller for automatic configuration of synchronous running and sequence control with locking drives in composite drive systems</li> </ul>",
    "IsTwoPce": false,
    "ResultVentWeight": 130,
    "IsLsRsDrive": false,
    "ArticleNumberRs": 0,
    "TwoDrivesSideInstallation50": 0,
    "TwoDrivesSideInstallation60": 0,
    "TwoDrivesSideInstallation70": 0,
    "TwoDrivesSideInstallation80": 0,
    "OpeningSpeedmms": 0,
    "Traction": 600,
    "Thrust": 600,
    "Id": "3cae6110-7870-4645-8094-e12449f27b1f",
    "CreatedOn": "2024-09-26T13:55:26.817Z",
    "CreatedBy": "",
    "ModifiedOn": "2024-09-26T13:55:26.817Z",
    "ModifiedBy": ""
  },
  {
    "Name": "Chain actuator TWIN D2 L600",
    "Bezeichnung": "Kettenantrieb TWIN D2 L600",
    "ConfigurationId": "00000000-0000-0000-0000-000000000000",
    "Description": "",
    "Application": "Facade",
    "ApplicationFacade": true,
    "ApplicationSkylight": false,
    "Type": 1,
    "OpeningType": 0,
    "BottomHungInward": true,
    "BottomHungOutward": false,
    "SideHungInward": false,
    "SideHungOutward": false,
    "TopHungInward": false,
    "TopHungOutward": true,
    "ProjectedTopHungInward": false,
    "ProjectedTopHungOutward": false,
    "InstallationType": "",
    "ITMainOutFrmMountWBracket": true,
    "ITMainFixOutFrmMount": true,
    "ITMainVentFrmMount": true,
    "ITSideMount50": false,
    "ITSideMount60": false,
    "ITSideMount70": false,
    "ITSideMount80": false,
    "ITSideMount67": false,
    "Feature": "",
    "FeatureOpenClose": true,
    "FeatureLock": true,
    "ArticleNumber": 291774,
    "Stroke": 600,
    "Angle": 0,
    "Voltage": "24 V DC",
    "Voltage24": true,
    "Voltage230": false,
    "RatedCurrent": 1,
    "BreakingCurrent": 2,
    "PullingForceMax": 500,
    "PushingForceMax": 200,
    "PullingForceMaxWithNegativeWind": 0,
    "PushingForceMaxWithNegativeWind": 0,
    "PushingForcePermanent": 133.33,
    "PullingForcePermanent": 500,
    "MinPullingForceMax": 0,
    "MinPushingForceMax": 250.69,
    "MinPullingForcePermanent": 0,
    "MinPushingForcePermanent": 142.75,
    "Price": 532.67,
    "DriveLength": 1060,
    "ChainDrive": 1160,
    "ChainDrive2": 0,
    "MaxLengthMainClosingEdge1Drive": 1650,
    "MaxGeometricArea": 1,
    "GeometricalSmokeExhaustion": 0,
    "TotalGlassThickness": 0,
    "Dimensions": 0,
    "DimensionsWxHxD": "1060 x 26 x 41",
    "TensileForce": 0,
    "LockingForce": 0,
    "Details_DE": "<ul><li>Bemessungsspannung: 24 V DC (19 V … 28 V)</li> <li>Abschaltstrom: 2,0 A</li> <li>Bemessungsstrom: 1,4 A</li> <li>Bemessungsaufnahme: 34 W</li> <li>Schutzart: IP 32</li> <li>Zug-/Schubkraft: max. 500 N</li> <li>Umgebungstemperatur: -5°C bis + 60°C</li> <li>Anschlussleitung: Halogenfrei, grau 3 x 0,5mm², ~3m</li> <li>Max. Geschwindigkeit: 12 mm/s</li> </ul>",
    "Details_EN": "<ul><li>Rated voltage: 24 V DC (19 V … 28 V)</li><li>Breaking current: 2.0 A</li><li>Rated current: 1.4 A</li><li>Rated consumption: 34 W</li><li>Protection rating: IP 32</li><li>Traction/ thrust: max. 500 N</li><li>Ambient temperature: -5°C bis + 60°C</li><li>Connecting cable: halogen-free, grey 3 x 0,5mm², ~3m</li><li>Max. speed: 12 mm/s</li></ul>",
    "Einsatz": "<ul><li>Anwendung: Lüftung, NRA</li> <li>Integrierte intelligente Regelelektronik</li> <li>Rückmeldung Endlage „ZU“ (max. 24 V, 500 mA)</li> </ul>",
    "Use": "<ul><li>Application: ventilation, natural smoke ventilation</li> <li>Integrated intelligent control electronics</li> <li>Response for \"CLOSED\" end position (max. 24 V, 500 mA)</li> </ul>",
    "Ausstattung": null,
    "Equipment": null,
    "Optionen": "<ul><li>Programmierung von Sonderfunktionen</li> <li>Programmierbare Rückmeldung Endlage „AUF“ (max. 24 V, 500 mA)</li> <li>Schüco Kontroller zur automatischen Konfiguration von Synchronlauf und Folgesteuerungen mit Verriegelungsantrieb in Antriebs-Verbundsystem</li> </ul>",
    "Options": "<ul><li>Programming of special functions</li> <li>Programmable response for \"OPEN\" end position (max. 24 V, 500 mA)</li> <li>Schüco controller for automatic configuration of synchronous running and sequence control with locking drives in composite drive systems</li> </ul>",
    "IsTwoPce": false,
    "ResultVentWeight": 130,
    "IsLsRsDrive": false,
    "ArticleNumberRs": 0,
    "TwoDrivesSideInstallation50": 0,
    "TwoDrivesSideInstallation60": 0,
    "TwoDrivesSideInstallation70": 0,
    "TwoDrivesSideInstallation80": 0,
    "OpeningSpeedmms": 0,
    "Traction": 500,
    "Thrust": 200,
    "Id": "e894c2ec-1e80-4d24-8c80-a383a582ab2a",
    "CreatedOn": "2024-09-26T13:55:26.817Z",
    "CreatedBy": "",
    "ModifiedOn": "2024-09-26T13:55:26.817Z",
    "ModifiedBy": ""
  },
  {
    "Name": "Locking actuator EasyConnect ow",
    "Bezeichnung": "Verriegelungsantrieb EasyConnect ow",
    "ConfigurationId": "00000000-0000-0000-0000-000000000000",
    "Description": "",
    "Application": "",
    "ApplicationFacade": true,
    "ApplicationSkylight": false,
    "Type": 5,
    "OpeningType": 0,
    "BottomHungInward": false,
    "BottomHungOutward": false,
    "SideHungInward": false,
    "SideHungOutward": true,
    "TopHungInward": false,
    "TopHungOutward": true,
    "ProjectedTopHungInward": false,
    "ProjectedTopHungOutward": true,
    "InstallationType": "",
    "ITMainOutFrmMountWBracket": true,
    "ITMainFixOutFrmMount": false,
    "ITMainVentFrmMount": false,
    "ITSideMount50": false,
    "ITSideMount60": false,
    "ITSideMount70": false,
    "ITSideMount80": false,
    "ITSideMount67": false,
    "Feature": "",
    "FeatureOpenClose": true,
    "FeatureLock": false,
    "ArticleNumber": 291589,
    "Stroke": 0,
    "Angle": 0,
    "Voltage": null,
    "Voltage24": true,
    "Voltage230": true,
    "RatedCurrent": 0,
    "BreakingCurrent": 0,
    "PullingForceMax": 0,
    "PushingForceMax": 0,
    "PullingForceMaxWithNegativeWind": 0,
    "PushingForceMaxWithNegativeWind": 0,
    "PushingForcePermanent": 0,
    "PullingForcePermanent": 0,
    "MinPullingForceMax": 0,
    "MinPushingForceMax": 0,
    "MinPullingForcePermanent": 0,
    "MinPushingForcePermanent": 0,
    "Price": 0,
    "DriveLength": 0,
    "ChainDrive": 0,
    "ChainDrive2": 0,
    "MaxLengthMainClosingEdge1Drive": 0,
    "MaxGeometricArea": 0,
    "GeometricalSmokeExhaustion": 0,
    "TotalGlassThickness": 0,
    "Dimensions": 0,
    "DimensionsWxHxD": "375 x 24 x 35",
    "TensileForce": 0,
    "LockingForce": 0,
    "Details_DE": "<ul> <li>Bemessungsspannung: 24 V DC (19 V … 28 V)</li> <li>Abschaltstrom: ~1,0 A</li> <li>Bemessungsstrom: 0,6 A</li> <li>Bemessungsaufnahme: 15 W</li> <li>Schutzart: IP 32</li><li>Zug-/Schubkraft: max. 600 N</li> <li>Umgebungstemperatur: -5°C bis + 60°C</li> <li>Anschlussleitung: Halogenfrei, grau 5 x 0,5mm² , ~5m</li> <li>Laufzeit: ~ 5s</li><li>Hub: ~ 18mm</li> </ul>",
    "Details_EN": "<ul> <li>Rated voltage : 24 V DC (19 V … 28 V</li> <li>Breaking current : ~1,0 A</li> <li>Rated current : 0,6 A</li> <li>Rated consumption : 15 W</li> <li>Protection rating : IP 32</li><li>Traction/ thrust : max. 600 N</li> <li>Ambient temperature: -5°C bis + 60°C</li> <li>Connecting cable: halogen-free, grey 5 x 0,5mm² , ~5m</li> <li>Running time: ~ 5s</li><li>Stroke: ~ 18mm</li> </ul>",
    "Einsatz": "<ul> <li>Anwendung: Lüftung, NRA</li><li>Integrierte intelligente Regelelektronik</li></ul>",
    "Use": "<ul> <li>Application: ventilation, natural smoke ventilation</li> <li>Integrated intelligent control electronics</li></ul>",
    "Ausstattung": "<ul><li>Laufrichtung einstellbar</li><li>Zusätzlicher Universal-Steckersatz</li></ul>",
    "Equipment": "<ul><li>Running direction adjustable</li><li>Additional universal plug socket</li></ul>",
    "Optionen": "<ul> <li>Mitnehmer objekt-/profilspezifisch anpassbar</li></ul>",
    "Options": "<ul> <li>Coupling adapter customizable for project-/profile-specific demands</li></ul>",
    "IsTwoPce": false,
    "ResultVentWeight": 0,
    "IsLsRsDrive": false,
    "ArticleNumberRs": 0,
    "TwoDrivesSideInstallation50": 0,
    "TwoDrivesSideInstallation60": 0,
    "TwoDrivesSideInstallation70": 0,
    "TwoDrivesSideInstallation80": 0,
    "OpeningSpeedmms": 0,
    "Traction": 0,
    "Thrust": 0,
    "Id": "ebe9753c-e5d7-4140-afe0-9f98bf25df99",
    "CreatedOn": "2024-09-26T13:55:26.817Z",
    "CreatedBy": "",
    "ModifiedOn": "2024-09-26T13:55:26.817Z",
    "ModifiedBy": ""
  }
]

13:55:15.223 [main] INFO  com.intuit.karate - Expected RecommDrive: Chain actuator D6 600,Chain actuator TWIN D2 L600,Locking actuator EasyConnect ow 
13:55:15.223 [main] INFO  com.intuit.karate - Actual RecommDrive: Chain actuator D6 600, Chain actuator TWIN D2 L600, Locking actuator EasyConnect ow 
13:55:15.223 [main] INFO  com.intuit.karate - Normalized Actual RecommDrive: Chain actuator D6 600,Chain actuator TWIN D2 L600,Locking actuator EasyConnect ow 
13:55:15.224 [main] INFO  com.intuit.karate - Normalized Expected RecommDrive: Chain actuator D6 600,Chain actuator TWIN D2 L600,Locking actuator EasyConnect ow 
13:55:15.225 [main] INFO  com.intuit.karate - All Drive IDs: [
  "3cae6110-7870-4645-8094-e12449f27b1f",
  "e894c2ec-1e80-4d24-8c80-a383a582ab2a",
  "ebe9753c-e5d7-4140-afe0-9f98bf25df99"
]
 
13:55:15.225 [main] INFO  com.intuit.karate - First Drive ID: 3cae6110-7870-4645-8094-e12449f27b1f 
13:55:15.226 [main] DEBUG com.intuit.karate - request:
3 > POST https://dev-drivetec-apis.schuecodigitalsolutions.com/api/Drives/DownloadPDFNew/Schuco
3 > Content-Type: application/json; charset=UTF-8
3 > Content-Length: 1194
3 > Host: dev-drivetec-apis.schuecodigitalsolutions.com
3 > Connection: Keep-Alive
3 > User-Agent: Apache-HttpClient/4.5.14 (Java/17.0.12)
3 > Accept-Encoding: gzip,deflate
[{"Id":"configId","Header":"configId","Value":"7d3082ac-1de6-4a68-919c-eac6683a9aac"},{"Id":"driveId","Header":"driveId","Value":"3cae6110-7870-4645-8094-e12449f27b1f"},{"Id":"culture","Header":"culture","Value":"EN-US"},{"Id":"projectId","Header":"projectId","Value":"2afcf090-6588-4022-aa5e-49fca51f940e"},{"Id":"range-of-app","Header":"Range of application","Value":"Façade"},{"Id":"opening-type","Header":"Opening type","Value":"Bottom-hung vent"},{"Id":"opening-direction","Header":"Opening direction","Value":"Inward"},{"Id":"how-calc-weight","Header":"Vent weight","Value":"Weight including glass"},{"Id":"Chain-Length","Header":"Chain- \/ connecting rod handle","Value":"100%"},{"Id":"drive-position","Header":"Drive position","Value":"Side installation"},{"Id":"locking-mechanism","Header":"Locking mechanism","Value":"With"},{"Id":"voltage","Header":"Voltage","Value":"24 V"},{"Id":"drive-type","Header":"Drive type","Value":"Chain drive"},{"Id":"type-installation","Header":"Type of installation","Value":"Pivoting Outer Frame Installation"},{"Id":"calculation-type-for-ventilation-area","Header":"Calculation type for ventilation area","Value":"Method in accordance with ASR 3.6"}]

13:55:16.713 [main] DEBUG com.intuit.karate - response time in milliseconds: 1486
3 < 200
3 < Content-Type: application/json; charset=utf-8
3 < Date: Thu, 05 Dec 2024 08:25:14 GMT
3 < Server: Microsoft-IIS/10.0
3 < X-Powered-By: ASP.NET
3 < Content-Length: 276
3 < Connection: keep-alive
{
  "result": "https://drive-tec-dev.s3.amazonaws.com/AUT_TPJ33518-Chain_actuator_D6_600.pdf?AWSAccessKeyId=AKIAZAWIART4ZFAXXPHK&Expires=1733390714&response-content-disposition=attachment%3B&response-content-type=application%2Fpdf&Signature=wLTZsDYlQ1elPFBu2D1xbKCTWgA%3D"
}

13:55:16.714 [main] INFO  com.intuit.karate - Download URL for first driveId: https://drive-tec-dev.s3.amazonaws.com/AUT_TPJ33518-Chain_actuator_D6_600.pdf?AWSAccessKeyId=AKIAZAWIART4ZFAXXPHK&Expires=1733390714&response-content-disposition=attachment%3B&response-content-type=application%2Fpdf&Signature=wLTZsDYlQ1elPFBu2D1xbKCTWgA%3D 
13:55:16.719 [main] INFO  com.intuit.karate - karate.env system property was: null 
13:55:16.721 [main] INFO  com.intuit.karate - Running test for dataset:  Dataset50 
13:55:16.727 [main] INFO  com.intuit.karate - Using ProjectId:  {
  "result": {
    "projectId": "prjId"
  },
  "projectPayload": {
    "Id": "579816e4-6653-4794-b435-a885f32e28d7",
    "Name": "AUT_TPJ33518",
    "Address": "Hyderabad, Telangana, India",
    "Description": "",
    "CreatedBy": "579816e4-6653-4794-b435-a885f32e28d7",
    "ModifiedBy": "579816e4-6653-4794-b435-a885f32e28d7"
  },
  "uniqueName": "AUT_TPJ33518",
  "responseHeaders": {
    "Content-Type": [
      "application/json; charset=utf-8"
    ],
    "Date": [
      "Thu, 05 Dec 2024 08:22:12 GMT"
    ],
    "Server": [
      "Microsoft-IIS/10.0"
    ],
    "X-Powered-By": [
      "ASP.NET"
    ],
    "transfer-encoding": [
      "chunked"
    ],
    "Connection": [
      "keep-alive"
    ],
    "Set-Cookie": [
    ]
  },
  "responseTime": 841,
  "response": {
    "Name": "AUT_TPJ33518",
    "Description": "",
    "Address": "Hyderabad, Telangana, India",
    "Id": "2afcf090-6588-4022-aa5e-49fca51f940e",
    "CreatedOn": "2024-12-05T08:22:11.998251+00:00",
    "CreatedBy": "579816e4-6653-4794-b435-a885f32e28d7",
    "ModifiedOn": "2024-12-05T08:22:11.9982526+00:00",
    "ModifiedBy": ""
  },
  "responseStatus": 200,
  "prjId": "2afcf090-6588-4022-aa5e-49fca51f940e",
  "projectId": "2afcf090-6588-4022-aa5e-49fca51f940e"
}
 
13:55:16.728 [main] DEBUG com.intuit.karate - request:
1 > POST https://dev-drivetec-apis.schuecodigitalsolutions.com/Configurations
1 > Content-Type: application/json; charset=UTF-8
1 > Content-Length: 1275
1 > Host: dev-drivetec-apis.schuecodigitalsolutions.com
1 > Connection: Keep-Alive
1 > User-Agent: Apache-HttpClient/4.5.14 (Java/17.0.12)
1 > Accept-Encoding: gzip,deflate
{"Id":"00000000-0000-0000-0000-000000000000","ProjectId":"2afcf090-6588-4022-aa5e-49fca51f940e","Name":"Dataset6728","Description":"Dataset6728","CustomTags":"","CreatedBy":"579816e4-6653-4794-b435-a885f32e28d7","ModifiedBy":"579816e4-6653-4794-b435-a885f32e28d7","ApplicationName":1,"System":"","FacadeInclination":0,"OpeningType":1,"OpeningDirection":1,"OpeningWidth":1000,"VentOuterWidth":1230,"VentOuterHeight":1480,"VentWeight":70,"CalculateWeightWithGlass":false,"WeightIncGlassOrThickness":false,"GlassThickness":14,"ProfileWeightPerSerialMeter":2.5,"IsWindowOpeningCalculationByAngle":1,"RequiredOpeningStroke":400,"OpeningAngle":15,"WindLoad":120,"SnowLoad":0,"DrivePosition":2,"InstallationPosition":1,"ChainLengthConnectingRodHandle":5,"LockingMechanism":1,"Voltage":1,"DriveType":1,"TypeOfInstallation":2,"CalculationTypeForVentilation":1,"CalcVentilation":1,"GeometricArea":1,"SpecificExhaustDimension":30,"BuildingDepth":75,"RevealDepth":0,"RevealDepthRectangleAngle1":0,"RevealDepthRectangleAngle2":0,"HeightOfProfile":0,"HeightProfileRectangleAngle1":0,"HeightProfileRectangleAngle2":0,"AkippOrAtilt":0,"AdrehOrAturn":0,"Ageo":0,"MinPullingForceMax":0,"MinPushingForceMax":0,"MinPullingForcePermanent":0,"MinPushingForcePermanent":0,"ForceWithNegativeWind":0}

13:55:17.393 [main] DEBUG com.intuit.karate - response time in milliseconds: 665
1 < 200
1 < Content-Type: application/json; charset=utf-8
1 < Date: Thu, 05 Dec 2024 08:25:14 GMT
1 < Server: Microsoft-IIS/10.0
1 < X-Powered-By: ASP.NET
1 < Content-Length: 2032
1 < Connection: keep-alive
{
  "ProjectId": "2afcf090-6588-4022-aa5e-49fca51f940e",
  "Name": "Dataset6728",
  "Description": "Dataset6728",
  "CustomTags": "",
  "ApplicationName": 1,
  "OpeningType": 1,
  "OpeningDirection": 1,
  "CalculateWeightWithGlass": false,
  "WindLoad": 120,
  "IsWindowOpeningCalculationByAngle": 1,
  "VentOuterWidth": 1230,
  "VentOuterHeight": 1480,
  "WeightIncGlassOrThickness": false,
  "VentWeight": 77,
  "VentWeightExact": 77.26400000000001,
  "GlassThickness": 14,
  "ProfileWeightPerSerialMeter": 2.5,
  "FacadeInclination": 0,
  "ChainLengthConnectingRodHandle": 5,
  "ChainLenghtConnectingRodHandle": 0,
  "RequiredOpeningStroke": 400,
  "OpeningWidth": 1000,
  "OpeningAngle": 15.532868337024489,
  "SpecificExhaustDimension": 30,
  "BuildingDepth": 75,
  "SnowLoad": 0,
  "DistanceHinge": 0,
  "RatedCurrent": 0,
  "DrivePosition": 2,
  "LockingMechanism": 1,
  "Voltage": 1,
  "DriveType": 1,
  "TypeOfInstallation": 2,
  "GeometricArea": 0,
  "CalculationTypeForVentilation": 1,
  "HeightOfProfile": 0,
  "Reveal": 0,
  "RevealDepth": 0,
  "HeightProfileRectangleAngle1": 0,
  "HeightProfileRectangleAngle2": 0,
  "RevealDepthRectangleAngle1": 0,
  "RevealDepthRectangleAngle2": 0,
  "RevealDepthRectangleAngle12": 0,
  "InstallationPosition": 0,
  "RecommendedDriveArticleNo": 0,
  "System": "",
  "AkippOrAtilt": 1.084,
  "AdrehOrAturn": 1.8204,
  "Ageo": 1.084,
  "MinPullingForceMax": -206.4868442161654,
  "MinPushingForceMax": -206.4868442161654,
  "MinPullingForcePermanent": -104.11163259218097,
  "MinPushingForcePermanent": -104.11163259218097,
  "ForceWithNegativeWind": 109.53156767199486,
  "ForceWithNoWindMin": 0.30763693489047433,
  "ForceWithNegativeWindMin": 0,
  "ForceWithWindMin": -108.91629380221393,
  "Id": "5a45db2b-e3d0-4b4c-9d74-9f6ee6b56d8a",
  "CreatedOn": "2024-12-05T08:25:14.9114515+00:00",
  "CreatedBy": "579816e4-6653-4794-b435-a885f32e28d7",
  "ModifiedOn": "2024-12-05T08:25:14.9114525+00:00",
  "ModifiedBy": ""
}

13:55:17.394 [main] INFO  com.intuit.karate - Generated Config ID: 5a45db2b-e3d0-4b4c-9d74-9f6ee6b56d8a 
13:55:17.394 [main] INFO  com.intuit.karate - Generated Name: Dataset6728 
13:55:17.394 [main] INFO  com.intuit.karate - Generated Description: Dataset6728 
13:55:17.397 [main] DEBUG com.intuit.karate - request:
1 > PUT https://dev-drivetec-apis.schuecodigitalsolutions.com/Configurations
1 > Content-Type: application/json; charset=UTF-8
1 > Content-Length: 1283
1 > Host: dev-drivetec-apis.schuecodigitalsolutions.com
1 > Connection: Keep-Alive
1 > User-Agent: Apache-HttpClient/4.5.14 (Java/17.0.12)
1 > Accept-Encoding: gzip,deflate
{"Id":"5a45db2b-e3d0-4b4c-9d74-9f6ee6b56d8a","Name":"Dataset50","Description":"Dataset6728","ProjectId":"2afcf090-6588-4022-aa5e-49fca51f940e","CustomTags":"","CreatedBy":"579816e4-6653-4794-b435-a885f32e28d7","ModifiedBy":"579816e4-6653-4794-b435-a885f32e28d7","System":"","FacadeInclination":5,"OpeningType":2,"OpeningDirection":2,"OpeningWidth":1000,"VentOuterWidth":1230,"VentOuterHeight":1480,"VentWeight":152,"CalculateWeightWithGlass":false,"RequiredOpeningStroke":700,"WindLoad":120,"SnowLoad":0,"IsWindowOpeningCalculationByAngle":1,"GlassThickness":0,"ProfileWeightPerSerialMeter":0,"DrivePosition":1,"InstallationPosition":0,"LockingMechanism":1,"Voltage":1,"DriveType":1,"TypeOfInstallation":2,"GeometricArea":0,"CalcVentilation":1,"SpecificExhaustDimension":45,"BuildingDepth":90,"CalculationTypeForVentilation":1,"HeightOfProfile":150,"HeightProfileRectangleAngle1":150,"HeightProfileRectangleAngle2":150,"RevealDepth":150,"RevealDepthRectangleAngle1":150,"RevealDepthRectangleAngle2":150,"ChainLengthConnectingRodHandle":5,"ApplicationName":1,"OpeningAngle":74,"WeightIncGlassOrThickness":false,"AkippOrAtilt":0,"AdrehOrAturn":0,"Ageo":0,"MinPullingForceMax":0,"MinPushingForceMax":0,"MinPullingForcePermanent":0,"MinPushingForcePermanent":0,"ForceWithNegativeWind":0}

13:55:18.108 [main] DEBUG com.intuit.karate - response time in milliseconds: 710
1 < 200
1 < Content-Type: application/json; charset=utf-8
1 < Date: Thu, 05 Dec 2024 08:25:15 GMT
1 < Server: Microsoft-IIS/10.0
1 < X-Powered-By: ASP.NET
1 < Content-Length: 2060
1 < Connection: keep-alive
{
  "ProjectId": "2afcf090-6588-4022-aa5e-49fca51f940e",
  "Name": "Dataset50",
  "Description": "Dataset6728",
  "CustomTags": "",
  "ApplicationName": 1,
  "OpeningType": 2,
  "OpeningDirection": 2,
  "CalculateWeightWithGlass": false,
  "WindLoad": 120,
  "IsWindowOpeningCalculationByAngle": 1,
  "VentOuterWidth": 1230,
  "VentOuterHeight": 1480,
  "WeightIncGlassOrThickness": false,
  "VentWeight": 152,
  "VentWeightExact": 152,
  "GlassThickness": 0,
  "ProfileWeightPerSerialMeter": 0,
  "FacadeInclination": 5,
  "ChainLengthConnectingRodHandle": 5,
  "ChainLenghtConnectingRodHandle": 0,
  "RequiredOpeningStroke": 700,
  "OpeningWidth": 1000,
  "OpeningAngle": 27.358524544154548,
  "SpecificExhaustDimension": 45,
  "BuildingDepth": 90,
  "SnowLoad": 0,
  "DistanceHinge": 0,
  "RatedCurrent": 0,
  "DrivePosition": 1,
  "LockingMechanism": 1,
  "Voltage": 1,
  "DriveType": 1,
  "TypeOfInstallation": 2,
  "GeometricArea": 0,
  "CalculationTypeForVentilation": 1,
  "HeightOfProfile": 150,
  "Reveal": 0,
  "RevealDepth": 150,
  "HeightProfileRectangleAngle1": 150,
  "HeightProfileRectangleAngle2": 150,
  "RevealDepthRectangleAngle1": 150,
  "RevealDepthRectangleAngle2": 150,
  "RevealDepthRectangleAngle12": 0,
  "InstallationPosition": 0,
  "RecommendedDriveArticleNo": 0,
  "System": "",
  "AkippOrAtilt": 1.897,
  "AdrehOrAturn": 1.8204,
  "Ageo": 1.8204,
  "MinPullingForceMax": 42.80824660126247,
  "MinPushingForceMax": 394.23204783226566,
  "MinPullingForcePermanent": 298.15263837930263,
  "MinPushingForcePermanent": 298.15263837930263,
  "ForceWithNegativeWind": 202.0732289263396,
  "ForceWithNoWindMin": -65.60194105670064,
  "ForceWithNegativeWindMin": -174.01212871466373,
  "ForceWithWindMin": 42.80824660126247,
  "Id": "5a45db2b-e3d0-4b4c-9d74-9f6ee6b56d8a",
  "CreatedOn": "0001-01-01T00:00:00",
  "CreatedBy": "579816e4-6653-4794-b435-a885f32e28d7",
  "ModifiedOn": "2024-12-05T08:25:15.6251851+00:00",
  "ModifiedBy": "579816e4-6653-4794-b435-a885f32e28d7"
}

13:55:18.109 [main] INFO  com.intuit.karate - VentWeight from API Response: 152 
13:55:18.110 [main] INFO  com.intuit.karate - Rounded Opening Angle: 27.0 
13:55:18.110 [main] INFO  com.intuit.karate - Rounded Ageo: 1.82 
13:55:18.110 [main] INFO  com.intuit.karate - Rounded Required Opening Stroke: 700.0 
13:55:18.110 [main] INFO  com.intuit.karate - Rounded Vent Weight: 152.0 
13:55:18.114 [main] DEBUG com.intuit.karate - request:
2 > GET https://dev-drivetec-apis.schuecodigitalsolutions.com/Config/5a45db2b-e3d0-4b4c-9d74-9f6ee6b56d8a/Drive
2 > Host: dev-drivetec-apis.schuecodigitalsolutions.com
2 > Connection: Keep-Alive
2 > User-Agent: Apache-HttpClient/4.5.14 (Java/17.0.12)
2 > Accept-Encoding: gzip,deflate


13:55:18.798 [main] DEBUG com.intuit.karate - response time in milliseconds: 683
2 < 200
2 < Content-Type: application/json; charset=utf-8
2 < Date: Thu, 05 Dec 2024 08:25:15 GMT
2 < Server: Microsoft-IIS/10.0
2 < X-Powered-By: ASP.NET
2 < transfer-encoding: chunked
2 < Connection: keep-alive
[
  {
    "Name": "Chain actuator D6 800",
    "Bezeichnung": "Kettenantrieb D6 800",
    "ConfigurationId": "00000000-0000-0000-0000-000000000000",
    "Description": "",
    "Application": "Facade",
    "ApplicationFacade": true,
    "ApplicationSkylight": true,
    "Type": 1,
    "OpeningType": 0,
    "BottomHungInward": true,
    "BottomHungOutward": true,
    "SideHungInward": true,
    "SideHungOutward": true,
    "TopHungInward": false,
    "TopHungOutward": true,
    "ProjectedTopHungInward": false,
    "ProjectedTopHungOutward": false,
    "InstallationType": "",
    "ITMainOutFrmMountWBracket": true,
    "ITMainFixOutFrmMount": false,
    "ITMainVentFrmMount": true,
    "ITSideMount50": false,
    "ITSideMount60": false,
    "ITSideMount70": false,
    "ITSideMount80": false,
    "ITSideMount67": true,
    "Feature": "",
    "FeatureOpenClose": true,
    "FeatureLock": true,
    "ArticleNumber": 291717,
    "Stroke": 800,
    "Angle": 0,
    "Voltage": "24 V DC",
    "Voltage24": true,
    "Voltage230": false,
    "RatedCurrent": 1,
    "BreakingCurrent": 1,
    "PullingForceMax": 600,
    "PushingForceMax": 300,
    "PullingForceMaxWithNegativeWind": 0,
    "PushingForceMaxWithNegativeWind": 0,
    "PushingForcePermanent": 200,
    "PullingForcePermanent": 600,
    "MinPullingForceMax": 0,
    "MinPushingForceMax": 394.23,
    "MinPullingForcePermanent": 0,
    "MinPushingForcePermanent": 298.15,
    "Price": 387.92,
    "DriveLength": 794,
    "ChainDrive": 894,
    "ChainDrive2": 1748,
    "MaxLengthMainClosingEdge1Drive": 1920,
    "MaxGeometricArea": 2,
    "GeometricalSmokeExhaustion": 0,
    "TotalGlassThickness": 0,
    "Dimensions": 0,
    "DimensionsWxHxD": "794 x 40 x 56",
    "TensileForce": 0,
    "LockingForce": 0,
    "Details_DE": "<ul> <li>Bemessungsspannung: 24 V DC (19 V … 28 V)</li> <li>Abschaltstrom: 1,2 A</li> <li>Bemessungsstrom: 0,9 A</li> <li>Bemessungsaufnahme: 22 W</li> <li>Schutzart: IP 32</li> <li>Zug-/Schubkraft: max. 600 N</li> <li>Umgebungstemperatur: -5°C bis + 60°C</li> <li>Anschlussleitung: Halogenfrei, grau 5 x 0,5mm², ~3m</li> <li>Max. Geschwindigkeit: 13,5 mm/s</li> </ul>",
    "Details_EN": "<ul> <li>Rated voltage: 24 V DC (19 V … 28 V)</li><li>Breaking current: 1.2 A</li><li>Rated current: 0.9 A</li><li>Rated consumption: 22W</li><li>Protection rating: IP 32</li><li>Traction/ thrust: max. 600 N</li><li>Ambient temperature: -5° C to +60° C</li><li>Connecting cable: halogen-free, grey 3 x 0,5mm², ~3m</li><li>Max. speed: 13,5 mm/s</li></ul>",
    "Einsatz": "<ul><li>Anwendung: Lüftung, NRA</li> <li>Integrierte intelligente Regelelektronik</li></ul>",
    "Use": "<ul><li>Application: ventilation, natural smoke ventilation</li> <li>Integrated intelligent control electronics</li> </ul>",
    "Ausstattung": "<ul><li>Zusätzlicher Universal-Steckersatz für Mehrfachbetrieb bis zu 4 Antrieben und 2 Verriegelungsantrieben</li></ul>",
    "Equipment": "<ul><li>Additional universal plug socket for multiplex operation  of up to 4 drives and 2 interlocking drives</li></ul>",
    "Optionen": "<ul><li>Programmierung von Sonderfunktionen</li> <li>Programmierbare Rückmeldung Endlage „AUF“ (max. 24 V, 500 mA)</li> <li>Schüco Kontroller zur automatischen Konfiguration von Synchronlauf und Folgesteuerungen mit Verriegelungsantrieben in Antriebs-Verbundsystemen</li> </ul>",
    "Options": "<ul><li>Programming of special functions</li> <li>Programmable response for “OPEN” end position (max. 24 V, 500 mA)</li> <li>Schüco controller for automatic configuration of synchronous running and sequence control with locking drives in composite drive systems</li> </ul>",
    "IsTwoPce": false,
    "ResultVentWeight": 152,
    "IsLsRsDrive": false,
    "ArticleNumberRs": 0,
    "TwoDrivesSideInstallation50": 0,
    "TwoDrivesSideInstallation60": 0,
    "TwoDrivesSideInstallation70": 0,
    "TwoDrivesSideInstallation80": 0,
    "OpeningSpeedmms": 0,
    "Traction": 600,
    "Thrust": 300,
    "Id": "e9fa5654-1773-4646-9949-a237ab4f4797",
    "CreatedOn": "2024-09-26T13:55:26.817Z",
    "CreatedBy": "",
    "ModifiedOn": "2024-09-26T13:55:26.817Z",
    "ModifiedBy": ""
  },
  {
    "Name": "Locking actuator EasyConnect ow",
    "Bezeichnung": "Verriegelungsantrieb EasyConnect ow",
    "ConfigurationId": "00000000-0000-0000-0000-000000000000",
    "Description": "",
    "Application": "",
    "ApplicationFacade": true,
    "ApplicationSkylight": false,
    "Type": 5,
    "OpeningType": 0,
    "BottomHungInward": false,
    "BottomHungOutward": false,
    "SideHungInward": false,
    "SideHungOutward": true,
    "TopHungInward": false,
    "TopHungOutward": true,
    "ProjectedTopHungInward": false,
    "ProjectedTopHungOutward": true,
    "InstallationType": "",
    "ITMainOutFrmMountWBracket": true,
    "ITMainFixOutFrmMount": false,
    "ITMainVentFrmMount": false,
    "ITSideMount50": false,
    "ITSideMount60": false,
    "ITSideMount70": false,
    "ITSideMount80": false,
    "ITSideMount67": false,
    "Feature": "",
    "FeatureOpenClose": true,
    "FeatureLock": false,
    "ArticleNumber": 291589,
    "Stroke": 0,
    "Angle": 0,
    "Voltage": null,
    "Voltage24": true,
    "Voltage230": true,
    "RatedCurrent": 0,
    "BreakingCurrent": 0,
    "PullingForceMax": 0,
    "PushingForceMax": 0,
    "PullingForceMaxWithNegativeWind": 0,
    "PushingForceMaxWithNegativeWind": 0,
    "PushingForcePermanent": 0,
    "PullingForcePermanent": 0,
    "MinPullingForceMax": 0,
    "MinPushingForceMax": 0,
    "MinPullingForcePermanent": 0,
    "MinPushingForcePermanent": 0,
    "Price": 0,
    "DriveLength": 0,
    "ChainDrive": 0,
    "ChainDrive2": 0,
    "MaxLengthMainClosingEdge1Drive": 0,
    "MaxGeometricArea": 0,
    "GeometricalSmokeExhaustion": 0,
    "TotalGlassThickness": 0,
    "Dimensions": 0,
    "DimensionsWxHxD": "375 x 24 x 35",
    "TensileForce": 0,
    "LockingForce": 0,
    "Details_DE": "<ul> <li>Bemessungsspannung: 24 V DC (19 V … 28 V)</li> <li>Abschaltstrom: ~1,0 A</li> <li>Bemessungsstrom: 0,6 A</li> <li>Bemessungsaufnahme: 15 W</li> <li>Schutzart: IP 32</li><li>Zug-/Schubkraft: max. 600 N</li> <li>Umgebungstemperatur: -5°C bis + 60°C</li> <li>Anschlussleitung: Halogenfrei, grau 5 x 0,5mm² , ~5m</li> <li>Laufzeit: ~ 5s</li><li>Hub: ~ 18mm</li> </ul>",
    "Details_EN": "<ul> <li>Rated voltage : 24 V DC (19 V … 28 V</li> <li>Breaking current : ~1,0 A</li> <li>Rated current : 0,6 A</li> <li>Rated consumption : 15 W</li> <li>Protection rating : IP 32</li><li>Traction/ thrust : max. 600 N</li> <li>Ambient temperature: -5°C bis + 60°C</li> <li>Connecting cable: halogen-free, grey 5 x 0,5mm² , ~5m</li> <li>Running time: ~ 5s</li><li>Stroke: ~ 18mm</li> </ul>",
    "Einsatz": "<ul> <li>Anwendung: Lüftung, NRA</li><li>Integrierte intelligente Regelelektronik</li></ul>",
    "Use": "<ul> <li>Application: ventilation, natural smoke ventilation</li> <li>Integrated intelligent control electronics</li></ul>",
    "Ausstattung": "<ul><li>Laufrichtung einstellbar</li><li>Zusätzlicher Universal-Steckersatz</li></ul>",
    "Equipment": "<ul><li>Running direction adjustable</li><li>Additional universal plug socket</li></ul>",
    "Optionen": "<ul> <li>Mitnehmer objekt-/profilspezifisch anpassbar</li></ul>",
    "Options": "<ul> <li>Coupling adapter customizable for project-/profile-specific demands</li></ul>",
    "IsTwoPce": false,
    "ResultVentWeight": 0,
    "IsLsRsDrive": false,
    "ArticleNumberRs": 0,
    "TwoDrivesSideInstallation50": 0,
    "TwoDrivesSideInstallation60": 0,
    "TwoDrivesSideInstallation70": 0,
    "TwoDrivesSideInstallation80": 0,
    "OpeningSpeedmms": 0,
    "Traction": 0,
    "Thrust": 0,
    "Id": "ebe9753c-e5d7-4140-afe0-9f98bf25df99",
    "CreatedOn": "2024-09-26T13:55:26.817Z",
    "CreatedBy": "",
    "ModifiedOn": "2024-09-26T13:55:26.817Z",
    "ModifiedBy": ""
  }
]

13:55:18.802 [main] INFO  com.intuit.karate - Expected RecommDrive: Chain actuator D6 800,Locking actuator EasyConnect ow 
13:55:18.802 [main] INFO  com.intuit.karate - Actual RecommDrive: Chain actuator D6 800, Locking actuator EasyConnect ow 
13:55:18.803 [main] INFO  com.intuit.karate - Normalized Actual RecommDrive: Chain actuator D6 800,Locking actuator EasyConnect ow 
13:55:18.803 [main] INFO  com.intuit.karate - Normalized Expected RecommDrive: Chain actuator D6 800,Locking actuator EasyConnect ow 
13:55:18.803 [main] INFO  com.intuit.karate - All Drive IDs: [
  "e9fa5654-1773-4646-9949-a237ab4f4797",
  "ebe9753c-e5d7-4140-afe0-9f98bf25df99"
]
 
13:55:18.804 [main] INFO  com.intuit.karate - First Drive ID: e9fa5654-1773-4646-9949-a237ab4f4797 
13:55:18.805 [main] DEBUG com.intuit.karate - request:
3 > POST https://dev-drivetec-apis.schuecodigitalsolutions.com/api/Drives/DownloadPDFNew/Schuco
3 > Content-Type: application/json; charset=UTF-8
3 > Content-Length: 1194
3 > Host: dev-drivetec-apis.schuecodigitalsolutions.com
3 > Connection: Keep-Alive
3 > User-Agent: Apache-HttpClient/4.5.14 (Java/17.0.12)
3 > Accept-Encoding: gzip,deflate
[{"Id":"configId","Header":"configId","Value":"5a45db2b-e3d0-4b4c-9d74-9f6ee6b56d8a"},{"Id":"driveId","Header":"driveId","Value":"e9fa5654-1773-4646-9949-a237ab4f4797"},{"Id":"culture","Header":"culture","Value":"EN-US"},{"Id":"projectId","Header":"projectId","Value":"2afcf090-6588-4022-aa5e-49fca51f940e"},{"Id":"range-of-app","Header":"Range of application","Value":"Façade"},{"Id":"opening-type","Header":"Opening type","Value":"Bottom-hung vent"},{"Id":"opening-direction","Header":"Opening direction","Value":"Inward"},{"Id":"how-calc-weight","Header":"Vent weight","Value":"Weight including glass"},{"Id":"Chain-Length","Header":"Chain- \/ connecting rod handle","Value":"100%"},{"Id":"drive-position","Header":"Drive position","Value":"Side installation"},{"Id":"locking-mechanism","Header":"Locking mechanism","Value":"With"},{"Id":"voltage","Header":"Voltage","Value":"24 V"},{"Id":"drive-type","Header":"Drive type","Value":"Chain drive"},{"Id":"type-installation","Header":"Type of installation","Value":"Pivoting Outer Frame Installation"},{"Id":"calculation-type-for-ventilation-area","Header":"Calculation type for ventilation area","Value":"Method in accordance with ASR 3.6"}]

13:55:20.883 [main] DEBUG com.intuit.karate - response time in milliseconds: 2076
3 < 200
3 < Content-Type: application/json; charset=utf-8
3 < Date: Thu, 05 Dec 2024 08:25:18 GMT
3 < Server: Microsoft-IIS/10.0
3 < X-Powered-By: ASP.NET
3 < Content-Length: 280
3 < Connection: keep-alive
{
  "result": "https://drive-tec-dev.s3.amazonaws.com/AUT_TPJ33518-Chain_actuator_D6_800.pdf?AWSAccessKeyId=AKIAZAWIART4ZFAXXPHK&Expires=1733390718&response-content-disposition=attachment%3B&response-content-type=application%2Fpdf&Signature=zOhO8qzbz%2FR%2BZsjAhl3leGhgYS8%3D"
}

13:55:20.883 [main] INFO  com.intuit.karate - Download URL for first driveId: https://drive-tec-dev.s3.amazonaws.com/AUT_TPJ33518-Chain_actuator_D6_800.pdf?AWSAccessKeyId=AKIAZAWIART4ZFAXXPHK&Expires=1733390718&response-content-disposition=attachment%3B&response-content-type=application%2Fpdf&Signature=zOhO8qzbz%2FR%2BZsjAhl3leGhgYS8%3D 
13:55:20.888 [main] INFO  com.intuit.karate - karate.env system property was: null 
13:55:20.889 [main] INFO  com.intuit.karate - Running test for dataset:  Dataset51 
13:55:20.894 [main] INFO  com.intuit.karate - Using ProjectId:  {
  "result": {
    "projectId": "prjId"
  },
  "projectPayload": {
    "Id": "579816e4-6653-4794-b435-a885f32e28d7",
    "Name": "AUT_TPJ33518",
    "Address": "Hyderabad, Telangana, India",
    "Description": "",
    "CreatedBy": "579816e4-6653-4794-b435-a885f32e28d7",
    "ModifiedBy": "579816e4-6653-4794-b435-a885f32e28d7"
  },
  "uniqueName": "AUT_TPJ33518",
  "responseHeaders": {
    "Content-Type": [
      "application/json; charset=utf-8"
    ],
    "Date": [
      "Thu, 05 Dec 2024 08:22:12 GMT"
    ],
    "Server": [
      "Microsoft-IIS/10.0"
    ],
    "X-Powered-By": [
      "ASP.NET"
    ],
    "transfer-encoding": [
      "chunked"
    ],
    "Connection": [
      "keep-alive"
    ],
    "Set-Cookie": [
    ]
  },
  "responseTime": 841,
  "response": {
    "Name": "AUT_TPJ33518",
    "Description": "",
    "Address": "Hyderabad, Telangana, India",
    "Id": "2afcf090-6588-4022-aa5e-49fca51f940e",
    "CreatedOn": "2024-12-05T08:22:11.998251+00:00",
    "CreatedBy": "579816e4-6653-4794-b435-a885f32e28d7",
    "ModifiedOn": "2024-12-05T08:22:11.9982526+00:00",
    "ModifiedBy": ""
  },
  "responseStatus": 200,
  "prjId": "2afcf090-6588-4022-aa5e-49fca51f940e",
  "projectId": "2afcf090-6588-4022-aa5e-49fca51f940e"
}
 
13:55:20.896 [main] DEBUG com.intuit.karate - request:
1 > POST https://dev-drivetec-apis.schuecodigitalsolutions.com/Configurations
1 > Content-Type: application/json; charset=UTF-8
1 > Content-Length: 1275
1 > Host: dev-drivetec-apis.schuecodigitalsolutions.com
1 > Connection: Keep-Alive
1 > User-Agent: Apache-HttpClient/4.5.14 (Java/17.0.12)
1 > Accept-Encoding: gzip,deflate
{"Id":"00000000-0000-0000-0000-000000000000","ProjectId":"2afcf090-6588-4022-aa5e-49fca51f940e","Name":"Dataset0895","Description":"Dataset0895","CustomTags":"","CreatedBy":"579816e4-6653-4794-b435-a885f32e28d7","ModifiedBy":"579816e4-6653-4794-b435-a885f32e28d7","ApplicationName":1,"System":"","FacadeInclination":0,"OpeningType":1,"OpeningDirection":1,"OpeningWidth":1000,"VentOuterWidth":1230,"VentOuterHeight":1480,"VentWeight":70,"CalculateWeightWithGlass":false,"WeightIncGlassOrThickness":false,"GlassThickness":14,"ProfileWeightPerSerialMeter":2.5,"IsWindowOpeningCalculationByAngle":1,"RequiredOpeningStroke":400,"OpeningAngle":15,"WindLoad":120,"SnowLoad":0,"DrivePosition":2,"InstallationPosition":1,"ChainLengthConnectingRodHandle":5,"LockingMechanism":1,"Voltage":1,"DriveType":1,"TypeOfInstallation":2,"CalculationTypeForVentilation":1,"CalcVentilation":1,"GeometricArea":1,"SpecificExhaustDimension":30,"BuildingDepth":75,"RevealDepth":0,"RevealDepthRectangleAngle1":0,"RevealDepthRectangleAngle2":0,"HeightOfProfile":0,"HeightProfileRectangleAngle1":0,"HeightProfileRectangleAngle2":0,"AkippOrAtilt":0,"AdrehOrAturn":0,"Ageo":0,"MinPullingForceMax":0,"MinPushingForceMax":0,"MinPullingForcePermanent":0,"MinPushingForcePermanent":0,"ForceWithNegativeWind":0}

13:55:21.543 [main] DEBUG com.intuit.karate - response time in milliseconds: 646
1 < 200
1 < Content-Type: application/json; charset=utf-8
1 < Date: Thu, 05 Dec 2024 08:25:18 GMT
1 < Server: Microsoft-IIS/10.0
1 < X-Powered-By: ASP.NET
1 < Content-Length: 2032
1 < Connection: keep-alive
{
  "ProjectId": "2afcf090-6588-4022-aa5e-49fca51f940e",
  "Name": "Dataset0895",
  "Description": "Dataset0895",
  "CustomTags": "",
  "ApplicationName": 1,
  "OpeningType": 1,
  "OpeningDirection": 1,
  "CalculateWeightWithGlass": false,
  "WindLoad": 120,
  "IsWindowOpeningCalculationByAngle": 1,
  "VentOuterWidth": 1230,
  "VentOuterHeight": 1480,
  "WeightIncGlassOrThickness": false,
  "VentWeight": 77,
  "VentWeightExact": 77.26400000000001,
  "GlassThickness": 14,
  "ProfileWeightPerSerialMeter": 2.5,
  "FacadeInclination": 0,
  "ChainLengthConnectingRodHandle": 5,
  "ChainLenghtConnectingRodHandle": 0,
  "RequiredOpeningStroke": 400,
  "OpeningWidth": 1000,
  "OpeningAngle": 15.532868337024489,
  "SpecificExhaustDimension": 30,
  "BuildingDepth": 75,
  "SnowLoad": 0,
  "DistanceHinge": 0,
  "RatedCurrent": 0,
  "DrivePosition": 2,
  "LockingMechanism": 1,
  "Voltage": 1,
  "DriveType": 1,
  "TypeOfInstallation": 2,
  "GeometricArea": 0,
  "CalculationTypeForVentilation": 1,
  "HeightOfProfile": 0,
  "Reveal": 0,
  "RevealDepth": 0,
  "HeightProfileRectangleAngle1": 0,
  "HeightProfileRectangleAngle2": 0,
  "RevealDepthRectangleAngle1": 0,
  "RevealDepthRectangleAngle2": 0,
  "RevealDepthRectangleAngle12": 0,
  "InstallationPosition": 0,
  "RecommendedDriveArticleNo": 0,
  "System": "",
  "AkippOrAtilt": 1.084,
  "AdrehOrAturn": 1.8204,
  "Ageo": 1.084,
  "MinPullingForceMax": -206.4868442161654,
  "MinPushingForceMax": -206.4868442161654,
  "MinPullingForcePermanent": -104.11163259218097,
  "MinPushingForcePermanent": -104.11163259218097,
  "ForceWithNegativeWind": 109.53156767199486,
  "ForceWithNoWindMin": 0.30763693489047433,
  "ForceWithNegativeWindMin": 0,
  "ForceWithWindMin": -108.91629380221393,
  "Id": "33044b4f-6e5a-41f0-8554-ae166c0743b0",
  "CreatedOn": "2024-12-05T08:25:19.0590251+00:00",
  "CreatedBy": "579816e4-6653-4794-b435-a885f32e28d7",
  "ModifiedOn": "2024-12-05T08:25:19.0590261+00:00",
  "ModifiedBy": ""
}

13:55:21.546 [main] INFO  com.intuit.karate - Generated Config ID: 33044b4f-6e5a-41f0-8554-ae166c0743b0 
13:55:21.546 [main] INFO  com.intuit.karate - Generated Name: Dataset0895 
13:55:21.546 [main] INFO  com.intuit.karate - Generated Description: Dataset0895 
13:55:21.550 [main] DEBUG com.intuit.karate - request:
1 > PUT https://dev-drivetec-apis.schuecodigitalsolutions.com/Configurations
1 > Content-Type: application/json; charset=UTF-8
1 > Content-Length: 1283
1 > Host: dev-drivetec-apis.schuecodigitalsolutions.com
1 > Connection: Keep-Alive
1 > User-Agent: Apache-HttpClient/4.5.14 (Java/17.0.12)
1 > Accept-Encoding: gzip,deflate
{"Id":"33044b4f-6e5a-41f0-8554-ae166c0743b0","Name":"Dataset51","Description":"Dataset0895","ProjectId":"2afcf090-6588-4022-aa5e-49fca51f940e","CustomTags":"","CreatedBy":"579816e4-6653-4794-b435-a885f32e28d7","ModifiedBy":"579816e4-6653-4794-b435-a885f32e28d7","System":"","FacadeInclination":5,"OpeningType":2,"OpeningDirection":2,"OpeningWidth":1000,"VentOuterWidth":1230,"VentOuterHeight":1480,"VentWeight":153,"CalculateWeightWithGlass":false,"RequiredOpeningStroke":700,"WindLoad":120,"SnowLoad":0,"IsWindowOpeningCalculationByAngle":1,"GlassThickness":0,"ProfileWeightPerSerialMeter":0,"DrivePosition":1,"InstallationPosition":0,"LockingMechanism":1,"Voltage":1,"DriveType":1,"TypeOfInstallation":2,"GeometricArea":0,"CalcVentilation":1,"SpecificExhaustDimension":45,"BuildingDepth":90,"CalculationTypeForVentilation":1,"HeightOfProfile":150,"HeightProfileRectangleAngle1":150,"HeightProfileRectangleAngle2":150,"RevealDepth":150,"RevealDepthRectangleAngle1":150,"RevealDepthRectangleAngle2":150,"ChainLengthConnectingRodHandle":5,"ApplicationName":1,"OpeningAngle":74,"WeightIncGlassOrThickness":false,"AkippOrAtilt":0,"AdrehOrAturn":0,"Ageo":0,"MinPullingForceMax":0,"MinPushingForceMax":0,"MinPullingForcePermanent":0,"MinPushingForcePermanent":0,"ForceWithNegativeWind":0}

13:55:22.221 [main] DEBUG com.intuit.karate - response time in milliseconds: 670
1 < 200
1 < Content-Type: application/json; charset=utf-8
1 < Date: Thu, 05 Dec 2024 08:25:19 GMT
1 < Server: Microsoft-IIS/10.0
1 < X-Powered-By: ASP.NET
1 < Content-Length: 2060
1 < Connection: keep-alive
{
  "ProjectId": "2afcf090-6588-4022-aa5e-49fca51f940e",
  "Name": "Dataset51",
  "Description": "Dataset0895",
  "CustomTags": "",
  "ApplicationName": 1,
  "OpeningType": 2,
  "OpeningDirection": 2,
  "CalculateWeightWithGlass": false,
  "WindLoad": 120,
  "IsWindowOpeningCalculationByAngle": 1,
  "VentOuterWidth": 1230,
  "VentOuterHeight": 1480,
  "WeightIncGlassOrThickness": false,
  "VentWeight": 153,
  "VentWeightExact": 153,
  "GlassThickness": 0,
  "ProfileWeightPerSerialMeter": 0,
  "FacadeInclination": 5,
  "ChainLengthConnectingRodHandle": 5,
  "ChainLenghtConnectingRodHandle": 0,
  "RequiredOpeningStroke": 700,
  "OpeningWidth": 1000,
  "OpeningAngle": 27.358524544154548,
  "SpecificExhaustDimension": 45,
  "BuildingDepth": 90,
  "SnowLoad": 0,
  "DistanceHinge": 0,
  "RatedCurrent": 0,
  "DrivePosition": 1,
  "LockingMechanism": 1,
  "Voltage": 1,
  "DriveType": 1,
  "TypeOfInstallation": 2,
  "GeometricArea": 0,
  "CalculationTypeForVentilation": 1,
  "HeightOfProfile": 150,
  "Reveal": 0,
  "RevealDepth": 150,
  "HeightProfileRectangleAngle1": 150,
  "HeightProfileRectangleAngle2": 150,
  "RevealDepthRectangleAngle1": 150,
  "RevealDepthRectangleAngle2": 150,
  "RevealDepthRectangleAngle12": 0,
  "InstallationPosition": 0,
  "RecommendedDriveArticleNo": 0,
  "System": "",
  "AkippOrAtilt": 1.897,
  "AdrehOrAturn": 1.8204,
  "Ageo": 1.8204,
  "MinPullingForceMax": 42.376654883784184,
  "MinPushingForceMax": 396.19357834791896,
  "MinPullingForcePermanent": 300.1141688949559,
  "MinPushingForcePermanent": 300.1141688949559,
  "ForceWithNegativeWind": 204.0347594419929,
  "ForceWithNoWindMin": -66.03353277417892,
  "ForceWithNegativeWindMin": -174.44372043214202,
  "ForceWithWindMin": 42.376654883784184,
  "Id": "33044b4f-6e5a-41f0-8554-ae166c0743b0",
  "CreatedOn": "0001-01-01T00:00:00",
  "CreatedBy": "579816e4-6653-4794-b435-a885f32e28d7",
  "ModifiedOn": "2024-12-05T08:25:19.7229044+00:00",
  "ModifiedBy": "579816e4-6653-4794-b435-a885f32e28d7"
}

13:55:22.222 [main] INFO  com.intuit.karate - VentWeight from API Response: 153 
13:55:22.223 [main] INFO  com.intuit.karate - Rounded Opening Angle: 27.0 
13:55:22.224 [main] INFO  com.intuit.karate - Rounded Ageo: 1.82 
13:55:22.225 [main] INFO  com.intuit.karate - Rounded Required Opening Stroke: 700.0 
13:55:22.225 [main] INFO  com.intuit.karate - Rounded Vent Weight: 153.0 
13:55:22.226 [main] DEBUG com.intuit.karate - request:
2 > GET https://dev-drivetec-apis.schuecodigitalsolutions.com/Config/33044b4f-6e5a-41f0-8554-ae166c0743b0/Drive
2 > Host: dev-drivetec-apis.schuecodigitalsolutions.com
2 > Connection: Keep-Alive
2 > User-Agent: Apache-HttpClient/4.5.14 (Java/17.0.12)
2 > Accept-Encoding: gzip,deflate


13:55:22.886 [main] DEBUG com.intuit.karate - response time in milliseconds: 657
2 < 200
2 < Content-Type: application/json; charset=utf-8
2 < Date: Thu, 05 Dec 2024 08:25:19 GMT
2 < Server: Microsoft-IIS/10.0
2 < X-Powered-By: ASP.NET
2 < Content-Length: 3811
2 < Connection: keep-alive
[
  {
    "Name": "Locking actuator EasyConnect ow",
    "Bezeichnung": "Verriegelungsantrieb EasyConnect ow",
    "ConfigurationId": "00000000-0000-0000-0000-000000000000",
    "Description": "",
    "Application": "",
    "ApplicationFacade": true,
    "ApplicationSkylight": false,
    "Type": 5,
    "OpeningType": 0,
    "BottomHungInward": false,
    "BottomHungOutward": false,
    "SideHungInward": false,
    "SideHungOutward": true,
    "TopHungInward": false,
    "TopHungOutward": true,
    "ProjectedTopHungInward": false,
    "ProjectedTopHungOutward": true,
    "InstallationType": "",
    "ITMainOutFrmMountWBracket": true,
    "ITMainFixOutFrmMount": false,
    "ITMainVentFrmMount": false,
    "ITSideMount50": false,
    "ITSideMount60": false,
    "ITSideMount70": false,
    "ITSideMount80": false,
    "ITSideMount67": false,
    "Feature": "",
    "FeatureOpenClose": true,
    "FeatureLock": false,
    "ArticleNumber": 291589,
    "Stroke": 0,
    "Angle": 0,
    "Voltage": null,
    "Voltage24": true,
    "Voltage230": true,
    "RatedCurrent": 0,
    "BreakingCurrent": 0,
    "PullingForceMax": 0,
    "PushingForceMax": 0,
    "PullingForceMaxWithNegativeWind": 0,
    "PushingForceMaxWithNegativeWind": 0,
    "PushingForcePermanent": 0,
    "PullingForcePermanent": 0,
    "MinPullingForceMax": 0,
    "MinPushingForceMax": 0,
    "MinPullingForcePermanent": 0,
    "MinPushingForcePermanent": 0,
    "Price": 0,
    "DriveLength": 0,
    "ChainDrive": 0,
    "ChainDrive2": 0,
    "MaxLengthMainClosingEdge1Drive": 0,
    "MaxGeometricArea": 0,
    "GeometricalSmokeExhaustion": 0,
    "TotalGlassThickness": 0,
    "Dimensions": 0,
    "DimensionsWxHxD": "375 x 24 x 35",
    "TensileForce": 0,
    "LockingForce": 0,
    "Details_DE": "<ul> <li>Bemessungsspannung: 24 V DC (19 V … 28 V)</li> <li>Abschaltstrom: ~1,0 A</li> <li>Bemessungsstrom: 0,6 A</li> <li>Bemessungsaufnahme: 15 W</li> <li>Schutzart: IP 32</li><li>Zug-/Schubkraft: max. 600 N</li> <li>Umgebungstemperatur: -5°C bis + 60°C</li> <li>Anschlussleitung: Halogenfrei, grau 5 x 0,5mm² , ~5m</li> <li>Laufzeit: ~ 5s</li><li>Hub: ~ 18mm</li> </ul>",
    "Details_EN": "<ul> <li>Rated voltage : 24 V DC (19 V … 28 V</li> <li>Breaking current : ~1,0 A</li> <li>Rated current : 0,6 A</li> <li>Rated consumption : 15 W</li> <li>Protection rating : IP 32</li><li>Traction/ thrust : max. 600 N</li> <li>Ambient temperature: -5°C bis + 60°C</li> <li>Connecting cable: halogen-free, grey 5 x 0,5mm² , ~5m</li> <li>Running time: ~ 5s</li><li>Stroke: ~ 18mm</li> </ul>",
    "Einsatz": "<ul> <li>Anwendung: Lüftung, NRA</li><li>Integrierte intelligente Regelelektronik</li></ul>",
    "Use": "<ul> <li>Application: ventilation, natural smoke ventilation</li> <li>Integrated intelligent control electronics</li></ul>",
    "Ausstattung": "<ul><li>Laufrichtung einstellbar</li><li>Zusätzlicher Universal-Steckersatz</li></ul>",
    "Equipment": "<ul><li>Running direction adjustable</li><li>Additional universal plug socket</li></ul>",
    "Optionen": "<ul> <li>Mitnehmer objekt-/profilspezifisch anpassbar</li></ul>",
    "Options": "<ul> <li>Coupling adapter customizable for project-/profile-specific demands</li></ul>",
    "IsTwoPce": false,
    "ResultVentWeight": 0,
    "IsLsRsDrive": false,
    "ArticleNumberRs": 0,
    "TwoDrivesSideInstallation50": 0,
    "TwoDrivesSideInstallation60": 0,
    "TwoDrivesSideInstallation70": 0,
    "TwoDrivesSideInstallation80": 0,
    "OpeningSpeedmms": 0,
    "Traction": 0,
    "Thrust": 0,
    "Id": "ebe9753c-e5d7-4140-afe0-9f98bf25df99",
    "CreatedOn": "2024-09-26T13:55:26.817Z",
    "CreatedBy": "",
    "ModifiedOn": "2024-09-26T13:55:26.817Z",
    "ModifiedBy": ""
  }
]

13:55:22.888 [main] INFO  com.intuit.karate - Expected RecommDrive: Locking actuator EasyConnect ow 
13:55:22.888 [main] INFO  com.intuit.karate - Actual RecommDrive: Locking actuator EasyConnect ow 
13:55:22.889 [main] INFO  com.intuit.karate - Normalized Actual RecommDrive: Locking actuator EasyConnect ow 
13:55:22.889 [main] INFO  com.intuit.karate - Normalized Expected RecommDrive: Locking actuator EasyConnect ow 
13:55:22.889 [main] INFO  com.intuit.karate - All Drive IDs: [
  "ebe9753c-e5d7-4140-afe0-9f98bf25df99"
]
 
13:55:22.890 [main] INFO  com.intuit.karate - First Drive ID: ebe9753c-e5d7-4140-afe0-9f98bf25df99 
13:55:22.891 [main] DEBUG com.intuit.karate - request:
3 > POST https://dev-drivetec-apis.schuecodigitalsolutions.com/api/Drives/DownloadPDFNew/Schuco
3 > Content-Type: application/json; charset=UTF-8
3 > Content-Length: 1194
3 > Host: dev-drivetec-apis.schuecodigitalsolutions.com
3 > Connection: Keep-Alive
3 > User-Agent: Apache-HttpClient/4.5.14 (Java/17.0.12)
3 > Accept-Encoding: gzip,deflate
[{"Id":"configId","Header":"configId","Value":"33044b4f-6e5a-41f0-8554-ae166c0743b0"},{"Id":"driveId","Header":"driveId","Value":"ebe9753c-e5d7-4140-afe0-9f98bf25df99"},{"Id":"culture","Header":"culture","Value":"EN-US"},{"Id":"projectId","Header":"projectId","Value":"2afcf090-6588-4022-aa5e-49fca51f940e"},{"Id":"range-of-app","Header":"Range of application","Value":"Façade"},{"Id":"opening-type","Header":"Opening type","Value":"Bottom-hung vent"},{"Id":"opening-direction","Header":"Opening direction","Value":"Inward"},{"Id":"how-calc-weight","Header":"Vent weight","Value":"Weight including glass"},{"Id":"Chain-Length","Header":"Chain- \/ connecting rod handle","Value":"100%"},{"Id":"drive-position","Header":"Drive position","Value":"Side installation"},{"Id":"locking-mechanism","Header":"Locking mechanism","Value":"With"},{"Id":"voltage","Header":"Voltage","Value":"24 V"},{"Id":"drive-type","Header":"Drive type","Value":"Chain drive"},{"Id":"type-installation","Header":"Type of installation","Value":"Pivoting Outer Frame Installation"},{"Id":"calculation-type-for-ventilation-area","Header":"Calculation type for ventilation area","Value":"Method in accordance with ASR 3.6"}]

13:55:24.463 [main] DEBUG com.intuit.karate - response time in milliseconds: 1571
3 < 200
3 < Content-Type: application/json; charset=utf-8
3 < Date: Thu, 05 Dec 2024 08:25:21 GMT
3 < Server: Microsoft-IIS/10.0
3 < X-Powered-By: ASP.NET
3 < Content-Length: 286
3 < Connection: keep-alive
{
  "result": "https://drive-tec-dev.s3.amazonaws.com/AUT_TPJ33518-Locking_actuator_EasyConnect_ow.pdf?AWSAccessKeyId=AKIAZAWIART4ZFAXXPHK&Expires=1733390722&response-content-disposition=attachment%3B&response-content-type=application%2Fpdf&Signature=2gYecVY6B6tsSzFY7cqDkgaotgk%3D"
}

13:55:24.464 [main] INFO  com.intuit.karate - Download URL for first driveId: https://drive-tec-dev.s3.amazonaws.com/AUT_TPJ33518-Locking_actuator_EasyConnect_ow.pdf?AWSAccessKeyId=AKIAZAWIART4ZFAXXPHK&Expires=1733390722&response-content-disposition=attachment%3B&response-content-type=application%2Fpdf&Signature=2gYecVY6B6tsSzFY7cqDkgaotgk%3D 
13:55:24.468 [main] INFO  com.intuit.karate - karate.env system property was: null 
13:55:24.470 [main] INFO  com.intuit.karate - Running test for dataset:  Dataset52 
13:55:24.475 [main] INFO  com.intuit.karate - Using ProjectId:  {
  "result": {
    "projectId": "prjId"
  },
  "projectPayload": {
    "Id": "579816e4-6653-4794-b435-a885f32e28d7",
    "Name": "AUT_TPJ33518",
    "Address": "Hyderabad, Telangana, India",
    "Description": "",
    "CreatedBy": "579816e4-6653-4794-b435-a885f32e28d7",
    "ModifiedBy": "579816e4-6653-4794-b435-a885f32e28d7"
  },
  "uniqueName": "AUT_TPJ33518",
  "responseHeaders": {
    "Content-Type": [
      "application/json; charset=utf-8"
    ],
    "Date": [
      "Thu, 05 Dec 2024 08:22:12 GMT"
    ],
    "Server": [
      "Microsoft-IIS/10.0"
    ],
    "X-Powered-By": [
      "ASP.NET"
    ],
    "transfer-encoding": [
      "chunked"
    ],
    "Connection": [
      "keep-alive"
    ],
    "Set-Cookie": [
    ]
  },
  "responseTime": 841,
  "response": {
    "Name": "AUT_TPJ33518",
    "Description": "",
    "Address": "Hyderabad, Telangana, India",
    "Id": "2afcf090-6588-4022-aa5e-49fca51f940e",
    "CreatedOn": "2024-12-05T08:22:11.998251+00:00",
    "CreatedBy": "579816e4-6653-4794-b435-a885f32e28d7",
    "ModifiedOn": "2024-12-05T08:22:11.9982526+00:00",
    "ModifiedBy": ""
  },
  "responseStatus": 200,
  "prjId": "2afcf090-6588-4022-aa5e-49fca51f940e",
  "projectId": "2afcf090-6588-4022-aa5e-49fca51f940e"
}
 
13:55:24.476 [main] DEBUG com.intuit.karate - request:
1 > POST https://dev-drivetec-apis.schuecodigitalsolutions.com/Configurations
1 > Content-Type: application/json; charset=UTF-8
1 > Content-Length: 1275
1 > Host: dev-drivetec-apis.schuecodigitalsolutions.com
1 > Connection: Keep-Alive
1 > User-Agent: Apache-HttpClient/4.5.14 (Java/17.0.12)
1 > Accept-Encoding: gzip,deflate
{"Id":"00000000-0000-0000-0000-000000000000","ProjectId":"2afcf090-6588-4022-aa5e-49fca51f940e","Name":"Dataset4476","Description":"Dataset4476","CustomTags":"","CreatedBy":"579816e4-6653-4794-b435-a885f32e28d7","ModifiedBy":"579816e4-6653-4794-b435-a885f32e28d7","ApplicationName":1,"System":"","FacadeInclination":0,"OpeningType":1,"OpeningDirection":1,"OpeningWidth":1000,"VentOuterWidth":1230,"VentOuterHeight":1480,"VentWeight":70,"CalculateWeightWithGlass":false,"WeightIncGlassOrThickness":false,"GlassThickness":14,"ProfileWeightPerSerialMeter":2.5,"IsWindowOpeningCalculationByAngle":1,"RequiredOpeningStroke":400,"OpeningAngle":15,"WindLoad":120,"SnowLoad":0,"DrivePosition":2,"InstallationPosition":1,"ChainLengthConnectingRodHandle":5,"LockingMechanism":1,"Voltage":1,"DriveType":1,"TypeOfInstallation":2,"CalculationTypeForVentilation":1,"CalcVentilation":1,"GeometricArea":1,"SpecificExhaustDimension":30,"BuildingDepth":75,"RevealDepth":0,"RevealDepthRectangleAngle1":0,"RevealDepthRectangleAngle2":0,"HeightOfProfile":0,"HeightProfileRectangleAngle1":0,"HeightProfileRectangleAngle2":0,"AkippOrAtilt":0,"AdrehOrAturn":0,"Ageo":0,"MinPullingForceMax":0,"MinPushingForceMax":0,"MinPullingForcePermanent":0,"MinPushingForcePermanent":0,"ForceWithNegativeWind":0}

13:55:25.145 [main] DEBUG com.intuit.karate - response time in milliseconds: 668
1 < 200
1 < Content-Type: application/json; charset=utf-8
1 < Date: Thu, 05 Dec 2024 08:25:21 GMT
1 < Server: Microsoft-IIS/10.0
1 < X-Powered-By: ASP.NET
1 < Content-Length: 2032
1 < Connection: keep-alive
{
  "ProjectId": "2afcf090-6588-4022-aa5e-49fca51f940e",
  "Name": "Dataset4476",
  "Description": "Dataset4476",
  "CustomTags": "",
  "ApplicationName": 1,
  "OpeningType": 1,
  "OpeningDirection": 1,
  "CalculateWeightWithGlass": false,
  "WindLoad": 120,
  "IsWindowOpeningCalculationByAngle": 1,
  "VentOuterWidth": 1230,
  "VentOuterHeight": 1480,
  "WeightIncGlassOrThickness": false,
  "VentWeight": 77,
  "VentWeightExact": 77.26400000000001,
  "GlassThickness": 14,
  "ProfileWeightPerSerialMeter": 2.5,
  "FacadeInclination": 0,
  "ChainLengthConnectingRodHandle": 5,
  "ChainLenghtConnectingRodHandle": 0,
  "RequiredOpeningStroke": 400,
  "OpeningWidth": 1000,
  "OpeningAngle": 15.532868337024489,
  "SpecificExhaustDimension": 30,
  "BuildingDepth": 75,
  "SnowLoad": 0,
  "DistanceHinge": 0,
  "RatedCurrent": 0,
  "DrivePosition": 2,
  "LockingMechanism": 1,
  "Voltage": 1,
  "DriveType": 1,
  "TypeOfInstallation": 2,
  "GeometricArea": 0,
  "CalculationTypeForVentilation": 1,
  "HeightOfProfile": 0,
  "Reveal": 0,
  "RevealDepth": 0,
  "HeightProfileRectangleAngle1": 0,
  "HeightProfileRectangleAngle2": 0,
  "RevealDepthRectangleAngle1": 0,
  "RevealDepthRectangleAngle2": 0,
  "RevealDepthRectangleAngle12": 0,
  "InstallationPosition": 0,
  "RecommendedDriveArticleNo": 0,
  "System": "",
  "AkippOrAtilt": 1.084,
  "AdrehOrAturn": 1.8204,
  "Ageo": 1.084,
  "MinPullingForceMax": -206.4868442161654,
  "MinPushingForceMax": -206.4868442161654,
  "MinPullingForcePermanent": -104.11163259218097,
  "MinPushingForcePermanent": -104.11163259218097,
  "ForceWithNegativeWind": 109.53156767199486,
  "ForceWithNoWindMin": 0.30763693489047433,
  "ForceWithNegativeWindMin": 0,
  "ForceWithWindMin": -108.91629380221393,
  "Id": "fa16a693-21b9-40e6-925f-15bb82d93429",
  "CreatedOn": "2024-12-05T08:25:22.6634706+00:00",
  "CreatedBy": "579816e4-6653-4794-b435-a885f32e28d7",
  "ModifiedOn": "2024-12-05T08:25:22.6634717+00:00",
  "ModifiedBy": ""
}

13:55:25.145 [main] INFO  com.intuit.karate - Generated Config ID: fa16a693-21b9-40e6-925f-15bb82d93429 
13:55:25.145 [main] INFO  com.intuit.karate - Generated Name: Dataset4476 
13:55:25.145 [main] INFO  com.intuit.karate - Generated Description: Dataset4476 
13:55:25.148 [main] DEBUG com.intuit.karate - request:
1 > PUT https://dev-drivetec-apis.schuecodigitalsolutions.com/Configurations
1 > Content-Type: application/json; charset=UTF-8
1 > Content-Length: 1282
1 > Host: dev-drivetec-apis.schuecodigitalsolutions.com
1 > Connection: Keep-Alive
1 > User-Agent: Apache-HttpClient/4.5.14 (Java/17.0.12)
1 > Accept-Encoding: gzip,deflate
{"Id":"fa16a693-21b9-40e6-925f-15bb82d93429","Name":"Dataset52","Description":"Dataset4476","ProjectId":"2afcf090-6588-4022-aa5e-49fca51f940e","CustomTags":"","CreatedBy":"579816e4-6653-4794-b435-a885f32e28d7","ModifiedBy":"579816e4-6653-4794-b435-a885f32e28d7","System":"","FacadeInclination":30,"OpeningType":2,"OpeningDirection":2,"OpeningWidth":1000,"VentOuterWidth":1230,"VentOuterHeight":1480,"VentWeight":67,"CalculateWeightWithGlass":false,"RequiredOpeningStroke":700,"WindLoad":96,"SnowLoad":0,"IsWindowOpeningCalculationByAngle":1,"GlassThickness":0,"ProfileWeightPerSerialMeter":0,"DrivePosition":1,"InstallationPosition":0,"LockingMechanism":1,"Voltage":1,"DriveType":1,"TypeOfInstallation":2,"GeometricArea":0,"CalcVentilation":1,"SpecificExhaustDimension":45,"BuildingDepth":90,"CalculationTypeForVentilation":1,"HeightOfProfile":150,"HeightProfileRectangleAngle1":150,"HeightProfileRectangleAngle2":150,"RevealDepth":150,"RevealDepthRectangleAngle1":150,"RevealDepthRectangleAngle2":150,"ChainLengthConnectingRodHandle":5,"ApplicationName":1,"OpeningAngle":74,"WeightIncGlassOrThickness":false,"AkippOrAtilt":0,"AdrehOrAturn":0,"Ageo":0,"MinPullingForceMax":0,"MinPushingForceMax":0,"MinPullingForcePermanent":0,"MinPushingForcePermanent":0,"ForceWithNegativeWind":0}

13:55:25.810 [main] DEBUG com.intuit.karate - response time in milliseconds: 660
1 < 200
1 < Content-Type: application/json; charset=utf-8
1 < Date: Thu, 05 Dec 2024 08:25:23 GMT
1 < Server: Microsoft-IIS/10.0
1 < X-Powered-By: ASP.NET
1 < Content-Length: 2064
1 < Connection: keep-alive
{
  "ProjectId": "2afcf090-6588-4022-aa5e-49fca51f940e",
  "Name": "Dataset52",
  "Description": "Dataset4476",
  "CustomTags": "",
  "ApplicationName": 1,
  "OpeningType": 2,
  "OpeningDirection": 2,
  "CalculateWeightWithGlass": false,
  "WindLoad": 96,
  "IsWindowOpeningCalculationByAngle": 1,
  "VentOuterWidth": 1230,
  "VentOuterHeight": 1480,
  "WeightIncGlassOrThickness": false,
  "VentWeight": 67,
  "VentWeightExact": 67,
  "GlassThickness": 0,
  "ProfileWeightPerSerialMeter": 0,
  "FacadeInclination": 30,
  "ChainLengthConnectingRodHandle": 5,
  "ChainLenghtConnectingRodHandle": 0,
  "RequiredOpeningStroke": 700,
  "OpeningWidth": 1000,
  "OpeningAngle": 27.358524544154548,
  "SpecificExhaustDimension": 45,
  "BuildingDepth": 90,
  "SnowLoad": 0,
  "DistanceHinge": 0,
  "RatedCurrent": 0,
  "DrivePosition": 1,
  "LockingMechanism": 1,
  "Voltage": 1,
  "DriveType": 1,
  "TypeOfInstallation": 2,
  "GeometricArea": 0,
  "CalculationTypeForVentilation": 1,
  "HeightOfProfile": 150,
  "Reveal": 0,
  "RevealDepth": 150,
  "HeightProfileRectangleAngle1": 150,
  "HeightProfileRectangleAngle2": 150,
  "RevealDepthRectangleAngle1": 150,
  "RevealDepthRectangleAngle2": 150,
  "RevealDepthRectangleAngle12": 0,
  "InstallationPosition": 0,
  "RecommendedDriveArticleNo": 0,
  "System": "",
  "AkippOrAtilt": 1.897,
  "AdrehOrAturn": 1.8204,
  "Ageo": 1.8204,
  "MinPullingForceMax": 74.22390968128819,
  "MinPushingForceMax": -101.57716926537361,
  "MinPullingForcePermanent": -167.19186678413263,
  "MinPushingForcePermanent": -167.19186678413263,
  "ForceWithNegativeWind": -232.80656430289164,
  "ForceWithNoWindMin": -15.523862753289476,
  "ForceWithNegativeWindMin": -105.27163518786715,
  "ForceWithWindMin": 74.22390968128819,
  "Id": "fa16a693-21b9-40e6-925f-15bb82d93429",
  "CreatedOn": "0001-01-01T00:00:00",
  "CreatedBy": "579816e4-6653-4794-b435-a885f32e28d7",
  "ModifiedOn": "2024-12-05T08:25:23.3251848+00:00",
  "ModifiedBy": "579816e4-6653-4794-b435-a885f32e28d7"
}

13:55:25.811 [main] INFO  com.intuit.karate - VentWeight from API Response: 67 
13:55:25.814 [main] INFO  com.intuit.karate - Rounded Opening Angle: 27.0 
13:55:25.814 [main] INFO  com.intuit.karate - Rounded Ageo: 1.82 
13:55:25.815 [main] INFO  com.intuit.karate - Rounded Required Opening Stroke: 700.0 
13:55:25.815 [main] INFO  com.intuit.karate - Rounded Vent Weight: 67.0 
13:55:25.818 [main] DEBUG com.intuit.karate - request:
2 > GET https://dev-drivetec-apis.schuecodigitalsolutions.com/Config/fa16a693-21b9-40e6-925f-15bb82d93429/Drive
2 > Host: dev-drivetec-apis.schuecodigitalsolutions.com
2 > Connection: Keep-Alive
2 > User-Agent: Apache-HttpClient/4.5.14 (Java/17.0.12)
2 > Accept-Encoding: gzip,deflate


13:55:26.679 [main] DEBUG com.intuit.karate - response time in milliseconds: 860
2 < 200
2 < Content-Type: application/json; charset=utf-8
2 < Date: Thu, 05 Dec 2024 08:25:23 GMT
2 < Server: Microsoft-IIS/10.0
2 < X-Powered-By: ASP.NET
2 < Content-Length: 16648
2 < Connection: keep-alive
[
  {
    "Name": "Chain actuator D2 L800",
    "Bezeichnung": "Kettenantrieb D2 L800",
    "ConfigurationId": "00000000-0000-0000-0000-000000000000",
    "Description": "",
    "Application": "Facade",
    "ApplicationFacade": true,
    "ApplicationSkylight": false,
    "Type": 1,
    "OpeningType": 0,
    "BottomHungInward": true,
    "BottomHungOutward": false,
    "SideHungInward": true,
    "SideHungOutward": false,
    "TopHungInward": false,
    "TopHungOutward": true,
    "ProjectedTopHungInward": false,
    "ProjectedTopHungOutward": false,
    "InstallationType": "",
    "ITMainOutFrmMountWBracket": true,
    "ITMainFixOutFrmMount": true,
    "ITMainVentFrmMount": true,
    "ITSideMount50": false,
    "ITSideMount60": false,
    "ITSideMount70": false,
    "ITSideMount80": false,
    "ITSideMount67": true,
    "Feature": "",
    "FeatureOpenClose": true,
    "FeatureLock": true,
    "ArticleNumber": 291758,
    "Stroke": 800,
    "Angle": 0,
    "Voltage": "24 V DC",
    "Voltage24": true,
    "Voltage230": false,
    "RatedCurrent": 1,
    "BreakingCurrent": 1,
    "PullingForceMax": 250,
    "PushingForceMax": 50,
    "PullingForceMaxWithNegativeWind": 0,
    "PushingForceMaxWithNegativeWind": 0,
    "PushingForcePermanent": 0,
    "PullingForcePermanent": 250,
    "MinPullingForceMax": -101.58,
    "MinPushingForceMax": 0,
    "MinPullingForcePermanent": -167.19,
    "MinPushingForcePermanent": 0,
    "Price": 283.33,
    "DriveLength": 625,
    "ChainDrive": 725,
    "ChainDrive2": 1410,
    "MaxLengthMainClosingEdge1Drive": 1650,
    "MaxGeometricArea": 2,
    "GeometricalSmokeExhaustion": 0,
    "TotalGlassThickness": 0,
    "Dimensions": 0,
    "DimensionsWxHxD": "625 x 26 x 41",
    "TensileForce": 0,
    "LockingForce": 0,
    "Details_DE": "<ul><li>Bemessungsspannung: 24 V DC (19 V … 28 V)</li><li>Abschaltstrom: 1,0 A</li><li>Bemessungsstrom: 0,7 A</li><li>Bemessungsaufnahme: 17 W</li><li>Schutzart: IP 32</li><li>Zug-/Schubkraft: max. 250 N</li><li>Umgebungstemperatur: -5°C bis + 60°C</li><li>Anschlussleitung: Halogenfrei, grau 3 x 0,5 mm², ~3 m</li><li>Max. Geschwindigkeit: 13,5 mm/s</li></ul>",
    "Details_EN": "<ul><li>Rated voltage: 24 V DC (19 V … 28 V)</li><li>Breaking current: 1.0 A</li><li>Rated current: 0.7 A</li><li>Rated consumption: 17 W</li><li>Protection rating: IP 32</li><li>Traction/ thrust: max. 250 N</li><li>Ambient temperature: -5°C bis + 60°C</li><li>Connecting cable: halogen-free, grey 3 x 0.5 mm², ~3 m</li><li>Max. speed: 13.5 mm/s</li></ul>",
    "Einsatz": "<ul> <li>Anwendung: Lüftung, NRA</li> <li>Integrierte intelligente Regelelektronik</li> <li>Rückmeldung Endlage „ZU“ (max. 24 V, 500 mA)</li> </ul>",
    "Use": "<ul> <li>Application: ventilation, natural smoke ventilation</li> <li>Integrated, intelligent control electronics</li> <li>Response for “CLOSED” end position (max. 24 V, 500 mA)</li> </ul>",
    "Ausstattung": null,
    "Equipment": null,
    "Optionen": "<ul> <li>Programmierung von Sonderfunktionen</li> <li>Programmierbare Rückmeldung Endlage „AUF“ (max. 24 V, 500 mA)</li> <li>Schüco Kontroller zur automatischen Konfiguration von Synchronlauf und Folgesteuerungen mit Verriegelungsantrieben in Antriebs-Verbundsystemen</li> </ul>",
    "Options": "<ul> <li>Programming of special functions</li> <li>Programmable response for “OPEN” end position (max. 24 V, 500 mA)</li> <li>Schüco controller for automatic configuration of synchronous running and sequence control with locking drives in composite drive systems</li></ul>",
    "IsTwoPce": false,
    "ResultVentWeight": 67,
    "IsLsRsDrive": true,
    "ArticleNumberRs": 291759,
    "TwoDrivesSideInstallation50": 0,
    "TwoDrivesSideInstallation60": 0,
    "TwoDrivesSideInstallation70": 0,
    "TwoDrivesSideInstallation80": 0,
    "OpeningSpeedmms": 0,
    "Traction": 250,
    "Thrust": 100,
    "Id": "8e41b236-ddae-4821-9147-db4ac85f1b97",
    "CreatedOn": "2024-09-26T13:55:26.817Z",
    "CreatedBy": "",
    "ModifiedOn": "2024-09-26T13:55:26.817Z",
    "ModifiedBy": ""
  },
  {
    "Name": "Chain actuator D4 800",
    "Bezeichnung": "Kettenantrieb D4 800",
    "ConfigurationId": "00000000-0000-0000-0000-000000000000",
    "Description": "",
    "Application": "Facade",
    "ApplicationFacade": true,
    "ApplicationSkylight": false,
    "Type": 1,
    "OpeningType": 0,
    "BottomHungInward": true,
    "BottomHungOutward": false,
    "SideHungInward": true,
    "SideHungOutward": false,
    "TopHungInward": false,
    "TopHungOutward": true,
    "ProjectedTopHungInward": false,
    "ProjectedTopHungOutward": false,
    "InstallationType": "",
    "ITMainOutFrmMountWBracket": true,
    "ITMainFixOutFrmMount": true,
    "ITMainVentFrmMount": true,
    "ITSideMount50": false,
    "ITSideMount60": false,
    "ITSideMount70": false,
    "ITSideMount80": false,
    "ITSideMount67": true,
    "Feature": "",
    "FeatureOpenClose": true,
    "FeatureLock": true,
    "ArticleNumber": 291710,
    "Stroke": 800,
    "Angle": 0,
    "Voltage": "24 V DC",
    "Voltage24": true,
    "Voltage230": false,
    "RatedCurrent": 1,
    "BreakingCurrent": 1,
    "PullingForceMax": 400,
    "PushingForceMax": 50,
    "PullingForceMaxWithNegativeWind": 0,
    "PushingForceMaxWithNegativeWind": 0,
    "PushingForcePermanent": 0,
    "PullingForcePermanent": 400,
    "MinPullingForceMax": -101.58,
    "MinPushingForceMax": 0,
    "MinPullingForcePermanent": -167.19,
    "MinPushingForcePermanent": 0,
    "Price": 299.21,
    "DriveLength": 755,
    "ChainDrive": 855,
    "ChainDrive2": 1670,
    "MaxLengthMainClosingEdge1Drive": 1850,
    "MaxGeometricArea": 2,
    "GeometricalSmokeExhaustion": 0,
    "TotalGlassThickness": 0,
    "Dimensions": 0,
    "DimensionsWxHxD": "755 x 24 x 35",
    "TensileForce": 0,
    "LockingForce": 0,
    "Details_DE": "<ul><li>Bemessungsspannung: 24 V DC (19 V … 28 V)</li> <li>Abschaltstrom: 1,2 A</li> <li>Bemessungsstrom: 0,9 A</li> <li>Bemessungsaufnahme: 22 W</li> <li>Schutzart: IP 32</li> <li>Zug-/Schubkraft: max. 400 N</li> <li>Umgebungstemperatur: -5°C bis + 60°C</li> <li>Anschlussleitung: Halogenfrei, grau 5 x 0,5mm², ~3m</li> <li>Max. Geschwindigkeit: 13,5 mm/s</li></ul>",
    "Details_EN": "<ul><li>Rated voltage: 24 V DC (19 V … 28 V)</li> <li>Breaking current: 1.2 A</li><li>Rated current: 0.9 A</li><li>Rated consumption: 22 W</li><li>Protection rating: IP 32</li><li>Traction/ thrust: max. 400 N</li><li>Ambient temperature: -5° C to +60° C</li><li>Connecting cable: halogen-free, grey, 5 x 0.5 mm², ~ 3 m</li><li>Max. speed: 13,5 mm/s </li></ul>",
    "Einsatz": "<ul><li>Anwendung: Lüftung, NRA</li> <li>Integrierte intelligente Regelelektronik</li> <li>Rückmeldung Endlage „ZU“ (max. 24 V, 500 mA)</li> </ul>",
    "Use": "<ul><li>Application: ventilation, natural smoke ventilation</li> <li>Integrated intelligent control electronics</li> <li>Response for “CLOSED” end position (max. 24 V, 500 mA)</li> </ul>",
    "Ausstattung": "<ul><li>Zusätzlicher Universal-Steckersatz für Mehrfachbetrieb bis zu 4 Antrieben und 2 Verriegelungsantrieben</li></ul>",
    "Equipment": "<ul><li>Additional universal plug socket for multiplex operation of up to 4 drives and 2 interlocking drives</li></ul>",
    "Optionen": "<ul><li>Programmierung von Sonderfunktionen</li> <li>Programmierbare Rückmeldung Endlage „AUF“ (max. 24 V, 500 mA)</li> <li>Schüco Kontroller zur automatischen Konfiguration von Synchronlauf und Folgesteuerungen mit Verriegelungsantrieben in Antriebs-Verbundsystemen</li> </ul>",
    "Options": "<ul><li>Programming of special functions</li> <li>Programmable response for “OPEN” end position (max. 24 V, 500 mA)</li> <li>Schüco controller for automatic configuration of synchronous running and sequence control with locking drives in composite drive systems</li> </ul>",
    "IsTwoPce": false,
    "ResultVentWeight": 67,
    "IsLsRsDrive": true,
    "ArticleNumberRs": 291709,
    "TwoDrivesSideInstallation50": 0,
    "TwoDrivesSideInstallation60": 0,
    "TwoDrivesSideInstallation70": 0,
    "TwoDrivesSideInstallation80": 0,
    "OpeningSpeedmms": 0,
    "Traction": 400,
    "Thrust": 50,
    "Id": "3e2dcb1b-8df9-4eab-b237-548b0481a20b",
    "CreatedOn": "2024-09-26T13:55:26.817Z",
    "CreatedBy": "",
    "ModifiedOn": "2024-09-26T13:55:26.817Z",
    "ModifiedBy": ""
  },
  {
    "Name": "Chain actuator D6 800",
    "Bezeichnung": "Kettenantrieb D6 800",
    "ConfigurationId": "00000000-0000-0000-0000-000000000000",
    "Description": "",
    "Application": "Facade",
    "ApplicationFacade": true,
    "ApplicationSkylight": true,
    "Type": 1,
    "OpeningType": 0,
    "BottomHungInward": true,
    "BottomHungOutward": true,
    "SideHungInward": true,
    "SideHungOutward": true,
    "TopHungInward": false,
    "TopHungOutward": true,
    "ProjectedTopHungInward": false,
    "ProjectedTopHungOutward": false,
    "InstallationType": "",
    "ITMainOutFrmMountWBracket": true,
    "ITMainFixOutFrmMount": false,
    "ITMainVentFrmMount": true,
    "ITSideMount50": false,
    "ITSideMount60": false,
    "ITSideMount70": false,
    "ITSideMount80": false,
    "ITSideMount67": true,
    "Feature": "",
    "FeatureOpenClose": true,
    "FeatureLock": true,
    "ArticleNumber": 291717,
    "Stroke": 800,
    "Angle": 0,
    "Voltage": "24 V DC",
    "Voltage24": true,
    "Voltage230": false,
    "RatedCurrent": 1,
    "BreakingCurrent": 1,
    "PullingForceMax": 600,
    "PushingForceMax": 300,
    "PullingForceMaxWithNegativeWind": 0,
    "PushingForceMaxWithNegativeWind": 0,
    "PushingForcePermanent": 200,
    "PullingForcePermanent": 600,
    "MinPullingForceMax": -101.58,
    "MinPushingForceMax": 0,
    "MinPullingForcePermanent": -167.19,
    "MinPushingForcePermanent": 0,
    "Price": 387.92,
    "DriveLength": 794,
    "ChainDrive": 894,
    "ChainDrive2": 1748,
    "MaxLengthMainClosingEdge1Drive": 1920,
    "MaxGeometricArea": 2,
    "GeometricalSmokeExhaustion": 0,
    "TotalGlassThickness": 0,
    "Dimensions": 0,
    "DimensionsWxHxD": "794 x 40 x 56",
    "TensileForce": 0,
    "LockingForce": 0,
    "Details_DE": "<ul> <li>Bemessungsspannung: 24 V DC (19 V … 28 V)</li> <li>Abschaltstrom: 1,2 A</li> <li>Bemessungsstrom: 0,9 A</li> <li>Bemessungsaufnahme: 22 W</li> <li>Schutzart: IP 32</li> <li>Zug-/Schubkraft: max. 600 N</li> <li>Umgebungstemperatur: -5°C bis + 60°C</li> <li>Anschlussleitung: Halogenfrei, grau 5 x 0,5mm², ~3m</li> <li>Max. Geschwindigkeit: 13,5 mm/s</li> </ul>",
    "Details_EN": "<ul> <li>Rated voltage: 24 V DC (19 V … 28 V)</li><li>Breaking current: 1.2 A</li><li>Rated current: 0.9 A</li><li>Rated consumption: 22W</li><li>Protection rating: IP 32</li><li>Traction/ thrust: max. 600 N</li><li>Ambient temperature: -5° C to +60° C</li><li>Connecting cable: halogen-free, grey 3 x 0,5mm², ~3m</li><li>Max. speed: 13,5 mm/s</li></ul>",
    "Einsatz": "<ul><li>Anwendung: Lüftung, NRA</li> <li>Integrierte intelligente Regelelektronik</li></ul>",
    "Use": "<ul><li>Application: ventilation, natural smoke ventilation</li> <li>Integrated intelligent control electronics</li> </ul>",
    "Ausstattung": "<ul><li>Zusätzlicher Universal-Steckersatz für Mehrfachbetrieb bis zu 4 Antrieben und 2 Verriegelungsantrieben</li></ul>",
    "Equipment": "<ul><li>Additional universal plug socket for multiplex operation  of up to 4 drives and 2 interlocking drives</li></ul>",
    "Optionen": "<ul><li>Programmierung von Sonderfunktionen</li> <li>Programmierbare Rückmeldung Endlage „AUF“ (max. 24 V, 500 mA)</li> <li>Schüco Kontroller zur automatischen Konfiguration von Synchronlauf und Folgesteuerungen mit Verriegelungsantrieben in Antriebs-Verbundsystemen</li> </ul>",
    "Options": "<ul><li>Programming of special functions</li> <li>Programmable response for “OPEN” end position (max. 24 V, 500 mA)</li> <li>Schüco controller for automatic configuration of synchronous running and sequence control with locking drives in composite drive systems</li> </ul>",
    "IsTwoPce": false,
    "ResultVentWeight": 67,
    "IsLsRsDrive": false,
    "ArticleNumberRs": 0,
    "TwoDrivesSideInstallation50": 0,
    "TwoDrivesSideInstallation60": 0,
    "TwoDrivesSideInstallation70": 0,
    "TwoDrivesSideInstallation80": 0,
    "OpeningSpeedmms": 0,
    "Traction": 600,
    "Thrust": 300,
    "Id": "e9fa5654-1773-4646-9949-a237ab4f4797",
    "CreatedOn": "2024-09-26T13:55:26.817Z",
    "CreatedBy": "",
    "ModifiedOn": "2024-09-26T13:55:26.817Z",
    "ModifiedBy": ""
  },
  {
    "Name": "Locking actuator EasyConnect ow",
    "Bezeichnung": "Verriegelungsantrieb EasyConnect ow",
    "ConfigurationId": "00000000-0000-0000-0000-000000000000",
    "Description": "",
    "Application": "",
    "ApplicationFacade": true,
    "ApplicationSkylight": false,
    "Type": 5,
    "OpeningType": 0,
    "BottomHungInward": false,
    "BottomHungOutward": false,
    "SideHungInward": false,
    "SideHungOutward": true,
    "TopHungInward": false,
    "TopHungOutward": true,
    "ProjectedTopHungInward": false,
    "ProjectedTopHungOutward": true,
    "InstallationType": "",
    "ITMainOutFrmMountWBracket": true,
    "ITMainFixOutFrmMount": false,
    "ITMainVentFrmMount": false,
    "ITSideMount50": false,
    "ITSideMount60": false,
    "ITSideMount70": false,
    "ITSideMount80": false,
    "ITSideMount67": false,
    "Feature": "",
    "FeatureOpenClose": true,
    "FeatureLock": false,
    "ArticleNumber": 291589,
    "Stroke": 0,
    "Angle": 0,
    "Voltage": null,
    "Voltage24": true,
    "Voltage230": true,
    "RatedCurrent": 0,
    "BreakingCurrent": 0,
    "PullingForceMax": 0,
    "PushingForceMax": 0,
    "PullingForceMaxWithNegativeWind": 0,
    "PushingForceMaxWithNegativeWind": 0,
    "PushingForcePermanent": 0,
    "PullingForcePermanent": 0,
    "MinPullingForceMax": 0,
    "MinPushingForceMax": 0,
    "MinPullingForcePermanent": 0,
    "MinPushingForcePermanent": 0,
    "Price": 0,
    "DriveLength": 0,
    "ChainDrive": 0,
    "ChainDrive2": 0,
    "MaxLengthMainClosingEdge1Drive": 0,
    "MaxGeometricArea": 0,
    "GeometricalSmokeExhaustion": 0,
    "TotalGlassThickness": 0,
    "Dimensions": 0,
    "DimensionsWxHxD": "375 x 24 x 35",
    "TensileForce": 0,
    "LockingForce": 0,
    "Details_DE": "<ul> <li>Bemessungsspannung: 24 V DC (19 V … 28 V)</li> <li>Abschaltstrom: ~1,0 A</li> <li>Bemessungsstrom: 0,6 A</li> <li>Bemessungsaufnahme: 15 W</li> <li>Schutzart: IP 32</li><li>Zug-/Schubkraft: max. 600 N</li> <li>Umgebungstemperatur: -5°C bis + 60°C</li> <li>Anschlussleitung: Halogenfrei, grau 5 x 0,5mm² , ~5m</li> <li>Laufzeit: ~ 5s</li><li>Hub: ~ 18mm</li> </ul>",
    "Details_EN": "<ul> <li>Rated voltage : 24 V DC (19 V … 28 V</li> <li>Breaking current : ~1,0 A</li> <li>Rated current : 0,6 A</li> <li>Rated consumption : 15 W</li> <li>Protection rating : IP 32</li><li>Traction/ thrust : max. 600 N</li> <li>Ambient temperature: -5°C bis + 60°C</li> <li>Connecting cable: halogen-free, grey 5 x 0,5mm² , ~5m</li> <li>Running time: ~ 5s</li><li>Stroke: ~ 18mm</li> </ul>",
    "Einsatz": "<ul> <li>Anwendung: Lüftung, NRA</li><li>Integrierte intelligente Regelelektronik</li></ul>",
    "Use": "<ul> <li>Application: ventilation, natural smoke ventilation</li> <li>Integrated intelligent control electronics</li></ul>",
    "Ausstattung": "<ul><li>Laufrichtung einstellbar</li><li>Zusätzlicher Universal-Steckersatz</li></ul>",
    "Equipment": "<ul><li>Running direction adjustable</li><li>Additional universal plug socket</li></ul>",
    "Optionen": "<ul> <li>Mitnehmer objekt-/profilspezifisch anpassbar</li></ul>",
    "Options": "<ul> <li>Coupling adapter customizable for project-/profile-specific demands</li></ul>",
    "IsTwoPce": false,
    "ResultVentWeight": 0,
    "IsLsRsDrive": false,
    "ArticleNumberRs": 0,
    "TwoDrivesSideInstallation50": 0,
    "TwoDrivesSideInstallation60": 0,
    "TwoDrivesSideInstallation70": 0,
    "TwoDrivesSideInstallation80": 0,
    "OpeningSpeedmms": 0,
    "Traction": 0,
    "Thrust": 0,
    "Id": "ebe9753c-e5d7-4140-afe0-9f98bf25df99",
    "CreatedOn": "2024-09-26T13:55:26.817Z",
    "CreatedBy": "",
    "ModifiedOn": "2024-09-26T13:55:26.817Z",
    "ModifiedBy": ""
  }
]

13:55:26.692 [main] INFO  com.intuit.karate - Expected RecommDrive: Chain actuator D2 L800,Chain actuator D4 800,Chain actuator D6 800,Locking actuator EasyConnect ow 
13:55:26.693 [main] INFO  com.intuit.karate - Actual RecommDrive: Chain actuator D2 L800, Chain actuator D4 800, Chain actuator D6 800, Locking actuator EasyConnect ow 
13:55:26.693 [main] INFO  com.intuit.karate - Normalized Actual RecommDrive: Chain actuator D2 L800,Chain actuator D4 800,Chain actuator D6 800,Locking actuator EasyConnect ow 
13:55:26.693 [main] INFO  com.intuit.karate - Normalized Expected RecommDrive: Chain actuator D2 L800,Chain actuator D4 800,Chain actuator D6 800,Locking actuator EasyConnect ow 
13:55:26.694 [main] INFO  com.intuit.karate - All Drive IDs: [
  "8e41b236-ddae-4821-9147-db4ac85f1b97",
  "3e2dcb1b-8df9-4eab-b237-548b0481a20b",
  "e9fa5654-1773-4646-9949-a237ab4f4797",
  "ebe9753c-e5d7-4140-afe0-9f98bf25df99"
]
 
13:55:26.694 [main] INFO  com.intuit.karate - First Drive ID: 8e41b236-ddae-4821-9147-db4ac85f1b97 
13:55:26.695 [main] DEBUG com.intuit.karate - request:
3 > POST https://dev-drivetec-apis.schuecodigitalsolutions.com/api/Drives/DownloadPDFNew/Schuco
3 > Content-Type: application/json; charset=UTF-8
3 > Content-Length: 1194
3 > Host: dev-drivetec-apis.schuecodigitalsolutions.com
3 > Connection: Keep-Alive
3 > User-Agent: Apache-HttpClient/4.5.14 (Java/17.0.12)
3 > Accept-Encoding: gzip,deflate
[{"Id":"configId","Header":"configId","Value":"fa16a693-21b9-40e6-925f-15bb82d93429"},{"Id":"driveId","Header":"driveId","Value":"8e41b236-ddae-4821-9147-db4ac85f1b97"},{"Id":"culture","Header":"culture","Value":"EN-US"},{"Id":"projectId","Header":"projectId","Value":"2afcf090-6588-4022-aa5e-49fca51f940e"},{"Id":"range-of-app","Header":"Range of application","Value":"Façade"},{"Id":"opening-type","Header":"Opening type","Value":"Bottom-hung vent"},{"Id":"opening-direction","Header":"Opening direction","Value":"Inward"},{"Id":"how-calc-weight","Header":"Vent weight","Value":"Weight including glass"},{"Id":"Chain-Length","Header":"Chain- \/ connecting rod handle","Value":"100%"},{"Id":"drive-position","Header":"Drive position","Value":"Side installation"},{"Id":"locking-mechanism","Header":"Locking mechanism","Value":"With"},{"Id":"voltage","Header":"Voltage","Value":"24 V"},{"Id":"drive-type","Header":"Drive type","Value":"Chain drive"},{"Id":"type-installation","Header":"Type of installation","Value":"Pivoting Outer Frame Installation"},{"Id":"calculation-type-for-ventilation-area","Header":"Calculation type for ventilation area","Value":"Method in accordance with ASR 3.6"}]

13:55:28.304 [main] DEBUG com.intuit.karate - response time in milliseconds: 1608
3 < 200
3 < Content-Type: application/json; charset=utf-8
3 < Date: Thu, 05 Dec 2024 08:25:25 GMT
3 < Server: Microsoft-IIS/10.0
3 < X-Powered-By: ASP.NET
3 < Content-Length: 281
3 < Connection: keep-alive
{
  "result": "https://drive-tec-dev.s3.amazonaws.com/AUT_TPJ33518-Chain_actuator_D2_L800.pdf?AWSAccessKeyId=AKIAZAWIART4ZFAXXPHK&Expires=1733390726&response-content-disposition=attachment%3B&response-content-type=application%2Fpdf&Signature=TkCcJ%2BotIDKz6cX2EM0Mz%2Brp5EI%3D"
}

13:55:28.305 [main] INFO  com.intuit.karate - Download URL for first driveId: https://drive-tec-dev.s3.amazonaws.com/AUT_TPJ33518-Chain_actuator_D2_L800.pdf?AWSAccessKeyId=AKIAZAWIART4ZFAXXPHK&Expires=1733390726&response-content-disposition=attachment%3B&response-content-type=application%2Fpdf&Signature=TkCcJ%2BotIDKz6cX2EM0Mz%2Brp5EI%3D 
13:55:28.309 [main] INFO  com.intuit.karate - karate.env system property was: null 
13:55:28.311 [main] INFO  com.intuit.karate - Running test for dataset:  Dataset53 
13:55:28.315 [main] INFO  com.intuit.karate - Using ProjectId:  {
  "result": {
    "projectId": "prjId"
  },
  "projectPayload": {
    "Id": "579816e4-6653-4794-b435-a885f32e28d7",
    "Name": "AUT_TPJ33518",
    "Address": "Hyderabad, Telangana, India",
    "Description": "",
    "CreatedBy": "579816e4-6653-4794-b435-a885f32e28d7",
    "ModifiedBy": "579816e4-6653-4794-b435-a885f32e28d7"
  },
  "uniqueName": "AUT_TPJ33518",
  "responseHeaders": {
    "Content-Type": [
      "application/json; charset=utf-8"
    ],
    "Date": [
      "Thu, 05 Dec 2024 08:22:12 GMT"
    ],
    "Server": [
      "Microsoft-IIS/10.0"
    ],
    "X-Powered-By": [
      "ASP.NET"
    ],
    "transfer-encoding": [
      "chunked"
    ],
    "Connection": [
      "keep-alive"
    ],
    "Set-Cookie": [
    ]
  },
  "responseTime": 841,
  "response": {
    "Name": "AUT_TPJ33518",
    "Description": "",
    "Address": "Hyderabad, Telangana, India",
    "Id": "2afcf090-6588-4022-aa5e-49fca51f940e",
    "CreatedOn": "2024-12-05T08:22:11.998251+00:00",
    "CreatedBy": "579816e4-6653-4794-b435-a885f32e28d7",
    "ModifiedOn": "2024-12-05T08:22:11.9982526+00:00",
    "ModifiedBy": ""
  },
  "responseStatus": 200,
  "prjId": "2afcf090-6588-4022-aa5e-49fca51f940e",
  "projectId": "2afcf090-6588-4022-aa5e-49fca51f940e"
}
 
13:55:28.317 [main] DEBUG com.intuit.karate - request:
1 > POST https://dev-drivetec-apis.schuecodigitalsolutions.com/Configurations
1 > Content-Type: application/json; charset=UTF-8
1 > Content-Length: 1275
1 > Host: dev-drivetec-apis.schuecodigitalsolutions.com
1 > Connection: Keep-Alive
1 > User-Agent: Apache-HttpClient/4.5.14 (Java/17.0.12)
1 > Accept-Encoding: gzip,deflate
{"Id":"00000000-0000-0000-0000-000000000000","ProjectId":"2afcf090-6588-4022-aa5e-49fca51f940e","Name":"Dataset8317","Description":"Dataset8317","CustomTags":"","CreatedBy":"579816e4-6653-4794-b435-a885f32e28d7","ModifiedBy":"579816e4-6653-4794-b435-a885f32e28d7","ApplicationName":1,"System":"","FacadeInclination":0,"OpeningType":1,"OpeningDirection":1,"OpeningWidth":1000,"VentOuterWidth":1230,"VentOuterHeight":1480,"VentWeight":70,"CalculateWeightWithGlass":false,"WeightIncGlassOrThickness":false,"GlassThickness":14,"ProfileWeightPerSerialMeter":2.5,"IsWindowOpeningCalculationByAngle":1,"RequiredOpeningStroke":400,"OpeningAngle":15,"WindLoad":120,"SnowLoad":0,"DrivePosition":2,"InstallationPosition":1,"ChainLengthConnectingRodHandle":5,"LockingMechanism":1,"Voltage":1,"DriveType":1,"TypeOfInstallation":2,"CalculationTypeForVentilation":1,"CalcVentilation":1,"GeometricArea":1,"SpecificExhaustDimension":30,"BuildingDepth":75,"RevealDepth":0,"RevealDepthRectangleAngle1":0,"RevealDepthRectangleAngle2":0,"HeightOfProfile":0,"HeightProfileRectangleAngle1":0,"HeightProfileRectangleAngle2":0,"AkippOrAtilt":0,"AdrehOrAturn":0,"Ageo":0,"MinPullingForceMax":0,"MinPushingForceMax":0,"MinPullingForcePermanent":0,"MinPushingForcePermanent":0,"ForceWithNegativeWind":0}

13:55:28.966 [main] DEBUG com.intuit.karate - response time in milliseconds: 648
1 < 200
1 < Content-Type: application/json; charset=utf-8
1 < Date: Thu, 05 Dec 2024 08:25:25 GMT
1 < Server: Microsoft-IIS/10.0
1 < X-Powered-By: ASP.NET
1 < Content-Length: 2032
1 < Connection: keep-alive
{
  "ProjectId": "2afcf090-6588-4022-aa5e-49fca51f940e",
  "Name": "Dataset8317",
  "Description": "Dataset8317",
  "CustomTags": "",
  "ApplicationName": 1,
  "OpeningType": 1,
  "OpeningDirection": 1,
  "CalculateWeightWithGlass": false,
  "WindLoad": 120,
  "IsWindowOpeningCalculationByAngle": 1,
  "VentOuterWidth": 1230,
  "VentOuterHeight": 1480,
  "WeightIncGlassOrThickness": false,
  "VentWeight": 77,
  "VentWeightExact": 77.26400000000001,
  "GlassThickness": 14,
  "ProfileWeightPerSerialMeter": 2.5,
  "FacadeInclination": 0,
  "ChainLengthConnectingRodHandle": 5,
  "ChainLenghtConnectingRodHandle": 0,
  "RequiredOpeningStroke": 400,
  "OpeningWidth": 1000,
  "OpeningAngle": 15.532868337024489,
  "SpecificExhaustDimension": 30,
  "BuildingDepth": 75,
  "SnowLoad": 0,
  "DistanceHinge": 0,
  "RatedCurrent": 0,
  "DrivePosition": 2,
  "LockingMechanism": 1,
  "Voltage": 1,
  "DriveType": 1,
  "TypeOfInstallation": 2,
  "GeometricArea": 0,
  "CalculationTypeForVentilation": 1,
  "HeightOfProfile": 0,
  "Reveal": 0,
  "RevealDepth": 0,
  "HeightProfileRectangleAngle1": 0,
  "HeightProfileRectangleAngle2": 0,
  "RevealDepthRectangleAngle1": 0,
  "RevealDepthRectangleAngle2": 0,
  "RevealDepthRectangleAngle12": 0,
  "InstallationPosition": 0,
  "RecommendedDriveArticleNo": 0,
  "System": "",
  "AkippOrAtilt": 1.084,
  "AdrehOrAturn": 1.8204,
  "Ageo": 1.084,
  "MinPullingForceMax": -206.4868442161654,
  "MinPushingForceMax": -206.4868442161654,
  "MinPullingForcePermanent": -104.11163259218097,
  "MinPushingForcePermanent": -104.11163259218097,
  "ForceWithNegativeWind": 109.53156767199486,
  "ForceWithNoWindMin": 0.30763693489047433,
  "ForceWithNegativeWindMin": 0,
  "ForceWithWindMin": -108.91629380221393,
  "Id": "23c11054-3f23-49aa-ae44-cb57f5f13080",
  "CreatedOn": "2024-12-05T08:25:26.4820094+00:00",
  "CreatedBy": "579816e4-6653-4794-b435-a885f32e28d7",
  "ModifiedOn": "2024-12-05T08:25:26.4820105+00:00",
  "ModifiedBy": ""
}

13:55:28.969 [main] INFO  com.intuit.karate - Generated Config ID: 23c11054-3f23-49aa-ae44-cb57f5f13080 
13:55:28.970 [main] INFO  com.intuit.karate - Generated Name: Dataset8317 
13:55:28.970 [main] INFO  com.intuit.karate - Generated Description: Dataset8317 
13:55:28.974 [main] DEBUG com.intuit.karate - request:
1 > PUT https://dev-drivetec-apis.schuecodigitalsolutions.com/Configurations
1 > Content-Type: application/json; charset=UTF-8
1 > Content-Length: 1282
1 > Host: dev-drivetec-apis.schuecodigitalsolutions.com
1 > Connection: Keep-Alive
1 > User-Agent: Apache-HttpClient/4.5.14 (Java/17.0.12)
1 > Accept-Encoding: gzip,deflate
{"Id":"23c11054-3f23-49aa-ae44-cb57f5f13080","Name":"Dataset53","Description":"Dataset8317","ProjectId":"2afcf090-6588-4022-aa5e-49fca51f940e","CustomTags":"","CreatedBy":"579816e4-6653-4794-b435-a885f32e28d7","ModifiedBy":"579816e4-6653-4794-b435-a885f32e28d7","System":"","FacadeInclination":30,"OpeningType":2,"OpeningDirection":2,"OpeningWidth":1000,"VentOuterWidth":1230,"VentOuterHeight":1480,"VentWeight":67,"CalculateWeightWithGlass":false,"RequiredOpeningStroke":700,"WindLoad":97,"SnowLoad":0,"IsWindowOpeningCalculationByAngle":1,"GlassThickness":0,"ProfileWeightPerSerialMeter":0,"DrivePosition":1,"InstallationPosition":0,"LockingMechanism":1,"Voltage":1,"DriveType":1,"TypeOfInstallation":2,"GeometricArea":0,"CalcVentilation":1,"SpecificExhaustDimension":45,"BuildingDepth":90,"CalculationTypeForVentilation":1,"HeightOfProfile":150,"HeightProfileRectangleAngle1":150,"HeightProfileRectangleAngle2":150,"RevealDepth":150,"RevealDepthRectangleAngle1":150,"RevealDepthRectangleAngle2":150,"ChainLengthConnectingRodHandle":5,"ApplicationName":1,"OpeningAngle":74,"WeightIncGlassOrThickness":false,"AkippOrAtilt":0,"AdrehOrAturn":0,"Ageo":0,"MinPullingForceMax":0,"MinPushingForceMax":0,"MinPullingForcePermanent":0,"MinPushingForcePermanent":0,"ForceWithNegativeWind":0}

13:55:29.630 [main] DEBUG com.intuit.karate - response time in milliseconds: 654
1 < 200
1 < Content-Type: application/json; charset=utf-8
1 < Date: Thu, 05 Dec 2024 08:25:27 GMT
1 < Server: Microsoft-IIS/10.0
1 < X-Powered-By: ASP.NET
1 < transfer-encoding: chunked
1 < Connection: keep-alive
{
  "ProjectId": "2afcf090-6588-4022-aa5e-49fca51f940e",
  "Name": "Dataset53",
  "Description": "Dataset8317",
  "CustomTags": "",
  "ApplicationName": 1,
  "OpeningType": 2,
  "OpeningDirection": 2,
  "CalculateWeightWithGlass": false,
  "WindLoad": 97,
  "IsWindowOpeningCalculationByAngle": 1,
  "VentOuterWidth": 1230,
  "VentOuterHeight": 1480,
  "WeightIncGlassOrThickness": false,
  "VentWeight": 67,
  "VentWeightExact": 67,
  "GlassThickness": 0,
  "ProfileWeightPerSerialMeter": 0,
  "FacadeInclination": 30,
  "ChainLengthConnectingRodHandle": 5,
  "ChainLenghtConnectingRodHandle": 0,
  "RequiredOpeningStroke": 700,
  "OpeningWidth": 1000,
  "OpeningAngle": 27.358524544154548,
  "SpecificExhaustDimension": 45,
  "BuildingDepth": 90,
  "SnowLoad": 0,
  "DistanceHinge": 0,
  "RatedCurrent": 0,
  "DrivePosition": 1,
  "LockingMechanism": 1,
  "Voltage": 1,
  "DriveType": 1,
  "TypeOfInstallation": 2,
  "GeometricArea": 0,
  "CalculationTypeForVentilation": 1,
  "HeightOfProfile": 150,
  "Reveal": 0,
  "RevealDepth": 150,
  "HeightProfileRectangleAngle1": 150,
  "HeightProfileRectangleAngle2": 150,
  "RevealDepthRectangleAngle1": 150,
  "RevealDepthRectangleAngle2": 150,
  "RevealDepthRectangleAngle12": 0,
  "InstallationPosition": 0,
  "RecommendedDriveArticleNo": 0,
  "System": "",
  "AkippOrAtilt": 1.897,
  "AdrehOrAturn": 1.8204,
  "Ageo": 1.8204,
  "MinPullingForceMax": 75.15878231081504,
  "MinPushingForceMax": -100.89368283288653,
  "MinPullingForcePermanent": -167.19186678413263,
  "MinPushingForcePermanent": -167.19186678413263,
  "ForceWithNegativeWind": -233.49005073537873,
  "ForceWithNoWindMin": -15.523862753289476,
  "ForceWithNegativeWindMin": -106.206507817394,
  "ForceWithWindMin": 75.15878231081504,
  "Id": "23c11054-3f23-49aa-ae44-cb57f5f13080",
  "CreatedOn": "0001-01-01T00:00:00",
  "CreatedBy": "579816e4-6653-4794-b435-a885f32e28d7",
  "ModifiedOn": "2024-12-05T08:25:27.1440657+00:00",
  "ModifiedBy": "579816e4-6653-4794-b435-a885f32e28d7"
}

13:55:29.632 [main] INFO  com.intuit.karate - VentWeight from API Response: 67 
13:55:29.635 [main] INFO  com.intuit.karate - Rounded Opening Angle: 27.0 
13:55:29.636 [main] INFO  com.intuit.karate - Rounded Ageo: 1.82 
13:55:29.636 [main] INFO  com.intuit.karate - Rounded Required Opening Stroke: 700.0 
13:55:29.636 [main] INFO  com.intuit.karate - Rounded Vent Weight: 67.0 
13:55:29.638 [main] DEBUG com.intuit.karate - request:
2 > GET https://dev-drivetec-apis.schuecodigitalsolutions.com/Config/23c11054-3f23-49aa-ae44-cb57f5f13080/Drive
2 > Host: dev-drivetec-apis.schuecodigitalsolutions.com
2 > Connection: Keep-Alive
2 > User-Agent: Apache-HttpClient/4.5.14 (Java/17.0.12)
2 > Accept-Encoding: gzip,deflate


13:55:30.296 [main] DEBUG com.intuit.karate - response time in milliseconds: 657
2 < 200
2 < Content-Type: application/json; charset=utf-8
2 < Date: Thu, 05 Dec 2024 08:25:27 GMT
2 < Server: Microsoft-IIS/10.0
2 < X-Powered-By: ASP.NET
2 < Content-Length: 8081
2 < Connection: keep-alive
[
  {
    "Name": "Chain actuator D6 800",
    "Bezeichnung": "Kettenantrieb D6 800",
    "ConfigurationId": "00000000-0000-0000-0000-000000000000",
    "Description": "",
    "Application": "Facade",
    "ApplicationFacade": true,
    "ApplicationSkylight": true,
    "Type": 1,
    "OpeningType": 0,
    "BottomHungInward": true,
    "BottomHungOutward": true,
    "SideHungInward": true,
    "SideHungOutward": true,
    "TopHungInward": false,
    "TopHungOutward": true,
    "ProjectedTopHungInward": false,
    "ProjectedTopHungOutward": false,
    "InstallationType": "",
    "ITMainOutFrmMountWBracket": true,
    "ITMainFixOutFrmMount": false,
    "ITMainVentFrmMount": true,
    "ITSideMount50": false,
    "ITSideMount60": false,
    "ITSideMount70": false,
    "ITSideMount80": false,
    "ITSideMount67": true,
    "Feature": "",
    "FeatureOpenClose": true,
    "FeatureLock": true,
    "ArticleNumber": 291717,
    "Stroke": 800,
    "Angle": 0,
    "Voltage": "24 V DC",
    "Voltage24": true,
    "Voltage230": false,
    "RatedCurrent": 1,
    "BreakingCurrent": 1,
    "PullingForceMax": 600,
    "PushingForceMax": 300,
    "PullingForceMaxWithNegativeWind": 0,
    "PushingForceMaxWithNegativeWind": 0,
    "PushingForcePermanent": 200,
    "PullingForcePermanent": 600,
    "MinPullingForceMax": -100.89,
    "MinPushingForceMax": 0,
    "MinPullingForcePermanent": -167.19,
    "MinPushingForcePermanent": 0,
    "Price": 387.92,
    "DriveLength": 794,
    "ChainDrive": 894,
    "ChainDrive2": 1748,
    "MaxLengthMainClosingEdge1Drive": 1920,
    "MaxGeometricArea": 2,
    "GeometricalSmokeExhaustion": 0,
    "TotalGlassThickness": 0,
    "Dimensions": 0,
    "DimensionsWxHxD": "794 x 40 x 56",
    "TensileForce": 0,
    "LockingForce": 0,
    "Details_DE": "<ul> <li>Bemessungsspannung: 24 V DC (19 V … 28 V)</li> <li>Abschaltstrom: 1,2 A</li> <li>Bemessungsstrom: 0,9 A</li> <li>Bemessungsaufnahme: 22 W</li> <li>Schutzart: IP 32</li> <li>Zug-/Schubkraft: max. 600 N</li> <li>Umgebungstemperatur: -5°C bis + 60°C</li> <li>Anschlussleitung: Halogenfrei, grau 5 x 0,5mm², ~3m</li> <li>Max. Geschwindigkeit: 13,5 mm/s</li> </ul>",
    "Details_EN": "<ul> <li>Rated voltage: 24 V DC (19 V … 28 V)</li><li>Breaking current: 1.2 A</li><li>Rated current: 0.9 A</li><li>Rated consumption: 22W</li><li>Protection rating: IP 32</li><li>Traction/ thrust: max. 600 N</li><li>Ambient temperature: -5° C to +60° C</li><li>Connecting cable: halogen-free, grey 3 x 0,5mm², ~3m</li><li>Max. speed: 13,5 mm/s</li></ul>",
    "Einsatz": "<ul><li>Anwendung: Lüftung, NRA</li> <li>Integrierte intelligente Regelelektronik</li></ul>",
    "Use": "<ul><li>Application: ventilation, natural smoke ventilation</li> <li>Integrated intelligent control electronics</li> </ul>",
    "Ausstattung": "<ul><li>Zusätzlicher Universal-Steckersatz für Mehrfachbetrieb bis zu 4 Antrieben und 2 Verriegelungsantrieben</li></ul>",
    "Equipment": "<ul><li>Additional universal plug socket for multiplex operation  of up to 4 drives and 2 interlocking drives</li></ul>",
    "Optionen": "<ul><li>Programmierung von Sonderfunktionen</li> <li>Programmierbare Rückmeldung Endlage „AUF“ (max. 24 V, 500 mA)</li> <li>Schüco Kontroller zur automatischen Konfiguration von Synchronlauf und Folgesteuerungen mit Verriegelungsantrieben in Antriebs-Verbundsystemen</li> </ul>",
    "Options": "<ul><li>Programming of special functions</li> <li>Programmable response for “OPEN” end position (max. 24 V, 500 mA)</li> <li>Schüco controller for automatic configuration of synchronous running and sequence control with locking drives in composite drive systems</li> </ul>",
    "IsTwoPce": false,
    "ResultVentWeight": 67,
    "IsLsRsDrive": false,
    "ArticleNumberRs": 0,
    "TwoDrivesSideInstallation50": 0,
    "TwoDrivesSideInstallation60": 0,
    "TwoDrivesSideInstallation70": 0,
    "TwoDrivesSideInstallation80": 0,
    "OpeningSpeedmms": 0,
    "Traction": 600,
    "Thrust": 300,
    "Id": "e9fa5654-1773-4646-9949-a237ab4f4797",
    "CreatedOn": "2024-09-26T13:55:26.817Z",
    "CreatedBy": "",
    "ModifiedOn": "2024-09-26T13:55:26.817Z",
    "ModifiedBy": ""
  },
  {
    "Name": "Locking actuator EasyConnect ow",
    "Bezeichnung": "Verriegelungsantrieb EasyConnect ow",
    "ConfigurationId": "00000000-0000-0000-0000-000000000000",
    "Description": "",
    "Application": "",
    "ApplicationFacade": true,
    "ApplicationSkylight": false,
    "Type": 5,
    "OpeningType": 0,
    "BottomHungInward": false,
    "BottomHungOutward": false,
    "SideHungInward": false,
    "SideHungOutward": true,
    "TopHungInward": false,
    "TopHungOutward": true,
    "ProjectedTopHungInward": false,
    "ProjectedTopHungOutward": true,
    "InstallationType": "",
    "ITMainOutFrmMountWBracket": true,
    "ITMainFixOutFrmMount": false,
    "ITMainVentFrmMount": false,
    "ITSideMount50": false,
    "ITSideMount60": false,
    "ITSideMount70": false,
    "ITSideMount80": false,
    "ITSideMount67": false,
    "Feature": "",
    "FeatureOpenClose": true,
    "FeatureLock": false,
    "ArticleNumber": 291589,
    "Stroke": 0,
    "Angle": 0,
    "Voltage": null,
    "Voltage24": true,
    "Voltage230": true,
    "RatedCurrent": 0,
    "BreakingCurrent": 0,
    "PullingForceMax": 0,
    "PushingForceMax": 0,
    "PullingForceMaxWithNegativeWind": 0,
    "PushingForceMaxWithNegativeWind": 0,
    "PushingForcePermanent": 0,
    "PullingForcePermanent": 0,
    "MinPullingForceMax": 0,
    "MinPushingForceMax": 0,
    "MinPullingForcePermanent": 0,
    "MinPushingForcePermanent": 0,
    "Price": 0,
    "DriveLength": 0,
    "ChainDrive": 0,
    "ChainDrive2": 0,
    "MaxLengthMainClosingEdge1Drive": 0,
    "MaxGeometricArea": 0,
    "GeometricalSmokeExhaustion": 0,
    "TotalGlassThickness": 0,
    "Dimensions": 0,
    "DimensionsWxHxD": "375 x 24 x 35",
    "TensileForce": 0,
    "LockingForce": 0,
    "Details_DE": "<ul> <li>Bemessungsspannung: 24 V DC (19 V … 28 V)</li> <li>Abschaltstrom: ~1,0 A</li> <li>Bemessungsstrom: 0,6 A</li> <li>Bemessungsaufnahme: 15 W</li> <li>Schutzart: IP 32</li><li>Zug-/Schubkraft: max. 600 N</li> <li>Umgebungstemperatur: -5°C bis + 60°C</li> <li>Anschlussleitung: Halogenfrei, grau 5 x 0,5mm² , ~5m</li> <li>Laufzeit: ~ 5s</li><li>Hub: ~ 18mm</li> </ul>",
    "Details_EN": "<ul> <li>Rated voltage : 24 V DC (19 V … 28 V</li> <li>Breaking current : ~1,0 A</li> <li>Rated current : 0,6 A</li> <li>Rated consumption : 15 W</li> <li>Protection rating : IP 32</li><li>Traction/ thrust : max. 600 N</li> <li>Ambient temperature: -5°C bis + 60°C</li> <li>Connecting cable: halogen-free, grey 5 x 0,5mm² , ~5m</li> <li>Running time: ~ 5s</li><li>Stroke: ~ 18mm</li> </ul>",
    "Einsatz": "<ul> <li>Anwendung: Lüftung, NRA</li><li>Integrierte intelligente Regelelektronik</li></ul>",
    "Use": "<ul> <li>Application: ventilation, natural smoke ventilation</li> <li>Integrated intelligent control electronics</li></ul>",
    "Ausstattung": "<ul><li>Laufrichtung einstellbar</li><li>Zusätzlicher Universal-Steckersatz</li></ul>",
    "Equipment": "<ul><li>Running direction adjustable</li><li>Additional universal plug socket</li></ul>",
    "Optionen": "<ul> <li>Mitnehmer objekt-/profilspezifisch anpassbar</li></ul>",
    "Options": "<ul> <li>Coupling adapter customizable for project-/profile-specific demands</li></ul>",
    "IsTwoPce": false,
    "ResultVentWeight": 0,
    "IsLsRsDrive": false,
    "ArticleNumberRs": 0,
    "TwoDrivesSideInstallation50": 0,
    "TwoDrivesSideInstallation60": 0,
    "TwoDrivesSideInstallation70": 0,
    "TwoDrivesSideInstallation80": 0,
    "OpeningSpeedmms": 0,
    "Traction": 0,
    "Thrust": 0,
    "Id": "ebe9753c-e5d7-4140-afe0-9f98bf25df99",
    "CreatedOn": "2024-09-26T13:55:26.817Z",
    "CreatedBy": "",
    "ModifiedOn": "2024-09-26T13:55:26.817Z",
    "ModifiedBy": ""
  }
]

13:55:30.299 [main] INFO  com.intuit.karate - Expected RecommDrive: Chain actuator D6 800,Locking actuator EasyConnect ow 
13:55:30.299 [main] INFO  com.intuit.karate - Actual RecommDrive: Chain actuator D6 800, Locking actuator EasyConnect ow 
13:55:30.299 [main] INFO  com.intuit.karate - Normalized Actual RecommDrive: Chain actuator D6 800,Locking actuator EasyConnect ow 
13:55:30.299 [main] INFO  com.intuit.karate - Normalized Expected RecommDrive: Chain actuator D6 800,Locking actuator EasyConnect ow 
13:55:30.300 [main] INFO  com.intuit.karate - All Drive IDs: [
  "e9fa5654-1773-4646-9949-a237ab4f4797",
  "ebe9753c-e5d7-4140-afe0-9f98bf25df99"
]
 
13:55:30.300 [main] INFO  com.intuit.karate - First Drive ID: e9fa5654-1773-4646-9949-a237ab4f4797 
13:55:30.302 [main] DEBUG com.intuit.karate - request:
3 > POST https://dev-drivetec-apis.schuecodigitalsolutions.com/api/Drives/DownloadPDFNew/Schuco
3 > Content-Type: application/json; charset=UTF-8
3 > Content-Length: 1194
3 > Host: dev-drivetec-apis.schuecodigitalsolutions.com
3 > Connection: Keep-Alive
3 > User-Agent: Apache-HttpClient/4.5.14 (Java/17.0.12)
3 > Accept-Encoding: gzip,deflate
[{"Id":"configId","Header":"configId","Value":"23c11054-3f23-49aa-ae44-cb57f5f13080"},{"Id":"driveId","Header":"driveId","Value":"e9fa5654-1773-4646-9949-a237ab4f4797"},{"Id":"culture","Header":"culture","Value":"EN-US"},{"Id":"projectId","Header":"projectId","Value":"2afcf090-6588-4022-aa5e-49fca51f940e"},{"Id":"range-of-app","Header":"Range of application","Value":"Façade"},{"Id":"opening-type","Header":"Opening type","Value":"Bottom-hung vent"},{"Id":"opening-direction","Header":"Opening direction","Value":"Inward"},{"Id":"how-calc-weight","Header":"Vent weight","Value":"Weight including glass"},{"Id":"Chain-Length","Header":"Chain- \/ connecting rod handle","Value":"100%"},{"Id":"drive-position","Header":"Drive position","Value":"Side installation"},{"Id":"locking-mechanism","Header":"Locking mechanism","Value":"With"},{"Id":"voltage","Header":"Voltage","Value":"24 V"},{"Id":"drive-type","Header":"Drive type","Value":"Chain drive"},{"Id":"type-installation","Header":"Type of installation","Value":"Pivoting Outer Frame Installation"},{"Id":"calculation-type-for-ventilation-area","Header":"Calculation type for ventilation area","Value":"Method in accordance with ASR 3.6"}]

13:55:31.867 [main] DEBUG com.intuit.karate - response time in milliseconds: 1564
3 < 200
3 < Content-Type: application/json; charset=utf-8
3 < Date: Thu, 05 Dec 2024 08:25:29 GMT
3 < Server: Microsoft-IIS/10.0
3 < X-Powered-By: ASP.NET
3 < Content-Length: 276
3 < Connection: keep-alive
{
  "result": "https://drive-tec-dev.s3.amazonaws.com/AUT_TPJ33518-Chain_actuator_D6_800.pdf?AWSAccessKeyId=AKIAZAWIART4ZFAXXPHK&Expires=1733390729&response-content-disposition=attachment%3B&response-content-type=application%2Fpdf&Signature=edbXbZbKsYQxIvVFhHrKkKWhSmk%3D"
}

13:55:31.868 [main] INFO  com.intuit.karate - Download URL for first driveId: https://drive-tec-dev.s3.amazonaws.com/AUT_TPJ33518-Chain_actuator_D6_800.pdf?AWSAccessKeyId=AKIAZAWIART4ZFAXXPHK&Expires=1733390729&response-content-disposition=attachment%3B&response-content-type=application%2Fpdf&Signature=edbXbZbKsYQxIvVFhHrKkKWhSmk%3D 
13:55:31.873 [main] INFO  com.intuit.karate - karate.env system property was: null 
13:55:31.874 [main] INFO  com.intuit.karate - Running test for dataset:  Dataset54 
13:55:31.880 [main] INFO  com.intuit.karate - Using ProjectId:  {
  "result": {
    "projectId": "prjId"
  },
  "projectPayload": {
    "Id": "579816e4-6653-4794-b435-a885f32e28d7",
    "Name": "AUT_TPJ33518",
    "Address": "Hyderabad, Telangana, India",
    "Description": "",
    "CreatedBy": "579816e4-6653-4794-b435-a885f32e28d7",
    "ModifiedBy": "579816e4-6653-4794-b435-a885f32e28d7"
  },
  "uniqueName": "AUT_TPJ33518",
  "responseHeaders": {
    "Content-Type": [
      "application/json; charset=utf-8"
    ],
    "Date": [
      "Thu, 05 Dec 2024 08:22:12 GMT"
    ],
    "Server": [
      "Microsoft-IIS/10.0"
    ],
    "X-Powered-By": [
      "ASP.NET"
    ],
    "transfer-encoding": [
      "chunked"
    ],
    "Connection": [
      "keep-alive"
    ],
    "Set-Cookie": [
    ]
  },
  "responseTime": 841,
  "response": {
    "Name": "AUT_TPJ33518",
    "Description": "",
    "Address": "Hyderabad, Telangana, India",
    "Id": "2afcf090-6588-4022-aa5e-49fca51f940e",
    "CreatedOn": "2024-12-05T08:22:11.998251+00:00",
    "CreatedBy": "579816e4-6653-4794-b435-a885f32e28d7",
    "ModifiedOn": "2024-12-05T08:22:11.9982526+00:00",
    "ModifiedBy": ""
  },
  "responseStatus": 200,
  "prjId": "2afcf090-6588-4022-aa5e-49fca51f940e",
  "projectId": "2afcf090-6588-4022-aa5e-49fca51f940e"
}
 
13:55:31.881 [main] DEBUG com.intuit.karate - request:
1 > POST https://dev-drivetec-apis.schuecodigitalsolutions.com/Configurations
1 > Content-Type: application/json; charset=UTF-8
1 > Content-Length: 1275
1 > Host: dev-drivetec-apis.schuecodigitalsolutions.com
1 > Connection: Keep-Alive
1 > User-Agent: Apache-HttpClient/4.5.14 (Java/17.0.12)
1 > Accept-Encoding: gzip,deflate
{"Id":"00000000-0000-0000-0000-000000000000","ProjectId":"2afcf090-6588-4022-aa5e-49fca51f940e","Name":"Dataset1881","Description":"Dataset1881","CustomTags":"","CreatedBy":"579816e4-6653-4794-b435-a885f32e28d7","ModifiedBy":"579816e4-6653-4794-b435-a885f32e28d7","ApplicationName":1,"System":"","FacadeInclination":0,"OpeningType":1,"OpeningDirection":1,"OpeningWidth":1000,"VentOuterWidth":1230,"VentOuterHeight":1480,"VentWeight":70,"CalculateWeightWithGlass":false,"WeightIncGlassOrThickness":false,"GlassThickness":14,"ProfileWeightPerSerialMeter":2.5,"IsWindowOpeningCalculationByAngle":1,"RequiredOpeningStroke":400,"OpeningAngle":15,"WindLoad":120,"SnowLoad":0,"DrivePosition":2,"InstallationPosition":1,"ChainLengthConnectingRodHandle":5,"LockingMechanism":1,"Voltage":1,"DriveType":1,"TypeOfInstallation":2,"CalculationTypeForVentilation":1,"CalcVentilation":1,"GeometricArea":1,"SpecificExhaustDimension":30,"BuildingDepth":75,"RevealDepth":0,"RevealDepthRectangleAngle1":0,"RevealDepthRectangleAngle2":0,"HeightOfProfile":0,"HeightProfileRectangleAngle1":0,"HeightProfileRectangleAngle2":0,"AkippOrAtilt":0,"AdrehOrAturn":0,"Ageo":0,"MinPullingForceMax":0,"MinPushingForceMax":0,"MinPullingForcePermanent":0,"MinPushingForcePermanent":0,"ForceWithNegativeWind":0}

13:55:32.542 [main] DEBUG com.intuit.karate - response time in milliseconds: 661
1 < 200
1 < Content-Type: application/json; charset=utf-8
1 < Date: Thu, 05 Dec 2024 08:25:29 GMT
1 < Server: Microsoft-IIS/10.0
1 < X-Powered-By: ASP.NET
1 < Content-Length: 2031
1 < Connection: keep-alive
{
  "ProjectId": "2afcf090-6588-4022-aa5e-49fca51f940e",
  "Name": "Dataset1881",
  "Description": "Dataset1881",
  "CustomTags": "",
  "ApplicationName": 1,
  "OpeningType": 1,
  "OpeningDirection": 1,
  "CalculateWeightWithGlass": false,
  "WindLoad": 120,
  "IsWindowOpeningCalculationByAngle": 1,
  "VentOuterWidth": 1230,
  "VentOuterHeight": 1480,
  "WeightIncGlassOrThickness": false,
  "VentWeight": 77,
  "VentWeightExact": 77.26400000000001,
  "GlassThickness": 14,
  "ProfileWeightPerSerialMeter": 2.5,
  "FacadeInclination": 0,
  "ChainLengthConnectingRodHandle": 5,
  "ChainLenghtConnectingRodHandle": 0,
  "RequiredOpeningStroke": 400,
  "OpeningWidth": 1000,
  "OpeningAngle": 15.532868337024489,
  "SpecificExhaustDimension": 30,
  "BuildingDepth": 75,
  "SnowLoad": 0,
  "DistanceHinge": 0,
  "RatedCurrent": 0,
  "DrivePosition": 2,
  "LockingMechanism": 1,
  "Voltage": 1,
  "DriveType": 1,
  "TypeOfInstallation": 2,
  "GeometricArea": 0,
  "CalculationTypeForVentilation": 1,
  "HeightOfProfile": 0,
  "Reveal": 0,
  "RevealDepth": 0,
  "HeightProfileRectangleAngle1": 0,
  "HeightProfileRectangleAngle2": 0,
  "RevealDepthRectangleAngle1": 0,
  "RevealDepthRectangleAngle2": 0,
  "RevealDepthRectangleAngle12": 0,
  "InstallationPosition": 0,
  "RecommendedDriveArticleNo": 0,
  "System": "",
  "AkippOrAtilt": 1.084,
  "AdrehOrAturn": 1.8204,
  "Ageo": 1.084,
  "MinPullingForceMax": -206.4868442161654,
  "MinPushingForceMax": -206.4868442161654,
  "MinPullingForcePermanent": -104.11163259218097,
  "MinPushingForcePermanent": -104.11163259218097,
  "ForceWithNegativeWind": 109.53156767199486,
  "ForceWithNoWindMin": 0.30763693489047433,
  "ForceWithNegativeWindMin": 0,
  "ForceWithWindMin": -108.91629380221393,
  "Id": "e7a8c025-d9ce-4b27-977c-03c243f8c571",
  "CreatedOn": "2024-12-05T08:25:30.049826+00:00",
  "CreatedBy": "579816e4-6653-4794-b435-a885f32e28d7",
  "ModifiedOn": "2024-12-05T08:25:30.0498274+00:00",
  "ModifiedBy": ""
}

13:55:32.545 [main] INFO  com.intuit.karate - Generated Config ID: e7a8c025-d9ce-4b27-977c-03c243f8c571 
13:55:32.545 [main] INFO  com.intuit.karate - Generated Name: Dataset1881 
13:55:32.545 [main] INFO  com.intuit.karate - Generated Description: Dataset1881 
13:55:32.547 [main] DEBUG com.intuit.karate - request:
1 > PUT https://dev-drivetec-apis.schuecodigitalsolutions.com/Configurations
1 > Content-Type: application/json; charset=UTF-8
1 > Content-Length: 1279
1 > Host: dev-drivetec-apis.schuecodigitalsolutions.com
1 > Connection: Keep-Alive
1 > User-Agent: Apache-HttpClient/4.5.14 (Java/17.0.12)
1 > Accept-Encoding: gzip,deflate
{"Id":"e7a8c025-d9ce-4b27-977c-03c243f8c571","Name":"Dataset54","Description":"Dataset1881","ProjectId":"2afcf090-6588-4022-aa5e-49fca51f940e","CustomTags":"","CreatedBy":"579816e4-6653-4794-b435-a885f32e28d7","ModifiedBy":"579816e4-6653-4794-b435-a885f32e28d7","System":"","FacadeInclination":10,"OpeningType":4,"OpeningDirection":1,"OpeningWidth":1000,"VentOuterWidth":1494,"VentOuterHeight":2184,"VentWeight":0,"CalculateWeightWithGlass":false,"RequiredOpeningStroke":1000,"WindLoad":120,"SnowLoad":1150,"IsWindowOpeningCalculationByAngle":1,"GlassThickness":26,"ProfileWeightPerSerialMeter":2.5,"DrivePosition":2,"InstallationPosition":0,"LockingMechanism":1,"Voltage":1,"DriveType":3,"TypeOfInstallation":2,"GeometricArea":0,"CalcVentilation":1,"SpecificExhaustDimension":45,"BuildingDepth":90,"CalculationTypeForVentilation":1,"HeightOfProfile":0,"HeightProfileRectangleAngle1":0,"HeightProfileRectangleAngle2":0,"RevealDepth":0,"RevealDepthRectangleAngle1":0,"RevealDepthRectangleAngle2":0,"ChainLengthConnectingRodHandle":5,"ApplicationName":2,"OpeningAngle":28.8,"WeightIncGlassOrThickness":false,"AkippOrAtilt":0,"AdrehOrAturn":0,"Ageo":0,"MinPullingForceMax":0,"MinPushingForceMax":0,"MinPullingForcePermanent":0,"MinPushingForcePermanent":0,"ForceWithNegativeWind":0}

13:55:33.247 [main] DEBUG com.intuit.karate - response time in milliseconds: 699
1 < 200
1 < Content-Type: application/json; charset=utf-8
1 < Date: Thu, 05 Dec 2024 08:25:30 GMT
1 < Server: Microsoft-IIS/10.0
1 < X-Powered-By: ASP.NET
1 < Content-Length: 2075
1 < Connection: keep-alive
{
  "ProjectId": "2afcf090-6588-4022-aa5e-49fca51f940e",
  "Name": "Dataset54",
  "Description": "Dataset1881",
  "CustomTags": "",
  "ApplicationName": 2,
  "OpeningType": 4,
  "OpeningDirection": 1,
  "CalculateWeightWithGlass": false,
  "WindLoad": 120,
  "IsWindowOpeningCalculationByAngle": 1,
  "VentOuterWidth": 1494,
  "VentOuterHeight": 2184,
  "WeightIncGlassOrThickness": false,
  "VentWeight": 230,
  "VentWeightExact": 230.47823999999997,
  "GlassThickness": 26,
  "ProfileWeightPerSerialMeter": 2.5,
  "FacadeInclination": 10,
  "ChainLengthConnectingRodHandle": 5,
  "ChainLenghtConnectingRodHandle": 0,
  "RequiredOpeningStroke": 1000,
  "OpeningWidth": 1000,
  "OpeningAngle": 26.46907896871297,
  "SpecificExhaustDimension": 45,
  "BuildingDepth": 90,
  "SnowLoad": 1150,
  "DistanceHinge": 0,
  "RatedCurrent": 0,
  "DrivePosition": 2,
  "LockingMechanism": 1,
  "Voltage": 1,
  "DriveType": 3,
  "TypeOfInstallation": 2,
  "GeometricArea": 0,
  "CalculationTypeForVentilation": 1,
  "HeightOfProfile": 0,
  "Reveal": 0,
  "RevealDepth": 0,
  "HeightProfileRectangleAngle1": 0,
  "HeightProfileRectangleAngle2": 0,
  "RevealDepthRectangleAngle1": 0,
  "RevealDepthRectangleAngle2": 0,
  "RevealDepthRectangleAngle12": 0,
  "InstallationPosition": 0,
  "RecommendedDriveArticleNo": 0,
  "System": "",
  "AkippOrAtilt": 3.678,
  "AdrehOrAturn": 3.262896,
  "Ageo": 3.262896,
  "MinPullingForceMax": 2616.0028620365574,
  "MinPushingForceMax": 2667.2256032687246,
  "MinPullingForcePermanent": 1158.2673867238016,
  "MinPushingForcePermanent": 1158.2673867238016,
  "ForceWithNegativeWind": 2666.5472764656206,
  "ForceWithNoWindMin": 1134.901489760391,
  "ForceWithNegativeWindMin": 2605.7320292942118,
  "ForceWithWindMin": 2616.0028620365574,
  "Id": "e7a8c025-d9ce-4b27-977c-03c243f8c571",
  "CreatedOn": "0001-01-01T00:00:00",
  "CreatedBy": "579816e4-6653-4794-b435-a885f32e28d7",
  "ModifiedOn": "2024-12-05T08:25:30.7263947+00:00",
  "ModifiedBy": "579816e4-6653-4794-b435-a885f32e28d7"
}

13:55:33.247 [main] INFO  com.intuit.karate - VentWeight from API Response: 230 
13:55:33.249 [main] INFO  com.intuit.karate - Rounded Opening Angle: 26.0 
13:55:33.249 [main] INFO  com.intuit.karate - Rounded Ageo: 3.26 
13:55:33.249 [main] INFO  com.intuit.karate - Rounded Required Opening Stroke: 1000.0 
13:55:33.249 [main] INFO  com.intuit.karate - Rounded Vent Weight: 230.0 
13:55:33.251 [main] DEBUG com.intuit.karate - request:
2 > GET https://dev-drivetec-apis.schuecodigitalsolutions.com/Config/e7a8c025-d9ce-4b27-977c-03c243f8c571/Drive
2 > Host: dev-drivetec-apis.schuecodigitalsolutions.com
2 > Connection: Keep-Alive
2 > User-Agent: Apache-HttpClient/4.5.14 (Java/17.0.12)
2 > Accept-Encoding: gzip,deflate


13:55:33.930 [main] DEBUG com.intuit.karate - response time in milliseconds: 677
2 < 200
2 < Content-Type: application/json; charset=utf-8
2 < Date: Thu, 05 Dec 2024 08:25:30 GMT
2 < Server: Microsoft-IIS/10.0
2 < X-Powered-By: ASP.NET
2 < Content-Length: 12695
2 < Connection: keep-alive
[
  {
    "Name": "Linear drive LDH30 L1000",
    "Bezeichnung": "Linearantrieb LDH30 L1000",
    "ConfigurationId": "00000000-0000-0000-0000-000000000000",
    "Description": "",
    "Application": "Roof",
    "ApplicationFacade": false,
    "ApplicationSkylight": true,
    "Type": 2,
    "OpeningType": 0,
    "BottomHungInward": false,
    "BottomHungOutward": true,
    "SideHungInward": false,
    "SideHungOutward": false,
    "TopHungInward": false,
    "TopHungOutward": true,
    "ProjectedTopHungInward": false,
    "ProjectedTopHungOutward": false,
    "InstallationType": "",
    "ITMainOutFrmMountWBracket": true,
    "ITMainFixOutFrmMount": false,
    "ITMainVentFrmMount": false,
    "ITSideMount50": true,
    "ITSideMount60": true,
    "ITSideMount70": true,
    "ITSideMount80": true,
    "ITSideMount67": false,
    "Feature": "",
    "FeatureOpenClose": true,
    "FeatureLock": true,
    "ArticleNumber": 291947,
    "Stroke": 1000,
    "Angle": 0,
    "Voltage": "24 V DC",
    "Voltage24": true,
    "Voltage230": false,
    "RatedCurrent": 4,
    "BreakingCurrent": 5,
    "PullingForceMax": 3000,
    "PushingForceMax": 3000,
    "PullingForceMaxWithNegativeWind": 0,
    "PushingForceMaxWithNegativeWind": 0,
    "PushingForcePermanent": 2000,
    "PullingForcePermanent": 2000,
    "MinPullingForceMax": 0,
    "MinPushingForceMax": 2667.23,
    "MinPullingForcePermanent": 0,
    "MinPushingForcePermanent": 1158.27,
    "Price": 847.11,
    "DriveLength": 0,
    "ChainDrive": 450,
    "ChainDrive2": 450,
    "MaxLengthMainClosingEdge1Drive": 2100,
    "MaxGeometricArea": 3,
    "GeometricalSmokeExhaustion": 0,
    "TotalGlassThickness": 26,
    "Dimensions": 0,
    "DimensionsWxHxD": "1441 x Ø50",
    "TensileForce": 0,
    "LockingForce": 0,
    "Details_DE": "<ul> <li>Bemessungsspannung: 24 V DC (19 V … 28 V)</li><li>Abschaltstrom: 5,0 A</li><li>Bemessungsstrom: 3,8 A</li><li>Bemessungsaufnahme: 91 W</li><li>Schutzart: IP 54</li> <li>Zug-/Schubkraft: max. 3000 N</li><li>Umgebungstemperatur: -5°C bis + 60°C</li><li>Anschlussleitung: Halogenfrei, grau 3 x 1mm², ~3m</li><li>Max. Geschwindigkeit: 7,8 mm/s</li></ul>",
    "Details_EN": "<ul> <li>Rated voltage: 24 V DC (19 V … 28 V)</li> <li>Breaking current: 5.0 A</li> <li>Rated current: 3.8 A</li> <li>Rated consumption: 91 W</li> <li>Protection rating: IP 54</li><li>Traction/ thrust: max. 3000N</li> <li>Ambient temperature: -5°C to + 60°C</li> <li>Connecting cable: halogen-free, grey 3 x 1mm², ~3m</li> <li>Max. speed: 7,8 mm/s</li> </ul>",
    "Einsatz": "<ul> <li>Anwendung: Lüftung, NRA</li><li>Integrierte intelligente Regelelektronik</li></ul>",
    "Use": "<ul> <li>Application: ventilation, natural smoke ventilation</li><li>Integrated intelligent control electronics</li></ul>",
    "Ausstattung": "<ul> <li>Robuste korrosionsbeständige Ausführung in eloxierten Aluminiumgehäuse</li><li>Montagefreundlich durch verstellbaren Klemmring</li><li>Spindel aus Edelstahl, kugelgelagert mit Endlagendämpfung</li><li>Mit Goretex Membrane</li></ul>",
    "Equipment": "<ul> <li>Robust, corrosion-resistant design in anodized casing</li><li>Easy installation thanks to adjustable clamping ring</li><li>Stainless steel spindle on ball bearings with end position cushioning</li><li>with Goretex membrane</li></ul>",
    "Optionen": "<ul> <li>Programmierung von Sonderfunktionen</li><li>Programmierbare Parameter der Regelelektronik</li><li>Schüco Kontroller zur automatischen Konfiguration von Synchronlauf und Folgesteuerungen mit Verriegelungsantrieb in Antriebs-Verbundsystem</li></ul>",
    "Options": "<ul> <li>Programming of special functions</li><li>Programmable parameters of intelligent control electronics</li><li>Schüco controller for automatic configuration of synchronous running and sequence control with locking drives in composite drive systems</li></ul>",
    "IsTwoPce": false,
    "ResultVentWeight": 230.48,
    "IsLsRsDrive": true,
    "ArticleNumberRs": 291947,
    "TwoDrivesSideInstallation50": 1450,
    "TwoDrivesSideInstallation60": 1205,
    "TwoDrivesSideInstallation70": 1035,
    "TwoDrivesSideInstallation80": 905,
    "OpeningSpeedmms": 8,
    "Traction": 2000,
    "Thrust": 3000,
    "Id": "b1a4d266-05c4-4c0c-ab47-2cebf7aa0acb",
    "CreatedOn": "2024-09-26T13:55:26.818Z",
    "CreatedBy": "",
    "ModifiedOn": "2024-09-26T13:55:26.818Z",
    "ModifiedBy": ""
  },
  {
    "Name": "Linear drive LDH15 L1000",
    "Bezeichnung": "Linearantrieb LDH15 L1000",
    "ConfigurationId": "00000000-0000-0000-0000-000000000000",
    "Description": "",
    "Application": "Roof",
    "ApplicationFacade": false,
    "ApplicationSkylight": true,
    "Type": 2,
    "OpeningType": 0,
    "BottomHungInward": false,
    "BottomHungOutward": true,
    "SideHungInward": false,
    "SideHungOutward": false,
    "TopHungInward": false,
    "TopHungOutward": true,
    "ProjectedTopHungInward": false,
    "ProjectedTopHungOutward": false,
    "InstallationType": "",
    "ITMainOutFrmMountWBracket": true,
    "ITMainFixOutFrmMount": false,
    "ITMainVentFrmMount": false,
    "ITSideMount50": true,
    "ITSideMount60": true,
    "ITSideMount70": true,
    "ITSideMount80": true,
    "ITSideMount67": false,
    "Feature": "",
    "FeatureOpenClose": true,
    "FeatureLock": true,
    "ArticleNumber": 291942,
    "Stroke": 1000,
    "Angle": 0,
    "Voltage": "24 V DC",
    "Voltage24": true,
    "Voltage230": false,
    "RatedCurrent": 3,
    "BreakingCurrent": 4,
    "PullingForceMax": 1500,
    "PushingForceMax": 1500,
    "PullingForceMaxWithNegativeWind": 0,
    "PushingForceMaxWithNegativeWind": 0,
    "PushingForcePermanent": 1000,
    "PullingForcePermanent": 1000,
    "MinPullingForceMax": 0,
    "MinPushingForceMax": 2667.23,
    "MinPullingForcePermanent": 0,
    "MinPushingForcePermanent": 1158.27,
    "Price": 1694.22,
    "DriveLength": 0,
    "ChainDrive": 450,
    "ChainDrive2": 450,
    "MaxLengthMainClosingEdge1Drive": 2100,
    "MaxGeometricArea": 3,
    "GeometricalSmokeExhaustion": 0,
    "TotalGlassThickness": 26,
    "Dimensions": 0,
    "DimensionsWxHxD": "1441 x Ø50",
    "TensileForce": 0,
    "LockingForce": 0,
    "Details_DE": "<ul> <li>Bemessungsspannung: 24 V DC (19 V … 28 V)</li><li>Abschaltstrom: 4,0 A</li><li>Bemessungsstrom: 3,0 A</li><li>Bemessungsaufnahme: 72 W</li><li>Schutzart: IP 54</li> <li>Zug-/Schubkraft: max. 1500 N</li><li>Umgebungstemperatur: -5°C bis + 60°C</li><li>Anschlussleitung: Halogenfrei, grau 3 x 1mm², ~3m</li><li>Max. Geschwindigkeit: 16 mm/s</li></ul>",
    "Details_EN": "<ul> <li>Rated voltage: 24 V DC (19 V … 28 V)</li> <li>Breaking current: 4.0 A</li> <li>Rated current: 3.0 A</li> <li>Rated consumption: 72 W</li> <li>Protection rating: IP 54</li><li>Traction/ thrust: max. 1500N</li> <li>Ambient temperature: -5°C to + 60°C</li> <li>Connecting cable: halogen-free, grey 3 x 1mm², ~3m</li> <li>Max. speed: 16 mm/s</li> </ul>",
    "Einsatz": "<ul> <li>Anwendung: Lüftung, NRA</li><li>Integrierte intelligente Regelelektronik</li></ul>",
    "Use": "<ul> <li>Application: ventilation, natural smoke ventilation</li><li>Integrated intelligent control electronics</li></ul>",
    "Ausstattung": "<ul> <li>Robuste korrosionsbeständige Ausführung in eloxierten Aluminiumgehäuse</li><li>Montagefreundlich durch verstellbaren Klemmring</li><li>Spindel aus Edelstahl, kugelgelagert mit Endlagendämpfung</li><li>Mit Goretex Membrane</li></ul>",
    "Equipment": "<ul> <li>Robust, corrosion-resistant design in anodized casing</li><li>Easy installation thanks to adjustable clamping ring</li><li>Stainless steel spindle on ball bearings with end position cushioning</li><li>with Goretex membrane</li></ul>",
    "Optionen": "<ul> <li>Programmierung von Sonderfunktionen</li><li>Programmierbare Parameter der Regelelektronik</li><li>Schüco Kontroller zur automatischen Konfiguration von Synchronlauf und Folgesteuerungen mit Verriegelungsantrieb in Antriebs-Verbundsystem</li></ul>",
    "Options": "<ul> <li>Programming of special functions</li><li>Programmable parameters of intelligent control electronics</li><li>Schüco controller for automatic configuration of synchronous running and sequence control with locking drives in composite drive systems</li></ul>",
    "IsTwoPce": true,
    "ResultVentWeight": 230.48,
    "IsLsRsDrive": false,
    "ArticleNumberRs": 0,
    "TwoDrivesSideInstallation50": 1450,
    "TwoDrivesSideInstallation60": 1205,
    "TwoDrivesSideInstallation70": 1035,
    "TwoDrivesSideInstallation80": 905,
    "OpeningSpeedmms": 16,
    "Traction": 1000,
    "Thrust": 1500,
    "Id": "a1086267-f160-4f1d-8df3-e52c946a029b",
    "CreatedOn": "2024-09-26T13:55:26.818Z",
    "CreatedBy": "",
    "ModifiedOn": "2024-09-26T13:55:26.818Z",
    "ModifiedBy": ""
  },
  {
    "Name": "Locking actuator roof",
    "Bezeichnung": "Verr.antrieb Dachf 600N",
    "ConfigurationId": "00000000-0000-0000-0000-000000000000",
    "Description": "",
    "Application": "",
    "ApplicationFacade": false,
    "ApplicationSkylight": true,
    "Type": 5,
    "OpeningType": 0,
    "BottomHungInward": false,
    "BottomHungOutward": true,
    "SideHungInward": false,
    "SideHungOutward": false,
    "TopHungInward": false,
    "TopHungOutward": true,
    "ProjectedTopHungInward": false,
    "ProjectedTopHungOutward": false,
    "InstallationType": "",
    "ITMainOutFrmMountWBracket": true,
    "ITMainFixOutFrmMount": false,
    "ITMainVentFrmMount": false,
    "ITSideMount50": true,
    "ITSideMount60": true,
    "ITSideMount70": true,
    "ITSideMount80": true,
    "ITSideMount67": false,
    "Feature": "",
    "FeatureOpenClose": true,
    "FeatureLock": false,
    "ArticleNumber": 291954,
    "Stroke": 0,
    "Angle": 0,
    "Voltage": null,
    "Voltage24": true,
    "Voltage230": false,
    "RatedCurrent": 0,
    "BreakingCurrent": 0,
    "PullingForceMax": 0,
    "PushingForceMax": 0,
    "PullingForceMaxWithNegativeWind": 0,
    "PushingForceMaxWithNegativeWind": 0,
    "PushingForcePermanent": 0,
    "PullingForcePermanent": 0,
    "MinPullingForceMax": 0,
    "MinPushingForceMax": 0,
    "MinPullingForcePermanent": 0,
    "MinPushingForcePermanent": 0,
    "Price": 225.16,
    "DriveLength": 0,
    "ChainDrive": 0,
    "ChainDrive2": 0,
    "MaxLengthMainClosingEdge1Drive": 0,
    "MaxGeometricArea": 0,
    "GeometricalSmokeExhaustion": 0,
    "TotalGlassThickness": 0,
    "Dimensions": 0,
    "DimensionsWxHxD": "415 x 26 x 26",
    "TensileForce": 0,
    "LockingForce": 0,
    "Details_DE": "<ul> <li>Bemessungsspannung: 24 V DC (19 V … 28 V)</li> <li>Abschaltstrom: ~1,0 A</li> <li>Bemessungsstrom: 0,6 A</li> <li>Bemessungsaufnahme: 15 W</li> <li>Schutzart: IP 32</li><li>Zug-/Schubkraft: max. 600 N</li> <li>Umgebungstemperatur: -5°C bis + 60°C</li> <li>Anschlussleitung: Halogenfrei, grau 3x 0,5mm², ~3m</li> <li>Laufzeit: ~ 5s</li><li>Hub: ~ 18mm</li> </ul>",
    "Details_EN": "<ul> <li>Rated voltage : 24 V DC (19 V … 28 V</li> <li>Breaking current : ~1,0 A</li> <li>Rated current : 0,6 A</li> <li>Rated consumption : 15 W</li> <li>Protection rating : IP 32</li><li>Traction/ thrust : max. 600 N</li> <li>Ambient temperature: -5°C bis + 60°C</li> <li>Connecting cable: halogen-free, grey 3 x 0,5mm², ~3m</li> <li>Running time: ~ 5s</li><li>Stroke: ~ 18mm</li> </ul>",
    "Einsatz": "<ul> <li>Anwendung: Lüftung, NRA</li><li>Integrierte intelligente Regelelektronik</li></ul>",
    "Use": "<ul> <li>Application: ventilation, natural smoke ventilation</li> <li>Integrated intelligent control electronics</li></ul>",
    "Ausstattung": "<ul><li>Laufrichtung einstellbar</li></ul>",
    "Equipment": "<ul><li>Running direction adjustable</li></ul>",
    "Optionen": "<ul> <li>Mitnehmer objekt-/profilspezifisch anpassbar</li></ul>",
    "Options": "<ul> <li>Coupling adapter customizable for project-/profile-specific demands</li></ul>",
    "IsTwoPce": false,
    "ResultVentWeight": 0,
    "IsLsRsDrive": false,
    "ArticleNumberRs": 0,
    "TwoDrivesSideInstallation50": 0,
    "TwoDrivesSideInstallation60": 0,
    "TwoDrivesSideInstallation70": 0,
    "TwoDrivesSideInstallation80": 0,
    "OpeningSpeedmms": 0,
    "Traction": 0,
    "Thrust": 0,
    "Id": "2b6ffe33-0cb6-494e-a561-679dc2adeb63",
    "CreatedOn": "2024-09-26T13:55:26.817Z",
    "CreatedBy": "",
    "ModifiedOn": "2024-09-26T13:55:26.817Z",
    "ModifiedBy": ""
  }
]

13:55:33.933 [main] INFO  com.intuit.karate - Expected RecommDrive: Linear drive LDH30 L1000,Linear drive LDH15 L1000,Locking actuator roof 
13:55:33.934 [main] INFO  com.intuit.karate - Actual RecommDrive: Linear drive LDH30 L1000, Linear drive LDH15 L1000, Locking actuator roof 
13:55:33.934 [main] INFO  com.intuit.karate - Normalized Actual RecommDrive: Linear drive LDH30 L1000,Linear drive LDH15 L1000,Locking actuator roof 
13:55:33.934 [main] INFO  com.intuit.karate - Normalized Expected RecommDrive: Linear drive LDH30 L1000,Linear drive LDH15 L1000,Locking actuator roof 
13:55:33.934 [main] INFO  com.intuit.karate - All Drive IDs: [
  "b1a4d266-05c4-4c0c-ab47-2cebf7aa0acb",
  "a1086267-f160-4f1d-8df3-e52c946a029b",
  "2b6ffe33-0cb6-494e-a561-679dc2adeb63"
]
 
13:55:33.934 [main] INFO  com.intuit.karate - First Drive ID: b1a4d266-05c4-4c0c-ab47-2cebf7aa0acb 
13:55:33.936 [main] DEBUG com.intuit.karate - request:
3 > POST https://dev-drivetec-apis.schuecodigitalsolutions.com/api/Drives/DownloadPDFNew/Schuco
3 > Content-Type: application/json; charset=UTF-8
3 > Content-Length: 1194
3 > Host: dev-drivetec-apis.schuecodigitalsolutions.com
3 > Connection: Keep-Alive
3 > User-Agent: Apache-HttpClient/4.5.14 (Java/17.0.12)
3 > Accept-Encoding: gzip,deflate
[{"Id":"configId","Header":"configId","Value":"e7a8c025-d9ce-4b27-977c-03c243f8c571"},{"Id":"driveId","Header":"driveId","Value":"b1a4d266-05c4-4c0c-ab47-2cebf7aa0acb"},{"Id":"culture","Header":"culture","Value":"EN-US"},{"Id":"projectId","Header":"projectId","Value":"2afcf090-6588-4022-aa5e-49fca51f940e"},{"Id":"range-of-app","Header":"Range of application","Value":"Façade"},{"Id":"opening-type","Header":"Opening type","Value":"Bottom-hung vent"},{"Id":"opening-direction","Header":"Opening direction","Value":"Inward"},{"Id":"how-calc-weight","Header":"Vent weight","Value":"Weight including glass"},{"Id":"Chain-Length","Header":"Chain- \/ connecting rod handle","Value":"100%"},{"Id":"drive-position","Header":"Drive position","Value":"Side installation"},{"Id":"locking-mechanism","Header":"Locking mechanism","Value":"With"},{"Id":"voltage","Header":"Voltage","Value":"24 V"},{"Id":"drive-type","Header":"Drive type","Value":"Chain drive"},{"Id":"type-installation","Header":"Type of installation","Value":"Pivoting Outer Frame Installation"},{"Id":"calculation-type-for-ventilation-area","Header":"Calculation type for ventilation area","Value":"Method in accordance with ASR 3.6"}]

13:55:35.450 [main] DEBUG com.intuit.karate - response time in milliseconds: 1513
3 < 200
3 < Content-Type: application/json; charset=utf-8
3 < Date: Thu, 05 Dec 2024 08:25:32 GMT
3 < Server: Microsoft-IIS/10.0
3 < X-Powered-By: ASP.NET
3 < transfer-encoding: chunked
3 < Connection: keep-alive
{
  "result": "https://drive-tec-dev.s3.amazonaws.com/AUT_TPJ33518-Linear_drive_LDH30_L1000.pdf?AWSAccessKeyId=AKIAZAWIART4ZFAXXPHK&Expires=1733390733&response-content-disposition=attachment%3B&response-content-type=application%2Fpdf&Signature=%2BcLyUDL2S%2F9Yq4w%2FT1%2FmF2J4eIs%3D"
}

13:55:35.450 [main] INFO  com.intuit.karate - Download URL for first driveId: https://drive-tec-dev.s3.amazonaws.com/AUT_TPJ33518-Linear_drive_LDH30_L1000.pdf?AWSAccessKeyId=AKIAZAWIART4ZFAXXPHK&Expires=1733390733&response-content-disposition=attachment%3B&response-content-type=application%2Fpdf&Signature=%2BcLyUDL2S%2F9Yq4w%2FT1%2FmF2J4eIs%3D 
13:55:35.455 [main] INFO  com.intuit.karate - karate.env system property was: null 
13:55:35.456 [main] INFO  com.intuit.karate - Running test for dataset:  Dataset55 
13:55:35.461 [main] INFO  com.intuit.karate - Using ProjectId:  {
  "result": {
    "projectId": "prjId"
  },
  "projectPayload": {
    "Id": "579816e4-6653-4794-b435-a885f32e28d7",
    "Name": "AUT_TPJ33518",
    "Address": "Hyderabad, Telangana, India",
    "Description": "",
    "CreatedBy": "579816e4-6653-4794-b435-a885f32e28d7",
    "ModifiedBy": "579816e4-6653-4794-b435-a885f32e28d7"
  },
  "uniqueName": "AUT_TPJ33518",
  "responseHeaders": {
    "Content-Type": [
      "application/json; charset=utf-8"
    ],
    "Date": [
      "Thu, 05 Dec 2024 08:22:12 GMT"
    ],
    "Server": [
      "Microsoft-IIS/10.0"
    ],
    "X-Powered-By": [
      "ASP.NET"
    ],
    "transfer-encoding": [
      "chunked"
    ],
    "Connection": [
      "keep-alive"
    ],
    "Set-Cookie": [
    ]
  },
  "responseTime": 841,
  "response": {
    "Name": "AUT_TPJ33518",
    "Description": "",
    "Address": "Hyderabad, Telangana, India",
    "Id": "2afcf090-6588-4022-aa5e-49fca51f940e",
    "CreatedOn": "2024-12-05T08:22:11.998251+00:00",
    "CreatedBy": "579816e4-6653-4794-b435-a885f32e28d7",
    "ModifiedOn": "2024-12-05T08:22:11.9982526+00:00",
    "ModifiedBy": ""
  },
  "responseStatus": 200,
  "prjId": "2afcf090-6588-4022-aa5e-49fca51f940e",
  "projectId": "2afcf090-6588-4022-aa5e-49fca51f940e"
}
 
13:55:35.463 [main] DEBUG com.intuit.karate - request:
1 > POST https://dev-drivetec-apis.schuecodigitalsolutions.com/Configurations
1 > Content-Type: application/json; charset=UTF-8
1 > Content-Length: 1275
1 > Host: dev-drivetec-apis.schuecodigitalsolutions.com
1 > Connection: Keep-Alive
1 > User-Agent: Apache-HttpClient/4.5.14 (Java/17.0.12)
1 > Accept-Encoding: gzip,deflate
{"Id":"00000000-0000-0000-0000-000000000000","ProjectId":"2afcf090-6588-4022-aa5e-49fca51f940e","Name":"Dataset5463","Description":"Dataset5463","CustomTags":"","CreatedBy":"579816e4-6653-4794-b435-a885f32e28d7","ModifiedBy":"579816e4-6653-4794-b435-a885f32e28d7","ApplicationName":1,"System":"","FacadeInclination":0,"OpeningType":1,"OpeningDirection":1,"OpeningWidth":1000,"VentOuterWidth":1230,"VentOuterHeight":1480,"VentWeight":70,"CalculateWeightWithGlass":false,"WeightIncGlassOrThickness":false,"GlassThickness":14,"ProfileWeightPerSerialMeter":2.5,"IsWindowOpeningCalculationByAngle":1,"RequiredOpeningStroke":400,"OpeningAngle":15,"WindLoad":120,"SnowLoad":0,"DrivePosition":2,"InstallationPosition":1,"ChainLengthConnectingRodHandle":5,"LockingMechanism":1,"Voltage":1,"DriveType":1,"TypeOfInstallation":2,"CalculationTypeForVentilation":1,"CalcVentilation":1,"GeometricArea":1,"SpecificExhaustDimension":30,"BuildingDepth":75,"RevealDepth":0,"RevealDepthRectangleAngle1":0,"RevealDepthRectangleAngle2":0,"HeightOfProfile":0,"HeightProfileRectangleAngle1":0,"HeightProfileRectangleAngle2":0,"AkippOrAtilt":0,"AdrehOrAturn":0,"Ageo":0,"MinPullingForceMax":0,"MinPushingForceMax":0,"MinPullingForcePermanent":0,"MinPushingForcePermanent":0,"ForceWithNegativeWind":0}

13:55:36.121 [main] DEBUG com.intuit.karate - response time in milliseconds: 658
1 < 200
1 < Content-Type: application/json; charset=utf-8
1 < Date: Thu, 05 Dec 2024 08:25:32 GMT
1 < Server: Microsoft-IIS/10.0
1 < X-Powered-By: ASP.NET
1 < Content-Length: 2032
1 < Connection: keep-alive
{
  "ProjectId": "2afcf090-6588-4022-aa5e-49fca51f940e",
  "Name": "Dataset5463",
  "Description": "Dataset5463",
  "CustomTags": "",
  "ApplicationName": 1,
  "OpeningType": 1,
  "OpeningDirection": 1,
  "CalculateWeightWithGlass": false,
  "WindLoad": 120,
  "IsWindowOpeningCalculationByAngle": 1,
  "VentOuterWidth": 1230,
  "VentOuterHeight": 1480,
  "WeightIncGlassOrThickness": false,
  "VentWeight": 77,
  "VentWeightExact": 77.26400000000001,
  "GlassThickness": 14,
  "ProfileWeightPerSerialMeter": 2.5,
  "FacadeInclination": 0,
  "ChainLengthConnectingRodHandle": 5,
  "ChainLenghtConnectingRodHandle": 0,
  "RequiredOpeningStroke": 400,
  "OpeningWidth": 1000,
  "OpeningAngle": 15.532868337024489,
  "SpecificExhaustDimension": 30,
  "BuildingDepth": 75,
  "SnowLoad": 0,
  "DistanceHinge": 0,
  "RatedCurrent": 0,
  "DrivePosition": 2,
  "LockingMechanism": 1,
  "Voltage": 1,
  "DriveType": 1,
  "TypeOfInstallation": 2,
  "GeometricArea": 0,
  "CalculationTypeForVentilation": 1,
  "HeightOfProfile": 0,
  "Reveal": 0,
  "RevealDepth": 0,
  "HeightProfileRectangleAngle1": 0,
  "HeightProfileRectangleAngle2": 0,
  "RevealDepthRectangleAngle1": 0,
  "RevealDepthRectangleAngle2": 0,
  "RevealDepthRectangleAngle12": 0,
  "InstallationPosition": 0,
  "RecommendedDriveArticleNo": 0,
  "System": "",
  "AkippOrAtilt": 1.084,
  "AdrehOrAturn": 1.8204,
  "Ageo": 1.084,
  "MinPullingForceMax": -206.4868442161654,
  "MinPushingForceMax": -206.4868442161654,
  "MinPullingForcePermanent": -104.11163259218097,
  "MinPushingForcePermanent": -104.11163259218097,
  "ForceWithNegativeWind": 109.53156767199486,
  "ForceWithNoWindMin": 0.30763693489047433,
  "ForceWithNegativeWindMin": 0,
  "ForceWithWindMin": -108.91629380221393,
  "Id": "3dd9b7f0-2ab3-41ef-900c-2f489d5929c5",
  "CreatedOn": "2024-12-05T08:25:33.6372332+00:00",
  "CreatedBy": "579816e4-6653-4794-b435-a885f32e28d7",
  "ModifiedOn": "2024-12-05T08:25:33.6372342+00:00",
  "ModifiedBy": ""
}

13:55:36.122 [main] INFO  com.intuit.karate - Generated Config ID: 3dd9b7f0-2ab3-41ef-900c-2f489d5929c5 
13:55:36.123 [main] INFO  com.intuit.karate - Generated Name: Dataset5463 
13:55:36.123 [main] INFO  com.intuit.karate - Generated Description: Dataset5463 
13:55:36.126 [main] DEBUG com.intuit.karate - request:
1 > PUT https://dev-drivetec-apis.schuecodigitalsolutions.com/Configurations
1 > Content-Type: application/json; charset=UTF-8
1 > Content-Length: 1274
1 > Host: dev-drivetec-apis.schuecodigitalsolutions.com
1 > Connection: Keep-Alive
1 > User-Agent: Apache-HttpClient/4.5.14 (Java/17.0.12)
1 > Accept-Encoding: gzip,deflate
{"Id":"3dd9b7f0-2ab3-41ef-900c-2f489d5929c5","Name":"Dataset55","Description":"Dataset5463","ProjectId":"2afcf090-6588-4022-aa5e-49fca51f940e","CustomTags":"","CreatedBy":"579816e4-6653-4794-b435-a885f32e28d7","ModifiedBy":"579816e4-6653-4794-b435-a885f32e28d7","System":"","FacadeInclination":5,"OpeningType":2,"OpeningDirection":2,"OpeningWidth":1000,"VentOuterWidth":1230,"VentOuterHeight":1480,"VentWeight":0,"CalculateWeightWithGlass":false,"RequiredOpeningStroke":450,"WindLoad":102,"SnowLoad":0,"IsWindowOpeningCalculationByAngle":1,"GlassThickness":14,"ProfileWeightPerSerialMeter":2.5,"DrivePosition":1,"InstallationPosition":0,"LockingMechanism":1,"Voltage":1,"DriveType":1,"TypeOfInstallation":2,"GeometricArea":0,"CalcVentilation":1,"SpecificExhaustDimension":45,"BuildingDepth":90,"CalculationTypeForVentilation":1,"HeightOfProfile":0,"HeightProfileRectangleAngle1":0,"HeightProfileRectangleAngle2":0,"RevealDepth":0,"RevealDepthRectangleAngle1":0,"RevealDepthRectangleAngle2":0,"ChainLengthConnectingRodHandle":5,"ApplicationName":1,"OpeningAngle":28.8,"WeightIncGlassOrThickness":false,"AkippOrAtilt":0,"AdrehOrAturn":0,"Ageo":0,"MinPullingForceMax":0,"MinPushingForceMax":0,"MinPullingForcePermanent":0,"MinPushingForcePermanent":0,"ForceWithNegativeWind":0}

13:55:36.801 [main] DEBUG com.intuit.karate - response time in milliseconds: 673
1 < 200
1 < Content-Type: application/json; charset=utf-8
1 < Date: Thu, 05 Dec 2024 08:25:34 GMT
1 < Server: Microsoft-IIS/10.0
1 < X-Powered-By: ASP.NET
1 < transfer-encoding: chunked
1 < Connection: keep-alive
{
  "ProjectId": "2afcf090-6588-4022-aa5e-49fca51f940e",
  "Name": "Dataset55",
  "Description": "Dataset5463",
  "CustomTags": "",
  "ApplicationName": 1,
  "OpeningType": 2,
  "OpeningDirection": 2,
  "CalculateWeightWithGlass": false,
  "WindLoad": 102,
  "IsWindowOpeningCalculationByAngle": 1,
  "VentOuterWidth": 1230,
  "VentOuterHeight": 1480,
  "WeightIncGlassOrThickness": false,
  "VentWeight": 77,
  "VentWeightExact": 77.26400000000001,
  "GlassThickness": 14,
  "ProfileWeightPerSerialMeter": 2.5,
  "FacadeInclination": 5,
  "ChainLengthConnectingRodHandle": 5,
  "ChainLenghtConnectingRodHandle": 0,
  "RequiredOpeningStroke": 450,
  "OpeningWidth": 1000,
  "OpeningAngle": 17.488828112226656,
  "SpecificExhaustDimension": 45,
  "BuildingDepth": 90,
  "SnowLoad": 0,
  "DistanceHinge": 0,
  "RatedCurrent": 0,
  "DrivePosition": 1,
  "LockingMechanism": 1,
  "Voltage": 1,
  "DriveType": 1,
  "TypeOfInstallation": 2,
  "GeometricArea": 0,
  "CalculationTypeForVentilation": 1,
  "HeightOfProfile": 0,
  "Reveal": 0,
  "RevealDepth": 0,
  "HeightProfileRectangleAngle1": 0,
  "HeightProfileRectangleAngle2": 0,
  "RevealDepthRectangleAngle1": 0,
  "RevealDepthRectangleAngle2": 0,
  "RevealDepthRectangleAngle12": 0,
  "InstallationPosition": 0,
  "RecommendedDriveArticleNo": 0,
  "System": "",
  "AkippOrAtilt": 1.2195,
  "AdrehOrAturn": 1.8204,
  "Ageo": 1.2195,
  "MinPullingForceMax": 58.80215705002574,
  "MinPushingForceMax": 174.3508423589651,
  "MinPullingForcePermanent": 84.84462864295843,
  "MinPushingForcePermanent": 84.84462864295843,
  "ForceWithNegativeWind": -125.49516196851151,
  "ForceWithNoWindMin": -33.346502459242885,
  "ForceWithNegativeWindMin": -4.661585073048272,
  "ForceWithWindMin": 58.80215705002574,
  "Id": "3dd9b7f0-2ab3-41ef-900c-2f489d5929c5",
  "CreatedOn": "0001-01-01T00:00:00",
  "CreatedBy": "579816e4-6653-4794-b435-a885f32e28d7",
  "ModifiedOn": "2024-12-05T08:25:34.3121964+00:00",
  "ModifiedBy": "579816e4-6653-4794-b435-a885f32e28d7"
}

13:55:36.801 [main] INFO  com.intuit.karate - VentWeight from API Response: 77 
13:55:36.802 [main] INFO  com.intuit.karate - Rounded Opening Angle: 17.0 
13:55:36.802 [main] INFO  com.intuit.karate - Rounded Ageo: 1.22 
13:55:36.802 [main] INFO  com.intuit.karate - Rounded Required Opening Stroke: 450.0 
13:55:36.802 [main] INFO  com.intuit.karate - Rounded Vent Weight: 77.0 
13:55:36.805 [main] DEBUG com.intuit.karate - request:
2 > GET https://dev-drivetec-apis.schuecodigitalsolutions.com/Config/3dd9b7f0-2ab3-41ef-900c-2f489d5929c5/Drive
2 > Host: dev-drivetec-apis.schuecodigitalsolutions.com
2 > Connection: Keep-Alive
2 > User-Agent: Apache-HttpClient/4.5.14 (Java/17.0.12)
2 > Accept-Encoding: gzip,deflate


13:55:37.626 [main] DEBUG com.intuit.karate - response time in milliseconds: 820
2 < 200
2 < Content-Type: application/json; charset=utf-8
2 < Date: Thu, 05 Dec 2024 08:25:34 GMT
2 < Server: Microsoft-IIS/10.0
2 < X-Powered-By: ASP.NET
2 < transfer-encoding: chunked
2 < Connection: keep-alive
[
  {
    "Name": "Chain actuator D2 L600",
    "Bezeichnung": "Kettenantrieb D2 L600",
    "ConfigurationId": "00000000-0000-0000-0000-000000000000",
    "Description": "",
    "Application": "Facade",
    "ApplicationFacade": true,
    "ApplicationSkylight": false,
    "Type": 1,
    "OpeningType": 0,
    "BottomHungInward": true,
    "BottomHungOutward": false,
    "SideHungInward": true,
    "SideHungOutward": false,
    "TopHungInward": false,
    "TopHungOutward": true,
    "ProjectedTopHungInward": false,
    "ProjectedTopHungOutward": false,
    "InstallationType": "",
    "ITMainOutFrmMountWBracket": true,
    "ITMainFixOutFrmMount": true,
    "ITMainVentFrmMount": true,
    "ITSideMount50": false,
    "ITSideMount60": false,
    "ITSideMount70": false,
    "ITSideMount80": false,
    "ITSideMount67": true,
    "Feature": "",
    "FeatureOpenClose": true,
    "FeatureLock": true,
    "ArticleNumber": 291756,
    "Stroke": 600,
    "Angle": 0,
    "Voltage": "24 V DC",
    "Voltage24": true,
    "Voltage230": false,
    "RatedCurrent": 1,
    "BreakingCurrent": 1,
    "PullingForceMax": 250,
    "PushingForceMax": 100,
    "PullingForceMaxWithNegativeWind": 0,
    "PushingForceMaxWithNegativeWind": 0,
    "PushingForcePermanent": 66.67,
    "PullingForcePermanent": 250,
    "MinPullingForceMax": 0,
    "MinPushingForceMax": 174.35,
    "MinPullingForcePermanent": 0,
    "MinPushingForcePermanent": 84.84,
    "Price": 264.82,
    "DriveLength": 545,
    "ChainDrive": 645,
    "ChainDrive2": 1250,
    "MaxLengthMainClosingEdge1Drive": 1650,
    "MaxGeometricArea": 1,
    "GeometricalSmokeExhaustion": 0,
    "TotalGlassThickness": 14,
    "Dimensions": 0,
    "DimensionsWxHxD": "545 x 26 x 41",
    "TensileForce": 0,
    "LockingForce": 0,
    "Details_DE": "<ul><li>Bemessungsspannung: 24 V DC (19 V … 28 V)</li><li>Abschaltstrom: 1,0 A</li><li>Bemessungsstrom: 0,7 A</li><li>Bemessungsaufnahme: 17 W</li><li>Schutzart: IP 32</li><li>Zug-/Schubkraft: max. 250 N</li><li>Umgebungstemperatur: -5°C bis + 60°C</li><li>Anschlussleitung: Halogenfrei, grau 3 x 0,5 mm², ~3 m</li><li>Max. Geschwindigkeit: 13,5 mm/s</li></ul>",
    "Details_EN": "<ul><li>Rated voltage: 24 V DC (19 V … 28 V)</li><li>Breaking current: 1.0 A</li><li>Rated current: 0.7 A</li><li>Rated consumption: 17 W</li><li>Protection rating: IP 32</li><li>Traction/ thrust: max. 250 N</li><li>Ambient temperature: -5°C bis + 60°C</li><li>Connecting cable: halogen-free, grey 3 x 0.5 mm², ~3 m</li><li>Max. speed: 13.5 mm/s</li></ul>",
    "Einsatz": "<ul> <li>Anwendung: Lüftung, NRA</li> <li>Integrierte intelligente Regelelektronik</li> <li>Rückmeldung Endlage „ZU“ (max. 24 V, 500 mA)</li> </ul>",
    "Use": "<ul> <li>Application: ventilation, natural smoke ventilation</li> <li>Integrated, intelligent control electronics</li> <li>Response for “CLOSED” end position (max. 24 V, 500 mA)</li> </ul>",
    "Ausstattung": null,
    "Equipment": null,
    "Optionen": "<ul> <li>Programmierung von Sonderfunktionen</li> <li>Programmierbare Rückmeldung Endlage „AUF“ (max. 24 V, 500 mA)</li> <li>Schüco Kontroller zur automatischen Konfiguration von Synchronlauf und Folgesteuerungen mit Verriegelungsantrieben in Antriebs-Verbundsystemen</li> </ul>",
    "Options": "<ul> <li>Programming of special functions</li> <li>Programmable response for “OPEN” end position (max. 24 V, 500 mA)</li> <li>Schüco controller for automatic configuration of synchronous running and sequence control with locking drives in composite drive systems</li></ul>",
    "IsTwoPce": false,
    "ResultVentWeight": 77.26,
    "IsLsRsDrive": true,
    "ArticleNumberRs": 291757,
    "TwoDrivesSideInstallation50": 0,
    "TwoDrivesSideInstallation60": 0,
    "TwoDrivesSideInstallation70": 0,
    "TwoDrivesSideInstallation80": 0,
    "OpeningSpeedmms": 0,
    "Traction": 250,
    "Thrust": 100,
    "Id": "267a3972-757f-4244-ac52-6bc7b30bac9f",
    "CreatedOn": "2024-09-26T13:55:26.817Z",
    "CreatedBy": "",
    "ModifiedOn": "2024-09-26T13:55:26.817Z",
    "ModifiedBy": ""
  },
  {
    "Name": "Chain actuator D4 600",
    "Bezeichnung": "Kettenantrieb D4 600",
    "ConfigurationId": "00000000-0000-0000-0000-000000000000",
    "Description": "",
    "Application": "Facade",
    "ApplicationFacade": true,
    "ApplicationSkylight": false,
    "Type": 1,
    "OpeningType": 0,
    "BottomHungInward": true,
    "BottomHungOutward": false,
    "SideHungInward": true,
    "SideHungOutward": false,
    "TopHungInward": false,
    "TopHungOutward": true,
    "ProjectedTopHungInward": false,
    "ProjectedTopHungOutward": false,
    "InstallationType": "",
    "ITMainOutFrmMountWBracket": true,
    "ITMainFixOutFrmMount": true,
    "ITMainVentFrmMount": true,
    "ITSideMount50": false,
    "ITSideMount60": false,
    "ITSideMount70": false,
    "ITSideMount80": false,
    "ITSideMount67": true,
    "Feature": "",
    "FeatureOpenClose": true,
    "FeatureLock": true,
    "ArticleNumber": 291708,
    "Stroke": 600,
    "Angle": 0,
    "Voltage": "24 V DC",
    "Voltage24": true,
    "Voltage230": false,
    "RatedCurrent": 1,
    "BreakingCurrent": 1,
    "PullingForceMax": 400,
    "PushingForceMax": 100,
    "PullingForceMaxWithNegativeWind": 0,
    "PushingForceMaxWithNegativeWind": 0,
    "PushingForcePermanent": 66.67,
    "PullingForcePermanent": 400,
    "MinPullingForceMax": 0,
    "MinPushingForceMax": 174.35,
    "MinPullingForcePermanent": 0,
    "MinPushingForcePermanent": 84.84,
    "Price": 282.19,
    "DriveLength": 665,
    "ChainDrive": 765,
    "ChainDrive2": 1490,
    "MaxLengthMainClosingEdge1Drive": 1850,
    "MaxGeometricArea": 1,
    "GeometricalSmokeExhaustion": 0,
    "TotalGlassThickness": 14,
    "Dimensions": 0,
    "DimensionsWxHxD": "665 x 24 x 35",
    "TensileForce": 0,
    "LockingForce": 0,
    "Details_DE": "<ul><li>Bemessungsspannung: 24 V DC (19 V … 28 V)</li> <li>Abschaltstrom: 1,2 A</li> <li>Bemessungsstrom: 0,9 A</li> <li>Bemessungsaufnahme: 22 W</li> <li>Schutzart: IP 32</li> <li>Zug-/Schubkraft: max. 400 N</li> <li>Umgebungstemperatur: -5°C bis + 60°C</li> <li>Anschlussleitung: Halogenfrei, grau 5 x 0,5mm², ~3m</li> <li>Max. Geschwindigkeit: 13,5 mm/s</li></ul>",
    "Details_EN": "<ul><li>Rated voltage: 24 V DC (19 V … 28 V)</li> <li>Breaking current: 1.2 A</li><li>Rated current: 0.9 A</li><li>Rated consumption: 22 W</li><li>Protection rating: IP 32</li><li>Traction/ thrust: max. 400 N</li><li>Ambient temperature: -5° C to +60° C</li><li>Connecting cable: halogen-free, grey, 5 x 0.5 mm², ~ 3 m</li><li>Max. speed: 13,5 mm/s </li></ul>",
    "Einsatz": "<ul><li>Anwendung: Lüftung, NRA</li> <li>Integrierte intelligente Regelelektronik</li> <li>Rückmeldung Endlage „ZU“ (max. 24 V, 500 mA)</li> </ul>",
    "Use": "<ul><li>Application: ventilation, natural smoke ventilation</li> <li>Integrated intelligent control electronics</li> <li>Response for “CLOSED” end position (max. 24 V, 500 mA)</li> </ul>",
    "Ausstattung": "<ul><li>Zusätzlicher Universal-Steckersatz für Mehrfachbetrieb bis zu 4 Antrieben und 2 Verriegelungsantrieben</li></ul>",
    "Equipment": "<ul><li>Additional universal plug socket for multiplex operation of up to 4 drives and 2 interlocking drives</li></ul>",
    "Optionen": "<ul><li>Programmierung von Sonderfunktionen</li> <li>Programmierbare Rückmeldung Endlage „AUF“ (max. 24 V, 500 mA)</li> <li>Schüco Kontroller zur automatischen Konfiguration von Synchronlauf und Folgesteuerungen mit Verriegelungsantrieben in Antriebs-Verbundsystemen</li> </ul>",
    "Options": "<ul><li>Programming of special functions</li> <li>Programmable response for “OPEN” end position (max. 24 V, 500 mA)</li> <li>Schüco controller for automatic configuration of synchronous running and sequence control with locking drives in composite drive systems</li> </ul>",
    "IsTwoPce": false,
    "ResultVentWeight": 77.26,
    "IsLsRsDrive": true,
    "ArticleNumberRs": 291707,
    "TwoDrivesSideInstallation50": 0,
    "TwoDrivesSideInstallation60": 0,
    "TwoDrivesSideInstallation70": 0,
    "TwoDrivesSideInstallation80": 0,
    "OpeningSpeedmms": 0,
    "Traction": 400,
    "Thrust": 100,
    "Id": "fcff08f9-981e-47bb-8f19-91cb4dc64404",
    "CreatedOn": "2024-09-26T13:55:26.817Z",
    "CreatedBy": "",
    "ModifiedOn": "2024-09-26T13:55:26.817Z",
    "ModifiedBy": ""
  },
  {
    "Name": "Chain actuator D6 600",
    "Bezeichnung": "Kettenantrieb D6 600",
    "ConfigurationId": "00000000-0000-0000-0000-000000000000",
    "Description": "",
    "Application": "Facade",
    "ApplicationFacade": true,
    "ApplicationSkylight": true,
    "Type": 1,
    "OpeningType": 0,
    "BottomHungInward": true,
    "BottomHungOutward": true,
    "SideHungInward": true,
    "SideHungOutward": true,
    "TopHungInward": false,
    "TopHungOutward": true,
    "ProjectedTopHungInward": false,
    "ProjectedTopHungOutward": true,
    "InstallationType": "",
    "ITMainOutFrmMountWBracket": true,
    "ITMainFixOutFrmMount": false,
    "ITMainVentFrmMount": true,
    "ITSideMount50": false,
    "ITSideMount60": false,
    "ITSideMount70": false,
    "ITSideMount80": false,
    "ITSideMount67": true,
    "Feature": "",
    "FeatureOpenClose": true,
    "FeatureLock": true,
    "ArticleNumber": 291716,
    "Stroke": 600,
    "Angle": 0,
    "Voltage": "24 V DC",
    "Voltage24": true,
    "Voltage230": false,
    "RatedCurrent": 1,
    "BreakingCurrent": 1,
    "PullingForceMax": 600,
    "PushingForceMax": 600,
    "PullingForceMaxWithNegativeWind": 0,
    "PushingForceMaxWithNegativeWind": 0,
    "PushingForcePermanent": 400,
    "PullingForcePermanent": 600,
    "MinPullingForceMax": 0,
    "MinPushingForceMax": 174.35,
    "MinPullingForcePermanent": 0,
    "MinPushingForcePermanent": 84.84,
    "Price": 374.18,
    "DriveLength": 693,
    "ChainDrive": 793,
    "ChainDrive2": 1546,
    "MaxLengthMainClosingEdge1Drive": 1920,
    "MaxGeometricArea": 1,
    "GeometricalSmokeExhaustion": 0,
    "TotalGlassThickness": 14,
    "Dimensions": 0,
    "DimensionsWxHxD": "693 x 40 x 56",
    "TensileForce": 0,
    "LockingForce": 0,
    "Details_DE": "<ul> <li>Bemessungsspannung: 24 V DC (19 V … 28 V)</li> <li>Abschaltstrom: 1,2 A</li> <li>Bemessungsstrom: 0,9 A</li> <li>Bemessungsaufnahme: 22 W</li> <li>Schutzart: IP 32</li> <li>Zug-/Schubkraft: max. 600 N</li> <li>Umgebungstemperatur: -5°C bis + 60°C</li> <li>Anschlussleitung: Halogenfrei, grau 5 x 0,5mm², ~3m</li> <li>Max. Geschwindigkeit: 13,5 mm/s</li> </ul>",
    "Details_EN": "<ul> <li>Rated voltage: 24 V DC (19 V … 28 V)</li><li>Breaking current: 1.2 A</li><li>Rated current: 0.9 A</li><li>Rated consumption: 22W</li><li>Protection rating: IP 32</li><li>Traction/ thrust: max. 600 N</li><li>Ambient temperature: -5° C to +60° C</li><li>Connecting cable: halogen-free, grey 3 x 0,5mm², ~3m</li><li>Max. speed: 13,5 mm/s</li></ul>",
    "Einsatz": "<ul><li>Anwendung: Lüftung, NRA</li> <li>Integrierte intelligente Regelelektronik</li></ul>",
    "Use": "<ul><li>Application: ventilation, natural smoke ventilation</li> <li>Integrated intelligent control electronics</li> </ul>",
    "Ausstattung": "<ul><li>Zusätzlicher Universal-Steckersatz für Mehrfachbetrieb bis zu 4 Antrieben und 2 Verriegelungsantrieben</li></ul>",
    "Equipment": "<ul><li>Additional universal plug socket for multiplex operation  of up to 4 drives and 2 interlocking drives</li></ul>",
    "Optionen": "<ul><li>Programmierung von Sonderfunktionen</li> <li>Programmierbare Rückmeldung Endlage „AUF“ (max. 24 V, 500 mA)</li> <li>Schüco Kontroller zur automatischen Konfiguration von Synchronlauf und Folgesteuerungen mit Verriegelungsantrieben in Antriebs-Verbundsystemen</li> </ul>",
    "Options": "<ul><li>Programming of special functions</li> <li>Programmable response for “OPEN” end position (max. 24 V, 500 mA)</li> <li>Schüco controller for automatic configuration of synchronous running and sequence control with locking drives in composite drive systems</li> </ul>",
    "IsTwoPce": false,
    "ResultVentWeight": 77.26,
    "IsLsRsDrive": false,
    "ArticleNumberRs": 0,
    "TwoDrivesSideInstallation50": 0,
    "TwoDrivesSideInstallation60": 0,
    "TwoDrivesSideInstallation70": 0,
    "TwoDrivesSideInstallation80": 0,
    "OpeningSpeedmms": 0,
    "Traction": 600,
    "Thrust": 600,
    "Id": "3cae6110-7870-4645-8094-e12449f27b1f",
    "CreatedOn": "2024-09-26T13:55:26.817Z",
    "CreatedBy": "",
    "ModifiedOn": "2024-09-26T13:55:26.817Z",
    "ModifiedBy": ""
  },
  {
    "Name": "Chain actuator TWIN D2 L600",
    "Bezeichnung": "Kettenantrieb TWIN D2 L600",
    "ConfigurationId": "00000000-0000-0000-0000-000000000000",
    "Description": "",
    "Application": "Facade",
    "ApplicationFacade": true,
    "ApplicationSkylight": false,
    "Type": 1,
    "OpeningType": 0,
    "BottomHungInward": true,
    "BottomHungOutward": false,
    "SideHungInward": false,
    "SideHungOutward": false,
    "TopHungInward": false,
    "TopHungOutward": true,
    "ProjectedTopHungInward": false,
    "ProjectedTopHungOutward": false,
    "InstallationType": "",
    "ITMainOutFrmMountWBracket": true,
    "ITMainFixOutFrmMount": true,
    "ITMainVentFrmMount": true,
    "ITSideMount50": false,
    "ITSideMount60": false,
    "ITSideMount70": false,
    "ITSideMount80": false,
    "ITSideMount67": false,
    "Feature": "",
    "FeatureOpenClose": true,
    "FeatureLock": true,
    "ArticleNumber": 291774,
    "Stroke": 600,
    "Angle": 0,
    "Voltage": "24 V DC",
    "Voltage24": true,
    "Voltage230": false,
    "RatedCurrent": 1,
    "BreakingCurrent": 2,
    "PullingForceMax": 500,
    "PushingForceMax": 200,
    "PullingForceMaxWithNegativeWind": 0,
    "PushingForceMaxWithNegativeWind": 0,
    "PushingForcePermanent": 133.33,
    "PullingForcePermanent": 500,
    "MinPullingForceMax": 0,
    "MinPushingForceMax": 174.35,
    "MinPullingForcePermanent": 0,
    "MinPushingForcePermanent": 84.84,
    "Price": 532.67,
    "DriveLength": 1060,
    "ChainDrive": 1160,
    "ChainDrive2": 0,
    "MaxLengthMainClosingEdge1Drive": 1650,
    "MaxGeometricArea": 1,
    "GeometricalSmokeExhaustion": 0,
    "TotalGlassThickness": 14,
    "Dimensions": 0,
    "DimensionsWxHxD": "1060 x 26 x 41",
    "TensileForce": 0,
    "LockingForce": 0,
    "Details_DE": "<ul><li>Bemessungsspannung: 24 V DC (19 V … 28 V)</li> <li>Abschaltstrom: 2,0 A</li> <li>Bemessungsstrom: 1,4 A</li> <li>Bemessungsaufnahme: 34 W</li> <li>Schutzart: IP 32</li> <li>Zug-/Schubkraft: max. 500 N</li> <li>Umgebungstemperatur: -5°C bis + 60°C</li> <li>Anschlussleitung: Halogenfrei, grau 3 x 0,5mm², ~3m</li> <li>Max. Geschwindigkeit: 12 mm/s</li> </ul>",
    "Details_EN": "<ul><li>Rated voltage: 24 V DC (19 V … 28 V)</li><li>Breaking current: 2.0 A</li><li>Rated current: 1.4 A</li><li>Rated consumption: 34 W</li><li>Protection rating: IP 32</li><li>Traction/ thrust: max. 500 N</li><li>Ambient temperature: -5°C bis + 60°C</li><li>Connecting cable: halogen-free, grey 3 x 0,5mm², ~3m</li><li>Max. speed: 12 mm/s</li></ul>",
    "Einsatz": "<ul><li>Anwendung: Lüftung, NRA</li> <li>Integrierte intelligente Regelelektronik</li> <li>Rückmeldung Endlage „ZU“ (max. 24 V, 500 mA)</li> </ul>",
    "Use": "<ul><li>Application: ventilation, natural smoke ventilation</li> <li>Integrated intelligent control electronics</li> <li>Response for \"CLOSED\" end position (max. 24 V, 500 mA)</li> </ul>",
    "Ausstattung": null,
    "Equipment": null,
    "Optionen": "<ul><li>Programmierung von Sonderfunktionen</li> <li>Programmierbare Rückmeldung Endlage „AUF“ (max. 24 V, 500 mA)</li> <li>Schüco Kontroller zur automatischen Konfiguration von Synchronlauf und Folgesteuerungen mit Verriegelungsantrieb in Antriebs-Verbundsystem</li> </ul>",
    "Options": "<ul><li>Programming of special functions</li> <li>Programmable response for \"OPEN\" end position (max. 24 V, 500 mA)</li> <li>Schüco controller for automatic configuration of synchronous running and sequence control with locking drives in composite drive systems</li> </ul>",
    "IsTwoPce": false,
    "ResultVentWeight": 77.26,
    "IsLsRsDrive": false,
    "ArticleNumberRs": 0,
    "TwoDrivesSideInstallation50": 0,
    "TwoDrivesSideInstallation60": 0,
    "TwoDrivesSideInstallation70": 0,
    "TwoDrivesSideInstallation80": 0,
    "OpeningSpeedmms": 0,
    "Traction": 500,
    "Thrust": 200,
    "Id": "e894c2ec-1e80-4d24-8c80-a383a582ab2a",
    "CreatedOn": "2024-09-26T13:55:26.817Z",
    "CreatedBy": "",
    "ModifiedOn": "2024-09-26T13:55:26.817Z",
    "ModifiedBy": ""
  },
  {
    "Name": "Locking actuator EasyConnect ow",
    "Bezeichnung": "Verriegelungsantrieb EasyConnect ow",
    "ConfigurationId": "00000000-0000-0000-0000-000000000000",
    "Description": "",
    "Application": "",
    "ApplicationFacade": true,
    "ApplicationSkylight": false,
    "Type": 5,
    "OpeningType": 0,
    "BottomHungInward": false,
    "BottomHungOutward": false,
    "SideHungInward": false,
    "SideHungOutward": true,
    "TopHungInward": false,
    "TopHungOutward": true,
    "ProjectedTopHungInward": false,
    "ProjectedTopHungOutward": true,
    "InstallationType": "",
    "ITMainOutFrmMountWBracket": true,
    "ITMainFixOutFrmMount": false,
    "ITMainVentFrmMount": false,
    "ITSideMount50": false,
    "ITSideMount60": false,
    "ITSideMount70": false,
    "ITSideMount80": false,
    "ITSideMount67": false,
    "Feature": "",
    "FeatureOpenClose": true,
    "FeatureLock": false,
    "ArticleNumber": 291589,
    "Stroke": 0,
    "Angle": 0,
    "Voltage": null,
    "Voltage24": true,
    "Voltage230": true,
    "RatedCurrent": 0,
    "BreakingCurrent": 0,
    "PullingForceMax": 0,
    "PushingForceMax": 0,
    "PullingForceMaxWithNegativeWind": 0,
    "PushingForceMaxWithNegativeWind": 0,
    "PushingForcePermanent": 0,
    "PullingForcePermanent": 0,
    "MinPullingForceMax": 0,
    "MinPushingForceMax": 0,
    "MinPullingForcePermanent": 0,
    "MinPushingForcePermanent": 0,
    "Price": 0,
    "DriveLength": 0,
    "ChainDrive": 0,
    "ChainDrive2": 0,
    "MaxLengthMainClosingEdge1Drive": 0,
    "MaxGeometricArea": 0,
    "GeometricalSmokeExhaustion": 0,
    "TotalGlassThickness": 0,
    "Dimensions": 0,
    "DimensionsWxHxD": "375 x 24 x 35",
    "TensileForce": 0,
    "LockingForce": 0,
    "Details_DE": "<ul> <li>Bemessungsspannung: 24 V DC (19 V … 28 V)</li> <li>Abschaltstrom: ~1,0 A</li> <li>Bemessungsstrom: 0,6 A</li> <li>Bemessungsaufnahme: 15 W</li> <li>Schutzart: IP 32</li><li>Zug-/Schubkraft: max. 600 N</li> <li>Umgebungstemperatur: -5°C bis + 60°C</li> <li>Anschlussleitung: Halogenfrei, grau 5 x 0,5mm² , ~5m</li> <li>Laufzeit: ~ 5s</li><li>Hub: ~ 18mm</li> </ul>",
    "Details_EN": "<ul> <li>Rated voltage : 24 V DC (19 V … 28 V</li> <li>Breaking current : ~1,0 A</li> <li>Rated current : 0,6 A</li> <li>Rated consumption : 15 W</li> <li>Protection rating : IP 32</li><li>Traction/ thrust : max. 600 N</li> <li>Ambient temperature: -5°C bis + 60°C</li> <li>Connecting cable: halogen-free, grey 5 x 0,5mm² , ~5m</li> <li>Running time: ~ 5s</li><li>Stroke: ~ 18mm</li> </ul>",
    "Einsatz": "<ul> <li>Anwendung: Lüftung, NRA</li><li>Integrierte intelligente Regelelektronik</li></ul>",
    "Use": "<ul> <li>Application: ventilation, natural smoke ventilation</li> <li>Integrated intelligent control electronics</li></ul>",
    "Ausstattung": "<ul><li>Laufrichtung einstellbar</li><li>Zusätzlicher Universal-Steckersatz</li></ul>",
    "Equipment": "<ul><li>Running direction adjustable</li><li>Additional universal plug socket</li></ul>",
    "Optionen": "<ul> <li>Mitnehmer objekt-/profilspezifisch anpassbar</li></ul>",
    "Options": "<ul> <li>Coupling adapter customizable for project-/profile-specific demands</li></ul>",
    "IsTwoPce": false,
    "ResultVentWeight": 0,
    "IsLsRsDrive": false,
    "ArticleNumberRs": 0,
    "TwoDrivesSideInstallation50": 0,
    "TwoDrivesSideInstallation60": 0,
    "TwoDrivesSideInstallation70": 0,
    "TwoDrivesSideInstallation80": 0,
    "OpeningSpeedmms": 0,
    "Traction": 0,
    "Thrust": 0,
    "Id": "ebe9753c-e5d7-4140-afe0-9f98bf25df99",
    "CreatedOn": "2024-09-26T13:55:26.817Z",
    "CreatedBy": "",
    "ModifiedOn": "2024-09-26T13:55:26.817Z",
    "ModifiedBy": ""
  }
]

13:55:37.631 [main] INFO  com.intuit.karate - Expected RecommDrive: Chain actuator D2 L600,Chain actuator D4 600,Chain actuator D6 600,Chain actuator TWIN D2 L600,Locking actuator EasyConnect ow 
13:55:37.632 [main] INFO  com.intuit.karate - Actual RecommDrive: Chain actuator D2 L600, Chain actuator D4 600, Chain actuator D6 600, Chain actuator TWIN D2 L600, Locking actuator EasyConnect ow 
13:55:37.632 [main] INFO  com.intuit.karate - Normalized Actual RecommDrive: Chain actuator D2 L600,Chain actuator D4 600,Chain actuator D6 600,Chain actuator TWIN D2 L600,Locking actuator EasyConnect ow 
13:55:37.632 [main] INFO  com.intuit.karate - Normalized Expected RecommDrive: Chain actuator D2 L600,Chain actuator D4 600,Chain actuator D6 600,Chain actuator TWIN D2 L600,Locking actuator EasyConnect ow 
13:55:37.632 [main] INFO  com.intuit.karate - All Drive IDs: [
  "267a3972-757f-4244-ac52-6bc7b30bac9f",
  "fcff08f9-981e-47bb-8f19-91cb4dc64404",
  "3cae6110-7870-4645-8094-e12449f27b1f",
  "e894c2ec-1e80-4d24-8c80-a383a582ab2a",
  "ebe9753c-e5d7-4140-afe0-9f98bf25df99"
]
 
13:55:37.633 [main] INFO  com.intuit.karate - First Drive ID: 267a3972-757f-4244-ac52-6bc7b30bac9f 
13:55:37.635 [main] DEBUG com.intuit.karate - request:
3 > POST https://dev-drivetec-apis.schuecodigitalsolutions.com/api/Drives/DownloadPDFNew/Schuco
3 > Content-Type: application/json; charset=UTF-8
3 > Content-Length: 1194
3 > Host: dev-drivetec-apis.schuecodigitalsolutions.com
3 > Connection: Keep-Alive
3 > User-Agent: Apache-HttpClient/4.5.14 (Java/17.0.12)
3 > Accept-Encoding: gzip,deflate
[{"Id":"configId","Header":"configId","Value":"3dd9b7f0-2ab3-41ef-900c-2f489d5929c5"},{"Id":"driveId","Header":"driveId","Value":"267a3972-757f-4244-ac52-6bc7b30bac9f"},{"Id":"culture","Header":"culture","Value":"EN-US"},{"Id":"projectId","Header":"projectId","Value":"2afcf090-6588-4022-aa5e-49fca51f940e"},{"Id":"range-of-app","Header":"Range of application","Value":"Façade"},{"Id":"opening-type","Header":"Opening type","Value":"Bottom-hung vent"},{"Id":"opening-direction","Header":"Opening direction","Value":"Inward"},{"Id":"how-calc-weight","Header":"Vent weight","Value":"Weight including glass"},{"Id":"Chain-Length","Header":"Chain- \/ connecting rod handle","Value":"100%"},{"Id":"drive-position","Header":"Drive position","Value":"Side installation"},{"Id":"locking-mechanism","Header":"Locking mechanism","Value":"With"},{"Id":"voltage","Header":"Voltage","Value":"24 V"},{"Id":"drive-type","Header":"Drive type","Value":"Chain drive"},{"Id":"type-installation","Header":"Type of installation","Value":"Pivoting Outer Frame Installation"},{"Id":"calculation-type-for-ventilation-area","Header":"Calculation type for ventilation area","Value":"Method in accordance with ASR 3.6"}]

13:55:39.324 [main] DEBUG com.intuit.karate - response time in milliseconds: 1689
3 < 200
3 < Content-Type: application/json; charset=utf-8
3 < Date: Thu, 05 Dec 2024 08:25:36 GMT
3 < Server: Microsoft-IIS/10.0
3 < X-Powered-By: ASP.NET
3 < Content-Length: 277
3 < Connection: keep-alive
{
  "result": "https://drive-tec-dev.s3.amazonaws.com/AUT_TPJ33518-Chain_actuator_D2_L600.pdf?AWSAccessKeyId=AKIAZAWIART4ZFAXXPHK&Expires=1733390737&response-content-disposition=attachment%3B&response-content-type=application%2Fpdf&Signature=Y2HjmEhaZuNp1Gaqos5P8VaKbrk%3D"
}

13:55:39.324 [main] INFO  com.intuit.karate - Download URL for first driveId: https://drive-tec-dev.s3.amazonaws.com/AUT_TPJ33518-Chain_actuator_D2_L600.pdf?AWSAccessKeyId=AKIAZAWIART4ZFAXXPHK&Expires=1733390737&response-content-disposition=attachment%3B&response-content-type=application%2Fpdf&Signature=Y2HjmEhaZuNp1Gaqos5P8VaKbrk%3D 
13:55:39.327 [main] INFO  com.intuit.karate - karate.env system property was: null 
13:55:39.329 [main] INFO  com.intuit.karate - Running test for dataset:  Dataset56 
13:55:39.332 [main] INFO  com.intuit.karate - Using ProjectId:  {
  "result": {
    "projectId": "prjId"
  },
  "projectPayload": {
    "Id": "579816e4-6653-4794-b435-a885f32e28d7",
    "Name": "AUT_TPJ33518",
    "Address": "Hyderabad, Telangana, India",
    "Description": "",
    "CreatedBy": "579816e4-6653-4794-b435-a885f32e28d7",
    "ModifiedBy": "579816e4-6653-4794-b435-a885f32e28d7"
  },
  "uniqueName": "AUT_TPJ33518",
  "responseHeaders": {
    "Content-Type": [
      "application/json; charset=utf-8"
    ],
    "Date": [
      "Thu, 05 Dec 2024 08:22:12 GMT"
    ],
    "Server": [
      "Microsoft-IIS/10.0"
    ],
    "X-Powered-By": [
      "ASP.NET"
    ],
    "transfer-encoding": [
      "chunked"
    ],
    "Connection": [
      "keep-alive"
    ],
    "Set-Cookie": [
    ]
  },
  "responseTime": 841,
  "response": {
    "Name": "AUT_TPJ33518",
    "Description": "",
    "Address": "Hyderabad, Telangana, India",
    "Id": "2afcf090-6588-4022-aa5e-49fca51f940e",
    "CreatedOn": "2024-12-05T08:22:11.998251+00:00",
    "CreatedBy": "579816e4-6653-4794-b435-a885f32e28d7",
    "ModifiedOn": "2024-12-05T08:22:11.9982526+00:00",
    "ModifiedBy": ""
  },
  "responseStatus": 200,
  "prjId": "2afcf090-6588-4022-aa5e-49fca51f940e",
  "projectId": "2afcf090-6588-4022-aa5e-49fca51f940e"
}
 
13:55:39.333 [main] DEBUG com.intuit.karate - request:
1 > POST https://dev-drivetec-apis.schuecodigitalsolutions.com/Configurations
1 > Content-Type: application/json; charset=UTF-8
1 > Content-Length: 1275
1 > Host: dev-drivetec-apis.schuecodigitalsolutions.com
1 > Connection: Keep-Alive
1 > User-Agent: Apache-HttpClient/4.5.14 (Java/17.0.12)
1 > Accept-Encoding: gzip,deflate
{"Id":"00000000-0000-0000-0000-000000000000","ProjectId":"2afcf090-6588-4022-aa5e-49fca51f940e","Name":"Dataset9333","Description":"Dataset9333","CustomTags":"","CreatedBy":"579816e4-6653-4794-b435-a885f32e28d7","ModifiedBy":"579816e4-6653-4794-b435-a885f32e28d7","ApplicationName":1,"System":"","FacadeInclination":0,"OpeningType":1,"OpeningDirection":1,"OpeningWidth":1000,"VentOuterWidth":1230,"VentOuterHeight":1480,"VentWeight":70,"CalculateWeightWithGlass":false,"WeightIncGlassOrThickness":false,"GlassThickness":14,"ProfileWeightPerSerialMeter":2.5,"IsWindowOpeningCalculationByAngle":1,"RequiredOpeningStroke":400,"OpeningAngle":15,"WindLoad":120,"SnowLoad":0,"DrivePosition":2,"InstallationPosition":1,"ChainLengthConnectingRodHandle":5,"LockingMechanism":1,"Voltage":1,"DriveType":1,"TypeOfInstallation":2,"CalculationTypeForVentilation":1,"CalcVentilation":1,"GeometricArea":1,"SpecificExhaustDimension":30,"BuildingDepth":75,"RevealDepth":0,"RevealDepthRectangleAngle1":0,"RevealDepthRectangleAngle2":0,"HeightOfProfile":0,"HeightProfileRectangleAngle1":0,"HeightProfileRectangleAngle2":0,"AkippOrAtilt":0,"AdrehOrAturn":0,"Ageo":0,"MinPullingForceMax":0,"MinPushingForceMax":0,"MinPullingForcePermanent":0,"MinPushingForcePermanent":0,"ForceWithNegativeWind":0}

13:55:39.977 [main] DEBUG com.intuit.karate - response time in milliseconds: 643
1 < 200
1 < Content-Type: application/json; charset=utf-8
1 < Date: Thu, 05 Dec 2024 08:25:36 GMT
1 < Server: Microsoft-IIS/10.0
1 < X-Powered-By: ASP.NET
1 < transfer-encoding: chunked
1 < Connection: keep-alive
{
  "ProjectId": "2afcf090-6588-4022-aa5e-49fca51f940e",
  "Name": "Dataset9333",
  "Description": "Dataset9333",
  "CustomTags": "",
  "ApplicationName": 1,
  "OpeningType": 1,
  "OpeningDirection": 1,
  "CalculateWeightWithGlass": false,
  "WindLoad": 120,
  "IsWindowOpeningCalculationByAngle": 1,
  "VentOuterWidth": 1230,
  "VentOuterHeight": 1480,
  "WeightIncGlassOrThickness": false,
  "VentWeight": 77,
  "VentWeightExact": 77.26400000000001,
  "GlassThickness": 14,
  "ProfileWeightPerSerialMeter": 2.5,
  "FacadeInclination": 0,
  "ChainLengthConnectingRodHandle": 5,
  "ChainLenghtConnectingRodHandle": 0,
  "RequiredOpeningStroke": 400,
  "OpeningWidth": 1000,
  "OpeningAngle": 15.532868337024489,
  "SpecificExhaustDimension": 30,
  "BuildingDepth": 75,
  "SnowLoad": 0,
  "DistanceHinge": 0,
  "RatedCurrent": 0,
  "DrivePosition": 2,
  "LockingMechanism": 1,
  "Voltage": 1,
  "DriveType": 1,
  "TypeOfInstallation": 2,
  "GeometricArea": 0,
  "CalculationTypeForVentilation": 1,
  "HeightOfProfile": 0,
  "Reveal": 0,
  "RevealDepth": 0,
  "HeightProfileRectangleAngle1": 0,
  "HeightProfileRectangleAngle2": 0,
  "RevealDepthRectangleAngle1": 0,
  "RevealDepthRectangleAngle2": 0,
  "RevealDepthRectangleAngle12": 0,
  "InstallationPosition": 0,
  "RecommendedDriveArticleNo": 0,
  "System": "",
  "AkippOrAtilt": 1.084,
  "AdrehOrAturn": 1.8204,
  "Ageo": 1.084,
  "MinPullingForceMax": -206.4868442161654,
  "MinPushingForceMax": -206.4868442161654,
  "MinPullingForcePermanent": -104.11163259218097,
  "MinPushingForcePermanent": -104.11163259218097,
  "ForceWithNegativeWind": 109.53156767199486,
  "ForceWithNoWindMin": 0.30763693489047433,
  "ForceWithNegativeWindMin": 0,
  "ForceWithWindMin": -108.91629380221393,
  "Id": "6aeda4b7-7c93-49ba-b002-65cfe2f007a1",
  "CreatedOn": "2024-12-05T08:25:37.4957864+00:00",
  "CreatedBy": "579816e4-6653-4794-b435-a885f32e28d7",
  "ModifiedOn": "2024-12-05T08:25:37.4957876+00:00",
  "ModifiedBy": ""
}

13:55:39.978 [main] INFO  com.intuit.karate - Generated Config ID: 6aeda4b7-7c93-49ba-b002-65cfe2f007a1 
13:55:39.978 [main] INFO  com.intuit.karate - Generated Name: Dataset9333 
13:55:39.978 [main] INFO  com.intuit.karate - Generated Description: Dataset9333 
13:55:39.982 [main] DEBUG com.intuit.karate - request:
1 > PUT https://dev-drivetec-apis.schuecodigitalsolutions.com/Configurations
1 > Content-Type: application/json; charset=UTF-8
1 > Content-Length: 1274
1 > Host: dev-drivetec-apis.schuecodigitalsolutions.com
1 > Connection: Keep-Alive
1 > User-Agent: Apache-HttpClient/4.5.14 (Java/17.0.12)
1 > Accept-Encoding: gzip,deflate
{"Id":"6aeda4b7-7c93-49ba-b002-65cfe2f007a1","Name":"Dataset56","Description":"Dataset9333","ProjectId":"2afcf090-6588-4022-aa5e-49fca51f940e","CustomTags":"","CreatedBy":"579816e4-6653-4794-b435-a885f32e28d7","ModifiedBy":"579816e4-6653-4794-b435-a885f32e28d7","System":"","FacadeInclination":5,"OpeningType":2,"OpeningDirection":2,"OpeningWidth":1000,"VentOuterWidth":1230,"VentOuterHeight":1480,"VentWeight":0,"CalculateWeightWithGlass":false,"RequiredOpeningStroke":450,"WindLoad":103,"SnowLoad":0,"IsWindowOpeningCalculationByAngle":1,"GlassThickness":14,"ProfileWeightPerSerialMeter":2.5,"DrivePosition":1,"InstallationPosition":0,"LockingMechanism":1,"Voltage":1,"DriveType":1,"TypeOfInstallation":2,"GeometricArea":0,"CalcVentilation":1,"SpecificExhaustDimension":45,"BuildingDepth":90,"CalculationTypeForVentilation":1,"HeightOfProfile":0,"HeightProfileRectangleAngle1":0,"HeightProfileRectangleAngle2":0,"RevealDepth":0,"RevealDepthRectangleAngle1":0,"RevealDepthRectangleAngle2":0,"ChainLengthConnectingRodHandle":5,"ApplicationName":1,"OpeningAngle":28.8,"WeightIncGlassOrThickness":false,"AkippOrAtilt":0,"AdrehOrAturn":0,"Ageo":0,"MinPullingForceMax":0,"MinPushingForceMax":0,"MinPullingForcePermanent":0,"MinPushingForcePermanent":0,"ForceWithNegativeWind":0}

13:55:40.639 [main] DEBUG com.intuit.karate - response time in milliseconds: 656
1 < 200
1 < Content-Type: application/json; charset=utf-8
1 < Date: Thu, 05 Dec 2024 08:25:38 GMT
1 < Server: Microsoft-IIS/10.0
1 < X-Powered-By: ASP.NET
1 < Content-Length: 2065
1 < Connection: keep-alive
{
  "ProjectId": "2afcf090-6588-4022-aa5e-49fca51f940e",
  "Name": "Dataset56",
  "Description": "Dataset9333",
  "CustomTags": "",
  "ApplicationName": 1,
  "OpeningType": 2,
  "OpeningDirection": 2,
  "CalculateWeightWithGlass": false,
  "WindLoad": 103,
  "IsWindowOpeningCalculationByAngle": 1,
  "VentOuterWidth": 1230,
  "VentOuterHeight": 1480,
  "WeightIncGlassOrThickness": false,
  "VentWeight": 77,
  "VentWeightExact": 77.26400000000001,
  "GlassThickness": 14,
  "ProfileWeightPerSerialMeter": 2.5,
  "FacadeInclination": 5,
  "ChainLengthConnectingRodHandle": 5,
  "ChainLenghtConnectingRodHandle": 0,
  "RequiredOpeningStroke": 450,
  "OpeningWidth": 1000,
  "OpeningAngle": 17.488828112226656,
  "SpecificExhaustDimension": 45,
  "BuildingDepth": 90,
  "SnowLoad": 0,
  "DistanceHinge": 0,
  "RatedCurrent": 0,
  "DrivePosition": 1,
  "LockingMechanism": 1,
  "Voltage": 1,
  "DriveType": 1,
  "TypeOfInstallation": 2,
  "GeometricArea": 0,
  "CalculationTypeForVentilation": 1,
  "HeightOfProfile": 0,
  "Reveal": 0,
  "RevealDepth": 0,
  "HeightProfileRectangleAngle1": 0,
  "HeightProfileRectangleAngle2": 0,
  "RevealDepthRectangleAngle1": 0,
  "RevealDepthRectangleAngle2": 0,
  "RevealDepthRectangleAngle12": 0,
  "InstallationPosition": 0,
  "RecommendedDriveArticleNo": 0,
  "System": "",
  "AkippOrAtilt": 1.2195,
  "AdrehOrAturn": 1.8204,
  "Ageo": 1.2195,
  "MinPullingForceMax": 59.70557528050877,
  "MinPushingForceMax": 175.22835425814168,
  "MinPullingForcePermanent": 84.84462864295843,
  "MinPushingForcePermanent": 84.84462864295843,
  "ForceWithNegativeWind": -126.39858019899454,
  "ForceWithNoWindMin": -33.346502459242885,
  "ForceWithNegativeWindMin": -5.539096972224812,
  "ForceWithWindMin": 59.70557528050877,
  "Id": "6aeda4b7-7c93-49ba-b002-65cfe2f007a1",
  "CreatedOn": "0001-01-01T00:00:00",
  "CreatedBy": "579816e4-6653-4794-b435-a885f32e28d7",
  "ModifiedOn": "2024-12-05T08:25:38.1541443+00:00",
  "ModifiedBy": "579816e4-6653-4794-b435-a885f32e28d7"
}

13:55:40.640 [main] INFO  com.intuit.karate - VentWeight from API Response: 77 
13:55:40.642 [main] INFO  com.intuit.karate - Rounded Opening Angle: 17.0 
13:55:40.642 [main] INFO  com.intuit.karate - Rounded Ageo: 1.22 
13:55:40.643 [main] INFO  com.intuit.karate - Rounded Required Opening Stroke: 450.0 
13:55:40.643 [main] INFO  com.intuit.karate - Rounded Vent Weight: 77.0 
13:55:40.644 [main] DEBUG com.intuit.karate - request:
2 > GET https://dev-drivetec-apis.schuecodigitalsolutions.com/Config/6aeda4b7-7c93-49ba-b002-65cfe2f007a1/Drive
2 > Host: dev-drivetec-apis.schuecodigitalsolutions.com
2 > Connection: Keep-Alive
2 > User-Agent: Apache-HttpClient/4.5.14 (Java/17.0.12)
2 > Accept-Encoding: gzip,deflate


13:55:41.464 [main] DEBUG com.intuit.karate - response time in milliseconds: 818
2 < 200
2 < Content-Type: application/json; charset=utf-8
2 < Date: Thu, 05 Dec 2024 08:25:38 GMT
2 < Server: Microsoft-IIS/10.0
2 < X-Powered-By: ASP.NET
2 < transfer-encoding: chunked
2 < Connection: keep-alive
[
  {
    "Name": "Chain actuator D4 600",
    "Bezeichnung": "Kettenantrieb D4 600",
    "ConfigurationId": "00000000-0000-0000-0000-000000000000",
    "Description": "",
    "Application": "Facade",
    "ApplicationFacade": true,
    "ApplicationSkylight": false,
    "Type": 1,
    "OpeningType": 0,
    "BottomHungInward": true,
    "BottomHungOutward": false,
    "SideHungInward": true,
    "SideHungOutward": false,
    "TopHungInward": false,
    "TopHungOutward": true,
    "ProjectedTopHungInward": false,
    "ProjectedTopHungOutward": false,
    "InstallationType": "",
    "ITMainOutFrmMountWBracket": true,
    "ITMainFixOutFrmMount": true,
    "ITMainVentFrmMount": true,
    "ITSideMount50": false,
    "ITSideMount60": false,
    "ITSideMount70": false,
    "ITSideMount80": false,
    "ITSideMount67": true,
    "Feature": "",
    "FeatureOpenClose": true,
    "FeatureLock": true,
    "ArticleNumber": 291708,
    "Stroke": 600,
    "Angle": 0,
    "Voltage": "24 V DC",
    "Voltage24": true,
    "Voltage230": false,
    "RatedCurrent": 1,
    "BreakingCurrent": 1,
    "PullingForceMax": 400,
    "PushingForceMax": 100,
    "PullingForceMaxWithNegativeWind": 0,
    "PushingForceMaxWithNegativeWind": 0,
    "PushingForcePermanent": 66.67,
    "PullingForcePermanent": 400,
    "MinPullingForceMax": 0,
    "MinPushingForceMax": 175.23,
    "MinPullingForcePermanent": 0,
    "MinPushingForcePermanent": 84.84,
    "Price": 282.19,
    "DriveLength": 665,
    "ChainDrive": 765,
    "ChainDrive2": 1490,
    "MaxLengthMainClosingEdge1Drive": 1850,
    "MaxGeometricArea": 1,
    "GeometricalSmokeExhaustion": 0,
    "TotalGlassThickness": 14,
    "Dimensions": 0,
    "DimensionsWxHxD": "665 x 24 x 35",
    "TensileForce": 0,
    "LockingForce": 0,
    "Details_DE": "<ul><li>Bemessungsspannung: 24 V DC (19 V … 28 V)</li> <li>Abschaltstrom: 1,2 A</li> <li>Bemessungsstrom: 0,9 A</li> <li>Bemessungsaufnahme: 22 W</li> <li>Schutzart: IP 32</li> <li>Zug-/Schubkraft: max. 400 N</li> <li>Umgebungstemperatur: -5°C bis + 60°C</li> <li>Anschlussleitung: Halogenfrei, grau 5 x 0,5mm², ~3m</li> <li>Max. Geschwindigkeit: 13,5 mm/s</li></ul>",
    "Details_EN": "<ul><li>Rated voltage: 24 V DC (19 V … 28 V)</li> <li>Breaking current: 1.2 A</li><li>Rated current: 0.9 A</li><li>Rated consumption: 22 W</li><li>Protection rating: IP 32</li><li>Traction/ thrust: max. 400 N</li><li>Ambient temperature: -5° C to +60° C</li><li>Connecting cable: halogen-free, grey, 5 x 0.5 mm², ~ 3 m</li><li>Max. speed: 13,5 mm/s </li></ul>",
    "Einsatz": "<ul><li>Anwendung: Lüftung, NRA</li> <li>Integrierte intelligente Regelelektronik</li> <li>Rückmeldung Endlage „ZU“ (max. 24 V, 500 mA)</li> </ul>",
    "Use": "<ul><li>Application: ventilation, natural smoke ventilation</li> <li>Integrated intelligent control electronics</li> <li>Response for “CLOSED” end position (max. 24 V, 500 mA)</li> </ul>",
    "Ausstattung": "<ul><li>Zusätzlicher Universal-Steckersatz für Mehrfachbetrieb bis zu 4 Antrieben und 2 Verriegelungsantrieben</li></ul>",
    "Equipment": "<ul><li>Additional universal plug socket for multiplex operation of up to 4 drives and 2 interlocking drives</li></ul>",
    "Optionen": "<ul><li>Programmierung von Sonderfunktionen</li> <li>Programmierbare Rückmeldung Endlage „AUF“ (max. 24 V, 500 mA)</li> <li>Schüco Kontroller zur automatischen Konfiguration von Synchronlauf und Folgesteuerungen mit Verriegelungsantrieben in Antriebs-Verbundsystemen</li> </ul>",
    "Options": "<ul><li>Programming of special functions</li> <li>Programmable response for “OPEN” end position (max. 24 V, 500 mA)</li> <li>Schüco controller for automatic configuration of synchronous running and sequence control with locking drives in composite drive systems</li> </ul>",
    "IsTwoPce": false,
    "ResultVentWeight": 77.26,
    "IsLsRsDrive": true,
    "ArticleNumberRs": 291707,
    "TwoDrivesSideInstallation50": 0,
    "TwoDrivesSideInstallation60": 0,
    "TwoDrivesSideInstallation70": 0,
    "TwoDrivesSideInstallation80": 0,
    "OpeningSpeedmms": 0,
    "Traction": 400,
    "Thrust": 100,
    "Id": "fcff08f9-981e-47bb-8f19-91cb4dc64404",
    "CreatedOn": "2024-09-26T13:55:26.817Z",
    "CreatedBy": "",
    "ModifiedOn": "2024-09-26T13:55:26.817Z",
    "ModifiedBy": ""
  },
  {
    "Name": "Chain actuator D6 600",
    "Bezeichnung": "Kettenantrieb D6 600",
    "ConfigurationId": "00000000-0000-0000-0000-000000000000",
    "Description": "",
    "Application": "Facade",
    "ApplicationFacade": true,
    "ApplicationSkylight": true,
    "Type": 1,
    "OpeningType": 0,
    "BottomHungInward": true,
    "BottomHungOutward": true,
    "SideHungInward": true,
    "SideHungOutward": true,
    "TopHungInward": false,
    "TopHungOutward": true,
    "ProjectedTopHungInward": false,
    "ProjectedTopHungOutward": true,
    "InstallationType": "",
    "ITMainOutFrmMountWBracket": true,
    "ITMainFixOutFrmMount": false,
    "ITMainVentFrmMount": true,
    "ITSideMount50": false,
    "ITSideMount60": false,
    "ITSideMount70": false,
    "ITSideMount80": false,
    "ITSideMount67": true,
    "Feature": "",
    "FeatureOpenClose": true,
    "FeatureLock": true,
    "ArticleNumber": 291716,
    "Stroke": 600,
    "Angle": 0,
    "Voltage": "24 V DC",
    "Voltage24": true,
    "Voltage230": false,
    "RatedCurrent": 1,
    "BreakingCurrent": 1,
    "PullingForceMax": 600,
    "PushingForceMax": 600,
    "PullingForceMaxWithNegativeWind": 0,
    "PushingForceMaxWithNegativeWind": 0,
    "PushingForcePermanent": 400,
    "PullingForcePermanent": 600,
    "MinPullingForceMax": 0,
    "MinPushingForceMax": 175.23,
    "MinPullingForcePermanent": 0,
    "MinPushingForcePermanent": 84.84,
    "Price": 374.18,
    "DriveLength": 693,
    "ChainDrive": 793,
    "ChainDrive2": 1546,
    "MaxLengthMainClosingEdge1Drive": 1920,
    "MaxGeometricArea": 1,
    "GeometricalSmokeExhaustion": 0,
    "TotalGlassThickness": 14,
    "Dimensions": 0,
    "DimensionsWxHxD": "693 x 40 x 56",
    "TensileForce": 0,
    "LockingForce": 0,
    "Details_DE": "<ul> <li>Bemessungsspannung: 24 V DC (19 V … 28 V)</li> <li>Abschaltstrom: 1,2 A</li> <li>Bemessungsstrom: 0,9 A</li> <li>Bemessungsaufnahme: 22 W</li> <li>Schutzart: IP 32</li> <li>Zug-/Schubkraft: max. 600 N</li> <li>Umgebungstemperatur: -5°C bis + 60°C</li> <li>Anschlussleitung: Halogenfrei, grau 5 x 0,5mm², ~3m</li> <li>Max. Geschwindigkeit: 13,5 mm/s</li> </ul>",
    "Details_EN": "<ul> <li>Rated voltage: 24 V DC (19 V … 28 V)</li><li>Breaking current: 1.2 A</li><li>Rated current: 0.9 A</li><li>Rated consumption: 22W</li><li>Protection rating: IP 32</li><li>Traction/ thrust: max. 600 N</li><li>Ambient temperature: -5° C to +60° C</li><li>Connecting cable: halogen-free, grey 3 x 0,5mm², ~3m</li><li>Max. speed: 13,5 mm/s</li></ul>",
    "Einsatz": "<ul><li>Anwendung: Lüftung, NRA</li> <li>Integrierte intelligente Regelelektronik</li></ul>",
    "Use": "<ul><li>Application: ventilation, natural smoke ventilation</li> <li>Integrated intelligent control electronics</li> </ul>",
    "Ausstattung": "<ul><li>Zusätzlicher Universal-Steckersatz für Mehrfachbetrieb bis zu 4 Antrieben und 2 Verriegelungsantrieben</li></ul>",
    "Equipment": "<ul><li>Additional universal plug socket for multiplex operation  of up to 4 drives and 2 interlocking drives</li></ul>",
    "Optionen": "<ul><li>Programmierung von Sonderfunktionen</li> <li>Programmierbare Rückmeldung Endlage „AUF“ (max. 24 V, 500 mA)</li> <li>Schüco Kontroller zur automatischen Konfiguration von Synchronlauf und Folgesteuerungen mit Verriegelungsantrieben in Antriebs-Verbundsystemen</li> </ul>",
    "Options": "<ul><li>Programming of special functions</li> <li>Programmable response for “OPEN” end position (max. 24 V, 500 mA)</li> <li>Schüco controller for automatic configuration of synchronous running and sequence control with locking drives in composite drive systems</li> </ul>",
    "IsTwoPce": false,
    "ResultVentWeight": 77.26,
    "IsLsRsDrive": false,
    "ArticleNumberRs": 0,
    "TwoDrivesSideInstallation50": 0,
    "TwoDrivesSideInstallation60": 0,
    "TwoDrivesSideInstallation70": 0,
    "TwoDrivesSideInstallation80": 0,
    "OpeningSpeedmms": 0,
    "Traction": 600,
    "Thrust": 600,
    "Id": "3cae6110-7870-4645-8094-e12449f27b1f",
    "CreatedOn": "2024-09-26T13:55:26.817Z",
    "CreatedBy": "",
    "ModifiedOn": "2024-09-26T13:55:26.817Z",
    "ModifiedBy": ""
  },
  {
    "Name": "Chain actuator TWIN D2 L600",
    "Bezeichnung": "Kettenantrieb TWIN D2 L600",
    "ConfigurationId": "00000000-0000-0000-0000-000000000000",
    "Description": "",
    "Application": "Facade",
    "ApplicationFacade": true,
    "ApplicationSkylight": false,
    "Type": 1,
    "OpeningType": 0,
    "BottomHungInward": true,
    "BottomHungOutward": false,
    "SideHungInward": false,
    "SideHungOutward": false,
    "TopHungInward": false,
    "TopHungOutward": true,
    "ProjectedTopHungInward": false,
    "ProjectedTopHungOutward": false,
    "InstallationType": "",
    "ITMainOutFrmMountWBracket": true,
    "ITMainFixOutFrmMount": true,
    "ITMainVentFrmMount": true,
    "ITSideMount50": false,
    "ITSideMount60": false,
    "ITSideMount70": false,
    "ITSideMount80": false,
    "ITSideMount67": false,
    "Feature": "",
    "FeatureOpenClose": true,
    "FeatureLock": true,
    "ArticleNumber": 291774,
    "Stroke": 600,
    "Angle": 0,
    "Voltage": "24 V DC",
    "Voltage24": true,
    "Voltage230": false,
    "RatedCurrent": 1,
    "BreakingCurrent": 2,
    "PullingForceMax": 500,
    "PushingForceMax": 200,
    "PullingForceMaxWithNegativeWind": 0,
    "PushingForceMaxWithNegativeWind": 0,
    "PushingForcePermanent": 133.33,
    "PullingForcePermanent": 500,
    "MinPullingForceMax": 0,
    "MinPushingForceMax": 175.23,
    "MinPullingForcePermanent": 0,
    "MinPushingForcePermanent": 84.84,
    "Price": 532.67,
    "DriveLength": 1060,
    "ChainDrive": 1160,
    "ChainDrive2": 0,
    "MaxLengthMainClosingEdge1Drive": 1650,
    "MaxGeometricArea": 1,
    "GeometricalSmokeExhaustion": 0,
    "TotalGlassThickness": 14,
    "Dimensions": 0,
    "DimensionsWxHxD": "1060 x 26 x 41",
    "TensileForce": 0,
    "LockingForce": 0,
    "Details_DE": "<ul><li>Bemessungsspannung: 24 V DC (19 V … 28 V)</li> <li>Abschaltstrom: 2,0 A</li> <li>Bemessungsstrom: 1,4 A</li> <li>Bemessungsaufnahme: 34 W</li> <li>Schutzart: IP 32</li> <li>Zug-/Schubkraft: max. 500 N</li> <li>Umgebungstemperatur: -5°C bis + 60°C</li> <li>Anschlussleitung: Halogenfrei, grau 3 x 0,5mm², ~3m</li> <li>Max. Geschwindigkeit: 12 mm/s</li> </ul>",
    "Details_EN": "<ul><li>Rated voltage: 24 V DC (19 V … 28 V)</li><li>Breaking current: 2.0 A</li><li>Rated current: 1.4 A</li><li>Rated consumption: 34 W</li><li>Protection rating: IP 32</li><li>Traction/ thrust: max. 500 N</li><li>Ambient temperature: -5°C bis + 60°C</li><li>Connecting cable: halogen-free, grey 3 x 0,5mm², ~3m</li><li>Max. speed: 12 mm/s</li></ul>",
    "Einsatz": "<ul><li>Anwendung: Lüftung, NRA</li> <li>Integrierte intelligente Regelelektronik</li> <li>Rückmeldung Endlage „ZU“ (max. 24 V, 500 mA)</li> </ul>",
    "Use": "<ul><li>Application: ventilation, natural smoke ventilation</li> <li>Integrated intelligent control electronics</li> <li>Response for \"CLOSED\" end position (max. 24 V, 500 mA)</li> </ul>",
    "Ausstattung": null,
    "Equipment": null,
    "Optionen": "<ul><li>Programmierung von Sonderfunktionen</li> <li>Programmierbare Rückmeldung Endlage „AUF“ (max. 24 V, 500 mA)</li> <li>Schüco Kontroller zur automatischen Konfiguration von Synchronlauf und Folgesteuerungen mit Verriegelungsantrieb in Antriebs-Verbundsystem</li> </ul>",
    "Options": "<ul><li>Programming of special functions</li> <li>Programmable response for \"OPEN\" end position (max. 24 V, 500 mA)</li> <li>Schüco controller for automatic configuration of synchronous running and sequence control with locking drives in composite drive systems</li> </ul>",
    "IsTwoPce": false,
    "ResultVentWeight": 77.26,
    "IsLsRsDrive": false,
    "ArticleNumberRs": 0,
    "TwoDrivesSideInstallation50": 0,
    "TwoDrivesSideInstallation60": 0,
    "TwoDrivesSideInstallation70": 0,
    "TwoDrivesSideInstallation80": 0,
    "OpeningSpeedmms": 0,
    "Traction": 500,
    "Thrust": 200,
    "Id": "e894c2ec-1e80-4d24-8c80-a383a582ab2a",
    "CreatedOn": "2024-09-26T13:55:26.817Z",
    "CreatedBy": "",
    "ModifiedOn": "2024-09-26T13:55:26.817Z",
    "ModifiedBy": ""
  },
  {
    "Name": "Locking actuator EasyConnect ow",
    "Bezeichnung": "Verriegelungsantrieb EasyConnect ow",
    "ConfigurationId": "00000000-0000-0000-0000-000000000000",
    "Description": "",
    "Application": "",
    "ApplicationFacade": true,
    "ApplicationSkylight": false,
    "Type": 5,
    "OpeningType": 0,
    "BottomHungInward": false,
    "BottomHungOutward": false,
    "SideHungInward": false,
    "SideHungOutward": true,
    "TopHungInward": false,
    "TopHungOutward": true,
    "ProjectedTopHungInward": false,
    "ProjectedTopHungOutward": true,
    "InstallationType": "",
    "ITMainOutFrmMountWBracket": true,
    "ITMainFixOutFrmMount": false,
    "ITMainVentFrmMount": false,
    "ITSideMount50": false,
    "ITSideMount60": false,
    "ITSideMount70": false,
    "ITSideMount80": false,
    "ITSideMount67": false,
    "Feature": "",
    "FeatureOpenClose": true,
    "FeatureLock": false,
    "ArticleNumber": 291589,
    "Stroke": 0,
    "Angle": 0,
    "Voltage": null,
    "Voltage24": true,
    "Voltage230": true,
    "RatedCurrent": 0,
    "BreakingCurrent": 0,
    "PullingForceMax": 0,
    "PushingForceMax": 0,
    "PullingForceMaxWithNegativeWind": 0,
    "PushingForceMaxWithNegativeWind": 0,
    "PushingForcePermanent": 0,
    "PullingForcePermanent": 0,
    "MinPullingForceMax": 0,
    "MinPushingForceMax": 0,
    "MinPullingForcePermanent": 0,
    "MinPushingForcePermanent": 0,
    "Price": 0,
    "DriveLength": 0,
    "ChainDrive": 0,
    "ChainDrive2": 0,
    "MaxLengthMainClosingEdge1Drive": 0,
    "MaxGeometricArea": 0,
    "GeometricalSmokeExhaustion": 0,
    "TotalGlassThickness": 0,
    "Dimensions": 0,
    "DimensionsWxHxD": "375 x 24 x 35",
    "TensileForce": 0,
    "LockingForce": 0,
    "Details_DE": "<ul> <li>Bemessungsspannung: 24 V DC (19 V … 28 V)</li> <li>Abschaltstrom: ~1,0 A</li> <li>Bemessungsstrom: 0,6 A</li> <li>Bemessungsaufnahme: 15 W</li> <li>Schutzart: IP 32</li><li>Zug-/Schubkraft: max. 600 N</li> <li>Umgebungstemperatur: -5°C bis + 60°C</li> <li>Anschlussleitung: Halogenfrei, grau 5 x 0,5mm² , ~5m</li> <li>Laufzeit: ~ 5s</li><li>Hub: ~ 18mm</li> </ul>",
    "Details_EN": "<ul> <li>Rated voltage : 24 V DC (19 V … 28 V</li> <li>Breaking current : ~1,0 A</li> <li>Rated current : 0,6 A</li> <li>Rated consumption : 15 W</li> <li>Protection rating : IP 32</li><li>Traction/ thrust : max. 600 N</li> <li>Ambient temperature: -5°C bis + 60°C</li> <li>Connecting cable: halogen-free, grey 5 x 0,5mm² , ~5m</li> <li>Running time: ~ 5s</li><li>Stroke: ~ 18mm</li> </ul>",
    "Einsatz": "<ul> <li>Anwendung: Lüftung, NRA</li><li>Integrierte intelligente Regelelektronik</li></ul>",
    "Use": "<ul> <li>Application: ventilation, natural smoke ventilation</li> <li>Integrated intelligent control electronics</li></ul>",
    "Ausstattung": "<ul><li>Laufrichtung einstellbar</li><li>Zusätzlicher Universal-Steckersatz</li></ul>",
    "Equipment": "<ul><li>Running direction adjustable</li><li>Additional universal plug socket</li></ul>",
    "Optionen": "<ul> <li>Mitnehmer objekt-/profilspezifisch anpassbar</li></ul>",
    "Options": "<ul> <li>Coupling adapter customizable for project-/profile-specific demands</li></ul>",
    "IsTwoPce": false,
    "ResultVentWeight": 0,
    "IsLsRsDrive": false,
    "ArticleNumberRs": 0,
    "TwoDrivesSideInstallation50": 0,
    "TwoDrivesSideInstallation60": 0,
    "TwoDrivesSideInstallation70": 0,
    "TwoDrivesSideInstallation80": 0,
    "OpeningSpeedmms": 0,
    "Traction": 0,
    "Thrust": 0,
    "Id": "ebe9753c-e5d7-4140-afe0-9f98bf25df99",
    "CreatedOn": "2024-09-26T13:55:26.817Z",
    "CreatedBy": "",
    "ModifiedOn": "2024-09-26T13:55:26.817Z",
    "ModifiedBy": ""
  }
]

13:55:41.469 [main] INFO  com.intuit.karate - Expected RecommDrive: Chain actuator D4 600,Chain actuator D6 600,Chain actuator TWIN D2 L600,Locking actuator EasyConnect ow 
13:55:41.469 [main] INFO  com.intuit.karate - Actual RecommDrive: Chain actuator D4 600, Chain actuator D6 600, Chain actuator TWIN D2 L600, Locking actuator EasyConnect ow 
13:55:41.469 [main] INFO  com.intuit.karate - Normalized Actual RecommDrive: Chain actuator D4 600,Chain actuator D6 600,Chain actuator TWIN D2 L600,Locking actuator EasyConnect ow 
13:55:41.469 [main] INFO  com.intuit.karate - Normalized Expected RecommDrive: Chain actuator D4 600,Chain actuator D6 600,Chain actuator TWIN D2 L600,Locking actuator EasyConnect ow 
13:55:41.470 [main] INFO  com.intuit.karate - All Drive IDs: [
  "fcff08f9-981e-47bb-8f19-91cb4dc64404",
  "3cae6110-7870-4645-8094-e12449f27b1f",
  "e894c2ec-1e80-4d24-8c80-a383a582ab2a",
  "ebe9753c-e5d7-4140-afe0-9f98bf25df99"
]
 
13:55:41.470 [main] INFO  com.intuit.karate - First Drive ID: fcff08f9-981e-47bb-8f19-91cb4dc64404 
13:55:41.472 [main] DEBUG com.intuit.karate - request:
3 > POST https://dev-drivetec-apis.schuecodigitalsolutions.com/api/Drives/DownloadPDFNew/Schuco
3 > Content-Type: application/json; charset=UTF-8
3 > Content-Length: 1194
3 > Host: dev-drivetec-apis.schuecodigitalsolutions.com
3 > Connection: Keep-Alive
3 > User-Agent: Apache-HttpClient/4.5.14 (Java/17.0.12)
3 > Accept-Encoding: gzip,deflate
[{"Id":"configId","Header":"configId","Value":"6aeda4b7-7c93-49ba-b002-65cfe2f007a1"},{"Id":"driveId","Header":"driveId","Value":"fcff08f9-981e-47bb-8f19-91cb4dc64404"},{"Id":"culture","Header":"culture","Value":"EN-US"},{"Id":"projectId","Header":"projectId","Value":"2afcf090-6588-4022-aa5e-49fca51f940e"},{"Id":"range-of-app","Header":"Range of application","Value":"Façade"},{"Id":"opening-type","Header":"Opening type","Value":"Bottom-hung vent"},{"Id":"opening-direction","Header":"Opening direction","Value":"Inward"},{"Id":"how-calc-weight","Header":"Vent weight","Value":"Weight including glass"},{"Id":"Chain-Length","Header":"Chain- \/ connecting rod handle","Value":"100%"},{"Id":"drive-position","Header":"Drive position","Value":"Side installation"},{"Id":"locking-mechanism","Header":"Locking mechanism","Value":"With"},{"Id":"voltage","Header":"Voltage","Value":"24 V"},{"Id":"drive-type","Header":"Drive type","Value":"Chain drive"},{"Id":"type-installation","Header":"Type of installation","Value":"Pivoting Outer Frame Installation"},{"Id":"calculation-type-for-ventilation-area","Header":"Calculation type for ventilation area","Value":"Method in accordance with ASR 3.6"}]

13:55:43.020 [main] DEBUG com.intuit.karate - response time in milliseconds: 1547
3 < 200
3 < Content-Type: application/json; charset=utf-8
3 < Date: Thu, 05 Dec 2024 08:25:40 GMT
3 < Server: Microsoft-IIS/10.0
3 < X-Powered-By: ASP.NET
3 < Content-Length: 278
3 < Connection: keep-alive
{
  "result": "https://drive-tec-dev.s3.amazonaws.com/AUT_TPJ33518-Chain_actuator_D4_600.pdf?AWSAccessKeyId=AKIAZAWIART4ZFAXXPHK&Expires=1733390741&response-content-disposition=attachment%3B&response-content-type=application%2Fpdf&Signature=MKUThubUkinaUb5GOhY%2FqXcAmPE%3D"
}

13:55:43.021 [main] INFO  com.intuit.karate - Download URL for first driveId: https://drive-tec-dev.s3.amazonaws.com/AUT_TPJ33518-Chain_actuator_D4_600.pdf?AWSAccessKeyId=AKIAZAWIART4ZFAXXPHK&Expires=1733390741&response-content-disposition=attachment%3B&response-content-type=application%2Fpdf&Signature=MKUThubUkinaUb5GOhY%2FqXcAmPE%3D 
13:55:43.026 [main] INFO  com.intuit.karate - karate.env system property was: null 
13:55:43.027 [main] INFO  com.intuit.karate - Running test for dataset:  Dataset57 
13:55:43.033 [main] INFO  com.intuit.karate - Using ProjectId:  {
  "result": {
    "projectId": "prjId"
  },
  "projectPayload": {
    "Id": "579816e4-6653-4794-b435-a885f32e28d7",
    "Name": "AUT_TPJ33518",
    "Address": "Hyderabad, Telangana, India",
    "Description": "",
    "CreatedBy": "579816e4-6653-4794-b435-a885f32e28d7",
    "ModifiedBy": "579816e4-6653-4794-b435-a885f32e28d7"
  },
  "uniqueName": "AUT_TPJ33518",
  "responseHeaders": {
    "Content-Type": [
      "application/json; charset=utf-8"
    ],
    "Date": [
      "Thu, 05 Dec 2024 08:22:12 GMT"
    ],
    "Server": [
      "Microsoft-IIS/10.0"
    ],
    "X-Powered-By": [
      "ASP.NET"
    ],
    "transfer-encoding": [
      "chunked"
    ],
    "Connection": [
      "keep-alive"
    ],
    "Set-Cookie": [
    ]
  },
  "responseTime": 841,
  "response": {
    "Name": "AUT_TPJ33518",
    "Description": "",
    "Address": "Hyderabad, Telangana, India",
    "Id": "2afcf090-6588-4022-aa5e-49fca51f940e",
    "CreatedOn": "2024-12-05T08:22:11.998251+00:00",
    "CreatedBy": "579816e4-6653-4794-b435-a885f32e28d7",
    "ModifiedOn": "2024-12-05T08:22:11.9982526+00:00",
    "ModifiedBy": ""
  },
  "responseStatus": 200,
  "prjId": "2afcf090-6588-4022-aa5e-49fca51f940e",
  "projectId": "2afcf090-6588-4022-aa5e-49fca51f940e"
}
 
13:55:43.035 [main] DEBUG com.intuit.karate - request:
1 > POST https://dev-drivetec-apis.schuecodigitalsolutions.com/Configurations
1 > Content-Type: application/json; charset=UTF-8
1 > Content-Length: 1275
1 > Host: dev-drivetec-apis.schuecodigitalsolutions.com
1 > Connection: Keep-Alive
1 > User-Agent: Apache-HttpClient/4.5.14 (Java/17.0.12)
1 > Accept-Encoding: gzip,deflate
{"Id":"00000000-0000-0000-0000-000000000000","ProjectId":"2afcf090-6588-4022-aa5e-49fca51f940e","Name":"Dataset3035","Description":"Dataset3035","CustomTags":"","CreatedBy":"579816e4-6653-4794-b435-a885f32e28d7","ModifiedBy":"579816e4-6653-4794-b435-a885f32e28d7","ApplicationName":1,"System":"","FacadeInclination":0,"OpeningType":1,"OpeningDirection":1,"OpeningWidth":1000,"VentOuterWidth":1230,"VentOuterHeight":1480,"VentWeight":70,"CalculateWeightWithGlass":false,"WeightIncGlassOrThickness":false,"GlassThickness":14,"ProfileWeightPerSerialMeter":2.5,"IsWindowOpeningCalculationByAngle":1,"RequiredOpeningStroke":400,"OpeningAngle":15,"WindLoad":120,"SnowLoad":0,"DrivePosition":2,"InstallationPosition":1,"ChainLengthConnectingRodHandle":5,"LockingMechanism":1,"Voltage":1,"DriveType":1,"TypeOfInstallation":2,"CalculationTypeForVentilation":1,"CalcVentilation":1,"GeometricArea":1,"SpecificExhaustDimension":30,"BuildingDepth":75,"RevealDepth":0,"RevealDepthRectangleAngle1":0,"RevealDepthRectangleAngle2":0,"HeightOfProfile":0,"HeightProfileRectangleAngle1":0,"HeightProfileRectangleAngle2":0,"AkippOrAtilt":0,"AdrehOrAturn":0,"Ageo":0,"MinPullingForceMax":0,"MinPushingForceMax":0,"MinPullingForcePermanent":0,"MinPushingForcePermanent":0,"ForceWithNegativeWind":0}

13:55:43.693 [main] DEBUG com.intuit.karate - response time in milliseconds: 657
1 < 200
1 < Content-Type: application/json; charset=utf-8
1 < Date: Thu, 05 Dec 2024 08:25:40 GMT
1 < Server: Microsoft-IIS/10.0
1 < X-Powered-By: ASP.NET
1 < Content-Length: 2032
1 < Connection: keep-alive
{
  "ProjectId": "2afcf090-6588-4022-aa5e-49fca51f940e",
  "Name": "Dataset3035",
  "Description": "Dataset3035",
  "CustomTags": "",
  "ApplicationName": 1,
  "OpeningType": 1,
  "OpeningDirection": 1,
  "CalculateWeightWithGlass": false,
  "WindLoad": 120,
  "IsWindowOpeningCalculationByAngle": 1,
  "VentOuterWidth": 1230,
  "VentOuterHeight": 1480,
  "WeightIncGlassOrThickness": false,
  "VentWeight": 77,
  "VentWeightExact": 77.26400000000001,
  "GlassThickness": 14,
  "ProfileWeightPerSerialMeter": 2.5,
  "FacadeInclination": 0,
  "ChainLengthConnectingRodHandle": 5,
  "ChainLenghtConnectingRodHandle": 0,
  "RequiredOpeningStroke": 400,
  "OpeningWidth": 1000,
  "OpeningAngle": 15.532868337024489,
  "SpecificExhaustDimension": 30,
  "BuildingDepth": 75,
  "SnowLoad": 0,
  "DistanceHinge": 0,
  "RatedCurrent": 0,
  "DrivePosition": 2,
  "LockingMechanism": 1,
  "Voltage": 1,
  "DriveType": 1,
  "TypeOfInstallation": 2,
  "GeometricArea": 0,
  "CalculationTypeForVentilation": 1,
  "HeightOfProfile": 0,
  "Reveal": 0,
  "RevealDepth": 0,
  "HeightProfileRectangleAngle1": 0,
  "HeightProfileRectangleAngle2": 0,
  "RevealDepthRectangleAngle1": 0,
  "RevealDepthRectangleAngle2": 0,
  "RevealDepthRectangleAngle12": 0,
  "InstallationPosition": 0,
  "RecommendedDriveArticleNo": 0,
  "System": "",
  "AkippOrAtilt": 1.084,
  "AdrehOrAturn": 1.8204,
  "Ageo": 1.084,
  "MinPullingForceMax": -206.4868442161654,
  "MinPushingForceMax": -206.4868442161654,
  "MinPullingForcePermanent": -104.11163259218097,
  "MinPushingForcePermanent": -104.11163259218097,
  "ForceWithNegativeWind": 109.53156767199486,
  "ForceWithNoWindMin": 0.30763693489047433,
  "ForceWithNegativeWindMin": 0,
  "ForceWithWindMin": -108.91629380221393,
  "Id": "516edb82-c9b4-4c1b-ac74-87aa1f69b1fe",
  "CreatedOn": "2024-12-05T08:25:41.2117663+00:00",
  "CreatedBy": "579816e4-6653-4794-b435-a885f32e28d7",
  "ModifiedOn": "2024-12-05T08:25:41.2117673+00:00",
  "ModifiedBy": ""
}

13:55:43.694 [main] INFO  com.intuit.karate - Generated Config ID: 516edb82-c9b4-4c1b-ac74-87aa1f69b1fe 
13:55:43.694 [main] INFO  com.intuit.karate - Generated Name: Dataset3035 
13:55:43.694 [main] INFO  com.intuit.karate - Generated Description: Dataset3035 
13:55:43.699 [main] DEBUG com.intuit.karate - request:
1 > PUT https://dev-drivetec-apis.schuecodigitalsolutions.com/Configurations
1 > Content-Type: application/json; charset=UTF-8
1 > Content-Length: 1274
1 > Host: dev-drivetec-apis.schuecodigitalsolutions.com
1 > Connection: Keep-Alive
1 > User-Agent: Apache-HttpClient/4.5.14 (Java/17.0.12)
1 > Accept-Encoding: gzip,deflate
{"Id":"516edb82-c9b4-4c1b-ac74-87aa1f69b1fe","Name":"Dataset57","Description":"Dataset3035","ProjectId":"2afcf090-6588-4022-aa5e-49fca51f940e","CustomTags":"","CreatedBy":"579816e4-6653-4794-b435-a885f32e28d7","ModifiedBy":"579816e4-6653-4794-b435-a885f32e28d7","System":"","FacadeInclination":0,"OpeningType":1,"OpeningDirection":1,"OpeningWidth":1000,"VentOuterWidth":1300,"VentOuterHeight":1480,"VentWeight":0,"CalculateWeightWithGlass":false,"RequiredOpeningStroke":400,"WindLoad":120,"SnowLoad":0,"IsWindowOpeningCalculationByAngle":1,"GlassThickness":14,"ProfileWeightPerSerialMeter":2.5,"DrivePosition":1,"InstallationPosition":0,"LockingMechanism":1,"Voltage":1,"DriveType":1,"TypeOfInstallation":2,"GeometricArea":0,"CalcVentilation":1,"SpecificExhaustDimension":45,"BuildingDepth":90,"CalculationTypeForVentilation":1,"HeightOfProfile":0,"HeightProfileRectangleAngle1":0,"HeightProfileRectangleAngle2":0,"RevealDepth":0,"RevealDepthRectangleAngle1":0,"RevealDepthRectangleAngle2":0,"ChainLengthConnectingRodHandle":5,"ApplicationName":1,"OpeningAngle":28.8,"WeightIncGlassOrThickness":false,"AkippOrAtilt":0,"AdrehOrAturn":0,"Ageo":0,"MinPullingForceMax":0,"MinPushingForceMax":0,"MinPullingForcePermanent":0,"MinPushingForcePermanent":0,"ForceWithNegativeWind":0}

13:55:44.346 [main] DEBUG com.intuit.karate - response time in milliseconds: 646
1 < 200
1 < Content-Type: application/json; charset=utf-8
1 < Date: Thu, 05 Dec 2024 08:25:41 GMT
1 < Server: Microsoft-IIS/10.0
1 < X-Powered-By: ASP.NET
1 < Content-Length: 2070
1 < Connection: keep-alive
{
  "ProjectId": "2afcf090-6588-4022-aa5e-49fca51f940e",
  "Name": "Dataset57",
  "Description": "Dataset3035",
  "CustomTags": "",
  "ApplicationName": 1,
  "OpeningType": 1,
  "OpeningDirection": 1,
  "CalculateWeightWithGlass": false,
  "WindLoad": 120,
  "IsWindowOpeningCalculationByAngle": 1,
  "VentOuterWidth": 1300,
  "VentOuterHeight": 1480,
  "WeightIncGlassOrThickness": false,
  "VentWeight": 81,
  "VentWeightExact": 81.24000000000001,
  "GlassThickness": 14,
  "ProfileWeightPerSerialMeter": 2.5,
  "FacadeInclination": 0,
  "ChainLengthConnectingRodHandle": 5,
  "ChainLenghtConnectingRodHandle": 0,
  "RequiredOpeningStroke": 400,
  "OpeningWidth": 1000,
  "OpeningAngle": 15.532868337024489,
  "SpecificExhaustDimension": 45,
  "BuildingDepth": 90,
  "SnowLoad": 0,
  "DistanceHinge": 0,
  "RatedCurrent": 0,
  "DrivePosition": 1,
  "LockingMechanism": 1,
  "Voltage": 1,
  "DriveType": 1,
  "TypeOfInstallation": 2,
  "GeometricArea": 0,
  "CalculationTypeForVentilation": 1,
  "HeightOfProfile": 0,
  "Reveal": 0,
  "RevealDepth": 0,
  "HeightProfileRectangleAngle1": 0,
  "HeightProfileRectangleAngle2": 0,
  "RevealDepthRectangleAngle1": 0,
  "RevealDepthRectangleAngle2": 0,
  "RevealDepthRectangleAngle12": 0,
  "InstallationPosition": 0,
  "RecommendedDriveArticleNo": 0,
  "System": "",
  "AkippOrAtilt": 1.112,
  "AdrehOrAturn": 1.924,
  "Ageo": 1.112,
  "MinPullingForceMax": -115.11645888541372,
  "MinPushingForceMax": -217.67065305490868,
  "MinPullingForcePermanent": -109.46920987508777,
  "MinPushingForcePermanent": -109.46920987508777,
  "ForceWithNegativeWind": 115.76339470521341,
  "ForceWithNoWindMin": 0.3234679098998516,
  "ForceWithNegativeWindMin": -1.2677666952668574,
  "ForceWithWindMin": -115.11645888541372,
  "Id": "516edb82-c9b4-4c1b-ac74-87aa1f69b1fe",
  "CreatedOn": "0001-01-01T00:00:00",
  "CreatedBy": "579816e4-6653-4794-b435-a885f32e28d7",
  "ModifiedOn": "2024-12-05T08:25:41.8650023+00:00",
  "ModifiedBy": "579816e4-6653-4794-b435-a885f32e28d7"
}

13:55:44.346 [main] INFO  com.intuit.karate - VentWeight from API Response: 81 
13:55:44.347 [main] INFO  com.intuit.karate - Rounded Opening Angle: 16.0 
13:55:44.347 [main] INFO  com.intuit.karate - Rounded Ageo: 1.11 
13:55:44.347 [main] INFO  com.intuit.karate - Rounded Required Opening Stroke: 400.0 
13:55:44.347 [main] INFO  com.intuit.karate - Rounded Vent Weight: 81.0 
13:55:44.348 [main] DEBUG com.intuit.karate - request:
2 > GET https://dev-drivetec-apis.schuecodigitalsolutions.com/Config/516edb82-c9b4-4c1b-ac74-87aa1f69b1fe/Drive
2 > Host: dev-drivetec-apis.schuecodigitalsolutions.com
2 > Connection: Keep-Alive
2 > User-Agent: Apache-HttpClient/4.5.14 (Java/17.0.12)
2 > Accept-Encoding: gzip,deflate


13:55:45.193 [main] DEBUG com.intuit.karate - response time in milliseconds: 844
2 < 200
2 < Content-Type: application/json; charset=utf-8
2 < Date: Thu, 05 Dec 2024 08:25:41 GMT
2 < Server: Microsoft-IIS/10.0
2 < X-Powered-By: ASP.NET
2 < transfer-encoding: chunked
2 < Connection: keep-alive
[
  {
    "Name": "Chain actuator D2 L400",
    "Bezeichnung": "Kettenantrieb D2 L400",
    "ConfigurationId": "00000000-0000-0000-0000-000000000000",
    "Description": "",
    "Application": "Facade",
    "ApplicationFacade": true,
    "ApplicationSkylight": false,
    "Type": 1,
    "OpeningType": 0,
    "BottomHungInward": true,
    "BottomHungOutward": false,
    "SideHungInward": true,
    "SideHungOutward": false,
    "TopHungInward": false,
    "TopHungOutward": true,
    "ProjectedTopHungInward": false,
    "ProjectedTopHungOutward": false,
    "InstallationType": "",
    "ITMainOutFrmMountWBracket": true,
    "ITMainFixOutFrmMount": true,
    "ITMainVentFrmMount": true,
    "ITSideMount50": false,
    "ITSideMount60": false,
    "ITSideMount70": false,
    "ITSideMount80": false,
    "ITSideMount67": true,
    "Feature": "",
    "FeatureOpenClose": true,
    "FeatureLock": true,
    "ArticleNumber": 291754,
    "Stroke": 400,
    "Angle": 0,
    "Voltage": "24 V DC",
    "Voltage24": true,
    "Voltage230": false,
    "RatedCurrent": 1,
    "BreakingCurrent": 1,
    "PullingForceMax": 250,
    "PushingForceMax": 200,
    "PullingForceMaxWithNegativeWind": 0,
    "PushingForceMaxWithNegativeWind": 0,
    "PushingForcePermanent": 133.33,
    "PullingForcePermanent": 250,
    "MinPullingForceMax": -217.67,
    "MinPushingForceMax": 0,
    "MinPullingForcePermanent": -109.47,
    "MinPushingForcePermanent": 0,
    "Price": 252.38,
    "DriveLength": 430,
    "ChainDrive": 530,
    "ChainDrive2": 1020,
    "MaxLengthMainClosingEdge1Drive": 1650,
    "MaxGeometricArea": 1,
    "GeometricalSmokeExhaustion": 0,
    "TotalGlassThickness": 14,
    "Dimensions": 0,
    "DimensionsWxHxD": "430 x 26 x 41",
    "TensileForce": 0,
    "LockingForce": 0,
    "Details_DE": "<ul><li>Bemessungsspannung: 24 V DC (19 V … 28 V)</li><li>Abschaltstrom: 1,0 A</li><li>Bemessungsstrom: 0,7 A</li><li>Bemessungsaufnahme: 17 W</li><li>Schutzart: IP 32</li><li>Zug-/Schubkraft: max. 250 N</li><li>Umgebungstemperatur: -5°C bis + 60°C</li><li>Anschlussleitung: Halogenfrei, grau 3 x 0,5 mm², ~3 m</li><li>Max. Geschwindigkeit: 13,5 mm/s</li></ul>",
    "Details_EN": "<ul><li>Rated voltage: 24 V DC (19 V … 28 V)</li><li>Breaking current: 1.0 A</li><li>Rated current: 0.7 A</li><li>Rated consumption: 17 W</li><li>Protection rating: IP 32</li><li>Traction/ thrust: max. 250 N</li><li>Ambient temperature: -5°C bis + 60°C</li><li>Connecting cable: halogen-free, grey 3 x 0.5 mm², ~3 m</li><li>Max. speed: 13.5 mm/s</li></ul>",
    "Einsatz": "<ul> <li>Anwendung: Lüftung, NRA</li> <li>Integrierte intelligente Regelelektronik</li> <li>Rückmeldung Endlage „ZU“ (max. 24 V, 500 mA)</li> </ul>",
    "Use": "<ul> <li>Application: ventilation, natural smoke ventilation</li> <li>Integrated, intelligent control electronics</li> <li>Response for “CLOSED” end position (max. 24 V, 500 mA)</li> </ul>",
    "Ausstattung": null,
    "Equipment": null,
    "Optionen": "<ul> <li>Programmierung von Sonderfunktionen</li> <li>Programmierbare Rückmeldung Endlage „AUF“ (max. 24 V, 500 mA)</li> <li>Schüco Kontroller zur automatischen Konfiguration von Synchronlauf und Folgesteuerungen mit Verriegelungsantrieben in Antriebs-Verbundsystemen</li> </ul>",
    "Options": "<ul> <li>Programming of special functions</li> <li>Programmable response for “OPEN” end position (max. 24 V, 500 mA)</li> <li>Schüco controller for automatic configuration of synchronous running and sequence control with locking drives in composite drive systems</li></ul>",
    "IsTwoPce": false,
    "ResultVentWeight": 81.24,
    "IsLsRsDrive": true,
    "ArticleNumberRs": 291755,
    "TwoDrivesSideInstallation50": 0,
    "TwoDrivesSideInstallation60": 0,
    "TwoDrivesSideInstallation70": 0,
    "TwoDrivesSideInstallation80": 0,
    "OpeningSpeedmms": 0,
    "Traction": 250,
    "Thrust": 200,
    "Id": "94015dd3-0c39-4d62-be4f-b1e2f8066f98",
    "CreatedOn": "2024-09-26T13:55:26.817Z",
    "CreatedBy": "",
    "ModifiedOn": "2024-09-26T13:55:26.817Z",
    "ModifiedBy": ""
  },
  {
    "Name": "Chain actuator D4 400",
    "Bezeichnung": "Kettenantrieb D4 400",
    "ConfigurationId": "00000000-0000-0000-0000-000000000000",
    "Description": "",
    "Application": "Facade",
    "ApplicationFacade": true,
    "ApplicationSkylight": false,
    "Type": 1,
    "OpeningType": 0,
    "BottomHungInward": true,
    "BottomHungOutward": false,
    "SideHungInward": true,
    "SideHungOutward": true,
    "TopHungInward": false,
    "TopHungOutward": true,
    "ProjectedTopHungInward": false,
    "ProjectedTopHungOutward": true,
    "InstallationType": "",
    "ITMainOutFrmMountWBracket": true,
    "ITMainFixOutFrmMount": true,
    "ITMainVentFrmMount": true,
    "ITSideMount50": false,
    "ITSideMount60": false,
    "ITSideMount70": false,
    "ITSideMount80": false,
    "ITSideMount67": true,
    "Feature": "",
    "FeatureOpenClose": true,
    "FeatureLock": true,
    "ArticleNumber": 291706,
    "Stroke": 400,
    "Angle": 0,
    "Voltage": "24 V DC",
    "Voltage24": true,
    "Voltage230": false,
    "RatedCurrent": 1,
    "BreakingCurrent": 1,
    "PullingForceMax": 400,
    "PushingForceMax": 300,
    "PullingForceMaxWithNegativeWind": 0,
    "PushingForceMaxWithNegativeWind": 0,
    "PushingForcePermanent": 200,
    "PullingForcePermanent": 400,
    "MinPullingForceMax": -217.67,
    "MinPushingForceMax": 0,
    "MinPullingForcePermanent": -109.47,
    "MinPushingForcePermanent": 0,
    "Price": 273.74,
    "DriveLength": 551,
    "ChainDrive": 651,
    "ChainDrive2": 1262,
    "MaxLengthMainClosingEdge1Drive": 1850,
    "MaxGeometricArea": 1,
    "GeometricalSmokeExhaustion": 0,
    "TotalGlassThickness": 14,
    "Dimensions": 0,
    "DimensionsWxHxD": "551 x 24 x 35",
    "TensileForce": 0,
    "LockingForce": 0,
    "Details_DE": "<ul><li>Bemessungsspannung: 24 V DC (19 V … 28 V)</li> <li>Abschaltstrom: 1,2 A</li> <li>Bemessungsstrom: 0,9 A</li> <li>Bemessungsaufnahme: 22 W</li> <li>Schutzart: IP 32</li> <li>Zug-/Schubkraft: max. 400 N</li> <li>Umgebungstemperatur: -5°C bis + 60°C</li> <li>Anschlussleitung: Halogenfrei, grau 5 x 0,5mm², ~3m</li> <li>Max. Geschwindigkeit: 13,5 mm/s</li></ul>",
    "Details_EN": "<ul><li>Rated voltage: 24 V DC (19 V … 28 V)</li> <li>Breaking current: 1.2 A</li><li>Rated current: 0.9 A</li><li>Rated consumption: 22 W</li><li>Protection rating: IP 32</li><li>Traction/ thrust: max. 400 N</li><li>Ambient temperature: -5° C to +60° C</li><li>Connecting cable: halogen-free, grey, 5 x 0.5 mm², ~ 3 m</li><li>Max. speed: 13,5 mm/s </li></ul>",
    "Einsatz": "<ul><li>Anwendung: Lüftung, NRA</li> <li>Integrierte intelligente Regelelektronik</li> <li>Rückmeldung Endlage „ZU“ (max. 24 V, 500 mA)</li> </ul>",
    "Use": "<ul><li>Application: ventilation, natural smoke ventilation</li> <li>Integrated intelligent control electronics</li> <li>Response for “CLOSED” end position (max. 24 V, 500 mA)</li> </ul>",
    "Ausstattung": "<ul><li>Zusätzlicher Universal-Steckersatz für Mehrfachbetrieb bis zu 4 Antrieben und 2 Verriegelungsantrieben</li></ul>",
    "Equipment": "<ul><li>Additional universal plug socket for multiplex operation of up to 4 drives and 2 interlocking drives</li></ul>",
    "Optionen": "<ul><li>Programmierung von Sonderfunktionen</li> <li>Programmierbare Rückmeldung Endlage „AUF“ (max. 24 V, 500 mA)</li> <li>Schüco Kontroller zur automatischen Konfiguration von Synchronlauf und Folgesteuerungen mit Verriegelungsantrieben in Antriebs-Verbundsystemen</li> </ul>",
    "Options": "<ul><li>Programming of special functions</li> <li>Programmable response for “OPEN” end position (max. 24 V, 500 mA)</li> <li>Schüco controller for automatic configuration of synchronous running and sequence control with locking drives in composite drive systems</li> </ul>",
    "IsTwoPce": false,
    "ResultVentWeight": 81.24,
    "IsLsRsDrive": true,
    "ArticleNumberRs": 291705,
    "TwoDrivesSideInstallation50": 0,
    "TwoDrivesSideInstallation60": 0,
    "TwoDrivesSideInstallation70": 0,
    "TwoDrivesSideInstallation80": 0,
    "OpeningSpeedmms": 0,
    "Traction": 400,
    "Thrust": 300,
    "Id": "3d1279a9-fd09-4a49-8d1b-c747973b2872",
    "CreatedOn": "2024-09-26T13:55:26.817Z",
    "CreatedBy": "",
    "ModifiedOn": "2024-09-26T13:55:26.817Z",
    "ModifiedBy": ""
  },
  {
    "Name": "Chain actuator D6 400",
    "Bezeichnung": "Kettenantrieb D6 400",
    "ConfigurationId": "00000000-0000-0000-0000-000000000000",
    "Description": "",
    "Application": "Facade",
    "ApplicationFacade": true,
    "ApplicationSkylight": true,
    "Type": 1,
    "OpeningType": 0,
    "BottomHungInward": true,
    "BottomHungOutward": true,
    "SideHungInward": true,
    "SideHungOutward": true,
    "TopHungInward": false,
    "TopHungOutward": true,
    "ProjectedTopHungInward": false,
    "ProjectedTopHungOutward": true,
    "InstallationType": "",
    "ITMainOutFrmMountWBracket": true,
    "ITMainFixOutFrmMount": false,
    "ITMainVentFrmMount": true,
    "ITSideMount50": false,
    "ITSideMount60": false,
    "ITSideMount70": false,
    "ITSideMount80": false,
    "ITSideMount67": true,
    "Feature": "",
    "FeatureOpenClose": true,
    "FeatureLock": true,
    "ArticleNumber": 291715,
    "Stroke": 400,
    "Angle": 0,
    "Voltage": "24 V DC",
    "Voltage24": true,
    "Voltage230": false,
    "RatedCurrent": 1,
    "BreakingCurrent": 1,
    "PullingForceMax": 600,
    "PushingForceMax": 600,
    "PullingForceMaxWithNegativeWind": 0,
    "PushingForceMaxWithNegativeWind": 0,
    "PushingForcePermanent": 400,
    "PullingForcePermanent": 600,
    "MinPullingForceMax": -217.67,
    "MinPushingForceMax": 0,
    "MinPullingForcePermanent": -109.47,
    "MinPushingForcePermanent": 0,
    "Price": 360.35,
    "DriveLength": 591,
    "ChainDrive": 691,
    "ChainDrive2": 1342,
    "MaxLengthMainClosingEdge1Drive": 1920,
    "MaxGeometricArea": 1,
    "GeometricalSmokeExhaustion": 0,
    "TotalGlassThickness": 14,
    "Dimensions": 0,
    "DimensionsWxHxD": "591 x 40 x 56",
    "TensileForce": 0,
    "LockingForce": 0,
    "Details_DE": "<ul> <li>Bemessungsspannung: 24 V DC (19 V … 28 V)</li> <li>Abschaltstrom: 1,2 A</li> <li>Bemessungsstrom: 0,9 A</li> <li>Bemessungsaufnahme: 22 W</li> <li>Schutzart: IP 32</li> <li>Zug-/Schubkraft: max. 600 N</li> <li>Umgebungstemperatur: -5°C bis + 60°C</li> <li>Anschlussleitung: Halogenfrei, grau 5 x 0,5mm², ~3m</li> <li>Max. Geschwindigkeit: 13,5 mm/s</li> </ul>",
    "Details_EN": "<ul> <li>Rated voltage: 24 V DC (19 V … 28 V)</li><li>Breaking current: 1.2 A</li><li>Rated current: 0.9 A</li><li>Rated consumption: 22W</li><li>Protection rating: IP 32</li><li>Traction/ thrust: max. 600 N</li><li>Ambient temperature: -5° C to +60° C</li><li>Connecting cable: halogen-free, grey 3 x 0,5mm², ~3m</li><li>Max. speed: 13,5 mm/s</li></ul>",
    "Einsatz": "<ul><li>Anwendung: Lüftung, NRA</li> <li>Integrierte intelligente Regelelektronik</li></ul>",
    "Use": "<ul><li>Application: ventilation, natural smoke ventilation</li> <li>Integrated intelligent control electronics</li> </ul>",
    "Ausstattung": "<ul><li>Zusätzlicher Universal-Steckersatz für Mehrfachbetrieb bis zu 4 Antrieben und 2 Verriegelungsantrieben</li></ul>",
    "Equipment": "<ul><li>Additional universal plug socket for multiplex operation  of up to 4 drives and 2 interlocking drives</li></ul>",
    "Optionen": "<ul><li>Programmierung von Sonderfunktionen</li> <li>Programmierbare Rückmeldung Endlage „AUF“ (max. 24 V, 500 mA)</li> <li>Schüco Kontroller zur automatischen Konfiguration von Synchronlauf und Folgesteuerungen mit Verriegelungsantrieben in Antriebs-Verbundsystemen</li> </ul>",
    "Options": "<ul><li>Programming of special functions</li> <li>Programmable response for “OPEN” end position (max. 24 V, 500 mA)</li> <li>Schüco controller for automatic configuration of synchronous running and sequence control with locking drives in composite drive systems</li> </ul>",
    "IsTwoPce": false,
    "ResultVentWeight": 81.24,
    "IsLsRsDrive": false,
    "ArticleNumberRs": 0,
    "TwoDrivesSideInstallation50": 0,
    "TwoDrivesSideInstallation60": 0,
    "TwoDrivesSideInstallation70": 0,
    "TwoDrivesSideInstallation80": 0,
    "OpeningSpeedmms": 0,
    "Traction": 600,
    "Thrust": 600,
    "Id": "6cfaf03b-807c-4298-8635-4bf804653a9e",
    "CreatedOn": "2024-09-26T13:55:26.817Z",
    "CreatedBy": "",
    "ModifiedOn": "2024-09-26T13:55:26.817Z",
    "ModifiedBy": ""
  },
  {
    "Name": "Chain actuator TWIN D2 L400",
    "Bezeichnung": "Kettenantrieb TWIN D2 L400",
    "ConfigurationId": "00000000-0000-0000-0000-000000000000",
    "Description": "",
    "Application": "Facade",
    "ApplicationFacade": true,
    "ApplicationSkylight": false,
    "Type": 1,
    "OpeningType": 0,
    "BottomHungInward": true,
    "BottomHungOutward": false,
    "SideHungInward": false,
    "SideHungOutward": false,
    "TopHungInward": false,
    "TopHungOutward": true,
    "ProjectedTopHungInward": false,
    "ProjectedTopHungOutward": false,
    "InstallationType": "",
    "ITMainOutFrmMountWBracket": true,
    "ITMainFixOutFrmMount": true,
    "ITMainVentFrmMount": true,
    "ITSideMount50": false,
    "ITSideMount60": false,
    "ITSideMount70": false,
    "ITSideMount80": false,
    "ITSideMount67": false,
    "Feature": "",
    "FeatureOpenClose": true,
    "FeatureLock": true,
    "ArticleNumber": 291773,
    "Stroke": 400,
    "Angle": 0,
    "Voltage": "24 V DC",
    "Voltage24": true,
    "Voltage230": false,
    "RatedCurrent": 1,
    "BreakingCurrent": 2,
    "PullingForceMax": 500,
    "PushingForceMax": 400,
    "PullingForceMaxWithNegativeWind": 0,
    "PushingForceMaxWithNegativeWind": 0,
    "PushingForcePermanent": 266.67,
    "PullingForcePermanent": 500,
    "MinPullingForceMax": -217.67,
    "MinPushingForceMax": 0,
    "MinPullingForcePermanent": -109.47,
    "MinPushingForcePermanent": 0,
    "Price": 503.83,
    "DriveLength": 830,
    "ChainDrive": 930,
    "ChainDrive2": 0,
    "MaxLengthMainClosingEdge1Drive": 1650,
    "MaxGeometricArea": 1,
    "GeometricalSmokeExhaustion": 0,
    "TotalGlassThickness": 14,
    "Dimensions": 0,
    "DimensionsWxHxD": "830 x 26 x 41",
    "TensileForce": 0,
    "LockingForce": 0,
    "Details_DE": "<ul><li>Bemessungsspannung: 24 V DC (19 V … 28 V)</li> <li>Abschaltstrom: 2,0 A</li> <li>Bemessungsstrom: 1,4 A</li> <li>Bemessungsaufnahme: 34 W</li> <li>Schutzart: IP 32</li> <li>Zug-/Schubkraft: max. 500 N</li> <li>Umgebungstemperatur: -5°C bis + 60°C</li> <li>Anschlussleitung: Halogenfrei, grau 3 x 0,5mm², ~3m</li> <li>Max. Geschwindigkeit: 12 mm/s</li> </ul>",
    "Details_EN": "<ul><li>Rated voltage: 24 V DC (19 V … 28 V)</li><li>Breaking current: 2.0 A</li><li>Rated current: 1.4 A</li><li>Rated consumption: 34 W</li><li>Protection rating: IP 32</li><li>Traction/ thrust: max. 500 N</li><li>Ambient temperature: -5°C bis + 60°C</li><li>Connecting cable: halogen-free, grey 3 x 0,5mm², ~3m</li><li>Max. speed: 12 mm/s</li></ul>",
    "Einsatz": "<ul><li>Anwendung: Lüftung, NRA</li> <li>Integrierte intelligente Regelelektronik</li> <li>Rückmeldung Endlage „ZU“ (max. 24 V, 500 mA)</li> </ul>",
    "Use": "<ul><li>Application: ventilation, natural smoke ventilation</li> <li>Integrated intelligent control electronics</li> <li>Response for \"CLOSED\" end position (max. 24 V, 500 mA)</li> </ul>",
    "Ausstattung": null,
    "Equipment": null,
    "Optionen": "<ul><li>Programmierung von Sonderfunktionen</li> <li>Programmierbare Rückmeldung Endlage „AUF“ (max. 24 V, 500 mA)</li> <li>Schüco Kontroller zur automatischen Konfiguration von Synchronlauf und Folgesteuerungen mit Verriegelungsantrieb in Antriebs-Verbundsystem</li> </ul>",
    "Options": "<ul><li>Programming of special functions</li> <li>Programmable response for \"OPEN\" end position (max. 24 V, 500 mA)</li> <li>Schüco controller for automatic configuration of synchronous running and sequence control with locking drives in composite drive systems</li> </ul>",
    "IsTwoPce": false,
    "ResultVentWeight": 81.24,
    "IsLsRsDrive": false,
    "ArticleNumberRs": 0,
    "TwoDrivesSideInstallation50": 0,
    "TwoDrivesSideInstallation60": 0,
    "TwoDrivesSideInstallation70": 0,
    "TwoDrivesSideInstallation80": 0,
    "OpeningSpeedmms": 0,
    "Traction": 500,
    "Thrust": 400,
    "Id": "bee855a0-ff9e-43a3-aef0-f3ffc5797b4f",
    "CreatedOn": "2024-09-26T13:55:26.817Z",
    "CreatedBy": "",
    "ModifiedOn": "2024-09-26T13:55:26.817Z",
    "ModifiedBy": ""
  },
  {
    "Name": "Chain actuator D2 L400",
    "Bezeichnung": "Kettenantrieb D2 L400",
    "ConfigurationId": "00000000-0000-0000-0000-000000000000",
    "Description": "",
    "Application": "Facade",
    "ApplicationFacade": true,
    "ApplicationSkylight": false,
    "Type": 1,
    "OpeningType": 0,
    "BottomHungInward": true,
    "BottomHungOutward": false,
    "SideHungInward": true,
    "SideHungOutward": false,
    "TopHungInward": false,
    "TopHungOutward": true,
    "ProjectedTopHungInward": false,
    "ProjectedTopHungOutward": false,
    "InstallationType": "",
    "ITMainOutFrmMountWBracket": true,
    "ITMainFixOutFrmMount": true,
    "ITMainVentFrmMount": true,
    "ITSideMount50": false,
    "ITSideMount60": false,
    "ITSideMount70": false,
    "ITSideMount80": false,
    "ITSideMount67": true,
    "Feature": "",
    "FeatureOpenClose": true,
    "FeatureLock": true,
    "ArticleNumber": 291754,
    "Stroke": 400,
    "Angle": 0,
    "Voltage": "24 V DC",
    "Voltage24": true,
    "Voltage230": false,
    "RatedCurrent": 1,
    "BreakingCurrent": 1,
    "PullingForceMax": 250,
    "PushingForceMax": 200,
    "PullingForceMaxWithNegativeWind": 0,
    "PushingForceMaxWithNegativeWind": 0,
    "PushingForcePermanent": 133.33,
    "PullingForcePermanent": 250,
    "MinPullingForceMax": -217.67,
    "MinPushingForceMax": 0,
    "MinPullingForcePermanent": -109.47,
    "MinPushingForcePermanent": 0,
    "Price": 504.76,
    "DriveLength": 430,
    "ChainDrive": 530,
    "ChainDrive2": 1020,
    "MaxLengthMainClosingEdge1Drive": 1650,
    "MaxGeometricArea": 1,
    "GeometricalSmokeExhaustion": 0,
    "TotalGlassThickness": 14,
    "Dimensions": 0,
    "DimensionsWxHxD": "430 x 26 x 41",
    "TensileForce": 0,
    "LockingForce": 0,
    "Details_DE": "<ul><li>Bemessungsspannung: 24 V DC (19 V … 28 V)</li><li>Abschaltstrom: 1,0 A</li><li>Bemessungsstrom: 0,7 A</li><li>Bemessungsaufnahme: 17 W</li><li>Schutzart: IP 32</li><li>Zug-/Schubkraft: max. 250 N</li><li>Umgebungstemperatur: -5°C bis + 60°C</li><li>Anschlussleitung: Halogenfrei, grau 3 x 0,5 mm², ~3 m</li><li>Max. Geschwindigkeit: 13,5 mm/s</li></ul>",
    "Details_EN": "<ul><li>Rated voltage: 24 V DC (19 V … 28 V)</li><li>Breaking current: 1.0 A</li><li>Rated current: 0.7 A</li><li>Rated consumption: 17 W</li><li>Protection rating: IP 32</li><li>Traction/ thrust: max. 250 N</li><li>Ambient temperature: -5°C bis + 60°C</li><li>Connecting cable: halogen-free, grey 3 x 0.5 mm², ~3 m</li><li>Max. speed: 13.5 mm/s</li></ul>",
    "Einsatz": "<ul> <li>Anwendung: Lüftung, NRA</li> <li>Integrierte intelligente Regelelektronik</li> <li>Rückmeldung Endlage „ZU“ (max. 24 V, 500 mA)</li> </ul>",
    "Use": "<ul> <li>Application: ventilation, natural smoke ventilation</li> <li>Integrated, intelligent control electronics</li> <li>Response for “CLOSED” end position (max. 24 V, 500 mA)</li> </ul>",
    "Ausstattung": null,
    "Equipment": null,
    "Optionen": "<ul> <li>Programmierung von Sonderfunktionen</li> <li>Programmierbare Rückmeldung Endlage „AUF“ (max. 24 V, 500 mA)</li> <li>Schüco Kontroller zur automatischen Konfiguration von Synchronlauf und Folgesteuerungen mit Verriegelungsantrieben in Antriebs-Verbundsystemen</li> </ul>",
    "Options": "<ul> <li>Programming of special functions</li> <li>Programmable response for “OPEN” end position (max. 24 V, 500 mA)</li> <li>Schüco controller for automatic configuration of synchronous running and sequence control with locking drives in composite drive systems</li></ul>",
    "IsTwoPce": true,
    "ResultVentWeight": 81.24,
    "IsLsRsDrive": true,
    "ArticleNumberRs": 291755,
    "TwoDrivesSideInstallation50": 0,
    "TwoDrivesSideInstallation60": 0,
    "TwoDrivesSideInstallation70": 0,
    "TwoDrivesSideInstallation80": 0,
    "OpeningSpeedmms": 0,
    "Traction": 250,
    "Thrust": 200,
    "Id": "94015dd3-0c39-4d62-be4f-b1e2f8066f98",
    "CreatedOn": "2024-09-26T13:55:26.817Z",
    "CreatedBy": "",
    "ModifiedOn": "2024-09-26T13:55:26.817Z",
    "ModifiedBy": ""
  },
  {
    "Name": "Chain actuator D4 400",
    "Bezeichnung": "Kettenantrieb D4 400",
    "ConfigurationId": "00000000-0000-0000-0000-000000000000",
    "Description": "",
    "Application": "Facade",
    "ApplicationFacade": true,
    "ApplicationSkylight": false,
    "Type": 1,
    "OpeningType": 0,
    "BottomHungInward": true,
    "BottomHungOutward": false,
    "SideHungInward": true,
    "SideHungOutward": true,
    "TopHungInward": false,
    "TopHungOutward": true,
    "ProjectedTopHungInward": false,
    "ProjectedTopHungOutward": true,
    "InstallationType": "",
    "ITMainOutFrmMountWBracket": true,
    "ITMainFixOutFrmMount": true,
    "ITMainVentFrmMount": true,
    "ITSideMount50": false,
    "ITSideMount60": false,
    "ITSideMount70": false,
    "ITSideMount80": false,
    "ITSideMount67": true,
    "Feature": "",
    "FeatureOpenClose": true,
    "FeatureLock": true,
    "ArticleNumber": 291706,
    "Stroke": 400,
    "Angle": 0,
    "Voltage": "24 V DC",
    "Voltage24": true,
    "Voltage230": false,
    "RatedCurrent": 1,
    "BreakingCurrent": 1,
    "PullingForceMax": 400,
    "PushingForceMax": 300,
    "PullingForceMaxWithNegativeWind": 0,
    "PushingForceMaxWithNegativeWind": 0,
    "PushingForcePermanent": 200,
    "PullingForcePermanent": 400,
    "MinPullingForceMax": -217.67,
    "MinPushingForceMax": 0,
    "MinPullingForcePermanent": -109.47,
    "MinPushingForcePermanent": 0,
    "Price": 547.48,
    "DriveLength": 551,
    "ChainDrive": 651,
    "ChainDrive2": 1262,
    "MaxLengthMainClosingEdge1Drive": 1850,
    "MaxGeometricArea": 1,
    "GeometricalSmokeExhaustion": 0,
    "TotalGlassThickness": 14,
    "Dimensions": 0,
    "DimensionsWxHxD": "551 x 24 x 35",
    "TensileForce": 0,
    "LockingForce": 0,
    "Details_DE": "<ul><li>Bemessungsspannung: 24 V DC (19 V … 28 V)</li> <li>Abschaltstrom: 1,2 A</li> <li>Bemessungsstrom: 0,9 A</li> <li>Bemessungsaufnahme: 22 W</li> <li>Schutzart: IP 32</li> <li>Zug-/Schubkraft: max. 400 N</li> <li>Umgebungstemperatur: -5°C bis + 60°C</li> <li>Anschlussleitung: Halogenfrei, grau 5 x 0,5mm², ~3m</li> <li>Max. Geschwindigkeit: 13,5 mm/s</li></ul>",
    "Details_EN": "<ul><li>Rated voltage: 24 V DC (19 V … 28 V)</li> <li>Breaking current: 1.2 A</li><li>Rated current: 0.9 A</li><li>Rated consumption: 22 W</li><li>Protection rating: IP 32</li><li>Traction/ thrust: max. 400 N</li><li>Ambient temperature: -5° C to +60° C</li><li>Connecting cable: halogen-free, grey, 5 x 0.5 mm², ~ 3 m</li><li>Max. speed: 13,5 mm/s </li></ul>",
    "Einsatz": "<ul><li>Anwendung: Lüftung, NRA</li> <li>Integrierte intelligente Regelelektronik</li> <li>Rückmeldung Endlage „ZU“ (max. 24 V, 500 mA)</li> </ul>",
    "Use": "<ul><li>Application: ventilation, natural smoke ventilation</li> <li>Integrated intelligent control electronics</li> <li>Response for “CLOSED” end position (max. 24 V, 500 mA)</li> </ul>",
    "Ausstattung": "<ul><li>Zusätzlicher Universal-Steckersatz für Mehrfachbetrieb bis zu 4 Antrieben und 2 Verriegelungsantrieben</li></ul>",
    "Equipment": "<ul><li>Additional universal plug socket for multiplex operation of up to 4 drives and 2 interlocking drives</li></ul>",
    "Optionen": "<ul><li>Programmierung von Sonderfunktionen</li> <li>Programmierbare Rückmeldung Endlage „AUF“ (max. 24 V, 500 mA)</li> <li>Schüco Kontroller zur automatischen Konfiguration von Synchronlauf und Folgesteuerungen mit Verriegelungsantrieben in Antriebs-Verbundsystemen</li> </ul>",
    "Options": "<ul><li>Programming of special functions</li> <li>Programmable response for “OPEN” end position (max. 24 V, 500 mA)</li> <li>Schüco controller for automatic configuration of synchronous running and sequence control with locking drives in composite drive systems</li> </ul>",
    "IsTwoPce": true,
    "ResultVentWeight": 81.24,
    "IsLsRsDrive": true,
    "ArticleNumberRs": 291705,
    "TwoDrivesSideInstallation50": 0,
    "TwoDrivesSideInstallation60": 0,
    "TwoDrivesSideInstallation70": 0,
    "TwoDrivesSideInstallation80": 0,
    "OpeningSpeedmms": 0,
    "Traction": 400,
    "Thrust": 300,
    "Id": "3d1279a9-fd09-4a49-8d1b-c747973b2872",
    "CreatedOn": "2024-09-26T13:55:26.817Z",
    "CreatedBy": "",
    "ModifiedOn": "2024-09-26T13:55:26.817Z",
    "ModifiedBy": ""
  },
  {
    "Name": "Locking actuator EasyConnect",
    "Bezeichnung": "Verriegelungsantrieb EasyConnect",
    "ConfigurationId": "00000000-0000-0000-0000-000000000000",
    "Description": "",
    "Application": "",
    "ApplicationFacade": true,
    "ApplicationSkylight": false,
    "Type": 5,
    "OpeningType": 0,
    "BottomHungInward": true,
    "BottomHungOutward": false,
    "SideHungInward": true,
    "SideHungOutward": false,
    "TopHungInward": false,
    "TopHungOutward": false,
    "ProjectedTopHungInward": false,
    "ProjectedTopHungOutward": false,
    "InstallationType": "",
    "ITMainOutFrmMountWBracket": true,
    "ITMainFixOutFrmMount": true,
    "ITMainVentFrmMount": false,
    "ITSideMount50": false,
    "ITSideMount60": false,
    "ITSideMount70": false,
    "ITSideMount80": false,
    "ITSideMount67": false,
    "Feature": "",
    "FeatureOpenClose": true,
    "FeatureLock": false,
    "ArticleNumber": 291787,
    "Stroke": 0,
    "Angle": 0,
    "Voltage": null,
    "Voltage24": true,
    "Voltage230": true,
    "RatedCurrent": 0,
    "BreakingCurrent": 0,
    "PullingForceMax": 0,
    "PushingForceMax": 0,
    "PullingForceMaxWithNegativeWind": 0,
    "PushingForceMaxWithNegativeWind": 0,
    "PushingForcePermanent": 0,
    "PullingForcePermanent": 0,
    "MinPullingForceMax": 0,
    "MinPushingForceMax": 0,
    "MinPullingForcePermanent": 0,
    "MinPushingForcePermanent": 0,
    "Price": 0,
    "DriveLength": 0,
    "ChainDrive": 0,
    "ChainDrive2": 0,
    "MaxLengthMainClosingEdge1Drive": 0,
    "MaxGeometricArea": 0,
    "GeometricalSmokeExhaustion": 0,
    "TotalGlassThickness": 0,
    "Dimensions": 0,
    "DimensionsWxHxD": "375 x 24 x 35",
    "TensileForce": 0,
    "LockingForce": 0,
    "Details_DE": "<ul> <li>Bemessungsspannung: 24 V DC (19 V … 28 V)</li> <li>Abschaltstrom: ~1,0 A</li> <li>Bemessungsstrom: 0,6 A</li> <li>Bemessungsaufnahme: 15 W</li> <li>Schutzart: IP 32</li><li>Zug-/Schubkraft: max. 600 N</li> <li>Umgebungstemperatur: -5°C bis + 60°C</li> <li>Anschlussleitung: Halogenfrei, grau 5 x 0,5mm² , ~5m</li> <li>Laufzeit: ~ 5s</li><li>Hub: ~ 18mm</li> </ul>",
    "Details_EN": "<ul> <li>Rated voltage : 24 V DC (19 V … 28 V</li> <li>Breaking current : ~1,0 A</li> <li>Rated current : 0,6 A</li> <li>Rated consumption : 15 W</li> <li>Protection rating : IP 32</li><li>Traction/ thrust : max. 600 N</li> <li>Ambient temperature: -5°C bis + 60°C</li> <li>Connecting cable: halogen-free, grey 5 x 0,5mm² , ~5m</li> <li>Running time: ~ 5s</li><li>Stroke: ~ 18mm</li> </ul>",
    "Einsatz": "<ul> <li>Anwendung: Lüftung, NRA</li><li>Integrierte intelligente Regelelektronik</li></ul>",
    "Use": "<ul> <li>Application: ventilation, natural smoke ventilation</li> <li>Integrated intelligent control electronics</li></ul>",
    "Ausstattung": "<ul><li>Laufrichtung einstellbar</li><li>Zusätzlicher Universal-Steckersatz</li></ul>",
    "Equipment": "<ul><li>Running direction adjustable</li><li>Additional universal plug socket</li></ul>",
    "Optionen": "<ul> <li>Mitnehmer objekt-/profilspezifisch anpassbar</li></ul>",
    "Options": "<ul> <li>Coupling adapter customizable for project-/profile-specific demands</li></ul>",
    "IsTwoPce": false,
    "ResultVentWeight": 0,
    "IsLsRsDrive": false,
    "ArticleNumberRs": 0,
    "TwoDrivesSideInstallation50": 0,
    "TwoDrivesSideInstallation60": 0,
    "TwoDrivesSideInstallation70": 0,
    "TwoDrivesSideInstallation80": 0,
    "OpeningSpeedmms": 0,
    "Traction": 0,
    "Thrust": 0,
    "Id": "f894c384-bd5f-4f1b-a446-f4a3afc8426e",
    "CreatedOn": "2024-09-26T13:55:26.817Z",
    "CreatedBy": "",
    "ModifiedOn": "2024-09-26T13:55:26.817Z",
    "ModifiedBy": ""
  },
  {
    "Name": "Locking actuator 600",
    "Bezeichnung": "Verriegelungsantrieb 600",
    "ConfigurationId": "00000000-0000-0000-0000-000000000000",
    "Description": "",
    "Application": "",
    "ApplicationFacade": true,
    "ApplicationSkylight": false,
    "Type": 5,
    "OpeningType": 0,
    "BottomHungInward": true,
    "BottomHungOutward": false,
    "SideHungInward": true,
    "SideHungOutward": false,
    "TopHungInward": false,
    "TopHungOutward": false,
    "ProjectedTopHungInward": false,
    "ProjectedTopHungOutward": false,
    "InstallationType": "",
    "ITMainOutFrmMountWBracket": true,
    "ITMainFixOutFrmMount": true,
    "ITMainVentFrmMount": false,
    "ITSideMount50": false,
    "ITSideMount60": false,
    "ITSideMount70": false,
    "ITSideMount80": false,
    "ITSideMount67": false,
    "Feature": "",
    "FeatureOpenClose": true,
    "FeatureLock": false,
    "ArticleNumber": 291736,
    "Stroke": 0,
    "Angle": 0,
    "Voltage": null,
    "Voltage24": true,
    "Voltage230": true,
    "RatedCurrent": 0,
    "BreakingCurrent": 0,
    "PullingForceMax": 0,
    "PushingForceMax": 0,
    "PullingForceMaxWithNegativeWind": 0,
    "PushingForceMaxWithNegativeWind": 0,
    "PushingForcePermanent": 0,
    "PullingForcePermanent": 0,
    "MinPullingForceMax": 0,
    "MinPushingForceMax": 0,
    "MinPullingForcePermanent": 0,
    "MinPushingForcePermanent": 0,
    "Price": 218.27,
    "DriveLength": 0,
    "ChainDrive": 0,
    "ChainDrive2": 0,
    "MaxLengthMainClosingEdge1Drive": 0,
    "MaxGeometricArea": 0,
    "GeometricalSmokeExhaustion": 0,
    "TotalGlassThickness": 0,
    "Dimensions": 0,
    "DimensionsWxHxD": "415 x 26 x 26",
    "TensileForce": 0,
    "LockingForce": 0,
    "Details_DE": "<ul> <li>Bemessungsspannung: 24 V DC (19 V … 28 V)</li> <li>Abschaltstrom: ~1,0 A</li> <li>Bemessungsstrom: 0,6 A</li> <li>Bemessungsaufnahme: 15 W</li> <li>Schutzart: IP 32</li><li>Zug-/Schubkraft: max. 600 N</li> <li>Umgebungstemperatur: -5°C bis + 60°C</li> <li>Anschlussleitung: Halogenfrei, grau 3x 0,5mm², ~3m</li> <li>Laufzeit: ~ 5s</li><li>Hub: ~ 18mm</li> </ul>",
    "Details_EN": "<ul> <li>Rated voltage : 24 V DC (19 V … 28 V</li> <li>Breaking current : ~1,0 A</li> <li>Rated current : 0,6 A</li> <li>Rated consumption : 15 W</li> <li>Protection rating : IP 32</li><li>Traction/ thrust : max. 600 N</li> <li>Ambient temperature: -5°C bis + 60°C</li> <li>Connecting cable: halogen-free, grey 3 x 0,5mm², ~3m</li> <li>Running time: ~ 5s</li><li>Stroke: ~ 18mm</li> </ul>",
    "Einsatz": "<ul> <li>Anwendung: Lüftung, NRA</li><li>Integrierte intelligente Regelelektronik</li></ul>",
    "Use": "<ul> <li>Application: ventilation, natural smoke ventilation</li> <li>Integrated intelligent control electronics</li></ul>",
    "Ausstattung": "<ul><li>Laufrichtung einstellbar</li></ul>",
    "Equipment": "<ul><li>Running direction adjustable</li></ul>",
    "Optionen": "<ul> <li>Mitnehmer objekt-/profilspezifisch anpassbar</li></ul>",
    "Options": "<ul> <li>Coupling adapter customizable for project-/profile-specific demands</li></ul>",
    "IsTwoPce": false,
    "ResultVentWeight": 0,
    "IsLsRsDrive": true,
    "ArticleNumberRs": 291735,
    "TwoDrivesSideInstallation50": 0,
    "TwoDrivesSideInstallation60": 0,
    "TwoDrivesSideInstallation70": 0,
    "TwoDrivesSideInstallation80": 0,
    "OpeningSpeedmms": 0,
    "Traction": 0,
    "Thrust": 0,
    "Id": "69d8317e-493b-4010-8d9e-54168822bacf",
    "CreatedOn": "2024-09-26T13:55:26.817Z",
    "CreatedBy": "",
    "ModifiedOn": "2024-09-26T13:55:26.817Z",
    "ModifiedBy": ""
  }
]

13:55:45.198 [main] INFO  com.intuit.karate - Expected RecommDrive: Chain actuator D2 L400,Chain actuator D4 400,Chain actuator D6 400,Chain actuator TWIN D2 L400,Chain actuator D2 L400,Chain actuator D4 400,Locking actuator EasyConnect,Locking actuator 600 
13:55:45.199 [main] INFO  com.intuit.karate - Actual RecommDrive: Chain actuator D2 L400, Chain actuator D4 400, Chain actuator D6 400, Chain actuator TWIN D2 L400, Chain actuator D2 L400, Chain actuator D4 400, Locking actuator EasyConnect, Locking actuator 600 
13:55:45.199 [main] INFO  com.intuit.karate - Normalized Actual RecommDrive: Chain actuator D2 L400,Chain actuator D4 400,Chain actuator D6 400,Chain actuator TWIN D2 L400,Chain actuator D2 L400,Chain actuator D4 400,Locking actuator EasyConnect,Locking actuator 600 
13:55:45.199 [main] INFO  com.intuit.karate - Normalized Expected RecommDrive: Chain actuator D2 L400,Chain actuator D4 400,Chain actuator D6 400,Chain actuator TWIN D2 L400,Chain actuator D2 L400,Chain actuator D4 400,Locking actuator EasyConnect,Locking actuator 600 
13:55:45.199 [main] INFO  com.intuit.karate - All Drive IDs: [
  "94015dd3-0c39-4d62-be4f-b1e2f8066f98",
  "3d1279a9-fd09-4a49-8d1b-c747973b2872",
  "6cfaf03b-807c-4298-8635-4bf804653a9e",
  "bee855a0-ff9e-43a3-aef0-f3ffc5797b4f",
  "94015dd3-0c39-4d62-be4f-b1e2f8066f98",
  "3d1279a9-fd09-4a49-8d1b-c747973b2872",
  "f894c384-bd5f-4f1b-a446-f4a3afc8426e",
  "69d8317e-493b-4010-8d9e-54168822bacf"
]
 
13:55:45.199 [main] INFO  com.intuit.karate - First Drive ID: 94015dd3-0c39-4d62-be4f-b1e2f8066f98 
13:55:45.201 [main] DEBUG com.intuit.karate - request:
3 > POST https://dev-drivetec-apis.schuecodigitalsolutions.com/api/Drives/DownloadPDFNew/Schuco
3 > Content-Type: application/json; charset=UTF-8
3 > Content-Length: 1194
3 > Host: dev-drivetec-apis.schuecodigitalsolutions.com
3 > Connection: Keep-Alive
3 > User-Agent: Apache-HttpClient/4.5.14 (Java/17.0.12)
3 > Accept-Encoding: gzip,deflate
[{"Id":"configId","Header":"configId","Value":"516edb82-c9b4-4c1b-ac74-87aa1f69b1fe"},{"Id":"driveId","Header":"driveId","Value":"94015dd3-0c39-4d62-be4f-b1e2f8066f98"},{"Id":"culture","Header":"culture","Value":"EN-US"},{"Id":"projectId","Header":"projectId","Value":"2afcf090-6588-4022-aa5e-49fca51f940e"},{"Id":"range-of-app","Header":"Range of application","Value":"Façade"},{"Id":"opening-type","Header":"Opening type","Value":"Bottom-hung vent"},{"Id":"opening-direction","Header":"Opening direction","Value":"Inward"},{"Id":"how-calc-weight","Header":"Vent weight","Value":"Weight including glass"},{"Id":"Chain-Length","Header":"Chain- \/ connecting rod handle","Value":"100%"},{"Id":"drive-position","Header":"Drive position","Value":"Side installation"},{"Id":"locking-mechanism","Header":"Locking mechanism","Value":"With"},{"Id":"voltage","Header":"Voltage","Value":"24 V"},{"Id":"drive-type","Header":"Drive type","Value":"Chain drive"},{"Id":"type-installation","Header":"Type of installation","Value":"Pivoting Outer Frame Installation"},{"Id":"calculation-type-for-ventilation-area","Header":"Calculation type for ventilation area","Value":"Method in accordance with ASR 3.6"}]

13:55:46.627 [main] DEBUG com.intuit.karate - response time in milliseconds: 1424
3 < 200
3 < Content-Type: application/json; charset=utf-8
3 < Date: Thu, 05 Dec 2024 08:25:44 GMT
3 < Server: Microsoft-IIS/10.0
3 < X-Powered-By: ASP.NET
3 < transfer-encoding: chunked
3 < Connection: keep-alive
{
  "result": "https://drive-tec-dev.s3.amazonaws.com/AUT_TPJ33518-Chain_actuator_D2_L400.pdf?AWSAccessKeyId=AKIAZAWIART4ZFAXXPHK&Expires=1733390744&response-content-disposition=attachment%3B&response-content-type=application%2Fpdf&Signature=SZSJhb44r3JZyp%2FYoiNEoU1sdys%3D"
}

13:55:46.628 [main] INFO  com.intuit.karate - Download URL for first driveId: https://drive-tec-dev.s3.amazonaws.com/AUT_TPJ33518-Chain_actuator_D2_L400.pdf?AWSAccessKeyId=AKIAZAWIART4ZFAXXPHK&Expires=1733390744&response-content-disposition=attachment%3B&response-content-type=application%2Fpdf&Signature=SZSJhb44r3JZyp%2FYoiNEoU1sdys%3D 
13:55:46.634 [main] INFO  com.intuit.karate - karate.env system property was: null 
13:55:46.635 [main] INFO  com.intuit.karate - Running test for dataset:  Dataset58 
13:55:46.638 [main] INFO  com.intuit.karate - Using ProjectId:  {
  "result": {
    "projectId": "prjId"
  },
  "projectPayload": {
    "Id": "579816e4-6653-4794-b435-a885f32e28d7",
    "Name": "AUT_TPJ33518",
    "Address": "Hyderabad, Telangana, India",
    "Description": "",
    "CreatedBy": "579816e4-6653-4794-b435-a885f32e28d7",
    "ModifiedBy": "579816e4-6653-4794-b435-a885f32e28d7"
  },
  "uniqueName": "AUT_TPJ33518",
  "responseHeaders": {
    "Content-Type": [
      "application/json; charset=utf-8"
    ],
    "Date": [
      "Thu, 05 Dec 2024 08:22:12 GMT"
    ],
    "Server": [
      "Microsoft-IIS/10.0"
    ],
    "X-Powered-By": [
      "ASP.NET"
    ],
    "transfer-encoding": [
      "chunked"
    ],
    "Connection": [
      "keep-alive"
    ],
    "Set-Cookie": [
    ]
  },
  "responseTime": 841,
  "response": {
    "Name": "AUT_TPJ33518",
    "Description": "",
    "Address": "Hyderabad, Telangana, India",
    "Id": "2afcf090-6588-4022-aa5e-49fca51f940e",
    "CreatedOn": "2024-12-05T08:22:11.998251+00:00",
    "CreatedBy": "579816e4-6653-4794-b435-a885f32e28d7",
    "ModifiedOn": "2024-12-05T08:22:11.9982526+00:00",
    "ModifiedBy": ""
  },
  "responseStatus": 200,
  "prjId": "2afcf090-6588-4022-aa5e-49fca51f940e",
  "projectId": "2afcf090-6588-4022-aa5e-49fca51f940e"
}
 
13:55:46.641 [main] DEBUG com.intuit.karate - request:
1 > POST https://dev-drivetec-apis.schuecodigitalsolutions.com/Configurations
1 > Content-Type: application/json; charset=UTF-8
1 > Content-Length: 1275
1 > Host: dev-drivetec-apis.schuecodigitalsolutions.com
1 > Connection: Keep-Alive
1 > User-Agent: Apache-HttpClient/4.5.14 (Java/17.0.12)
1 > Accept-Encoding: gzip,deflate
{"Id":"00000000-0000-0000-0000-000000000000","ProjectId":"2afcf090-6588-4022-aa5e-49fca51f940e","Name":"Dataset6640","Description":"Dataset6640","CustomTags":"","CreatedBy":"579816e4-6653-4794-b435-a885f32e28d7","ModifiedBy":"579816e4-6653-4794-b435-a885f32e28d7","ApplicationName":1,"System":"","FacadeInclination":0,"OpeningType":1,"OpeningDirection":1,"OpeningWidth":1000,"VentOuterWidth":1230,"VentOuterHeight":1480,"VentWeight":70,"CalculateWeightWithGlass":false,"WeightIncGlassOrThickness":false,"GlassThickness":14,"ProfileWeightPerSerialMeter":2.5,"IsWindowOpeningCalculationByAngle":1,"RequiredOpeningStroke":400,"OpeningAngle":15,"WindLoad":120,"SnowLoad":0,"DrivePosition":2,"InstallationPosition":1,"ChainLengthConnectingRodHandle":5,"LockingMechanism":1,"Voltage":1,"DriveType":1,"TypeOfInstallation":2,"CalculationTypeForVentilation":1,"CalcVentilation":1,"GeometricArea":1,"SpecificExhaustDimension":30,"BuildingDepth":75,"RevealDepth":0,"RevealDepthRectangleAngle1":0,"RevealDepthRectangleAngle2":0,"HeightOfProfile":0,"HeightProfileRectangleAngle1":0,"HeightProfileRectangleAngle2":0,"AkippOrAtilt":0,"AdrehOrAturn":0,"Ageo":0,"MinPullingForceMax":0,"MinPushingForceMax":0,"MinPullingForcePermanent":0,"MinPushingForcePermanent":0,"ForceWithNegativeWind":0}

13:55:47.289 [main] DEBUG com.intuit.karate - response time in milliseconds: 647
1 < 200
1 < Content-Type: application/json; charset=utf-8
1 < Date: Thu, 05 Dec 2024 08:25:44 GMT
1 < Server: Microsoft-IIS/10.0
1 < X-Powered-By: ASP.NET
1 < Content-Length: 2032
1 < Connection: keep-alive
{
  "ProjectId": "2afcf090-6588-4022-aa5e-49fca51f940e",
  "Name": "Dataset6640",
  "Description": "Dataset6640",
  "CustomTags": "",
  "ApplicationName": 1,
  "OpeningType": 1,
  "OpeningDirection": 1,
  "CalculateWeightWithGlass": false,
  "WindLoad": 120,
  "IsWindowOpeningCalculationByAngle": 1,
  "VentOuterWidth": 1230,
  "VentOuterHeight": 1480,
  "WeightIncGlassOrThickness": false,
  "VentWeight": 77,
  "VentWeightExact": 77.26400000000001,
  "GlassThickness": 14,
  "ProfileWeightPerSerialMeter": 2.5,
  "FacadeInclination": 0,
  "ChainLengthConnectingRodHandle": 5,
  "ChainLenghtConnectingRodHandle": 0,
  "RequiredOpeningStroke": 400,
  "OpeningWidth": 1000,
  "OpeningAngle": 15.532868337024489,
  "SpecificExhaustDimension": 30,
  "BuildingDepth": 75,
  "SnowLoad": 0,
  "DistanceHinge": 0,
  "RatedCurrent": 0,
  "DrivePosition": 2,
  "LockingMechanism": 1,
  "Voltage": 1,
  "DriveType": 1,
  "TypeOfInstallation": 2,
  "GeometricArea": 0,
  "CalculationTypeForVentilation": 1,
  "HeightOfProfile": 0,
  "Reveal": 0,
  "RevealDepth": 0,
  "HeightProfileRectangleAngle1": 0,
  "HeightProfileRectangleAngle2": 0,
  "RevealDepthRectangleAngle1": 0,
  "RevealDepthRectangleAngle2": 0,
  "RevealDepthRectangleAngle12": 0,
  "InstallationPosition": 0,
  "RecommendedDriveArticleNo": 0,
  "System": "",
  "AkippOrAtilt": 1.084,
  "AdrehOrAturn": 1.8204,
  "Ageo": 1.084,
  "MinPullingForceMax": -206.4868442161654,
  "MinPushingForceMax": -206.4868442161654,
  "MinPullingForcePermanent": -104.11163259218097,
  "MinPushingForcePermanent": -104.11163259218097,
  "ForceWithNegativeWind": 109.53156767199486,
  "ForceWithNoWindMin": 0.30763693489047433,
  "ForceWithNegativeWindMin": 0,
  "ForceWithWindMin": -108.91629380221393,
  "Id": "ec2f2fd0-49f7-4a5b-adba-45d046384c40",
  "CreatedOn": "2024-12-05T08:25:44.8061484+00:00",
  "CreatedBy": "579816e4-6653-4794-b435-a885f32e28d7",
  "ModifiedOn": "2024-12-05T08:25:44.8061493+00:00",
  "ModifiedBy": ""
}

13:55:47.291 [main] INFO  com.intuit.karate - Generated Config ID: ec2f2fd0-49f7-4a5b-adba-45d046384c40 
13:55:47.291 [main] INFO  com.intuit.karate - Generated Name: Dataset6640 
13:55:47.291 [main] INFO  com.intuit.karate - Generated Description: Dataset6640 
13:55:47.295 [main] DEBUG com.intuit.karate - request:
1 > PUT https://dev-drivetec-apis.schuecodigitalsolutions.com/Configurations
1 > Content-Type: application/json; charset=UTF-8
1 > Content-Length: 1273
1 > Host: dev-drivetec-apis.schuecodigitalsolutions.com
1 > Connection: Keep-Alive
1 > User-Agent: Apache-HttpClient/4.5.14 (Java/17.0.12)
1 > Accept-Encoding: gzip,deflate
{"Id":"ec2f2fd0-49f7-4a5b-adba-45d046384c40","Name":"Dataset58","Description":"Dataset6640","ProjectId":"2afcf090-6588-4022-aa5e-49fca51f940e","CustomTags":"","CreatedBy":"579816e4-6653-4794-b435-a885f32e28d7","ModifiedBy":"579816e4-6653-4794-b435-a885f32e28d7","System":"","FacadeInclination":75,"OpeningType":4,"OpeningDirection":1,"OpeningWidth":1000,"VentOuterWidth":1920,"VentOuterHeight":1480,"VentWeight":0,"CalculateWeightWithGlass":false,"RequiredOpeningStroke":200,"WindLoad":30,"SnowLoad":0,"IsWindowOpeningCalculationByAngle":1,"GlassThickness":2,"ProfileWeightPerSerialMeter":2.5,"DrivePosition":2,"InstallationPosition":0,"LockingMechanism":1,"Voltage":1,"DriveType":3,"TypeOfInstallation":2,"GeometricArea":0,"CalcVentilation":1,"SpecificExhaustDimension":45,"BuildingDepth":90,"CalculationTypeForVentilation":1,"HeightOfProfile":0,"HeightProfileRectangleAngle1":0,"HeightProfileRectangleAngle2":0,"RevealDepth":0,"RevealDepthRectangleAngle1":0,"RevealDepthRectangleAngle2":0,"ChainLengthConnectingRodHandle":5,"ApplicationName":2,"OpeningAngle":28.8,"WeightIncGlassOrThickness":false,"AkippOrAtilt":0,"AdrehOrAturn":0,"Ageo":0,"MinPullingForceMax":0,"MinPushingForceMax":0,"MinPullingForcePermanent":0,"MinPushingForcePermanent":0,"ForceWithNegativeWind":0}

13:55:47.951 [main] DEBUG com.intuit.karate - response time in milliseconds: 648
1 < 200
1 < Content-Type: application/json; charset=utf-8
1 < Date: Thu, 05 Dec 2024 08:25:45 GMT
1 < Server: Microsoft-IIS/10.0
1 < X-Powered-By: ASP.NET
1 < Content-Length: 2045
1 < Connection: keep-alive
{
  "ProjectId": "2afcf090-6588-4022-aa5e-49fca51f940e",
  "Name": "Dataset58",
  "Description": "Dataset6640",
  "CustomTags": "",
  "ApplicationName": 2,
  "OpeningType": 4,
  "OpeningDirection": 1,
  "CalculateWeightWithGlass": false,
  "WindLoad": 30,
  "IsWindowOpeningCalculationByAngle": 1,
  "VentOuterWidth": 1920,
  "VentOuterHeight": 1480,
  "WeightIncGlassOrThickness": false,
  "VentWeight": 31,
  "VentWeightExact": 31.208,
  "GlassThickness": 2,
  "ProfileWeightPerSerialMeter": 2.5,
  "FacadeInclination": 75,
  "ChainLengthConnectingRodHandle": 5,
  "ChainLenghtConnectingRodHandle": 0,
  "RequiredOpeningStroke": 200,
  "OpeningWidth": 1000,
  "OpeningAngle": 7.7485764125944305,
  "SpecificExhaustDimension": 45,
  "BuildingDepth": 90,
  "SnowLoad": 0,
  "DistanceHinge": 0,
  "RatedCurrent": 0,
  "DrivePosition": 2,
  "LockingMechanism": 1,
  "Voltage": 1,
  "DriveType": 3,
  "TypeOfInstallation": 2,
  "GeometricArea": 0,
  "CalculationTypeForVentilation": 1,
  "HeightOfProfile": 0,
  "Reveal": 0,
  "RevealDepth": 0,
  "HeightProfileRectangleAngle1": 0,
  "HeightProfileRectangleAngle2": 0,
  "RevealDepthRectangleAngle1": 0,
  "RevealDepthRectangleAngle2": 0,
  "RevealDepthRectangleAngle12": 0,
  "InstallationPosition": 0,
  "RecommendedDriveArticleNo": 0,
  "System": "",
  "AkippOrAtilt": 0.68,
  "AdrehOrAturn": 2.8416,
  "Ageo": 0.68,
  "MinPullingForceMax": 80.24070996805452,
  "MinPushingForceMax": 96.88604413962044,
  "MinPullingForcePermanent": 60.57271054289023,
  "MinPushingForcePermanent": 60.57271054289023,
  "ForceWithNegativeWind": 42.416043744525126,
  "ForceWithNoWindMin": 40.48613557799823,
  "ForceWithNegativeWindMin": 20.608848382970088,
  "ForceWithWindMin": 80.24070996805452,
  "Id": "ec2f2fd0-49f7-4a5b-adba-45d046384c40",
  "CreatedOn": "0001-01-01T00:00:00",
  "CreatedBy": "579816e4-6653-4794-b435-a885f32e28d7",
  "ModifiedOn": "2024-12-05T08:25:45.4676058+00:00",
  "ModifiedBy": "579816e4-6653-4794-b435-a885f32e28d7"
}

13:55:47.952 [main] INFO  com.intuit.karate - VentWeight from API Response: 31 
13:55:47.955 [main] INFO  com.intuit.karate - Rounded Opening Angle: 8.0 
13:55:47.956 [main] INFO  com.intuit.karate - Rounded Ageo: 0.68 
13:55:47.956 [main] INFO  com.intuit.karate - Rounded Required Opening Stroke: 200.0 
13:55:47.956 [main] INFO  com.intuit.karate - Rounded Vent Weight: 31.0 
13:55:47.958 [main] DEBUG com.intuit.karate - request:
2 > GET https://dev-drivetec-apis.schuecodigitalsolutions.com/Config/ec2f2fd0-49f7-4a5b-adba-45d046384c40/Drive
2 > Host: dev-drivetec-apis.schuecodigitalsolutions.com
2 > Connection: Keep-Alive
2 > User-Agent: Apache-HttpClient/4.5.14 (Java/17.0.12)
2 > Accept-Encoding: gzip,deflate


13:55:48.774 [main] DEBUG com.intuit.karate - response time in milliseconds: 815
2 < 200
2 < Content-Type: application/json; charset=utf-8
2 < Date: Thu, 05 Dec 2024 08:25:45 GMT
2 < Server: Microsoft-IIS/10.0
2 < X-Powered-By: ASP.NET
2 < transfer-encoding: chunked
2 < Connection: keep-alive
[
  {
    "Name": "Chain actuator D6 400",
    "Bezeichnung": "Kettenantrieb D6 400",
    "ConfigurationId": "00000000-0000-0000-0000-000000000000",
    "Description": "",
    "Application": "Roof",
    "ApplicationFacade": true,
    "ApplicationSkylight": true,
    "Type": 1,
    "OpeningType": 0,
    "BottomHungInward": true,
    "BottomHungOutward": true,
    "SideHungInward": true,
    "SideHungOutward": true,
    "TopHungInward": false,
    "TopHungOutward": true,
    "ProjectedTopHungInward": false,
    "ProjectedTopHungOutward": true,
    "InstallationType": "",
    "ITMainOutFrmMountWBracket": true,
    "ITMainFixOutFrmMount": false,
    "ITMainVentFrmMount": true,
    "ITSideMount50": false,
    "ITSideMount60": false,
    "ITSideMount70": false,
    "ITSideMount80": false,
    "ITSideMount67": true,
    "Feature": "",
    "FeatureOpenClose": true,
    "FeatureLock": true,
    "ArticleNumber": 291715,
    "Stroke": 400,
    "Angle": 0,
    "Voltage": "24 V DC",
    "Voltage24": true,
    "Voltage230": false,
    "RatedCurrent": 1,
    "BreakingCurrent": 1,
    "PullingForceMax": 600,
    "PushingForceMax": 600,
    "PullingForceMaxWithNegativeWind": 0,
    "PushingForceMaxWithNegativeWind": 0,
    "PushingForcePermanent": 400,
    "PullingForcePermanent": 600,
    "MinPullingForceMax": 0,
    "MinPushingForceMax": 96.89,
    "MinPullingForcePermanent": 0,
    "MinPushingForcePermanent": 60.57,
    "Price": 360.35,
    "DriveLength": 591,
    "ChainDrive": 691,
    "ChainDrive2": 1342,
    "MaxLengthMainClosingEdge1Drive": 1920,
    "MaxGeometricArea": 1,
    "GeometricalSmokeExhaustion": 0,
    "TotalGlassThickness": 2,
    "Dimensions": 0,
    "DimensionsWxHxD": "591 x 40 x 56",
    "TensileForce": 0,
    "LockingForce": 0,
    "Details_DE": "<ul> <li>Bemessungsspannung: 24 V DC (19 V … 28 V)</li> <li>Abschaltstrom: 1,2 A</li> <li>Bemessungsstrom: 0,9 A</li> <li>Bemessungsaufnahme: 22 W</li> <li>Schutzart: IP 32</li> <li>Zug-/Schubkraft: max. 600 N</li> <li>Umgebungstemperatur: -5°C bis + 60°C</li> <li>Anschlussleitung: Halogenfrei, grau 5 x 0,5mm², ~3m</li> <li>Max. Geschwindigkeit: 13,5 mm/s</li> </ul>",
    "Details_EN": "<ul> <li>Rated voltage: 24 V DC (19 V … 28 V)</li><li>Breaking current: 1.2 A</li><li>Rated current: 0.9 A</li><li>Rated consumption: 22W</li><li>Protection rating: IP 32</li><li>Traction/ thrust: max. 600 N</li><li>Ambient temperature: -5° C to +60° C</li><li>Connecting cable: halogen-free, grey 3 x 0,5mm², ~3m</li><li>Max. speed: 13,5 mm/s</li></ul>",
    "Einsatz": "<ul><li>Anwendung: Lüftung, NRA</li> <li>Integrierte intelligente Regelelektronik</li></ul>",
    "Use": "<ul><li>Application: ventilation, natural smoke ventilation</li> <li>Integrated intelligent control electronics</li> </ul>",
    "Ausstattung": "<ul><li>Zusätzlicher Universal-Steckersatz für Mehrfachbetrieb bis zu 4 Antrieben und 2 Verriegelungsantrieben</li></ul>",
    "Equipment": "<ul><li>Additional universal plug socket for multiplex operation  of up to 4 drives and 2 interlocking drives</li></ul>",
    "Optionen": "<ul><li>Programmierung von Sonderfunktionen</li> <li>Programmierbare Rückmeldung Endlage „AUF“ (max. 24 V, 500 mA)</li> <li>Schüco Kontroller zur automatischen Konfiguration von Synchronlauf und Folgesteuerungen mit Verriegelungsantrieben in Antriebs-Verbundsystemen</li> </ul>",
    "Options": "<ul><li>Programming of special functions</li> <li>Programmable response for “OPEN” end position (max. 24 V, 500 mA)</li> <li>Schüco controller for automatic configuration of synchronous running and sequence control with locking drives in composite drive systems</li> </ul>",
    "IsTwoPce": false,
    "ResultVentWeight": 31.21,
    "IsLsRsDrive": true,
    "ArticleNumberRs": 291715,
    "TwoDrivesSideInstallation50": 0,
    "TwoDrivesSideInstallation60": 0,
    "TwoDrivesSideInstallation70": 0,
    "TwoDrivesSideInstallation80": 0,
    "OpeningSpeedmms": 0,
    "Traction": 600,
    "Thrust": 600,
    "Id": "6cfaf03b-807c-4298-8635-4bf804653a9e",
    "CreatedOn": "2024-09-26T13:55:26.817Z",
    "CreatedBy": "",
    "ModifiedOn": "2024-09-26T13:55:26.817Z",
    "ModifiedBy": ""
  },
  {
    "Name": "Chain actuator D15 800",
    "Bezeichnung": "Kettenantrieb D15 800",
    "ConfigurationId": "00000000-0000-0000-0000-000000000000",
    "Description": "",
    "Application": "Roof",
    "ApplicationFacade": false,
    "ApplicationSkylight": true,
    "Type": 1,
    "OpeningType": 0,
    "BottomHungInward": false,
    "BottomHungOutward": true,
    "SideHungInward": false,
    "SideHungOutward": false,
    "TopHungInward": false,
    "TopHungOutward": true,
    "ProjectedTopHungInward": false,
    "ProjectedTopHungOutward": false,
    "InstallationType": "",
    "ITMainOutFrmMountWBracket": true,
    "ITMainFixOutFrmMount": false,
    "ITMainVentFrmMount": false,
    "ITSideMount50": false,
    "ITSideMount60": false,
    "ITSideMount70": false,
    "ITSideMount80": false,
    "ITSideMount67": false,
    "Feature": "",
    "FeatureOpenClose": true,
    "FeatureLock": true,
    "ArticleNumber": 291731,
    "Stroke": 800,
    "Angle": 0,
    "Voltage": "24 V DC",
    "Voltage24": true,
    "Voltage230": false,
    "RatedCurrent": 4,
    "BreakingCurrent": 5,
    "PullingForceMax": 1500,
    "PushingForceMax": 1500,
    "PullingForceMaxWithNegativeWind": 0,
    "PushingForceMaxWithNegativeWind": 0,
    "PushingForcePermanent": 1000,
    "PullingForcePermanent": 1000,
    "MinPullingForceMax": 0,
    "MinPushingForceMax": 96.89,
    "MinPullingForcePermanent": 0,
    "MinPushingForcePermanent": 60.57,
    "Price": 821.56,
    "DriveLength": 800,
    "ChainDrive": 900,
    "ChainDrive2": 1760,
    "MaxLengthMainClosingEdge1Drive": 0,
    "MaxGeometricArea": 1,
    "GeometricalSmokeExhaustion": 0,
    "TotalGlassThickness": 2,
    "Dimensions": 0,
    "DimensionsWxHxD": "800 x 120 x 60",
    "TensileForce": 0,
    "LockingForce": 0,
    "Details_DE": "<ul> <li>Bemessungsspannung: 24 V DC (19 V … 28 V)</li> <li>Abschaltstrom: 5 A</li> <li>Bemessungsstrom: 3,75 A</li> <li>Bemessungsaufnahme: 90 W</li> <li>Schutzart: IP 20</li><li>Zug-/Schubkraft: max. 1500 N</li> <li>Umgebungstemperatur: -5°C bis + 60°C</li> <li>Anschlussleitung: Halogenfrei, grau 5 x 1mm², ~3m</li> <li>Max. Geschwindigkeit: 17 mm/s</li> </ul>",
    "Details_EN": "<ul> <li>Rated voltage: 24 V DC (19 V … 28 V)</li><li>Breaking current: 5 A</li><li>Rated current: 3.75 A</li><li>Rated consumption: 90 W</li><li>Protection rating: IP 20</li> <li>Traction/ thrust: max. 1500 N</li><li>Ambient temperature: -5° C to +60° C</li><li>Connecting cable: halogen-free, grey 5 x 1mm², ~3m</li><li>Max. speed: 17 mm/s</li></ul>",
    "Einsatz": "<ul> <li>Anwendung: Lüftung, NRA</li><li>Integrierte intelligente Regelelektronik</li> <li>Rückmeldung Endlage „ZU“ (max. 24 V, 500 mA)</li></ul>",
    "Use": "<ul> <li>Application: ventilation, natural smoke ventilation</li> <li>Integrated intelligent control electronics</li> <li>Response for “CLOSED” end position (max. 24 V, 500 mA)</li></ul>",
    "Ausstattung": "<ul><li>Symmetrischer Kettenaustritt</li><li>Integrierte Steckerlösung</li></ul>",
    "Equipment": "<ul><li>Symmetrical chain output</li><li>Integrated plug solution</li></ul>",
    "Optionen": "<ul> <li>Programmierung von Sonderfunktionen</li> <li>Programmierbare Rückmeldung Endlage „AUF“ (max. 24 V, 500 mA)</li> <li>Schüco Kontroller zur automatischen Konfiguration von Synchronlauf und Folgesteuerungen mit Verriegelungsantrieben in Antriebs-Verbundsystemen</li></ul>",
    "Options": "<ul> <li>Programming of special functions</li> <li>Programmable response for “OPEN” end position (max. 24 V, 500 mA)</li> <li>Schüco controller for automatic configuration of synchronous running and sequence control with locking drives in composite drive systems</li> </ul>",
    "IsTwoPce": false,
    "ResultVentWeight": 31.21,
    "IsLsRsDrive": true,
    "ArticleNumberRs": 291731,
    "TwoDrivesSideInstallation50": 0,
    "TwoDrivesSideInstallation60": 0,
    "TwoDrivesSideInstallation70": 0,
    "TwoDrivesSideInstallation80": 0,
    "OpeningSpeedmms": 0,
    "Traction": 1500,
    "Thrust": 1500,
    "Id": "6e554a6b-0764-4e7a-ac2f-8ca9ada34e08",
    "CreatedOn": "2024-09-26T13:55:26.818Z",
    "CreatedBy": "",
    "ModifiedOn": "2024-09-26T13:55:26.818Z",
    "ModifiedBy": ""
  },
  {
    "Name": "Chain actuator D6 400",
    "Bezeichnung": "Kettenantrieb D6 400",
    "ConfigurationId": "00000000-0000-0000-0000-000000000000",
    "Description": "",
    "Application": "Roof",
    "ApplicationFacade": true,
    "ApplicationSkylight": true,
    "Type": 1,
    "OpeningType": 0,
    "BottomHungInward": true,
    "BottomHungOutward": true,
    "SideHungInward": true,
    "SideHungOutward": true,
    "TopHungInward": false,
    "TopHungOutward": true,
    "ProjectedTopHungInward": false,
    "ProjectedTopHungOutward": true,
    "InstallationType": "",
    "ITMainOutFrmMountWBracket": true,
    "ITMainFixOutFrmMount": false,
    "ITMainVentFrmMount": true,
    "ITSideMount50": false,
    "ITSideMount60": false,
    "ITSideMount70": false,
    "ITSideMount80": false,
    "ITSideMount67": true,
    "Feature": "",
    "FeatureOpenClose": true,
    "FeatureLock": true,
    "ArticleNumber": 291715,
    "Stroke": 400,
    "Angle": 0,
    "Voltage": "24 V DC",
    "Voltage24": true,
    "Voltage230": false,
    "RatedCurrent": 1,
    "BreakingCurrent": 1,
    "PullingForceMax": 600,
    "PushingForceMax": 600,
    "PullingForceMaxWithNegativeWind": 0,
    "PushingForceMaxWithNegativeWind": 0,
    "PushingForcePermanent": 400,
    "PullingForcePermanent": 600,
    "MinPullingForceMax": 0,
    "MinPushingForceMax": 96.89,
    "MinPullingForcePermanent": 0,
    "MinPushingForcePermanent": 60.57,
    "Price": 720.7,
    "DriveLength": 591,
    "ChainDrive": 691,
    "ChainDrive2": 1342,
    "MaxLengthMainClosingEdge1Drive": 1920,
    "MaxGeometricArea": 1,
    "GeometricalSmokeExhaustion": 0,
    "TotalGlassThickness": 2,
    "Dimensions": 0,
    "DimensionsWxHxD": "591 x 40 x 56",
    "TensileForce": 0,
    "LockingForce": 0,
    "Details_DE": "<ul> <li>Bemessungsspannung: 24 V DC (19 V … 28 V)</li> <li>Abschaltstrom: 1,2 A</li> <li>Bemessungsstrom: 0,9 A</li> <li>Bemessungsaufnahme: 22 W</li> <li>Schutzart: IP 32</li> <li>Zug-/Schubkraft: max. 600 N</li> <li>Umgebungstemperatur: -5°C bis + 60°C</li> <li>Anschlussleitung: Halogenfrei, grau 5 x 0,5mm², ~3m</li> <li>Max. Geschwindigkeit: 13,5 mm/s</li> </ul>",
    "Details_EN": "<ul> <li>Rated voltage: 24 V DC (19 V … 28 V)</li><li>Breaking current: 1.2 A</li><li>Rated current: 0.9 A</li><li>Rated consumption: 22W</li><li>Protection rating: IP 32</li><li>Traction/ thrust: max. 600 N</li><li>Ambient temperature: -5° C to +60° C</li><li>Connecting cable: halogen-free, grey 3 x 0,5mm², ~3m</li><li>Max. speed: 13,5 mm/s</li></ul>",
    "Einsatz": "<ul><li>Anwendung: Lüftung, NRA</li> <li>Integrierte intelligente Regelelektronik</li></ul>",
    "Use": "<ul><li>Application: ventilation, natural smoke ventilation</li> <li>Integrated intelligent control electronics</li> </ul>",
    "Ausstattung": "<ul><li>Zusätzlicher Universal-Steckersatz für Mehrfachbetrieb bis zu 4 Antrieben und 2 Verriegelungsantrieben</li></ul>",
    "Equipment": "<ul><li>Additional universal plug socket for multiplex operation  of up to 4 drives and 2 interlocking drives</li></ul>",
    "Optionen": "<ul><li>Programmierung von Sonderfunktionen</li> <li>Programmierbare Rückmeldung Endlage „AUF“ (max. 24 V, 500 mA)</li> <li>Schüco Kontroller zur automatischen Konfiguration von Synchronlauf und Folgesteuerungen mit Verriegelungsantrieben in Antriebs-Verbundsystemen</li> </ul>",
    "Options": "<ul><li>Programming of special functions</li> <li>Programmable response for “OPEN” end position (max. 24 V, 500 mA)</li> <li>Schüco controller for automatic configuration of synchronous running and sequence control with locking drives in composite drive systems</li> </ul>",
    "IsTwoPce": true,
    "ResultVentWeight": 31.21,
    "IsLsRsDrive": false,
    "ArticleNumberRs": 0,
    "TwoDrivesSideInstallation50": 0,
    "TwoDrivesSideInstallation60": 0,
    "TwoDrivesSideInstallation70": 0,
    "TwoDrivesSideInstallation80": 0,
    "OpeningSpeedmms": 0,
    "Traction": 600,
    "Thrust": 600,
    "Id": "6cfaf03b-807c-4298-8635-4bf804653a9e",
    "CreatedOn": "2024-09-26T13:55:26.817Z",
    "CreatedBy": "",
    "ModifiedOn": "2024-09-26T13:55:26.817Z",
    "ModifiedBy": ""
  },
  {
    "Name": "Chain actuator D15 800",
    "Bezeichnung": "Kettenantrieb D15 800",
    "ConfigurationId": "00000000-0000-0000-0000-000000000000",
    "Description": "",
    "Application": "Roof",
    "ApplicationFacade": false,
    "ApplicationSkylight": true,
    "Type": 1,
    "OpeningType": 0,
    "BottomHungInward": false,
    "BottomHungOutward": true,
    "SideHungInward": false,
    "SideHungOutward": false,
    "TopHungInward": false,
    "TopHungOutward": true,
    "ProjectedTopHungInward": false,
    "ProjectedTopHungOutward": false,
    "InstallationType": "",
    "ITMainOutFrmMountWBracket": true,
    "ITMainFixOutFrmMount": false,
    "ITMainVentFrmMount": false,
    "ITSideMount50": false,
    "ITSideMount60": false,
    "ITSideMount70": false,
    "ITSideMount80": false,
    "ITSideMount67": false,
    "Feature": "",
    "FeatureOpenClose": true,
    "FeatureLock": true,
    "ArticleNumber": 291731,
    "Stroke": 800,
    "Angle": 0,
    "Voltage": "24 V DC",
    "Voltage24": true,
    "Voltage230": false,
    "RatedCurrent": 4,
    "BreakingCurrent": 5,
    "PullingForceMax": 1500,
    "PushingForceMax": 1500,
    "PullingForceMaxWithNegativeWind": 0,
    "PushingForceMaxWithNegativeWind": 0,
    "PushingForcePermanent": 1000,
    "PullingForcePermanent": 1000,
    "MinPullingForceMax": 0,
    "MinPushingForceMax": 96.89,
    "MinPullingForcePermanent": 0,
    "MinPushingForcePermanent": 60.57,
    "Price": 1643.12,
    "DriveLength": 800,
    "ChainDrive": 900,
    "ChainDrive2": 1760,
    "MaxLengthMainClosingEdge1Drive": 0,
    "MaxGeometricArea": 1,
    "GeometricalSmokeExhaustion": 0,
    "TotalGlassThickness": 2,
    "Dimensions": 0,
    "DimensionsWxHxD": "800 x 120 x 60",
    "TensileForce": 0,
    "LockingForce": 0,
    "Details_DE": "<ul> <li>Bemessungsspannung: 24 V DC (19 V … 28 V)</li> <li>Abschaltstrom: 5 A</li> <li>Bemessungsstrom: 3,75 A</li> <li>Bemessungsaufnahme: 90 W</li> <li>Schutzart: IP 20</li><li>Zug-/Schubkraft: max. 1500 N</li> <li>Umgebungstemperatur: -5°C bis + 60°C</li> <li>Anschlussleitung: Halogenfrei, grau 5 x 1mm², ~3m</li> <li>Max. Geschwindigkeit: 17 mm/s</li> </ul>",
    "Details_EN": "<ul> <li>Rated voltage: 24 V DC (19 V … 28 V)</li><li>Breaking current: 5 A</li><li>Rated current: 3.75 A</li><li>Rated consumption: 90 W</li><li>Protection rating: IP 20</li> <li>Traction/ thrust: max. 1500 N</li><li>Ambient temperature: -5° C to +60° C</li><li>Connecting cable: halogen-free, grey 5 x 1mm², ~3m</li><li>Max. speed: 17 mm/s</li></ul>",
    "Einsatz": "<ul> <li>Anwendung: Lüftung, NRA</li><li>Integrierte intelligente Regelelektronik</li> <li>Rückmeldung Endlage „ZU“ (max. 24 V, 500 mA)</li></ul>",
    "Use": "<ul> <li>Application: ventilation, natural smoke ventilation</li> <li>Integrated intelligent control electronics</li> <li>Response for “CLOSED” end position (max. 24 V, 500 mA)</li></ul>",
    "Ausstattung": "<ul><li>Symmetrischer Kettenaustritt</li><li>Integrierte Steckerlösung</li></ul>",
    "Equipment": "<ul><li>Symmetrical chain output</li><li>Integrated plug solution</li></ul>",
    "Optionen": "<ul> <li>Programmierung von Sonderfunktionen</li> <li>Programmierbare Rückmeldung Endlage „AUF“ (max. 24 V, 500 mA)</li> <li>Schüco Kontroller zur automatischen Konfiguration von Synchronlauf und Folgesteuerungen mit Verriegelungsantrieben in Antriebs-Verbundsystemen</li></ul>",
    "Options": "<ul> <li>Programming of special functions</li> <li>Programmable response for “OPEN” end position (max. 24 V, 500 mA)</li> <li>Schüco controller for automatic configuration of synchronous running and sequence control with locking drives in composite drive systems</li> </ul>",
    "IsTwoPce": true,
    "ResultVentWeight": 31.21,
    "IsLsRsDrive": false,
    "ArticleNumberRs": 0,
    "TwoDrivesSideInstallation50": 0,
    "TwoDrivesSideInstallation60": 0,
    "TwoDrivesSideInstallation70": 0,
    "TwoDrivesSideInstallation80": 0,
    "OpeningSpeedmms": 0,
    "Traction": 1500,
    "Thrust": 1500,
    "Id": "6e554a6b-0764-4e7a-ac2f-8ca9ada34e08",
    "CreatedOn": "2024-09-26T13:55:26.818Z",
    "CreatedBy": "",
    "ModifiedOn": "2024-09-26T13:55:26.818Z",
    "ModifiedBy": ""
  },
  {
    "Name": "Linear drive LDB16 L400",
    "Bezeichnung": "Linearantrieb LDB16 L400",
    "ConfigurationId": "00000000-0000-0000-0000-000000000000",
    "Description": "",
    "Application": "Roof",
    "ApplicationFacade": false,
    "ApplicationSkylight": true,
    "Type": 2,
    "OpeningType": 0,
    "BottomHungInward": false,
    "BottomHungOutward": true,
    "SideHungInward": false,
    "SideHungOutward": false,
    "TopHungInward": false,
    "TopHungOutward": true,
    "ProjectedTopHungInward": false,
    "ProjectedTopHungOutward": false,
    "InstallationType": "",
    "ITMainOutFrmMountWBracket": true,
    "ITMainFixOutFrmMount": false,
    "ITMainVentFrmMount": false,
    "ITSideMount50": true,
    "ITSideMount60": true,
    "ITSideMount70": true,
    "ITSideMount80": true,
    "ITSideMount67": false,
    "Feature": "",
    "FeatureOpenClose": true,
    "FeatureLock": true,
    "ArticleNumber": 291924,
    "Stroke": 400,
    "Angle": 0,
    "Voltage": "24 V DC",
    "Voltage24": true,
    "Voltage230": false,
    "RatedCurrent": 1,
    "BreakingCurrent": 1,
    "PullingForceMax": 1600,
    "PushingForceMax": 1600,
    "PullingForceMaxWithNegativeWind": 0,
    "PushingForceMaxWithNegativeWind": 0,
    "PushingForcePermanent": 1066.67,
    "PullingForcePermanent": 1066.67,
    "MinPullingForceMax": 0,
    "MinPushingForceMax": 96.89,
    "MinPullingForcePermanent": 0,
    "MinPushingForcePermanent": 60.57,
    "Price": 443.15,
    "DriveLength": 0,
    "ChainDrive": 450,
    "ChainDrive2": 450,
    "MaxLengthMainClosingEdge1Drive": 2100,
    "MaxGeometricArea": 1,
    "GeometricalSmokeExhaustion": 0,
    "TotalGlassThickness": 2,
    "Dimensions": 0,
    "DimensionsWxHxD": "723 x Ø36",
    "TensileForce": 0,
    "LockingForce": 0,
    "Details_DE": "<ul> <li>Bemessungsspannung: 24 V DC (19 V … 28 V)</li><li>Abschaltstrom: 1,2 A</li><li>Bemessungsstrom: 1,0 A</li><li>Bemessungsaufnahme: 24 W</li><li>Schutzart: IP 65</li> <li>Zug-/Schubkraft: max. 1600 N</li><li>Umgebungstemperatur: -5°C bis + 60°C</li><li>Anschlussleitung: Halogenfrei, grau 3 x 1mm², ~3m</li><li>Max. Geschwindigkeit: 4 mm/s</li></ul>",
    "Details_EN": "<ul> <li>Rated voltage: 24 V DC (19 V … 28 V)</li> <li>Breaking current: 1.2 A</li> <li>Rated current: 1.0 A</li> <li>Rated consumption: 24 W</li> <li>Protection rating: IP 65</li><li>Traction/ thrust: max. 1600N</li> <li>Ambient temperature: -5°C to + 60°C</li> <li>Connecting cable: halogen-free, grey 3 x 1mm², ~3m</li> <li>Max. speed: 4 mm/s</li> </ul>",
    "Einsatz": "<ul> <li>Anwendung: Lüftung, NRA</li><li>Integrierte intelligente Regelelektronik</li></ul>",
    "Use": "<ul> <li>Application: ventilation, natural smoke ventilation</li><li>Integrated intelligent control electronics</li></ul>",
    "Ausstattung": "<ul> <li>Robuste korrosionsbeständige Ausführung in eloxierten Aluminiumgehäuse</li><li>Montagefreundlich durch verstellbaren Klemmring</li><li>Spindel aus Edelstahl, kugelgelagert mit Endlagendämpfung</li><li>Mit Goretex Membrane</li></ul>",
    "Equipment": "<ul> <li>Robust, corrosion-resistant design in anodized casing</li><li>Easy installation thanks to adjustable clamping ring</li><li>Stainless steel spindle on ball bearings with end position cushioning</li><li>with Goretex membrane</li></ul>",
    "Optionen": "<ul> <li>Programmierung von Sonderfunktionen</li><li>Programmierbare Parameter der Regelelektronik</li><li>Schüco Kontroller zur automatischen Konfiguration von Synchronlauf und Folgesteuerungen mit Verriegelungsantrieb in Antriebs-Verbundsystem</li></ul>",
    "Options": "<ul> <li>Programming of special functions</li><li>Programmable parameters of intelligent control electronics</li><li>Schüco controller for automatic configuration of synchronous running and sequence control with locking drives in composite drive systems</li></ul>",
    "IsTwoPce": false,
    "ResultVentWeight": 31.21,
    "IsLsRsDrive": false,
    "ArticleNumberRs": 0,
    "TwoDrivesSideInstallation50": 650,
    "TwoDrivesSideInstallation60": 650,
    "TwoDrivesSideInstallation70": 650,
    "TwoDrivesSideInstallation80": 650,
    "OpeningSpeedmms": 4,
    "Traction": 1067,
    "Thrust": 1600,
    "Id": "9f91500a-3224-410c-b4df-c240b49d5a6d",
    "CreatedOn": "2024-09-26T13:55:26.817Z",
    "CreatedBy": "",
    "ModifiedOn": "2024-09-26T13:55:26.817Z",
    "ModifiedBy": ""
  },
  {
    "Name": "Linear drive LDN8 L400",
    "Bezeichnung": "Linearantrieb LDN8 L400",
    "ConfigurationId": "00000000-0000-0000-0000-000000000000",
    "Description": "",
    "Application": "Roof",
    "ApplicationFacade": false,
    "ApplicationSkylight": true,
    "Type": 2,
    "OpeningType": 0,
    "BottomHungInward": false,
    "BottomHungOutward": true,
    "SideHungInward": false,
    "SideHungOutward": false,
    "TopHungInward": false,
    "TopHungOutward": true,
    "ProjectedTopHungInward": false,
    "ProjectedTopHungOutward": false,
    "InstallationType": "",
    "ITMainOutFrmMountWBracket": true,
    "ITMainFixOutFrmMount": false,
    "ITMainVentFrmMount": false,
    "ITSideMount50": true,
    "ITSideMount60": true,
    "ITSideMount70": true,
    "ITSideMount80": true,
    "ITSideMount67": false,
    "Feature": "",
    "FeatureOpenClose": true,
    "FeatureLock": true,
    "ArticleNumber": 291920,
    "Stroke": 400,
    "Angle": 0,
    "Voltage": "24 V DC",
    "Voltage24": true,
    "Voltage230": false,
    "RatedCurrent": 1,
    "BreakingCurrent": 1,
    "PullingForceMax": 800,
    "PushingForceMax": 800,
    "PullingForceMaxWithNegativeWind": 0,
    "PushingForceMaxWithNegativeWind": 0,
    "PushingForcePermanent": 533.33,
    "PullingForcePermanent": 533.33,
    "MinPullingForceMax": 0,
    "MinPushingForceMax": 96.89,
    "MinPullingForcePermanent": 0,
    "MinPushingForcePermanent": 60.57,
    "Price": 456.43,
    "DriveLength": 0,
    "ChainDrive": 450,
    "ChainDrive2": 450,
    "MaxLengthMainClosingEdge1Drive": 2100,
    "MaxGeometricArea": 1,
    "GeometricalSmokeExhaustion": 0,
    "TotalGlassThickness": 2,
    "Dimensions": 0,
    "DimensionsWxHxD": "723 x Ø36",
    "TensileForce": 0,
    "LockingForce": 0,
    "Details_DE": "<ul> <li>Bemessungsspannung: 24 V DC (19 V … 28 V)</li><li>Abschaltstrom: 1,4 A</li><li>Bemessungsstrom: 1,0 A</li><li>Bemessungsaufnahme: 24 W</li><li>Schutzart: IP 65</li> <li>Zug-/Schubkraft: max. 800 N</li><li>Umgebungstemperatur: -5°C bis + 60°C</li><li>Anschlussleitung: Halogenfrei, grau 3 x 1mm², ~3m</li><li>Max. Geschwindigkeit: 10 mm/s</li></ul>",
    "Details_EN": "<ul> <li>Rated voltage: 24 V DC (19 V … 28 V)</li> <li>Breaking current: 1.4 A</li> <li>Rated current: 1.0 A</li> <li>Rated consumption: 24 W</li> <li>Protection rating: IP 65</li><li>Traction/ thrust: max. 800 N</li> <li>Ambient temperature: -5°C to + 60°C</li> <li>Connecting cable: halogen-free, grey 3 x 1mm², ~3m</li> <li>Max. speed: 10 mm/s</li> </ul>",
    "Einsatz": "<ul> <li>Anwendung: Lüftung, NRA</li><li>Integrierte intelligente Regelelektronik</li></ul>",
    "Use": "<ul> <li>Application: ventilation, natural smoke ventilation</li><li>Integrated intelligent control electronics</li></ul>",
    "Ausstattung": "<ul> <li>Robuste korrosionsbeständige Ausführung in eloxierten Aluminiumgehäuse</li><li>Montagefreundlich durch verstellbaren Klemmring</li><li>Spindel aus Edelstahl, kugelgelagert mit Endlagendämpfung</li><li>Mit Goretex Membrane</li></ul>",
    "Equipment": "<ul> <li>Robust, corrosion-resistant design in anodized casing</li><li>Easy installation thanks to adjustable clamping ring</li><li>Stainless steel spindle on ball bearings with end position cushioning</li><li>with Goretex membrane</li></ul>",
    "Optionen": "<ul> <li>Programmierung von Sonderfunktionen</li><li>Programmierbare Parameter der Regelelektronik</li><li>Schüco Kontroller zur automatischen Konfiguration von Synchronlauf und Folgesteuerungen mit Verriegelungsantrieb in Antriebs-Verbundsystem</li></ul>",
    "Options": "<ul> <li>Programming of special functions</li><li>Programmable parameters of intelligent control electronics</li><li>Schüco controller for automatic configuration of synchronous running and sequence control with locking actuators in composite drive systems</li></ul>",
    "IsTwoPce": false,
    "ResultVentWeight": 31.21,
    "IsLsRsDrive": false,
    "ArticleNumberRs": 0,
    "TwoDrivesSideInstallation50": 650,
    "TwoDrivesSideInstallation60": 650,
    "TwoDrivesSideInstallation70": 650,
    "TwoDrivesSideInstallation80": 650,
    "OpeningSpeedmms": 10,
    "Traction": 533,
    "Thrust": 800,
    "Id": "a5df0ac4-840a-4686-ab17-68a05d8c4d52",
    "CreatedOn": "2024-09-26T13:55:26.817Z",
    "CreatedBy": "",
    "ModifiedOn": "2024-09-26T13:55:26.817Z",
    "ModifiedBy": ""
  },
  {
    "Name": "Linear drive LDN10 L400",
    "Bezeichnung": "Linearantrieb LDN10 L400",
    "ConfigurationId": "00000000-0000-0000-0000-000000000000",
    "Description": "",
    "Application": "Roof",
    "ApplicationFacade": false,
    "ApplicationSkylight": true,
    "Type": 2,
    "OpeningType": 0,
    "BottomHungInward": false,
    "BottomHungOutward": true,
    "SideHungInward": false,
    "SideHungOutward": false,
    "TopHungInward": false,
    "TopHungOutward": true,
    "ProjectedTopHungInward": false,
    "ProjectedTopHungOutward": false,
    "InstallationType": "",
    "ITMainOutFrmMountWBracket": true,
    "ITMainFixOutFrmMount": false,
    "ITMainVentFrmMount": false,
    "ITSideMount50": true,
    "ITSideMount60": true,
    "ITSideMount70": true,
    "ITSideMount80": true,
    "ITSideMount67": false,
    "Feature": "",
    "FeatureOpenClose": true,
    "FeatureLock": true,
    "ArticleNumber": 291928,
    "Stroke": 400,
    "Angle": 0,
    "Voltage": "24 V DC",
    "Voltage24": true,
    "Voltage230": false,
    "RatedCurrent": 2,
    "BreakingCurrent": 2,
    "PullingForceMax": 1000,
    "PushingForceMax": 1000,
    "PullingForceMaxWithNegativeWind": 0,
    "PushingForceMaxWithNegativeWind": 0,
    "PushingForcePermanent": 666.67,
    "PullingForcePermanent": 666.67,
    "MinPullingForceMax": 0,
    "MinPushingForceMax": 96.89,
    "MinPullingForcePermanent": 0,
    "MinPushingForcePermanent": 60.57,
    "Price": 585.51,
    "DriveLength": 0,
    "ChainDrive": 450,
    "ChainDrive2": 450,
    "MaxLengthMainClosingEdge1Drive": 2100,
    "MaxGeometricArea": 1,
    "GeometricalSmokeExhaustion": 0,
    "TotalGlassThickness": 2,
    "Dimensions": 0,
    "DimensionsWxHxD": "723 x Ø36",
    "TensileForce": 0,
    "LockingForce": 0,
    "Details_DE": "<ul> <li>Bemessungsspannung: 24 V DC (19 V … 28 V)</li><li>Abschaltstrom: 2,5 A</li><li>Bemessungsstrom: 1,9 A</li><li>Bemessungsaufnahme: 45 W</li><li>Schutzart: IP 65</li> <li>Zug-/Schubkraft: max. 1000 N</li><li>Umgebungstemperatur: -5°C bis + 60°C</li><li>Anschlussleitung: Halogenfrei, grau 3 x 1mm², ~3m</li><li>Max. Geschwindigkeit: 12,6 mm/s</li></ul>",
    "Details_EN": "<ul> <li>Rated voltage: 24 V DC (19 V … 28 V)</li> <li>Breaking current: 2.5 A</li> <li>Rated current: 1.9 A</li> <li>Rated consumption: 45 W</li> <li>Protection rating: IP 65</li><li>Traction/ thrust: max. 1000N</li> <li>Ambient temperature: -5°C to + 60°C</li> <li>Connecting cable: halogen-free, grey 3 x 1mm², ~3m</li> <li>Max. speed: 12.6 mm/s</li> </ul>",
    "Einsatz": "<ul> <li>Anwendung: Lüftung, NRA</li><li>Integrierte intelligente Regelelektronik</li></ul>",
    "Use": "<ul> <li>Application: ventilation, natural smoke ventilation</li><li>Integrated intelligent control electronics</li></ul>",
    "Ausstattung": "<ul> <li>Robuste korrosionsbeständige Ausführung in eloxierten Aluminiumgehäuse</li><li>Montagefreundlich durch verstellbaren Klemmring</li><li>Spindel aus Edelstahl, kugelgelagert mit Endlagendämpfung</li><li>Mit Goretex Membrane</li></ul>",
    "Equipment": "<ul> <li>Robust, corrosion-resistant design in anodized casing</li><li>Easy installation thanks to adjustable clamping ring</li><li>Stainless steel spindle on ball bearings with end position cushioning</li><li>with Goretex membrane</li></ul>",
    "Optionen": "<ul> <li>Programmierung von Sonderfunktionen</li><li>Programmierbare Parameter der Regelelektronik</li><li>Schüco Kontroller zur automatischen Konfiguration von Synchronlauf und Folgesteuerungen mit Verriegelungsantrieb in Antriebs-Verbundsystem</li></ul>",
    "Options": "<ul> <li>Programming of special functions</li><li>Programmable parameters of intelligent control electronics</li><li>Schüco controller for automatic configuration of synchronous running and sequence control with locking drives in composite drive systems</li></ul>",
    "IsTwoPce": false,
    "ResultVentWeight": 31.21,
    "IsLsRsDrive": false,
    "ArticleNumberRs": 0,
    "TwoDrivesSideInstallation50": 650,
    "TwoDrivesSideInstallation60": 650,
    "TwoDrivesSideInstallation70": 650,
    "TwoDrivesSideInstallation80": 650,
    "OpeningSpeedmms": 13,
    "Traction": 667,
    "Thrust": 1000,
    "Id": "9cac4106-1486-488f-8b76-e842cb91da3a",
    "CreatedOn": "2024-09-26T13:55:26.817Z",
    "CreatedBy": "",
    "ModifiedOn": "2024-09-26T13:55:26.817Z",
    "ModifiedBy": ""
  },
  {
    "Name": "Linear drive LDH15 L400",
    "Bezeichnung": "Linearantrieb LDH15 L400",
    "ConfigurationId": "00000000-0000-0000-0000-000000000000",
    "Description": "",
    "Application": "Roof",
    "ApplicationFacade": false,
    "ApplicationSkylight": true,
    "Type": 2,
    "OpeningType": 0,
    "BottomHungInward": false,
    "BottomHungOutward": true,
    "SideHungInward": false,
    "SideHungOutward": false,
    "TopHungInward": false,
    "TopHungOutward": true,
    "ProjectedTopHungInward": false,
    "ProjectedTopHungOutward": false,
    "InstallationType": "",
    "ITMainOutFrmMountWBracket": true,
    "ITMainFixOutFrmMount": false,
    "ITMainVentFrmMount": false,
    "ITSideMount50": true,
    "ITSideMount60": true,
    "ITSideMount70": true,
    "ITSideMount80": true,
    "ITSideMount67": false,
    "Feature": "",
    "FeatureOpenClose": true,
    "FeatureLock": true,
    "ArticleNumber": 291939,
    "Stroke": 400,
    "Angle": 0,
    "Voltage": "24 V DC",
    "Voltage24": true,
    "Voltage230": false,
    "RatedCurrent": 3,
    "BreakingCurrent": 4,
    "PullingForceMax": 1500,
    "PushingForceMax": 1500,
    "PullingForceMaxWithNegativeWind": 0,
    "PushingForceMaxWithNegativeWind": 0,
    "PushingForcePermanent": 1000,
    "PullingForcePermanent": 1000,
    "MinPullingForceMax": 0,
    "MinPushingForceMax": 96.89,
    "MinPullingForcePermanent": 0,
    "MinPushingForcePermanent": 60.57,
    "Price": 776.85,
    "DriveLength": 0,
    "ChainDrive": 450,
    "ChainDrive2": 450,
    "MaxLengthMainClosingEdge1Drive": 2100,
    "MaxGeometricArea": 1,
    "GeometricalSmokeExhaustion": 0,
    "TotalGlassThickness": 2,
    "Dimensions": 0,
    "DimensionsWxHxD": "841 x Ø50",
    "TensileForce": 0,
    "LockingForce": 0,
    "Details_DE": "<ul> <li>Bemessungsspannung: 24 V DC (19 V … 28 V)</li><li>Abschaltstrom: 4,0 A</li><li>Bemessungsstrom: 3,0 A</li><li>Bemessungsaufnahme: 72 W</li><li>Schutzart: IP 54</li> <li>Zug-/Schubkraft: max. 1500 N</li><li>Umgebungstemperatur: -5°C bis + 60°C</li><li>Anschlussleitung: Halogenfrei, grau 3 x 1mm², ~3m</li><li>Max. Geschwindigkeit: 16 mm/s</li></ul>",
    "Details_EN": "<ul> <li>Rated voltage: 24 V DC (19 V … 28 V)</li> <li>Breaking current: 4.0 A</li> <li>Rated current: 3.0 A</li> <li>Rated consumption: 72 W</li> <li>Protection rating: IP 54</li><li>Traction/ thrust: max. 1500N</li> <li>Ambient temperature: -5°C to + 60°C</li> <li>Connecting cable: halogen-free, grey 3 x 1mm², ~3m</li> <li>Max. speed: 16 mm/s</li> </ul>",
    "Einsatz": "<ul> <li>Anwendung: Lüftung, NRA</li><li>Integrierte intelligente Regelelektronik</li></ul>",
    "Use": "<ul> <li>Application: ventilation, natural smoke ventilation</li><li>Integrated intelligent control electronics</li></ul>",
    "Ausstattung": "<ul> <li>Robuste korrosionsbeständige Ausführung in eloxierten Aluminiumgehäuse</li><li>Montagefreundlich durch verstellbaren Klemmring</li><li>Spindel aus Edelstahl, kugelgelagert mit Endlagendämpfung</li><li>Mit Goretex Membrane</li></ul>",
    "Equipment": "<ul> <li>Robust, corrosion-resistant design in anodized casing</li><li>Easy installation thanks to adjustable clamping ring</li><li>Stainless steel spindle on ball bearings with end position cushioning</li><li>with Goretex membrane</li></ul>",
    "Optionen": "<ul> <li>Programmierung von Sonderfunktionen</li><li>Programmierbare Parameter der Regelelektronik</li><li>Schüco Kontroller zur automatischen Konfiguration von Synchronlauf und Folgesteuerungen mit Verriegelungsantrieb in Antriebs-Verbundsystem</li></ul>",
    "Options": "<ul> <li>Programming of special functions</li><li>Programmable parameters of intelligent control electronics</li><li>Schüco controller for automatic configuration of synchronous running and sequence control with locking drives in composite drive systems</li></ul>",
    "IsTwoPce": false,
    "ResultVentWeight": 31.21,
    "IsLsRsDrive": true,
    "ArticleNumberRs": 291939,
    "TwoDrivesSideInstallation50": 650,
    "TwoDrivesSideInstallation60": 650,
    "TwoDrivesSideInstallation70": 650,
    "TwoDrivesSideInstallation80": 650,
    "OpeningSpeedmms": 16,
    "Traction": 1000,
    "Thrust": 1500,
    "Id": "f88c2ba9-694a-4b49-b0c1-20efbe762b90",
    "CreatedOn": "2024-09-26T13:55:26.817Z",
    "CreatedBy": "",
    "ModifiedOn": "2024-09-26T13:55:26.817Z",
    "ModifiedBy": ""
  },
  {
    "Name": "Locking actuator roof",
    "Bezeichnung": "Verr.antrieb Dachf 600N",
    "ConfigurationId": "00000000-0000-0000-0000-000000000000",
    "Description": "",
    "Application": "",
    "ApplicationFacade": false,
    "ApplicationSkylight": true,
    "Type": 5,
    "OpeningType": 0,
    "BottomHungInward": false,
    "BottomHungOutward": true,
    "SideHungInward": false,
    "SideHungOutward": false,
    "TopHungInward": false,
    "TopHungOutward": true,
    "ProjectedTopHungInward": false,
    "ProjectedTopHungOutward": false,
    "InstallationType": "",
    "ITMainOutFrmMountWBracket": true,
    "ITMainFixOutFrmMount": false,
    "ITMainVentFrmMount": false,
    "ITSideMount50": true,
    "ITSideMount60": true,
    "ITSideMount70": true,
    "ITSideMount80": true,
    "ITSideMount67": false,
    "Feature": "",
    "FeatureOpenClose": true,
    "FeatureLock": false,
    "ArticleNumber": 291954,
    "Stroke": 0,
    "Angle": 0,
    "Voltage": null,
    "Voltage24": true,
    "Voltage230": false,
    "RatedCurrent": 0,
    "BreakingCurrent": 0,
    "PullingForceMax": 0,
    "PushingForceMax": 0,
    "PullingForceMaxWithNegativeWind": 0,
    "PushingForceMaxWithNegativeWind": 0,
    "PushingForcePermanent": 0,
    "PullingForcePermanent": 0,
    "MinPullingForceMax": 0,
    "MinPushingForceMax": 0,
    "MinPullingForcePermanent": 0,
    "MinPushingForcePermanent": 0,
    "Price": 225.16,
    "DriveLength": 0,
    "ChainDrive": 0,
    "ChainDrive2": 0,
    "MaxLengthMainClosingEdge1Drive": 0,
    "MaxGeometricArea": 0,
    "GeometricalSmokeExhaustion": 0,
    "TotalGlassThickness": 0,
    "Dimensions": 0,
    "DimensionsWxHxD": "415 x 26 x 26",
    "TensileForce": 0,
    "LockingForce": 0,
    "Details_DE": "<ul> <li>Bemessungsspannung: 24 V DC (19 V … 28 V)</li> <li>Abschaltstrom: ~1,0 A</li> <li>Bemessungsstrom: 0,6 A</li> <li>Bemessungsaufnahme: 15 W</li> <li>Schutzart: IP 32</li><li>Zug-/Schubkraft: max. 600 N</li> <li>Umgebungstemperatur: -5°C bis + 60°C</li> <li>Anschlussleitung: Halogenfrei, grau 3x 0,5mm², ~3m</li> <li>Laufzeit: ~ 5s</li><li>Hub: ~ 18mm</li> </ul>",
    "Details_EN": "<ul> <li>Rated voltage : 24 V DC (19 V … 28 V</li> <li>Breaking current : ~1,0 A</li> <li>Rated current : 0,6 A</li> <li>Rated consumption : 15 W</li> <li>Protection rating : IP 32</li><li>Traction/ thrust : max. 600 N</li> <li>Ambient temperature: -5°C bis + 60°C</li> <li>Connecting cable: halogen-free, grey 3 x 0,5mm², ~3m</li> <li>Running time: ~ 5s</li><li>Stroke: ~ 18mm</li> </ul>",
    "Einsatz": "<ul> <li>Anwendung: Lüftung, NRA</li><li>Integrierte intelligente Regelelektronik</li></ul>",
    "Use": "<ul> <li>Application: ventilation, natural smoke ventilation</li> <li>Integrated intelligent control electronics</li></ul>",
    "Ausstattung": "<ul><li>Laufrichtung einstellbar</li></ul>",
    "Equipment": "<ul><li>Running direction adjustable</li></ul>",
    "Optionen": "<ul> <li>Mitnehmer objekt-/profilspezifisch anpassbar</li></ul>",
    "Options": "<ul> <li>Coupling adapter customizable for project-/profile-specific demands</li></ul>",
    "IsTwoPce": false,
    "ResultVentWeight": 0,
    "IsLsRsDrive": false,
    "ArticleNumberRs": 0,
    "TwoDrivesSideInstallation50": 0,
    "TwoDrivesSideInstallation60": 0,
    "TwoDrivesSideInstallation70": 0,
    "TwoDrivesSideInstallation80": 0,
    "OpeningSpeedmms": 0,
    "Traction": 0,
    "Thrust": 0,
    "Id": "2b6ffe33-0cb6-494e-a561-679dc2adeb63",
    "CreatedOn": "2024-09-26T13:55:26.817Z",
    "CreatedBy": "",
    "ModifiedOn": "2024-09-26T13:55:26.817Z",
    "ModifiedBy": ""
  }
]

13:55:48.777 [main] INFO  com.intuit.karate - Expected RecommDrive: Chain actuator D6 400,Chain actuator D15 800,Chain actuator D6 400,Chain actuator D15 800,Linear drive LDB16 L400,Linear drive LDN8 L400,Linear drive LDN10 L400,Linear drive LDH15 L400,Locking actuator roof 
13:55:48.778 [main] INFO  com.intuit.karate - Actual RecommDrive: Chain actuator D6 400, Chain actuator D15 800, Chain actuator D6 400, Chain actuator D15 800, Linear drive LDB16 L400, Linear drive LDN8 L400, Linear drive LDN10 L400, Linear drive LDH15 L400, Locking actuator roof 
13:55:48.778 [main] INFO  com.intuit.karate - Normalized Actual RecommDrive: Chain actuator D6 400,Chain actuator D15 800,Chain actuator D6 400,Chain actuator D15 800,Linear drive LDB16 L400,Linear drive LDN8 L400,Linear drive LDN10 L400,Linear drive LDH15 L400,Locking actuator roof 
13:55:48.778 [main] INFO  com.intuit.karate - Normalized Expected RecommDrive: Chain actuator D6 400,Chain actuator D15 800,Chain actuator D6 400,Chain actuator D15 800,Linear drive LDB16 L400,Linear drive LDN8 L400,Linear drive LDN10 L400,Linear drive LDH15 L400,Locking actuator roof 
13:55:48.779 [main] INFO  com.intuit.karate - All Drive IDs: [
  "6cfaf03b-807c-4298-8635-4bf804653a9e",
  "6e554a6b-0764-4e7a-ac2f-8ca9ada34e08",
  "6cfaf03b-807c-4298-8635-4bf804653a9e",
  "6e554a6b-0764-4e7a-ac2f-8ca9ada34e08",
  "9f91500a-3224-410c-b4df-c240b49d5a6d",
  "a5df0ac4-840a-4686-ab17-68a05d8c4d52",
  "9cac4106-1486-488f-8b76-e842cb91da3a",
  "f88c2ba9-694a-4b49-b0c1-20efbe762b90",
  "2b6ffe33-0cb6-494e-a561-679dc2adeb63"
]
 
13:55:48.780 [main] INFO  com.intuit.karate - First Drive ID: 6cfaf03b-807c-4298-8635-4bf804653a9e 
13:55:48.781 [main] DEBUG com.intuit.karate - request:
3 > POST https://dev-drivetec-apis.schuecodigitalsolutions.com/api/Drives/DownloadPDFNew/Schuco
3 > Content-Type: application/json; charset=UTF-8
3 > Content-Length: 1194
3 > Host: dev-drivetec-apis.schuecodigitalsolutions.com
3 > Connection: Keep-Alive
3 > User-Agent: Apache-HttpClient/4.5.14 (Java/17.0.12)
3 > Accept-Encoding: gzip,deflate
[{"Id":"configId","Header":"configId","Value":"ec2f2fd0-49f7-4a5b-adba-45d046384c40"},{"Id":"driveId","Header":"driveId","Value":"6cfaf03b-807c-4298-8635-4bf804653a9e"},{"Id":"culture","Header":"culture","Value":"EN-US"},{"Id":"projectId","Header":"projectId","Value":"2afcf090-6588-4022-aa5e-49fca51f940e"},{"Id":"range-of-app","Header":"Range of application","Value":"Façade"},{"Id":"opening-type","Header":"Opening type","Value":"Bottom-hung vent"},{"Id":"opening-direction","Header":"Opening direction","Value":"Inward"},{"Id":"how-calc-weight","Header":"Vent weight","Value":"Weight including glass"},{"Id":"Chain-Length","Header":"Chain- \/ connecting rod handle","Value":"100%"},{"Id":"drive-position","Header":"Drive position","Value":"Side installation"},{"Id":"locking-mechanism","Header":"Locking mechanism","Value":"With"},{"Id":"voltage","Header":"Voltage","Value":"24 V"},{"Id":"drive-type","Header":"Drive type","Value":"Chain drive"},{"Id":"type-installation","Header":"Type of installation","Value":"Pivoting Outer Frame Installation"},{"Id":"calculation-type-for-ventilation-area","Header":"Calculation type for ventilation area","Value":"Method in accordance with ASR 3.6"}]

13:55:50.114 [main] DEBUG com.intuit.karate - response time in milliseconds: 1330
3 < 200
3 < Content-Type: application/json; charset=utf-8
3 < Date: Thu, 05 Dec 2024 08:25:47 GMT
3 < Server: Microsoft-IIS/10.0
3 < X-Powered-By: ASP.NET
3 < Content-Length: 276
3 < Connection: keep-alive
{
  "result": "https://drive-tec-dev.s3.amazonaws.com/AUT_TPJ33518-Chain_actuator_D6_400.pdf?AWSAccessKeyId=AKIAZAWIART4ZFAXXPHK&Expires=1733390748&response-content-disposition=attachment%3B&response-content-type=application%2Fpdf&Signature=w2nBfGNKNxcIHLSU2d9bqZdwMdM%3D"
}

13:55:50.114 [main] INFO  com.intuit.karate - Download URL for first driveId: https://drive-tec-dev.s3.amazonaws.com/AUT_TPJ33518-Chain_actuator_D6_400.pdf?AWSAccessKeyId=AKIAZAWIART4ZFAXXPHK&Expires=1733390748&response-content-disposition=attachment%3B&response-content-type=application%2Fpdf&Signature=w2nBfGNKNxcIHLSU2d9bqZdwMdM%3D 
13:55:50.119 [main] INFO  com.intuit.karate - karate.env system property was: null 
13:55:50.120 [main] INFO  com.intuit.karate - Running test for dataset:  Dataset59 
13:55:50.125 [main] INFO  com.intuit.karate - Using ProjectId:  {
  "result": {
    "projectId": "prjId"
  },
  "projectPayload": {
    "Id": "579816e4-6653-4794-b435-a885f32e28d7",
    "Name": "AUT_TPJ33518",
    "Address": "Hyderabad, Telangana, India",
    "Description": "",
    "CreatedBy": "579816e4-6653-4794-b435-a885f32e28d7",
    "ModifiedBy": "579816e4-6653-4794-b435-a885f32e28d7"
  },
  "uniqueName": "AUT_TPJ33518",
  "responseHeaders": {
    "Content-Type": [
      "application/json; charset=utf-8"
    ],
    "Date": [
      "Thu, 05 Dec 2024 08:22:12 GMT"
    ],
    "Server": [
      "Microsoft-IIS/10.0"
    ],
    "X-Powered-By": [
      "ASP.NET"
    ],
    "transfer-encoding": [
      "chunked"
    ],
    "Connection": [
      "keep-alive"
    ],
    "Set-Cookie": [
    ]
  },
  "responseTime": 841,
  "response": {
    "Name": "AUT_TPJ33518",
    "Description": "",
    "Address": "Hyderabad, Telangana, India",
    "Id": "2afcf090-6588-4022-aa5e-49fca51f940e",
    "CreatedOn": "2024-12-05T08:22:11.998251+00:00",
    "CreatedBy": "579816e4-6653-4794-b435-a885f32e28d7",
    "ModifiedOn": "2024-12-05T08:22:11.9982526+00:00",
    "ModifiedBy": ""
  },
  "responseStatus": 200,
  "prjId": "2afcf090-6588-4022-aa5e-49fca51f940e",
  "projectId": "2afcf090-6588-4022-aa5e-49fca51f940e"
}
 
13:55:50.128 [main] DEBUG com.intuit.karate - request:
1 > POST https://dev-drivetec-apis.schuecodigitalsolutions.com/Configurations
1 > Content-Type: application/json; charset=UTF-8
1 > Content-Length: 1275
1 > Host: dev-drivetec-apis.schuecodigitalsolutions.com
1 > Connection: Keep-Alive
1 > User-Agent: Apache-HttpClient/4.5.14 (Java/17.0.12)
1 > Accept-Encoding: gzip,deflate
{"Id":"00000000-0000-0000-0000-000000000000","ProjectId":"2afcf090-6588-4022-aa5e-49fca51f940e","Name":"Dataset0128","Description":"Dataset0128","CustomTags":"","CreatedBy":"579816e4-6653-4794-b435-a885f32e28d7","ModifiedBy":"579816e4-6653-4794-b435-a885f32e28d7","ApplicationName":1,"System":"","FacadeInclination":0,"OpeningType":1,"OpeningDirection":1,"OpeningWidth":1000,"VentOuterWidth":1230,"VentOuterHeight":1480,"VentWeight":70,"CalculateWeightWithGlass":false,"WeightIncGlassOrThickness":false,"GlassThickness":14,"ProfileWeightPerSerialMeter":2.5,"IsWindowOpeningCalculationByAngle":1,"RequiredOpeningStroke":400,"OpeningAngle":15,"WindLoad":120,"SnowLoad":0,"DrivePosition":2,"InstallationPosition":1,"ChainLengthConnectingRodHandle":5,"LockingMechanism":1,"Voltage":1,"DriveType":1,"TypeOfInstallation":2,"CalculationTypeForVentilation":1,"CalcVentilation":1,"GeometricArea":1,"SpecificExhaustDimension":30,"BuildingDepth":75,"RevealDepth":0,"RevealDepthRectangleAngle1":0,"RevealDepthRectangleAngle2":0,"HeightOfProfile":0,"HeightProfileRectangleAngle1":0,"HeightProfileRectangleAngle2":0,"AkippOrAtilt":0,"AdrehOrAturn":0,"Ageo":0,"MinPullingForceMax":0,"MinPushingForceMax":0,"MinPullingForcePermanent":0,"MinPushingForcePermanent":0,"ForceWithNegativeWind":0}

13:55:50.775 [main] DEBUG com.intuit.karate - response time in milliseconds: 646
1 < 200
1 < Content-Type: application/json; charset=utf-8
1 < Date: Thu, 05 Dec 2024 08:25:47 GMT
1 < Server: Microsoft-IIS/10.0
1 < X-Powered-By: ASP.NET
1 < Content-Length: 2032
1 < Connection: keep-alive
{
  "ProjectId": "2afcf090-6588-4022-aa5e-49fca51f940e",
  "Name": "Dataset0128",
  "Description": "Dataset0128",
  "CustomTags": "",
  "ApplicationName": 1,
  "OpeningType": 1,
  "OpeningDirection": 1,
  "CalculateWeightWithGlass": false,
  "WindLoad": 120,
  "IsWindowOpeningCalculationByAngle": 1,
  "VentOuterWidth": 1230,
  "VentOuterHeight": 1480,
  "WeightIncGlassOrThickness": false,
  "VentWeight": 77,
  "VentWeightExact": 77.26400000000001,
  "GlassThickness": 14,
  "ProfileWeightPerSerialMeter": 2.5,
  "FacadeInclination": 0,
  "ChainLengthConnectingRodHandle": 5,
  "ChainLenghtConnectingRodHandle": 0,
  "RequiredOpeningStroke": 400,
  "OpeningWidth": 1000,
  "OpeningAngle": 15.532868337024489,
  "SpecificExhaustDimension": 30,
  "BuildingDepth": 75,
  "SnowLoad": 0,
  "DistanceHinge": 0,
  "RatedCurrent": 0,
  "DrivePosition": 2,
  "LockingMechanism": 1,
  "Voltage": 1,
  "DriveType": 1,
  "TypeOfInstallation": 2,
  "GeometricArea": 0,
  "CalculationTypeForVentilation": 1,
  "HeightOfProfile": 0,
  "Reveal": 0,
  "RevealDepth": 0,
  "HeightProfileRectangleAngle1": 0,
  "HeightProfileRectangleAngle2": 0,
  "RevealDepthRectangleAngle1": 0,
  "RevealDepthRectangleAngle2": 0,
  "RevealDepthRectangleAngle12": 0,
  "InstallationPosition": 0,
  "RecommendedDriveArticleNo": 0,
  "System": "",
  "AkippOrAtilt": 1.084,
  "AdrehOrAturn": 1.8204,
  "Ageo": 1.084,
  "MinPullingForceMax": -206.4868442161654,
  "MinPushingForceMax": -206.4868442161654,
  "MinPullingForcePermanent": -104.11163259218097,
  "MinPushingForcePermanent": -104.11163259218097,
  "ForceWithNegativeWind": 109.53156767199486,
  "ForceWithNoWindMin": 0.30763693489047433,
  "ForceWithNegativeWindMin": 0,
  "ForceWithWindMin": -108.91629380221393,
  "Id": "bcd8478a-cc7d-40d6-afa6-da14986460e8",
  "CreatedOn": "2024-12-05T08:25:48.2947825+00:00",
  "CreatedBy": "579816e4-6653-4794-b435-a885f32e28d7",
  "ModifiedOn": "2024-12-05T08:25:48.2947835+00:00",
  "ModifiedBy": ""
}

13:55:50.777 [main] INFO  com.intuit.karate - Generated Config ID: bcd8478a-cc7d-40d6-afa6-da14986460e8 
13:55:50.777 [main] INFO  com.intuit.karate - Generated Name: Dataset0128 
13:55:50.778 [main] INFO  com.intuit.karate - Generated Description: Dataset0128 
13:55:50.781 [main] DEBUG com.intuit.karate - request:
1 > PUT https://dev-drivetec-apis.schuecodigitalsolutions.com/Configurations
1 > Content-Type: application/json; charset=UTF-8
1 > Content-Length: 1276
1 > Host: dev-drivetec-apis.schuecodigitalsolutions.com
1 > Connection: Keep-Alive
1 > User-Agent: Apache-HttpClient/4.5.14 (Java/17.0.12)
1 > Accept-Encoding: gzip,deflate
{"Id":"bcd8478a-cc7d-40d6-afa6-da14986460e8","Name":"Dataset59","Description":"Dataset0128","ProjectId":"2afcf090-6588-4022-aa5e-49fca51f940e","CustomTags":"","CreatedBy":"579816e4-6653-4794-b435-a885f32e28d7","ModifiedBy":"579816e4-6653-4794-b435-a885f32e28d7","System":"","FacadeInclination":-25,"OpeningType":2,"OpeningDirection":2,"OpeningWidth":1000,"VentOuterWidth":1000,"VentOuterHeight":1000,"VentWeight":0,"CalculateWeightWithGlass":false,"RequiredOpeningStroke":500,"WindLoad":275,"SnowLoad":0,"IsWindowOpeningCalculationByAngle":1,"GlassThickness":14,"ProfileWeightPerSerialMeter":2.5,"DrivePosition":1,"InstallationPosition":0,"LockingMechanism":1,"Voltage":1,"DriveType":1,"TypeOfInstallation":2,"GeometricArea":0,"CalcVentilation":1,"SpecificExhaustDimension":45,"BuildingDepth":90,"CalculationTypeForVentilation":1,"HeightOfProfile":0,"HeightProfileRectangleAngle1":0,"HeightProfileRectangleAngle2":0,"RevealDepth":0,"RevealDepthRectangleAngle1":0,"RevealDepthRectangleAngle2":0,"ChainLengthConnectingRodHandle":5,"ApplicationName":1,"OpeningAngle":28.8,"WeightIncGlassOrThickness":false,"AkippOrAtilt":0,"AdrehOrAturn":0,"Ageo":0,"MinPullingForceMax":0,"MinPushingForceMax":0,"MinPullingForcePermanent":0,"MinPushingForcePermanent":0,"ForceWithNegativeWind":0}

13:55:51.426 [main] DEBUG com.intuit.karate - response time in milliseconds: 643
1 < 200
1 < Content-Type: application/json; charset=utf-8
1 < Date: Thu, 05 Dec 2024 08:25:48 GMT
1 < Server: Microsoft-IIS/10.0
1 < X-Powered-By: ASP.NET
1 < Content-Length: 2035
1 < Connection: keep-alive
{
  "ProjectId": "2afcf090-6588-4022-aa5e-49fca51f940e",
  "Name": "Dataset59",
  "Description": "Dataset0128",
  "CustomTags": "",
  "ApplicationName": 1,
  "OpeningType": 2,
  "OpeningDirection": 2,
  "CalculateWeightWithGlass": false,
  "WindLoad": 275,
  "IsWindowOpeningCalculationByAngle": 1,
  "VentOuterWidth": 1000,
  "VentOuterHeight": 1000,
  "WeightIncGlassOrThickness": false,
  "VentWeight": 45,
  "VentWeightExact": 45,
  "GlassThickness": 14,
  "ProfileWeightPerSerialMeter": 2.5,
  "FacadeInclination": -25,
  "ChainLengthConnectingRodHandle": 5,
  "ChainLenghtConnectingRodHandle": 0,
  "RequiredOpeningStroke": 500,
  "OpeningWidth": 1000,
  "OpeningAngle": 28.955024371859846,
  "SpecificExhaustDimension": 45,
  "BuildingDepth": 90,
  "SnowLoad": 0,
  "DistanceHinge": 0,
  "RatedCurrent": 0,
  "DrivePosition": 1,
  "LockingMechanism": 1,
  "Voltage": 1,
  "DriveType": 1,
  "TypeOfInstallation": 2,
  "GeometricArea": 0,
  "CalculationTypeForVentilation": 1,
  "HeightOfProfile": 0,
  "Reveal": 0,
  "RevealDepth": 0,
  "HeightProfileRectangleAngle1": 0,
  "HeightProfileRectangleAngle2": 0,
  "RevealDepthRectangleAngle1": 0,
  "RevealDepthRectangleAngle2": 0,
  "RevealDepthRectangleAngle12": 0,
  "InstallationPosition": 0,
  "RecommendedDriveArticleNo": 0,
  "System": "",
  "AkippOrAtilt": 1,
  "AdrehOrAturn": 1,
  "Ageo": 1,
  "MinPullingForceMax": 208.0874125993853,
  "MinPushingForceMax": 237.0612748309355,
  "MinPullingForcePermanent": 187.96989371919298,
  "MinPushingForcePermanent": 187.96989371919298,
  "ForceWithNegativeWind": 138.87851260745046,
  "ForceWithNoWindMin": 95.20637219992052,
  "ForceWithNegativeWindMin": -17.67466819954423,
  "ForceWithWindMin": 208.0874125993853,
  "Id": "bcd8478a-cc7d-40d6-afa6-da14986460e8",
  "CreatedOn": "0001-01-01T00:00:00",
  "CreatedBy": "579816e4-6653-4794-b435-a885f32e28d7",
  "ModifiedOn": "2024-12-05T08:25:48.9436187+00:00",
  "ModifiedBy": "579816e4-6653-4794-b435-a885f32e28d7"
}

13:55:51.426 [main] INFO  com.intuit.karate - VentWeight from API Response: 45 
13:55:51.428 [main] INFO  com.intuit.karate - Rounded Opening Angle: 29.0 
13:55:51.428 [main] INFO  com.intuit.karate - Rounded Ageo: 1.0 
13:55:51.428 [main] INFO  com.intuit.karate - Rounded Required Opening Stroke: 500.0 
13:55:51.428 [main] INFO  com.intuit.karate - Rounded Vent Weight: 45.0 
13:55:51.431 [main] DEBUG com.intuit.karate - request:
2 > GET https://dev-drivetec-apis.schuecodigitalsolutions.com/Config/bcd8478a-cc7d-40d6-afa6-da14986460e8/Drive
2 > Host: dev-drivetec-apis.schuecodigitalsolutions.com
2 > Connection: Keep-Alive
2 > User-Agent: Apache-HttpClient/4.5.14 (Java/17.0.12)
2 > Accept-Encoding: gzip,deflate


13:55:52.083 [main] DEBUG com.intuit.karate - response time in milliseconds: 651
2 < 200
2 < Content-Type: application/json; charset=utf-8
2 < Date: Thu, 05 Dec 2024 08:25:48 GMT
2 < Server: Microsoft-IIS/10.0
2 < X-Powered-By: ASP.NET
2 < Content-Length: 8079
2 < Connection: keep-alive
[
  {
    "Name": "Chain actuator D6 600",
    "Bezeichnung": "Kettenantrieb D6 600",
    "ConfigurationId": "00000000-0000-0000-0000-000000000000",
    "Description": "",
    "Application": "Facade",
    "ApplicationFacade": true,
    "ApplicationSkylight": true,
    "Type": 1,
    "OpeningType": 0,
    "BottomHungInward": true,
    "BottomHungOutward": true,
    "SideHungInward": true,
    "SideHungOutward": true,
    "TopHungInward": false,
    "TopHungOutward": true,
    "ProjectedTopHungInward": false,
    "ProjectedTopHungOutward": true,
    "InstallationType": "",
    "ITMainOutFrmMountWBracket": true,
    "ITMainFixOutFrmMount": false,
    "ITMainVentFrmMount": true,
    "ITSideMount50": false,
    "ITSideMount60": false,
    "ITSideMount70": false,
    "ITSideMount80": false,
    "ITSideMount67": true,
    "Feature": "",
    "FeatureOpenClose": true,
    "FeatureLock": true,
    "ArticleNumber": 291716,
    "Stroke": 600,
    "Angle": 0,
    "Voltage": "24 V DC",
    "Voltage24": true,
    "Voltage230": false,
    "RatedCurrent": 1,
    "BreakingCurrent": 1,
    "PullingForceMax": 600,
    "PushingForceMax": 600,
    "PullingForceMaxWithNegativeWind": 0,
    "PushingForceMaxWithNegativeWind": 0,
    "PushingForcePermanent": 400,
    "PullingForcePermanent": 600,
    "MinPullingForceMax": 0,
    "MinPushingForceMax": 237.06,
    "MinPullingForcePermanent": 0,
    "MinPushingForcePermanent": 187.97,
    "Price": 374.18,
    "DriveLength": 693,
    "ChainDrive": 793,
    "ChainDrive2": 1546,
    "MaxLengthMainClosingEdge1Drive": 1920,
    "MaxGeometricArea": 1,
    "GeometricalSmokeExhaustion": 0,
    "TotalGlassThickness": 14,
    "Dimensions": 0,
    "DimensionsWxHxD": "693 x 40 x 56",
    "TensileForce": 0,
    "LockingForce": 0,
    "Details_DE": "<ul> <li>Bemessungsspannung: 24 V DC (19 V … 28 V)</li> <li>Abschaltstrom: 1,2 A</li> <li>Bemessungsstrom: 0,9 A</li> <li>Bemessungsaufnahme: 22 W</li> <li>Schutzart: IP 32</li> <li>Zug-/Schubkraft: max. 600 N</li> <li>Umgebungstemperatur: -5°C bis + 60°C</li> <li>Anschlussleitung: Halogenfrei, grau 5 x 0,5mm², ~3m</li> <li>Max. Geschwindigkeit: 13,5 mm/s</li> </ul>",
    "Details_EN": "<ul> <li>Rated voltage: 24 V DC (19 V … 28 V)</li><li>Breaking current: 1.2 A</li><li>Rated current: 0.9 A</li><li>Rated consumption: 22W</li><li>Protection rating: IP 32</li><li>Traction/ thrust: max. 600 N</li><li>Ambient temperature: -5° C to +60° C</li><li>Connecting cable: halogen-free, grey 3 x 0,5mm², ~3m</li><li>Max. speed: 13,5 mm/s</li></ul>",
    "Einsatz": "<ul><li>Anwendung: Lüftung, NRA</li> <li>Integrierte intelligente Regelelektronik</li></ul>",
    "Use": "<ul><li>Application: ventilation, natural smoke ventilation</li> <li>Integrated intelligent control electronics</li> </ul>",
    "Ausstattung": "<ul><li>Zusätzlicher Universal-Steckersatz für Mehrfachbetrieb bis zu 4 Antrieben und 2 Verriegelungsantrieben</li></ul>",
    "Equipment": "<ul><li>Additional universal plug socket for multiplex operation  of up to 4 drives and 2 interlocking drives</li></ul>",
    "Optionen": "<ul><li>Programmierung von Sonderfunktionen</li> <li>Programmierbare Rückmeldung Endlage „AUF“ (max. 24 V, 500 mA)</li> <li>Schüco Kontroller zur automatischen Konfiguration von Synchronlauf und Folgesteuerungen mit Verriegelungsantrieben in Antriebs-Verbundsystemen</li> </ul>",
    "Options": "<ul><li>Programming of special functions</li> <li>Programmable response for “OPEN” end position (max. 24 V, 500 mA)</li> <li>Schüco controller for automatic configuration of synchronous running and sequence control with locking drives in composite drive systems</li> </ul>",
    "IsTwoPce": false,
    "ResultVentWeight": 45,
    "IsLsRsDrive": false,
    "ArticleNumberRs": 0,
    "TwoDrivesSideInstallation50": 0,
    "TwoDrivesSideInstallation60": 0,
    "TwoDrivesSideInstallation70": 0,
    "TwoDrivesSideInstallation80": 0,
    "OpeningSpeedmms": 0,
    "Traction": 600,
    "Thrust": 600,
    "Id": "3cae6110-7870-4645-8094-e12449f27b1f",
    "CreatedOn": "2024-09-26T13:55:26.817Z",
    "CreatedBy": "",
    "ModifiedOn": "2024-09-26T13:55:26.817Z",
    "ModifiedBy": ""
  },
  {
    "Name": "Locking actuator EasyConnect ow",
    "Bezeichnung": "Verriegelungsantrieb EasyConnect ow",
    "ConfigurationId": "00000000-0000-0000-0000-000000000000",
    "Description": "",
    "Application": "",
    "ApplicationFacade": true,
    "ApplicationSkylight": false,
    "Type": 5,
    "OpeningType": 0,
    "BottomHungInward": false,
    "BottomHungOutward": false,
    "SideHungInward": false,
    "SideHungOutward": true,
    "TopHungInward": false,
    "TopHungOutward": true,
    "ProjectedTopHungInward": false,
    "ProjectedTopHungOutward": true,
    "InstallationType": "",
    "ITMainOutFrmMountWBracket": true,
    "ITMainFixOutFrmMount": false,
    "ITMainVentFrmMount": false,
    "ITSideMount50": false,
    "ITSideMount60": false,
    "ITSideMount70": false,
    "ITSideMount80": false,
    "ITSideMount67": false,
    "Feature": "",
    "FeatureOpenClose": true,
    "FeatureLock": false,
    "ArticleNumber": 291589,
    "Stroke": 0,
    "Angle": 0,
    "Voltage": null,
    "Voltage24": true,
    "Voltage230": true,
    "RatedCurrent": 0,
    "BreakingCurrent": 0,
    "PullingForceMax": 0,
    "PushingForceMax": 0,
    "PullingForceMaxWithNegativeWind": 0,
    "PushingForceMaxWithNegativeWind": 0,
    "PushingForcePermanent": 0,
    "PullingForcePermanent": 0,
    "MinPullingForceMax": 0,
    "MinPushingForceMax": 0,
    "MinPullingForcePermanent": 0,
    "MinPushingForcePermanent": 0,
    "Price": 0,
    "DriveLength": 0,
    "ChainDrive": 0,
    "ChainDrive2": 0,
    "MaxLengthMainClosingEdge1Drive": 0,
    "MaxGeometricArea": 0,
    "GeometricalSmokeExhaustion": 0,
    "TotalGlassThickness": 0,
    "Dimensions": 0,
    "DimensionsWxHxD": "375 x 24 x 35",
    "TensileForce": 0,
    "LockingForce": 0,
    "Details_DE": "<ul> <li>Bemessungsspannung: 24 V DC (19 V … 28 V)</li> <li>Abschaltstrom: ~1,0 A</li> <li>Bemessungsstrom: 0,6 A</li> <li>Bemessungsaufnahme: 15 W</li> <li>Schutzart: IP 32</li><li>Zug-/Schubkraft: max. 600 N</li> <li>Umgebungstemperatur: -5°C bis + 60°C</li> <li>Anschlussleitung: Halogenfrei, grau 5 x 0,5mm² , ~5m</li> <li>Laufzeit: ~ 5s</li><li>Hub: ~ 18mm</li> </ul>",
    "Details_EN": "<ul> <li>Rated voltage : 24 V DC (19 V … 28 V</li> <li>Breaking current : ~1,0 A</li> <li>Rated current : 0,6 A</li> <li>Rated consumption : 15 W</li> <li>Protection rating : IP 32</li><li>Traction/ thrust : max. 600 N</li> <li>Ambient temperature: -5°C bis + 60°C</li> <li>Connecting cable: halogen-free, grey 5 x 0,5mm² , ~5m</li> <li>Running time: ~ 5s</li><li>Stroke: ~ 18mm</li> </ul>",
    "Einsatz": "<ul> <li>Anwendung: Lüftung, NRA</li><li>Integrierte intelligente Regelelektronik</li></ul>",
    "Use": "<ul> <li>Application: ventilation, natural smoke ventilation</li> <li>Integrated intelligent control electronics</li></ul>",
    "Ausstattung": "<ul><li>Laufrichtung einstellbar</li><li>Zusätzlicher Universal-Steckersatz</li></ul>",
    "Equipment": "<ul><li>Running direction adjustable</li><li>Additional universal plug socket</li></ul>",
    "Optionen": "<ul> <li>Mitnehmer objekt-/profilspezifisch anpassbar</li></ul>",
    "Options": "<ul> <li>Coupling adapter customizable for project-/profile-specific demands</li></ul>",
    "IsTwoPce": false,
    "ResultVentWeight": 0,
    "IsLsRsDrive": false,
    "ArticleNumberRs": 0,
    "TwoDrivesSideInstallation50": 0,
    "TwoDrivesSideInstallation60": 0,
    "TwoDrivesSideInstallation70": 0,
    "TwoDrivesSideInstallation80": 0,
    "OpeningSpeedmms": 0,
    "Traction": 0,
    "Thrust": 0,
    "Id": "ebe9753c-e5d7-4140-afe0-9f98bf25df99",
    "CreatedOn": "2024-09-26T13:55:26.817Z",
    "CreatedBy": "",
    "ModifiedOn": "2024-09-26T13:55:26.817Z",
    "ModifiedBy": ""
  }
]

13:55:52.087 [main] INFO  com.intuit.karate - Expected RecommDrive: Chain actuator D6 600,Locking actuator EasyConnect ow 
13:55:52.087 [main] INFO  com.intuit.karate - Actual RecommDrive: Chain actuator D6 600, Locking actuator EasyConnect ow 
13:55:52.087 [main] INFO  com.intuit.karate - Normalized Actual RecommDrive: Chain actuator D6 600,Locking actuator EasyConnect ow 
13:55:52.087 [main] INFO  com.intuit.karate - Normalized Expected RecommDrive: Chain actuator D6 600,Locking actuator EasyConnect ow 
13:55:52.088 [main] INFO  com.intuit.karate - All Drive IDs: [
  "3cae6110-7870-4645-8094-e12449f27b1f",
  "ebe9753c-e5d7-4140-afe0-9f98bf25df99"
]
 
13:55:52.088 [main] INFO  com.intuit.karate - First Drive ID: 3cae6110-7870-4645-8094-e12449f27b1f 
13:55:52.090 [main] DEBUG com.intuit.karate - request:
3 > POST https://dev-drivetec-apis.schuecodigitalsolutions.com/api/Drives/DownloadPDFNew/Schuco
3 > Content-Type: application/json; charset=UTF-8
3 > Content-Length: 1194
3 > Host: dev-drivetec-apis.schuecodigitalsolutions.com
3 > Connection: Keep-Alive
3 > User-Agent: Apache-HttpClient/4.5.14 (Java/17.0.12)
3 > Accept-Encoding: gzip,deflate
[{"Id":"configId","Header":"configId","Value":"bcd8478a-cc7d-40d6-afa6-da14986460e8"},{"Id":"driveId","Header":"driveId","Value":"3cae6110-7870-4645-8094-e12449f27b1f"},{"Id":"culture","Header":"culture","Value":"EN-US"},{"Id":"projectId","Header":"projectId","Value":"2afcf090-6588-4022-aa5e-49fca51f940e"},{"Id":"range-of-app","Header":"Range of application","Value":"Façade"},{"Id":"opening-type","Header":"Opening type","Value":"Bottom-hung vent"},{"Id":"opening-direction","Header":"Opening direction","Value":"Inward"},{"Id":"how-calc-weight","Header":"Vent weight","Value":"Weight including glass"},{"Id":"Chain-Length","Header":"Chain- \/ connecting rod handle","Value":"100%"},{"Id":"drive-position","Header":"Drive position","Value":"Side installation"},{"Id":"locking-mechanism","Header":"Locking mechanism","Value":"With"},{"Id":"voltage","Header":"Voltage","Value":"24 V"},{"Id":"drive-type","Header":"Drive type","Value":"Chain drive"},{"Id":"type-installation","Header":"Type of installation","Value":"Pivoting Outer Frame Installation"},{"Id":"calculation-type-for-ventilation-area","Header":"Calculation type for ventilation area","Value":"Method in accordance with ASR 3.6"}]

13:55:53.747 [main] DEBUG com.intuit.karate - response time in milliseconds: 1657
3 < 200
3 < Content-Type: application/json; charset=utf-8
3 < Date: Thu, 05 Dec 2024 08:25:51 GMT
3 < Server: Microsoft-IIS/10.0
3 < X-Powered-By: ASP.NET
3 < Content-Length: 278
3 < Connection: keep-alive
{
  "result": "https://drive-tec-dev.s3.amazonaws.com/AUT_TPJ33518-Chain_actuator_D6_600.pdf?AWSAccessKeyId=AKIAZAWIART4ZFAXXPHK&Expires=1733390751&response-content-disposition=attachment%3B&response-content-type=application%2Fpdf&Signature=gvq4feAdcI1%2BB0yTCimgbuwXT2c%3D"
}

13:55:53.748 [main] INFO  com.intuit.karate - Download URL for first driveId: https://drive-tec-dev.s3.amazonaws.com/AUT_TPJ33518-Chain_actuator_D6_600.pdf?AWSAccessKeyId=AKIAZAWIART4ZFAXXPHK&Expires=1733390751&response-content-disposition=attachment%3B&response-content-type=application%2Fpdf&Signature=gvq4feAdcI1%2BB0yTCimgbuwXT2c%3D 
13:55:53.752 [main] INFO  com.intuit.karate - karate.env system property was: null 
13:55:53.753 [main] INFO  com.intuit.karate - Running test for dataset:  Dataset60 
13:55:53.759 [main] INFO  com.intuit.karate - Using ProjectId:  {
  "result": {
    "projectId": "prjId"
  },
  "projectPayload": {
    "Id": "579816e4-6653-4794-b435-a885f32e28d7",
    "Name": "AUT_TPJ33518",
    "Address": "Hyderabad, Telangana, India",
    "Description": "",
    "CreatedBy": "579816e4-6653-4794-b435-a885f32e28d7",
    "ModifiedBy": "579816e4-6653-4794-b435-a885f32e28d7"
  },
  "uniqueName": "AUT_TPJ33518",
  "responseHeaders": {
    "Content-Type": [
      "application/json; charset=utf-8"
    ],
    "Date": [
      "Thu, 05 Dec 2024 08:22:12 GMT"
    ],
    "Server": [
      "Microsoft-IIS/10.0"
    ],
    "X-Powered-By": [
      "ASP.NET"
    ],
    "transfer-encoding": [
      "chunked"
    ],
    "Connection": [
      "keep-alive"
    ],
    "Set-Cookie": [
    ]
  },
  "responseTime": 841,
  "response": {
    "Name": "AUT_TPJ33518",
    "Description": "",
    "Address": "Hyderabad, Telangana, India",
    "Id": "2afcf090-6588-4022-aa5e-49fca51f940e",
    "CreatedOn": "2024-12-05T08:22:11.998251+00:00",
    "CreatedBy": "579816e4-6653-4794-b435-a885f32e28d7",
    "ModifiedOn": "2024-12-05T08:22:11.9982526+00:00",
    "ModifiedBy": ""
  },
  "responseStatus": 200,
  "prjId": "2afcf090-6588-4022-aa5e-49fca51f940e",
  "projectId": "2afcf090-6588-4022-aa5e-49fca51f940e"
}
 
13:55:53.760 [main] DEBUG com.intuit.karate - request:
1 > POST https://dev-drivetec-apis.schuecodigitalsolutions.com/Configurations
1 > Content-Type: application/json; charset=UTF-8
1 > Content-Length: 1275
1 > Host: dev-drivetec-apis.schuecodigitalsolutions.com
1 > Connection: Keep-Alive
1 > User-Agent: Apache-HttpClient/4.5.14 (Java/17.0.12)
1 > Accept-Encoding: gzip,deflate
{"Id":"00000000-0000-0000-0000-000000000000","ProjectId":"2afcf090-6588-4022-aa5e-49fca51f940e","Name":"Dataset3760","Description":"Dataset3760","CustomTags":"","CreatedBy":"579816e4-6653-4794-b435-a885f32e28d7","ModifiedBy":"579816e4-6653-4794-b435-a885f32e28d7","ApplicationName":1,"System":"","FacadeInclination":0,"OpeningType":1,"OpeningDirection":1,"OpeningWidth":1000,"VentOuterWidth":1230,"VentOuterHeight":1480,"VentWeight":70,"CalculateWeightWithGlass":false,"WeightIncGlassOrThickness":false,"GlassThickness":14,"ProfileWeightPerSerialMeter":2.5,"IsWindowOpeningCalculationByAngle":1,"RequiredOpeningStroke":400,"OpeningAngle":15,"WindLoad":120,"SnowLoad":0,"DrivePosition":2,"InstallationPosition":1,"ChainLengthConnectingRodHandle":5,"LockingMechanism":1,"Voltage":1,"DriveType":1,"TypeOfInstallation":2,"CalculationTypeForVentilation":1,"CalcVentilation":1,"GeometricArea":1,"SpecificExhaustDimension":30,"BuildingDepth":75,"RevealDepth":0,"RevealDepthRectangleAngle1":0,"RevealDepthRectangleAngle2":0,"HeightOfProfile":0,"HeightProfileRectangleAngle1":0,"HeightProfileRectangleAngle2":0,"AkippOrAtilt":0,"AdrehOrAturn":0,"Ageo":0,"MinPullingForceMax":0,"MinPushingForceMax":0,"MinPullingForcePermanent":0,"MinPushingForcePermanent":0,"ForceWithNegativeWind":0}

13:55:54.396 [main] DEBUG com.intuit.karate - response time in milliseconds: 636
1 < 200
1 < Content-Type: application/json; charset=utf-8
1 < Date: Thu, 05 Dec 2024 08:25:51 GMT
1 < Server: Microsoft-IIS/10.0
1 < X-Powered-By: ASP.NET
1 < Content-Length: 2032
1 < Connection: keep-alive
{
  "ProjectId": "2afcf090-6588-4022-aa5e-49fca51f940e",
  "Name": "Dataset3760",
  "Description": "Dataset3760",
  "CustomTags": "",
  "ApplicationName": 1,
  "OpeningType": 1,
  "OpeningDirection": 1,
  "CalculateWeightWithGlass": false,
  "WindLoad": 120,
  "IsWindowOpeningCalculationByAngle": 1,
  "VentOuterWidth": 1230,
  "VentOuterHeight": 1480,
  "WeightIncGlassOrThickness": false,
  "VentWeight": 77,
  "VentWeightExact": 77.26400000000001,
  "GlassThickness": 14,
  "ProfileWeightPerSerialMeter": 2.5,
  "FacadeInclination": 0,
  "ChainLengthConnectingRodHandle": 5,
  "ChainLenghtConnectingRodHandle": 0,
  "RequiredOpeningStroke": 400,
  "OpeningWidth": 1000,
  "OpeningAngle": 15.532868337024489,
  "SpecificExhaustDimension": 30,
  "BuildingDepth": 75,
  "SnowLoad": 0,
  "DistanceHinge": 0,
  "RatedCurrent": 0,
  "DrivePosition": 2,
  "LockingMechanism": 1,
  "Voltage": 1,
  "DriveType": 1,
  "TypeOfInstallation": 2,
  "GeometricArea": 0,
  "CalculationTypeForVentilation": 1,
  "HeightOfProfile": 0,
  "Reveal": 0,
  "RevealDepth": 0,
  "HeightProfileRectangleAngle1": 0,
  "HeightProfileRectangleAngle2": 0,
  "RevealDepthRectangleAngle1": 0,
  "RevealDepthRectangleAngle2": 0,
  "RevealDepthRectangleAngle12": 0,
  "InstallationPosition": 0,
  "RecommendedDriveArticleNo": 0,
  "System": "",
  "AkippOrAtilt": 1.084,
  "AdrehOrAturn": 1.8204,
  "Ageo": 1.084,
  "MinPullingForceMax": -206.4868442161654,
  "MinPushingForceMax": -206.4868442161654,
  "MinPullingForcePermanent": -104.11163259218097,
  "MinPushingForcePermanent": -104.11163259218097,
  "ForceWithNegativeWind": 109.53156767199486,
  "ForceWithNoWindMin": 0.30763693489047433,
  "ForceWithNegativeWindMin": 0,
  "ForceWithWindMin": -108.91629380221393,
  "Id": "3a2d8b0b-d3d8-4d1b-ab2b-5ce313c1525d",
  "CreatedOn": "2024-12-05T08:25:51.9159934+00:00",
  "CreatedBy": "579816e4-6653-4794-b435-a885f32e28d7",
  "ModifiedOn": "2024-12-05T08:25:51.9159943+00:00",
  "ModifiedBy": ""
}

13:55:54.397 [main] INFO  com.intuit.karate - Generated Config ID: 3a2d8b0b-d3d8-4d1b-ab2b-5ce313c1525d 
13:55:54.397 [main] INFO  com.intuit.karate - Generated Name: Dataset3760 
13:55:54.397 [main] INFO  com.intuit.karate - Generated Description: Dataset3760 
13:55:54.400 [main] DEBUG com.intuit.karate - request:
1 > PUT https://dev-drivetec-apis.schuecodigitalsolutions.com/Configurations
1 > Content-Type: application/json; charset=UTF-8
1 > Content-Length: 1275
1 > Host: dev-drivetec-apis.schuecodigitalsolutions.com
1 > Connection: Keep-Alive
1 > User-Agent: Apache-HttpClient/4.5.14 (Java/17.0.12)
1 > Accept-Encoding: gzip,deflate
{"Id":"3a2d8b0b-d3d8-4d1b-ab2b-5ce313c1525d","Name":"Dataset60","Description":"Dataset3760","ProjectId":"2afcf090-6588-4022-aa5e-49fca51f940e","CustomTags":"","CreatedBy":"579816e4-6653-4794-b435-a885f32e28d7","ModifiedBy":"579816e4-6653-4794-b435-a885f32e28d7","System":"","FacadeInclination":25,"OpeningType":2,"OpeningDirection":2,"OpeningWidth":1000,"VentOuterWidth":1000,"VentOuterHeight":1000,"VentWeight":0,"CalculateWeightWithGlass":false,"RequiredOpeningStroke":500,"WindLoad":261,"SnowLoad":0,"IsWindowOpeningCalculationByAngle":1,"GlassThickness":14,"ProfileWeightPerSerialMeter":2.5,"DrivePosition":1,"InstallationPosition":0,"LockingMechanism":1,"Voltage":1,"DriveType":1,"TypeOfInstallation":2,"GeometricArea":0,"CalcVentilation":1,"SpecificExhaustDimension":45,"BuildingDepth":90,"CalculationTypeForVentilation":1,"HeightOfProfile":0,"HeightProfileRectangleAngle1":0,"HeightProfileRectangleAngle2":0,"RevealDepth":0,"RevealDepthRectangleAngle1":0,"RevealDepthRectangleAngle2":0,"ChainLengthConnectingRodHandle":5,"ApplicationName":1,"OpeningAngle":28.8,"WeightIncGlassOrThickness":false,"AkippOrAtilt":0,"AdrehOrAturn":0,"Ageo":0,"MinPullingForceMax":0,"MinPushingForceMax":0,"MinPullingForcePermanent":0,"MinPushingForcePermanent":0,"ForceWithNegativeWind":0}

13:55:55.054 [main] DEBUG com.intuit.karate - response time in milliseconds: 653
1 < 200
1 < Content-Type: application/json; charset=utf-8
1 < Date: Thu, 05 Dec 2024 08:25:52 GMT
1 < Server: Microsoft-IIS/10.0
1 < X-Powered-By: ASP.NET
1 < Content-Length: 2038
1 < Connection: keep-alive
{
  "ProjectId": "2afcf090-6588-4022-aa5e-49fca51f940e",
  "Name": "Dataset60",
  "Description": "Dataset3760",
  "CustomTags": "",
  "ApplicationName": 1,
  "OpeningType": 2,
  "OpeningDirection": 2,
  "CalculateWeightWithGlass": false,
  "WindLoad": 261,
  "IsWindowOpeningCalculationByAngle": 1,
  "VentOuterWidth": 1000,
  "VentOuterHeight": 1000,
  "WeightIncGlassOrThickness": false,
  "VentWeight": 45,
  "VentWeightExact": 45,
  "GlassThickness": 14,
  "ProfileWeightPerSerialMeter": 2.5,
  "FacadeInclination": 25,
  "ChainLengthConnectingRodHandle": 5,
  "ChainLenghtConnectingRodHandle": 0,
  "RequiredOpeningStroke": 500,
  "OpeningWidth": 1000,
  "OpeningAngle": 28.955024371859846,
  "SpecificExhaustDimension": 45,
  "BuildingDepth": 90,
  "SnowLoad": 0,
  "DistanceHinge": 0,
  "RatedCurrent": 0,
  "DrivePosition": 1,
  "LockingMechanism": 1,
  "Voltage": 1,
  "DriveType": 1,
  "TypeOfInstallation": 2,
  "GeometricArea": 0,
  "CalculationTypeForVentilation": 1,
  "HeightOfProfile": 0,
  "Reveal": 0,
  "RevealDepth": 0,
  "HeightProfileRectangleAngle1": 0,
  "HeightProfileRectangleAngle2": 0,
  "RevealDepthRectangleAngle1": 0,
  "RevealDepthRectangleAngle2": 0,
  "RevealDepthRectangleAngle12": 0,
  "InstallationPosition": 0,
  "RecommendedDriveArticleNo": 0,
  "System": "",
  "AkippOrAtilt": 1,
  "AdrehOrAturn": 1,
  "Ageo": 1,
  "MinPullingForceMax": 12.411959719093488,
  "MinPushingForceMax": 150.38346572732894,
  "MinPullingForcePermanent": -94.88156601363566,
  "MinPushingForcePermanent": -94.88156601363566,
  "ForceWithNegativeWind": -202.1750917463648,
  "ForceWithNoWindMin": 16.26384869074936,
  "ForceWithNegativeWindMin": -117.85576834583021,
  "ForceWithWindMin": 12.411959719093488,
  "Id": "3a2d8b0b-d3d8-4d1b-ab2b-5ce313c1525d",
  "CreatedOn": "0001-01-01T00:00:00",
  "CreatedBy": "579816e4-6653-4794-b435-a885f32e28d7",
  "ModifiedOn": "2024-12-05T08:25:52.5671825+00:00",
  "ModifiedBy": "579816e4-6653-4794-b435-a885f32e28d7"
}

13:55:55.055 [main] INFO  com.intuit.karate - VentWeight from API Response: 45 
13:55:55.056 [main] INFO  com.intuit.karate - Rounded Opening Angle: 29.0 
13:55:55.056 [main] INFO  com.intuit.karate - Rounded Ageo: 1.0 
13:55:55.056 [main] INFO  com.intuit.karate - Rounded Required Opening Stroke: 500.0 
13:55:55.057 [main] INFO  com.intuit.karate - Rounded Vent Weight: 45.0 
13:55:55.059 [main] DEBUG com.intuit.karate - request:
2 > GET https://dev-drivetec-apis.schuecodigitalsolutions.com/Config/3a2d8b0b-d3d8-4d1b-ab2b-5ce313c1525d/Drive
2 > Host: dev-drivetec-apis.schuecodigitalsolutions.com
2 > Connection: Keep-Alive
2 > User-Agent: Apache-HttpClient/4.5.14 (Java/17.0.12)
2 > Accept-Encoding: gzip,deflate


13:55:55.720 [main] DEBUG com.intuit.karate - response time in milliseconds: 660
2 < 200
2 < Content-Type: application/json; charset=utf-8
2 < Date: Thu, 05 Dec 2024 08:25:52 GMT
2 < Server: Microsoft-IIS/10.0
2 < X-Powered-By: ASP.NET
2 < Content-Length: 12487
2 < Connection: keep-alive
[
  {
    "Name": "Chain actuator D4 600",
    "Bezeichnung": "Kettenantrieb D4 600",
    "ConfigurationId": "00000000-0000-0000-0000-000000000000",
    "Description": "",
    "Application": "Facade",
    "ApplicationFacade": true,
    "ApplicationSkylight": false,
    "Type": 1,
    "OpeningType": 0,
    "BottomHungInward": true,
    "BottomHungOutward": false,
    "SideHungInward": true,
    "SideHungOutward": false,
    "TopHungInward": false,
    "TopHungOutward": true,
    "ProjectedTopHungInward": false,
    "ProjectedTopHungOutward": false,
    "InstallationType": "",
    "ITMainOutFrmMountWBracket": true,
    "ITMainFixOutFrmMount": true,
    "ITMainVentFrmMount": true,
    "ITSideMount50": false,
    "ITSideMount60": false,
    "ITSideMount70": false,
    "ITSideMount80": false,
    "ITSideMount67": true,
    "Feature": "",
    "FeatureOpenClose": true,
    "FeatureLock": true,
    "ArticleNumber": 291708,
    "Stroke": 600,
    "Angle": 0,
    "Voltage": "24 V DC",
    "Voltage24": true,
    "Voltage230": false,
    "RatedCurrent": 1,
    "BreakingCurrent": 1,
    "PullingForceMax": 400,
    "PushingForceMax": 100,
    "PullingForceMaxWithNegativeWind": 0,
    "PushingForceMaxWithNegativeWind": 0,
    "PushingForcePermanent": 66.67,
    "PullingForcePermanent": 400,
    "MinPullingForceMax": 0,
    "MinPushingForceMax": 150.38,
    "MinPullingForcePermanent": -94.88,
    "MinPushingForcePermanent": 0,
    "Price": 282.19,
    "DriveLength": 665,
    "ChainDrive": 765,
    "ChainDrive2": 1490,
    "MaxLengthMainClosingEdge1Drive": 1850,
    "MaxGeometricArea": 1,
    "GeometricalSmokeExhaustion": 0,
    "TotalGlassThickness": 14,
    "Dimensions": 0,
    "DimensionsWxHxD": "665 x 24 x 35",
    "TensileForce": 0,
    "LockingForce": 0,
    "Details_DE": "<ul><li>Bemessungsspannung: 24 V DC (19 V … 28 V)</li> <li>Abschaltstrom: 1,2 A</li> <li>Bemessungsstrom: 0,9 A</li> <li>Bemessungsaufnahme: 22 W</li> <li>Schutzart: IP 32</li> <li>Zug-/Schubkraft: max. 400 N</li> <li>Umgebungstemperatur: -5°C bis + 60°C</li> <li>Anschlussleitung: Halogenfrei, grau 5 x 0,5mm², ~3m</li> <li>Max. Geschwindigkeit: 13,5 mm/s</li></ul>",
    "Details_EN": "<ul><li>Rated voltage: 24 V DC (19 V … 28 V)</li> <li>Breaking current: 1.2 A</li><li>Rated current: 0.9 A</li><li>Rated consumption: 22 W</li><li>Protection rating: IP 32</li><li>Traction/ thrust: max. 400 N</li><li>Ambient temperature: -5° C to +60° C</li><li>Connecting cable: halogen-free, grey, 5 x 0.5 mm², ~ 3 m</li><li>Max. speed: 13,5 mm/s </li></ul>",
    "Einsatz": "<ul><li>Anwendung: Lüftung, NRA</li> <li>Integrierte intelligente Regelelektronik</li> <li>Rückmeldung Endlage „ZU“ (max. 24 V, 500 mA)</li> </ul>",
    "Use": "<ul><li>Application: ventilation, natural smoke ventilation</li> <li>Integrated intelligent control electronics</li> <li>Response for “CLOSED” end position (max. 24 V, 500 mA)</li> </ul>",
    "Ausstattung": "<ul><li>Zusätzlicher Universal-Steckersatz für Mehrfachbetrieb bis zu 4 Antrieben und 2 Verriegelungsantrieben</li></ul>",
    "Equipment": "<ul><li>Additional universal plug socket for multiplex operation of up to 4 drives and 2 interlocking drives</li></ul>",
    "Optionen": "<ul><li>Programmierung von Sonderfunktionen</li> <li>Programmierbare Rückmeldung Endlage „AUF“ (max. 24 V, 500 mA)</li> <li>Schüco Kontroller zur automatischen Konfiguration von Synchronlauf und Folgesteuerungen mit Verriegelungsantrieben in Antriebs-Verbundsystemen</li> </ul>",
    "Options": "<ul><li>Programming of special functions</li> <li>Programmable response for “OPEN” end position (max. 24 V, 500 mA)</li> <li>Schüco controller for automatic configuration of synchronous running and sequence control with locking drives in composite drive systems</li> </ul>",
    "IsTwoPce": false,
    "ResultVentWeight": 45,
    "IsLsRsDrive": true,
    "ArticleNumberRs": 291707,
    "TwoDrivesSideInstallation50": 0,
    "TwoDrivesSideInstallation60": 0,
    "TwoDrivesSideInstallation70": 0,
    "TwoDrivesSideInstallation80": 0,
    "OpeningSpeedmms": 0,
    "Traction": 400,
    "Thrust": 100,
    "Id": "fcff08f9-981e-47bb-8f19-91cb4dc64404",
    "CreatedOn": "2024-09-26T13:55:26.817Z",
    "CreatedBy": "",
    "ModifiedOn": "2024-09-26T13:55:26.817Z",
    "ModifiedBy": ""
  },
  {
    "Name": "Chain actuator D6 600",
    "Bezeichnung": "Kettenantrieb D6 600",
    "ConfigurationId": "00000000-0000-0000-0000-000000000000",
    "Description": "",
    "Application": "Facade",
    "ApplicationFacade": true,
    "ApplicationSkylight": true,
    "Type": 1,
    "OpeningType": 0,
    "BottomHungInward": true,
    "BottomHungOutward": true,
    "SideHungInward": true,
    "SideHungOutward": true,
    "TopHungInward": false,
    "TopHungOutward": true,
    "ProjectedTopHungInward": false,
    "ProjectedTopHungOutward": true,
    "InstallationType": "",
    "ITMainOutFrmMountWBracket": true,
    "ITMainFixOutFrmMount": false,
    "ITMainVentFrmMount": true,
    "ITSideMount50": false,
    "ITSideMount60": false,
    "ITSideMount70": false,
    "ITSideMount80": false,
    "ITSideMount67": true,
    "Feature": "",
    "FeatureOpenClose": true,
    "FeatureLock": true,
    "ArticleNumber": 291716,
    "Stroke": 600,
    "Angle": 0,
    "Voltage": "24 V DC",
    "Voltage24": true,
    "Voltage230": false,
    "RatedCurrent": 1,
    "BreakingCurrent": 1,
    "PullingForceMax": 600,
    "PushingForceMax": 600,
    "PullingForceMaxWithNegativeWind": 0,
    "PushingForceMaxWithNegativeWind": 0,
    "PushingForcePermanent": 400,
    "PullingForcePermanent": 600,
    "MinPullingForceMax": 0,
    "MinPushingForceMax": 150.38,
    "MinPullingForcePermanent": -94.88,
    "MinPushingForcePermanent": 0,
    "Price": 374.18,
    "DriveLength": 693,
    "ChainDrive": 793,
    "ChainDrive2": 1546,
    "MaxLengthMainClosingEdge1Drive": 1920,
    "MaxGeometricArea": 1,
    "GeometricalSmokeExhaustion": 0,
    "TotalGlassThickness": 14,
    "Dimensions": 0,
    "DimensionsWxHxD": "693 x 40 x 56",
    "TensileForce": 0,
    "LockingForce": 0,
    "Details_DE": "<ul> <li>Bemessungsspannung: 24 V DC (19 V … 28 V)</li> <li>Abschaltstrom: 1,2 A</li> <li>Bemessungsstrom: 0,9 A</li> <li>Bemessungsaufnahme: 22 W</li> <li>Schutzart: IP 32</li> <li>Zug-/Schubkraft: max. 600 N</li> <li>Umgebungstemperatur: -5°C bis + 60°C</li> <li>Anschlussleitung: Halogenfrei, grau 5 x 0,5mm², ~3m</li> <li>Max. Geschwindigkeit: 13,5 mm/s</li> </ul>",
    "Details_EN": "<ul> <li>Rated voltage: 24 V DC (19 V … 28 V)</li><li>Breaking current: 1.2 A</li><li>Rated current: 0.9 A</li><li>Rated consumption: 22W</li><li>Protection rating: IP 32</li><li>Traction/ thrust: max. 600 N</li><li>Ambient temperature: -5° C to +60° C</li><li>Connecting cable: halogen-free, grey 3 x 0,5mm², ~3m</li><li>Max. speed: 13,5 mm/s</li></ul>",
    "Einsatz": "<ul><li>Anwendung: Lüftung, NRA</li> <li>Integrierte intelligente Regelelektronik</li></ul>",
    "Use": "<ul><li>Application: ventilation, natural smoke ventilation</li> <li>Integrated intelligent control electronics</li> </ul>",
    "Ausstattung": "<ul><li>Zusätzlicher Universal-Steckersatz für Mehrfachbetrieb bis zu 4 Antrieben und 2 Verriegelungsantrieben</li></ul>",
    "Equipment": "<ul><li>Additional universal plug socket for multiplex operation  of up to 4 drives and 2 interlocking drives</li></ul>",
    "Optionen": "<ul><li>Programmierung von Sonderfunktionen</li> <li>Programmierbare Rückmeldung Endlage „AUF“ (max. 24 V, 500 mA)</li> <li>Schüco Kontroller zur automatischen Konfiguration von Synchronlauf und Folgesteuerungen mit Verriegelungsantrieben in Antriebs-Verbundsystemen</li> </ul>",
    "Options": "<ul><li>Programming of special functions</li> <li>Programmable response for “OPEN” end position (max. 24 V, 500 mA)</li> <li>Schüco controller for automatic configuration of synchronous running and sequence control with locking drives in composite drive systems</li> </ul>",
    "IsTwoPce": false,
    "ResultVentWeight": 45,
    "IsLsRsDrive": false,
    "ArticleNumberRs": 0,
    "TwoDrivesSideInstallation50": 0,
    "TwoDrivesSideInstallation60": 0,
    "TwoDrivesSideInstallation70": 0,
    "TwoDrivesSideInstallation80": 0,
    "OpeningSpeedmms": 0,
    "Traction": 600,
    "Thrust": 600,
    "Id": "3cae6110-7870-4645-8094-e12449f27b1f",
    "CreatedOn": "2024-09-26T13:55:26.817Z",
    "CreatedBy": "",
    "ModifiedOn": "2024-09-26T13:55:26.817Z",
    "ModifiedBy": ""
  },
  {
    "Name": "Locking actuator EasyConnect ow",
    "Bezeichnung": "Verriegelungsantrieb EasyConnect ow",
    "ConfigurationId": "00000000-0000-0000-0000-000000000000",
    "Description": "",
    "Application": "",
    "ApplicationFacade": true,
    "ApplicationSkylight": false,
    "Type": 5,
    "OpeningType": 0,
    "BottomHungInward": false,
    "BottomHungOutward": false,
    "SideHungInward": false,
    "SideHungOutward": true,
    "TopHungInward": false,
    "TopHungOutward": true,
    "ProjectedTopHungInward": false,
    "ProjectedTopHungOutward": true,
    "InstallationType": "",
    "ITMainOutFrmMountWBracket": true,
    "ITMainFixOutFrmMount": false,
    "ITMainVentFrmMount": false,
    "ITSideMount50": false,
    "ITSideMount60": false,
    "ITSideMount70": false,
    "ITSideMount80": false,
    "ITSideMount67": false,
    "Feature": "",
    "FeatureOpenClose": true,
    "FeatureLock": false,
    "ArticleNumber": 291589,
    "Stroke": 0,
    "Angle": 0,
    "Voltage": null,
    "Voltage24": true,
    "Voltage230": true,
    "RatedCurrent": 0,
    "BreakingCurrent": 0,
    "PullingForceMax": 0,
    "PushingForceMax": 0,
    "PullingForceMaxWithNegativeWind": 0,
    "PushingForceMaxWithNegativeWind": 0,
    "PushingForcePermanent": 0,
    "PullingForcePermanent": 0,
    "MinPullingForceMax": 0,
    "MinPushingForceMax": 0,
    "MinPullingForcePermanent": 0,
    "MinPushingForcePermanent": 0,
    "Price": 0,
    "DriveLength": 0,
    "ChainDrive": 0,
    "ChainDrive2": 0,
    "MaxLengthMainClosingEdge1Drive": 0,
    "MaxGeometricArea": 0,
    "GeometricalSmokeExhaustion": 0,
    "TotalGlassThickness": 0,
    "Dimensions": 0,
    "DimensionsWxHxD": "375 x 24 x 35",
    "TensileForce": 0,
    "LockingForce": 0,
    "Details_DE": "<ul> <li>Bemessungsspannung: 24 V DC (19 V … 28 V)</li> <li>Abschaltstrom: ~1,0 A</li> <li>Bemessungsstrom: 0,6 A</li> <li>Bemessungsaufnahme: 15 W</li> <li>Schutzart: IP 32</li><li>Zug-/Schubkraft: max. 600 N</li> <li>Umgebungstemperatur: -5°C bis + 60°C</li> <li>Anschlussleitung: Halogenfrei, grau 5 x 0,5mm² , ~5m</li> <li>Laufzeit: ~ 5s</li><li>Hub: ~ 18mm</li> </ul>",
    "Details_EN": "<ul> <li>Rated voltage : 24 V DC (19 V … 28 V</li> <li>Breaking current : ~1,0 A</li> <li>Rated current : 0,6 A</li> <li>Rated consumption : 15 W</li> <li>Protection rating : IP 32</li><li>Traction/ thrust : max. 600 N</li> <li>Ambient temperature: -5°C bis + 60°C</li> <li>Connecting cable: halogen-free, grey 5 x 0,5mm² , ~5m</li> <li>Running time: ~ 5s</li><li>Stroke: ~ 18mm</li> </ul>",
    "Einsatz": "<ul> <li>Anwendung: Lüftung, NRA</li><li>Integrierte intelligente Regelelektronik</li></ul>",
    "Use": "<ul> <li>Application: ventilation, natural smoke ventilation</li> <li>Integrated intelligent control electronics</li></ul>",
    "Ausstattung": "<ul><li>Laufrichtung einstellbar</li><li>Zusätzlicher Universal-Steckersatz</li></ul>",
    "Equipment": "<ul><li>Running direction adjustable</li><li>Additional universal plug socket</li></ul>",
    "Optionen": "<ul> <li>Mitnehmer objekt-/profilspezifisch anpassbar</li></ul>",
    "Options": "<ul> <li>Coupling adapter customizable for project-/profile-specific demands</li></ul>",
    "IsTwoPce": false,
    "ResultVentWeight": 0,
    "IsLsRsDrive": false,
    "ArticleNumberRs": 0,
    "TwoDrivesSideInstallation50": 0,
    "TwoDrivesSideInstallation60": 0,
    "TwoDrivesSideInstallation70": 0,
    "TwoDrivesSideInstallation80": 0,
    "OpeningSpeedmms": 0,
    "Traction": 0,
    "Thrust": 0,
    "Id": "ebe9753c-e5d7-4140-afe0-9f98bf25df99",
    "CreatedOn": "2024-09-26T13:55:26.817Z",
    "CreatedBy": "",
    "ModifiedOn": "2024-09-26T13:55:26.817Z",
    "ModifiedBy": ""
  }
]

13:55:55.724 [main] INFO  com.intuit.karate - Expected RecommDrive: Chain actuator D4 600,Chain actuator D6 600,Locking actuator EasyConnect ow 
13:55:55.725 [main] INFO  com.intuit.karate - Actual RecommDrive: Chain actuator D4 600, Chain actuator D6 600, Locking actuator EasyConnect ow 
13:55:55.725 [main] INFO  com.intuit.karate - Normalized Actual RecommDrive: Chain actuator D4 600,Chain actuator D6 600,Locking actuator EasyConnect ow 
13:55:55.725 [main] INFO  com.intuit.karate - Normalized Expected RecommDrive: Chain actuator D4 600,Chain actuator D6 600,Locking actuator EasyConnect ow 
13:55:55.725 [main] INFO  com.intuit.karate - All Drive IDs: [
  "fcff08f9-981e-47bb-8f19-91cb4dc64404",
  "3cae6110-7870-4645-8094-e12449f27b1f",
  "ebe9753c-e5d7-4140-afe0-9f98bf25df99"
]
 
13:55:55.726 [main] INFO  com.intuit.karate - First Drive ID: fcff08f9-981e-47bb-8f19-91cb4dc64404 
13:55:55.727 [main] DEBUG com.intuit.karate - request:
3 > POST https://dev-drivetec-apis.schuecodigitalsolutions.com/api/Drives/DownloadPDFNew/Schuco
3 > Content-Type: application/json; charset=UTF-8
3 > Content-Length: 1194
3 > Host: dev-drivetec-apis.schuecodigitalsolutions.com
3 > Connection: Keep-Alive
3 > User-Agent: Apache-HttpClient/4.5.14 (Java/17.0.12)
3 > Accept-Encoding: gzip,deflate
[{"Id":"configId","Header":"configId","Value":"3a2d8b0b-d3d8-4d1b-ab2b-5ce313c1525d"},{"Id":"driveId","Header":"driveId","Value":"fcff08f9-981e-47bb-8f19-91cb4dc64404"},{"Id":"culture","Header":"culture","Value":"EN-US"},{"Id":"projectId","Header":"projectId","Value":"2afcf090-6588-4022-aa5e-49fca51f940e"},{"Id":"range-of-app","Header":"Range of application","Value":"Façade"},{"Id":"opening-type","Header":"Opening type","Value":"Bottom-hung vent"},{"Id":"opening-direction","Header":"Opening direction","Value":"Inward"},{"Id":"how-calc-weight","Header":"Vent weight","Value":"Weight including glass"},{"Id":"Chain-Length","Header":"Chain- \/ connecting rod handle","Value":"100%"},{"Id":"drive-position","Header":"Drive position","Value":"Side installation"},{"Id":"locking-mechanism","Header":"Locking mechanism","Value":"With"},{"Id":"voltage","Header":"Voltage","Value":"24 V"},{"Id":"drive-type","Header":"Drive type","Value":"Chain drive"},{"Id":"type-installation","Header":"Type of installation","Value":"Pivoting Outer Frame Installation"},{"Id":"calculation-type-for-ventilation-area","Header":"Calculation type for ventilation area","Value":"Method in accordance with ASR 3.6"}]

13:55:57.671 [main] DEBUG com.intuit.karate - response time in milliseconds: 1944
3 < 200
3 < Content-Type: application/json; charset=utf-8
3 < Date: Thu, 05 Dec 2024 08:25:55 GMT
3 < Server: Microsoft-IIS/10.0
3 < X-Powered-By: ASP.NET
3 < Content-Length: 282
3 < Connection: keep-alive
{
  "result": "https://drive-tec-dev.s3.amazonaws.com/AUT_TPJ33518-Chain_actuator_D4_600.pdf?AWSAccessKeyId=AKIAZAWIART4ZFAXXPHK&Expires=1733390755&response-content-disposition=attachment%3B&response-content-type=application%2Fpdf&Signature=554Nf6O%2FrU%2BWEUDaXmr7MNPK%2B5c%3D"
}

13:55:57.672 [main] INFO  com.intuit.karate - Download URL for first driveId: https://drive-tec-dev.s3.amazonaws.com/AUT_TPJ33518-Chain_actuator_D4_600.pdf?AWSAccessKeyId=AKIAZAWIART4ZFAXXPHK&Expires=1733390755&response-content-disposition=attachment%3B&response-content-type=application%2Fpdf&Signature=554Nf6O%2FrU%2BWEUDaXmr7MNPK%2B5c%3D 
13:55:57.676 [main] INFO  com.intuit.karate - karate.env system property was: null 
13:55:57.677 [main] INFO  com.intuit.karate - Running test for dataset:  Dataset61 
13:55:57.680 [main] INFO  com.intuit.karate - Using ProjectId:  {
  "result": {
    "projectId": "prjId"
  },
  "projectPayload": {
    "Id": "579816e4-6653-4794-b435-a885f32e28d7",
    "Name": "AUT_TPJ33518",
    "Address": "Hyderabad, Telangana, India",
    "Description": "",
    "CreatedBy": "579816e4-6653-4794-b435-a885f32e28d7",
    "ModifiedBy": "579816e4-6653-4794-b435-a885f32e28d7"
  },
  "uniqueName": "AUT_TPJ33518",
  "responseHeaders": {
    "Content-Type": [
      "application/json; charset=utf-8"
    ],
    "Date": [
      "Thu, 05 Dec 2024 08:22:12 GMT"
    ],
    "Server": [
      "Microsoft-IIS/10.0"
    ],
    "X-Powered-By": [
      "ASP.NET"
    ],
    "transfer-encoding": [
      "chunked"
    ],
    "Connection": [
      "keep-alive"
    ],
    "Set-Cookie": [
    ]
  },
  "responseTime": 841,
  "response": {
    "Name": "AUT_TPJ33518",
    "Description": "",
    "Address": "Hyderabad, Telangana, India",
    "Id": "2afcf090-6588-4022-aa5e-49fca51f940e",
    "CreatedOn": "2024-12-05T08:22:11.998251+00:00",
    "CreatedBy": "579816e4-6653-4794-b435-a885f32e28d7",
    "ModifiedOn": "2024-12-05T08:22:11.9982526+00:00",
    "ModifiedBy": ""
  },
  "responseStatus": 200,
  "prjId": "2afcf090-6588-4022-aa5e-49fca51f940e",
  "projectId": "2afcf090-6588-4022-aa5e-49fca51f940e"
}
 
13:55:57.683 [main] DEBUG com.intuit.karate - request:
1 > POST https://dev-drivetec-apis.schuecodigitalsolutions.com/Configurations
1 > Content-Type: application/json; charset=UTF-8
1 > Content-Length: 1275
1 > Host: dev-drivetec-apis.schuecodigitalsolutions.com
1 > Connection: Keep-Alive
1 > User-Agent: Apache-HttpClient/4.5.14 (Java/17.0.12)
1 > Accept-Encoding: gzip,deflate
{"Id":"00000000-0000-0000-0000-000000000000","ProjectId":"2afcf090-6588-4022-aa5e-49fca51f940e","Name":"Dataset7682","Description":"Dataset7682","CustomTags":"","CreatedBy":"579816e4-6653-4794-b435-a885f32e28d7","ModifiedBy":"579816e4-6653-4794-b435-a885f32e28d7","ApplicationName":1,"System":"","FacadeInclination":0,"OpeningType":1,"OpeningDirection":1,"OpeningWidth":1000,"VentOuterWidth":1230,"VentOuterHeight":1480,"VentWeight":70,"CalculateWeightWithGlass":false,"WeightIncGlassOrThickness":false,"GlassThickness":14,"ProfileWeightPerSerialMeter":2.5,"IsWindowOpeningCalculationByAngle":1,"RequiredOpeningStroke":400,"OpeningAngle":15,"WindLoad":120,"SnowLoad":0,"DrivePosition":2,"InstallationPosition":1,"ChainLengthConnectingRodHandle":5,"LockingMechanism":1,"Voltage":1,"DriveType":1,"TypeOfInstallation":2,"CalculationTypeForVentilation":1,"CalcVentilation":1,"GeometricArea":1,"SpecificExhaustDimension":30,"BuildingDepth":75,"RevealDepth":0,"RevealDepthRectangleAngle1":0,"RevealDepthRectangleAngle2":0,"HeightOfProfile":0,"HeightProfileRectangleAngle1":0,"HeightProfileRectangleAngle2":0,"AkippOrAtilt":0,"AdrehOrAturn":0,"Ageo":0,"MinPullingForceMax":0,"MinPushingForceMax":0,"MinPullingForcePermanent":0,"MinPushingForcePermanent":0,"ForceWithNegativeWind":0}

13:55:58.382 [main] DEBUG com.intuit.karate - response time in milliseconds: 698
1 < 200
1 < Content-Type: application/json; charset=utf-8
1 < Date: Thu, 05 Dec 2024 08:25:55 GMT
1 < Server: Microsoft-IIS/10.0
1 < X-Powered-By: ASP.NET
1 < Content-Length: 2032
1 < Connection: keep-alive
{
  "ProjectId": "2afcf090-6588-4022-aa5e-49fca51f940e",
  "Name": "Dataset7682",
  "Description": "Dataset7682",
  "CustomTags": "",
  "ApplicationName": 1,
  "OpeningType": 1,
  "OpeningDirection": 1,
  "CalculateWeightWithGlass": false,
  "WindLoad": 120,
  "IsWindowOpeningCalculationByAngle": 1,
  "VentOuterWidth": 1230,
  "VentOuterHeight": 1480,
  "WeightIncGlassOrThickness": false,
  "VentWeight": 77,
  "VentWeightExact": 77.26400000000001,
  "GlassThickness": 14,
  "ProfileWeightPerSerialMeter": 2.5,
  "FacadeInclination": 0,
  "ChainLengthConnectingRodHandle": 5,
  "ChainLenghtConnectingRodHandle": 0,
  "RequiredOpeningStroke": 400,
  "OpeningWidth": 1000,
  "OpeningAngle": 15.532868337024489,
  "SpecificExhaustDimension": 30,
  "BuildingDepth": 75,
  "SnowLoad": 0,
  "DistanceHinge": 0,
  "RatedCurrent": 0,
  "DrivePosition": 2,
  "LockingMechanism": 1,
  "Voltage": 1,
  "DriveType": 1,
  "TypeOfInstallation": 2,
  "GeometricArea": 0,
  "CalculationTypeForVentilation": 1,
  "HeightOfProfile": 0,
  "Reveal": 0,
  "RevealDepth": 0,
  "HeightProfileRectangleAngle1": 0,
  "HeightProfileRectangleAngle2": 0,
  "RevealDepthRectangleAngle1": 0,
  "RevealDepthRectangleAngle2": 0,
  "RevealDepthRectangleAngle12": 0,
  "InstallationPosition": 0,
  "RecommendedDriveArticleNo": 0,
  "System": "",
  "AkippOrAtilt": 1.084,
  "AdrehOrAturn": 1.8204,
  "Ageo": 1.084,
  "MinPullingForceMax": -206.4868442161654,
  "MinPushingForceMax": -206.4868442161654,
  "MinPullingForcePermanent": -104.11163259218097,
  "MinPushingForcePermanent": -104.11163259218097,
  "ForceWithNegativeWind": 109.53156767199486,
  "ForceWithNoWindMin": 0.30763693489047433,
  "ForceWithNegativeWindMin": 0,
  "ForceWithWindMin": -108.91629380221393,
  "Id": "453e1f87-0cbc-410f-bdd5-6182a3fbb403",
  "CreatedOn": "2024-12-05T08:25:55.8516222+00:00",
  "CreatedBy": "579816e4-6653-4794-b435-a885f32e28d7",
  "ModifiedOn": "2024-12-05T08:25:55.8516235+00:00",
  "ModifiedBy": ""
}

13:55:58.384 [main] INFO  com.intuit.karate - Generated Config ID: 453e1f87-0cbc-410f-bdd5-6182a3fbb403 
13:55:58.384 [main] INFO  com.intuit.karate - Generated Name: Dataset7682 
13:55:58.384 [main] INFO  com.intuit.karate - Generated Description: Dataset7682 
13:55:58.388 [main] DEBUG com.intuit.karate - request:
1 > PUT https://dev-drivetec-apis.schuecodigitalsolutions.com/Configurations
1 > Content-Type: application/json; charset=UTF-8
1 > Content-Length: 1275
1 > Host: dev-drivetec-apis.schuecodigitalsolutions.com
1 > Connection: Keep-Alive
1 > User-Agent: Apache-HttpClient/4.5.14 (Java/17.0.12)
1 > Accept-Encoding: gzip,deflate
{"Id":"453e1f87-0cbc-410f-bdd5-6182a3fbb403","Name":"Dataset61","Description":"Dataset7682","ProjectId":"2afcf090-6588-4022-aa5e-49fca51f940e","CustomTags":"","CreatedBy":"579816e4-6653-4794-b435-a885f32e28d7","ModifiedBy":"579816e4-6653-4794-b435-a885f32e28d7","System":"","FacadeInclination":25,"OpeningType":2,"OpeningDirection":2,"OpeningWidth":1000,"VentOuterWidth":1000,"VentOuterHeight":1000,"VentWeight":0,"CalculateWeightWithGlass":false,"RequiredOpeningStroke":500,"WindLoad":260,"SnowLoad":0,"IsWindowOpeningCalculationByAngle":1,"GlassThickness":14,"ProfileWeightPerSerialMeter":2.5,"DrivePosition":1,"InstallationPosition":0,"LockingMechanism":1,"Voltage":1,"DriveType":1,"TypeOfInstallation":2,"GeometricArea":0,"CalcVentilation":1,"SpecificExhaustDimension":45,"BuildingDepth":90,"CalculationTypeForVentilation":1,"HeightOfProfile":0,"HeightProfileRectangleAngle1":0,"HeightProfileRectangleAngle2":0,"RevealDepth":0,"RevealDepthRectangleAngle1":0,"RevealDepthRectangleAngle2":0,"ChainLengthConnectingRodHandle":5,"ApplicationName":1,"OpeningAngle":28.8,"WeightIncGlassOrThickness":false,"AkippOrAtilt":0,"AdrehOrAturn":0,"Ageo":0,"MinPullingForceMax":0,"MinPushingForceMax":0,"MinPullingForcePermanent":0,"MinPushingForcePermanent":0,"ForceWithNegativeWind":0}

13:55:59.027 [main] DEBUG com.intuit.karate - response time in milliseconds: 639
1 < 200
1 < Content-Type: application/json; charset=utf-8
1 < Date: Thu, 05 Dec 2024 08:25:56 GMT
1 < Server: Microsoft-IIS/10.0
1 < X-Powered-By: ASP.NET
1 < Content-Length: 2037
1 < Connection: keep-alive
{
  "ProjectId": "2afcf090-6588-4022-aa5e-49fca51f940e",
  "Name": "Dataset61",
  "Description": "Dataset7682",
  "CustomTags": "",
  "ApplicationName": 1,
  "OpeningType": 2,
  "OpeningDirection": 2,
  "CalculateWeightWithGlass": false,
  "WindLoad": 260,
  "IsWindowOpeningCalculationByAngle": 1,
  "VentOuterWidth": 1000,
  "VentOuterHeight": 1000,
  "WeightIncGlassOrThickness": false,
  "VentWeight": 45,
  "VentWeightExact": 45,
  "GlassThickness": 14,
  "ProfileWeightPerSerialMeter": 2.5,
  "FacadeInclination": 25,
  "ChainLengthConnectingRodHandle": 5,
  "ChainLenghtConnectingRodHandle": 0,
  "RequiredOpeningStroke": 500,
  "OpeningWidth": 1000,
  "OpeningAngle": 28.955024371859846,
  "SpecificExhaustDimension": 45,
  "BuildingDepth": 90,
  "SnowLoad": 0,
  "DistanceHinge": 0,
  "RatedCurrent": 0,
  "DrivePosition": 1,
  "LockingMechanism": 1,
  "Voltage": 1,
  "DriveType": 1,
  "TypeOfInstallation": 2,
  "GeometricArea": 0,
  "CalculationTypeForVentilation": 1,
  "HeightOfProfile": 0,
  "Reveal": 0,
  "RevealDepth": 0,
  "HeightProfileRectangleAngle1": 0,
  "HeightProfileRectangleAngle2": 0,
  "RevealDepthRectangleAngle1": 0,
  "RevealDepthRectangleAngle2": 0,
  "RevealDepthRectangleAngle12": 0,
  "InstallationPosition": 0,
  "RecommendedDriveArticleNo": 0,
  "System": "",
  "AkippOrAtilt": 1,
  "AdrehOrAturn": 1,
  "Ageo": 1,
  "MinPullingForceMax": 12.000873413604111,
  "MinPushingForceMax": 149.869597462821,
  "MinPullingForcePermanent": -94.88156601363566,
  "MinPushingForcePermanent": -94.88156601363566,
  "ForceWithNegativeWind": -201.76400544087545,
  "ForceWithNoWindMin": 16.26384869074936,
  "ForceWithNegativeWindMin": -117.34190008132227,
  "ForceWithWindMin": 12.000873413604111,
  "Id": "453e1f87-0cbc-410f-bdd5-6182a3fbb403",
  "CreatedOn": "0001-01-01T00:00:00",
  "CreatedBy": "579816e4-6653-4794-b435-a885f32e28d7",
  "ModifiedOn": "2024-12-05T08:25:56.5477005+00:00",
  "ModifiedBy": "579816e4-6653-4794-b435-a885f32e28d7"
}

13:55:59.030 [main] INFO  com.intuit.karate - VentWeight from API Response: 45 
13:55:59.031 [main] INFO  com.intuit.karate - Rounded Opening Angle: 29.0 
13:55:59.031 [main] INFO  com.intuit.karate - Rounded Ageo: 1.0 
13:55:59.031 [main] INFO  com.intuit.karate - Rounded Required Opening Stroke: 500.0 
13:55:59.031 [main] INFO  com.intuit.karate - Rounded Vent Weight: 45.0 
13:55:59.033 [main] DEBUG com.intuit.karate - request:
2 > GET https://dev-drivetec-apis.schuecodigitalsolutions.com/Config/453e1f87-0cbc-410f-bdd5-6182a3fbb403/Drive
2 > Host: dev-drivetec-apis.schuecodigitalsolutions.com
2 > Connection: Keep-Alive
2 > User-Agent: Apache-HttpClient/4.5.14 (Java/17.0.12)
2 > Accept-Encoding: gzip,deflate


13:55:59.830 [main] DEBUG com.intuit.karate - response time in milliseconds: 796
2 < 200
2 < Content-Type: application/json; charset=utf-8
2 < Date: Thu, 05 Dec 2024 08:25:56 GMT
2 < Server: Microsoft-IIS/10.0
2 < X-Powered-By: ASP.NET
2 < Content-Length: 16655
2 < Connection: keep-alive
[
  {
    "Name": "Chain actuator D2 L600",
    "Bezeichnung": "Kettenantrieb D2 L600",
    "ConfigurationId": "00000000-0000-0000-0000-000000000000",
    "Description": "",
    "Application": "Facade",
    "ApplicationFacade": true,
    "ApplicationSkylight": false,
    "Type": 1,
    "OpeningType": 0,
    "BottomHungInward": true,
    "BottomHungOutward": false,
    "SideHungInward": true,
    "SideHungOutward": false,
    "TopHungInward": false,
    "TopHungOutward": true,
    "ProjectedTopHungInward": false,
    "ProjectedTopHungOutward": false,
    "InstallationType": "",
    "ITMainOutFrmMountWBracket": true,
    "ITMainFixOutFrmMount": true,
    "ITMainVentFrmMount": true,
    "ITSideMount50": false,
    "ITSideMount60": false,
    "ITSideMount70": false,
    "ITSideMount80": false,
    "ITSideMount67": true,
    "Feature": "",
    "FeatureOpenClose": true,
    "FeatureLock": true,
    "ArticleNumber": 291756,
    "Stroke": 600,
    "Angle": 0,
    "Voltage": "24 V DC",
    "Voltage24": true,
    "Voltage230": false,
    "RatedCurrent": 1,
    "BreakingCurrent": 1,
    "PullingForceMax": 250,
    "PushingForceMax": 100,
    "PullingForceMaxWithNegativeWind": 0,
    "PushingForceMaxWithNegativeWind": 0,
    "PushingForcePermanent": 66.67,
    "PullingForcePermanent": 250,
    "MinPullingForceMax": 0,
    "MinPushingForceMax": 149.87,
    "MinPullingForcePermanent": -94.88,
    "MinPushingForcePermanent": 0,
    "Price": 264.82,
    "DriveLength": 545,
    "ChainDrive": 645,
    "ChainDrive2": 1250,
    "MaxLengthMainClosingEdge1Drive": 1650,
    "MaxGeometricArea": 1,
    "GeometricalSmokeExhaustion": 0,
    "TotalGlassThickness": 14,
    "Dimensions": 0,
    "DimensionsWxHxD": "545 x 26 x 41",
    "TensileForce": 0,
    "LockingForce": 0,
    "Details_DE": "<ul><li>Bemessungsspannung: 24 V DC (19 V … 28 V)</li><li>Abschaltstrom: 1,0 A</li><li>Bemessungsstrom: 0,7 A</li><li>Bemessungsaufnahme: 17 W</li><li>Schutzart: IP 32</li><li>Zug-/Schubkraft: max. 250 N</li><li>Umgebungstemperatur: -5°C bis + 60°C</li><li>Anschlussleitung: Halogenfrei, grau 3 x 0,5 mm², ~3 m</li><li>Max. Geschwindigkeit: 13,5 mm/s</li></ul>",
    "Details_EN": "<ul><li>Rated voltage: 24 V DC (19 V … 28 V)</li><li>Breaking current: 1.0 A</li><li>Rated current: 0.7 A</li><li>Rated consumption: 17 W</li><li>Protection rating: IP 32</li><li>Traction/ thrust: max. 250 N</li><li>Ambient temperature: -5°C bis + 60°C</li><li>Connecting cable: halogen-free, grey 3 x 0.5 mm², ~3 m</li><li>Max. speed: 13.5 mm/s</li></ul>",
    "Einsatz": "<ul> <li>Anwendung: Lüftung, NRA</li> <li>Integrierte intelligente Regelelektronik</li> <li>Rückmeldung Endlage „ZU“ (max. 24 V, 500 mA)</li> </ul>",
    "Use": "<ul> <li>Application: ventilation, natural smoke ventilation</li> <li>Integrated, intelligent control electronics</li> <li>Response for “CLOSED” end position (max. 24 V, 500 mA)</li> </ul>",
    "Ausstattung": null,
    "Equipment": null,
    "Optionen": "<ul> <li>Programmierung von Sonderfunktionen</li> <li>Programmierbare Rückmeldung Endlage „AUF“ (max. 24 V, 500 mA)</li> <li>Schüco Kontroller zur automatischen Konfiguration von Synchronlauf und Folgesteuerungen mit Verriegelungsantrieben in Antriebs-Verbundsystemen</li> </ul>",
    "Options": "<ul> <li>Programming of special functions</li> <li>Programmable response for “OPEN” end position (max. 24 V, 500 mA)</li> <li>Schüco controller for automatic configuration of synchronous running and sequence control with locking drives in composite drive systems</li></ul>",
    "IsTwoPce": false,
    "ResultVentWeight": 45,
    "IsLsRsDrive": true,
    "ArticleNumberRs": 291757,
    "TwoDrivesSideInstallation50": 0,
    "TwoDrivesSideInstallation60": 0,
    "TwoDrivesSideInstallation70": 0,
    "TwoDrivesSideInstallation80": 0,
    "OpeningSpeedmms": 0,
    "Traction": 250,
    "Thrust": 100,
    "Id": "267a3972-757f-4244-ac52-6bc7b30bac9f",
    "CreatedOn": "2024-09-26T13:55:26.817Z",
    "CreatedBy": "",
    "ModifiedOn": "2024-09-26T13:55:26.817Z",
    "ModifiedBy": ""
  },
  {
    "Name": "Chain actuator D4 600",
    "Bezeichnung": "Kettenantrieb D4 600",
    "ConfigurationId": "00000000-0000-0000-0000-000000000000",
    "Description": "",
    "Application": "Facade",
    "ApplicationFacade": true,
    "ApplicationSkylight": false,
    "Type": 1,
    "OpeningType": 0,
    "BottomHungInward": true,
    "BottomHungOutward": false,
    "SideHungInward": true,
    "SideHungOutward": false,
    "TopHungInward": false,
    "TopHungOutward": true,
    "ProjectedTopHungInward": false,
    "ProjectedTopHungOutward": false,
    "InstallationType": "",
    "ITMainOutFrmMountWBracket": true,
    "ITMainFixOutFrmMount": true,
    "ITMainVentFrmMount": true,
    "ITSideMount50": false,
    "ITSideMount60": false,
    "ITSideMount70": false,
    "ITSideMount80": false,
    "ITSideMount67": true,
    "Feature": "",
    "FeatureOpenClose": true,
    "FeatureLock": true,
    "ArticleNumber": 291708,
    "Stroke": 600,
    "Angle": 0,
    "Voltage": "24 V DC",
    "Voltage24": true,
    "Voltage230": false,
    "RatedCurrent": 1,
    "BreakingCurrent": 1,
    "PullingForceMax": 400,
    "PushingForceMax": 100,
    "PullingForceMaxWithNegativeWind": 0,
    "PushingForceMaxWithNegativeWind": 0,
    "PushingForcePermanent": 66.67,
    "PullingForcePermanent": 400,
    "MinPullingForceMax": 0,
    "MinPushingForceMax": 149.87,
    "MinPullingForcePermanent": -94.88,
    "MinPushingForcePermanent": 0,
    "Price": 282.19,
    "DriveLength": 665,
    "ChainDrive": 765,
    "ChainDrive2": 1490,
    "MaxLengthMainClosingEdge1Drive": 1850,
    "MaxGeometricArea": 1,
    "GeometricalSmokeExhaustion": 0,
    "TotalGlassThickness": 14,
    "Dimensions": 0,
    "DimensionsWxHxD": "665 x 24 x 35",
    "TensileForce": 0,
    "LockingForce": 0,
    "Details_DE": "<ul><li>Bemessungsspannung: 24 V DC (19 V … 28 V)</li> <li>Abschaltstrom: 1,2 A</li> <li>Bemessungsstrom: 0,9 A</li> <li>Bemessungsaufnahme: 22 W</li> <li>Schutzart: IP 32</li> <li>Zug-/Schubkraft: max. 400 N</li> <li>Umgebungstemperatur: -5°C bis + 60°C</li> <li>Anschlussleitung: Halogenfrei, grau 5 x 0,5mm², ~3m</li> <li>Max. Geschwindigkeit: 13,5 mm/s</li></ul>",
    "Details_EN": "<ul><li>Rated voltage: 24 V DC (19 V … 28 V)</li> <li>Breaking current: 1.2 A</li><li>Rated current: 0.9 A</li><li>Rated consumption: 22 W</li><li>Protection rating: IP 32</li><li>Traction/ thrust: max. 400 N</li><li>Ambient temperature: -5° C to +60° C</li><li>Connecting cable: halogen-free, grey, 5 x 0.5 mm², ~ 3 m</li><li>Max. speed: 13,5 mm/s </li></ul>",
    "Einsatz": "<ul><li>Anwendung: Lüftung, NRA</li> <li>Integrierte intelligente Regelelektronik</li> <li>Rückmeldung Endlage „ZU“ (max. 24 V, 500 mA)</li> </ul>",
    "Use": "<ul><li>Application: ventilation, natural smoke ventilation</li> <li>Integrated intelligent control electronics</li> <li>Response for “CLOSED” end position (max. 24 V, 500 mA)</li> </ul>",
    "Ausstattung": "<ul><li>Zusätzlicher Universal-Steckersatz für Mehrfachbetrieb bis zu 4 Antrieben und 2 Verriegelungsantrieben</li></ul>",
    "Equipment": "<ul><li>Additional universal plug socket for multiplex operation of up to 4 drives and 2 interlocking drives</li></ul>",
    "Optionen": "<ul><li>Programmierung von Sonderfunktionen</li> <li>Programmierbare Rückmeldung Endlage „AUF“ (max. 24 V, 500 mA)</li> <li>Schüco Kontroller zur automatischen Konfiguration von Synchronlauf und Folgesteuerungen mit Verriegelungsantrieben in Antriebs-Verbundsystemen</li> </ul>",
    "Options": "<ul><li>Programming of special functions</li> <li>Programmable response for “OPEN” end position (max. 24 V, 500 mA)</li> <li>Schüco controller for automatic configuration of synchronous running and sequence control with locking drives in composite drive systems</li> </ul>",
    "IsTwoPce": false,
    "ResultVentWeight": 45,
    "IsLsRsDrive": true,
    "ArticleNumberRs": 291707,
    "TwoDrivesSideInstallation50": 0,
    "TwoDrivesSideInstallation60": 0,
    "TwoDrivesSideInstallation70": 0,
    "TwoDrivesSideInstallation80": 0,
    "OpeningSpeedmms": 0,
    "Traction": 400,
    "Thrust": 100,
    "Id": "fcff08f9-981e-47bb-8f19-91cb4dc64404",
    "CreatedOn": "2024-09-26T13:55:26.817Z",
    "CreatedBy": "",
    "ModifiedOn": "2024-09-26T13:55:26.817Z",
    "ModifiedBy": ""
  },
  {
    "Name": "Chain actuator D6 600",
    "Bezeichnung": "Kettenantrieb D6 600",
    "ConfigurationId": "00000000-0000-0000-0000-000000000000",
    "Description": "",
    "Application": "Facade",
    "ApplicationFacade": true,
    "ApplicationSkylight": true,
    "Type": 1,
    "OpeningType": 0,
    "BottomHungInward": true,
    "BottomHungOutward": true,
    "SideHungInward": true,
    "SideHungOutward": true,
    "TopHungInward": false,
    "TopHungOutward": true,
    "ProjectedTopHungInward": false,
    "ProjectedTopHungOutward": true,
    "InstallationType": "",
    "ITMainOutFrmMountWBracket": true,
    "ITMainFixOutFrmMount": false,
    "ITMainVentFrmMount": true,
    "ITSideMount50": false,
    "ITSideMount60": false,
    "ITSideMount70": false,
    "ITSideMount80": false,
    "ITSideMount67": true,
    "Feature": "",
    "FeatureOpenClose": true,
    "FeatureLock": true,
    "ArticleNumber": 291716,
    "Stroke": 600,
    "Angle": 0,
    "Voltage": "24 V DC",
    "Voltage24": true,
    "Voltage230": false,
    "RatedCurrent": 1,
    "BreakingCurrent": 1,
    "PullingForceMax": 600,
    "PushingForceMax": 600,
    "PullingForceMaxWithNegativeWind": 0,
    "PushingForceMaxWithNegativeWind": 0,
    "PushingForcePermanent": 400,
    "PullingForcePermanent": 600,
    "MinPullingForceMax": 0,
    "MinPushingForceMax": 149.87,
    "MinPullingForcePermanent": -94.88,
    "MinPushingForcePermanent": 0,
    "Price": 374.18,
    "DriveLength": 693,
    "ChainDrive": 793,
    "ChainDrive2": 1546,
    "MaxLengthMainClosingEdge1Drive": 1920,
    "MaxGeometricArea": 1,
    "GeometricalSmokeExhaustion": 0,
    "TotalGlassThickness": 14,
    "Dimensions": 0,
    "DimensionsWxHxD": "693 x 40 x 56",
    "TensileForce": 0,
    "LockingForce": 0,
    "Details_DE": "<ul> <li>Bemessungsspannung: 24 V DC (19 V … 28 V)</li> <li>Abschaltstrom: 1,2 A</li> <li>Bemessungsstrom: 0,9 A</li> <li>Bemessungsaufnahme: 22 W</li> <li>Schutzart: IP 32</li> <li>Zug-/Schubkraft: max. 600 N</li> <li>Umgebungstemperatur: -5°C bis + 60°C</li> <li>Anschlussleitung: Halogenfrei, grau 5 x 0,5mm², ~3m</li> <li>Max. Geschwindigkeit: 13,5 mm/s</li> </ul>",
    "Details_EN": "<ul> <li>Rated voltage: 24 V DC (19 V … 28 V)</li><li>Breaking current: 1.2 A</li><li>Rated current: 0.9 A</li><li>Rated consumption: 22W</li><li>Protection rating: IP 32</li><li>Traction/ thrust: max. 600 N</li><li>Ambient temperature: -5° C to +60° C</li><li>Connecting cable: halogen-free, grey 3 x 0,5mm², ~3m</li><li>Max. speed: 13,5 mm/s</li></ul>",
    "Einsatz": "<ul><li>Anwendung: Lüftung, NRA</li> <li>Integrierte intelligente Regelelektronik</li></ul>",
    "Use": "<ul><li>Application: ventilation, natural smoke ventilation</li> <li>Integrated intelligent control electronics</li> </ul>",
    "Ausstattung": "<ul><li>Zusätzlicher Universal-Steckersatz für Mehrfachbetrieb bis zu 4 Antrieben und 2 Verriegelungsantrieben</li></ul>",
    "Equipment": "<ul><li>Additional universal plug socket for multiplex operation  of up to 4 drives and 2 interlocking drives</li></ul>",
    "Optionen": "<ul><li>Programmierung von Sonderfunktionen</li> <li>Programmierbare Rückmeldung Endlage „AUF“ (max. 24 V, 500 mA)</li> <li>Schüco Kontroller zur automatischen Konfiguration von Synchronlauf und Folgesteuerungen mit Verriegelungsantrieben in Antriebs-Verbundsystemen</li> </ul>",
    "Options": "<ul><li>Programming of special functions</li> <li>Programmable response for “OPEN” end position (max. 24 V, 500 mA)</li> <li>Schüco controller for automatic configuration of synchronous running and sequence control with locking drives in composite drive systems</li> </ul>",
    "IsTwoPce": false,
    "ResultVentWeight": 45,
    "IsLsRsDrive": false,
    "ArticleNumberRs": 0,
    "TwoDrivesSideInstallation50": 0,
    "TwoDrivesSideInstallation60": 0,
    "TwoDrivesSideInstallation70": 0,
    "TwoDrivesSideInstallation80": 0,
    "OpeningSpeedmms": 0,
    "Traction": 600,
    "Thrust": 600,
    "Id": "3cae6110-7870-4645-8094-e12449f27b1f",
    "CreatedOn": "2024-09-26T13:55:26.817Z",
    "CreatedBy": "",
    "ModifiedOn": "2024-09-26T13:55:26.817Z",
    "ModifiedBy": ""
  },
  {
    "Name": "Locking actuator EasyConnect ow",
    "Bezeichnung": "Verriegelungsantrieb EasyConnect ow",
    "ConfigurationId": "00000000-0000-0000-0000-000000000000",
    "Description": "",
    "Application": "",
    "ApplicationFacade": true,
    "ApplicationSkylight": false,
    "Type": 5,
    "OpeningType": 0,
    "BottomHungInward": false,
    "BottomHungOutward": false,
    "SideHungInward": false,
    "SideHungOutward": true,
    "TopHungInward": false,
    "TopHungOutward": true,
    "ProjectedTopHungInward": false,
    "ProjectedTopHungOutward": true,
    "InstallationType": "",
    "ITMainOutFrmMountWBracket": true,
    "ITMainFixOutFrmMount": false,
    "ITMainVentFrmMount": false,
    "ITSideMount50": false,
    "ITSideMount60": false,
    "ITSideMount70": false,
    "ITSideMount80": false,
    "ITSideMount67": false,
    "Feature": "",
    "FeatureOpenClose": true,
    "FeatureLock": false,
    "ArticleNumber": 291589,
    "Stroke": 0,
    "Angle": 0,
    "Voltage": null,
    "Voltage24": true,
    "Voltage230": true,
    "RatedCurrent": 0,
    "BreakingCurrent": 0,
    "PullingForceMax": 0,
    "PushingForceMax": 0,
    "PullingForceMaxWithNegativeWind": 0,
    "PushingForceMaxWithNegativeWind": 0,
    "PushingForcePermanent": 0,
    "PullingForcePermanent": 0,
    "MinPullingForceMax": 0,
    "MinPushingForceMax": 0,
    "MinPullingForcePermanent": 0,
    "MinPushingForcePermanent": 0,
    "Price": 0,
    "DriveLength": 0,
    "ChainDrive": 0,
    "ChainDrive2": 0,
    "MaxLengthMainClosingEdge1Drive": 0,
    "MaxGeometricArea": 0,
    "GeometricalSmokeExhaustion": 0,
    "TotalGlassThickness": 0,
    "Dimensions": 0,
    "DimensionsWxHxD": "375 x 24 x 35",
    "TensileForce": 0,
    "LockingForce": 0,
    "Details_DE": "<ul> <li>Bemessungsspannung: 24 V DC (19 V … 28 V)</li> <li>Abschaltstrom: ~1,0 A</li> <li>Bemessungsstrom: 0,6 A</li> <li>Bemessungsaufnahme: 15 W</li> <li>Schutzart: IP 32</li><li>Zug-/Schubkraft: max. 600 N</li> <li>Umgebungstemperatur: -5°C bis + 60°C</li> <li>Anschlussleitung: Halogenfrei, grau 5 x 0,5mm² , ~5m</li> <li>Laufzeit: ~ 5s</li><li>Hub: ~ 18mm</li> </ul>",
    "Details_EN": "<ul> <li>Rated voltage : 24 V DC (19 V … 28 V</li> <li>Breaking current : ~1,0 A</li> <li>Rated current : 0,6 A</li> <li>Rated consumption : 15 W</li> <li>Protection rating : IP 32</li><li>Traction/ thrust : max. 600 N</li> <li>Ambient temperature: -5°C bis + 60°C</li> <li>Connecting cable: halogen-free, grey 5 x 0,5mm² , ~5m</li> <li>Running time: ~ 5s</li><li>Stroke: ~ 18mm</li> </ul>",
    "Einsatz": "<ul> <li>Anwendung: Lüftung, NRA</li><li>Integrierte intelligente Regelelektronik</li></ul>",
    "Use": "<ul> <li>Application: ventilation, natural smoke ventilation</li> <li>Integrated intelligent control electronics</li></ul>",
    "Ausstattung": "<ul><li>Laufrichtung einstellbar</li><li>Zusätzlicher Universal-Steckersatz</li></ul>",
    "Equipment": "<ul><li>Running direction adjustable</li><li>Additional universal plug socket</li></ul>",
    "Optionen": "<ul> <li>Mitnehmer objekt-/profilspezifisch anpassbar</li></ul>",
    "Options": "<ul> <li>Coupling adapter customizable for project-/profile-specific demands</li></ul>",
    "IsTwoPce": false,
    "ResultVentWeight": 0,
    "IsLsRsDrive": false,
    "ArticleNumberRs": 0,
    "TwoDrivesSideInstallation50": 0,
    "TwoDrivesSideInstallation60": 0,
    "TwoDrivesSideInstallation70": 0,
    "TwoDrivesSideInstallation80": 0,
    "OpeningSpeedmms": 0,
    "Traction": 0,
    "Thrust": 0,
    "Id": "ebe9753c-e5d7-4140-afe0-9f98bf25df99",
    "CreatedOn": "2024-09-26T13:55:26.817Z",
    "CreatedBy": "",
    "ModifiedOn": "2024-09-26T13:55:26.817Z",
    "ModifiedBy": ""
  }
]

13:55:59.835 [main] INFO  com.intuit.karate - Expected RecommDrive: Chain actuator D2 L600,Chain actuator D4 600,Chain actuator D6 600,Locking actuator EasyConnect ow 
13:55:59.835 [main] INFO  com.intuit.karate - Actual RecommDrive: Chain actuator D2 L600, Chain actuator D4 600, Chain actuator D6 600, Locking actuator EasyConnect ow 
13:55:59.835 [main] INFO  com.intuit.karate - Normalized Actual RecommDrive: Chain actuator D2 L600,Chain actuator D4 600,Chain actuator D6 600,Locking actuator EasyConnect ow 
13:55:59.835 [main] INFO  com.intuit.karate - Normalized Expected RecommDrive: Chain actuator D2 L600,Chain actuator D4 600,Chain actuator D6 600,Locking actuator EasyConnect ow 
13:55:59.836 [main] INFO  com.intuit.karate - All Drive IDs: [
  "267a3972-757f-4244-ac52-6bc7b30bac9f",
  "fcff08f9-981e-47bb-8f19-91cb4dc64404",
  "3cae6110-7870-4645-8094-e12449f27b1f",
  "ebe9753c-e5d7-4140-afe0-9f98bf25df99"
]
 
13:55:59.836 [main] INFO  com.intuit.karate - First Drive ID: 267a3972-757f-4244-ac52-6bc7b30bac9f 
13:55:59.838 [main] DEBUG com.intuit.karate - request:
3 > POST https://dev-drivetec-apis.schuecodigitalsolutions.com/api/Drives/DownloadPDFNew/Schuco
3 > Content-Type: application/json; charset=UTF-8
3 > Content-Length: 1194
3 > Host: dev-drivetec-apis.schuecodigitalsolutions.com
3 > Connection: Keep-Alive
3 > User-Agent: Apache-HttpClient/4.5.14 (Java/17.0.12)
3 > Accept-Encoding: gzip,deflate
[{"Id":"configId","Header":"configId","Value":"453e1f87-0cbc-410f-bdd5-6182a3fbb403"},{"Id":"driveId","Header":"driveId","Value":"267a3972-757f-4244-ac52-6bc7b30bac9f"},{"Id":"culture","Header":"culture","Value":"EN-US"},{"Id":"projectId","Header":"projectId","Value":"2afcf090-6588-4022-aa5e-49fca51f940e"},{"Id":"range-of-app","Header":"Range of application","Value":"Façade"},{"Id":"opening-type","Header":"Opening type","Value":"Bottom-hung vent"},{"Id":"opening-direction","Header":"Opening direction","Value":"Inward"},{"Id":"how-calc-weight","Header":"Vent weight","Value":"Weight including glass"},{"Id":"Chain-Length","Header":"Chain- \/ connecting rod handle","Value":"100%"},{"Id":"drive-position","Header":"Drive position","Value":"Side installation"},{"Id":"locking-mechanism","Header":"Locking mechanism","Value":"With"},{"Id":"voltage","Header":"Voltage","Value":"24 V"},{"Id":"drive-type","Header":"Drive type","Value":"Chain drive"},{"Id":"type-installation","Header":"Type of installation","Value":"Pivoting Outer Frame Installation"},{"Id":"calculation-type-for-ventilation-area","Header":"Calculation type for ventilation area","Value":"Method in accordance with ASR 3.6"}]

13:56:01.856 [main] DEBUG com.intuit.karate - response time in milliseconds: 2018
3 < 200
3 < Content-Type: application/json; charset=utf-8
3 < Date: Thu, 05 Dec 2024 08:25:59 GMT
3 < Server: Microsoft-IIS/10.0
3 < X-Powered-By: ASP.NET
3 < Content-Length: 277
3 < Connection: keep-alive
{
  "result": "https://drive-tec-dev.s3.amazonaws.com/AUT_TPJ33518-Chain_actuator_D2_L600.pdf?AWSAccessKeyId=AKIAZAWIART4ZFAXXPHK&Expires=1733390759&response-content-disposition=attachment%3B&response-content-type=application%2Fpdf&Signature=urvyWjJoJrzXI2iBJ2leNTUphAE%3D"
}

13:56:01.856 [main] INFO  com.intuit.karate - Download URL for first driveId: https://drive-tec-dev.s3.amazonaws.com/AUT_TPJ33518-Chain_actuator_D2_L600.pdf?AWSAccessKeyId=AKIAZAWIART4ZFAXXPHK&Expires=1733390759&response-content-disposition=attachment%3B&response-content-type=application%2Fpdf&Signature=urvyWjJoJrzXI2iBJ2leNTUphAE%3D 
13:56:01.858 [main] INFO  com.intuit.karate - karate.env system property was: null 
13:56:01.859 [main] INFO  com.intuit.karate - Running test for dataset:  Dataset62 
13:56:01.862 [main] INFO  com.intuit.karate - Using ProjectId:  {
  "result": {
    "projectId": "prjId"
  },
  "projectPayload": {
    "Id": "579816e4-6653-4794-b435-a885f32e28d7",
    "Name": "AUT_TPJ33518",
    "Address": "Hyderabad, Telangana, India",
    "Description": "",
    "CreatedBy": "579816e4-6653-4794-b435-a885f32e28d7",
    "ModifiedBy": "579816e4-6653-4794-b435-a885f32e28d7"
  },
  "uniqueName": "AUT_TPJ33518",
  "responseHeaders": {
    "Content-Type": [
      "application/json; charset=utf-8"
    ],
    "Date": [
      "Thu, 05 Dec 2024 08:22:12 GMT"
    ],
    "Server": [
      "Microsoft-IIS/10.0"
    ],
    "X-Powered-By": [
      "ASP.NET"
    ],
    "transfer-encoding": [
      "chunked"
    ],
    "Connection": [
      "keep-alive"
    ],
    "Set-Cookie": [
    ]
  },
  "responseTime": 841,
  "response": {
    "Name": "AUT_TPJ33518",
    "Description": "",
    "Address": "Hyderabad, Telangana, India",
    "Id": "2afcf090-6588-4022-aa5e-49fca51f940e",
    "CreatedOn": "2024-12-05T08:22:11.998251+00:00",
    "CreatedBy": "579816e4-6653-4794-b435-a885f32e28d7",
    "ModifiedOn": "2024-12-05T08:22:11.9982526+00:00",
    "ModifiedBy": ""
  },
  "responseStatus": 200,
  "prjId": "2afcf090-6588-4022-aa5e-49fca51f940e",
  "projectId": "2afcf090-6588-4022-aa5e-49fca51f940e"
}
 
13:56:01.863 [main] DEBUG com.intuit.karate - request:
1 > POST https://dev-drivetec-apis.schuecodigitalsolutions.com/Configurations
1 > Content-Type: application/json; charset=UTF-8
1 > Content-Length: 1275
1 > Host: dev-drivetec-apis.schuecodigitalsolutions.com
1 > Connection: Keep-Alive
1 > User-Agent: Apache-HttpClient/4.5.14 (Java/17.0.12)
1 > Accept-Encoding: gzip,deflate
{"Id":"00000000-0000-0000-0000-000000000000","ProjectId":"2afcf090-6588-4022-aa5e-49fca51f940e","Name":"Dataset1864","Description":"Dataset1864","CustomTags":"","CreatedBy":"579816e4-6653-4794-b435-a885f32e28d7","ModifiedBy":"579816e4-6653-4794-b435-a885f32e28d7","ApplicationName":1,"System":"","FacadeInclination":0,"OpeningType":1,"OpeningDirection":1,"OpeningWidth":1000,"VentOuterWidth":1230,"VentOuterHeight":1480,"VentWeight":70,"CalculateWeightWithGlass":false,"WeightIncGlassOrThickness":false,"GlassThickness":14,"ProfileWeightPerSerialMeter":2.5,"IsWindowOpeningCalculationByAngle":1,"RequiredOpeningStroke":400,"OpeningAngle":15,"WindLoad":120,"SnowLoad":0,"DrivePosition":2,"InstallationPosition":1,"ChainLengthConnectingRodHandle":5,"LockingMechanism":1,"Voltage":1,"DriveType":1,"TypeOfInstallation":2,"CalculationTypeForVentilation":1,"CalcVentilation":1,"GeometricArea":1,"SpecificExhaustDimension":30,"BuildingDepth":75,"RevealDepth":0,"RevealDepthRectangleAngle1":0,"RevealDepthRectangleAngle2":0,"HeightOfProfile":0,"HeightProfileRectangleAngle1":0,"HeightProfileRectangleAngle2":0,"AkippOrAtilt":0,"AdrehOrAturn":0,"Ageo":0,"MinPullingForceMax":0,"MinPushingForceMax":0,"MinPullingForcePermanent":0,"MinPushingForcePermanent":0,"ForceWithNegativeWind":0}

13:56:02.662 [main] DEBUG com.intuit.karate - response time in milliseconds: 796
1 < 200
1 < Content-Type: application/json; charset=utf-8
1 < Date: Thu, 05 Dec 2024 08:25:59 GMT
1 < Server: Microsoft-IIS/10.0
1 < X-Powered-By: ASP.NET
1 < Content-Length: 2031
1 < Connection: keep-alive
{
  "ProjectId": "2afcf090-6588-4022-aa5e-49fca51f940e",
  "Name": "Dataset1864",
  "Description": "Dataset1864",
  "CustomTags": "",
  "ApplicationName": 1,
  "OpeningType": 1,
  "OpeningDirection": 1,
  "CalculateWeightWithGlass": false,
  "WindLoad": 120,
  "IsWindowOpeningCalculationByAngle": 1,
  "VentOuterWidth": 1230,
  "VentOuterHeight": 1480,
  "WeightIncGlassOrThickness": false,
  "VentWeight": 77,
  "VentWeightExact": 77.26400000000001,
  "GlassThickness": 14,
  "ProfileWeightPerSerialMeter": 2.5,
  "FacadeInclination": 0,
  "ChainLengthConnectingRodHandle": 5,
  "ChainLenghtConnectingRodHandle": 0,
  "RequiredOpeningStroke": 400,
  "OpeningWidth": 1000,
  "OpeningAngle": 15.532868337024489,
  "SpecificExhaustDimension": 30,
  "BuildingDepth": 75,
  "SnowLoad": 0,
  "DistanceHinge": 0,
  "RatedCurrent": 0,
  "DrivePosition": 2,
  "LockingMechanism": 1,
  "Voltage": 1,
  "DriveType": 1,
  "TypeOfInstallation": 2,
  "GeometricArea": 0,
  "CalculationTypeForVentilation": 1,
  "HeightOfProfile": 0,
  "Reveal": 0,
  "RevealDepth": 0,
  "HeightProfileRectangleAngle1": 0,
  "HeightProfileRectangleAngle2": 0,
  "RevealDepthRectangleAngle1": 0,
  "RevealDepthRectangleAngle2": 0,
  "RevealDepthRectangleAngle12": 0,
  "InstallationPosition": 0,
  "RecommendedDriveArticleNo": 0,
  "System": "",
  "AkippOrAtilt": 1.084,
  "AdrehOrAturn": 1.8204,
  "Ageo": 1.084,
  "MinPullingForceMax": -206.4868442161654,
  "MinPushingForceMax": -206.4868442161654,
  "MinPullingForcePermanent": -104.11163259218097,
  "MinPushingForcePermanent": -104.11163259218097,
  "ForceWithNegativeWind": 109.53156767199486,
  "ForceWithNoWindMin": 0.30763693489047433,
  "ForceWithNegativeWindMin": 0,
  "ForceWithWindMin": -108.91629380221393,
  "Id": "37ec2f79-98d2-4a9e-b9bc-993f4de09f9e",
  "CreatedOn": "2024-12-05T08:26:00.065226+00:00",
  "CreatedBy": "579816e4-6653-4794-b435-a885f32e28d7",
  "ModifiedOn": "2024-12-05T08:26:00.0652274+00:00",
  "ModifiedBy": ""
}

13:56:02.663 [main] INFO  com.intuit.karate - Generated Config ID: 37ec2f79-98d2-4a9e-b9bc-993f4de09f9e 
13:56:02.663 [main] INFO  com.intuit.karate - Generated Name: Dataset1864 
13:56:02.663 [main] INFO  com.intuit.karate - Generated Description: Dataset1864 
13:56:02.667 [main] DEBUG com.intuit.karate - request:
1 > PUT https://dev-drivetec-apis.schuecodigitalsolutions.com/Configurations
1 > Content-Type: application/json; charset=UTF-8
1 > Content-Length: 1271
1 > Host: dev-drivetec-apis.schuecodigitalsolutions.com
1 > Connection: Keep-Alive
1 > User-Agent: Apache-HttpClient/4.5.14 (Java/17.0.12)
1 > Accept-Encoding: gzip,deflate
{"Id":"37ec2f79-98d2-4a9e-b9bc-993f4de09f9e","Name":"Dataset62","Description":"Dataset1864","ProjectId":"2afcf090-6588-4022-aa5e-49fca51f940e","CustomTags":"","CreatedBy":"579816e4-6653-4794-b435-a885f32e28d7","ModifiedBy":"579816e4-6653-4794-b435-a885f32e28d7","System":"","FacadeInclination":0,"OpeningType":1,"OpeningDirection":1,"OpeningWidth":1000,"VentOuterWidth":2000,"VentOuterHeight":800,"VentWeight":70,"CalculateWeightWithGlass":false,"RequiredOpeningStroke":800,"WindLoad":123,"SnowLoad":0,"IsWindowOpeningCalculationByAngle":1,"GlassThickness":0,"ProfileWeightPerSerialMeter":0,"DrivePosition":1,"InstallationPosition":0,"LockingMechanism":1,"Voltage":1,"DriveType":1,"TypeOfInstallation":2,"GeometricArea":0,"CalcVentilation":1,"SpecificExhaustDimension":45,"BuildingDepth":90,"CalculationTypeForVentilation":1,"HeightOfProfile":0,"HeightProfileRectangleAngle1":0,"HeightProfileRectangleAngle2":0,"RevealDepth":0,"RevealDepthRectangleAngle1":0,"RevealDepthRectangleAngle2":0,"ChainLengthConnectingRodHandle":5,"ApplicationName":1,"OpeningAngle":28.8,"WeightIncGlassOrThickness":false,"AkippOrAtilt":0,"AdrehOrAturn":0,"Ageo":0,"MinPullingForceMax":0,"MinPushingForceMax":0,"MinPullingForcePermanent":0,"MinPushingForcePermanent":0,"ForceWithNegativeWind":0}

13:56:03.429 [main] DEBUG com.intuit.karate - response time in milliseconds: 761
1 < 200
1 < Content-Type: application/json; charset=utf-8
1 < Date: Thu, 05 Dec 2024 08:26:00 GMT
1 < Server: Microsoft-IIS/10.0
1 < X-Powered-By: ASP.NET
1 < Content-Length: 2037
1 < Connection: keep-alive
{
  "ProjectId": "2afcf090-6588-4022-aa5e-49fca51f940e",
  "Name": "Dataset62",
  "Description": "Dataset1864",
  "CustomTags": "",
  "ApplicationName": 1,
  "OpeningType": 1,
  "OpeningDirection": 1,
  "CalculateWeightWithGlass": false,
  "WindLoad": 123,
  "IsWindowOpeningCalculationByAngle": 1,
  "VentOuterWidth": 2000,
  "VentOuterHeight": 800,
  "WeightIncGlassOrThickness": false,
  "VentWeight": 70,
  "VentWeightExact": 70,
  "GlassThickness": 0,
  "ProfileWeightPerSerialMeter": 0,
  "FacadeInclination": 0,
  "ChainLengthConnectingRodHandle": 5,
  "ChainLenghtConnectingRodHandle": 0,
  "RequiredOpeningStroke": 800,
  "OpeningWidth": 1000,
  "OpeningAngle": 60.00000000000001,
  "SpecificExhaustDimension": 45,
  "BuildingDepth": 90,
  "SnowLoad": 0,
  "DistanceHinge": 0,
  "RatedCurrent": 0,
  "DrivePosition": 1,
  "LockingMechanism": 1,
  "Voltage": 1,
  "DriveType": 1,
  "TypeOfInstallation": 2,
  "GeometricArea": 0,
  "CalculationTypeForVentilation": 1,
  "HeightOfProfile": 0,
  "Reveal": 0,
  "RevealDepth": 0,
  "HeightProfileRectangleAngle1": 0,
  "HeightProfileRectangleAngle2": 0,
  "RevealDepthRectangleAngle1": 0,
  "RevealDepthRectangleAngle2": 0,
  "RevealDepthRectangleAngle12": 0,
  "InstallationPosition": 0,
  "RecommendedDriveArticleNo": 0,
  "System": "",
  "AkippOrAtilt": 2.24,
  "AdrehOrAturn": 1.6,
  "Ageo": 1.6,
  "MinPullingForceMax": -98.12122325223832,
  "MinPushingForceMax": -378.3230010155636,
  "MinPullingForcePermanent": -349.8389732218605,
  "MinPushingForcePermanent": -349.8389732218605,
  "ForceWithNegativeWind": -321.3549454281574,
  "ForceWithNoWindMin": 0.2787143487566422,
  "ForceWithNegativeWindMin": 98.6786519497516,
  "ForceWithWindMin": -98.12122325223832,
  "Id": "37ec2f79-98d2-4a9e-b9bc-993f4de09f9e",
  "CreatedOn": "0001-01-01T00:00:00",
  "CreatedBy": "579816e4-6653-4794-b435-a885f32e28d7",
  "ModifiedOn": "2024-12-05T08:26:00.8495036+00:00",
  "ModifiedBy": "579816e4-6653-4794-b435-a885f32e28d7"
}

13:56:03.429 [main] INFO  com.intuit.karate - VentWeight from API Response: 70 
13:56:03.430 [main] INFO  com.intuit.karate - Rounded Opening Angle: 60.0 
13:56:03.430 [main] INFO  com.intuit.karate - Rounded Ageo: 1.6 
13:56:03.430 [main] INFO  com.intuit.karate - Rounded Required Opening Stroke: 800.0 
13:56:03.430 [main] INFO  com.intuit.karate - Rounded Vent Weight: 70.0 
13:56:03.433 [main] DEBUG com.intuit.karate - request:
2 > GET https://dev-drivetec-apis.schuecodigitalsolutions.com/Config/37ec2f79-98d2-4a9e-b9bc-993f4de09f9e/Drive
2 > Host: dev-drivetec-apis.schuecodigitalsolutions.com
2 > Connection: Keep-Alive
2 > User-Agent: Apache-HttpClient/4.5.14 (Java/17.0.12)
2 > Accept-Encoding: gzip,deflate


13:56:04.251 [main] DEBUG com.intuit.karate - response time in milliseconds: 817
2 < 200
2 < Content-Type: application/json; charset=utf-8
2 < Date: Thu, 05 Dec 2024 08:26:00 GMT
2 < Server: Microsoft-IIS/10.0
2 < X-Powered-By: ASP.NET
2 < transfer-encoding: chunked
2 < Connection: keep-alive
[
  {
    "Name": "Chain actuator D2 L800",
    "Bezeichnung": "Kettenantrieb D2 L800",
    "ConfigurationId": "00000000-0000-0000-0000-000000000000",
    "Description": "",
    "Application": "Facade",
    "ApplicationFacade": true,
    "ApplicationSkylight": false,
    "Type": 1,
    "OpeningType": 0,
    "BottomHungInward": true,
    "BottomHungOutward": false,
    "SideHungInward": true,
    "SideHungOutward": false,
    "TopHungInward": false,
    "TopHungOutward": true,
    "ProjectedTopHungInward": false,
    "ProjectedTopHungOutward": false,
    "InstallationType": "",
    "ITMainOutFrmMountWBracket": true,
    "ITMainFixOutFrmMount": true,
    "ITMainVentFrmMount": true,
    "ITSideMount50": false,
    "ITSideMount60": false,
    "ITSideMount70": false,
    "ITSideMount80": false,
    "ITSideMount67": true,
    "Feature": "",
    "FeatureOpenClose": true,
    "FeatureLock": true,
    "ArticleNumber": 291758,
    "Stroke": 800,
    "Angle": 0,
    "Voltage": "24 V DC",
    "Voltage24": true,
    "Voltage230": false,
    "RatedCurrent": 1,
    "BreakingCurrent": 1,
    "PullingForceMax": 250,
    "PushingForceMax": 50,
    "PullingForceMaxWithNegativeWind": 0,
    "PushingForceMaxWithNegativeWind": 0,
    "PushingForcePermanent": 0,
    "PullingForcePermanent": 250,
    "MinPullingForceMax": -378.32,
    "MinPushingForceMax": 0,
    "MinPullingForcePermanent": -349.84,
    "MinPushingForcePermanent": 0,
    "Price": 566.66,
    "DriveLength": 625,
    "ChainDrive": 725,
    "ChainDrive2": 1410,
    "MaxLengthMainClosingEdge1Drive": 1650,
    "MaxGeometricArea": 2,
    "GeometricalSmokeExhaustion": 0,
    "TotalGlassThickness": 0,
    "Dimensions": 0,
    "DimensionsWxHxD": "625 x 26 x 41",
    "TensileForce": 0,
    "LockingForce": 0,
    "Details_DE": "<ul><li>Bemessungsspannung: 24 V DC (19 V … 28 V)</li><li>Abschaltstrom: 1,0 A</li><li>Bemessungsstrom: 0,7 A</li><li>Bemessungsaufnahme: 17 W</li><li>Schutzart: IP 32</li><li>Zug-/Schubkraft: max. 250 N</li><li>Umgebungstemperatur: -5°C bis + 60°C</li><li>Anschlussleitung: Halogenfrei, grau 3 x 0,5 mm², ~3 m</li><li>Max. Geschwindigkeit: 13,5 mm/s</li></ul>",
    "Details_EN": "<ul><li>Rated voltage: 24 V DC (19 V … 28 V)</li><li>Breaking current: 1.0 A</li><li>Rated current: 0.7 A</li><li>Rated consumption: 17 W</li><li>Protection rating: IP 32</li><li>Traction/ thrust: max. 250 N</li><li>Ambient temperature: -5°C bis + 60°C</li><li>Connecting cable: halogen-free, grey 3 x 0.5 mm², ~3 m</li><li>Max. speed: 13.5 mm/s</li></ul>",
    "Einsatz": "<ul> <li>Anwendung: Lüftung, NRA</li> <li>Integrierte intelligente Regelelektronik</li> <li>Rückmeldung Endlage „ZU“ (max. 24 V, 500 mA)</li> </ul>",
    "Use": "<ul> <li>Application: ventilation, natural smoke ventilation</li> <li>Integrated, intelligent control electronics</li> <li>Response for “CLOSED” end position (max. 24 V, 500 mA)</li> </ul>",
    "Ausstattung": null,
    "Equipment": null,
    "Optionen": "<ul> <li>Programmierung von Sonderfunktionen</li> <li>Programmierbare Rückmeldung Endlage „AUF“ (max. 24 V, 500 mA)</li> <li>Schüco Kontroller zur automatischen Konfiguration von Synchronlauf und Folgesteuerungen mit Verriegelungsantrieben in Antriebs-Verbundsystemen</li> </ul>",
    "Options": "<ul> <li>Programming of special functions</li> <li>Programmable response for “OPEN” end position (max. 24 V, 500 mA)</li> <li>Schüco controller for automatic configuration of synchronous running and sequence control with locking drives in composite drive systems</li></ul>",
    "IsTwoPce": true,
    "ResultVentWeight": 70,
    "IsLsRsDrive": true,
    "ArticleNumberRs": 291759,
    "TwoDrivesSideInstallation50": 0,
    "TwoDrivesSideInstallation60": 0,
    "TwoDrivesSideInstallation70": 0,
    "TwoDrivesSideInstallation80": 0,
    "OpeningSpeedmms": 0,
    "Traction": 250,
    "Thrust": 100,
    "Id": "8e41b236-ddae-4821-9147-db4ac85f1b97",
    "CreatedOn": "2024-09-26T13:55:26.817Z",
    "CreatedBy": "",
    "ModifiedOn": "2024-09-26T13:55:26.817Z",
    "ModifiedBy": ""
  },
  {
    "Name": "Chain actuator D4 800",
    "Bezeichnung": "Kettenantrieb D4 800",
    "ConfigurationId": "00000000-0000-0000-0000-000000000000",
    "Description": "",
    "Application": "Facade",
    "ApplicationFacade": true,
    "ApplicationSkylight": false,
    "Type": 1,
    "OpeningType": 0,
    "BottomHungInward": true,
    "BottomHungOutward": false,
    "SideHungInward": true,
    "SideHungOutward": false,
    "TopHungInward": false,
    "TopHungOutward": true,
    "ProjectedTopHungInward": false,
    "ProjectedTopHungOutward": false,
    "InstallationType": "",
    "ITMainOutFrmMountWBracket": true,
    "ITMainFixOutFrmMount": true,
    "ITMainVentFrmMount": true,
    "ITSideMount50": false,
    "ITSideMount60": false,
    "ITSideMount70": false,
    "ITSideMount80": false,
    "ITSideMount67": true,
    "Feature": "",
    "FeatureOpenClose": true,
    "FeatureLock": true,
    "ArticleNumber": 291710,
    "Stroke": 800,
    "Angle": 0,
    "Voltage": "24 V DC",
    "Voltage24": true,
    "Voltage230": false,
    "RatedCurrent": 1,
    "BreakingCurrent": 1,
    "PullingForceMax": 400,
    "PushingForceMax": 50,
    "PullingForceMaxWithNegativeWind": 0,
    "PushingForceMaxWithNegativeWind": 0,
    "PushingForcePermanent": 0,
    "PullingForcePermanent": 400,
    "MinPullingForceMax": -378.32,
    "MinPushingForceMax": 0,
    "MinPullingForcePermanent": -349.84,
    "MinPushingForcePermanent": 0,
    "Price": 598.42,
    "DriveLength": 755,
    "ChainDrive": 855,
    "ChainDrive2": 1670,
    "MaxLengthMainClosingEdge1Drive": 1850,
    "MaxGeometricArea": 2,
    "GeometricalSmokeExhaustion": 0,
    "TotalGlassThickness": 0,
    "Dimensions": 0,
    "DimensionsWxHxD": "755 x 24 x 35",
    "TensileForce": 0,
    "LockingForce": 0,
    "Details_DE": "<ul><li>Bemessungsspannung: 24 V DC (19 V … 28 V)</li> <li>Abschaltstrom: 1,2 A</li> <li>Bemessungsstrom: 0,9 A</li> <li>Bemessungsaufnahme: 22 W</li> <li>Schutzart: IP 32</li> <li>Zug-/Schubkraft: max. 400 N</li> <li>Umgebungstemperatur: -5°C bis + 60°C</li> <li>Anschlussleitung: Halogenfrei, grau 5 x 0,5mm², ~3m</li> <li>Max. Geschwindigkeit: 13,5 mm/s</li></ul>",
    "Details_EN": "<ul><li>Rated voltage: 24 V DC (19 V … 28 V)</li> <li>Breaking current: 1.2 A</li><li>Rated current: 0.9 A</li><li>Rated consumption: 22 W</li><li>Protection rating: IP 32</li><li>Traction/ thrust: max. 400 N</li><li>Ambient temperature: -5° C to +60° C</li><li>Connecting cable: halogen-free, grey, 5 x 0.5 mm², ~ 3 m</li><li>Max. speed: 13,5 mm/s </li></ul>",
    "Einsatz": "<ul><li>Anwendung: Lüftung, NRA</li> <li>Integrierte intelligente Regelelektronik</li> <li>Rückmeldung Endlage „ZU“ (max. 24 V, 500 mA)</li> </ul>",
    "Use": "<ul><li>Application: ventilation, natural smoke ventilation</li> <li>Integrated intelligent control electronics</li> <li>Response for “CLOSED” end position (max. 24 V, 500 mA)</li> </ul>",
    "Ausstattung": "<ul><li>Zusätzlicher Universal-Steckersatz für Mehrfachbetrieb bis zu 4 Antrieben und 2 Verriegelungsantrieben</li></ul>",
    "Equipment": "<ul><li>Additional universal plug socket for multiplex operation of up to 4 drives and 2 interlocking drives</li></ul>",
    "Optionen": "<ul><li>Programmierung von Sonderfunktionen</li> <li>Programmierbare Rückmeldung Endlage „AUF“ (max. 24 V, 500 mA)</li> <li>Schüco Kontroller zur automatischen Konfiguration von Synchronlauf und Folgesteuerungen mit Verriegelungsantrieben in Antriebs-Verbundsystemen</li> </ul>",
    "Options": "<ul><li>Programming of special functions</li> <li>Programmable response for “OPEN” end position (max. 24 V, 500 mA)</li> <li>Schüco controller for automatic configuration of synchronous running and sequence control with locking drives in composite drive systems</li> </ul>",
    "IsTwoPce": true,
    "ResultVentWeight": 70,
    "IsLsRsDrive": true,
    "ArticleNumberRs": 291709,
    "TwoDrivesSideInstallation50": 0,
    "TwoDrivesSideInstallation60": 0,
    "TwoDrivesSideInstallation70": 0,
    "TwoDrivesSideInstallation80": 0,
    "OpeningSpeedmms": 0,
    "Traction": 400,
    "Thrust": 50,
    "Id": "3e2dcb1b-8df9-4eab-b237-548b0481a20b",
    "CreatedOn": "2024-09-26T13:55:26.817Z",
    "CreatedBy": "",
    "ModifiedOn": "2024-09-26T13:55:26.817Z",
    "ModifiedBy": ""
  },
  {
    "Name": "Chain actuator D6 800",
    "Bezeichnung": "Kettenantrieb D6 800",
    "ConfigurationId": "00000000-0000-0000-0000-000000000000",
    "Description": "",
    "Application": "Facade",
    "ApplicationFacade": true,
    "ApplicationSkylight": true,
    "Type": 1,
    "OpeningType": 0,
    "BottomHungInward": true,
    "BottomHungOutward": true,
    "SideHungInward": true,
    "SideHungOutward": true,
    "TopHungInward": false,
    "TopHungOutward": true,
    "ProjectedTopHungInward": false,
    "ProjectedTopHungOutward": false,
    "InstallationType": "",
    "ITMainOutFrmMountWBracket": true,
    "ITMainFixOutFrmMount": false,
    "ITMainVentFrmMount": true,
    "ITSideMount50": false,
    "ITSideMount60": false,
    "ITSideMount70": false,
    "ITSideMount80": false,
    "ITSideMount67": true,
    "Feature": "",
    "FeatureOpenClose": true,
    "FeatureLock": true,
    "ArticleNumber": 291717,
    "Stroke": 800,
    "Angle": 0,
    "Voltage": "24 V DC",
    "Voltage24": true,
    "Voltage230": false,
    "RatedCurrent": 1,
    "BreakingCurrent": 1,
    "PullingForceMax": 600,
    "PushingForceMax": 300,
    "PullingForceMaxWithNegativeWind": 0,
    "PushingForceMaxWithNegativeWind": 0,
    "PushingForcePermanent": 200,
    "PullingForcePermanent": 600,
    "MinPullingForceMax": -378.32,
    "MinPushingForceMax": 0,
    "MinPullingForcePermanent": -349.84,
    "MinPushingForcePermanent": 0,
    "Price": 775.84,
    "DriveLength": 794,
    "ChainDrive": 894,
    "ChainDrive2": 1748,
    "MaxLengthMainClosingEdge1Drive": 1920,
    "MaxGeometricArea": 2,
    "GeometricalSmokeExhaustion": 0,
    "TotalGlassThickness": 0,
    "Dimensions": 0,
    "DimensionsWxHxD": "794 x 40 x 56",
    "TensileForce": 0,
    "LockingForce": 0,
    "Details_DE": "<ul> <li>Bemessungsspannung: 24 V DC (19 V … 28 V)</li> <li>Abschaltstrom: 1,2 A</li> <li>Bemessungsstrom: 0,9 A</li> <li>Bemessungsaufnahme: 22 W</li> <li>Schutzart: IP 32</li> <li>Zug-/Schubkraft: max. 600 N</li> <li>Umgebungstemperatur: -5°C bis + 60°C</li> <li>Anschlussleitung: Halogenfrei, grau 5 x 0,5mm², ~3m</li> <li>Max. Geschwindigkeit: 13,5 mm/s</li> </ul>",
    "Details_EN": "<ul> <li>Rated voltage: 24 V DC (19 V … 28 V)</li><li>Breaking current: 1.2 A</li><li>Rated current: 0.9 A</li><li>Rated consumption: 22W</li><li>Protection rating: IP 32</li><li>Traction/ thrust: max. 600 N</li><li>Ambient temperature: -5° C to +60° C</li><li>Connecting cable: halogen-free, grey 3 x 0,5mm², ~3m</li><li>Max. speed: 13,5 mm/s</li></ul>",
    "Einsatz": "<ul><li>Anwendung: Lüftung, NRA</li> <li>Integrierte intelligente Regelelektronik</li></ul>",
    "Use": "<ul><li>Application: ventilation, natural smoke ventilation</li> <li>Integrated intelligent control electronics</li> </ul>",
    "Ausstattung": "<ul><li>Zusätzlicher Universal-Steckersatz für Mehrfachbetrieb bis zu 4 Antrieben und 2 Verriegelungsantrieben</li></ul>",
    "Equipment": "<ul><li>Additional universal plug socket for multiplex operation  of up to 4 drives and 2 interlocking drives</li></ul>",
    "Optionen": "<ul><li>Programmierung von Sonderfunktionen</li> <li>Programmierbare Rückmeldung Endlage „AUF“ (max. 24 V, 500 mA)</li> <li>Schüco Kontroller zur automatischen Konfiguration von Synchronlauf und Folgesteuerungen mit Verriegelungsantrieben in Antriebs-Verbundsystemen</li> </ul>",
    "Options": "<ul><li>Programming of special functions</li> <li>Programmable response for “OPEN” end position (max. 24 V, 500 mA)</li> <li>Schüco controller for automatic configuration of synchronous running and sequence control with locking drives in composite drive systems</li> </ul>",
    "IsTwoPce": true,
    "ResultVentWeight": 70,
    "IsLsRsDrive": false,
    "ArticleNumberRs": 0,
    "TwoDrivesSideInstallation50": 0,
    "TwoDrivesSideInstallation60": 0,
    "TwoDrivesSideInstallation70": 0,
    "TwoDrivesSideInstallation80": 0,
    "OpeningSpeedmms": 0,
    "Traction": 600,
    "Thrust": 300,
    "Id": "e9fa5654-1773-4646-9949-a237ab4f4797",
    "CreatedOn": "2024-09-26T13:55:26.817Z",
    "CreatedBy": "",
    "ModifiedOn": "2024-09-26T13:55:26.817Z",
    "ModifiedBy": ""
  },
  {
    "Name": "Locking actuator EasyConnect",
    "Bezeichnung": "Verriegelungsantrieb EasyConnect",
    "ConfigurationId": "00000000-0000-0000-0000-000000000000",
    "Description": "",
    "Application": "",
    "ApplicationFacade": true,
    "ApplicationSkylight": false,
    "Type": 5,
    "OpeningType": 0,
    "BottomHungInward": true,
    "BottomHungOutward": false,
    "SideHungInward": true,
    "SideHungOutward": false,
    "TopHungInward": false,
    "TopHungOutward": false,
    "ProjectedTopHungInward": false,
    "ProjectedTopHungOutward": false,
    "InstallationType": "",
    "ITMainOutFrmMountWBracket": true,
    "ITMainFixOutFrmMount": true,
    "ITMainVentFrmMount": false,
    "ITSideMount50": false,
    "ITSideMount60": false,
    "ITSideMount70": false,
    "ITSideMount80": false,
    "ITSideMount67": false,
    "Feature": "",
    "FeatureOpenClose": true,
    "FeatureLock": false,
    "ArticleNumber": 291787,
    "Stroke": 0,
    "Angle": 0,
    "Voltage": null,
    "Voltage24": true,
    "Voltage230": true,
    "RatedCurrent": 0,
    "BreakingCurrent": 0,
    "PullingForceMax": 0,
    "PushingForceMax": 0,
    "PullingForceMaxWithNegativeWind": 0,
    "PushingForceMaxWithNegativeWind": 0,
    "PushingForcePermanent": 0,
    "PullingForcePermanent": 0,
    "MinPullingForceMax": 0,
    "MinPushingForceMax": 0,
    "MinPullingForcePermanent": 0,
    "MinPushingForcePermanent": 0,
    "Price": 0,
    "DriveLength": 0,
    "ChainDrive": 0,
    "ChainDrive2": 0,
    "MaxLengthMainClosingEdge1Drive": 0,
    "MaxGeometricArea": 0,
    "GeometricalSmokeExhaustion": 0,
    "TotalGlassThickness": 0,
    "Dimensions": 0,
    "DimensionsWxHxD": "375 x 24 x 35",
    "TensileForce": 0,
    "LockingForce": 0,
    "Details_DE": "<ul> <li>Bemessungsspannung: 24 V DC (19 V … 28 V)</li> <li>Abschaltstrom: ~1,0 A</li> <li>Bemessungsstrom: 0,6 A</li> <li>Bemessungsaufnahme: 15 W</li> <li>Schutzart: IP 32</li><li>Zug-/Schubkraft: max. 600 N</li> <li>Umgebungstemperatur: -5°C bis + 60°C</li> <li>Anschlussleitung: Halogenfrei, grau 5 x 0,5mm² , ~5m</li> <li>Laufzeit: ~ 5s</li><li>Hub: ~ 18mm</li> </ul>",
    "Details_EN": "<ul> <li>Rated voltage : 24 V DC (19 V … 28 V</li> <li>Breaking current : ~1,0 A</li> <li>Rated current : 0,6 A</li> <li>Rated consumption : 15 W</li> <li>Protection rating : IP 32</li><li>Traction/ thrust : max. 600 N</li> <li>Ambient temperature: -5°C bis + 60°C</li> <li>Connecting cable: halogen-free, grey 5 x 0,5mm² , ~5m</li> <li>Running time: ~ 5s</li><li>Stroke: ~ 18mm</li> </ul>",
    "Einsatz": "<ul> <li>Anwendung: Lüftung, NRA</li><li>Integrierte intelligente Regelelektronik</li></ul>",
    "Use": "<ul> <li>Application: ventilation, natural smoke ventilation</li> <li>Integrated intelligent control electronics</li></ul>",
    "Ausstattung": "<ul><li>Laufrichtung einstellbar</li><li>Zusätzlicher Universal-Steckersatz</li></ul>",
    "Equipment": "<ul><li>Running direction adjustable</li><li>Additional universal plug socket</li></ul>",
    "Optionen": "<ul> <li>Mitnehmer objekt-/profilspezifisch anpassbar</li></ul>",
    "Options": "<ul> <li>Coupling adapter customizable for project-/profile-specific demands</li></ul>",
    "IsTwoPce": false,
    "ResultVentWeight": 0,
    "IsLsRsDrive": false,
    "ArticleNumberRs": 0,
    "TwoDrivesSideInstallation50": 0,
    "TwoDrivesSideInstallation60": 0,
    "TwoDrivesSideInstallation70": 0,
    "TwoDrivesSideInstallation80": 0,
    "OpeningSpeedmms": 0,
    "Traction": 0,
    "Thrust": 0,
    "Id": "f894c384-bd5f-4f1b-a446-f4a3afc8426e",
    "CreatedOn": "2024-09-26T13:55:26.817Z",
    "CreatedBy": "",
    "ModifiedOn": "2024-09-26T13:55:26.817Z",
    "ModifiedBy": ""
  },
  {
    "Name": "Locking actuator 600",
    "Bezeichnung": "Verriegelungsantrieb 600",
    "ConfigurationId": "00000000-0000-0000-0000-000000000000",
    "Description": "",
    "Application": "",
    "ApplicationFacade": true,
    "ApplicationSkylight": false,
    "Type": 5,
    "OpeningType": 0,
    "BottomHungInward": true,
    "BottomHungOutward": false,
    "SideHungInward": true,
    "SideHungOutward": false,
    "TopHungInward": false,
    "TopHungOutward": false,
    "ProjectedTopHungInward": false,
    "ProjectedTopHungOutward": false,
    "InstallationType": "",
    "ITMainOutFrmMountWBracket": true,
    "ITMainFixOutFrmMount": true,
    "ITMainVentFrmMount": false,
    "ITSideMount50": false,
    "ITSideMount60": false,
    "ITSideMount70": false,
    "ITSideMount80": false,
    "ITSideMount67": false,
    "Feature": "",
    "FeatureOpenClose": true,
    "FeatureLock": false,
    "ArticleNumber": 291736,
    "Stroke": 0,
    "Angle": 0,
    "Voltage": null,
    "Voltage24": true,
    "Voltage230": true,
    "RatedCurrent": 0,
    "BreakingCurrent": 0,
    "PullingForceMax": 0,
    "PushingForceMax": 0,
    "PullingForceMaxWithNegativeWind": 0,
    "PushingForceMaxWithNegativeWind": 0,
    "PushingForcePermanent": 0,
    "PullingForcePermanent": 0,
    "MinPullingForceMax": 0,
    "MinPushingForceMax": 0,
    "MinPullingForcePermanent": 0,
    "MinPushingForcePermanent": 0,
    "Price": 218.27,
    "DriveLength": 0,
    "ChainDrive": 0,
    "ChainDrive2": 0,
    "MaxLengthMainClosingEdge1Drive": 0,
    "MaxGeometricArea": 0,
    "GeometricalSmokeExhaustion": 0,
    "TotalGlassThickness": 0,
    "Dimensions": 0,
    "DimensionsWxHxD": "415 x 26 x 26",
    "TensileForce": 0,
    "LockingForce": 0,
    "Details_DE": "<ul> <li>Bemessungsspannung: 24 V DC (19 V … 28 V)</li> <li>Abschaltstrom: ~1,0 A</li> <li>Bemessungsstrom: 0,6 A</li> <li>Bemessungsaufnahme: 15 W</li> <li>Schutzart: IP 32</li><li>Zug-/Schubkraft: max. 600 N</li> <li>Umgebungstemperatur: -5°C bis + 60°C</li> <li>Anschlussleitung: Halogenfrei, grau 3x 0,5mm², ~3m</li> <li>Laufzeit: ~ 5s</li><li>Hub: ~ 18mm</li> </ul>",
    "Details_EN": "<ul> <li>Rated voltage : 24 V DC (19 V … 28 V</li> <li>Breaking current : ~1,0 A</li> <li>Rated current : 0,6 A</li> <li>Rated consumption : 15 W</li> <li>Protection rating : IP 32</li><li>Traction/ thrust : max. 600 N</li> <li>Ambient temperature: -5°C bis + 60°C</li> <li>Connecting cable: halogen-free, grey 3 x 0,5mm², ~3m</li> <li>Running time: ~ 5s</li><li>Stroke: ~ 18mm</li> </ul>",
    "Einsatz": "<ul> <li>Anwendung: Lüftung, NRA</li><li>Integrierte intelligente Regelelektronik</li></ul>",
    "Use": "<ul> <li>Application: ventilation, natural smoke ventilation</li> <li>Integrated intelligent control electronics</li></ul>",
    "Ausstattung": "<ul><li>Laufrichtung einstellbar</li></ul>",
    "Equipment": "<ul><li>Running direction adjustable</li></ul>",
    "Optionen": "<ul> <li>Mitnehmer objekt-/profilspezifisch anpassbar</li></ul>",
    "Options": "<ul> <li>Coupling adapter customizable for project-/profile-specific demands</li></ul>",
    "IsTwoPce": false,
    "ResultVentWeight": 0,
    "IsLsRsDrive": true,
    "ArticleNumberRs": 291735,
    "TwoDrivesSideInstallation50": 0,
    "TwoDrivesSideInstallation60": 0,
    "TwoDrivesSideInstallation70": 0,
    "TwoDrivesSideInstallation80": 0,
    "OpeningSpeedmms": 0,
    "Traction": 0,
    "Thrust": 0,
    "Id": "69d8317e-493b-4010-8d9e-54168822bacf",
    "CreatedOn": "2024-09-26T13:55:26.817Z",
    "CreatedBy": "",
    "ModifiedOn": "2024-09-26T13:55:26.817Z",
    "ModifiedBy": ""
  }
]

13:56:04.254 [main] INFO  com.intuit.karate - Expected RecommDrive: Chain actuator D2 L800,Chain actuator D4 800,Chain actuator D6 800,Locking actuator EasyConnect,Locking actuator 600 
13:56:04.254 [main] INFO  com.intuit.karate - Actual RecommDrive: Chain actuator D2 L800, Chain actuator D4 800, Chain actuator D6 800, Locking actuator EasyConnect, Locking actuator 600 
13:56:04.254 [main] INFO  com.intuit.karate - Normalized Actual RecommDrive: Chain actuator D2 L800,Chain actuator D4 800,Chain actuator D6 800,Locking actuator EasyConnect,Locking actuator 600 
13:56:04.254 [main] INFO  com.intuit.karate - Normalized Expected RecommDrive: Chain actuator D2 L800,Chain actuator D4 800,Chain actuator D6 800,Locking actuator EasyConnect,Locking actuator 600 
13:56:04.254 [main] INFO  com.intuit.karate - All Drive IDs: [
  "8e41b236-ddae-4821-9147-db4ac85f1b97",
  "3e2dcb1b-8df9-4eab-b237-548b0481a20b",
  "e9fa5654-1773-4646-9949-a237ab4f4797",
  "f894c384-bd5f-4f1b-a446-f4a3afc8426e",
  "69d8317e-493b-4010-8d9e-54168822bacf"
]
 
13:56:04.254 [main] INFO  com.intuit.karate - First Drive ID: 8e41b236-ddae-4821-9147-db4ac85f1b97 
13:56:04.258 [main] DEBUG com.intuit.karate - request:
3 > POST https://dev-drivetec-apis.schuecodigitalsolutions.com/api/Drives/DownloadPDFNew/Schuco
3 > Content-Type: application/json; charset=UTF-8
3 > Content-Length: 1194
3 > Host: dev-drivetec-apis.schuecodigitalsolutions.com
3 > Connection: Keep-Alive
3 > User-Agent: Apache-HttpClient/4.5.14 (Java/17.0.12)
3 > Accept-Encoding: gzip,deflate
[{"Id":"configId","Header":"configId","Value":"37ec2f79-98d2-4a9e-b9bc-993f4de09f9e"},{"Id":"driveId","Header":"driveId","Value":"8e41b236-ddae-4821-9147-db4ac85f1b97"},{"Id":"culture","Header":"culture","Value":"EN-US"},{"Id":"projectId","Header":"projectId","Value":"2afcf090-6588-4022-aa5e-49fca51f940e"},{"Id":"range-of-app","Header":"Range of application","Value":"Façade"},{"Id":"opening-type","Header":"Opening type","Value":"Bottom-hung vent"},{"Id":"opening-direction","Header":"Opening direction","Value":"Inward"},{"Id":"how-calc-weight","Header":"Vent weight","Value":"Weight including glass"},{"Id":"Chain-Length","Header":"Chain- \/ connecting rod handle","Value":"100%"},{"Id":"drive-position","Header":"Drive position","Value":"Side installation"},{"Id":"locking-mechanism","Header":"Locking mechanism","Value":"With"},{"Id":"voltage","Header":"Voltage","Value":"24 V"},{"Id":"drive-type","Header":"Drive type","Value":"Chain drive"},{"Id":"type-installation","Header":"Type of installation","Value":"Pivoting Outer Frame Installation"},{"Id":"calculation-type-for-ventilation-area","Header":"Calculation type for ventilation area","Value":"Method in accordance with ASR 3.6"}]

13:56:05.834 [main] DEBUG com.intuit.karate - response time in milliseconds: 1574
3 < 200
3 < Content-Type: application/json; charset=utf-8
3 < Date: Thu, 05 Dec 2024 08:26:03 GMT
3 < Server: Microsoft-IIS/10.0
3 < X-Powered-By: ASP.NET
3 < Content-Length: 277
3 < Connection: keep-alive
{
  "result": "https://drive-tec-dev.s3.amazonaws.com/AUT_TPJ33518-Chain_actuator_D2_L800.pdf?AWSAccessKeyId=AKIAZAWIART4ZFAXXPHK&Expires=1733390763&response-content-disposition=attachment%3B&response-content-type=application%2Fpdf&Signature=0yQ8MsUAUfXsFCG82qmlYft71tM%3D"
}

13:56:05.835 [main] INFO  com.intuit.karate - Download URL for first driveId: https://drive-tec-dev.s3.amazonaws.com/AUT_TPJ33518-Chain_actuator_D2_L800.pdf?AWSAccessKeyId=AKIAZAWIART4ZFAXXPHK&Expires=1733390763&response-content-disposition=attachment%3B&response-content-type=application%2Fpdf&Signature=0yQ8MsUAUfXsFCG82qmlYft71tM%3D 
13:56:05.839 [main] INFO  com.intuit.karate - karate.env system property was: null 
13:56:05.840 [main] INFO  com.intuit.karate - Running test for dataset:  Dataset63 
13:56:05.845 [main] INFO  com.intuit.karate - Using ProjectId:  {
  "result": {
    "projectId": "prjId"
  },
  "projectPayload": {
    "Id": "579816e4-6653-4794-b435-a885f32e28d7",
    "Name": "AUT_TPJ33518",
    "Address": "Hyderabad, Telangana, India",
    "Description": "",
    "CreatedBy": "579816e4-6653-4794-b435-a885f32e28d7",
    "ModifiedBy": "579816e4-6653-4794-b435-a885f32e28d7"
  },
  "uniqueName": "AUT_TPJ33518",
  "responseHeaders": {
    "Content-Type": [
      "application/json; charset=utf-8"
    ],
    "Date": [
      "Thu, 05 Dec 2024 08:22:12 GMT"
    ],
    "Server": [
      "Microsoft-IIS/10.0"
    ],
    "X-Powered-By": [
      "ASP.NET"
    ],
    "transfer-encoding": [
      "chunked"
    ],
    "Connection": [
      "keep-alive"
    ],
    "Set-Cookie": [
    ]
  },
  "responseTime": 841,
  "response": {
    "Name": "AUT_TPJ33518",
    "Description": "",
    "Address": "Hyderabad, Telangana, India",
    "Id": "2afcf090-6588-4022-aa5e-49fca51f940e",
    "CreatedOn": "2024-12-05T08:22:11.998251+00:00",
    "CreatedBy": "579816e4-6653-4794-b435-a885f32e28d7",
    "ModifiedOn": "2024-12-05T08:22:11.9982526+00:00",
    "ModifiedBy": ""
  },
  "responseStatus": 200,
  "prjId": "2afcf090-6588-4022-aa5e-49fca51f940e",
  "projectId": "2afcf090-6588-4022-aa5e-49fca51f940e"
}
 
13:56:05.847 [main] DEBUG com.intuit.karate - request:
1 > POST https://dev-drivetec-apis.schuecodigitalsolutions.com/Configurations
1 > Content-Type: application/json; charset=UTF-8
1 > Content-Length: 1275
1 > Host: dev-drivetec-apis.schuecodigitalsolutions.com
1 > Connection: Keep-Alive
1 > User-Agent: Apache-HttpClient/4.5.14 (Java/17.0.12)
1 > Accept-Encoding: gzip,deflate
{"Id":"00000000-0000-0000-0000-000000000000","ProjectId":"2afcf090-6588-4022-aa5e-49fca51f940e","Name":"Dataset5847","Description":"Dataset5847","CustomTags":"","CreatedBy":"579816e4-6653-4794-b435-a885f32e28d7","ModifiedBy":"579816e4-6653-4794-b435-a885f32e28d7","ApplicationName":1,"System":"","FacadeInclination":0,"OpeningType":1,"OpeningDirection":1,"OpeningWidth":1000,"VentOuterWidth":1230,"VentOuterHeight":1480,"VentWeight":70,"CalculateWeightWithGlass":false,"WeightIncGlassOrThickness":false,"GlassThickness":14,"ProfileWeightPerSerialMeter":2.5,"IsWindowOpeningCalculationByAngle":1,"RequiredOpeningStroke":400,"OpeningAngle":15,"WindLoad":120,"SnowLoad":0,"DrivePosition":2,"InstallationPosition":1,"ChainLengthConnectingRodHandle":5,"LockingMechanism":1,"Voltage":1,"DriveType":1,"TypeOfInstallation":2,"CalculationTypeForVentilation":1,"CalcVentilation":1,"GeometricArea":1,"SpecificExhaustDimension":30,"BuildingDepth":75,"RevealDepth":0,"RevealDepthRectangleAngle1":0,"RevealDepthRectangleAngle2":0,"HeightOfProfile":0,"HeightProfileRectangleAngle1":0,"HeightProfileRectangleAngle2":0,"AkippOrAtilt":0,"AdrehOrAturn":0,"Ageo":0,"MinPullingForceMax":0,"MinPushingForceMax":0,"MinPullingForcePermanent":0,"MinPushingForcePermanent":0,"ForceWithNegativeWind":0}

13:56:06.506 [main] DEBUG com.intuit.karate - response time in milliseconds: 658
1 < 200
1 < Content-Type: application/json; charset=utf-8
1 < Date: Thu, 05 Dec 2024 08:26:03 GMT
1 < Server: Microsoft-IIS/10.0
1 < X-Powered-By: ASP.NET
1 < Content-Length: 2032
1 < Connection: keep-alive
{
  "ProjectId": "2afcf090-6588-4022-aa5e-49fca51f940e",
  "Name": "Dataset5847",
  "Description": "Dataset5847",
  "CustomTags": "",
  "ApplicationName": 1,
  "OpeningType": 1,
  "OpeningDirection": 1,
  "CalculateWeightWithGlass": false,
  "WindLoad": 120,
  "IsWindowOpeningCalculationByAngle": 1,
  "VentOuterWidth": 1230,
  "VentOuterHeight": 1480,
  "WeightIncGlassOrThickness": false,
  "VentWeight": 77,
  "VentWeightExact": 77.26400000000001,
  "GlassThickness": 14,
  "ProfileWeightPerSerialMeter": 2.5,
  "FacadeInclination": 0,
  "ChainLengthConnectingRodHandle": 5,
  "ChainLenghtConnectingRodHandle": 0,
  "RequiredOpeningStroke": 400,
  "OpeningWidth": 1000,
  "OpeningAngle": 15.532868337024489,
  "SpecificExhaustDimension": 30,
  "BuildingDepth": 75,
  "SnowLoad": 0,
  "DistanceHinge": 0,
  "RatedCurrent": 0,
  "DrivePosition": 2,
  "LockingMechanism": 1,
  "Voltage": 1,
  "DriveType": 1,
  "TypeOfInstallation": 2,
  "GeometricArea": 0,
  "CalculationTypeForVentilation": 1,
  "HeightOfProfile": 0,
  "Reveal": 0,
  "RevealDepth": 0,
  "HeightProfileRectangleAngle1": 0,
  "HeightProfileRectangleAngle2": 0,
  "RevealDepthRectangleAngle1": 0,
  "RevealDepthRectangleAngle2": 0,
  "RevealDepthRectangleAngle12": 0,
  "InstallationPosition": 0,
  "RecommendedDriveArticleNo": 0,
  "System": "",
  "AkippOrAtilt": 1.084,
  "AdrehOrAturn": 1.8204,
  "Ageo": 1.084,
  "MinPullingForceMax": -206.4868442161654,
  "MinPushingForceMax": -206.4868442161654,
  "MinPullingForcePermanent": -104.11163259218097,
  "MinPushingForcePermanent": -104.11163259218097,
  "ForceWithNegativeWind": 109.53156767199486,
  "ForceWithNoWindMin": 0.30763693489047433,
  "ForceWithNegativeWindMin": 0,
  "ForceWithWindMin": -108.91629380221393,
  "Id": "affe5855-3285-4fff-b394-46ecfdf1ab37",
  "CreatedOn": "2024-12-05T08:26:04.0220573+00:00",
  "CreatedBy": "579816e4-6653-4794-b435-a885f32e28d7",
  "ModifiedOn": "2024-12-05T08:26:04.0220584+00:00",
  "ModifiedBy": ""
}

13:56:06.507 [main] INFO  com.intuit.karate - Generated Config ID: affe5855-3285-4fff-b394-46ecfdf1ab37 
13:56:06.509 [main] INFO  com.intuit.karate - Generated Name: Dataset5847 
13:56:06.509 [main] INFO  com.intuit.karate - Generated Description: Dataset5847 
13:56:06.513 [main] DEBUG com.intuit.karate - request:
1 > PUT https://dev-drivetec-apis.schuecodigitalsolutions.com/Configurations
1 > Content-Type: application/json; charset=UTF-8
1 > Content-Length: 1277
1 > Host: dev-drivetec-apis.schuecodigitalsolutions.com
1 > Connection: Keep-Alive
1 > User-Agent: Apache-HttpClient/4.5.14 (Java/17.0.12)
1 > Accept-Encoding: gzip,deflate
{"Id":"affe5855-3285-4fff-b394-46ecfdf1ab37","Name":"Dataset63","Description":"Dataset5847","ProjectId":"2afcf090-6588-4022-aa5e-49fca51f940e","CustomTags":"","CreatedBy":"579816e4-6653-4794-b435-a885f32e28d7","ModifiedBy":"579816e4-6653-4794-b435-a885f32e28d7","System":"","FacadeInclination":20,"OpeningType":4,"OpeningDirection":1,"OpeningWidth":1000,"VentOuterWidth":1300,"VentOuterHeight":1400,"VentWeight":76,"CalculateWeightWithGlass":false,"RequiredOpeningStroke":1000,"WindLoad":120,"SnowLoad":1000,"IsWindowOpeningCalculationByAngle":1,"GlassThickness":0,"ProfileWeightPerSerialMeter":0,"DrivePosition":2,"InstallationPosition":0,"LockingMechanism":1,"Voltage":1,"DriveType":3,"TypeOfInstallation":2,"GeometricArea":0,"CalcVentilation":1,"SpecificExhaustDimension":45,"BuildingDepth":90,"CalculationTypeForVentilation":1,"HeightOfProfile":0,"HeightProfileRectangleAngle1":0,"HeightProfileRectangleAngle2":0,"RevealDepth":0,"RevealDepthRectangleAngle1":0,"RevealDepthRectangleAngle2":0,"ChainLengthConnectingRodHandle":5,"ApplicationName":2,"OpeningAngle":28.8,"WeightIncGlassOrThickness":false,"AkippOrAtilt":0,"AdrehOrAturn":0,"Ageo":0,"MinPullingForceMax":0,"MinPushingForceMax":0,"MinPullingForcePermanent":0,"MinPushingForcePermanent":0,"ForceWithNegativeWind":0}

13:56:07.201 [main] DEBUG com.intuit.karate - response time in milliseconds: 687
1 < 200
1 < Content-Type: application/json; charset=utf-8
1 < Date: Thu, 05 Dec 2024 08:26:04 GMT
1 < Server: Microsoft-IIS/10.0
1 < X-Powered-By: ASP.NET
1 < Content-Length: 2047
1 < Connection: keep-alive
{
  "ProjectId": "2afcf090-6588-4022-aa5e-49fca51f940e",
  "Name": "Dataset63",
  "Description": "Dataset5847",
  "CustomTags": "",
  "ApplicationName": 2,
  "OpeningType": 4,
  "OpeningDirection": 1,
  "CalculateWeightWithGlass": false,
  "WindLoad": 120,
  "IsWindowOpeningCalculationByAngle": 1,
  "VentOuterWidth": 1300,
  "VentOuterHeight": 1400,
  "WeightIncGlassOrThickness": false,
  "VentWeight": 76,
  "VentWeightExact": 76,
  "GlassThickness": 0,
  "ProfileWeightPerSerialMeter": 0,
  "FacadeInclination": 20,
  "ChainLengthConnectingRodHandle": 5,
  "ChainLenghtConnectingRodHandle": 0,
  "RequiredOpeningStroke": 1000,
  "OpeningWidth": 1000,
  "OpeningAngle": 41.849664855276636,
  "SpecificExhaustDimension": 45,
  "BuildingDepth": 90,
  "SnowLoad": 1000,
  "DistanceHinge": 0,
  "RatedCurrent": 0,
  "DrivePosition": 2,
  "LockingMechanism": 1,
  "Voltage": 1,
  "DriveType": 3,
  "TypeOfInstallation": 2,
  "GeometricArea": 0,
  "CalculationTypeForVentilation": 1,
  "HeightOfProfile": 0,
  "Reveal": 0,
  "RevealDepth": 0,
  "HeightProfileRectangleAngle1": 0,
  "HeightProfileRectangleAngle2": 0,
  "RevealDepthRectangleAngle1": 0,
  "RevealDepthRectangleAngle2": 0,
  "RevealDepthRectangleAngle12": 0,
  "InstallationPosition": 0,
  "RecommendedDriveArticleNo": 0,
  "System": "",
  "AkippOrAtilt": 2.7,
  "AdrehOrAturn": 1.82,
  "Ageo": 1.82,
  "MinPullingForceMax": 1047.6272458999035,
  "MinPushingForceMax": 1131.8755381046308,
  "MinPullingForcePermanent": 387.87859381001454,
  "MinPushingForcePermanent": 387.87859381001454,
  "ForceWithNegativeWind": 1130.2801477649693,
  "ForceWithNoWindMin": 357.10618957980995,
  "ForceWithNegativeWindMin": 1034.8656912286726,
  "ForceWithWindMin": 1047.6272458999035,
  "Id": "affe5855-3285-4fff-b394-46ecfdf1ab37",
  "CreatedOn": "0001-01-01T00:00:00",
  "CreatedBy": "579816e4-6653-4794-b435-a885f32e28d7",
  "ModifiedOn": "2024-12-05T08:26:04.6858015+00:00",
  "ModifiedBy": "579816e4-6653-4794-b435-a885f32e28d7"
}

13:56:07.202 [main] INFO  com.intuit.karate - VentWeight from API Response: 76 
13:56:07.206 [main] INFO  com.intuit.karate - Rounded Opening Angle: 42.0 
13:56:07.206 [main] INFO  com.intuit.karate - Rounded Ageo: 1.82 
13:56:07.206 [main] INFO  com.intuit.karate - Rounded Required Opening Stroke: 1000.0 
13:56:07.207 [main] INFO  com.intuit.karate - Rounded Vent Weight: 76.0 
13:56:07.209 [main] DEBUG com.intuit.karate - request:
2 > GET https://dev-drivetec-apis.schuecodigitalsolutions.com/Config/affe5855-3285-4fff-b394-46ecfdf1ab37/Drive
2 > Host: dev-drivetec-apis.schuecodigitalsolutions.com
2 > Connection: Keep-Alive
2 > User-Agent: Apache-HttpClient/4.5.14 (Java/17.0.12)
2 > Accept-Encoding: gzip,deflate


13:56:08.046 [main] DEBUG com.intuit.karate - response time in milliseconds: 836
2 < 200
2 < Content-Type: application/json; charset=utf-8
2 < Date: Thu, 05 Dec 2024 08:26:04 GMT
2 < Server: Microsoft-IIS/10.0
2 < X-Powered-By: ASP.NET
2 < Content-Length: 21493
2 < Connection: keep-alive
[
  {
    "Name": "Chain actuator D15 1000",
    "Bezeichnung": "Kettenantrieb D15 1000",
    "ConfigurationId": "00000000-0000-0000-0000-000000000000",
    "Description": "",
    "Application": "Roof",
    "ApplicationFacade": false,
    "ApplicationSkylight": true,
    "Type": 1,
    "OpeningType": 0,
    "BottomHungInward": false,
    "BottomHungOutward": true,
    "SideHungInward": false,
    "SideHungOutward": false,
    "TopHungInward": false,
    "TopHungOutward": true,
    "ProjectedTopHungInward": false,
    "ProjectedTopHungOutward": false,
    "InstallationType": "",
    "ITMainOutFrmMountWBracket": true,
    "ITMainFixOutFrmMount": false,
    "ITMainVentFrmMount": false,
    "ITSideMount50": false,
    "ITSideMount60": false,
    "ITSideMount70": false,
    "ITSideMount80": false,
    "ITSideMount67": false,
    "Feature": "",
    "FeatureOpenClose": true,
    "FeatureLock": true,
    "ArticleNumber": 291732,
    "Stroke": 1000,
    "Angle": 0,
    "Voltage": "24 V DC",
    "Voltage24": true,
    "Voltage230": false,
    "RatedCurrent": 4,
    "BreakingCurrent": 5,
    "PullingForceMax": 1500,
    "PushingForceMax": 1500,
    "PullingForceMaxWithNegativeWind": 0,
    "PushingForceMaxWithNegativeWind": 0,
    "PushingForcePermanent": 1000,
    "PullingForcePermanent": 1000,
    "MinPullingForceMax": 0,
    "MinPushingForceMax": 1131.88,
    "MinPullingForcePermanent": 0,
    "MinPushingForcePermanent": 387.88,
    "Price": 848.8,
    "DriveLength": 920,
    "ChainDrive": 1020,
    "ChainDrive2": 2000,
    "MaxLengthMainClosingEdge1Drive": 0,
    "MaxGeometricArea": 2,
    "GeometricalSmokeExhaustion": 0,
    "TotalGlassThickness": 0,
    "Dimensions": 0,
    "DimensionsWxHxD": "920 x 120 x 60",
    "TensileForce": 0,
    "LockingForce": 0,
    "Details_DE": "<ul> <li>Bemessungsspannung: 24 V DC (19 V … 28 V)</li> <li>Abschaltstrom: 5 A</li> <li>Bemessungsstrom: 3,75 A</li> <li>Bemessungsaufnahme: 90 W</li> <li>Schutzart: IP 20</li><li>Zug-/Schubkraft: max. 1500 N</li> <li>Umgebungstemperatur: -5°C bis + 60°C</li> <li>Anschlussleitung: Halogenfrei, grau 5 x 1mm², ~3m</li> <li>Max. Geschwindigkeit: 17 mm/s</li> </ul>",
    "Details_EN": "<ul> <li>Rated voltage: 24 V DC (19 V … 28 V)</li><li>Breaking current: 5 A</li><li>Rated current: 3.75 A</li><li>Rated consumption: 90 W</li><li>Protection rating: IP 20</li> <li>Traction/ thrust: max. 1500 N</li><li>Ambient temperature: -5° C to +60° C</li><li>Connecting cable: halogen-free, grey 5 x 1mm², ~3m</li><li>Max. speed: 17 mm/s</li></ul>",
    "Einsatz": "<ul> <li>Anwendung: Lüftung, NRA</li><li>Integrierte intelligente Regelelektronik</li> <li>Rückmeldung Endlage „ZU“ (max. 24 V, 500 mA)</li></ul>",
    "Use": "<ul> <li>Application: ventilation, natural smoke ventilation</li> <li>Integrated intelligent control electronics</li> <li>Response for “CLOSED” end position (max. 24 V, 500 mA)</li></ul>",
    "Ausstattung": "<ul><li>Symmetrischer Kettenaustritt</li><li>Integrierte Steckerlösung</li></ul>",
    "Equipment": "<ul><li>Symmetrical chain output</li><li>Integrated plug solution</li></ul>",
    "Optionen": "<ul> <li>Programmierung von Sonderfunktionen</li> <li>Programmierbare Rückmeldung Endlage „AUF“ (max. 24 V, 500 mA)</li> <li>Schüco Kontroller zur automatischen Konfiguration von Synchronlauf und Folgesteuerungen mit Verriegelungsantrieben in Antriebs-Verbundsystemen</li></ul>",
    "Options": "<ul> <li>Programming of special functions</li> <li>Programmable response for “OPEN” end position (max. 24 V, 500 mA)</li> <li>Schüco controller for automatic configuration of synchronous running and sequence control with locking drives in composite drive systems</li> </ul>",
    "IsTwoPce": false,
    "ResultVentWeight": 76,
    "IsLsRsDrive": false,
    "ArticleNumberRs": 0,
    "TwoDrivesSideInstallation50": 0,
    "TwoDrivesSideInstallation60": 0,
    "TwoDrivesSideInstallation70": 0,
    "TwoDrivesSideInstallation80": 0,
    "OpeningSpeedmms": 0,
    "Traction": 1500,
    "Thrust": 1500,
    "Id": "90ac7369-1005-4606-a3db-7a7875b6ff77",
    "CreatedOn": "2024-09-26T13:55:26.818Z",
    "CreatedBy": "",
    "ModifiedOn": "2024-09-26T13:55:26.818Z",
    "ModifiedBy": ""
  },
  {
    "Name": "Linear drive LDB16 L1000",
    "Bezeichnung": "Linearantrieb LDB16 L1000",
    "ConfigurationId": "00000000-0000-0000-0000-000000000000",
    "Description": "",
    "Application": "Roof",
    "ApplicationFacade": false,
    "ApplicationSkylight": true,
    "Type": 2,
    "OpeningType": 0,
    "BottomHungInward": false,
    "BottomHungOutward": true,
    "SideHungInward": false,
    "SideHungOutward": false,
    "TopHungInward": false,
    "TopHungOutward": true,
    "ProjectedTopHungInward": false,
    "ProjectedTopHungOutward": false,
    "InstallationType": "",
    "ITMainOutFrmMountWBracket": true,
    "ITMainFixOutFrmMount": false,
    "ITMainVentFrmMount": false,
    "ITSideMount50": true,
    "ITSideMount60": true,
    "ITSideMount70": true,
    "ITSideMount80": true,
    "ITSideMount67": false,
    "Feature": "",
    "FeatureOpenClose": true,
    "FeatureLock": true,
    "ArticleNumber": 291927,
    "Stroke": 1000,
    "Angle": 0,
    "Voltage": "24 V DC",
    "Voltage24": true,
    "Voltage230": false,
    "RatedCurrent": 1,
    "BreakingCurrent": 1,
    "PullingForceMax": 1600,
    "PushingForceMax": 1600,
    "PullingForceMaxWithNegativeWind": 0,
    "PushingForceMaxWithNegativeWind": 0,
    "PushingForcePermanent": 1066.67,
    "PullingForcePermanent": 1066.67,
    "MinPullingForceMax": 0,
    "MinPushingForceMax": 1131.88,
    "MinPullingForcePermanent": 0,
    "MinPushingForcePermanent": 387.88,
    "Price": 496.82,
    "DriveLength": 0,
    "ChainDrive": 450,
    "ChainDrive2": 450,
    "MaxLengthMainClosingEdge1Drive": 2100,
    "MaxGeometricArea": 2,
    "GeometricalSmokeExhaustion": 0,
    "TotalGlassThickness": 0,
    "Dimensions": 0,
    "DimensionsWxHxD": "1323 x Ø36",
    "TensileForce": 0,
    "LockingForce": 0,
    "Details_DE": "<ul> <li>Bemessungsspannung: 24 V DC (19 V … 28 V)</li><li>Abschaltstrom: 1,2 A</li><li>Bemessungsstrom: 1,0 A</li><li>Bemessungsaufnahme: 24 W</li><li>Schutzart: IP 65</li> <li>Zug-/Schubkraft: max. 1600 N</li><li>Umgebungstemperatur: -5°C bis + 60°C</li><li>Anschlussleitung: Halogenfrei, grau 3 x 1mm², ~3m</li><li>Max. Geschwindigkeit: 4 mm/s</li></ul>",
    "Details_EN": "<ul> <li>Rated voltage: 24 V DC (19 V … 28 V)</li> <li>Breaking current: 1.2 A</li> <li>Rated current: 1.0 A</li> <li>Rated consumption: 24 W</li> <li>Protection rating: IP 65</li><li>Traction/ thrust: max. 1600N</li> <li>Ambient temperature: -5°C to + 60°C</li> <li>Connecting cable: halogen-free, grey 3 x 1mm², ~3m</li> <li>Max. speed: 4 mm/s</li> </ul>",
    "Einsatz": "<ul> <li>Anwendung: Lüftung, NRA</li><li>Integrierte intelligente Regelelektronik</li></ul>",
    "Use": "<ul> <li>Application: ventilation, natural smoke ventilation</li><li>Integrated intelligent control electronics</li></ul>",
    "Ausstattung": "<ul> <li>Robuste korrosionsbeständige Ausführung in eloxierten Aluminiumgehäuse</li><li>Montagefreundlich durch verstellbaren Klemmring</li><li>Spindel aus Edelstahl, kugelgelagert mit Endlagendämpfung</li><li>Mit Goretex Membrane</li></ul>",
    "Equipment": "<ul> <li>Robust, corrosion-resistant design in anodized casing</li><li>Easy installation thanks to adjustable clamping ring</li><li>Stainless steel spindle on ball bearings with end position cushioning</li><li>with Goretex membrane</li></ul>",
    "Optionen": "<ul> <li>Programmierung von Sonderfunktionen</li><li>Programmierbare Parameter der Regelelektronik</li><li>Schüco Kontroller zur automatischen Konfiguration von Synchronlauf und Folgesteuerungen mit Verriegelungsantrieb in Antriebs-Verbundsystem</li></ul>",
    "Options": "<ul> <li>Programming of special functions</li><li>Programmable parameters of intelligent control electronics</li><li>Schüco controller for automatic configuration of synchronous running and sequence control with locking drives in composite drive systems</li></ul>",
    "IsTwoPce": false,
    "ResultVentWeight": 76,
    "IsLsRsDrive": false,
    "ArticleNumberRs": 0,
    "TwoDrivesSideInstallation50": 1450,
    "TwoDrivesSideInstallation60": 1205,
    "TwoDrivesSideInstallation70": 1035,
    "TwoDrivesSideInstallation80": 905,
    "OpeningSpeedmms": 4,
    "Traction": 1067,
    "Thrust": 1600,
    "Id": "c59d512d-2c01-4e79-a4af-5da238a28f03",
    "CreatedOn": "2024-09-26T13:55:26.817Z",
    "CreatedBy": "",
    "ModifiedOn": "2024-09-26T13:55:26.817Z",
    "ModifiedBy": ""
  },
  {
    "Name": "Linear drive LDN16 L1000",
    "Bezeichnung": "Linearantrieb LDN16 L1000",
    "ConfigurationId": "00000000-0000-0000-0000-000000000000",
    "Description": "",
    "Application": "Roof",
    "ApplicationFacade": false,
    "ApplicationSkylight": true,
    "Type": 2,
    "OpeningType": 0,
    "BottomHungInward": false,
    "BottomHungOutward": true,
    "SideHungInward": false,
    "SideHungOutward": false,
    "TopHungInward": false,
    "TopHungOutward": true,
    "ProjectedTopHungInward": false,
    "ProjectedTopHungOutward": false,
    "InstallationType": "",
    "ITMainOutFrmMountWBracket": true,
    "ITMainFixOutFrmMount": false,
    "ITMainVentFrmMount": false,
    "ITSideMount50": true,
    "ITSideMount60": true,
    "ITSideMount70": true,
    "ITSideMount80": true,
    "ITSideMount67": false,
    "Feature": "",
    "FeatureOpenClose": true,
    "FeatureLock": true,
    "ArticleNumber": 291935,
    "Stroke": 1000,
    "Angle": 0,
    "Voltage": "24 V DC",
    "Voltage24": true,
    "Voltage230": false,
    "RatedCurrent": 2,
    "BreakingCurrent": 2,
    "PullingForceMax": 1600,
    "PushingForceMax": 1600,
    "PullingForceMaxWithNegativeWind": 0,
    "PushingForceMaxWithNegativeWind": 0,
    "PushingForcePermanent": 1066.67,
    "PullingForcePermanent": 1066.67,
    "MinPullingForceMax": 0,
    "MinPushingForceMax": 1131.88,
    "MinPullingForcePermanent": 0,
    "MinPushingForcePermanent": 387.88,
    "Price": 678.01,
    "DriveLength": 0,
    "ChainDrive": 450,
    "ChainDrive2": 450,
    "MaxLengthMainClosingEdge1Drive": 2100,
    "MaxGeometricArea": 2,
    "GeometricalSmokeExhaustion": 0,
    "TotalGlassThickness": 0,
    "Dimensions": 0,
    "DimensionsWxHxD": "1323 x Ø36",
    "TensileForce": 0,
    "LockingForce": 0,
    "Details_DE": "<ul> <li>Bemessungsspannung: 24 V DC (19 V … 28 V)</li><li>Abschaltstrom: 2,5 A</li><li>Bemessungsstrom: 1,9 A</li><li>Bemessungsaufnahme: 45 W</li><li>Schutzart: IP 65</li> <li>Zug-/Schubkraft: max. 1600 N</li><li>Umgebungstemperatur: -5°C bis + 60°C</li><li>Anschlussleitung: Halogenfrei, grau 3 x 1mm², ~3m</li><li>Max. Geschwindigkeit: 7 mm/s</li></ul>",
    "Details_EN": "<ul> <li>Rated voltage: 24 V DC (19 V … 28 V)</li> <li>Breaking current: 2.5 A</li> <li>Rated current: 1.9 A</li> <li>Rated consumption: 45 W</li> <li>Protection rating: IP 65</li><li>Traction/ thrust: max. 1600N</li> <li>Ambient temperature: -5°C to + 60°C</li> <li>Connecting cable: halogen-free, grey 3 x 1mm², ~3m</li> <li>Max. speed: 7 mm/s</li> </ul>",
    "Einsatz": "<ul> <li>Anwendung: Lüftung, NRA</li><li>Integrierte intelligente Regelelektronik</li></ul>",
    "Use": "<ul> <li>Application: ventilation, natural smoke ventilation</li><li>Integrated intelligent control electronics</li></ul>",
    "Ausstattung": "<ul> <li>Robuste korrosionsbeständige Ausführung in eloxierten Aluminiumgehäuse</li><li>Montagefreundlich durch verstellbaren Klemmring</li><li>Spindel aus Edelstahl, kugelgelagert mit Endlagendämpfung</li><li>Mit Goretex Membrane</li></ul>",
    "Equipment": "<ul> <li>Robust, corrosion-resistant design in anodized casing</li><li>Easy installation thanks to adjustable clamping ring</li><li>Stainless steel spindle on ball bearings with end position cushioning</li><li>with Goretex membrane</li></ul>",
    "Optionen": "<ul> <li>Programmierung von Sonderfunktionen</li><li>Programmierbare Parameter der Regelelektronik</li><li>Schüco Kontroller zur automatischen Konfiguration von Synchronlauf und Folgesteuerungen mit Verriegelungsantrieb in Antriebs-Verbundsystem</li></ul>",
    "Options": "<ul> <li>Programming of special functions</li><li>Programmable parameters of intelligent control electronics</li><li>Schüco controller for automatic configuration of synchronous running and sequence control with locking drives in composite drive systems</li></ul>",
    "IsTwoPce": false,
    "ResultVentWeight": 76,
    "IsLsRsDrive": false,
    "ArticleNumberRs": 0,
    "TwoDrivesSideInstallation50": 1450,
    "TwoDrivesSideInstallation60": 1205,
    "TwoDrivesSideInstallation70": 1035,
    "TwoDrivesSideInstallation80": 905,
    "OpeningSpeedmms": 7,
    "Traction": 1067,
    "Thrust": 1600,
    "Id": "0cac3e79-29f8-4684-8301-6ab4bc4d97a2",
    "CreatedOn": "2024-09-26T13:55:26.817Z",
    "CreatedBy": "",
    "ModifiedOn": "2024-09-26T13:55:26.817Z",
    "ModifiedBy": ""
  },
  {
    "Name": "Linear drive LDH15 L1000",
    "Bezeichnung": "Linearantrieb LDH15 L1000",
    "ConfigurationId": "00000000-0000-0000-0000-000000000000",
    "Description": "",
    "Application": "Roof",
    "ApplicationFacade": false,
    "ApplicationSkylight": true,
    "Type": 2,
    "OpeningType": 0,
    "BottomHungInward": false,
    "BottomHungOutward": true,
    "SideHungInward": false,
    "SideHungOutward": false,
    "TopHungInward": false,
    "TopHungOutward": true,
    "ProjectedTopHungInward": false,
    "ProjectedTopHungOutward": false,
    "InstallationType": "",
    "ITMainOutFrmMountWBracket": true,
    "ITMainFixOutFrmMount": false,
    "ITMainVentFrmMount": false,
    "ITSideMount50": true,
    "ITSideMount60": true,
    "ITSideMount70": true,
    "ITSideMount80": true,
    "ITSideMount67": false,
    "Feature": "",
    "FeatureOpenClose": true,
    "FeatureLock": true,
    "ArticleNumber": 291942,
    "Stroke": 1000,
    "Angle": 0,
    "Voltage": "24 V DC",
    "Voltage24": true,
    "Voltage230": false,
    "RatedCurrent": 3,
    "BreakingCurrent": 4,
    "PullingForceMax": 1500,
    "PushingForceMax": 1500,
    "PullingForceMaxWithNegativeWind": 0,
    "PushingForceMaxWithNegativeWind": 0,
    "PushingForcePermanent": 1000,
    "PullingForcePermanent": 1000,
    "MinPullingForceMax": 0,
    "MinPushingForceMax": 1131.88,
    "MinPullingForcePermanent": 0,
    "MinPushingForcePermanent": 387.88,
    "Price": 847.11,
    "DriveLength": 0,
    "ChainDrive": 450,
    "ChainDrive2": 450,
    "MaxLengthMainClosingEdge1Drive": 2100,
    "MaxGeometricArea": 2,
    "GeometricalSmokeExhaustion": 0,
    "TotalGlassThickness": 0,
    "Dimensions": 0,
    "DimensionsWxHxD": "1441 x Ø50",
    "TensileForce": 0,
    "LockingForce": 0,
    "Details_DE": "<ul> <li>Bemessungsspannung: 24 V DC (19 V … 28 V)</li><li>Abschaltstrom: 4,0 A</li><li>Bemessungsstrom: 3,0 A</li><li>Bemessungsaufnahme: 72 W</li><li>Schutzart: IP 54</li> <li>Zug-/Schubkraft: max. 1500 N</li><li>Umgebungstemperatur: -5°C bis + 60°C</li><li>Anschlussleitung: Halogenfrei, grau 3 x 1mm², ~3m</li><li>Max. Geschwindigkeit: 16 mm/s</li></ul>",
    "Details_EN": "<ul> <li>Rated voltage: 24 V DC (19 V … 28 V)</li> <li>Breaking current: 4.0 A</li> <li>Rated current: 3.0 A</li> <li>Rated consumption: 72 W</li> <li>Protection rating: IP 54</li><li>Traction/ thrust: max. 1500N</li> <li>Ambient temperature: -5°C to + 60°C</li> <li>Connecting cable: halogen-free, grey 3 x 1mm², ~3m</li> <li>Max. speed: 16 mm/s</li> </ul>",
    "Einsatz": "<ul> <li>Anwendung: Lüftung, NRA</li><li>Integrierte intelligente Regelelektronik</li></ul>",
    "Use": "<ul> <li>Application: ventilation, natural smoke ventilation</li><li>Integrated intelligent control electronics</li></ul>",
    "Ausstattung": "<ul> <li>Robuste korrosionsbeständige Ausführung in eloxierten Aluminiumgehäuse</li><li>Montagefreundlich durch verstellbaren Klemmring</li><li>Spindel aus Edelstahl, kugelgelagert mit Endlagendämpfung</li><li>Mit Goretex Membrane</li></ul>",
    "Equipment": "<ul> <li>Robust, corrosion-resistant design in anodized casing</li><li>Easy installation thanks to adjustable clamping ring</li><li>Stainless steel spindle on ball bearings with end position cushioning</li><li>with Goretex membrane</li></ul>",
    "Optionen": "<ul> <li>Programmierung von Sonderfunktionen</li><li>Programmierbare Parameter der Regelelektronik</li><li>Schüco Kontroller zur automatischen Konfiguration von Synchronlauf und Folgesteuerungen mit Verriegelungsantrieb in Antriebs-Verbundsystem</li></ul>",
    "Options": "<ul> <li>Programming of special functions</li><li>Programmable parameters of intelligent control electronics</li><li>Schüco controller for automatic configuration of synchronous running and sequence control with locking drives in composite drive systems</li></ul>",
    "IsTwoPce": false,
    "ResultVentWeight": 76,
    "IsLsRsDrive": true,
    "ArticleNumberRs": 291942,
    "TwoDrivesSideInstallation50": 1450,
    "TwoDrivesSideInstallation60": 1205,
    "TwoDrivesSideInstallation70": 1035,
    "TwoDrivesSideInstallation80": 905,
    "OpeningSpeedmms": 16,
    "Traction": 1000,
    "Thrust": 1500,
    "Id": "a1086267-f160-4f1d-8df3-e52c946a029b",
    "CreatedOn": "2024-09-26T13:55:26.818Z",
    "CreatedBy": "",
    "ModifiedOn": "2024-09-26T13:55:26.818Z",
    "ModifiedBy": ""
  },
  {
    "Name": "Locking actuator roof",
    "Bezeichnung": "Verr.antrieb Dachf 600N",
    "ConfigurationId": "00000000-0000-0000-0000-000000000000",
    "Description": "",
    "Application": "",
    "ApplicationFacade": false,
    "ApplicationSkylight": true,
    "Type": 5,
    "OpeningType": 0,
    "BottomHungInward": false,
    "BottomHungOutward": true,
    "SideHungInward": false,
    "SideHungOutward": false,
    "TopHungInward": false,
    "TopHungOutward": true,
    "ProjectedTopHungInward": false,
    "ProjectedTopHungOutward": false,
    "InstallationType": "",
    "ITMainOutFrmMountWBracket": true,
    "ITMainFixOutFrmMount": false,
    "ITMainVentFrmMount": false,
    "ITSideMount50": true,
    "ITSideMount60": true,
    "ITSideMount70": true,
    "ITSideMount80": true,
    "ITSideMount67": false,
    "Feature": "",
    "FeatureOpenClose": true,
    "FeatureLock": false,
    "ArticleNumber": 291954,
    "Stroke": 0,
    "Angle": 0,
    "Voltage": null,
    "Voltage24": true,
    "Voltage230": false,
    "RatedCurrent": 0,
    "BreakingCurrent": 0,
    "PullingForceMax": 0,
    "PushingForceMax": 0,
    "PullingForceMaxWithNegativeWind": 0,
    "PushingForceMaxWithNegativeWind": 0,
    "PushingForcePermanent": 0,
    "PullingForcePermanent": 0,
    "MinPullingForceMax": 0,
    "MinPushingForceMax": 0,
    "MinPullingForcePermanent": 0,
    "MinPushingForcePermanent": 0,
    "Price": 225.16,
    "DriveLength": 0,
    "ChainDrive": 0,
    "ChainDrive2": 0,
    "MaxLengthMainClosingEdge1Drive": 0,
    "MaxGeometricArea": 0,
    "GeometricalSmokeExhaustion": 0,
    "TotalGlassThickness": 0,
    "Dimensions": 0,
    "DimensionsWxHxD": "415 x 26 x 26",
    "TensileForce": 0,
    "LockingForce": 0,
    "Details_DE": "<ul> <li>Bemessungsspannung: 24 V DC (19 V … 28 V)</li> <li>Abschaltstrom: ~1,0 A</li> <li>Bemessungsstrom: 0,6 A</li> <li>Bemessungsaufnahme: 15 W</li> <li>Schutzart: IP 32</li><li>Zug-/Schubkraft: max. 600 N</li> <li>Umgebungstemperatur: -5°C bis + 60°C</li> <li>Anschlussleitung: Halogenfrei, grau 3x 0,5mm², ~3m</li> <li>Laufzeit: ~ 5s</li><li>Hub: ~ 18mm</li> </ul>",
    "Details_EN": "<ul> <li>Rated voltage : 24 V DC (19 V … 28 V</li> <li>Breaking current : ~1,0 A</li> <li>Rated current : 0,6 A</li> <li>Rated consumption : 15 W</li> <li>Protection rating : IP 32</li><li>Traction/ thrust : max. 600 N</li> <li>Ambient temperature: -5°C bis + 60°C</li> <li>Connecting cable: halogen-free, grey 3 x 0,5mm², ~3m</li> <li>Running time: ~ 5s</li><li>Stroke: ~ 18mm</li> </ul>",
    "Einsatz": "<ul> <li>Anwendung: Lüftung, NRA</li><li>Integrierte intelligente Regelelektronik</li></ul>",
    "Use": "<ul> <li>Application: ventilation, natural smoke ventilation</li> <li>Integrated intelligent control electronics</li></ul>",
    "Ausstattung": "<ul><li>Laufrichtung einstellbar</li></ul>",
    "Equipment": "<ul><li>Running direction adjustable</li></ul>",
    "Optionen": "<ul> <li>Mitnehmer objekt-/profilspezifisch anpassbar</li></ul>",
    "Options": "<ul> <li>Coupling adapter customizable for project-/profile-specific demands</li></ul>",
    "IsTwoPce": false,
    "ResultVentWeight": 0,
    "IsLsRsDrive": false,
    "ArticleNumberRs": 0,
    "TwoDrivesSideInstallation50": 0,
    "TwoDrivesSideInstallation60": 0,
    "TwoDrivesSideInstallation70": 0,
    "TwoDrivesSideInstallation80": 0,
    "OpeningSpeedmms": 0,
    "Traction": 0,
    "Thrust": 0,
    "Id": "2b6ffe33-0cb6-494e-a561-679dc2adeb63",
    "CreatedOn": "2024-09-26T13:55:26.817Z",
    "CreatedBy": "",
    "ModifiedOn": "2024-09-26T13:55:26.817Z",
    "ModifiedBy": ""
  }
]

13:56:08.054 [main] INFO  com.intuit.karate - Expected RecommDrive: Chain actuator D15 1000,Linear drive LDB16 L1000,Linear drive LDN16 L1000,Linear drive LDH15 L1000,Locking actuator roof 
13:56:08.054 [main] INFO  com.intuit.karate - Actual RecommDrive: Chain actuator D15 1000, Linear drive LDB16 L1000, Linear drive LDN16 L1000, Linear drive LDH15 L1000, Locking actuator roof 
13:56:08.054 [main] INFO  com.intuit.karate - Normalized Actual RecommDrive: Chain actuator D15 1000,Linear drive LDB16 L1000,Linear drive LDN16 L1000,Linear drive LDH15 L1000,Locking actuator roof 
13:56:08.054 [main] INFO  com.intuit.karate - Normalized Expected RecommDrive: Chain actuator D15 1000,Linear drive LDB16 L1000,Linear drive LDN16 L1000,Linear drive LDH15 L1000,Locking actuator roof 
13:56:08.055 [main] INFO  com.intuit.karate - All Drive IDs: [
  "90ac7369-1005-4606-a3db-7a7875b6ff77",
  "c59d512d-2c01-4e79-a4af-5da238a28f03",
  "0cac3e79-29f8-4684-8301-6ab4bc4d97a2",
  "a1086267-f160-4f1d-8df3-e52c946a029b",
  "2b6ffe33-0cb6-494e-a561-679dc2adeb63"
]
 
13:56:08.055 [main] INFO  com.intuit.karate - First Drive ID: 90ac7369-1005-4606-a3db-7a7875b6ff77 
13:56:08.057 [main] DEBUG com.intuit.karate - request:
3 > POST https://dev-drivetec-apis.schuecodigitalsolutions.com/api/Drives/DownloadPDFNew/Schuco
3 > Content-Type: application/json; charset=UTF-8
3 > Content-Length: 1194
3 > Host: dev-drivetec-apis.schuecodigitalsolutions.com
3 > Connection: Keep-Alive
3 > User-Agent: Apache-HttpClient/4.5.14 (Java/17.0.12)
3 > Accept-Encoding: gzip,deflate
[{"Id":"configId","Header":"configId","Value":"affe5855-3285-4fff-b394-46ecfdf1ab37"},{"Id":"driveId","Header":"driveId","Value":"90ac7369-1005-4606-a3db-7a7875b6ff77"},{"Id":"culture","Header":"culture","Value":"EN-US"},{"Id":"projectId","Header":"projectId","Value":"2afcf090-6588-4022-aa5e-49fca51f940e"},{"Id":"range-of-app","Header":"Range of application","Value":"Façade"},{"Id":"opening-type","Header":"Opening type","Value":"Bottom-hung vent"},{"Id":"opening-direction","Header":"Opening direction","Value":"Inward"},{"Id":"how-calc-weight","Header":"Vent weight","Value":"Weight including glass"},{"Id":"Chain-Length","Header":"Chain- \/ connecting rod handle","Value":"100%"},{"Id":"drive-position","Header":"Drive position","Value":"Side installation"},{"Id":"locking-mechanism","Header":"Locking mechanism","Value":"With"},{"Id":"voltage","Header":"Voltage","Value":"24 V"},{"Id":"drive-type","Header":"Drive type","Value":"Chain drive"},{"Id":"type-installation","Header":"Type of installation","Value":"Pivoting Outer Frame Installation"},{"Id":"calculation-type-for-ventilation-area","Header":"Calculation type for ventilation area","Value":"Method in accordance with ASR 3.6"}]

13:56:09.545 [main] DEBUG com.intuit.karate - response time in milliseconds: 1487
3 < 200
3 < Content-Type: application/json; charset=utf-8
3 < Date: Thu, 05 Dec 2024 08:26:07 GMT
3 < Server: Microsoft-IIS/10.0
3 < X-Powered-By: ASP.NET
3 < Content-Length: 278
3 < Connection: keep-alive
{
  "result": "https://drive-tec-dev.s3.amazonaws.com/AUT_TPJ33518-Chain_actuator_D15_1000.pdf?AWSAccessKeyId=AKIAZAWIART4ZFAXXPHK&Expires=1733390767&response-content-disposition=attachment%3B&response-content-type=application%2Fpdf&Signature=k6bqaXWvqlUwAGapwcxdX39kG9U%3D"
}

13:56:09.545 [main] INFO  com.intuit.karate - Download URL for first driveId: https://drive-tec-dev.s3.amazonaws.com/AUT_TPJ33518-Chain_actuator_D15_1000.pdf?AWSAccessKeyId=AKIAZAWIART4ZFAXXPHK&Expires=1733390767&response-content-disposition=attachment%3B&response-content-type=application%2Fpdf&Signature=k6bqaXWvqlUwAGapwcxdX39kG9U%3D 
13:56:09.549 [main] INFO  com.intuit.karate - karate.env system property was: null 
13:56:09.552 [main] INFO  com.intuit.karate - Running test for dataset:  Dataset64 
13:56:09.556 [main] INFO  com.intuit.karate - Using ProjectId:  {
  "result": {
    "projectId": "prjId"
  },
  "projectPayload": {
    "Id": "579816e4-6653-4794-b435-a885f32e28d7",
    "Name": "AUT_TPJ33518",
    "Address": "Hyderabad, Telangana, India",
    "Description": "",
    "CreatedBy": "579816e4-6653-4794-b435-a885f32e28d7",
    "ModifiedBy": "579816e4-6653-4794-b435-a885f32e28d7"
  },
  "uniqueName": "AUT_TPJ33518",
  "responseHeaders": {
    "Content-Type": [
      "application/json; charset=utf-8"
    ],
    "Date": [
      "Thu, 05 Dec 2024 08:22:12 GMT"
    ],
    "Server": [
      "Microsoft-IIS/10.0"
    ],
    "X-Powered-By": [
      "ASP.NET"
    ],
    "transfer-encoding": [
      "chunked"
    ],
    "Connection": [
      "keep-alive"
    ],
    "Set-Cookie": [
    ]
  },
  "responseTime": 841,
  "response": {
    "Name": "AUT_TPJ33518",
    "Description": "",
    "Address": "Hyderabad, Telangana, India",
    "Id": "2afcf090-6588-4022-aa5e-49fca51f940e",
    "CreatedOn": "2024-12-05T08:22:11.998251+00:00",
    "CreatedBy": "579816e4-6653-4794-b435-a885f32e28d7",
    "ModifiedOn": "2024-12-05T08:22:11.9982526+00:00",
    "ModifiedBy": ""
  },
  "responseStatus": 200,
  "prjId": "2afcf090-6588-4022-aa5e-49fca51f940e",
  "projectId": "2afcf090-6588-4022-aa5e-49fca51f940e"
}
 
13:56:09.559 [main] DEBUG com.intuit.karate - request:
1 > POST https://dev-drivetec-apis.schuecodigitalsolutions.com/Configurations
1 > Content-Type: application/json; charset=UTF-8
1 > Content-Length: 1275
1 > Host: dev-drivetec-apis.schuecodigitalsolutions.com
1 > Connection: Keep-Alive
1 > User-Agent: Apache-HttpClient/4.5.14 (Java/17.0.12)
1 > Accept-Encoding: gzip,deflate
{"Id":"00000000-0000-0000-0000-000000000000","ProjectId":"2afcf090-6588-4022-aa5e-49fca51f940e","Name":"Dataset9559","Description":"Dataset9559","CustomTags":"","CreatedBy":"579816e4-6653-4794-b435-a885f32e28d7","ModifiedBy":"579816e4-6653-4794-b435-a885f32e28d7","ApplicationName":1,"System":"","FacadeInclination":0,"OpeningType":1,"OpeningDirection":1,"OpeningWidth":1000,"VentOuterWidth":1230,"VentOuterHeight":1480,"VentWeight":70,"CalculateWeightWithGlass":false,"WeightIncGlassOrThickness":false,"GlassThickness":14,"ProfileWeightPerSerialMeter":2.5,"IsWindowOpeningCalculationByAngle":1,"RequiredOpeningStroke":400,"OpeningAngle":15,"WindLoad":120,"SnowLoad":0,"DrivePosition":2,"InstallationPosition":1,"ChainLengthConnectingRodHandle":5,"LockingMechanism":1,"Voltage":1,"DriveType":1,"TypeOfInstallation":2,"CalculationTypeForVentilation":1,"CalcVentilation":1,"GeometricArea":1,"SpecificExhaustDimension":30,"BuildingDepth":75,"RevealDepth":0,"RevealDepthRectangleAngle1":0,"RevealDepthRectangleAngle2":0,"HeightOfProfile":0,"HeightProfileRectangleAngle1":0,"HeightProfileRectangleAngle2":0,"AkippOrAtilt":0,"AdrehOrAturn":0,"Ageo":0,"MinPullingForceMax":0,"MinPushingForceMax":0,"MinPullingForcePermanent":0,"MinPushingForcePermanent":0,"ForceWithNegativeWind":0}

13:56:10.218 [main] DEBUG com.intuit.karate - response time in milliseconds: 658
1 < 200
1 < Content-Type: application/json; charset=utf-8
1 < Date: Thu, 05 Dec 2024 08:26:07 GMT
1 < Server: Microsoft-IIS/10.0
1 < X-Powered-By: ASP.NET
1 < Content-Length: 2032
1 < Connection: keep-alive
{
  "ProjectId": "2afcf090-6588-4022-aa5e-49fca51f940e",
  "Name": "Dataset9559",
  "Description": "Dataset9559",
  "CustomTags": "",
  "ApplicationName": 1,
  "OpeningType": 1,
  "OpeningDirection": 1,
  "CalculateWeightWithGlass": false,
  "WindLoad": 120,
  "IsWindowOpeningCalculationByAngle": 1,
  "VentOuterWidth": 1230,
  "VentOuterHeight": 1480,
  "WeightIncGlassOrThickness": false,
  "VentWeight": 77,
  "VentWeightExact": 77.26400000000001,
  "GlassThickness": 14,
  "ProfileWeightPerSerialMeter": 2.5,
  "FacadeInclination": 0,
  "ChainLengthConnectingRodHandle": 5,
  "ChainLenghtConnectingRodHandle": 0,
  "RequiredOpeningStroke": 400,
  "OpeningWidth": 1000,
  "OpeningAngle": 15.532868337024489,
  "SpecificExhaustDimension": 30,
  "BuildingDepth": 75,
  "SnowLoad": 0,
  "DistanceHinge": 0,
  "RatedCurrent": 0,
  "DrivePosition": 2,
  "LockingMechanism": 1,
  "Voltage": 1,
  "DriveType": 1,
  "TypeOfInstallation": 2,
  "GeometricArea": 0,
  "CalculationTypeForVentilation": 1,
  "HeightOfProfile": 0,
  "Reveal": 0,
  "RevealDepth": 0,
  "HeightProfileRectangleAngle1": 0,
  "HeightProfileRectangleAngle2": 0,
  "RevealDepthRectangleAngle1": 0,
  "RevealDepthRectangleAngle2": 0,
  "RevealDepthRectangleAngle12": 0,
  "InstallationPosition": 0,
  "RecommendedDriveArticleNo": 0,
  "System": "",
  "AkippOrAtilt": 1.084,
  "AdrehOrAturn": 1.8204,
  "Ageo": 1.084,
  "MinPullingForceMax": -206.4868442161654,
  "MinPushingForceMax": -206.4868442161654,
  "MinPullingForcePermanent": -104.11163259218097,
  "MinPushingForcePermanent": -104.11163259218097,
  "ForceWithNegativeWind": 109.53156767199486,
  "ForceWithNoWindMin": 0.30763693489047433,
  "ForceWithNegativeWindMin": 0,
  "ForceWithWindMin": -108.91629380221393,
  "Id": "f504ebad-e95e-437e-a239-1b2bb19208a4",
  "CreatedOn": "2024-12-05T08:26:07.7357991+00:00",
  "CreatedBy": "579816e4-6653-4794-b435-a885f32e28d7",
  "ModifiedOn": "2024-12-05T08:26:07.7358002+00:00",
  "ModifiedBy": ""
}

13:56:10.219 [main] INFO  com.intuit.karate - Generated Config ID: f504ebad-e95e-437e-a239-1b2bb19208a4 
13:56:10.220 [main] INFO  com.intuit.karate - Generated Name: Dataset9559 
13:56:10.220 [main] INFO  com.intuit.karate - Generated Description: Dataset9559 
13:56:10.224 [main] DEBUG com.intuit.karate - request:
1 > PUT https://dev-drivetec-apis.schuecodigitalsolutions.com/Configurations
1 > Content-Type: application/json; charset=UTF-8
1 > Content-Length: 1285
1 > Host: dev-drivetec-apis.schuecodigitalsolutions.com
1 > Connection: Keep-Alive
1 > User-Agent: Apache-HttpClient/4.5.14 (Java/17.0.12)
1 > Accept-Encoding: gzip,deflate
{"Id":"f504ebad-e95e-437e-a239-1b2bb19208a4","Name":"Dataset64","Description":"Dataset9559","ProjectId":"2afcf090-6588-4022-aa5e-49fca51f940e","CustomTags":"","CreatedBy":"579816e4-6653-4794-b435-a885f32e28d7","ModifiedBy":"579816e4-6653-4794-b435-a885f32e28d7","System":"","FacadeInclination":10,"OpeningType":5,"OpeningDirection":1,"OpeningWidth":1000,"VentOuterWidth":1000,"VentOuterHeight":1000,"VentWeight":0,"CalculateWeightWithGlass":false,"RequiredOpeningStroke":500,"WindLoad":106,"SnowLoad":1000,"IsWindowOpeningCalculationByAngle":1,"GlassThickness":14,"ProfileWeightPerSerialMeter":2.5,"DrivePosition":1,"InstallationPosition":0,"LockingMechanism":1,"Voltage":1,"DriveType":3,"TypeOfInstallation":2,"GeometricArea":0,"CalcVentilation":1,"SpecificExhaustDimension":45,"BuildingDepth":90,"CalculationTypeForVentilation":1,"HeightOfProfile":30,"HeightProfileRectangleAngle1":35,"HeightProfileRectangleAngle2":2,"RevealDepth":200,"RevealDepthRectangleAngle1":150,"RevealDepthRectangleAngle2":1000,"ChainLengthConnectingRodHandle":1,"ApplicationName":2,"OpeningAngle":10,"WeightIncGlassOrThickness":false,"AkippOrAtilt":0,"AdrehOrAturn":0,"Ageo":0,"MinPullingForceMax":0,"MinPushingForceMax":0,"MinPullingForcePermanent":0,"MinPushingForcePermanent":0,"ForceWithNegativeWind":0}

13:56:10.868 [main] DEBUG com.intuit.karate - response time in milliseconds: 643
1 < 200
1 < Content-Type: application/json; charset=utf-8
1 < Date: Thu, 05 Dec 2024 08:26:08 GMT
1 < Server: Microsoft-IIS/10.0
1 < X-Powered-By: ASP.NET
1 < Content-Length: 2046
1 < Connection: keep-alive
{
  "ProjectId": "2afcf090-6588-4022-aa5e-49fca51f940e",
  "Name": "Dataset64",
  "Description": "Dataset9559",
  "CustomTags": "",
  "ApplicationName": 2,
  "OpeningType": 5,
  "OpeningDirection": 1,
  "CalculateWeightWithGlass": false,
  "WindLoad": 106,
  "IsWindowOpeningCalculationByAngle": 1,
  "VentOuterWidth": 1000,
  "VentOuterHeight": 1000,
  "WeightIncGlassOrThickness": false,
  "VentWeight": 45,
  "VentWeightExact": 45,
  "GlassThickness": 14,
  "ProfileWeightPerSerialMeter": 2.5,
  "FacadeInclination": 10,
  "ChainLengthConnectingRodHandle": 1,
  "ChainLenghtConnectingRodHandle": 0,
  "RequiredOpeningStroke": 500,
  "OpeningWidth": 1000,
  "OpeningAngle": 60.00000000000001,
  "SpecificExhaustDimension": 45,
  "BuildingDepth": 90,
  "SnowLoad": 1000,
  "DistanceHinge": 0,
  "RatedCurrent": 0,
  "DrivePosition": 1,
  "LockingMechanism": 1,
  "Voltage": 1,
  "DriveType": 3,
  "TypeOfInstallation": 2,
  "GeometricArea": 0,
  "CalculationTypeForVentilation": 1,
  "HeightOfProfile": 30,
  "Reveal": 0,
  "RevealDepth": 200,
  "HeightProfileRectangleAngle1": 35,
  "HeightProfileRectangleAngle2": 2,
  "RevealDepthRectangleAngle1": 150,
  "RevealDepthRectangleAngle2": 1000,
  "RevealDepthRectangleAngle12": 0,
  "InstallationPosition": 0,
  "RecommendedDriveArticleNo": 0,
  "System": "",
  "AkippOrAtilt": 2,
  "AdrehOrAturn": 1,
  "Ageo": 1,
  "MinPullingForceMax": 547.8202710752943,
  "MinPushingForceMax": 1232.6254341413323,
  "MinPullingForcePermanent": 443.17040115559377,
  "MinPushingForcePermanent": 443.17040115559377,
  "ForceWithNegativeWind": 1229.432350056411,
  "ForceWithNoWindMin": 177.76208219984343,
  "ForceWithNegativeWindMin": 439.74685225716934,
  "ForceWithWindMin": 547.8202710752943,
  "Id": "f504ebad-e95e-437e-a239-1b2bb19208a4",
  "CreatedOn": "0001-01-01T00:00:00",
  "CreatedBy": "579816e4-6653-4794-b435-a885f32e28d7",
  "ModifiedOn": "2024-12-05T08:26:08.3826032+00:00",
  "ModifiedBy": "579816e4-6653-4794-b435-a885f32e28d7"
}

13:56:10.869 [main] INFO  com.intuit.karate - VentWeight from API Response: 45 
13:56:10.871 [main] INFO  com.intuit.karate - Rounded Opening Angle: 60.0 
13:56:10.871 [main] INFO  com.intuit.karate - Rounded Ageo: 1.0 
13:56:10.871 [main] INFO  com.intuit.karate - Rounded Required Opening Stroke: 500.0 
13:56:10.871 [main] INFO  com.intuit.karate - Rounded Vent Weight: 45.0 
13:56:10.875 [main] DEBUG com.intuit.karate - request:
2 > GET https://dev-drivetec-apis.schuecodigitalsolutions.com/Config/f504ebad-e95e-437e-a239-1b2bb19208a4/Drive
2 > Host: dev-drivetec-apis.schuecodigitalsolutions.com
2 > Connection: Keep-Alive
2 > User-Agent: Apache-HttpClient/4.5.14 (Java/17.0.12)
2 > Accept-Encoding: gzip,deflate


13:56:11.699 [main] DEBUG com.intuit.karate - response time in milliseconds: 822
2 < 200
2 < Content-Type: application/json; charset=utf-8
2 < Date: Thu, 05 Dec 2024 08:26:08 GMT
2 < Server: Microsoft-IIS/10.0
2 < X-Powered-By: ASP.NET
2 < Content-Length: 21634
2 < Connection: keep-alive
[
  {
    "Name": "Linear drive LDB16 L600",
    "Bezeichnung": "Linearantrieb LDB16 L600",
    "ConfigurationId": "00000000-0000-0000-0000-000000000000",
    "Description": "",
    "Application": "Roof",
    "ApplicationFacade": false,
    "ApplicationSkylight": true,
    "Type": 2,
    "OpeningType": 0,
    "BottomHungInward": false,
    "BottomHungOutward": true,
    "SideHungInward": false,
    "SideHungOutward": false,
    "TopHungInward": false,
    "TopHungOutward": true,
    "ProjectedTopHungInward": false,
    "ProjectedTopHungOutward": false,
    "InstallationType": "",
    "ITMainOutFrmMountWBracket": true,
    "ITMainFixOutFrmMount": false,
    "ITMainVentFrmMount": false,
    "ITSideMount50": true,
    "ITSideMount60": true,
    "ITSideMount70": true,
    "ITSideMount80": true,
    "ITSideMount67": false,
    "Feature": "",
    "FeatureOpenClose": true,
    "FeatureLock": true,
    "ArticleNumber": 291925,
    "Stroke": 600,
    "Angle": 0,
    "Voltage": "24 V DC",
    "Voltage24": true,
    "Voltage230": false,
    "RatedCurrent": 1,
    "BreakingCurrent": 1,
    "PullingForceMax": 1600,
    "PushingForceMax": 1600,
    "PullingForceMaxWithNegativeWind": 0,
    "PushingForceMaxWithNegativeWind": 0,
    "PushingForcePermanent": 1066.67,
    "PullingForcePermanent": 1066.67,
    "MinPullingForceMax": 0,
    "MinPushingForceMax": 1232.63,
    "MinPullingForcePermanent": 0,
    "MinPushingForcePermanent": 443.17,
    "Price": 927.66,
    "DriveLength": 0,
    "ChainDrive": 450,
    "ChainDrive2": 450,
    "MaxLengthMainClosingEdge1Drive": 2100,
    "MaxGeometricArea": 1,
    "GeometricalSmokeExhaustion": 0,
    "TotalGlassThickness": 14,
    "Dimensions": 0,
    "DimensionsWxHxD": "923 x Ø36",
    "TensileForce": 0,
    "LockingForce": 0,
    "Details_DE": "<ul> <li>Bemessungsspannung: 24 V DC (19 V … 28 V)</li><li>Abschaltstrom: 1,2 A</li><li>Bemessungsstrom: 1,0 A</li><li>Bemessungsaufnahme: 24 W</li><li>Schutzart: IP 65</li> <li>Zug-/Schubkraft: max. 1600 N</li><li>Umgebungstemperatur: -5°C bis + 60°C</li><li>Anschlussleitung: Halogenfrei, grau 3 x 1mm², ~3m</li><li>Max. Geschwindigkeit: 4 mm/s</li></ul>",
    "Details_EN": "<ul> <li>Rated voltage: 24 V DC (19 V … 28 V)</li> <li>Breaking current: 1.2 A</li> <li>Rated current: 1.0 A</li> <li>Rated consumption: 24 W</li> <li>Protection rating: IP 65</li><li>Traction/ thrust: max. 1600N</li> <li>Ambient temperature: -5°C to + 60°C</li> <li>Connecting cable: halogen-free, grey 3 x 1mm², ~3m</li> <li>Max. speed: 4 mm/s</li> </ul>",
    "Einsatz": "<ul> <li>Anwendung: Lüftung, NRA</li><li>Integrierte intelligente Regelelektronik</li></ul>",
    "Use": "<ul> <li>Application: ventilation, natural smoke ventilation</li><li>Integrated intelligent control electronics</li></ul>",
    "Ausstattung": "<ul> <li>Robuste korrosionsbeständige Ausführung in eloxierten Aluminiumgehäuse</li><li>Montagefreundlich durch verstellbaren Klemmring</li><li>Spindel aus Edelstahl, kugelgelagert mit Endlagendämpfung</li><li>Mit Goretex Membrane</li></ul>",
    "Equipment": "<ul> <li>Robust, corrosion-resistant design in anodized casing</li><li>Easy installation thanks to adjustable clamping ring</li><li>Stainless steel spindle on ball bearings with end position cushioning</li><li>with Goretex membrane</li></ul>",
    "Optionen": "<ul> <li>Programmierung von Sonderfunktionen</li><li>Programmierbare Parameter der Regelelektronik</li><li>Schüco Kontroller zur automatischen Konfiguration von Synchronlauf und Folgesteuerungen mit Verriegelungsantrieb in Antriebs-Verbundsystem</li></ul>",
    "Options": "<ul> <li>Programming of special functions</li><li>Programmable parameters of intelligent control electronics</li><li>Schüco controller for automatic configuration of synchronous running and sequence control with locking drives in composite drive systems</li></ul>",
    "IsTwoPce": true,
    "ResultVentWeight": 45,
    "IsLsRsDrive": false,
    "ArticleNumberRs": 0,
    "TwoDrivesSideInstallation50": 860,
    "TwoDrivesSideInstallation60": 720,
    "TwoDrivesSideInstallation70": 650,
    "TwoDrivesSideInstallation80": 650,
    "OpeningSpeedmms": 4,
    "Traction": 1067,
    "Thrust": 1600,
    "Id": "caa6ec95-1956-47c2-aea3-927118516f27",
    "CreatedOn": "2024-09-26T13:55:26.817Z",
    "CreatedBy": "",
    "ModifiedOn": "2024-09-26T13:55:26.817Z",
    "ModifiedBy": ""
  },
  {
    "Name": "Linear drive LDN8 L600",
    "Bezeichnung": "Linearantrieb LDN8 L600",
    "ConfigurationId": "00000000-0000-0000-0000-000000000000",
    "Description": "",
    "Application": "Roof",
    "ApplicationFacade": false,
    "ApplicationSkylight": true,
    "Type": 2,
    "OpeningType": 0,
    "BottomHungInward": false,
    "BottomHungOutward": true,
    "SideHungInward": false,
    "SideHungOutward": false,
    "TopHungInward": false,
    "TopHungOutward": true,
    "ProjectedTopHungInward": false,
    "ProjectedTopHungOutward": false,
    "InstallationType": "",
    "ITMainOutFrmMountWBracket": true,
    "ITMainFixOutFrmMount": false,
    "ITMainVentFrmMount": false,
    "ITSideMount50": true,
    "ITSideMount60": true,
    "ITSideMount70": true,
    "ITSideMount80": true,
    "ITSideMount67": false,
    "Feature": "",
    "FeatureOpenClose": true,
    "FeatureLock": true,
    "ArticleNumber": 291921,
    "Stroke": 600,
    "Angle": 0,
    "Voltage": "24 V DC",
    "Voltage24": true,
    "Voltage230": false,
    "RatedCurrent": 1,
    "BreakingCurrent": 1,
    "PullingForceMax": 800,
    "PushingForceMax": 800,
    "PullingForceMaxWithNegativeWind": 0,
    "PushingForceMaxWithNegativeWind": 0,
    "PushingForcePermanent": 533.33,
    "PullingForcePermanent": 533.33,
    "MinPullingForceMax": 0,
    "MinPushingForceMax": 1232.63,
    "MinPullingForcePermanent": 0,
    "MinPushingForcePermanent": 443.17,
    "Price": 953.96,
    "DriveLength": 0,
    "ChainDrive": 450,
    "ChainDrive2": 450,
    "MaxLengthMainClosingEdge1Drive": 2100,
    "MaxGeometricArea": 1,
    "GeometricalSmokeExhaustion": 0,
    "TotalGlassThickness": 14,
    "Dimensions": 0,
    "DimensionsWxHxD": "923 x Ø36",
    "TensileForce": 0,
    "LockingForce": 0,
    "Details_DE": "<ul> <li>Bemessungsspannung: 24 V DC (19 V … 28 V)</li><li>Abschaltstrom: 1,4 A</li><li>Bemessungsstrom: 1,0 A</li><li>Bemessungsaufnahme: 24 W</li><li>Schutzart: IP 65</li> <li>Zug-/Schubkraft: max. 800 N</li><li>Umgebungstemperatur: -5°C bis + 60°C</li><li>Anschlussleitung: Halogenfrei, grau 3 x 1mm², ~3m</li><li>Max. Geschwindigkeit: 10 mm/s</li></ul>",
    "Details_EN": "<ul> <li>Rated voltage: 24 V DC (19 V … 28 V)</li> <li>Breaking current: 1.4 A</li> <li>Rated current: 1.0 A</li> <li>Rated consumption: 24 W</li> <li>Protection rating: IP 65</li><li>Traction/ thrust: max. 800 N</li> <li>Ambient temperature: -5°C to + 60°C</li> <li>Connecting cable: halogen-free, grey 3 x 1mm², ~3m</li> <li>Max. speed: 10 mm/s</li> </ul>",
    "Einsatz": "<ul> <li>Anwendung: Lüftung, NRA</li><li>Integrierte intelligente Regelelektronik</li></ul>",
    "Use": "<ul> <li>Application: ventilation, natural smoke ventilation</li><li>Integrated intelligent control electronics</li></ul>",
    "Ausstattung": "<ul> <li>Robuste korrosionsbeständige Ausführung in eloxierten Aluminiumgehäuse</li><li>Montagefreundlich durch verstellbaren Klemmring</li><li>Spindel aus Edelstahl, kugelgelagert mit Endlagendämpfung</li><li>Mit Goretex Membrane</li></ul>",
    "Equipment": "<ul> <li>Robust, corrosion-resistant design in anodized casing</li><li>Easy installation thanks to adjustable clamping ring</li><li>Stainless steel spindle on ball bearings with end position cushioning</li><li>with Goretex membrane</li></ul>",
    "Optionen": "<ul> <li>Programmierung von Sonderfunktionen</li><li>Programmierbare Parameter der Regelelektronik</li><li>Schüco Kontroller zur automatischen Konfiguration von Synchronlauf und Folgesteuerungen mit Verriegelungsantrieb in Antriebs-Verbundsystem</li></ul>",
    "Options": "<ul> <li>Programming of special functions</li><li>Programmable parameters of intelligent control electronics</li><li>Schüco controller for automatic configuration of synchronous running and sequence control with locking drives in composite drive systems</li></ul>",
    "IsTwoPce": true,
    "ResultVentWeight": 45,
    "IsLsRsDrive": false,
    "ArticleNumberRs": 0,
    "TwoDrivesSideInstallation50": 860,
    "TwoDrivesSideInstallation60": 720,
    "TwoDrivesSideInstallation70": 650,
    "TwoDrivesSideInstallation80": 650,
    "OpeningSpeedmms": 10,
    "Traction": 533,
    "Thrust": 800,
    "Id": "48463a62-f9c9-4d97-926e-3b4d5912b247",
    "CreatedOn": "2024-09-26T13:55:26.817Z",
    "CreatedBy": "",
    "ModifiedOn": "2024-09-26T13:55:26.817Z",
    "ModifiedBy": ""
  },
  {
    "Name": "Linear drive LDN10 L600",
    "Bezeichnung": "Linearantrieb LDN10 L600",
    "ConfigurationId": "00000000-0000-0000-0000-000000000000",
    "Description": "",
    "Application": "Roof",
    "ApplicationFacade": false,
    "ApplicationSkylight": true,
    "Type": 2,
    "OpeningType": 0,
    "BottomHungInward": false,
    "BottomHungOutward": true,
    "SideHungInward": false,
    "SideHungOutward": false,
    "TopHungInward": false,
    "TopHungOutward": true,
    "ProjectedTopHungInward": false,
    "ProjectedTopHungOutward": false,
    "InstallationType": "",
    "ITMainOutFrmMountWBracket": true,
    "ITMainFixOutFrmMount": false,
    "ITMainVentFrmMount": false,
    "ITSideMount50": true,
    "ITSideMount60": true,
    "ITSideMount70": true,
    "ITSideMount80": true,
    "ITSideMount67": false,
    "Feature": "",
    "FeatureOpenClose": true,
    "FeatureLock": true,
    "ArticleNumber": 291929,
    "Stroke": 600,
    "Angle": 0,
    "Voltage": "24 V DC",
    "Voltage24": true,
    "Voltage230": false,
    "RatedCurrent": 2,
    "BreakingCurrent": 2,
    "PullingForceMax": 1000,
    "PushingForceMax": 1000,
    "PullingForceMaxWithNegativeWind": 0,
    "PushingForceMaxWithNegativeWind": 0,
    "PushingForcePermanent": 666.67,
    "PullingForcePermanent": 666.67,
    "MinPullingForceMax": 0,
    "MinPushingForceMax": 1232.63,
    "MinPullingForcePermanent": 0,
    "MinPushingForcePermanent": 443.17,
    "Price": 1235.28,
    "DriveLength": 0,
    "ChainDrive": 450,
    "ChainDrive2": 450,
    "MaxLengthMainClosingEdge1Drive": 2100,
    "MaxGeometricArea": 1,
    "GeometricalSmokeExhaustion": 0,
    "TotalGlassThickness": 14,
    "Dimensions": 0,
    "DimensionsWxHxD": "923 x Ø36",
    "TensileForce": 0,
    "LockingForce": 0,
    "Details_DE": "<ul> <li>Bemessungsspannung: 24 V DC (19 V … 28 V)</li><li>Abschaltstrom: 2,5 A</li><li>Bemessungsstrom: 1,9 A</li><li>Bemessungsaufnahme: 45 W</li><li>Schutzart: IP 65</li> <li>Zug-/Schubkraft: max. 1000 N</li><li>Umgebungstemperatur: -5°C bis + 60°C</li><li>Anschlussleitung: Halogenfrei, grau 3 x 1mm², ~3m</li><li>Max. Geschwindigkeit: 12,6 mm/s</li></ul>",
    "Details_EN": "<ul> <li>Rated voltage: 24 V DC (19 V … 28 V)</li> <li>Breaking current: 2.5 A</li> <li>Rated current: 1.9 A</li> <li>Rated consumption: 45 W</li> <li>Protection rating: IP 65</li><li>Traction/ thrust: max. 1000N</li> <li>Ambient temperature: -5°C to + 60°C</li> <li>Connecting cable: halogen-free, grey 3 x 1mm², ~3m</li> <li>Max. speed: 12.6 mm/s</li> </ul>",
    "Einsatz": "<ul> <li>Anwendung: Lüftung, NRA</li><li>Integrierte intelligente Regelelektronik</li></ul>",
    "Use": "<ul> <li>Application: ventilation, natural smoke ventilation</li><li>Integrated intelligent control electronics</li></ul>",
    "Ausstattung": "<ul> <li>Robuste korrosionsbeständige Ausführung in eloxierten Aluminiumgehäuse</li><li>Montagefreundlich durch verstellbaren Klemmring</li><li>Spindel aus Edelstahl, kugelgelagert mit Endlagendämpfung</li><li>Mit Goretex Membrane</li></ul>",
    "Equipment": "<ul> <li>Robust, corrosion-resistant design in anodized casing</li><li>Easy installation thanks to adjustable clamping ring</li><li>Stainless steel spindle on ball bearings with end position cushioning</li><li>with Goretex membrane</li></ul>",
    "Optionen": "<ul> <li>Programmierung von Sonderfunktionen</li><li>Programmierbare Parameter der Regelelektronik</li><li>Schüco Kontroller zur automatischen Konfiguration von Synchronlauf und Folgesteuerungen mit Verriegelungsantrieb in Antriebs-Verbundsystem</li></ul>",
    "Options": "<ul> <li>Programming of special functions</li><li>Programmable parameters of intelligent control electronics</li><li>Schüco controller for automatic configuration of synchronous running and sequence control with locking drives in composite drive systems</li></ul>",
    "IsTwoPce": true,
    "ResultVentWeight": 45,
    "IsLsRsDrive": false,
    "ArticleNumberRs": 0,
    "TwoDrivesSideInstallation50": 860,
    "TwoDrivesSideInstallation60": 720,
    "TwoDrivesSideInstallation70": 650,
    "TwoDrivesSideInstallation80": 650,
    "OpeningSpeedmms": 13,
    "Traction": 667,
    "Thrust": 1000,
    "Id": "97d8f136-25e2-4dc7-9e1a-8863e05c5dca",
    "CreatedOn": "2024-09-26T13:55:26.817Z",
    "CreatedBy": "",
    "ModifiedOn": "2024-09-26T13:55:26.817Z",
    "ModifiedBy": ""
  },
  {
    "Name": "Linear drive LDH15 L600",
    "Bezeichnung": "Linearantrieb LDH15 L600",
    "ConfigurationId": "00000000-0000-0000-0000-000000000000",
    "Description": "",
    "Application": "Roof",
    "ApplicationFacade": false,
    "ApplicationSkylight": true,
    "Type": 2,
    "OpeningType": 0,
    "BottomHungInward": false,
    "BottomHungOutward": true,
    "SideHungInward": false,
    "SideHungOutward": false,
    "TopHungInward": false,
    "TopHungOutward": true,
    "ProjectedTopHungInward": false,
    "ProjectedTopHungOutward": false,
    "InstallationType": "",
    "ITMainOutFrmMountWBracket": true,
    "ITMainFixOutFrmMount": false,
    "ITMainVentFrmMount": false,
    "ITSideMount50": true,
    "ITSideMount60": true,
    "ITSideMount70": true,
    "ITSideMount80": true,
    "ITSideMount67": false,
    "Feature": "",
    "FeatureOpenClose": true,
    "FeatureLock": true,
    "ArticleNumber": 291940,
    "Stroke": 600,
    "Angle": 0,
    "Voltage": "24 V DC",
    "Voltage24": true,
    "Voltage230": false,
    "RatedCurrent": 3,
    "BreakingCurrent": 4,
    "PullingForceMax": 1500,
    "PushingForceMax": 1500,
    "PullingForceMaxWithNegativeWind": 0,
    "PushingForceMaxWithNegativeWind": 0,
    "PushingForcePermanent": 1000,
    "PullingForcePermanent": 1000,
    "MinPullingForceMax": 0,
    "MinPushingForceMax": 1232.63,
    "MinPullingForcePermanent": 0,
    "MinPushingForcePermanent": 443.17,
    "Price": 1602.72,
    "DriveLength": 0,
    "ChainDrive": 450,
    "ChainDrive2": 450,
    "MaxLengthMainClosingEdge1Drive": 2100,
    "MaxGeometricArea": 1,
    "GeometricalSmokeExhaustion": 0,
    "TotalGlassThickness": 14,
    "Dimensions": 0,
    "DimensionsWxHxD": "1041 x Ø50",
    "TensileForce": 0,
    "LockingForce": 0,
    "Details_DE": "<ul> <li>Bemessungsspannung: 24 V DC (19 V … 28 V)</li><li>Abschaltstrom: 4,0 A</li><li>Bemessungsstrom: 3,0 A</li><li>Bemessungsaufnahme: 72 W</li><li>Schutzart: IP 54</li> <li>Zug-/Schubkraft: max. 1500 N</li><li>Umgebungstemperatur: -5°C bis + 60°C</li><li>Anschlussleitung: Halogenfrei, grau 3 x 1mm², ~3m</li><li>Max. Geschwindigkeit: 16 mm/s</li></ul>",
    "Details_EN": "<ul> <li>Rated voltage: 24 V DC (19 V … 28 V)</li> <li>Breaking current: 4.0 A</li> <li>Rated current: 3.0 A</li> <li>Rated consumption: 72 W</li> <li>Protection rating: IP 54</li><li>Traction/ thrust: max. 1500N</li> <li>Ambient temperature: -5°C to + 60°C</li> <li>Connecting cable: halogen-free, grey 3 x 1mm², ~3m</li> <li>Max. speed: 16 mm/s</li> </ul>",
    "Einsatz": "<ul> <li>Anwendung: Lüftung, NRA</li><li>Integrierte intelligente Regelelektronik</li></ul>",
    "Use": "<ul> <li>Application: ventilation, natural smoke ventilation</li><li>Integrated intelligent control electronics</li></ul>",
    "Ausstattung": "<ul> <li>Robuste korrosionsbeständige Ausführung in eloxierten Aluminiumgehäuse</li><li>Montagefreundlich durch verstellbaren Klemmring</li><li>Spindel aus Edelstahl, kugelgelagert mit Endlagendämpfung</li><li>Mit Goretex Membrane</li></ul>",
    "Equipment": "<ul> <li>Robust, corrosion-resistant design in anodized casing</li><li>Easy installation thanks to adjustable clamping ring</li><li>Stainless steel spindle on ball bearings with end position cushioning</li><li>with Goretex membrane</li></ul>",
    "Optionen": "<ul> <li>Programmierung von Sonderfunktionen</li><li>Programmierbare Parameter der Regelelektronik</li><li>Schüco Kontroller zur automatischen Konfiguration von Synchronlauf und Folgesteuerungen mit Verriegelungsantrieb in Antriebs-Verbundsystem</li></ul>",
    "Options": "<ul> <li>Programming of special functions</li><li>Programmable parameters of intelligent control electronics</li><li>Schüco controller for automatic configuration of synchronous running and sequence control with locking drives in composite drive systems</li></ul>",
    "IsTwoPce": true,
    "ResultVentWeight": 45,
    "IsLsRsDrive": false,
    "ArticleNumberRs": 0,
    "TwoDrivesSideInstallation50": 860,
    "TwoDrivesSideInstallation60": 720,
    "TwoDrivesSideInstallation70": 650,
    "TwoDrivesSideInstallation80": 650,
    "OpeningSpeedmms": 16,
    "Traction": 1000,
    "Thrust": 1500,
    "Id": "22513cfe-f1fd-48dd-bd20-88a6f120609a",
    "CreatedOn": "2024-09-26T13:55:26.817Z",
    "CreatedBy": "",
    "ModifiedOn": "2024-09-26T13:55:26.817Z",
    "ModifiedBy": ""
  },
  {
    "Name": "Locking actuator roof",
    "Bezeichnung": "Verr.antrieb Dachf 600N",
    "ConfigurationId": "00000000-0000-0000-0000-000000000000",
    "Description": "",
    "Application": "",
    "ApplicationFacade": false,
    "ApplicationSkylight": true,
    "Type": 5,
    "OpeningType": 0,
    "BottomHungInward": false,
    "BottomHungOutward": true,
    "SideHungInward": false,
    "SideHungOutward": false,
    "TopHungInward": false,
    "TopHungOutward": true,
    "ProjectedTopHungInward": false,
    "ProjectedTopHungOutward": false,
    "InstallationType": "",
    "ITMainOutFrmMountWBracket": true,
    "ITMainFixOutFrmMount": false,
    "ITMainVentFrmMount": false,
    "ITSideMount50": true,
    "ITSideMount60": true,
    "ITSideMount70": true,
    "ITSideMount80": true,
    "ITSideMount67": false,
    "Feature": "",
    "FeatureOpenClose": true,
    "FeatureLock": false,
    "ArticleNumber": 291954,
    "Stroke": 0,
    "Angle": 0,
    "Voltage": null,
    "Voltage24": true,
    "Voltage230": false,
    "RatedCurrent": 0,
    "BreakingCurrent": 0,
    "PullingForceMax": 0,
    "PushingForceMax": 0,
    "PullingForceMaxWithNegativeWind": 0,
    "PushingForceMaxWithNegativeWind": 0,
    "PushingForcePermanent": 0,
    "PullingForcePermanent": 0,
    "MinPullingForceMax": 0,
    "MinPushingForceMax": 0,
    "MinPullingForcePermanent": 0,
    "MinPushingForcePermanent": 0,
    "Price": 225.16,
    "DriveLength": 0,
    "ChainDrive": 0,
    "ChainDrive2": 0,
    "MaxLengthMainClosingEdge1Drive": 0,
    "MaxGeometricArea": 0,
    "GeometricalSmokeExhaustion": 0,
    "TotalGlassThickness": 0,
    "Dimensions": 0,
    "DimensionsWxHxD": "415 x 26 x 26",
    "TensileForce": 0,
    "LockingForce": 0,
    "Details_DE": "<ul> <li>Bemessungsspannung: 24 V DC (19 V … 28 V)</li> <li>Abschaltstrom: ~1,0 A</li> <li>Bemessungsstrom: 0,6 A</li> <li>Bemessungsaufnahme: 15 W</li> <li>Schutzart: IP 32</li><li>Zug-/Schubkraft: max. 600 N</li> <li>Umgebungstemperatur: -5°C bis + 60°C</li> <li>Anschlussleitung: Halogenfrei, grau 3x 0,5mm², ~3m</li> <li>Laufzeit: ~ 5s</li><li>Hub: ~ 18mm</li> </ul>",
    "Details_EN": "<ul> <li>Rated voltage : 24 V DC (19 V … 28 V</li> <li>Breaking current : ~1,0 A</li> <li>Rated current : 0,6 A</li> <li>Rated consumption : 15 W</li> <li>Protection rating : IP 32</li><li>Traction/ thrust : max. 600 N</li> <li>Ambient temperature: -5°C bis + 60°C</li> <li>Connecting cable: halogen-free, grey 3 x 0,5mm², ~3m</li> <li>Running time: ~ 5s</li><li>Stroke: ~ 18mm</li> </ul>",
    "Einsatz": "<ul> <li>Anwendung: Lüftung, NRA</li><li>Integrierte intelligente Regelelektronik</li></ul>",
    "Use": "<ul> <li>Application: ventilation, natural smoke ventilation</li> <li>Integrated intelligent control electronics</li></ul>",
    "Ausstattung": "<ul><li>Laufrichtung einstellbar</li></ul>",
    "Equipment": "<ul><li>Running direction adjustable</li></ul>",
    "Optionen": "<ul> <li>Mitnehmer objekt-/profilspezifisch anpassbar</li></ul>",
    "Options": "<ul> <li>Coupling adapter customizable for project-/profile-specific demands</li></ul>",
    "IsTwoPce": false,
    "ResultVentWeight": 0,
    "IsLsRsDrive": false,
    "ArticleNumberRs": 0,
    "TwoDrivesSideInstallation50": 0,
    "TwoDrivesSideInstallation60": 0,
    "TwoDrivesSideInstallation70": 0,
    "TwoDrivesSideInstallation80": 0,
    "OpeningSpeedmms": 0,
    "Traction": 0,
    "Thrust": 0,
    "Id": "2b6ffe33-0cb6-494e-a561-679dc2adeb63",
    "CreatedOn": "2024-09-26T13:55:26.817Z",
    "CreatedBy": "",
    "ModifiedOn": "2024-09-26T13:55:26.817Z",
    "ModifiedBy": ""
  }
]

13:56:11.707 [main] INFO  com.intuit.karate - Expected RecommDrive: Linear drive LDB16 L600,Linear drive LDN8 L600,Linear drive LDN10 L600,Linear drive LDH15 L600,Locking actuator roof 
13:56:11.707 [main] INFO  com.intuit.karate - Actual RecommDrive: Linear drive LDB16 L600, Linear drive LDN8 L600, Linear drive LDN10 L600, Linear drive LDH15 L600, Locking actuator roof 
13:56:11.707 [main] INFO  com.intuit.karate - Normalized Actual RecommDrive: Linear drive LDB16 L600,Linear drive LDN8 L600,Linear drive LDN10 L600,Linear drive LDH15 L600,Locking actuator roof 
13:56:11.707 [main] INFO  com.intuit.karate - Normalized Expected RecommDrive: Linear drive LDB16 L600,Linear drive LDN8 L600,Linear drive LDN10 L600,Linear drive LDH15 L600,Locking actuator roof 
13:56:11.708 [main] INFO  com.intuit.karate - All Drive IDs: [
  "caa6ec95-1956-47c2-aea3-927118516f27",
  "48463a62-f9c9-4d97-926e-3b4d5912b247",
  "97d8f136-25e2-4dc7-9e1a-8863e05c5dca",
  "22513cfe-f1fd-48dd-bd20-88a6f120609a",
  "2b6ffe33-0cb6-494e-a561-679dc2adeb63"
]
 
13:56:11.709 [main] INFO  com.intuit.karate - First Drive ID: caa6ec95-1956-47c2-aea3-927118516f27 
13:56:11.710 [main] DEBUG com.intuit.karate - request:
3 > POST https://dev-drivetec-apis.schuecodigitalsolutions.com/api/Drives/DownloadPDFNew/Schuco
3 > Content-Type: application/json; charset=UTF-8
3 > Content-Length: 1194
3 > Host: dev-drivetec-apis.schuecodigitalsolutions.com
3 > Connection: Keep-Alive
3 > User-Agent: Apache-HttpClient/4.5.14 (Java/17.0.12)
3 > Accept-Encoding: gzip,deflate
[{"Id":"configId","Header":"configId","Value":"f504ebad-e95e-437e-a239-1b2bb19208a4"},{"Id":"driveId","Header":"driveId","Value":"caa6ec95-1956-47c2-aea3-927118516f27"},{"Id":"culture","Header":"culture","Value":"EN-US"},{"Id":"projectId","Header":"projectId","Value":"2afcf090-6588-4022-aa5e-49fca51f940e"},{"Id":"range-of-app","Header":"Range of application","Value":"Façade"},{"Id":"opening-type","Header":"Opening type","Value":"Bottom-hung vent"},{"Id":"opening-direction","Header":"Opening direction","Value":"Inward"},{"Id":"how-calc-weight","Header":"Vent weight","Value":"Weight including glass"},{"Id":"Chain-Length","Header":"Chain- \/ connecting rod handle","Value":"100%"},{"Id":"drive-position","Header":"Drive position","Value":"Side installation"},{"Id":"locking-mechanism","Header":"Locking mechanism","Value":"With"},{"Id":"voltage","Header":"Voltage","Value":"24 V"},{"Id":"drive-type","Header":"Drive type","Value":"Chain drive"},{"Id":"type-installation","Header":"Type of installation","Value":"Pivoting Outer Frame Installation"},{"Id":"calculation-type-for-ventilation-area","Header":"Calculation type for ventilation area","Value":"Method in accordance with ASR 3.6"}]

13:56:13.113 [main] DEBUG com.intuit.karate - response time in milliseconds: 1401
3 < 200
3 < Content-Type: application/json; charset=utf-8
3 < Date: Thu, 05 Dec 2024 08:26:10 GMT
3 < Server: Microsoft-IIS/10.0
3 < X-Powered-By: ASP.NET
3 < transfer-encoding: chunked
3 < Connection: keep-alive
{
  "result": "https://drive-tec-dev.s3.amazonaws.com/AUT_TPJ33518-Linear_drive_LDB16_L600.pdf?AWSAccessKeyId=AKIAZAWIART4ZFAXXPHK&Expires=1733390771&response-content-disposition=attachment%3B&response-content-type=application%2Fpdf&Signature=34Pz7s%2Bp9VlkqTyhEoXw7Na6O2M%3D"
}

13:56:13.113 [main] INFO  com.intuit.karate - Download URL for first driveId: https://drive-tec-dev.s3.amazonaws.com/AUT_TPJ33518-Linear_drive_LDB16_L600.pdf?AWSAccessKeyId=AKIAZAWIART4ZFAXXPHK&Expires=1733390771&response-content-disposition=attachment%3B&response-content-type=application%2Fpdf&Signature=34Pz7s%2Bp9VlkqTyhEoXw7Na6O2M%3D 
13:56:13.117 [main] INFO  com.intuit.karate - karate.env system property was: null 
13:56:13.118 [main] INFO  com.intuit.karate - Running test for dataset:  Dataset65 
13:56:13.124 [main] INFO  com.intuit.karate - Using ProjectId:  {
  "result": {
    "projectId": "prjId"
  },
  "projectPayload": {
    "Id": "579816e4-6653-4794-b435-a885f32e28d7",
    "Name": "AUT_TPJ33518",
    "Address": "Hyderabad, Telangana, India",
    "Description": "",
    "CreatedBy": "579816e4-6653-4794-b435-a885f32e28d7",
    "ModifiedBy": "579816e4-6653-4794-b435-a885f32e28d7"
  },
  "uniqueName": "AUT_TPJ33518",
  "responseHeaders": {
    "Content-Type": [
      "application/json; charset=utf-8"
    ],
    "Date": [
      "Thu, 05 Dec 2024 08:22:12 GMT"
    ],
    "Server": [
      "Microsoft-IIS/10.0"
    ],
    "X-Powered-By": [
      "ASP.NET"
    ],
    "transfer-encoding": [
      "chunked"
    ],
    "Connection": [
      "keep-alive"
    ],
    "Set-Cookie": [
    ]
  },
  "responseTime": 841,
  "response": {
    "Name": "AUT_TPJ33518",
    "Description": "",
    "Address": "Hyderabad, Telangana, India",
    "Id": "2afcf090-6588-4022-aa5e-49fca51f940e",
    "CreatedOn": "2024-12-05T08:22:11.998251+00:00",
    "CreatedBy": "579816e4-6653-4794-b435-a885f32e28d7",
    "ModifiedOn": "2024-12-05T08:22:11.9982526+00:00",
    "ModifiedBy": ""
  },
  "responseStatus": 200,
  "prjId": "2afcf090-6588-4022-aa5e-49fca51f940e",
  "projectId": "2afcf090-6588-4022-aa5e-49fca51f940e"
}
 
13:56:13.127 [main] DEBUG com.intuit.karate - request:
1 > POST https://dev-drivetec-apis.schuecodigitalsolutions.com/Configurations
1 > Content-Type: application/json; charset=UTF-8
1 > Content-Length: 1275
1 > Host: dev-drivetec-apis.schuecodigitalsolutions.com
1 > Connection: Keep-Alive
1 > User-Agent: Apache-HttpClient/4.5.14 (Java/17.0.12)
1 > Accept-Encoding: gzip,deflate
{"Id":"00000000-0000-0000-0000-000000000000","ProjectId":"2afcf090-6588-4022-aa5e-49fca51f940e","Name":"Dataset3125","Description":"Dataset3125","CustomTags":"","CreatedBy":"579816e4-6653-4794-b435-a885f32e28d7","ModifiedBy":"579816e4-6653-4794-b435-a885f32e28d7","ApplicationName":1,"System":"","FacadeInclination":0,"OpeningType":1,"OpeningDirection":1,"OpeningWidth":1000,"VentOuterWidth":1230,"VentOuterHeight":1480,"VentWeight":70,"CalculateWeightWithGlass":false,"WeightIncGlassOrThickness":false,"GlassThickness":14,"ProfileWeightPerSerialMeter":2.5,"IsWindowOpeningCalculationByAngle":1,"RequiredOpeningStroke":400,"OpeningAngle":15,"WindLoad":120,"SnowLoad":0,"DrivePosition":2,"InstallationPosition":1,"ChainLengthConnectingRodHandle":5,"LockingMechanism":1,"Voltage":1,"DriveType":1,"TypeOfInstallation":2,"CalculationTypeForVentilation":1,"CalcVentilation":1,"GeometricArea":1,"SpecificExhaustDimension":30,"BuildingDepth":75,"RevealDepth":0,"RevealDepthRectangleAngle1":0,"RevealDepthRectangleAngle2":0,"HeightOfProfile":0,"HeightProfileRectangleAngle1":0,"HeightProfileRectangleAngle2":0,"AkippOrAtilt":0,"AdrehOrAturn":0,"Ageo":0,"MinPullingForceMax":0,"MinPushingForceMax":0,"MinPullingForcePermanent":0,"MinPushingForcePermanent":0,"ForceWithNegativeWind":0}

13:56:13.790 [main] DEBUG com.intuit.karate - response time in milliseconds: 662
1 < 200
1 < Content-Type: application/json; charset=utf-8
1 < Date: Thu, 05 Dec 2024 08:26:10 GMT
1 < Server: Microsoft-IIS/10.0
1 < X-Powered-By: ASP.NET
1 < Content-Length: 2032
1 < Connection: keep-alive
{
  "ProjectId": "2afcf090-6588-4022-aa5e-49fca51f940e",
  "Name": "Dataset3125",
  "Description": "Dataset3125",
  "CustomTags": "",
  "ApplicationName": 1,
  "OpeningType": 1,
  "OpeningDirection": 1,
  "CalculateWeightWithGlass": false,
  "WindLoad": 120,
  "IsWindowOpeningCalculationByAngle": 1,
  "VentOuterWidth": 1230,
  "VentOuterHeight": 1480,
  "WeightIncGlassOrThickness": false,
  "VentWeight": 77,
  "VentWeightExact": 77.26400000000001,
  "GlassThickness": 14,
  "ProfileWeightPerSerialMeter": 2.5,
  "FacadeInclination": 0,
  "ChainLengthConnectingRodHandle": 5,
  "ChainLenghtConnectingRodHandle": 0,
  "RequiredOpeningStroke": 400,
  "OpeningWidth": 1000,
  "OpeningAngle": 15.532868337024489,
  "SpecificExhaustDimension": 30,
  "BuildingDepth": 75,
  "SnowLoad": 0,
  "DistanceHinge": 0,
  "RatedCurrent": 0,
  "DrivePosition": 2,
  "LockingMechanism": 1,
  "Voltage": 1,
  "DriveType": 1,
  "TypeOfInstallation": 2,
  "GeometricArea": 0,
  "CalculationTypeForVentilation": 1,
  "HeightOfProfile": 0,
  "Reveal": 0,
  "RevealDepth": 0,
  "HeightProfileRectangleAngle1": 0,
  "HeightProfileRectangleAngle2": 0,
  "RevealDepthRectangleAngle1": 0,
  "RevealDepthRectangleAngle2": 0,
  "RevealDepthRectangleAngle12": 0,
  "InstallationPosition": 0,
  "RecommendedDriveArticleNo": 0,
  "System": "",
  "AkippOrAtilt": 1.084,
  "AdrehOrAturn": 1.8204,
  "Ageo": 1.084,
  "MinPullingForceMax": -206.4868442161654,
  "MinPushingForceMax": -206.4868442161654,
  "MinPullingForcePermanent": -104.11163259218097,
  "MinPushingForcePermanent": -104.11163259218097,
  "ForceWithNegativeWind": 109.53156767199486,
  "ForceWithNoWindMin": 0.30763693489047433,
  "ForceWithNegativeWindMin": 0,
  "ForceWithWindMin": -108.91629380221393,
  "Id": "834cf7a3-dc2d-4a16-9073-74fb70d7fe64",
  "CreatedOn": "2024-12-05T08:26:11.3057123+00:00",
  "CreatedBy": "579816e4-6653-4794-b435-a885f32e28d7",
  "ModifiedOn": "2024-12-05T08:26:11.3057135+00:00",
  "ModifiedBy": ""
}

13:56:13.791 [main] INFO  com.intuit.karate - Generated Config ID: 834cf7a3-dc2d-4a16-9073-74fb70d7fe64 
13:56:13.791 [main] INFO  com.intuit.karate - Generated Name: Dataset3125 
13:56:13.792 [main] INFO  com.intuit.karate - Generated Description: Dataset3125 
13:56:13.796 [main] DEBUG com.intuit.karate - request:
1 > PUT https://dev-drivetec-apis.schuecodigitalsolutions.com/Configurations
1 > Content-Type: application/json; charset=UTF-8
1 > Content-Length: 1278
1 > Host: dev-drivetec-apis.schuecodigitalsolutions.com
1 > Connection: Keep-Alive
1 > User-Agent: Apache-HttpClient/4.5.14 (Java/17.0.12)
1 > Accept-Encoding: gzip,deflate
{"Id":"834cf7a3-dc2d-4a16-9073-74fb70d7fe64","Name":"Dataset65","Description":"Dataset3125","ProjectId":"2afcf090-6588-4022-aa5e-49fca51f940e","CustomTags":"","CreatedBy":"579816e4-6653-4794-b435-a885f32e28d7","ModifiedBy":"579816e4-6653-4794-b435-a885f32e28d7","System":"","FacadeInclination":10,"OpeningType":5,"OpeningDirection":1,"OpeningWidth":1000,"VentOuterWidth":1000,"VentOuterHeight":2000,"VentWeight":0,"CalculateWeightWithGlass":false,"RequiredOpeningStroke":800,"WindLoad":106,"SnowLoad":1000,"IsWindowOpeningCalculationByAngle":1,"GlassThickness":20,"ProfileWeightPerSerialMeter":2.5,"DrivePosition":2,"InstallationPosition":0,"LockingMechanism":1,"Voltage":1,"DriveType":3,"TypeOfInstallation":2,"GeometricArea":0,"CalcVentilation":1,"SpecificExhaustDimension":45,"BuildingDepth":90,"CalculationTypeForVentilation":1,"HeightOfProfile":0,"HeightProfileRectangleAngle1":0,"HeightProfileRectangleAngle2":0,"RevealDepth":0,"RevealDepthRectangleAngle1":0,"RevealDepthRectangleAngle2":0,"ChainLengthConnectingRodHandle":5,"ApplicationName":2,"OpeningAngle":28.8,"WeightIncGlassOrThickness":false,"AkippOrAtilt":0,"AdrehOrAturn":0,"Ageo":0,"MinPullingForceMax":0,"MinPushingForceMax":0,"MinPullingForcePermanent":0,"MinPushingForcePermanent":0,"ForceWithNegativeWind":0}

13:56:14.449 [main] DEBUG com.intuit.karate - response time in milliseconds: 653
1 < 200
1 < Content-Type: application/json; charset=utf-8
1 < Date: Thu, 05 Dec 2024 08:26:11 GMT
1 < Server: Microsoft-IIS/10.0
1 < X-Powered-By: ASP.NET
1 < Content-Length: 2042
1 < Connection: keep-alive
{
  "ProjectId": "2afcf090-6588-4022-aa5e-49fca51f940e",
  "Name": "Dataset65",
  "Description": "Dataset3125",
  "CustomTags": "",
  "ApplicationName": 2,
  "OpeningType": 5,
  "OpeningDirection": 1,
  "CalculateWeightWithGlass": false,
  "WindLoad": 106,
  "IsWindowOpeningCalculationByAngle": 1,
  "VentOuterWidth": 1000,
  "VentOuterHeight": 2000,
  "WeightIncGlassOrThickness": false,
  "VentWeight": 115,
  "VentWeightExact": 115,
  "GlassThickness": 20,
  "ProfileWeightPerSerialMeter": 2.5,
  "FacadeInclination": 10,
  "ChainLengthConnectingRodHandle": 5,
  "ChainLenghtConnectingRodHandle": 0,
  "RequiredOpeningStroke": 800,
  "OpeningWidth": 1000,
  "OpeningAngle": 23.073918065630977,
  "SpecificExhaustDimension": 45,
  "BuildingDepth": 90,
  "SnowLoad": 1000,
  "DistanceHinge": 0,
  "RatedCurrent": 0,
  "DrivePosition": 2,
  "LockingMechanism": 1,
  "Voltage": 1,
  "DriveType": 3,
  "TypeOfInstallation": 2,
  "GeometricArea": 0,
  "CalculationTypeForVentilation": 1,
  "HeightOfProfile": 0,
  "Reveal": 0,
  "RevealDepth": 0,
  "HeightProfileRectangleAngle1": 0,
  "HeightProfileRectangleAngle2": 0,
  "RevealDepthRectangleAngle1": 0,
  "RevealDepthRectangleAngle2": 0,
  "RevealDepthRectangleAngle12": 0,
  "InstallationPosition": 0,
  "RecommendedDriveArticleNo": 0,
  "System": "",
  "AkippOrAtilt": 2.4,
  "AdrehOrAturn": 2,
  "Ageo": 2,
  "MinPullingForceMax": 1192.1370720078041,
  "MinPushingForceMax": 1355.7283233512194,
  "MinPullingForcePermanent": 566.2732903654809,
  "MinPushingForcePermanent": 566.2732903654809,
  "ForceWithNegativeWind": 1352.535239266298,
  "ForceWithNoWindMin": 491.79519696784934,
  "ForceWithNegativeWindMin": 1159.9269134906056,
  "ForceWithWindMin": 1192.1370720078041,
  "Id": "834cf7a3-dc2d-4a16-9073-74fb70d7fe64",
  "CreatedOn": "0001-01-01T00:00:00",
  "CreatedBy": "579816e4-6653-4794-b435-a885f32e28d7",
  "ModifiedOn": "2024-12-05T08:26:11.9607521+00:00",
  "ModifiedBy": "579816e4-6653-4794-b435-a885f32e28d7"
}

13:56:14.450 [main] INFO  com.intuit.karate - VentWeight from API Response: 115 
13:56:14.451 [main] INFO  com.intuit.karate - Rounded Opening Angle: 23.0 
13:56:14.451 [main] INFO  com.intuit.karate - Rounded Ageo: 2.0 
13:56:14.451 [main] INFO  com.intuit.karate - Rounded Required Opening Stroke: 800.0 
13:56:14.451 [main] INFO  com.intuit.karate - Rounded Vent Weight: 115.0 
13:56:14.452 [main] DEBUG com.intuit.karate - request:
2 > GET https://dev-drivetec-apis.schuecodigitalsolutions.com/Config/834cf7a3-dc2d-4a16-9073-74fb70d7fe64/Drive
2 > Host: dev-drivetec-apis.schuecodigitalsolutions.com
2 > Connection: Keep-Alive
2 > User-Agent: Apache-HttpClient/4.5.14 (Java/17.0.12)
2 > Accept-Encoding: gzip,deflate


13:56:15.281 [main] DEBUG com.intuit.karate - response time in milliseconds: 828
2 < 200
2 < Content-Type: application/json; charset=utf-8
2 < Date: Thu, 05 Dec 2024 08:26:11 GMT
2 < Server: Microsoft-IIS/10.0
2 < X-Powered-By: ASP.NET
2 < Content-Length: 21498
2 < Connection: keep-alive
[
  {
    "Name": "Chain actuator D15 800",
    "Bezeichnung": "Kettenantrieb D15 800",
    "ConfigurationId": "00000000-0000-0000-0000-000000000000",
    "Description": "",
    "Application": "Roof",
    "ApplicationFacade": false,
    "ApplicationSkylight": true,
    "Type": 1,
    "OpeningType": 0,
    "BottomHungInward": false,
    "BottomHungOutward": true,
    "SideHungInward": false,
    "SideHungOutward": false,
    "TopHungInward": false,
    "TopHungOutward": true,
    "ProjectedTopHungInward": false,
    "ProjectedTopHungOutward": false,
    "InstallationType": "",
    "ITMainOutFrmMountWBracket": true,
    "ITMainFixOutFrmMount": false,
    "ITMainVentFrmMount": false,
    "ITSideMount50": false,
    "ITSideMount60": false,
    "ITSideMount70": false,
    "ITSideMount80": false,
    "ITSideMount67": false,
    "Feature": "",
    "FeatureOpenClose": true,
    "FeatureLock": true,
    "ArticleNumber": 291731,
    "Stroke": 800,
    "Angle": 0,
    "Voltage": "24 V DC",
    "Voltage24": true,
    "Voltage230": false,
    "RatedCurrent": 4,
    "BreakingCurrent": 5,
    "PullingForceMax": 1500,
    "PushingForceMax": 1500,
    "PullingForceMaxWithNegativeWind": 0,
    "PushingForceMaxWithNegativeWind": 0,
    "PushingForcePermanent": 1000,
    "PullingForcePermanent": 1000,
    "MinPullingForceMax": 0,
    "MinPushingForceMax": 1355.73,
    "MinPullingForcePermanent": 0,
    "MinPushingForcePermanent": 566.27,
    "Price": 821.56,
    "DriveLength": 800,
    "ChainDrive": 900,
    "ChainDrive2": 1760,
    "MaxLengthMainClosingEdge1Drive": 0,
    "MaxGeometricArea": 2,
    "GeometricalSmokeExhaustion": 0,
    "TotalGlassThickness": 20,
    "Dimensions": 0,
    "DimensionsWxHxD": "800 x 120 x 60",
    "TensileForce": 0,
    "LockingForce": 0,
    "Details_DE": "<ul> <li>Bemessungsspannung: 24 V DC (19 V … 28 V)</li> <li>Abschaltstrom: 5 A</li> <li>Bemessungsstrom: 3,75 A</li> <li>Bemessungsaufnahme: 90 W</li> <li>Schutzart: IP 20</li><li>Zug-/Schubkraft: max. 1500 N</li> <li>Umgebungstemperatur: -5°C bis + 60°C</li> <li>Anschlussleitung: Halogenfrei, grau 5 x 1mm², ~3m</li> <li>Max. Geschwindigkeit: 17 mm/s</li> </ul>",
    "Details_EN": "<ul> <li>Rated voltage: 24 V DC (19 V … 28 V)</li><li>Breaking current: 5 A</li><li>Rated current: 3.75 A</li><li>Rated consumption: 90 W</li><li>Protection rating: IP 20</li> <li>Traction/ thrust: max. 1500 N</li><li>Ambient temperature: -5° C to +60° C</li><li>Connecting cable: halogen-free, grey 5 x 1mm², ~3m</li><li>Max. speed: 17 mm/s</li></ul>",
    "Einsatz": "<ul> <li>Anwendung: Lüftung, NRA</li><li>Integrierte intelligente Regelelektronik</li> <li>Rückmeldung Endlage „ZU“ (max. 24 V, 500 mA)</li></ul>",
    "Use": "<ul> <li>Application: ventilation, natural smoke ventilation</li> <li>Integrated intelligent control electronics</li> <li>Response for “CLOSED” end position (max. 24 V, 500 mA)</li></ul>",
    "Ausstattung": "<ul><li>Symmetrischer Kettenaustritt</li><li>Integrierte Steckerlösung</li></ul>",
    "Equipment": "<ul><li>Symmetrical chain output</li><li>Integrated plug solution</li></ul>",
    "Optionen": "<ul> <li>Programmierung von Sonderfunktionen</li> <li>Programmierbare Rückmeldung Endlage „AUF“ (max. 24 V, 500 mA)</li> <li>Schüco Kontroller zur automatischen Konfiguration von Synchronlauf und Folgesteuerungen mit Verriegelungsantrieben in Antriebs-Verbundsystemen</li></ul>",
    "Options": "<ul> <li>Programming of special functions</li> <li>Programmable response for “OPEN” end position (max. 24 V, 500 mA)</li> <li>Schüco controller for automatic configuration of synchronous running and sequence control with locking drives in composite drive systems</li> </ul>",
    "IsTwoPce": false,
    "ResultVentWeight": 115,
    "IsLsRsDrive": false,
    "ArticleNumberRs": 0,
    "TwoDrivesSideInstallation50": 0,
    "TwoDrivesSideInstallation60": 0,
    "TwoDrivesSideInstallation70": 0,
    "TwoDrivesSideInstallation80": 0,
    "OpeningSpeedmms": 0,
    "Traction": 1500,
    "Thrust": 1500,
    "Id": "6e554a6b-0764-4e7a-ac2f-8ca9ada34e08",
    "CreatedOn": "2024-09-26T13:55:26.818Z",
    "CreatedBy": "",
    "ModifiedOn": "2024-09-26T13:55:26.818Z",
    "ModifiedBy": ""
  },
  {
    "Name": "Linear drive LDB16 L1000",
    "Bezeichnung": "Linearantrieb LDB16 L1000",
    "ConfigurationId": "00000000-0000-0000-0000-000000000000",
    "Description": "",
    "Application": "Roof",
    "ApplicationFacade": false,
    "ApplicationSkylight": true,
    "Type": 2,
    "OpeningType": 0,
    "BottomHungInward": false,
    "BottomHungOutward": true,
    "SideHungInward": false,
    "SideHungOutward": false,
    "TopHungInward": false,
    "TopHungOutward": true,
    "ProjectedTopHungInward": false,
    "ProjectedTopHungOutward": false,
    "InstallationType": "",
    "ITMainOutFrmMountWBracket": true,
    "ITMainFixOutFrmMount": false,
    "ITMainVentFrmMount": false,
    "ITSideMount50": true,
    "ITSideMount60": true,
    "ITSideMount70": true,
    "ITSideMount80": true,
    "ITSideMount67": false,
    "Feature": "",
    "FeatureOpenClose": true,
    "FeatureLock": true,
    "ArticleNumber": 291927,
    "Stroke": 1000,
    "Angle": 0,
    "Voltage": "24 V DC",
    "Voltage24": true,
    "Voltage230": false,
    "RatedCurrent": 1,
    "BreakingCurrent": 1,
    "PullingForceMax": 1600,
    "PushingForceMax": 1600,
    "PullingForceMaxWithNegativeWind": 0,
    "PushingForceMaxWithNegativeWind": 0,
    "PushingForcePermanent": 1066.67,
    "PullingForcePermanent": 1066.67,
    "MinPullingForceMax": 0,
    "MinPushingForceMax": 1355.73,
    "MinPullingForcePermanent": 0,
    "MinPushingForcePermanent": 566.27,
    "Price": 496.82,
    "DriveLength": 0,
    "ChainDrive": 450,
    "ChainDrive2": 450,
    "MaxLengthMainClosingEdge1Drive": 2100,
    "MaxGeometricArea": 2,
    "GeometricalSmokeExhaustion": 0,
    "TotalGlassThickness": 20,
    "Dimensions": 0,
    "DimensionsWxHxD": "1323 x Ø36",
    "TensileForce": 0,
    "LockingForce": 0,
    "Details_DE": "<ul> <li>Bemessungsspannung: 24 V DC (19 V … 28 V)</li><li>Abschaltstrom: 1,2 A</li><li>Bemessungsstrom: 1,0 A</li><li>Bemessungsaufnahme: 24 W</li><li>Schutzart: IP 65</li> <li>Zug-/Schubkraft: max. 1600 N</li><li>Umgebungstemperatur: -5°C bis + 60°C</li><li>Anschlussleitung: Halogenfrei, grau 3 x 1mm², ~3m</li><li>Max. Geschwindigkeit: 4 mm/s</li></ul>",
    "Details_EN": "<ul> <li>Rated voltage: 24 V DC (19 V … 28 V)</li> <li>Breaking current: 1.2 A</li> <li>Rated current: 1.0 A</li> <li>Rated consumption: 24 W</li> <li>Protection rating: IP 65</li><li>Traction/ thrust: max. 1600N</li> <li>Ambient temperature: -5°C to + 60°C</li> <li>Connecting cable: halogen-free, grey 3 x 1mm², ~3m</li> <li>Max. speed: 4 mm/s</li> </ul>",
    "Einsatz": "<ul> <li>Anwendung: Lüftung, NRA</li><li>Integrierte intelligente Regelelektronik</li></ul>",
    "Use": "<ul> <li>Application: ventilation, natural smoke ventilation</li><li>Integrated intelligent control electronics</li></ul>",
    "Ausstattung": "<ul> <li>Robuste korrosionsbeständige Ausführung in eloxierten Aluminiumgehäuse</li><li>Montagefreundlich durch verstellbaren Klemmring</li><li>Spindel aus Edelstahl, kugelgelagert mit Endlagendämpfung</li><li>Mit Goretex Membrane</li></ul>",
    "Equipment": "<ul> <li>Robust, corrosion-resistant design in anodized casing</li><li>Easy installation thanks to adjustable clamping ring</li><li>Stainless steel spindle on ball bearings with end position cushioning</li><li>with Goretex membrane</li></ul>",
    "Optionen": "<ul> <li>Programmierung von Sonderfunktionen</li><li>Programmierbare Parameter der Regelelektronik</li><li>Schüco Kontroller zur automatischen Konfiguration von Synchronlauf und Folgesteuerungen mit Verriegelungsantrieb in Antriebs-Verbundsystem</li></ul>",
    "Options": "<ul> <li>Programming of special functions</li><li>Programmable parameters of intelligent control electronics</li><li>Schüco controller for automatic configuration of synchronous running and sequence control with locking drives in composite drive systems</li></ul>",
    "IsTwoPce": false,
    "ResultVentWeight": 115,
    "IsLsRsDrive": false,
    "ArticleNumberRs": 0,
    "TwoDrivesSideInstallation50": 1450,
    "TwoDrivesSideInstallation60": 1205,
    "TwoDrivesSideInstallation70": 1035,
    "TwoDrivesSideInstallation80": 905,
    "OpeningSpeedmms": 4,
    "Traction": 1067,
    "Thrust": 1600,
    "Id": "c59d512d-2c01-4e79-a4af-5da238a28f03",
    "CreatedOn": "2024-09-26T13:55:26.817Z",
    "CreatedBy": "",
    "ModifiedOn": "2024-09-26T13:55:26.817Z",
    "ModifiedBy": ""
  },
  {
    "Name": "Linear drive LDN16 L1000",
    "Bezeichnung": "Linearantrieb LDN16 L1000",
    "ConfigurationId": "00000000-0000-0000-0000-000000000000",
    "Description": "",
    "Application": "Roof",
    "ApplicationFacade": false,
    "ApplicationSkylight": true,
    "Type": 2,
    "OpeningType": 0,
    "BottomHungInward": false,
    "BottomHungOutward": true,
    "SideHungInward": false,
    "SideHungOutward": false,
    "TopHungInward": false,
    "TopHungOutward": true,
    "ProjectedTopHungInward": false,
    "ProjectedTopHungOutward": false,
    "InstallationType": "",
    "ITMainOutFrmMountWBracket": true,
    "ITMainFixOutFrmMount": false,
    "ITMainVentFrmMount": false,
    "ITSideMount50": true,
    "ITSideMount60": true,
    "ITSideMount70": true,
    "ITSideMount80": true,
    "ITSideMount67": false,
    "Feature": "",
    "FeatureOpenClose": true,
    "FeatureLock": true,
    "ArticleNumber": 291935,
    "Stroke": 1000,
    "Angle": 0,
    "Voltage": "24 V DC",
    "Voltage24": true,
    "Voltage230": false,
    "RatedCurrent": 2,
    "BreakingCurrent": 2,
    "PullingForceMax": 1600,
    "PushingForceMax": 1600,
    "PullingForceMaxWithNegativeWind": 0,
    "PushingForceMaxWithNegativeWind": 0,
    "PushingForcePermanent": 1066.67,
    "PullingForcePermanent": 1066.67,
    "MinPullingForceMax": 0,
    "MinPushingForceMax": 1355.73,
    "MinPullingForcePermanent": 0,
    "MinPushingForcePermanent": 566.27,
    "Price": 678.01,
    "DriveLength": 0,
    "ChainDrive": 450,
    "ChainDrive2": 450,
    "MaxLengthMainClosingEdge1Drive": 2100,
    "MaxGeometricArea": 2,
    "GeometricalSmokeExhaustion": 0,
    "TotalGlassThickness": 20,
    "Dimensions": 0,
    "DimensionsWxHxD": "1323 x Ø36",
    "TensileForce": 0,
    "LockingForce": 0,
    "Details_DE": "<ul> <li>Bemessungsspannung: 24 V DC (19 V … 28 V)</li><li>Abschaltstrom: 2,5 A</li><li>Bemessungsstrom: 1,9 A</li><li>Bemessungsaufnahme: 45 W</li><li>Schutzart: IP 65</li> <li>Zug-/Schubkraft: max. 1600 N</li><li>Umgebungstemperatur: -5°C bis + 60°C</li><li>Anschlussleitung: Halogenfrei, grau 3 x 1mm², ~3m</li><li>Max. Geschwindigkeit: 7 mm/s</li></ul>",
    "Details_EN": "<ul> <li>Rated voltage: 24 V DC (19 V … 28 V)</li> <li>Breaking current: 2.5 A</li> <li>Rated current: 1.9 A</li> <li>Rated consumption: 45 W</li> <li>Protection rating: IP 65</li><li>Traction/ thrust: max. 1600N</li> <li>Ambient temperature: -5°C to + 60°C</li> <li>Connecting cable: halogen-free, grey 3 x 1mm², ~3m</li> <li>Max. speed: 7 mm/s</li> </ul>",
    "Einsatz": "<ul> <li>Anwendung: Lüftung, NRA</li><li>Integrierte intelligente Regelelektronik</li></ul>",
    "Use": "<ul> <li>Application: ventilation, natural smoke ventilation</li><li>Integrated intelligent control electronics</li></ul>",
    "Ausstattung": "<ul> <li>Robuste korrosionsbeständige Ausführung in eloxierten Aluminiumgehäuse</li><li>Montagefreundlich durch verstellbaren Klemmring</li><li>Spindel aus Edelstahl, kugelgelagert mit Endlagendämpfung</li><li>Mit Goretex Membrane</li></ul>",
    "Equipment": "<ul> <li>Robust, corrosion-resistant design in anodized casing</li><li>Easy installation thanks to adjustable clamping ring</li><li>Stainless steel spindle on ball bearings with end position cushioning</li><li>with Goretex membrane</li></ul>",
    "Optionen": "<ul> <li>Programmierung von Sonderfunktionen</li><li>Programmierbare Parameter der Regelelektronik</li><li>Schüco Kontroller zur automatischen Konfiguration von Synchronlauf und Folgesteuerungen mit Verriegelungsantrieb in Antriebs-Verbundsystem</li></ul>",
    "Options": "<ul> <li>Programming of special functions</li><li>Programmable parameters of intelligent control electronics</li><li>Schüco controller for automatic configuration of synchronous running and sequence control with locking drives in composite drive systems</li></ul>",
    "IsTwoPce": false,
    "ResultVentWeight": 115,
    "IsLsRsDrive": false,
    "ArticleNumberRs": 0,
    "TwoDrivesSideInstallation50": 1450,
    "TwoDrivesSideInstallation60": 1205,
    "TwoDrivesSideInstallation70": 1035,
    "TwoDrivesSideInstallation80": 905,
    "OpeningSpeedmms": 7,
    "Traction": 1067,
    "Thrust": 1600,
    "Id": "0cac3e79-29f8-4684-8301-6ab4bc4d97a2",
    "CreatedOn": "2024-09-26T13:55:26.817Z",
    "CreatedBy": "",
    "ModifiedOn": "2024-09-26T13:55:26.817Z",
    "ModifiedBy": ""
  },
  {
    "Name": "Linear drive LDH15 L1000",
    "Bezeichnung": "Linearantrieb LDH15 L1000",
    "ConfigurationId": "00000000-0000-0000-0000-000000000000",
    "Description": "",
    "Application": "Roof",
    "ApplicationFacade": false,
    "ApplicationSkylight": true,
    "Type": 2,
    "OpeningType": 0,
    "BottomHungInward": false,
    "BottomHungOutward": true,
    "SideHungInward": false,
    "SideHungOutward": false,
    "TopHungInward": false,
    "TopHungOutward": true,
    "ProjectedTopHungInward": false,
    "ProjectedTopHungOutward": false,
    "InstallationType": "",
    "ITMainOutFrmMountWBracket": true,
    "ITMainFixOutFrmMount": false,
    "ITMainVentFrmMount": false,
    "ITSideMount50": true,
    "ITSideMount60": true,
    "ITSideMount70": true,
    "ITSideMount80": true,
    "ITSideMount67": false,
    "Feature": "",
    "FeatureOpenClose": true,
    "FeatureLock": true,
    "ArticleNumber": 291942,
    "Stroke": 1000,
    "Angle": 0,
    "Voltage": "24 V DC",
    "Voltage24": true,
    "Voltage230": false,
    "RatedCurrent": 3,
    "BreakingCurrent": 4,
    "PullingForceMax": 1500,
    "PushingForceMax": 1500,
    "PullingForceMaxWithNegativeWind": 0,
    "PushingForceMaxWithNegativeWind": 0,
    "PushingForcePermanent": 1000,
    "PullingForcePermanent": 1000,
    "MinPullingForceMax": 0,
    "MinPushingForceMax": 1355.73,
    "MinPullingForcePermanent": 0,
    "MinPushingForcePermanent": 566.27,
    "Price": 847.11,
    "DriveLength": 0,
    "ChainDrive": 450,
    "ChainDrive2": 450,
    "MaxLengthMainClosingEdge1Drive": 2100,
    "MaxGeometricArea": 2,
    "GeometricalSmokeExhaustion": 0,
    "TotalGlassThickness": 20,
    "Dimensions": 0,
    "DimensionsWxHxD": "1441 x Ø50",
    "TensileForce": 0,
    "LockingForce": 0,
    "Details_DE": "<ul> <li>Bemessungsspannung: 24 V DC (19 V … 28 V)</li><li>Abschaltstrom: 4,0 A</li><li>Bemessungsstrom: 3,0 A</li><li>Bemessungsaufnahme: 72 W</li><li>Schutzart: IP 54</li> <li>Zug-/Schubkraft: max. 1500 N</li><li>Umgebungstemperatur: -5°C bis + 60°C</li><li>Anschlussleitung: Halogenfrei, grau 3 x 1mm², ~3m</li><li>Max. Geschwindigkeit: 16 mm/s</li></ul>",
    "Details_EN": "<ul> <li>Rated voltage: 24 V DC (19 V … 28 V)</li> <li>Breaking current: 4.0 A</li> <li>Rated current: 3.0 A</li> <li>Rated consumption: 72 W</li> <li>Protection rating: IP 54</li><li>Traction/ thrust: max. 1500N</li> <li>Ambient temperature: -5°C to + 60°C</li> <li>Connecting cable: halogen-free, grey 3 x 1mm², ~3m</li> <li>Max. speed: 16 mm/s</li> </ul>",
    "Einsatz": "<ul> <li>Anwendung: Lüftung, NRA</li><li>Integrierte intelligente Regelelektronik</li></ul>",
    "Use": "<ul> <li>Application: ventilation, natural smoke ventilation</li><li>Integrated intelligent control electronics</li></ul>",
    "Ausstattung": "<ul> <li>Robuste korrosionsbeständige Ausführung in eloxierten Aluminiumgehäuse</li><li>Montagefreundlich durch verstellbaren Klemmring</li><li>Spindel aus Edelstahl, kugelgelagert mit Endlagendämpfung</li><li>Mit Goretex Membrane</li></ul>",
    "Equipment": "<ul> <li>Robust, corrosion-resistant design in anodized casing</li><li>Easy installation thanks to adjustable clamping ring</li><li>Stainless steel spindle on ball bearings with end position cushioning</li><li>with Goretex membrane</li></ul>",
    "Optionen": "<ul> <li>Programmierung von Sonderfunktionen</li><li>Programmierbare Parameter der Regelelektronik</li><li>Schüco Kontroller zur automatischen Konfiguration von Synchronlauf und Folgesteuerungen mit Verriegelungsantrieb in Antriebs-Verbundsystem</li></ul>",
    "Options": "<ul> <li>Programming of special functions</li><li>Programmable parameters of intelligent control electronics</li><li>Schüco controller for automatic configuration of synchronous running and sequence control with locking drives in composite drive systems</li></ul>",
    "IsTwoPce": false,
    "ResultVentWeight": 115,
    "IsLsRsDrive": true,
    "ArticleNumberRs": 291942,
    "TwoDrivesSideInstallation50": 1450,
    "TwoDrivesSideInstallation60": 1205,
    "TwoDrivesSideInstallation70": 1035,
    "TwoDrivesSideInstallation80": 905,
    "OpeningSpeedmms": 16,
    "Traction": 1000,
    "Thrust": 1500,
    "Id": "a1086267-f160-4f1d-8df3-e52c946a029b",
    "CreatedOn": "2024-09-26T13:55:26.818Z",
    "CreatedBy": "",
    "ModifiedOn": "2024-09-26T13:55:26.818Z",
    "ModifiedBy": ""
  },
  {
    "Name": "Locking actuator roof",
    "Bezeichnung": "Verr.antrieb Dachf 600N",
    "ConfigurationId": "00000000-0000-0000-0000-000000000000",
    "Description": "",
    "Application": "",
    "ApplicationFacade": false,
    "ApplicationSkylight": true,
    "Type": 5,
    "OpeningType": 0,
    "BottomHungInward": false,
    "BottomHungOutward": true,
    "SideHungInward": false,
    "SideHungOutward": false,
    "TopHungInward": false,
    "TopHungOutward": true,
    "ProjectedTopHungInward": false,
    "ProjectedTopHungOutward": false,
    "InstallationType": "",
    "ITMainOutFrmMountWBracket": true,
    "ITMainFixOutFrmMount": false,
    "ITMainVentFrmMount": false,
    "ITSideMount50": true,
    "ITSideMount60": true,
    "ITSideMount70": true,
    "ITSideMount80": true,
    "ITSideMount67": false,
    "Feature": "",
    "FeatureOpenClose": true,
    "FeatureLock": false,
    "ArticleNumber": 291954,
    "Stroke": 0,
    "Angle": 0,
    "Voltage": null,
    "Voltage24": true,
    "Voltage230": false,
    "RatedCurrent": 0,
    "BreakingCurrent": 0,
    "PullingForceMax": 0,
    "PushingForceMax": 0,
    "PullingForceMaxWithNegativeWind": 0,
    "PushingForceMaxWithNegativeWind": 0,
    "PushingForcePermanent": 0,
    "PullingForcePermanent": 0,
    "MinPullingForceMax": 0,
    "MinPushingForceMax": 0,
    "MinPullingForcePermanent": 0,
    "MinPushingForcePermanent": 0,
    "Price": 225.16,
    "DriveLength": 0,
    "ChainDrive": 0,
    "ChainDrive2": 0,
    "MaxLengthMainClosingEdge1Drive": 0,
    "MaxGeometricArea": 0,
    "GeometricalSmokeExhaustion": 0,
    "TotalGlassThickness": 0,
    "Dimensions": 0,
    "DimensionsWxHxD": "415 x 26 x 26",
    "TensileForce": 0,
    "LockingForce": 0,
    "Details_DE": "<ul> <li>Bemessungsspannung: 24 V DC (19 V … 28 V)</li> <li>Abschaltstrom: ~1,0 A</li> <li>Bemessungsstrom: 0,6 A</li> <li>Bemessungsaufnahme: 15 W</li> <li>Schutzart: IP 32</li><li>Zug-/Schubkraft: max. 600 N</li> <li>Umgebungstemperatur: -5°C bis + 60°C</li> <li>Anschlussleitung: Halogenfrei, grau 3x 0,5mm², ~3m</li> <li>Laufzeit: ~ 5s</li><li>Hub: ~ 18mm</li> </ul>",
    "Details_EN": "<ul> <li>Rated voltage : 24 V DC (19 V … 28 V</li> <li>Breaking current : ~1,0 A</li> <li>Rated current : 0,6 A</li> <li>Rated consumption : 15 W</li> <li>Protection rating : IP 32</li><li>Traction/ thrust : max. 600 N</li> <li>Ambient temperature: -5°C bis + 60°C</li> <li>Connecting cable: halogen-free, grey 3 x 0,5mm², ~3m</li> <li>Running time: ~ 5s</li><li>Stroke: ~ 18mm</li> </ul>",
    "Einsatz": "<ul> <li>Anwendung: Lüftung, NRA</li><li>Integrierte intelligente Regelelektronik</li></ul>",
    "Use": "<ul> <li>Application: ventilation, natural smoke ventilation</li> <li>Integrated intelligent control electronics</li></ul>",
    "Ausstattung": "<ul><li>Laufrichtung einstellbar</li></ul>",
    "Equipment": "<ul><li>Running direction adjustable</li></ul>",
    "Optionen": "<ul> <li>Mitnehmer objekt-/profilspezifisch anpassbar</li></ul>",
    "Options": "<ul> <li>Coupling adapter customizable for project-/profile-specific demands</li></ul>",
    "IsTwoPce": false,
    "ResultVentWeight": 0,
    "IsLsRsDrive": false,
    "ArticleNumberRs": 0,
    "TwoDrivesSideInstallation50": 0,
    "TwoDrivesSideInstallation60": 0,
    "TwoDrivesSideInstallation70": 0,
    "TwoDrivesSideInstallation80": 0,
    "OpeningSpeedmms": 0,
    "Traction": 0,
    "Thrust": 0,
    "Id": "2b6ffe33-0cb6-494e-a561-679dc2adeb63",
    "CreatedOn": "2024-09-26T13:55:26.817Z",
    "CreatedBy": "",
    "ModifiedOn": "2024-09-26T13:55:26.817Z",
    "ModifiedBy": ""
  }
]

13:56:15.286 [main] INFO  com.intuit.karate - Expected RecommDrive: Chain actuator D15 800,Linear drive LDB16 L1000,Linear drive LDN16 L1000,Linear drive LDH15 L1000,Locking actuator roof 
13:56:15.286 [main] INFO  com.intuit.karate - Actual RecommDrive: Chain actuator D15 800, Linear drive LDB16 L1000, Linear drive LDN16 L1000, Linear drive LDH15 L1000, Locking actuator roof 
13:56:15.286 [main] INFO  com.intuit.karate - Normalized Actual RecommDrive: Chain actuator D15 800,Linear drive LDB16 L1000,Linear drive LDN16 L1000,Linear drive LDH15 L1000,Locking actuator roof 
13:56:15.286 [main] INFO  com.intuit.karate - Normalized Expected RecommDrive: Chain actuator D15 800,Linear drive LDB16 L1000,Linear drive LDN16 L1000,Linear drive LDH15 L1000,Locking actuator roof 
13:56:15.286 [main] INFO  com.intuit.karate - All Drive IDs: [
  "6e554a6b-0764-4e7a-ac2f-8ca9ada34e08",
  "c59d512d-2c01-4e79-a4af-5da238a28f03",
  "0cac3e79-29f8-4684-8301-6ab4bc4d97a2",
  "a1086267-f160-4f1d-8df3-e52c946a029b",
  "2b6ffe33-0cb6-494e-a561-679dc2adeb63"
]
 
13:56:15.287 [main] INFO  com.intuit.karate - First Drive ID: 6e554a6b-0764-4e7a-ac2f-8ca9ada34e08 
13:56:15.288 [main] DEBUG com.intuit.karate - request:
3 > POST https://dev-drivetec-apis.schuecodigitalsolutions.com/api/Drives/DownloadPDFNew/Schuco
3 > Content-Type: application/json; charset=UTF-8
3 > Content-Length: 1194
3 > Host: dev-drivetec-apis.schuecodigitalsolutions.com
3 > Connection: Keep-Alive
3 > User-Agent: Apache-HttpClient/4.5.14 (Java/17.0.12)
3 > Accept-Encoding: gzip,deflate
[{"Id":"configId","Header":"configId","Value":"834cf7a3-dc2d-4a16-9073-74fb70d7fe64"},{"Id":"driveId","Header":"driveId","Value":"6e554a6b-0764-4e7a-ac2f-8ca9ada34e08"},{"Id":"culture","Header":"culture","Value":"EN-US"},{"Id":"projectId","Header":"projectId","Value":"2afcf090-6588-4022-aa5e-49fca51f940e"},{"Id":"range-of-app","Header":"Range of application","Value":"Façade"},{"Id":"opening-type","Header":"Opening type","Value":"Bottom-hung vent"},{"Id":"opening-direction","Header":"Opening direction","Value":"Inward"},{"Id":"how-calc-weight","Header":"Vent weight","Value":"Weight including glass"},{"Id":"Chain-Length","Header":"Chain- \/ connecting rod handle","Value":"100%"},{"Id":"drive-position","Header":"Drive position","Value":"Side installation"},{"Id":"locking-mechanism","Header":"Locking mechanism","Value":"With"},{"Id":"voltage","Header":"Voltage","Value":"24 V"},{"Id":"drive-type","Header":"Drive type","Value":"Chain drive"},{"Id":"type-installation","Header":"Type of installation","Value":"Pivoting Outer Frame Installation"},{"Id":"calculation-type-for-ventilation-area","Header":"Calculation type for ventilation area","Value":"Method in accordance with ASR 3.6"}]

13:56:17.085 [main] DEBUG com.intuit.karate - response time in milliseconds: 1795
3 < 200
3 < Content-Type: application/json; charset=utf-8
3 < Date: Thu, 05 Dec 2024 08:26:14 GMT
3 < Server: Microsoft-IIS/10.0
3 < X-Powered-By: ASP.NET
3 < Content-Length: 279
3 < Connection: keep-alive
{
  "result": "https://drive-tec-dev.s3.amazonaws.com/AUT_TPJ33518-Chain_actuator_D15_800.pdf?AWSAccessKeyId=AKIAZAWIART4ZFAXXPHK&Expires=1733390775&response-content-disposition=attachment%3B&response-content-type=application%2Fpdf&Signature=vz9W%2FcsClxTuhBVnCDB3tBC5nPY%3D"
}

13:56:17.085 [main] INFO  com.intuit.karate - Download URL for first driveId: https://drive-tec-dev.s3.amazonaws.com/AUT_TPJ33518-Chain_actuator_D15_800.pdf?AWSAccessKeyId=AKIAZAWIART4ZFAXXPHK&Expires=1733390775&response-content-disposition=attachment%3B&response-content-type=application%2Fpdf&Signature=vz9W%2FcsClxTuhBVnCDB3tBC5nPY%3D 
13:56:17.089 [main] INFO  com.intuit.karate - karate.env system property was: null 
13:56:17.090 [main] INFO  com.intuit.karate - Running test for dataset:  Dataset66 
13:56:17.095 [main] INFO  com.intuit.karate - Using ProjectId:  {
  "result": {
    "projectId": "prjId"
  },
  "projectPayload": {
    "Id": "579816e4-6653-4794-b435-a885f32e28d7",
    "Name": "AUT_TPJ33518",
    "Address": "Hyderabad, Telangana, India",
    "Description": "",
    "CreatedBy": "579816e4-6653-4794-b435-a885f32e28d7",
    "ModifiedBy": "579816e4-6653-4794-b435-a885f32e28d7"
  },
  "uniqueName": "AUT_TPJ33518",
  "responseHeaders": {
    "Content-Type": [
      "application/json; charset=utf-8"
    ],
    "Date": [
      "Thu, 05 Dec 2024 08:22:12 GMT"
    ],
    "Server": [
      "Microsoft-IIS/10.0"
    ],
    "X-Powered-By": [
      "ASP.NET"
    ],
    "transfer-encoding": [
      "chunked"
    ],
    "Connection": [
      "keep-alive"
    ],
    "Set-Cookie": [
    ]
  },
  "responseTime": 841,
  "response": {
    "Name": "AUT_TPJ33518",
    "Description": "",
    "Address": "Hyderabad, Telangana, India",
    "Id": "2afcf090-6588-4022-aa5e-49fca51f940e",
    "CreatedOn": "2024-12-05T08:22:11.998251+00:00",
    "CreatedBy": "579816e4-6653-4794-b435-a885f32e28d7",
    "ModifiedOn": "2024-12-05T08:22:11.9982526+00:00",
    "ModifiedBy": ""
  },
  "responseStatus": 200,
  "prjId": "2afcf090-6588-4022-aa5e-49fca51f940e",
  "projectId": "2afcf090-6588-4022-aa5e-49fca51f940e"
}
 
13:56:17.098 [main] DEBUG com.intuit.karate - request:
1 > POST https://dev-drivetec-apis.schuecodigitalsolutions.com/Configurations
1 > Content-Type: application/json; charset=UTF-8
1 > Content-Length: 1275
1 > Host: dev-drivetec-apis.schuecodigitalsolutions.com
1 > Connection: Keep-Alive
1 > User-Agent: Apache-HttpClient/4.5.14 (Java/17.0.12)
1 > Accept-Encoding: gzip,deflate
{"Id":"00000000-0000-0000-0000-000000000000","ProjectId":"2afcf090-6588-4022-aa5e-49fca51f940e","Name":"Dataset7097","Description":"Dataset7097","CustomTags":"","CreatedBy":"579816e4-6653-4794-b435-a885f32e28d7","ModifiedBy":"579816e4-6653-4794-b435-a885f32e28d7","ApplicationName":1,"System":"","FacadeInclination":0,"OpeningType":1,"OpeningDirection":1,"OpeningWidth":1000,"VentOuterWidth":1230,"VentOuterHeight":1480,"VentWeight":70,"CalculateWeightWithGlass":false,"WeightIncGlassOrThickness":false,"GlassThickness":14,"ProfileWeightPerSerialMeter":2.5,"IsWindowOpeningCalculationByAngle":1,"RequiredOpeningStroke":400,"OpeningAngle":15,"WindLoad":120,"SnowLoad":0,"DrivePosition":2,"InstallationPosition":1,"ChainLengthConnectingRodHandle":5,"LockingMechanism":1,"Voltage":1,"DriveType":1,"TypeOfInstallation":2,"CalculationTypeForVentilation":1,"CalcVentilation":1,"GeometricArea":1,"SpecificExhaustDimension":30,"BuildingDepth":75,"RevealDepth":0,"RevealDepthRectangleAngle1":0,"RevealDepthRectangleAngle2":0,"HeightOfProfile":0,"HeightProfileRectangleAngle1":0,"HeightProfileRectangleAngle2":0,"AkippOrAtilt":0,"AdrehOrAturn":0,"Ageo":0,"MinPullingForceMax":0,"MinPushingForceMax":0,"MinPullingForcePermanent":0,"MinPushingForcePermanent":0,"ForceWithNegativeWind":0}

13:56:17.754 [main] DEBUG com.intuit.karate - response time in milliseconds: 655
1 < 200
1 < Content-Type: application/json; charset=utf-8
1 < Date: Thu, 05 Dec 2024 08:26:14 GMT
1 < Server: Microsoft-IIS/10.0
1 < X-Powered-By: ASP.NET
1 < Content-Length: 2032
1 < Connection: keep-alive
{
  "ProjectId": "2afcf090-6588-4022-aa5e-49fca51f940e",
  "Name": "Dataset7097",
  "Description": "Dataset7097",
  "CustomTags": "",
  "ApplicationName": 1,
  "OpeningType": 1,
  "OpeningDirection": 1,
  "CalculateWeightWithGlass": false,
  "WindLoad": 120,
  "IsWindowOpeningCalculationByAngle": 1,
  "VentOuterWidth": 1230,
  "VentOuterHeight": 1480,
  "WeightIncGlassOrThickness": false,
  "VentWeight": 77,
  "VentWeightExact": 77.26400000000001,
  "GlassThickness": 14,
  "ProfileWeightPerSerialMeter": 2.5,
  "FacadeInclination": 0,
  "ChainLengthConnectingRodHandle": 5,
  "ChainLenghtConnectingRodHandle": 0,
  "RequiredOpeningStroke": 400,
  "OpeningWidth": 1000,
  "OpeningAngle": 15.532868337024489,
  "SpecificExhaustDimension": 30,
  "BuildingDepth": 75,
  "SnowLoad": 0,
  "DistanceHinge": 0,
  "RatedCurrent": 0,
  "DrivePosition": 2,
  "LockingMechanism": 1,
  "Voltage": 1,
  "DriveType": 1,
  "TypeOfInstallation": 2,
  "GeometricArea": 0,
  "CalculationTypeForVentilation": 1,
  "HeightOfProfile": 0,
  "Reveal": 0,
  "RevealDepth": 0,
  "HeightProfileRectangleAngle1": 0,
  "HeightProfileRectangleAngle2": 0,
  "RevealDepthRectangleAngle1": 0,
  "RevealDepthRectangleAngle2": 0,
  "RevealDepthRectangleAngle12": 0,
  "InstallationPosition": 0,
  "RecommendedDriveArticleNo": 0,
  "System": "",
  "AkippOrAtilt": 1.084,
  "AdrehOrAturn": 1.8204,
  "Ageo": 1.084,
  "MinPullingForceMax": -206.4868442161654,
  "MinPushingForceMax": -206.4868442161654,
  "MinPullingForcePermanent": -104.11163259218097,
  "MinPushingForcePermanent": -104.11163259218097,
  "ForceWithNegativeWind": 109.53156767199486,
  "ForceWithNoWindMin": 0.30763693489047433,
  "ForceWithNegativeWindMin": 0,
  "ForceWithWindMin": -108.91629380221393,
  "Id": "681a6e7f-e190-471d-b0fd-9e8e0d911d24",
  "CreatedOn": "2024-12-05T08:26:15.2725027+00:00",
  "CreatedBy": "579816e4-6653-4794-b435-a885f32e28d7",
  "ModifiedOn": "2024-12-05T08:26:15.2725036+00:00",
  "ModifiedBy": ""
}

13:56:17.755 [main] INFO  com.intuit.karate - Generated Config ID: 681a6e7f-e190-471d-b0fd-9e8e0d911d24 
13:56:17.755 [main] INFO  com.intuit.karate - Generated Name: Dataset7097 
13:56:17.756 [main] INFO  com.intuit.karate - Generated Description: Dataset7097 
13:56:17.759 [main] DEBUG com.intuit.karate - request:
1 > PUT https://dev-drivetec-apis.schuecodigitalsolutions.com/Configurations
1 > Content-Type: application/json; charset=UTF-8
1 > Content-Length: 1274
1 > Host: dev-drivetec-apis.schuecodigitalsolutions.com
1 > Connection: Keep-Alive
1 > User-Agent: Apache-HttpClient/4.5.14 (Java/17.0.12)
1 > Accept-Encoding: gzip,deflate
{"Id":"681a6e7f-e190-471d-b0fd-9e8e0d911d24","Name":"Dataset66","Description":"Dataset7097","ProjectId":"2afcf090-6588-4022-aa5e-49fca51f940e","CustomTags":"","CreatedBy":"579816e4-6653-4794-b435-a885f32e28d7","ModifiedBy":"579816e4-6653-4794-b435-a885f32e28d7","System":"","FacadeInclination":0,"OpeningType":1,"OpeningDirection":1,"OpeningWidth":1000,"VentOuterWidth":1200,"VentOuterHeight":1400,"VentWeight":0,"CalculateWeightWithGlass":false,"RequiredOpeningStroke":855,"WindLoad":120,"SnowLoad":0,"IsWindowOpeningCalculationByAngle":1,"GlassThickness":14,"ProfileWeightPerSerialMeter":2.5,"DrivePosition":1,"InstallationPosition":0,"LockingMechanism":1,"Voltage":1,"DriveType":2,"TypeOfInstallation":2,"GeometricArea":0,"CalcVentilation":1,"SpecificExhaustDimension":45,"BuildingDepth":90,"CalculationTypeForVentilation":1,"HeightOfProfile":0,"HeightProfileRectangleAngle1":0,"HeightProfileRectangleAngle2":0,"RevealDepth":0,"RevealDepthRectangleAngle1":0,"RevealDepthRectangleAngle2":0,"ChainLengthConnectingRodHandle":5,"ApplicationName":1,"OpeningAngle":28.8,"WeightIncGlassOrThickness":false,"AkippOrAtilt":0,"AdrehOrAturn":0,"Ageo":0,"MinPullingForceMax":0,"MinPushingForceMax":0,"MinPullingForcePermanent":0,"MinPushingForcePermanent":0,"ForceWithNegativeWind":0}

13:56:18.455 [main] DEBUG com.intuit.karate - response time in milliseconds: 695
1 < 200
1 < Content-Type: application/json; charset=utf-8
1 < Date: Thu, 05 Dec 2024 08:26:15 GMT
1 < Server: Microsoft-IIS/10.0
1 < X-Powered-By: ASP.NET
1 < Content-Length: 2054
1 < Connection: keep-alive
{
  "ProjectId": "2afcf090-6588-4022-aa5e-49fca51f940e",
  "Name": "Dataset66",
  "Description": "Dataset7097",
  "CustomTags": "",
  "ApplicationName": 1,
  "OpeningType": 1,
  "OpeningDirection": 1,
  "CalculateWeightWithGlass": false,
  "WindLoad": 120,
  "IsWindowOpeningCalculationByAngle": 1,
  "VentOuterWidth": 1200,
  "VentOuterHeight": 1400,
  "WeightIncGlassOrThickness": false,
  "VentWeight": 72,
  "VentWeightExact": 71.8,
  "GlassThickness": 14,
  "ProfileWeightPerSerialMeter": 2.5,
  "FacadeInclination": 0,
  "ChainLengthConnectingRodHandle": 5,
  "ChainLenghtConnectingRodHandle": 0,
  "RequiredOpeningStroke": 855,
  "OpeningWidth": 1000,
  "OpeningAngle": 35.559303520180045,
  "SpecificExhaustDimension": 45,
  "BuildingDepth": 90,
  "SnowLoad": 0,
  "DistanceHinge": 0,
  "RatedCurrent": 0,
  "DrivePosition": 1,
  "LockingMechanism": 1,
  "Voltage": 1,
  "DriveType": 2,
  "TypeOfInstallation": 2,
  "GeometricArea": 0,
  "CalculationTypeForVentilation": 1,
  "HeightOfProfile": 0,
  "Reveal": 0,
  "RevealDepth": 0,
  "HeightProfileRectangleAngle1": 0,
  "HeightProfileRectangleAngle2": 0,
  "RevealDepthRectangleAngle1": 0,
  "RevealDepthRectangleAngle2": 0,
  "RevealDepthRectangleAngle12": 0,
  "InstallationPosition": 0,
  "RecommendedDriveArticleNo": 0,
  "System": "",
  "AkippOrAtilt": 2.223,
  "AdrehOrAturn": 1.68,
  "Ageo": 1.68,
  "MinPullingForceMax": -100.51405478991474,
  "MinPushingForceMax": -289.13783604644186,
  "MinPullingForcePermanent": -219.00212550807004,
  "MinPushingForcePermanent": -219.00212550807004,
  "ForceWithNegativeWind": -148.8664149696982,
  "ForceWithNoWindMin": 0.2858812891532415,
  "ForceWithNegativeWindMin": 101.08581736822121,
  "ForceWithWindMin": -100.51405478991474,
  "Id": "681a6e7f-e190-471d-b0fd-9e8e0d911d24",
  "CreatedOn": "0001-01-01T00:00:00",
  "CreatedBy": "579816e4-6653-4794-b435-a885f32e28d7",
  "ModifiedOn": "2024-12-05T08:26:15.9274633+00:00",
  "ModifiedBy": "579816e4-6653-4794-b435-a885f32e28d7"
}

13:56:18.456 [main] INFO  com.intuit.karate - VentWeight from API Response: 72 
13:56:18.457 [main] INFO  com.intuit.karate - Rounded Opening Angle: 36.0 
13:56:18.457 [main] INFO  com.intuit.karate - Rounded Ageo: 1.68 
13:56:18.457 [main] INFO  com.intuit.karate - Rounded Required Opening Stroke: 855.0 
13:56:18.457 [main] INFO  com.intuit.karate - Rounded Vent Weight: 72.0 
13:56:18.460 [main] DEBUG com.intuit.karate - request:
2 > GET https://dev-drivetec-apis.schuecodigitalsolutions.com/Config/681a6e7f-e190-471d-b0fd-9e8e0d911d24/Drive
2 > Host: dev-drivetec-apis.schuecodigitalsolutions.com
2 > Connection: Keep-Alive
2 > User-Agent: Apache-HttpClient/4.5.14 (Java/17.0.12)
2 > Accept-Encoding: gzip,deflate


13:56:19.171 [main] DEBUG com.intuit.karate - response time in milliseconds: 711
2 < 200
2 < Content-Type: application/json; charset=utf-8
2 < Date: Thu, 05 Dec 2024 08:26:15 GMT
2 < Server: Microsoft-IIS/10.0
2 < X-Powered-By: ASP.NET
2 < transfer-encoding: chunked
2 < Connection: keep-alive
[
  {
    "Name": "Locking actuator EasyConnect",
    "Bezeichnung": "Verriegelungsantrieb EasyConnect",
    "ConfigurationId": "00000000-0000-0000-0000-000000000000",
    "Description": "",
    "Application": "",
    "ApplicationFacade": true,
    "ApplicationSkylight": false,
    "Type": 5,
    "OpeningType": 0,
    "BottomHungInward": true,
    "BottomHungOutward": false,
    "SideHungInward": true,
    "SideHungOutward": false,
    "TopHungInward": false,
    "TopHungOutward": false,
    "ProjectedTopHungInward": false,
    "ProjectedTopHungOutward": false,
    "InstallationType": "",
    "ITMainOutFrmMountWBracket": true,
    "ITMainFixOutFrmMount": true,
    "ITMainVentFrmMount": false,
    "ITSideMount50": false,
    "ITSideMount60": false,
    "ITSideMount70": false,
    "ITSideMount80": false,
    "ITSideMount67": false,
    "Feature": "",
    "FeatureOpenClose": true,
    "FeatureLock": false,
    "ArticleNumber": 291787,
    "Stroke": 0,
    "Angle": 0,
    "Voltage": null,
    "Voltage24": true,
    "Voltage230": true,
    "RatedCurrent": 0,
    "BreakingCurrent": 0,
    "PullingForceMax": 0,
    "PushingForceMax": 0,
    "PullingForceMaxWithNegativeWind": 0,
    "PushingForceMaxWithNegativeWind": 0,
    "PushingForcePermanent": 0,
    "PullingForcePermanent": 0,
    "MinPullingForceMax": 0,
    "MinPushingForceMax": 0,
    "MinPullingForcePermanent": 0,
    "MinPushingForcePermanent": 0,
    "Price": 0,
    "DriveLength": 0,
    "ChainDrive": 0,
    "ChainDrive2": 0,
    "MaxLengthMainClosingEdge1Drive": 0,
    "MaxGeometricArea": 0,
    "GeometricalSmokeExhaustion": 0,
    "TotalGlassThickness": 0,
    "Dimensions": 0,
    "DimensionsWxHxD": "375 x 24 x 35",
    "TensileForce": 0,
    "LockingForce": 0,
    "Details_DE": "<ul> <li>Bemessungsspannung: 24 V DC (19 V … 28 V)</li> <li>Abschaltstrom: ~1,0 A</li> <li>Bemessungsstrom: 0,6 A</li> <li>Bemessungsaufnahme: 15 W</li> <li>Schutzart: IP 32</li><li>Zug-/Schubkraft: max. 600 N</li> <li>Umgebungstemperatur: -5°C bis + 60°C</li> <li>Anschlussleitung: Halogenfrei, grau 5 x 0,5mm² , ~5m</li> <li>Laufzeit: ~ 5s</li><li>Hub: ~ 18mm</li> </ul>",
    "Details_EN": "<ul> <li>Rated voltage : 24 V DC (19 V … 28 V</li> <li>Breaking current : ~1,0 A</li> <li>Rated current : 0,6 A</li> <li>Rated consumption : 15 W</li> <li>Protection rating : IP 32</li><li>Traction/ thrust : max. 600 N</li> <li>Ambient temperature: -5°C bis + 60°C</li> <li>Connecting cable: halogen-free, grey 5 x 0,5mm² , ~5m</li> <li>Running time: ~ 5s</li><li>Stroke: ~ 18mm</li> </ul>",
    "Einsatz": "<ul> <li>Anwendung: Lüftung, NRA</li><li>Integrierte intelligente Regelelektronik</li></ul>",
    "Use": "<ul> <li>Application: ventilation, natural smoke ventilation</li> <li>Integrated intelligent control electronics</li></ul>",
    "Ausstattung": "<ul><li>Laufrichtung einstellbar</li><li>Zusätzlicher Universal-Steckersatz</li></ul>",
    "Equipment": "<ul><li>Running direction adjustable</li><li>Additional universal plug socket</li></ul>",
    "Optionen": "<ul> <li>Mitnehmer objekt-/profilspezifisch anpassbar</li></ul>",
    "Options": "<ul> <li>Coupling adapter customizable for project-/profile-specific demands</li></ul>",
    "IsTwoPce": false,
    "ResultVentWeight": 0,
    "IsLsRsDrive": false,
    "ArticleNumberRs": 0,
    "TwoDrivesSideInstallation50": 0,
    "TwoDrivesSideInstallation60": 0,
    "TwoDrivesSideInstallation70": 0,
    "TwoDrivesSideInstallation80": 0,
    "OpeningSpeedmms": 0,
    "Traction": 0,
    "Thrust": 0,
    "Id": "f894c384-bd5f-4f1b-a446-f4a3afc8426e",
    "CreatedOn": "2024-09-26T13:55:26.817Z",
    "CreatedBy": "",
    "ModifiedOn": "2024-09-26T13:55:26.817Z",
    "ModifiedBy": ""
  },
  {
    "Name": "Locking actuator 600",
    "Bezeichnung": "Verriegelungsantrieb 600",
    "ConfigurationId": "00000000-0000-0000-0000-000000000000",
    "Description": "",
    "Application": "",
    "ApplicationFacade": true,
    "ApplicationSkylight": false,
    "Type": 5,
    "OpeningType": 0,
    "BottomHungInward": true,
    "BottomHungOutward": false,
    "SideHungInward": true,
    "SideHungOutward": false,
    "TopHungInward": false,
    "TopHungOutward": false,
    "ProjectedTopHungInward": false,
    "ProjectedTopHungOutward": false,
    "InstallationType": "",
    "ITMainOutFrmMountWBracket": true,
    "ITMainFixOutFrmMount": true,
    "ITMainVentFrmMount": false,
    "ITSideMount50": false,
    "ITSideMount60": false,
    "ITSideMount70": false,
    "ITSideMount80": false,
    "ITSideMount67": false,
    "Feature": "",
    "FeatureOpenClose": true,
    "FeatureLock": false,
    "ArticleNumber": 291736,
    "Stroke": 0,
    "Angle": 0,
    "Voltage": null,
    "Voltage24": true,
    "Voltage230": true,
    "RatedCurrent": 0,
    "BreakingCurrent": 0,
    "PullingForceMax": 0,
    "PushingForceMax": 0,
    "PullingForceMaxWithNegativeWind": 0,
    "PushingForceMaxWithNegativeWind": 0,
    "PushingForcePermanent": 0,
    "PullingForcePermanent": 0,
    "MinPullingForceMax": 0,
    "MinPushingForceMax": 0,
    "MinPullingForcePermanent": 0,
    "MinPushingForcePermanent": 0,
    "Price": 218.27,
    "DriveLength": 0,
    "ChainDrive": 0,
    "ChainDrive2": 0,
    "MaxLengthMainClosingEdge1Drive": 0,
    "MaxGeometricArea": 0,
    "GeometricalSmokeExhaustion": 0,
    "TotalGlassThickness": 0,
    "Dimensions": 0,
    "DimensionsWxHxD": "415 x 26 x 26",
    "TensileForce": 0,
    "LockingForce": 0,
    "Details_DE": "<ul> <li>Bemessungsspannung: 24 V DC (19 V … 28 V)</li> <li>Abschaltstrom: ~1,0 A</li> <li>Bemessungsstrom: 0,6 A</li> <li>Bemessungsaufnahme: 15 W</li> <li>Schutzart: IP 32</li><li>Zug-/Schubkraft: max. 600 N</li> <li>Umgebungstemperatur: -5°C bis + 60°C</li> <li>Anschlussleitung: Halogenfrei, grau 3x 0,5mm², ~3m</li> <li>Laufzeit: ~ 5s</li><li>Hub: ~ 18mm</li> </ul>",
    "Details_EN": "<ul> <li>Rated voltage : 24 V DC (19 V … 28 V</li> <li>Breaking current : ~1,0 A</li> <li>Rated current : 0,6 A</li> <li>Rated consumption : 15 W</li> <li>Protection rating : IP 32</li><li>Traction/ thrust : max. 600 N</li> <li>Ambient temperature: -5°C bis + 60°C</li> <li>Connecting cable: halogen-free, grey 3 x 0,5mm², ~3m</li> <li>Running time: ~ 5s</li><li>Stroke: ~ 18mm</li> </ul>",
    "Einsatz": "<ul> <li>Anwendung: Lüftung, NRA</li><li>Integrierte intelligente Regelelektronik</li></ul>",
    "Use": "<ul> <li>Application: ventilation, natural smoke ventilation</li> <li>Integrated intelligent control electronics</li></ul>",
    "Ausstattung": "<ul><li>Laufrichtung einstellbar</li></ul>",
    "Equipment": "<ul><li>Running direction adjustable</li></ul>",
    "Optionen": "<ul> <li>Mitnehmer objekt-/profilspezifisch anpassbar</li></ul>",
    "Options": "<ul> <li>Coupling adapter customizable for project-/profile-specific demands</li></ul>",
    "IsTwoPce": false,
    "ResultVentWeight": 0,
    "IsLsRsDrive": true,
    "ArticleNumberRs": 291735,
    "TwoDrivesSideInstallation50": 0,
    "TwoDrivesSideInstallation60": 0,
    "TwoDrivesSideInstallation70": 0,
    "TwoDrivesSideInstallation80": 0,
    "OpeningSpeedmms": 0,
    "Traction": 0,
    "Thrust": 0,
    "Id": "69d8317e-493b-4010-8d9e-54168822bacf",
    "CreatedOn": "2024-09-26T13:55:26.817Z",
    "CreatedBy": "",
    "ModifiedOn": "2024-09-26T13:55:26.817Z",
    "ModifiedBy": ""
  }
]

13:56:19.174 [main] INFO  com.intuit.karate - Expected RecommDrive: Locking actuator EasyConnect,Locking actuator 600 
13:56:19.175 [main] INFO  com.intuit.karate - Actual RecommDrive: Locking actuator EasyConnect, Locking actuator 600 
13:56:19.175 [main] INFO  com.intuit.karate - Normalized Actual RecommDrive: Locking actuator EasyConnect,Locking actuator 600 
13:56:19.175 [main] INFO  com.intuit.karate - Normalized Expected RecommDrive: Locking actuator EasyConnect,Locking actuator 600 
13:56:19.176 [main] INFO  com.intuit.karate - All Drive IDs: [
  "f894c384-bd5f-4f1b-a446-f4a3afc8426e",
  "69d8317e-493b-4010-8d9e-54168822bacf"
]
 
13:56:19.177 [main] INFO  com.intuit.karate - First Drive ID: f894c384-bd5f-4f1b-a446-f4a3afc8426e 
13:56:19.178 [main] DEBUG com.intuit.karate - request:
3 > POST https://dev-drivetec-apis.schuecodigitalsolutions.com/api/Drives/DownloadPDFNew/Schuco
3 > Content-Type: application/json; charset=UTF-8
3 > Content-Length: 1194
3 > Host: dev-drivetec-apis.schuecodigitalsolutions.com
3 > Connection: Keep-Alive
3 > User-Agent: Apache-HttpClient/4.5.14 (Java/17.0.12)
3 > Accept-Encoding: gzip,deflate
[{"Id":"configId","Header":"configId","Value":"681a6e7f-e190-471d-b0fd-9e8e0d911d24"},{"Id":"driveId","Header":"driveId","Value":"f894c384-bd5f-4f1b-a446-f4a3afc8426e"},{"Id":"culture","Header":"culture","Value":"EN-US"},{"Id":"projectId","Header":"projectId","Value":"2afcf090-6588-4022-aa5e-49fca51f940e"},{"Id":"range-of-app","Header":"Range of application","Value":"Façade"},{"Id":"opening-type","Header":"Opening type","Value":"Bottom-hung vent"},{"Id":"opening-direction","Header":"Opening direction","Value":"Inward"},{"Id":"how-calc-weight","Header":"Vent weight","Value":"Weight including glass"},{"Id":"Chain-Length","Header":"Chain- \/ connecting rod handle","Value":"100%"},{"Id":"drive-position","Header":"Drive position","Value":"Side installation"},{"Id":"locking-mechanism","Header":"Locking mechanism","Value":"With"},{"Id":"voltage","Header":"Voltage","Value":"24 V"},{"Id":"drive-type","Header":"Drive type","Value":"Chain drive"},{"Id":"type-installation","Header":"Type of installation","Value":"Pivoting Outer Frame Installation"},{"Id":"calculation-type-for-ventilation-area","Header":"Calculation type for ventilation area","Value":"Method in accordance with ASR 3.6"}]

13:56:20.842 [main] DEBUG com.intuit.karate - response time in milliseconds: 1662
3 < 200
3 < Content-Type: application/json; charset=utf-8
3 < Date: Thu, 05 Dec 2024 08:26:18 GMT
3 < Server: Microsoft-IIS/10.0
3 < X-Powered-By: ASP.NET
3 < Content-Length: 283
3 < Connection: keep-alive
{
  "result": "https://drive-tec-dev.s3.amazonaws.com/AUT_TPJ33518-Locking_actuator_EasyConnect.pdf?AWSAccessKeyId=AKIAZAWIART4ZFAXXPHK&Expires=1733390778&response-content-disposition=attachment%3B&response-content-type=application%2Fpdf&Signature=G2hgV6QECDRFVmNdnzplQxLzDhU%3D"
}

13:56:20.842 [main] INFO  com.intuit.karate - Download URL for first driveId: https://drive-tec-dev.s3.amazonaws.com/AUT_TPJ33518-Locking_actuator_EasyConnect.pdf?AWSAccessKeyId=AKIAZAWIART4ZFAXXPHK&Expires=1733390778&response-content-disposition=attachment%3B&response-content-type=application%2Fpdf&Signature=G2hgV6QECDRFVmNdnzplQxLzDhU%3D 
13:56:20.846 [main] INFO  com.intuit.karate - karate.env system property was: null 
13:56:20.848 [main] INFO  com.intuit.karate - Running test for dataset:  Dataset67 
13:56:20.852 [main] INFO  com.intuit.karate - Using ProjectId:  {
  "result": {
    "projectId": "prjId"
  },
  "projectPayload": {
    "Id": "579816e4-6653-4794-b435-a885f32e28d7",
    "Name": "AUT_TPJ33518",
    "Address": "Hyderabad, Telangana, India",
    "Description": "",
    "CreatedBy": "579816e4-6653-4794-b435-a885f32e28d7",
    "ModifiedBy": "579816e4-6653-4794-b435-a885f32e28d7"
  },
  "uniqueName": "AUT_TPJ33518",
  "responseHeaders": {
    "Content-Type": [
      "application/json; charset=utf-8"
    ],
    "Date": [
      "Thu, 05 Dec 2024 08:22:12 GMT"
    ],
    "Server": [
      "Microsoft-IIS/10.0"
    ],
    "X-Powered-By": [
      "ASP.NET"
    ],
    "transfer-encoding": [
      "chunked"
    ],
    "Connection": [
      "keep-alive"
    ],
    "Set-Cookie": [
    ]
  },
  "responseTime": 841,
  "response": {
    "Name": "AUT_TPJ33518",
    "Description": "",
    "Address": "Hyderabad, Telangana, India",
    "Id": "2afcf090-6588-4022-aa5e-49fca51f940e",
    "CreatedOn": "2024-12-05T08:22:11.998251+00:00",
    "CreatedBy": "579816e4-6653-4794-b435-a885f32e28d7",
    "ModifiedOn": "2024-12-05T08:22:11.9982526+00:00",
    "ModifiedBy": ""
  },
  "responseStatus": 200,
  "prjId": "2afcf090-6588-4022-aa5e-49fca51f940e",
  "projectId": "2afcf090-6588-4022-aa5e-49fca51f940e"
}
 
13:56:20.854 [main] DEBUG com.intuit.karate - request:
1 > POST https://dev-drivetec-apis.schuecodigitalsolutions.com/Configurations
1 > Content-Type: application/json; charset=UTF-8
1 > Content-Length: 1275
1 > Host: dev-drivetec-apis.schuecodigitalsolutions.com
1 > Connection: Keep-Alive
1 > User-Agent: Apache-HttpClient/4.5.14 (Java/17.0.12)
1 > Accept-Encoding: gzip,deflate
{"Id":"00000000-0000-0000-0000-000000000000","ProjectId":"2afcf090-6588-4022-aa5e-49fca51f940e","Name":"Dataset0854","Description":"Dataset0854","CustomTags":"","CreatedBy":"579816e4-6653-4794-b435-a885f32e28d7","ModifiedBy":"579816e4-6653-4794-b435-a885f32e28d7","ApplicationName":1,"System":"","FacadeInclination":0,"OpeningType":1,"OpeningDirection":1,"OpeningWidth":1000,"VentOuterWidth":1230,"VentOuterHeight":1480,"VentWeight":70,"CalculateWeightWithGlass":false,"WeightIncGlassOrThickness":false,"GlassThickness":14,"ProfileWeightPerSerialMeter":2.5,"IsWindowOpeningCalculationByAngle":1,"RequiredOpeningStroke":400,"OpeningAngle":15,"WindLoad":120,"SnowLoad":0,"DrivePosition":2,"InstallationPosition":1,"ChainLengthConnectingRodHandle":5,"LockingMechanism":1,"Voltage":1,"DriveType":1,"TypeOfInstallation":2,"CalculationTypeForVentilation":1,"CalcVentilation":1,"GeometricArea":1,"SpecificExhaustDimension":30,"BuildingDepth":75,"RevealDepth":0,"RevealDepthRectangleAngle1":0,"RevealDepthRectangleAngle2":0,"HeightOfProfile":0,"HeightProfileRectangleAngle1":0,"HeightProfileRectangleAngle2":0,"AkippOrAtilt":0,"AdrehOrAturn":0,"Ageo":0,"MinPullingForceMax":0,"MinPushingForceMax":0,"MinPullingForcePermanent":0,"MinPushingForcePermanent":0,"ForceWithNegativeWind":0}

13:56:21.517 [main] DEBUG com.intuit.karate - response time in milliseconds: 661
1 < 200
1 < Content-Type: application/json; charset=utf-8
1 < Date: Thu, 05 Dec 2024 08:26:18 GMT
1 < Server: Microsoft-IIS/10.0
1 < X-Powered-By: ASP.NET
1 < Content-Length: 2031
1 < Connection: keep-alive
{
  "ProjectId": "2afcf090-6588-4022-aa5e-49fca51f940e",
  "Name": "Dataset0854",
  "Description": "Dataset0854",
  "CustomTags": "",
  "ApplicationName": 1,
  "OpeningType": 1,
  "OpeningDirection": 1,
  "CalculateWeightWithGlass": false,
  "WindLoad": 120,
  "IsWindowOpeningCalculationByAngle": 1,
  "VentOuterWidth": 1230,
  "VentOuterHeight": 1480,
  "WeightIncGlassOrThickness": false,
  "VentWeight": 77,
  "VentWeightExact": 77.26400000000001,
  "GlassThickness": 14,
  "ProfileWeightPerSerialMeter": 2.5,
  "FacadeInclination": 0,
  "ChainLengthConnectingRodHandle": 5,
  "ChainLenghtConnectingRodHandle": 0,
  "RequiredOpeningStroke": 400,
  "OpeningWidth": 1000,
  "OpeningAngle": 15.532868337024489,
  "SpecificExhaustDimension": 30,
  "BuildingDepth": 75,
  "SnowLoad": 0,
  "DistanceHinge": 0,
  "RatedCurrent": 0,
  "DrivePosition": 2,
  "LockingMechanism": 1,
  "Voltage": 1,
  "DriveType": 1,
  "TypeOfInstallation": 2,
  "GeometricArea": 0,
  "CalculationTypeForVentilation": 1,
  "HeightOfProfile": 0,
  "Reveal": 0,
  "RevealDepth": 0,
  "HeightProfileRectangleAngle1": 0,
  "HeightProfileRectangleAngle2": 0,
  "RevealDepthRectangleAngle1": 0,
  "RevealDepthRectangleAngle2": 0,
  "RevealDepthRectangleAngle12": 0,
  "InstallationPosition": 0,
  "RecommendedDriveArticleNo": 0,
  "System": "",
  "AkippOrAtilt": 1.084,
  "AdrehOrAturn": 1.8204,
  "Ageo": 1.084,
  "MinPullingForceMax": -206.4868442161654,
  "MinPushingForceMax": -206.4868442161654,
  "MinPullingForcePermanent": -104.11163259218097,
  "MinPushingForcePermanent": -104.11163259218097,
  "ForceWithNegativeWind": 109.53156767199486,
  "ForceWithNoWindMin": 0.30763693489047433,
  "ForceWithNegativeWindMin": 0,
  "ForceWithWindMin": -108.91629380221393,
  "Id": "83a712ed-8e98-4b6b-ad14-d7ff994d669e",
  "CreatedOn": "2024-12-05T08:26:19.0330321+00:00",
  "CreatedBy": "579816e4-6653-4794-b435-a885f32e28d7",
  "ModifiedOn": "2024-12-05T08:26:19.033033+00:00",
  "ModifiedBy": ""
}

13:56:21.518 [main] INFO  com.intuit.karate - Generated Config ID: 83a712ed-8e98-4b6b-ad14-d7ff994d669e 
13:56:21.519 [main] INFO  com.intuit.karate - Generated Name: Dataset0854 
13:56:21.519 [main] INFO  com.intuit.karate - Generated Description: Dataset0854 
13:56:21.523 [main] DEBUG com.intuit.karate - request:
1 > PUT https://dev-drivetec-apis.schuecodigitalsolutions.com/Configurations
1 > Content-Type: application/json; charset=UTF-8
1 > Content-Length: 1280
1 > Host: dev-drivetec-apis.schuecodigitalsolutions.com
1 > Connection: Keep-Alive
1 > User-Agent: Apache-HttpClient/4.5.14 (Java/17.0.12)
1 > Accept-Encoding: gzip,deflate
{"Id":"83a712ed-8e98-4b6b-ad14-d7ff994d669e","Name":"Dataset67","Description":"Dataset0854","ProjectId":"2afcf090-6588-4022-aa5e-49fca51f940e","CustomTags":"","CreatedBy":"579816e4-6653-4794-b435-a885f32e28d7","ModifiedBy":"579816e4-6653-4794-b435-a885f32e28d7","System":"","FacadeInclination":0,"OpeningType":1,"OpeningDirection":1,"OpeningWidth":1000,"VentOuterWidth":1202,"VentOuterHeight":500,"VentWeight":0,"CalculateWeightWithGlass":false,"RequiredOpeningStroke":800,"WindLoad":120,"SnowLoad":0,"IsWindowOpeningCalculationByAngle":1,"GlassThickness":14,"ProfileWeightPerSerialMeter":2.6,"DrivePosition":1,"InstallationPosition":0,"LockingMechanism":1,"Voltage":1,"DriveType":1,"TypeOfInstallation":2,"GeometricArea":0,"CalcVentilation":1,"SpecificExhaustDimension":45,"BuildingDepth":90,"CalculationTypeForVentilation":1,"HeightOfProfile":30,"HeightProfileRectangleAngle1":35,"HeightProfileRectangleAngle2":2,"RevealDepth":200,"RevealDepthRectangleAngle1":150,"RevealDepthRectangleAngle2":1000,"ChainLengthConnectingRodHandle":5,"ApplicationName":1,"OpeningAngle":10,"WeightIncGlassOrThickness":false,"AkippOrAtilt":0,"AdrehOrAturn":0,"Ageo":0,"MinPullingForceMax":0,"MinPushingForceMax":0,"MinPullingForcePermanent":0,"MinPushingForcePermanent":0,"ForceWithNegativeWind":0}

13:56:22.190 [main] DEBUG com.intuit.karate - response time in milliseconds: 666
1 < 200
1 < Content-Type: application/json; charset=utf-8
1 < Date: Thu, 05 Dec 2024 08:26:19 GMT
1 < Server: Microsoft-IIS/10.0
1 < X-Powered-By: ASP.NET
1 < Content-Length: 2030
1 < Connection: keep-alive
{
  "ProjectId": "2afcf090-6588-4022-aa5e-49fca51f940e",
  "Name": "Dataset67",
  "Description": "Dataset0854",
  "CustomTags": "",
  "ApplicationName": 1,
  "OpeningType": 1,
  "OpeningDirection": 1,
  "CalculateWeightWithGlass": false,
  "WindLoad": 120,
  "IsWindowOpeningCalculationByAngle": 1,
  "VentOuterWidth": 1202,
  "VentOuterHeight": 500,
  "WeightIncGlassOrThickness": false,
  "VentWeight": 30,
  "VentWeightExact": 29.8854,
  "GlassThickness": 14,
  "ProfileWeightPerSerialMeter": 2.6,
  "FacadeInclination": 0,
  "ChainLengthConnectingRodHandle": 5,
  "ChainLenghtConnectingRodHandle": 0,
  "RequiredOpeningStroke": 800,
  "OpeningWidth": 1000,
  "OpeningAngle": 106.26020470831196,
  "SpecificExhaustDimension": 45,
  "BuildingDepth": 90,
  "SnowLoad": 0,
  "DistanceHinge": 0,
  "RatedCurrent": 0,
  "DrivePosition": 1,
  "LockingMechanism": 1,
  "Voltage": 1,
  "DriveType": 1,
  "TypeOfInstallation": 2,
  "GeometricArea": 0,
  "CalculationTypeForVentilation": 1,
  "HeightOfProfile": 30,
  "Reveal": 0,
  "RevealDepth": 200,
  "HeightProfileRectangleAngle1": 35,
  "HeightProfileRectangleAngle2": 2,
  "RevealDepthRectangleAngle1": 150,
  "RevealDepthRectangleAngle2": 1000,
  "RevealDepthRectangleAngle12": 0,
  "InstallationPosition": 0,
  "RecommendedDriveArticleNo": 0,
  "System": "",
  "AkippOrAtilt": 1.3616,
  "AdrehOrAturn": 0.601,
  "Ageo": 0.601,
  "MinPullingForceMax": 0,
  "MinPushingForceMax": -210.9911156762208,
  "MinPullingForcePermanent": -210.9903315395314,
  "MinPushingForcePermanent": -210.9903315395314,
  "ForceWithNegativeWind": -210.98954740284202,
  "ForceWithNoWindMin": 0.11899271140473934,
  "ForceWithNegativeWindMin": 36.17896984445227,
  "ForceWithWindMin": 0,
  "Id": "83a712ed-8e98-4b6b-ad14-d7ff994d669e",
  "CreatedOn": "0001-01-01T00:00:00",
  "CreatedBy": "579816e4-6653-4794-b435-a885f32e28d7",
  "ModifiedOn": "2024-12-05T08:26:19.7077921+00:00",
  "ModifiedBy": "579816e4-6653-4794-b435-a885f32e28d7"
}

13:56:22.191 [main] INFO  com.intuit.karate - VentWeight from API Response: 30 
13:56:22.192 [main] INFO  com.intuit.karate - Rounded Opening Angle: 106.0 
13:56:22.192 [main] INFO  com.intuit.karate - Rounded Ageo: 0.6 
13:56:22.192 [main] INFO  com.intuit.karate - Rounded Required Opening Stroke: 800.0 
13:56:22.192 [main] INFO  com.intuit.karate - Rounded Vent Weight: 30.0 
13:56:22.194 [main] DEBUG com.intuit.karate - request:
2 > GET https://dev-drivetec-apis.schuecodigitalsolutions.com/Config/83a712ed-8e98-4b6b-ad14-d7ff994d669e/Drive
2 > Host: dev-drivetec-apis.schuecodigitalsolutions.com
2 > Connection: Keep-Alive
2 > User-Agent: Apache-HttpClient/4.5.14 (Java/17.0.12)
2 > Accept-Encoding: gzip,deflate


13:56:23.024 [main] DEBUG com.intuit.karate - response time in milliseconds: 830
2 < 200
2 < Content-Type: application/json; charset=utf-8
2 < Date: Thu, 05 Dec 2024 08:26:19 GMT
2 < Server: Microsoft-IIS/10.0
2 < X-Powered-By: ASP.NET
2 < transfer-encoding: chunked
2 < Connection: keep-alive
[
  {
    "Name": "Chain actuator D2 L800",
    "Bezeichnung": "Kettenantrieb D2 L800",
    "ConfigurationId": "00000000-0000-0000-0000-000000000000",
    "Description": "",
    "Application": "Facade",
    "ApplicationFacade": true,
    "ApplicationSkylight": false,
    "Type": 1,
    "OpeningType": 0,
    "BottomHungInward": true,
    "BottomHungOutward": false,
    "SideHungInward": true,
    "SideHungOutward": false,
    "TopHungInward": false,
    "TopHungOutward": true,
    "ProjectedTopHungInward": false,
    "ProjectedTopHungOutward": false,
    "InstallationType": "",
    "ITMainOutFrmMountWBracket": true,
    "ITMainFixOutFrmMount": true,
    "ITMainVentFrmMount": true,
    "ITSideMount50": false,
    "ITSideMount60": false,
    "ITSideMount70": false,
    "ITSideMount80": false,
    "ITSideMount67": true,
    "Feature": "",
    "FeatureOpenClose": true,
    "FeatureLock": true,
    "ArticleNumber": 291758,
    "Stroke": 800,
    "Angle": 0,
    "Voltage": "24 V DC",
    "Voltage24": true,
    "Voltage230": false,
    "RatedCurrent": 1,
    "BreakingCurrent": 1,
    "PullingForceMax": 250,
    "PushingForceMax": 50,
    "PullingForceMaxWithNegativeWind": 0,
    "PushingForceMaxWithNegativeWind": 0,
    "PushingForcePermanent": 0,
    "PullingForcePermanent": 250,
    "MinPullingForceMax": -210.99,
    "MinPushingForceMax": 0,
    "MinPullingForcePermanent": -210.99,
    "MinPushingForcePermanent": 0,
    "Price": 283.33,
    "DriveLength": 625,
    "ChainDrive": 725,
    "ChainDrive2": 1410,
    "MaxLengthMainClosingEdge1Drive": 1650,
    "MaxGeometricArea": 1,
    "GeometricalSmokeExhaustion": 0,
    "TotalGlassThickness": 14,
    "Dimensions": 0,
    "DimensionsWxHxD": "625 x 26 x 41",
    "TensileForce": 0,
    "LockingForce": 0,
    "Details_DE": "<ul><li>Bemessungsspannung: 24 V DC (19 V … 28 V)</li><li>Abschaltstrom: 1,0 A</li><li>Bemessungsstrom: 0,7 A</li><li>Bemessungsaufnahme: 17 W</li><li>Schutzart: IP 32</li><li>Zug-/Schubkraft: max. 250 N</li><li>Umgebungstemperatur: -5°C bis + 60°C</li><li>Anschlussleitung: Halogenfrei, grau 3 x 0,5 mm², ~3 m</li><li>Max. Geschwindigkeit: 13,5 mm/s</li></ul>",
    "Details_EN": "<ul><li>Rated voltage: 24 V DC (19 V … 28 V)</li><li>Breaking current: 1.0 A</li><li>Rated current: 0.7 A</li><li>Rated consumption: 17 W</li><li>Protection rating: IP 32</li><li>Traction/ thrust: max. 250 N</li><li>Ambient temperature: -5°C bis + 60°C</li><li>Connecting cable: halogen-free, grey 3 x 0.5 mm², ~3 m</li><li>Max. speed: 13.5 mm/s</li></ul>",
    "Einsatz": "<ul> <li>Anwendung: Lüftung, NRA</li> <li>Integrierte intelligente Regelelektronik</li> <li>Rückmeldung Endlage „ZU“ (max. 24 V, 500 mA)</li> </ul>",
    "Use": "<ul> <li>Application: ventilation, natural smoke ventilation</li> <li>Integrated, intelligent control electronics</li> <li>Response for “CLOSED” end position (max. 24 V, 500 mA)</li> </ul>",
    "Ausstattung": null,
    "Equipment": null,
    "Optionen": "<ul> <li>Programmierung von Sonderfunktionen</li> <li>Programmierbare Rückmeldung Endlage „AUF“ (max. 24 V, 500 mA)</li> <li>Schüco Kontroller zur automatischen Konfiguration von Synchronlauf und Folgesteuerungen mit Verriegelungsantrieben in Antriebs-Verbundsystemen</li> </ul>",
    "Options": "<ul> <li>Programming of special functions</li> <li>Programmable response for “OPEN” end position (max. 24 V, 500 mA)</li> <li>Schüco controller for automatic configuration of synchronous running and sequence control with locking drives in composite drive systems</li></ul>",
    "IsTwoPce": false,
    "ResultVentWeight": 29.89,
    "IsLsRsDrive": true,
    "ArticleNumberRs": 291759,
    "TwoDrivesSideInstallation50": 0,
    "TwoDrivesSideInstallation60": 0,
    "TwoDrivesSideInstallation70": 0,
    "TwoDrivesSideInstallation80": 0,
    "OpeningSpeedmms": 0,
    "Traction": 250,
    "Thrust": 100,
    "Id": "8e41b236-ddae-4821-9147-db4ac85f1b97",
    "CreatedOn": "2024-09-26T13:55:26.817Z",
    "CreatedBy": "",
    "ModifiedOn": "2024-09-26T13:55:26.817Z",
    "ModifiedBy": ""
  },
  {
    "Name": "Chain actuator D4 800",
    "Bezeichnung": "Kettenantrieb D4 800",
    "ConfigurationId": "00000000-0000-0000-0000-000000000000",
    "Description": "",
    "Application": "Facade",
    "ApplicationFacade": true,
    "ApplicationSkylight": false,
    "Type": 1,
    "OpeningType": 0,
    "BottomHungInward": true,
    "BottomHungOutward": false,
    "SideHungInward": true,
    "SideHungOutward": false,
    "TopHungInward": false,
    "TopHungOutward": true,
    "ProjectedTopHungInward": false,
    "ProjectedTopHungOutward": false,
    "InstallationType": "",
    "ITMainOutFrmMountWBracket": true,
    "ITMainFixOutFrmMount": true,
    "ITMainVentFrmMount": true,
    "ITSideMount50": false,
    "ITSideMount60": false,
    "ITSideMount70": false,
    "ITSideMount80": false,
    "ITSideMount67": true,
    "Feature": "",
    "FeatureOpenClose": true,
    "FeatureLock": true,
    "ArticleNumber": 291710,
    "Stroke": 800,
    "Angle": 0,
    "Voltage": "24 V DC",
    "Voltage24": true,
    "Voltage230": false,
    "RatedCurrent": 1,
    "BreakingCurrent": 1,
    "PullingForceMax": 400,
    "PushingForceMax": 50,
    "PullingForceMaxWithNegativeWind": 0,
    "PushingForceMaxWithNegativeWind": 0,
    "PushingForcePermanent": 0,
    "PullingForcePermanent": 400,
    "MinPullingForceMax": -210.99,
    "MinPushingForceMax": 0,
    "MinPullingForcePermanent": -210.99,
    "MinPushingForcePermanent": 0,
    "Price": 299.21,
    "DriveLength": 755,
    "ChainDrive": 855,
    "ChainDrive2": 1670,
    "MaxLengthMainClosingEdge1Drive": 1850,
    "MaxGeometricArea": 1,
    "GeometricalSmokeExhaustion": 0,
    "TotalGlassThickness": 14,
    "Dimensions": 0,
    "DimensionsWxHxD": "755 x 24 x 35",
    "TensileForce": 0,
    "LockingForce": 0,
    "Details_DE": "<ul><li>Bemessungsspannung: 24 V DC (19 V … 28 V)</li> <li>Abschaltstrom: 1,2 A</li> <li>Bemessungsstrom: 0,9 A</li> <li>Bemessungsaufnahme: 22 W</li> <li>Schutzart: IP 32</li> <li>Zug-/Schubkraft: max. 400 N</li> <li>Umgebungstemperatur: -5°C bis + 60°C</li> <li>Anschlussleitung: Halogenfrei, grau 5 x 0,5mm², ~3m</li> <li>Max. Geschwindigkeit: 13,5 mm/s</li></ul>",
    "Details_EN": "<ul><li>Rated voltage: 24 V DC (19 V … 28 V)</li> <li>Breaking current: 1.2 A</li><li>Rated current: 0.9 A</li><li>Rated consumption: 22 W</li><li>Protection rating: IP 32</li><li>Traction/ thrust: max. 400 N</li><li>Ambient temperature: -5° C to +60° C</li><li>Connecting cable: halogen-free, grey, 5 x 0.5 mm², ~ 3 m</li><li>Max. speed: 13,5 mm/s </li></ul>",
    "Einsatz": "<ul><li>Anwendung: Lüftung, NRA</li> <li>Integrierte intelligente Regelelektronik</li> <li>Rückmeldung Endlage „ZU“ (max. 24 V, 500 mA)</li> </ul>",
    "Use": "<ul><li>Application: ventilation, natural smoke ventilation</li> <li>Integrated intelligent control electronics</li> <li>Response for “CLOSED” end position (max. 24 V, 500 mA)</li> </ul>",
    "Ausstattung": "<ul><li>Zusätzlicher Universal-Steckersatz für Mehrfachbetrieb bis zu 4 Antrieben und 2 Verriegelungsantrieben</li></ul>",
    "Equipment": "<ul><li>Additional universal plug socket for multiplex operation of up to 4 drives and 2 interlocking drives</li></ul>",
    "Optionen": "<ul><li>Programmierung von Sonderfunktionen</li> <li>Programmierbare Rückmeldung Endlage „AUF“ (max. 24 V, 500 mA)</li> <li>Schüco Kontroller zur automatischen Konfiguration von Synchronlauf und Folgesteuerungen mit Verriegelungsantrieben in Antriebs-Verbundsystemen</li> </ul>",
    "Options": "<ul><li>Programming of special functions</li> <li>Programmable response for “OPEN” end position (max. 24 V, 500 mA)</li> <li>Schüco controller for automatic configuration of synchronous running and sequence control with locking drives in composite drive systems</li> </ul>",
    "IsTwoPce": false,
    "ResultVentWeight": 29.89,
    "IsLsRsDrive": true,
    "ArticleNumberRs": 291709,
    "TwoDrivesSideInstallation50": 0,
    "TwoDrivesSideInstallation60": 0,
    "TwoDrivesSideInstallation70": 0,
    "TwoDrivesSideInstallation80": 0,
    "OpeningSpeedmms": 0,
    "Traction": 400,
    "Thrust": 50,
    "Id": "3e2dcb1b-8df9-4eab-b237-548b0481a20b",
    "CreatedOn": "2024-09-26T13:55:26.817Z",
    "CreatedBy": "",
    "ModifiedOn": "2024-09-26T13:55:26.817Z",
    "ModifiedBy": ""
  },
  {
    "Name": "Chain actuator D6 800",
    "Bezeichnung": "Kettenantrieb D6 800",
    "ConfigurationId": "00000000-0000-0000-0000-000000000000",
    "Description": "",
    "Application": "Facade",
    "ApplicationFacade": true,
    "ApplicationSkylight": true,
    "Type": 1,
    "OpeningType": 0,
    "BottomHungInward": true,
    "BottomHungOutward": true,
    "SideHungInward": true,
    "SideHungOutward": true,
    "TopHungInward": false,
    "TopHungOutward": true,
    "ProjectedTopHungInward": false,
    "ProjectedTopHungOutward": false,
    "InstallationType": "",
    "ITMainOutFrmMountWBracket": true,
    "ITMainFixOutFrmMount": false,
    "ITMainVentFrmMount": true,
    "ITSideMount50": false,
    "ITSideMount60": false,
    "ITSideMount70": false,
    "ITSideMount80": false,
    "ITSideMount67": true,
    "Feature": "",
    "FeatureOpenClose": true,
    "FeatureLock": true,
    "ArticleNumber": 291717,
    "Stroke": 800,
    "Angle": 0,
    "Voltage": "24 V DC",
    "Voltage24": true,
    "Voltage230": false,
    "RatedCurrent": 1,
    "BreakingCurrent": 1,
    "PullingForceMax": 600,
    "PushingForceMax": 300,
    "PullingForceMaxWithNegativeWind": 0,
    "PushingForceMaxWithNegativeWind": 0,
    "PushingForcePermanent": 200,
    "PullingForcePermanent": 600,
    "MinPullingForceMax": -210.99,
    "MinPushingForceMax": 0,
    "MinPullingForcePermanent": -210.99,
    "MinPushingForcePermanent": 0,
    "Price": 387.92,
    "DriveLength": 794,
    "ChainDrive": 894,
    "ChainDrive2": 1748,
    "MaxLengthMainClosingEdge1Drive": 1920,
    "MaxGeometricArea": 1,
    "GeometricalSmokeExhaustion": 0,
    "TotalGlassThickness": 14,
    "Dimensions": 0,
    "DimensionsWxHxD": "794 x 40 x 56",
    "TensileForce": 0,
    "LockingForce": 0,
    "Details_DE": "<ul> <li>Bemessungsspannung: 24 V DC (19 V … 28 V)</li> <li>Abschaltstrom: 1,2 A</li> <li>Bemessungsstrom: 0,9 A</li> <li>Bemessungsaufnahme: 22 W</li> <li>Schutzart: IP 32</li> <li>Zug-/Schubkraft: max. 600 N</li> <li>Umgebungstemperatur: -5°C bis + 60°C</li> <li>Anschlussleitung: Halogenfrei, grau 5 x 0,5mm², ~3m</li> <li>Max. Geschwindigkeit: 13,5 mm/s</li> </ul>",
    "Details_EN": "<ul> <li>Rated voltage: 24 V DC (19 V … 28 V)</li><li>Breaking current: 1.2 A</li><li>Rated current: 0.9 A</li><li>Rated consumption: 22W</li><li>Protection rating: IP 32</li><li>Traction/ thrust: max. 600 N</li><li>Ambient temperature: -5° C to +60° C</li><li>Connecting cable: halogen-free, grey 3 x 0,5mm², ~3m</li><li>Max. speed: 13,5 mm/s</li></ul>",
    "Einsatz": "<ul><li>Anwendung: Lüftung, NRA</li> <li>Integrierte intelligente Regelelektronik</li></ul>",
    "Use": "<ul><li>Application: ventilation, natural smoke ventilation</li> <li>Integrated intelligent control electronics</li> </ul>",
    "Ausstattung": "<ul><li>Zusätzlicher Universal-Steckersatz für Mehrfachbetrieb bis zu 4 Antrieben und 2 Verriegelungsantrieben</li></ul>",
    "Equipment": "<ul><li>Additional universal plug socket for multiplex operation  of up to 4 drives and 2 interlocking drives</li></ul>",
    "Optionen": "<ul><li>Programmierung von Sonderfunktionen</li> <li>Programmierbare Rückmeldung Endlage „AUF“ (max. 24 V, 500 mA)</li> <li>Schüco Kontroller zur automatischen Konfiguration von Synchronlauf und Folgesteuerungen mit Verriegelungsantrieben in Antriebs-Verbundsystemen</li> </ul>",
    "Options": "<ul><li>Programming of special functions</li> <li>Programmable response for “OPEN” end position (max. 24 V, 500 mA)</li> <li>Schüco controller for automatic configuration of synchronous running and sequence control with locking drives in composite drive systems</li> </ul>",
    "IsTwoPce": false,
    "ResultVentWeight": 29.89,
    "IsLsRsDrive": false,
    "ArticleNumberRs": 0,
    "TwoDrivesSideInstallation50": 0,
    "TwoDrivesSideInstallation60": 0,
    "TwoDrivesSideInstallation70": 0,
    "TwoDrivesSideInstallation80": 0,
    "OpeningSpeedmms": 0,
    "Traction": 600,
    "Thrust": 300,
    "Id": "e9fa5654-1773-4646-9949-a237ab4f4797",
    "CreatedOn": "2024-09-26T13:55:26.817Z",
    "CreatedBy": "",
    "ModifiedOn": "2024-09-26T13:55:26.817Z",
    "ModifiedBy": ""
  },
  {
    "Name": "Locking actuator EasyConnect",
    "Bezeichnung": "Verriegelungsantrieb EasyConnect",
    "ConfigurationId": "00000000-0000-0000-0000-000000000000",
    "Description": "",
    "Application": "",
    "ApplicationFacade": true,
    "ApplicationSkylight": false,
    "Type": 5,
    "OpeningType": 0,
    "BottomHungInward": true,
    "BottomHungOutward": false,
    "SideHungInward": true,
    "SideHungOutward": false,
    "TopHungInward": false,
    "TopHungOutward": false,
    "ProjectedTopHungInward": false,
    "ProjectedTopHungOutward": false,
    "InstallationType": "",
    "ITMainOutFrmMountWBracket": true,
    "ITMainFixOutFrmMount": true,
    "ITMainVentFrmMount": false,
    "ITSideMount50": false,
    "ITSideMount60": false,
    "ITSideMount70": false,
    "ITSideMount80": false,
    "ITSideMount67": false,
    "Feature": "",
    "FeatureOpenClose": true,
    "FeatureLock": false,
    "ArticleNumber": 291787,
    "Stroke": 0,
    "Angle": 0,
    "Voltage": null,
    "Voltage24": true,
    "Voltage230": true,
    "RatedCurrent": 0,
    "BreakingCurrent": 0,
    "PullingForceMax": 0,
    "PushingForceMax": 0,
    "PullingForceMaxWithNegativeWind": 0,
    "PushingForceMaxWithNegativeWind": 0,
    "PushingForcePermanent": 0,
    "PullingForcePermanent": 0,
    "MinPullingForceMax": 0,
    "MinPushingForceMax": 0,
    "MinPullingForcePermanent": 0,
    "MinPushingForcePermanent": 0,
    "Price": 0,
    "DriveLength": 0,
    "ChainDrive": 0,
    "ChainDrive2": 0,
    "MaxLengthMainClosingEdge1Drive": 0,
    "MaxGeometricArea": 0,
    "GeometricalSmokeExhaustion": 0,
    "TotalGlassThickness": 0,
    "Dimensions": 0,
    "DimensionsWxHxD": "375 x 24 x 35",
    "TensileForce": 0,
    "LockingForce": 0,
    "Details_DE": "<ul> <li>Bemessungsspannung: 24 V DC (19 V … 28 V)</li> <li>Abschaltstrom: ~1,0 A</li> <li>Bemessungsstrom: 0,6 A</li> <li>Bemessungsaufnahme: 15 W</li> <li>Schutzart: IP 32</li><li>Zug-/Schubkraft: max. 600 N</li> <li>Umgebungstemperatur: -5°C bis + 60°C</li> <li>Anschlussleitung: Halogenfrei, grau 5 x 0,5mm² , ~5m</li> <li>Laufzeit: ~ 5s</li><li>Hub: ~ 18mm</li> </ul>",
    "Details_EN": "<ul> <li>Rated voltage : 24 V DC (19 V … 28 V</li> <li>Breaking current : ~1,0 A</li> <li>Rated current : 0,6 A</li> <li>Rated consumption : 15 W</li> <li>Protection rating : IP 32</li><li>Traction/ thrust : max. 600 N</li> <li>Ambient temperature: -5°C bis + 60°C</li> <li>Connecting cable: halogen-free, grey 5 x 0,5mm² , ~5m</li> <li>Running time: ~ 5s</li><li>Stroke: ~ 18mm</li> </ul>",
    "Einsatz": "<ul> <li>Anwendung: Lüftung, NRA</li><li>Integrierte intelligente Regelelektronik</li></ul>",
    "Use": "<ul> <li>Application: ventilation, natural smoke ventilation</li> <li>Integrated intelligent control electronics</li></ul>",
    "Ausstattung": "<ul><li>Laufrichtung einstellbar</li><li>Zusätzlicher Universal-Steckersatz</li></ul>",
    "Equipment": "<ul><li>Running direction adjustable</li><li>Additional universal plug socket</li></ul>",
    "Optionen": "<ul> <li>Mitnehmer objekt-/profilspezifisch anpassbar</li></ul>",
    "Options": "<ul> <li>Coupling adapter customizable for project-/profile-specific demands</li></ul>",
    "IsTwoPce": false,
    "ResultVentWeight": 0,
    "IsLsRsDrive": false,
    "ArticleNumberRs": 0,
    "TwoDrivesSideInstallation50": 0,
    "TwoDrivesSideInstallation60": 0,
    "TwoDrivesSideInstallation70": 0,
    "TwoDrivesSideInstallation80": 0,
    "OpeningSpeedmms": 0,
    "Traction": 0,
    "Thrust": 0,
    "Id": "f894c384-bd5f-4f1b-a446-f4a3afc8426e",
    "CreatedOn": "2024-09-26T13:55:26.817Z",
    "CreatedBy": "",
    "ModifiedOn": "2024-09-26T13:55:26.817Z",
    "ModifiedBy": ""
  },
  {
    "Name": "Locking actuator 600",
    "Bezeichnung": "Verriegelungsantrieb 600",
    "ConfigurationId": "00000000-0000-0000-0000-000000000000",
    "Description": "",
    "Application": "",
    "ApplicationFacade": true,
    "ApplicationSkylight": false,
    "Type": 5,
    "OpeningType": 0,
    "BottomHungInward": true,
    "BottomHungOutward": false,
    "SideHungInward": true,
    "SideHungOutward": false,
    "TopHungInward": false,
    "TopHungOutward": false,
    "ProjectedTopHungInward": false,
    "ProjectedTopHungOutward": false,
    "InstallationType": "",
    "ITMainOutFrmMountWBracket": true,
    "ITMainFixOutFrmMount": true,
    "ITMainVentFrmMount": false,
    "ITSideMount50": false,
    "ITSideMount60": false,
    "ITSideMount70": false,
    "ITSideMount80": false,
    "ITSideMount67": false,
    "Feature": "",
    "FeatureOpenClose": true,
    "FeatureLock": false,
    "ArticleNumber": 291736,
    "Stroke": 0,
    "Angle": 0,
    "Voltage": null,
    "Voltage24": true,
    "Voltage230": true,
    "RatedCurrent": 0,
    "BreakingCurrent": 0,
    "PullingForceMax": 0,
    "PushingForceMax": 0,
    "PullingForceMaxWithNegativeWind": 0,
    "PushingForceMaxWithNegativeWind": 0,
    "PushingForcePermanent": 0,
    "PullingForcePermanent": 0,
    "MinPullingForceMax": 0,
    "MinPushingForceMax": 0,
    "MinPullingForcePermanent": 0,
    "MinPushingForcePermanent": 0,
    "Price": 218.27,
    "DriveLength": 0,
    "ChainDrive": 0,
    "ChainDrive2": 0,
    "MaxLengthMainClosingEdge1Drive": 0,
    "MaxGeometricArea": 0,
    "GeometricalSmokeExhaustion": 0,
    "TotalGlassThickness": 0,
    "Dimensions": 0,
    "DimensionsWxHxD": "415 x 26 x 26",
    "TensileForce": 0,
    "LockingForce": 0,
    "Details_DE": "<ul> <li>Bemessungsspannung: 24 V DC (19 V … 28 V)</li> <li>Abschaltstrom: ~1,0 A</li> <li>Bemessungsstrom: 0,6 A</li> <li>Bemessungsaufnahme: 15 W</li> <li>Schutzart: IP 32</li><li>Zug-/Schubkraft: max. 600 N</li> <li>Umgebungstemperatur: -5°C bis + 60°C</li> <li>Anschlussleitung: Halogenfrei, grau 3x 0,5mm², ~3m</li> <li>Laufzeit: ~ 5s</li><li>Hub: ~ 18mm</li> </ul>",
    "Details_EN": "<ul> <li>Rated voltage : 24 V DC (19 V … 28 V</li> <li>Breaking current : ~1,0 A</li> <li>Rated current : 0,6 A</li> <li>Rated consumption : 15 W</li> <li>Protection rating : IP 32</li><li>Traction/ thrust : max. 600 N</li> <li>Ambient temperature: -5°C bis + 60°C</li> <li>Connecting cable: halogen-free, grey 3 x 0,5mm², ~3m</li> <li>Running time: ~ 5s</li><li>Stroke: ~ 18mm</li> </ul>",
    "Einsatz": "<ul> <li>Anwendung: Lüftung, NRA</li><li>Integrierte intelligente Regelelektronik</li></ul>",
    "Use": "<ul> <li>Application: ventilation, natural smoke ventilation</li> <li>Integrated intelligent control electronics</li></ul>",
    "Ausstattung": "<ul><li>Laufrichtung einstellbar</li></ul>",
    "Equipment": "<ul><li>Running direction adjustable</li></ul>",
    "Optionen": "<ul> <li>Mitnehmer objekt-/profilspezifisch anpassbar</li></ul>",
    "Options": "<ul> <li>Coupling adapter customizable for project-/profile-specific demands</li></ul>",
    "IsTwoPce": false,
    "ResultVentWeight": 0,
    "IsLsRsDrive": true,
    "ArticleNumberRs": 291735,
    "TwoDrivesSideInstallation50": 0,
    "TwoDrivesSideInstallation60": 0,
    "TwoDrivesSideInstallation70": 0,
    "TwoDrivesSideInstallation80": 0,
    "OpeningSpeedmms": 0,
    "Traction": 0,
    "Thrust": 0,
    "Id": "69d8317e-493b-4010-8d9e-54168822bacf",
    "CreatedOn": "2024-09-26T13:55:26.817Z",
    "CreatedBy": "",
    "ModifiedOn": "2024-09-26T13:55:26.817Z",
    "ModifiedBy": ""
  }
]

13:56:23.038 [main] INFO  com.intuit.karate - Expected RecommDrive: Chain actuator D2 L800,Chain actuator D4 800,Chain actuator D6 800,Locking actuator EasyConnect,Locking actuator 600 
13:56:23.038 [main] INFO  com.intuit.karate - Actual RecommDrive: Chain actuator D2 L800, Chain actuator D4 800, Chain actuator D6 800, Locking actuator EasyConnect, Locking actuator 600 
13:56:23.038 [main] INFO  com.intuit.karate - Normalized Actual RecommDrive: Chain actuator D2 L800,Chain actuator D4 800,Chain actuator D6 800,Locking actuator EasyConnect,Locking actuator 600 
13:56:23.038 [main] INFO  com.intuit.karate - Normalized Expected RecommDrive: Chain actuator D2 L800,Chain actuator D4 800,Chain actuator D6 800,Locking actuator EasyConnect,Locking actuator 600 
13:56:23.039 [main] INFO  com.intuit.karate - All Drive IDs: [
  "8e41b236-ddae-4821-9147-db4ac85f1b97",
  "3e2dcb1b-8df9-4eab-b237-548b0481a20b",
  "e9fa5654-1773-4646-9949-a237ab4f4797",
  "f894c384-bd5f-4f1b-a446-f4a3afc8426e",
  "69d8317e-493b-4010-8d9e-54168822bacf"
]
 
13:56:23.040 [main] INFO  com.intuit.karate - First Drive ID: 8e41b236-ddae-4821-9147-db4ac85f1b97 
13:56:23.041 [main] DEBUG com.intuit.karate - request:
3 > POST https://dev-drivetec-apis.schuecodigitalsolutions.com/api/Drives/DownloadPDFNew/Schuco
3 > Content-Type: application/json; charset=UTF-8
3 > Content-Length: 1194
3 > Host: dev-drivetec-apis.schuecodigitalsolutions.com
3 > Connection: Keep-Alive
3 > User-Agent: Apache-HttpClient/4.5.14 (Java/17.0.12)
3 > Accept-Encoding: gzip,deflate
[{"Id":"configId","Header":"configId","Value":"83a712ed-8e98-4b6b-ad14-d7ff994d669e"},{"Id":"driveId","Header":"driveId","Value":"8e41b236-ddae-4821-9147-db4ac85f1b97"},{"Id":"culture","Header":"culture","Value":"EN-US"},{"Id":"projectId","Header":"projectId","Value":"2afcf090-6588-4022-aa5e-49fca51f940e"},{"Id":"range-of-app","Header":"Range of application","Value":"Façade"},{"Id":"opening-type","Header":"Opening type","Value":"Bottom-hung vent"},{"Id":"opening-direction","Header":"Opening direction","Value":"Inward"},{"Id":"how-calc-weight","Header":"Vent weight","Value":"Weight including glass"},{"Id":"Chain-Length","Header":"Chain- \/ connecting rod handle","Value":"100%"},{"Id":"drive-position","Header":"Drive position","Value":"Side installation"},{"Id":"locking-mechanism","Header":"Locking mechanism","Value":"With"},{"Id":"voltage","Header":"Voltage","Value":"24 V"},{"Id":"drive-type","Header":"Drive type","Value":"Chain drive"},{"Id":"type-installation","Header":"Type of installation","Value":"Pivoting Outer Frame Installation"},{"Id":"calculation-type-for-ventilation-area","Header":"Calculation type for ventilation area","Value":"Method in accordance with ASR 3.6"}]

13:56:24.499 [main] DEBUG com.intuit.karate - response time in milliseconds: 1457
3 < 200
3 < Content-Type: application/json; charset=utf-8
3 < Date: Thu, 05 Dec 2024 08:26:22 GMT
3 < Server: Microsoft-IIS/10.0
3 < X-Powered-By: ASP.NET
3 < Content-Length: 281
3 < Connection: keep-alive
{
  "result": "https://drive-tec-dev.s3.amazonaws.com/AUT_TPJ33518-Chain_actuator_D2_L800.pdf?AWSAccessKeyId=AKIAZAWIART4ZFAXXPHK&Expires=1733390782&response-content-disposition=attachment%3B&response-content-type=application%2Fpdf&Signature=UE5SIsXAFnH7006DRlU%2Bycwe%2FOk%3D"
}

13:56:24.500 [main] INFO  com.intuit.karate - Download URL for first driveId: https://drive-tec-dev.s3.amazonaws.com/AUT_TPJ33518-Chain_actuator_D2_L800.pdf?AWSAccessKeyId=AKIAZAWIART4ZFAXXPHK&Expires=1733390782&response-content-disposition=attachment%3B&response-content-type=application%2Fpdf&Signature=UE5SIsXAFnH7006DRlU%2Bycwe%2FOk%3D 
13:56:24.504 [main] INFO  com.intuit.karate - karate.env system property was: null 
13:56:24.506 [main] INFO  com.intuit.karate - Running test for dataset:  Dataset68 
13:56:24.511 [main] INFO  com.intuit.karate - Using ProjectId:  {
  "result": {
    "projectId": "prjId"
  },
  "projectPayload": {
    "Id": "579816e4-6653-4794-b435-a885f32e28d7",
    "Name": "AUT_TPJ33518",
    "Address": "Hyderabad, Telangana, India",
    "Description": "",
    "CreatedBy": "579816e4-6653-4794-b435-a885f32e28d7",
    "ModifiedBy": "579816e4-6653-4794-b435-a885f32e28d7"
  },
  "uniqueName": "AUT_TPJ33518",
  "responseHeaders": {
    "Content-Type": [
      "application/json; charset=utf-8"
    ],
    "Date": [
      "Thu, 05 Dec 2024 08:22:12 GMT"
    ],
    "Server": [
      "Microsoft-IIS/10.0"
    ],
    "X-Powered-By": [
      "ASP.NET"
    ],
    "transfer-encoding": [
      "chunked"
    ],
    "Connection": [
      "keep-alive"
    ],
    "Set-Cookie": [
    ]
  },
  "responseTime": 841,
  "response": {
    "Name": "AUT_TPJ33518",
    "Description": "",
    "Address": "Hyderabad, Telangana, India",
    "Id": "2afcf090-6588-4022-aa5e-49fca51f940e",
    "CreatedOn": "2024-12-05T08:22:11.998251+00:00",
    "CreatedBy": "579816e4-6653-4794-b435-a885f32e28d7",
    "ModifiedOn": "2024-12-05T08:22:11.9982526+00:00",
    "ModifiedBy": ""
  },
  "responseStatus": 200,
  "prjId": "2afcf090-6588-4022-aa5e-49fca51f940e",
  "projectId": "2afcf090-6588-4022-aa5e-49fca51f940e"
}
 
13:56:24.513 [main] DEBUG com.intuit.karate - request:
1 > POST https://dev-drivetec-apis.schuecodigitalsolutions.com/Configurations
1 > Content-Type: application/json; charset=UTF-8
1 > Content-Length: 1275
1 > Host: dev-drivetec-apis.schuecodigitalsolutions.com
1 > Connection: Keep-Alive
1 > User-Agent: Apache-HttpClient/4.5.14 (Java/17.0.12)
1 > Accept-Encoding: gzip,deflate
{"Id":"00000000-0000-0000-0000-000000000000","ProjectId":"2afcf090-6588-4022-aa5e-49fca51f940e","Name":"Dataset4513","Description":"Dataset4513","CustomTags":"","CreatedBy":"579816e4-6653-4794-b435-a885f32e28d7","ModifiedBy":"579816e4-6653-4794-b435-a885f32e28d7","ApplicationName":1,"System":"","FacadeInclination":0,"OpeningType":1,"OpeningDirection":1,"OpeningWidth":1000,"VentOuterWidth":1230,"VentOuterHeight":1480,"VentWeight":70,"CalculateWeightWithGlass":false,"WeightIncGlassOrThickness":false,"GlassThickness":14,"ProfileWeightPerSerialMeter":2.5,"IsWindowOpeningCalculationByAngle":1,"RequiredOpeningStroke":400,"OpeningAngle":15,"WindLoad":120,"SnowLoad":0,"DrivePosition":2,"InstallationPosition":1,"ChainLengthConnectingRodHandle":5,"LockingMechanism":1,"Voltage":1,"DriveType":1,"TypeOfInstallation":2,"CalculationTypeForVentilation":1,"CalcVentilation":1,"GeometricArea":1,"SpecificExhaustDimension":30,"BuildingDepth":75,"RevealDepth":0,"RevealDepthRectangleAngle1":0,"RevealDepthRectangleAngle2":0,"HeightOfProfile":0,"HeightProfileRectangleAngle1":0,"HeightProfileRectangleAngle2":0,"AkippOrAtilt":0,"AdrehOrAturn":0,"Ageo":0,"MinPullingForceMax":0,"MinPushingForceMax":0,"MinPullingForcePermanent":0,"MinPushingForcePermanent":0,"ForceWithNegativeWind":0}

13:56:25.174 [main] DEBUG com.intuit.karate - response time in milliseconds: 660
1 < 200
1 < Content-Type: application/json; charset=utf-8
1 < Date: Thu, 05 Dec 2024 08:26:22 GMT
1 < Server: Microsoft-IIS/10.0
1 < X-Powered-By: ASP.NET
1 < Content-Length: 2032
1 < Connection: keep-alive
{
  "ProjectId": "2afcf090-6588-4022-aa5e-49fca51f940e",
  "Name": "Dataset4513",
  "Description": "Dataset4513",
  "CustomTags": "",
  "ApplicationName": 1,
  "OpeningType": 1,
  "OpeningDirection": 1,
  "CalculateWeightWithGlass": false,
  "WindLoad": 120,
  "IsWindowOpeningCalculationByAngle": 1,
  "VentOuterWidth": 1230,
  "VentOuterHeight": 1480,
  "WeightIncGlassOrThickness": false,
  "VentWeight": 77,
  "VentWeightExact": 77.26400000000001,
  "GlassThickness": 14,
  "ProfileWeightPerSerialMeter": 2.5,
  "FacadeInclination": 0,
  "ChainLengthConnectingRodHandle": 5,
  "ChainLenghtConnectingRodHandle": 0,
  "RequiredOpeningStroke": 400,
  "OpeningWidth": 1000,
  "OpeningAngle": 15.532868337024489,
  "SpecificExhaustDimension": 30,
  "BuildingDepth": 75,
  "SnowLoad": 0,
  "DistanceHinge": 0,
  "RatedCurrent": 0,
  "DrivePosition": 2,
  "LockingMechanism": 1,
  "Voltage": 1,
  "DriveType": 1,
  "TypeOfInstallation": 2,
  "GeometricArea": 0,
  "CalculationTypeForVentilation": 1,
  "HeightOfProfile": 0,
  "Reveal": 0,
  "RevealDepth": 0,
  "HeightProfileRectangleAngle1": 0,
  "HeightProfileRectangleAngle2": 0,
  "RevealDepthRectangleAngle1": 0,
  "RevealDepthRectangleAngle2": 0,
  "RevealDepthRectangleAngle12": 0,
  "InstallationPosition": 0,
  "RecommendedDriveArticleNo": 0,
  "System": "",
  "AkippOrAtilt": 1.084,
  "AdrehOrAturn": 1.8204,
  "Ageo": 1.084,
  "MinPullingForceMax": -206.4868442161654,
  "MinPushingForceMax": -206.4868442161654,
  "MinPullingForcePermanent": -104.11163259218097,
  "MinPushingForcePermanent": -104.11163259218097,
  "ForceWithNegativeWind": 109.53156767199486,
  "ForceWithNoWindMin": 0.30763693489047433,
  "ForceWithNegativeWindMin": 0,
  "ForceWithWindMin": -108.91629380221393,
  "Id": "0d22b52a-b913-4623-ac73-9076f228cf88",
  "CreatedOn": "2024-12-05T08:26:22.6850477+00:00",
  "CreatedBy": "579816e4-6653-4794-b435-a885f32e28d7",
  "ModifiedOn": "2024-12-05T08:26:22.6850484+00:00",
  "ModifiedBy": ""
}

13:56:25.176 [main] INFO  com.intuit.karate - Generated Config ID: 0d22b52a-b913-4623-ac73-9076f228cf88 
13:56:25.176 [main] INFO  com.intuit.karate - Generated Name: Dataset4513 
13:56:25.177 [main] INFO  com.intuit.karate - Generated Description: Dataset4513 
13:56:25.181 [main] DEBUG com.intuit.karate - request:
1 > PUT https://dev-drivetec-apis.schuecodigitalsolutions.com/Configurations
1 > Content-Type: application/json; charset=UTF-8
1 > Content-Length: 1272
1 > Host: dev-drivetec-apis.schuecodigitalsolutions.com
1 > Connection: Keep-Alive
1 > User-Agent: Apache-HttpClient/4.5.14 (Java/17.0.12)
1 > Accept-Encoding: gzip,deflate
{"Id":"0d22b52a-b913-4623-ac73-9076f228cf88","Name":"Dataset68","Description":"Dataset4513","ProjectId":"2afcf090-6588-4022-aa5e-49fca51f940e","CustomTags":"","CreatedBy":"579816e4-6653-4794-b435-a885f32e28d7","ModifiedBy":"579816e4-6653-4794-b435-a885f32e28d7","System":"","FacadeInclination":0,"OpeningType":1,"OpeningDirection":1,"OpeningWidth":1000,"VentOuterWidth":1201,"VentOuterHeight":2500,"VentWeight":0,"CalculateWeightWithGlass":false,"RequiredOpeningStroke":855,"WindLoad":120,"SnowLoad":0,"IsWindowOpeningCalculationByAngle":2,"GlassThickness":14,"ProfileWeightPerSerialMeter":2.7,"DrivePosition":1,"InstallationPosition":0,"LockingMechanism":1,"Voltage":1,"DriveType":1,"TypeOfInstallation":2,"GeometricArea":0,"CalcVentilation":1,"SpecificExhaustDimension":45,"BuildingDepth":90,"CalculationTypeForVentilation":1,"HeightOfProfile":0,"HeightProfileRectangleAngle1":0,"HeightProfileRectangleAngle2":0,"RevealDepth":0,"RevealDepthRectangleAngle1":0,"RevealDepthRectangleAngle2":0,"ChainLengthConnectingRodHandle":5,"ApplicationName":1,"OpeningAngle":55,"WeightIncGlassOrThickness":false,"AkippOrAtilt":0,"AdrehOrAturn":0,"Ageo":0,"MinPullingForceMax":0,"MinPushingForceMax":0,"MinPullingForcePermanent":0,"MinPushingForcePermanent":0,"ForceWithNegativeWind":0}

13:56:25.851 [main] DEBUG com.intuit.karate - response time in milliseconds: 669
1 < 200
1 < Content-Type: application/json; charset=utf-8
1 < Date: Thu, 05 Dec 2024 08:26:23 GMT
1 < Server: Microsoft-IIS/10.0
1 < X-Powered-By: ASP.NET
1 < Content-Length: 2074
1 < Connection: keep-alive
{
  "ProjectId": "2afcf090-6588-4022-aa5e-49fca51f940e",
  "Name": "Dataset68",
  "Description": "Dataset4513",
  "CustomTags": "",
  "ApplicationName": 1,
  "OpeningType": 1,
  "OpeningDirection": 1,
  "CalculateWeightWithGlass": false,
  "WindLoad": 120,
  "IsWindowOpeningCalculationByAngle": 2,
  "VentOuterWidth": 1201,
  "VentOuterHeight": 2500,
  "WeightIncGlassOrThickness": false,
  "VentWeight": 125,
  "VentWeightExact": 125.07289999999999,
  "GlassThickness": 14,
  "ProfileWeightPerSerialMeter": 2.7,
  "FacadeInclination": 0,
  "ChainLengthConnectingRodHandle": 5,
  "ChainLenghtConnectingRodHandle": 0,
  "RequiredOpeningStroke": 2308.7430661751696,
  "OpeningWidth": 1000,
  "OpeningAngle": 55,
  "SpecificExhaustDimension": 45,
  "BuildingDepth": 90,
  "SnowLoad": 0,
  "DistanceHinge": 0,
  "RatedCurrent": 0,
  "DrivePosition": 1,
  "LockingMechanism": 1,
  "Voltage": 1,
  "DriveType": 1,
  "TypeOfInstallation": 2,
  "GeometricArea": 0,
  "CalculationTypeForVentilation": 1,
  "HeightOfProfile": 0,
  "Reveal": 0,
  "RevealDepth": 0,
  "HeightProfileRectangleAngle1": 0,
  "HeightProfileRectangleAngle2": 0,
  "RevealDepthRectangleAngle1": 0,
  "RevealDepthRectangleAngle2": 0,
  "RevealDepthRectangleAngle12": 0,
  "InstallationPosition": 0,
  "RecommendedDriveArticleNo": 0,
  "System": "",
  "AkippOrAtilt": 8.544658087914303,
  "AdrehOrAturn": 3.0025,
  "Ageo": 3.0025,
  "MinPullingForceMax": -179.65189130506374,
  "MinPushingForceMax": -644.213556103148,
  "MinPullingForcePermanent": -577.2644896488,
  "MinPushingForcePermanent": -577.2644896488,
  "ForceWithNegativeWind": -510.315423194452,
  "ForceWithNoWindMin": 0.49799445529435177,
  "ForceWithNegativeWindMin": 180.64788021565246,
  "ForceWithWindMin": -179.65189130506374,
  "Id": "0d22b52a-b913-4623-ac73-9076f228cf88",
  "CreatedOn": "0001-01-01T00:00:00",
  "CreatedBy": "579816e4-6653-4794-b435-a885f32e28d7",
  "ModifiedOn": "2024-12-05T08:26:23.3593041+00:00",
  "ModifiedBy": "579816e4-6653-4794-b435-a885f32e28d7"
}

13:56:25.852 [main] INFO  com.intuit.karate - VentWeight from API Response: 125 
13:56:25.855 [main] INFO  com.intuit.karate - Rounded Opening Angle: 55.0 
13:56:25.855 [main] INFO  com.intuit.karate - Rounded Ageo: 3.0 
13:56:25.855 [main] INFO  com.intuit.karate - Rounded Required Opening Stroke: 2309.0 
13:56:25.855 [main] INFO  com.intuit.karate - Rounded Vent Weight: 125.0 
13:56:25.857 [main] DEBUG com.intuit.karate - request:
2 > GET https://dev-drivetec-apis.schuecodigitalsolutions.com/Config/0d22b52a-b913-4623-ac73-9076f228cf88/Drive
2 > Host: dev-drivetec-apis.schuecodigitalsolutions.com
2 > Connection: Keep-Alive
2 > User-Agent: Apache-HttpClient/4.5.14 (Java/17.0.12)
2 > Accept-Encoding: gzip,deflate


13:56:26.555 [main] DEBUG com.intuit.karate - response time in milliseconds: 697
2 < 200
2 < Content-Type: application/json; charset=utf-8
2 < Date: Thu, 05 Dec 2024 08:26:23 GMT
2 < Server: Microsoft-IIS/10.0
2 < X-Powered-By: ASP.NET
2 < Content-Length: 7512
2 < Connection: keep-alive
[
  {
    "Name": "Locking actuator EasyConnect",
    "Bezeichnung": "Verriegelungsantrieb EasyConnect",
    "ConfigurationId": "00000000-0000-0000-0000-000000000000",
    "Description": "",
    "Application": "",
    "ApplicationFacade": true,
    "ApplicationSkylight": false,
    "Type": 5,
    "OpeningType": 0,
    "BottomHungInward": true,
    "BottomHungOutward": false,
    "SideHungInward": true,
    "SideHungOutward": false,
    "TopHungInward": false,
    "TopHungOutward": false,
    "ProjectedTopHungInward": false,
    "ProjectedTopHungOutward": false,
    "InstallationType": "",
    "ITMainOutFrmMountWBracket": true,
    "ITMainFixOutFrmMount": true,
    "ITMainVentFrmMount": false,
    "ITSideMount50": false,
    "ITSideMount60": false,
    "ITSideMount70": false,
    "ITSideMount80": false,
    "ITSideMount67": false,
    "Feature": "",
    "FeatureOpenClose": true,
    "FeatureLock": false,
    "ArticleNumber": 291787,
    "Stroke": 0,
    "Angle": 0,
    "Voltage": null,
    "Voltage24": true,
    "Voltage230": true,
    "RatedCurrent": 0,
    "BreakingCurrent": 0,
    "PullingForceMax": 0,
    "PushingForceMax": 0,
    "PullingForceMaxWithNegativeWind": 0,
    "PushingForceMaxWithNegativeWind": 0,
    "PushingForcePermanent": 0,
    "PullingForcePermanent": 0,
    "MinPullingForceMax": 0,
    "MinPushingForceMax": 0,
    "MinPullingForcePermanent": 0,
    "MinPushingForcePermanent": 0,
    "Price": 0,
    "DriveLength": 0,
    "ChainDrive": 0,
    "ChainDrive2": 0,
    "MaxLengthMainClosingEdge1Drive": 0,
    "MaxGeometricArea": 0,
    "GeometricalSmokeExhaustion": 0,
    "TotalGlassThickness": 0,
    "Dimensions": 0,
    "DimensionsWxHxD": "375 x 24 x 35",
    "TensileForce": 0,
    "LockingForce": 0,
    "Details_DE": "<ul> <li>Bemessungsspannung: 24 V DC (19 V … 28 V)</li> <li>Abschaltstrom: ~1,0 A</li> <li>Bemessungsstrom: 0,6 A</li> <li>Bemessungsaufnahme: 15 W</li> <li>Schutzart: IP 32</li><li>Zug-/Schubkraft: max. 600 N</li> <li>Umgebungstemperatur: -5°C bis + 60°C</li> <li>Anschlussleitung: Halogenfrei, grau 5 x 0,5mm² , ~5m</li> <li>Laufzeit: ~ 5s</li><li>Hub: ~ 18mm</li> </ul>",
    "Details_EN": "<ul> <li>Rated voltage : 24 V DC (19 V … 28 V</li> <li>Breaking current : ~1,0 A</li> <li>Rated current : 0,6 A</li> <li>Rated consumption : 15 W</li> <li>Protection rating : IP 32</li><li>Traction/ thrust : max. 600 N</li> <li>Ambient temperature: -5°C bis + 60°C</li> <li>Connecting cable: halogen-free, grey 5 x 0,5mm² , ~5m</li> <li>Running time: ~ 5s</li><li>Stroke: ~ 18mm</li> </ul>",
    "Einsatz": "<ul> <li>Anwendung: Lüftung, NRA</li><li>Integrierte intelligente Regelelektronik</li></ul>",
    "Use": "<ul> <li>Application: ventilation, natural smoke ventilation</li> <li>Integrated intelligent control electronics</li></ul>",
    "Ausstattung": "<ul><li>Laufrichtung einstellbar</li><li>Zusätzlicher Universal-Steckersatz</li></ul>",
    "Equipment": "<ul><li>Running direction adjustable</li><li>Additional universal plug socket</li></ul>",
    "Optionen": "<ul> <li>Mitnehmer objekt-/profilspezifisch anpassbar</li></ul>",
    "Options": "<ul> <li>Coupling adapter customizable for project-/profile-specific demands</li></ul>",
    "IsTwoPce": false,
    "ResultVentWeight": 0,
    "IsLsRsDrive": false,
    "ArticleNumberRs": 0,
    "TwoDrivesSideInstallation50": 0,
    "TwoDrivesSideInstallation60": 0,
    "TwoDrivesSideInstallation70": 0,
    "TwoDrivesSideInstallation80": 0,
    "OpeningSpeedmms": 0,
    "Traction": 0,
    "Thrust": 0,
    "Id": "f894c384-bd5f-4f1b-a446-f4a3afc8426e",
    "CreatedOn": "2024-09-26T13:55:26.817Z",
    "CreatedBy": "",
    "ModifiedOn": "2024-09-26T13:55:26.817Z",
    "ModifiedBy": ""
  },
  {
    "Name": "Locking actuator 600",
    "Bezeichnung": "Verriegelungsantrieb 600",
    "ConfigurationId": "00000000-0000-0000-0000-000000000000",
    "Description": "",
    "Application": "",
    "ApplicationFacade": true,
    "ApplicationSkylight": false,
    "Type": 5,
    "OpeningType": 0,
    "BottomHungInward": true,
    "BottomHungOutward": false,
    "SideHungInward": true,
    "SideHungOutward": false,
    "TopHungInward": false,
    "TopHungOutward": false,
    "ProjectedTopHungInward": false,
    "ProjectedTopHungOutward": false,
    "InstallationType": "",
    "ITMainOutFrmMountWBracket": true,
    "ITMainFixOutFrmMount": true,
    "ITMainVentFrmMount": false,
    "ITSideMount50": false,
    "ITSideMount60": false,
    "ITSideMount70": false,
    "ITSideMount80": false,
    "ITSideMount67": false,
    "Feature": "",
    "FeatureOpenClose": true,
    "FeatureLock": false,
    "ArticleNumber": 291736,
    "Stroke": 0,
    "Angle": 0,
    "Voltage": null,
    "Voltage24": true,
    "Voltage230": true,
    "RatedCurrent": 0,
    "BreakingCurrent": 0,
    "PullingForceMax": 0,
    "PushingForceMax": 0,
    "PullingForceMaxWithNegativeWind": 0,
    "PushingForceMaxWithNegativeWind": 0,
    "PushingForcePermanent": 0,
    "PullingForcePermanent": 0,
    "MinPullingForceMax": 0,
    "MinPushingForceMax": 0,
    "MinPullingForcePermanent": 0,
    "MinPushingForcePermanent": 0,
    "Price": 218.27,
    "DriveLength": 0,
    "ChainDrive": 0,
    "ChainDrive2": 0,
    "MaxLengthMainClosingEdge1Drive": 0,
    "MaxGeometricArea": 0,
    "GeometricalSmokeExhaustion": 0,
    "TotalGlassThickness": 0,
    "Dimensions": 0,
    "DimensionsWxHxD": "415 x 26 x 26",
    "TensileForce": 0,
    "LockingForce": 0,
    "Details_DE": "<ul> <li>Bemessungsspannung: 24 V DC (19 V … 28 V)</li> <li>Abschaltstrom: ~1,0 A</li> <li>Bemessungsstrom: 0,6 A</li> <li>Bemessungsaufnahme: 15 W</li> <li>Schutzart: IP 32</li><li>Zug-/Schubkraft: max. 600 N</li> <li>Umgebungstemperatur: -5°C bis + 60°C</li> <li>Anschlussleitung: Halogenfrei, grau 3x 0,5mm², ~3m</li> <li>Laufzeit: ~ 5s</li><li>Hub: ~ 18mm</li> </ul>",
    "Details_EN": "<ul> <li>Rated voltage : 24 V DC (19 V … 28 V</li> <li>Breaking current : ~1,0 A</li> <li>Rated current : 0,6 A</li> <li>Rated consumption : 15 W</li> <li>Protection rating : IP 32</li><li>Traction/ thrust : max. 600 N</li> <li>Ambient temperature: -5°C bis + 60°C</li> <li>Connecting cable: halogen-free, grey 3 x 0,5mm², ~3m</li> <li>Running time: ~ 5s</li><li>Stroke: ~ 18mm</li> </ul>",
    "Einsatz": "<ul> <li>Anwendung: Lüftung, NRA</li><li>Integrierte intelligente Regelelektronik</li></ul>",
    "Use": "<ul> <li>Application: ventilation, natural smoke ventilation</li> <li>Integrated intelligent control electronics</li></ul>",
    "Ausstattung": "<ul><li>Laufrichtung einstellbar</li></ul>",
    "Equipment": "<ul><li>Running direction adjustable</li></ul>",
    "Optionen": "<ul> <li>Mitnehmer objekt-/profilspezifisch anpassbar</li></ul>",
    "Options": "<ul> <li>Coupling adapter customizable for project-/profile-specific demands</li></ul>",
    "IsTwoPce": false,
    "ResultVentWeight": 0,
    "IsLsRsDrive": true,
    "ArticleNumberRs": 291735,
    "TwoDrivesSideInstallation50": 0,
    "TwoDrivesSideInstallation60": 0,
    "TwoDrivesSideInstallation70": 0,
    "TwoDrivesSideInstallation80": 0,
    "OpeningSpeedmms": 0,
    "Traction": 0,
    "Thrust": 0,
    "Id": "69d8317e-493b-4010-8d9e-54168822bacf",
    "CreatedOn": "2024-09-26T13:55:26.817Z",
    "CreatedBy": "",
    "ModifiedOn": "2024-09-26T13:55:26.817Z",
    "ModifiedBy": ""
  }
]

13:56:26.561 [main] INFO  com.intuit.karate - Expected RecommDrive: Locking actuator EasyConnect,Locking actuator 600 
13:56:26.562 [main] INFO  com.intuit.karate - Actual RecommDrive: Locking actuator EasyConnect, Locking actuator 600 
13:56:26.562 [main] INFO  com.intuit.karate - Normalized Actual RecommDrive: Locking actuator EasyConnect,Locking actuator 600 
13:56:26.562 [main] INFO  com.intuit.karate - Normalized Expected RecommDrive: Locking actuator EasyConnect,Locking actuator 600 
13:56:26.562 [main] INFO  com.intuit.karate - All Drive IDs: [
  "f894c384-bd5f-4f1b-a446-f4a3afc8426e",
  "69d8317e-493b-4010-8d9e-54168822bacf"
]
 
13:56:26.563 [main] INFO  com.intuit.karate - First Drive ID: f894c384-bd5f-4f1b-a446-f4a3afc8426e 
13:56:26.564 [main] DEBUG com.intuit.karate - request:
3 > POST https://dev-drivetec-apis.schuecodigitalsolutions.com/api/Drives/DownloadPDFNew/Schuco
3 > Content-Type: application/json; charset=UTF-8
3 > Content-Length: 1194
3 > Host: dev-drivetec-apis.schuecodigitalsolutions.com
3 > Connection: Keep-Alive
3 > User-Agent: Apache-HttpClient/4.5.14 (Java/17.0.12)
3 > Accept-Encoding: gzip,deflate
[{"Id":"configId","Header":"configId","Value":"0d22b52a-b913-4623-ac73-9076f228cf88"},{"Id":"driveId","Header":"driveId","Value":"f894c384-bd5f-4f1b-a446-f4a3afc8426e"},{"Id":"culture","Header":"culture","Value":"EN-US"},{"Id":"projectId","Header":"projectId","Value":"2afcf090-6588-4022-aa5e-49fca51f940e"},{"Id":"range-of-app","Header":"Range of application","Value":"Façade"},{"Id":"opening-type","Header":"Opening type","Value":"Bottom-hung vent"},{"Id":"opening-direction","Header":"Opening direction","Value":"Inward"},{"Id":"how-calc-weight","Header":"Vent weight","Value":"Weight including glass"},{"Id":"Chain-Length","Header":"Chain- \/ connecting rod handle","Value":"100%"},{"Id":"drive-position","Header":"Drive position","Value":"Side installation"},{"Id":"locking-mechanism","Header":"Locking mechanism","Value":"With"},{"Id":"voltage","Header":"Voltage","Value":"24 V"},{"Id":"drive-type","Header":"Drive type","Value":"Chain drive"},{"Id":"type-installation","Header":"Type of installation","Value":"Pivoting Outer Frame Installation"},{"Id":"calculation-type-for-ventilation-area","Header":"Calculation type for ventilation area","Value":"Method in accordance with ASR 3.6"}]

13:56:28.124 [main] DEBUG com.intuit.karate - response time in milliseconds: 1559
3 < 200
3 < Content-Type: application/json; charset=utf-8
3 < Date: Thu, 05 Dec 2024 08:26:25 GMT
3 < Server: Microsoft-IIS/10.0
3 < X-Powered-By: ASP.NET
3 < Content-Length: 287
3 < Connection: keep-alive
{
  "result": "https://drive-tec-dev.s3.amazonaws.com/AUT_TPJ33518-Locking_actuator_EasyConnect.pdf?AWSAccessKeyId=AKIAZAWIART4ZFAXXPHK&Expires=1733390786&response-content-disposition=attachment%3B&response-content-type=application%2Fpdf&Signature=piW9u%2FoUFBH1edtqGk%2FybAeCqYE%3D"
}

13:56:28.126 [main] INFO  com.intuit.karate - Download URL for first driveId: https://drive-tec-dev.s3.amazonaws.com/AUT_TPJ33518-Locking_actuator_EasyConnect.pdf?AWSAccessKeyId=AKIAZAWIART4ZFAXXPHK&Expires=1733390786&response-content-disposition=attachment%3B&response-content-type=application%2Fpdf&Signature=piW9u%2FoUFBH1edtqGk%2FybAeCqYE%3D 
13:56:28.130 [main] INFO  com.intuit.karate - karate.env system property was: null 
13:56:28.131 [main] INFO  com.intuit.karate - Running test for dataset:  Dataset69 
13:56:28.136 [main] INFO  com.intuit.karate - Using ProjectId:  {
  "result": {
    "projectId": "prjId"
  },
  "projectPayload": {
    "Id": "579816e4-6653-4794-b435-a885f32e28d7",
    "Name": "AUT_TPJ33518",
    "Address": "Hyderabad, Telangana, India",
    "Description": "",
    "CreatedBy": "579816e4-6653-4794-b435-a885f32e28d7",
    "ModifiedBy": "579816e4-6653-4794-b435-a885f32e28d7"
  },
  "uniqueName": "AUT_TPJ33518",
  "responseHeaders": {
    "Content-Type": [
      "application/json; charset=utf-8"
    ],
    "Date": [
      "Thu, 05 Dec 2024 08:22:12 GMT"
    ],
    "Server": [
      "Microsoft-IIS/10.0"
    ],
    "X-Powered-By": [
      "ASP.NET"
    ],
    "transfer-encoding": [
      "chunked"
    ],
    "Connection": [
      "keep-alive"
    ],
    "Set-Cookie": [
    ]
  },
  "responseTime": 841,
  "response": {
    "Name": "AUT_TPJ33518",
    "Description": "",
    "Address": "Hyderabad, Telangana, India",
    "Id": "2afcf090-6588-4022-aa5e-49fca51f940e",
    "CreatedOn": "2024-12-05T08:22:11.998251+00:00",
    "CreatedBy": "579816e4-6653-4794-b435-a885f32e28d7",
    "ModifiedOn": "2024-12-05T08:22:11.9982526+00:00",
    "ModifiedBy": ""
  },
  "responseStatus": 200,
  "prjId": "2afcf090-6588-4022-aa5e-49fca51f940e",
  "projectId": "2afcf090-6588-4022-aa5e-49fca51f940e"
}
 
13:56:28.138 [main] DEBUG com.intuit.karate - request:
1 > POST https://dev-drivetec-apis.schuecodigitalsolutions.com/Configurations
1 > Content-Type: application/json; charset=UTF-8
1 > Content-Length: 1275
1 > Host: dev-drivetec-apis.schuecodigitalsolutions.com
1 > Connection: Keep-Alive
1 > User-Agent: Apache-HttpClient/4.5.14 (Java/17.0.12)
1 > Accept-Encoding: gzip,deflate
{"Id":"00000000-0000-0000-0000-000000000000","ProjectId":"2afcf090-6588-4022-aa5e-49fca51f940e","Name":"Dataset8138","Description":"Dataset8138","CustomTags":"","CreatedBy":"579816e4-6653-4794-b435-a885f32e28d7","ModifiedBy":"579816e4-6653-4794-b435-a885f32e28d7","ApplicationName":1,"System":"","FacadeInclination":0,"OpeningType":1,"OpeningDirection":1,"OpeningWidth":1000,"VentOuterWidth":1230,"VentOuterHeight":1480,"VentWeight":70,"CalculateWeightWithGlass":false,"WeightIncGlassOrThickness":false,"GlassThickness":14,"ProfileWeightPerSerialMeter":2.5,"IsWindowOpeningCalculationByAngle":1,"RequiredOpeningStroke":400,"OpeningAngle":15,"WindLoad":120,"SnowLoad":0,"DrivePosition":2,"InstallationPosition":1,"ChainLengthConnectingRodHandle":5,"LockingMechanism":1,"Voltage":1,"DriveType":1,"TypeOfInstallation":2,"CalculationTypeForVentilation":1,"CalcVentilation":1,"GeometricArea":1,"SpecificExhaustDimension":30,"BuildingDepth":75,"RevealDepth":0,"RevealDepthRectangleAngle1":0,"RevealDepthRectangleAngle2":0,"HeightOfProfile":0,"HeightProfileRectangleAngle1":0,"HeightProfileRectangleAngle2":0,"AkippOrAtilt":0,"AdrehOrAturn":0,"Ageo":0,"MinPullingForceMax":0,"MinPushingForceMax":0,"MinPullingForcePermanent":0,"MinPushingForcePermanent":0,"ForceWithNegativeWind":0}

13:56:28.793 [main] DEBUG com.intuit.karate - response time in milliseconds: 653
1 < 200
1 < Content-Type: application/json; charset=utf-8
1 < Date: Thu, 05 Dec 2024 08:26:25 GMT
1 < Server: Microsoft-IIS/10.0
1 < X-Powered-By: ASP.NET
1 < Content-Length: 2031
1 < Connection: keep-alive
{
  "ProjectId": "2afcf090-6588-4022-aa5e-49fca51f940e",
  "Name": "Dataset8138",
  "Description": "Dataset8138",
  "CustomTags": "",
  "ApplicationName": 1,
  "OpeningType": 1,
  "OpeningDirection": 1,
  "CalculateWeightWithGlass": false,
  "WindLoad": 120,
  "IsWindowOpeningCalculationByAngle": 1,
  "VentOuterWidth": 1230,
  "VentOuterHeight": 1480,
  "WeightIncGlassOrThickness": false,
  "VentWeight": 77,
  "VentWeightExact": 77.26400000000001,
  "GlassThickness": 14,
  "ProfileWeightPerSerialMeter": 2.5,
  "FacadeInclination": 0,
  "ChainLengthConnectingRodHandle": 5,
  "ChainLenghtConnectingRodHandle": 0,
  "RequiredOpeningStroke": 400,
  "OpeningWidth": 1000,
  "OpeningAngle": 15.532868337024489,
  "SpecificExhaustDimension": 30,
  "BuildingDepth": 75,
  "SnowLoad": 0,
  "DistanceHinge": 0,
  "RatedCurrent": 0,
  "DrivePosition": 2,
  "LockingMechanism": 1,
  "Voltage": 1,
  "DriveType": 1,
  "TypeOfInstallation": 2,
  "GeometricArea": 0,
  "CalculationTypeForVentilation": 1,
  "HeightOfProfile": 0,
  "Reveal": 0,
  "RevealDepth": 0,
  "HeightProfileRectangleAngle1": 0,
  "HeightProfileRectangleAngle2": 0,
  "RevealDepthRectangleAngle1": 0,
  "RevealDepthRectangleAngle2": 0,
  "RevealDepthRectangleAngle12": 0,
  "InstallationPosition": 0,
  "RecommendedDriveArticleNo": 0,
  "System": "",
  "AkippOrAtilt": 1.084,
  "AdrehOrAturn": 1.8204,
  "Ageo": 1.084,
  "MinPullingForceMax": -206.4868442161654,
  "MinPushingForceMax": -206.4868442161654,
  "MinPullingForcePermanent": -104.11163259218097,
  "MinPushingForcePermanent": -104.11163259218097,
  "ForceWithNegativeWind": 109.53156767199486,
  "ForceWithNoWindMin": 0.30763693489047433,
  "ForceWithNegativeWindMin": 0,
  "ForceWithWindMin": -108.91629380221393,
  "Id": "c7774829-c42e-48b1-8d35-cffb93bf3e09",
  "CreatedOn": "2024-12-05T08:26:26.310461+00:00",
  "CreatedBy": "579816e4-6653-4794-b435-a885f32e28d7",
  "ModifiedOn": "2024-12-05T08:26:26.3104625+00:00",
  "ModifiedBy": ""
}

13:56:28.794 [main] INFO  com.intuit.karate - Generated Config ID: c7774829-c42e-48b1-8d35-cffb93bf3e09 
13:56:28.795 [main] INFO  com.intuit.karate - Generated Name: Dataset8138 
13:56:28.795 [main] INFO  com.intuit.karate - Generated Description: Dataset8138 
13:56:28.800 [main] DEBUG com.intuit.karate - request:
1 > PUT https://dev-drivetec-apis.schuecodigitalsolutions.com/Configurations
1 > Content-Type: application/json; charset=UTF-8
1 > Content-Length: 1272
1 > Host: dev-drivetec-apis.schuecodigitalsolutions.com
1 > Connection: Keep-Alive
1 > User-Agent: Apache-HttpClient/4.5.14 (Java/17.0.12)
1 > Accept-Encoding: gzip,deflate
{"Id":"c7774829-c42e-48b1-8d35-cffb93bf3e09","Name":"Dataset69","Description":"Dataset8138","ProjectId":"2afcf090-6588-4022-aa5e-49fca51f940e","CustomTags":"","CreatedBy":"579816e4-6653-4794-b435-a885f32e28d7","ModifiedBy":"579816e4-6653-4794-b435-a885f32e28d7","System":"","FacadeInclination":0,"OpeningType":1,"OpeningDirection":1,"OpeningWidth":1000,"VentOuterWidth":1202,"VentOuterHeight":2500,"VentWeight":0,"CalculateWeightWithGlass":false,"RequiredOpeningStroke":855,"WindLoad":120,"SnowLoad":0,"IsWindowOpeningCalculationByAngle":2,"GlassThickness":14,"ProfileWeightPerSerialMeter":2.6,"DrivePosition":1,"InstallationPosition":0,"LockingMechanism":1,"Voltage":1,"DriveType":1,"TypeOfInstallation":2,"GeometricArea":0,"CalcVentilation":1,"SpecificExhaustDimension":45,"BuildingDepth":90,"CalculationTypeForVentilation":1,"HeightOfProfile":0,"HeightProfileRectangleAngle1":0,"HeightProfileRectangleAngle2":0,"RevealDepth":0,"RevealDepthRectangleAngle1":0,"RevealDepthRectangleAngle2":0,"ChainLengthConnectingRodHandle":5,"ApplicationName":1,"OpeningAngle":30,"WeightIncGlassOrThickness":false,"AkippOrAtilt":0,"AdrehOrAturn":0,"Ageo":0,"MinPullingForceMax":0,"MinPushingForceMax":0,"MinPullingForcePermanent":0,"MinPushingForcePermanent":0,"ForceWithNegativeWind":0}

13:56:29.468 [main] DEBUG com.intuit.karate - response time in milliseconds: 667
1 < 200
1 < Content-Type: application/json; charset=utf-8
1 < Date: Thu, 05 Dec 2024 08:26:26 GMT
1 < Server: Microsoft-IIS/10.0
1 < X-Powered-By: ASP.NET
1 < Content-Length: 2068
1 < Connection: keep-alive
{
  "ProjectId": "2afcf090-6588-4022-aa5e-49fca51f940e",
  "Name": "Dataset69",
  "Description": "Dataset8138",
  "CustomTags": "",
  "ApplicationName": 1,
  "OpeningType": 1,
  "OpeningDirection": 1,
  "CalculateWeightWithGlass": false,
  "WindLoad": 120,
  "IsWindowOpeningCalculationByAngle": 2,
  "VentOuterWidth": 1202,
  "VentOuterHeight": 2500,
  "WeightIncGlassOrThickness": false,
  "VentWeight": 124,
  "VentWeightExact": 124.4254,
  "GlassThickness": 14,
  "ProfileWeightPerSerialMeter": 2.6,
  "FacadeInclination": 0,
  "ChainLengthConnectingRodHandle": 5,
  "ChainLenghtConnectingRodHandle": 0,
  "RequiredOpeningStroke": 1294.0952255126037,
  "OpeningWidth": 1000,
  "OpeningAngle": 30,
  "SpecificExhaustDimension": 45,
  "BuildingDepth": 90,
  "SnowLoad": 0,
  "DistanceHinge": 0,
  "RatedCurrent": 0,
  "DrivePosition": 1,
  "LockingMechanism": 1,
  "Voltage": 1,
  "DriveType": 1,
  "TypeOfInstallation": 2,
  "GeometricArea": 0,
  "CalculationTypeForVentilation": 1,
  "HeightOfProfile": 0,
  "Reveal": 0,
  "RevealDepth": 0,
  "HeightProfileRectangleAngle1": 0,
  "HeightProfileRectangleAngle2": 0,
  "RevealDepthRectangleAngle1": 0,
  "RevealDepthRectangleAngle2": 0,
  "RevealDepthRectangleAngle12": 0,
  "InstallationPosition": 0,
  "RecommendedDriveArticleNo": 0,
  "System": "",
  "AkippOrAtilt": 4.790740524847659,
  "AdrehOrAturn": 3.005,
  "Ageo": 3.005,
  "MinPullingForceMax": -179.80446931766932,
  "MinPushingForceMax": -461.887977469804,
  "MinPullingForcePermanent": -321.8175794922248,
  "MinPushingForcePermanent": -321.8175794922248,
  "ForceWithNegativeWind": -181.7471815146456,
  "ForceWithNoWindMin": 0.4954163475683529,
  "ForceWithNegativeWindMin": 180.79530201280602,
  "ForceWithWindMin": -179.80446931766932,
  "Id": "c7774829-c42e-48b1-8d35-cffb93bf3e09",
  "CreatedOn": "0001-01-01T00:00:00",
  "CreatedBy": "579816e4-6653-4794-b435-a885f32e28d7",
  "ModifiedOn": "2024-12-05T08:26:26.9843444+00:00",
  "ModifiedBy": "579816e4-6653-4794-b435-a885f32e28d7"
}

13:56:29.469 [main] INFO  com.intuit.karate - VentWeight from API Response: 124 
13:56:29.470 [main] INFO  com.intuit.karate - Rounded Opening Angle: 30.0 
13:56:29.470 [main] INFO  com.intuit.karate - Rounded Ageo: 3.01 
13:56:29.470 [main] INFO  com.intuit.karate - Rounded Required Opening Stroke: 1294.0 
13:56:29.470 [main] INFO  com.intuit.karate - Rounded Vent Weight: 124.0 
13:56:29.473 [main] DEBUG com.intuit.karate - request:
2 > GET https://dev-drivetec-apis.schuecodigitalsolutions.com/Config/c7774829-c42e-48b1-8d35-cffb93bf3e09/Drive
2 > Host: dev-drivetec-apis.schuecodigitalsolutions.com
2 > Connection: Keep-Alive
2 > User-Agent: Apache-HttpClient/4.5.14 (Java/17.0.12)
2 > Accept-Encoding: gzip,deflate


13:56:30.150 [main] DEBUG com.intuit.karate - response time in milliseconds: 676
2 < 200
2 < Content-Type: application/json; charset=utf-8
2 < Date: Thu, 05 Dec 2024 08:26:26 GMT
2 < Server: Microsoft-IIS/10.0
2 < X-Powered-By: ASP.NET
2 < Content-Length: 7512
2 < Connection: keep-alive
[
  {
    "Name": "Locking actuator EasyConnect",
    "Bezeichnung": "Verriegelungsantrieb EasyConnect",
    "ConfigurationId": "00000000-0000-0000-0000-000000000000",
    "Description": "",
    "Application": "",
    "ApplicationFacade": true,
    "ApplicationSkylight": false,
    "Type": 5,
    "OpeningType": 0,
    "BottomHungInward": true,
    "BottomHungOutward": false,
    "SideHungInward": true,
    "SideHungOutward": false,
    "TopHungInward": false,
    "TopHungOutward": false,
    "ProjectedTopHungInward": false,
    "ProjectedTopHungOutward": false,
    "InstallationType": "",
    "ITMainOutFrmMountWBracket": true,
    "ITMainFixOutFrmMount": true,
    "ITMainVentFrmMount": false,
    "ITSideMount50": false,
    "ITSideMount60": false,
    "ITSideMount70": false,
    "ITSideMount80": false,
    "ITSideMount67": false,
    "Feature": "",
    "FeatureOpenClose": true,
    "FeatureLock": false,
    "ArticleNumber": 291787,
    "Stroke": 0,
    "Angle": 0,
    "Voltage": null,
    "Voltage24": true,
    "Voltage230": true,
    "RatedCurrent": 0,
    "BreakingCurrent": 0,
    "PullingForceMax": 0,
    "PushingForceMax": 0,
    "PullingForceMaxWithNegativeWind": 0,
    "PushingForceMaxWithNegativeWind": 0,
    "PushingForcePermanent": 0,
    "PullingForcePermanent": 0,
    "MinPullingForceMax": 0,
    "MinPushingForceMax": 0,
    "MinPullingForcePermanent": 0,
    "MinPushingForcePermanent": 0,
    "Price": 0,
    "DriveLength": 0,
    "ChainDrive": 0,
    "ChainDrive2": 0,
    "MaxLengthMainClosingEdge1Drive": 0,
    "MaxGeometricArea": 0,
    "GeometricalSmokeExhaustion": 0,
    "TotalGlassThickness": 0,
    "Dimensions": 0,
    "DimensionsWxHxD": "375 x 24 x 35",
    "TensileForce": 0,
    "LockingForce": 0,
    "Details_DE": "<ul> <li>Bemessungsspannung: 24 V DC (19 V … 28 V)</li> <li>Abschaltstrom: ~1,0 A</li> <li>Bemessungsstrom: 0,6 A</li> <li>Bemessungsaufnahme: 15 W</li> <li>Schutzart: IP 32</li><li>Zug-/Schubkraft: max. 600 N</li> <li>Umgebungstemperatur: -5°C bis + 60°C</li> <li>Anschlussleitung: Halogenfrei, grau 5 x 0,5mm² , ~5m</li> <li>Laufzeit: ~ 5s</li><li>Hub: ~ 18mm</li> </ul>",
    "Details_EN": "<ul> <li>Rated voltage : 24 V DC (19 V … 28 V</li> <li>Breaking current : ~1,0 A</li> <li>Rated current : 0,6 A</li> <li>Rated consumption : 15 W</li> <li>Protection rating : IP 32</li><li>Traction/ thrust : max. 600 N</li> <li>Ambient temperature: -5°C bis + 60°C</li> <li>Connecting cable: halogen-free, grey 5 x 0,5mm² , ~5m</li> <li>Running time: ~ 5s</li><li>Stroke: ~ 18mm</li> </ul>",
    "Einsatz": "<ul> <li>Anwendung: Lüftung, NRA</li><li>Integrierte intelligente Regelelektronik</li></ul>",
    "Use": "<ul> <li>Application: ventilation, natural smoke ventilation</li> <li>Integrated intelligent control electronics</li></ul>",
    "Ausstattung": "<ul><li>Laufrichtung einstellbar</li><li>Zusätzlicher Universal-Steckersatz</li></ul>",
    "Equipment": "<ul><li>Running direction adjustable</li><li>Additional universal plug socket</li></ul>",
    "Optionen": "<ul> <li>Mitnehmer objekt-/profilspezifisch anpassbar</li></ul>",
    "Options": "<ul> <li>Coupling adapter customizable for project-/profile-specific demands</li></ul>",
    "IsTwoPce": false,
    "ResultVentWeight": 0,
    "IsLsRsDrive": false,
    "ArticleNumberRs": 0,
    "TwoDrivesSideInstallation50": 0,
    "TwoDrivesSideInstallation60": 0,
    "TwoDrivesSideInstallation70": 0,
    "TwoDrivesSideInstallation80": 0,
    "OpeningSpeedmms": 0,
    "Traction": 0,
    "Thrust": 0,
    "Id": "f894c384-bd5f-4f1b-a446-f4a3afc8426e",
    "CreatedOn": "2024-09-26T13:55:26.817Z",
    "CreatedBy": "",
    "ModifiedOn": "2024-09-26T13:55:26.817Z",
    "ModifiedBy": ""
  },
  {
    "Name": "Locking actuator 600",
    "Bezeichnung": "Verriegelungsantrieb 600",
    "ConfigurationId": "00000000-0000-0000-0000-000000000000",
    "Description": "",
    "Application": "",
    "ApplicationFacade": true,
    "ApplicationSkylight": false,
    "Type": 5,
    "OpeningType": 0,
    "BottomHungInward": true,
    "BottomHungOutward": false,
    "SideHungInward": true,
    "SideHungOutward": false,
    "TopHungInward": false,
    "TopHungOutward": false,
    "ProjectedTopHungInward": false,
    "ProjectedTopHungOutward": false,
    "InstallationType": "",
    "ITMainOutFrmMountWBracket": true,
    "ITMainFixOutFrmMount": true,
    "ITMainVentFrmMount": false,
    "ITSideMount50": false,
    "ITSideMount60": false,
    "ITSideMount70": false,
    "ITSideMount80": false,
    "ITSideMount67": false,
    "Feature": "",
    "FeatureOpenClose": true,
    "FeatureLock": false,
    "ArticleNumber": 291736,
    "Stroke": 0,
    "Angle": 0,
    "Voltage": null,
    "Voltage24": true,
    "Voltage230": true,
    "RatedCurrent": 0,
    "BreakingCurrent": 0,
    "PullingForceMax": 0,
    "PushingForceMax": 0,
    "PullingForceMaxWithNegativeWind": 0,
    "PushingForceMaxWithNegativeWind": 0,
    "PushingForcePermanent": 0,
    "PullingForcePermanent": 0,
    "MinPullingForceMax": 0,
    "MinPushingForceMax": 0,
    "MinPullingForcePermanent": 0,
    "MinPushingForcePermanent": 0,
    "Price": 218.27,
    "DriveLength": 0,
    "ChainDrive": 0,
    "ChainDrive2": 0,
    "MaxLengthMainClosingEdge1Drive": 0,
    "MaxGeometricArea": 0,
    "GeometricalSmokeExhaustion": 0,
    "TotalGlassThickness": 0,
    "Dimensions": 0,
    "DimensionsWxHxD": "415 x 26 x 26",
    "TensileForce": 0,
    "LockingForce": 0,
    "Details_DE": "<ul> <li>Bemessungsspannung: 24 V DC (19 V … 28 V)</li> <li>Abschaltstrom: ~1,0 A</li> <li>Bemessungsstrom: 0,6 A</li> <li>Bemessungsaufnahme: 15 W</li> <li>Schutzart: IP 32</li><li>Zug-/Schubkraft: max. 600 N</li> <li>Umgebungstemperatur: -5°C bis + 60°C</li> <li>Anschlussleitung: Halogenfrei, grau 3x 0,5mm², ~3m</li> <li>Laufzeit: ~ 5s</li><li>Hub: ~ 18mm</li> </ul>",
    "Details_EN": "<ul> <li>Rated voltage : 24 V DC (19 V … 28 V</li> <li>Breaking current : ~1,0 A</li> <li>Rated current : 0,6 A</li> <li>Rated consumption : 15 W</li> <li>Protection rating : IP 32</li><li>Traction/ thrust : max. 600 N</li> <li>Ambient temperature: -5°C bis + 60°C</li> <li>Connecting cable: halogen-free, grey 3 x 0,5mm², ~3m</li> <li>Running time: ~ 5s</li><li>Stroke: ~ 18mm</li> </ul>",
    "Einsatz": "<ul> <li>Anwendung: Lüftung, NRA</li><li>Integrierte intelligente Regelelektronik</li></ul>",
    "Use": "<ul> <li>Application: ventilation, natural smoke ventilation</li> <li>Integrated intelligent control electronics</li></ul>",
    "Ausstattung": "<ul><li>Laufrichtung einstellbar</li></ul>",
    "Equipment": "<ul><li>Running direction adjustable</li></ul>",
    "Optionen": "<ul> <li>Mitnehmer objekt-/profilspezifisch anpassbar</li></ul>",
    "Options": "<ul> <li>Coupling adapter customizable for project-/profile-specific demands</li></ul>",
    "IsTwoPce": false,
    "ResultVentWeight": 0,
    "IsLsRsDrive": true,
    "ArticleNumberRs": 291735,
    "TwoDrivesSideInstallation50": 0,
    "TwoDrivesSideInstallation60": 0,
    "TwoDrivesSideInstallation70": 0,
    "TwoDrivesSideInstallation80": 0,
    "OpeningSpeedmms": 0,
    "Traction": 0,
    "Thrust": 0,
    "Id": "69d8317e-493b-4010-8d9e-54168822bacf",
    "CreatedOn": "2024-09-26T13:55:26.817Z",
    "CreatedBy": "",
    "ModifiedOn": "2024-09-26T13:55:26.817Z",
    "ModifiedBy": ""
  }
]

13:56:30.154 [main] INFO  com.intuit.karate - Expected RecommDrive: Locking actuator EasyConnect,Locking actuator 600 
13:56:30.154 [main] INFO  com.intuit.karate - Actual RecommDrive: Locking actuator EasyConnect, Locking actuator 600 
13:56:30.154 [main] INFO  com.intuit.karate - Normalized Actual RecommDrive: Locking actuator EasyConnect,Locking actuator 600 
13:56:30.154 [main] INFO  com.intuit.karate - Normalized Expected RecommDrive: Locking actuator EasyConnect,Locking actuator 600 
13:56:30.155 [main] INFO  com.intuit.karate - All Drive IDs: [
  "f894c384-bd5f-4f1b-a446-f4a3afc8426e",
  "69d8317e-493b-4010-8d9e-54168822bacf"
]
 
13:56:30.155 [main] INFO  com.intuit.karate - First Drive ID: f894c384-bd5f-4f1b-a446-f4a3afc8426e 
13:56:30.156 [main] DEBUG com.intuit.karate - request:
3 > POST https://dev-drivetec-apis.schuecodigitalsolutions.com/api/Drives/DownloadPDFNew/Schuco
3 > Content-Type: application/json; charset=UTF-8
3 > Content-Length: 1194
3 > Host: dev-drivetec-apis.schuecodigitalsolutions.com
3 > Connection: Keep-Alive
3 > User-Agent: Apache-HttpClient/4.5.14 (Java/17.0.12)
3 > Accept-Encoding: gzip,deflate
[{"Id":"configId","Header":"configId","Value":"c7774829-c42e-48b1-8d35-cffb93bf3e09"},{"Id":"driveId","Header":"driveId","Value":"f894c384-bd5f-4f1b-a446-f4a3afc8426e"},{"Id":"culture","Header":"culture","Value":"EN-US"},{"Id":"projectId","Header":"projectId","Value":"2afcf090-6588-4022-aa5e-49fca51f940e"},{"Id":"range-of-app","Header":"Range of application","Value":"Façade"},{"Id":"opening-type","Header":"Opening type","Value":"Bottom-hung vent"},{"Id":"opening-direction","Header":"Opening direction","Value":"Inward"},{"Id":"how-calc-weight","Header":"Vent weight","Value":"Weight including glass"},{"Id":"Chain-Length","Header":"Chain- \/ connecting rod handle","Value":"100%"},{"Id":"drive-position","Header":"Drive position","Value":"Side installation"},{"Id":"locking-mechanism","Header":"Locking mechanism","Value":"With"},{"Id":"voltage","Header":"Voltage","Value":"24 V"},{"Id":"drive-type","Header":"Drive type","Value":"Chain drive"},{"Id":"type-installation","Header":"Type of installation","Value":"Pivoting Outer Frame Installation"},{"Id":"calculation-type-for-ventilation-area","Header":"Calculation type for ventilation area","Value":"Method in accordance with ASR 3.6"}]

13:56:31.745 [main] DEBUG com.intuit.karate - response time in milliseconds: 1587
3 < 200
3 < Content-Type: application/json; charset=utf-8
3 < Date: Thu, 05 Dec 2024 08:26:29 GMT
3 < Server: Microsoft-IIS/10.0
3 < X-Powered-By: ASP.NET
3 < Content-Length: 287
3 < Connection: keep-alive
{
  "result": "https://drive-tec-dev.s3.amazonaws.com/AUT_TPJ33518-Locking_actuator_EasyConnect.pdf?AWSAccessKeyId=AKIAZAWIART4ZFAXXPHK&Expires=1733390789&response-content-disposition=attachment%3B&response-content-type=application%2Fpdf&Signature=GFyRupl05SjqsF6uuzQ%2FjGl%2FKdQ%3D"
}

13:56:31.746 [main] INFO  com.intuit.karate - Download URL for first driveId: https://drive-tec-dev.s3.amazonaws.com/AUT_TPJ33518-Locking_actuator_EasyConnect.pdf?AWSAccessKeyId=AKIAZAWIART4ZFAXXPHK&Expires=1733390789&response-content-disposition=attachment%3B&response-content-type=application%2Fpdf&Signature=GFyRupl05SjqsF6uuzQ%2FjGl%2FKdQ%3D 
13:56:31.751 [main] INFO  com.intuit.karate - karate.env system property was: null 
13:56:31.753 [main] INFO  com.intuit.karate - Running test for dataset:  Dataset70 
13:56:31.756 [main] INFO  com.intuit.karate - Using ProjectId:  {
  "result": {
    "projectId": "prjId"
  },
  "projectPayload": {
    "Id": "579816e4-6653-4794-b435-a885f32e28d7",
    "Name": "AUT_TPJ33518",
    "Address": "Hyderabad, Telangana, India",
    "Description": "",
    "CreatedBy": "579816e4-6653-4794-b435-a885f32e28d7",
    "ModifiedBy": "579816e4-6653-4794-b435-a885f32e28d7"
  },
  "uniqueName": "AUT_TPJ33518",
  "responseHeaders": {
    "Content-Type": [
      "application/json; charset=utf-8"
    ],
    "Date": [
      "Thu, 05 Dec 2024 08:22:12 GMT"
    ],
    "Server": [
      "Microsoft-IIS/10.0"
    ],
    "X-Powered-By": [
      "ASP.NET"
    ],
    "transfer-encoding": [
      "chunked"
    ],
    "Connection": [
      "keep-alive"
    ],
    "Set-Cookie": [
    ]
  },
  "responseTime": 841,
  "response": {
    "Name": "AUT_TPJ33518",
    "Description": "",
    "Address": "Hyderabad, Telangana, India",
    "Id": "2afcf090-6588-4022-aa5e-49fca51f940e",
    "CreatedOn": "2024-12-05T08:22:11.998251+00:00",
    "CreatedBy": "579816e4-6653-4794-b435-a885f32e28d7",
    "ModifiedOn": "2024-12-05T08:22:11.9982526+00:00",
    "ModifiedBy": ""
  },
  "responseStatus": 200,
  "prjId": "2afcf090-6588-4022-aa5e-49fca51f940e",
  "projectId": "2afcf090-6588-4022-aa5e-49fca51f940e"
}
 
13:56:31.758 [main] DEBUG com.intuit.karate - request:
1 > POST https://dev-drivetec-apis.schuecodigitalsolutions.com/Configurations
1 > Content-Type: application/json; charset=UTF-8
1 > Content-Length: 1275
1 > Host: dev-drivetec-apis.schuecodigitalsolutions.com
1 > Connection: Keep-Alive
1 > User-Agent: Apache-HttpClient/4.5.14 (Java/17.0.12)
1 > Accept-Encoding: gzip,deflate
{"Id":"00000000-0000-0000-0000-000000000000","ProjectId":"2afcf090-6588-4022-aa5e-49fca51f940e","Name":"Dataset1758","Description":"Dataset1758","CustomTags":"","CreatedBy":"579816e4-6653-4794-b435-a885f32e28d7","ModifiedBy":"579816e4-6653-4794-b435-a885f32e28d7","ApplicationName":1,"System":"","FacadeInclination":0,"OpeningType":1,"OpeningDirection":1,"OpeningWidth":1000,"VentOuterWidth":1230,"VentOuterHeight":1480,"VentWeight":70,"CalculateWeightWithGlass":false,"WeightIncGlassOrThickness":false,"GlassThickness":14,"ProfileWeightPerSerialMeter":2.5,"IsWindowOpeningCalculationByAngle":1,"RequiredOpeningStroke":400,"OpeningAngle":15,"WindLoad":120,"SnowLoad":0,"DrivePosition":2,"InstallationPosition":1,"ChainLengthConnectingRodHandle":5,"LockingMechanism":1,"Voltage":1,"DriveType":1,"TypeOfInstallation":2,"CalculationTypeForVentilation":1,"CalcVentilation":1,"GeometricArea":1,"SpecificExhaustDimension":30,"BuildingDepth":75,"RevealDepth":0,"RevealDepthRectangleAngle1":0,"RevealDepthRectangleAngle2":0,"HeightOfProfile":0,"HeightProfileRectangleAngle1":0,"HeightProfileRectangleAngle2":0,"AkippOrAtilt":0,"AdrehOrAturn":0,"Ageo":0,"MinPullingForceMax":0,"MinPushingForceMax":0,"MinPullingForcePermanent":0,"MinPushingForcePermanent":0,"ForceWithNegativeWind":0}

13:56:32.397 [main] DEBUG com.intuit.karate - response time in milliseconds: 639
1 < 200
1 < Content-Type: application/json; charset=utf-8
1 < Date: Thu, 05 Dec 2024 08:26:29 GMT
1 < Server: Microsoft-IIS/10.0
1 < X-Powered-By: ASP.NET
1 < Content-Length: 2032
1 < Connection: keep-alive
{
  "ProjectId": "2afcf090-6588-4022-aa5e-49fca51f940e",
  "Name": "Dataset1758",
  "Description": "Dataset1758",
  "CustomTags": "",
  "ApplicationName": 1,
  "OpeningType": 1,
  "OpeningDirection": 1,
  "CalculateWeightWithGlass": false,
  "WindLoad": 120,
  "IsWindowOpeningCalculationByAngle": 1,
  "VentOuterWidth": 1230,
  "VentOuterHeight": 1480,
  "WeightIncGlassOrThickness": false,
  "VentWeight": 77,
  "VentWeightExact": 77.26400000000001,
  "GlassThickness": 14,
  "ProfileWeightPerSerialMeter": 2.5,
  "FacadeInclination": 0,
  "ChainLengthConnectingRodHandle": 5,
  "ChainLenghtConnectingRodHandle": 0,
  "RequiredOpeningStroke": 400,
  "OpeningWidth": 1000,
  "OpeningAngle": 15.532868337024489,
  "SpecificExhaustDimension": 30,
  "BuildingDepth": 75,
  "SnowLoad": 0,
  "DistanceHinge": 0,
  "RatedCurrent": 0,
  "DrivePosition": 2,
  "LockingMechanism": 1,
  "Voltage": 1,
  "DriveType": 1,
  "TypeOfInstallation": 2,
  "GeometricArea": 0,
  "CalculationTypeForVentilation": 1,
  "HeightOfProfile": 0,
  "Reveal": 0,
  "RevealDepth": 0,
  "HeightProfileRectangleAngle1": 0,
  "HeightProfileRectangleAngle2": 0,
  "RevealDepthRectangleAngle1": 0,
  "RevealDepthRectangleAngle2": 0,
  "RevealDepthRectangleAngle12": 0,
  "InstallationPosition": 0,
  "RecommendedDriveArticleNo": 0,
  "System": "",
  "AkippOrAtilt": 1.084,
  "AdrehOrAturn": 1.8204,
  "Ageo": 1.084,
  "MinPullingForceMax": -206.4868442161654,
  "MinPushingForceMax": -206.4868442161654,
  "MinPullingForcePermanent": -104.11163259218097,
  "MinPushingForcePermanent": -104.11163259218097,
  "ForceWithNegativeWind": 109.53156767199486,
  "ForceWithNoWindMin": 0.30763693489047433,
  "ForceWithNegativeWindMin": 0,
  "ForceWithWindMin": -108.91629380221393,
  "Id": "069fef13-37a4-4af9-af22-814e99250cff",
  "CreatedOn": "2024-12-05T08:26:29.9145074+00:00",
  "CreatedBy": "579816e4-6653-4794-b435-a885f32e28d7",
  "ModifiedOn": "2024-12-05T08:26:29.9145082+00:00",
  "ModifiedBy": ""
}

13:56:32.398 [main] INFO  com.intuit.karate - Generated Config ID: 069fef13-37a4-4af9-af22-814e99250cff 
13:56:32.398 [main] INFO  com.intuit.karate - Generated Name: Dataset1758 
13:56:32.398 [main] INFO  com.intuit.karate - Generated Description: Dataset1758 
13:56:32.402 [main] DEBUG com.intuit.karate - request:
1 > PUT https://dev-drivetec-apis.schuecodigitalsolutions.com/Configurations
1 > Content-Type: application/json; charset=UTF-8
1 > Content-Length: 1295
1 > Host: dev-drivetec-apis.schuecodigitalsolutions.com
1 > Connection: Keep-Alive
1 > User-Agent: Apache-HttpClient/4.5.14 (Java/17.0.12)
1 > Accept-Encoding: gzip,deflate
{"Id":"069fef13-37a4-4af9-af22-814e99250cff","Name":"Dataset70","Description":"Dataset1758","ProjectId":"2afcf090-6588-4022-aa5e-49fca51f940e","CustomTags":"","CreatedBy":"579816e4-6653-4794-b435-a885f32e28d7","ModifiedBy":"579816e4-6653-4794-b435-a885f32e28d7","System":"","FacadeInclination":0,"OpeningType":1,"OpeningDirection":1,"OpeningWidth":1000,"VentOuterWidth":1000,"VentOuterHeight":1500,"VentWeight":0,"CalculateWeightWithGlass":false,"RequiredOpeningStroke":747,"WindLoad":120,"SnowLoad":0,"IsWindowOpeningCalculationByAngle":1,"GlassThickness":50,"ProfileWeightPerSerialMeter":15,"DrivePosition":1,"InstallationPosition":0,"LockingMechanism":1,"Voltage":1,"DriveType":1,"TypeOfInstallation":2,"GeometricArea":0,"CalcVentilation":2,"SpecificExhaustDimension":45,"BuildingDepth":90,"CalculationTypeForVentilation":2,"HeightOfProfile":30,"HeightProfileRectangleAngle1":35,"HeightProfileRectangleAngle2":2,"RevealDepth":200,"RevealDepthRectangleAngle1":150,"RevealDepthRectangleAngle2":1000,"ChainLengthConnectingRodHandle":5,"ApplicationName":1,"OpeningAngle":28.83669047331989,"WeightIncGlassOrThickness":false,"AkippOrAtilt":0,"AdrehOrAturn":0,"Ageo":0,"MinPullingForceMax":0,"MinPushingForceMax":0,"MinPullingForcePermanent":0,"MinPushingForcePermanent":0,"ForceWithNegativeWind":0}

13:56:33.056 [main] DEBUG com.intuit.karate - response time in milliseconds: 653
1 < 200
1 < Content-Type: application/json; charset=utf-8
1 < Date: Thu, 05 Dec 2024 08:26:30 GMT
1 < Server: Microsoft-IIS/10.0
1 < X-Powered-By: ASP.NET
1 < Content-Length: 2069
1 < Connection: keep-alive
{
  "ProjectId": "2afcf090-6588-4022-aa5e-49fca51f940e",
  "Name": "Dataset70",
  "Description": "Dataset1758",
  "CustomTags": "",
  "ApplicationName": 1,
  "OpeningType": 1,
  "OpeningDirection": 1,
  "CalculateWeightWithGlass": false,
  "WindLoad": 120,
  "IsWindowOpeningCalculationByAngle": 1,
  "VentOuterWidth": 1000,
  "VentOuterHeight": 1500,
  "WeightIncGlassOrThickness": false,
  "VentWeight": 263,
  "VentWeightExact": 262.5,
  "GlassThickness": 50,
  "ProfileWeightPerSerialMeter": 15,
  "FacadeInclination": 0,
  "ChainLengthConnectingRodHandle": 5,
  "ChainLenghtConnectingRodHandle": 0,
  "RequiredOpeningStroke": 747,
  "OpeningWidth": 1000,
  "OpeningAngle": 28.83669047331989,
  "SpecificExhaustDimension": 45,
  "BuildingDepth": 90,
  "SnowLoad": 0,
  "DistanceHinge": 0,
  "RatedCurrent": 0,
  "DrivePosition": 1,
  "LockingMechanism": 1,
  "Voltage": 1,
  "DriveType": 1,
  "TypeOfInstallation": 2,
  "GeometricArea": 0,
  "CalculationTypeForVentilation": 2,
  "HeightOfProfile": 30,
  "Reveal": 0,
  "RevealDepth": 200,
  "HeightProfileRectangleAngle1": 35,
  "HeightProfileRectangleAngle2": 2,
  "RevealDepthRectangleAngle1": 150,
  "RevealDepthRectangleAngle2": 1000,
  "RevealDepthRectangleAngle12": 0,
  "InstallationPosition": 0,
  "RecommendedDriveArticleNo": 0,
  "System": "",
  "AkippOrAtilt": 1.8675,
  "AdrehOrAturn": 1.5,
  "Ageo": 0.5438978083248298,
  "MinPullingForceMax": -88.95476411990188,
  "MinPushingForceMax": -724.0514688010999,
  "MinPullingForcePermanent": -652.679442987619,
  "MinPushingForcePermanent": -652.679442987619,
  "ForceWithNegativeWind": -581.3074171741382,
  "ForceWithNoWindMin": 1.0451788078374082,
  "ForceWithNegativeWindMin": 91.04512173557669,
  "ForceWithWindMin": -88.95476411990188,
  "Id": "069fef13-37a4-4af9-af22-814e99250cff",
  "CreatedOn": "0001-01-01T00:00:00",
  "CreatedBy": "579816e4-6653-4794-b435-a885f32e28d7",
  "ModifiedOn": "2024-12-05T08:26:30.5685702+00:00",
  "ModifiedBy": "579816e4-6653-4794-b435-a885f32e28d7"
}

13:56:33.057 [main] INFO  com.intuit.karate - VentWeight from API Response: 263 
13:56:33.058 [main] INFO  com.intuit.karate - Rounded Opening Angle: 29.0 
13:56:33.058 [main] INFO  com.intuit.karate - Rounded Ageo: 0.54 
13:56:33.058 [main] INFO  com.intuit.karate - Rounded Required Opening Stroke: 747.0 
13:56:33.058 [main] INFO  com.intuit.karate - Rounded Vent Weight: 263.0 
13:56:33.060 [main] DEBUG com.intuit.karate - request:
2 > GET https://dev-drivetec-apis.schuecodigitalsolutions.com/Config/069fef13-37a4-4af9-af22-814e99250cff/Drive
2 > Host: dev-drivetec-apis.schuecodigitalsolutions.com
2 > Connection: Keep-Alive
2 > User-Agent: Apache-HttpClient/4.5.14 (Java/17.0.12)
2 > Accept-Encoding: gzip,deflate


13:56:33.788 [main] DEBUG com.intuit.karate - response time in milliseconds: 728
2 < 200
2 < Content-Type: application/json; charset=utf-8
2 < Date: Thu, 05 Dec 2024 08:26:30 GMT
2 < Server: Microsoft-IIS/10.0
2 < X-Powered-By: ASP.NET
2 < Content-Length: 7512
2 < Connection: keep-alive
[
  {
    "Name": "Locking actuator EasyConnect",
    "Bezeichnung": "Verriegelungsantrieb EasyConnect",
    "ConfigurationId": "00000000-0000-0000-0000-000000000000",
    "Description": "",
    "Application": "",
    "ApplicationFacade": true,
    "ApplicationSkylight": false,
    "Type": 5,
    "OpeningType": 0,
    "BottomHungInward": true,
    "BottomHungOutward": false,
    "SideHungInward": true,
    "SideHungOutward": false,
    "TopHungInward": false,
    "TopHungOutward": false,
    "ProjectedTopHungInward": false,
    "ProjectedTopHungOutward": false,
    "InstallationType": "",
    "ITMainOutFrmMountWBracket": true,
    "ITMainFixOutFrmMount": true,
    "ITMainVentFrmMount": false,
    "ITSideMount50": false,
    "ITSideMount60": false,
    "ITSideMount70": false,
    "ITSideMount80": false,
    "ITSideMount67": false,
    "Feature": "",
    "FeatureOpenClose": true,
    "FeatureLock": false,
    "ArticleNumber": 291787,
    "Stroke": 0,
    "Angle": 0,
    "Voltage": null,
    "Voltage24": true,
    "Voltage230": true,
    "RatedCurrent": 0,
    "BreakingCurrent": 0,
    "PullingForceMax": 0,
    "PushingForceMax": 0,
    "PullingForceMaxWithNegativeWind": 0,
    "PushingForceMaxWithNegativeWind": 0,
    "PushingForcePermanent": 0,
    "PullingForcePermanent": 0,
    "MinPullingForceMax": 0,
    "MinPushingForceMax": 0,
    "MinPullingForcePermanent": 0,
    "MinPushingForcePermanent": 0,
    "Price": 0,
    "DriveLength": 0,
    "ChainDrive": 0,
    "ChainDrive2": 0,
    "MaxLengthMainClosingEdge1Drive": 0,
    "MaxGeometricArea": 0,
    "GeometricalSmokeExhaustion": 0,
    "TotalGlassThickness": 0,
    "Dimensions": 0,
    "DimensionsWxHxD": "375 x 24 x 35",
    "TensileForce": 0,
    "LockingForce": 0,
    "Details_DE": "<ul> <li>Bemessungsspannung: 24 V DC (19 V … 28 V)</li> <li>Abschaltstrom: ~1,0 A</li> <li>Bemessungsstrom: 0,6 A</li> <li>Bemessungsaufnahme: 15 W</li> <li>Schutzart: IP 32</li><li>Zug-/Schubkraft: max. 600 N</li> <li>Umgebungstemperatur: -5°C bis + 60°C</li> <li>Anschlussleitung: Halogenfrei, grau 5 x 0,5mm² , ~5m</li> <li>Laufzeit: ~ 5s</li><li>Hub: ~ 18mm</li> </ul>",
    "Details_EN": "<ul> <li>Rated voltage : 24 V DC (19 V … 28 V</li> <li>Breaking current : ~1,0 A</li> <li>Rated current : 0,6 A</li> <li>Rated consumption : 15 W</li> <li>Protection rating : IP 32</li><li>Traction/ thrust : max. 600 N</li> <li>Ambient temperature: -5°C bis + 60°C</li> <li>Connecting cable: halogen-free, grey 5 x 0,5mm² , ~5m</li> <li>Running time: ~ 5s</li><li>Stroke: ~ 18mm</li> </ul>",
    "Einsatz": "<ul> <li>Anwendung: Lüftung, NRA</li><li>Integrierte intelligente Regelelektronik</li></ul>",
    "Use": "<ul> <li>Application: ventilation, natural smoke ventilation</li> <li>Integrated intelligent control electronics</li></ul>",
    "Ausstattung": "<ul><li>Laufrichtung einstellbar</li><li>Zusätzlicher Universal-Steckersatz</li></ul>",
    "Equipment": "<ul><li>Running direction adjustable</li><li>Additional universal plug socket</li></ul>",
    "Optionen": "<ul> <li>Mitnehmer objekt-/profilspezifisch anpassbar</li></ul>",
    "Options": "<ul> <li>Coupling adapter customizable for project-/profile-specific demands</li></ul>",
    "IsTwoPce": false,
    "ResultVentWeight": 0,
    "IsLsRsDrive": false,
    "ArticleNumberRs": 0,
    "TwoDrivesSideInstallation50": 0,
    "TwoDrivesSideInstallation60": 0,
    "TwoDrivesSideInstallation70": 0,
    "TwoDrivesSideInstallation80": 0,
    "OpeningSpeedmms": 0,
    "Traction": 0,
    "Thrust": 0,
    "Id": "f894c384-bd5f-4f1b-a446-f4a3afc8426e",
    "CreatedOn": "2024-09-26T13:55:26.817Z",
    "CreatedBy": "",
    "ModifiedOn": "2024-09-26T13:55:26.817Z",
    "ModifiedBy": ""
  },
  {
    "Name": "Locking actuator 600",
    "Bezeichnung": "Verriegelungsantrieb 600",
    "ConfigurationId": "00000000-0000-0000-0000-000000000000",
    "Description": "",
    "Application": "",
    "ApplicationFacade": true,
    "ApplicationSkylight": false,
    "Type": 5,
    "OpeningType": 0,
    "BottomHungInward": true,
    "BottomHungOutward": false,
    "SideHungInward": true,
    "SideHungOutward": false,
    "TopHungInward": false,
    "TopHungOutward": false,
    "ProjectedTopHungInward": false,
    "ProjectedTopHungOutward": false,
    "InstallationType": "",
    "ITMainOutFrmMountWBracket": true,
    "ITMainFixOutFrmMount": true,
    "ITMainVentFrmMount": false,
    "ITSideMount50": false,
    "ITSideMount60": false,
    "ITSideMount70": false,
    "ITSideMount80": false,
    "ITSideMount67": false,
    "Feature": "",
    "FeatureOpenClose": true,
    "FeatureLock": false,
    "ArticleNumber": 291736,
    "Stroke": 0,
    "Angle": 0,
    "Voltage": null,
    "Voltage24": true,
    "Voltage230": true,
    "RatedCurrent": 0,
    "BreakingCurrent": 0,
    "PullingForceMax": 0,
    "PushingForceMax": 0,
    "PullingForceMaxWithNegativeWind": 0,
    "PushingForceMaxWithNegativeWind": 0,
    "PushingForcePermanent": 0,
    "PullingForcePermanent": 0,
    "MinPullingForceMax": 0,
    "MinPushingForceMax": 0,
    "MinPullingForcePermanent": 0,
    "MinPushingForcePermanent": 0,
    "Price": 218.27,
    "DriveLength": 0,
    "ChainDrive": 0,
    "ChainDrive2": 0,
    "MaxLengthMainClosingEdge1Drive": 0,
    "MaxGeometricArea": 0,
    "GeometricalSmokeExhaustion": 0,
    "TotalGlassThickness": 0,
    "Dimensions": 0,
    "DimensionsWxHxD": "415 x 26 x 26",
    "TensileForce": 0,
    "LockingForce": 0,
    "Details_DE": "<ul> <li>Bemessungsspannung: 24 V DC (19 V … 28 V)</li> <li>Abschaltstrom: ~1,0 A</li> <li>Bemessungsstrom: 0,6 A</li> <li>Bemessungsaufnahme: 15 W</li> <li>Schutzart: IP 32</li><li>Zug-/Schubkraft: max. 600 N</li> <li>Umgebungstemperatur: -5°C bis + 60°C</li> <li>Anschlussleitung: Halogenfrei, grau 3x 0,5mm², ~3m</li> <li>Laufzeit: ~ 5s</li><li>Hub: ~ 18mm</li> </ul>",
    "Details_EN": "<ul> <li>Rated voltage : 24 V DC (19 V … 28 V</li> <li>Breaking current : ~1,0 A</li> <li>Rated current : 0,6 A</li> <li>Rated consumption : 15 W</li> <li>Protection rating : IP 32</li><li>Traction/ thrust : max. 600 N</li> <li>Ambient temperature: -5°C bis + 60°C</li> <li>Connecting cable: halogen-free, grey 3 x 0,5mm², ~3m</li> <li>Running time: ~ 5s</li><li>Stroke: ~ 18mm</li> </ul>",
    "Einsatz": "<ul> <li>Anwendung: Lüftung, NRA</li><li>Integrierte intelligente Regelelektronik</li></ul>",
    "Use": "<ul> <li>Application: ventilation, natural smoke ventilation</li> <li>Integrated intelligent control electronics</li></ul>",
    "Ausstattung": "<ul><li>Laufrichtung einstellbar</li></ul>",
    "Equipment": "<ul><li>Running direction adjustable</li></ul>",
    "Optionen": "<ul> <li>Mitnehmer objekt-/profilspezifisch anpassbar</li></ul>",
    "Options": "<ul> <li>Coupling adapter customizable for project-/profile-specific demands</li></ul>",
    "IsTwoPce": false,
    "ResultVentWeight": 0,
    "IsLsRsDrive": true,
    "ArticleNumberRs": 291735,
    "TwoDrivesSideInstallation50": 0,
    "TwoDrivesSideInstallation60": 0,
    "TwoDrivesSideInstallation70": 0,
    "TwoDrivesSideInstallation80": 0,
    "OpeningSpeedmms": 0,
    "Traction": 0,
    "Thrust": 0,
    "Id": "69d8317e-493b-4010-8d9e-54168822bacf",
    "CreatedOn": "2024-09-26T13:55:26.817Z",
    "CreatedBy": "",
    "ModifiedOn": "2024-09-26T13:55:26.817Z",
    "ModifiedBy": ""
  }
]

13:56:33.790 [main] INFO  com.intuit.karate - Expected RecommDrive: No Recomm Drives 
13:56:33.790 [main] INFO  com.intuit.karate - Actual RecommDrive: Locking actuator EasyConnect, Locking actuator 600 
13:56:33.790 [main] INFO  com.intuit.karate - Normalized Actual RecommDrive: Locking actuator EasyConnect,Locking actuator 600 
13:56:33.790 [main] INFO  com.intuit.karate - Normalized Expected RecommDrive: No Recomm Drives 
13:56:33.790 [main] INFO  com.intuit.karate - No recommended drives found! Calculation not possible! 263 
13:56:33.790 [main] INFO  com.intuit.karate - All Drive IDs: [
  "f894c384-bd5f-4f1b-a446-f4a3afc8426e",
  "69d8317e-493b-4010-8d9e-54168822bacf"
]
 
13:56:33.790 [main] INFO  com.intuit.karate - First Drive ID: f894c384-bd5f-4f1b-a446-f4a3afc8426e 
13:56:33.791 [main] DEBUG com.intuit.karate - request:
3 > POST https://dev-drivetec-apis.schuecodigitalsolutions.com/api/Drives/DownloadPDFNew/Schuco
3 > Content-Type: application/json; charset=UTF-8
3 > Content-Length: 1194
3 > Host: dev-drivetec-apis.schuecodigitalsolutions.com
3 > Connection: Keep-Alive
3 > User-Agent: Apache-HttpClient/4.5.14 (Java/17.0.12)
3 > Accept-Encoding: gzip,deflate
[{"Id":"configId","Header":"configId","Value":"069fef13-37a4-4af9-af22-814e99250cff"},{"Id":"driveId","Header":"driveId","Value":"f894c384-bd5f-4f1b-a446-f4a3afc8426e"},{"Id":"culture","Header":"culture","Value":"EN-US"},{"Id":"projectId","Header":"projectId","Value":"2afcf090-6588-4022-aa5e-49fca51f940e"},{"Id":"range-of-app","Header":"Range of application","Value":"Façade"},{"Id":"opening-type","Header":"Opening type","Value":"Bottom-hung vent"},{"Id":"opening-direction","Header":"Opening direction","Value":"Inward"},{"Id":"how-calc-weight","Header":"Vent weight","Value":"Weight including glass"},{"Id":"Chain-Length","Header":"Chain- \/ connecting rod handle","Value":"100%"},{"Id":"drive-position","Header":"Drive position","Value":"Side installation"},{"Id":"locking-mechanism","Header":"Locking mechanism","Value":"With"},{"Id":"voltage","Header":"Voltage","Value":"24 V"},{"Id":"drive-type","Header":"Drive type","Value":"Chain drive"},{"Id":"type-installation","Header":"Type of installation","Value":"Pivoting Outer Frame Installation"},{"Id":"calculation-type-for-ventilation-area","Header":"Calculation type for ventilation area","Value":"Method in accordance with ASR 3.6"}]

13:56:35.611 [main] DEBUG com.intuit.karate - response time in milliseconds: 1820
3 < 200
3 < Content-Type: application/json; charset=utf-8
3 < Date: Thu, 05 Dec 2024 08:26:33 GMT
3 < Server: Microsoft-IIS/10.0
3 < X-Powered-By: ASP.NET
3 < Content-Length: 287
3 < Connection: keep-alive
{
  "result": "https://drive-tec-dev.s3.amazonaws.com/AUT_TPJ33518-Locking_actuator_EasyConnect.pdf?AWSAccessKeyId=AKIAZAWIART4ZFAXXPHK&Expires=1733390793&response-content-disposition=attachment%3B&response-content-type=application%2Fpdf&Signature=FKG7c1oVTEjvCXb6DW2OlHa%2B7%2FU%3D"
}

13:56:35.612 [main] INFO  com.intuit.karate - Download URL for first driveId: https://drive-tec-dev.s3.amazonaws.com/AUT_TPJ33518-Locking_actuator_EasyConnect.pdf?AWSAccessKeyId=AKIAZAWIART4ZFAXXPHK&Expires=1733390793&response-content-disposition=attachment%3B&response-content-type=application%2Fpdf&Signature=FKG7c1oVTEjvCXb6DW2OlHa%2B7%2FU%3D 
---------------------------------------------------------
feature: classpath:drivetecTestCases/features/UpdatePositions.feature
scenarios: 70 | passed: 70 | failed:  0 | time: 261.6299
---------------------------------------------------------

13:56:39.163 [main] INFO  com.intuit.karate.Suite - <<pass>> feature 4 of 4 (0 remaining) classpath:drivetecTestCases/features/UpdatePositions.feature
Karate version: 1.5.0
======================================================
elapsed: 267.77 | threads:    1 | thread time: 261.63 
features:     1 | skipped:    3 | efficiency: 0.98
scenarios:   70 | passed:    70 | failed: 0
======================================================

HTML report: (paste into browser to view) | Karate version: 1.5.0
file:///C:/Users/jagan/DrivetecAPIAutomation/drivetec/target/karate-reports/karate-summary.html
===================================================================

13:56:39.705 [main] INFO  n.m.cucumber.ReportParser - File 'C:\Users\jagan\DrivetecAPIAutomation\drivetec\target\karate-reports\drivetecTestCases.features.UpdatePositions.json' contains 1 feature(s)
]]></system-out>
  </testcase>
</testsuite>