<?xml version="1.0" encoding="UTF-8"?>
<testsuite xmlns:xsi="http://www.w3.org/2001/XMLSchema-instance" xsi:noNamespaceSchemaLocation="https://maven.apache.org/surefire/maven-surefire-plugin/xsd/surefire-test-report-3.0.xsd" version="3.0" name="drivetecTestCases.TestRunner" time="19.092" tests="1" errors="0" skipped="0" failures="1">
  <properties>
    <property name="java.specification.version" value="17"/>
    <property name="sun.cpu.isalist" value="amd64"/>
    <property name="sun.jnu.encoding" value="Cp1252"/>
    <property name="java.class.path" value="C:\Users\jagan\DrivetecAPIAutomation\drivetec\target\test-classes;C:\Users\jagan\DrivetecAPIAutomation\drivetec\target\classes;C:\Users\jagan\.m2\repository\net\masterthought\cucumber-reporting\5.8.2\cucumber-reporting-5.8.2.jar;C:\Users\jagan\.m2\repository\com\fasterxml\jackson\core\jackson-databind\2.17.0\jackson-databind-2.17.0.jar;C:\Users\jagan\.m2\repository\com\fasterxml\jackson\core\jackson-annotations\2.17.0\jackson-annotations-2.17.0.jar;C:\Users\jagan\.m2\repository\com\fasterxml\jackson\core\jackson-core\2.17.0\jackson-core-2.17.0.jar;C:\Users\jagan\.m2\repository\net\bytebuddy\byte-buddy\1.14.9\byte-buddy-1.14.9.jar;C:\Users\jagan\.m2\repository\com\fasterxml\jackson\datatype\jackson-datatype-jsr310\2.17.0\jackson-datatype-jsr310-2.17.0.jar;C:\Users\jagan\.m2\repository\org\apache\velocity\velocity-engine-core\2.3\velocity-engine-core-2.3.jar;C:\Users\jagan\.m2\repository\joda-time\joda-time\2.12.7\joda-time-2.12.7.jar;C:\Users\jagan\.m2\repository\org\apache\commons\commons-configuration2\2.10.1\commons-configuration2-2.10.1.jar;C:\Users\jagan\.m2\repository\org\apache\commons\commons-lang3\3.14.0\commons-lang3-3.14.0.jar;C:\Users\jagan\.m2\repository\org\apache\commons\commons-text\1.11.0\commons-text-1.11.0.jar;C:\Users\jagan\.m2\repository\org\jsoup\jsoup\1.17.2\jsoup-1.17.2.jar;C:\Users\jagan\.m2\repository\com\googlecode\owasp-java-html-sanitizer\owasp-java-html-sanitizer\20240325.1\owasp-java-html-sanitizer-20240325.1.jar;C:\Users\jagan\.m2\repository\com\googlecode\owasp-java-html-sanitizer\java8-shim\20240325.1\java8-shim-20240325.1.jar;C:\Users\jagan\.m2\repository\com\googlecode\owasp-java-html-sanitizer\java10-shim\20240325.1\java10-shim-20240325.1.jar;C:\Users\jagan\.m2\repository\org\slf4j\slf4j-api\2.0.13\slf4j-api-2.0.13.jar;C:\Users\jagan\.m2\repository\org\slf4j\jcl-over-slf4j\2.0.13\jcl-over-slf4j-2.0.13.jar;C:\Users\jagan\.m2\repository\io\karatelabs\karate-junit5\1.5.0\karate-junit5-1.5.0.jar;C:\Users\jagan\.m2\repository\io\karatelabs\karate-core\1.5.0\karate-core-1.5.0.jar;C:\Users\jagan\.m2\repository\org\graalvm\js\js-scriptengine\24.0.0\js-scriptengine-24.0.0.jar;C:\Users\jagan\.m2\repository\org\graalvm\polyglot\polyglot\24.0.0\polyglot-24.0.0.jar;C:\Users\jagan\.m2\repository\org\graalvm\sdk\collections\24.0.0\collections-24.0.0.jar;C:\Users\jagan\.m2\repository\org\graalvm\sdk\nativeimage\24.0.0\nativeimage-24.0.0.jar;C:\Users\jagan\.m2\repository\org\graalvm\sdk\word\24.0.0\word-24.0.0.jar;C:\Users\jagan\.m2\repository\org\graalvm\js\js-language\24.0.0\js-language-24.0.0.jar;C:\Users\jagan\.m2\repository\org\graalvm\regex\regex\24.0.0\regex-24.0.0.jar;C:\Users\jagan\.m2\repository\org\graalvm\truffle\truffle-api\24.0.0\truffle-api-24.0.0.jar;C:\Users\jagan\.m2\repository\org\graalvm\shadowed\icu4j\24.0.0\icu4j-24.0.0.jar;C:\Users\jagan\.m2\repository\org\thymeleaf\thymeleaf\3.1.2.RELEASE\thymeleaf-3.1.2.RELEASE.jar;C:\Users\jagan\.m2\repository\ognl\ognl\3.3.4\ognl-3.3.4.jar;C:\Users\jagan\.m2\repository\org\javassist\javassist\3.29.0-GA\javassist-3.29.0-GA.jar;C:\Users\jagan\.m2\repository\org\attoparser\attoparser\2.0.7.RELEASE\attoparser-2.0.7.RELEASE.jar;C:\Users\jagan\.m2\repository\org\unbescape\unbescape\1.1.6.RELEASE\unbescape-1.1.6.RELEASE.jar;C:\Users\jagan\.m2\repository\com\linecorp\armeria\armeria\1.29.2\armeria-1.29.2.jar;C:\Users\jagan\.m2\repository\com\fasterxml\jackson\datatype\jackson-datatype-jdk8\2.17.1\jackson-datatype-jdk8-2.17.1.jar;C:\Users\jagan\.m2\repository\io\micrometer\micrometer-core\1.13.0\micrometer-core-1.13.0.jar;C:\Users\jagan\.m2\repository\io\micrometer\micrometer-commons\1.13.0\micrometer-commons-1.13.0.jar;C:\Users\jagan\.m2\repository\io\micrometer\micrometer-observation\1.13.0\micrometer-observation-1.13.0.jar;C:\Users\jagan\.m2\repository\org\hdrhistogram\HdrHistogram\2.2.1\HdrHistogram-2.2.1.jar;C:\Users\jagan\.m2\repository\org\latencyutils\LatencyUtils\2.0.3\LatencyUtils-2.0.3.jar;C:\Users\jagan\.m2\repository\io\netty\netty-transport\4.1.110.Final\netty-transport-4.1.110.Final.jar;C:\Users\jagan\.m2\repository\io\netty\netty-common\4.1.110.Final\netty-common-4.1.110.Final.jar;C:\Users\jagan\.m2\repository\io\netty\netty-buffer\4.1.110.Final\netty-buffer-4.1.110.Final.jar;C:\Users\jagan\.m2\repository\io\netty\netty-resolver\4.1.110.Final\netty-resolver-4.1.110.Final.jar;C:\Users\jagan\.m2\repository\io\netty\netty-codec-haproxy\4.1.110.Final\netty-codec-haproxy-4.1.110.Final.jar;C:\Users\jagan\.m2\repository\io\netty\netty-codec\4.1.110.Final\netty-codec-4.1.110.Final.jar;C:\Users\jagan\.m2\repository\io\netty\netty-codec-http2\4.1.110.Final\netty-codec-http2-4.1.110.Final.jar;C:\Users\jagan\.m2\repository\io\netty\netty-handler\4.1.110.Final\netty-handler-4.1.110.Final.jar;C:\Users\jagan\.m2\repository\io\netty\netty-codec-http\4.1.110.Final\netty-codec-http-4.1.110.Final.jar;C:\Users\jagan\.m2\repository\io\netty\netty-resolver-dns\4.1.110.Final\netty-resolver-dns-4.1.110.Final.jar;C:\Users\jagan\.m2\repository\io\netty\netty-codec-dns\4.1.110.Final\netty-codec-dns-4.1.110.Final.jar;C:\Users\jagan\.m2\repository\io\netty\netty-transport-native-unix-common\4.1.110.Final\netty-transport-native-unix-common-4.1.110.Final-linux-x86_64.jar;C:\Users\jagan\.m2\repository\io\netty\netty-transport-native-unix-common\4.1.110.Final\netty-transport-native-unix-common-4.1.110.Final-linux-aarch_64.jar;C:\Users\jagan\.m2\repository\io\netty\netty-transport-native-unix-common\4.1.110.Final\netty-transport-native-unix-common-4.1.110.Final-osx-x86_64.jar;C:\Users\jagan\.m2\repository\io\netty\netty-transport-native-unix-common\4.1.110.Final\netty-transport-native-unix-common-4.1.110.Final-osx-aarch_64.jar;C:\Users\jagan\.m2\repository\org\reactivestreams\reactive-streams\1.0.4\reactive-streams-1.0.4.jar;C:\Users\jagan\.m2\repository\com\google\code\findbugs\jsr305\3.0.2\jsr305-3.0.2.jar;C:\Users\jagan\.m2\repository\io\netty\netty-handler-proxy\4.1.110.Final\netty-handler-proxy-4.1.110.Final.jar;C:\Users\jagan\.m2\repository\io\netty\netty-codec-socks\4.1.110.Final\netty-codec-socks-4.1.110.Final.jar;C:\Users\jagan\.m2\repository\io\netty\netty-transport-native-epoll\4.1.110.Final\netty-transport-native-epoll-4.1.110.Final-linux-x86_64.jar;C:\Users\jagan\.m2\repository\io\netty\netty-transport-native-unix-common\4.1.110.Final\netty-transport-native-unix-common-4.1.110.Final.jar;C:\Users\jagan\.m2\repository\io\netty\netty-transport-classes-epoll\4.1.110.Final\netty-transport-classes-epoll-4.1.110.Final.jar;C:\Users\jagan\.m2\repository\io\netty\netty-transport-native-epoll\4.1.110.Final\netty-transport-native-epoll-4.1.110.Final-linux-aarch_64.jar;C:\Users\jagan\.m2\repository\io\netty\netty-transport-native-kqueue\4.1.110.Final\netty-transport-native-kqueue-4.1.110.Final-osx-x86_64.jar;C:\Users\jagan\.m2\repository\io\netty\netty-transport-classes-kqueue\4.1.110.Final\netty-transport-classes-kqueue-4.1.110.Final.jar;C:\Users\jagan\.m2\repository\io\netty\netty-resolver-dns-native-macos\4.1.110.Final\netty-resolver-dns-native-macos-4.1.110.Final-osx-x86_64.jar;C:\Users\jagan\.m2\repository\io\netty\netty-resolver-dns-classes-macos\4.1.110.Final\netty-resolver-dns-classes-macos-4.1.110.Final.jar;C:\Users\jagan\.m2\repository\io\netty\netty-transport-native-kqueue\4.1.110.Final\netty-transport-native-kqueue-4.1.110.Final-osx-aarch_64.jar;C:\Users\jagan\.m2\repository\io\netty\netty-resolver-dns-native-macos\4.1.110.Final\netty-resolver-dns-native-macos-4.1.110.Final-osx-aarch_64.jar;C:\Users\jagan\.m2\repository\io\netty\netty-tcnative-boringssl-static\2.0.65.Final\netty-tcnative-boringssl-static-2.0.65.Final-linux-x86_64.jar;C:\Users\jagan\.m2\repository\io\netty\netty-tcnative-classes\2.0.65.Final\netty-tcnative-classes-2.0.65.Final.jar;C:\Users\jagan\.m2\repository\io\netty\netty-tcnative-boringssl-static\2.0.65.Final\netty-tcnative-boringssl-static-2.0.65.Final-linux-aarch_64.jar;C:\Users\jagan\.m2\repository\io\netty\netty-tcnative-boringssl-static\2.0.65.Final\netty-tcnative-boringssl-static-2.0.65.Final-osx-x86_64.jar;C:\Users\jagan\.m2\repository\io\netty\netty-tcnative-boringssl-static\2.0.65.Final\netty-tcnative-boringssl-static-2.0.65.Final-osx-aarch_64.jar;C:\Users\jagan\.m2\repository\io\netty\netty-tcnative-boringssl-static\2.0.65.Final\netty-tcnative-boringssl-static-2.0.65.Final-windows-x86_64.jar;C:\Users\jagan\.m2\repository\com\aayushatharva\brotli4j\brotli4j\1.16.0\brotli4j-1.16.0.jar;C:\Users\jagan\.m2\repository\com\aayushatharva\brotli4j\service\1.16.0\service-1.16.0.jar;C:\Users\jagan\.m2\repository\com\aayushatharva\brotli4j\native-windows-x86_64\1.16.0\native-windows-x86_64-1.16.0.jar;C:\Users\jagan\.m2\repository\org\apache\httpcomponents\httpclient\4.5.14\httpclient-4.5.14.jar;C:\Users\jagan\.m2\repository\org\apache\httpcomponents\httpcore\4.4.16\httpcore-4.4.16.jar;C:\Users\jagan\.m2\repository\commons-codec\commons-codec\1.16.1\commons-codec-1.16.1.jar;C:\Users\jagan\.m2\repository\ch\qos\logback\logback-classic\1.5.4\logback-classic-1.5.4.jar;C:\Users\jagan\.m2\repository\ch\qos\logback\logback-core\1.5.4\logback-core-1.5.4.jar;C:\Users\jagan\.m2\repository\org\antlr\antlr4-runtime\4.13.1\antlr4-runtime-4.13.1.jar;C:\Users\jagan\.m2\repository\com\jayway\jsonpath\json-path\2.9.0\json-path-2.9.0.jar;C:\Users\jagan\.m2\repository\net\minidev\json-smart\2.5.1\json-smart-2.5.1.jar;C:\Users\jagan\.m2\repository\net\minidev\accessors-smart\2.5.1\accessors-smart-2.5.1.jar;C:\Users\jagan\.m2\repository\org\ow2\asm\asm\9.6\asm-9.6.jar;C:\Users\jagan\.m2\repository\org\yaml\snakeyaml\2.2\snakeyaml-2.2.jar;C:\Users\jagan\.m2\repository\de\siegmar\fastcsv\3.1.0\fastcsv-3.1.0.jar;C:\Users\jagan\.m2\repository\info\picocli\picocli\4.7.5\picocli-4.7.5.jar;C:\Users\jagan\.m2\repository\io\github\classgraph\classgraph\4.8.170\classgraph-4.8.170.jar;C:\Users\jagan\.m2\repository\io\github\t12y\resemble\1.1.0\resemble-1.1.0.jar;C:\Users\jagan\.m2\repository\io\github\t12y\ssim\1.0.0\ssim-1.0.0.jar;C:\Users\jagan\.m2\repository\org\junit\jupiter\junit-jupiter-api\5.10.2\junit-jupiter-api-5.10.2.jar;C:\Users\jagan\.m2\repository\org\opentest4j\opentest4j\1.3.0\opentest4j-1.3.0.jar;C:\Users\jagan\.m2\repository\org\junit\platform\junit-platform-commons\1.10.2\junit-platform-commons-1.10.2.jar;C:\Users\jagan\.m2\repository\org\apiguardian\apiguardian-api\1.1.2\apiguardian-api-1.1.2.jar;C:\Users\jagan\.m2\repository\org\junit\jupiter\junit-jupiter-engine\5.10.2\junit-jupiter-engine-5.10.2.jar;C:\Users\jagan\.m2\repository\org\junit\platform\junit-platform-engine\1.10.2\junit-platform-engine-1.10.2.jar;C:\Users\jagan\.m2\repository\io\qameta\allure\allure-cucumber7-jvm\2.29.1\allure-cucumber7-jvm-2.29.1.jar;C:\Users\jagan\.m2\repository\io\qameta\allure\allure-java-commons\2.29.1\allure-java-commons-2.29.1.jar;C:\Users\jagan\.m2\repository\io\qameta\allure\allure-model\2.29.1\allure-model-2.29.1.jar;C:\Users\jagan\.m2\repository\commons-io\commons-io\2.18.0\commons-io-2.18.0.jar;C:\Users\jagan\.m2\repository\io\qameta\allure\allure-karate\2.29.1\allure-karate-2.29.1.jar;C:\Users\jagan\.m2\repository\io\qameta\allure\allure-test-filter\2.29.1\allure-test-filter-2.29.1.jar;"/>
    <property name="java.vm.vendor" value="Oracle Corporation"/>
    <property name="sun.arch.data.model" value="64"/>
    <property name="user.variant" value=""/>
    <property name="java.vendor.url" value="https://java.oracle.com/"/>
    <property name="user.timezone" value="Asia/Calcutta"/>
    <property name="os.name" value="Windows 11"/>
    <property name="java.vm.specification.version" value="17"/>
    <property name="sun.java.launcher" value="SUN_STANDARD"/>
    <property name="user.country" value="IN"/>
    <property name="sun.boot.library.path" value="C:\Program Files\Java\jdk-17\bin"/>
    <property name="sun.java.command" value="C:\Users\jagan\AppData\Local\Temp\surefire17248699578932250635\surefirebooter-20241212123636940_3.jar C:\Users\jagan\AppData\Local\Temp\surefire17248699578932250635 2024-12-12T12-36-36_778-jvmRun1 surefire-20241212123636940_1tmp surefire_0-20241212123636940_2tmp"/>
    <property name="jdk.debug" value="release"/>
    <property name="surefire.test.class.path" value="C:\Users\jagan\DrivetecAPIAutomation\drivetec\target\test-classes;C:\Users\jagan\DrivetecAPIAutomation\drivetec\target\classes;C:\Users\jagan\.m2\repository\net\masterthought\cucumber-reporting\5.8.2\cucumber-reporting-5.8.2.jar;C:\Users\jagan\.m2\repository\com\fasterxml\jackson\core\jackson-databind\2.17.0\jackson-databind-2.17.0.jar;C:\Users\jagan\.m2\repository\com\fasterxml\jackson\core\jackson-annotations\2.17.0\jackson-annotations-2.17.0.jar;C:\Users\jagan\.m2\repository\com\fasterxml\jackson\core\jackson-core\2.17.0\jackson-core-2.17.0.jar;C:\Users\jagan\.m2\repository\net\bytebuddy\byte-buddy\1.14.9\byte-buddy-1.14.9.jar;C:\Users\jagan\.m2\repository\com\fasterxml\jackson\datatype\jackson-datatype-jsr310\2.17.0\jackson-datatype-jsr310-2.17.0.jar;C:\Users\jagan\.m2\repository\org\apache\velocity\velocity-engine-core\2.3\velocity-engine-core-2.3.jar;C:\Users\jagan\.m2\repository\joda-time\joda-time\2.12.7\joda-time-2.12.7.jar;C:\Users\jagan\.m2\repository\org\apache\commons\commons-configuration2\2.10.1\commons-configuration2-2.10.1.jar;C:\Users\jagan\.m2\repository\org\apache\commons\commons-lang3\3.14.0\commons-lang3-3.14.0.jar;C:\Users\jagan\.m2\repository\org\apache\commons\commons-text\1.11.0\commons-text-1.11.0.jar;C:\Users\jagan\.m2\repository\org\jsoup\jsoup\1.17.2\jsoup-1.17.2.jar;C:\Users\jagan\.m2\repository\com\googlecode\owasp-java-html-sanitizer\owasp-java-html-sanitizer\20240325.1\owasp-java-html-sanitizer-20240325.1.jar;C:\Users\jagan\.m2\repository\com\googlecode\owasp-java-html-sanitizer\java8-shim\20240325.1\java8-shim-20240325.1.jar;C:\Users\jagan\.m2\repository\com\googlecode\owasp-java-html-sanitizer\java10-shim\20240325.1\java10-shim-20240325.1.jar;C:\Users\jagan\.m2\repository\org\slf4j\slf4j-api\2.0.13\slf4j-api-2.0.13.jar;C:\Users\jagan\.m2\repository\org\slf4j\jcl-over-slf4j\2.0.13\jcl-over-slf4j-2.0.13.jar;C:\Users\jagan\.m2\repository\io\karatelabs\karate-junit5\1.5.0\karate-junit5-1.5.0.jar;C:\Users\jagan\.m2\repository\io\karatelabs\karate-core\1.5.0\karate-core-1.5.0.jar;C:\Users\jagan\.m2\repository\org\graalvm\js\js-scriptengine\24.0.0\js-scriptengine-24.0.0.jar;C:\Users\jagan\.m2\repository\org\graalvm\polyglot\polyglot\24.0.0\polyglot-24.0.0.jar;C:\Users\jagan\.m2\repository\org\graalvm\sdk\collections\24.0.0\collections-24.0.0.jar;C:\Users\jagan\.m2\repository\org\graalvm\sdk\nativeimage\24.0.0\nativeimage-24.0.0.jar;C:\Users\jagan\.m2\repository\org\graalvm\sdk\word\24.0.0\word-24.0.0.jar;C:\Users\jagan\.m2\repository\org\graalvm\js\js-language\24.0.0\js-language-24.0.0.jar;C:\Users\jagan\.m2\repository\org\graalvm\regex\regex\24.0.0\regex-24.0.0.jar;C:\Users\jagan\.m2\repository\org\graalvm\truffle\truffle-api\24.0.0\truffle-api-24.0.0.jar;C:\Users\jagan\.m2\repository\org\graalvm\shadowed\icu4j\24.0.0\icu4j-24.0.0.jar;C:\Users\jagan\.m2\repository\org\thymeleaf\thymeleaf\3.1.2.RELEASE\thymeleaf-3.1.2.RELEASE.jar;C:\Users\jagan\.m2\repository\ognl\ognl\3.3.4\ognl-3.3.4.jar;C:\Users\jagan\.m2\repository\org\javassist\javassist\3.29.0-GA\javassist-3.29.0-GA.jar;C:\Users\jagan\.m2\repository\org\attoparser\attoparser\2.0.7.RELEASE\attoparser-2.0.7.RELEASE.jar;C:\Users\jagan\.m2\repository\org\unbescape\unbescape\1.1.6.RELEASE\unbescape-1.1.6.RELEASE.jar;C:\Users\jagan\.m2\repository\com\linecorp\armeria\armeria\1.29.2\armeria-1.29.2.jar;C:\Users\jagan\.m2\repository\com\fasterxml\jackson\datatype\jackson-datatype-jdk8\2.17.1\jackson-datatype-jdk8-2.17.1.jar;C:\Users\jagan\.m2\repository\io\micrometer\micrometer-core\1.13.0\micrometer-core-1.13.0.jar;C:\Users\jagan\.m2\repository\io\micrometer\micrometer-commons\1.13.0\micrometer-commons-1.13.0.jar;C:\Users\jagan\.m2\repository\io\micrometer\micrometer-observation\1.13.0\micrometer-observation-1.13.0.jar;C:\Users\jagan\.m2\repository\org\hdrhistogram\HdrHistogram\2.2.1\HdrHistogram-2.2.1.jar;C:\Users\jagan\.m2\repository\org\latencyutils\LatencyUtils\2.0.3\LatencyUtils-2.0.3.jar;C:\Users\jagan\.m2\repository\io\netty\netty-transport\4.1.110.Final\netty-transport-4.1.110.Final.jar;C:\Users\jagan\.m2\repository\io\netty\netty-common\4.1.110.Final\netty-common-4.1.110.Final.jar;C:\Users\jagan\.m2\repository\io\netty\netty-buffer\4.1.110.Final\netty-buffer-4.1.110.Final.jar;C:\Users\jagan\.m2\repository\io\netty\netty-resolver\4.1.110.Final\netty-resolver-4.1.110.Final.jar;C:\Users\jagan\.m2\repository\io\netty\netty-codec-haproxy\4.1.110.Final\netty-codec-haproxy-4.1.110.Final.jar;C:\Users\jagan\.m2\repository\io\netty\netty-codec\4.1.110.Final\netty-codec-4.1.110.Final.jar;C:\Users\jagan\.m2\repository\io\netty\netty-codec-http2\4.1.110.Final\netty-codec-http2-4.1.110.Final.jar;C:\Users\jagan\.m2\repository\io\netty\netty-handler\4.1.110.Final\netty-handler-4.1.110.Final.jar;C:\Users\jagan\.m2\repository\io\netty\netty-codec-http\4.1.110.Final\netty-codec-http-4.1.110.Final.jar;C:\Users\jagan\.m2\repository\io\netty\netty-resolver-dns\4.1.110.Final\netty-resolver-dns-4.1.110.Final.jar;C:\Users\jagan\.m2\repository\io\netty\netty-codec-dns\4.1.110.Final\netty-codec-dns-4.1.110.Final.jar;C:\Users\jagan\.m2\repository\io\netty\netty-transport-native-unix-common\4.1.110.Final\netty-transport-native-unix-common-4.1.110.Final-linux-x86_64.jar;C:\Users\jagan\.m2\repository\io\netty\netty-transport-native-unix-common\4.1.110.Final\netty-transport-native-unix-common-4.1.110.Final-linux-aarch_64.jar;C:\Users\jagan\.m2\repository\io\netty\netty-transport-native-unix-common\4.1.110.Final\netty-transport-native-unix-common-4.1.110.Final-osx-x86_64.jar;C:\Users\jagan\.m2\repository\io\netty\netty-transport-native-unix-common\4.1.110.Final\netty-transport-native-unix-common-4.1.110.Final-osx-aarch_64.jar;C:\Users\jagan\.m2\repository\org\reactivestreams\reactive-streams\1.0.4\reactive-streams-1.0.4.jar;C:\Users\jagan\.m2\repository\com\google\code\findbugs\jsr305\3.0.2\jsr305-3.0.2.jar;C:\Users\jagan\.m2\repository\io\netty\netty-handler-proxy\4.1.110.Final\netty-handler-proxy-4.1.110.Final.jar;C:\Users\jagan\.m2\repository\io\netty\netty-codec-socks\4.1.110.Final\netty-codec-socks-4.1.110.Final.jar;C:\Users\jagan\.m2\repository\io\netty\netty-transport-native-epoll\4.1.110.Final\netty-transport-native-epoll-4.1.110.Final-linux-x86_64.jar;C:\Users\jagan\.m2\repository\io\netty\netty-transport-native-unix-common\4.1.110.Final\netty-transport-native-unix-common-4.1.110.Final.jar;C:\Users\jagan\.m2\repository\io\netty\netty-transport-classes-epoll\4.1.110.Final\netty-transport-classes-epoll-4.1.110.Final.jar;C:\Users\jagan\.m2\repository\io\netty\netty-transport-native-epoll\4.1.110.Final\netty-transport-native-epoll-4.1.110.Final-linux-aarch_64.jar;C:\Users\jagan\.m2\repository\io\netty\netty-transport-native-kqueue\4.1.110.Final\netty-transport-native-kqueue-4.1.110.Final-osx-x86_64.jar;C:\Users\jagan\.m2\repository\io\netty\netty-transport-classes-kqueue\4.1.110.Final\netty-transport-classes-kqueue-4.1.110.Final.jar;C:\Users\jagan\.m2\repository\io\netty\netty-resolver-dns-native-macos\4.1.110.Final\netty-resolver-dns-native-macos-4.1.110.Final-osx-x86_64.jar;C:\Users\jagan\.m2\repository\io\netty\netty-resolver-dns-classes-macos\4.1.110.Final\netty-resolver-dns-classes-macos-4.1.110.Final.jar;C:\Users\jagan\.m2\repository\io\netty\netty-transport-native-kqueue\4.1.110.Final\netty-transport-native-kqueue-4.1.110.Final-osx-aarch_64.jar;C:\Users\jagan\.m2\repository\io\netty\netty-resolver-dns-native-macos\4.1.110.Final\netty-resolver-dns-native-macos-4.1.110.Final-osx-aarch_64.jar;C:\Users\jagan\.m2\repository\io\netty\netty-tcnative-boringssl-static\2.0.65.Final\netty-tcnative-boringssl-static-2.0.65.Final-linux-x86_64.jar;C:\Users\jagan\.m2\repository\io\netty\netty-tcnative-classes\2.0.65.Final\netty-tcnative-classes-2.0.65.Final.jar;C:\Users\jagan\.m2\repository\io\netty\netty-tcnative-boringssl-static\2.0.65.Final\netty-tcnative-boringssl-static-2.0.65.Final-linux-aarch_64.jar;C:\Users\jagan\.m2\repository\io\netty\netty-tcnative-boringssl-static\2.0.65.Final\netty-tcnative-boringssl-static-2.0.65.Final-osx-x86_64.jar;C:\Users\jagan\.m2\repository\io\netty\netty-tcnative-boringssl-static\2.0.65.Final\netty-tcnative-boringssl-static-2.0.65.Final-osx-aarch_64.jar;C:\Users\jagan\.m2\repository\io\netty\netty-tcnative-boringssl-static\2.0.65.Final\netty-tcnative-boringssl-static-2.0.65.Final-windows-x86_64.jar;C:\Users\jagan\.m2\repository\com\aayushatharva\brotli4j\brotli4j\1.16.0\brotli4j-1.16.0.jar;C:\Users\jagan\.m2\repository\com\aayushatharva\brotli4j\service\1.16.0\service-1.16.0.jar;C:\Users\jagan\.m2\repository\com\aayushatharva\brotli4j\native-windows-x86_64\1.16.0\native-windows-x86_64-1.16.0.jar;C:\Users\jagan\.m2\repository\org\apache\httpcomponents\httpclient\4.5.14\httpclient-4.5.14.jar;C:\Users\jagan\.m2\repository\org\apache\httpcomponents\httpcore\4.4.16\httpcore-4.4.16.jar;C:\Users\jagan\.m2\repository\commons-codec\commons-codec\1.16.1\commons-codec-1.16.1.jar;C:\Users\jagan\.m2\repository\ch\qos\logback\logback-classic\1.5.4\logback-classic-1.5.4.jar;C:\Users\jagan\.m2\repository\ch\qos\logback\logback-core\1.5.4\logback-core-1.5.4.jar;C:\Users\jagan\.m2\repository\org\antlr\antlr4-runtime\4.13.1\antlr4-runtime-4.13.1.jar;C:\Users\jagan\.m2\repository\com\jayway\jsonpath\json-path\2.9.0\json-path-2.9.0.jar;C:\Users\jagan\.m2\repository\net\minidev\json-smart\2.5.1\json-smart-2.5.1.jar;C:\Users\jagan\.m2\repository\net\minidev\accessors-smart\2.5.1\accessors-smart-2.5.1.jar;C:\Users\jagan\.m2\repository\org\ow2\asm\asm\9.6\asm-9.6.jar;C:\Users\jagan\.m2\repository\org\yaml\snakeyaml\2.2\snakeyaml-2.2.jar;C:\Users\jagan\.m2\repository\de\siegmar\fastcsv\3.1.0\fastcsv-3.1.0.jar;C:\Users\jagan\.m2\repository\info\picocli\picocli\4.7.5\picocli-4.7.5.jar;C:\Users\jagan\.m2\repository\io\github\classgraph\classgraph\4.8.170\classgraph-4.8.170.jar;C:\Users\jagan\.m2\repository\io\github\t12y\resemble\1.1.0\resemble-1.1.0.jar;C:\Users\jagan\.m2\repository\io\github\t12y\ssim\1.0.0\ssim-1.0.0.jar;C:\Users\jagan\.m2\repository\org\junit\jupiter\junit-jupiter-api\5.10.2\junit-jupiter-api-5.10.2.jar;C:\Users\jagan\.m2\repository\org\opentest4j\opentest4j\1.3.0\opentest4j-1.3.0.jar;C:\Users\jagan\.m2\repository\org\junit\platform\junit-platform-commons\1.10.2\junit-platform-commons-1.10.2.jar;C:\Users\jagan\.m2\repository\org\apiguardian\apiguardian-api\1.1.2\apiguardian-api-1.1.2.jar;C:\Users\jagan\.m2\repository\org\junit\jupiter\junit-jupiter-engine\5.10.2\junit-jupiter-engine-5.10.2.jar;C:\Users\jagan\.m2\repository\org\junit\platform\junit-platform-engine\1.10.2\junit-platform-engine-1.10.2.jar;C:\Users\jagan\.m2\repository\io\qameta\allure\allure-cucumber7-jvm\2.29.1\allure-cucumber7-jvm-2.29.1.jar;C:\Users\jagan\.m2\repository\io\qameta\allure\allure-java-commons\2.29.1\allure-java-commons-2.29.1.jar;C:\Users\jagan\.m2\repository\io\qameta\allure\allure-model\2.29.1\allure-model-2.29.1.jar;C:\Users\jagan\.m2\repository\commons-io\commons-io\2.18.0\commons-io-2.18.0.jar;C:\Users\jagan\.m2\repository\io\qameta\allure\allure-karate\2.29.1\allure-karate-2.29.1.jar;C:\Users\jagan\.m2\repository\io\qameta\allure\allure-test-filter\2.29.1\allure-test-filter-2.29.1.jar;"/>
    <property name="sun.cpu.endian" value="little"/>
    <property name="user.home" value="C:\Users\jagan"/>
    <property name="user.language" value="en"/>
    <property name="java.specification.vendor" value="Oracle Corporation"/>
    <property name="java.version.date" value="2024-07-16"/>
    <property name="java.home" value="C:\Program Files\Java\jdk-17"/>
    <property name="file.separator" value="\"/>
    <property name="basedir" value="C:\Users\jagan\DrivetecAPIAutomation\drivetec"/>
    <property name="java.vm.compressedOopsMode" value="32-bit"/>
    <property name="line.separator" value="&#10;"/>
    <property name="java.vm.specification.vendor" value="Oracle Corporation"/>
    <property name="java.specification.name" value="Java Platform API Specification"/>
    <property name="karate.options" value="--tags @Configurations"/>
    <property name="resultsDirectory" value="target/allure-results"/>
    <property name="surefire.real.class.path" value="C:\Users\jagan\AppData\Local\Temp\surefire17248699578932250635\surefirebooter-20241212123636940_3.jar"/>
    <property name="user.script" value=""/>
    <property name="sun.management.compiler" value="HotSpot 64-Bit Tiered Compilers"/>
    <property name="java.runtime.version" value="17.0.12+8-LTS-286"/>
    <property name="user.name" value="jagan"/>
    <property name="path.separator" value=";"/>
    <property name="os.version" value="10.0"/>
    <property name="java.runtime.name" value="Java(TM) SE Runtime Environment"/>
    <property name="file.encoding" value="UTF-8"/>
    <property name="java.vm.name" value="Java HotSpot(TM) 64-Bit Server VM"/>
    <property name="reportDirectory" value="target/allure-report"/>
    <property name="localRepository" value="C:\Users\jagan\.m2\repository"/>
    <property name="java.vendor.url.bug" value="https://bugreport.java.com/bugreport/"/>
    <property name="java.io.tmpdir" value="C:\Users\jagan\AppData\Local\Temp\"/>
    <property name="java.version" value="17.0.12"/>
    <property name="user.dir" value="C:\Users\jagan\DrivetecAPIAutomation\drivetec"/>
    <property name="os.arch" value="amd64"/>
    <property name="java.vm.specification.name" value="Java Virtual Machine Specification"/>
    <property name="sun.os.patch.level" value=""/>
    <property name="native.encoding" value="Cp1252"/>
    <property name="java.library.path" value="C:\Program Files\Java\jdk-17\bin;C:\WINDOWS\Sun\Java\bin;C:\WINDOWS\system32;C:\WINDOWS;C:\Program Files\Common Files\Oracle\Java\javapath;C:\windows\system32;C:\windows;C:\windows\System32\Wbem;C:\windows\System32\WindowsPowerShell\v1.0\;C:\windows\System32\OpenSSH\;C:\Program Files (x86)\NVIDIA Corporation\PhysX\Common;C:\Program Files\NVIDIA Corporation\NVIDIA NvDLISR;C:\WINDOWS\system32;C:\WINDOWS;C:\WINDOWS\System32\Wbem;C:\WINDOWS\System32\WindowsPowerShell\v1.0\;C:\WINDOWS\System32\OpenSSH\;C:\Program Files\Java\jdk-17\bin;C:\Users\jagan\maven\apache-maven-3.9.8\bin;C:\Program Files\Git\cmd;C:\Program Files\dotnet\;C:\Program Files\GitHub CLI\;D:\allure\allure-2.32.0\bin;C:\Program Files\MySQL\MySQL Shell 8.0\bin\;C:\Users\jagan\AppData\Local\Microsoft\WindowsApps;C:\Users\jagan\AppData\Local\Programs\Microsoft VS Code\bin;."/>
    <property name="java.vm.info" value="mixed mode, sharing"/>
    <property name="java.vendor" value="Oracle Corporation"/>
    <property name="java.vm.version" value="17.0.12+8-LTS-286"/>
    <property name="sun.io.unicode.encoding" value="UnicodeLittle"/>
    <property name="java.class.version" value="61.0"/>
  </properties>
  <testcase name="testParallel" classname="drivetecTestCases.TestRunner" time="19.076">
    <failure message="No recommended drives found! Calculation not possible because VentWeight is greater than 255.&#10;classpath:drivetecTestCases/features/UpdatePositions.feature:123 ==&gt; expected: &lt;true&gt; but was: &lt;false&gt;" type="org.opentest4j.AssertionFailedError"><![CDATA[org.opentest4j.AssertionFailedError: 
No recommended drives found! Calculation not possible because VentWeight is greater than 255.
classpath:drivetecTestCases/features/UpdatePositions.feature:123 ==> expected: <true> but was: <false>
	at org.junit.jupiter.api.AssertionFailureBuilder.build(AssertionFailureBuilder.java:151)
	at org.junit.jupiter.api.AssertionFailureBuilder.buildAndThrow(AssertionFailureBuilder.java:132)
	at org.junit.jupiter.api.AssertTrue.failNotTrue(AssertTrue.java:63)
	at org.junit.jupiter.api.AssertTrue.assertTrue(AssertTrue.java:36)
	at org.junit.jupiter.api.Assertions.assertTrue(Assertions.java:214)
	at drivetecTestCases.TestRunner.testParallel(TestRunner.java:30)
	at java.base/java.lang.reflect.Method.invoke(Method.java:568)
	at java.base/java.util.ArrayList.forEach(ArrayList.java:1511)
	at java.base/java.util.ArrayList.forEach(ArrayList.java:1511)
]]></failure>
    <system-out><![CDATA[12:36:38.041 [main] INFO  com.intuit.karate.Runner - using system property 'karate.options': --tags @Configurations
12:36:38.888 [main] DEBUG com.intuit.karate.Suite - [config] classpath:karate-config.js
12:36:38.888 [main] INFO  com.intuit.karate.Suite - backed up existing 'target/allure-results' dir to: target\allure-results_1733987198888
12:36:38.888 [main] DEBUG com.intuit.karate.Suite - waiting for 4 features to complete
12:36:40.116 [main] INFO  com.intuit.karate - karate.env system property was: null 
12:36:40.320 [main] INFO  com.intuit.karate - Running test for dataset:  Dataset1 
12:36:40.367 [main] INFO  com.intuit.karate - >> lock acquired, begin callSingle: classpath:drivetecTestCases/features/CreateProject.feature
12:36:40.545 [main] DEBUG com.intuit.karate - request:
1 > POST https://dev-drivetec-apis.schuecodigitalsolutions.com/Projects
1 > Content-Type: application/json; charset=UTF-8
1 > Content-Length: 225
1 > Host: dev-drivetec-apis.schuecodigitalsolutions.com
1 > Connection: Keep-Alive
1 > User-Agent: Apache-HttpClient/4.5.14 (Java/17.0.12)
1 > Accept-Encoding: gzip,deflate
{"Id":"579816e4-6653-4794-b435-a885f32e28d7","Name":"AUT_TPJ383","Address":"Hyderabad, Telangana, India","Description":"","CreatedBy":"579816e4-6653-4794-b435-a885f32e28d7","ModifiedBy":"579816e4-6653-4794-b435-a885f32e28d7"}

12:36:41.630 [main] DEBUG com.intuit.karate - response time in milliseconds: 1067
1 < 200
1 < Content-Type: application/json; charset=utf-8
1 < Date: Thu, 12 Dec 2024 07:06:36 GMT
1 < Server: Microsoft-IIS/10.0
1 < X-Powered-By: ASP.NET
1 < Content-Length: 328
1 < Connection: keep-alive
{
  "Name": "AUT_TPJ383",
  "Description": "",
  "Address": "Hyderabad, Telangana, India",
  "Id": "850527b7-e575-4484-889e-4fef54460326",
  "CreatedOn": "2024-12-12T07:06:36.4815238+00:00",
  "CreatedBy": "579816e4-6653-4794-b435-a885f32e28d7",
  "ModifiedOn": "2024-12-12T07:06:36.4815246+00:00",
  "ModifiedBy": ""
}

12:36:41.660 [main] INFO  com.intuit.karate - Generated Project Name: AUT_TPJ383 
12:36:41.660 [main] INFO  com.intuit.karate - << lock released, cached callSingle: classpath:drivetecTestCases/features/CreateProject.feature
12:36:41.662 [main] INFO  com.intuit.karate - Using ProjectId:  {
  "result": {
    "projectId": "prjId"
  },
  "projectPayload": {
    "Id": "579816e4-6653-4794-b435-a885f32e28d7",
    "Name": "AUT_TPJ383",
    "Address": "Hyderabad, Telangana, India",
    "Description": "",
    "CreatedBy": "579816e4-6653-4794-b435-a885f32e28d7",
    "ModifiedBy": "579816e4-6653-4794-b435-a885f32e28d7"
  },
  "uniqueName": "AUT_TPJ383",
  "responseHeaders": {
    "Content-Type": [
      "application/json; charset=utf-8"
    ],
    "Date": [
      "Thu, 12 Dec 2024 07:06:36 GMT"
    ],
    "Server": [
      "Microsoft-IIS/10.0"
    ],
    "X-Powered-By": [
      "ASP.NET"
    ],
    "Content-Length": [
      "328"
    ],
    "Connection": [
      "keep-alive"
    ],
    "Set-Cookie": [
    ]
  },
  "responseTime": 1067,
  "response": {
    "Name": "AUT_TPJ383",
    "Description": "",
    "Address": "Hyderabad, Telangana, India",
    "Id": "850527b7-e575-4484-889e-4fef54460326",
    "CreatedOn": "2024-12-12T07:06:36.4815238+00:00",
    "CreatedBy": "579816e4-6653-4794-b435-a885f32e28d7",
    "ModifiedOn": "2024-12-12T07:06:36.4815246+00:00",
    "ModifiedBy": ""
  },
  "responseStatus": 200,
  "prjId": "850527b7-e575-4484-889e-4fef54460326",
  "projectId": "850527b7-e575-4484-889e-4fef54460326"
}
 
12:36:41.676 [main] DEBUG com.intuit.karate - request:
1 > POST https://dev-drivetec-apis.schuecodigitalsolutions.com/Configurations
1 > Content-Type: application/json; charset=UTF-8
1 > Content-Length: 1275
1 > Host: dev-drivetec-apis.schuecodigitalsolutions.com
1 > Connection: Keep-Alive
1 > User-Agent: Apache-HttpClient/4.5.14 (Java/17.0.12)
1 > Accept-Encoding: gzip,deflate
{"Id":"00000000-0000-0000-0000-000000000000","ProjectId":"850527b7-e575-4484-889e-4fef54460326","Name":"Dataset1663","Description":"Dataset1663","CustomTags":"","CreatedBy":"579816e4-6653-4794-b435-a885f32e28d7","ModifiedBy":"579816e4-6653-4794-b435-a885f32e28d7","ApplicationName":1,"System":"","FacadeInclination":0,"OpeningType":1,"OpeningDirection":1,"OpeningWidth":1000,"VentOuterWidth":1230,"VentOuterHeight":1480,"VentWeight":70,"CalculateWeightWithGlass":false,"WeightIncGlassOrThickness":false,"GlassThickness":14,"ProfileWeightPerSerialMeter":2.5,"IsWindowOpeningCalculationByAngle":1,"RequiredOpeningStroke":400,"OpeningAngle":15,"WindLoad":120,"SnowLoad":0,"DrivePosition":2,"InstallationPosition":1,"ChainLengthConnectingRodHandle":5,"LockingMechanism":1,"Voltage":1,"DriveType":1,"TypeOfInstallation":2,"CalculationTypeForVentilation":1,"CalcVentilation":1,"GeometricArea":1,"SpecificExhaustDimension":30,"BuildingDepth":75,"RevealDepth":0,"RevealDepthRectangleAngle1":0,"RevealDepthRectangleAngle2":0,"HeightOfProfile":0,"HeightProfileRectangleAngle1":0,"HeightProfileRectangleAngle2":0,"AkippOrAtilt":0,"AdrehOrAturn":0,"Ageo":0,"MinPullingForceMax":0,"MinPushingForceMax":0,"MinPullingForcePermanent":0,"MinPushingForcePermanent":0,"ForceWithNegativeWind":0}

12:36:42.310 [main] DEBUG com.intuit.karate - response time in milliseconds: 618
1 < 200
1 < Content-Type: application/json; charset=utf-8
1 < Date: Thu, 12 Dec 2024 07:06:36 GMT
1 < Server: Microsoft-IIS/10.0
1 < X-Powered-By: ASP.NET
1 < Content-Length: 2032
1 < Connection: keep-alive
{
  "ProjectId": "850527b7-e575-4484-889e-4fef54460326",
  "Name": "Dataset1663",
  "Description": "Dataset1663",
  "CustomTags": "",
  "ApplicationName": 1,
  "OpeningType": 1,
  "OpeningDirection": 1,
  "CalculateWeightWithGlass": false,
  "WindLoad": 120,
  "IsWindowOpeningCalculationByAngle": 1,
  "VentOuterWidth": 1230,
  "VentOuterHeight": 1480,
  "WeightIncGlassOrThickness": false,
  "VentWeight": 77,
  "VentWeightExact": 77.26400000000001,
  "GlassThickness": 14,
  "ProfileWeightPerSerialMeter": 2.5,
  "FacadeInclination": 0,
  "ChainLengthConnectingRodHandle": 5,
  "ChainLenghtConnectingRodHandle": 0,
  "RequiredOpeningStroke": 400,
  "OpeningWidth": 1000,
  "OpeningAngle": 15.532868337024489,
  "SpecificExhaustDimension": 30,
  "BuildingDepth": 75,
  "SnowLoad": 0,
  "DistanceHinge": 0,
  "RatedCurrent": 0,
  "DrivePosition": 2,
  "LockingMechanism": 1,
  "Voltage": 1,
  "DriveType": 1,
  "TypeOfInstallation": 2,
  "GeometricArea": 0,
  "CalculationTypeForVentilation": 1,
  "HeightOfProfile": 0,
  "Reveal": 0,
  "RevealDepth": 0,
  "HeightProfileRectangleAngle1": 0,
  "HeightProfileRectangleAngle2": 0,
  "RevealDepthRectangleAngle1": 0,
  "RevealDepthRectangleAngle2": 0,
  "RevealDepthRectangleAngle12": 0,
  "InstallationPosition": 0,
  "RecommendedDriveArticleNo": 0,
  "System": "",
  "AkippOrAtilt": 1.084,
  "AdrehOrAturn": 1.8204,
  "Ageo": 1.084,
  "MinPullingForceMax": -206.4868442161654,
  "MinPushingForceMax": -206.4868442161654,
  "MinPullingForcePermanent": -104.11163259218097,
  "MinPushingForcePermanent": -104.11163259218097,
  "ForceWithNegativeWind": 109.53156767199486,
  "ForceWithNoWindMin": 0.30763693489047433,
  "ForceWithNegativeWindMin": 0,
  "ForceWithWindMin": -108.91629380221393,
  "Id": "51c2f54e-f153-495c-822c-c645f842575e",
  "CreatedOn": "2024-12-12T07:06:37.1955204+00:00",
  "CreatedBy": "579816e4-6653-4794-b435-a885f32e28d7",
  "ModifiedOn": "2024-12-12T07:06:37.1955214+00:00",
  "ModifiedBy": ""
}

12:36:42.327 [main] INFO  com.intuit.karate - Generated Config ID: 51c2f54e-f153-495c-822c-c645f842575e 
12:36:42.327 [main] INFO  com.intuit.karate - Generated Name: Dataset1663 
12:36:42.327 [main] INFO  com.intuit.karate - Generated Description: Dataset1663 
12:36:42.351 [main] DEBUG com.intuit.karate - request:
1 > PUT https://dev-drivetec-apis.schuecodigitalsolutions.com/Configurations
1 > Content-Type: application/json; charset=UTF-8
1 > Content-Length: 1280
1 > Host: dev-drivetec-apis.schuecodigitalsolutions.com
1 > Connection: Keep-Alive
1 > User-Agent: Apache-HttpClient/4.5.14 (Java/17.0.12)
1 > Accept-Encoding: gzip,deflate
{"Id":"51c2f54e-f153-495c-822c-c645f842575e","Name":"Dataset1","Description":"Dataset1663","ProjectId":"850527b7-e575-4484-889e-4fef54460326","CustomTags":"","CreatedBy":"579816e4-6653-4794-b435-a885f32e28d7","ModifiedBy":"579816e4-6653-4794-b435-a885f32e28d7","System":"","FacadeInclination":0,"OpeningType":1,"OpeningDirection":1,"OpeningWidth":1000,"VentOuterWidth":1000,"VentOuterHeight":1500,"VentWeight":0,"CalculateWeightWithGlass":false,"RequiredOpeningStroke":747,"WindLoad":120,"SnowLoad":0,"IsWindowOpeningCalculationByAngle":1,"GlassThickness":14,"ProfileWeightPerSerialMeter":2.5,"DrivePosition":1,"InstallationPosition":0,"LockingMechanism":1,"Voltage":1,"DriveType":1,"TypeOfInstallation":2,"GeometricArea":0,"CalcVentilation":2,"SpecificExhaustDimension":45,"BuildingDepth":90,"CalculationTypeForVentilation":2,"HeightOfProfile":30,"HeightProfileRectangleAngle1":35,"HeightProfileRectangleAngle2":2,"RevealDepth":200,"RevealDepthRectangleAngle1":150,"RevealDepthRectangleAngle2":1000,"ChainLengthConnectingRodHandle":5,"ApplicationName":1,"OpeningAngle":15,"WeightIncGlassOrThickness":false,"AkippOrAtilt":0,"AdrehOrAturn":0,"Ageo":0,"MinPullingForceMax":0,"MinPushingForceMax":0,"MinPullingForcePermanent":0,"MinPushingForcePermanent":0,"ForceWithNegativeWind":0}

12:36:43.008 [main] DEBUG com.intuit.karate - response time in milliseconds: 657
1 < 200
1 < Content-Type: application/json; charset=utf-8
1 < Date: Thu, 12 Dec 2024 07:06:37 GMT
1 < Server: Microsoft-IIS/10.0
1 < X-Powered-By: ASP.NET
1 < Content-Length: 2067
1 < Connection: keep-alive
{
  "ProjectId": "850527b7-e575-4484-889e-4fef54460326",
  "Name": "Dataset1",
  "Description": "Dataset1663",
  "CustomTags": "",
  "ApplicationName": 1,
  "OpeningType": 1,
  "OpeningDirection": 1,
  "CalculateWeightWithGlass": false,
  "WindLoad": 120,
  "IsWindowOpeningCalculationByAngle": 1,
  "VentOuterWidth": 1000,
  "VentOuterHeight": 1500,
  "WeightIncGlassOrThickness": false,
  "VentWeight": 65,
  "VentWeightExact": 65,
  "GlassThickness": 14,
  "ProfileWeightPerSerialMeter": 2.5,
  "FacadeInclination": 0,
  "ChainLengthConnectingRodHandle": 5,
  "ChainLenghtConnectingRodHandle": 0,
  "RequiredOpeningStroke": 747,
  "OpeningWidth": 1000,
  "OpeningAngle": 28.83669047331989,
  "SpecificExhaustDimension": 45,
  "BuildingDepth": 90,
  "SnowLoad": 0,
  "DistanceHinge": 0,
  "RatedCurrent": 0,
  "DrivePosition": 1,
  "LockingMechanism": 1,
  "Voltage": 1,
  "DriveType": 1,
  "TypeOfInstallation": 2,
  "GeometricArea": 0,
  "CalculationTypeForVentilation": 2,
  "HeightOfProfile": 30,
  "Reveal": 0,
  "RevealDepth": 200,
  "HeightProfileRectangleAngle1": 35,
  "HeightProfileRectangleAngle2": 2,
  "RevealDepthRectangleAngle1": 150,
  "RevealDepthRectangleAngle2": 1000,
  "RevealDepthRectangleAngle12": 0,
  "InstallationPosition": 0,
  "RecommendedDriveArticleNo": 0,
  "System": "",
  "AkippOrAtilt": 1.8675,
  "AdrehOrAturn": 1.5,
  "Ageo": 0.5438978083248298,
  "MinPullingForceMax": -89.74113674675097,
  "MinPushingForceMax": -232.98788788660553,
  "MinPullingForcePermanent": -161.6158620731247,
  "MinPushingForcePermanent": -161.6158620731247,
  "ForceWithNegativeWind": 90.2587491087276,
  "ForceWithNoWindMin": 0.2588061809883106,
  "ForceWithNegativeWindMin": -90.24383625964387,
  "ForceWithWindMin": -89.74113674675097,
  "Id": "51c2f54e-f153-495c-822c-c645f842575e",
  "CreatedOn": "0001-01-01T00:00:00",
  "CreatedBy": "579816e4-6653-4794-b435-a885f32e28d7",
  "ModifiedOn": "2024-12-12T07:06:37.8839012+00:00",
  "ModifiedBy": "579816e4-6653-4794-b435-a885f32e28d7"
}

12:36:43.022 [main] INFO  com.intuit.karate - VentWeight from API Response: 65 
12:36:43.057 [main] INFO  com.intuit.karate - Rounded Opening Angle: 29.0 
12:36:43.057 [main] INFO  com.intuit.karate - Rounded Ageo: 0.54 
12:36:43.057 [main] INFO  com.intuit.karate - Rounded Required Opening Stroke: 747.0 
12:36:43.057 [main] INFO  com.intuit.karate - Rounded Vent Weight: 65.0 
12:36:43.071 [main] DEBUG com.intuit.karate - request:
2 > GET https://dev-drivetec-apis.schuecodigitalsolutions.com/Config/51c2f54e-f153-495c-822c-c645f842575e/Drive
2 > Host: dev-drivetec-apis.schuecodigitalsolutions.com
2 > Connection: Keep-Alive
2 > User-Agent: Apache-HttpClient/4.5.14 (Java/17.0.12)
2 > Accept-Encoding: gzip,deflate


12:36:43.876 [main] DEBUG com.intuit.karate - response time in milliseconds: 805
2 < 200
2 < Content-Type: application/json; charset=utf-8
2 < Date: Thu, 12 Dec 2024 07:06:37 GMT
2 < Server: Microsoft-IIS/10.0
2 < X-Powered-By: ASP.NET
2 < transfer-encoding: chunked
2 < Connection: keep-alive
[
  {
    "Name": "Chain actuator D2 L800",
    "Bezeichnung": "Kettenantrieb D2 L800",
    "ConfigurationId": "00000000-0000-0000-0000-000000000000",
    "Description": "",
    "Application": "Facade",
    "ApplicationFacade": true,
    "ApplicationSkylight": false,
    "Type": 1,
    "OpeningType": 0,
    "BottomHungInward": true,
    "BottomHungOutward": false,
    "SideHungInward": true,
    "SideHungOutward": false,
    "TopHungInward": false,
    "TopHungOutward": true,
    "ProjectedTopHungInward": false,
    "ProjectedTopHungOutward": false,
    "InstallationType": "",
    "ITMainOutFrmMountWBracket": true,
    "ITMainFixOutFrmMount": true,
    "ITMainVentFrmMount": true,
    "ITSideMount50": false,
    "ITSideMount60": false,
    "ITSideMount70": false,
    "ITSideMount80": false,
    "ITSideMount67": true,
    "Feature": "",
    "FeatureOpenClose": true,
    "FeatureLock": true,
    "ArticleNumber": 291758,
    "Stroke": 800,
    "Angle": 0,
    "Voltage": "24 V DC",
    "Voltage24": true,
    "Voltage230": false,
    "RatedCurrent": 1,
    "BreakingCurrent": 1,
    "PullingForceMax": 250,
    "PushingForceMax": 50,
    "PullingForceMaxWithNegativeWind": 0,
    "PushingForceMaxWithNegativeWind": 0,
    "PushingForcePermanent": 0,
    "PullingForcePermanent": 250,
    "MinPullingForceMax": -232.99,
    "MinPushingForceMax": 0,
    "MinPullingForcePermanent": -161.62,
    "MinPushingForcePermanent": 0,
    "Price": 283.33,
    "DriveLength": 625,
    "ChainDrive": 725,
    "ChainDrive2": 1410,
    "MaxLengthMainClosingEdge1Drive": 1650,
    "MaxGeometricArea": 1,
    "GeometricalSmokeExhaustion": 0,
    "TotalGlassThickness": 14,
    "Dimensions": 0,
    "DimensionsWxHxD": "625 x 26 x 41",
    "TensileForce": 0,
    "LockingForce": 0,
    "Details_DE": "<ul><li>Bemessungsspannung: 24 V DC (19 V … 28 V)</li><li>Abschaltstrom: 1,0 A</li><li>Bemessungsstrom: 0,7 A</li><li>Bemessungsaufnahme: 17 W</li><li>Schutzart: IP 32</li><li>Zug-/Schubkraft: max. 250 N</li><li>Umgebungstemperatur: -5°C bis + 60°C</li><li>Anschlussleitung: Halogenfrei, grau 3 x 0,5 mm², ~3 m</li><li>Max. Geschwindigkeit: 13,5 mm/s</li></ul>",
    "Details_EN": "<ul><li>Rated voltage: 24 V DC (19 V … 28 V)</li><li>Breaking current: 1.0 A</li><li>Rated current: 0.7 A</li><li>Rated consumption: 17 W</li><li>Protection rating: IP 32</li><li>Traction/ thrust: max. 250 N</li><li>Ambient temperature: -5°C bis + 60°C</li><li>Connecting cable: halogen-free, grey 3 x 0.5 mm², ~3 m</li><li>Max. speed: 13.5 mm/s</li></ul>",
    "Einsatz": "<ul> <li>Anwendung: Lüftung, NRA</li> <li>Integrierte intelligente Regelelektronik</li> <li>Rückmeldung Endlage „ZU“ (max. 24 V, 500 mA)</li> </ul>",
    "Use": "<ul> <li>Application: ventilation, natural smoke ventilation</li> <li>Integrated, intelligent control electronics</li> <li>Response for “CLOSED” end position (max. 24 V, 500 mA)</li> </ul>",
    "Optionen": "<ul> <li>Programmierung von Sonderfunktionen</li> <li>Programmierbare Rückmeldung Endlage „AUF“ (max. 24 V, 500 mA)</li> <li>Schüco Kontroller zur automatischen Konfiguration von Synchronlauf und Folgesteuerungen mit Verriegelungsantrieben in Antriebs-Verbundsystemen</li> </ul>",
    "Options": "<ul> <li>Programming of special functions</li> <li>Programmable response for “OPEN” end position (max. 24 V, 500 mA)</li> <li>Schüco controller for automatic configuration of synchronous running and sequence control with locking drives in composite drive systems</li></ul>",
    "IsTwoPce": false,
    "ResultVentWeight": 65,
    "IsLsRsDrive": true,
    "ArticleNumberRs": 291759,
    "TwoDrivesSideInstallation50": 0,
    "TwoDrivesSideInstallation60": 0,
    "TwoDrivesSideInstallation70": 0,
    "TwoDrivesSideInstallation80": 0,
    "OpeningSpeedmms": 0,
    "Traction": 250,
    "Thrust": 100,
    "Id": "8e41b236-ddae-4821-9147-db4ac85f1b97",
    "CreatedOn": "2024-09-26T13:55:26.817Z",
    "CreatedBy": "",
    "ModifiedOn": "2024-09-26T13:55:26.817Z",
    "ModifiedBy": ""
  },
  {
    "Name": "Chain actuator D4 800",
    "Bezeichnung": "Kettenantrieb D4 800",
    "ConfigurationId": "00000000-0000-0000-0000-000000000000",
    "Description": "",
    "Application": "Facade",
    "ApplicationFacade": true,
    "ApplicationSkylight": false,
    "Type": 1,
    "OpeningType": 0,
    "BottomHungInward": true,
    "BottomHungOutward": false,
    "SideHungInward": true,
    "SideHungOutward": false,
    "TopHungInward": false,
    "TopHungOutward": true,
    "ProjectedTopHungInward": false,
    "ProjectedTopHungOutward": false,
    "InstallationType": "",
    "ITMainOutFrmMountWBracket": true,
    "ITMainFixOutFrmMount": true,
    "ITMainVentFrmMount": true,
    "ITSideMount50": false,
    "ITSideMount60": false,
    "ITSideMount70": false,
    "ITSideMount80": false,
    "ITSideMount67": true,
    "Feature": "",
    "FeatureOpenClose": true,
    "FeatureLock": true,
    "ArticleNumber": 291710,
    "Stroke": 800,
    "Angle": 0,
    "Voltage": "24 V DC",
    "Voltage24": true,
    "Voltage230": false,
    "RatedCurrent": 1,
    "BreakingCurrent": 1,
    "PullingForceMax": 400,
    "PushingForceMax": 50,
    "PullingForceMaxWithNegativeWind": 0,
    "PushingForceMaxWithNegativeWind": 0,
    "PushingForcePermanent": 0,
    "PullingForcePermanent": 400,
    "MinPullingForceMax": -232.99,
    "MinPushingForceMax": 0,
    "MinPullingForcePermanent": -161.62,
    "MinPushingForcePermanent": 0,
    "Price": 299.21,
    "DriveLength": 755,
    "ChainDrive": 855,
    "ChainDrive2": 1670,
    "MaxLengthMainClosingEdge1Drive": 1850,
    "MaxGeometricArea": 1,
    "GeometricalSmokeExhaustion": 0,
    "TotalGlassThickness": 14,
    "Dimensions": 0,
    "DimensionsWxHxD": "755 x 24 x 35",
    "TensileForce": 0,
    "LockingForce": 0,
    "Details_DE": "<ul><li>Bemessungsspannung: 24 V DC (19 V … 28 V)</li> <li>Abschaltstrom: 1,2 A</li> <li>Bemessungsstrom: 0,9 A</li> <li>Bemessungsaufnahme: 22 W</li> <li>Schutzart: IP 32</li> <li>Zug-/Schubkraft: max. 400 N</li> <li>Umgebungstemperatur: -5°C bis + 60°C</li> <li>Anschlussleitung: Halogenfrei, grau 5 x 0,5mm², ~3m</li> <li>Max. Geschwindigkeit: 13,5 mm/s</li></ul>",
    "Details_EN": "<ul><li>Rated voltage: 24 V DC (19 V … 28 V)</li> <li>Breaking current: 1.2 A</li><li>Rated current: 0.9 A</li><li>Rated consumption: 22 W</li><li>Protection rating: IP 32</li><li>Traction/ thrust: max. 400 N</li><li>Ambient temperature: -5° C to +60° C</li><li>Connecting cable: halogen-free, grey, 5 x 0.5 mm², ~ 3 m</li><li>Max. speed: 13,5 mm/s </li></ul>",
    "Einsatz": "<ul><li>Anwendung: Lüftung, NRA</li> <li>Integrierte intelligente Regelelektronik</li> <li>Rückmeldung Endlage „ZU“ (max. 24 V, 500 mA)</li> </ul>",
    "Use": "<ul><li>Application: ventilation, natural smoke ventilation</li> <li>Integrated intelligent control electronics</li> <li>Response for “CLOSED” end position (max. 24 V, 500 mA)</li> </ul>",
    "Ausstattung": "<ul><li>Zusätzlicher Universal-Steckersatz für Mehrfachbetrieb bis zu 4 Antrieben und 2 Verriegelungsantrieben</li></ul>",
    "Equipment": "<ul><li>Additional universal plug socket for multiplex operation of up to 4 drives and 2 interlocking drives</li></ul>",
    "Optionen": "<ul><li>Programmierung von Sonderfunktionen</li> <li>Programmierbare Rückmeldung Endlage „AUF“ (max. 24 V, 500 mA)</li> <li>Schüco Kontroller zur automatischen Konfiguration von Synchronlauf und Folgesteuerungen mit Verriegelungsantrieben in Antriebs-Verbundsystemen</li> </ul>",
    "Options": "<ul><li>Programming of special functions</li> <li>Programmable response for “OPEN” end position (max. 24 V, 500 mA)</li> <li>Schüco controller for automatic configuration of synchronous running and sequence control with locking drives in composite drive systems</li> </ul>",
    "IsTwoPce": false,
    "ResultVentWeight": 65,
    "IsLsRsDrive": true,
    "ArticleNumberRs": 291709,
    "TwoDrivesSideInstallation50": 0,
    "TwoDrivesSideInstallation60": 0,
    "TwoDrivesSideInstallation70": 0,
    "TwoDrivesSideInstallation80": 0,
    "OpeningSpeedmms": 0,
    "Traction": 400,
    "Thrust": 50,
    "Id": "3e2dcb1b-8df9-4eab-b237-548b0481a20b",
    "CreatedOn": "2024-09-26T13:55:26.817Z",
    "CreatedBy": "",
    "ModifiedOn": "2024-09-26T13:55:26.817Z",
    "ModifiedBy": ""
  },
  {
    "Name": "Chain actuator D6 800",
    "Bezeichnung": "Kettenantrieb D6 800",
    "ConfigurationId": "00000000-0000-0000-0000-000000000000",
    "Description": "",
    "Application": "Facade",
    "ApplicationFacade": true,
    "ApplicationSkylight": true,
    "Type": 1,
    "OpeningType": 0,
    "BottomHungInward": true,
    "BottomHungOutward": true,
    "SideHungInward": true,
    "SideHungOutward": true,
    "TopHungInward": false,
    "TopHungOutward": true,
    "ProjectedTopHungInward": false,
    "ProjectedTopHungOutward": false,
    "InstallationType": "",
    "ITMainOutFrmMountWBracket": true,
    "ITMainFixOutFrmMount": false,
    "ITMainVentFrmMount": true,
    "ITSideMount50": false,
    "ITSideMount60": false,
    "ITSideMount70": false,
    "ITSideMount80": false,
    "ITSideMount67": true,
    "Feature": "",
    "FeatureOpenClose": true,
    "FeatureLock": true,
    "ArticleNumber": 291717,
    "Stroke": 800,
    "Angle": 0,
    "Voltage": "24 V DC",
    "Voltage24": true,
    "Voltage230": false,
    "RatedCurrent": 1,
    "BreakingCurrent": 1,
    "PullingForceMax": 600,
    "PushingForceMax": 300,
    "PullingForceMaxWithNegativeWind": 0,
    "PushingForceMaxWithNegativeWind": 0,
    "PushingForcePermanent": 200,
    "PullingForcePermanent": 600,
    "MinPullingForceMax": -232.99,
    "MinPushingForceMax": 0,
    "MinPullingForcePermanent": -161.62,
    "MinPushingForcePermanent": 0,
    "Price": 387.92,
    "DriveLength": 794,
    "ChainDrive": 894,
    "ChainDrive2": 1748,
    "MaxLengthMainClosingEdge1Drive": 1920,
    "MaxGeometricArea": 1,
    "GeometricalSmokeExhaustion": 0,
    "TotalGlassThickness": 14,
    "Dimensions": 0,
    "DimensionsWxHxD": "794 x 40 x 56",
    "TensileForce": 0,
    "LockingForce": 0,
    "Details_DE": "<ul> <li>Bemessungsspannung: 24 V DC (19 V … 28 V)</li> <li>Abschaltstrom: 1,2 A</li> <li>Bemessungsstrom: 0,9 A</li> <li>Bemessungsaufnahme: 22 W</li> <li>Schutzart: IP 32</li> <li>Zug-/Schubkraft: max. 600 N</li> <li>Umgebungstemperatur: -5°C bis + 60°C</li> <li>Anschlussleitung: Halogenfrei, grau 5 x 0,5mm², ~3m</li> <li>Max. Geschwindigkeit: 13,5 mm/s</li> </ul>",
    "Details_EN": "<ul> <li>Rated voltage: 24 V DC (19 V … 28 V)</li><li>Breaking current: 1.2 A</li><li>Rated current: 0.9 A</li><li>Rated consumption: 22W</li><li>Protection rating: IP 32</li><li>Traction/ thrust: max. 600 N</li><li>Ambient temperature: -5° C to +60° C</li><li>Connecting cable: halogen-free, grey 3 x 0,5mm², ~3m</li><li>Max. speed: 13,5 mm/s</li></ul>",
    "Einsatz": "<ul><li>Anwendung: Lüftung, NRA</li> <li>Integrierte intelligente Regelelektronik</li></ul>",
    "Use": "<ul><li>Application: ventilation, natural smoke ventilation</li> <li>Integrated intelligent control electronics</li> </ul>",
    "Ausstattung": "<ul><li>Zusätzlicher Universal-Steckersatz für Mehrfachbetrieb bis zu 4 Antrieben und 2 Verriegelungsantrieben</li></ul>",
    "Equipment": "<ul><li>Additional universal plug socket for multiplex operation  of up to 4 drives and 2 interlocking drives</li></ul>",
    "Optionen": "<ul><li>Programmierung von Sonderfunktionen</li> <li>Programmierbare Rückmeldung Endlage „AUF“ (max. 24 V, 500 mA)</li> <li>Schüco Kontroller zur automatischen Konfiguration von Synchronlauf und Folgesteuerungen mit Verriegelungsantrieben in Antriebs-Verbundsystemen</li> </ul>",
    "Options": "<ul><li>Programming of special functions</li> <li>Programmable response for “OPEN” end position (max. 24 V, 500 mA)</li> <li>Schüco controller for automatic configuration of synchronous running and sequence control with locking drives in composite drive systems</li> </ul>",
    "IsTwoPce": false,
    "ResultVentWeight": 65,
    "IsLsRsDrive": false,
    "ArticleNumberRs": 0,
    "TwoDrivesSideInstallation50": 0,
    "TwoDrivesSideInstallation60": 0,
    "TwoDrivesSideInstallation70": 0,
    "TwoDrivesSideInstallation80": 0,
    "OpeningSpeedmms": 0,
    "Traction": 600,
    "Thrust": 300,
    "Id": "e9fa5654-1773-4646-9949-a237ab4f4797",
    "CreatedOn": "2024-09-26T13:55:26.817Z",
    "CreatedBy": "",
    "ModifiedOn": "2024-09-26T13:55:26.817Z",
    "ModifiedBy": ""
  },
  {
    "Name": "Locking actuator EasyConnect",
    "Bezeichnung": "Verriegelungsantrieb EasyConnect",
    "ConfigurationId": "00000000-0000-0000-0000-000000000000",
    "Description": "",
    "Application": "",
    "ApplicationFacade": true,
    "ApplicationSkylight": false,
    "Type": 5,
    "OpeningType": 0,
    "BottomHungInward": true,
    "BottomHungOutward": false,
    "SideHungInward": true,
    "SideHungOutward": false,
    "TopHungInward": false,
    "TopHungOutward": false,
    "ProjectedTopHungInward": false,
    "ProjectedTopHungOutward": false,
    "InstallationType": "",
    "ITMainOutFrmMountWBracket": true,
    "ITMainFixOutFrmMount": true,
    "ITMainVentFrmMount": false,
    "ITSideMount50": false,
    "ITSideMount60": false,
    "ITSideMount70": false,
    "ITSideMount80": false,
    "ITSideMount67": false,
    "Feature": "",
    "FeatureOpenClose": true,
    "FeatureLock": false,
    "ArticleNumber": 291787,
    "Stroke": 0,
    "Angle": 0,
    "Voltage24": true,
    "Voltage230": true,
    "RatedCurrent": 0,
    "BreakingCurrent": 0,
    "PullingForceMax": 0,
    "PushingForceMax": 0,
    "PullingForceMaxWithNegativeWind": 0,
    "PushingForceMaxWithNegativeWind": 0,
    "PushingForcePermanent": 0,
    "PullingForcePermanent": 0,
    "MinPullingForceMax": 0,
    "MinPushingForceMax": 0,
    "MinPullingForcePermanent": 0,
    "MinPushingForcePermanent": 0,
    "Price": 0,
    "DriveLength": 0,
    "ChainDrive": 0,
    "ChainDrive2": 0,
    "MaxLengthMainClosingEdge1Drive": 0,
    "MaxGeometricArea": 0,
    "GeometricalSmokeExhaustion": 0,
    "TotalGlassThickness": 0,
    "Dimensions": 0,
    "DimensionsWxHxD": "375 x 24 x 35",
    "TensileForce": 0,
    "LockingForce": 0,
    "Details_DE": "<ul> <li>Bemessungsspannung: 24 V DC (19 V … 28 V)</li> <li>Abschaltstrom: ~1,0 A</li> <li>Bemessungsstrom: 0,6 A</li> <li>Bemessungsaufnahme: 15 W</li> <li>Schutzart: IP 32</li><li>Zug-/Schubkraft: max. 600 N</li> <li>Umgebungstemperatur: -5°C bis + 60°C</li> <li>Anschlussleitung: Halogenfrei, grau 5 x 0,5mm² , ~5m</li> <li>Laufzeit: ~ 5s</li><li>Hub: ~ 18mm</li> </ul>",
    "Details_EN": "<ul> <li>Rated voltage : 24 V DC (19 V … 28 V</li> <li>Breaking current : ~1,0 A</li> <li>Rated current : 0,6 A</li> <li>Rated consumption : 15 W</li> <li>Protection rating : IP 32</li><li>Traction/ thrust : max. 600 N</li> <li>Ambient temperature: -5°C bis + 60°C</li> <li>Connecting cable: halogen-free, grey 5 x 0,5mm² , ~5m</li> <li>Running time: ~ 5s</li><li>Stroke: ~ 18mm</li> </ul>",
    "Einsatz": "<ul> <li>Anwendung: Lüftung, NRA</li><li>Integrierte intelligente Regelelektronik</li></ul>",
    "Use": "<ul> <li>Application: ventilation, natural smoke ventilation</li> <li>Integrated intelligent control electronics</li></ul>",
    "Ausstattung": "<ul><li>Laufrichtung einstellbar</li><li>Zusätzlicher Universal-Steckersatz</li></ul>",
    "Equipment": "<ul><li>Running direction adjustable</li><li>Additional universal plug socket</li></ul>",
    "Optionen": "<ul> <li>Mitnehmer objekt-/profilspezifisch anpassbar</li></ul>",
    "Options": "<ul> <li>Coupling adapter customizable for project-/profile-specific demands</li></ul>",
    "IsTwoPce": false,
    "ResultVentWeight": 0,
    "IsLsRsDrive": false,
    "ArticleNumberRs": 0,
    "TwoDrivesSideInstallation50": 0,
    "TwoDrivesSideInstallation60": 0,
    "TwoDrivesSideInstallation70": 0,
    "TwoDrivesSideInstallation80": 0,
    "OpeningSpeedmms": 0,
    "Traction": 0,
    "Thrust": 0,
    "Id": "f894c384-bd5f-4f1b-a446-f4a3afc8426e",
    "CreatedOn": "2024-09-26T13:55:26.817Z",
    "CreatedBy": "",
    "ModifiedOn": "2024-09-26T13:55:26.817Z",
    "ModifiedBy": ""
  },
  {
    "Name": "Locking actuator 600",
    "Bezeichnung": "Verriegelungsantrieb 600",
    "ConfigurationId": "00000000-0000-0000-0000-000000000000",
    "Description": "",
    "Application": "",
    "ApplicationFacade": true,
    "ApplicationSkylight": false,
    "Type": 5,
    "OpeningType": 0,
    "BottomHungInward": true,
    "BottomHungOutward": false,
    "SideHungInward": true,
    "SideHungOutward": false,
    "TopHungInward": false,
    "TopHungOutward": false,
    "ProjectedTopHungInward": false,
    "ProjectedTopHungOutward": false,
    "InstallationType": "",
    "ITMainOutFrmMountWBracket": true,
    "ITMainFixOutFrmMount": true,
    "ITMainVentFrmMount": false,
    "ITSideMount50": false,
    "ITSideMount60": false,
    "ITSideMount70": false,
    "ITSideMount80": false,
    "ITSideMount67": false,
    "Feature": "",
    "FeatureOpenClose": true,
    "FeatureLock": false,
    "ArticleNumber": 291736,
    "Stroke": 0,
    "Angle": 0,
    "Voltage24": true,
    "Voltage230": true,
    "RatedCurrent": 0,
    "BreakingCurrent": 0,
    "PullingForceMax": 0,
    "PushingForceMax": 0,
    "PullingForceMaxWithNegativeWind": 0,
    "PushingForceMaxWithNegativeWind": 0,
    "PushingForcePermanent": 0,
    "PullingForcePermanent": 0,
    "MinPullingForceMax": 0,
    "MinPushingForceMax": 0,
    "MinPullingForcePermanent": 0,
    "MinPushingForcePermanent": 0,
    "Price": 218.27,
    "DriveLength": 0,
    "ChainDrive": 0,
    "ChainDrive2": 0,
    "MaxLengthMainClosingEdge1Drive": 0,
    "MaxGeometricArea": 0,
    "GeometricalSmokeExhaustion": 0,
    "TotalGlassThickness": 0,
    "Dimensions": 0,
    "DimensionsWxHxD": "415 x 26 x 26",
    "TensileForce": 0,
    "LockingForce": 0,
    "Details_DE": "<ul> <li>Bemessungsspannung: 24 V DC (19 V … 28 V)</li> <li>Abschaltstrom: ~1,0 A</li> <li>Bemessungsstrom: 0,6 A</li> <li>Bemessungsaufnahme: 15 W</li> <li>Schutzart: IP 32</li><li>Zug-/Schubkraft: max. 600 N</li> <li>Umgebungstemperatur: -5°C bis + 60°C</li> <li>Anschlussleitung: Halogenfrei, grau 3x 0,5mm², ~3m</li> <li>Laufzeit: ~ 5s</li><li>Hub: ~ 18mm</li> </ul>",
    "Details_EN": "<ul> <li>Rated voltage : 24 V DC (19 V … 28 V</li> <li>Breaking current : ~1,0 A</li> <li>Rated current : 0,6 A</li> <li>Rated consumption : 15 W</li> <li>Protection rating : IP 32</li><li>Traction/ thrust : max. 600 N</li> <li>Ambient temperature: -5°C bis + 60°C</li> <li>Connecting cable: halogen-free, grey 3 x 0,5mm², ~3m</li> <li>Running time: ~ 5s</li><li>Stroke: ~ 18mm</li> </ul>",
    "Einsatz": "<ul> <li>Anwendung: Lüftung, NRA</li><li>Integrierte intelligente Regelelektronik</li></ul>",
    "Use": "<ul> <li>Application: ventilation, natural smoke ventilation</li> <li>Integrated intelligent control electronics</li></ul>",
    "Ausstattung": "<ul><li>Laufrichtung einstellbar</li></ul>",
    "Equipment": "<ul><li>Running direction adjustable</li></ul>",
    "Optionen": "<ul> <li>Mitnehmer objekt-/profilspezifisch anpassbar</li></ul>",
    "Options": "<ul> <li>Coupling adapter customizable for project-/profile-specific demands</li></ul>",
    "IsTwoPce": false,
    "ResultVentWeight": 0,
    "IsLsRsDrive": true,
    "ArticleNumberRs": 291735,
    "TwoDrivesSideInstallation50": 0,
    "TwoDrivesSideInstallation60": 0,
    "TwoDrivesSideInstallation70": 0,
    "TwoDrivesSideInstallation80": 0,
    "OpeningSpeedmms": 0,
    "Traction": 0,
    "Thrust": 0,
    "Id": "69d8317e-493b-4010-8d9e-54168822bacf",
    "CreatedOn": "2024-09-26T13:55:26.817Z",
    "CreatedBy": "",
    "ModifiedOn": "2024-09-26T13:55:26.817Z",
    "ModifiedBy": ""
  }
]

12:36:44.064 [main] INFO  com.intuit.karate - Normalized Actual RecommDrive: Chain actuator D2 L800, Chain actuator D4 800, Chain actuator D6 800, Locking actuator EasyConnect, Locking actuator 600 
12:36:44.064 [main] INFO  com.intuit.karate - Normalized Expected RecommDrive: Chain actuator D2 L800, Chain actuator D4 800, Chain actuator D6 800, Locking actuator EasyConnect, Locking actuator 600 
12:36:44.096 [main] INFO  com.intuit.karate - All Drive IDs: [
  "8e41b236-ddae-4821-9147-db4ac85f1b97",
  "3e2dcb1b-8df9-4eab-b237-548b0481a20b",
  "e9fa5654-1773-4646-9949-a237ab4f4797",
  "f894c384-bd5f-4f1b-a446-f4a3afc8426e",
  "69d8317e-493b-4010-8d9e-54168822bacf"
]
 
12:36:44.096 [main] INFO  com.intuit.karate - First Drive ID: 8e41b236-ddae-4821-9147-db4ac85f1b97 
12:36:44.111 [main] DEBUG com.intuit.karate - request:
3 > POST https://dev-drivetec-apis.schuecodigitalsolutions.com/api/Drives/DownloadPDFNew/Schuco
3 > Content-Type: application/json; charset=UTF-8
3 > Content-Length: 1194
3 > Host: dev-drivetec-apis.schuecodigitalsolutions.com
3 > Connection: Keep-Alive
3 > User-Agent: Apache-HttpClient/4.5.14 (Java/17.0.12)
3 > Accept-Encoding: gzip,deflate
[{"Id":"configId","Header":"configId","Value":"51c2f54e-f153-495c-822c-c645f842575e"},{"Id":"driveId","Header":"driveId","Value":"8e41b236-ddae-4821-9147-db4ac85f1b97"},{"Id":"culture","Header":"culture","Value":"EN-US"},{"Id":"projectId","Header":"projectId","Value":"850527b7-e575-4484-889e-4fef54460326"},{"Id":"range-of-app","Header":"Range of application","Value":"Façade"},{"Id":"opening-type","Header":"Opening type","Value":"Bottom-hung vent"},{"Id":"opening-direction","Header":"Opening direction","Value":"Inward"},{"Id":"how-calc-weight","Header":"Vent weight","Value":"Weight including glass"},{"Id":"Chain-Length","Header":"Chain- \/ connecting rod handle","Value":"100%"},{"Id":"drive-position","Header":"Drive position","Value":"Side installation"},{"Id":"locking-mechanism","Header":"Locking mechanism","Value":"With"},{"Id":"voltage","Header":"Voltage","Value":"24 V"},{"Id":"drive-type","Header":"Drive type","Value":"Chain drive"},{"Id":"type-installation","Header":"Type of installation","Value":"Pivoting Outer Frame Installation"},{"Id":"calculation-type-for-ventilation-area","Header":"Calculation type for ventilation area","Value":"Method in accordance with ASR 3.6"}]

12:36:46.064 [main] DEBUG com.intuit.karate - response time in milliseconds: 1953
3 < 200
3 < Content-Type: application/json; charset=utf-8
3 < Date: Thu, 12 Dec 2024 07:06:40 GMT
3 < Server: Microsoft-IIS/10.0
3 < X-Powered-By: ASP.NET
3 < Content-Length: 279
3 < Connection: keep-alive
{
  "result": "https://drive-tec-dev.s3.amazonaws.com/AUT_TPJ383-Chain_actuator_D2_L800.pdf?AWSAccessKeyId=AKIAZAWIART4ZFAXXPHK&Expires=1733990801&response-content-disposition=attachment%3B&response-content-type=application%2Fpdf&Signature=GvVuSaq4dDmDIlbUc%2FI0UI2DQ%2FE%3D"
}

12:36:46.095 [main] INFO  com.intuit.karate - Download URL for first driveId: https://drive-tec-dev.s3.amazonaws.com/AUT_TPJ383-Chain_actuator_D2_L800.pdf?AWSAccessKeyId=AKIAZAWIART4ZFAXXPHK&Expires=1733990801&response-content-disposition=attachment%3B&response-content-type=application%2Fpdf&Signature=GvVuSaq4dDmDIlbUc%2FI0UI2DQ%2FE%3D 
12:36:46.111 [main] INFO  com.intuit.karate - karate.env system property was: null 
12:36:46.126 [main] INFO  com.intuit.karate - Running test for dataset:  Dataset2 
12:36:46.159 [main] INFO  com.intuit.karate - Using ProjectId:  {
  "result": {
    "projectId": "prjId"
  },
  "projectPayload": {
    "Id": "579816e4-6653-4794-b435-a885f32e28d7",
    "Name": "AUT_TPJ383",
    "Address": "Hyderabad, Telangana, India",
    "Description": "",
    "CreatedBy": "579816e4-6653-4794-b435-a885f32e28d7",
    "ModifiedBy": "579816e4-6653-4794-b435-a885f32e28d7"
  },
  "uniqueName": "AUT_TPJ383",
  "responseHeaders": {
    "Content-Type": [
      "application/json; charset=utf-8"
    ],
    "Date": [
      "Thu, 12 Dec 2024 07:06:36 GMT"
    ],
    "Server": [
      "Microsoft-IIS/10.0"
    ],
    "X-Powered-By": [
      "ASP.NET"
    ],
    "Content-Length": [
      "328"
    ],
    "Connection": [
      "keep-alive"
    ],
    "Set-Cookie": [
    ]
  },
  "responseTime": 1067,
  "response": {
    "Name": "AUT_TPJ383",
    "Description": "",
    "Address": "Hyderabad, Telangana, India",
    "Id": "850527b7-e575-4484-889e-4fef54460326",
    "CreatedOn": "2024-12-12T07:06:36.4815238+00:00",
    "CreatedBy": "579816e4-6653-4794-b435-a885f32e28d7",
    "ModifiedOn": "2024-12-12T07:06:36.4815246+00:00",
    "ModifiedBy": ""
  },
  "responseStatus": 200,
  "prjId": "850527b7-e575-4484-889e-4fef54460326",
  "projectId": "850527b7-e575-4484-889e-4fef54460326"
}
 
12:36:46.190 [main] DEBUG com.intuit.karate - request:
1 > POST https://dev-drivetec-apis.schuecodigitalsolutions.com/Configurations
1 > Content-Type: application/json; charset=UTF-8
1 > Content-Length: 1275
1 > Host: dev-drivetec-apis.schuecodigitalsolutions.com
1 > Connection: Keep-Alive
1 > User-Agent: Apache-HttpClient/4.5.14 (Java/17.0.12)
1 > Accept-Encoding: gzip,deflate
{"Id":"00000000-0000-0000-0000-000000000000","ProjectId":"850527b7-e575-4484-889e-4fef54460326","Name":"Dataset6175","Description":"Dataset6175","CustomTags":"","CreatedBy":"579816e4-6653-4794-b435-a885f32e28d7","ModifiedBy":"579816e4-6653-4794-b435-a885f32e28d7","ApplicationName":1,"System":"","FacadeInclination":0,"OpeningType":1,"OpeningDirection":1,"OpeningWidth":1000,"VentOuterWidth":1230,"VentOuterHeight":1480,"VentWeight":70,"CalculateWeightWithGlass":false,"WeightIncGlassOrThickness":false,"GlassThickness":14,"ProfileWeightPerSerialMeter":2.5,"IsWindowOpeningCalculationByAngle":1,"RequiredOpeningStroke":400,"OpeningAngle":15,"WindLoad":120,"SnowLoad":0,"DrivePosition":2,"InstallationPosition":1,"ChainLengthConnectingRodHandle":5,"LockingMechanism":1,"Voltage":1,"DriveType":1,"TypeOfInstallation":2,"CalculationTypeForVentilation":1,"CalcVentilation":1,"GeometricArea":1,"SpecificExhaustDimension":30,"BuildingDepth":75,"RevealDepth":0,"RevealDepthRectangleAngle1":0,"RevealDepthRectangleAngle2":0,"HeightOfProfile":0,"HeightProfileRectangleAngle1":0,"HeightProfileRectangleAngle2":0,"AkippOrAtilt":0,"AdrehOrAturn":0,"Ageo":0,"MinPullingForceMax":0,"MinPushingForceMax":0,"MinPullingForcePermanent":0,"MinPushingForcePermanent":0,"ForceWithNegativeWind":0}

12:36:46.862 [main] DEBUG com.intuit.karate - response time in milliseconds: 672
1 < 200
1 < Content-Type: application/json; charset=utf-8
1 < Date: Thu, 12 Dec 2024 07:06:40 GMT
1 < Server: Microsoft-IIS/10.0
1 < X-Powered-By: ASP.NET
1 < Content-Length: 2032
1 < Connection: keep-alive
{
  "ProjectId": "850527b7-e575-4484-889e-4fef54460326",
  "Name": "Dataset6175",
  "Description": "Dataset6175",
  "CustomTags": "",
  "ApplicationName": 1,
  "OpeningType": 1,
  "OpeningDirection": 1,
  "CalculateWeightWithGlass": false,
  "WindLoad": 120,
  "IsWindowOpeningCalculationByAngle": 1,
  "VentOuterWidth": 1230,
  "VentOuterHeight": 1480,
  "WeightIncGlassOrThickness": false,
  "VentWeight": 77,
  "VentWeightExact": 77.26400000000001,
  "GlassThickness": 14,
  "ProfileWeightPerSerialMeter": 2.5,
  "FacadeInclination": 0,
  "ChainLengthConnectingRodHandle": 5,
  "ChainLenghtConnectingRodHandle": 0,
  "RequiredOpeningStroke": 400,
  "OpeningWidth": 1000,
  "OpeningAngle": 15.532868337024489,
  "SpecificExhaustDimension": 30,
  "BuildingDepth": 75,
  "SnowLoad": 0,
  "DistanceHinge": 0,
  "RatedCurrent": 0,
  "DrivePosition": 2,
  "LockingMechanism": 1,
  "Voltage": 1,
  "DriveType": 1,
  "TypeOfInstallation": 2,
  "GeometricArea": 0,
  "CalculationTypeForVentilation": 1,
  "HeightOfProfile": 0,
  "Reveal": 0,
  "RevealDepth": 0,
  "HeightProfileRectangleAngle1": 0,
  "HeightProfileRectangleAngle2": 0,
  "RevealDepthRectangleAngle1": 0,
  "RevealDepthRectangleAngle2": 0,
  "RevealDepthRectangleAngle12": 0,
  "InstallationPosition": 0,
  "RecommendedDriveArticleNo": 0,
  "System": "",
  "AkippOrAtilt": 1.084,
  "AdrehOrAturn": 1.8204,
  "Ageo": 1.084,
  "MinPullingForceMax": -206.4868442161654,
  "MinPushingForceMax": -206.4868442161654,
  "MinPullingForcePermanent": -104.11163259218097,
  "MinPushingForcePermanent": -104.11163259218097,
  "ForceWithNegativeWind": 109.53156767199486,
  "ForceWithNoWindMin": 0.30763693489047433,
  "ForceWithNegativeWindMin": 0,
  "ForceWithWindMin": -108.91629380221393,
  "Id": "b823bca8-7a94-43a4-b200-bce6a15b9e6b",
  "CreatedOn": "2024-12-12T07:06:41.7260393+00:00",
  "CreatedBy": "579816e4-6653-4794-b435-a885f32e28d7",
  "ModifiedOn": "2024-12-12T07:06:41.7260401+00:00",
  "ModifiedBy": ""
}

12:36:46.872 [main] INFO  com.intuit.karate - Generated Config ID: b823bca8-7a94-43a4-b200-bce6a15b9e6b 
12:36:46.872 [main] INFO  com.intuit.karate - Generated Name: Dataset6175 
12:36:46.888 [main] INFO  com.intuit.karate - Generated Description: Dataset6175 
12:36:46.904 [main] DEBUG com.intuit.karate - request:
1 > PUT https://dev-drivetec-apis.schuecodigitalsolutions.com/Configurations
1 > Content-Type: application/json; charset=UTF-8
1 > Content-Length: 1271
1 > Host: dev-drivetec-apis.schuecodigitalsolutions.com
1 > Connection: Keep-Alive
1 > User-Agent: Apache-HttpClient/4.5.14 (Java/17.0.12)
1 > Accept-Encoding: gzip,deflate
{"Id":"b823bca8-7a94-43a4-b200-bce6a15b9e6b","Name":"Dataset2","Description":"Dataset6175","ProjectId":"850527b7-e575-4484-889e-4fef54460326","CustomTags":"","CreatedBy":"579816e4-6653-4794-b435-a885f32e28d7","ModifiedBy":"579816e4-6653-4794-b435-a885f32e28d7","System":"","FacadeInclination":0,"OpeningType":3,"OpeningDirection":1,"OpeningWidth":1000,"VentOuterWidth":1230,"VentOuterHeight":1480,"VentWeight":0,"CalculateWeightWithGlass":false,"RequiredOpeningStroke":800,"WindLoad":501,"SnowLoad":0,"IsWindowOpeningCalculationByAngle":1,"GlassThickness":14,"ProfileWeightPerSerialMeter":2.5,"DrivePosition":1,"InstallationPosition":0,"LockingMechanism":1,"Voltage":1,"DriveType":1,"TypeOfInstallation":2,"GeometricArea":0,"CalcVentilation":2,"SpecificExhaustDimension":30,"BuildingDepth":75,"CalculationTypeForVentilation":2,"HeightOfProfile":0,"HeightProfileRectangleAngle1":0,"HeightProfileRectangleAngle2":0,"RevealDepth":0,"RevealDepthRectangleAngle1":0,"RevealDepthRectangleAngle2":0,"ChainLengthConnectingRodHandle":5,"ApplicationName":1,"OpeningAngle":96,"WeightIncGlassOrThickness":false,"AkippOrAtilt":0,"AdrehOrAturn":0,"Ageo":0,"MinPullingForceMax":0,"MinPushingForceMax":0,"MinPullingForcePermanent":0,"MinPushingForcePermanent":0,"ForceWithNegativeWind":0}

12:36:47.535 [main] DEBUG com.intuit.karate - response time in milliseconds: 631
1 < 200
1 < Content-Type: application/json; charset=utf-8
1 < Date: Thu, 12 Dec 2024 07:06:42 GMT
1 < Server: Microsoft-IIS/10.0
1 < X-Powered-By: ASP.NET
1 < Content-Length: 2027
1 < Connection: keep-alive
{
  "ProjectId": "850527b7-e575-4484-889e-4fef54460326",
  "Name": "Dataset2",
  "Description": "Dataset6175",
  "CustomTags": "",
  "ApplicationName": 1,
  "OpeningType": 3,
  "OpeningDirection": 1,
  "CalculateWeightWithGlass": false,
  "WindLoad": 501,
  "IsWindowOpeningCalculationByAngle": 1,
  "VentOuterWidth": 1230,
  "VentOuterHeight": 1480,
  "WeightIncGlassOrThickness": false,
  "VentWeight": 77,
  "VentWeightExact": 77.26400000000001,
  "GlassThickness": 14,
  "ProfileWeightPerSerialMeter": 2.5,
  "FacadeInclination": 0,
  "ChainLengthConnectingRodHandle": 5,
  "ChainLenghtConnectingRodHandle": 0,
  "RequiredOpeningStroke": 800,
  "OpeningWidth": 1000,
  "OpeningAngle": 37.955778805488166,
  "SpecificExhaustDimension": 30,
  "BuildingDepth": 75,
  "SnowLoad": 0,
  "DistanceHinge": 0,
  "RatedCurrent": 0,
  "DrivePosition": 1,
  "LockingMechanism": 1,
  "Voltage": 1,
  "DriveType": 1,
  "TypeOfInstallation": 2,
  "GeometricArea": 0,
  "CalculationTypeForVentilation": 2,
  "HeightOfProfile": 0,
  "Reveal": 0,
  "RevealDepth": 0,
  "HeightProfileRectangleAngle1": 0,
  "HeightProfileRectangleAngle2": 0,
  "RevealDepthRectangleAngle1": 0,
  "RevealDepthRectangleAngle2": 0,
  "RevealDepthRectangleAngle12": 0,
  "InstallationPosition": 0,
  "RecommendedDriveArticleNo": 0,
  "System": "",
  "AkippOrAtilt": 2.168,
  "AdrehOrAturn": 1.8204,
  "Ageo": 1.1096726804263364,
  "MinPullingForceMax": -300.17432981658936,
  "MinPushingForceMax": -456.0102375499411,
  "MinPullingForcePermanent": 0,
  "MinPushingForcePermanent": 0,
  "ForceWithNegativeWind": 456.0102375499411,
  "ForceWithNoWindMin": 0,
  "ForceWithNegativeWindMin": 300.17432981658936,
  "ForceWithWindMin": -300.17432981658936,
  "Id": "b823bca8-7a94-43a4-b200-bce6a15b9e6b",
  "CreatedOn": "0001-01-01T00:00:00",
  "CreatedBy": "579816e4-6653-4794-b435-a885f32e28d7",
  "ModifiedOn": "2024-12-12T07:06:42.4133295+00:00",
  "ModifiedBy": "579816e4-6653-4794-b435-a885f32e28d7"
}

12:36:47.535 [main] INFO  com.intuit.karate - VentWeight from API Response: 77 
12:36:47.567 [main] INFO  com.intuit.karate - Rounded Opening Angle: 38.0 
12:36:47.567 [main] INFO  com.intuit.karate - Rounded Ageo: 1.11 
12:36:47.567 [main] INFO  com.intuit.karate - Rounded Required Opening Stroke: 800.0 
12:36:47.567 [main] INFO  com.intuit.karate - Rounded Vent Weight: 77.0 
12:36:47.582 [main] DEBUG com.intuit.karate - request:
2 > GET https://dev-drivetec-apis.schuecodigitalsolutions.com/Config/b823bca8-7a94-43a4-b200-bce6a15b9e6b/Drive
2 > Host: dev-drivetec-apis.schuecodigitalsolutions.com
2 > Connection: Keep-Alive
2 > User-Agent: Apache-HttpClient/4.5.14 (Java/17.0.12)
2 > Accept-Encoding: gzip,deflate


12:36:48.229 [main] DEBUG com.intuit.karate - response time in milliseconds: 647
2 < 200
2 < Content-Type: application/json; charset=utf-8
2 < Date: Thu, 12 Dec 2024 07:06:42 GMT
2 < Server: Microsoft-IIS/10.0
2 < X-Powered-By: ASP.NET
2 < Content-Length: 7468
2 < Connection: keep-alive
[
  {
    "Name": "Locking actuator EasyConnect",
    "Bezeichnung": "Verriegelungsantrieb EasyConnect",
    "ConfigurationId": "00000000-0000-0000-0000-000000000000",
    "Description": "",
    "Application": "",
    "ApplicationFacade": true,
    "ApplicationSkylight": false,
    "Type": 5,
    "OpeningType": 0,
    "BottomHungInward": true,
    "BottomHungOutward": false,
    "SideHungInward": true,
    "SideHungOutward": false,
    "TopHungInward": false,
    "TopHungOutward": false,
    "ProjectedTopHungInward": false,
    "ProjectedTopHungOutward": false,
    "InstallationType": "",
    "ITMainOutFrmMountWBracket": true,
    "ITMainFixOutFrmMount": true,
    "ITMainVentFrmMount": false,
    "ITSideMount50": false,
    "ITSideMount60": false,
    "ITSideMount70": false,
    "ITSideMount80": false,
    "ITSideMount67": false,
    "Feature": "",
    "FeatureOpenClose": true,
    "FeatureLock": false,
    "ArticleNumber": 291787,
    "Stroke": 0,
    "Angle": 0,
    "Voltage24": true,
    "Voltage230": true,
    "RatedCurrent": 0,
    "BreakingCurrent": 0,
    "PullingForceMax": 0,
    "PushingForceMax": 0,
    "PullingForceMaxWithNegativeWind": 0,
    "PushingForceMaxWithNegativeWind": 0,
    "PushingForcePermanent": 0,
    "PullingForcePermanent": 0,
    "MinPullingForceMax": 0,
    "MinPushingForceMax": 0,
    "MinPullingForcePermanent": 0,
    "MinPushingForcePermanent": 0,
    "Price": 0,
    "DriveLength": 0,
    "ChainDrive": 0,
    "ChainDrive2": 0,
    "MaxLengthMainClosingEdge1Drive": 0,
    "MaxGeometricArea": 0,
    "GeometricalSmokeExhaustion": 0,
    "TotalGlassThickness": 0,
    "Dimensions": 0,
    "DimensionsWxHxD": "375 x 24 x 35",
    "TensileForce": 0,
    "LockingForce": 0,
    "Details_DE": "<ul> <li>Bemessungsspannung: 24 V DC (19 V … 28 V)</li> <li>Abschaltstrom: ~1,0 A</li> <li>Bemessungsstrom: 0,6 A</li> <li>Bemessungsaufnahme: 15 W</li> <li>Schutzart: IP 32</li><li>Zug-/Schubkraft: max. 600 N</li> <li>Umgebungstemperatur: -5°C bis + 60°C</li> <li>Anschlussleitung: Halogenfrei, grau 5 x 0,5mm² , ~5m</li> <li>Laufzeit: ~ 5s</li><li>Hub: ~ 18mm</li> </ul>",
    "Details_EN": "<ul> <li>Rated voltage : 24 V DC (19 V … 28 V</li> <li>Breaking current : ~1,0 A</li> <li>Rated current : 0,6 A</li> <li>Rated consumption : 15 W</li> <li>Protection rating : IP 32</li><li>Traction/ thrust : max. 600 N</li> <li>Ambient temperature: -5°C bis + 60°C</li> <li>Connecting cable: halogen-free, grey 5 x 0,5mm² , ~5m</li> <li>Running time: ~ 5s</li><li>Stroke: ~ 18mm</li> </ul>",
    "Einsatz": "<ul> <li>Anwendung: Lüftung, NRA</li><li>Integrierte intelligente Regelelektronik</li></ul>",
    "Use": "<ul> <li>Application: ventilation, natural smoke ventilation</li> <li>Integrated intelligent control electronics</li></ul>",
    "Ausstattung": "<ul><li>Laufrichtung einstellbar</li><li>Zusätzlicher Universal-Steckersatz</li></ul>",
    "Equipment": "<ul><li>Running direction adjustable</li><li>Additional universal plug socket</li></ul>",
    "Optionen": "<ul> <li>Mitnehmer objekt-/profilspezifisch anpassbar</li></ul>",
    "Options": "<ul> <li>Coupling adapter customizable for project-/profile-specific demands</li></ul>",
    "IsTwoPce": false,
    "ResultVentWeight": 0,
    "IsLsRsDrive": false,
    "ArticleNumberRs": 0,
    "TwoDrivesSideInstallation50": 0,
    "TwoDrivesSideInstallation60": 0,
    "TwoDrivesSideInstallation70": 0,
    "TwoDrivesSideInstallation80": 0,
    "OpeningSpeedmms": 0,
    "Traction": 0,
    "Thrust": 0,
    "Id": "f894c384-bd5f-4f1b-a446-f4a3afc8426e",
    "CreatedOn": "2024-09-26T13:55:26.817Z",
    "CreatedBy": "",
    "ModifiedOn": "2024-09-26T13:55:26.817Z",
    "ModifiedBy": ""
  },
  {
    "Name": "Locking actuator 600",
    "Bezeichnung": "Verriegelungsantrieb 600",
    "ConfigurationId": "00000000-0000-0000-0000-000000000000",
    "Description": "",
    "Application": "",
    "ApplicationFacade": true,
    "ApplicationSkylight": false,
    "Type": 5,
    "OpeningType": 0,
    "BottomHungInward": true,
    "BottomHungOutward": false,
    "SideHungInward": true,
    "SideHungOutward": false,
    "TopHungInward": false,
    "TopHungOutward": false,
    "ProjectedTopHungInward": false,
    "ProjectedTopHungOutward": false,
    "InstallationType": "",
    "ITMainOutFrmMountWBracket": true,
    "ITMainFixOutFrmMount": true,
    "ITMainVentFrmMount": false,
    "ITSideMount50": false,
    "ITSideMount60": false,
    "ITSideMount70": false,
    "ITSideMount80": false,
    "ITSideMount67": false,
    "Feature": "",
    "FeatureOpenClose": true,
    "FeatureLock": false,
    "ArticleNumber": 291736,
    "Stroke": 0,
    "Angle": 0,
    "Voltage24": true,
    "Voltage230": true,
    "RatedCurrent": 0,
    "BreakingCurrent": 0,
    "PullingForceMax": 0,
    "PushingForceMax": 0,
    "PullingForceMaxWithNegativeWind": 0,
    "PushingForceMaxWithNegativeWind": 0,
    "PushingForcePermanent": 0,
    "PullingForcePermanent": 0,
    "MinPullingForceMax": 0,
    "MinPushingForceMax": 0,
    "MinPullingForcePermanent": 0,
    "MinPushingForcePermanent": 0,
    "Price": 218.27,
    "DriveLength": 0,
    "ChainDrive": 0,
    "ChainDrive2": 0,
    "MaxLengthMainClosingEdge1Drive": 0,
    "MaxGeometricArea": 0,
    "GeometricalSmokeExhaustion": 0,
    "TotalGlassThickness": 0,
    "Dimensions": 0,
    "DimensionsWxHxD": "415 x 26 x 26",
    "TensileForce": 0,
    "LockingForce": 0,
    "Details_DE": "<ul> <li>Bemessungsspannung: 24 V DC (19 V … 28 V)</li> <li>Abschaltstrom: ~1,0 A</li> <li>Bemessungsstrom: 0,6 A</li> <li>Bemessungsaufnahme: 15 W</li> <li>Schutzart: IP 32</li><li>Zug-/Schubkraft: max. 600 N</li> <li>Umgebungstemperatur: -5°C bis + 60°C</li> <li>Anschlussleitung: Halogenfrei, grau 3x 0,5mm², ~3m</li> <li>Laufzeit: ~ 5s</li><li>Hub: ~ 18mm</li> </ul>",
    "Details_EN": "<ul> <li>Rated voltage : 24 V DC (19 V … 28 V</li> <li>Breaking current : ~1,0 A</li> <li>Rated current : 0,6 A</li> <li>Rated consumption : 15 W</li> <li>Protection rating : IP 32</li><li>Traction/ thrust : max. 600 N</li> <li>Ambient temperature: -5°C bis + 60°C</li> <li>Connecting cable: halogen-free, grey 3 x 0,5mm², ~3m</li> <li>Running time: ~ 5s</li><li>Stroke: ~ 18mm</li> </ul>",
    "Einsatz": "<ul> <li>Anwendung: Lüftung, NRA</li><li>Integrierte intelligente Regelelektronik</li></ul>",
    "Use": "<ul> <li>Application: ventilation, natural smoke ventilation</li> <li>Integrated intelligent control electronics</li></ul>",
    "Ausstattung": "<ul><li>Laufrichtung einstellbar</li></ul>",
    "Equipment": "<ul><li>Running direction adjustable</li></ul>",
    "Optionen": "<ul> <li>Mitnehmer objekt-/profilspezifisch anpassbar</li></ul>",
    "Options": "<ul> <li>Coupling adapter customizable for project-/profile-specific demands</li></ul>",
    "IsTwoPce": false,
    "ResultVentWeight": 0,
    "IsLsRsDrive": true,
    "ArticleNumberRs": 291735,
    "TwoDrivesSideInstallation50": 0,
    "TwoDrivesSideInstallation60": 0,
    "TwoDrivesSideInstallation70": 0,
    "TwoDrivesSideInstallation80": 0,
    "OpeningSpeedmms": 0,
    "Traction": 0,
    "Thrust": 0,
    "Id": "69d8317e-493b-4010-8d9e-54168822bacf",
    "CreatedOn": "2024-09-26T13:55:26.817Z",
    "CreatedBy": "",
    "ModifiedOn": "2024-09-26T13:55:26.817Z",
    "ModifiedBy": ""
  }
]

12:36:48.265 [main] INFO  com.intuit.karate - Normalized Actual RecommDrive: Locking actuator EasyConnect, Locking actuator 600 
12:36:48.265 [main] INFO  com.intuit.karate - Normalized Expected RecommDrive: Locking actuator 600,Locking actuator EasyConnect 
12:36:48.292 [main] INFO  com.intuit.karate - All Drive IDs: [
  "f894c384-bd5f-4f1b-a446-f4a3afc8426e",
  "69d8317e-493b-4010-8d9e-54168822bacf"
]
 
12:36:48.292 [main] INFO  com.intuit.karate - First Drive ID: f894c384-bd5f-4f1b-a446-f4a3afc8426e 
12:36:48.308 [main] DEBUG com.intuit.karate - request:
3 > POST https://dev-drivetec-apis.schuecodigitalsolutions.com/api/Drives/DownloadPDFNew/Schuco
3 > Content-Type: application/json; charset=UTF-8
3 > Content-Length: 1194
3 > Host: dev-drivetec-apis.schuecodigitalsolutions.com
3 > Connection: Keep-Alive
3 > User-Agent: Apache-HttpClient/4.5.14 (Java/17.0.12)
3 > Accept-Encoding: gzip,deflate
[{"Id":"configId","Header":"configId","Value":"b823bca8-7a94-43a4-b200-bce6a15b9e6b"},{"Id":"driveId","Header":"driveId","Value":"f894c384-bd5f-4f1b-a446-f4a3afc8426e"},{"Id":"culture","Header":"culture","Value":"EN-US"},{"Id":"projectId","Header":"projectId","Value":"850527b7-e575-4484-889e-4fef54460326"},{"Id":"range-of-app","Header":"Range of application","Value":"Façade"},{"Id":"opening-type","Header":"Opening type","Value":"Bottom-hung vent"},{"Id":"opening-direction","Header":"Opening direction","Value":"Inward"},{"Id":"how-calc-weight","Header":"Vent weight","Value":"Weight including glass"},{"Id":"Chain-Length","Header":"Chain- \/ connecting rod handle","Value":"100%"},{"Id":"drive-position","Header":"Drive position","Value":"Side installation"},{"Id":"locking-mechanism","Header":"Locking mechanism","Value":"With"},{"Id":"voltage","Header":"Voltage","Value":"24 V"},{"Id":"drive-type","Header":"Drive type","Value":"Chain drive"},{"Id":"type-installation","Header":"Type of installation","Value":"Pivoting Outer Frame Installation"},{"Id":"calculation-type-for-ventilation-area","Header":"Calculation type for ventilation area","Value":"Method in accordance with ASR 3.6"}]

12:36:50.048 [main] DEBUG com.intuit.karate - response time in milliseconds: 1740
3 < 200
3 < Content-Type: application/json; charset=utf-8
3 < Date: Thu, 12 Dec 2024 07:06:44 GMT
3 < Server: Microsoft-IIS/10.0
3 < X-Powered-By: ASP.NET
3 < Content-Length: 285
3 < Connection: keep-alive
{
  "result": "https://drive-tec-dev.s3.amazonaws.com/AUT_TPJ383-Locking_actuator_EasyConnect.pdf?AWSAccessKeyId=AKIAZAWIART4ZFAXXPHK&Expires=1733990805&response-content-disposition=attachment%3B&response-content-type=application%2Fpdf&Signature=ppqaeGx%2BJn6sdL%2BkTEqQN0nWa1I%3D"
}

12:36:50.048 [main] INFO  com.intuit.karate - Download URL for first driveId: https://drive-tec-dev.s3.amazonaws.com/AUT_TPJ383-Locking_actuator_EasyConnect.pdf?AWSAccessKeyId=AKIAZAWIART4ZFAXXPHK&Expires=1733990805&response-content-disposition=attachment%3B&response-content-type=application%2Fpdf&Signature=ppqaeGx%2BJn6sdL%2BkTEqQN0nWa1I%3D 
12:36:50.063 [main] INFO  com.intuit.karate - karate.env system property was: null 
12:36:50.070 [main] INFO  com.intuit.karate - Running test for dataset:  Dataset3 
12:36:50.079 [main] INFO  com.intuit.karate - Using ProjectId:  {
  "result": {
    "projectId": "prjId"
  },
  "projectPayload": {
    "Id": "579816e4-6653-4794-b435-a885f32e28d7",
    "Name": "AUT_TPJ383",
    "Address": "Hyderabad, Telangana, India",
    "Description": "",
    "CreatedBy": "579816e4-6653-4794-b435-a885f32e28d7",
    "ModifiedBy": "579816e4-6653-4794-b435-a885f32e28d7"
  },
  "uniqueName": "AUT_TPJ383",
  "responseHeaders": {
    "Content-Type": [
      "application/json; charset=utf-8"
    ],
    "Date": [
      "Thu, 12 Dec 2024 07:06:36 GMT"
    ],
    "Server": [
      "Microsoft-IIS/10.0"
    ],
    "X-Powered-By": [
      "ASP.NET"
    ],
    "Content-Length": [
      "328"
    ],
    "Connection": [
      "keep-alive"
    ],
    "Set-Cookie": [
    ]
  },
  "responseTime": 1067,
  "response": {
    "Name": "AUT_TPJ383",
    "Description": "",
    "Address": "Hyderabad, Telangana, India",
    "Id": "850527b7-e575-4484-889e-4fef54460326",
    "CreatedOn": "2024-12-12T07:06:36.4815238+00:00",
    "CreatedBy": "579816e4-6653-4794-b435-a885f32e28d7",
    "ModifiedOn": "2024-12-12T07:06:36.4815246+00:00",
    "ModifiedBy": ""
  },
  "responseStatus": 200,
  "prjId": "850527b7-e575-4484-889e-4fef54460326",
  "projectId": "850527b7-e575-4484-889e-4fef54460326"
}
 
12:36:50.103 [main] DEBUG com.intuit.karate - request:
1 > POST https://dev-drivetec-apis.schuecodigitalsolutions.com/Configurations
1 > Content-Type: application/json; charset=UTF-8
1 > Content-Length: 1275
1 > Host: dev-drivetec-apis.schuecodigitalsolutions.com
1 > Connection: Keep-Alive
1 > User-Agent: Apache-HttpClient/4.5.14 (Java/17.0.12)
1 > Accept-Encoding: gzip,deflate
{"Id":"00000000-0000-0000-0000-000000000000","ProjectId":"850527b7-e575-4484-889e-4fef54460326","Name":"Dataset0080","Description":"Dataset0080","CustomTags":"","CreatedBy":"579816e4-6653-4794-b435-a885f32e28d7","ModifiedBy":"579816e4-6653-4794-b435-a885f32e28d7","ApplicationName":1,"System":"","FacadeInclination":0,"OpeningType":1,"OpeningDirection":1,"OpeningWidth":1000,"VentOuterWidth":1230,"VentOuterHeight":1480,"VentWeight":70,"CalculateWeightWithGlass":false,"WeightIncGlassOrThickness":false,"GlassThickness":14,"ProfileWeightPerSerialMeter":2.5,"IsWindowOpeningCalculationByAngle":1,"RequiredOpeningStroke":400,"OpeningAngle":15,"WindLoad":120,"SnowLoad":0,"DrivePosition":2,"InstallationPosition":1,"ChainLengthConnectingRodHandle":5,"LockingMechanism":1,"Voltage":1,"DriveType":1,"TypeOfInstallation":2,"CalculationTypeForVentilation":1,"CalcVentilation":1,"GeometricArea":1,"SpecificExhaustDimension":30,"BuildingDepth":75,"RevealDepth":0,"RevealDepthRectangleAngle1":0,"RevealDepthRectangleAngle2":0,"HeightOfProfile":0,"HeightProfileRectangleAngle1":0,"HeightProfileRectangleAngle2":0,"AkippOrAtilt":0,"AdrehOrAturn":0,"Ageo":0,"MinPullingForceMax":0,"MinPushingForceMax":0,"MinPullingForcePermanent":0,"MinPushingForcePermanent":0,"ForceWithNegativeWind":0}

12:36:50.740 [main] DEBUG com.intuit.karate - response time in milliseconds: 636
1 < 200
1 < Content-Type: application/json; charset=utf-8
1 < Date: Thu, 12 Dec 2024 07:06:44 GMT
1 < Server: Microsoft-IIS/10.0
1 < X-Powered-By: ASP.NET
1 < Content-Length: 2031
1 < Connection: keep-alive
{
  "ProjectId": "850527b7-e575-4484-889e-4fef54460326",
  "Name": "Dataset0080",
  "Description": "Dataset0080",
  "CustomTags": "",
  "ApplicationName": 1,
  "OpeningType": 1,
  "OpeningDirection": 1,
  "CalculateWeightWithGlass": false,
  "WindLoad": 120,
  "IsWindowOpeningCalculationByAngle": 1,
  "VentOuterWidth": 1230,
  "VentOuterHeight": 1480,
  "WeightIncGlassOrThickness": false,
  "VentWeight": 77,
  "VentWeightExact": 77.26400000000001,
  "GlassThickness": 14,
  "ProfileWeightPerSerialMeter": 2.5,
  "FacadeInclination": 0,
  "ChainLengthConnectingRodHandle": 5,
  "ChainLenghtConnectingRodHandle": 0,
  "RequiredOpeningStroke": 400,
  "OpeningWidth": 1000,
  "OpeningAngle": 15.532868337024489,
  "SpecificExhaustDimension": 30,
  "BuildingDepth": 75,
  "SnowLoad": 0,
  "DistanceHinge": 0,
  "RatedCurrent": 0,
  "DrivePosition": 2,
  "LockingMechanism": 1,
  "Voltage": 1,
  "DriveType": 1,
  "TypeOfInstallation": 2,
  "GeometricArea": 0,
  "CalculationTypeForVentilation": 1,
  "HeightOfProfile": 0,
  "Reveal": 0,
  "RevealDepth": 0,
  "HeightProfileRectangleAngle1": 0,
  "HeightProfileRectangleAngle2": 0,
  "RevealDepthRectangleAngle1": 0,
  "RevealDepthRectangleAngle2": 0,
  "RevealDepthRectangleAngle12": 0,
  "InstallationPosition": 0,
  "RecommendedDriveArticleNo": 0,
  "System": "",
  "AkippOrAtilt": 1.084,
  "AdrehOrAturn": 1.8204,
  "Ageo": 1.084,
  "MinPullingForceMax": -206.4868442161654,
  "MinPushingForceMax": -206.4868442161654,
  "MinPullingForcePermanent": -104.11163259218097,
  "MinPushingForcePermanent": -104.11163259218097,
  "ForceWithNegativeWind": 109.53156767199486,
  "ForceWithNoWindMin": 0.30763693489047433,
  "ForceWithNegativeWindMin": 0,
  "ForceWithWindMin": -108.91629380221393,
  "Id": "794d4c24-cd10-4fe8-a3e9-92c2c180c611",
  "CreatedOn": "2024-12-12T07:06:45.6226929+00:00",
  "CreatedBy": "579816e4-6653-4794-b435-a885f32e28d7",
  "ModifiedOn": "2024-12-12T07:06:45.622694+00:00",
  "ModifiedBy": ""
}

12:36:50.740 [main] INFO  com.intuit.karate - Generated Config ID: 794d4c24-cd10-4fe8-a3e9-92c2c180c611 
12:36:50.740 [main] INFO  com.intuit.karate - Generated Name: Dataset0080 
12:36:50.740 [main] INFO  com.intuit.karate - Generated Description: Dataset0080 
12:36:50.756 [main] DEBUG com.intuit.karate - request:
1 > PUT https://dev-drivetec-apis.schuecodigitalsolutions.com/Configurations
1 > Content-Type: application/json; charset=UTF-8
1 > Content-Length: 1294
1 > Host: dev-drivetec-apis.schuecodigitalsolutions.com
1 > Connection: Keep-Alive
1 > User-Agent: Apache-HttpClient/4.5.14 (Java/17.0.12)
1 > Accept-Encoding: gzip,deflate
{"Id":"794d4c24-cd10-4fe8-a3e9-92c2c180c611","Name":"Dataset3","Description":"Dataset0080","ProjectId":"850527b7-e575-4484-889e-4fef54460326","CustomTags":"","CreatedBy":"579816e4-6653-4794-b435-a885f32e28d7","ModifiedBy":"579816e4-6653-4794-b435-a885f32e28d7","System":"","FacadeInclination":0,"OpeningType":1,"OpeningDirection":1,"OpeningWidth":1000,"VentOuterWidth":1000,"VentOuterHeight":1500,"VentWeight":0,"CalculateWeightWithGlass":false,"RequiredOpeningStroke":747,"WindLoad":120,"SnowLoad":0,"IsWindowOpeningCalculationByAngle":1,"GlassThickness":50,"ProfileWeightPerSerialMeter":15,"DrivePosition":1,"InstallationPosition":0,"LockingMechanism":1,"Voltage":1,"DriveType":1,"TypeOfInstallation":2,"GeometricArea":0,"CalcVentilation":2,"SpecificExhaustDimension":45,"BuildingDepth":90,"CalculationTypeForVentilation":2,"HeightOfProfile":30,"HeightProfileRectangleAngle1":35,"HeightProfileRectangleAngle2":2,"RevealDepth":200,"RevealDepthRectangleAngle1":150,"RevealDepthRectangleAngle2":1000,"ChainLengthConnectingRodHandle":5,"ApplicationName":1,"OpeningAngle":28.83669047331989,"WeightIncGlassOrThickness":false,"AkippOrAtilt":0,"AdrehOrAturn":0,"Ageo":0,"MinPullingForceMax":0,"MinPushingForceMax":0,"MinPullingForcePermanent":0,"MinPushingForcePermanent":0,"ForceWithNegativeWind":0}

12:36:51.388 [main] DEBUG com.intuit.karate - response time in milliseconds: 632
1 < 200
1 < Content-Type: application/json; charset=utf-8
1 < Date: Thu, 12 Dec 2024 07:06:46 GMT
1 < Server: Microsoft-IIS/10.0
1 < X-Powered-By: ASP.NET
1 < transfer-encoding: chunked
1 < Connection: keep-alive
{
  "ProjectId": "850527b7-e575-4484-889e-4fef54460326",
  "Name": "Dataset3",
  "Description": "Dataset0080",
  "CustomTags": "",
  "ApplicationName": 1,
  "OpeningType": 1,
  "OpeningDirection": 1,
  "CalculateWeightWithGlass": false,
  "WindLoad": 120,
  "IsWindowOpeningCalculationByAngle": 1,
  "VentOuterWidth": 1000,
  "VentOuterHeight": 1500,
  "WeightIncGlassOrThickness": false,
  "VentWeight": 263,
  "VentWeightExact": 262.5,
  "GlassThickness": 50,
  "ProfileWeightPerSerialMeter": 15,
  "FacadeInclination": 0,
  "ChainLengthConnectingRodHandle": 5,
  "ChainLenghtConnectingRodHandle": 0,
  "RequiredOpeningStroke": 747,
  "OpeningWidth": 1000,
  "OpeningAngle": 28.83669047331989,
  "SpecificExhaustDimension": 45,
  "BuildingDepth": 90,
  "SnowLoad": 0,
  "DistanceHinge": 0,
  "RatedCurrent": 0,
  "DrivePosition": 1,
  "LockingMechanism": 1,
  "Voltage": 1,
  "DriveType": 1,
  "TypeOfInstallation": 2,
  "GeometricArea": 0,
  "CalculationTypeForVentilation": 2,
  "HeightOfProfile": 30,
  "Reveal": 0,
  "RevealDepth": 200,
  "HeightProfileRectangleAngle1": 35,
  "HeightProfileRectangleAngle2": 2,
  "RevealDepthRectangleAngle1": 150,
  "RevealDepthRectangleAngle2": 1000,
  "RevealDepthRectangleAngle12": 0,
  "InstallationPosition": 0,
  "RecommendedDriveArticleNo": 0,
  "System": "",
  "AkippOrAtilt": 1.8675,
  "AdrehOrAturn": 1.5,
  "Ageo": 0.5438978083248298,
  "MinPullingForceMax": -88.95476411990188,
  "MinPushingForceMax": -724.0514688010999,
  "MinPullingForcePermanent": -652.679442987619,
  "MinPushingForcePermanent": -652.679442987619,
  "ForceWithNegativeWind": -581.3074171741382,
  "ForceWithNoWindMin": 1.0451788078374082,
  "ForceWithNegativeWindMin": 91.04512173557669,
  "ForceWithWindMin": -88.95476411990188,
  "Id": "794d4c24-cd10-4fe8-a3e9-92c2c180c611",
  "CreatedOn": "0001-01-01T00:00:00",
  "CreatedBy": "579816e4-6653-4794-b435-a885f32e28d7",
  "ModifiedOn": "2024-12-12T07:06:46.2643279+00:00",
  "ModifiedBy": "579816e4-6653-4794-b435-a885f32e28d7"
}

12:36:51.388 [main] INFO  com.intuit.karate - VentWeight from API Response: 263 
12:36:51.388 [main] INFO  com.intuit.karate - Rounded Opening Angle: 29.0 
12:36:51.388 [main] INFO  com.intuit.karate - Rounded Ageo: 0.54 
12:36:51.388 [main] INFO  com.intuit.karate - Rounded Required Opening Stroke: 747.0 
12:36:51.388 [main] INFO  com.intuit.karate - Rounded Vent Weight: 263.0 
12:36:51.404 [main] ERROR com.intuit.karate - classpath:drivetecTestCases/features/UpdatePositions.feature:123
* if (ventWeight > 255) karate.fail('No recommended drives found! Calculation not possible because VentWeight is greater than 255.')
No recommended drives found! Calculation not possible because VentWeight is greater than 255.
classpath:drivetecTestCases/features/UpdatePositions.feature:123
---------------------------------------------------------
feature: classpath:drivetecTestCases/features/UpdatePositions.feature
scenarios:  3 | passed:  2 | failed:  1 | time: 11.0357
---------------------------------------------------------

12:36:54.436 [main] INFO  com.intuit.karate.Suite - <<fail>> feature 4 of 4 (0 remaining) classpath:drivetecTestCases/features/UpdatePositions.feature
Karate version: 1.5.0
======================================================
elapsed:  16.43 | threads:    1 | thread time: 11.04 
features:     1 | skipped:    3 | efficiency: 0.67
scenarios:    3 | passed:     2 | failed: 1
======================================================
>>> failed features:
No recommended drives found! Calculation not possible because VentWeight is greater than 255.
classpath:drivetecTestCases/features/UpdatePositions.feature:123
<<<

HTML report: (paste into browser to view) | Karate version: 1.5.0
file:///C:/Users/jagan/DrivetecAPIAutomation/drivetec/target/allure-results/karate-summary.html
===================================================================

12:36:55.558 [main] INFO  n.m.cucumber.ReportParser - File 'C:\Users\jagan\DrivetecAPIAutomation\drivetec\target\allure-results\drivetecTestCases.features.UpdatePositions.json' contains 1 feature(s)
]]></system-out>
  </testcase>
</testsuite>