<?xml version="1.0" encoding="UTF-8"?>
<testsuite xmlns:xsi="http://www.w3.org/2001/XMLSchema-instance" xsi:noNamespaceSchemaLocation="https://maven.apache.org/surefire/maven-surefire-plugin/xsd/surefire-test-report-3.0.xsd" version="3.0" name="drivetecTestCases.TestRunner" time="80.388" tests="1" errors="0" skipped="0" failures="1">
  <properties>
    <property name="java.specification.version" value="17"/>
    <property name="sun.cpu.isalist" value="amd64"/>
    <property name="sun.jnu.encoding" value="Cp1252"/>
    <property name="java.class.path" value="C:\Users\jagan\DrivetecAPIAutomation\drivetec\target\test-classes;C:\Users\jagan\DrivetecAPIAutomation\drivetec\target\classes;C:\Users\jagan\.m2\repository\net\masterthought\cucumber-reporting\5.8.2\cucumber-reporting-5.8.2.jar;C:\Users\jagan\.m2\repository\com\fasterxml\jackson\core\jackson-databind\2.17.0\jackson-databind-2.17.0.jar;C:\Users\jagan\.m2\repository\com\fasterxml\jackson\core\jackson-annotations\2.17.0\jackson-annotations-2.17.0.jar;C:\Users\jagan\.m2\repository\com\fasterxml\jackson\core\jackson-core\2.17.0\jackson-core-2.17.0.jar;C:\Users\jagan\.m2\repository\net\bytebuddy\byte-buddy\1.14.9\byte-buddy-1.14.9.jar;C:\Users\jagan\.m2\repository\com\fasterxml\jackson\datatype\jackson-datatype-jsr310\2.17.0\jackson-datatype-jsr310-2.17.0.jar;C:\Users\jagan\.m2\repository\org\apache\velocity\velocity-engine-core\2.3\velocity-engine-core-2.3.jar;C:\Users\jagan\.m2\repository\joda-time\joda-time\2.12.7\joda-time-2.12.7.jar;C:\Users\jagan\.m2\repository\org\apache\commons\commons-configuration2\2.10.1\commons-configuration2-2.10.1.jar;C:\Users\jagan\.m2\repository\org\apache\commons\commons-lang3\3.14.0\commons-lang3-3.14.0.jar;C:\Users\jagan\.m2\repository\commons-io\commons-io\2.16.1\commons-io-2.16.1.jar;C:\Users\jagan\.m2\repository\org\apache\commons\commons-text\1.11.0\commons-text-1.11.0.jar;C:\Users\jagan\.m2\repository\org\jsoup\jsoup\1.17.2\jsoup-1.17.2.jar;C:\Users\jagan\.m2\repository\com\googlecode\owasp-java-html-sanitizer\owasp-java-html-sanitizer\20240325.1\owasp-java-html-sanitizer-20240325.1.jar;C:\Users\jagan\.m2\repository\com\googlecode\owasp-java-html-sanitizer\java8-shim\20240325.1\java8-shim-20240325.1.jar;C:\Users\jagan\.m2\repository\com\googlecode\owasp-java-html-sanitizer\java10-shim\20240325.1\java10-shim-20240325.1.jar;C:\Users\jagan\.m2\repository\org\slf4j\slf4j-api\2.0.13\slf4j-api-2.0.13.jar;C:\Users\jagan\.m2\repository\org\slf4j\jcl-over-slf4j\2.0.13\jcl-over-slf4j-2.0.13.jar;C:\Users\jagan\.m2\repository\io\karatelabs\karate-junit5\1.5.0\karate-junit5-1.5.0.jar;C:\Users\jagan\.m2\repository\io\karatelabs\karate-core\1.5.0\karate-core-1.5.0.jar;C:\Users\jagan\.m2\repository\org\graalvm\js\js-scriptengine\24.0.0\js-scriptengine-24.0.0.jar;C:\Users\jagan\.m2\repository\org\graalvm\polyglot\polyglot\24.0.0\polyglot-24.0.0.jar;C:\Users\jagan\.m2\repository\org\graalvm\sdk\collections\24.0.0\collections-24.0.0.jar;C:\Users\jagan\.m2\repository\org\graalvm\sdk\nativeimage\24.0.0\nativeimage-24.0.0.jar;C:\Users\jagan\.m2\repository\org\graalvm\sdk\word\24.0.0\word-24.0.0.jar;C:\Users\jagan\.m2\repository\org\graalvm\js\js-language\24.0.0\js-language-24.0.0.jar;C:\Users\jagan\.m2\repository\org\graalvm\regex\regex\24.0.0\regex-24.0.0.jar;C:\Users\jagan\.m2\repository\org\graalvm\truffle\truffle-api\24.0.0\truffle-api-24.0.0.jar;C:\Users\jagan\.m2\repository\org\graalvm\shadowed\icu4j\24.0.0\icu4j-24.0.0.jar;C:\Users\jagan\.m2\repository\org\thymeleaf\thymeleaf\3.1.2.RELEASE\thymeleaf-3.1.2.RELEASE.jar;C:\Users\jagan\.m2\repository\ognl\ognl\3.3.4\ognl-3.3.4.jar;C:\Users\jagan\.m2\repository\org\javassist\javassist\3.29.0-GA\javassist-3.29.0-GA.jar;C:\Users\jagan\.m2\repository\org\attoparser\attoparser\2.0.7.RELEASE\attoparser-2.0.7.RELEASE.jar;C:\Users\jagan\.m2\repository\org\unbescape\unbescape\1.1.6.RELEASE\unbescape-1.1.6.RELEASE.jar;C:\Users\jagan\.m2\repository\com\linecorp\armeria\armeria\1.29.2\armeria-1.29.2.jar;C:\Users\jagan\.m2\repository\com\fasterxml\jackson\datatype\jackson-datatype-jdk8\2.17.1\jackson-datatype-jdk8-2.17.1.jar;C:\Users\jagan\.m2\repository\io\micrometer\micrometer-core\1.13.0\micrometer-core-1.13.0.jar;C:\Users\jagan\.m2\repository\io\micrometer\micrometer-commons\1.13.0\micrometer-commons-1.13.0.jar;C:\Users\jagan\.m2\repository\io\micrometer\micrometer-observation\1.13.0\micrometer-observation-1.13.0.jar;C:\Users\jagan\.m2\repository\org\hdrhistogram\HdrHistogram\2.2.1\HdrHistogram-2.2.1.jar;C:\Users\jagan\.m2\repository\org\latencyutils\LatencyUtils\2.0.3\LatencyUtils-2.0.3.jar;C:\Users\jagan\.m2\repository\io\netty\netty-transport\4.1.110.Final\netty-transport-4.1.110.Final.jar;C:\Users\jagan\.m2\repository\io\netty\netty-common\4.1.110.Final\netty-common-4.1.110.Final.jar;C:\Users\jagan\.m2\repository\io\netty\netty-buffer\4.1.110.Final\netty-buffer-4.1.110.Final.jar;C:\Users\jagan\.m2\repository\io\netty\netty-resolver\4.1.110.Final\netty-resolver-4.1.110.Final.jar;C:\Users\jagan\.m2\repository\io\netty\netty-codec-haproxy\4.1.110.Final\netty-codec-haproxy-4.1.110.Final.jar;C:\Users\jagan\.m2\repository\io\netty\netty-codec\4.1.110.Final\netty-codec-4.1.110.Final.jar;C:\Users\jagan\.m2\repository\io\netty\netty-codec-http2\4.1.110.Final\netty-codec-http2-4.1.110.Final.jar;C:\Users\jagan\.m2\repository\io\netty\netty-handler\4.1.110.Final\netty-handler-4.1.110.Final.jar;C:\Users\jagan\.m2\repository\io\netty\netty-codec-http\4.1.110.Final\netty-codec-http-4.1.110.Final.jar;C:\Users\jagan\.m2\repository\io\netty\netty-resolver-dns\4.1.110.Final\netty-resolver-dns-4.1.110.Final.jar;C:\Users\jagan\.m2\repository\io\netty\netty-codec-dns\4.1.110.Final\netty-codec-dns-4.1.110.Final.jar;C:\Users\jagan\.m2\repository\io\netty\netty-transport-native-unix-common\4.1.110.Final\netty-transport-native-unix-common-4.1.110.Final-linux-x86_64.jar;C:\Users\jagan\.m2\repository\io\netty\netty-transport-native-unix-common\4.1.110.Final\netty-transport-native-unix-common-4.1.110.Final-linux-aarch_64.jar;C:\Users\jagan\.m2\repository\io\netty\netty-transport-native-unix-common\4.1.110.Final\netty-transport-native-unix-common-4.1.110.Final-osx-x86_64.jar;C:\Users\jagan\.m2\repository\io\netty\netty-transport-native-unix-common\4.1.110.Final\netty-transport-native-unix-common-4.1.110.Final-osx-aarch_64.jar;C:\Users\jagan\.m2\repository\org\reactivestreams\reactive-streams\1.0.4\reactive-streams-1.0.4.jar;C:\Users\jagan\.m2\repository\com\google\code\findbugs\jsr305\3.0.2\jsr305-3.0.2.jar;C:\Users\jagan\.m2\repository\io\netty\netty-handler-proxy\4.1.110.Final\netty-handler-proxy-4.1.110.Final.jar;C:\Users\jagan\.m2\repository\io\netty\netty-codec-socks\4.1.110.Final\netty-codec-socks-4.1.110.Final.jar;C:\Users\jagan\.m2\repository\io\netty\netty-transport-native-epoll\4.1.110.Final\netty-transport-native-epoll-4.1.110.Final-linux-x86_64.jar;C:\Users\jagan\.m2\repository\io\netty\netty-transport-native-unix-common\4.1.110.Final\netty-transport-native-unix-common-4.1.110.Final.jar;C:\Users\jagan\.m2\repository\io\netty\netty-transport-classes-epoll\4.1.110.Final\netty-transport-classes-epoll-4.1.110.Final.jar;C:\Users\jagan\.m2\repository\io\netty\netty-transport-native-epoll\4.1.110.Final\netty-transport-native-epoll-4.1.110.Final-linux-aarch_64.jar;C:\Users\jagan\.m2\repository\io\netty\netty-transport-native-kqueue\4.1.110.Final\netty-transport-native-kqueue-4.1.110.Final-osx-x86_64.jar;C:\Users\jagan\.m2\repository\io\netty\netty-transport-classes-kqueue\4.1.110.Final\netty-transport-classes-kqueue-4.1.110.Final.jar;C:\Users\jagan\.m2\repository\io\netty\netty-resolver-dns-native-macos\4.1.110.Final\netty-resolver-dns-native-macos-4.1.110.Final-osx-x86_64.jar;C:\Users\jagan\.m2\repository\io\netty\netty-resolver-dns-classes-macos\4.1.110.Final\netty-resolver-dns-classes-macos-4.1.110.Final.jar;C:\Users\jagan\.m2\repository\io\netty\netty-transport-native-kqueue\4.1.110.Final\netty-transport-native-kqueue-4.1.110.Final-osx-aarch_64.jar;C:\Users\jagan\.m2\repository\io\netty\netty-resolver-dns-native-macos\4.1.110.Final\netty-resolver-dns-native-macos-4.1.110.Final-osx-aarch_64.jar;C:\Users\jagan\.m2\repository\io\netty\netty-tcnative-boringssl-static\2.0.65.Final\netty-tcnative-boringssl-static-2.0.65.Final-linux-x86_64.jar;C:\Users\jagan\.m2\repository\io\netty\netty-tcnative-classes\2.0.65.Final\netty-tcnative-classes-2.0.65.Final.jar;C:\Users\jagan\.m2\repository\io\netty\netty-tcnative-boringssl-static\2.0.65.Final\netty-tcnative-boringssl-static-2.0.65.Final-linux-aarch_64.jar;C:\Users\jagan\.m2\repository\io\netty\netty-tcnative-boringssl-static\2.0.65.Final\netty-tcnative-boringssl-static-2.0.65.Final-osx-x86_64.jar;C:\Users\jagan\.m2\repository\io\netty\netty-tcnative-boringssl-static\2.0.65.Final\netty-tcnative-boringssl-static-2.0.65.Final-osx-aarch_64.jar;C:\Users\jagan\.m2\repository\io\netty\netty-tcnative-boringssl-static\2.0.65.Final\netty-tcnative-boringssl-static-2.0.65.Final-windows-x86_64.jar;C:\Users\jagan\.m2\repository\com\aayushatharva\brotli4j\brotli4j\1.16.0\brotli4j-1.16.0.jar;C:\Users\jagan\.m2\repository\com\aayushatharva\brotli4j\service\1.16.0\service-1.16.0.jar;C:\Users\jagan\.m2\repository\com\aayushatharva\brotli4j\native-windows-x86_64\1.16.0\native-windows-x86_64-1.16.0.jar;C:\Users\jagan\.m2\repository\org\apache\httpcomponents\httpclient\4.5.14\httpclient-4.5.14.jar;C:\Users\jagan\.m2\repository\org\apache\httpcomponents\httpcore\4.4.16\httpcore-4.4.16.jar;C:\Users\jagan\.m2\repository\commons-codec\commons-codec\1.16.1\commons-codec-1.16.1.jar;C:\Users\jagan\.m2\repository\ch\qos\logback\logback-classic\1.5.4\logback-classic-1.5.4.jar;C:\Users\jagan\.m2\repository\ch\qos\logback\logback-core\1.5.4\logback-core-1.5.4.jar;C:\Users\jagan\.m2\repository\org\antlr\antlr4-runtime\4.13.1\antlr4-runtime-4.13.1.jar;C:\Users\jagan\.m2\repository\com\jayway\jsonpath\json-path\2.9.0\json-path-2.9.0.jar;C:\Users\jagan\.m2\repository\net\minidev\json-smart\2.5.1\json-smart-2.5.1.jar;C:\Users\jagan\.m2\repository\net\minidev\accessors-smart\2.5.1\accessors-smart-2.5.1.jar;C:\Users\jagan\.m2\repository\org\ow2\asm\asm\9.6\asm-9.6.jar;C:\Users\jagan\.m2\repository\org\yaml\snakeyaml\2.2\snakeyaml-2.2.jar;C:\Users\jagan\.m2\repository\de\siegmar\fastcsv\3.1.0\fastcsv-3.1.0.jar;C:\Users\jagan\.m2\repository\info\picocli\picocli\4.7.5\picocli-4.7.5.jar;C:\Users\jagan\.m2\repository\io\github\classgraph\classgraph\4.8.170\classgraph-4.8.170.jar;C:\Users\jagan\.m2\repository\io\github\t12y\resemble\1.1.0\resemble-1.1.0.jar;C:\Users\jagan\.m2\repository\io\github\t12y\ssim\1.0.0\ssim-1.0.0.jar;C:\Users\jagan\.m2\repository\org\junit\jupiter\junit-jupiter-api\5.10.2\junit-jupiter-api-5.10.2.jar;C:\Users\jagan\.m2\repository\org\opentest4j\opentest4j\1.3.0\opentest4j-1.3.0.jar;C:\Users\jagan\.m2\repository\org\junit\platform\junit-platform-commons\1.10.2\junit-platform-commons-1.10.2.jar;C:\Users\jagan\.m2\repository\org\apiguardian\apiguardian-api\1.1.2\apiguardian-api-1.1.2.jar;C:\Users\jagan\.m2\repository\org\junit\jupiter\junit-jupiter-engine\5.10.2\junit-jupiter-engine-5.10.2.jar;C:\Users\jagan\.m2\repository\org\junit\platform\junit-platform-engine\1.10.2\junit-platform-engine-1.10.2.jar;"/>
    <property name="java.vm.vendor" value="Oracle Corporation"/>
    <property name="sun.arch.data.model" value="64"/>
    <property name="user.variant" value=""/>
    <property name="java.vendor.url" value="https://java.oracle.com/"/>
    <property name="user.timezone" value="Asia/Calcutta"/>
    <property name="os.name" value="Windows 11"/>
    <property name="java.vm.specification.version" value="17"/>
    <property name="sun.java.launcher" value="SUN_STANDARD"/>
    <property name="user.country" value="IN"/>
    <property name="sun.boot.library.path" value="C:\Program Files\Java\jdk-17\bin"/>
    <property name="sun.java.command" value="C:\Users\jagan\AppData\Local\Temp\surefire14949870275037738634\surefirebooter-20241203130523366_3.jar C:\Users\jagan\AppData\Local\Temp\surefire14949870275037738634 2024-12-03T13-05-23_144-jvmRun1 surefire-20241203130523366_1tmp surefire_0-20241203130523366_2tmp"/>
    <property name="jdk.debug" value="release"/>
    <property name="surefire.test.class.path" value="C:\Users\jagan\DrivetecAPIAutomation\drivetec\target\test-classes;C:\Users\jagan\DrivetecAPIAutomation\drivetec\target\classes;C:\Users\jagan\.m2\repository\net\masterthought\cucumber-reporting\5.8.2\cucumber-reporting-5.8.2.jar;C:\Users\jagan\.m2\repository\com\fasterxml\jackson\core\jackson-databind\2.17.0\jackson-databind-2.17.0.jar;C:\Users\jagan\.m2\repository\com\fasterxml\jackson\core\jackson-annotations\2.17.0\jackson-annotations-2.17.0.jar;C:\Users\jagan\.m2\repository\com\fasterxml\jackson\core\jackson-core\2.17.0\jackson-core-2.17.0.jar;C:\Users\jagan\.m2\repository\net\bytebuddy\byte-buddy\1.14.9\byte-buddy-1.14.9.jar;C:\Users\jagan\.m2\repository\com\fasterxml\jackson\datatype\jackson-datatype-jsr310\2.17.0\jackson-datatype-jsr310-2.17.0.jar;C:\Users\jagan\.m2\repository\org\apache\velocity\velocity-engine-core\2.3\velocity-engine-core-2.3.jar;C:\Users\jagan\.m2\repository\joda-time\joda-time\2.12.7\joda-time-2.12.7.jar;C:\Users\jagan\.m2\repository\org\apache\commons\commons-configuration2\2.10.1\commons-configuration2-2.10.1.jar;C:\Users\jagan\.m2\repository\org\apache\commons\commons-lang3\3.14.0\commons-lang3-3.14.0.jar;C:\Users\jagan\.m2\repository\commons-io\commons-io\2.16.1\commons-io-2.16.1.jar;C:\Users\jagan\.m2\repository\org\apache\commons\commons-text\1.11.0\commons-text-1.11.0.jar;C:\Users\jagan\.m2\repository\org\jsoup\jsoup\1.17.2\jsoup-1.17.2.jar;C:\Users\jagan\.m2\repository\com\googlecode\owasp-java-html-sanitizer\owasp-java-html-sanitizer\20240325.1\owasp-java-html-sanitizer-20240325.1.jar;C:\Users\jagan\.m2\repository\com\googlecode\owasp-java-html-sanitizer\java8-shim\20240325.1\java8-shim-20240325.1.jar;C:\Users\jagan\.m2\repository\com\googlecode\owasp-java-html-sanitizer\java10-shim\20240325.1\java10-shim-20240325.1.jar;C:\Users\jagan\.m2\repository\org\slf4j\slf4j-api\2.0.13\slf4j-api-2.0.13.jar;C:\Users\jagan\.m2\repository\org\slf4j\jcl-over-slf4j\2.0.13\jcl-over-slf4j-2.0.13.jar;C:\Users\jagan\.m2\repository\io\karatelabs\karate-junit5\1.5.0\karate-junit5-1.5.0.jar;C:\Users\jagan\.m2\repository\io\karatelabs\karate-core\1.5.0\karate-core-1.5.0.jar;C:\Users\jagan\.m2\repository\org\graalvm\js\js-scriptengine\24.0.0\js-scriptengine-24.0.0.jar;C:\Users\jagan\.m2\repository\org\graalvm\polyglot\polyglot\24.0.0\polyglot-24.0.0.jar;C:\Users\jagan\.m2\repository\org\graalvm\sdk\collections\24.0.0\collections-24.0.0.jar;C:\Users\jagan\.m2\repository\org\graalvm\sdk\nativeimage\24.0.0\nativeimage-24.0.0.jar;C:\Users\jagan\.m2\repository\org\graalvm\sdk\word\24.0.0\word-24.0.0.jar;C:\Users\jagan\.m2\repository\org\graalvm\js\js-language\24.0.0\js-language-24.0.0.jar;C:\Users\jagan\.m2\repository\org\graalvm\regex\regex\24.0.0\regex-24.0.0.jar;C:\Users\jagan\.m2\repository\org\graalvm\truffle\truffle-api\24.0.0\truffle-api-24.0.0.jar;C:\Users\jagan\.m2\repository\org\graalvm\shadowed\icu4j\24.0.0\icu4j-24.0.0.jar;C:\Users\jagan\.m2\repository\org\thymeleaf\thymeleaf\3.1.2.RELEASE\thymeleaf-3.1.2.RELEASE.jar;C:\Users\jagan\.m2\repository\ognl\ognl\3.3.4\ognl-3.3.4.jar;C:\Users\jagan\.m2\repository\org\javassist\javassist\3.29.0-GA\javassist-3.29.0-GA.jar;C:\Users\jagan\.m2\repository\org\attoparser\attoparser\2.0.7.RELEASE\attoparser-2.0.7.RELEASE.jar;C:\Users\jagan\.m2\repository\org\unbescape\unbescape\1.1.6.RELEASE\unbescape-1.1.6.RELEASE.jar;C:\Users\jagan\.m2\repository\com\linecorp\armeria\armeria\1.29.2\armeria-1.29.2.jar;C:\Users\jagan\.m2\repository\com\fasterxml\jackson\datatype\jackson-datatype-jdk8\2.17.1\jackson-datatype-jdk8-2.17.1.jar;C:\Users\jagan\.m2\repository\io\micrometer\micrometer-core\1.13.0\micrometer-core-1.13.0.jar;C:\Users\jagan\.m2\repository\io\micrometer\micrometer-commons\1.13.0\micrometer-commons-1.13.0.jar;C:\Users\jagan\.m2\repository\io\micrometer\micrometer-observation\1.13.0\micrometer-observation-1.13.0.jar;C:\Users\jagan\.m2\repository\org\hdrhistogram\HdrHistogram\2.2.1\HdrHistogram-2.2.1.jar;C:\Users\jagan\.m2\repository\org\latencyutils\LatencyUtils\2.0.3\LatencyUtils-2.0.3.jar;C:\Users\jagan\.m2\repository\io\netty\netty-transport\4.1.110.Final\netty-transport-4.1.110.Final.jar;C:\Users\jagan\.m2\repository\io\netty\netty-common\4.1.110.Final\netty-common-4.1.110.Final.jar;C:\Users\jagan\.m2\repository\io\netty\netty-buffer\4.1.110.Final\netty-buffer-4.1.110.Final.jar;C:\Users\jagan\.m2\repository\io\netty\netty-resolver\4.1.110.Final\netty-resolver-4.1.110.Final.jar;C:\Users\jagan\.m2\repository\io\netty\netty-codec-haproxy\4.1.110.Final\netty-codec-haproxy-4.1.110.Final.jar;C:\Users\jagan\.m2\repository\io\netty\netty-codec\4.1.110.Final\netty-codec-4.1.110.Final.jar;C:\Users\jagan\.m2\repository\io\netty\netty-codec-http2\4.1.110.Final\netty-codec-http2-4.1.110.Final.jar;C:\Users\jagan\.m2\repository\io\netty\netty-handler\4.1.110.Final\netty-handler-4.1.110.Final.jar;C:\Users\jagan\.m2\repository\io\netty\netty-codec-http\4.1.110.Final\netty-codec-http-4.1.110.Final.jar;C:\Users\jagan\.m2\repository\io\netty\netty-resolver-dns\4.1.110.Final\netty-resolver-dns-4.1.110.Final.jar;C:\Users\jagan\.m2\repository\io\netty\netty-codec-dns\4.1.110.Final\netty-codec-dns-4.1.110.Final.jar;C:\Users\jagan\.m2\repository\io\netty\netty-transport-native-unix-common\4.1.110.Final\netty-transport-native-unix-common-4.1.110.Final-linux-x86_64.jar;C:\Users\jagan\.m2\repository\io\netty\netty-transport-native-unix-common\4.1.110.Final\netty-transport-native-unix-common-4.1.110.Final-linux-aarch_64.jar;C:\Users\jagan\.m2\repository\io\netty\netty-transport-native-unix-common\4.1.110.Final\netty-transport-native-unix-common-4.1.110.Final-osx-x86_64.jar;C:\Users\jagan\.m2\repository\io\netty\netty-transport-native-unix-common\4.1.110.Final\netty-transport-native-unix-common-4.1.110.Final-osx-aarch_64.jar;C:\Users\jagan\.m2\repository\org\reactivestreams\reactive-streams\1.0.4\reactive-streams-1.0.4.jar;C:\Users\jagan\.m2\repository\com\google\code\findbugs\jsr305\3.0.2\jsr305-3.0.2.jar;C:\Users\jagan\.m2\repository\io\netty\netty-handler-proxy\4.1.110.Final\netty-handler-proxy-4.1.110.Final.jar;C:\Users\jagan\.m2\repository\io\netty\netty-codec-socks\4.1.110.Final\netty-codec-socks-4.1.110.Final.jar;C:\Users\jagan\.m2\repository\io\netty\netty-transport-native-epoll\4.1.110.Final\netty-transport-native-epoll-4.1.110.Final-linux-x86_64.jar;C:\Users\jagan\.m2\repository\io\netty\netty-transport-native-unix-common\4.1.110.Final\netty-transport-native-unix-common-4.1.110.Final.jar;C:\Users\jagan\.m2\repository\io\netty\netty-transport-classes-epoll\4.1.110.Final\netty-transport-classes-epoll-4.1.110.Final.jar;C:\Users\jagan\.m2\repository\io\netty\netty-transport-native-epoll\4.1.110.Final\netty-transport-native-epoll-4.1.110.Final-linux-aarch_64.jar;C:\Users\jagan\.m2\repository\io\netty\netty-transport-native-kqueue\4.1.110.Final\netty-transport-native-kqueue-4.1.110.Final-osx-x86_64.jar;C:\Users\jagan\.m2\repository\io\netty\netty-transport-classes-kqueue\4.1.110.Final\netty-transport-classes-kqueue-4.1.110.Final.jar;C:\Users\jagan\.m2\repository\io\netty\netty-resolver-dns-native-macos\4.1.110.Final\netty-resolver-dns-native-macos-4.1.110.Final-osx-x86_64.jar;C:\Users\jagan\.m2\repository\io\netty\netty-resolver-dns-classes-macos\4.1.110.Final\netty-resolver-dns-classes-macos-4.1.110.Final.jar;C:\Users\jagan\.m2\repository\io\netty\netty-transport-native-kqueue\4.1.110.Final\netty-transport-native-kqueue-4.1.110.Final-osx-aarch_64.jar;C:\Users\jagan\.m2\repository\io\netty\netty-resolver-dns-native-macos\4.1.110.Final\netty-resolver-dns-native-macos-4.1.110.Final-osx-aarch_64.jar;C:\Users\jagan\.m2\repository\io\netty\netty-tcnative-boringssl-static\2.0.65.Final\netty-tcnative-boringssl-static-2.0.65.Final-linux-x86_64.jar;C:\Users\jagan\.m2\repository\io\netty\netty-tcnative-classes\2.0.65.Final\netty-tcnative-classes-2.0.65.Final.jar;C:\Users\jagan\.m2\repository\io\netty\netty-tcnative-boringssl-static\2.0.65.Final\netty-tcnative-boringssl-static-2.0.65.Final-linux-aarch_64.jar;C:\Users\jagan\.m2\repository\io\netty\netty-tcnative-boringssl-static\2.0.65.Final\netty-tcnative-boringssl-static-2.0.65.Final-osx-x86_64.jar;C:\Users\jagan\.m2\repository\io\netty\netty-tcnative-boringssl-static\2.0.65.Final\netty-tcnative-boringssl-static-2.0.65.Final-osx-aarch_64.jar;C:\Users\jagan\.m2\repository\io\netty\netty-tcnative-boringssl-static\2.0.65.Final\netty-tcnative-boringssl-static-2.0.65.Final-windows-x86_64.jar;C:\Users\jagan\.m2\repository\com\aayushatharva\brotli4j\brotli4j\1.16.0\brotli4j-1.16.0.jar;C:\Users\jagan\.m2\repository\com\aayushatharva\brotli4j\service\1.16.0\service-1.16.0.jar;C:\Users\jagan\.m2\repository\com\aayushatharva\brotli4j\native-windows-x86_64\1.16.0\native-windows-x86_64-1.16.0.jar;C:\Users\jagan\.m2\repository\org\apache\httpcomponents\httpclient\4.5.14\httpclient-4.5.14.jar;C:\Users\jagan\.m2\repository\org\apache\httpcomponents\httpcore\4.4.16\httpcore-4.4.16.jar;C:\Users\jagan\.m2\repository\commons-codec\commons-codec\1.16.1\commons-codec-1.16.1.jar;C:\Users\jagan\.m2\repository\ch\qos\logback\logback-classic\1.5.4\logback-classic-1.5.4.jar;C:\Users\jagan\.m2\repository\ch\qos\logback\logback-core\1.5.4\logback-core-1.5.4.jar;C:\Users\jagan\.m2\repository\org\antlr\antlr4-runtime\4.13.1\antlr4-runtime-4.13.1.jar;C:\Users\jagan\.m2\repository\com\jayway\jsonpath\json-path\2.9.0\json-path-2.9.0.jar;C:\Users\jagan\.m2\repository\net\minidev\json-smart\2.5.1\json-smart-2.5.1.jar;C:\Users\jagan\.m2\repository\net\minidev\accessors-smart\2.5.1\accessors-smart-2.5.1.jar;C:\Users\jagan\.m2\repository\org\ow2\asm\asm\9.6\asm-9.6.jar;C:\Users\jagan\.m2\repository\org\yaml\snakeyaml\2.2\snakeyaml-2.2.jar;C:\Users\jagan\.m2\repository\de\siegmar\fastcsv\3.1.0\fastcsv-3.1.0.jar;C:\Users\jagan\.m2\repository\info\picocli\picocli\4.7.5\picocli-4.7.5.jar;C:\Users\jagan\.m2\repository\io\github\classgraph\classgraph\4.8.170\classgraph-4.8.170.jar;C:\Users\jagan\.m2\repository\io\github\t12y\resemble\1.1.0\resemble-1.1.0.jar;C:\Users\jagan\.m2\repository\io\github\t12y\ssim\1.0.0\ssim-1.0.0.jar;C:\Users\jagan\.m2\repository\org\junit\jupiter\junit-jupiter-api\5.10.2\junit-jupiter-api-5.10.2.jar;C:\Users\jagan\.m2\repository\org\opentest4j\opentest4j\1.3.0\opentest4j-1.3.0.jar;C:\Users\jagan\.m2\repository\org\junit\platform\junit-platform-commons\1.10.2\junit-platform-commons-1.10.2.jar;C:\Users\jagan\.m2\repository\org\apiguardian\apiguardian-api\1.1.2\apiguardian-api-1.1.2.jar;C:\Users\jagan\.m2\repository\org\junit\jupiter\junit-jupiter-engine\5.10.2\junit-jupiter-engine-5.10.2.jar;C:\Users\jagan\.m2\repository\org\junit\platform\junit-platform-engine\1.10.2\junit-platform-engine-1.10.2.jar;"/>
    <property name="sun.cpu.endian" value="little"/>
    <property name="user.home" value="C:\Users\jagan"/>
    <property name="user.language" value="en"/>
    <property name="java.specification.vendor" value="Oracle Corporation"/>
    <property name="java.version.date" value="2024-07-16"/>
    <property name="java.home" value="C:\Program Files\Java\jdk-17"/>
    <property name="file.separator" value="\"/>
    <property name="basedir" value="C:\Users\jagan\DrivetecAPIAutomation\drivetec"/>
    <property name="java.vm.compressedOopsMode" value="32-bit"/>
    <property name="line.separator" value="&#10;"/>
    <property name="java.vm.specification.vendor" value="Oracle Corporation"/>
    <property name="java.specification.name" value="Java Platform API Specification"/>
    <property name="karate.options" value="--tags @drivetec"/>
    <property name="surefire.real.class.path" value="C:\Users\jagan\AppData\Local\Temp\surefire14949870275037738634\surefirebooter-20241203130523366_3.jar"/>
    <property name="user.script" value=""/>
    <property name="sun.management.compiler" value="HotSpot 64-Bit Tiered Compilers"/>
    <property name="java.runtime.version" value="17.0.12+8-LTS-286"/>
    <property name="user.name" value="jagan"/>
    <property name="path.separator" value=";"/>
    <property name="os.version" value="10.0"/>
    <property name="java.runtime.name" value="Java(TM) SE Runtime Environment"/>
    <property name="file.encoding" value="UTF-8"/>
    <property name="java.vm.name" value="Java HotSpot(TM) 64-Bit Server VM"/>
    <property name="localRepository" value="C:\Users\jagan\.m2\repository"/>
    <property name="java.vendor.url.bug" value="https://bugreport.java.com/bugreport/"/>
    <property name="java.io.tmpdir" value="C:\Users\jagan\AppData\Local\Temp\"/>
    <property name="java.version" value="17.0.12"/>
    <property name="user.dir" value="C:\Users\jagan\DrivetecAPIAutomation\drivetec"/>
    <property name="os.arch" value="amd64"/>
    <property name="java.vm.specification.name" value="Java Virtual Machine Specification"/>
    <property name="sun.os.patch.level" value=""/>
    <property name="native.encoding" value="Cp1252"/>
    <property name="java.library.path" value="C:\Program Files\Java\jdk-17\bin;C:\WINDOWS\Sun\Java\bin;C:\WINDOWS\system32;C:\WINDOWS;C:\Program Files\Common Files\Oracle\Java\javapath;C:\windows\system32;C:\windows;C:\windows\System32\Wbem;C:\windows\System32\WindowsPowerShell\v1.0\;C:\windows\System32\OpenSSH\;C:\Program Files (x86)\NVIDIA Corporation\PhysX\Common;C:\Program Files\NVIDIA Corporation\NVIDIA NvDLISR;C:\WINDOWS\system32;C:\WINDOWS;C:\WINDOWS\System32\Wbem;C:\WINDOWS\System32\WindowsPowerShell\v1.0\;C:\WINDOWS\System32\OpenSSH\;C:\Program Files\Java\jdk-17\bin;C:\Users\jagan\maven\apache-maven-3.9.8\bin;C:\Program Files\Git\cmd;C:\Program Files\dotnet\;C:\Program Files\GitHub CLI\;C:\Program Files\MySQL\MySQL Shell 8.0\bin\;C:\Users\jagan\AppData\Local\Microsoft\WindowsApps;C:\Users\jagan\AppData\Local\Programs\Microsoft VS Code\bin;."/>
    <property name="java.vm.info" value="mixed mode, sharing"/>
    <property name="java.vendor" value="Oracle Corporation"/>
    <property name="java.vm.version" value="17.0.12+8-LTS-286"/>
    <property name="sun.io.unicode.encoding" value="UnicodeLittle"/>
    <property name="java.class.version" value="61.0"/>
  </properties>
  <testcase name="testParallel" classname="drivetecTestCases.TestRunner" time="80.357">
    <failure message="did not evaluate to &apos;true&apos;: normalizedActualRecommDrive == normalizedExpectedRecommDrive&#10;classpath:drivetecTestCases/features/UpdatePositions.feature:144&#10;did not evaluate to &apos;true&apos;: normalizedActualRecommDrive == normalizedExpectedRecommDrive&#10;classpath:drivetecTestCases/features/UpdatePositions.feature:144 ==&gt; expected: &lt;true&gt; but was: &lt;false&gt;" type="org.opentest4j.AssertionFailedError"><![CDATA[org.opentest4j.AssertionFailedError: 
did not evaluate to 'true': normalizedActualRecommDrive == normalizedExpectedRecommDrive
classpath:drivetecTestCases/features/UpdatePositions.feature:144
did not evaluate to 'true': normalizedActualRecommDrive == normalizedExpectedRecommDrive
classpath:drivetecTestCases/features/UpdatePositions.feature:144 ==> expected: <true> but was: <false>
	at org.junit.jupiter.api.AssertionFailureBuilder.build(AssertionFailureBuilder.java:151)
	at org.junit.jupiter.api.AssertionFailureBuilder.buildAndThrow(AssertionFailureBuilder.java:132)
	at org.junit.jupiter.api.AssertTrue.failNotTrue(AssertTrue.java:63)
	at org.junit.jupiter.api.AssertTrue.assertTrue(AssertTrue.java:36)
	at org.junit.jupiter.api.Assertions.assertTrue(Assertions.java:214)
	at drivetecTestCases.TestRunner.testParallel(TestRunner.java:28)
	at java.base/java.lang.reflect.Method.invoke(Method.java:568)
	at java.base/java.util.ArrayList.forEach(ArrayList.java:1511)
	at java.base/java.util.ArrayList.forEach(ArrayList.java:1511)
]]></failure>
    <system-out><![CDATA[13:05:24.494 [main] INFO  com.intuit.karate.Runner - using system property 'karate.options': --tags @drivetec
13:05:25.189 [main] DEBUG com.intuit.karate.Suite - [config] classpath:karate-config.js
13:05:25.206 [main] INFO  com.intuit.karate.Suite - backed up existing 'target\karate-reports' dir to: target\karate-reports_1733211325189
13:05:25.208 [main] DEBUG com.intuit.karate.Suite - waiting for 4 features to complete
13:05:26.378 [main] INFO  com.intuit.karate - karate.env system property was: null 
13:05:26.598 [main] INFO  com.intuit.karate - Running test for dataset:  Dataset1 
13:05:26.645 [main] INFO  com.intuit.karate - >> lock acquired, begin callSingle: classpath:drivetecTestCases/features/CreateProject.feature
13:05:26.835 [main] DEBUG com.intuit.karate - request:
1 > POST https://dev-drivetec-apis.schuecodigitalsolutions.com/Projects
1 > Content-Type: application/json; charset=UTF-8
1 > Content-Length: 227
1 > Host: dev-drivetec-apis.schuecodigitalsolutions.com
1 > Connection: Keep-Alive
1 > User-Agent: Apache-HttpClient/4.5.14 (Java/17.0.12)
1 > Accept-Encoding: gzip,deflate
{"Id":"579816e4-6653-4794-b435-a885f32e28d7","Name":"AUT_TPJ26668","Address":"Hyderabad, Telangana, India","Description":"","CreatedBy":"579816e4-6653-4794-b435-a885f32e28d7","ModifiedBy":"579816e4-6653-4794-b435-a885f32e28d7"}

13:05:28.093 [main] DEBUG com.intuit.karate - response time in milliseconds: 1242
1 < 200
1 < Content-Type: application/json; charset=utf-8
1 < Date: Tue, 03 Dec 2024 07:35:27 GMT
1 < Server: Microsoft-IIS/10.0
1 < X-Powered-By: ASP.NET
1 < transfer-encoding: chunked
1 < Connection: keep-alive
{
  "Name": "AUT_TPJ26668",
  "Description": "",
  "Address": "Hyderabad, Telangana, India",
  "Id": "4bf1dfc8-fd6d-4d3a-9337-7ee7425ebbdf",
  "CreatedOn": "2024-12-03T07:35:27.7758566+00:00",
  "CreatedBy": "579816e4-6653-4794-b435-a885f32e28d7",
  "ModifiedOn": "2024-12-03T07:35:27.7759029+00:00",
  "ModifiedBy": ""
}

13:05:28.125 [main] INFO  com.intuit.karate - Generated Project Name: AUT_TPJ26668 
13:05:28.125 [main] INFO  com.intuit.karate - << lock released, cached callSingle: classpath:drivetecTestCases/features/CreateProject.feature
13:05:28.125 [main] INFO  com.intuit.karate - Using ProjectId:  {
  "result": {
    "projectId": "prjId"
  },
  "projectPayload": {
    "Id": "579816e4-6653-4794-b435-a885f32e28d7",
    "Name": "AUT_TPJ26668",
    "Address": "Hyderabad, Telangana, India",
    "Description": "",
    "CreatedBy": "579816e4-6653-4794-b435-a885f32e28d7",
    "ModifiedBy": "579816e4-6653-4794-b435-a885f32e28d7"
  },
  "uniqueName": "AUT_TPJ26668",
  "responseHeaders": {
    "Content-Type": [
      "application/json; charset=utf-8"
    ],
    "Date": [
      "Tue, 03 Dec 2024 07:35:27 GMT"
    ],
    "Server": [
      "Microsoft-IIS/10.0"
    ],
    "X-Powered-By": [
      "ASP.NET"
    ],
    "transfer-encoding": [
      "chunked"
    ],
    "Connection": [
      "keep-alive"
    ],
    "Set-Cookie": [
    ]
  },
  "responseTime": 1242,
  "response": {
    "Name": "AUT_TPJ26668",
    "Description": "",
    "Address": "Hyderabad, Telangana, India",
    "Id": "4bf1dfc8-fd6d-4d3a-9337-7ee7425ebbdf",
    "CreatedOn": "2024-12-03T07:35:27.7758566+00:00",
    "CreatedBy": "579816e4-6653-4794-b435-a885f32e28d7",
    "ModifiedOn": "2024-12-03T07:35:27.7759029+00:00",
    "ModifiedBy": ""
  },
  "responseStatus": 200,
  "prjId": "4bf1dfc8-fd6d-4d3a-9337-7ee7425ebbdf",
  "projectId": "4bf1dfc8-fd6d-4d3a-9337-7ee7425ebbdf"
}
 
13:05:28.142 [main] DEBUG com.intuit.karate - request:
1 > POST https://dev-drivetec-apis.schuecodigitalsolutions.com/Configurations
1 > Content-Type: application/json; charset=UTF-8
1 > Content-Length: 1275
1 > Host: dev-drivetec-apis.schuecodigitalsolutions.com
1 > Connection: Keep-Alive
1 > User-Agent: Apache-HttpClient/4.5.14 (Java/17.0.12)
1 > Accept-Encoding: gzip,deflate
{"Id":"00000000-0000-0000-0000-000000000000","ProjectId":"4bf1dfc8-fd6d-4d3a-9337-7ee7425ebbdf","Name":"Dataset8126","Description":"Dataset8126","CustomTags":"","CreatedBy":"579816e4-6653-4794-b435-a885f32e28d7","ModifiedBy":"579816e4-6653-4794-b435-a885f32e28d7","ApplicationName":1,"System":"","FacadeInclination":0,"OpeningType":1,"OpeningDirection":1,"OpeningWidth":1000,"VentOuterWidth":1230,"VentOuterHeight":1480,"VentWeight":70,"CalculateWeightWithGlass":false,"WeightIncGlassOrThickness":false,"GlassThickness":14,"ProfileWeightPerSerialMeter":2.5,"IsWindowOpeningCalculationByAngle":1,"RequiredOpeningStroke":400,"OpeningAngle":15,"WindLoad":120,"SnowLoad":0,"DrivePosition":2,"InstallationPosition":1,"ChainLengthConnectingRodHandle":5,"LockingMechanism":1,"Voltage":1,"DriveType":1,"TypeOfInstallation":2,"CalculationTypeForVentilation":1,"CalcVentilation":1,"GeometricArea":1,"SpecificExhaustDimension":30,"BuildingDepth":75,"RevealDepth":0,"RevealDepthRectangleAngle1":0,"RevealDepthRectangleAngle2":0,"HeightOfProfile":0,"HeightProfileRectangleAngle1":0,"HeightProfileRectangleAngle2":0,"AkippOrAtilt":0,"AdrehOrAturn":0,"Ageo":0,"MinPullingForceMax":0,"MinPushingForceMax":0,"MinPullingForcePermanent":0,"MinPushingForcePermanent":0,"ForceWithNegativeWind":0}

13:05:29.194 [main] DEBUG com.intuit.karate - response time in milliseconds: 1052
1 < 200
1 < Content-Type: application/json; charset=utf-8
1 < Date: Tue, 03 Dec 2024 07:35:29 GMT
1 < Server: Microsoft-IIS/10.0
1 < X-Powered-By: ASP.NET
1 < Content-Length: 2032
1 < Connection: keep-alive
{
  "ProjectId": "4bf1dfc8-fd6d-4d3a-9337-7ee7425ebbdf",
  "Name": "Dataset8126",
  "Description": "Dataset8126",
  "CustomTags": "",
  "ApplicationName": 1,
  "OpeningType": 1,
  "OpeningDirection": 1,
  "CalculateWeightWithGlass": false,
  "WindLoad": 120,
  "IsWindowOpeningCalculationByAngle": 1,
  "VentOuterWidth": 1230,
  "VentOuterHeight": 1480,
  "WeightIncGlassOrThickness": false,
  "VentWeight": 77,
  "VentWeightExact": 77.26400000000001,
  "GlassThickness": 14,
  "ProfileWeightPerSerialMeter": 2.5,
  "FacadeInclination": 0,
  "ChainLengthConnectingRodHandle": 5,
  "ChainLenghtConnectingRodHandle": 0,
  "RequiredOpeningStroke": 400,
  "OpeningWidth": 1000,
  "OpeningAngle": 15.532868337024489,
  "SpecificExhaustDimension": 30,
  "BuildingDepth": 75,
  "SnowLoad": 0,
  "DistanceHinge": 0,
  "RatedCurrent": 0,
  "DrivePosition": 2,
  "LockingMechanism": 1,
  "Voltage": 1,
  "DriveType": 1,
  "TypeOfInstallation": 2,
  "GeometricArea": 0,
  "CalculationTypeForVentilation": 1,
  "HeightOfProfile": 0,
  "Reveal": 0,
  "RevealDepth": 0,
  "HeightProfileRectangleAngle1": 0,
  "HeightProfileRectangleAngle2": 0,
  "RevealDepthRectangleAngle1": 0,
  "RevealDepthRectangleAngle2": 0,
  "RevealDepthRectangleAngle12": 0,
  "InstallationPosition": 0,
  "RecommendedDriveArticleNo": 0,
  "System": "",
  "AkippOrAtilt": 1.084,
  "AdrehOrAturn": 1.8204,
  "Ageo": 1.084,
  "MinPullingForceMax": -206.4868442161654,
  "MinPushingForceMax": -206.4868442161654,
  "MinPullingForcePermanent": -104.11163259218097,
  "MinPushingForcePermanent": -104.11163259218097,
  "ForceWithNegativeWind": 109.53156767199486,
  "ForceWithNoWindMin": 0.30763693489047433,
  "ForceWithNegativeWindMin": 0,
  "ForceWithWindMin": -108.91629380221393,
  "Id": "defee312-09d5-467c-9c18-fe896a9121ba",
  "CreatedOn": "2024-12-03T07:35:28.9684644+00:00",
  "CreatedBy": "579816e4-6653-4794-b435-a885f32e28d7",
  "ModifiedOn": "2024-12-03T07:35:28.9684675+00:00",
  "ModifiedBy": ""
}

13:05:29.194 [main] INFO  com.intuit.karate - Generated Config ID: defee312-09d5-467c-9c18-fe896a9121ba 
13:05:29.194 [main] INFO  com.intuit.karate - Generated Name: Dataset8126 
13:05:29.194 [main] INFO  com.intuit.karate - Generated Description: Dataset8126 
13:05:29.234 [main] DEBUG com.intuit.karate - request:
1 > PUT https://dev-drivetec-apis.schuecodigitalsolutions.com/Configurations
1 > Content-Type: application/json; charset=UTF-8
1 > Content-Length: 1280
1 > Host: dev-drivetec-apis.schuecodigitalsolutions.com
1 > Connection: Keep-Alive
1 > User-Agent: Apache-HttpClient/4.5.14 (Java/17.0.12)
1 > Accept-Encoding: gzip,deflate
{"Id":"defee312-09d5-467c-9c18-fe896a9121ba","Name":"Dataset1","Description":"Dataset8126","ProjectId":"4bf1dfc8-fd6d-4d3a-9337-7ee7425ebbdf","CustomTags":"","CreatedBy":"579816e4-6653-4794-b435-a885f32e28d7","ModifiedBy":"579816e4-6653-4794-b435-a885f32e28d7","System":"","FacadeInclination":0,"OpeningType":1,"OpeningDirection":1,"OpeningWidth":1000,"VentOuterWidth":1000,"VentOuterHeight":1500,"VentWeight":0,"CalculateWeightWithGlass":false,"RequiredOpeningStroke":747,"WindLoad":120,"SnowLoad":0,"IsWindowOpeningCalculationByAngle":1,"GlassThickness":14,"ProfileWeightPerSerialMeter":2.5,"DrivePosition":1,"InstallationPosition":0,"LockingMechanism":1,"Voltage":1,"DriveType":1,"TypeOfInstallation":2,"GeometricArea":0,"CalcVentilation":2,"SpecificExhaustDimension":45,"BuildingDepth":90,"CalculationTypeForVentilation":2,"HeightOfProfile":30,"HeightProfileRectangleAngle1":35,"HeightProfileRectangleAngle2":2,"RevealDepth":200,"RevealDepthRectangleAngle1":150,"RevealDepthRectangleAngle2":1000,"ChainLengthConnectingRodHandle":5,"ApplicationName":1,"OpeningAngle":15,"WeightIncGlassOrThickness":false,"AkippOrAtilt":0,"AdrehOrAturn":0,"Ageo":0,"MinPullingForceMax":0,"MinPushingForceMax":0,"MinPullingForcePermanent":0,"MinPushingForcePermanent":0,"ForceWithNegativeWind":0}

13:05:29.967 [main] DEBUG com.intuit.karate - response time in milliseconds: 733
1 < 200
1 < Content-Type: application/json; charset=utf-8
1 < Date: Tue, 03 Dec 2024 07:35:29 GMT
1 < Server: Microsoft-IIS/10.0
1 < X-Powered-By: ASP.NET
1 < transfer-encoding: chunked
1 < Connection: keep-alive
{
  "ProjectId": "4bf1dfc8-fd6d-4d3a-9337-7ee7425ebbdf",
  "Name": "Dataset1",
  "Description": "Dataset8126",
  "CustomTags": "",
  "ApplicationName": 1,
  "OpeningType": 1,
  "OpeningDirection": 1,
  "CalculateWeightWithGlass": false,
  "WindLoad": 120,
  "IsWindowOpeningCalculationByAngle": 1,
  "VentOuterWidth": 1000,
  "VentOuterHeight": 1500,
  "WeightIncGlassOrThickness": false,
  "VentWeight": 65,
  "VentWeightExact": 65,
  "GlassThickness": 14,
  "ProfileWeightPerSerialMeter": 2.5,
  "FacadeInclination": 0,
  "ChainLengthConnectingRodHandle": 5,
  "ChainLenghtConnectingRodHandle": 0,
  "RequiredOpeningStroke": 747,
  "OpeningWidth": 1000,
  "OpeningAngle": 28.83669047331989,
  "SpecificExhaustDimension": 45,
  "BuildingDepth": 90,
  "SnowLoad": 0,
  "DistanceHinge": 0,
  "RatedCurrent": 0,
  "DrivePosition": 1,
  "LockingMechanism": 1,
  "Voltage": 1,
  "DriveType": 1,
  "TypeOfInstallation": 2,
  "GeometricArea": 0,
  "CalculationTypeForVentilation": 2,
  "HeightOfProfile": 30,
  "Reveal": 0,
  "RevealDepth": 200,
  "HeightProfileRectangleAngle1": 35,
  "HeightProfileRectangleAngle2": 2,
  "RevealDepthRectangleAngle1": 150,
  "RevealDepthRectangleAngle2": 1000,
  "RevealDepthRectangleAngle12": 0,
  "InstallationPosition": 0,
  "RecommendedDriveArticleNo": 0,
  "System": "",
  "AkippOrAtilt": 1.8675,
  "AdrehOrAturn": 1.5,
  "Ageo": 0.5438978083248298,
  "MinPullingForceMax": -89.74113674675097,
  "MinPushingForceMax": -232.98788788660553,
  "MinPullingForcePermanent": -161.6158620731247,
  "MinPushingForcePermanent": -161.6158620731247,
  "ForceWithNegativeWind": 90.2587491087276,
  "ForceWithNoWindMin": 0.2588061809883106,
  "ForceWithNegativeWindMin": -90.24383625964387,
  "ForceWithWindMin": -89.74113674675097,
  "Id": "defee312-09d5-467c-9c18-fe896a9121ba",
  "CreatedOn": "0001-01-01T00:00:00",
  "CreatedBy": "579816e4-6653-4794-b435-a885f32e28d7",
  "ModifiedOn": "2024-12-03T07:35:29.8397305+00:00",
  "ModifiedBy": "579816e4-6653-4794-b435-a885f32e28d7"
}

13:05:30.030 [main] INFO  com.intuit.karate - Rounded Opening Angle: 29.0 
13:05:30.030 [main] INFO  com.intuit.karate - Rounded Ageo: 0.54 
13:05:30.030 [main] INFO  com.intuit.karate - Rounded Required Opening Stroke: 747.0 
13:05:30.030 [main] INFO  com.intuit.karate - Rounded Vent Weight: 65.0 
13:05:30.030 [main] DEBUG com.intuit.karate - request:
2 > GET https://dev-drivetec-apis.schuecodigitalsolutions.com/Config/defee312-09d5-467c-9c18-fe896a9121ba/Drive
2 > Host: dev-drivetec-apis.schuecodigitalsolutions.com
2 > Connection: Keep-Alive
2 > User-Agent: Apache-HttpClient/4.5.14 (Java/17.0.12)
2 > Accept-Encoding: gzip,deflate


13:05:31.258 [main] DEBUG com.intuit.karate - response time in milliseconds: 1212
2 < 200
2 < Content-Type: application/json; charset=utf-8
2 < Date: Tue, 03 Dec 2024 07:35:31 GMT
2 < Server: Microsoft-IIS/10.0
2 < X-Powered-By: ASP.NET
2 < transfer-encoding: chunked
2 < Connection: keep-alive
[
  {
    "Name": "Chain actuator D2 L800",
    "Bezeichnung": "Kettenantrieb D2 L800",
    "ConfigurationId": "00000000-0000-0000-0000-000000000000",
    "Description": "",
    "Application": "Facade",
    "ApplicationFacade": true,
    "ApplicationSkylight": false,
    "Type": 1,
    "OpeningType": 0,
    "BottomHungInward": true,
    "BottomHungOutward": false,
    "SideHungInward": true,
    "SideHungOutward": false,
    "TopHungInward": false,
    "TopHungOutward": true,
    "ProjectedTopHungInward": false,
    "ProjectedTopHungOutward": false,
    "InstallationType": "",
    "ITMainOutFrmMountWBracket": true,
    "ITMainFixOutFrmMount": true,
    "ITMainVentFrmMount": true,
    "ITSideMount50": false,
    "ITSideMount60": false,
    "ITSideMount70": false,
    "ITSideMount80": false,
    "ITSideMount67": true,
    "Feature": "",
    "FeatureOpenClose": true,
    "FeatureLock": true,
    "ArticleNumber": 291758,
    "Stroke": 800,
    "Angle": 0,
    "Voltage": "24 V DC",
    "Voltage24": true,
    "Voltage230": false,
    "RatedCurrent": 1,
    "BreakingCurrent": 1,
    "PullingForceMax": 250,
    "PushingForceMax": 50,
    "PullingForceMaxWithNegativeWind": 0,
    "PushingForceMaxWithNegativeWind": 0,
    "PushingForcePermanent": 0,
    "PullingForcePermanent": 250,
    "MinPullingForceMax": -232.99,
    "MinPushingForceMax": 0,
    "MinPullingForcePermanent": -161.62,
    "MinPushingForcePermanent": 0,
    "Price": 283.33,
    "DriveLength": 625,
    "ChainDrive": 725,
    "ChainDrive2": 1410,
    "MaxLengthMainClosingEdge1Drive": 1650,
    "MaxGeometricArea": 1,
    "GeometricalSmokeExhaustion": 0,
    "TotalGlassThickness": 14,
    "Dimensions": 0,
    "DimensionsWxHxD": "625 x 26 x 41",
    "TensileForce": 0,
    "LockingForce": 0,
    "Details_DE": "<ul><li>Bemessungsspannung: 24 V DC (19 V … 28 V)</li><li>Abschaltstrom: 1,0 A</li><li>Bemessungsstrom: 0,7 A</li><li>Bemessungsaufnahme: 17 W</li><li>Schutzart: IP 32</li><li>Zug-/Schubkraft: max. 250 N</li><li>Umgebungstemperatur: -5°C bis + 60°C</li><li>Anschlussleitung: Halogenfrei, grau 3 x 0,5 mm², ~3 m</li><li>Max. Geschwindigkeit: 13,5 mm/s</li></ul>",
    "Details_EN": "<ul><li>Rated voltage: 24 V DC (19 V … 28 V)</li><li>Breaking current: 1.0 A</li><li>Rated current: 0.7 A</li><li>Rated consumption: 17 W</li><li>Protection rating: IP 32</li><li>Traction/ thrust: max. 250 N</li><li>Ambient temperature: -5°C bis + 60°C</li><li>Connecting cable: halogen-free, grey 3 x 0.5 mm², ~3 m</li><li>Max. speed: 13.5 mm/s</li></ul>",
    "Einsatz": "<ul> <li>Anwendung: Lüftung, NRA</li> <li>Integrierte intelligente Regelelektronik</li> <li>Rückmeldung Endlage „ZU“ (max. 24 V, 500 mA)</li> </ul>",
    "Use": "<ul> <li>Application: ventilation, natural smoke ventilation</li> <li>Integrated, intelligent control electronics</li> <li>Response for “CLOSED” end position (max. 24 V, 500 mA)</li> </ul>",
    "Ausstattung": null,
    "Equipment": null,
    "Optionen": "<ul> <li>Programmierung von Sonderfunktionen</li> <li>Programmierbare Rückmeldung Endlage „AUF“ (max. 24 V, 500 mA)</li> <li>Schüco Kontroller zur automatischen Konfiguration von Synchronlauf und Folgesteuerungen mit Verriegelungsantrieben in Antriebs-Verbundsystemen</li> </ul>",
    "Options": "<ul> <li>Programming of special functions</li> <li>Programmable response for “OPEN” end position (max. 24 V, 500 mA)</li> <li>Schüco controller for automatic configuration of synchronous running and sequence control with locking drives in composite drive systems</li></ul>",
    "IsTwoPce": false,
    "ResultVentWeight": 65,
    "IsLsRsDrive": true,
    "ArticleNumberRs": 291759,
    "TwoDrivesSideInstallation50": 0,
    "TwoDrivesSideInstallation60": 0,
    "TwoDrivesSideInstallation70": 0,
    "TwoDrivesSideInstallation80": 0,
    "OpeningSpeedmms": 0,
    "Traction": 250,
    "Thrust": 100,
    "Id": "8e41b236-ddae-4821-9147-db4ac85f1b97",
    "CreatedOn": "2024-09-26T13:55:26.817Z",
    "CreatedBy": "",
    "ModifiedOn": "2024-09-26T13:55:26.817Z",
    "ModifiedBy": ""
  },
  {
    "Name": "Chain actuator D4 800",
    "Bezeichnung": "Kettenantrieb D4 800",
    "ConfigurationId": "00000000-0000-0000-0000-000000000000",
    "Description": "",
    "Application": "Facade",
    "ApplicationFacade": true,
    "ApplicationSkylight": false,
    "Type": 1,
    "OpeningType": 0,
    "BottomHungInward": true,
    "BottomHungOutward": false,
    "SideHungInward": true,
    "SideHungOutward": false,
    "TopHungInward": false,
    "TopHungOutward": true,
    "ProjectedTopHungInward": false,
    "ProjectedTopHungOutward": false,
    "InstallationType": "",
    "ITMainOutFrmMountWBracket": true,
    "ITMainFixOutFrmMount": true,
    "ITMainVentFrmMount": true,
    "ITSideMount50": false,
    "ITSideMount60": false,
    "ITSideMount70": false,
    "ITSideMount80": false,
    "ITSideMount67": true,
    "Feature": "",
    "FeatureOpenClose": true,
    "FeatureLock": true,
    "ArticleNumber": 291710,
    "Stroke": 800,
    "Angle": 0,
    "Voltage": "24 V DC",
    "Voltage24": true,
    "Voltage230": false,
    "RatedCurrent": 1,
    "BreakingCurrent": 1,
    "PullingForceMax": 400,
    "PushingForceMax": 50,
    "PullingForceMaxWithNegativeWind": 0,
    "PushingForceMaxWithNegativeWind": 0,
    "PushingForcePermanent": 0,
    "PullingForcePermanent": 400,
    "MinPullingForceMax": -232.99,
    "MinPushingForceMax": 0,
    "MinPullingForcePermanent": -161.62,
    "MinPushingForcePermanent": 0,
    "Price": 299.21,
    "DriveLength": 755,
    "ChainDrive": 855,
    "ChainDrive2": 1670,
    "MaxLengthMainClosingEdge1Drive": 1850,
    "MaxGeometricArea": 1,
    "GeometricalSmokeExhaustion": 0,
    "TotalGlassThickness": 14,
    "Dimensions": 0,
    "DimensionsWxHxD": "755 x 24 x 35",
    "TensileForce": 0,
    "LockingForce": 0,
    "Details_DE": "<ul><li>Bemessungsspannung: 24 V DC (19 V … 28 V)</li> <li>Abschaltstrom: 1,2 A</li> <li>Bemessungsstrom: 0,9 A</li> <li>Bemessungsaufnahme: 22 W</li> <li>Schutzart: IP 32</li> <li>Zug-/Schubkraft: max. 400 N</li> <li>Umgebungstemperatur: -5°C bis + 60°C</li> <li>Anschlussleitung: Halogenfrei, grau 5 x 0,5mm², ~3m</li> <li>Max. Geschwindigkeit: 13,5 mm/s</li></ul>",
    "Details_EN": "<ul><li>Rated voltage: 24 V DC (19 V … 28 V)</li> <li>Breaking current: 1.2 A</li><li>Rated current: 0.9 A</li><li>Rated consumption: 22 W</li><li>Protection rating: IP 32</li><li>Traction/ thrust: max. 400 N</li><li>Ambient temperature: -5° C to +60° C</li><li>Connecting cable: halogen-free, grey, 5 x 0.5 mm², ~ 3 m</li><li>Max. speed: 13,5 mm/s </li></ul>",
    "Einsatz": "<ul><li>Anwendung: Lüftung, NRA</li> <li>Integrierte intelligente Regelelektronik</li> <li>Rückmeldung Endlage „ZU“ (max. 24 V, 500 mA)</li> </ul>",
    "Use": "<ul><li>Application: ventilation, natural smoke ventilation</li> <li>Integrated intelligent control electronics</li> <li>Response for “CLOSED” end position (max. 24 V, 500 mA)</li> </ul>",
    "Ausstattung": "<ul><li>Zusätzlicher Universal-Steckersatz für Mehrfachbetrieb bis zu 4 Antrieben und 2 Verriegelungsantrieben</li></ul>",
    "Equipment": "<ul><li>Additional universal plug socket for multiplex operation of up to 4 drives and 2 interlocking drives</li></ul>",
    "Optionen": "<ul><li>Programmierung von Sonderfunktionen</li> <li>Programmierbare Rückmeldung Endlage „AUF“ (max. 24 V, 500 mA)</li> <li>Schüco Kontroller zur automatischen Konfiguration von Synchronlauf und Folgesteuerungen mit Verriegelungsantrieben in Antriebs-Verbundsystemen</li> </ul>",
    "Options": "<ul><li>Programming of special functions</li> <li>Programmable response for “OPEN” end position (max. 24 V, 500 mA)</li> <li>Schüco controller for automatic configuration of synchronous running and sequence control with locking drives in composite drive systems</li> </ul>",
    "IsTwoPce": false,
    "ResultVentWeight": 65,
    "IsLsRsDrive": true,
    "ArticleNumberRs": 291709,
    "TwoDrivesSideInstallation50": 0,
    "TwoDrivesSideInstallation60": 0,
    "TwoDrivesSideInstallation70": 0,
    "TwoDrivesSideInstallation80": 0,
    "OpeningSpeedmms": 0,
    "Traction": 400,
    "Thrust": 50,
    "Id": "3e2dcb1b-8df9-4eab-b237-548b0481a20b",
    "CreatedOn": "2024-09-26T13:55:26.817Z",
    "CreatedBy": "",
    "ModifiedOn": "2024-09-26T13:55:26.817Z",
    "ModifiedBy": ""
  },
  {
    "Name": "Chain actuator D6 800",
    "Bezeichnung": "Kettenantrieb D6 800",
    "ConfigurationId": "00000000-0000-0000-0000-000000000000",
    "Description": "",
    "Application": "Facade",
    "ApplicationFacade": true,
    "ApplicationSkylight": true,
    "Type": 1,
    "OpeningType": 0,
    "BottomHungInward": true,
    "BottomHungOutward": true,
    "SideHungInward": true,
    "SideHungOutward": true,
    "TopHungInward": false,
    "TopHungOutward": true,
    "ProjectedTopHungInward": false,
    "ProjectedTopHungOutward": false,
    "InstallationType": "",
    "ITMainOutFrmMountWBracket": true,
    "ITMainFixOutFrmMount": false,
    "ITMainVentFrmMount": true,
    "ITSideMount50": false,
    "ITSideMount60": false,
    "ITSideMount70": false,
    "ITSideMount80": false,
    "ITSideMount67": true,
    "Feature": "",
    "FeatureOpenClose": true,
    "FeatureLock": true,
    "ArticleNumber": 291717,
    "Stroke": 800,
    "Angle": 0,
    "Voltage": "24 V DC",
    "Voltage24": true,
    "Voltage230": false,
    "RatedCurrent": 1,
    "BreakingCurrent": 1,
    "PullingForceMax": 600,
    "PushingForceMax": 300,
    "PullingForceMaxWithNegativeWind": 0,
    "PushingForceMaxWithNegativeWind": 0,
    "PushingForcePermanent": 200,
    "PullingForcePermanent": 600,
    "MinPullingForceMax": -232.99,
    "MinPushingForceMax": 0,
    "MinPullingForcePermanent": -161.62,
    "MinPushingForcePermanent": 0,
    "Price": 387.92,
    "DriveLength": 794,
    "ChainDrive": 894,
    "ChainDrive2": 1748,
    "MaxLengthMainClosingEdge1Drive": 1920,
    "MaxGeometricArea": 1,
    "GeometricalSmokeExhaustion": 0,
    "TotalGlassThickness": 14,
    "Dimensions": 0,
    "DimensionsWxHxD": "794 x 40 x 56",
    "TensileForce": 0,
    "LockingForce": 0,
    "Details_DE": "<ul> <li>Bemessungsspannung: 24 V DC (19 V … 28 V)</li> <li>Abschaltstrom: 1,2 A</li> <li>Bemessungsstrom: 0,9 A</li> <li>Bemessungsaufnahme: 22 W</li> <li>Schutzart: IP 32</li> <li>Zug-/Schubkraft: max. 600 N</li> <li>Umgebungstemperatur: -5°C bis + 60°C</li> <li>Anschlussleitung: Halogenfrei, grau 5 x 0,5mm², ~3m</li> <li>Max. Geschwindigkeit: 13,5 mm/s</li> </ul>",
    "Details_EN": "<ul> <li>Rated voltage: 24 V DC (19 V … 28 V)</li><li>Breaking current: 1.2 A</li><li>Rated current: 0.9 A</li><li>Rated consumption: 22W</li><li>Protection rating: IP 32</li><li>Traction/ thrust: max. 600 N</li><li>Ambient temperature: -5° C to +60° C</li><li>Connecting cable: halogen-free, grey 3 x 0,5mm², ~3m</li><li>Max. speed: 13,5 mm/s</li></ul>",
    "Einsatz": "<ul><li>Anwendung: Lüftung, NRA</li> <li>Integrierte intelligente Regelelektronik</li></ul>",
    "Use": "<ul><li>Application: ventilation, natural smoke ventilation</li> <li>Integrated intelligent control electronics</li> </ul>",
    "Ausstattung": "<ul><li>Zusätzlicher Universal-Steckersatz für Mehrfachbetrieb bis zu 4 Antrieben und 2 Verriegelungsantrieben</li></ul>",
    "Equipment": "<ul><li>Additional universal plug socket for multiplex operation  of up to 4 drives and 2 interlocking drives</li></ul>",
    "Optionen": "<ul><li>Programmierung von Sonderfunktionen</li> <li>Programmierbare Rückmeldung Endlage „AUF“ (max. 24 V, 500 mA)</li> <li>Schüco Kontroller zur automatischen Konfiguration von Synchronlauf und Folgesteuerungen mit Verriegelungsantrieben in Antriebs-Verbundsystemen</li> </ul>",
    "Options": "<ul><li>Programming of special functions</li> <li>Programmable response for “OPEN” end position (max. 24 V, 500 mA)</li> <li>Schüco controller for automatic configuration of synchronous running and sequence control with locking drives in composite drive systems</li> </ul>",
    "IsTwoPce": false,
    "ResultVentWeight": 65,
    "IsLsRsDrive": false,
    "ArticleNumberRs": 0,
    "TwoDrivesSideInstallation50": 0,
    "TwoDrivesSideInstallation60": 0,
    "TwoDrivesSideInstallation70": 0,
    "TwoDrivesSideInstallation80": 0,
    "OpeningSpeedmms": 0,
    "Traction": 600,
    "Thrust": 300,
    "Id": "e9fa5654-1773-4646-9949-a237ab4f4797",
    "CreatedOn": "2024-09-26T13:55:26.817Z",
    "CreatedBy": "",
    "ModifiedOn": "2024-09-26T13:55:26.817Z",
    "ModifiedBy": ""
  },
  {
    "Name": "Locking actuator EasyConnect",
    "Bezeichnung": "Verriegelungsantrieb EasyConnect",
    "ConfigurationId": "00000000-0000-0000-0000-000000000000",
    "Description": "",
    "Application": "",
    "ApplicationFacade": true,
    "ApplicationSkylight": false,
    "Type": 5,
    "OpeningType": 0,
    "BottomHungInward": true,
    "BottomHungOutward": false,
    "SideHungInward": true,
    "SideHungOutward": false,
    "TopHungInward": false,
    "TopHungOutward": false,
    "ProjectedTopHungInward": false,
    "ProjectedTopHungOutward": false,
    "InstallationType": "",
    "ITMainOutFrmMountWBracket": true,
    "ITMainFixOutFrmMount": true,
    "ITMainVentFrmMount": false,
    "ITSideMount50": false,
    "ITSideMount60": false,
    "ITSideMount70": false,
    "ITSideMount80": false,
    "ITSideMount67": false,
    "Feature": "",
    "FeatureOpenClose": true,
    "FeatureLock": false,
    "ArticleNumber": 291787,
    "Stroke": 0,
    "Angle": 0,
    "Voltage": null,
    "Voltage24": true,
    "Voltage230": true,
    "RatedCurrent": 0,
    "BreakingCurrent": 0,
    "PullingForceMax": 0,
    "PushingForceMax": 0,
    "PullingForceMaxWithNegativeWind": 0,
    "PushingForceMaxWithNegativeWind": 0,
    "PushingForcePermanent": 0,
    "PullingForcePermanent": 0,
    "MinPullingForceMax": 0,
    "MinPushingForceMax": 0,
    "MinPullingForcePermanent": 0,
    "MinPushingForcePermanent": 0,
    "Price": 0,
    "DriveLength": 0,
    "ChainDrive": 0,
    "ChainDrive2": 0,
    "MaxLengthMainClosingEdge1Drive": 0,
    "MaxGeometricArea": 0,
    "GeometricalSmokeExhaustion": 0,
    "TotalGlassThickness": 0,
    "Dimensions": 0,
    "DimensionsWxHxD": "375 x 24 x 35",
    "TensileForce": 0,
    "LockingForce": 0,
    "Details_DE": "<ul> <li>Bemessungsspannung: 24 V DC (19 V … 28 V)</li> <li>Abschaltstrom: ~1,0 A</li> <li>Bemessungsstrom: 0,6 A</li> <li>Bemessungsaufnahme: 15 W</li> <li>Schutzart: IP 32</li><li>Zug-/Schubkraft: max. 600 N</li> <li>Umgebungstemperatur: -5°C bis + 60°C</li> <li>Anschlussleitung: Halogenfrei, grau 5 x 0,5mm² , ~5m</li> <li>Laufzeit: ~ 5s</li><li>Hub: ~ 18mm</li> </ul>",
    "Details_EN": "<ul> <li>Rated voltage : 24 V DC (19 V … 28 V</li> <li>Breaking current : ~1,0 A</li> <li>Rated current : 0,6 A</li> <li>Rated consumption : 15 W</li> <li>Protection rating : IP 32</li><li>Traction/ thrust : max. 600 N</li> <li>Ambient temperature: -5°C bis + 60°C</li> <li>Connecting cable: halogen-free, grey 5 x 0,5mm² , ~5m</li> <li>Running time: ~ 5s</li><li>Stroke: ~ 18mm</li> </ul>",
    "Einsatz": "<ul> <li>Anwendung: Lüftung, NRA</li><li>Integrierte intelligente Regelelektronik</li></ul>",
    "Use": "<ul> <li>Application: ventilation, natural smoke ventilation</li> <li>Integrated intelligent control electronics</li></ul>",
    "Ausstattung": "<ul><li>Laufrichtung einstellbar</li><li>Zusätzlicher Universal-Steckersatz</li></ul>",
    "Equipment": "<ul><li>Running direction adjustable</li><li>Additional universal plug socket</li></ul>",
    "Optionen": "<ul> <li>Mitnehmer objekt-/profilspezifisch anpassbar</li></ul>",
    "Options": "<ul> <li>Coupling adapter customizable for project-/profile-specific demands</li></ul>",
    "IsTwoPce": false,
    "ResultVentWeight": 0,
    "IsLsRsDrive": false,
    "ArticleNumberRs": 0,
    "TwoDrivesSideInstallation50": 0,
    "TwoDrivesSideInstallation60": 0,
    "TwoDrivesSideInstallation70": 0,
    "TwoDrivesSideInstallation80": 0,
    "OpeningSpeedmms": 0,
    "Traction": 0,
    "Thrust": 0,
    "Id": "f894c384-bd5f-4f1b-a446-f4a3afc8426e",
    "CreatedOn": "2024-09-26T13:55:26.817Z",
    "CreatedBy": "",
    "ModifiedOn": "2024-09-26T13:55:26.817Z",
    "ModifiedBy": ""
  },
  {
    "Name": "Locking actuator 600",
    "Bezeichnung": "Verriegelungsantrieb 600",
    "ConfigurationId": "00000000-0000-0000-0000-000000000000",
    "Description": "",
    "Application": "",
    "ApplicationFacade": true,
    "ApplicationSkylight": false,
    "Type": 5,
    "OpeningType": 0,
    "BottomHungInward": true,
    "BottomHungOutward": false,
    "SideHungInward": true,
    "SideHungOutward": false,
    "TopHungInward": false,
    "TopHungOutward": false,
    "ProjectedTopHungInward": false,
    "ProjectedTopHungOutward": false,
    "InstallationType": "",
    "ITMainOutFrmMountWBracket": true,
    "ITMainFixOutFrmMount": true,
    "ITMainVentFrmMount": false,
    "ITSideMount50": false,
    "ITSideMount60": false,
    "ITSideMount70": false,
    "ITSideMount80": false,
    "ITSideMount67": false,
    "Feature": "",
    "FeatureOpenClose": true,
    "FeatureLock": false,
    "ArticleNumber": 291736,
    "Stroke": 0,
    "Angle": 0,
    "Voltage": null,
    "Voltage24": true,
    "Voltage230": true,
    "RatedCurrent": 0,
    "BreakingCurrent": 0,
    "PullingForceMax": 0,
    "PushingForceMax": 0,
    "PullingForceMaxWithNegativeWind": 0,
    "PushingForceMaxWithNegativeWind": 0,
    "PushingForcePermanent": 0,
    "PullingForcePermanent": 0,
    "MinPullingForceMax": 0,
    "MinPushingForceMax": 0,
    "MinPullingForcePermanent": 0,
    "MinPushingForcePermanent": 0,
    "Price": 218.27,
    "DriveLength": 0,
    "ChainDrive": 0,
    "ChainDrive2": 0,
    "MaxLengthMainClosingEdge1Drive": 0,
    "MaxGeometricArea": 0,
    "GeometricalSmokeExhaustion": 0,
    "TotalGlassThickness": 0,
    "Dimensions": 0,
    "DimensionsWxHxD": "415 x 26 x 26",
    "TensileForce": 0,
    "LockingForce": 0,
    "Details_DE": "<ul> <li>Bemessungsspannung: 24 V DC (19 V … 28 V)</li> <li>Abschaltstrom: ~1,0 A</li> <li>Bemessungsstrom: 0,6 A</li> <li>Bemessungsaufnahme: 15 W</li> <li>Schutzart: IP 32</li><li>Zug-/Schubkraft: max. 600 N</li> <li>Umgebungstemperatur: -5°C bis + 60°C</li> <li>Anschlussleitung: Halogenfrei, grau 3x 0,5mm², ~3m</li> <li>Laufzeit: ~ 5s</li><li>Hub: ~ 18mm</li> </ul>",
    "Details_EN": "<ul> <li>Rated voltage : 24 V DC (19 V … 28 V</li> <li>Breaking current : ~1,0 A</li> <li>Rated current : 0,6 A</li> <li>Rated consumption : 15 W</li> <li>Protection rating : IP 32</li><li>Traction/ thrust : max. 600 N</li> <li>Ambient temperature: -5°C bis + 60°C</li> <li>Connecting cable: halogen-free, grey 3 x 0,5mm², ~3m</li> <li>Running time: ~ 5s</li><li>Stroke: ~ 18mm</li> </ul>",
    "Einsatz": "<ul> <li>Anwendung: Lüftung, NRA</li><li>Integrierte intelligente Regelelektronik</li></ul>",
    "Use": "<ul> <li>Application: ventilation, natural smoke ventilation</li> <li>Integrated intelligent control electronics</li></ul>",
    "Ausstattung": "<ul><li>Laufrichtung einstellbar</li></ul>",
    "Equipment": "<ul><li>Running direction adjustable</li></ul>",
    "Optionen": "<ul> <li>Mitnehmer objekt-/profilspezifisch anpassbar</li></ul>",
    "Options": "<ul> <li>Coupling adapter customizable for project-/profile-specific demands</li></ul>",
    "IsTwoPce": false,
    "ResultVentWeight": 0,
    "IsLsRsDrive": true,
    "ArticleNumberRs": 291735,
    "TwoDrivesSideInstallation50": 0,
    "TwoDrivesSideInstallation60": 0,
    "TwoDrivesSideInstallation70": 0,
    "TwoDrivesSideInstallation80": 0,
    "OpeningSpeedmms": 0,
    "Traction": 0,
    "Thrust": 0,
    "Id": "69d8317e-493b-4010-8d9e-54168822bacf",
    "CreatedOn": "2024-09-26T13:55:26.817Z",
    "CreatedBy": "",
    "ModifiedOn": "2024-09-26T13:55:26.817Z",
    "ModifiedBy": ""
  }
]

13:05:31.415 [main] INFO  com.intuit.karate - Expected RecommDrive: Chain actuator D2 L800, Chain actuator D4 800, Chain actuator D6 800, Locking actuator EasyConnect, Locking actuator 600 
13:05:31.415 [main] INFO  com.intuit.karate - Actual RecommDrive: Chain actuator D2 L800, Chain actuator D4 800, Chain actuator D6 800, Locking actuator EasyConnect, Locking actuator 600 
13:05:31.415 [main] INFO  com.intuit.karate - Normalized Actual RecommDrive: Chain actuator D2 L800,Chain actuator D4 800,Chain actuator D6 800,Locking actuator EasyConnect,Locking actuator 600 
13:05:31.415 [main] INFO  com.intuit.karate - Normalized Expected RecommDrive: Chain actuator D2 L800,Chain actuator D4 800,Chain actuator D6 800,Locking actuator EasyConnect,Locking actuator 600 
13:05:31.415 [main] INFO  com.intuit.karate - All Drive IDs: [
  "8e41b236-ddae-4821-9147-db4ac85f1b97",
  "3e2dcb1b-8df9-4eab-b237-548b0481a20b",
  "e9fa5654-1773-4646-9949-a237ab4f4797",
  "f894c384-bd5f-4f1b-a446-f4a3afc8426e",
  "69d8317e-493b-4010-8d9e-54168822bacf"
]
 
13:05:31.415 [main] INFO  com.intuit.karate - First Drive ID: 8e41b236-ddae-4821-9147-db4ac85f1b97 
13:05:31.430 [main] DEBUG com.intuit.karate - request:
3 > POST https://dev-drivetec-apis.schuecodigitalsolutions.com/api/Drives/DownloadPDFNew/Schuco
3 > Content-Type: application/json; charset=UTF-8
3 > Content-Length: 1194
3 > Host: dev-drivetec-apis.schuecodigitalsolutions.com
3 > Connection: Keep-Alive
3 > User-Agent: Apache-HttpClient/4.5.14 (Java/17.0.12)
3 > Accept-Encoding: gzip,deflate
[{"Id":"configId","Header":"configId","Value":"defee312-09d5-467c-9c18-fe896a9121ba"},{"Id":"driveId","Header":"driveId","Value":"8e41b236-ddae-4821-9147-db4ac85f1b97"},{"Id":"culture","Header":"culture","Value":"EN-US"},{"Id":"projectId","Header":"projectId","Value":"4bf1dfc8-fd6d-4d3a-9337-7ee7425ebbdf"},{"Id":"range-of-app","Header":"Range of application","Value":"Façade"},{"Id":"opening-type","Header":"Opening type","Value":"Bottom-hung vent"},{"Id":"opening-direction","Header":"Opening direction","Value":"Inward"},{"Id":"how-calc-weight","Header":"Vent weight","Value":"Weight including glass"},{"Id":"Chain-Length","Header":"Chain- \/ connecting rod handle","Value":"100%"},{"Id":"drive-position","Header":"Drive position","Value":"Side installation"},{"Id":"locking-mechanism","Header":"Locking mechanism","Value":"With"},{"Id":"voltage","Header":"Voltage","Value":"24 V"},{"Id":"drive-type","Header":"Drive type","Value":"Chain drive"},{"Id":"type-installation","Header":"Type of installation","Value":"Pivoting Outer Frame Installation"},{"Id":"calculation-type-for-ventilation-area","Header":"Calculation type for ventilation area","Value":"Method in accordance with ASR 3.6"}]

13:05:35.179 [main] DEBUG com.intuit.karate - response time in milliseconds: 3749
3 < 200
3 < Content-Type: application/json; charset=utf-8
3 < Date: Tue, 03 Dec 2024 07:35:35 GMT
3 < Server: Microsoft-IIS/10.0
3 < X-Powered-By: ASP.NET
3 < Content-Length: 279
3 < Connection: keep-alive
{
  "result": "https://drive-tec-dev.s3.amazonaws.com/AUT_TPJ26668-Chain_actuator_D2_L800.pdf?AWSAccessKeyId=AKIAZAWIART4ZFAXXPHK&Expires=1733214935&response-content-disposition=attachment%3B&response-content-type=application%2Fpdf&Signature=3%2BmMcnmJBnhEFJwKJf4ULzsApuE%3D"
}

13:05:35.179 [main] INFO  com.intuit.karate - Download URL for first driveId: https://drive-tec-dev.s3.amazonaws.com/AUT_TPJ26668-Chain_actuator_D2_L800.pdf?AWSAccessKeyId=AKIAZAWIART4ZFAXXPHK&Expires=1733214935&response-content-disposition=attachment%3B&response-content-type=application%2Fpdf&Signature=3%2BmMcnmJBnhEFJwKJf4ULzsApuE%3D 
13:05:35.195 [main] INFO  com.intuit.karate - karate.env system property was: null 
13:05:35.195 [main] INFO  com.intuit.karate - Running test for dataset:  Dataset2 
13:05:35.210 [main] INFO  com.intuit.karate - Using ProjectId:  {
  "result": {
    "projectId": "prjId"
  },
  "projectPayload": {
    "Id": "579816e4-6653-4794-b435-a885f32e28d7",
    "Name": "AUT_TPJ26668",
    "Address": "Hyderabad, Telangana, India",
    "Description": "",
    "CreatedBy": "579816e4-6653-4794-b435-a885f32e28d7",
    "ModifiedBy": "579816e4-6653-4794-b435-a885f32e28d7"
  },
  "uniqueName": "AUT_TPJ26668",
  "responseHeaders": {
    "Content-Type": [
      "application/json; charset=utf-8"
    ],
    "Date": [
      "Tue, 03 Dec 2024 07:35:27 GMT"
    ],
    "Server": [
      "Microsoft-IIS/10.0"
    ],
    "X-Powered-By": [
      "ASP.NET"
    ],
    "transfer-encoding": [
      "chunked"
    ],
    "Connection": [
      "keep-alive"
    ],
    "Set-Cookie": [
    ]
  },
  "responseTime": 1242,
  "response": {
    "Name": "AUT_TPJ26668",
    "Description": "",
    "Address": "Hyderabad, Telangana, India",
    "Id": "4bf1dfc8-fd6d-4d3a-9337-7ee7425ebbdf",
    "CreatedOn": "2024-12-03T07:35:27.7758566+00:00",
    "CreatedBy": "579816e4-6653-4794-b435-a885f32e28d7",
    "ModifiedOn": "2024-12-03T07:35:27.7759029+00:00",
    "ModifiedBy": ""
  },
  "responseStatus": 200,
  "prjId": "4bf1dfc8-fd6d-4d3a-9337-7ee7425ebbdf",
  "projectId": "4bf1dfc8-fd6d-4d3a-9337-7ee7425ebbdf"
}
 
13:05:35.226 [main] DEBUG com.intuit.karate - request:
1 > POST https://dev-drivetec-apis.schuecodigitalsolutions.com/Configurations
1 > Content-Type: application/json; charset=UTF-8
1 > Content-Length: 1275
1 > Host: dev-drivetec-apis.schuecodigitalsolutions.com
1 > Connection: Keep-Alive
1 > User-Agent: Apache-HttpClient/4.5.14 (Java/17.0.12)
1 > Accept-Encoding: gzip,deflate
{"Id":"00000000-0000-0000-0000-000000000000","ProjectId":"4bf1dfc8-fd6d-4d3a-9337-7ee7425ebbdf","Name":"Dataset5227","Description":"Dataset5227","CustomTags":"","CreatedBy":"579816e4-6653-4794-b435-a885f32e28d7","ModifiedBy":"579816e4-6653-4794-b435-a885f32e28d7","ApplicationName":1,"System":"","FacadeInclination":0,"OpeningType":1,"OpeningDirection":1,"OpeningWidth":1000,"VentOuterWidth":1230,"VentOuterHeight":1480,"VentWeight":70,"CalculateWeightWithGlass":false,"WeightIncGlassOrThickness":false,"GlassThickness":14,"ProfileWeightPerSerialMeter":2.5,"IsWindowOpeningCalculationByAngle":1,"RequiredOpeningStroke":400,"OpeningAngle":15,"WindLoad":120,"SnowLoad":0,"DrivePosition":2,"InstallationPosition":1,"ChainLengthConnectingRodHandle":5,"LockingMechanism":1,"Voltage":1,"DriveType":1,"TypeOfInstallation":2,"CalculationTypeForVentilation":1,"CalcVentilation":1,"GeometricArea":1,"SpecificExhaustDimension":30,"BuildingDepth":75,"RevealDepth":0,"RevealDepthRectangleAngle1":0,"RevealDepthRectangleAngle2":0,"HeightOfProfile":0,"HeightProfileRectangleAngle1":0,"HeightProfileRectangleAngle2":0,"AkippOrAtilt":0,"AdrehOrAturn":0,"Ageo":0,"MinPullingForceMax":0,"MinPushingForceMax":0,"MinPullingForcePermanent":0,"MinPushingForcePermanent":0,"ForceWithNegativeWind":0}

13:05:35.903 [main] DEBUG com.intuit.karate - response time in milliseconds: 677
1 < 200
1 < Content-Type: application/json; charset=utf-8
1 < Date: Tue, 03 Dec 2024 07:35:35 GMT
1 < Server: Microsoft-IIS/10.0
1 < X-Powered-By: ASP.NET
1 < Content-Length: 2032
1 < Connection: keep-alive
{
  "ProjectId": "4bf1dfc8-fd6d-4d3a-9337-7ee7425ebbdf",
  "Name": "Dataset5227",
  "Description": "Dataset5227",
  "CustomTags": "",
  "ApplicationName": 1,
  "OpeningType": 1,
  "OpeningDirection": 1,
  "CalculateWeightWithGlass": false,
  "WindLoad": 120,
  "IsWindowOpeningCalculationByAngle": 1,
  "VentOuterWidth": 1230,
  "VentOuterHeight": 1480,
  "WeightIncGlassOrThickness": false,
  "VentWeight": 77,
  "VentWeightExact": 77.26400000000001,
  "GlassThickness": 14,
  "ProfileWeightPerSerialMeter": 2.5,
  "FacadeInclination": 0,
  "ChainLengthConnectingRodHandle": 5,
  "ChainLenghtConnectingRodHandle": 0,
  "RequiredOpeningStroke": 400,
  "OpeningWidth": 1000,
  "OpeningAngle": 15.532868337024489,
  "SpecificExhaustDimension": 30,
  "BuildingDepth": 75,
  "SnowLoad": 0,
  "DistanceHinge": 0,
  "RatedCurrent": 0,
  "DrivePosition": 2,
  "LockingMechanism": 1,
  "Voltage": 1,
  "DriveType": 1,
  "TypeOfInstallation": 2,
  "GeometricArea": 0,
  "CalculationTypeForVentilation": 1,
  "HeightOfProfile": 0,
  "Reveal": 0,
  "RevealDepth": 0,
  "HeightProfileRectangleAngle1": 0,
  "HeightProfileRectangleAngle2": 0,
  "RevealDepthRectangleAngle1": 0,
  "RevealDepthRectangleAngle2": 0,
  "RevealDepthRectangleAngle12": 0,
  "InstallationPosition": 0,
  "RecommendedDriveArticleNo": 0,
  "System": "",
  "AkippOrAtilt": 1.084,
  "AdrehOrAturn": 1.8204,
  "Ageo": 1.084,
  "MinPullingForceMax": -206.4868442161654,
  "MinPushingForceMax": -206.4868442161654,
  "MinPullingForcePermanent": -104.11163259218097,
  "MinPushingForcePermanent": -104.11163259218097,
  "ForceWithNegativeWind": 109.53156767199486,
  "ForceWithNoWindMin": 0.30763693489047433,
  "ForceWithNegativeWindMin": 0,
  "ForceWithWindMin": -108.91629380221393,
  "Id": "a978777c-baa3-4fc1-8c6d-9921c3e44256",
  "CreatedOn": "2024-12-03T07:35:35.8133657+00:00",
  "CreatedBy": "579816e4-6653-4794-b435-a885f32e28d7",
  "ModifiedOn": "2024-12-03T07:35:35.8133686+00:00",
  "ModifiedBy": ""
}

13:05:35.903 [main] INFO  com.intuit.karate - Generated Config ID: a978777c-baa3-4fc1-8c6d-9921c3e44256 
13:05:35.903 [main] INFO  com.intuit.karate - Generated Name: Dataset5227 
13:05:35.903 [main] INFO  com.intuit.karate - Generated Description: Dataset5227 
13:05:35.903 [main] DEBUG com.intuit.karate - request:
1 > PUT https://dev-drivetec-apis.schuecodigitalsolutions.com/Configurations
1 > Content-Type: application/json; charset=UTF-8
1 > Content-Length: 1271
1 > Host: dev-drivetec-apis.schuecodigitalsolutions.com
1 > Connection: Keep-Alive
1 > User-Agent: Apache-HttpClient/4.5.14 (Java/17.0.12)
1 > Accept-Encoding: gzip,deflate
{"Id":"a978777c-baa3-4fc1-8c6d-9921c3e44256","Name":"Dataset2","Description":"Dataset5227","ProjectId":"4bf1dfc8-fd6d-4d3a-9337-7ee7425ebbdf","CustomTags":"","CreatedBy":"579816e4-6653-4794-b435-a885f32e28d7","ModifiedBy":"579816e4-6653-4794-b435-a885f32e28d7","System":"","FacadeInclination":0,"OpeningType":3,"OpeningDirection":1,"OpeningWidth":1000,"VentOuterWidth":1230,"VentOuterHeight":1480,"VentWeight":0,"CalculateWeightWithGlass":false,"RequiredOpeningStroke":800,"WindLoad":501,"SnowLoad":0,"IsWindowOpeningCalculationByAngle":1,"GlassThickness":14,"ProfileWeightPerSerialMeter":2.5,"DrivePosition":1,"InstallationPosition":0,"LockingMechanism":1,"Voltage":1,"DriveType":1,"TypeOfInstallation":2,"GeometricArea":0,"CalcVentilation":2,"SpecificExhaustDimension":30,"BuildingDepth":75,"CalculationTypeForVentilation":2,"HeightOfProfile":0,"HeightProfileRectangleAngle1":0,"HeightProfileRectangleAngle2":0,"RevealDepth":0,"RevealDepthRectangleAngle1":0,"RevealDepthRectangleAngle2":0,"ChainLengthConnectingRodHandle":5,"ApplicationName":1,"OpeningAngle":96,"WeightIncGlassOrThickness":false,"AkippOrAtilt":0,"AdrehOrAturn":0,"Ageo":0,"MinPullingForceMax":0,"MinPushingForceMax":0,"MinPullingForcePermanent":0,"MinPushingForcePermanent":0,"ForceWithNegativeWind":0}

13:05:36.593 [main] DEBUG com.intuit.karate - response time in milliseconds: 690
1 < 200
1 < Content-Type: application/json; charset=utf-8
1 < Date: Tue, 03 Dec 2024 07:35:36 GMT
1 < Server: Microsoft-IIS/10.0
1 < X-Powered-By: ASP.NET
1 < Content-Length: 2027
1 < Connection: keep-alive
{
  "ProjectId": "4bf1dfc8-fd6d-4d3a-9337-7ee7425ebbdf",
  "Name": "Dataset2",
  "Description": "Dataset5227",
  "CustomTags": "",
  "ApplicationName": 1,
  "OpeningType": 3,
  "OpeningDirection": 1,
  "CalculateWeightWithGlass": false,
  "WindLoad": 501,
  "IsWindowOpeningCalculationByAngle": 1,
  "VentOuterWidth": 1230,
  "VentOuterHeight": 1480,
  "WeightIncGlassOrThickness": false,
  "VentWeight": 77,
  "VentWeightExact": 77.26400000000001,
  "GlassThickness": 14,
  "ProfileWeightPerSerialMeter": 2.5,
  "FacadeInclination": 0,
  "ChainLengthConnectingRodHandle": 5,
  "ChainLenghtConnectingRodHandle": 0,
  "RequiredOpeningStroke": 800,
  "OpeningWidth": 1000,
  "OpeningAngle": 37.955778805488166,
  "SpecificExhaustDimension": 30,
  "BuildingDepth": 75,
  "SnowLoad": 0,
  "DistanceHinge": 0,
  "RatedCurrent": 0,
  "DrivePosition": 1,
  "LockingMechanism": 1,
  "Voltage": 1,
  "DriveType": 1,
  "TypeOfInstallation": 2,
  "GeometricArea": 0,
  "CalculationTypeForVentilation": 2,
  "HeightOfProfile": 0,
  "Reveal": 0,
  "RevealDepth": 0,
  "HeightProfileRectangleAngle1": 0,
  "HeightProfileRectangleAngle2": 0,
  "RevealDepthRectangleAngle1": 0,
  "RevealDepthRectangleAngle2": 0,
  "RevealDepthRectangleAngle12": 0,
  "InstallationPosition": 0,
  "RecommendedDriveArticleNo": 0,
  "System": "",
  "AkippOrAtilt": 2.168,
  "AdrehOrAturn": 1.8204,
  "Ageo": 1.1096726804263364,
  "MinPullingForceMax": -300.17432981658936,
  "MinPushingForceMax": -456.0102375499411,
  "MinPullingForcePermanent": 0,
  "MinPushingForcePermanent": 0,
  "ForceWithNegativeWind": 456.0102375499411,
  "ForceWithNoWindMin": 0,
  "ForceWithNegativeWindMin": 300.17432981658936,
  "ForceWithWindMin": -300.17432981658936,
  "Id": "a978777c-baa3-4fc1-8c6d-9921c3e44256",
  "CreatedOn": "0001-01-01T00:00:00",
  "CreatedBy": "579816e4-6653-4794-b435-a885f32e28d7",
  "ModifiedOn": "2024-12-03T07:35:36.5049285+00:00",
  "ModifiedBy": "579816e4-6653-4794-b435-a885f32e28d7"
}

13:05:36.598 [main] INFO  com.intuit.karate - Rounded Opening Angle: 38.0 
13:05:36.598 [main] INFO  com.intuit.karate - Rounded Ageo: 1.11 
13:05:36.598 [main] INFO  com.intuit.karate - Rounded Required Opening Stroke: 800.0 
13:05:36.598 [main] INFO  com.intuit.karate - Rounded Vent Weight: 77.0 
13:05:36.598 [main] DEBUG com.intuit.karate - request:
2 > GET https://dev-drivetec-apis.schuecodigitalsolutions.com/Config/a978777c-baa3-4fc1-8c6d-9921c3e44256/Drive
2 > Host: dev-drivetec-apis.schuecodigitalsolutions.com
2 > Connection: Keep-Alive
2 > User-Agent: Apache-HttpClient/4.5.14 (Java/17.0.12)
2 > Accept-Encoding: gzip,deflate


13:05:37.301 [main] DEBUG com.intuit.karate - response time in milliseconds: 701
2 < 200
2 < Content-Type: application/json; charset=utf-8
2 < Date: Tue, 03 Dec 2024 07:35:36 GMT
2 < Server: Microsoft-IIS/10.0
2 < X-Powered-By: ASP.NET
2 < Content-Length: 7512
2 < Connection: keep-alive
[
  {
    "Name": "Locking actuator EasyConnect",
    "Bezeichnung": "Verriegelungsantrieb EasyConnect",
    "ConfigurationId": "00000000-0000-0000-0000-000000000000",
    "Description": "",
    "Application": "",
    "ApplicationFacade": true,
    "ApplicationSkylight": false,
    "Type": 5,
    "OpeningType": 0,
    "BottomHungInward": true,
    "BottomHungOutward": false,
    "SideHungInward": true,
    "SideHungOutward": false,
    "TopHungInward": false,
    "TopHungOutward": false,
    "ProjectedTopHungInward": false,
    "ProjectedTopHungOutward": false,
    "InstallationType": "",
    "ITMainOutFrmMountWBracket": true,
    "ITMainFixOutFrmMount": true,
    "ITMainVentFrmMount": false,
    "ITSideMount50": false,
    "ITSideMount60": false,
    "ITSideMount70": false,
    "ITSideMount80": false,
    "ITSideMount67": false,
    "Feature": "",
    "FeatureOpenClose": true,
    "FeatureLock": false,
    "ArticleNumber": 291787,
    "Stroke": 0,
    "Angle": 0,
    "Voltage": null,
    "Voltage24": true,
    "Voltage230": true,
    "RatedCurrent": 0,
    "BreakingCurrent": 0,
    "PullingForceMax": 0,
    "PushingForceMax": 0,
    "PullingForceMaxWithNegativeWind": 0,
    "PushingForceMaxWithNegativeWind": 0,
    "PushingForcePermanent": 0,
    "PullingForcePermanent": 0,
    "MinPullingForceMax": 0,
    "MinPushingForceMax": 0,
    "MinPullingForcePermanent": 0,
    "MinPushingForcePermanent": 0,
    "Price": 0,
    "DriveLength": 0,
    "ChainDrive": 0,
    "ChainDrive2": 0,
    "MaxLengthMainClosingEdge1Drive": 0,
    "MaxGeometricArea": 0,
    "GeometricalSmokeExhaustion": 0,
    "TotalGlassThickness": 0,
    "Dimensions": 0,
    "DimensionsWxHxD": "375 x 24 x 35",
    "TensileForce": 0,
    "LockingForce": 0,
    "Details_DE": "<ul> <li>Bemessungsspannung: 24 V DC (19 V … 28 V)</li> <li>Abschaltstrom: ~1,0 A</li> <li>Bemessungsstrom: 0,6 A</li> <li>Bemessungsaufnahme: 15 W</li> <li>Schutzart: IP 32</li><li>Zug-/Schubkraft: max. 600 N</li> <li>Umgebungstemperatur: -5°C bis + 60°C</li> <li>Anschlussleitung: Halogenfrei, grau 5 x 0,5mm² , ~5m</li> <li>Laufzeit: ~ 5s</li><li>Hub: ~ 18mm</li> </ul>",
    "Details_EN": "<ul> <li>Rated voltage : 24 V DC (19 V … 28 V</li> <li>Breaking current : ~1,0 A</li> <li>Rated current : 0,6 A</li> <li>Rated consumption : 15 W</li> <li>Protection rating : IP 32</li><li>Traction/ thrust : max. 600 N</li> <li>Ambient temperature: -5°C bis + 60°C</li> <li>Connecting cable: halogen-free, grey 5 x 0,5mm² , ~5m</li> <li>Running time: ~ 5s</li><li>Stroke: ~ 18mm</li> </ul>",
    "Einsatz": "<ul> <li>Anwendung: Lüftung, NRA</li><li>Integrierte intelligente Regelelektronik</li></ul>",
    "Use": "<ul> <li>Application: ventilation, natural smoke ventilation</li> <li>Integrated intelligent control electronics</li></ul>",
    "Ausstattung": "<ul><li>Laufrichtung einstellbar</li><li>Zusätzlicher Universal-Steckersatz</li></ul>",
    "Equipment": "<ul><li>Running direction adjustable</li><li>Additional universal plug socket</li></ul>",
    "Optionen": "<ul> <li>Mitnehmer objekt-/profilspezifisch anpassbar</li></ul>",
    "Options": "<ul> <li>Coupling adapter customizable for project-/profile-specific demands</li></ul>",
    "IsTwoPce": false,
    "ResultVentWeight": 0,
    "IsLsRsDrive": false,
    "ArticleNumberRs": 0,
    "TwoDrivesSideInstallation50": 0,
    "TwoDrivesSideInstallation60": 0,
    "TwoDrivesSideInstallation70": 0,
    "TwoDrivesSideInstallation80": 0,
    "OpeningSpeedmms": 0,
    "Traction": 0,
    "Thrust": 0,
    "Id": "f894c384-bd5f-4f1b-a446-f4a3afc8426e",
    "CreatedOn": "2024-09-26T13:55:26.817Z",
    "CreatedBy": "",
    "ModifiedOn": "2024-09-26T13:55:26.817Z",
    "ModifiedBy": ""
  },
  {
    "Name": "Locking actuator 600",
    "Bezeichnung": "Verriegelungsantrieb 600",
    "ConfigurationId": "00000000-0000-0000-0000-000000000000",
    "Description": "",
    "Application": "",
    "ApplicationFacade": true,
    "ApplicationSkylight": false,
    "Type": 5,
    "OpeningType": 0,
    "BottomHungInward": true,
    "BottomHungOutward": false,
    "SideHungInward": true,
    "SideHungOutward": false,
    "TopHungInward": false,
    "TopHungOutward": false,
    "ProjectedTopHungInward": false,
    "ProjectedTopHungOutward": false,
    "InstallationType": "",
    "ITMainOutFrmMountWBracket": true,
    "ITMainFixOutFrmMount": true,
    "ITMainVentFrmMount": false,
    "ITSideMount50": false,
    "ITSideMount60": false,
    "ITSideMount70": false,
    "ITSideMount80": false,
    "ITSideMount67": false,
    "Feature": "",
    "FeatureOpenClose": true,
    "FeatureLock": false,
    "ArticleNumber": 291736,
    "Stroke": 0,
    "Angle": 0,
    "Voltage": null,
    "Voltage24": true,
    "Voltage230": true,
    "RatedCurrent": 0,
    "BreakingCurrent": 0,
    "PullingForceMax": 0,
    "PushingForceMax": 0,
    "PullingForceMaxWithNegativeWind": 0,
    "PushingForceMaxWithNegativeWind": 0,
    "PushingForcePermanent": 0,
    "PullingForcePermanent": 0,
    "MinPullingForceMax": 0,
    "MinPushingForceMax": 0,
    "MinPullingForcePermanent": 0,
    "MinPushingForcePermanent": 0,
    "Price": 218.27,
    "DriveLength": 0,
    "ChainDrive": 0,
    "ChainDrive2": 0,
    "MaxLengthMainClosingEdge1Drive": 0,
    "MaxGeometricArea": 0,
    "GeometricalSmokeExhaustion": 0,
    "TotalGlassThickness": 0,
    "Dimensions": 0,
    "DimensionsWxHxD": "415 x 26 x 26",
    "TensileForce": 0,
    "LockingForce": 0,
    "Details_DE": "<ul> <li>Bemessungsspannung: 24 V DC (19 V … 28 V)</li> <li>Abschaltstrom: ~1,0 A</li> <li>Bemessungsstrom: 0,6 A</li> <li>Bemessungsaufnahme: 15 W</li> <li>Schutzart: IP 32</li><li>Zug-/Schubkraft: max. 600 N</li> <li>Umgebungstemperatur: -5°C bis + 60°C</li> <li>Anschlussleitung: Halogenfrei, grau 3x 0,5mm², ~3m</li> <li>Laufzeit: ~ 5s</li><li>Hub: ~ 18mm</li> </ul>",
    "Details_EN": "<ul> <li>Rated voltage : 24 V DC (19 V … 28 V</li> <li>Breaking current : ~1,0 A</li> <li>Rated current : 0,6 A</li> <li>Rated consumption : 15 W</li> <li>Protection rating : IP 32</li><li>Traction/ thrust : max. 600 N</li> <li>Ambient temperature: -5°C bis + 60°C</li> <li>Connecting cable: halogen-free, grey 3 x 0,5mm², ~3m</li> <li>Running time: ~ 5s</li><li>Stroke: ~ 18mm</li> </ul>",
    "Einsatz": "<ul> <li>Anwendung: Lüftung, NRA</li><li>Integrierte intelligente Regelelektronik</li></ul>",
    "Use": "<ul> <li>Application: ventilation, natural smoke ventilation</li> <li>Integrated intelligent control electronics</li></ul>",
    "Ausstattung": "<ul><li>Laufrichtung einstellbar</li></ul>",
    "Equipment": "<ul><li>Running direction adjustable</li></ul>",
    "Optionen": "<ul> <li>Mitnehmer objekt-/profilspezifisch anpassbar</li></ul>",
    "Options": "<ul> <li>Coupling adapter customizable for project-/profile-specific demands</li></ul>",
    "IsTwoPce": false,
    "ResultVentWeight": 0,
    "IsLsRsDrive": true,
    "ArticleNumberRs": 291735,
    "TwoDrivesSideInstallation50": 0,
    "TwoDrivesSideInstallation60": 0,
    "TwoDrivesSideInstallation70": 0,
    "TwoDrivesSideInstallation80": 0,
    "OpeningSpeedmms": 0,
    "Traction": 0,
    "Thrust": 0,
    "Id": "69d8317e-493b-4010-8d9e-54168822bacf",
    "CreatedOn": "2024-09-26T13:55:26.817Z",
    "CreatedBy": "",
    "ModifiedOn": "2024-09-26T13:55:26.817Z",
    "ModifiedBy": ""
  }
]

13:05:37.332 [main] INFO  com.intuit.karate - Expected RecommDrive: Locking actuator EasyConnect,Locking actuator 600 
13:05:37.332 [main] INFO  com.intuit.karate - Actual RecommDrive: Locking actuator EasyConnect, Locking actuator 600 
13:05:37.332 [main] INFO  com.intuit.karate - Normalized Actual RecommDrive: Locking actuator EasyConnect,Locking actuator 600 
13:05:37.332 [main] INFO  com.intuit.karate - Normalized Expected RecommDrive: Locking actuator EasyConnect,Locking actuator 600 
13:05:37.332 [main] INFO  com.intuit.karate - All Drive IDs: [
  "f894c384-bd5f-4f1b-a446-f4a3afc8426e",
  "69d8317e-493b-4010-8d9e-54168822bacf"
]
 
13:05:37.332 [main] INFO  com.intuit.karate - First Drive ID: f894c384-bd5f-4f1b-a446-f4a3afc8426e 
13:05:37.332 [main] DEBUG com.intuit.karate - request:
3 > POST https://dev-drivetec-apis.schuecodigitalsolutions.com/api/Drives/DownloadPDFNew/Schuco
3 > Content-Type: application/json; charset=UTF-8
3 > Content-Length: 1194
3 > Host: dev-drivetec-apis.schuecodigitalsolutions.com
3 > Connection: Keep-Alive
3 > User-Agent: Apache-HttpClient/4.5.14 (Java/17.0.12)
3 > Accept-Encoding: gzip,deflate
[{"Id":"configId","Header":"configId","Value":"a978777c-baa3-4fc1-8c6d-9921c3e44256"},{"Id":"driveId","Header":"driveId","Value":"f894c384-bd5f-4f1b-a446-f4a3afc8426e"},{"Id":"culture","Header":"culture","Value":"EN-US"},{"Id":"projectId","Header":"projectId","Value":"4bf1dfc8-fd6d-4d3a-9337-7ee7425ebbdf"},{"Id":"range-of-app","Header":"Range of application","Value":"Façade"},{"Id":"opening-type","Header":"Opening type","Value":"Bottom-hung vent"},{"Id":"opening-direction","Header":"Opening direction","Value":"Inward"},{"Id":"how-calc-weight","Header":"Vent weight","Value":"Weight including glass"},{"Id":"Chain-Length","Header":"Chain- \/ connecting rod handle","Value":"100%"},{"Id":"drive-position","Header":"Drive position","Value":"Side installation"},{"Id":"locking-mechanism","Header":"Locking mechanism","Value":"With"},{"Id":"voltage","Header":"Voltage","Value":"24 V"},{"Id":"drive-type","Header":"Drive type","Value":"Chain drive"},{"Id":"type-installation","Header":"Type of installation","Value":"Pivoting Outer Frame Installation"},{"Id":"calculation-type-for-ventilation-area","Header":"Calculation type for ventilation area","Value":"Method in accordance with ASR 3.6"}]

13:05:39.233 [main] DEBUG com.intuit.karate - response time in milliseconds: 1901
3 < 200
3 < Content-Type: application/json; charset=utf-8
3 < Date: Tue, 03 Dec 2024 07:35:39 GMT
3 < Server: Microsoft-IIS/10.0
3 < X-Powered-By: ASP.NET
3 < Content-Length: 283
3 < Connection: keep-alive
{
  "result": "https://drive-tec-dev.s3.amazonaws.com/AUT_TPJ26668-Locking_actuator_EasyConnect.pdf?AWSAccessKeyId=AKIAZAWIART4ZFAXXPHK&Expires=1733214939&response-content-disposition=attachment%3B&response-content-type=application%2Fpdf&Signature=zIf8ahZV6YDIty6pfInutfCzMPs%3D"
}

13:05:39.233 [main] INFO  com.intuit.karate - Download URL for first driveId: https://drive-tec-dev.s3.amazonaws.com/AUT_TPJ26668-Locking_actuator_EasyConnect.pdf?AWSAccessKeyId=AKIAZAWIART4ZFAXXPHK&Expires=1733214939&response-content-disposition=attachment%3B&response-content-type=application%2Fpdf&Signature=zIf8ahZV6YDIty6pfInutfCzMPs%3D 
13:05:39.248 [main] INFO  com.intuit.karate - karate.env system property was: null 
13:05:39.248 [main] INFO  com.intuit.karate - Running test for dataset:  Dataset3 
13:05:39.264 [main] INFO  com.intuit.karate - Using ProjectId:  {
  "result": {
    "projectId": "prjId"
  },
  "projectPayload": {
    "Id": "579816e4-6653-4794-b435-a885f32e28d7",
    "Name": "AUT_TPJ26668",
    "Address": "Hyderabad, Telangana, India",
    "Description": "",
    "CreatedBy": "579816e4-6653-4794-b435-a885f32e28d7",
    "ModifiedBy": "579816e4-6653-4794-b435-a885f32e28d7"
  },
  "uniqueName": "AUT_TPJ26668",
  "responseHeaders": {
    "Content-Type": [
      "application/json; charset=utf-8"
    ],
    "Date": [
      "Tue, 03 Dec 2024 07:35:27 GMT"
    ],
    "Server": [
      "Microsoft-IIS/10.0"
    ],
    "X-Powered-By": [
      "ASP.NET"
    ],
    "transfer-encoding": [
      "chunked"
    ],
    "Connection": [
      "keep-alive"
    ],
    "Set-Cookie": [
    ]
  },
  "responseTime": 1242,
  "response": {
    "Name": "AUT_TPJ26668",
    "Description": "",
    "Address": "Hyderabad, Telangana, India",
    "Id": "4bf1dfc8-fd6d-4d3a-9337-7ee7425ebbdf",
    "CreatedOn": "2024-12-03T07:35:27.7758566+00:00",
    "CreatedBy": "579816e4-6653-4794-b435-a885f32e28d7",
    "ModifiedOn": "2024-12-03T07:35:27.7759029+00:00",
    "ModifiedBy": ""
  },
  "responseStatus": 200,
  "prjId": "4bf1dfc8-fd6d-4d3a-9337-7ee7425ebbdf",
  "projectId": "4bf1dfc8-fd6d-4d3a-9337-7ee7425ebbdf"
}
 
13:05:39.264 [main] DEBUG com.intuit.karate - request:
1 > POST https://dev-drivetec-apis.schuecodigitalsolutions.com/Configurations
1 > Content-Type: application/json; charset=UTF-8
1 > Content-Length: 1275
1 > Host: dev-drivetec-apis.schuecodigitalsolutions.com
1 > Connection: Keep-Alive
1 > User-Agent: Apache-HttpClient/4.5.14 (Java/17.0.12)
1 > Accept-Encoding: gzip,deflate
{"Id":"00000000-0000-0000-0000-000000000000","ProjectId":"4bf1dfc8-fd6d-4d3a-9337-7ee7425ebbdf","Name":"Dataset9265","Description":"Dataset9265","CustomTags":"","CreatedBy":"579816e4-6653-4794-b435-a885f32e28d7","ModifiedBy":"579816e4-6653-4794-b435-a885f32e28d7","ApplicationName":1,"System":"","FacadeInclination":0,"OpeningType":1,"OpeningDirection":1,"OpeningWidth":1000,"VentOuterWidth":1230,"VentOuterHeight":1480,"VentWeight":70,"CalculateWeightWithGlass":false,"WeightIncGlassOrThickness":false,"GlassThickness":14,"ProfileWeightPerSerialMeter":2.5,"IsWindowOpeningCalculationByAngle":1,"RequiredOpeningStroke":400,"OpeningAngle":15,"WindLoad":120,"SnowLoad":0,"DrivePosition":2,"InstallationPosition":1,"ChainLengthConnectingRodHandle":5,"LockingMechanism":1,"Voltage":1,"DriveType":1,"TypeOfInstallation":2,"CalculationTypeForVentilation":1,"CalcVentilation":1,"GeometricArea":1,"SpecificExhaustDimension":30,"BuildingDepth":75,"RevealDepth":0,"RevealDepthRectangleAngle1":0,"RevealDepthRectangleAngle2":0,"HeightOfProfile":0,"HeightProfileRectangleAngle1":0,"HeightProfileRectangleAngle2":0,"AkippOrAtilt":0,"AdrehOrAturn":0,"Ageo":0,"MinPullingForceMax":0,"MinPushingForceMax":0,"MinPullingForcePermanent":0,"MinPushingForcePermanent":0,"ForceWithNegativeWind":0}

13:05:39.938 [main] DEBUG com.intuit.karate - response time in milliseconds: 674
1 < 200
1 < Content-Type: application/json; charset=utf-8
1 < Date: Tue, 03 Dec 2024 07:35:39 GMT
1 < Server: Microsoft-IIS/10.0
1 < X-Powered-By: ASP.NET
1 < transfer-encoding: chunked
1 < Connection: keep-alive
{
  "ProjectId": "4bf1dfc8-fd6d-4d3a-9337-7ee7425ebbdf",
  "Name": "Dataset9265",
  "Description": "Dataset9265",
  "CustomTags": "",
  "ApplicationName": 1,
  "OpeningType": 1,
  "OpeningDirection": 1,
  "CalculateWeightWithGlass": false,
  "WindLoad": 120,
  "IsWindowOpeningCalculationByAngle": 1,
  "VentOuterWidth": 1230,
  "VentOuterHeight": 1480,
  "WeightIncGlassOrThickness": false,
  "VentWeight": 77,
  "VentWeightExact": 77.26400000000001,
  "GlassThickness": 14,
  "ProfileWeightPerSerialMeter": 2.5,
  "FacadeInclination": 0,
  "ChainLengthConnectingRodHandle": 5,
  "ChainLenghtConnectingRodHandle": 0,
  "RequiredOpeningStroke": 400,
  "OpeningWidth": 1000,
  "OpeningAngle": 15.532868337024489,
  "SpecificExhaustDimension": 30,
  "BuildingDepth": 75,
  "SnowLoad": 0,
  "DistanceHinge": 0,
  "RatedCurrent": 0,
  "DrivePosition": 2,
  "LockingMechanism": 1,
  "Voltage": 1,
  "DriveType": 1,
  "TypeOfInstallation": 2,
  "GeometricArea": 0,
  "CalculationTypeForVentilation": 1,
  "HeightOfProfile": 0,
  "Reveal": 0,
  "RevealDepth": 0,
  "HeightProfileRectangleAngle1": 0,
  "HeightProfileRectangleAngle2": 0,
  "RevealDepthRectangleAngle1": 0,
  "RevealDepthRectangleAngle2": 0,
  "RevealDepthRectangleAngle12": 0,
  "InstallationPosition": 0,
  "RecommendedDriveArticleNo": 0,
  "System": "",
  "AkippOrAtilt": 1.084,
  "AdrehOrAturn": 1.8204,
  "Ageo": 1.084,
  "MinPullingForceMax": -206.4868442161654,
  "MinPushingForceMax": -206.4868442161654,
  "MinPullingForcePermanent": -104.11163259218097,
  "MinPushingForcePermanent": -104.11163259218097,
  "ForceWithNegativeWind": 109.53156767199486,
  "ForceWithNoWindMin": 0.30763693489047433,
  "ForceWithNegativeWindMin": 0,
  "ForceWithWindMin": -108.91629380221393,
  "Id": "4a7093b8-6d93-4532-a5ee-d488089b9ded",
  "CreatedOn": "2024-12-03T07:35:39.85706+00:00",
  "CreatedBy": "579816e4-6653-4794-b435-a885f32e28d7",
  "ModifiedOn": "2024-12-03T07:35:39.8570673+00:00",
  "ModifiedBy": ""
}

13:05:39.938 [main] INFO  com.intuit.karate - Generated Config ID: 4a7093b8-6d93-4532-a5ee-d488089b9ded 
13:05:39.938 [main] INFO  com.intuit.karate - Generated Name: Dataset9265 
13:05:39.938 [main] INFO  com.intuit.karate - Generated Description: Dataset9265 
13:05:39.954 [main] DEBUG com.intuit.karate - request:
1 > PUT https://dev-drivetec-apis.schuecodigitalsolutions.com/Configurations
1 > Content-Type: application/json; charset=UTF-8
1 > Content-Length: 1280
1 > Host: dev-drivetec-apis.schuecodigitalsolutions.com
1 > Connection: Keep-Alive
1 > User-Agent: Apache-HttpClient/4.5.14 (Java/17.0.12)
1 > Accept-Encoding: gzip,deflate
{"Id":"4a7093b8-6d93-4532-a5ee-d488089b9ded","Name":"Dataset3","Description":"Dataset9265","ProjectId":"4bf1dfc8-fd6d-4d3a-9337-7ee7425ebbdf","CustomTags":"","CreatedBy":"579816e4-6653-4794-b435-a885f32e28d7","ModifiedBy":"579816e4-6653-4794-b435-a885f32e28d7","System":"","FacadeInclination":0,"OpeningType":3,"OpeningDirection":1,"OpeningWidth":1000,"VentOuterWidth":1230,"VentOuterHeight":1480,"VentWeight":0,"CalculateWeightWithGlass":false,"RequiredOpeningStroke":800,"WindLoad":500,"SnowLoad":0,"IsWindowOpeningCalculationByAngle":1,"GlassThickness":14,"ProfileWeightPerSerialMeter":2.5,"DrivePosition":1,"InstallationPosition":0,"LockingMechanism":1,"Voltage":1,"DriveType":1,"TypeOfInstallation":2,"GeometricArea":0,"CalcVentilation":1,"SpecificExhaustDimension":45,"BuildingDepth":90,"CalculationTypeForVentilation":1,"HeightOfProfile":30,"HeightProfileRectangleAngle1":35,"HeightProfileRectangleAngle2":2,"RevealDepth":200,"RevealDepthRectangleAngle1":150,"RevealDepthRectangleAngle2":1000,"ChainLengthConnectingRodHandle":5,"ApplicationName":1,"OpeningAngle":15,"WeightIncGlassOrThickness":false,"AkippOrAtilt":0,"AdrehOrAturn":0,"Ageo":0,"MinPullingForceMax":0,"MinPushingForceMax":0,"MinPullingForcePermanent":0,"MinPushingForcePermanent":0,"ForceWithNegativeWind":0}

13:05:40.629 [main] DEBUG com.intuit.karate - response time in milliseconds: 675
1 < 200
1 < Content-Type: application/json; charset=utf-8
1 < Date: Tue, 03 Dec 2024 07:35:40 GMT
1 < Server: Microsoft-IIS/10.0
1 < X-Powered-By: ASP.NET
1 < Content-Length: 2018
1 < Connection: keep-alive
{
  "ProjectId": "4bf1dfc8-fd6d-4d3a-9337-7ee7425ebbdf",
  "Name": "Dataset3",
  "Description": "Dataset9265",
  "CustomTags": "",
  "ApplicationName": 1,
  "OpeningType": 3,
  "OpeningDirection": 1,
  "CalculateWeightWithGlass": false,
  "WindLoad": 500,
  "IsWindowOpeningCalculationByAngle": 1,
  "VentOuterWidth": 1230,
  "VentOuterHeight": 1480,
  "WeightIncGlassOrThickness": false,
  "VentWeight": 77,
  "VentWeightExact": 77.26400000000001,
  "GlassThickness": 14,
  "ProfileWeightPerSerialMeter": 2.5,
  "FacadeInclination": 0,
  "ChainLengthConnectingRodHandle": 5,
  "ChainLenghtConnectingRodHandle": 0,
  "RequiredOpeningStroke": 800,
  "OpeningWidth": 1000,
  "OpeningAngle": 37.955778805488166,
  "SpecificExhaustDimension": 45,
  "BuildingDepth": 90,
  "SnowLoad": 0,
  "DistanceHinge": 0,
  "RatedCurrent": 0,
  "DrivePosition": 1,
  "LockingMechanism": 1,
  "Voltage": 1,
  "DriveType": 1,
  "TypeOfInstallation": 2,
  "GeometricArea": 0,
  "CalculationTypeForVentilation": 1,
  "HeightOfProfile": 30,
  "Reveal": 0,
  "RevealDepth": 200,
  "HeightProfileRectangleAngle1": 35,
  "HeightProfileRectangleAngle2": 2,
  "RevealDepthRectangleAngle1": 150,
  "RevealDepthRectangleAngle2": 1000,
  "RevealDepthRectangleAngle12": 0,
  "InstallationPosition": 0,
  "RecommendedDriveArticleNo": 0,
  "System": "",
  "AkippOrAtilt": 2.168,
  "AdrehOrAturn": 1.8204,
  "Ageo": 1.8204,
  "MinPullingForceMax": -299.575179457674,
  "MinPushingForceMax": -455.1000374749911,
  "MinPullingForcePermanent": 0,
  "MinPushingForcePermanent": 0,
  "ForceWithNegativeWind": 455.1000374749911,
  "ForceWithNoWindMin": 0,
  "ForceWithNegativeWindMin": 299.575179457674,
  "ForceWithWindMin": -299.575179457674,
  "Id": "4a7093b8-6d93-4532-a5ee-d488089b9ded",
  "CreatedOn": "0001-01-01T00:00:00",
  "CreatedBy": "579816e4-6653-4794-b435-a885f32e28d7",
  "ModifiedOn": "2024-12-03T07:35:40.5371082+00:00",
  "ModifiedBy": "579816e4-6653-4794-b435-a885f32e28d7"
}

13:05:40.629 [main] INFO  com.intuit.karate - Rounded Opening Angle: 38.0 
13:05:40.629 [main] INFO  com.intuit.karate - Rounded Ageo: 1.82 
13:05:40.629 [main] INFO  com.intuit.karate - Rounded Required Opening Stroke: 800.0 
13:05:40.629 [main] INFO  com.intuit.karate - Rounded Vent Weight: 77.0 
13:05:40.629 [main] DEBUG com.intuit.karate - request:
2 > GET https://dev-drivetec-apis.schuecodigitalsolutions.com/Config/4a7093b8-6d93-4532-a5ee-d488089b9ded/Drive
2 > Host: dev-drivetec-apis.schuecodigitalsolutions.com
2 > Connection: Keep-Alive
2 > User-Agent: Apache-HttpClient/4.5.14 (Java/17.0.12)
2 > Accept-Encoding: gzip,deflate


13:05:41.310 [main] DEBUG com.intuit.karate - response time in milliseconds: 681
2 < 200
2 < Content-Type: application/json; charset=utf-8
2 < Date: Tue, 03 Dec 2024 07:35:40 GMT
2 < Server: Microsoft-IIS/10.0
2 < X-Powered-By: ASP.NET
2 < Content-Length: 11779
2 < Connection: keep-alive
[
  {
    "Name": "Chain actuator D6 800",
    "Bezeichnung": "Kettenantrieb D6 800",
    "ConfigurationId": "00000000-0000-0000-0000-000000000000",
    "Description": "",
    "Application": "Facade",
    "ApplicationFacade": true,
    "ApplicationSkylight": true,
    "Type": 1,
    "OpeningType": 0,
    "BottomHungInward": true,
    "BottomHungOutward": true,
    "SideHungInward": true,
    "SideHungOutward": true,
    "TopHungInward": false,
    "TopHungOutward": true,
    "ProjectedTopHungInward": false,
    "ProjectedTopHungOutward": false,
    "InstallationType": "",
    "ITMainOutFrmMountWBracket": true,
    "ITMainFixOutFrmMount": false,
    "ITMainVentFrmMount": true,
    "ITSideMount50": false,
    "ITSideMount60": false,
    "ITSideMount70": false,
    "ITSideMount80": false,
    "ITSideMount67": true,
    "Feature": "",
    "FeatureOpenClose": true,
    "FeatureLock": true,
    "ArticleNumber": 291717,
    "Stroke": 800,
    "Angle": 0,
    "Voltage": "24 V DC",
    "Voltage24": true,
    "Voltage230": false,
    "RatedCurrent": 1,
    "BreakingCurrent": 1,
    "PullingForceMax": 600,
    "PushingForceMax": 300,
    "PullingForceMaxWithNegativeWind": 0,
    "PushingForceMaxWithNegativeWind": 0,
    "PushingForcePermanent": 200,
    "PullingForcePermanent": 600,
    "MinPullingForceMax": -455.1,
    "MinPushingForceMax": 0,
    "MinPullingForcePermanent": 0,
    "MinPushingForcePermanent": 0,
    "Price": 387.92,
    "DriveLength": 794,
    "ChainDrive": 894,
    "ChainDrive2": 1748,
    "MaxLengthMainClosingEdge1Drive": 1920,
    "MaxGeometricArea": 2,
    "GeometricalSmokeExhaustion": 0,
    "TotalGlassThickness": 14,
    "Dimensions": 0,
    "DimensionsWxHxD": "794 x 40 x 56",
    "TensileForce": 0,
    "LockingForce": 0,
    "Details_DE": "<ul> <li>Bemessungsspannung: 24 V DC (19 V … 28 V)</li> <li>Abschaltstrom: 1,2 A</li> <li>Bemessungsstrom: 0,9 A</li> <li>Bemessungsaufnahme: 22 W</li> <li>Schutzart: IP 32</li> <li>Zug-/Schubkraft: max. 600 N</li> <li>Umgebungstemperatur: -5°C bis + 60°C</li> <li>Anschlussleitung: Halogenfrei, grau 5 x 0,5mm², ~3m</li> <li>Max. Geschwindigkeit: 13,5 mm/s</li> </ul>",
    "Details_EN": "<ul> <li>Rated voltage: 24 V DC (19 V … 28 V)</li><li>Breaking current: 1.2 A</li><li>Rated current: 0.9 A</li><li>Rated consumption: 22W</li><li>Protection rating: IP 32</li><li>Traction/ thrust: max. 600 N</li><li>Ambient temperature: -5° C to +60° C</li><li>Connecting cable: halogen-free, grey 3 x 0,5mm², ~3m</li><li>Max. speed: 13,5 mm/s</li></ul>",
    "Einsatz": "<ul><li>Anwendung: Lüftung, NRA</li> <li>Integrierte intelligente Regelelektronik</li></ul>",
    "Use": "<ul><li>Application: ventilation, natural smoke ventilation</li> <li>Integrated intelligent control electronics</li> </ul>",
    "Ausstattung": "<ul><li>Zusätzlicher Universal-Steckersatz für Mehrfachbetrieb bis zu 4 Antrieben und 2 Verriegelungsantrieben</li></ul>",
    "Equipment": "<ul><li>Additional universal plug socket for multiplex operation  of up to 4 drives and 2 interlocking drives</li></ul>",
    "Optionen": "<ul><li>Programmierung von Sonderfunktionen</li> <li>Programmierbare Rückmeldung Endlage „AUF“ (max. 24 V, 500 mA)</li> <li>Schüco Kontroller zur automatischen Konfiguration von Synchronlauf und Folgesteuerungen mit Verriegelungsantrieben in Antriebs-Verbundsystemen</li> </ul>",
    "Options": "<ul><li>Programming of special functions</li> <li>Programmable response for “OPEN” end position (max. 24 V, 500 mA)</li> <li>Schüco controller for automatic configuration of synchronous running and sequence control with locking drives in composite drive systems</li> </ul>",
    "IsTwoPce": false,
    "ResultVentWeight": 77.26,
    "IsLsRsDrive": false,
    "ArticleNumberRs": 0,
    "TwoDrivesSideInstallation50": 0,
    "TwoDrivesSideInstallation60": 0,
    "TwoDrivesSideInstallation70": 0,
    "TwoDrivesSideInstallation80": 0,
    "OpeningSpeedmms": 0,
    "Traction": 600,
    "Thrust": 300,
    "Id": "e9fa5654-1773-4646-9949-a237ab4f4797",
    "CreatedOn": "2024-09-26T13:55:26.817Z",
    "CreatedBy": "",
    "ModifiedOn": "2024-09-26T13:55:26.817Z",
    "ModifiedBy": ""
  },
  {
    "Name": "Locking actuator EasyConnect",
    "Bezeichnung": "Verriegelungsantrieb EasyConnect",
    "ConfigurationId": "00000000-0000-0000-0000-000000000000",
    "Description": "",
    "Application": "",
    "ApplicationFacade": true,
    "ApplicationSkylight": false,
    "Type": 5,
    "OpeningType": 0,
    "BottomHungInward": true,
    "BottomHungOutward": false,
    "SideHungInward": true,
    "SideHungOutward": false,
    "TopHungInward": false,
    "TopHungOutward": false,
    "ProjectedTopHungInward": false,
    "ProjectedTopHungOutward": false,
    "InstallationType": "",
    "ITMainOutFrmMountWBracket": true,
    "ITMainFixOutFrmMount": true,
    "ITMainVentFrmMount": false,
    "ITSideMount50": false,
    "ITSideMount60": false,
    "ITSideMount70": false,
    "ITSideMount80": false,
    "ITSideMount67": false,
    "Feature": "",
    "FeatureOpenClose": true,
    "FeatureLock": false,
    "ArticleNumber": 291787,
    "Stroke": 0,
    "Angle": 0,
    "Voltage": null,
    "Voltage24": true,
    "Voltage230": true,
    "RatedCurrent": 0,
    "BreakingCurrent": 0,
    "PullingForceMax": 0,
    "PushingForceMax": 0,
    "PullingForceMaxWithNegativeWind": 0,
    "PushingForceMaxWithNegativeWind": 0,
    "PushingForcePermanent": 0,
    "PullingForcePermanent": 0,
    "MinPullingForceMax": 0,
    "MinPushingForceMax": 0,
    "MinPullingForcePermanent": 0,
    "MinPushingForcePermanent": 0,
    "Price": 0,
    "DriveLength": 0,
    "ChainDrive": 0,
    "ChainDrive2": 0,
    "MaxLengthMainClosingEdge1Drive": 0,
    "MaxGeometricArea": 0,
    "GeometricalSmokeExhaustion": 0,
    "TotalGlassThickness": 0,
    "Dimensions": 0,
    "DimensionsWxHxD": "375 x 24 x 35",
    "TensileForce": 0,
    "LockingForce": 0,
    "Details_DE": "<ul> <li>Bemessungsspannung: 24 V DC (19 V … 28 V)</li> <li>Abschaltstrom: ~1,0 A</li> <li>Bemessungsstrom: 0,6 A</li> <li>Bemessungsaufnahme: 15 W</li> <li>Schutzart: IP 32</li><li>Zug-/Schubkraft: max. 600 N</li> <li>Umgebungstemperatur: -5°C bis + 60°C</li> <li>Anschlussleitung: Halogenfrei, grau 5 x 0,5mm² , ~5m</li> <li>Laufzeit: ~ 5s</li><li>Hub: ~ 18mm</li> </ul>",
    "Details_EN": "<ul> <li>Rated voltage : 24 V DC (19 V … 28 V</li> <li>Breaking current : ~1,0 A</li> <li>Rated current : 0,6 A</li> <li>Rated consumption : 15 W</li> <li>Protection rating : IP 32</li><li>Traction/ thrust : max. 600 N</li> <li>Ambient temperature: -5°C bis + 60°C</li> <li>Connecting cable: halogen-free, grey 5 x 0,5mm² , ~5m</li> <li>Running time: ~ 5s</li><li>Stroke: ~ 18mm</li> </ul>",
    "Einsatz": "<ul> <li>Anwendung: Lüftung, NRA</li><li>Integrierte intelligente Regelelektronik</li></ul>",
    "Use": "<ul> <li>Application: ventilation, natural smoke ventilation</li> <li>Integrated intelligent control electronics</li></ul>",
    "Ausstattung": "<ul><li>Laufrichtung einstellbar</li><li>Zusätzlicher Universal-Steckersatz</li></ul>",
    "Equipment": "<ul><li>Running direction adjustable</li><li>Additional universal plug socket</li></ul>",
    "Optionen": "<ul> <li>Mitnehmer objekt-/profilspezifisch anpassbar</li></ul>",
    "Options": "<ul> <li>Coupling adapter customizable for project-/profile-specific demands</li></ul>",
    "IsTwoPce": false,
    "ResultVentWeight": 0,
    "IsLsRsDrive": false,
    "ArticleNumberRs": 0,
    "TwoDrivesSideInstallation50": 0,
    "TwoDrivesSideInstallation60": 0,
    "TwoDrivesSideInstallation70": 0,
    "TwoDrivesSideInstallation80": 0,
    "OpeningSpeedmms": 0,
    "Traction": 0,
    "Thrust": 0,
    "Id": "f894c384-bd5f-4f1b-a446-f4a3afc8426e",
    "CreatedOn": "2024-09-26T13:55:26.817Z",
    "CreatedBy": "",
    "ModifiedOn": "2024-09-26T13:55:26.817Z",
    "ModifiedBy": ""
  },
  {
    "Name": "Locking actuator 600",
    "Bezeichnung": "Verriegelungsantrieb 600",
    "ConfigurationId": "00000000-0000-0000-0000-000000000000",
    "Description": "",
    "Application": "",
    "ApplicationFacade": true,
    "ApplicationSkylight": false,
    "Type": 5,
    "OpeningType": 0,
    "BottomHungInward": true,
    "BottomHungOutward": false,
    "SideHungInward": true,
    "SideHungOutward": false,
    "TopHungInward": false,
    "TopHungOutward": false,
    "ProjectedTopHungInward": false,
    "ProjectedTopHungOutward": false,
    "InstallationType": "",
    "ITMainOutFrmMountWBracket": true,
    "ITMainFixOutFrmMount": true,
    "ITMainVentFrmMount": false,
    "ITSideMount50": false,
    "ITSideMount60": false,
    "ITSideMount70": false,
    "ITSideMount80": false,
    "ITSideMount67": false,
    "Feature": "",
    "FeatureOpenClose": true,
    "FeatureLock": false,
    "ArticleNumber": 291736,
    "Stroke": 0,
    "Angle": 0,
    "Voltage": null,
    "Voltage24": true,
    "Voltage230": true,
    "RatedCurrent": 0,
    "BreakingCurrent": 0,
    "PullingForceMax": 0,
    "PushingForceMax": 0,
    "PullingForceMaxWithNegativeWind": 0,
    "PushingForceMaxWithNegativeWind": 0,
    "PushingForcePermanent": 0,
    "PullingForcePermanent": 0,
    "MinPullingForceMax": 0,
    "MinPushingForceMax": 0,
    "MinPullingForcePermanent": 0,
    "MinPushingForcePermanent": 0,
    "Price": 218.27,
    "DriveLength": 0,
    "ChainDrive": 0,
    "ChainDrive2": 0,
    "MaxLengthMainClosingEdge1Drive": 0,
    "MaxGeometricArea": 0,
    "GeometricalSmokeExhaustion": 0,
    "TotalGlassThickness": 0,
    "Dimensions": 0,
    "DimensionsWxHxD": "415 x 26 x 26",
    "TensileForce": 0,
    "LockingForce": 0,
    "Details_DE": "<ul> <li>Bemessungsspannung: 24 V DC (19 V … 28 V)</li> <li>Abschaltstrom: ~1,0 A</li> <li>Bemessungsstrom: 0,6 A</li> <li>Bemessungsaufnahme: 15 W</li> <li>Schutzart: IP 32</li><li>Zug-/Schubkraft: max. 600 N</li> <li>Umgebungstemperatur: -5°C bis + 60°C</li> <li>Anschlussleitung: Halogenfrei, grau 3x 0,5mm², ~3m</li> <li>Laufzeit: ~ 5s</li><li>Hub: ~ 18mm</li> </ul>",
    "Details_EN": "<ul> <li>Rated voltage : 24 V DC (19 V … 28 V</li> <li>Breaking current : ~1,0 A</li> <li>Rated current : 0,6 A</li> <li>Rated consumption : 15 W</li> <li>Protection rating : IP 32</li><li>Traction/ thrust : max. 600 N</li> <li>Ambient temperature: -5°C bis + 60°C</li> <li>Connecting cable: halogen-free, grey 3 x 0,5mm², ~3m</li> <li>Running time: ~ 5s</li><li>Stroke: ~ 18mm</li> </ul>",
    "Einsatz": "<ul> <li>Anwendung: Lüftung, NRA</li><li>Integrierte intelligente Regelelektronik</li></ul>",
    "Use": "<ul> <li>Application: ventilation, natural smoke ventilation</li> <li>Integrated intelligent control electronics</li></ul>",
    "Ausstattung": "<ul><li>Laufrichtung einstellbar</li></ul>",
    "Equipment": "<ul><li>Running direction adjustable</li></ul>",
    "Optionen": "<ul> <li>Mitnehmer objekt-/profilspezifisch anpassbar</li></ul>",
    "Options": "<ul> <li>Coupling adapter customizable for project-/profile-specific demands</li></ul>",
    "IsTwoPce": false,
    "ResultVentWeight": 0,
    "IsLsRsDrive": true,
    "ArticleNumberRs": 291735,
    "TwoDrivesSideInstallation50": 0,
    "TwoDrivesSideInstallation60": 0,
    "TwoDrivesSideInstallation70": 0,
    "TwoDrivesSideInstallation80": 0,
    "OpeningSpeedmms": 0,
    "Traction": 0,
    "Thrust": 0,
    "Id": "69d8317e-493b-4010-8d9e-54168822bacf",
    "CreatedOn": "2024-09-26T13:55:26.817Z",
    "CreatedBy": "",
    "ModifiedOn": "2024-09-26T13:55:26.817Z",
    "ModifiedBy": ""
  }
]

13:05:41.310 [main] INFO  com.intuit.karate - Expected RecommDrive: Chain actuator D6 800,Locking actuator EasyConnect,Locking actuator 600 
13:05:41.310 [main] INFO  com.intuit.karate - Actual RecommDrive: Chain actuator D6 800, Locking actuator EasyConnect, Locking actuator 600 
13:05:41.310 [main] INFO  com.intuit.karate - Normalized Actual RecommDrive: Chain actuator D6 800,Locking actuator EasyConnect,Locking actuator 600 
13:05:41.310 [main] INFO  com.intuit.karate - Normalized Expected RecommDrive: Chain actuator D6 800,Locking actuator EasyConnect,Locking actuator 600 
13:05:41.310 [main] INFO  com.intuit.karate - All Drive IDs: [
  "e9fa5654-1773-4646-9949-a237ab4f4797",
  "f894c384-bd5f-4f1b-a446-f4a3afc8426e",
  "69d8317e-493b-4010-8d9e-54168822bacf"
]
 
13:05:41.310 [main] INFO  com.intuit.karate - First Drive ID: e9fa5654-1773-4646-9949-a237ab4f4797 
13:05:41.319 [main] DEBUG com.intuit.karate - request:
3 > POST https://dev-drivetec-apis.schuecodigitalsolutions.com/api/Drives/DownloadPDFNew/Schuco
3 > Content-Type: application/json; charset=UTF-8
3 > Content-Length: 1194
3 > Host: dev-drivetec-apis.schuecodigitalsolutions.com
3 > Connection: Keep-Alive
3 > User-Agent: Apache-HttpClient/4.5.14 (Java/17.0.12)
3 > Accept-Encoding: gzip,deflate
[{"Id":"configId","Header":"configId","Value":"4a7093b8-6d93-4532-a5ee-d488089b9ded"},{"Id":"driveId","Header":"driveId","Value":"e9fa5654-1773-4646-9949-a237ab4f4797"},{"Id":"culture","Header":"culture","Value":"EN-US"},{"Id":"projectId","Header":"projectId","Value":"4bf1dfc8-fd6d-4d3a-9337-7ee7425ebbdf"},{"Id":"range-of-app","Header":"Range of application","Value":"Façade"},{"Id":"opening-type","Header":"Opening type","Value":"Bottom-hung vent"},{"Id":"opening-direction","Header":"Opening direction","Value":"Inward"},{"Id":"how-calc-weight","Header":"Vent weight","Value":"Weight including glass"},{"Id":"Chain-Length","Header":"Chain- \/ connecting rod handle","Value":"100%"},{"Id":"drive-position","Header":"Drive position","Value":"Side installation"},{"Id":"locking-mechanism","Header":"Locking mechanism","Value":"With"},{"Id":"voltage","Header":"Voltage","Value":"24 V"},{"Id":"drive-type","Header":"Drive type","Value":"Chain drive"},{"Id":"type-installation","Header":"Type of installation","Value":"Pivoting Outer Frame Installation"},{"Id":"calculation-type-for-ventilation-area","Header":"Calculation type for ventilation area","Value":"Method in accordance with ASR 3.6"}]

13:05:43.252 [main] DEBUG com.intuit.karate - response time in milliseconds: 1933
3 < 200
3 < Content-Type: application/json; charset=utf-8
3 < Date: Tue, 03 Dec 2024 07:35:43 GMT
3 < Server: Microsoft-IIS/10.0
3 < X-Powered-By: ASP.NET
3 < Content-Length: 276
3 < Connection: keep-alive
{
  "result": "https://drive-tec-dev.s3.amazonaws.com/AUT_TPJ26668-Chain_actuator_D6_800.pdf?AWSAccessKeyId=AKIAZAWIART4ZFAXXPHK&Expires=1733214943&response-content-disposition=attachment%3B&response-content-type=application%2Fpdf&Signature=kPsSm1clMatHgCLusQTONTOtXko%3D"
}

13:05:43.252 [main] INFO  com.intuit.karate - Download URL for first driveId: https://drive-tec-dev.s3.amazonaws.com/AUT_TPJ26668-Chain_actuator_D6_800.pdf?AWSAccessKeyId=AKIAZAWIART4ZFAXXPHK&Expires=1733214943&response-content-disposition=attachment%3B&response-content-type=application%2Fpdf&Signature=kPsSm1clMatHgCLusQTONTOtXko%3D 
13:05:43.252 [main] INFO  com.intuit.karate - karate.env system property was: null 
13:05:43.252 [main] INFO  com.intuit.karate - Running test for dataset:  Dataset4 
13:05:43.267 [main] INFO  com.intuit.karate - Using ProjectId:  {
  "result": {
    "projectId": "prjId"
  },
  "projectPayload": {
    "Id": "579816e4-6653-4794-b435-a885f32e28d7",
    "Name": "AUT_TPJ26668",
    "Address": "Hyderabad, Telangana, India",
    "Description": "",
    "CreatedBy": "579816e4-6653-4794-b435-a885f32e28d7",
    "ModifiedBy": "579816e4-6653-4794-b435-a885f32e28d7"
  },
  "uniqueName": "AUT_TPJ26668",
  "responseHeaders": {
    "Content-Type": [
      "application/json; charset=utf-8"
    ],
    "Date": [
      "Tue, 03 Dec 2024 07:35:27 GMT"
    ],
    "Server": [
      "Microsoft-IIS/10.0"
    ],
    "X-Powered-By": [
      "ASP.NET"
    ],
    "transfer-encoding": [
      "chunked"
    ],
    "Connection": [
      "keep-alive"
    ],
    "Set-Cookie": [
    ]
  },
  "responseTime": 1242,
  "response": {
    "Name": "AUT_TPJ26668",
    "Description": "",
    "Address": "Hyderabad, Telangana, India",
    "Id": "4bf1dfc8-fd6d-4d3a-9337-7ee7425ebbdf",
    "CreatedOn": "2024-12-03T07:35:27.7758566+00:00",
    "CreatedBy": "579816e4-6653-4794-b435-a885f32e28d7",
    "ModifiedOn": "2024-12-03T07:35:27.7759029+00:00",
    "ModifiedBy": ""
  },
  "responseStatus": 200,
  "prjId": "4bf1dfc8-fd6d-4d3a-9337-7ee7425ebbdf",
  "projectId": "4bf1dfc8-fd6d-4d3a-9337-7ee7425ebbdf"
}
 
13:05:43.267 [main] DEBUG com.intuit.karate - request:
1 > POST https://dev-drivetec-apis.schuecodigitalsolutions.com/Configurations
1 > Content-Type: application/json; charset=UTF-8
1 > Content-Length: 1275
1 > Host: dev-drivetec-apis.schuecodigitalsolutions.com
1 > Connection: Keep-Alive
1 > User-Agent: Apache-HttpClient/4.5.14 (Java/17.0.12)
1 > Accept-Encoding: gzip,deflate
{"Id":"00000000-0000-0000-0000-000000000000","ProjectId":"4bf1dfc8-fd6d-4d3a-9337-7ee7425ebbdf","Name":"Dataset3268","Description":"Dataset3268","CustomTags":"","CreatedBy":"579816e4-6653-4794-b435-a885f32e28d7","ModifiedBy":"579816e4-6653-4794-b435-a885f32e28d7","ApplicationName":1,"System":"","FacadeInclination":0,"OpeningType":1,"OpeningDirection":1,"OpeningWidth":1000,"VentOuterWidth":1230,"VentOuterHeight":1480,"VentWeight":70,"CalculateWeightWithGlass":false,"WeightIncGlassOrThickness":false,"GlassThickness":14,"ProfileWeightPerSerialMeter":2.5,"IsWindowOpeningCalculationByAngle":1,"RequiredOpeningStroke":400,"OpeningAngle":15,"WindLoad":120,"SnowLoad":0,"DrivePosition":2,"InstallationPosition":1,"ChainLengthConnectingRodHandle":5,"LockingMechanism":1,"Voltage":1,"DriveType":1,"TypeOfInstallation":2,"CalculationTypeForVentilation":1,"CalcVentilation":1,"GeometricArea":1,"SpecificExhaustDimension":30,"BuildingDepth":75,"RevealDepth":0,"RevealDepthRectangleAngle1":0,"RevealDepthRectangleAngle2":0,"HeightOfProfile":0,"HeightProfileRectangleAngle1":0,"HeightProfileRectangleAngle2":0,"AkippOrAtilt":0,"AdrehOrAturn":0,"Ageo":0,"MinPullingForceMax":0,"MinPushingForceMax":0,"MinPullingForcePermanent":0,"MinPushingForcePermanent":0,"ForceWithNegativeWind":0}

13:05:43.958 [main] DEBUG com.intuit.karate - response time in milliseconds: 676
1 < 200
1 < Content-Type: application/json; charset=utf-8
1 < Date: Tue, 03 Dec 2024 07:35:43 GMT
1 < Server: Microsoft-IIS/10.0
1 < X-Powered-By: ASP.NET
1 < Content-Length: 2030
1 < Connection: keep-alive
{
  "ProjectId": "4bf1dfc8-fd6d-4d3a-9337-7ee7425ebbdf",
  "Name": "Dataset3268",
  "Description": "Dataset3268",
  "CustomTags": "",
  "ApplicationName": 1,
  "OpeningType": 1,
  "OpeningDirection": 1,
  "CalculateWeightWithGlass": false,
  "WindLoad": 120,
  "IsWindowOpeningCalculationByAngle": 1,
  "VentOuterWidth": 1230,
  "VentOuterHeight": 1480,
  "WeightIncGlassOrThickness": false,
  "VentWeight": 77,
  "VentWeightExact": 77.26400000000001,
  "GlassThickness": 14,
  "ProfileWeightPerSerialMeter": 2.5,
  "FacadeInclination": 0,
  "ChainLengthConnectingRodHandle": 5,
  "ChainLenghtConnectingRodHandle": 0,
  "RequiredOpeningStroke": 400,
  "OpeningWidth": 1000,
  "OpeningAngle": 15.532868337024489,
  "SpecificExhaustDimension": 30,
  "BuildingDepth": 75,
  "SnowLoad": 0,
  "DistanceHinge": 0,
  "RatedCurrent": 0,
  "DrivePosition": 2,
  "LockingMechanism": 1,
  "Voltage": 1,
  "DriveType": 1,
  "TypeOfInstallation": 2,
  "GeometricArea": 0,
  "CalculationTypeForVentilation": 1,
  "HeightOfProfile": 0,
  "Reveal": 0,
  "RevealDepth": 0,
  "HeightProfileRectangleAngle1": 0,
  "HeightProfileRectangleAngle2": 0,
  "RevealDepthRectangleAngle1": 0,
  "RevealDepthRectangleAngle2": 0,
  "RevealDepthRectangleAngle12": 0,
  "InstallationPosition": 0,
  "RecommendedDriveArticleNo": 0,
  "System": "",
  "AkippOrAtilt": 1.084,
  "AdrehOrAturn": 1.8204,
  "Ageo": 1.084,
  "MinPullingForceMax": -206.4868442161654,
  "MinPushingForceMax": -206.4868442161654,
  "MinPullingForcePermanent": -104.11163259218097,
  "MinPushingForcePermanent": -104.11163259218097,
  "ForceWithNegativeWind": 109.53156767199486,
  "ForceWithNoWindMin": 0.30763693489047433,
  "ForceWithNegativeWindMin": 0,
  "ForceWithWindMin": -108.91629380221393,
  "Id": "9ed82a88-0163-4481-a347-014f4a44a832",
  "CreatedOn": "2024-12-03T07:35:43.862712+00:00",
  "CreatedBy": "579816e4-6653-4794-b435-a885f32e28d7",
  "ModifiedOn": "2024-12-03T07:35:43.862713+00:00",
  "ModifiedBy": ""
}

13:05:43.958 [main] INFO  com.intuit.karate - Generated Config ID: 9ed82a88-0163-4481-a347-014f4a44a832 
13:05:43.958 [main] INFO  com.intuit.karate - Generated Name: Dataset3268 
13:05:43.958 [main] INFO  com.intuit.karate - Generated Description: Dataset3268 
13:05:43.958 [main] DEBUG com.intuit.karate - request:
1 > PUT https://dev-drivetec-apis.schuecodigitalsolutions.com/Configurations
1 > Content-Type: application/json; charset=UTF-8
1 > Content-Length: 1271
1 > Host: dev-drivetec-apis.schuecodigitalsolutions.com
1 > Connection: Keep-Alive
1 > User-Agent: Apache-HttpClient/4.5.14 (Java/17.0.12)
1 > Accept-Encoding: gzip,deflate
{"Id":"9ed82a88-0163-4481-a347-014f4a44a832","Name":"Dataset4","Description":"Dataset3268","ProjectId":"4bf1dfc8-fd6d-4d3a-9337-7ee7425ebbdf","CustomTags":"","CreatedBy":"579816e4-6653-4794-b435-a885f32e28d7","ModifiedBy":"579816e4-6653-4794-b435-a885f32e28d7","System":"","FacadeInclination":0,"OpeningType":4,"OpeningDirection":1,"OpeningWidth":1000,"VentOuterWidth":1342,"VentOuterHeight":1480,"VentWeight":0,"CalculateWeightWithGlass":false,"RequiredOpeningStroke":400,"WindLoad":120,"SnowLoad":0,"IsWindowOpeningCalculationByAngle":1,"GlassThickness":14,"ProfileWeightPerSerialMeter":2.5,"DrivePosition":2,"InstallationPosition":0,"LockingMechanism":1,"Voltage":1,"DriveType":3,"TypeOfInstallation":2,"GeometricArea":0,"CalcVentilation":1,"SpecificExhaustDimension":45,"BuildingDepth":90,"CalculationTypeForVentilation":1,"HeightOfProfile":0,"HeightProfileRectangleAngle1":0,"HeightProfileRectangleAngle2":0,"RevealDepth":0,"RevealDepthRectangleAngle1":0,"RevealDepthRectangleAngle2":0,"ChainLengthConnectingRodHandle":5,"ApplicationName":2,"OpeningAngle":29,"WeightIncGlassOrThickness":false,"AkippOrAtilt":0,"AdrehOrAturn":0,"Ageo":0,"MinPullingForceMax":0,"MinPushingForceMax":0,"MinPullingForcePermanent":0,"MinPushingForcePermanent":0,"ForceWithNegativeWind":0}

13:05:44.621 [main] DEBUG com.intuit.karate - response time in milliseconds: 663
1 < 200
1 < Content-Type: application/json; charset=utf-8
1 < Date: Tue, 03 Dec 2024 07:35:44 GMT
1 < Server: Microsoft-IIS/10.0
1 < X-Powered-By: ASP.NET
1 < Content-Length: 2065
1 < Connection: keep-alive
{
  "ProjectId": "4bf1dfc8-fd6d-4d3a-9337-7ee7425ebbdf",
  "Name": "Dataset4",
  "Description": "Dataset3268",
  "CustomTags": "",
  "ApplicationName": 2,
  "OpeningType": 4,
  "OpeningDirection": 1,
  "CalculateWeightWithGlass": false,
  "WindLoad": 120,
  "IsWindowOpeningCalculationByAngle": 1,
  "VentOuterWidth": 1342,
  "VentOuterHeight": 1480,
  "WeightIncGlassOrThickness": false,
  "VentWeight": 84,
  "VentWeightExact": 83.62559999999999,
  "GlassThickness": 14,
  "ProfileWeightPerSerialMeter": 2.5,
  "FacadeInclination": 0,
  "ChainLengthConnectingRodHandle": 5,
  "ChainLenghtConnectingRodHandle": 0,
  "RequiredOpeningStroke": 400,
  "OpeningWidth": 1000,
  "OpeningAngle": 15.532868337024489,
  "SpecificExhaustDimension": 45,
  "BuildingDepth": 90,
  "SnowLoad": 0,
  "DistanceHinge": 0,
  "RatedCurrent": 0,
  "DrivePosition": 2,
  "LockingMechanism": 1,
  "Voltage": 1,
  "DriveType": 3,
  "TypeOfInstallation": 2,
  "GeometricArea": 0,
  "CalculationTypeForVentilation": 1,
  "HeightOfProfile": 0,
  "Reveal": 0,
  "RevealDepth": 0,
  "HeightProfileRectangleAngle1": 0,
  "HeightProfileRectangleAngle2": 0,
  "RevealDepthRectangleAngle1": 0,
  "RevealDepthRectangleAngle2": 0,
  "RevealDepthRectangleAngle12": 0,
  "InstallationPosition": 0,
  "RecommendedDriveArticleNo": 0,
  "System": "",
  "AkippOrAtilt": 1.1288,
  "AdrehOrAturn": 1.98616,
  "Ageo": 1.1288,
  "MinPullingForceMax": 415.2112673629173,
  "MinPushingForceMax": 418.12799999999993,
  "MinPullingForcePermanent": 418.12799999999993,
  "MinPushingForcePermanent": 418.12799999999993,
  "ForceWithNegativeWind": 418.12799999999993,
  "ForceWithNoWindMin": 406.58625068019194,
  "ForceWithNegativeWindMin": 402.27374233882927,
  "ForceWithWindMin": 415.2112673629173,
  "Id": "9ed82a88-0163-4481-a347-014f4a44a832",
  "CreatedOn": "0001-01-01T00:00:00",
  "CreatedBy": "579816e4-6653-4794-b435-a885f32e28d7",
  "ModifiedOn": "2024-12-03T07:35:44.5438409+00:00",
  "ModifiedBy": "579816e4-6653-4794-b435-a885f32e28d7"
}

13:05:44.636 [main] INFO  com.intuit.karate - Rounded Opening Angle: 16.0 
13:05:44.636 [main] INFO  com.intuit.karate - Rounded Ageo: 1.13 
13:05:44.636 [main] INFO  com.intuit.karate - Rounded Required Opening Stroke: 400.0 
13:05:44.636 [main] INFO  com.intuit.karate - Rounded Vent Weight: 84.0 
13:05:44.636 [main] DEBUG com.intuit.karate - request:
2 > GET https://dev-drivetec-apis.schuecodigitalsolutions.com/Config/9ed82a88-0163-4481-a347-014f4a44a832/Drive
2 > Host: dev-drivetec-apis.schuecodigitalsolutions.com
2 > Connection: Keep-Alive
2 > User-Agent: Apache-HttpClient/4.5.14 (Java/17.0.12)
2 > Accept-Encoding: gzip,deflate


13:05:45.500 [main] DEBUG com.intuit.karate - response time in milliseconds: 864
2 < 200
2 < Content-Type: application/json; charset=utf-8
2 < Date: Tue, 03 Dec 2024 07:35:44 GMT
2 < Server: Microsoft-IIS/10.0
2 < X-Powered-By: ASP.NET
2 < transfer-encoding: chunked
2 < Connection: keep-alive
[
  {
    "Name": "Chain actuator D15 800",
    "Bezeichnung": "Kettenantrieb D15 800",
    "ConfigurationId": "00000000-0000-0000-0000-000000000000",
    "Description": "",
    "Application": "Roof",
    "ApplicationFacade": false,
    "ApplicationSkylight": true,
    "Type": 1,
    "OpeningType": 0,
    "BottomHungInward": false,
    "BottomHungOutward": true,
    "SideHungInward": false,
    "SideHungOutward": false,
    "TopHungInward": false,
    "TopHungOutward": true,
    "ProjectedTopHungInward": false,
    "ProjectedTopHungOutward": false,
    "InstallationType": "",
    "ITMainOutFrmMountWBracket": true,
    "ITMainFixOutFrmMount": false,
    "ITMainVentFrmMount": false,
    "ITSideMount50": false,
    "ITSideMount60": false,
    "ITSideMount70": false,
    "ITSideMount80": false,
    "ITSideMount67": false,
    "Feature": "",
    "FeatureOpenClose": true,
    "FeatureLock": true,
    "ArticleNumber": 291731,
    "Stroke": 800,
    "Angle": 0,
    "Voltage": "24 V DC",
    "Voltage24": true,
    "Voltage230": false,
    "RatedCurrent": 4,
    "BreakingCurrent": 5,
    "PullingForceMax": 1500,
    "PushingForceMax": 1500,
    "PullingForceMaxWithNegativeWind": 0,
    "PushingForceMaxWithNegativeWind": 0,
    "PushingForcePermanent": 1000,
    "PullingForcePermanent": 1000,
    "MinPullingForceMax": 0,
    "MinPushingForceMax": 418.13,
    "MinPullingForcePermanent": 0,
    "MinPushingForcePermanent": 418.13,
    "Price": 821.56,
    "DriveLength": 800,
    "ChainDrive": 900,
    "ChainDrive2": 1760,
    "MaxLengthMainClosingEdge1Drive": 0,
    "MaxGeometricArea": 1,
    "GeometricalSmokeExhaustion": 0,
    "TotalGlassThickness": 14,
    "Dimensions": 0,
    "DimensionsWxHxD": "800 x 120 x 60",
    "TensileForce": 0,
    "LockingForce": 0,
    "Details_DE": "<ul> <li>Bemessungsspannung: 24 V DC (19 V … 28 V)</li> <li>Abschaltstrom: 5 A</li> <li>Bemessungsstrom: 3,75 A</li> <li>Bemessungsaufnahme: 90 W</li> <li>Schutzart: IP 20</li><li>Zug-/Schubkraft: max. 1500 N</li> <li>Umgebungstemperatur: -5°C bis + 60°C</li> <li>Anschlussleitung: Halogenfrei, grau 5 x 1mm², ~3m</li> <li>Max. Geschwindigkeit: 17 mm/s</li> </ul>",
    "Details_EN": "<ul> <li>Rated voltage: 24 V DC (19 V … 28 V)</li><li>Breaking current: 5 A</li><li>Rated current: 3.75 A</li><li>Rated consumption: 90 W</li><li>Protection rating: IP 20</li> <li>Traction/ thrust: max. 1500 N</li><li>Ambient temperature: -5° C to +60° C</li><li>Connecting cable: halogen-free, grey 5 x 1mm², ~3m</li><li>Max. speed: 17 mm/s</li></ul>",
    "Einsatz": "<ul> <li>Anwendung: Lüftung, NRA</li><li>Integrierte intelligente Regelelektronik</li> <li>Rückmeldung Endlage „ZU“ (max. 24 V, 500 mA)</li></ul>",
    "Use": "<ul> <li>Application: ventilation, natural smoke ventilation</li> <li>Integrated intelligent control electronics</li> <li>Response for “CLOSED” end position (max. 24 V, 500 mA)</li></ul>",
    "Ausstattung": "<ul><li>Symmetrischer Kettenaustritt</li><li>Integrierte Steckerlösung</li></ul>",
    "Equipment": "<ul><li>Symmetrical chain output</li><li>Integrated plug solution</li></ul>",
    "Optionen": "<ul> <li>Programmierung von Sonderfunktionen</li> <li>Programmierbare Rückmeldung Endlage „AUF“ (max. 24 V, 500 mA)</li> <li>Schüco Kontroller zur automatischen Konfiguration von Synchronlauf und Folgesteuerungen mit Verriegelungsantrieben in Antriebs-Verbundsystemen</li></ul>",
    "Options": "<ul> <li>Programming of special functions</li> <li>Programmable response for “OPEN” end position (max. 24 V, 500 mA)</li> <li>Schüco controller for automatic configuration of synchronous running and sequence control with locking drives in composite drive systems</li> </ul>",
    "IsTwoPce": false,
    "ResultVentWeight": 83.63,
    "IsLsRsDrive": false,
    "ArticleNumberRs": 0,
    "TwoDrivesSideInstallation50": 0,
    "TwoDrivesSideInstallation60": 0,
    "TwoDrivesSideInstallation70": 0,
    "TwoDrivesSideInstallation80": 0,
    "OpeningSpeedmms": 0,
    "Traction": 1500,
    "Thrust": 1500,
    "Id": "6e554a6b-0764-4e7a-ac2f-8ca9ada34e08",
    "CreatedOn": "2024-09-26T13:55:26.818Z",
    "CreatedBy": "",
    "ModifiedOn": "2024-09-26T13:55:26.818Z",
    "ModifiedBy": ""
  },
  {
    "Name": "Chain actuator D6 400",
    "Bezeichnung": "Kettenantrieb D6 400",
    "ConfigurationId": "00000000-0000-0000-0000-000000000000",
    "Description": "",
    "Application": "Roof",
    "ApplicationFacade": true,
    "ApplicationSkylight": true,
    "Type": 1,
    "OpeningType": 0,
    "BottomHungInward": true,
    "BottomHungOutward": true,
    "SideHungInward": true,
    "SideHungOutward": true,
    "TopHungInward": false,
    "TopHungOutward": true,
    "ProjectedTopHungInward": false,
    "ProjectedTopHungOutward": true,
    "InstallationType": "",
    "ITMainOutFrmMountWBracket": true,
    "ITMainFixOutFrmMount": false,
    "ITMainVentFrmMount": true,
    "ITSideMount50": false,
    "ITSideMount60": false,
    "ITSideMount70": false,
    "ITSideMount80": false,
    "ITSideMount67": true,
    "Feature": "",
    "FeatureOpenClose": true,
    "FeatureLock": true,
    "ArticleNumber": 291715,
    "Stroke": 400,
    "Angle": 0,
    "Voltage": "24 V DC",
    "Voltage24": true,
    "Voltage230": false,
    "RatedCurrent": 1,
    "BreakingCurrent": 1,
    "PullingForceMax": 600,
    "PushingForceMax": 600,
    "PullingForceMaxWithNegativeWind": 0,
    "PushingForceMaxWithNegativeWind": 0,
    "PushingForcePermanent": 400,
    "PullingForcePermanent": 600,
    "MinPullingForceMax": 0,
    "MinPushingForceMax": 418.13,
    "MinPullingForcePermanent": 0,
    "MinPushingForcePermanent": 418.13,
    "Price": 720.7,
    "DriveLength": 591,
    "ChainDrive": 691,
    "ChainDrive2": 1342,
    "MaxLengthMainClosingEdge1Drive": 1920,
    "MaxGeometricArea": 1,
    "GeometricalSmokeExhaustion": 0,
    "TotalGlassThickness": 14,
    "Dimensions": 0,
    "DimensionsWxHxD": "591 x 40 x 56",
    "TensileForce": 0,
    "LockingForce": 0,
    "Details_DE": "<ul> <li>Bemessungsspannung: 24 V DC (19 V … 28 V)</li> <li>Abschaltstrom: 1,2 A</li> <li>Bemessungsstrom: 0,9 A</li> <li>Bemessungsaufnahme: 22 W</li> <li>Schutzart: IP 32</li> <li>Zug-/Schubkraft: max. 600 N</li> <li>Umgebungstemperatur: -5°C bis + 60°C</li> <li>Anschlussleitung: Halogenfrei, grau 5 x 0,5mm², ~3m</li> <li>Max. Geschwindigkeit: 13,5 mm/s</li> </ul>",
    "Details_EN": "<ul> <li>Rated voltage: 24 V DC (19 V … 28 V)</li><li>Breaking current: 1.2 A</li><li>Rated current: 0.9 A</li><li>Rated consumption: 22W</li><li>Protection rating: IP 32</li><li>Traction/ thrust: max. 600 N</li><li>Ambient temperature: -5° C to +60° C</li><li>Connecting cable: halogen-free, grey 3 x 0,5mm², ~3m</li><li>Max. speed: 13,5 mm/s</li></ul>",
    "Einsatz": "<ul><li>Anwendung: Lüftung, NRA</li> <li>Integrierte intelligente Regelelektronik</li></ul>",
    "Use": "<ul><li>Application: ventilation, natural smoke ventilation</li> <li>Integrated intelligent control electronics</li> </ul>",
    "Ausstattung": "<ul><li>Zusätzlicher Universal-Steckersatz für Mehrfachbetrieb bis zu 4 Antrieben und 2 Verriegelungsantrieben</li></ul>",
    "Equipment": "<ul><li>Additional universal plug socket for multiplex operation  of up to 4 drives and 2 interlocking drives</li></ul>",
    "Optionen": "<ul><li>Programmierung von Sonderfunktionen</li> <li>Programmierbare Rückmeldung Endlage „AUF“ (max. 24 V, 500 mA)</li> <li>Schüco Kontroller zur automatischen Konfiguration von Synchronlauf und Folgesteuerungen mit Verriegelungsantrieben in Antriebs-Verbundsystemen</li> </ul>",
    "Options": "<ul><li>Programming of special functions</li> <li>Programmable response for “OPEN” end position (max. 24 V, 500 mA)</li> <li>Schüco controller for automatic configuration of synchronous running and sequence control with locking drives in composite drive systems</li> </ul>",
    "IsTwoPce": true,
    "ResultVentWeight": 83.63,
    "IsLsRsDrive": false,
    "ArticleNumberRs": 0,
    "TwoDrivesSideInstallation50": 0,
    "TwoDrivesSideInstallation60": 0,
    "TwoDrivesSideInstallation70": 0,
    "TwoDrivesSideInstallation80": 0,
    "OpeningSpeedmms": 0,
    "Traction": 600,
    "Thrust": 600,
    "Id": "6cfaf03b-807c-4298-8635-4bf804653a9e",
    "CreatedOn": "2024-09-26T13:55:26.817Z",
    "CreatedBy": "",
    "ModifiedOn": "2024-09-26T13:55:26.817Z",
    "ModifiedBy": ""
  },
  {
    "Name": "Linear drive LDB16 L400",
    "Bezeichnung": "Linearantrieb LDB16 L400",
    "ConfigurationId": "00000000-0000-0000-0000-000000000000",
    "Description": "",
    "Application": "Roof",
    "ApplicationFacade": false,
    "ApplicationSkylight": true,
    "Type": 2,
    "OpeningType": 0,
    "BottomHungInward": false,
    "BottomHungOutward": true,
    "SideHungInward": false,
    "SideHungOutward": false,
    "TopHungInward": false,
    "TopHungOutward": true,
    "ProjectedTopHungInward": false,
    "ProjectedTopHungOutward": false,
    "InstallationType": "",
    "ITMainOutFrmMountWBracket": true,
    "ITMainFixOutFrmMount": false,
    "ITMainVentFrmMount": false,
    "ITSideMount50": true,
    "ITSideMount60": true,
    "ITSideMount70": true,
    "ITSideMount80": true,
    "ITSideMount67": false,
    "Feature": "",
    "FeatureOpenClose": true,
    "FeatureLock": true,
    "ArticleNumber": 291924,
    "Stroke": 400,
    "Angle": 0,
    "Voltage": "24 V DC",
    "Voltage24": true,
    "Voltage230": false,
    "RatedCurrent": 1,
    "BreakingCurrent": 1,
    "PullingForceMax": 1600,
    "PushingForceMax": 1600,
    "PullingForceMaxWithNegativeWind": 0,
    "PushingForceMaxWithNegativeWind": 0,
    "PushingForcePermanent": 1066.67,
    "PullingForcePermanent": 1066.67,
    "MinPullingForceMax": 0,
    "MinPushingForceMax": 418.13,
    "MinPullingForcePermanent": 0,
    "MinPushingForcePermanent": 418.13,
    "Price": 443.15,
    "DriveLength": 0,
    "ChainDrive": 450,
    "ChainDrive2": 450,
    "MaxLengthMainClosingEdge1Drive": 2100,
    "MaxGeometricArea": 1,
    "GeometricalSmokeExhaustion": 0,
    "TotalGlassThickness": 14,
    "Dimensions": 0,
    "DimensionsWxHxD": "723 x Ø36",
    "TensileForce": 0,
    "LockingForce": 0,
    "Details_DE": "<ul> <li>Bemessungsspannung: 24 V DC (19 V … 28 V)</li><li>Abschaltstrom: 1,2 A</li><li>Bemessungsstrom: 1,0 A</li><li>Bemessungsaufnahme: 24 W</li><li>Schutzart: IP 65</li> <li>Zug-/Schubkraft: max. 1600 N</li><li>Umgebungstemperatur: -5°C bis + 60°C</li><li>Anschlussleitung: Halogenfrei, grau 3 x 1mm², ~3m</li><li>Max. Geschwindigkeit: 4 mm/s</li></ul>",
    "Details_EN": "<ul> <li>Rated voltage: 24 V DC (19 V … 28 V)</li> <li>Breaking current: 1.2 A</li> <li>Rated current: 1.0 A</li> <li>Rated consumption: 24 W</li> <li>Protection rating: IP 65</li><li>Traction/ thrust: max. 1600N</li> <li>Ambient temperature: -5°C to + 60°C</li> <li>Connecting cable: halogen-free, grey 3 x 1mm², ~3m</li> <li>Max. speed: 4 mm/s</li> </ul>",
    "Einsatz": "<ul> <li>Anwendung: Lüftung, NRA</li><li>Integrierte intelligente Regelelektronik</li></ul>",
    "Use": "<ul> <li>Application: ventilation, natural smoke ventilation</li><li>Integrated intelligent control electronics</li></ul>",
    "Ausstattung": "<ul> <li>Robuste korrosionsbeständige Ausführung in eloxierten Aluminiumgehäuse</li><li>Montagefreundlich durch verstellbaren Klemmring</li><li>Spindel aus Edelstahl, kugelgelagert mit Endlagendämpfung</li><li>Mit Goretex Membrane</li></ul>",
    "Equipment": "<ul> <li>Robust, corrosion-resistant design in anodized casing</li><li>Easy installation thanks to adjustable clamping ring</li><li>Stainless steel spindle on ball bearings with end position cushioning</li><li>with Goretex membrane</li></ul>",
    "Optionen": "<ul> <li>Programmierung von Sonderfunktionen</li><li>Programmierbare Parameter der Regelelektronik</li><li>Schüco Kontroller zur automatischen Konfiguration von Synchronlauf und Folgesteuerungen mit Verriegelungsantrieb in Antriebs-Verbundsystem</li></ul>",
    "Options": "<ul> <li>Programming of special functions</li><li>Programmable parameters of intelligent control electronics</li><li>Schüco controller for automatic configuration of synchronous running and sequence control with locking drives in composite drive systems</li></ul>",
    "IsTwoPce": false,
    "ResultVentWeight": 83.63,
    "IsLsRsDrive": false,
    "ArticleNumberRs": 0,
    "TwoDrivesSideInstallation50": 650,
    "TwoDrivesSideInstallation60": 650,
    "TwoDrivesSideInstallation70": 650,
    "TwoDrivesSideInstallation80": 650,
    "OpeningSpeedmms": 4,
    "Traction": 1067,
    "Thrust": 1600,
    "Id": "9f91500a-3224-410c-b4df-c240b49d5a6d",
    "CreatedOn": "2024-09-26T13:55:26.817Z",
    "CreatedBy": "",
    "ModifiedOn": "2024-09-26T13:55:26.817Z",
    "ModifiedBy": ""
  },
  {
    "Name": "Linear drive LDN8 L400",
    "Bezeichnung": "Linearantrieb LDN8 L400",
    "ConfigurationId": "00000000-0000-0000-0000-000000000000",
    "Description": "",
    "Application": "Roof",
    "ApplicationFacade": false,
    "ApplicationSkylight": true,
    "Type": 2,
    "OpeningType": 0,
    "BottomHungInward": false,
    "BottomHungOutward": true,
    "SideHungInward": false,
    "SideHungOutward": false,
    "TopHungInward": false,
    "TopHungOutward": true,
    "ProjectedTopHungInward": false,
    "ProjectedTopHungOutward": false,
    "InstallationType": "",
    "ITMainOutFrmMountWBracket": true,
    "ITMainFixOutFrmMount": false,
    "ITMainVentFrmMount": false,
    "ITSideMount50": true,
    "ITSideMount60": true,
    "ITSideMount70": true,
    "ITSideMount80": true,
    "ITSideMount67": false,
    "Feature": "",
    "FeatureOpenClose": true,
    "FeatureLock": true,
    "ArticleNumber": 291920,
    "Stroke": 400,
    "Angle": 0,
    "Voltage": "24 V DC",
    "Voltage24": true,
    "Voltage230": false,
    "RatedCurrent": 1,
    "BreakingCurrent": 1,
    "PullingForceMax": 800,
    "PushingForceMax": 800,
    "PullingForceMaxWithNegativeWind": 0,
    "PushingForceMaxWithNegativeWind": 0,
    "PushingForcePermanent": 533.33,
    "PullingForcePermanent": 533.33,
    "MinPullingForceMax": 0,
    "MinPushingForceMax": 418.13,
    "MinPullingForcePermanent": 0,
    "MinPushingForcePermanent": 418.13,
    "Price": 456.43,
    "DriveLength": 0,
    "ChainDrive": 450,
    "ChainDrive2": 450,
    "MaxLengthMainClosingEdge1Drive": 2100,
    "MaxGeometricArea": 1,
    "GeometricalSmokeExhaustion": 0,
    "TotalGlassThickness": 14,
    "Dimensions": 0,
    "DimensionsWxHxD": "723 x Ø36",
    "TensileForce": 0,
    "LockingForce": 0,
    "Details_DE": "<ul> <li>Bemessungsspannung: 24 V DC (19 V … 28 V)</li><li>Abschaltstrom: 1,4 A</li><li>Bemessungsstrom: 1,0 A</li><li>Bemessungsaufnahme: 24 W</li><li>Schutzart: IP 65</li> <li>Zug-/Schubkraft: max. 800 N</li><li>Umgebungstemperatur: -5°C bis + 60°C</li><li>Anschlussleitung: Halogenfrei, grau 3 x 1mm², ~3m</li><li>Max. Geschwindigkeit: 10 mm/s</li></ul>",
    "Details_EN": "<ul> <li>Rated voltage: 24 V DC (19 V … 28 V)</li> <li>Breaking current: 1.4 A</li> <li>Rated current: 1.0 A</li> <li>Rated consumption: 24 W</li> <li>Protection rating: IP 65</li><li>Traction/ thrust: max. 800 N</li> <li>Ambient temperature: -5°C to + 60°C</li> <li>Connecting cable: halogen-free, grey 3 x 1mm², ~3m</li> <li>Max. speed: 10 mm/s</li> </ul>",
    "Einsatz": "<ul> <li>Anwendung: Lüftung, NRA</li><li>Integrierte intelligente Regelelektronik</li></ul>",
    "Use": "<ul> <li>Application: ventilation, natural smoke ventilation</li><li>Integrated intelligent control electronics</li></ul>",
    "Ausstattung": "<ul> <li>Robuste korrosionsbeständige Ausführung in eloxierten Aluminiumgehäuse</li><li>Montagefreundlich durch verstellbaren Klemmring</li><li>Spindel aus Edelstahl, kugelgelagert mit Endlagendämpfung</li><li>Mit Goretex Membrane</li></ul>",
    "Equipment": "<ul> <li>Robust, corrosion-resistant design in anodized casing</li><li>Easy installation thanks to adjustable clamping ring</li><li>Stainless steel spindle on ball bearings with end position cushioning</li><li>with Goretex membrane</li></ul>",
    "Optionen": "<ul> <li>Programmierung von Sonderfunktionen</li><li>Programmierbare Parameter der Regelelektronik</li><li>Schüco Kontroller zur automatischen Konfiguration von Synchronlauf und Folgesteuerungen mit Verriegelungsantrieb in Antriebs-Verbundsystem</li></ul>",
    "Options": "<ul> <li>Programming of special functions</li><li>Programmable parameters of intelligent control electronics</li><li>Schüco controller for automatic configuration of synchronous running and sequence control with locking actuators in composite drive systems</li></ul>",
    "IsTwoPce": false,
    "ResultVentWeight": 83.63,
    "IsLsRsDrive": false,
    "ArticleNumberRs": 0,
    "TwoDrivesSideInstallation50": 650,
    "TwoDrivesSideInstallation60": 650,
    "TwoDrivesSideInstallation70": 650,
    "TwoDrivesSideInstallation80": 650,
    "OpeningSpeedmms": 10,
    "Traction": 533,
    "Thrust": 800,
    "Id": "a5df0ac4-840a-4686-ab17-68a05d8c4d52",
    "CreatedOn": "2024-09-26T13:55:26.817Z",
    "CreatedBy": "",
    "ModifiedOn": "2024-09-26T13:55:26.817Z",
    "ModifiedBy": ""
  },
  {
    "Name": "Linear drive LDN10 L400",
    "Bezeichnung": "Linearantrieb LDN10 L400",
    "ConfigurationId": "00000000-0000-0000-0000-000000000000",
    "Description": "",
    "Application": "Roof",
    "ApplicationFacade": false,
    "ApplicationSkylight": true,
    "Type": 2,
    "OpeningType": 0,
    "BottomHungInward": false,
    "BottomHungOutward": true,
    "SideHungInward": false,
    "SideHungOutward": false,
    "TopHungInward": false,
    "TopHungOutward": true,
    "ProjectedTopHungInward": false,
    "ProjectedTopHungOutward": false,
    "InstallationType": "",
    "ITMainOutFrmMountWBracket": true,
    "ITMainFixOutFrmMount": false,
    "ITMainVentFrmMount": false,
    "ITSideMount50": true,
    "ITSideMount60": true,
    "ITSideMount70": true,
    "ITSideMount80": true,
    "ITSideMount67": false,
    "Feature": "",
    "FeatureOpenClose": true,
    "FeatureLock": true,
    "ArticleNumber": 291928,
    "Stroke": 400,
    "Angle": 0,
    "Voltage": "24 V DC",
    "Voltage24": true,
    "Voltage230": false,
    "RatedCurrent": 2,
    "BreakingCurrent": 2,
    "PullingForceMax": 1000,
    "PushingForceMax": 1000,
    "PullingForceMaxWithNegativeWind": 0,
    "PushingForceMaxWithNegativeWind": 0,
    "PushingForcePermanent": 666.67,
    "PullingForcePermanent": 666.67,
    "MinPullingForceMax": 0,
    "MinPushingForceMax": 418.13,
    "MinPullingForcePermanent": 0,
    "MinPushingForcePermanent": 418.13,
    "Price": 585.51,
    "DriveLength": 0,
    "ChainDrive": 450,
    "ChainDrive2": 450,
    "MaxLengthMainClosingEdge1Drive": 2100,
    "MaxGeometricArea": 1,
    "GeometricalSmokeExhaustion": 0,
    "TotalGlassThickness": 14,
    "Dimensions": 0,
    "DimensionsWxHxD": "723 x Ø36",
    "TensileForce": 0,
    "LockingForce": 0,
    "Details_DE": "<ul> <li>Bemessungsspannung: 24 V DC (19 V … 28 V)</li><li>Abschaltstrom: 2,5 A</li><li>Bemessungsstrom: 1,9 A</li><li>Bemessungsaufnahme: 45 W</li><li>Schutzart: IP 65</li> <li>Zug-/Schubkraft: max. 1000 N</li><li>Umgebungstemperatur: -5°C bis + 60°C</li><li>Anschlussleitung: Halogenfrei, grau 3 x 1mm², ~3m</li><li>Max. Geschwindigkeit: 12,6 mm/s</li></ul>",
    "Details_EN": "<ul> <li>Rated voltage: 24 V DC (19 V … 28 V)</li> <li>Breaking current: 2.5 A</li> <li>Rated current: 1.9 A</li> <li>Rated consumption: 45 W</li> <li>Protection rating: IP 65</li><li>Traction/ thrust: max. 1000N</li> <li>Ambient temperature: -5°C to + 60°C</li> <li>Connecting cable: halogen-free, grey 3 x 1mm², ~3m</li> <li>Max. speed: 12.6 mm/s</li> </ul>",
    "Einsatz": "<ul> <li>Anwendung: Lüftung, NRA</li><li>Integrierte intelligente Regelelektronik</li></ul>",
    "Use": "<ul> <li>Application: ventilation, natural smoke ventilation</li><li>Integrated intelligent control electronics</li></ul>",
    "Ausstattung": "<ul> <li>Robuste korrosionsbeständige Ausführung in eloxierten Aluminiumgehäuse</li><li>Montagefreundlich durch verstellbaren Klemmring</li><li>Spindel aus Edelstahl, kugelgelagert mit Endlagendämpfung</li><li>Mit Goretex Membrane</li></ul>",
    "Equipment": "<ul> <li>Robust, corrosion-resistant design in anodized casing</li><li>Easy installation thanks to adjustable clamping ring</li><li>Stainless steel spindle on ball bearings with end position cushioning</li><li>with Goretex membrane</li></ul>",
    "Optionen": "<ul> <li>Programmierung von Sonderfunktionen</li><li>Programmierbare Parameter der Regelelektronik</li><li>Schüco Kontroller zur automatischen Konfiguration von Synchronlauf und Folgesteuerungen mit Verriegelungsantrieb in Antriebs-Verbundsystem</li></ul>",
    "Options": "<ul> <li>Programming of special functions</li><li>Programmable parameters of intelligent control electronics</li><li>Schüco controller for automatic configuration of synchronous running and sequence control with locking drives in composite drive systems</li></ul>",
    "IsTwoPce": false,
    "ResultVentWeight": 83.63,
    "IsLsRsDrive": false,
    "ArticleNumberRs": 0,
    "TwoDrivesSideInstallation50": 650,
    "TwoDrivesSideInstallation60": 650,
    "TwoDrivesSideInstallation70": 650,
    "TwoDrivesSideInstallation80": 650,
    "OpeningSpeedmms": 13,
    "Traction": 667,
    "Thrust": 1000,
    "Id": "9cac4106-1486-488f-8b76-e842cb91da3a",
    "CreatedOn": "2024-09-26T13:55:26.817Z",
    "CreatedBy": "",
    "ModifiedOn": "2024-09-26T13:55:26.817Z",
    "ModifiedBy": ""
  },
  {
    "Name": "Linear drive LDH15 L400",
    "Bezeichnung": "Linearantrieb LDH15 L400",
    "ConfigurationId": "00000000-0000-0000-0000-000000000000",
    "Description": "",
    "Application": "Roof",
    "ApplicationFacade": false,
    "ApplicationSkylight": true,
    "Type": 2,
    "OpeningType": 0,
    "BottomHungInward": false,
    "BottomHungOutward": true,
    "SideHungInward": false,
    "SideHungOutward": false,
    "TopHungInward": false,
    "TopHungOutward": true,
    "ProjectedTopHungInward": false,
    "ProjectedTopHungOutward": false,
    "InstallationType": "",
    "ITMainOutFrmMountWBracket": true,
    "ITMainFixOutFrmMount": false,
    "ITMainVentFrmMount": false,
    "ITSideMount50": true,
    "ITSideMount60": true,
    "ITSideMount70": true,
    "ITSideMount80": true,
    "ITSideMount67": false,
    "Feature": "",
    "FeatureOpenClose": true,
    "FeatureLock": true,
    "ArticleNumber": 291939,
    "Stroke": 400,
    "Angle": 0,
    "Voltage": "24 V DC",
    "Voltage24": true,
    "Voltage230": false,
    "RatedCurrent": 3,
    "BreakingCurrent": 4,
    "PullingForceMax": 1500,
    "PushingForceMax": 1500,
    "PullingForceMaxWithNegativeWind": 0,
    "PushingForceMaxWithNegativeWind": 0,
    "PushingForcePermanent": 1000,
    "PullingForcePermanent": 1000,
    "MinPullingForceMax": 0,
    "MinPushingForceMax": 418.13,
    "MinPullingForcePermanent": 0,
    "MinPushingForcePermanent": 418.13,
    "Price": 776.85,
    "DriveLength": 0,
    "ChainDrive": 450,
    "ChainDrive2": 450,
    "MaxLengthMainClosingEdge1Drive": 2100,
    "MaxGeometricArea": 1,
    "GeometricalSmokeExhaustion": 0,
    "TotalGlassThickness": 14,
    "Dimensions": 0,
    "DimensionsWxHxD": "841 x Ø50",
    "TensileForce": 0,
    "LockingForce": 0,
    "Details_DE": "<ul> <li>Bemessungsspannung: 24 V DC (19 V … 28 V)</li><li>Abschaltstrom: 4,0 A</li><li>Bemessungsstrom: 3,0 A</li><li>Bemessungsaufnahme: 72 W</li><li>Schutzart: IP 54</li> <li>Zug-/Schubkraft: max. 1500 N</li><li>Umgebungstemperatur: -5°C bis + 60°C</li><li>Anschlussleitung: Halogenfrei, grau 3 x 1mm², ~3m</li><li>Max. Geschwindigkeit: 16 mm/s</li></ul>",
    "Details_EN": "<ul> <li>Rated voltage: 24 V DC (19 V … 28 V)</li> <li>Breaking current: 4.0 A</li> <li>Rated current: 3.0 A</li> <li>Rated consumption: 72 W</li> <li>Protection rating: IP 54</li><li>Traction/ thrust: max. 1500N</li> <li>Ambient temperature: -5°C to + 60°C</li> <li>Connecting cable: halogen-free, grey 3 x 1mm², ~3m</li> <li>Max. speed: 16 mm/s</li> </ul>",
    "Einsatz": "<ul> <li>Anwendung: Lüftung, NRA</li><li>Integrierte intelligente Regelelektronik</li></ul>",
    "Use": "<ul> <li>Application: ventilation, natural smoke ventilation</li><li>Integrated intelligent control electronics</li></ul>",
    "Ausstattung": "<ul> <li>Robuste korrosionsbeständige Ausführung in eloxierten Aluminiumgehäuse</li><li>Montagefreundlich durch verstellbaren Klemmring</li><li>Spindel aus Edelstahl, kugelgelagert mit Endlagendämpfung</li><li>Mit Goretex Membrane</li></ul>",
    "Equipment": "<ul> <li>Robust, corrosion-resistant design in anodized casing</li><li>Easy installation thanks to adjustable clamping ring</li><li>Stainless steel spindle on ball bearings with end position cushioning</li><li>with Goretex membrane</li></ul>",
    "Optionen": "<ul> <li>Programmierung von Sonderfunktionen</li><li>Programmierbare Parameter der Regelelektronik</li><li>Schüco Kontroller zur automatischen Konfiguration von Synchronlauf und Folgesteuerungen mit Verriegelungsantrieb in Antriebs-Verbundsystem</li></ul>",
    "Options": "<ul> <li>Programming of special functions</li><li>Programmable parameters of intelligent control electronics</li><li>Schüco controller for automatic configuration of synchronous running and sequence control with locking drives in composite drive systems</li></ul>",
    "IsTwoPce": false,
    "ResultVentWeight": 83.63,
    "IsLsRsDrive": true,
    "ArticleNumberRs": 291939,
    "TwoDrivesSideInstallation50": 650,
    "TwoDrivesSideInstallation60": 650,
    "TwoDrivesSideInstallation70": 650,
    "TwoDrivesSideInstallation80": 650,
    "OpeningSpeedmms": 16,
    "Traction": 1000,
    "Thrust": 1500,
    "Id": "f88c2ba9-694a-4b49-b0c1-20efbe762b90",
    "CreatedOn": "2024-09-26T13:55:26.817Z",
    "CreatedBy": "",
    "ModifiedOn": "2024-09-26T13:55:26.817Z",
    "ModifiedBy": ""
  },
  {
    "Name": "Locking actuator roof",
    "Bezeichnung": "Verr.antrieb Dachf 600N",
    "ConfigurationId": "00000000-0000-0000-0000-000000000000",
    "Description": "",
    "Application": "",
    "ApplicationFacade": false,
    "ApplicationSkylight": true,
    "Type": 5,
    "OpeningType": 0,
    "BottomHungInward": false,
    "BottomHungOutward": true,
    "SideHungInward": false,
    "SideHungOutward": false,
    "TopHungInward": false,
    "TopHungOutward": true,
    "ProjectedTopHungInward": false,
    "ProjectedTopHungOutward": false,
    "InstallationType": "",
    "ITMainOutFrmMountWBracket": true,
    "ITMainFixOutFrmMount": false,
    "ITMainVentFrmMount": false,
    "ITSideMount50": true,
    "ITSideMount60": true,
    "ITSideMount70": true,
    "ITSideMount80": true,
    "ITSideMount67": false,
    "Feature": "",
    "FeatureOpenClose": true,
    "FeatureLock": false,
    "ArticleNumber": 291954,
    "Stroke": 0,
    "Angle": 0,
    "Voltage": null,
    "Voltage24": true,
    "Voltage230": false,
    "RatedCurrent": 0,
    "BreakingCurrent": 0,
    "PullingForceMax": 0,
    "PushingForceMax": 0,
    "PullingForceMaxWithNegativeWind": 0,
    "PushingForceMaxWithNegativeWind": 0,
    "PushingForcePermanent": 0,
    "PullingForcePermanent": 0,
    "MinPullingForceMax": 0,
    "MinPushingForceMax": 0,
    "MinPullingForcePermanent": 0,
    "MinPushingForcePermanent": 0,
    "Price": 225.16,
    "DriveLength": 0,
    "ChainDrive": 0,
    "ChainDrive2": 0,
    "MaxLengthMainClosingEdge1Drive": 0,
    "MaxGeometricArea": 0,
    "GeometricalSmokeExhaustion": 0,
    "TotalGlassThickness": 0,
    "Dimensions": 0,
    "DimensionsWxHxD": "415 x 26 x 26",
    "TensileForce": 0,
    "LockingForce": 0,
    "Details_DE": "<ul> <li>Bemessungsspannung: 24 V DC (19 V … 28 V)</li> <li>Abschaltstrom: ~1,0 A</li> <li>Bemessungsstrom: 0,6 A</li> <li>Bemessungsaufnahme: 15 W</li> <li>Schutzart: IP 32</li><li>Zug-/Schubkraft: max. 600 N</li> <li>Umgebungstemperatur: -5°C bis + 60°C</li> <li>Anschlussleitung: Halogenfrei, grau 3x 0,5mm², ~3m</li> <li>Laufzeit: ~ 5s</li><li>Hub: ~ 18mm</li> </ul>",
    "Details_EN": "<ul> <li>Rated voltage : 24 V DC (19 V … 28 V</li> <li>Breaking current : ~1,0 A</li> <li>Rated current : 0,6 A</li> <li>Rated consumption : 15 W</li> <li>Protection rating : IP 32</li><li>Traction/ thrust : max. 600 N</li> <li>Ambient temperature: -5°C bis + 60°C</li> <li>Connecting cable: halogen-free, grey 3 x 0,5mm², ~3m</li> <li>Running time: ~ 5s</li><li>Stroke: ~ 18mm</li> </ul>",
    "Einsatz": "<ul> <li>Anwendung: Lüftung, NRA</li><li>Integrierte intelligente Regelelektronik</li></ul>",
    "Use": "<ul> <li>Application: ventilation, natural smoke ventilation</li> <li>Integrated intelligent control electronics</li></ul>",
    "Ausstattung": "<ul><li>Laufrichtung einstellbar</li></ul>",
    "Equipment": "<ul><li>Running direction adjustable</li></ul>",
    "Optionen": "<ul> <li>Mitnehmer objekt-/profilspezifisch anpassbar</li></ul>",
    "Options": "<ul> <li>Coupling adapter customizable for project-/profile-specific demands</li></ul>",
    "IsTwoPce": false,
    "ResultVentWeight": 0,
    "IsLsRsDrive": false,
    "ArticleNumberRs": 0,
    "TwoDrivesSideInstallation50": 0,
    "TwoDrivesSideInstallation60": 0,
    "TwoDrivesSideInstallation70": 0,
    "TwoDrivesSideInstallation80": 0,
    "OpeningSpeedmms": 0,
    "Traction": 0,
    "Thrust": 0,
    "Id": "2b6ffe33-0cb6-494e-a561-679dc2adeb63",
    "CreatedOn": "2024-09-26T13:55:26.817Z",
    "CreatedBy": "",
    "ModifiedOn": "2024-09-26T13:55:26.817Z",
    "ModifiedBy": ""
  }
]

13:05:45.524 [main] INFO  com.intuit.karate - Expected RecommDrive: Chain actuator D15 800,Chain actuator D6 400,Linear drive LDB16 L400,Linear drive LDN8 L400,Linear drive LDN10 L400,Linear drive LDH15 L400,Locking actuator roof 
13:05:45.524 [main] INFO  com.intuit.karate - Actual RecommDrive: Chain actuator D15 800, Chain actuator D6 400, Linear drive LDB16 L400, Linear drive LDN8 L400, Linear drive LDN10 L400, Linear drive LDH15 L400, Locking actuator roof 
13:05:45.524 [main] INFO  com.intuit.karate - Normalized Actual RecommDrive: Chain actuator D15 800,Chain actuator D6 400,Linear drive LDB16 L400,Linear drive LDN8 L400,Linear drive LDN10 L400,Linear drive LDH15 L400,Locking actuator roof 
13:05:45.524 [main] INFO  com.intuit.karate - Normalized Expected RecommDrive: Chain actuator D15 800,Chain actuator D6 400,Linear drive LDB16 L400,Linear drive LDN8 L400,Linear drive LDN10 L400,Linear drive LDH15 L400,Locking actuator roof 
13:05:45.524 [main] INFO  com.intuit.karate - All Drive IDs: [
  "6e554a6b-0764-4e7a-ac2f-8ca9ada34e08",
  "6cfaf03b-807c-4298-8635-4bf804653a9e",
  "9f91500a-3224-410c-b4df-c240b49d5a6d",
  "a5df0ac4-840a-4686-ab17-68a05d8c4d52",
  "9cac4106-1486-488f-8b76-e842cb91da3a",
  "f88c2ba9-694a-4b49-b0c1-20efbe762b90",
  "2b6ffe33-0cb6-494e-a561-679dc2adeb63"
]
 
13:05:45.524 [main] INFO  com.intuit.karate - First Drive ID: 6e554a6b-0764-4e7a-ac2f-8ca9ada34e08 
13:05:45.532 [main] DEBUG com.intuit.karate - request:
3 > POST https://dev-drivetec-apis.schuecodigitalsolutions.com/api/Drives/DownloadPDFNew/Schuco
3 > Content-Type: application/json; charset=UTF-8
3 > Content-Length: 1194
3 > Host: dev-drivetec-apis.schuecodigitalsolutions.com
3 > Connection: Keep-Alive
3 > User-Agent: Apache-HttpClient/4.5.14 (Java/17.0.12)
3 > Accept-Encoding: gzip,deflate
[{"Id":"configId","Header":"configId","Value":"9ed82a88-0163-4481-a347-014f4a44a832"},{"Id":"driveId","Header":"driveId","Value":"6e554a6b-0764-4e7a-ac2f-8ca9ada34e08"},{"Id":"culture","Header":"culture","Value":"EN-US"},{"Id":"projectId","Header":"projectId","Value":"4bf1dfc8-fd6d-4d3a-9337-7ee7425ebbdf"},{"Id":"range-of-app","Header":"Range of application","Value":"Façade"},{"Id":"opening-type","Header":"Opening type","Value":"Bottom-hung vent"},{"Id":"opening-direction","Header":"Opening direction","Value":"Inward"},{"Id":"how-calc-weight","Header":"Vent weight","Value":"Weight including glass"},{"Id":"Chain-Length","Header":"Chain- \/ connecting rod handle","Value":"100%"},{"Id":"drive-position","Header":"Drive position","Value":"Side installation"},{"Id":"locking-mechanism","Header":"Locking mechanism","Value":"With"},{"Id":"voltage","Header":"Voltage","Value":"24 V"},{"Id":"drive-type","Header":"Drive type","Value":"Chain drive"},{"Id":"type-installation","Header":"Type of installation","Value":"Pivoting Outer Frame Installation"},{"Id":"calculation-type-for-ventilation-area","Header":"Calculation type for ventilation area","Value":"Method in accordance with ASR 3.6"}]

13:05:46.964 [main] DEBUG com.intuit.karate - response time in milliseconds: 1432
3 < 200
3 < Content-Type: application/json; charset=utf-8
3 < Date: Tue, 03 Dec 2024 07:35:46 GMT
3 < Server: Microsoft-IIS/10.0
3 < X-Powered-By: ASP.NET
3 < Content-Length: 279
3 < Connection: keep-alive
{
  "result": "https://drive-tec-dev.s3.amazonaws.com/AUT_TPJ26668-Chain_actuator_D15_800.pdf?AWSAccessKeyId=AKIAZAWIART4ZFAXXPHK&Expires=1733214947&response-content-disposition=attachment%3B&response-content-type=application%2Fpdf&Signature=oey53mna%2FNuEZfdfLfxZ6cFSzFQ%3D"
}

13:05:46.964 [main] INFO  com.intuit.karate - Download URL for first driveId: https://drive-tec-dev.s3.amazonaws.com/AUT_TPJ26668-Chain_actuator_D15_800.pdf?AWSAccessKeyId=AKIAZAWIART4ZFAXXPHK&Expires=1733214947&response-content-disposition=attachment%3B&response-content-type=application%2Fpdf&Signature=oey53mna%2FNuEZfdfLfxZ6cFSzFQ%3D 
13:05:46.980 [main] INFO  com.intuit.karate - karate.env system property was: null 
13:05:46.980 [main] INFO  com.intuit.karate - Running test for dataset:  Dataset5 
13:05:46.980 [main] INFO  com.intuit.karate - Using ProjectId:  {
  "result": {
    "projectId": "prjId"
  },
  "projectPayload": {
    "Id": "579816e4-6653-4794-b435-a885f32e28d7",
    "Name": "AUT_TPJ26668",
    "Address": "Hyderabad, Telangana, India",
    "Description": "",
    "CreatedBy": "579816e4-6653-4794-b435-a885f32e28d7",
    "ModifiedBy": "579816e4-6653-4794-b435-a885f32e28d7"
  },
  "uniqueName": "AUT_TPJ26668",
  "responseHeaders": {
    "Content-Type": [
      "application/json; charset=utf-8"
    ],
    "Date": [
      "Tue, 03 Dec 2024 07:35:27 GMT"
    ],
    "Server": [
      "Microsoft-IIS/10.0"
    ],
    "X-Powered-By": [
      "ASP.NET"
    ],
    "transfer-encoding": [
      "chunked"
    ],
    "Connection": [
      "keep-alive"
    ],
    "Set-Cookie": [
    ]
  },
  "responseTime": 1242,
  "response": {
    "Name": "AUT_TPJ26668",
    "Description": "",
    "Address": "Hyderabad, Telangana, India",
    "Id": "4bf1dfc8-fd6d-4d3a-9337-7ee7425ebbdf",
    "CreatedOn": "2024-12-03T07:35:27.7758566+00:00",
    "CreatedBy": "579816e4-6653-4794-b435-a885f32e28d7",
    "ModifiedOn": "2024-12-03T07:35:27.7759029+00:00",
    "ModifiedBy": ""
  },
  "responseStatus": 200,
  "prjId": "4bf1dfc8-fd6d-4d3a-9337-7ee7425ebbdf",
  "projectId": "4bf1dfc8-fd6d-4d3a-9337-7ee7425ebbdf"
}
 
13:05:46.996 [main] DEBUG com.intuit.karate - request:
1 > POST https://dev-drivetec-apis.schuecodigitalsolutions.com/Configurations
1 > Content-Type: application/json; charset=UTF-8
1 > Content-Length: 1275
1 > Host: dev-drivetec-apis.schuecodigitalsolutions.com
1 > Connection: Keep-Alive
1 > User-Agent: Apache-HttpClient/4.5.14 (Java/17.0.12)
1 > Accept-Encoding: gzip,deflate
{"Id":"00000000-0000-0000-0000-000000000000","ProjectId":"4bf1dfc8-fd6d-4d3a-9337-7ee7425ebbdf","Name":"Dataset6981","Description":"Dataset6981","CustomTags":"","CreatedBy":"579816e4-6653-4794-b435-a885f32e28d7","ModifiedBy":"579816e4-6653-4794-b435-a885f32e28d7","ApplicationName":1,"System":"","FacadeInclination":0,"OpeningType":1,"OpeningDirection":1,"OpeningWidth":1000,"VentOuterWidth":1230,"VentOuterHeight":1480,"VentWeight":70,"CalculateWeightWithGlass":false,"WeightIncGlassOrThickness":false,"GlassThickness":14,"ProfileWeightPerSerialMeter":2.5,"IsWindowOpeningCalculationByAngle":1,"RequiredOpeningStroke":400,"OpeningAngle":15,"WindLoad":120,"SnowLoad":0,"DrivePosition":2,"InstallationPosition":1,"ChainLengthConnectingRodHandle":5,"LockingMechanism":1,"Voltage":1,"DriveType":1,"TypeOfInstallation":2,"CalculationTypeForVentilation":1,"CalcVentilation":1,"GeometricArea":1,"SpecificExhaustDimension":30,"BuildingDepth":75,"RevealDepth":0,"RevealDepthRectangleAngle1":0,"RevealDepthRectangleAngle2":0,"HeightOfProfile":0,"HeightProfileRectangleAngle1":0,"HeightProfileRectangleAngle2":0,"AkippOrAtilt":0,"AdrehOrAturn":0,"Ageo":0,"MinPullingForceMax":0,"MinPushingForceMax":0,"MinPullingForcePermanent":0,"MinPushingForcePermanent":0,"ForceWithNegativeWind":0}

13:05:47.657 [main] DEBUG com.intuit.karate - response time in milliseconds: 645
1 < 200
1 < Content-Type: application/json; charset=utf-8
1 < Date: Tue, 03 Dec 2024 07:35:46 GMT
1 < Server: Microsoft-IIS/10.0
1 < X-Powered-By: ASP.NET
1 < Content-Length: 2032
1 < Connection: keep-alive
{
  "ProjectId": "4bf1dfc8-fd6d-4d3a-9337-7ee7425ebbdf",
  "Name": "Dataset6981",
  "Description": "Dataset6981",
  "CustomTags": "",
  "ApplicationName": 1,
  "OpeningType": 1,
  "OpeningDirection": 1,
  "CalculateWeightWithGlass": false,
  "WindLoad": 120,
  "IsWindowOpeningCalculationByAngle": 1,
  "VentOuterWidth": 1230,
  "VentOuterHeight": 1480,
  "WeightIncGlassOrThickness": false,
  "VentWeight": 77,
  "VentWeightExact": 77.26400000000001,
  "GlassThickness": 14,
  "ProfileWeightPerSerialMeter": 2.5,
  "FacadeInclination": 0,
  "ChainLengthConnectingRodHandle": 5,
  "ChainLenghtConnectingRodHandle": 0,
  "RequiredOpeningStroke": 400,
  "OpeningWidth": 1000,
  "OpeningAngle": 15.532868337024489,
  "SpecificExhaustDimension": 30,
  "BuildingDepth": 75,
  "SnowLoad": 0,
  "DistanceHinge": 0,
  "RatedCurrent": 0,
  "DrivePosition": 2,
  "LockingMechanism": 1,
  "Voltage": 1,
  "DriveType": 1,
  "TypeOfInstallation": 2,
  "GeometricArea": 0,
  "CalculationTypeForVentilation": 1,
  "HeightOfProfile": 0,
  "Reveal": 0,
  "RevealDepth": 0,
  "HeightProfileRectangleAngle1": 0,
  "HeightProfileRectangleAngle2": 0,
  "RevealDepthRectangleAngle1": 0,
  "RevealDepthRectangleAngle2": 0,
  "RevealDepthRectangleAngle12": 0,
  "InstallationPosition": 0,
  "RecommendedDriveArticleNo": 0,
  "System": "",
  "AkippOrAtilt": 1.084,
  "AdrehOrAturn": 1.8204,
  "Ageo": 1.084,
  "MinPullingForceMax": -206.4868442161654,
  "MinPushingForceMax": -206.4868442161654,
  "MinPullingForcePermanent": -104.11163259218097,
  "MinPushingForcePermanent": -104.11163259218097,
  "ForceWithNegativeWind": 109.53156767199486,
  "ForceWithNoWindMin": 0.30763693489047433,
  "ForceWithNegativeWindMin": 0,
  "ForceWithWindMin": -108.91629380221393,
  "Id": "3a5542b1-13f3-4352-94a5-924782027609",
  "CreatedOn": "2024-12-03T07:35:47.5616911+00:00",
  "CreatedBy": "579816e4-6653-4794-b435-a885f32e28d7",
  "ModifiedOn": "2024-12-03T07:35:47.5616926+00:00",
  "ModifiedBy": ""
}

13:05:47.657 [main] INFO  com.intuit.karate - Generated Config ID: 3a5542b1-13f3-4352-94a5-924782027609 
13:05:47.657 [main] INFO  com.intuit.karate - Generated Name: Dataset6981 
13:05:47.657 [main] INFO  com.intuit.karate - Generated Description: Dataset6981 
13:05:47.657 [main] DEBUG com.intuit.karate - request:
1 > PUT https://dev-drivetec-apis.schuecodigitalsolutions.com/Configurations
1 > Content-Type: application/json; charset=UTF-8
1 > Content-Length: 1271
1 > Host: dev-drivetec-apis.schuecodigitalsolutions.com
1 > Connection: Keep-Alive
1 > User-Agent: Apache-HttpClient/4.5.14 (Java/17.0.12)
1 > Accept-Encoding: gzip,deflate
{"Id":"3a5542b1-13f3-4352-94a5-924782027609","Name":"Dataset5","Description":"Dataset6981","ProjectId":"4bf1dfc8-fd6d-4d3a-9337-7ee7425ebbdf","CustomTags":"","CreatedBy":"579816e4-6653-4794-b435-a885f32e28d7","ModifiedBy":"579816e4-6653-4794-b435-a885f32e28d7","System":"","FacadeInclination":0,"OpeningType":4,"OpeningDirection":1,"OpeningWidth":1000,"VentOuterWidth":1341,"VentOuterHeight":1480,"VentWeight":0,"CalculateWeightWithGlass":false,"RequiredOpeningStroke":400,"WindLoad":120,"SnowLoad":0,"IsWindowOpeningCalculationByAngle":1,"GlassThickness":14,"ProfileWeightPerSerialMeter":2.5,"DrivePosition":2,"InstallationPosition":0,"LockingMechanism":1,"Voltage":1,"DriveType":3,"TypeOfInstallation":2,"GeometricArea":0,"CalcVentilation":1,"SpecificExhaustDimension":45,"BuildingDepth":90,"CalculationTypeForVentilation":1,"HeightOfProfile":0,"HeightProfileRectangleAngle1":0,"HeightProfileRectangleAngle2":0,"RevealDepth":0,"RevealDepthRectangleAngle1":0,"RevealDepthRectangleAngle2":0,"ChainLengthConnectingRodHandle":5,"ApplicationName":2,"OpeningAngle":29,"WeightIncGlassOrThickness":false,"AkippOrAtilt":0,"AdrehOrAturn":0,"Ageo":0,"MinPullingForceMax":0,"MinPushingForceMax":0,"MinPullingForcePermanent":0,"MinPushingForcePermanent":0,"ForceWithNegativeWind":0}

13:05:48.334 [main] DEBUG com.intuit.karate - response time in milliseconds: 677
1 < 200
1 < Content-Type: application/json; charset=utf-8
1 < Date: Tue, 03 Dec 2024 07:35:48 GMT
1 < Server: Microsoft-IIS/10.0
1 < X-Powered-By: ASP.NET
1 < Content-Length: 2012
1 < Connection: keep-alive
{
  "ProjectId": "4bf1dfc8-fd6d-4d3a-9337-7ee7425ebbdf",
  "Name": "Dataset5",
  "Description": "Dataset6981",
  "CustomTags": "",
  "ApplicationName": 2,
  "OpeningType": 4,
  "OpeningDirection": 1,
  "CalculateWeightWithGlass": false,
  "WindLoad": 120,
  "IsWindowOpeningCalculationByAngle": 1,
  "VentOuterWidth": 1341,
  "VentOuterHeight": 1480,
  "WeightIncGlassOrThickness": false,
  "VentWeight": 84,
  "VentWeightExact": 83.5688,
  "GlassThickness": 14,
  "ProfileWeightPerSerialMeter": 2.5,
  "FacadeInclination": 0,
  "ChainLengthConnectingRodHandle": 5,
  "ChainLenghtConnectingRodHandle": 0,
  "RequiredOpeningStroke": 400,
  "OpeningWidth": 1000,
  "OpeningAngle": 15.532868337024489,
  "SpecificExhaustDimension": 45,
  "BuildingDepth": 90,
  "SnowLoad": 0,
  "DistanceHinge": 0,
  "RatedCurrent": 0,
  "DrivePosition": 2,
  "LockingMechanism": 1,
  "Voltage": 1,
  "DriveType": 3,
  "TypeOfInstallation": 2,
  "GeometricArea": 0,
  "CalculationTypeForVentilation": 1,
  "HeightOfProfile": 0,
  "Reveal": 0,
  "RevealDepth": 0,
  "HeightProfileRectangleAngle1": 0,
  "HeightProfileRectangleAngle2": 0,
  "RevealDepthRectangleAngle1": 0,
  "RevealDepthRectangleAngle2": 0,
  "RevealDepthRectangleAngle12": 0,
  "InstallationPosition": 0,
  "RecommendedDriveArticleNo": 0,
  "System": "",
  "AkippOrAtilt": 1.1284,
  "AdrehOrAturn": 1.98468,
  "Ageo": 1.1284,
  "MinPullingForceMax": 414.92867973794705,
  "MinPushingForceMax": 417.844,
  "MinPullingForcePermanent": 417.844,
  "MinPushingForcePermanent": 417.844,
  "ForceWithNegativeWind": 417.844,
  "ForceWithNoWindMin": 406.3100900423176,
  "ForceWithNegativeWindMin": 402.00079519450287,
  "ForceWithWindMin": 414.92867973794705,
  "Id": "3a5542b1-13f3-4352-94a5-924782027609",
  "CreatedOn": "0001-01-01T00:00:00",
  "CreatedBy": "579816e4-6653-4794-b435-a885f32e28d7",
  "ModifiedOn": "2024-12-03T07:35:48.2553978+00:00",
  "ModifiedBy": "579816e4-6653-4794-b435-a885f32e28d7"
}

13:05:48.349 [main] INFO  com.intuit.karate - Rounded Opening Angle: 16.0 
13:05:48.349 [main] INFO  com.intuit.karate - Rounded Ageo: 1.13 
13:05:48.349 [main] INFO  com.intuit.karate - Rounded Required Opening Stroke: 400.0 
13:05:48.349 [main] INFO  com.intuit.karate - Rounded Vent Weight: 84.0 
13:05:48.349 [main] DEBUG com.intuit.karate - request:
2 > GET https://dev-drivetec-apis.schuecodigitalsolutions.com/Config/3a5542b1-13f3-4352-94a5-924782027609/Drive
2 > Host: dev-drivetec-apis.schuecodigitalsolutions.com
2 > Connection: Keep-Alive
2 > User-Agent: Apache-HttpClient/4.5.14 (Java/17.0.12)
2 > Accept-Encoding: gzip,deflate


13:05:49.236 [main] DEBUG com.intuit.karate - response time in milliseconds: 887
2 < 200
2 < Content-Type: application/json; charset=utf-8
2 < Date: Tue, 03 Dec 2024 07:35:48 GMT
2 < Server: Microsoft-IIS/10.0
2 < X-Powered-By: ASP.NET
2 < transfer-encoding: chunked
2 < Connection: keep-alive
[
  {
    "Name": "Chain actuator D15 800",
    "Bezeichnung": "Kettenantrieb D15 800",
    "ConfigurationId": "00000000-0000-0000-0000-000000000000",
    "Description": "",
    "Application": "Roof",
    "ApplicationFacade": false,
    "ApplicationSkylight": true,
    "Type": 1,
    "OpeningType": 0,
    "BottomHungInward": false,
    "BottomHungOutward": true,
    "SideHungInward": false,
    "SideHungOutward": false,
    "TopHungInward": false,
    "TopHungOutward": true,
    "ProjectedTopHungInward": false,
    "ProjectedTopHungOutward": false,
    "InstallationType": "",
    "ITMainOutFrmMountWBracket": true,
    "ITMainFixOutFrmMount": false,
    "ITMainVentFrmMount": false,
    "ITSideMount50": false,
    "ITSideMount60": false,
    "ITSideMount70": false,
    "ITSideMount80": false,
    "ITSideMount67": false,
    "Feature": "",
    "FeatureOpenClose": true,
    "FeatureLock": true,
    "ArticleNumber": 291731,
    "Stroke": 800,
    "Angle": 0,
    "Voltage": "24 V DC",
    "Voltage24": true,
    "Voltage230": false,
    "RatedCurrent": 4,
    "BreakingCurrent": 5,
    "PullingForceMax": 1500,
    "PushingForceMax": 1500,
    "PullingForceMaxWithNegativeWind": 0,
    "PushingForceMaxWithNegativeWind": 0,
    "PushingForcePermanent": 1000,
    "PullingForcePermanent": 1000,
    "MinPullingForceMax": 0,
    "MinPushingForceMax": 417.84,
    "MinPullingForcePermanent": 0,
    "MinPushingForcePermanent": 417.84,
    "Price": 821.56,
    "DriveLength": 800,
    "ChainDrive": 900,
    "ChainDrive2": 1760,
    "MaxLengthMainClosingEdge1Drive": 0,
    "MaxGeometricArea": 1,
    "GeometricalSmokeExhaustion": 0,
    "TotalGlassThickness": 14,
    "Dimensions": 0,
    "DimensionsWxHxD": "800 x 120 x 60",
    "TensileForce": 0,
    "LockingForce": 0,
    "Details_DE": "<ul> <li>Bemessungsspannung: 24 V DC (19 V … 28 V)</li> <li>Abschaltstrom: 5 A</li> <li>Bemessungsstrom: 3,75 A</li> <li>Bemessungsaufnahme: 90 W</li> <li>Schutzart: IP 20</li><li>Zug-/Schubkraft: max. 1500 N</li> <li>Umgebungstemperatur: -5°C bis + 60°C</li> <li>Anschlussleitung: Halogenfrei, grau 5 x 1mm², ~3m</li> <li>Max. Geschwindigkeit: 17 mm/s</li> </ul>",
    "Details_EN": "<ul> <li>Rated voltage: 24 V DC (19 V … 28 V)</li><li>Breaking current: 5 A</li><li>Rated current: 3.75 A</li><li>Rated consumption: 90 W</li><li>Protection rating: IP 20</li> <li>Traction/ thrust: max. 1500 N</li><li>Ambient temperature: -5° C to +60° C</li><li>Connecting cable: halogen-free, grey 5 x 1mm², ~3m</li><li>Max. speed: 17 mm/s</li></ul>",
    "Einsatz": "<ul> <li>Anwendung: Lüftung, NRA</li><li>Integrierte intelligente Regelelektronik</li> <li>Rückmeldung Endlage „ZU“ (max. 24 V, 500 mA)</li></ul>",
    "Use": "<ul> <li>Application: ventilation, natural smoke ventilation</li> <li>Integrated intelligent control electronics</li> <li>Response for “CLOSED” end position (max. 24 V, 500 mA)</li></ul>",
    "Ausstattung": "<ul><li>Symmetrischer Kettenaustritt</li><li>Integrierte Steckerlösung</li></ul>",
    "Equipment": "<ul><li>Symmetrical chain output</li><li>Integrated plug solution</li></ul>",
    "Optionen": "<ul> <li>Programmierung von Sonderfunktionen</li> <li>Programmierbare Rückmeldung Endlage „AUF“ (max. 24 V, 500 mA)</li> <li>Schüco Kontroller zur automatischen Konfiguration von Synchronlauf und Folgesteuerungen mit Verriegelungsantrieben in Antriebs-Verbundsystemen</li></ul>",
    "Options": "<ul> <li>Programming of special functions</li> <li>Programmable response for “OPEN” end position (max. 24 V, 500 mA)</li> <li>Schüco controller for automatic configuration of synchronous running and sequence control with locking drives in composite drive systems</li> </ul>",
    "IsTwoPce": false,
    "ResultVentWeight": 83.57,
    "IsLsRsDrive": false,
    "ArticleNumberRs": 0,
    "TwoDrivesSideInstallation50": 0,
    "TwoDrivesSideInstallation60": 0,
    "TwoDrivesSideInstallation70": 0,
    "TwoDrivesSideInstallation80": 0,
    "OpeningSpeedmms": 0,
    "Traction": 1500,
    "Thrust": 1500,
    "Id": "6e554a6b-0764-4e7a-ac2f-8ca9ada34e08",
    "CreatedOn": "2024-09-26T13:55:26.818Z",
    "CreatedBy": "",
    "ModifiedOn": "2024-09-26T13:55:26.818Z",
    "ModifiedBy": ""
  },
  {
    "Name": "Linear drive LDB16 L400",
    "Bezeichnung": "Linearantrieb LDB16 L400",
    "ConfigurationId": "00000000-0000-0000-0000-000000000000",
    "Description": "",
    "Application": "Roof",
    "ApplicationFacade": false,
    "ApplicationSkylight": true,
    "Type": 2,
    "OpeningType": 0,
    "BottomHungInward": false,
    "BottomHungOutward": true,
    "SideHungInward": false,
    "SideHungOutward": false,
    "TopHungInward": false,
    "TopHungOutward": true,
    "ProjectedTopHungInward": false,
    "ProjectedTopHungOutward": false,
    "InstallationType": "",
    "ITMainOutFrmMountWBracket": true,
    "ITMainFixOutFrmMount": false,
    "ITMainVentFrmMount": false,
    "ITSideMount50": true,
    "ITSideMount60": true,
    "ITSideMount70": true,
    "ITSideMount80": true,
    "ITSideMount67": false,
    "Feature": "",
    "FeatureOpenClose": true,
    "FeatureLock": true,
    "ArticleNumber": 291924,
    "Stroke": 400,
    "Angle": 0,
    "Voltage": "24 V DC",
    "Voltage24": true,
    "Voltage230": false,
    "RatedCurrent": 1,
    "BreakingCurrent": 1,
    "PullingForceMax": 1600,
    "PushingForceMax": 1600,
    "PullingForceMaxWithNegativeWind": 0,
    "PushingForceMaxWithNegativeWind": 0,
    "PushingForcePermanent": 1066.67,
    "PullingForcePermanent": 1066.67,
    "MinPullingForceMax": 0,
    "MinPushingForceMax": 417.84,
    "MinPullingForcePermanent": 0,
    "MinPushingForcePermanent": 417.84,
    "Price": 443.15,
    "DriveLength": 0,
    "ChainDrive": 450,
    "ChainDrive2": 450,
    "MaxLengthMainClosingEdge1Drive": 2100,
    "MaxGeometricArea": 1,
    "GeometricalSmokeExhaustion": 0,
    "TotalGlassThickness": 14,
    "Dimensions": 0,
    "DimensionsWxHxD": "723 x Ø36",
    "TensileForce": 0,
    "LockingForce": 0,
    "Details_DE": "<ul> <li>Bemessungsspannung: 24 V DC (19 V … 28 V)</li><li>Abschaltstrom: 1,2 A</li><li>Bemessungsstrom: 1,0 A</li><li>Bemessungsaufnahme: 24 W</li><li>Schutzart: IP 65</li> <li>Zug-/Schubkraft: max. 1600 N</li><li>Umgebungstemperatur: -5°C bis + 60°C</li><li>Anschlussleitung: Halogenfrei, grau 3 x 1mm², ~3m</li><li>Max. Geschwindigkeit: 4 mm/s</li></ul>",
    "Details_EN": "<ul> <li>Rated voltage: 24 V DC (19 V … 28 V)</li> <li>Breaking current: 1.2 A</li> <li>Rated current: 1.0 A</li> <li>Rated consumption: 24 W</li> <li>Protection rating: IP 65</li><li>Traction/ thrust: max. 1600N</li> <li>Ambient temperature: -5°C to + 60°C</li> <li>Connecting cable: halogen-free, grey 3 x 1mm², ~3m</li> <li>Max. speed: 4 mm/s</li> </ul>",
    "Einsatz": "<ul> <li>Anwendung: Lüftung, NRA</li><li>Integrierte intelligente Regelelektronik</li></ul>",
    "Use": "<ul> <li>Application: ventilation, natural smoke ventilation</li><li>Integrated intelligent control electronics</li></ul>",
    "Ausstattung": "<ul> <li>Robuste korrosionsbeständige Ausführung in eloxierten Aluminiumgehäuse</li><li>Montagefreundlich durch verstellbaren Klemmring</li><li>Spindel aus Edelstahl, kugelgelagert mit Endlagendämpfung</li><li>Mit Goretex Membrane</li></ul>",
    "Equipment": "<ul> <li>Robust, corrosion-resistant design in anodized casing</li><li>Easy installation thanks to adjustable clamping ring</li><li>Stainless steel spindle on ball bearings with end position cushioning</li><li>with Goretex membrane</li></ul>",
    "Optionen": "<ul> <li>Programmierung von Sonderfunktionen</li><li>Programmierbare Parameter der Regelelektronik</li><li>Schüco Kontroller zur automatischen Konfiguration von Synchronlauf und Folgesteuerungen mit Verriegelungsantrieb in Antriebs-Verbundsystem</li></ul>",
    "Options": "<ul> <li>Programming of special functions</li><li>Programmable parameters of intelligent control electronics</li><li>Schüco controller for automatic configuration of synchronous running and sequence control with locking drives in composite drive systems</li></ul>",
    "IsTwoPce": false,
    "ResultVentWeight": 83.57,
    "IsLsRsDrive": false,
    "ArticleNumberRs": 0,
    "TwoDrivesSideInstallation50": 650,
    "TwoDrivesSideInstallation60": 650,
    "TwoDrivesSideInstallation70": 650,
    "TwoDrivesSideInstallation80": 650,
    "OpeningSpeedmms": 4,
    "Traction": 1067,
    "Thrust": 1600,
    "Id": "9f91500a-3224-410c-b4df-c240b49d5a6d",
    "CreatedOn": "2024-09-26T13:55:26.817Z",
    "CreatedBy": "",
    "ModifiedOn": "2024-09-26T13:55:26.817Z",
    "ModifiedBy": ""
  },
  {
    "Name": "Linear drive LDN8 L400",
    "Bezeichnung": "Linearantrieb LDN8 L400",
    "ConfigurationId": "00000000-0000-0000-0000-000000000000",
    "Description": "",
    "Application": "Roof",
    "ApplicationFacade": false,
    "ApplicationSkylight": true,
    "Type": 2,
    "OpeningType": 0,
    "BottomHungInward": false,
    "BottomHungOutward": true,
    "SideHungInward": false,
    "SideHungOutward": false,
    "TopHungInward": false,
    "TopHungOutward": true,
    "ProjectedTopHungInward": false,
    "ProjectedTopHungOutward": false,
    "InstallationType": "",
    "ITMainOutFrmMountWBracket": true,
    "ITMainFixOutFrmMount": false,
    "ITMainVentFrmMount": false,
    "ITSideMount50": true,
    "ITSideMount60": true,
    "ITSideMount70": true,
    "ITSideMount80": true,
    "ITSideMount67": false,
    "Feature": "",
    "FeatureOpenClose": true,
    "FeatureLock": true,
    "ArticleNumber": 291920,
    "Stroke": 400,
    "Angle": 0,
    "Voltage": "24 V DC",
    "Voltage24": true,
    "Voltage230": false,
    "RatedCurrent": 1,
    "BreakingCurrent": 1,
    "PullingForceMax": 800,
    "PushingForceMax": 800,
    "PullingForceMaxWithNegativeWind": 0,
    "PushingForceMaxWithNegativeWind": 0,
    "PushingForcePermanent": 533.33,
    "PullingForcePermanent": 533.33,
    "MinPullingForceMax": 0,
    "MinPushingForceMax": 417.84,
    "MinPullingForcePermanent": 0,
    "MinPushingForcePermanent": 417.84,
    "Price": 456.43,
    "DriveLength": 0,
    "ChainDrive": 450,
    "ChainDrive2": 450,
    "MaxLengthMainClosingEdge1Drive": 2100,
    "MaxGeometricArea": 1,
    "GeometricalSmokeExhaustion": 0,
    "TotalGlassThickness": 14,
    "Dimensions": 0,
    "DimensionsWxHxD": "723 x Ø36",
    "TensileForce": 0,
    "LockingForce": 0,
    "Details_DE": "<ul> <li>Bemessungsspannung: 24 V DC (19 V … 28 V)</li><li>Abschaltstrom: 1,4 A</li><li>Bemessungsstrom: 1,0 A</li><li>Bemessungsaufnahme: 24 W</li><li>Schutzart: IP 65</li> <li>Zug-/Schubkraft: max. 800 N</li><li>Umgebungstemperatur: -5°C bis + 60°C</li><li>Anschlussleitung: Halogenfrei, grau 3 x 1mm², ~3m</li><li>Max. Geschwindigkeit: 10 mm/s</li></ul>",
    "Details_EN": "<ul> <li>Rated voltage: 24 V DC (19 V … 28 V)</li> <li>Breaking current: 1.4 A</li> <li>Rated current: 1.0 A</li> <li>Rated consumption: 24 W</li> <li>Protection rating: IP 65</li><li>Traction/ thrust: max. 800 N</li> <li>Ambient temperature: -5°C to + 60°C</li> <li>Connecting cable: halogen-free, grey 3 x 1mm², ~3m</li> <li>Max. speed: 10 mm/s</li> </ul>",
    "Einsatz": "<ul> <li>Anwendung: Lüftung, NRA</li><li>Integrierte intelligente Regelelektronik</li></ul>",
    "Use": "<ul> <li>Application: ventilation, natural smoke ventilation</li><li>Integrated intelligent control electronics</li></ul>",
    "Ausstattung": "<ul> <li>Robuste korrosionsbeständige Ausführung in eloxierten Aluminiumgehäuse</li><li>Montagefreundlich durch verstellbaren Klemmring</li><li>Spindel aus Edelstahl, kugelgelagert mit Endlagendämpfung</li><li>Mit Goretex Membrane</li></ul>",
    "Equipment": "<ul> <li>Robust, corrosion-resistant design in anodized casing</li><li>Easy installation thanks to adjustable clamping ring</li><li>Stainless steel spindle on ball bearings with end position cushioning</li><li>with Goretex membrane</li></ul>",
    "Optionen": "<ul> <li>Programmierung von Sonderfunktionen</li><li>Programmierbare Parameter der Regelelektronik</li><li>Schüco Kontroller zur automatischen Konfiguration von Synchronlauf und Folgesteuerungen mit Verriegelungsantrieb in Antriebs-Verbundsystem</li></ul>",
    "Options": "<ul> <li>Programming of special functions</li><li>Programmable parameters of intelligent control electronics</li><li>Schüco controller for automatic configuration of synchronous running and sequence control with locking actuators in composite drive systems</li></ul>",
    "IsTwoPce": false,
    "ResultVentWeight": 83.57,
    "IsLsRsDrive": false,
    "ArticleNumberRs": 0,
    "TwoDrivesSideInstallation50": 650,
    "TwoDrivesSideInstallation60": 650,
    "TwoDrivesSideInstallation70": 650,
    "TwoDrivesSideInstallation80": 650,
    "OpeningSpeedmms": 10,
    "Traction": 533,
    "Thrust": 800,
    "Id": "a5df0ac4-840a-4686-ab17-68a05d8c4d52",
    "CreatedOn": "2024-09-26T13:55:26.817Z",
    "CreatedBy": "",
    "ModifiedOn": "2024-09-26T13:55:26.817Z",
    "ModifiedBy": ""
  },
  {
    "Name": "Linear drive LDN10 L400",
    "Bezeichnung": "Linearantrieb LDN10 L400",
    "ConfigurationId": "00000000-0000-0000-0000-000000000000",
    "Description": "",
    "Application": "Roof",
    "ApplicationFacade": false,
    "ApplicationSkylight": true,
    "Type": 2,
    "OpeningType": 0,
    "BottomHungInward": false,
    "BottomHungOutward": true,
    "SideHungInward": false,
    "SideHungOutward": false,
    "TopHungInward": false,
    "TopHungOutward": true,
    "ProjectedTopHungInward": false,
    "ProjectedTopHungOutward": false,
    "InstallationType": "",
    "ITMainOutFrmMountWBracket": true,
    "ITMainFixOutFrmMount": false,
    "ITMainVentFrmMount": false,
    "ITSideMount50": true,
    "ITSideMount60": true,
    "ITSideMount70": true,
    "ITSideMount80": true,
    "ITSideMount67": false,
    "Feature": "",
    "FeatureOpenClose": true,
    "FeatureLock": true,
    "ArticleNumber": 291928,
    "Stroke": 400,
    "Angle": 0,
    "Voltage": "24 V DC",
    "Voltage24": true,
    "Voltage230": false,
    "RatedCurrent": 2,
    "BreakingCurrent": 2,
    "PullingForceMax": 1000,
    "PushingForceMax": 1000,
    "PullingForceMaxWithNegativeWind": 0,
    "PushingForceMaxWithNegativeWind": 0,
    "PushingForcePermanent": 666.67,
    "PullingForcePermanent": 666.67,
    "MinPullingForceMax": 0,
    "MinPushingForceMax": 417.84,
    "MinPullingForcePermanent": 0,
    "MinPushingForcePermanent": 417.84,
    "Price": 585.51,
    "DriveLength": 0,
    "ChainDrive": 450,
    "ChainDrive2": 450,
    "MaxLengthMainClosingEdge1Drive": 2100,
    "MaxGeometricArea": 1,
    "GeometricalSmokeExhaustion": 0,
    "TotalGlassThickness": 14,
    "Dimensions": 0,
    "DimensionsWxHxD": "723 x Ø36",
    "TensileForce": 0,
    "LockingForce": 0,
    "Details_DE": "<ul> <li>Bemessungsspannung: 24 V DC (19 V … 28 V)</li><li>Abschaltstrom: 2,5 A</li><li>Bemessungsstrom: 1,9 A</li><li>Bemessungsaufnahme: 45 W</li><li>Schutzart: IP 65</li> <li>Zug-/Schubkraft: max. 1000 N</li><li>Umgebungstemperatur: -5°C bis + 60°C</li><li>Anschlussleitung: Halogenfrei, grau 3 x 1mm², ~3m</li><li>Max. Geschwindigkeit: 12,6 mm/s</li></ul>",
    "Details_EN": "<ul> <li>Rated voltage: 24 V DC (19 V … 28 V)</li> <li>Breaking current: 2.5 A</li> <li>Rated current: 1.9 A</li> <li>Rated consumption: 45 W</li> <li>Protection rating: IP 65</li><li>Traction/ thrust: max. 1000N</li> <li>Ambient temperature: -5°C to + 60°C</li> <li>Connecting cable: halogen-free, grey 3 x 1mm², ~3m</li> <li>Max. speed: 12.6 mm/s</li> </ul>",
    "Einsatz": "<ul> <li>Anwendung: Lüftung, NRA</li><li>Integrierte intelligente Regelelektronik</li></ul>",
    "Use": "<ul> <li>Application: ventilation, natural smoke ventilation</li><li>Integrated intelligent control electronics</li></ul>",
    "Ausstattung": "<ul> <li>Robuste korrosionsbeständige Ausführung in eloxierten Aluminiumgehäuse</li><li>Montagefreundlich durch verstellbaren Klemmring</li><li>Spindel aus Edelstahl, kugelgelagert mit Endlagendämpfung</li><li>Mit Goretex Membrane</li></ul>",
    "Equipment": "<ul> <li>Robust, corrosion-resistant design in anodized casing</li><li>Easy installation thanks to adjustable clamping ring</li><li>Stainless steel spindle on ball bearings with end position cushioning</li><li>with Goretex membrane</li></ul>",
    "Optionen": "<ul> <li>Programmierung von Sonderfunktionen</li><li>Programmierbare Parameter der Regelelektronik</li><li>Schüco Kontroller zur automatischen Konfiguration von Synchronlauf und Folgesteuerungen mit Verriegelungsantrieb in Antriebs-Verbundsystem</li></ul>",
    "Options": "<ul> <li>Programming of special functions</li><li>Programmable parameters of intelligent control electronics</li><li>Schüco controller for automatic configuration of synchronous running and sequence control with locking drives in composite drive systems</li></ul>",
    "IsTwoPce": false,
    "ResultVentWeight": 83.57,
    "IsLsRsDrive": false,
    "ArticleNumberRs": 0,
    "TwoDrivesSideInstallation50": 650,
    "TwoDrivesSideInstallation60": 650,
    "TwoDrivesSideInstallation70": 650,
    "TwoDrivesSideInstallation80": 650,
    "OpeningSpeedmms": 13,
    "Traction": 667,
    "Thrust": 1000,
    "Id": "9cac4106-1486-488f-8b76-e842cb91da3a",
    "CreatedOn": "2024-09-26T13:55:26.817Z",
    "CreatedBy": "",
    "ModifiedOn": "2024-09-26T13:55:26.817Z",
    "ModifiedBy": ""
  },
  {
    "Name": "Linear drive LDH15 L400",
    "Bezeichnung": "Linearantrieb LDH15 L400",
    "ConfigurationId": "00000000-0000-0000-0000-000000000000",
    "Description": "",
    "Application": "Roof",
    "ApplicationFacade": false,
    "ApplicationSkylight": true,
    "Type": 2,
    "OpeningType": 0,
    "BottomHungInward": false,
    "BottomHungOutward": true,
    "SideHungInward": false,
    "SideHungOutward": false,
    "TopHungInward": false,
    "TopHungOutward": true,
    "ProjectedTopHungInward": false,
    "ProjectedTopHungOutward": false,
    "InstallationType": "",
    "ITMainOutFrmMountWBracket": true,
    "ITMainFixOutFrmMount": false,
    "ITMainVentFrmMount": false,
    "ITSideMount50": true,
    "ITSideMount60": true,
    "ITSideMount70": true,
    "ITSideMount80": true,
    "ITSideMount67": false,
    "Feature": "",
    "FeatureOpenClose": true,
    "FeatureLock": true,
    "ArticleNumber": 291939,
    "Stroke": 400,
    "Angle": 0,
    "Voltage": "24 V DC",
    "Voltage24": true,
    "Voltage230": false,
    "RatedCurrent": 3,
    "BreakingCurrent": 4,
    "PullingForceMax": 1500,
    "PushingForceMax": 1500,
    "PullingForceMaxWithNegativeWind": 0,
    "PushingForceMaxWithNegativeWind": 0,
    "PushingForcePermanent": 1000,
    "PullingForcePermanent": 1000,
    "MinPullingForceMax": 0,
    "MinPushingForceMax": 417.84,
    "MinPullingForcePermanent": 0,
    "MinPushingForcePermanent": 417.84,
    "Price": 776.85,
    "DriveLength": 0,
    "ChainDrive": 450,
    "ChainDrive2": 450,
    "MaxLengthMainClosingEdge1Drive": 2100,
    "MaxGeometricArea": 1,
    "GeometricalSmokeExhaustion": 0,
    "TotalGlassThickness": 14,
    "Dimensions": 0,
    "DimensionsWxHxD": "841 x Ø50",
    "TensileForce": 0,
    "LockingForce": 0,
    "Details_DE": "<ul> <li>Bemessungsspannung: 24 V DC (19 V … 28 V)</li><li>Abschaltstrom: 4,0 A</li><li>Bemessungsstrom: 3,0 A</li><li>Bemessungsaufnahme: 72 W</li><li>Schutzart: IP 54</li> <li>Zug-/Schubkraft: max. 1500 N</li><li>Umgebungstemperatur: -5°C bis + 60°C</li><li>Anschlussleitung: Halogenfrei, grau 3 x 1mm², ~3m</li><li>Max. Geschwindigkeit: 16 mm/s</li></ul>",
    "Details_EN": "<ul> <li>Rated voltage: 24 V DC (19 V … 28 V)</li> <li>Breaking current: 4.0 A</li> <li>Rated current: 3.0 A</li> <li>Rated consumption: 72 W</li> <li>Protection rating: IP 54</li><li>Traction/ thrust: max. 1500N</li> <li>Ambient temperature: -5°C to + 60°C</li> <li>Connecting cable: halogen-free, grey 3 x 1mm², ~3m</li> <li>Max. speed: 16 mm/s</li> </ul>",
    "Einsatz": "<ul> <li>Anwendung: Lüftung, NRA</li><li>Integrierte intelligente Regelelektronik</li></ul>",
    "Use": "<ul> <li>Application: ventilation, natural smoke ventilation</li><li>Integrated intelligent control electronics</li></ul>",
    "Ausstattung": "<ul> <li>Robuste korrosionsbeständige Ausführung in eloxierten Aluminiumgehäuse</li><li>Montagefreundlich durch verstellbaren Klemmring</li><li>Spindel aus Edelstahl, kugelgelagert mit Endlagendämpfung</li><li>Mit Goretex Membrane</li></ul>",
    "Equipment": "<ul> <li>Robust, corrosion-resistant design in anodized casing</li><li>Easy installation thanks to adjustable clamping ring</li><li>Stainless steel spindle on ball bearings with end position cushioning</li><li>with Goretex membrane</li></ul>",
    "Optionen": "<ul> <li>Programmierung von Sonderfunktionen</li><li>Programmierbare Parameter der Regelelektronik</li><li>Schüco Kontroller zur automatischen Konfiguration von Synchronlauf und Folgesteuerungen mit Verriegelungsantrieb in Antriebs-Verbundsystem</li></ul>",
    "Options": "<ul> <li>Programming of special functions</li><li>Programmable parameters of intelligent control electronics</li><li>Schüco controller for automatic configuration of synchronous running and sequence control with locking drives in composite drive systems</li></ul>",
    "IsTwoPce": false,
    "ResultVentWeight": 83.57,
    "IsLsRsDrive": true,
    "ArticleNumberRs": 291939,
    "TwoDrivesSideInstallation50": 650,
    "TwoDrivesSideInstallation60": 650,
    "TwoDrivesSideInstallation70": 650,
    "TwoDrivesSideInstallation80": 650,
    "OpeningSpeedmms": 16,
    "Traction": 1000,
    "Thrust": 1500,
    "Id": "f88c2ba9-694a-4b49-b0c1-20efbe762b90",
    "CreatedOn": "2024-09-26T13:55:26.817Z",
    "CreatedBy": "",
    "ModifiedOn": "2024-09-26T13:55:26.817Z",
    "ModifiedBy": ""
  },
  {
    "Name": "Locking actuator roof",
    "Bezeichnung": "Verr.antrieb Dachf 600N",
    "ConfigurationId": "00000000-0000-0000-0000-000000000000",
    "Description": "",
    "Application": "",
    "ApplicationFacade": false,
    "ApplicationSkylight": true,
    "Type": 5,
    "OpeningType": 0,
    "BottomHungInward": false,
    "BottomHungOutward": true,
    "SideHungInward": false,
    "SideHungOutward": false,
    "TopHungInward": false,
    "TopHungOutward": true,
    "ProjectedTopHungInward": false,
    "ProjectedTopHungOutward": false,
    "InstallationType": "",
    "ITMainOutFrmMountWBracket": true,
    "ITMainFixOutFrmMount": false,
    "ITMainVentFrmMount": false,
    "ITSideMount50": true,
    "ITSideMount60": true,
    "ITSideMount70": true,
    "ITSideMount80": true,
    "ITSideMount67": false,
    "Feature": "",
    "FeatureOpenClose": true,
    "FeatureLock": false,
    "ArticleNumber": 291954,
    "Stroke": 0,
    "Angle": 0,
    "Voltage": null,
    "Voltage24": true,
    "Voltage230": false,
    "RatedCurrent": 0,
    "BreakingCurrent": 0,
    "PullingForceMax": 0,
    "PushingForceMax": 0,
    "PullingForceMaxWithNegativeWind": 0,
    "PushingForceMaxWithNegativeWind": 0,
    "PushingForcePermanent": 0,
    "PullingForcePermanent": 0,
    "MinPullingForceMax": 0,
    "MinPushingForceMax": 0,
    "MinPullingForcePermanent": 0,
    "MinPushingForcePermanent": 0,
    "Price": 225.16,
    "DriveLength": 0,
    "ChainDrive": 0,
    "ChainDrive2": 0,
    "MaxLengthMainClosingEdge1Drive": 0,
    "MaxGeometricArea": 0,
    "GeometricalSmokeExhaustion": 0,
    "TotalGlassThickness": 0,
    "Dimensions": 0,
    "DimensionsWxHxD": "415 x 26 x 26",
    "TensileForce": 0,
    "LockingForce": 0,
    "Details_DE": "<ul> <li>Bemessungsspannung: 24 V DC (19 V … 28 V)</li> <li>Abschaltstrom: ~1,0 A</li> <li>Bemessungsstrom: 0,6 A</li> <li>Bemessungsaufnahme: 15 W</li> <li>Schutzart: IP 32</li><li>Zug-/Schubkraft: max. 600 N</li> <li>Umgebungstemperatur: -5°C bis + 60°C</li> <li>Anschlussleitung: Halogenfrei, grau 3x 0,5mm², ~3m</li> <li>Laufzeit: ~ 5s</li><li>Hub: ~ 18mm</li> </ul>",
    "Details_EN": "<ul> <li>Rated voltage : 24 V DC (19 V … 28 V</li> <li>Breaking current : ~1,0 A</li> <li>Rated current : 0,6 A</li> <li>Rated consumption : 15 W</li> <li>Protection rating : IP 32</li><li>Traction/ thrust : max. 600 N</li> <li>Ambient temperature: -5°C bis + 60°C</li> <li>Connecting cable: halogen-free, grey 3 x 0,5mm², ~3m</li> <li>Running time: ~ 5s</li><li>Stroke: ~ 18mm</li> </ul>",
    "Einsatz": "<ul> <li>Anwendung: Lüftung, NRA</li><li>Integrierte intelligente Regelelektronik</li></ul>",
    "Use": "<ul> <li>Application: ventilation, natural smoke ventilation</li> <li>Integrated intelligent control electronics</li></ul>",
    "Ausstattung": "<ul><li>Laufrichtung einstellbar</li></ul>",
    "Equipment": "<ul><li>Running direction adjustable</li></ul>",
    "Optionen": "<ul> <li>Mitnehmer objekt-/profilspezifisch anpassbar</li></ul>",
    "Options": "<ul> <li>Coupling adapter customizable for project-/profile-specific demands</li></ul>",
    "IsTwoPce": false,
    "ResultVentWeight": 0,
    "IsLsRsDrive": false,
    "ArticleNumberRs": 0,
    "TwoDrivesSideInstallation50": 0,
    "TwoDrivesSideInstallation60": 0,
    "TwoDrivesSideInstallation70": 0,
    "TwoDrivesSideInstallation80": 0,
    "OpeningSpeedmms": 0,
    "Traction": 0,
    "Thrust": 0,
    "Id": "2b6ffe33-0cb6-494e-a561-679dc2adeb63",
    "CreatedOn": "2024-09-26T13:55:26.817Z",
    "CreatedBy": "",
    "ModifiedOn": "2024-09-26T13:55:26.817Z",
    "ModifiedBy": ""
  }
]

13:05:49.246 [main] INFO  com.intuit.karate - Expected RecommDrive: Chain actuator D15 800,Linear drive LDB16 L400,Linear drive LDN8 L400,Linear drive LDN10 L400,Linear drive LDH15 L400,Locking actuator roof 
13:05:49.246 [main] INFO  com.intuit.karate - Actual RecommDrive: Chain actuator D15 800, Linear drive LDB16 L400, Linear drive LDN8 L400, Linear drive LDN10 L400, Linear drive LDH15 L400, Locking actuator roof 
13:05:49.246 [main] INFO  com.intuit.karate - Normalized Actual RecommDrive: Chain actuator D15 800,Linear drive LDB16 L400,Linear drive LDN8 L400,Linear drive LDN10 L400,Linear drive LDH15 L400,Locking actuator roof 
13:05:49.246 [main] INFO  com.intuit.karate - Normalized Expected RecommDrive: Chain actuator D15 800,Linear drive LDB16 L400,Linear drive LDN8 L400,Linear drive LDN10 L400,Linear drive LDH15 L400,Locking actuator roof 
13:05:49.246 [main] INFO  com.intuit.karate - All Drive IDs: [
  "6e554a6b-0764-4e7a-ac2f-8ca9ada34e08",
  "9f91500a-3224-410c-b4df-c240b49d5a6d",
  "a5df0ac4-840a-4686-ab17-68a05d8c4d52",
  "9cac4106-1486-488f-8b76-e842cb91da3a",
  "f88c2ba9-694a-4b49-b0c1-20efbe762b90",
  "2b6ffe33-0cb6-494e-a561-679dc2adeb63"
]
 
13:05:49.246 [main] INFO  com.intuit.karate - First Drive ID: 6e554a6b-0764-4e7a-ac2f-8ca9ada34e08 
13:05:49.246 [main] DEBUG com.intuit.karate - request:
3 > POST https://dev-drivetec-apis.schuecodigitalsolutions.com/api/Drives/DownloadPDFNew/Schuco
3 > Content-Type: application/json; charset=UTF-8
3 > Content-Length: 1194
3 > Host: dev-drivetec-apis.schuecodigitalsolutions.com
3 > Connection: Keep-Alive
3 > User-Agent: Apache-HttpClient/4.5.14 (Java/17.0.12)
3 > Accept-Encoding: gzip,deflate
[{"Id":"configId","Header":"configId","Value":"3a5542b1-13f3-4352-94a5-924782027609"},{"Id":"driveId","Header":"driveId","Value":"6e554a6b-0764-4e7a-ac2f-8ca9ada34e08"},{"Id":"culture","Header":"culture","Value":"EN-US"},{"Id":"projectId","Header":"projectId","Value":"4bf1dfc8-fd6d-4d3a-9337-7ee7425ebbdf"},{"Id":"range-of-app","Header":"Range of application","Value":"Façade"},{"Id":"opening-type","Header":"Opening type","Value":"Bottom-hung vent"},{"Id":"opening-direction","Header":"Opening direction","Value":"Inward"},{"Id":"how-calc-weight","Header":"Vent weight","Value":"Weight including glass"},{"Id":"Chain-Length","Header":"Chain- \/ connecting rod handle","Value":"100%"},{"Id":"drive-position","Header":"Drive position","Value":"Side installation"},{"Id":"locking-mechanism","Header":"Locking mechanism","Value":"With"},{"Id":"voltage","Header":"Voltage","Value":"24 V"},{"Id":"drive-type","Header":"Drive type","Value":"Chain drive"},{"Id":"type-installation","Header":"Type of installation","Value":"Pivoting Outer Frame Installation"},{"Id":"calculation-type-for-ventilation-area","Header":"Calculation type for ventilation area","Value":"Method in accordance with ASR 3.6"}]

13:05:50.913 [main] DEBUG com.intuit.karate - response time in milliseconds: 1667
3 < 200
3 < Content-Type: application/json; charset=utf-8
3 < Date: Tue, 03 Dec 2024 07:35:50 GMT
3 < Server: Microsoft-IIS/10.0
3 < X-Powered-By: ASP.NET
3 < transfer-encoding: chunked
3 < Connection: keep-alive
{
  "result": "https://drive-tec-dev.s3.amazonaws.com/AUT_TPJ26668-Chain_actuator_D15_800.pdf?AWSAccessKeyId=AKIAZAWIART4ZFAXXPHK&Expires=1733214951&response-content-disposition=attachment%3B&response-content-type=application%2Fpdf&Signature=cGDmezS%2F%2B1GKAxO9YBI74ZhJWTM%3D"
}

13:05:50.929 [main] INFO  com.intuit.karate - Download URL for first driveId: https://drive-tec-dev.s3.amazonaws.com/AUT_TPJ26668-Chain_actuator_D15_800.pdf?AWSAccessKeyId=AKIAZAWIART4ZFAXXPHK&Expires=1733214951&response-content-disposition=attachment%3B&response-content-type=application%2Fpdf&Signature=cGDmezS%2F%2B1GKAxO9YBI74ZhJWTM%3D 
13:05:50.929 [main] INFO  com.intuit.karate - karate.env system property was: null 
13:05:50.929 [main] INFO  com.intuit.karate - Running test for dataset:  Dataset6 
13:05:50.942 [main] INFO  com.intuit.karate - Using ProjectId:  {
  "result": {
    "projectId": "prjId"
  },
  "projectPayload": {
    "Id": "579816e4-6653-4794-b435-a885f32e28d7",
    "Name": "AUT_TPJ26668",
    "Address": "Hyderabad, Telangana, India",
    "Description": "",
    "CreatedBy": "579816e4-6653-4794-b435-a885f32e28d7",
    "ModifiedBy": "579816e4-6653-4794-b435-a885f32e28d7"
  },
  "uniqueName": "AUT_TPJ26668",
  "responseHeaders": {
    "Content-Type": [
      "application/json; charset=utf-8"
    ],
    "Date": [
      "Tue, 03 Dec 2024 07:35:27 GMT"
    ],
    "Server": [
      "Microsoft-IIS/10.0"
    ],
    "X-Powered-By": [
      "ASP.NET"
    ],
    "transfer-encoding": [
      "chunked"
    ],
    "Connection": [
      "keep-alive"
    ],
    "Set-Cookie": [
    ]
  },
  "responseTime": 1242,
  "response": {
    "Name": "AUT_TPJ26668",
    "Description": "",
    "Address": "Hyderabad, Telangana, India",
    "Id": "4bf1dfc8-fd6d-4d3a-9337-7ee7425ebbdf",
    "CreatedOn": "2024-12-03T07:35:27.7758566+00:00",
    "CreatedBy": "579816e4-6653-4794-b435-a885f32e28d7",
    "ModifiedOn": "2024-12-03T07:35:27.7759029+00:00",
    "ModifiedBy": ""
  },
  "responseStatus": 200,
  "prjId": "4bf1dfc8-fd6d-4d3a-9337-7ee7425ebbdf",
  "projectId": "4bf1dfc8-fd6d-4d3a-9337-7ee7425ebbdf"
}
 
13:05:50.945 [main] DEBUG com.intuit.karate - request:
1 > POST https://dev-drivetec-apis.schuecodigitalsolutions.com/Configurations
1 > Content-Type: application/json; charset=UTF-8
1 > Content-Length: 1275
1 > Host: dev-drivetec-apis.schuecodigitalsolutions.com
1 > Connection: Keep-Alive
1 > User-Agent: Apache-HttpClient/4.5.14 (Java/17.0.12)
1 > Accept-Encoding: gzip,deflate
{"Id":"00000000-0000-0000-0000-000000000000","ProjectId":"4bf1dfc8-fd6d-4d3a-9337-7ee7425ebbdf","Name":"Dataset0946","Description":"Dataset0946","CustomTags":"","CreatedBy":"579816e4-6653-4794-b435-a885f32e28d7","ModifiedBy":"579816e4-6653-4794-b435-a885f32e28d7","ApplicationName":1,"System":"","FacadeInclination":0,"OpeningType":1,"OpeningDirection":1,"OpeningWidth":1000,"VentOuterWidth":1230,"VentOuterHeight":1480,"VentWeight":70,"CalculateWeightWithGlass":false,"WeightIncGlassOrThickness":false,"GlassThickness":14,"ProfileWeightPerSerialMeter":2.5,"IsWindowOpeningCalculationByAngle":1,"RequiredOpeningStroke":400,"OpeningAngle":15,"WindLoad":120,"SnowLoad":0,"DrivePosition":2,"InstallationPosition":1,"ChainLengthConnectingRodHandle":5,"LockingMechanism":1,"Voltage":1,"DriveType":1,"TypeOfInstallation":2,"CalculationTypeForVentilation":1,"CalcVentilation":1,"GeometricArea":1,"SpecificExhaustDimension":30,"BuildingDepth":75,"RevealDepth":0,"RevealDepthRectangleAngle1":0,"RevealDepthRectangleAngle2":0,"HeightOfProfile":0,"HeightProfileRectangleAngle1":0,"HeightProfileRectangleAngle2":0,"AkippOrAtilt":0,"AdrehOrAturn":0,"Ageo":0,"MinPullingForceMax":0,"MinPushingForceMax":0,"MinPullingForcePermanent":0,"MinPushingForcePermanent":0,"ForceWithNegativeWind":0}

13:05:51.622 [main] DEBUG com.intuit.karate - response time in milliseconds: 677
1 < 200
1 < Content-Type: application/json; charset=utf-8
1 < Date: Tue, 03 Dec 2024 07:35:50 GMT
1 < Server: Microsoft-IIS/10.0
1 < X-Powered-By: ASP.NET
1 < Content-Length: 2032
1 < Connection: keep-alive
{
  "ProjectId": "4bf1dfc8-fd6d-4d3a-9337-7ee7425ebbdf",
  "Name": "Dataset0946",
  "Description": "Dataset0946",
  "CustomTags": "",
  "ApplicationName": 1,
  "OpeningType": 1,
  "OpeningDirection": 1,
  "CalculateWeightWithGlass": false,
  "WindLoad": 120,
  "IsWindowOpeningCalculationByAngle": 1,
  "VentOuterWidth": 1230,
  "VentOuterHeight": 1480,
  "WeightIncGlassOrThickness": false,
  "VentWeight": 77,
  "VentWeightExact": 77.26400000000001,
  "GlassThickness": 14,
  "ProfileWeightPerSerialMeter": 2.5,
  "FacadeInclination": 0,
  "ChainLengthConnectingRodHandle": 5,
  "ChainLenghtConnectingRodHandle": 0,
  "RequiredOpeningStroke": 400,
  "OpeningWidth": 1000,
  "OpeningAngle": 15.532868337024489,
  "SpecificExhaustDimension": 30,
  "BuildingDepth": 75,
  "SnowLoad": 0,
  "DistanceHinge": 0,
  "RatedCurrent": 0,
  "DrivePosition": 2,
  "LockingMechanism": 1,
  "Voltage": 1,
  "DriveType": 1,
  "TypeOfInstallation": 2,
  "GeometricArea": 0,
  "CalculationTypeForVentilation": 1,
  "HeightOfProfile": 0,
  "Reveal": 0,
  "RevealDepth": 0,
  "HeightProfileRectangleAngle1": 0,
  "HeightProfileRectangleAngle2": 0,
  "RevealDepthRectangleAngle1": 0,
  "RevealDepthRectangleAngle2": 0,
  "RevealDepthRectangleAngle12": 0,
  "InstallationPosition": 0,
  "RecommendedDriveArticleNo": 0,
  "System": "",
  "AkippOrAtilt": 1.084,
  "AdrehOrAturn": 1.8204,
  "Ageo": 1.084,
  "MinPullingForceMax": -206.4868442161654,
  "MinPushingForceMax": -206.4868442161654,
  "MinPullingForcePermanent": -104.11163259218097,
  "MinPushingForcePermanent": -104.11163259218097,
  "ForceWithNegativeWind": 109.53156767199486,
  "ForceWithNoWindMin": 0.30763693489047433,
  "ForceWithNegativeWindMin": 0,
  "ForceWithWindMin": -108.91629380221393,
  "Id": "848a7e30-e339-4bdf-b3db-823c958bf973",
  "CreatedOn": "2024-12-03T07:35:51.5399169+00:00",
  "CreatedBy": "579816e4-6653-4794-b435-a885f32e28d7",
  "ModifiedOn": "2024-12-03T07:35:51.5399178+00:00",
  "ModifiedBy": ""
}

13:05:51.622 [main] INFO  com.intuit.karate - Generated Config ID: 848a7e30-e339-4bdf-b3db-823c958bf973 
13:05:51.622 [main] INFO  com.intuit.karate - Generated Name: Dataset0946 
13:05:51.622 [main] INFO  com.intuit.karate - Generated Description: Dataset0946 
13:05:51.622 [main] DEBUG com.intuit.karate - request:
1 > PUT https://dev-drivetec-apis.schuecodigitalsolutions.com/Configurations
1 > Content-Type: application/json; charset=UTF-8
1 > Content-Length: 1279
1 > Host: dev-drivetec-apis.schuecodigitalsolutions.com
1 > Connection: Keep-Alive
1 > User-Agent: Apache-HttpClient/4.5.14 (Java/17.0.12)
1 > Accept-Encoding: gzip,deflate
{"Id":"848a7e30-e339-4bdf-b3db-823c958bf973","Name":"Dataset6","Description":"Dataset0946","ProjectId":"4bf1dfc8-fd6d-4d3a-9337-7ee7425ebbdf","CustomTags":"","CreatedBy":"579816e4-6653-4794-b435-a885f32e28d7","ModifiedBy":"579816e4-6653-4794-b435-a885f32e28d7","System":"","FacadeInclination":0,"OpeningType":1,"OpeningDirection":1,"OpeningWidth":1000,"VentOuterWidth":2500,"VentOuterHeight":800,"VentWeight":0,"CalculateWeightWithGlass":false,"RequiredOpeningStroke":747,"WindLoad":120,"SnowLoad":0,"IsWindowOpeningCalculationByAngle":2,"GlassThickness":14,"ProfileWeightPerSerialMeter":2.5,"DrivePosition":1,"InstallationPosition":0,"LockingMechanism":1,"Voltage":1,"DriveType":1,"TypeOfInstallation":2,"GeometricArea":0,"CalcVentilation":1,"SpecificExhaustDimension":45,"BuildingDepth":90,"CalculationTypeForVentilation":1,"HeightOfProfile":30,"HeightProfileRectangleAngle1":35,"HeightProfileRectangleAngle2":2,"RevealDepth":200,"RevealDepthRectangleAngle1":150,"RevealDepthRectangleAngle2":1000,"ChainLengthConnectingRodHandle":5,"ApplicationName":1,"OpeningAngle":10,"WeightIncGlassOrThickness":false,"AkippOrAtilt":0,"AdrehOrAturn":0,"Ageo":0,"MinPullingForceMax":0,"MinPushingForceMax":0,"MinPullingForcePermanent":0,"MinPushingForcePermanent":0,"ForceWithNegativeWind":0}

13:05:52.298 [main] DEBUG com.intuit.karate - response time in milliseconds: 676
1 < 200
1 < Content-Type: application/json; charset=utf-8
1 < Date: Tue, 03 Dec 2024 07:35:52 GMT
1 < Server: Microsoft-IIS/10.0
1 < X-Powered-By: ASP.NET
1 < Content-Length: 2078
1 < Connection: keep-alive
{
  "ProjectId": "4bf1dfc8-fd6d-4d3a-9337-7ee7425ebbdf",
  "Name": "Dataset6",
  "Description": "Dataset0946",
  "CustomTags": "",
  "ApplicationName": 1,
  "OpeningType": 1,
  "OpeningDirection": 1,
  "CalculateWeightWithGlass": false,
  "WindLoad": 120,
  "IsWindowOpeningCalculationByAngle": 2,
  "VentOuterWidth": 2500,
  "VentOuterHeight": 800,
  "WeightIncGlassOrThickness": false,
  "VentWeight": 87,
  "VentWeightExact": 86.5,
  "GlassThickness": 14,
  "ProfileWeightPerSerialMeter": 2.5,
  "FacadeInclination": 0,
  "ChainLengthConnectingRodHandle": 5,
  "ChainLenghtConnectingRodHandle": 0,
  "RequiredOpeningStroke": 139.44918839625308,
  "OpeningWidth": 1000,
  "OpeningAngle": 10,
  "SpecificExhaustDimension": 45,
  "BuildingDepth": 90,
  "SnowLoad": 0,
  "DistanceHinge": 0,
  "RatedCurrent": 0,
  "DrivePosition": 1,
  "LockingMechanism": 1,
  "Voltage": 1,
  "DriveType": 1,
  "TypeOfInstallation": 2,
  "GeometricArea": 0,
  "CalculationTypeForVentilation": 1,
  "HeightOfProfile": 30,
  "Reveal": 0,
  "RevealDepth": 200,
  "HeightProfileRectangleAngle1": 35,
  "HeightProfileRectangleAngle2": 2,
  "RevealDepthRectangleAngle1": 150,
  "RevealDepthRectangleAngle2": 1000,
  "RevealDepthRectangleAngle12": 0,
  "InstallationPosition": 0,
  "RecommendedDriveArticleNo": 0,
  "System": "",
  "AkippOrAtilt": 0.4601823217076351,
  "AdrehOrAturn": 2,
  "Ageo": 0.4601823217076351,
  "MinPullingForceMax": -119.65551260126024,
  "MinPushingForceMax": -192.18101971296795,
  "MinPullingForcePermanent": -75.3470327340791,
  "MinPushingForcePermanent": -75.3470327340791,
  "ForceWithNegativeWind": 120.3443352060445,
  "ForceWithNoWindMin": 0.3444113023921364,
  "ForceWithNegativeWindMin": 41.48695424480975,
  "ForceWithWindMin": -119.65551260126024,
  "Id": "848a7e30-e339-4bdf-b3db-823c958bf973",
  "CreatedOn": "0001-01-01T00:00:00",
  "CreatedBy": "579816e4-6653-4794-b435-a885f32e28d7",
  "ModifiedOn": "2024-12-03T07:35:52.2311168+00:00",
  "ModifiedBy": "579816e4-6653-4794-b435-a885f32e28d7"
}

13:05:52.314 [main] INFO  com.intuit.karate - Rounded Opening Angle: 10.0 
13:05:52.314 [main] INFO  com.intuit.karate - Rounded Ageo: 0.46 
13:05:52.314 [main] INFO  com.intuit.karate - Rounded Required Opening Stroke: 139.0 
13:05:52.314 [main] INFO  com.intuit.karate - Rounded Vent Weight: 87.0 
13:05:52.314 [main] DEBUG com.intuit.karate - request:
2 > GET https://dev-drivetec-apis.schuecodigitalsolutions.com/Config/848a7e30-e339-4bdf-b3db-823c958bf973/Drive
2 > Host: dev-drivetec-apis.schuecodigitalsolutions.com
2 > Connection: Keep-Alive
2 > User-Agent: Apache-HttpClient/4.5.14 (Java/17.0.12)
2 > Accept-Encoding: gzip,deflate


13:05:53.164 [main] DEBUG com.intuit.karate - response time in milliseconds: 850
2 < 200
2 < Content-Type: application/json; charset=utf-8
2 < Date: Tue, 03 Dec 2024 07:35:52 GMT
2 < Server: Microsoft-IIS/10.0
2 < X-Powered-By: ASP.NET
2 < transfer-encoding: chunked
2 < Connection: keep-alive
[
  {
    "Name": "Chain actuator D2 L200",
    "Bezeichnung": "Kettenantrieb D2 L200",
    "ConfigurationId": "00000000-0000-0000-0000-000000000000",
    "Description": "",
    "Application": "Facade",
    "ApplicationFacade": true,
    "ApplicationSkylight": false,
    "Type": 1,
    "OpeningType": 0,
    "BottomHungInward": true,
    "BottomHungOutward": false,
    "SideHungInward": true,
    "SideHungOutward": false,
    "TopHungInward": false,
    "TopHungOutward": true,
    "ProjectedTopHungInward": false,
    "ProjectedTopHungOutward": false,
    "InstallationType": "",
    "ITMainOutFrmMountWBracket": true,
    "ITMainFixOutFrmMount": true,
    "ITMainVentFrmMount": true,
    "ITSideMount50": false,
    "ITSideMount60": false,
    "ITSideMount70": false,
    "ITSideMount80": false,
    "ITSideMount67": true,
    "Feature": "",
    "FeatureOpenClose": true,
    "FeatureLock": true,
    "ArticleNumber": 291752,
    "Stroke": 200,
    "Angle": 0,
    "Voltage": "24 V DC",
    "Voltage24": true,
    "Voltage230": false,
    "RatedCurrent": 1,
    "BreakingCurrent": 1,
    "PullingForceMax": 250,
    "PushingForceMax": 250,
    "PullingForceMaxWithNegativeWind": 0,
    "PushingForceMaxWithNegativeWind": 0,
    "PushingForcePermanent": 166.67,
    "PullingForcePermanent": 250,
    "MinPullingForceMax": -192.18,
    "MinPushingForceMax": 0,
    "MinPullingForcePermanent": -75.35,
    "MinPushingForcePermanent": 0,
    "Price": 490.98,
    "DriveLength": 335,
    "ChainDrive": 435,
    "ChainDrive2": 830,
    "MaxLengthMainClosingEdge1Drive": 1650,
    "MaxGeometricArea": 0,
    "GeometricalSmokeExhaustion": 0,
    "TotalGlassThickness": 14,
    "Dimensions": 0,
    "DimensionsWxHxD": "335 x 26 x 41",
    "TensileForce": 0,
    "LockingForce": 0,
    "Details_DE": "<ul><li>Bemessungsspannung: 24 V DC (19 V … 28 V)</li><li>Abschaltstrom: 1,0 A</li><li>Bemessungsstrom: 0,7 A</li><li>Bemessungsaufnahme: 17 W</li><li>Schutzart: IP 32</li><li>Zug-/Schubkraft: max. 250 N</li><li>Umgebungstemperatur: -5°C bis + 60°C</li><li>Anschlussleitung: Halogenfrei, grau 3 x 0,5 mm², ~3 m</li><li>Max. Geschwindigkeit: 13,5 mm/s</li></ul>",
    "Details_EN": "<ul><li>Rated voltage: 24 V DC (19 V … 28 V)</li><li>Breaking current: 1.0 A</li><li>Rated current: 0.7 A</li><li>Rated consumption: 17 W</li><li>Protection rating: IP 32</li><li>Traction/ thrust: max. 250 N</li><li>Ambient temperature: -5°C bis + 60°C</li><li>Connecting cable: halogen-free, grey 3 x 0.5 mm², ~3 m</li><li>Max. speed: 13.5 mm/s</li></ul>",
    "Einsatz": "<ul> <li>Anwendung: Lüftung, NRA</li> <li>Integrierte intelligente Regelelektronik</li> <li>Rückmeldung Endlage „ZU“ (max. 24 V, 500 mA)</li> </ul>",
    "Use": "<ul> <li>Application: ventilation, natural smoke ventilation</li> <li>Integrated, intelligent control electronics</li> <li>Response for “CLOSED” end position (max. 24 V, 500 mA)</li> </ul>",
    "Ausstattung": null,
    "Equipment": null,
    "Optionen": "<ul> <li>Programmierung von Sonderfunktionen</li> <li>Programmierbare Rückmeldung Endlage „AUF“ (max. 24 V, 500 mA)</li> <li>Schüco Kontroller zur automatischen Konfiguration von Synchronlauf und Folgesteuerungen mit Verriegelungsantrieben in Antriebs-Verbundsystemen</li> </ul>",
    "Options": "<ul> <li>Programming of special functions</li> <li>Programmable response for “OPEN” end position (max. 24 V, 500 mA)</li> <li>Schüco controller for automatic configuration of synchronous running and sequence control with locking drives in composite drive systems</li></ul>",
    "IsTwoPce": true,
    "ResultVentWeight": 86.5,
    "IsLsRsDrive": true,
    "ArticleNumberRs": 291753,
    "TwoDrivesSideInstallation50": 0,
    "TwoDrivesSideInstallation60": 0,
    "TwoDrivesSideInstallation70": 0,
    "TwoDrivesSideInstallation80": 0,
    "OpeningSpeedmms": 0,
    "Traction": 250,
    "Thrust": 250,
    "Id": "07c798cb-2b88-4e23-aaec-fbdba670ac23",
    "CreatedOn": "2024-09-26T13:55:26.817Z",
    "CreatedBy": "",
    "ModifiedOn": "2024-09-26T13:55:26.817Z",
    "ModifiedBy": ""
  },
  {
    "Name": "Chain actuator D4 400",
    "Bezeichnung": "Kettenantrieb D4 400",
    "ConfigurationId": "00000000-0000-0000-0000-000000000000",
    "Description": "",
    "Application": "Facade",
    "ApplicationFacade": true,
    "ApplicationSkylight": false,
    "Type": 1,
    "OpeningType": 0,
    "BottomHungInward": true,
    "BottomHungOutward": false,
    "SideHungInward": true,
    "SideHungOutward": true,
    "TopHungInward": false,
    "TopHungOutward": true,
    "ProjectedTopHungInward": false,
    "ProjectedTopHungOutward": true,
    "InstallationType": "",
    "ITMainOutFrmMountWBracket": true,
    "ITMainFixOutFrmMount": true,
    "ITMainVentFrmMount": true,
    "ITSideMount50": false,
    "ITSideMount60": false,
    "ITSideMount70": false,
    "ITSideMount80": false,
    "ITSideMount67": true,
    "Feature": "",
    "FeatureOpenClose": true,
    "FeatureLock": true,
    "ArticleNumber": 291706,
    "Stroke": 400,
    "Angle": 0,
    "Voltage": "24 V DC",
    "Voltage24": true,
    "Voltage230": false,
    "RatedCurrent": 1,
    "BreakingCurrent": 1,
    "PullingForceMax": 400,
    "PushingForceMax": 300,
    "PullingForceMaxWithNegativeWind": 0,
    "PushingForceMaxWithNegativeWind": 0,
    "PushingForcePermanent": 200,
    "PullingForcePermanent": 400,
    "MinPullingForceMax": -192.18,
    "MinPushingForceMax": 0,
    "MinPullingForcePermanent": -75.35,
    "MinPushingForcePermanent": 0,
    "Price": 547.48,
    "DriveLength": 551,
    "ChainDrive": 651,
    "ChainDrive2": 1262,
    "MaxLengthMainClosingEdge1Drive": 1850,
    "MaxGeometricArea": 0,
    "GeometricalSmokeExhaustion": 0,
    "TotalGlassThickness": 14,
    "Dimensions": 0,
    "DimensionsWxHxD": "551 x 24 x 35",
    "TensileForce": 0,
    "LockingForce": 0,
    "Details_DE": "<ul><li>Bemessungsspannung: 24 V DC (19 V … 28 V)</li> <li>Abschaltstrom: 1,2 A</li> <li>Bemessungsstrom: 0,9 A</li> <li>Bemessungsaufnahme: 22 W</li> <li>Schutzart: IP 32</li> <li>Zug-/Schubkraft: max. 400 N</li> <li>Umgebungstemperatur: -5°C bis + 60°C</li> <li>Anschlussleitung: Halogenfrei, grau 5 x 0,5mm², ~3m</li> <li>Max. Geschwindigkeit: 13,5 mm/s</li></ul>",
    "Details_EN": "<ul><li>Rated voltage: 24 V DC (19 V … 28 V)</li> <li>Breaking current: 1.2 A</li><li>Rated current: 0.9 A</li><li>Rated consumption: 22 W</li><li>Protection rating: IP 32</li><li>Traction/ thrust: max. 400 N</li><li>Ambient temperature: -5° C to +60° C</li><li>Connecting cable: halogen-free, grey, 5 x 0.5 mm², ~ 3 m</li><li>Max. speed: 13,5 mm/s </li></ul>",
    "Einsatz": "<ul><li>Anwendung: Lüftung, NRA</li> <li>Integrierte intelligente Regelelektronik</li> <li>Rückmeldung Endlage „ZU“ (max. 24 V, 500 mA)</li> </ul>",
    "Use": "<ul><li>Application: ventilation, natural smoke ventilation</li> <li>Integrated intelligent control electronics</li> <li>Response for “CLOSED” end position (max. 24 V, 500 mA)</li> </ul>",
    "Ausstattung": "<ul><li>Zusätzlicher Universal-Steckersatz für Mehrfachbetrieb bis zu 4 Antrieben und 2 Verriegelungsantrieben</li></ul>",
    "Equipment": "<ul><li>Additional universal plug socket for multiplex operation of up to 4 drives and 2 interlocking drives</li></ul>",
    "Optionen": "<ul><li>Programmierung von Sonderfunktionen</li> <li>Programmierbare Rückmeldung Endlage „AUF“ (max. 24 V, 500 mA)</li> <li>Schüco Kontroller zur automatischen Konfiguration von Synchronlauf und Folgesteuerungen mit Verriegelungsantrieben in Antriebs-Verbundsystemen</li> </ul>",
    "Options": "<ul><li>Programming of special functions</li> <li>Programmable response for “OPEN” end position (max. 24 V, 500 mA)</li> <li>Schüco controller for automatic configuration of synchronous running and sequence control with locking drives in composite drive systems</li> </ul>",
    "IsTwoPce": true,
    "ResultVentWeight": 86.5,
    "IsLsRsDrive": true,
    "ArticleNumberRs": 291705,
    "TwoDrivesSideInstallation50": 0,
    "TwoDrivesSideInstallation60": 0,
    "TwoDrivesSideInstallation70": 0,
    "TwoDrivesSideInstallation80": 0,
    "OpeningSpeedmms": 0,
    "Traction": 400,
    "Thrust": 300,
    "Id": "3d1279a9-fd09-4a49-8d1b-c747973b2872",
    "CreatedOn": "2024-09-26T13:55:26.817Z",
    "CreatedBy": "",
    "ModifiedOn": "2024-09-26T13:55:26.817Z",
    "ModifiedBy": ""
  },
  {
    "Name": "Chain actuator D6 400",
    "Bezeichnung": "Kettenantrieb D6 400",
    "ConfigurationId": "00000000-0000-0000-0000-000000000000",
    "Description": "",
    "Application": "Facade",
    "ApplicationFacade": true,
    "ApplicationSkylight": true,
    "Type": 1,
    "OpeningType": 0,
    "BottomHungInward": true,
    "BottomHungOutward": true,
    "SideHungInward": true,
    "SideHungOutward": true,
    "TopHungInward": false,
    "TopHungOutward": true,
    "ProjectedTopHungInward": false,
    "ProjectedTopHungOutward": true,
    "InstallationType": "",
    "ITMainOutFrmMountWBracket": true,
    "ITMainFixOutFrmMount": false,
    "ITMainVentFrmMount": true,
    "ITSideMount50": false,
    "ITSideMount60": false,
    "ITSideMount70": false,
    "ITSideMount80": false,
    "ITSideMount67": true,
    "Feature": "",
    "FeatureOpenClose": true,
    "FeatureLock": true,
    "ArticleNumber": 291715,
    "Stroke": 400,
    "Angle": 0,
    "Voltage": "24 V DC",
    "Voltage24": true,
    "Voltage230": false,
    "RatedCurrent": 1,
    "BreakingCurrent": 1,
    "PullingForceMax": 600,
    "PushingForceMax": 600,
    "PullingForceMaxWithNegativeWind": 0,
    "PushingForceMaxWithNegativeWind": 0,
    "PushingForcePermanent": 400,
    "PullingForcePermanent": 600,
    "MinPullingForceMax": -192.18,
    "MinPushingForceMax": 0,
    "MinPullingForcePermanent": -75.35,
    "MinPushingForcePermanent": 0,
    "Price": 720.7,
    "DriveLength": 591,
    "ChainDrive": 691,
    "ChainDrive2": 1342,
    "MaxLengthMainClosingEdge1Drive": 1920,
    "MaxGeometricArea": 0,
    "GeometricalSmokeExhaustion": 0,
    "TotalGlassThickness": 14,
    "Dimensions": 0,
    "DimensionsWxHxD": "591 x 40 x 56",
    "TensileForce": 0,
    "LockingForce": 0,
    "Details_DE": "<ul> <li>Bemessungsspannung: 24 V DC (19 V … 28 V)</li> <li>Abschaltstrom: 1,2 A</li> <li>Bemessungsstrom: 0,9 A</li> <li>Bemessungsaufnahme: 22 W</li> <li>Schutzart: IP 32</li> <li>Zug-/Schubkraft: max. 600 N</li> <li>Umgebungstemperatur: -5°C bis + 60°C</li> <li>Anschlussleitung: Halogenfrei, grau 5 x 0,5mm², ~3m</li> <li>Max. Geschwindigkeit: 13,5 mm/s</li> </ul>",
    "Details_EN": "<ul> <li>Rated voltage: 24 V DC (19 V … 28 V)</li><li>Breaking current: 1.2 A</li><li>Rated current: 0.9 A</li><li>Rated consumption: 22W</li><li>Protection rating: IP 32</li><li>Traction/ thrust: max. 600 N</li><li>Ambient temperature: -5° C to +60° C</li><li>Connecting cable: halogen-free, grey 3 x 0,5mm², ~3m</li><li>Max. speed: 13,5 mm/s</li></ul>",
    "Einsatz": "<ul><li>Anwendung: Lüftung, NRA</li> <li>Integrierte intelligente Regelelektronik</li></ul>",
    "Use": "<ul><li>Application: ventilation, natural smoke ventilation</li> <li>Integrated intelligent control electronics</li> </ul>",
    "Ausstattung": "<ul><li>Zusätzlicher Universal-Steckersatz für Mehrfachbetrieb bis zu 4 Antrieben und 2 Verriegelungsantrieben</li></ul>",
    "Equipment": "<ul><li>Additional universal plug socket for multiplex operation  of up to 4 drives and 2 interlocking drives</li></ul>",
    "Optionen": "<ul><li>Programmierung von Sonderfunktionen</li> <li>Programmierbare Rückmeldung Endlage „AUF“ (max. 24 V, 500 mA)</li> <li>Schüco Kontroller zur automatischen Konfiguration von Synchronlauf und Folgesteuerungen mit Verriegelungsantrieben in Antriebs-Verbundsystemen</li> </ul>",
    "Options": "<ul><li>Programming of special functions</li> <li>Programmable response for “OPEN” end position (max. 24 V, 500 mA)</li> <li>Schüco controller for automatic configuration of synchronous running and sequence control with locking drives in composite drive systems</li> </ul>",
    "IsTwoPce": true,
    "ResultVentWeight": 86.5,
    "IsLsRsDrive": false,
    "ArticleNumberRs": 0,
    "TwoDrivesSideInstallation50": 0,
    "TwoDrivesSideInstallation60": 0,
    "TwoDrivesSideInstallation70": 0,
    "TwoDrivesSideInstallation80": 0,
    "OpeningSpeedmms": 0,
    "Traction": 600,
    "Thrust": 600,
    "Id": "6cfaf03b-807c-4298-8635-4bf804653a9e",
    "CreatedOn": "2024-09-26T13:55:26.817Z",
    "CreatedBy": "",
    "ModifiedOn": "2024-09-26T13:55:26.817Z",
    "ModifiedBy": ""
  },
  {
    "Name": "Locking actuator EasyConnect",
    "Bezeichnung": "Verriegelungsantrieb EasyConnect",
    "ConfigurationId": "00000000-0000-0000-0000-000000000000",
    "Description": "",
    "Application": "",
    "ApplicationFacade": true,
    "ApplicationSkylight": false,
    "Type": 5,
    "OpeningType": 0,
    "BottomHungInward": true,
    "BottomHungOutward": false,
    "SideHungInward": true,
    "SideHungOutward": false,
    "TopHungInward": false,
    "TopHungOutward": false,
    "ProjectedTopHungInward": false,
    "ProjectedTopHungOutward": false,
    "InstallationType": "",
    "ITMainOutFrmMountWBracket": true,
    "ITMainFixOutFrmMount": true,
    "ITMainVentFrmMount": false,
    "ITSideMount50": false,
    "ITSideMount60": false,
    "ITSideMount70": false,
    "ITSideMount80": false,
    "ITSideMount67": false,
    "Feature": "",
    "FeatureOpenClose": true,
    "FeatureLock": false,
    "ArticleNumber": 291787,
    "Stroke": 0,
    "Angle": 0,
    "Voltage": null,
    "Voltage24": true,
    "Voltage230": true,
    "RatedCurrent": 0,
    "BreakingCurrent": 0,
    "PullingForceMax": 0,
    "PushingForceMax": 0,
    "PullingForceMaxWithNegativeWind": 0,
    "PushingForceMaxWithNegativeWind": 0,
    "PushingForcePermanent": 0,
    "PullingForcePermanent": 0,
    "MinPullingForceMax": 0,
    "MinPushingForceMax": 0,
    "MinPullingForcePermanent": 0,
    "MinPushingForcePermanent": 0,
    "Price": 0,
    "DriveLength": 0,
    "ChainDrive": 0,
    "ChainDrive2": 0,
    "MaxLengthMainClosingEdge1Drive": 0,
    "MaxGeometricArea": 0,
    "GeometricalSmokeExhaustion": 0,
    "TotalGlassThickness": 0,
    "Dimensions": 0,
    "DimensionsWxHxD": "375 x 24 x 35",
    "TensileForce": 0,
    "LockingForce": 0,
    "Details_DE": "<ul> <li>Bemessungsspannung: 24 V DC (19 V … 28 V)</li> <li>Abschaltstrom: ~1,0 A</li> <li>Bemessungsstrom: 0,6 A</li> <li>Bemessungsaufnahme: 15 W</li> <li>Schutzart: IP 32</li><li>Zug-/Schubkraft: max. 600 N</li> <li>Umgebungstemperatur: -5°C bis + 60°C</li> <li>Anschlussleitung: Halogenfrei, grau 5 x 0,5mm² , ~5m</li> <li>Laufzeit: ~ 5s</li><li>Hub: ~ 18mm</li> </ul>",
    "Details_EN": "<ul> <li>Rated voltage : 24 V DC (19 V … 28 V</li> <li>Breaking current : ~1,0 A</li> <li>Rated current : 0,6 A</li> <li>Rated consumption : 15 W</li> <li>Protection rating : IP 32</li><li>Traction/ thrust : max. 600 N</li> <li>Ambient temperature: -5°C bis + 60°C</li> <li>Connecting cable: halogen-free, grey 5 x 0,5mm² , ~5m</li> <li>Running time: ~ 5s</li><li>Stroke: ~ 18mm</li> </ul>",
    "Einsatz": "<ul> <li>Anwendung: Lüftung, NRA</li><li>Integrierte intelligente Regelelektronik</li></ul>",
    "Use": "<ul> <li>Application: ventilation, natural smoke ventilation</li> <li>Integrated intelligent control electronics</li></ul>",
    "Ausstattung": "<ul><li>Laufrichtung einstellbar</li><li>Zusätzlicher Universal-Steckersatz</li></ul>",
    "Equipment": "<ul><li>Running direction adjustable</li><li>Additional universal plug socket</li></ul>",
    "Optionen": "<ul> <li>Mitnehmer objekt-/profilspezifisch anpassbar</li></ul>",
    "Options": "<ul> <li>Coupling adapter customizable for project-/profile-specific demands</li></ul>",
    "IsTwoPce": false,
    "ResultVentWeight": 0,
    "IsLsRsDrive": false,
    "ArticleNumberRs": 0,
    "TwoDrivesSideInstallation50": 0,
    "TwoDrivesSideInstallation60": 0,
    "TwoDrivesSideInstallation70": 0,
    "TwoDrivesSideInstallation80": 0,
    "OpeningSpeedmms": 0,
    "Traction": 0,
    "Thrust": 0,
    "Id": "f894c384-bd5f-4f1b-a446-f4a3afc8426e",
    "CreatedOn": "2024-09-26T13:55:26.817Z",
    "CreatedBy": "",
    "ModifiedOn": "2024-09-26T13:55:26.817Z",
    "ModifiedBy": ""
  },
  {
    "Name": "Locking actuator 600",
    "Bezeichnung": "Verriegelungsantrieb 600",
    "ConfigurationId": "00000000-0000-0000-0000-000000000000",
    "Description": "",
    "Application": "",
    "ApplicationFacade": true,
    "ApplicationSkylight": false,
    "Type": 5,
    "OpeningType": 0,
    "BottomHungInward": true,
    "BottomHungOutward": false,
    "SideHungInward": true,
    "SideHungOutward": false,
    "TopHungInward": false,
    "TopHungOutward": false,
    "ProjectedTopHungInward": false,
    "ProjectedTopHungOutward": false,
    "InstallationType": "",
    "ITMainOutFrmMountWBracket": true,
    "ITMainFixOutFrmMount": true,
    "ITMainVentFrmMount": false,
    "ITSideMount50": false,
    "ITSideMount60": false,
    "ITSideMount70": false,
    "ITSideMount80": false,
    "ITSideMount67": false,
    "Feature": "",
    "FeatureOpenClose": true,
    "FeatureLock": false,
    "ArticleNumber": 291736,
    "Stroke": 0,
    "Angle": 0,
    "Voltage": null,
    "Voltage24": true,
    "Voltage230": true,
    "RatedCurrent": 0,
    "BreakingCurrent": 0,
    "PullingForceMax": 0,
    "PushingForceMax": 0,
    "PullingForceMaxWithNegativeWind": 0,
    "PushingForceMaxWithNegativeWind": 0,
    "PushingForcePermanent": 0,
    "PullingForcePermanent": 0,
    "MinPullingForceMax": 0,
    "MinPushingForceMax": 0,
    "MinPullingForcePermanent": 0,
    "MinPushingForcePermanent": 0,
    "Price": 218.27,
    "DriveLength": 0,
    "ChainDrive": 0,
    "ChainDrive2": 0,
    "MaxLengthMainClosingEdge1Drive": 0,
    "MaxGeometricArea": 0,
    "GeometricalSmokeExhaustion": 0,
    "TotalGlassThickness": 0,
    "Dimensions": 0,
    "DimensionsWxHxD": "415 x 26 x 26",
    "TensileForce": 0,
    "LockingForce": 0,
    "Details_DE": "<ul> <li>Bemessungsspannung: 24 V DC (19 V … 28 V)</li> <li>Abschaltstrom: ~1,0 A</li> <li>Bemessungsstrom: 0,6 A</li> <li>Bemessungsaufnahme: 15 W</li> <li>Schutzart: IP 32</li><li>Zug-/Schubkraft: max. 600 N</li> <li>Umgebungstemperatur: -5°C bis + 60°C</li> <li>Anschlussleitung: Halogenfrei, grau 3x 0,5mm², ~3m</li> <li>Laufzeit: ~ 5s</li><li>Hub: ~ 18mm</li> </ul>",
    "Details_EN": "<ul> <li>Rated voltage : 24 V DC (19 V … 28 V</li> <li>Breaking current : ~1,0 A</li> <li>Rated current : 0,6 A</li> <li>Rated consumption : 15 W</li> <li>Protection rating : IP 32</li><li>Traction/ thrust : max. 600 N</li> <li>Ambient temperature: -5°C bis + 60°C</li> <li>Connecting cable: halogen-free, grey 3 x 0,5mm², ~3m</li> <li>Running time: ~ 5s</li><li>Stroke: ~ 18mm</li> </ul>",
    "Einsatz": "<ul> <li>Anwendung: Lüftung, NRA</li><li>Integrierte intelligente Regelelektronik</li></ul>",
    "Use": "<ul> <li>Application: ventilation, natural smoke ventilation</li> <li>Integrated intelligent control electronics</li></ul>",
    "Ausstattung": "<ul><li>Laufrichtung einstellbar</li></ul>",
    "Equipment": "<ul><li>Running direction adjustable</li></ul>",
    "Optionen": "<ul> <li>Mitnehmer objekt-/profilspezifisch anpassbar</li></ul>",
    "Options": "<ul> <li>Coupling adapter customizable for project-/profile-specific demands</li></ul>",
    "IsTwoPce": false,
    "ResultVentWeight": 0,
    "IsLsRsDrive": true,
    "ArticleNumberRs": 291735,
    "TwoDrivesSideInstallation50": 0,
    "TwoDrivesSideInstallation60": 0,
    "TwoDrivesSideInstallation70": 0,
    "TwoDrivesSideInstallation80": 0,
    "OpeningSpeedmms": 0,
    "Traction": 0,
    "Thrust": 0,
    "Id": "69d8317e-493b-4010-8d9e-54168822bacf",
    "CreatedOn": "2024-09-26T13:55:26.817Z",
    "CreatedBy": "",
    "ModifiedOn": "2024-09-26T13:55:26.817Z",
    "ModifiedBy": ""
  }
]

13:05:53.180 [main] INFO  com.intuit.karate - Expected RecommDrive: Chain actuator D2 L200,Chain actuator D4 400,Chain actuator D6 400,Locking actuator EasyConnect,Locking actuator 600 
13:05:53.180 [main] INFO  com.intuit.karate - Actual RecommDrive: Chain actuator D2 L200, Chain actuator D4 400, Chain actuator D6 400, Locking actuator EasyConnect, Locking actuator 600 
13:05:53.180 [main] INFO  com.intuit.karate - Normalized Actual RecommDrive: Chain actuator D2 L200,Chain actuator D4 400,Chain actuator D6 400,Locking actuator EasyConnect,Locking actuator 600 
13:05:53.180 [main] INFO  com.intuit.karate - Normalized Expected RecommDrive: Chain actuator D2 L200,Chain actuator D4 400,Chain actuator D6 400,Locking actuator EasyConnect,Locking actuator 600 
13:05:53.180 [main] INFO  com.intuit.karate - All Drive IDs: [
  "07c798cb-2b88-4e23-aaec-fbdba670ac23",
  "3d1279a9-fd09-4a49-8d1b-c747973b2872",
  "6cfaf03b-807c-4298-8635-4bf804653a9e",
  "f894c384-bd5f-4f1b-a446-f4a3afc8426e",
  "69d8317e-493b-4010-8d9e-54168822bacf"
]
 
13:05:53.180 [main] INFO  com.intuit.karate - First Drive ID: 07c798cb-2b88-4e23-aaec-fbdba670ac23 
13:05:53.180 [main] DEBUG com.intuit.karate - request:
3 > POST https://dev-drivetec-apis.schuecodigitalsolutions.com/api/Drives/DownloadPDFNew/Schuco
3 > Content-Type: application/json; charset=UTF-8
3 > Content-Length: 1194
3 > Host: dev-drivetec-apis.schuecodigitalsolutions.com
3 > Connection: Keep-Alive
3 > User-Agent: Apache-HttpClient/4.5.14 (Java/17.0.12)
3 > Accept-Encoding: gzip,deflate
[{"Id":"configId","Header":"configId","Value":"848a7e30-e339-4bdf-b3db-823c958bf973"},{"Id":"driveId","Header":"driveId","Value":"07c798cb-2b88-4e23-aaec-fbdba670ac23"},{"Id":"culture","Header":"culture","Value":"EN-US"},{"Id":"projectId","Header":"projectId","Value":"4bf1dfc8-fd6d-4d3a-9337-7ee7425ebbdf"},{"Id":"range-of-app","Header":"Range of application","Value":"Façade"},{"Id":"opening-type","Header":"Opening type","Value":"Bottom-hung vent"},{"Id":"opening-direction","Header":"Opening direction","Value":"Inward"},{"Id":"how-calc-weight","Header":"Vent weight","Value":"Weight including glass"},{"Id":"Chain-Length","Header":"Chain- \/ connecting rod handle","Value":"100%"},{"Id":"drive-position","Header":"Drive position","Value":"Side installation"},{"Id":"locking-mechanism","Header":"Locking mechanism","Value":"With"},{"Id":"voltage","Header":"Voltage","Value":"24 V"},{"Id":"drive-type","Header":"Drive type","Value":"Chain drive"},{"Id":"type-installation","Header":"Type of installation","Value":"Pivoting Outer Frame Installation"},{"Id":"calculation-type-for-ventilation-area","Header":"Calculation type for ventilation area","Value":"Method in accordance with ASR 3.6"}]

13:05:54.820 [main] DEBUG com.intuit.karate - response time in milliseconds: 1640
3 < 200
3 < Content-Type: application/json; charset=utf-8
3 < Date: Tue, 03 Dec 2024 07:35:54 GMT
3 < Server: Microsoft-IIS/10.0
3 < X-Powered-By: ASP.NET
3 < Content-Length: 277
3 < Connection: keep-alive
{
  "result": "https://drive-tec-dev.s3.amazonaws.com/AUT_TPJ26668-Chain_actuator_D2_L200.pdf?AWSAccessKeyId=AKIAZAWIART4ZFAXXPHK&Expires=1733214955&response-content-disposition=attachment%3B&response-content-type=application%2Fpdf&Signature=if2RKJp2YO3WDNSzH96HrqxDGy8%3D"
}

13:05:54.820 [main] INFO  com.intuit.karate - Download URL for first driveId: https://drive-tec-dev.s3.amazonaws.com/AUT_TPJ26668-Chain_actuator_D2_L200.pdf?AWSAccessKeyId=AKIAZAWIART4ZFAXXPHK&Expires=1733214955&response-content-disposition=attachment%3B&response-content-type=application%2Fpdf&Signature=if2RKJp2YO3WDNSzH96HrqxDGy8%3D 
13:05:54.836 [main] INFO  com.intuit.karate - karate.env system property was: null 
13:05:54.836 [main] INFO  com.intuit.karate - Running test for dataset:  Dataset7 
13:05:54.836 [main] INFO  com.intuit.karate - Using ProjectId:  {
  "result": {
    "projectId": "prjId"
  },
  "projectPayload": {
    "Id": "579816e4-6653-4794-b435-a885f32e28d7",
    "Name": "AUT_TPJ26668",
    "Address": "Hyderabad, Telangana, India",
    "Description": "",
    "CreatedBy": "579816e4-6653-4794-b435-a885f32e28d7",
    "ModifiedBy": "579816e4-6653-4794-b435-a885f32e28d7"
  },
  "uniqueName": "AUT_TPJ26668",
  "responseHeaders": {
    "Content-Type": [
      "application/json; charset=utf-8"
    ],
    "Date": [
      "Tue, 03 Dec 2024 07:35:27 GMT"
    ],
    "Server": [
      "Microsoft-IIS/10.0"
    ],
    "X-Powered-By": [
      "ASP.NET"
    ],
    "transfer-encoding": [
      "chunked"
    ],
    "Connection": [
      "keep-alive"
    ],
    "Set-Cookie": [
    ]
  },
  "responseTime": 1242,
  "response": {
    "Name": "AUT_TPJ26668",
    "Description": "",
    "Address": "Hyderabad, Telangana, India",
    "Id": "4bf1dfc8-fd6d-4d3a-9337-7ee7425ebbdf",
    "CreatedOn": "2024-12-03T07:35:27.7758566+00:00",
    "CreatedBy": "579816e4-6653-4794-b435-a885f32e28d7",
    "ModifiedOn": "2024-12-03T07:35:27.7759029+00:00",
    "ModifiedBy": ""
  },
  "responseStatus": 200,
  "prjId": "4bf1dfc8-fd6d-4d3a-9337-7ee7425ebbdf",
  "projectId": "4bf1dfc8-fd6d-4d3a-9337-7ee7425ebbdf"
}
 
13:05:54.836 [main] DEBUG com.intuit.karate - request:
1 > POST https://dev-drivetec-apis.schuecodigitalsolutions.com/Configurations
1 > Content-Type: application/json; charset=UTF-8
1 > Content-Length: 1275
1 > Host: dev-drivetec-apis.schuecodigitalsolutions.com
1 > Connection: Keep-Alive
1 > User-Agent: Apache-HttpClient/4.5.14 (Java/17.0.12)
1 > Accept-Encoding: gzip,deflate
{"Id":"00000000-0000-0000-0000-000000000000","ProjectId":"4bf1dfc8-fd6d-4d3a-9337-7ee7425ebbdf","Name":"Dataset4837","Description":"Dataset4837","CustomTags":"","CreatedBy":"579816e4-6653-4794-b435-a885f32e28d7","ModifiedBy":"579816e4-6653-4794-b435-a885f32e28d7","ApplicationName":1,"System":"","FacadeInclination":0,"OpeningType":1,"OpeningDirection":1,"OpeningWidth":1000,"VentOuterWidth":1230,"VentOuterHeight":1480,"VentWeight":70,"CalculateWeightWithGlass":false,"WeightIncGlassOrThickness":false,"GlassThickness":14,"ProfileWeightPerSerialMeter":2.5,"IsWindowOpeningCalculationByAngle":1,"RequiredOpeningStroke":400,"OpeningAngle":15,"WindLoad":120,"SnowLoad":0,"DrivePosition":2,"InstallationPosition":1,"ChainLengthConnectingRodHandle":5,"LockingMechanism":1,"Voltage":1,"DriveType":1,"TypeOfInstallation":2,"CalculationTypeForVentilation":1,"CalcVentilation":1,"GeometricArea":1,"SpecificExhaustDimension":30,"BuildingDepth":75,"RevealDepth":0,"RevealDepthRectangleAngle1":0,"RevealDepthRectangleAngle2":0,"HeightOfProfile":0,"HeightProfileRectangleAngle1":0,"HeightProfileRectangleAngle2":0,"AkippOrAtilt":0,"AdrehOrAturn":0,"Ageo":0,"MinPullingForceMax":0,"MinPushingForceMax":0,"MinPullingForcePermanent":0,"MinPushingForcePermanent":0,"ForceWithNegativeWind":0}

13:05:55.528 [main] DEBUG com.intuit.karate - response time in milliseconds: 692
1 < 200
1 < Content-Type: application/json; charset=utf-8
1 < Date: Tue, 03 Dec 2024 07:35:54 GMT
1 < Server: Microsoft-IIS/10.0
1 < X-Powered-By: ASP.NET
1 < Content-Length: 2032
1 < Connection: keep-alive
{
  "ProjectId": "4bf1dfc8-fd6d-4d3a-9337-7ee7425ebbdf",
  "Name": "Dataset4837",
  "Description": "Dataset4837",
  "CustomTags": "",
  "ApplicationName": 1,
  "OpeningType": 1,
  "OpeningDirection": 1,
  "CalculateWeightWithGlass": false,
  "WindLoad": 120,
  "IsWindowOpeningCalculationByAngle": 1,
  "VentOuterWidth": 1230,
  "VentOuterHeight": 1480,
  "WeightIncGlassOrThickness": false,
  "VentWeight": 77,
  "VentWeightExact": 77.26400000000001,
  "GlassThickness": 14,
  "ProfileWeightPerSerialMeter": 2.5,
  "FacadeInclination": 0,
  "ChainLengthConnectingRodHandle": 5,
  "ChainLenghtConnectingRodHandle": 0,
  "RequiredOpeningStroke": 400,
  "OpeningWidth": 1000,
  "OpeningAngle": 15.532868337024489,
  "SpecificExhaustDimension": 30,
  "BuildingDepth": 75,
  "SnowLoad": 0,
  "DistanceHinge": 0,
  "RatedCurrent": 0,
  "DrivePosition": 2,
  "LockingMechanism": 1,
  "Voltage": 1,
  "DriveType": 1,
  "TypeOfInstallation": 2,
  "GeometricArea": 0,
  "CalculationTypeForVentilation": 1,
  "HeightOfProfile": 0,
  "Reveal": 0,
  "RevealDepth": 0,
  "HeightProfileRectangleAngle1": 0,
  "HeightProfileRectangleAngle2": 0,
  "RevealDepthRectangleAngle1": 0,
  "RevealDepthRectangleAngle2": 0,
  "RevealDepthRectangleAngle12": 0,
  "InstallationPosition": 0,
  "RecommendedDriveArticleNo": 0,
  "System": "",
  "AkippOrAtilt": 1.084,
  "AdrehOrAturn": 1.8204,
  "Ageo": 1.084,
  "MinPullingForceMax": -206.4868442161654,
  "MinPushingForceMax": -206.4868442161654,
  "MinPullingForcePermanent": -104.11163259218097,
  "MinPushingForcePermanent": -104.11163259218097,
  "ForceWithNegativeWind": 109.53156767199486,
  "ForceWithNoWindMin": 0.30763693489047433,
  "ForceWithNegativeWindMin": 0,
  "ForceWithWindMin": -108.91629380221393,
  "Id": "a6281fad-d0ab-4613-88ad-e202bedb1ab2",
  "CreatedOn": "2024-12-03T07:35:55.4404445+00:00",
  "CreatedBy": "579816e4-6653-4794-b435-a885f32e28d7",
  "ModifiedOn": "2024-12-03T07:35:55.4404454+00:00",
  "ModifiedBy": ""
}

13:05:55.528 [main] INFO  com.intuit.karate - Generated Config ID: a6281fad-d0ab-4613-88ad-e202bedb1ab2 
13:05:55.528 [main] INFO  com.intuit.karate - Generated Name: Dataset4837 
13:05:55.528 [main] INFO  com.intuit.karate - Generated Description: Dataset4837 
13:05:55.543 [main] DEBUG com.intuit.karate - request:
1 > PUT https://dev-drivetec-apis.schuecodigitalsolutions.com/Configurations
1 > Content-Type: application/json; charset=UTF-8
1 > Content-Length: 1270
1 > Host: dev-drivetec-apis.schuecodigitalsolutions.com
1 > Connection: Keep-Alive
1 > User-Agent: Apache-HttpClient/4.5.14 (Java/17.0.12)
1 > Accept-Encoding: gzip,deflate
{"Id":"a6281fad-d0ab-4613-88ad-e202bedb1ab2","Name":"Dataset7","Description":"Dataset4837","ProjectId":"4bf1dfc8-fd6d-4d3a-9337-7ee7425ebbdf","CustomTags":"","CreatedBy":"579816e4-6653-4794-b435-a885f32e28d7","ModifiedBy":"579816e4-6653-4794-b435-a885f32e28d7","System":"","FacadeInclination":10,"OpeningType":1,"OpeningDirection":1,"OpeningWidth":1000,"VentOuterWidth":1650,"VentOuterHeight":1500,"VentWeight":0,"CalculateWeightWithGlass":false,"RequiredOpeningStroke":1,"WindLoad":120,"SnowLoad":0,"IsWindowOpeningCalculationByAngle":1,"GlassThickness":14,"ProfileWeightPerSerialMeter":2.5,"DrivePosition":1,"InstallationPosition":0,"LockingMechanism":1,"Voltage":1,"DriveType":1,"TypeOfInstallation":2,"GeometricArea":0,"CalcVentilation":1,"SpecificExhaustDimension":30,"BuildingDepth":75,"CalculationTypeForVentilation":1,"HeightOfProfile":0,"HeightProfileRectangleAngle1":0,"HeightProfileRectangleAngle2":0,"RevealDepth":0,"RevealDepthRectangleAngle1":0,"RevealDepthRectangleAngle2":0,"ChainLengthConnectingRodHandle":5,"ApplicationName":1,"OpeningAngle":10,"WeightIncGlassOrThickness":false,"AkippOrAtilt":0,"AdrehOrAturn":0,"Ageo":0,"MinPullingForceMax":0,"MinPushingForceMax":0,"MinPullingForcePermanent":0,"MinPushingForcePermanent":0,"ForceWithNegativeWind":0}

13:05:56.219 [main] DEBUG com.intuit.karate - response time in milliseconds: 676
1 < 200
1 < Content-Type: application/json; charset=utf-8
1 < Date: Tue, 03 Dec 2024 07:35:56 GMT
1 < Server: Microsoft-IIS/10.0
1 < X-Powered-By: ASP.NET
1 < Content-Length: 2054
1 < Connection: keep-alive
{
  "ProjectId": "4bf1dfc8-fd6d-4d3a-9337-7ee7425ebbdf",
  "Name": "Dataset7",
  "Description": "Dataset4837",
  "CustomTags": "",
  "ApplicationName": 1,
  "OpeningType": 1,
  "OpeningDirection": 1,
  "CalculateWeightWithGlass": false,
  "WindLoad": 120,
  "IsWindowOpeningCalculationByAngle": 1,
  "VentOuterWidth": 1650,
  "VentOuterHeight": 1500,
  "WeightIncGlassOrThickness": false,
  "VentWeight": 102,
  "VentWeightExact": 102.375,
  "GlassThickness": 14,
  "ProfileWeightPerSerialMeter": 2.5,
  "FacadeInclination": 10,
  "ChainLengthConnectingRodHandle": 5,
  "ChainLenghtConnectingRodHandle": 0,
  "RequiredOpeningStroke": 1,
  "OpeningWidth": 1000,
  "OpeningAngle": 0.03819718704941021,
  "SpecificExhaustDimension": 30,
  "BuildingDepth": 75,
  "SnowLoad": 0,
  "DistanceHinge": 0,
  "RatedCurrent": 0,
  "DrivePosition": 1,
  "LockingMechanism": 1,
  "Voltage": 1,
  "DriveType": 1,
  "TypeOfInstallation": 2,
  "GeometricArea": 0,
  "CalculationTypeForVentilation": 1,
  "HeightOfProfile": 0,
  "Reveal": 0,
  "RevealDepth": 0,
  "HeightProfileRectangleAngle1": 0,
  "HeightProfileRectangleAngle2": 0,
  "RevealDepthRectangleAngle1": 0,
  "RevealDepthRectangleAngle2": 0,
  "RevealDepthRectangleAngle12": 0,
  "InstallationPosition": 0,
  "RecommendedDriveArticleNo": 0,
  "System": "",
  "AkippOrAtilt": 0.00315,
  "AdrehOrAturn": 2.475,
  "Ageo": 0.00315,
  "MinPullingForceMax": -54.74319294289617,
  "MinPushingForceMax": -55.113169098532424,
  "MinPullingForcePermanent": 89.2429627501381,
  "MinPushingForcePermanent": 89.2429627501381,
  "ForceWithNegativeWind": 233.22911844317238,
  "ForceWithNoWindMin": 88.90692425992826,
  "ForceWithNegativeWindMin": 232.92701761838896,
  "ForceWithWindMin": -54.74319294289617,
  "Id": "a6281fad-d0ab-4613-88ad-e202bedb1ab2",
  "CreatedOn": "0001-01-01T00:00:00",
  "CreatedBy": "579816e4-6653-4794-b435-a885f32e28d7",
  "ModifiedOn": "2024-12-03T07:35:56.1378381+00:00",
  "ModifiedBy": "579816e4-6653-4794-b435-a885f32e28d7"
}

13:05:56.219 [main] INFO  com.intuit.karate - Rounded Opening Angle: 0.0 
13:05:56.219 [main] INFO  com.intuit.karate - Rounded Ageo: 0.0 
13:05:56.219 [main] INFO  com.intuit.karate - Rounded Required Opening Stroke: 1.0 
13:05:56.219 [main] INFO  com.intuit.karate - Rounded Vent Weight: 102.0 
13:05:56.219 [main] DEBUG com.intuit.karate - request:
2 > GET https://dev-drivetec-apis.schuecodigitalsolutions.com/Config/a6281fad-d0ab-4613-88ad-e202bedb1ab2/Drive
2 > Host: dev-drivetec-apis.schuecodigitalsolutions.com
2 > Connection: Keep-Alive
2 > User-Agent: Apache-HttpClient/4.5.14 (Java/17.0.12)
2 > Accept-Encoding: gzip,deflate


13:05:57.053 [main] DEBUG com.intuit.karate - response time in milliseconds: 818
2 < 200
2 < Content-Type: application/json; charset=utf-8
2 < Date: Tue, 03 Dec 2024 07:35:56 GMT
2 < Server: Microsoft-IIS/10.0
2 < X-Powered-By: ASP.NET
2 < transfer-encoding: chunked
2 < Connection: keep-alive
[
  {
    "Name": "Chain actuator D2 L200",
    "Bezeichnung": "Kettenantrieb D2 L200",
    "ConfigurationId": "00000000-0000-0000-0000-000000000000",
    "Description": "",
    "Application": "Facade",
    "ApplicationFacade": true,
    "ApplicationSkylight": false,
    "Type": 1,
    "OpeningType": 0,
    "BottomHungInward": true,
    "BottomHungOutward": false,
    "SideHungInward": true,
    "SideHungOutward": false,
    "TopHungInward": false,
    "TopHungOutward": true,
    "ProjectedTopHungInward": false,
    "ProjectedTopHungOutward": false,
    "InstallationType": "",
    "ITMainOutFrmMountWBracket": true,
    "ITMainFixOutFrmMount": true,
    "ITMainVentFrmMount": true,
    "ITSideMount50": false,
    "ITSideMount60": false,
    "ITSideMount70": false,
    "ITSideMount80": false,
    "ITSideMount67": true,
    "Feature": "",
    "FeatureOpenClose": true,
    "FeatureLock": true,
    "ArticleNumber": 291752,
    "Stroke": 200,
    "Angle": 0,
    "Voltage": "24 V DC",
    "Voltage24": true,
    "Voltage230": false,
    "RatedCurrent": 1,
    "BreakingCurrent": 1,
    "PullingForceMax": 250,
    "PushingForceMax": 250,
    "PullingForceMaxWithNegativeWind": 0,
    "PushingForceMaxWithNegativeWind": 0,
    "PushingForcePermanent": 166.67,
    "PullingForcePermanent": 250,
    "MinPullingForceMax": -55.11,
    "MinPushingForceMax": 0,
    "MinPullingForcePermanent": 0,
    "MinPushingForcePermanent": 89.24,
    "Price": 245.49,
    "DriveLength": 335,
    "ChainDrive": 435,
    "ChainDrive2": 830,
    "MaxLengthMainClosingEdge1Drive": 1650,
    "MaxGeometricArea": 0,
    "GeometricalSmokeExhaustion": 0,
    "TotalGlassThickness": 14,
    "Dimensions": 0,
    "DimensionsWxHxD": "335 x 26 x 41",
    "TensileForce": 0,
    "LockingForce": 0,
    "Details_DE": "<ul><li>Bemessungsspannung: 24 V DC (19 V … 28 V)</li><li>Abschaltstrom: 1,0 A</li><li>Bemessungsstrom: 0,7 A</li><li>Bemessungsaufnahme: 17 W</li><li>Schutzart: IP 32</li><li>Zug-/Schubkraft: max. 250 N</li><li>Umgebungstemperatur: -5°C bis + 60°C</li><li>Anschlussleitung: Halogenfrei, grau 3 x 0,5 mm², ~3 m</li><li>Max. Geschwindigkeit: 13,5 mm/s</li></ul>",
    "Details_EN": "<ul><li>Rated voltage: 24 V DC (19 V … 28 V)</li><li>Breaking current: 1.0 A</li><li>Rated current: 0.7 A</li><li>Rated consumption: 17 W</li><li>Protection rating: IP 32</li><li>Traction/ thrust: max. 250 N</li><li>Ambient temperature: -5°C bis + 60°C</li><li>Connecting cable: halogen-free, grey 3 x 0.5 mm², ~3 m</li><li>Max. speed: 13.5 mm/s</li></ul>",
    "Einsatz": "<ul> <li>Anwendung: Lüftung, NRA</li> <li>Integrierte intelligente Regelelektronik</li> <li>Rückmeldung Endlage „ZU“ (max. 24 V, 500 mA)</li> </ul>",
    "Use": "<ul> <li>Application: ventilation, natural smoke ventilation</li> <li>Integrated, intelligent control electronics</li> <li>Response for “CLOSED” end position (max. 24 V, 500 mA)</li> </ul>",
    "Ausstattung": null,
    "Equipment": null,
    "Optionen": "<ul> <li>Programmierung von Sonderfunktionen</li> <li>Programmierbare Rückmeldung Endlage „AUF“ (max. 24 V, 500 mA)</li> <li>Schüco Kontroller zur automatischen Konfiguration von Synchronlauf und Folgesteuerungen mit Verriegelungsantrieben in Antriebs-Verbundsystemen</li> </ul>",
    "Options": "<ul> <li>Programming of special functions</li> <li>Programmable response for “OPEN” end position (max. 24 V, 500 mA)</li> <li>Schüco controller for automatic configuration of synchronous running and sequence control with locking drives in composite drive systems</li></ul>",
    "IsTwoPce": false,
    "ResultVentWeight": 102.38,
    "IsLsRsDrive": true,
    "ArticleNumberRs": 291753,
    "TwoDrivesSideInstallation50": 0,
    "TwoDrivesSideInstallation60": 0,
    "TwoDrivesSideInstallation70": 0,
    "TwoDrivesSideInstallation80": 0,
    "OpeningSpeedmms": 0,
    "Traction": 250,
    "Thrust": 250,
    "Id": "07c798cb-2b88-4e23-aaec-fbdba670ac23",
    "CreatedOn": "2024-09-26T13:55:26.817Z",
    "CreatedBy": "",
    "ModifiedOn": "2024-09-26T13:55:26.817Z",
    "ModifiedBy": ""
  },
  {
    "Name": "Chain actuator D4 400",
    "Bezeichnung": "Kettenantrieb D4 400",
    "ConfigurationId": "00000000-0000-0000-0000-000000000000",
    "Description": "",
    "Application": "Facade",
    "ApplicationFacade": true,
    "ApplicationSkylight": false,
    "Type": 1,
    "OpeningType": 0,
    "BottomHungInward": true,
    "BottomHungOutward": false,
    "SideHungInward": true,
    "SideHungOutward": true,
    "TopHungInward": false,
    "TopHungOutward": true,
    "ProjectedTopHungInward": false,
    "ProjectedTopHungOutward": true,
    "InstallationType": "",
    "ITMainOutFrmMountWBracket": true,
    "ITMainFixOutFrmMount": true,
    "ITMainVentFrmMount": true,
    "ITSideMount50": false,
    "ITSideMount60": false,
    "ITSideMount70": false,
    "ITSideMount80": false,
    "ITSideMount67": true,
    "Feature": "",
    "FeatureOpenClose": true,
    "FeatureLock": true,
    "ArticleNumber": 291706,
    "Stroke": 400,
    "Angle": 0,
    "Voltage": "24 V DC",
    "Voltage24": true,
    "Voltage230": false,
    "RatedCurrent": 1,
    "BreakingCurrent": 1,
    "PullingForceMax": 400,
    "PushingForceMax": 300,
    "PullingForceMaxWithNegativeWind": 0,
    "PushingForceMaxWithNegativeWind": 0,
    "PushingForcePermanent": 200,
    "PullingForcePermanent": 400,
    "MinPullingForceMax": -55.11,
    "MinPushingForceMax": 0,
    "MinPullingForcePermanent": 0,
    "MinPushingForcePermanent": 89.24,
    "Price": 273.74,
    "DriveLength": 551,
    "ChainDrive": 651,
    "ChainDrive2": 1262,
    "MaxLengthMainClosingEdge1Drive": 1850,
    "MaxGeometricArea": 0,
    "GeometricalSmokeExhaustion": 0,
    "TotalGlassThickness": 14,
    "Dimensions": 0,
    "DimensionsWxHxD": "551 x 24 x 35",
    "TensileForce": 0,
    "LockingForce": 0,
    "Details_DE": "<ul><li>Bemessungsspannung: 24 V DC (19 V … 28 V)</li> <li>Abschaltstrom: 1,2 A</li> <li>Bemessungsstrom: 0,9 A</li> <li>Bemessungsaufnahme: 22 W</li> <li>Schutzart: IP 32</li> <li>Zug-/Schubkraft: max. 400 N</li> <li>Umgebungstemperatur: -5°C bis + 60°C</li> <li>Anschlussleitung: Halogenfrei, grau 5 x 0,5mm², ~3m</li> <li>Max. Geschwindigkeit: 13,5 mm/s</li></ul>",
    "Details_EN": "<ul><li>Rated voltage: 24 V DC (19 V … 28 V)</li> <li>Breaking current: 1.2 A</li><li>Rated current: 0.9 A</li><li>Rated consumption: 22 W</li><li>Protection rating: IP 32</li><li>Traction/ thrust: max. 400 N</li><li>Ambient temperature: -5° C to +60° C</li><li>Connecting cable: halogen-free, grey, 5 x 0.5 mm², ~ 3 m</li><li>Max. speed: 13,5 mm/s </li></ul>",
    "Einsatz": "<ul><li>Anwendung: Lüftung, NRA</li> <li>Integrierte intelligente Regelelektronik</li> <li>Rückmeldung Endlage „ZU“ (max. 24 V, 500 mA)</li> </ul>",
    "Use": "<ul><li>Application: ventilation, natural smoke ventilation</li> <li>Integrated intelligent control electronics</li> <li>Response for “CLOSED” end position (max. 24 V, 500 mA)</li> </ul>",
    "Ausstattung": "<ul><li>Zusätzlicher Universal-Steckersatz für Mehrfachbetrieb bis zu 4 Antrieben und 2 Verriegelungsantrieben</li></ul>",
    "Equipment": "<ul><li>Additional universal plug socket for multiplex operation of up to 4 drives and 2 interlocking drives</li></ul>",
    "Optionen": "<ul><li>Programmierung von Sonderfunktionen</li> <li>Programmierbare Rückmeldung Endlage „AUF“ (max. 24 V, 500 mA)</li> <li>Schüco Kontroller zur automatischen Konfiguration von Synchronlauf und Folgesteuerungen mit Verriegelungsantrieben in Antriebs-Verbundsystemen</li> </ul>",
    "Options": "<ul><li>Programming of special functions</li> <li>Programmable response for “OPEN” end position (max. 24 V, 500 mA)</li> <li>Schüco controller for automatic configuration of synchronous running and sequence control with locking drives in composite drive systems</li> </ul>",
    "IsTwoPce": false,
    "ResultVentWeight": 102.38,
    "IsLsRsDrive": true,
    "ArticleNumberRs": 291705,
    "TwoDrivesSideInstallation50": 0,
    "TwoDrivesSideInstallation60": 0,
    "TwoDrivesSideInstallation70": 0,
    "TwoDrivesSideInstallation80": 0,
    "OpeningSpeedmms": 0,
    "Traction": 400,
    "Thrust": 300,
    "Id": "3d1279a9-fd09-4a49-8d1b-c747973b2872",
    "CreatedOn": "2024-09-26T13:55:26.817Z",
    "CreatedBy": "",
    "ModifiedOn": "2024-09-26T13:55:26.817Z",
    "ModifiedBy": ""
  },
  {
    "Name": "Chain actuator D6 400",
    "Bezeichnung": "Kettenantrieb D6 400",
    "ConfigurationId": "00000000-0000-0000-0000-000000000000",
    "Description": "",
    "Application": "Facade",
    "ApplicationFacade": true,
    "ApplicationSkylight": true,
    "Type": 1,
    "OpeningType": 0,
    "BottomHungInward": true,
    "BottomHungOutward": true,
    "SideHungInward": true,
    "SideHungOutward": true,
    "TopHungInward": false,
    "TopHungOutward": true,
    "ProjectedTopHungInward": false,
    "ProjectedTopHungOutward": true,
    "InstallationType": "",
    "ITMainOutFrmMountWBracket": true,
    "ITMainFixOutFrmMount": false,
    "ITMainVentFrmMount": true,
    "ITSideMount50": false,
    "ITSideMount60": false,
    "ITSideMount70": false,
    "ITSideMount80": false,
    "ITSideMount67": true,
    "Feature": "",
    "FeatureOpenClose": true,
    "FeatureLock": true,
    "ArticleNumber": 291715,
    "Stroke": 400,
    "Angle": 0,
    "Voltage": "24 V DC",
    "Voltage24": true,
    "Voltage230": false,
    "RatedCurrent": 1,
    "BreakingCurrent": 1,
    "PullingForceMax": 600,
    "PushingForceMax": 600,
    "PullingForceMaxWithNegativeWind": 0,
    "PushingForceMaxWithNegativeWind": 0,
    "PushingForcePermanent": 400,
    "PullingForcePermanent": 600,
    "MinPullingForceMax": -55.11,
    "MinPushingForceMax": 0,
    "MinPullingForcePermanent": 0,
    "MinPushingForcePermanent": 89.24,
    "Price": 360.35,
    "DriveLength": 591,
    "ChainDrive": 691,
    "ChainDrive2": 1342,
    "MaxLengthMainClosingEdge1Drive": 1920,
    "MaxGeometricArea": 0,
    "GeometricalSmokeExhaustion": 0,
    "TotalGlassThickness": 14,
    "Dimensions": 0,
    "DimensionsWxHxD": "591 x 40 x 56",
    "TensileForce": 0,
    "LockingForce": 0,
    "Details_DE": "<ul> <li>Bemessungsspannung: 24 V DC (19 V … 28 V)</li> <li>Abschaltstrom: 1,2 A</li> <li>Bemessungsstrom: 0,9 A</li> <li>Bemessungsaufnahme: 22 W</li> <li>Schutzart: IP 32</li> <li>Zug-/Schubkraft: max. 600 N</li> <li>Umgebungstemperatur: -5°C bis + 60°C</li> <li>Anschlussleitung: Halogenfrei, grau 5 x 0,5mm², ~3m</li> <li>Max. Geschwindigkeit: 13,5 mm/s</li> </ul>",
    "Details_EN": "<ul> <li>Rated voltage: 24 V DC (19 V … 28 V)</li><li>Breaking current: 1.2 A</li><li>Rated current: 0.9 A</li><li>Rated consumption: 22W</li><li>Protection rating: IP 32</li><li>Traction/ thrust: max. 600 N</li><li>Ambient temperature: -5° C to +60° C</li><li>Connecting cable: halogen-free, grey 3 x 0,5mm², ~3m</li><li>Max. speed: 13,5 mm/s</li></ul>",
    "Einsatz": "<ul><li>Anwendung: Lüftung, NRA</li> <li>Integrierte intelligente Regelelektronik</li></ul>",
    "Use": "<ul><li>Application: ventilation, natural smoke ventilation</li> <li>Integrated intelligent control electronics</li> </ul>",
    "Ausstattung": "<ul><li>Zusätzlicher Universal-Steckersatz für Mehrfachbetrieb bis zu 4 Antrieben und 2 Verriegelungsantrieben</li></ul>",
    "Equipment": "<ul><li>Additional universal plug socket for multiplex operation  of up to 4 drives and 2 interlocking drives</li></ul>",
    "Optionen": "<ul><li>Programmierung von Sonderfunktionen</li> <li>Programmierbare Rückmeldung Endlage „AUF“ (max. 24 V, 500 mA)</li> <li>Schüco Kontroller zur automatischen Konfiguration von Synchronlauf und Folgesteuerungen mit Verriegelungsantrieben in Antriebs-Verbundsystemen</li> </ul>",
    "Options": "<ul><li>Programming of special functions</li> <li>Programmable response for “OPEN” end position (max. 24 V, 500 mA)</li> <li>Schüco controller for automatic configuration of synchronous running and sequence control with locking drives in composite drive systems</li> </ul>",
    "IsTwoPce": false,
    "ResultVentWeight": 102.38,
    "IsLsRsDrive": true,
    "ArticleNumberRs": 291715,
    "TwoDrivesSideInstallation50": 0,
    "TwoDrivesSideInstallation60": 0,
    "TwoDrivesSideInstallation70": 0,
    "TwoDrivesSideInstallation80": 0,
    "OpeningSpeedmms": 0,
    "Traction": 600,
    "Thrust": 600,
    "Id": "6cfaf03b-807c-4298-8635-4bf804653a9e",
    "CreatedOn": "2024-09-26T13:55:26.817Z",
    "CreatedBy": "",
    "ModifiedOn": "2024-09-26T13:55:26.817Z",
    "ModifiedBy": ""
  },
  {
    "Name": "Chain actuator TWIN D2 L200",
    "Bezeichnung": "Kettenantrieb TWIN D2 L200",
    "ConfigurationId": "00000000-0000-0000-0000-000000000000",
    "Description": "",
    "Application": "Facade",
    "ApplicationFacade": true,
    "ApplicationSkylight": false,
    "Type": 1,
    "OpeningType": 0,
    "BottomHungInward": true,
    "BottomHungOutward": false,
    "SideHungInward": false,
    "SideHungOutward": false,
    "TopHungInward": false,
    "TopHungOutward": true,
    "ProjectedTopHungInward": false,
    "ProjectedTopHungOutward": false,
    "InstallationType": "",
    "ITMainOutFrmMountWBracket": true,
    "ITMainFixOutFrmMount": true,
    "ITMainVentFrmMount": true,
    "ITSideMount50": false,
    "ITSideMount60": false,
    "ITSideMount70": false,
    "ITSideMount80": false,
    "ITSideMount67": false,
    "Feature": "",
    "FeatureOpenClose": true,
    "FeatureLock": true,
    "ArticleNumber": 291772,
    "Stroke": 200,
    "Angle": 0,
    "Voltage": "24 V DC",
    "Voltage24": true,
    "Voltage230": false,
    "RatedCurrent": 1,
    "BreakingCurrent": 2,
    "PullingForceMax": 500,
    "PushingForceMax": 500,
    "PullingForceMaxWithNegativeWind": 0,
    "PushingForceMaxWithNegativeWind": 0,
    "PushingForcePermanent": 333.33,
    "PullingForcePermanent": 500,
    "MinPullingForceMax": -55.11,
    "MinPushingForceMax": 0,
    "MinPullingForcePermanent": 0,
    "MinPushingForcePermanent": 89.24,
    "Price": 475.07,
    "DriveLength": 640,
    "ChainDrive": 740,
    "ChainDrive2": 0,
    "MaxLengthMainClosingEdge1Drive": 1650,
    "MaxGeometricArea": 0,
    "GeometricalSmokeExhaustion": 0,
    "TotalGlassThickness": 14,
    "Dimensions": 0,
    "DimensionsWxHxD": "640 x 26 x 41",
    "TensileForce": 0,
    "LockingForce": 0,
    "Details_DE": "<ul><li>Bemessungsspannung: 24 V DC (19 V … 28 V)</li> <li>Abschaltstrom: 2,0 A</li> <li>Bemessungsstrom: 1,4 A</li> <li>Bemessungsaufnahme: 34 W</li> <li>Schutzart: IP 32</li> <li>Zug-/Schubkraft: max. 500 N</li> <li>Umgebungstemperatur: -5°C bis + 60°C</li> <li>Anschlussleitung: Halogenfrei, grau 3 x 0,5mm², ~3m</li> <li>Max. Geschwindigkeit: 12 mm/s</li> </ul>",
    "Details_EN": "<ul><li>Rated voltage: 24 V DC (19 V … 28 V)</li><li>Breaking current: 2.0 A</li><li>Rated current: 1.4 A</li><li>Rated consumption: 34 W</li><li>Protection rating: IP 32</li><li>Traction/ thrust: max. 500 N</li><li>Ambient temperature: -5°C bis + 60°C</li><li>Connecting cable: halogen-free, grey 3 x 0,5mm², ~3m</li><li>Max. speed: 12 mm/s</li></ul>",
    "Einsatz": "<ul><li>Anwendung: Lüftung, NRA</li> <li>Integrierte intelligente Regelelektronik</li> <li>Rückmeldung Endlage „ZU“ (max. 24 V, 500 mA)</li> </ul>",
    "Use": "<ul><li>Application: ventilation, natural smoke ventilation</li> <li>Integrated intelligent control electronics</li> <li>Response for \"CLOSED\" end position (max. 24 V, 500 mA)</li> </ul>",
    "Ausstattung": null,
    "Equipment": null,
    "Optionen": "<ul><li>Programmierung von Sonderfunktionen</li> <li>Programmierbare Rückmeldung Endlage „AUF“ (max. 24 V, 500 mA)</li> <li>Schüco Kontroller zur automatischen Konfiguration von Synchronlauf und Folgesteuerungen mit Verriegelungsantrieb in Antriebs-Verbundsystem</li> </ul>",
    "Options": "<ul><li>Programming of special functions</li> <li>Programmable response for \"OPEN\" end position (max. 24 V, 500 mA)</li> <li>Schüco controller for automatic configuration of synchronous running and sequence control with locking drives in composite drive systems</li> </ul>",
    "IsTwoPce": false,
    "ResultVentWeight": 102.38,
    "IsLsRsDrive": false,
    "ArticleNumberRs": 0,
    "TwoDrivesSideInstallation50": 0,
    "TwoDrivesSideInstallation60": 0,
    "TwoDrivesSideInstallation70": 0,
    "TwoDrivesSideInstallation80": 0,
    "OpeningSpeedmms": 0,
    "Traction": 500,
    "Thrust": 500,
    "Id": "927f2f17-13fd-4dc9-88f5-a6c2f139f905",
    "CreatedOn": "2024-09-26T13:55:26.817Z",
    "CreatedBy": "",
    "ModifiedOn": "2024-09-26T13:55:26.817Z",
    "ModifiedBy": ""
  },
  {
    "Name": "Chain actuator D2 L200",
    "Bezeichnung": "Kettenantrieb D2 L200",
    "ConfigurationId": "00000000-0000-0000-0000-000000000000",
    "Description": "",
    "Application": "Facade",
    "ApplicationFacade": true,
    "ApplicationSkylight": false,
    "Type": 1,
    "OpeningType": 0,
    "BottomHungInward": true,
    "BottomHungOutward": false,
    "SideHungInward": true,
    "SideHungOutward": false,
    "TopHungInward": false,
    "TopHungOutward": true,
    "ProjectedTopHungInward": false,
    "ProjectedTopHungOutward": false,
    "InstallationType": "",
    "ITMainOutFrmMountWBracket": true,
    "ITMainFixOutFrmMount": true,
    "ITMainVentFrmMount": true,
    "ITSideMount50": false,
    "ITSideMount60": false,
    "ITSideMount70": false,
    "ITSideMount80": false,
    "ITSideMount67": true,
    "Feature": "",
    "FeatureOpenClose": true,
    "FeatureLock": true,
    "ArticleNumber": 291752,
    "Stroke": 200,
    "Angle": 0,
    "Voltage": "24 V DC",
    "Voltage24": true,
    "Voltage230": false,
    "RatedCurrent": 1,
    "BreakingCurrent": 1,
    "PullingForceMax": 250,
    "PushingForceMax": 250,
    "PullingForceMaxWithNegativeWind": 0,
    "PushingForceMaxWithNegativeWind": 0,
    "PushingForcePermanent": 166.67,
    "PullingForcePermanent": 250,
    "MinPullingForceMax": -55.11,
    "MinPushingForceMax": 0,
    "MinPullingForcePermanent": 0,
    "MinPushingForcePermanent": 89.24,
    "Price": 490.98,
    "DriveLength": 335,
    "ChainDrive": 435,
    "ChainDrive2": 830,
    "MaxLengthMainClosingEdge1Drive": 1650,
    "MaxGeometricArea": 0,
    "GeometricalSmokeExhaustion": 0,
    "TotalGlassThickness": 14,
    "Dimensions": 0,
    "DimensionsWxHxD": "335 x 26 x 41",
    "TensileForce": 0,
    "LockingForce": 0,
    "Details_DE": "<ul><li>Bemessungsspannung: 24 V DC (19 V … 28 V)</li><li>Abschaltstrom: 1,0 A</li><li>Bemessungsstrom: 0,7 A</li><li>Bemessungsaufnahme: 17 W</li><li>Schutzart: IP 32</li><li>Zug-/Schubkraft: max. 250 N</li><li>Umgebungstemperatur: -5°C bis + 60°C</li><li>Anschlussleitung: Halogenfrei, grau 3 x 0,5 mm², ~3 m</li><li>Max. Geschwindigkeit: 13,5 mm/s</li></ul>",
    "Details_EN": "<ul><li>Rated voltage: 24 V DC (19 V … 28 V)</li><li>Breaking current: 1.0 A</li><li>Rated current: 0.7 A</li><li>Rated consumption: 17 W</li><li>Protection rating: IP 32</li><li>Traction/ thrust: max. 250 N</li><li>Ambient temperature: -5°C bis + 60°C</li><li>Connecting cable: halogen-free, grey 3 x 0.5 mm², ~3 m</li><li>Max. speed: 13.5 mm/s</li></ul>",
    "Einsatz": "<ul> <li>Anwendung: Lüftung, NRA</li> <li>Integrierte intelligente Regelelektronik</li> <li>Rückmeldung Endlage „ZU“ (max. 24 V, 500 mA)</li> </ul>",
    "Use": "<ul> <li>Application: ventilation, natural smoke ventilation</li> <li>Integrated, intelligent control electronics</li> <li>Response for “CLOSED” end position (max. 24 V, 500 mA)</li> </ul>",
    "Ausstattung": null,
    "Equipment": null,
    "Optionen": "<ul> <li>Programmierung von Sonderfunktionen</li> <li>Programmierbare Rückmeldung Endlage „AUF“ (max. 24 V, 500 mA)</li> <li>Schüco Kontroller zur automatischen Konfiguration von Synchronlauf und Folgesteuerungen mit Verriegelungsantrieben in Antriebs-Verbundsystemen</li> </ul>",
    "Options": "<ul> <li>Programming of special functions</li> <li>Programmable response for “OPEN” end position (max. 24 V, 500 mA)</li> <li>Schüco controller for automatic configuration of synchronous running and sequence control with locking drives in composite drive systems</li></ul>",
    "IsTwoPce": true,
    "ResultVentWeight": 102.38,
    "IsLsRsDrive": true,
    "ArticleNumberRs": 291753,
    "TwoDrivesSideInstallation50": 0,
    "TwoDrivesSideInstallation60": 0,
    "TwoDrivesSideInstallation70": 0,
    "TwoDrivesSideInstallation80": 0,
    "OpeningSpeedmms": 0,
    "Traction": 250,
    "Thrust": 250,
    "Id": "07c798cb-2b88-4e23-aaec-fbdba670ac23",
    "CreatedOn": "2024-09-26T13:55:26.817Z",
    "CreatedBy": "",
    "ModifiedOn": "2024-09-26T13:55:26.817Z",
    "ModifiedBy": ""
  },
  {
    "Name": "Chain actuator D4 400",
    "Bezeichnung": "Kettenantrieb D4 400",
    "ConfigurationId": "00000000-0000-0000-0000-000000000000",
    "Description": "",
    "Application": "Facade",
    "ApplicationFacade": true,
    "ApplicationSkylight": false,
    "Type": 1,
    "OpeningType": 0,
    "BottomHungInward": true,
    "BottomHungOutward": false,
    "SideHungInward": true,
    "SideHungOutward": true,
    "TopHungInward": false,
    "TopHungOutward": true,
    "ProjectedTopHungInward": false,
    "ProjectedTopHungOutward": true,
    "InstallationType": "",
    "ITMainOutFrmMountWBracket": true,
    "ITMainFixOutFrmMount": true,
    "ITMainVentFrmMount": true,
    "ITSideMount50": false,
    "ITSideMount60": false,
    "ITSideMount70": false,
    "ITSideMount80": false,
    "ITSideMount67": true,
    "Feature": "",
    "FeatureOpenClose": true,
    "FeatureLock": true,
    "ArticleNumber": 291706,
    "Stroke": 400,
    "Angle": 0,
    "Voltage": "24 V DC",
    "Voltage24": true,
    "Voltage230": false,
    "RatedCurrent": 1,
    "BreakingCurrent": 1,
    "PullingForceMax": 400,
    "PushingForceMax": 300,
    "PullingForceMaxWithNegativeWind": 0,
    "PushingForceMaxWithNegativeWind": 0,
    "PushingForcePermanent": 200,
    "PullingForcePermanent": 400,
    "MinPullingForceMax": -55.11,
    "MinPushingForceMax": 0,
    "MinPullingForcePermanent": 0,
    "MinPushingForcePermanent": 89.24,
    "Price": 547.48,
    "DriveLength": 551,
    "ChainDrive": 651,
    "ChainDrive2": 1262,
    "MaxLengthMainClosingEdge1Drive": 1850,
    "MaxGeometricArea": 0,
    "GeometricalSmokeExhaustion": 0,
    "TotalGlassThickness": 14,
    "Dimensions": 0,
    "DimensionsWxHxD": "551 x 24 x 35",
    "TensileForce": 0,
    "LockingForce": 0,
    "Details_DE": "<ul><li>Bemessungsspannung: 24 V DC (19 V … 28 V)</li> <li>Abschaltstrom: 1,2 A</li> <li>Bemessungsstrom: 0,9 A</li> <li>Bemessungsaufnahme: 22 W</li> <li>Schutzart: IP 32</li> <li>Zug-/Schubkraft: max. 400 N</li> <li>Umgebungstemperatur: -5°C bis + 60°C</li> <li>Anschlussleitung: Halogenfrei, grau 5 x 0,5mm², ~3m</li> <li>Max. Geschwindigkeit: 13,5 mm/s</li></ul>",
    "Details_EN": "<ul><li>Rated voltage: 24 V DC (19 V … 28 V)</li> <li>Breaking current: 1.2 A</li><li>Rated current: 0.9 A</li><li>Rated consumption: 22 W</li><li>Protection rating: IP 32</li><li>Traction/ thrust: max. 400 N</li><li>Ambient temperature: -5° C to +60° C</li><li>Connecting cable: halogen-free, grey, 5 x 0.5 mm², ~ 3 m</li><li>Max. speed: 13,5 mm/s </li></ul>",
    "Einsatz": "<ul><li>Anwendung: Lüftung, NRA</li> <li>Integrierte intelligente Regelelektronik</li> <li>Rückmeldung Endlage „ZU“ (max. 24 V, 500 mA)</li> </ul>",
    "Use": "<ul><li>Application: ventilation, natural smoke ventilation</li> <li>Integrated intelligent control electronics</li> <li>Response for “CLOSED” end position (max. 24 V, 500 mA)</li> </ul>",
    "Ausstattung": "<ul><li>Zusätzlicher Universal-Steckersatz für Mehrfachbetrieb bis zu 4 Antrieben und 2 Verriegelungsantrieben</li></ul>",
    "Equipment": "<ul><li>Additional universal plug socket for multiplex operation of up to 4 drives and 2 interlocking drives</li></ul>",
    "Optionen": "<ul><li>Programmierung von Sonderfunktionen</li> <li>Programmierbare Rückmeldung Endlage „AUF“ (max. 24 V, 500 mA)</li> <li>Schüco Kontroller zur automatischen Konfiguration von Synchronlauf und Folgesteuerungen mit Verriegelungsantrieben in Antriebs-Verbundsystemen</li> </ul>",
    "Options": "<ul><li>Programming of special functions</li> <li>Programmable response for “OPEN” end position (max. 24 V, 500 mA)</li> <li>Schüco controller for automatic configuration of synchronous running and sequence control with locking drives in composite drive systems</li> </ul>",
    "IsTwoPce": true,
    "ResultVentWeight": 102.38,
    "IsLsRsDrive": true,
    "ArticleNumberRs": 291705,
    "TwoDrivesSideInstallation50": 0,
    "TwoDrivesSideInstallation60": 0,
    "TwoDrivesSideInstallation70": 0,
    "TwoDrivesSideInstallation80": 0,
    "OpeningSpeedmms": 0,
    "Traction": 400,
    "Thrust": 300,
    "Id": "3d1279a9-fd09-4a49-8d1b-c747973b2872",
    "CreatedOn": "2024-09-26T13:55:26.817Z",
    "CreatedBy": "",
    "ModifiedOn": "2024-09-26T13:55:26.817Z",
    "ModifiedBy": ""
  },
  {
    "Name": "Chain actuator D6 400",
    "Bezeichnung": "Kettenantrieb D6 400",
    "ConfigurationId": "00000000-0000-0000-0000-000000000000",
    "Description": "",
    "Application": "Facade",
    "ApplicationFacade": true,
    "ApplicationSkylight": true,
    "Type": 1,
    "OpeningType": 0,
    "BottomHungInward": true,
    "BottomHungOutward": true,
    "SideHungInward": true,
    "SideHungOutward": true,
    "TopHungInward": false,
    "TopHungOutward": true,
    "ProjectedTopHungInward": false,
    "ProjectedTopHungOutward": true,
    "InstallationType": "",
    "ITMainOutFrmMountWBracket": true,
    "ITMainFixOutFrmMount": false,
    "ITMainVentFrmMount": true,
    "ITSideMount50": false,
    "ITSideMount60": false,
    "ITSideMount70": false,
    "ITSideMount80": false,
    "ITSideMount67": true,
    "Feature": "",
    "FeatureOpenClose": true,
    "FeatureLock": true,
    "ArticleNumber": 291715,
    "Stroke": 400,
    "Angle": 0,
    "Voltage": "24 V DC",
    "Voltage24": true,
    "Voltage230": false,
    "RatedCurrent": 1,
    "BreakingCurrent": 1,
    "PullingForceMax": 600,
    "PushingForceMax": 600,
    "PullingForceMaxWithNegativeWind": 0,
    "PushingForceMaxWithNegativeWind": 0,
    "PushingForcePermanent": 400,
    "PullingForcePermanent": 600,
    "MinPullingForceMax": -55.11,
    "MinPushingForceMax": 0,
    "MinPullingForcePermanent": 0,
    "MinPushingForcePermanent": 89.24,
    "Price": 720.7,
    "DriveLength": 591,
    "ChainDrive": 691,
    "ChainDrive2": 1342,
    "MaxLengthMainClosingEdge1Drive": 1920,
    "MaxGeometricArea": 0,
    "GeometricalSmokeExhaustion": 0,
    "TotalGlassThickness": 14,
    "Dimensions": 0,
    "DimensionsWxHxD": "591 x 40 x 56",
    "TensileForce": 0,
    "LockingForce": 0,
    "Details_DE": "<ul> <li>Bemessungsspannung: 24 V DC (19 V … 28 V)</li> <li>Abschaltstrom: 1,2 A</li> <li>Bemessungsstrom: 0,9 A</li> <li>Bemessungsaufnahme: 22 W</li> <li>Schutzart: IP 32</li> <li>Zug-/Schubkraft: max. 600 N</li> <li>Umgebungstemperatur: -5°C bis + 60°C</li> <li>Anschlussleitung: Halogenfrei, grau 5 x 0,5mm², ~3m</li> <li>Max. Geschwindigkeit: 13,5 mm/s</li> </ul>",
    "Details_EN": "<ul> <li>Rated voltage: 24 V DC (19 V … 28 V)</li><li>Breaking current: 1.2 A</li><li>Rated current: 0.9 A</li><li>Rated consumption: 22W</li><li>Protection rating: IP 32</li><li>Traction/ thrust: max. 600 N</li><li>Ambient temperature: -5° C to +60° C</li><li>Connecting cable: halogen-free, grey 3 x 0,5mm², ~3m</li><li>Max. speed: 13,5 mm/s</li></ul>",
    "Einsatz": "<ul><li>Anwendung: Lüftung, NRA</li> <li>Integrierte intelligente Regelelektronik</li></ul>",
    "Use": "<ul><li>Application: ventilation, natural smoke ventilation</li> <li>Integrated intelligent control electronics</li> </ul>",
    "Ausstattung": "<ul><li>Zusätzlicher Universal-Steckersatz für Mehrfachbetrieb bis zu 4 Antrieben und 2 Verriegelungsantrieben</li></ul>",
    "Equipment": "<ul><li>Additional universal plug socket for multiplex operation  of up to 4 drives and 2 interlocking drives</li></ul>",
    "Optionen": "<ul><li>Programmierung von Sonderfunktionen</li> <li>Programmierbare Rückmeldung Endlage „AUF“ (max. 24 V, 500 mA)</li> <li>Schüco Kontroller zur automatischen Konfiguration von Synchronlauf und Folgesteuerungen mit Verriegelungsantrieben in Antriebs-Verbundsystemen</li> </ul>",
    "Options": "<ul><li>Programming of special functions</li> <li>Programmable response for “OPEN” end position (max. 24 V, 500 mA)</li> <li>Schüco controller for automatic configuration of synchronous running and sequence control with locking drives in composite drive systems</li> </ul>",
    "IsTwoPce": true,
    "ResultVentWeight": 102.38,
    "IsLsRsDrive": false,
    "ArticleNumberRs": 0,
    "TwoDrivesSideInstallation50": 0,
    "TwoDrivesSideInstallation60": 0,
    "TwoDrivesSideInstallation70": 0,
    "TwoDrivesSideInstallation80": 0,
    "OpeningSpeedmms": 0,
    "Traction": 600,
    "Thrust": 600,
    "Id": "6cfaf03b-807c-4298-8635-4bf804653a9e",
    "CreatedOn": "2024-09-26T13:55:26.817Z",
    "CreatedBy": "",
    "ModifiedOn": "2024-09-26T13:55:26.817Z",
    "ModifiedBy": ""
  },
  {
    "Name": "Locking actuator EasyConnect",
    "Bezeichnung": "Verriegelungsantrieb EasyConnect",
    "ConfigurationId": "00000000-0000-0000-0000-000000000000",
    "Description": "",
    "Application": "",
    "ApplicationFacade": true,
    "ApplicationSkylight": false,
    "Type": 5,
    "OpeningType": 0,
    "BottomHungInward": true,
    "BottomHungOutward": false,
    "SideHungInward": true,
    "SideHungOutward": false,
    "TopHungInward": false,
    "TopHungOutward": false,
    "ProjectedTopHungInward": false,
    "ProjectedTopHungOutward": false,
    "InstallationType": "",
    "ITMainOutFrmMountWBracket": true,
    "ITMainFixOutFrmMount": true,
    "ITMainVentFrmMount": false,
    "ITSideMount50": false,
    "ITSideMount60": false,
    "ITSideMount70": false,
    "ITSideMount80": false,
    "ITSideMount67": false,
    "Feature": "",
    "FeatureOpenClose": true,
    "FeatureLock": false,
    "ArticleNumber": 291787,
    "Stroke": 0,
    "Angle": 0,
    "Voltage": null,
    "Voltage24": true,
    "Voltage230": true,
    "RatedCurrent": 0,
    "BreakingCurrent": 0,
    "PullingForceMax": 0,
    "PushingForceMax": 0,
    "PullingForceMaxWithNegativeWind": 0,
    "PushingForceMaxWithNegativeWind": 0,
    "PushingForcePermanent": 0,
    "PullingForcePermanent": 0,
    "MinPullingForceMax": 0,
    "MinPushingForceMax": 0,
    "MinPullingForcePermanent": 0,
    "MinPushingForcePermanent": 0,
    "Price": 0,
    "DriveLength": 0,
    "ChainDrive": 0,
    "ChainDrive2": 0,
    "MaxLengthMainClosingEdge1Drive": 0,
    "MaxGeometricArea": 0,
    "GeometricalSmokeExhaustion": 0,
    "TotalGlassThickness": 0,
    "Dimensions": 0,
    "DimensionsWxHxD": "375 x 24 x 35",
    "TensileForce": 0,
    "LockingForce": 0,
    "Details_DE": "<ul> <li>Bemessungsspannung: 24 V DC (19 V … 28 V)</li> <li>Abschaltstrom: ~1,0 A</li> <li>Bemessungsstrom: 0,6 A</li> <li>Bemessungsaufnahme: 15 W</li> <li>Schutzart: IP 32</li><li>Zug-/Schubkraft: max. 600 N</li> <li>Umgebungstemperatur: -5°C bis + 60°C</li> <li>Anschlussleitung: Halogenfrei, grau 5 x 0,5mm² , ~5m</li> <li>Laufzeit: ~ 5s</li><li>Hub: ~ 18mm</li> </ul>",
    "Details_EN": "<ul> <li>Rated voltage : 24 V DC (19 V … 28 V</li> <li>Breaking current : ~1,0 A</li> <li>Rated current : 0,6 A</li> <li>Rated consumption : 15 W</li> <li>Protection rating : IP 32</li><li>Traction/ thrust : max. 600 N</li> <li>Ambient temperature: -5°C bis + 60°C</li> <li>Connecting cable: halogen-free, grey 5 x 0,5mm² , ~5m</li> <li>Running time: ~ 5s</li><li>Stroke: ~ 18mm</li> </ul>",
    "Einsatz": "<ul> <li>Anwendung: Lüftung, NRA</li><li>Integrierte intelligente Regelelektronik</li></ul>",
    "Use": "<ul> <li>Application: ventilation, natural smoke ventilation</li> <li>Integrated intelligent control electronics</li></ul>",
    "Ausstattung": "<ul><li>Laufrichtung einstellbar</li><li>Zusätzlicher Universal-Steckersatz</li></ul>",
    "Equipment": "<ul><li>Running direction adjustable</li><li>Additional universal plug socket</li></ul>",
    "Optionen": "<ul> <li>Mitnehmer objekt-/profilspezifisch anpassbar</li></ul>",
    "Options": "<ul> <li>Coupling adapter customizable for project-/profile-specific demands</li></ul>",
    "IsTwoPce": false,
    "ResultVentWeight": 0,
    "IsLsRsDrive": false,
    "ArticleNumberRs": 0,
    "TwoDrivesSideInstallation50": 0,
    "TwoDrivesSideInstallation60": 0,
    "TwoDrivesSideInstallation70": 0,
    "TwoDrivesSideInstallation80": 0,
    "OpeningSpeedmms": 0,
    "Traction": 0,
    "Thrust": 0,
    "Id": "f894c384-bd5f-4f1b-a446-f4a3afc8426e",
    "CreatedOn": "2024-09-26T13:55:26.817Z",
    "CreatedBy": "",
    "ModifiedOn": "2024-09-26T13:55:26.817Z",
    "ModifiedBy": ""
  },
  {
    "Name": "Locking actuator 600",
    "Bezeichnung": "Verriegelungsantrieb 600",
    "ConfigurationId": "00000000-0000-0000-0000-000000000000",
    "Description": "",
    "Application": "",
    "ApplicationFacade": true,
    "ApplicationSkylight": false,
    "Type": 5,
    "OpeningType": 0,
    "BottomHungInward": true,
    "BottomHungOutward": false,
    "SideHungInward": true,
    "SideHungOutward": false,
    "TopHungInward": false,
    "TopHungOutward": false,
    "ProjectedTopHungInward": false,
    "ProjectedTopHungOutward": false,
    "InstallationType": "",
    "ITMainOutFrmMountWBracket": true,
    "ITMainFixOutFrmMount": true,
    "ITMainVentFrmMount": false,
    "ITSideMount50": false,
    "ITSideMount60": false,
    "ITSideMount70": false,
    "ITSideMount80": false,
    "ITSideMount67": false,
    "Feature": "",
    "FeatureOpenClose": true,
    "FeatureLock": false,
    "ArticleNumber": 291736,
    "Stroke": 0,
    "Angle": 0,
    "Voltage": null,
    "Voltage24": true,
    "Voltage230": true,
    "RatedCurrent": 0,
    "BreakingCurrent": 0,
    "PullingForceMax": 0,
    "PushingForceMax": 0,
    "PullingForceMaxWithNegativeWind": 0,
    "PushingForceMaxWithNegativeWind": 0,
    "PushingForcePermanent": 0,
    "PullingForcePermanent": 0,
    "MinPullingForceMax": 0,
    "MinPushingForceMax": 0,
    "MinPullingForcePermanent": 0,
    "MinPushingForcePermanent": 0,
    "Price": 218.27,
    "DriveLength": 0,
    "ChainDrive": 0,
    "ChainDrive2": 0,
    "MaxLengthMainClosingEdge1Drive": 0,
    "MaxGeometricArea": 0,
    "GeometricalSmokeExhaustion": 0,
    "TotalGlassThickness": 0,
    "Dimensions": 0,
    "DimensionsWxHxD": "415 x 26 x 26",
    "TensileForce": 0,
    "LockingForce": 0,
    "Details_DE": "<ul> <li>Bemessungsspannung: 24 V DC (19 V … 28 V)</li> <li>Abschaltstrom: ~1,0 A</li> <li>Bemessungsstrom: 0,6 A</li> <li>Bemessungsaufnahme: 15 W</li> <li>Schutzart: IP 32</li><li>Zug-/Schubkraft: max. 600 N</li> <li>Umgebungstemperatur: -5°C bis + 60°C</li> <li>Anschlussleitung: Halogenfrei, grau 3x 0,5mm², ~3m</li> <li>Laufzeit: ~ 5s</li><li>Hub: ~ 18mm</li> </ul>",
    "Details_EN": "<ul> <li>Rated voltage : 24 V DC (19 V … 28 V</li> <li>Breaking current : ~1,0 A</li> <li>Rated current : 0,6 A</li> <li>Rated consumption : 15 W</li> <li>Protection rating : IP 32</li><li>Traction/ thrust : max. 600 N</li> <li>Ambient temperature: -5°C bis + 60°C</li> <li>Connecting cable: halogen-free, grey 3 x 0,5mm², ~3m</li> <li>Running time: ~ 5s</li><li>Stroke: ~ 18mm</li> </ul>",
    "Einsatz": "<ul> <li>Anwendung: Lüftung, NRA</li><li>Integrierte intelligente Regelelektronik</li></ul>",
    "Use": "<ul> <li>Application: ventilation, natural smoke ventilation</li> <li>Integrated intelligent control electronics</li></ul>",
    "Ausstattung": "<ul><li>Laufrichtung einstellbar</li></ul>",
    "Equipment": "<ul><li>Running direction adjustable</li></ul>",
    "Optionen": "<ul> <li>Mitnehmer objekt-/profilspezifisch anpassbar</li></ul>",
    "Options": "<ul> <li>Coupling adapter customizable for project-/profile-specific demands</li></ul>",
    "IsTwoPce": false,
    "ResultVentWeight": 0,
    "IsLsRsDrive": true,
    "ArticleNumberRs": 291735,
    "TwoDrivesSideInstallation50": 0,
    "TwoDrivesSideInstallation60": 0,
    "TwoDrivesSideInstallation70": 0,
    "TwoDrivesSideInstallation80": 0,
    "OpeningSpeedmms": 0,
    "Traction": 0,
    "Thrust": 0,
    "Id": "69d8317e-493b-4010-8d9e-54168822bacf",
    "CreatedOn": "2024-09-26T13:55:26.817Z",
    "CreatedBy": "",
    "ModifiedOn": "2024-09-26T13:55:26.817Z",
    "ModifiedBy": ""
  }
]

13:05:57.059 [main] INFO  com.intuit.karate - Expected RecommDrive: Chain actuator D2 L200,Chain actuator D4 400,Chain actuator D6 400,Chain actuator TWIN D2 L200,Locking actuator EasyConnect,Locking actuator 600 
13:05:57.059 [main] INFO  com.intuit.karate - Actual RecommDrive: Chain actuator D2 L200, Chain actuator D4 400, Chain actuator D6 400, Chain actuator TWIN D2 L200, Chain actuator D2 L200, Chain actuator D4 400, Chain actuator D6 400, Locking actuator EasyConnect, Locking actuator 600 
13:05:57.059 [main] INFO  com.intuit.karate - Normalized Actual RecommDrive: Chain actuator D2 L200,Chain actuator D4 400,Chain actuator D6 400,Chain actuator TWIN D2 L200,Chain actuator D2 L200,Chain actuator D4 400,Chain actuator D6 400,Locking actuator EasyConnect,Locking actuator 600 
13:05:57.059 [main] INFO  com.intuit.karate - Normalized Expected RecommDrive: Chain actuator D2 L200,Chain actuator D4 400,Chain actuator D6 400,Chain actuator TWIN D2 L200,Locking actuator EasyConnect,Locking actuator 600 
13:05:57.059 [main] ERROR com.intuit.karate - classpath:drivetecTestCases/features/UpdatePositions.feature:144
* assert normalizedActualRecommDrive == normalizedExpectedRecommDrive
did not evaluate to 'true': normalizedActualRecommDrive == normalizedExpectedRecommDrive
classpath:drivetecTestCases/features/UpdatePositions.feature:144
13:05:57.069 [main] INFO  com.intuit.karate - karate.env system property was: null 
13:05:57.069 [main] INFO  com.intuit.karate - Running test for dataset:  Dataset8 
13:05:57.069 [main] INFO  com.intuit.karate - Using ProjectId:  {
  "result": {
    "projectId": "prjId"
  },
  "projectPayload": {
    "Id": "579816e4-6653-4794-b435-a885f32e28d7",
    "Name": "AUT_TPJ26668",
    "Address": "Hyderabad, Telangana, India",
    "Description": "",
    "CreatedBy": "579816e4-6653-4794-b435-a885f32e28d7",
    "ModifiedBy": "579816e4-6653-4794-b435-a885f32e28d7"
  },
  "uniqueName": "AUT_TPJ26668",
  "responseHeaders": {
    "Content-Type": [
      "application/json; charset=utf-8"
    ],
    "Date": [
      "Tue, 03 Dec 2024 07:35:27 GMT"
    ],
    "Server": [
      "Microsoft-IIS/10.0"
    ],
    "X-Powered-By": [
      "ASP.NET"
    ],
    "transfer-encoding": [
      "chunked"
    ],
    "Connection": [
      "keep-alive"
    ],
    "Set-Cookie": [
    ]
  },
  "responseTime": 1242,
  "response": {
    "Name": "AUT_TPJ26668",
    "Description": "",
    "Address": "Hyderabad, Telangana, India",
    "Id": "4bf1dfc8-fd6d-4d3a-9337-7ee7425ebbdf",
    "CreatedOn": "2024-12-03T07:35:27.7758566+00:00",
    "CreatedBy": "579816e4-6653-4794-b435-a885f32e28d7",
    "ModifiedOn": "2024-12-03T07:35:27.7759029+00:00",
    "ModifiedBy": ""
  },
  "responseStatus": 200,
  "prjId": "4bf1dfc8-fd6d-4d3a-9337-7ee7425ebbdf",
  "projectId": "4bf1dfc8-fd6d-4d3a-9337-7ee7425ebbdf"
}
 
13:05:57.069 [main] DEBUG com.intuit.karate - request:
1 > POST https://dev-drivetec-apis.schuecodigitalsolutions.com/Configurations
1 > Content-Type: application/json; charset=UTF-8
1 > Content-Length: 1275
1 > Host: dev-drivetec-apis.schuecodigitalsolutions.com
1 > Connection: Keep-Alive
1 > User-Agent: Apache-HttpClient/4.5.14 (Java/17.0.12)
1 > Accept-Encoding: gzip,deflate
{"Id":"00000000-0000-0000-0000-000000000000","ProjectId":"4bf1dfc8-fd6d-4d3a-9337-7ee7425ebbdf","Name":"Dataset7070","Description":"Dataset7070","CustomTags":"","CreatedBy":"579816e4-6653-4794-b435-a885f32e28d7","ModifiedBy":"579816e4-6653-4794-b435-a885f32e28d7","ApplicationName":1,"System":"","FacadeInclination":0,"OpeningType":1,"OpeningDirection":1,"OpeningWidth":1000,"VentOuterWidth":1230,"VentOuterHeight":1480,"VentWeight":70,"CalculateWeightWithGlass":false,"WeightIncGlassOrThickness":false,"GlassThickness":14,"ProfileWeightPerSerialMeter":2.5,"IsWindowOpeningCalculationByAngle":1,"RequiredOpeningStroke":400,"OpeningAngle":15,"WindLoad":120,"SnowLoad":0,"DrivePosition":2,"InstallationPosition":1,"ChainLengthConnectingRodHandle":5,"LockingMechanism":1,"Voltage":1,"DriveType":1,"TypeOfInstallation":2,"CalculationTypeForVentilation":1,"CalcVentilation":1,"GeometricArea":1,"SpecificExhaustDimension":30,"BuildingDepth":75,"RevealDepth":0,"RevealDepthRectangleAngle1":0,"RevealDepthRectangleAngle2":0,"HeightOfProfile":0,"HeightProfileRectangleAngle1":0,"HeightProfileRectangleAngle2":0,"AkippOrAtilt":0,"AdrehOrAturn":0,"Ageo":0,"MinPullingForceMax":0,"MinPushingForceMax":0,"MinPullingForcePermanent":0,"MinPushingForcePermanent":0,"ForceWithNegativeWind":0}

13:05:57.728 [main] DEBUG com.intuit.karate - response time in milliseconds: 659
1 < 200
1 < Content-Type: application/json; charset=utf-8
1 < Date: Tue, 03 Dec 2024 07:35:57 GMT
1 < Server: Microsoft-IIS/10.0
1 < X-Powered-By: ASP.NET
1 < Content-Length: 2031
1 < Connection: keep-alive
{
  "ProjectId": "4bf1dfc8-fd6d-4d3a-9337-7ee7425ebbdf",
  "Name": "Dataset7070",
  "Description": "Dataset7070",
  "CustomTags": "",
  "ApplicationName": 1,
  "OpeningType": 1,
  "OpeningDirection": 1,
  "CalculateWeightWithGlass": false,
  "WindLoad": 120,
  "IsWindowOpeningCalculationByAngle": 1,
  "VentOuterWidth": 1230,
  "VentOuterHeight": 1480,
  "WeightIncGlassOrThickness": false,
  "VentWeight": 77,
  "VentWeightExact": 77.26400000000001,
  "GlassThickness": 14,
  "ProfileWeightPerSerialMeter": 2.5,
  "FacadeInclination": 0,
  "ChainLengthConnectingRodHandle": 5,
  "ChainLenghtConnectingRodHandle": 0,
  "RequiredOpeningStroke": 400,
  "OpeningWidth": 1000,
  "OpeningAngle": 15.532868337024489,
  "SpecificExhaustDimension": 30,
  "BuildingDepth": 75,
  "SnowLoad": 0,
  "DistanceHinge": 0,
  "RatedCurrent": 0,
  "DrivePosition": 2,
  "LockingMechanism": 1,
  "Voltage": 1,
  "DriveType": 1,
  "TypeOfInstallation": 2,
  "GeometricArea": 0,
  "CalculationTypeForVentilation": 1,
  "HeightOfProfile": 0,
  "Reveal": 0,
  "RevealDepth": 0,
  "HeightProfileRectangleAngle1": 0,
  "HeightProfileRectangleAngle2": 0,
  "RevealDepthRectangleAngle1": 0,
  "RevealDepthRectangleAngle2": 0,
  "RevealDepthRectangleAngle12": 0,
  "InstallationPosition": 0,
  "RecommendedDriveArticleNo": 0,
  "System": "",
  "AkippOrAtilt": 1.084,
  "AdrehOrAturn": 1.8204,
  "Ageo": 1.084,
  "MinPullingForceMax": -206.4868442161654,
  "MinPushingForceMax": -206.4868442161654,
  "MinPullingForcePermanent": -104.11163259218097,
  "MinPushingForcePermanent": -104.11163259218097,
  "ForceWithNegativeWind": 109.53156767199486,
  "ForceWithNoWindMin": 0.30763693489047433,
  "ForceWithNegativeWindMin": 0,
  "ForceWithWindMin": -108.91629380221393,
  "Id": "1fec411d-4f99-4993-a1cf-11dc6a49467c",
  "CreatedOn": "2024-12-03T07:35:57.6479449+00:00",
  "CreatedBy": "579816e4-6653-4794-b435-a885f32e28d7",
  "ModifiedOn": "2024-12-03T07:35:57.647946+00:00",
  "ModifiedBy": ""
}

13:05:57.728 [main] INFO  com.intuit.karate - Generated Config ID: 1fec411d-4f99-4993-a1cf-11dc6a49467c 
13:05:57.728 [main] INFO  com.intuit.karate - Generated Name: Dataset7070 
13:05:57.728 [main] INFO  com.intuit.karate - Generated Description: Dataset7070 
13:05:57.728 [main] DEBUG com.intuit.karate - request:
1 > PUT https://dev-drivetec-apis.schuecodigitalsolutions.com/Configurations
1 > Content-Type: application/json; charset=UTF-8
1 > Content-Length: 1276
1 > Host: dev-drivetec-apis.schuecodigitalsolutions.com
1 > Connection: Keep-Alive
1 > User-Agent: Apache-HttpClient/4.5.14 (Java/17.0.12)
1 > Accept-Encoding: gzip,deflate
{"Id":"1fec411d-4f99-4993-a1cf-11dc6a49467c","Name":"Dataset8","Description":"Dataset7070","ProjectId":"4bf1dfc8-fd6d-4d3a-9337-7ee7425ebbdf","CustomTags":"","CreatedBy":"579816e4-6653-4794-b435-a885f32e28d7","ModifiedBy":"579816e4-6653-4794-b435-a885f32e28d7","System":"","FacadeInclination":1,"OpeningType":2,"OpeningDirection":2,"OpeningWidth":1000,"VentOuterWidth":1230,"VentOuterHeight":1480,"VentWeight":0,"CalculateWeightWithGlass":false,"RequiredOpeningStroke":800,"WindLoad":120,"SnowLoad":0,"IsWindowOpeningCalculationByAngle":1,"GlassThickness":14,"ProfileWeightPerSerialMeter":2.5,"DrivePosition":1,"InstallationPosition":0,"LockingMechanism":1,"Voltage":1,"DriveType":1,"TypeOfInstallation":2,"GeometricArea":0,"CalcVentilation":2,"SpecificExhaustDimension":35,"BuildingDepth":65,"CalculationTypeForVentilation":2,"HeightOfProfile":200,"HeightProfileRectangleAngle1":0,"HeightProfileRectangleAngle2":0,"RevealDepth":1000,"RevealDepthRectangleAngle1":0,"RevealDepthRectangleAngle2":0,"ChainLengthConnectingRodHandle":5,"ApplicationName":1,"OpeningAngle":10,"WeightIncGlassOrThickness":false,"AkippOrAtilt":0,"AdrehOrAturn":0,"Ageo":0,"MinPullingForceMax":0,"MinPushingForceMax":0,"MinPullingForcePermanent":0,"MinPushingForcePermanent":0,"ForceWithNegativeWind":0}

13:05:58.405 [main] DEBUG com.intuit.karate - response time in milliseconds: 677
1 < 200
1 < Content-Type: application/json; charset=utf-8
1 < Date: Tue, 03 Dec 2024 07:35:57 GMT
1 < Server: Microsoft-IIS/10.0
1 < X-Powered-By: ASP.NET
1 < transfer-encoding: chunked
1 < Connection: keep-alive
{
  "ProjectId": "4bf1dfc8-fd6d-4d3a-9337-7ee7425ebbdf",
  "Name": "Dataset8",
  "Description": "Dataset7070",
  "CustomTags": "",
  "ApplicationName": 1,
  "OpeningType": 2,
  "OpeningDirection": 2,
  "CalculateWeightWithGlass": false,
  "WindLoad": 120,
  "IsWindowOpeningCalculationByAngle": 1,
  "VentOuterWidth": 1230,
  "VentOuterHeight": 1480,
  "WeightIncGlassOrThickness": false,
  "VentWeight": 77,
  "VentWeightExact": 77.26400000000001,
  "GlassThickness": 14,
  "ProfileWeightPerSerialMeter": 2.5,
  "FacadeInclination": 1,
  "ChainLengthConnectingRodHandle": 5,
  "ChainLenghtConnectingRodHandle": 0,
  "RequiredOpeningStroke": 800,
  "OpeningWidth": 1000,
  "OpeningAngle": 31.36070026967848,
  "SpecificExhaustDimension": 35,
  "BuildingDepth": 65,
  "SnowLoad": 0,
  "DistanceHinge": 0,
  "RatedCurrent": 0,
  "DrivePosition": 1,
  "LockingMechanism": 1,
  "Voltage": 1,
  "DriveType": 1,
  "TypeOfInstallation": 2,
  "GeometricArea": 0,
  "CalculationTypeForVentilation": 2,
  "HeightOfProfile": 200,
  "Reveal": 0,
  "RevealDepth": 1000,
  "HeightProfileRectangleAngle1": 0,
  "HeightProfileRectangleAngle2": 0,
  "RevealDepthRectangleAngle1": 0,
  "RevealDepthRectangleAngle2": 0,
  "RevealDepthRectangleAngle12": 0,
  "InstallationPosition": 0,
  "RecommendedDriveArticleNo": 0,
  "System": "",
  "AkippOrAtilt": 2.168,
  "AdrehOrAturn": 1.8204,
  "Ageo": 1.0198356046171009,
  "MinPullingForceMax": 102.76252657013067,
  "MinPushingForceMax": 287.4727665962924,
  "MinPullingForcePermanent": 203.0887530734928,
  "MinPushingForcePermanent": 203.0887530734928,
  "ForceWithNegativeWind": 118.7047395506932,
  "ForceWithNoWindMin": -6.431203722221201,
  "ForceWithNegativeWindMin": -115.62493401457307,
  "ForceWithWindMin": 102.76252657013067,
  "Id": "1fec411d-4f99-4993-a1cf-11dc6a49467c",
  "CreatedOn": "0001-01-01T00:00:00",
  "CreatedBy": "579816e4-6653-4794-b435-a885f32e28d7",
  "ModifiedOn": "2024-12-03T07:35:58.3251475+00:00",
  "ModifiedBy": "579816e4-6653-4794-b435-a885f32e28d7"
}

13:05:58.405 [main] INFO  com.intuit.karate - Rounded Opening Angle: 31.0 
13:05:58.405 [main] INFO  com.intuit.karate - Rounded Ageo: 1.02 
13:05:58.405 [main] INFO  com.intuit.karate - Rounded Required Opening Stroke: 800.0 
13:05:58.405 [main] INFO  com.intuit.karate - Rounded Vent Weight: 77.0 
13:05:58.405 [main] DEBUG com.intuit.karate - request:
2 > GET https://dev-drivetec-apis.schuecodigitalsolutions.com/Config/1fec411d-4f99-4993-a1cf-11dc6a49467c/Drive
2 > Host: dev-drivetec-apis.schuecodigitalsolutions.com
2 > Connection: Keep-Alive
2 > User-Agent: Apache-HttpClient/4.5.14 (Java/17.0.12)
2 > Accept-Encoding: gzip,deflate


13:05:59.113 [main] DEBUG com.intuit.karate - response time in milliseconds: 708
2 < 200
2 < Content-Type: application/json; charset=utf-8
2 < Date: Tue, 03 Dec 2024 07:35:59 GMT
2 < Server: Microsoft-IIS/10.0
2 < X-Powered-By: ASP.NET
2 < transfer-encoding: chunked
2 < Connection: keep-alive
[
  {
    "Name": "Locking actuator EasyConnect ow",
    "Bezeichnung": "Verriegelungsantrieb EasyConnect ow",
    "ConfigurationId": "00000000-0000-0000-0000-000000000000",
    "Description": "",
    "Application": "",
    "ApplicationFacade": true,
    "ApplicationSkylight": false,
    "Type": 5,
    "OpeningType": 0,
    "BottomHungInward": false,
    "BottomHungOutward": false,
    "SideHungInward": false,
    "SideHungOutward": true,
    "TopHungInward": false,
    "TopHungOutward": true,
    "ProjectedTopHungInward": false,
    "ProjectedTopHungOutward": true,
    "InstallationType": "",
    "ITMainOutFrmMountWBracket": true,
    "ITMainFixOutFrmMount": false,
    "ITMainVentFrmMount": false,
    "ITSideMount50": false,
    "ITSideMount60": false,
    "ITSideMount70": false,
    "ITSideMount80": false,
    "ITSideMount67": false,
    "Feature": "",
    "FeatureOpenClose": true,
    "FeatureLock": false,
    "ArticleNumber": 291589,
    "Stroke": 0,
    "Angle": 0,
    "Voltage": null,
    "Voltage24": true,
    "Voltage230": true,
    "RatedCurrent": 0,
    "BreakingCurrent": 0,
    "PullingForceMax": 0,
    "PushingForceMax": 0,
    "PullingForceMaxWithNegativeWind": 0,
    "PushingForceMaxWithNegativeWind": 0,
    "PushingForcePermanent": 0,
    "PullingForcePermanent": 0,
    "MinPullingForceMax": 0,
    "MinPushingForceMax": 0,
    "MinPullingForcePermanent": 0,
    "MinPushingForcePermanent": 0,
    "Price": 0,
    "DriveLength": 0,
    "ChainDrive": 0,
    "ChainDrive2": 0,
    "MaxLengthMainClosingEdge1Drive": 0,
    "MaxGeometricArea": 0,
    "GeometricalSmokeExhaustion": 0,
    "TotalGlassThickness": 0,
    "Dimensions": 0,
    "DimensionsWxHxD": "375 x 24 x 35",
    "TensileForce": 0,
    "LockingForce": 0,
    "Details_DE": "<ul> <li>Bemessungsspannung: 24 V DC (19 V … 28 V)</li> <li>Abschaltstrom: ~1,0 A</li> <li>Bemessungsstrom: 0,6 A</li> <li>Bemessungsaufnahme: 15 W</li> <li>Schutzart: IP 32</li><li>Zug-/Schubkraft: max. 600 N</li> <li>Umgebungstemperatur: -5°C bis + 60°C</li> <li>Anschlussleitung: Halogenfrei, grau 5 x 0,5mm² , ~5m</li> <li>Laufzeit: ~ 5s</li><li>Hub: ~ 18mm</li> </ul>",
    "Details_EN": "<ul> <li>Rated voltage : 24 V DC (19 V … 28 V</li> <li>Breaking current : ~1,0 A</li> <li>Rated current : 0,6 A</li> <li>Rated consumption : 15 W</li> <li>Protection rating : IP 32</li><li>Traction/ thrust : max. 600 N</li> <li>Ambient temperature: -5°C bis + 60°C</li> <li>Connecting cable: halogen-free, grey 5 x 0,5mm² , ~5m</li> <li>Running time: ~ 5s</li><li>Stroke: ~ 18mm</li> </ul>",
    "Einsatz": "<ul> <li>Anwendung: Lüftung, NRA</li><li>Integrierte intelligente Regelelektronik</li></ul>",
    "Use": "<ul> <li>Application: ventilation, natural smoke ventilation</li> <li>Integrated intelligent control electronics</li></ul>",
    "Ausstattung": "<ul><li>Laufrichtung einstellbar</li><li>Zusätzlicher Universal-Steckersatz</li></ul>",
    "Equipment": "<ul><li>Running direction adjustable</li><li>Additional universal plug socket</li></ul>",
    "Optionen": "<ul> <li>Mitnehmer objekt-/profilspezifisch anpassbar</li></ul>",
    "Options": "<ul> <li>Coupling adapter customizable for project-/profile-specific demands</li></ul>",
    "IsTwoPce": false,
    "ResultVentWeight": 0,
    "IsLsRsDrive": false,
    "ArticleNumberRs": 0,
    "TwoDrivesSideInstallation50": 0,
    "TwoDrivesSideInstallation60": 0,
    "TwoDrivesSideInstallation70": 0,
    "TwoDrivesSideInstallation80": 0,
    "OpeningSpeedmms": 0,
    "Traction": 0,
    "Thrust": 0,
    "Id": "ebe9753c-e5d7-4140-afe0-9f98bf25df99",
    "CreatedOn": "2024-09-26T13:55:26.817Z",
    "CreatedBy": "",
    "ModifiedOn": "2024-09-26T13:55:26.817Z",
    "ModifiedBy": ""
  }
]

13:05:59.128 [main] INFO  com.intuit.karate - Expected RecommDrive: Locking actuator EasyConnect ow 
13:05:59.128 [main] INFO  com.intuit.karate - Actual RecommDrive: Locking actuator EasyConnect ow 
13:05:59.128 [main] INFO  com.intuit.karate - Normalized Actual RecommDrive: Locking actuator EasyConnect ow 
13:05:59.128 [main] INFO  com.intuit.karate - Normalized Expected RecommDrive: Locking actuator EasyConnect ow 
13:05:59.128 [main] INFO  com.intuit.karate - All Drive IDs: [
  "ebe9753c-e5d7-4140-afe0-9f98bf25df99"
]
 
13:05:59.128 [main] INFO  com.intuit.karate - First Drive ID: ebe9753c-e5d7-4140-afe0-9f98bf25df99 
13:05:59.128 [main] DEBUG com.intuit.karate - request:
3 > POST https://dev-drivetec-apis.schuecodigitalsolutions.com/api/Drives/DownloadPDFNew/Schuco
3 > Content-Type: application/json; charset=UTF-8
3 > Content-Length: 1194
3 > Host: dev-drivetec-apis.schuecodigitalsolutions.com
3 > Connection: Keep-Alive
3 > User-Agent: Apache-HttpClient/4.5.14 (Java/17.0.12)
3 > Accept-Encoding: gzip,deflate
[{"Id":"configId","Header":"configId","Value":"1fec411d-4f99-4993-a1cf-11dc6a49467c"},{"Id":"driveId","Header":"driveId","Value":"ebe9753c-e5d7-4140-afe0-9f98bf25df99"},{"Id":"culture","Header":"culture","Value":"EN-US"},{"Id":"projectId","Header":"projectId","Value":"4bf1dfc8-fd6d-4d3a-9337-7ee7425ebbdf"},{"Id":"range-of-app","Header":"Range of application","Value":"Façade"},{"Id":"opening-type","Header":"Opening type","Value":"Bottom-hung vent"},{"Id":"opening-direction","Header":"Opening direction","Value":"Inward"},{"Id":"how-calc-weight","Header":"Vent weight","Value":"Weight including glass"},{"Id":"Chain-Length","Header":"Chain- \/ connecting rod handle","Value":"100%"},{"Id":"drive-position","Header":"Drive position","Value":"Side installation"},{"Id":"locking-mechanism","Header":"Locking mechanism","Value":"With"},{"Id":"voltage","Header":"Voltage","Value":"24 V"},{"Id":"drive-type","Header":"Drive type","Value":"Chain drive"},{"Id":"type-installation","Header":"Type of installation","Value":"Pivoting Outer Frame Installation"},{"Id":"calculation-type-for-ventilation-area","Header":"Calculation type for ventilation area","Value":"Method in accordance with ASR 3.6"}]

13:06:00.952 [main] DEBUG com.intuit.karate - response time in milliseconds: 1824
3 < 200
3 < Content-Type: application/json; charset=utf-8
3 < Date: Tue, 03 Dec 2024 07:36:00 GMT
3 < Server: Microsoft-IIS/10.0
3 < X-Powered-By: ASP.NET
3 < Content-Length: 290
3 < Connection: keep-alive
{
  "result": "https://drive-tec-dev.s3.amazonaws.com/AUT_TPJ26668-Locking_actuator_EasyConnect_ow.pdf?AWSAccessKeyId=AKIAZAWIART4ZFAXXPHK&Expires=1733214961&response-content-disposition=attachment%3B&response-content-type=application%2Fpdf&Signature=PAvUy1U5FwDM%2FAuyDIkP2A%2F8Czs%3D"
}

13:06:00.952 [main] INFO  com.intuit.karate - Download URL for first driveId: https://drive-tec-dev.s3.amazonaws.com/AUT_TPJ26668-Locking_actuator_EasyConnect_ow.pdf?AWSAccessKeyId=AKIAZAWIART4ZFAXXPHK&Expires=1733214961&response-content-disposition=attachment%3B&response-content-type=application%2Fpdf&Signature=PAvUy1U5FwDM%2FAuyDIkP2A%2F8Czs%3D 
13:06:00.958 [main] INFO  com.intuit.karate - karate.env system property was: null 
13:06:00.958 [main] INFO  com.intuit.karate - Running test for dataset:  Dataset9 
13:06:00.958 [main] INFO  com.intuit.karate - Using ProjectId:  {
  "result": {
    "projectId": "prjId"
  },
  "projectPayload": {
    "Id": "579816e4-6653-4794-b435-a885f32e28d7",
    "Name": "AUT_TPJ26668",
    "Address": "Hyderabad, Telangana, India",
    "Description": "",
    "CreatedBy": "579816e4-6653-4794-b435-a885f32e28d7",
    "ModifiedBy": "579816e4-6653-4794-b435-a885f32e28d7"
  },
  "uniqueName": "AUT_TPJ26668",
  "responseHeaders": {
    "Content-Type": [
      "application/json; charset=utf-8"
    ],
    "Date": [
      "Tue, 03 Dec 2024 07:35:27 GMT"
    ],
    "Server": [
      "Microsoft-IIS/10.0"
    ],
    "X-Powered-By": [
      "ASP.NET"
    ],
    "transfer-encoding": [
      "chunked"
    ],
    "Connection": [
      "keep-alive"
    ],
    "Set-Cookie": [
    ]
  },
  "responseTime": 1242,
  "response": {
    "Name": "AUT_TPJ26668",
    "Description": "",
    "Address": "Hyderabad, Telangana, India",
    "Id": "4bf1dfc8-fd6d-4d3a-9337-7ee7425ebbdf",
    "CreatedOn": "2024-12-03T07:35:27.7758566+00:00",
    "CreatedBy": "579816e4-6653-4794-b435-a885f32e28d7",
    "ModifiedOn": "2024-12-03T07:35:27.7759029+00:00",
    "ModifiedBy": ""
  },
  "responseStatus": 200,
  "prjId": "4bf1dfc8-fd6d-4d3a-9337-7ee7425ebbdf",
  "projectId": "4bf1dfc8-fd6d-4d3a-9337-7ee7425ebbdf"
}
 
13:06:00.958 [main] DEBUG com.intuit.karate - request:
1 > POST https://dev-drivetec-apis.schuecodigitalsolutions.com/Configurations
1 > Content-Type: application/json; charset=UTF-8
1 > Content-Length: 1275
1 > Host: dev-drivetec-apis.schuecodigitalsolutions.com
1 > Connection: Keep-Alive
1 > User-Agent: Apache-HttpClient/4.5.14 (Java/17.0.12)
1 > Accept-Encoding: gzip,deflate
{"Id":"00000000-0000-0000-0000-000000000000","ProjectId":"4bf1dfc8-fd6d-4d3a-9337-7ee7425ebbdf","Name":"Dataset0959","Description":"Dataset0959","CustomTags":"","CreatedBy":"579816e4-6653-4794-b435-a885f32e28d7","ModifiedBy":"579816e4-6653-4794-b435-a885f32e28d7","ApplicationName":1,"System":"","FacadeInclination":0,"OpeningType":1,"OpeningDirection":1,"OpeningWidth":1000,"VentOuterWidth":1230,"VentOuterHeight":1480,"VentWeight":70,"CalculateWeightWithGlass":false,"WeightIncGlassOrThickness":false,"GlassThickness":14,"ProfileWeightPerSerialMeter":2.5,"IsWindowOpeningCalculationByAngle":1,"RequiredOpeningStroke":400,"OpeningAngle":15,"WindLoad":120,"SnowLoad":0,"DrivePosition":2,"InstallationPosition":1,"ChainLengthConnectingRodHandle":5,"LockingMechanism":1,"Voltage":1,"DriveType":1,"TypeOfInstallation":2,"CalculationTypeForVentilation":1,"CalcVentilation":1,"GeometricArea":1,"SpecificExhaustDimension":30,"BuildingDepth":75,"RevealDepth":0,"RevealDepthRectangleAngle1":0,"RevealDepthRectangleAngle2":0,"HeightOfProfile":0,"HeightProfileRectangleAngle1":0,"HeightProfileRectangleAngle2":0,"AkippOrAtilt":0,"AdrehOrAturn":0,"Ageo":0,"MinPullingForceMax":0,"MinPushingForceMax":0,"MinPullingForcePermanent":0,"MinPushingForcePermanent":0,"ForceWithNegativeWind":0}

13:06:01.681 [main] DEBUG com.intuit.karate - response time in milliseconds: 723
1 < 200
1 < Content-Type: application/json; charset=utf-8
1 < Date: Tue, 03 Dec 2024 07:36:00 GMT
1 < Server: Microsoft-IIS/10.0
1 < X-Powered-By: ASP.NET
1 < Content-Length: 2032
1 < Connection: keep-alive
{
  "ProjectId": "4bf1dfc8-fd6d-4d3a-9337-7ee7425ebbdf",
  "Name": "Dataset0959",
  "Description": "Dataset0959",
  "CustomTags": "",
  "ApplicationName": 1,
  "OpeningType": 1,
  "OpeningDirection": 1,
  "CalculateWeightWithGlass": false,
  "WindLoad": 120,
  "IsWindowOpeningCalculationByAngle": 1,
  "VentOuterWidth": 1230,
  "VentOuterHeight": 1480,
  "WeightIncGlassOrThickness": false,
  "VentWeight": 77,
  "VentWeightExact": 77.26400000000001,
  "GlassThickness": 14,
  "ProfileWeightPerSerialMeter": 2.5,
  "FacadeInclination": 0,
  "ChainLengthConnectingRodHandle": 5,
  "ChainLenghtConnectingRodHandle": 0,
  "RequiredOpeningStroke": 400,
  "OpeningWidth": 1000,
  "OpeningAngle": 15.532868337024489,
  "SpecificExhaustDimension": 30,
  "BuildingDepth": 75,
  "SnowLoad": 0,
  "DistanceHinge": 0,
  "RatedCurrent": 0,
  "DrivePosition": 2,
  "LockingMechanism": 1,
  "Voltage": 1,
  "DriveType": 1,
  "TypeOfInstallation": 2,
  "GeometricArea": 0,
  "CalculationTypeForVentilation": 1,
  "HeightOfProfile": 0,
  "Reveal": 0,
  "RevealDepth": 0,
  "HeightProfileRectangleAngle1": 0,
  "HeightProfileRectangleAngle2": 0,
  "RevealDepthRectangleAngle1": 0,
  "RevealDepthRectangleAngle2": 0,
  "RevealDepthRectangleAngle12": 0,
  "InstallationPosition": 0,
  "RecommendedDriveArticleNo": 0,
  "System": "",
  "AkippOrAtilt": 1.084,
  "AdrehOrAturn": 1.8204,
  "Ageo": 1.084,
  "MinPullingForceMax": -206.4868442161654,
  "MinPushingForceMax": -206.4868442161654,
  "MinPullingForcePermanent": -104.11163259218097,
  "MinPushingForcePermanent": -104.11163259218097,
  "ForceWithNegativeWind": 109.53156767199486,
  "ForceWithNoWindMin": 0.30763693489047433,
  "ForceWithNegativeWindMin": 0,
  "ForceWithWindMin": -108.91629380221393,
  "Id": "06c208cb-3044-488d-b702-6603c28bab1b",
  "CreatedOn": "2024-12-03T07:36:01.5484394+00:00",
  "CreatedBy": "579816e4-6653-4794-b435-a885f32e28d7",
  "ModifiedOn": "2024-12-03T07:36:01.5484403+00:00",
  "ModifiedBy": ""
}

13:06:01.681 [main] INFO  com.intuit.karate - Generated Config ID: 06c208cb-3044-488d-b702-6603c28bab1b 
13:06:01.681 [main] INFO  com.intuit.karate - Generated Name: Dataset0959 
13:06:01.697 [main] INFO  com.intuit.karate - Generated Description: Dataset0959 
13:06:01.697 [main] DEBUG com.intuit.karate - request:
1 > PUT https://dev-drivetec-apis.schuecodigitalsolutions.com/Configurations
1 > Content-Type: application/json; charset=UTF-8
1 > Content-Length: 1276
1 > Host: dev-drivetec-apis.schuecodigitalsolutions.com
1 > Connection: Keep-Alive
1 > User-Agent: Apache-HttpClient/4.5.14 (Java/17.0.12)
1 > Accept-Encoding: gzip,deflate
{"Id":"06c208cb-3044-488d-b702-6603c28bab1b","Name":"Dataset9","Description":"Dataset0959","ProjectId":"4bf1dfc8-fd6d-4d3a-9337-7ee7425ebbdf","CustomTags":"","CreatedBy":"579816e4-6653-4794-b435-a885f32e28d7","ModifiedBy":"579816e4-6653-4794-b435-a885f32e28d7","System":"","FacadeInclination":2,"OpeningType":2,"OpeningDirection":2,"OpeningWidth":1000,"VentOuterWidth":1230,"VentOuterHeight":1480,"VentWeight":0,"CalculateWeightWithGlass":false,"RequiredOpeningStroke":800,"WindLoad":120,"SnowLoad":0,"IsWindowOpeningCalculationByAngle":1,"GlassThickness":14,"ProfileWeightPerSerialMeter":2.5,"DrivePosition":1,"InstallationPosition":0,"LockingMechanism":1,"Voltage":1,"DriveType":1,"TypeOfInstallation":2,"GeometricArea":0,"CalcVentilation":2,"SpecificExhaustDimension":35,"BuildingDepth":65,"CalculationTypeForVentilation":2,"HeightOfProfile":200,"HeightProfileRectangleAngle1":0,"HeightProfileRectangleAngle2":0,"RevealDepth":1000,"RevealDepthRectangleAngle1":0,"RevealDepthRectangleAngle2":0,"ChainLengthConnectingRodHandle":5,"ApplicationName":1,"OpeningAngle":10,"WeightIncGlassOrThickness":false,"AkippOrAtilt":0,"AdrehOrAturn":0,"Ageo":0,"MinPullingForceMax":0,"MinPushingForceMax":0,"MinPullingForcePermanent":0,"MinPushingForcePermanent":0,"ForceWithNegativeWind":0}

13:06:02.639 [main] DEBUG com.intuit.karate - response time in milliseconds: 942
1 < 200
1 < Content-Type: application/json; charset=utf-8
1 < Date: Tue, 03 Dec 2024 07:36:02 GMT
1 < Server: Microsoft-IIS/10.0
1 < X-Powered-By: ASP.NET
1 < Content-Length: 2080
1 < Connection: keep-alive
{
  "ProjectId": "4bf1dfc8-fd6d-4d3a-9337-7ee7425ebbdf",
  "Name": "Dataset9",
  "Description": "Dataset0959",
  "CustomTags": "",
  "ApplicationName": 1,
  "OpeningType": 2,
  "OpeningDirection": 2,
  "CalculateWeightWithGlass": false,
  "WindLoad": 120,
  "IsWindowOpeningCalculationByAngle": 1,
  "VentOuterWidth": 1230,
  "VentOuterHeight": 1480,
  "WeightIncGlassOrThickness": false,
  "VentWeight": 77,
  "VentWeightExact": 77.26400000000001,
  "GlassThickness": 14,
  "ProfileWeightPerSerialMeter": 2.5,
  "FacadeInclination": 2,
  "ChainLengthConnectingRodHandle": 5,
  "ChainLenghtConnectingRodHandle": 0,
  "RequiredOpeningStroke": 800,
  "OpeningWidth": 1000,
  "OpeningAngle": 31.36070026967848,
  "SpecificExhaustDimension": 35,
  "BuildingDepth": 65,
  "SnowLoad": 0,
  "DistanceHinge": 0,
  "RatedCurrent": 0,
  "DrivePosition": 1,
  "LockingMechanism": 1,
  "Voltage": 1,
  "DriveType": 1,
  "TypeOfInstallation": 2,
  "GeometricArea": 0,
  "CalculationTypeForVentilation": 2,
  "HeightOfProfile": 200,
  "Reveal": 0,
  "RevealDepth": 1000,
  "HeightProfileRectangleAngle1": 0,
  "HeightProfileRectangleAngle2": 0,
  "RevealDepthRectangleAngle1": 0,
  "RevealDepthRectangleAngle2": 0,
  "RevealDepthRectangleAngle12": 0,
  "InstallationPosition": 0,
  "RecommendedDriveArticleNo": 0,
  "System": "",
  "AkippOrAtilt": 2.168,
  "AdrehOrAturn": 1.8204,
  "Ageo": 1.0198356046171009,
  "MinPullingForceMax": 95.92901045964452,
  "MinPushingForceMax": 283.1158769823155,
  "MinPullingForcePermanent": 197.02130284355349,
  "MinPushingForcePermanent": 197.02130284355349,
  "ForceWithNegativeWind": -122.26518517582623,
  "ForceWithNoWindMin": -13.168087358090862,
  "ForceWithNegativeWindMin": 110.92672870479146,
  "ForceWithWindMin": 95.92901045964452,
  "Id": "06c208cb-3044-488d-b702-6603c28bab1b",
  "CreatedOn": "0001-01-01T00:00:00",
  "CreatedBy": "579816e4-6653-4794-b435-a885f32e28d7",
  "ModifiedOn": "2024-12-03T07:36:02.2836497+00:00",
  "ModifiedBy": "579816e4-6653-4794-b435-a885f32e28d7"
}

13:06:02.639 [main] INFO  com.intuit.karate - Rounded Opening Angle: 31.0 
13:06:02.639 [main] INFO  com.intuit.karate - Rounded Ageo: 1.02 
13:06:02.639 [main] INFO  com.intuit.karate - Rounded Required Opening Stroke: 800.0 
13:06:02.639 [main] INFO  com.intuit.karate - Rounded Vent Weight: 77.0 
13:06:02.639 [main] DEBUG com.intuit.karate - request:
2 > GET https://dev-drivetec-apis.schuecodigitalsolutions.com/Config/06c208cb-3044-488d-b702-6603c28bab1b/Drive
2 > Host: dev-drivetec-apis.schuecodigitalsolutions.com
2 > Connection: Keep-Alive
2 > User-Agent: Apache-HttpClient/4.5.14 (Java/17.0.12)
2 > Accept-Encoding: gzip,deflate


13:06:03.363 [main] DEBUG com.intuit.karate - response time in milliseconds: 724
2 < 200
2 < Content-Type: application/json; charset=utf-8
2 < Date: Tue, 03 Dec 2024 07:36:02 GMT
2 < Server: Microsoft-IIS/10.0
2 < X-Powered-By: ASP.NET
2 < Content-Length: 8083
2 < Connection: keep-alive
[
  {
    "Name": "Chain actuator D6 800",
    "Bezeichnung": "Kettenantrieb D6 800",
    "ConfigurationId": "00000000-0000-0000-0000-000000000000",
    "Description": "",
    "Application": "Facade",
    "ApplicationFacade": true,
    "ApplicationSkylight": true,
    "Type": 1,
    "OpeningType": 0,
    "BottomHungInward": true,
    "BottomHungOutward": true,
    "SideHungInward": true,
    "SideHungOutward": true,
    "TopHungInward": false,
    "TopHungOutward": true,
    "ProjectedTopHungInward": false,
    "ProjectedTopHungOutward": false,
    "InstallationType": "",
    "ITMainOutFrmMountWBracket": true,
    "ITMainFixOutFrmMount": false,
    "ITMainVentFrmMount": true,
    "ITSideMount50": false,
    "ITSideMount60": false,
    "ITSideMount70": false,
    "ITSideMount80": false,
    "ITSideMount67": true,
    "Feature": "",
    "FeatureOpenClose": true,
    "FeatureLock": true,
    "ArticleNumber": 291717,
    "Stroke": 800,
    "Angle": 0,
    "Voltage": "24 V DC",
    "Voltage24": true,
    "Voltage230": false,
    "RatedCurrent": 1,
    "BreakingCurrent": 1,
    "PullingForceMax": 600,
    "PushingForceMax": 300,
    "PullingForceMaxWithNegativeWind": 0,
    "PushingForceMaxWithNegativeWind": 0,
    "PushingForcePermanent": 200,
    "PullingForcePermanent": 600,
    "MinPullingForceMax": 0,
    "MinPushingForceMax": 283.12,
    "MinPullingForcePermanent": 0,
    "MinPushingForcePermanent": 197.02,
    "Price": 387.92,
    "DriveLength": 794,
    "ChainDrive": 894,
    "ChainDrive2": 1748,
    "MaxLengthMainClosingEdge1Drive": 1920,
    "MaxGeometricArea": 1,
    "GeometricalSmokeExhaustion": 0,
    "TotalGlassThickness": 14,
    "Dimensions": 0,
    "DimensionsWxHxD": "794 x 40 x 56",
    "TensileForce": 0,
    "LockingForce": 0,
    "Details_DE": "<ul> <li>Bemessungsspannung: 24 V DC (19 V … 28 V)</li> <li>Abschaltstrom: 1,2 A</li> <li>Bemessungsstrom: 0,9 A</li> <li>Bemessungsaufnahme: 22 W</li> <li>Schutzart: IP 32</li> <li>Zug-/Schubkraft: max. 600 N</li> <li>Umgebungstemperatur: -5°C bis + 60°C</li> <li>Anschlussleitung: Halogenfrei, grau 5 x 0,5mm², ~3m</li> <li>Max. Geschwindigkeit: 13,5 mm/s</li> </ul>",
    "Details_EN": "<ul> <li>Rated voltage: 24 V DC (19 V … 28 V)</li><li>Breaking current: 1.2 A</li><li>Rated current: 0.9 A</li><li>Rated consumption: 22W</li><li>Protection rating: IP 32</li><li>Traction/ thrust: max. 600 N</li><li>Ambient temperature: -5° C to +60° C</li><li>Connecting cable: halogen-free, grey 3 x 0,5mm², ~3m</li><li>Max. speed: 13,5 mm/s</li></ul>",
    "Einsatz": "<ul><li>Anwendung: Lüftung, NRA</li> <li>Integrierte intelligente Regelelektronik</li></ul>",
    "Use": "<ul><li>Application: ventilation, natural smoke ventilation</li> <li>Integrated intelligent control electronics</li> </ul>",
    "Ausstattung": "<ul><li>Zusätzlicher Universal-Steckersatz für Mehrfachbetrieb bis zu 4 Antrieben und 2 Verriegelungsantrieben</li></ul>",
    "Equipment": "<ul><li>Additional universal plug socket for multiplex operation  of up to 4 drives and 2 interlocking drives</li></ul>",
    "Optionen": "<ul><li>Programmierung von Sonderfunktionen</li> <li>Programmierbare Rückmeldung Endlage „AUF“ (max. 24 V, 500 mA)</li> <li>Schüco Kontroller zur automatischen Konfiguration von Synchronlauf und Folgesteuerungen mit Verriegelungsantrieben in Antriebs-Verbundsystemen</li> </ul>",
    "Options": "<ul><li>Programming of special functions</li> <li>Programmable response for “OPEN” end position (max. 24 V, 500 mA)</li> <li>Schüco controller for automatic configuration of synchronous running and sequence control with locking drives in composite drive systems</li> </ul>",
    "IsTwoPce": false,
    "ResultVentWeight": 77.26,
    "IsLsRsDrive": false,
    "ArticleNumberRs": 0,
    "TwoDrivesSideInstallation50": 0,
    "TwoDrivesSideInstallation60": 0,
    "TwoDrivesSideInstallation70": 0,
    "TwoDrivesSideInstallation80": 0,
    "OpeningSpeedmms": 0,
    "Traction": 600,
    "Thrust": 300,
    "Id": "e9fa5654-1773-4646-9949-a237ab4f4797",
    "CreatedOn": "2024-09-26T13:55:26.817Z",
    "CreatedBy": "",
    "ModifiedOn": "2024-09-26T13:55:26.817Z",
    "ModifiedBy": ""
  },
  {
    "Name": "Locking actuator EasyConnect ow",
    "Bezeichnung": "Verriegelungsantrieb EasyConnect ow",
    "ConfigurationId": "00000000-0000-0000-0000-000000000000",
    "Description": "",
    "Application": "",
    "ApplicationFacade": true,
    "ApplicationSkylight": false,
    "Type": 5,
    "OpeningType": 0,
    "BottomHungInward": false,
    "BottomHungOutward": false,
    "SideHungInward": false,
    "SideHungOutward": true,
    "TopHungInward": false,
    "TopHungOutward": true,
    "ProjectedTopHungInward": false,
    "ProjectedTopHungOutward": true,
    "InstallationType": "",
    "ITMainOutFrmMountWBracket": true,
    "ITMainFixOutFrmMount": false,
    "ITMainVentFrmMount": false,
    "ITSideMount50": false,
    "ITSideMount60": false,
    "ITSideMount70": false,
    "ITSideMount80": false,
    "ITSideMount67": false,
    "Feature": "",
    "FeatureOpenClose": true,
    "FeatureLock": false,
    "ArticleNumber": 291589,
    "Stroke": 0,
    "Angle": 0,
    "Voltage": null,
    "Voltage24": true,
    "Voltage230": true,
    "RatedCurrent": 0,
    "BreakingCurrent": 0,
    "PullingForceMax": 0,
    "PushingForceMax": 0,
    "PullingForceMaxWithNegativeWind": 0,
    "PushingForceMaxWithNegativeWind": 0,
    "PushingForcePermanent": 0,
    "PullingForcePermanent": 0,
    "MinPullingForceMax": 0,
    "MinPushingForceMax": 0,
    "MinPullingForcePermanent": 0,
    "MinPushingForcePermanent": 0,
    "Price": 0,
    "DriveLength": 0,
    "ChainDrive": 0,
    "ChainDrive2": 0,
    "MaxLengthMainClosingEdge1Drive": 0,
    "MaxGeometricArea": 0,
    "GeometricalSmokeExhaustion": 0,
    "TotalGlassThickness": 0,
    "Dimensions": 0,
    "DimensionsWxHxD": "375 x 24 x 35",
    "TensileForce": 0,
    "LockingForce": 0,
    "Details_DE": "<ul> <li>Bemessungsspannung: 24 V DC (19 V … 28 V)</li> <li>Abschaltstrom: ~1,0 A</li> <li>Bemessungsstrom: 0,6 A</li> <li>Bemessungsaufnahme: 15 W</li> <li>Schutzart: IP 32</li><li>Zug-/Schubkraft: max. 600 N</li> <li>Umgebungstemperatur: -5°C bis + 60°C</li> <li>Anschlussleitung: Halogenfrei, grau 5 x 0,5mm² , ~5m</li> <li>Laufzeit: ~ 5s</li><li>Hub: ~ 18mm</li> </ul>",
    "Details_EN": "<ul> <li>Rated voltage : 24 V DC (19 V … 28 V</li> <li>Breaking current : ~1,0 A</li> <li>Rated current : 0,6 A</li> <li>Rated consumption : 15 W</li> <li>Protection rating : IP 32</li><li>Traction/ thrust : max. 600 N</li> <li>Ambient temperature: -5°C bis + 60°C</li> <li>Connecting cable: halogen-free, grey 5 x 0,5mm² , ~5m</li> <li>Running time: ~ 5s</li><li>Stroke: ~ 18mm</li> </ul>",
    "Einsatz": "<ul> <li>Anwendung: Lüftung, NRA</li><li>Integrierte intelligente Regelelektronik</li></ul>",
    "Use": "<ul> <li>Application: ventilation, natural smoke ventilation</li> <li>Integrated intelligent control electronics</li></ul>",
    "Ausstattung": "<ul><li>Laufrichtung einstellbar</li><li>Zusätzlicher Universal-Steckersatz</li></ul>",
    "Equipment": "<ul><li>Running direction adjustable</li><li>Additional universal plug socket</li></ul>",
    "Optionen": "<ul> <li>Mitnehmer objekt-/profilspezifisch anpassbar</li></ul>",
    "Options": "<ul> <li>Coupling adapter customizable for project-/profile-specific demands</li></ul>",
    "IsTwoPce": false,
    "ResultVentWeight": 0,
    "IsLsRsDrive": false,
    "ArticleNumberRs": 0,
    "TwoDrivesSideInstallation50": 0,
    "TwoDrivesSideInstallation60": 0,
    "TwoDrivesSideInstallation70": 0,
    "TwoDrivesSideInstallation80": 0,
    "OpeningSpeedmms": 0,
    "Traction": 0,
    "Thrust": 0,
    "Id": "ebe9753c-e5d7-4140-afe0-9f98bf25df99",
    "CreatedOn": "2024-09-26T13:55:26.817Z",
    "CreatedBy": "",
    "ModifiedOn": "2024-09-26T13:55:26.817Z",
    "ModifiedBy": ""
  }
]

13:06:03.363 [main] INFO  com.intuit.karate - Expected RecommDrive: Chain actuator D6 800,Locking actuator EasyConnect ow 
13:06:03.363 [main] INFO  com.intuit.karate - Actual RecommDrive: Chain actuator D6 800, Locking actuator EasyConnect ow 
13:06:03.363 [main] INFO  com.intuit.karate - Normalized Actual RecommDrive: Chain actuator D6 800,Locking actuator EasyConnect ow 
13:06:03.363 [main] INFO  com.intuit.karate - Normalized Expected RecommDrive: Chain actuator D6 800,Locking actuator EasyConnect ow 
13:06:03.363 [main] INFO  com.intuit.karate - All Drive IDs: [
  "e9fa5654-1773-4646-9949-a237ab4f4797",
  "ebe9753c-e5d7-4140-afe0-9f98bf25df99"
]
 
13:06:03.363 [main] INFO  com.intuit.karate - First Drive ID: e9fa5654-1773-4646-9949-a237ab4f4797 
13:06:03.378 [main] DEBUG com.intuit.karate - request:
3 > POST https://dev-drivetec-apis.schuecodigitalsolutions.com/api/Drives/DownloadPDFNew/Schuco
3 > Content-Type: application/json; charset=UTF-8
3 > Content-Length: 1194
3 > Host: dev-drivetec-apis.schuecodigitalsolutions.com
3 > Connection: Keep-Alive
3 > User-Agent: Apache-HttpClient/4.5.14 (Java/17.0.12)
3 > Accept-Encoding: gzip,deflate
[{"Id":"configId","Header":"configId","Value":"06c208cb-3044-488d-b702-6603c28bab1b"},{"Id":"driveId","Header":"driveId","Value":"e9fa5654-1773-4646-9949-a237ab4f4797"},{"Id":"culture","Header":"culture","Value":"EN-US"},{"Id":"projectId","Header":"projectId","Value":"4bf1dfc8-fd6d-4d3a-9337-7ee7425ebbdf"},{"Id":"range-of-app","Header":"Range of application","Value":"Façade"},{"Id":"opening-type","Header":"Opening type","Value":"Bottom-hung vent"},{"Id":"opening-direction","Header":"Opening direction","Value":"Inward"},{"Id":"how-calc-weight","Header":"Vent weight","Value":"Weight including glass"},{"Id":"Chain-Length","Header":"Chain- \/ connecting rod handle","Value":"100%"},{"Id":"drive-position","Header":"Drive position","Value":"Side installation"},{"Id":"locking-mechanism","Header":"Locking mechanism","Value":"With"},{"Id":"voltage","Header":"Voltage","Value":"24 V"},{"Id":"drive-type","Header":"Drive type","Value":"Chain drive"},{"Id":"type-installation","Header":"Type of installation","Value":"Pivoting Outer Frame Installation"},{"Id":"calculation-type-for-ventilation-area","Header":"Calculation type for ventilation area","Value":"Method in accordance with ASR 3.6"}]

13:06:05.171 [main] DEBUG com.intuit.karate - response time in milliseconds: 1793
3 < 200
3 < Content-Type: application/json; charset=utf-8
3 < Date: Tue, 03 Dec 2024 07:36:05 GMT
3 < Server: Microsoft-IIS/10.0
3 < X-Powered-By: ASP.NET
3 < Content-Length: 276
3 < Connection: keep-alive
{
  "result": "https://drive-tec-dev.s3.amazonaws.com/AUT_TPJ26668-Chain_actuator_D6_800.pdf?AWSAccessKeyId=AKIAZAWIART4ZFAXXPHK&Expires=1733214965&response-content-disposition=attachment%3B&response-content-type=application%2Fpdf&Signature=Atju3jKTw32lUGkLNbsu5cb89Y0%3D"
}

13:06:05.171 [main] INFO  com.intuit.karate - Download URL for first driveId: https://drive-tec-dev.s3.amazonaws.com/AUT_TPJ26668-Chain_actuator_D6_800.pdf?AWSAccessKeyId=AKIAZAWIART4ZFAXXPHK&Expires=1733214965&response-content-disposition=attachment%3B&response-content-type=application%2Fpdf&Signature=Atju3jKTw32lUGkLNbsu5cb89Y0%3D 
13:06:05.171 [main] INFO  com.intuit.karate - karate.env system property was: null 
13:06:05.171 [main] INFO  com.intuit.karate - Running test for dataset:  Dataset10 
13:06:05.186 [main] INFO  com.intuit.karate - Using ProjectId:  {
  "result": {
    "projectId": "prjId"
  },
  "projectPayload": {
    "Id": "579816e4-6653-4794-b435-a885f32e28d7",
    "Name": "AUT_TPJ26668",
    "Address": "Hyderabad, Telangana, India",
    "Description": "",
    "CreatedBy": "579816e4-6653-4794-b435-a885f32e28d7",
    "ModifiedBy": "579816e4-6653-4794-b435-a885f32e28d7"
  },
  "uniqueName": "AUT_TPJ26668",
  "responseHeaders": {
    "Content-Type": [
      "application/json; charset=utf-8"
    ],
    "Date": [
      "Tue, 03 Dec 2024 07:35:27 GMT"
    ],
    "Server": [
      "Microsoft-IIS/10.0"
    ],
    "X-Powered-By": [
      "ASP.NET"
    ],
    "transfer-encoding": [
      "chunked"
    ],
    "Connection": [
      "keep-alive"
    ],
    "Set-Cookie": [
    ]
  },
  "responseTime": 1242,
  "response": {
    "Name": "AUT_TPJ26668",
    "Description": "",
    "Address": "Hyderabad, Telangana, India",
    "Id": "4bf1dfc8-fd6d-4d3a-9337-7ee7425ebbdf",
    "CreatedOn": "2024-12-03T07:35:27.7758566+00:00",
    "CreatedBy": "579816e4-6653-4794-b435-a885f32e28d7",
    "ModifiedOn": "2024-12-03T07:35:27.7759029+00:00",
    "ModifiedBy": ""
  },
  "responseStatus": 200,
  "prjId": "4bf1dfc8-fd6d-4d3a-9337-7ee7425ebbdf",
  "projectId": "4bf1dfc8-fd6d-4d3a-9337-7ee7425ebbdf"
}
 
13:06:05.186 [main] DEBUG com.intuit.karate - request:
1 > POST https://dev-drivetec-apis.schuecodigitalsolutions.com/Configurations
1 > Content-Type: application/json; charset=UTF-8
1 > Content-Length: 1275
1 > Host: dev-drivetec-apis.schuecodigitalsolutions.com
1 > Connection: Keep-Alive
1 > User-Agent: Apache-HttpClient/4.5.14 (Java/17.0.12)
1 > Accept-Encoding: gzip,deflate
{"Id":"00000000-0000-0000-0000-000000000000","ProjectId":"4bf1dfc8-fd6d-4d3a-9337-7ee7425ebbdf","Name":"Dataset5187","Description":"Dataset5187","CustomTags":"","CreatedBy":"579816e4-6653-4794-b435-a885f32e28d7","ModifiedBy":"579816e4-6653-4794-b435-a885f32e28d7","ApplicationName":1,"System":"","FacadeInclination":0,"OpeningType":1,"OpeningDirection":1,"OpeningWidth":1000,"VentOuterWidth":1230,"VentOuterHeight":1480,"VentWeight":70,"CalculateWeightWithGlass":false,"WeightIncGlassOrThickness":false,"GlassThickness":14,"ProfileWeightPerSerialMeter":2.5,"IsWindowOpeningCalculationByAngle":1,"RequiredOpeningStroke":400,"OpeningAngle":15,"WindLoad":120,"SnowLoad":0,"DrivePosition":2,"InstallationPosition":1,"ChainLengthConnectingRodHandle":5,"LockingMechanism":1,"Voltage":1,"DriveType":1,"TypeOfInstallation":2,"CalculationTypeForVentilation":1,"CalcVentilation":1,"GeometricArea":1,"SpecificExhaustDimension":30,"BuildingDepth":75,"RevealDepth":0,"RevealDepthRectangleAngle1":0,"RevealDepthRectangleAngle2":0,"HeightOfProfile":0,"HeightProfileRectangleAngle1":0,"HeightProfileRectangleAngle2":0,"AkippOrAtilt":0,"AdrehOrAturn":0,"Ageo":0,"MinPullingForceMax":0,"MinPushingForceMax":0,"MinPullingForcePermanent":0,"MinPushingForcePermanent":0,"ForceWithNegativeWind":0}

13:06:05.878 [main] DEBUG com.intuit.karate - response time in milliseconds: 692
1 < 200
1 < Content-Type: application/json; charset=utf-8
1 < Date: Tue, 03 Dec 2024 07:36:05 GMT
1 < Server: Microsoft-IIS/10.0
1 < X-Powered-By: ASP.NET
1 < transfer-encoding: chunked
1 < Connection: keep-alive
{
  "ProjectId": "4bf1dfc8-fd6d-4d3a-9337-7ee7425ebbdf",
  "Name": "Dataset5187",
  "Description": "Dataset5187",
  "CustomTags": "",
  "ApplicationName": 1,
  "OpeningType": 1,
  "OpeningDirection": 1,
  "CalculateWeightWithGlass": false,
  "WindLoad": 120,
  "IsWindowOpeningCalculationByAngle": 1,
  "VentOuterWidth": 1230,
  "VentOuterHeight": 1480,
  "WeightIncGlassOrThickness": false,
  "VentWeight": 77,
  "VentWeightExact": 77.26400000000001,
  "GlassThickness": 14,
  "ProfileWeightPerSerialMeter": 2.5,
  "FacadeInclination": 0,
  "ChainLengthConnectingRodHandle": 5,
  "ChainLenghtConnectingRodHandle": 0,
  "RequiredOpeningStroke": 400,
  "OpeningWidth": 1000,
  "OpeningAngle": 15.532868337024489,
  "SpecificExhaustDimension": 30,
  "BuildingDepth": 75,
  "SnowLoad": 0,
  "DistanceHinge": 0,
  "RatedCurrent": 0,
  "DrivePosition": 2,
  "LockingMechanism": 1,
  "Voltage": 1,
  "DriveType": 1,
  "TypeOfInstallation": 2,
  "GeometricArea": 0,
  "CalculationTypeForVentilation": 1,
  "HeightOfProfile": 0,
  "Reveal": 0,
  "RevealDepth": 0,
  "HeightProfileRectangleAngle1": 0,
  "HeightProfileRectangleAngle2": 0,
  "RevealDepthRectangleAngle1": 0,
  "RevealDepthRectangleAngle2": 0,
  "RevealDepthRectangleAngle12": 0,
  "InstallationPosition": 0,
  "RecommendedDriveArticleNo": 0,
  "System": "",
  "AkippOrAtilt": 1.084,
  "AdrehOrAturn": 1.8204,
  "Ageo": 1.084,
  "MinPullingForceMax": -206.4868442161654,
  "MinPushingForceMax": -206.4868442161654,
  "MinPullingForcePermanent": -104.11163259218097,
  "MinPushingForcePermanent": -104.11163259218097,
  "ForceWithNegativeWind": 109.53156767199486,
  "ForceWithNoWindMin": 0.30763693489047433,
  "ForceWithNegativeWindMin": 0,
  "ForceWithWindMin": -108.91629380221393,
  "Id": "3393f229-c3ab-4644-b7cd-1dcfc2f24a13",
  "CreatedOn": "2024-12-03T07:36:05.784634+00:00",
  "CreatedBy": "579816e4-6653-4794-b435-a885f32e28d7",
  "ModifiedOn": "2024-12-03T07:36:05.784635+00:00",
  "ModifiedBy": ""
}

13:06:05.878 [main] INFO  com.intuit.karate - Generated Config ID: 3393f229-c3ab-4644-b7cd-1dcfc2f24a13 
13:06:05.889 [main] INFO  com.intuit.karate - Generated Name: Dataset5187 
13:06:05.889 [main] INFO  com.intuit.karate - Generated Description: Dataset5187 
13:06:05.894 [main] DEBUG com.intuit.karate - request:
1 > PUT https://dev-drivetec-apis.schuecodigitalsolutions.com/Configurations
1 > Content-Type: application/json; charset=UTF-8
1 > Content-Length: 1278
1 > Host: dev-drivetec-apis.schuecodigitalsolutions.com
1 > Connection: Keep-Alive
1 > User-Agent: Apache-HttpClient/4.5.14 (Java/17.0.12)
1 > Accept-Encoding: gzip,deflate
{"Id":"3393f229-c3ab-4644-b7cd-1dcfc2f24a13","Name":"Dataset10","Description":"Dataset5187","ProjectId":"4bf1dfc8-fd6d-4d3a-9337-7ee7425ebbdf","CustomTags":"","CreatedBy":"579816e4-6653-4794-b435-a885f32e28d7","ModifiedBy":"579816e4-6653-4794-b435-a885f32e28d7","System":"","FacadeInclination":40,"OpeningType":2,"OpeningDirection":2,"OpeningWidth":1000,"VentOuterWidth":1230,"VentOuterHeight":1480,"VentWeight":0,"CalculateWeightWithGlass":false,"RequiredOpeningStroke":800,"WindLoad":120,"SnowLoad":0,"IsWindowOpeningCalculationByAngle":1,"GlassThickness":14,"ProfileWeightPerSerialMeter":2.5,"DrivePosition":1,"InstallationPosition":0,"LockingMechanism":1,"Voltage":1,"DriveType":1,"TypeOfInstallation":2,"GeometricArea":0,"CalcVentilation":2,"SpecificExhaustDimension":35,"BuildingDepth":65,"CalculationTypeForVentilation":2,"HeightOfProfile":200,"HeightProfileRectangleAngle1":0,"HeightProfileRectangleAngle2":0,"RevealDepth":1000,"RevealDepthRectangleAngle1":0,"RevealDepthRectangleAngle2":0,"ChainLengthConnectingRodHandle":5,"ApplicationName":1,"OpeningAngle":10,"WeightIncGlassOrThickness":false,"AkippOrAtilt":0,"AdrehOrAturn":0,"Ageo":0,"MinPullingForceMax":0,"MinPushingForceMax":0,"MinPullingForcePermanent":0,"MinPushingForcePermanent":0,"ForceWithNegativeWind":0}

13:06:06.569 [main] DEBUG com.intuit.karate - response time in milliseconds: 675
1 < 200
1 < Content-Type: application/json; charset=utf-8
1 < Date: Tue, 03 Dec 2024 07:36:06 GMT
1 < Server: Microsoft-IIS/10.0
1 < X-Powered-By: ASP.NET
1 < Content-Length: 2088
1 < Connection: keep-alive
{
  "ProjectId": "4bf1dfc8-fd6d-4d3a-9337-7ee7425ebbdf",
  "Name": "Dataset10",
  "Description": "Dataset5187",
  "CustomTags": "",
  "ApplicationName": 1,
  "OpeningType": 2,
  "OpeningDirection": 2,
  "CalculateWeightWithGlass": false,
  "WindLoad": 120,
  "IsWindowOpeningCalculationByAngle": 1,
  "VentOuterWidth": 1230,
  "VentOuterHeight": 1480,
  "WeightIncGlassOrThickness": false,
  "VentWeight": 77,
  "VentWeightExact": 77.26400000000001,
  "GlassThickness": 14,
  "ProfileWeightPerSerialMeter": 2.5,
  "FacadeInclination": 40,
  "ChainLengthConnectingRodHandle": 5,
  "ChainLenghtConnectingRodHandle": 0,
  "RequiredOpeningStroke": 800,
  "OpeningWidth": 1000,
  "OpeningAngle": 31.36070026967848,
  "SpecificExhaustDimension": 35,
  "BuildingDepth": 65,
  "SnowLoad": 0,
  "DistanceHinge": 0,
  "RatedCurrent": 0,
  "DrivePosition": 1,
  "LockingMechanism": 1,
  "Voltage": 1,
  "DriveType": 1,
  "TypeOfInstallation": 2,
  "GeometricArea": 0,
  "CalculationTypeForVentilation": 2,
  "HeightOfProfile": 200,
  "Reveal": 0,
  "RevealDepth": 1000,
  "HeightProfileRectangleAngle1": 0,
  "HeightProfileRectangleAngle2": 0,
  "RevealDepthRectangleAngle1": 0,
  "RevealDepthRectangleAngle2": 0,
  "RevealDepthRectangleAngle12": 0,
  "InstallationPosition": 0,
  "RecommendedDriveArticleNo": 0,
  "System": "",
  "AkippOrAtilt": 2.168,
  "AdrehOrAturn": 1.8204,
  "Ageo": 1.0198356046171009,
  "MinPullingForceMax": 51.107507951589845,
  "MinPushingForceMax": -183.76216692764464,
  "MinPullingForcePermanent": -247.98114221267235,
  "MinPushingForcePermanent": -247.98114221267235,
  "ForceWithNegativeWind": -312.20011749770003,
  "ForceWithNoWindMin": -59.81724995636224,
  "ForceWithNegativeWindMin": -170.74200786431433,
  "ForceWithWindMin": 51.107507951589845,
  "Id": "3393f229-c3ab-4644-b7cd-1dcfc2f24a13",
  "CreatedOn": "0001-01-01T00:00:00",
  "CreatedBy": "579816e4-6653-4794-b435-a885f32e28d7",
  "ModifiedOn": "2024-12-03T07:36:06.4892915+00:00",
  "ModifiedBy": "579816e4-6653-4794-b435-a885f32e28d7"
}

13:06:06.569 [main] INFO  com.intuit.karate - Rounded Opening Angle: 31.0 
13:06:06.569 [main] INFO  com.intuit.karate - Rounded Ageo: 1.02 
13:06:06.569 [main] INFO  com.intuit.karate - Rounded Required Opening Stroke: 800.0 
13:06:06.584 [main] INFO  com.intuit.karate - Rounded Vent Weight: 77.0 
13:06:06.591 [main] DEBUG com.intuit.karate - request:
2 > GET https://dev-drivetec-apis.schuecodigitalsolutions.com/Config/3393f229-c3ab-4644-b7cd-1dcfc2f24a13/Drive
2 > Host: dev-drivetec-apis.schuecodigitalsolutions.com
2 > Connection: Keep-Alive
2 > User-Agent: Apache-HttpClient/4.5.14 (Java/17.0.12)
2 > Accept-Encoding: gzip,deflate


13:06:07.276 [main] DEBUG com.intuit.karate - response time in milliseconds: 685
2 < 200
2 < Content-Type: application/json; charset=utf-8
2 < Date: Tue, 03 Dec 2024 07:36:06 GMT
2 < Server: Microsoft-IIS/10.0
2 < X-Powered-By: ASP.NET
2 < Content-Length: 8085
2 < Connection: keep-alive
[
  {
    "Name": "Chain actuator D6 800",
    "Bezeichnung": "Kettenantrieb D6 800",
    "ConfigurationId": "00000000-0000-0000-0000-000000000000",
    "Description": "",
    "Application": "Facade",
    "ApplicationFacade": true,
    "ApplicationSkylight": true,
    "Type": 1,
    "OpeningType": 0,
    "BottomHungInward": true,
    "BottomHungOutward": true,
    "SideHungInward": true,
    "SideHungOutward": true,
    "TopHungInward": false,
    "TopHungOutward": true,
    "ProjectedTopHungInward": false,
    "ProjectedTopHungOutward": false,
    "InstallationType": "",
    "ITMainOutFrmMountWBracket": true,
    "ITMainFixOutFrmMount": false,
    "ITMainVentFrmMount": true,
    "ITSideMount50": false,
    "ITSideMount60": false,
    "ITSideMount70": false,
    "ITSideMount80": false,
    "ITSideMount67": true,
    "Feature": "",
    "FeatureOpenClose": true,
    "FeatureLock": true,
    "ArticleNumber": 291717,
    "Stroke": 800,
    "Angle": 0,
    "Voltage": "24 V DC",
    "Voltage24": true,
    "Voltage230": false,
    "RatedCurrent": 1,
    "BreakingCurrent": 1,
    "PullingForceMax": 600,
    "PushingForceMax": 300,
    "PullingForceMaxWithNegativeWind": 0,
    "PushingForceMaxWithNegativeWind": 0,
    "PushingForcePermanent": 200,
    "PullingForcePermanent": 600,
    "MinPullingForceMax": -183.76,
    "MinPushingForceMax": 0,
    "MinPullingForcePermanent": -247.98,
    "MinPushingForcePermanent": 0,
    "Price": 387.92,
    "DriveLength": 794,
    "ChainDrive": 894,
    "ChainDrive2": 1748,
    "MaxLengthMainClosingEdge1Drive": 1920,
    "MaxGeometricArea": 1,
    "GeometricalSmokeExhaustion": 0,
    "TotalGlassThickness": 14,
    "Dimensions": 0,
    "DimensionsWxHxD": "794 x 40 x 56",
    "TensileForce": 0,
    "LockingForce": 0,
    "Details_DE": "<ul> <li>Bemessungsspannung: 24 V DC (19 V … 28 V)</li> <li>Abschaltstrom: 1,2 A</li> <li>Bemessungsstrom: 0,9 A</li> <li>Bemessungsaufnahme: 22 W</li> <li>Schutzart: IP 32</li> <li>Zug-/Schubkraft: max. 600 N</li> <li>Umgebungstemperatur: -5°C bis + 60°C</li> <li>Anschlussleitung: Halogenfrei, grau 5 x 0,5mm², ~3m</li> <li>Max. Geschwindigkeit: 13,5 mm/s</li> </ul>",
    "Details_EN": "<ul> <li>Rated voltage: 24 V DC (19 V … 28 V)</li><li>Breaking current: 1.2 A</li><li>Rated current: 0.9 A</li><li>Rated consumption: 22W</li><li>Protection rating: IP 32</li><li>Traction/ thrust: max. 600 N</li><li>Ambient temperature: -5° C to +60° C</li><li>Connecting cable: halogen-free, grey 3 x 0,5mm², ~3m</li><li>Max. speed: 13,5 mm/s</li></ul>",
    "Einsatz": "<ul><li>Anwendung: Lüftung, NRA</li> <li>Integrierte intelligente Regelelektronik</li></ul>",
    "Use": "<ul><li>Application: ventilation, natural smoke ventilation</li> <li>Integrated intelligent control electronics</li> </ul>",
    "Ausstattung": "<ul><li>Zusätzlicher Universal-Steckersatz für Mehrfachbetrieb bis zu 4 Antrieben und 2 Verriegelungsantrieben</li></ul>",
    "Equipment": "<ul><li>Additional universal plug socket for multiplex operation  of up to 4 drives and 2 interlocking drives</li></ul>",
    "Optionen": "<ul><li>Programmierung von Sonderfunktionen</li> <li>Programmierbare Rückmeldung Endlage „AUF“ (max. 24 V, 500 mA)</li> <li>Schüco Kontroller zur automatischen Konfiguration von Synchronlauf und Folgesteuerungen mit Verriegelungsantrieben in Antriebs-Verbundsystemen</li> </ul>",
    "Options": "<ul><li>Programming of special functions</li> <li>Programmable response for “OPEN” end position (max. 24 V, 500 mA)</li> <li>Schüco controller for automatic configuration of synchronous running and sequence control with locking drives in composite drive systems</li> </ul>",
    "IsTwoPce": false,
    "ResultVentWeight": 77.26,
    "IsLsRsDrive": false,
    "ArticleNumberRs": 0,
    "TwoDrivesSideInstallation50": 0,
    "TwoDrivesSideInstallation60": 0,
    "TwoDrivesSideInstallation70": 0,
    "TwoDrivesSideInstallation80": 0,
    "OpeningSpeedmms": 0,
    "Traction": 600,
    "Thrust": 300,
    "Id": "e9fa5654-1773-4646-9949-a237ab4f4797",
    "CreatedOn": "2024-09-26T13:55:26.817Z",
    "CreatedBy": "",
    "ModifiedOn": "2024-09-26T13:55:26.817Z",
    "ModifiedBy": ""
  },
  {
    "Name": "Locking actuator EasyConnect ow",
    "Bezeichnung": "Verriegelungsantrieb EasyConnect ow",
    "ConfigurationId": "00000000-0000-0000-0000-000000000000",
    "Description": "",
    "Application": "",
    "ApplicationFacade": true,
    "ApplicationSkylight": false,
    "Type": 5,
    "OpeningType": 0,
    "BottomHungInward": false,
    "BottomHungOutward": false,
    "SideHungInward": false,
    "SideHungOutward": true,
    "TopHungInward": false,
    "TopHungOutward": true,
    "ProjectedTopHungInward": false,
    "ProjectedTopHungOutward": true,
    "InstallationType": "",
    "ITMainOutFrmMountWBracket": true,
    "ITMainFixOutFrmMount": false,
    "ITMainVentFrmMount": false,
    "ITSideMount50": false,
    "ITSideMount60": false,
    "ITSideMount70": false,
    "ITSideMount80": false,
    "ITSideMount67": false,
    "Feature": "",
    "FeatureOpenClose": true,
    "FeatureLock": false,
    "ArticleNumber": 291589,
    "Stroke": 0,
    "Angle": 0,
    "Voltage": null,
    "Voltage24": true,
    "Voltage230": true,
    "RatedCurrent": 0,
    "BreakingCurrent": 0,
    "PullingForceMax": 0,
    "PushingForceMax": 0,
    "PullingForceMaxWithNegativeWind": 0,
    "PushingForceMaxWithNegativeWind": 0,
    "PushingForcePermanent": 0,
    "PullingForcePermanent": 0,
    "MinPullingForceMax": 0,
    "MinPushingForceMax": 0,
    "MinPullingForcePermanent": 0,
    "MinPushingForcePermanent": 0,
    "Price": 0,
    "DriveLength": 0,
    "ChainDrive": 0,
    "ChainDrive2": 0,
    "MaxLengthMainClosingEdge1Drive": 0,
    "MaxGeometricArea": 0,
    "GeometricalSmokeExhaustion": 0,
    "TotalGlassThickness": 0,
    "Dimensions": 0,
    "DimensionsWxHxD": "375 x 24 x 35",
    "TensileForce": 0,
    "LockingForce": 0,
    "Details_DE": "<ul> <li>Bemessungsspannung: 24 V DC (19 V … 28 V)</li> <li>Abschaltstrom: ~1,0 A</li> <li>Bemessungsstrom: 0,6 A</li> <li>Bemessungsaufnahme: 15 W</li> <li>Schutzart: IP 32</li><li>Zug-/Schubkraft: max. 600 N</li> <li>Umgebungstemperatur: -5°C bis + 60°C</li> <li>Anschlussleitung: Halogenfrei, grau 5 x 0,5mm² , ~5m</li> <li>Laufzeit: ~ 5s</li><li>Hub: ~ 18mm</li> </ul>",
    "Details_EN": "<ul> <li>Rated voltage : 24 V DC (19 V … 28 V</li> <li>Breaking current : ~1,0 A</li> <li>Rated current : 0,6 A</li> <li>Rated consumption : 15 W</li> <li>Protection rating : IP 32</li><li>Traction/ thrust : max. 600 N</li> <li>Ambient temperature: -5°C bis + 60°C</li> <li>Connecting cable: halogen-free, grey 5 x 0,5mm² , ~5m</li> <li>Running time: ~ 5s</li><li>Stroke: ~ 18mm</li> </ul>",
    "Einsatz": "<ul> <li>Anwendung: Lüftung, NRA</li><li>Integrierte intelligente Regelelektronik</li></ul>",
    "Use": "<ul> <li>Application: ventilation, natural smoke ventilation</li> <li>Integrated intelligent control electronics</li></ul>",
    "Ausstattung": "<ul><li>Laufrichtung einstellbar</li><li>Zusätzlicher Universal-Steckersatz</li></ul>",
    "Equipment": "<ul><li>Running direction adjustable</li><li>Additional universal plug socket</li></ul>",
    "Optionen": "<ul> <li>Mitnehmer objekt-/profilspezifisch anpassbar</li></ul>",
    "Options": "<ul> <li>Coupling adapter customizable for project-/profile-specific demands</li></ul>",
    "IsTwoPce": false,
    "ResultVentWeight": 0,
    "IsLsRsDrive": false,
    "ArticleNumberRs": 0,
    "TwoDrivesSideInstallation50": 0,
    "TwoDrivesSideInstallation60": 0,
    "TwoDrivesSideInstallation70": 0,
    "TwoDrivesSideInstallation80": 0,
    "OpeningSpeedmms": 0,
    "Traction": 0,
    "Thrust": 0,
    "Id": "ebe9753c-e5d7-4140-afe0-9f98bf25df99",
    "CreatedOn": "2024-09-26T13:55:26.817Z",
    "CreatedBy": "",
    "ModifiedOn": "2024-09-26T13:55:26.817Z",
    "ModifiedBy": ""
  }
]

13:06:07.276 [main] INFO  com.intuit.karate - Expected RecommDrive: Chain actuator D6 800,Locking actuator EasyConnect ow 
13:06:07.276 [main] INFO  com.intuit.karate - Actual RecommDrive: Chain actuator D6 800, Locking actuator EasyConnect ow 
13:06:07.276 [main] INFO  com.intuit.karate - Normalized Actual RecommDrive: Chain actuator D6 800,Locking actuator EasyConnect ow 
13:06:07.276 [main] INFO  com.intuit.karate - Normalized Expected RecommDrive: Chain actuator D6 800,Locking actuator EasyConnect ow 
13:06:07.276 [main] INFO  com.intuit.karate - All Drive IDs: [
  "e9fa5654-1773-4646-9949-a237ab4f4797",
  "ebe9753c-e5d7-4140-afe0-9f98bf25df99"
]
 
13:06:07.276 [main] INFO  com.intuit.karate - First Drive ID: e9fa5654-1773-4646-9949-a237ab4f4797 
13:06:07.293 [main] DEBUG com.intuit.karate - request:
3 > POST https://dev-drivetec-apis.schuecodigitalsolutions.com/api/Drives/DownloadPDFNew/Schuco
3 > Content-Type: application/json; charset=UTF-8
3 > Content-Length: 1194
3 > Host: dev-drivetec-apis.schuecodigitalsolutions.com
3 > Connection: Keep-Alive
3 > User-Agent: Apache-HttpClient/4.5.14 (Java/17.0.12)
3 > Accept-Encoding: gzip,deflate
[{"Id":"configId","Header":"configId","Value":"3393f229-c3ab-4644-b7cd-1dcfc2f24a13"},{"Id":"driveId","Header":"driveId","Value":"e9fa5654-1773-4646-9949-a237ab4f4797"},{"Id":"culture","Header":"culture","Value":"EN-US"},{"Id":"projectId","Header":"projectId","Value":"4bf1dfc8-fd6d-4d3a-9337-7ee7425ebbdf"},{"Id":"range-of-app","Header":"Range of application","Value":"Façade"},{"Id":"opening-type","Header":"Opening type","Value":"Bottom-hung vent"},{"Id":"opening-direction","Header":"Opening direction","Value":"Inward"},{"Id":"how-calc-weight","Header":"Vent weight","Value":"Weight including glass"},{"Id":"Chain-Length","Header":"Chain- \/ connecting rod handle","Value":"100%"},{"Id":"drive-position","Header":"Drive position","Value":"Side installation"},{"Id":"locking-mechanism","Header":"Locking mechanism","Value":"With"},{"Id":"voltage","Header":"Voltage","Value":"24 V"},{"Id":"drive-type","Header":"Drive type","Value":"Chain drive"},{"Id":"type-installation","Header":"Type of installation","Value":"Pivoting Outer Frame Installation"},{"Id":"calculation-type-for-ventilation-area","Header":"Calculation type for ventilation area","Value":"Method in accordance with ASR 3.6"}]

13:06:09.082 [main] DEBUG com.intuit.karate - response time in milliseconds: 1789
3 < 200
3 < Content-Type: application/json; charset=utf-8
3 < Date: Tue, 03 Dec 2024 07:36:09 GMT
3 < Server: Microsoft-IIS/10.0
3 < X-Powered-By: ASP.NET
3 < Content-Length: 278
3 < Connection: keep-alive
{
  "result": "https://drive-tec-dev.s3.amazonaws.com/AUT_TPJ26668-Chain_actuator_D6_800.pdf?AWSAccessKeyId=AKIAZAWIART4ZFAXXPHK&Expires=1733214969&response-content-disposition=attachment%3B&response-content-type=application%2Fpdf&Signature=ibDgMu6jOfYkv6SPMi0D%2Bea7XNk%3D"
}

13:06:09.082 [main] INFO  com.intuit.karate - Download URL for first driveId: https://drive-tec-dev.s3.amazonaws.com/AUT_TPJ26668-Chain_actuator_D6_800.pdf?AWSAccessKeyId=AKIAZAWIART4ZFAXXPHK&Expires=1733214969&response-content-disposition=attachment%3B&response-content-type=application%2Fpdf&Signature=ibDgMu6jOfYkv6SPMi0D%2Bea7XNk%3D 
13:06:09.098 [main] INFO  com.intuit.karate - karate.env system property was: null 
13:06:09.100 [main] INFO  com.intuit.karate - Running test for dataset:  Dataset11 
13:06:09.100 [main] INFO  com.intuit.karate - Using ProjectId:  {
  "result": {
    "projectId": "prjId"
  },
  "projectPayload": {
    "Id": "579816e4-6653-4794-b435-a885f32e28d7",
    "Name": "AUT_TPJ26668",
    "Address": "Hyderabad, Telangana, India",
    "Description": "",
    "CreatedBy": "579816e4-6653-4794-b435-a885f32e28d7",
    "ModifiedBy": "579816e4-6653-4794-b435-a885f32e28d7"
  },
  "uniqueName": "AUT_TPJ26668",
  "responseHeaders": {
    "Content-Type": [
      "application/json; charset=utf-8"
    ],
    "Date": [
      "Tue, 03 Dec 2024 07:35:27 GMT"
    ],
    "Server": [
      "Microsoft-IIS/10.0"
    ],
    "X-Powered-By": [
      "ASP.NET"
    ],
    "transfer-encoding": [
      "chunked"
    ],
    "Connection": [
      "keep-alive"
    ],
    "Set-Cookie": [
    ]
  },
  "responseTime": 1242,
  "response": {
    "Name": "AUT_TPJ26668",
    "Description": "",
    "Address": "Hyderabad, Telangana, India",
    "Id": "4bf1dfc8-fd6d-4d3a-9337-7ee7425ebbdf",
    "CreatedOn": "2024-12-03T07:35:27.7758566+00:00",
    "CreatedBy": "579816e4-6653-4794-b435-a885f32e28d7",
    "ModifiedOn": "2024-12-03T07:35:27.7759029+00:00",
    "ModifiedBy": ""
  },
  "responseStatus": 200,
  "prjId": "4bf1dfc8-fd6d-4d3a-9337-7ee7425ebbdf",
  "projectId": "4bf1dfc8-fd6d-4d3a-9337-7ee7425ebbdf"
}
 
13:06:09.100 [main] DEBUG com.intuit.karate - request:
1 > POST https://dev-drivetec-apis.schuecodigitalsolutions.com/Configurations
1 > Content-Type: application/json; charset=UTF-8
1 > Content-Length: 1275
1 > Host: dev-drivetec-apis.schuecodigitalsolutions.com
1 > Connection: Keep-Alive
1 > User-Agent: Apache-HttpClient/4.5.14 (Java/17.0.12)
1 > Accept-Encoding: gzip,deflate
{"Id":"00000000-0000-0000-0000-000000000000","ProjectId":"4bf1dfc8-fd6d-4d3a-9337-7ee7425ebbdf","Name":"Dataset9101","Description":"Dataset9101","CustomTags":"","CreatedBy":"579816e4-6653-4794-b435-a885f32e28d7","ModifiedBy":"579816e4-6653-4794-b435-a885f32e28d7","ApplicationName":1,"System":"","FacadeInclination":0,"OpeningType":1,"OpeningDirection":1,"OpeningWidth":1000,"VentOuterWidth":1230,"VentOuterHeight":1480,"VentWeight":70,"CalculateWeightWithGlass":false,"WeightIncGlassOrThickness":false,"GlassThickness":14,"ProfileWeightPerSerialMeter":2.5,"IsWindowOpeningCalculationByAngle":1,"RequiredOpeningStroke":400,"OpeningAngle":15,"WindLoad":120,"SnowLoad":0,"DrivePosition":2,"InstallationPosition":1,"ChainLengthConnectingRodHandle":5,"LockingMechanism":1,"Voltage":1,"DriveType":1,"TypeOfInstallation":2,"CalculationTypeForVentilation":1,"CalcVentilation":1,"GeometricArea":1,"SpecificExhaustDimension":30,"BuildingDepth":75,"RevealDepth":0,"RevealDepthRectangleAngle1":0,"RevealDepthRectangleAngle2":0,"HeightOfProfile":0,"HeightProfileRectangleAngle1":0,"HeightProfileRectangleAngle2":0,"AkippOrAtilt":0,"AdrehOrAturn":0,"Ageo":0,"MinPullingForceMax":0,"MinPushingForceMax":0,"MinPullingForcePermanent":0,"MinPushingForcePermanent":0,"ForceWithNegativeWind":0}

13:06:09.774 [main] DEBUG com.intuit.karate - response time in milliseconds: 674
1 < 200
1 < Content-Type: application/json; charset=utf-8
1 < Date: Tue, 03 Dec 2024 07:36:09 GMT
1 < Server: Microsoft-IIS/10.0
1 < X-Powered-By: ASP.NET
1 < transfer-encoding: chunked
1 < Connection: keep-alive
{
  "ProjectId": "4bf1dfc8-fd6d-4d3a-9337-7ee7425ebbdf",
  "Name": "Dataset9101",
  "Description": "Dataset9101",
  "CustomTags": "",
  "ApplicationName": 1,
  "OpeningType": 1,
  "OpeningDirection": 1,
  "CalculateWeightWithGlass": false,
  "WindLoad": 120,
  "IsWindowOpeningCalculationByAngle": 1,
  "VentOuterWidth": 1230,
  "VentOuterHeight": 1480,
  "WeightIncGlassOrThickness": false,
  "VentWeight": 77,
  "VentWeightExact": 77.26400000000001,
  "GlassThickness": 14,
  "ProfileWeightPerSerialMeter": 2.5,
  "FacadeInclination": 0,
  "ChainLengthConnectingRodHandle": 5,
  "ChainLenghtConnectingRodHandle": 0,
  "RequiredOpeningStroke": 400,
  "OpeningWidth": 1000,
  "OpeningAngle": 15.532868337024489,
  "SpecificExhaustDimension": 30,
  "BuildingDepth": 75,
  "SnowLoad": 0,
  "DistanceHinge": 0,
  "RatedCurrent": 0,
  "DrivePosition": 2,
  "LockingMechanism": 1,
  "Voltage": 1,
  "DriveType": 1,
  "TypeOfInstallation": 2,
  "GeometricArea": 0,
  "CalculationTypeForVentilation": 1,
  "HeightOfProfile": 0,
  "Reveal": 0,
  "RevealDepth": 0,
  "HeightProfileRectangleAngle1": 0,
  "HeightProfileRectangleAngle2": 0,
  "RevealDepthRectangleAngle1": 0,
  "RevealDepthRectangleAngle2": 0,
  "RevealDepthRectangleAngle12": 0,
  "InstallationPosition": 0,
  "RecommendedDriveArticleNo": 0,
  "System": "",
  "AkippOrAtilt": 1.084,
  "AdrehOrAturn": 1.8204,
  "Ageo": 1.084,
  "MinPullingForceMax": -206.4868442161654,
  "MinPushingForceMax": -206.4868442161654,
  "MinPullingForcePermanent": -104.11163259218097,
  "MinPushingForcePermanent": -104.11163259218097,
  "ForceWithNegativeWind": 109.53156767199486,
  "ForceWithNoWindMin": 0.30763693489047433,
  "ForceWithNegativeWindMin": 0,
  "ForceWithWindMin": -108.91629380221393,
  "Id": "3701c322-0d88-42a4-b158-b54537e87b47",
  "CreatedOn": "2024-12-03T07:36:09.6891692+00:00",
  "CreatedBy": "579816e4-6653-4794-b435-a885f32e28d7",
  "ModifiedOn": "2024-12-03T07:36:09.6891702+00:00",
  "ModifiedBy": ""
}

13:06:09.789 [main] INFO  com.intuit.karate - Generated Config ID: 3701c322-0d88-42a4-b158-b54537e87b47 
13:06:09.789 [main] INFO  com.intuit.karate - Generated Name: Dataset9101 
13:06:09.789 [main] INFO  com.intuit.karate - Generated Description: Dataset9101 
13:06:09.789 [main] DEBUG com.intuit.karate - request:
1 > PUT https://dev-drivetec-apis.schuecodigitalsolutions.com/Configurations
1 > Content-Type: application/json; charset=UTF-8
1 > Content-Length: 1278
1 > Host: dev-drivetec-apis.schuecodigitalsolutions.com
1 > Connection: Keep-Alive
1 > User-Agent: Apache-HttpClient/4.5.14 (Java/17.0.12)
1 > Accept-Encoding: gzip,deflate
{"Id":"3701c322-0d88-42a4-b158-b54537e87b47","Name":"Dataset11","Description":"Dataset9101","ProjectId":"4bf1dfc8-fd6d-4d3a-9337-7ee7425ebbdf","CustomTags":"","CreatedBy":"579816e4-6653-4794-b435-a885f32e28d7","ModifiedBy":"579816e4-6653-4794-b435-a885f32e28d7","System":"","FacadeInclination":41,"OpeningType":2,"OpeningDirection":2,"OpeningWidth":1000,"VentOuterWidth":1230,"VentOuterHeight":1480,"VentWeight":0,"CalculateWeightWithGlass":false,"RequiredOpeningStroke":800,"WindLoad":120,"SnowLoad":0,"IsWindowOpeningCalculationByAngle":1,"GlassThickness":14,"ProfileWeightPerSerialMeter":2.5,"DrivePosition":1,"InstallationPosition":0,"LockingMechanism":1,"Voltage":1,"DriveType":1,"TypeOfInstallation":2,"GeometricArea":0,"CalcVentilation":2,"SpecificExhaustDimension":35,"BuildingDepth":65,"CalculationTypeForVentilation":2,"HeightOfProfile":200,"HeightProfileRectangleAngle1":0,"HeightProfileRectangleAngle2":0,"RevealDepth":1000,"RevealDepthRectangleAngle1":0,"RevealDepthRectangleAngle2":0,"ChainLengthConnectingRodHandle":5,"ApplicationName":1,"OpeningAngle":10,"WeightIncGlassOrThickness":false,"AkippOrAtilt":0,"AdrehOrAturn":0,"Ageo":0,"MinPullingForceMax":0,"MinPushingForceMax":0,"MinPullingForcePermanent":0,"MinPushingForcePermanent":0,"ForceWithNegativeWind":0}

13:06:10.464 [main] DEBUG com.intuit.karate - response time in milliseconds: 675
1 < 200
1 < Content-Type: application/json; charset=utf-8
1 < Date: Tue, 03 Dec 2024 07:36:10 GMT
1 < Server: Microsoft-IIS/10.0
1 < X-Powered-By: ASP.NET
1 < Content-Length: 2085
1 < Connection: keep-alive
{
  "ProjectId": "4bf1dfc8-fd6d-4d3a-9337-7ee7425ebbdf",
  "Name": "Dataset11",
  "Description": "Dataset9101",
  "CustomTags": "",
  "ApplicationName": 1,
  "OpeningType": 2,
  "OpeningDirection": 2,
  "CalculateWeightWithGlass": false,
  "WindLoad": 120,
  "IsWindowOpeningCalculationByAngle": 1,
  "VentOuterWidth": 1230,
  "VentOuterHeight": 1480,
  "WeightIncGlassOrThickness": false,
  "VentWeight": 77,
  "VentWeightExact": 77.26400000000001,
  "GlassThickness": 14,
  "ProfileWeightPerSerialMeter": 2.5,
  "FacadeInclination": 41,
  "ChainLengthConnectingRodHandle": 5,
  "ChainLenghtConnectingRodHandle": 0,
  "RequiredOpeningStroke": 800,
  "OpeningWidth": 1000,
  "OpeningAngle": 31.36070026967848,
  "SpecificExhaustDimension": 35,
  "BuildingDepth": 65,
  "SnowLoad": 0,
  "DistanceHinge": 0,
  "RatedCurrent": 0,
  "DrivePosition": 1,
  "LockingMechanism": 1,
  "Voltage": 1,
  "DriveType": 1,
  "TypeOfInstallation": 2,
  "GeometricArea": 0,
  "CalculationTypeForVentilation": 2,
  "HeightOfProfile": 200,
  "Reveal": 0,
  "RevealDepth": 1000,
  "HeightProfileRectangleAngle1": 0,
  "HeightProfileRectangleAngle2": 0,
  "RevealDepthRectangleAngle1": 0,
  "RevealDepthRectangleAngle2": 0,
  "RevealDepthRectangleAngle12": 0,
  "InstallationPosition": 0,
  "RecommendedDriveArticleNo": 0,
  "System": "",
  "AkippOrAtilt": 2.168,
  "AdrehOrAturn": 1.8204,
  "Ageo": 1.0198356046171009,
  "MinPullingForceMax": 43.57922627926514,
  "MinPushingForceMax": -190.77273792145812,
  "MinPullingForcePermanent": -253.11060800883638,
  "MinPushingForcePermanent": -253.11060800883638,
  "ForceWithNegativeWind": -315.44847809621467,
  "ForceWithNoWindMin": -66.72921442305929,
  "ForceWithNegativeWindMin": -177.0376551253837,
  "ForceWithWindMin": 43.57922627926514,
  "Id": "3701c322-0d88-42a4-b158-b54537e87b47",
  "CreatedOn": "0001-01-01T00:00:00",
  "CreatedBy": "579816e4-6653-4794-b435-a885f32e28d7",
  "ModifiedOn": "2024-12-03T07:36:10.3806596+00:00",
  "ModifiedBy": "579816e4-6653-4794-b435-a885f32e28d7"
}

13:06:10.464 [main] INFO  com.intuit.karate - Rounded Opening Angle: 31.0 
13:06:10.464 [main] INFO  com.intuit.karate - Rounded Ageo: 1.02 
13:06:10.464 [main] INFO  com.intuit.karate - Rounded Required Opening Stroke: 800.0 
13:06:10.464 [main] INFO  com.intuit.karate - Rounded Vent Weight: 77.0 
13:06:10.480 [main] DEBUG com.intuit.karate - request:
2 > GET https://dev-drivetec-apis.schuecodigitalsolutions.com/Config/3701c322-0d88-42a4-b158-b54537e87b47/Drive
2 > Host: dev-drivetec-apis.schuecodigitalsolutions.com
2 > Connection: Keep-Alive
2 > User-Agent: Apache-HttpClient/4.5.14 (Java/17.0.12)
2 > Accept-Encoding: gzip,deflate


13:06:11.171 [main] DEBUG com.intuit.karate - response time in milliseconds: 691
2 < 200
2 < Content-Type: application/json; charset=utf-8
2 < Date: Tue, 03 Dec 2024 07:36:10 GMT
2 < Server: Microsoft-IIS/10.0
2 < X-Powered-By: ASP.NET
2 < Content-Length: 12492
2 < Connection: keep-alive
[
  {
    "Name": "Chain actuator D4 800",
    "Bezeichnung": "Kettenantrieb D4 800",
    "ConfigurationId": "00000000-0000-0000-0000-000000000000",
    "Description": "",
    "Application": "Facade",
    "ApplicationFacade": true,
    "ApplicationSkylight": false,
    "Type": 1,
    "OpeningType": 0,
    "BottomHungInward": true,
    "BottomHungOutward": false,
    "SideHungInward": true,
    "SideHungOutward": false,
    "TopHungInward": false,
    "TopHungOutward": true,
    "ProjectedTopHungInward": false,
    "ProjectedTopHungOutward": false,
    "InstallationType": "",
    "ITMainOutFrmMountWBracket": true,
    "ITMainFixOutFrmMount": true,
    "ITMainVentFrmMount": true,
    "ITSideMount50": false,
    "ITSideMount60": false,
    "ITSideMount70": false,
    "ITSideMount80": false,
    "ITSideMount67": true,
    "Feature": "",
    "FeatureOpenClose": true,
    "FeatureLock": true,
    "ArticleNumber": 291710,
    "Stroke": 800,
    "Angle": 0,
    "Voltage": "24 V DC",
    "Voltage24": true,
    "Voltage230": false,
    "RatedCurrent": 1,
    "BreakingCurrent": 1,
    "PullingForceMax": 400,
    "PushingForceMax": 50,
    "PullingForceMaxWithNegativeWind": 0,
    "PushingForceMaxWithNegativeWind": 0,
    "PushingForcePermanent": 0,
    "PullingForcePermanent": 400,
    "MinPullingForceMax": -190.77,
    "MinPushingForceMax": 0,
    "MinPullingForcePermanent": -253.11,
    "MinPushingForcePermanent": 0,
    "Price": 299.21,
    "DriveLength": 755,
    "ChainDrive": 855,
    "ChainDrive2": 1670,
    "MaxLengthMainClosingEdge1Drive": 1850,
    "MaxGeometricArea": 1,
    "GeometricalSmokeExhaustion": 0,
    "TotalGlassThickness": 14,
    "Dimensions": 0,
    "DimensionsWxHxD": "755 x 24 x 35",
    "TensileForce": 0,
    "LockingForce": 0,
    "Details_DE": "<ul><li>Bemessungsspannung: 24 V DC (19 V … 28 V)</li> <li>Abschaltstrom: 1,2 A</li> <li>Bemessungsstrom: 0,9 A</li> <li>Bemessungsaufnahme: 22 W</li> <li>Schutzart: IP 32</li> <li>Zug-/Schubkraft: max. 400 N</li> <li>Umgebungstemperatur: -5°C bis + 60°C</li> <li>Anschlussleitung: Halogenfrei, grau 5 x 0,5mm², ~3m</li> <li>Max. Geschwindigkeit: 13,5 mm/s</li></ul>",
    "Details_EN": "<ul><li>Rated voltage: 24 V DC (19 V … 28 V)</li> <li>Breaking current: 1.2 A</li><li>Rated current: 0.9 A</li><li>Rated consumption: 22 W</li><li>Protection rating: IP 32</li><li>Traction/ thrust: max. 400 N</li><li>Ambient temperature: -5° C to +60° C</li><li>Connecting cable: halogen-free, grey, 5 x 0.5 mm², ~ 3 m</li><li>Max. speed: 13,5 mm/s </li></ul>",
    "Einsatz": "<ul><li>Anwendung: Lüftung, NRA</li> <li>Integrierte intelligente Regelelektronik</li> <li>Rückmeldung Endlage „ZU“ (max. 24 V, 500 mA)</li> </ul>",
    "Use": "<ul><li>Application: ventilation, natural smoke ventilation</li> <li>Integrated intelligent control electronics</li> <li>Response for “CLOSED” end position (max. 24 V, 500 mA)</li> </ul>",
    "Ausstattung": "<ul><li>Zusätzlicher Universal-Steckersatz für Mehrfachbetrieb bis zu 4 Antrieben und 2 Verriegelungsantrieben</li></ul>",
    "Equipment": "<ul><li>Additional universal plug socket for multiplex operation of up to 4 drives and 2 interlocking drives</li></ul>",
    "Optionen": "<ul><li>Programmierung von Sonderfunktionen</li> <li>Programmierbare Rückmeldung Endlage „AUF“ (max. 24 V, 500 mA)</li> <li>Schüco Kontroller zur automatischen Konfiguration von Synchronlauf und Folgesteuerungen mit Verriegelungsantrieben in Antriebs-Verbundsystemen</li> </ul>",
    "Options": "<ul><li>Programming of special functions</li> <li>Programmable response for “OPEN” end position (max. 24 V, 500 mA)</li> <li>Schüco controller for automatic configuration of synchronous running and sequence control with locking drives in composite drive systems</li> </ul>",
    "IsTwoPce": false,
    "ResultVentWeight": 77.26,
    "IsLsRsDrive": true,
    "ArticleNumberRs": 291709,
    "TwoDrivesSideInstallation50": 0,
    "TwoDrivesSideInstallation60": 0,
    "TwoDrivesSideInstallation70": 0,
    "TwoDrivesSideInstallation80": 0,
    "OpeningSpeedmms": 0,
    "Traction": 400,
    "Thrust": 50,
    "Id": "3e2dcb1b-8df9-4eab-b237-548b0481a20b",
    "CreatedOn": "2024-09-26T13:55:26.817Z",
    "CreatedBy": "",
    "ModifiedOn": "2024-09-26T13:55:26.817Z",
    "ModifiedBy": ""
  },
  {
    "Name": "Chain actuator D6 800",
    "Bezeichnung": "Kettenantrieb D6 800",
    "ConfigurationId": "00000000-0000-0000-0000-000000000000",
    "Description": "",
    "Application": "Facade",
    "ApplicationFacade": true,
    "ApplicationSkylight": true,
    "Type": 1,
    "OpeningType": 0,
    "BottomHungInward": true,
    "BottomHungOutward": true,
    "SideHungInward": true,
    "SideHungOutward": true,
    "TopHungInward": false,
    "TopHungOutward": true,
    "ProjectedTopHungInward": false,
    "ProjectedTopHungOutward": false,
    "InstallationType": "",
    "ITMainOutFrmMountWBracket": true,
    "ITMainFixOutFrmMount": false,
    "ITMainVentFrmMount": true,
    "ITSideMount50": false,
    "ITSideMount60": false,
    "ITSideMount70": false,
    "ITSideMount80": false,
    "ITSideMount67": true,
    "Feature": "",
    "FeatureOpenClose": true,
    "FeatureLock": true,
    "ArticleNumber": 291717,
    "Stroke": 800,
    "Angle": 0,
    "Voltage": "24 V DC",
    "Voltage24": true,
    "Voltage230": false,
    "RatedCurrent": 1,
    "BreakingCurrent": 1,
    "PullingForceMax": 600,
    "PushingForceMax": 300,
    "PullingForceMaxWithNegativeWind": 0,
    "PushingForceMaxWithNegativeWind": 0,
    "PushingForcePermanent": 200,
    "PullingForcePermanent": 600,
    "MinPullingForceMax": -190.77,
    "MinPushingForceMax": 0,
    "MinPullingForcePermanent": -253.11,
    "MinPushingForcePermanent": 0,
    "Price": 387.92,
    "DriveLength": 794,
    "ChainDrive": 894,
    "ChainDrive2": 1748,
    "MaxLengthMainClosingEdge1Drive": 1920,
    "MaxGeometricArea": 1,
    "GeometricalSmokeExhaustion": 0,
    "TotalGlassThickness": 14,
    "Dimensions": 0,
    "DimensionsWxHxD": "794 x 40 x 56",
    "TensileForce": 0,
    "LockingForce": 0,
    "Details_DE": "<ul> <li>Bemessungsspannung: 24 V DC (19 V … 28 V)</li> <li>Abschaltstrom: 1,2 A</li> <li>Bemessungsstrom: 0,9 A</li> <li>Bemessungsaufnahme: 22 W</li> <li>Schutzart: IP 32</li> <li>Zug-/Schubkraft: max. 600 N</li> <li>Umgebungstemperatur: -5°C bis + 60°C</li> <li>Anschlussleitung: Halogenfrei, grau 5 x 0,5mm², ~3m</li> <li>Max. Geschwindigkeit: 13,5 mm/s</li> </ul>",
    "Details_EN": "<ul> <li>Rated voltage: 24 V DC (19 V … 28 V)</li><li>Breaking current: 1.2 A</li><li>Rated current: 0.9 A</li><li>Rated consumption: 22W</li><li>Protection rating: IP 32</li><li>Traction/ thrust: max. 600 N</li><li>Ambient temperature: -5° C to +60° C</li><li>Connecting cable: halogen-free, grey 3 x 0,5mm², ~3m</li><li>Max. speed: 13,5 mm/s</li></ul>",
    "Einsatz": "<ul><li>Anwendung: Lüftung, NRA</li> <li>Integrierte intelligente Regelelektronik</li></ul>",
    "Use": "<ul><li>Application: ventilation, natural smoke ventilation</li> <li>Integrated intelligent control electronics</li> </ul>",
    "Ausstattung": "<ul><li>Zusätzlicher Universal-Steckersatz für Mehrfachbetrieb bis zu 4 Antrieben und 2 Verriegelungsantrieben</li></ul>",
    "Equipment": "<ul><li>Additional universal plug socket for multiplex operation  of up to 4 drives and 2 interlocking drives</li></ul>",
    "Optionen": "<ul><li>Programmierung von Sonderfunktionen</li> <li>Programmierbare Rückmeldung Endlage „AUF“ (max. 24 V, 500 mA)</li> <li>Schüco Kontroller zur automatischen Konfiguration von Synchronlauf und Folgesteuerungen mit Verriegelungsantrieben in Antriebs-Verbundsystemen</li> </ul>",
    "Options": "<ul><li>Programming of special functions</li> <li>Programmable response for “OPEN” end position (max. 24 V, 500 mA)</li> <li>Schüco controller for automatic configuration of synchronous running and sequence control with locking drives in composite drive systems</li> </ul>",
    "IsTwoPce": false,
    "ResultVentWeight": 77.26,
    "IsLsRsDrive": false,
    "ArticleNumberRs": 0,
    "TwoDrivesSideInstallation50": 0,
    "TwoDrivesSideInstallation60": 0,
    "TwoDrivesSideInstallation70": 0,
    "TwoDrivesSideInstallation80": 0,
    "OpeningSpeedmms": 0,
    "Traction": 600,
    "Thrust": 300,
    "Id": "e9fa5654-1773-4646-9949-a237ab4f4797",
    "CreatedOn": "2024-09-26T13:55:26.817Z",
    "CreatedBy": "",
    "ModifiedOn": "2024-09-26T13:55:26.817Z",
    "ModifiedBy": ""
  },
  {
    "Name": "Locking actuator EasyConnect ow",
    "Bezeichnung": "Verriegelungsantrieb EasyConnect ow",
    "ConfigurationId": "00000000-0000-0000-0000-000000000000",
    "Description": "",
    "Application": "",
    "ApplicationFacade": true,
    "ApplicationSkylight": false,
    "Type": 5,
    "OpeningType": 0,
    "BottomHungInward": false,
    "BottomHungOutward": false,
    "SideHungInward": false,
    "SideHungOutward": true,
    "TopHungInward": false,
    "TopHungOutward": true,
    "ProjectedTopHungInward": false,
    "ProjectedTopHungOutward": true,
    "InstallationType": "",
    "ITMainOutFrmMountWBracket": true,
    "ITMainFixOutFrmMount": false,
    "ITMainVentFrmMount": false,
    "ITSideMount50": false,
    "ITSideMount60": false,
    "ITSideMount70": false,
    "ITSideMount80": false,
    "ITSideMount67": false,
    "Feature": "",
    "FeatureOpenClose": true,
    "FeatureLock": false,
    "ArticleNumber": 291589,
    "Stroke": 0,
    "Angle": 0,
    "Voltage": null,
    "Voltage24": true,
    "Voltage230": true,
    "RatedCurrent": 0,
    "BreakingCurrent": 0,
    "PullingForceMax": 0,
    "PushingForceMax": 0,
    "PullingForceMaxWithNegativeWind": 0,
    "PushingForceMaxWithNegativeWind": 0,
    "PushingForcePermanent": 0,
    "PullingForcePermanent": 0,
    "MinPullingForceMax": 0,
    "MinPushingForceMax": 0,
    "MinPullingForcePermanent": 0,
    "MinPushingForcePermanent": 0,
    "Price": 0,
    "DriveLength": 0,
    "ChainDrive": 0,
    "ChainDrive2": 0,
    "MaxLengthMainClosingEdge1Drive": 0,
    "MaxGeometricArea": 0,
    "GeometricalSmokeExhaustion": 0,
    "TotalGlassThickness": 0,
    "Dimensions": 0,
    "DimensionsWxHxD": "375 x 24 x 35",
    "TensileForce": 0,
    "LockingForce": 0,
    "Details_DE": "<ul> <li>Bemessungsspannung: 24 V DC (19 V … 28 V)</li> <li>Abschaltstrom: ~1,0 A</li> <li>Bemessungsstrom: 0,6 A</li> <li>Bemessungsaufnahme: 15 W</li> <li>Schutzart: IP 32</li><li>Zug-/Schubkraft: max. 600 N</li> <li>Umgebungstemperatur: -5°C bis + 60°C</li> <li>Anschlussleitung: Halogenfrei, grau 5 x 0,5mm² , ~5m</li> <li>Laufzeit: ~ 5s</li><li>Hub: ~ 18mm</li> </ul>",
    "Details_EN": "<ul> <li>Rated voltage : 24 V DC (19 V … 28 V</li> <li>Breaking current : ~1,0 A</li> <li>Rated current : 0,6 A</li> <li>Rated consumption : 15 W</li> <li>Protection rating : IP 32</li><li>Traction/ thrust : max. 600 N</li> <li>Ambient temperature: -5°C bis + 60°C</li> <li>Connecting cable: halogen-free, grey 5 x 0,5mm² , ~5m</li> <li>Running time: ~ 5s</li><li>Stroke: ~ 18mm</li> </ul>",
    "Einsatz": "<ul> <li>Anwendung: Lüftung, NRA</li><li>Integrierte intelligente Regelelektronik</li></ul>",
    "Use": "<ul> <li>Application: ventilation, natural smoke ventilation</li> <li>Integrated intelligent control electronics</li></ul>",
    "Ausstattung": "<ul><li>Laufrichtung einstellbar</li><li>Zusätzlicher Universal-Steckersatz</li></ul>",
    "Equipment": "<ul><li>Running direction adjustable</li><li>Additional universal plug socket</li></ul>",
    "Optionen": "<ul> <li>Mitnehmer objekt-/profilspezifisch anpassbar</li></ul>",
    "Options": "<ul> <li>Coupling adapter customizable for project-/profile-specific demands</li></ul>",
    "IsTwoPce": false,
    "ResultVentWeight": 0,
    "IsLsRsDrive": false,
    "ArticleNumberRs": 0,
    "TwoDrivesSideInstallation50": 0,
    "TwoDrivesSideInstallation60": 0,
    "TwoDrivesSideInstallation70": 0,
    "TwoDrivesSideInstallation80": 0,
    "OpeningSpeedmms": 0,
    "Traction": 0,
    "Thrust": 0,
    "Id": "ebe9753c-e5d7-4140-afe0-9f98bf25df99",
    "CreatedOn": "2024-09-26T13:55:26.817Z",
    "CreatedBy": "",
    "ModifiedOn": "2024-09-26T13:55:26.817Z",
    "ModifiedBy": ""
  }
]

13:06:11.186 [main] INFO  com.intuit.karate - Expected RecommDrive: Chain actuator D4 800,Chain actuator D6 800,Locking actuator EasyConnect ow 
13:06:11.186 [main] INFO  com.intuit.karate - Actual RecommDrive: Chain actuator D4 800, Chain actuator D6 800, Locking actuator EasyConnect ow 
13:06:11.186 [main] INFO  com.intuit.karate - Normalized Actual RecommDrive: Chain actuator D4 800,Chain actuator D6 800,Locking actuator EasyConnect ow 
13:06:11.186 [main] INFO  com.intuit.karate - Normalized Expected RecommDrive: Chain actuator D4 800,Chain actuator D6 800,Locking actuator EasyConnect ow 
13:06:11.186 [main] INFO  com.intuit.karate - All Drive IDs: [
  "3e2dcb1b-8df9-4eab-b237-548b0481a20b",
  "e9fa5654-1773-4646-9949-a237ab4f4797",
  "ebe9753c-e5d7-4140-afe0-9f98bf25df99"
]
 
13:06:11.186 [main] INFO  com.intuit.karate - First Drive ID: 3e2dcb1b-8df9-4eab-b237-548b0481a20b 
13:06:11.186 [main] DEBUG com.intuit.karate - request:
3 > POST https://dev-drivetec-apis.schuecodigitalsolutions.com/api/Drives/DownloadPDFNew/Schuco
3 > Content-Type: application/json; charset=UTF-8
3 > Content-Length: 1194
3 > Host: dev-drivetec-apis.schuecodigitalsolutions.com
3 > Connection: Keep-Alive
3 > User-Agent: Apache-HttpClient/4.5.14 (Java/17.0.12)
3 > Accept-Encoding: gzip,deflate
[{"Id":"configId","Header":"configId","Value":"3701c322-0d88-42a4-b158-b54537e87b47"},{"Id":"driveId","Header":"driveId","Value":"3e2dcb1b-8df9-4eab-b237-548b0481a20b"},{"Id":"culture","Header":"culture","Value":"EN-US"},{"Id":"projectId","Header":"projectId","Value":"4bf1dfc8-fd6d-4d3a-9337-7ee7425ebbdf"},{"Id":"range-of-app","Header":"Range of application","Value":"Façade"},{"Id":"opening-type","Header":"Opening type","Value":"Bottom-hung vent"},{"Id":"opening-direction","Header":"Opening direction","Value":"Inward"},{"Id":"how-calc-weight","Header":"Vent weight","Value":"Weight including glass"},{"Id":"Chain-Length","Header":"Chain- \/ connecting rod handle","Value":"100%"},{"Id":"drive-position","Header":"Drive position","Value":"Side installation"},{"Id":"locking-mechanism","Header":"Locking mechanism","Value":"With"},{"Id":"voltage","Header":"Voltage","Value":"24 V"},{"Id":"drive-type","Header":"Drive type","Value":"Chain drive"},{"Id":"type-installation","Header":"Type of installation","Value":"Pivoting Outer Frame Installation"},{"Id":"calculation-type-for-ventilation-area","Header":"Calculation type for ventilation area","Value":"Method in accordance with ASR 3.6"}]

13:06:12.898 [main] DEBUG com.intuit.karate - response time in milliseconds: 1697
3 < 200
3 < Content-Type: application/json; charset=utf-8
3 < Date: Tue, 03 Dec 2024 07:36:12 GMT
3 < Server: Microsoft-IIS/10.0
3 < X-Powered-By: ASP.NET
3 < transfer-encoding: chunked
3 < Connection: keep-alive
{
  "result": "https://drive-tec-dev.s3.amazonaws.com/AUT_TPJ26668-Chain_actuator_D4_800.pdf?AWSAccessKeyId=AKIAZAWIART4ZFAXXPHK&Expires=1733214973&response-content-disposition=attachment%3B&response-content-type=application%2Fpdf&Signature=7WJoCAS%2FlTrxXsLAPxrfdn4akkU%3D"
}

13:06:12.898 [main] INFO  com.intuit.karate - Download URL for first driveId: https://drive-tec-dev.s3.amazonaws.com/AUT_TPJ26668-Chain_actuator_D4_800.pdf?AWSAccessKeyId=AKIAZAWIART4ZFAXXPHK&Expires=1733214973&response-content-disposition=attachment%3B&response-content-type=application%2Fpdf&Signature=7WJoCAS%2FlTrxXsLAPxrfdn4akkU%3D 
13:06:12.898 [main] INFO  com.intuit.karate - karate.env system property was: null 
13:06:12.898 [main] INFO  com.intuit.karate - Running test for dataset:  Dataset12 
13:06:12.898 [main] INFO  com.intuit.karate - Using ProjectId:  {
  "result": {
    "projectId": "prjId"
  },
  "projectPayload": {
    "Id": "579816e4-6653-4794-b435-a885f32e28d7",
    "Name": "AUT_TPJ26668",
    "Address": "Hyderabad, Telangana, India",
    "Description": "",
    "CreatedBy": "579816e4-6653-4794-b435-a885f32e28d7",
    "ModifiedBy": "579816e4-6653-4794-b435-a885f32e28d7"
  },
  "uniqueName": "AUT_TPJ26668",
  "responseHeaders": {
    "Content-Type": [
      "application/json; charset=utf-8"
    ],
    "Date": [
      "Tue, 03 Dec 2024 07:35:27 GMT"
    ],
    "Server": [
      "Microsoft-IIS/10.0"
    ],
    "X-Powered-By": [
      "ASP.NET"
    ],
    "transfer-encoding": [
      "chunked"
    ],
    "Connection": [
      "keep-alive"
    ],
    "Set-Cookie": [
    ]
  },
  "responseTime": 1242,
  "response": {
    "Name": "AUT_TPJ26668",
    "Description": "",
    "Address": "Hyderabad, Telangana, India",
    "Id": "4bf1dfc8-fd6d-4d3a-9337-7ee7425ebbdf",
    "CreatedOn": "2024-12-03T07:35:27.7758566+00:00",
    "CreatedBy": "579816e4-6653-4794-b435-a885f32e28d7",
    "ModifiedOn": "2024-12-03T07:35:27.7759029+00:00",
    "ModifiedBy": ""
  },
  "responseStatus": 200,
  "prjId": "4bf1dfc8-fd6d-4d3a-9337-7ee7425ebbdf",
  "projectId": "4bf1dfc8-fd6d-4d3a-9337-7ee7425ebbdf"
}
 
13:06:12.898 [main] DEBUG com.intuit.karate - request:
1 > POST https://dev-drivetec-apis.schuecodigitalsolutions.com/Configurations
1 > Content-Type: application/json; charset=UTF-8
1 > Content-Length: 1275
1 > Host: dev-drivetec-apis.schuecodigitalsolutions.com
1 > Connection: Keep-Alive
1 > User-Agent: Apache-HttpClient/4.5.14 (Java/17.0.12)
1 > Accept-Encoding: gzip,deflate
{"Id":"00000000-0000-0000-0000-000000000000","ProjectId":"4bf1dfc8-fd6d-4d3a-9337-7ee7425ebbdf","Name":"Dataset2899","Description":"Dataset2899","CustomTags":"","CreatedBy":"579816e4-6653-4794-b435-a885f32e28d7","ModifiedBy":"579816e4-6653-4794-b435-a885f32e28d7","ApplicationName":1,"System":"","FacadeInclination":0,"OpeningType":1,"OpeningDirection":1,"OpeningWidth":1000,"VentOuterWidth":1230,"VentOuterHeight":1480,"VentWeight":70,"CalculateWeightWithGlass":false,"WeightIncGlassOrThickness":false,"GlassThickness":14,"ProfileWeightPerSerialMeter":2.5,"IsWindowOpeningCalculationByAngle":1,"RequiredOpeningStroke":400,"OpeningAngle":15,"WindLoad":120,"SnowLoad":0,"DrivePosition":2,"InstallationPosition":1,"ChainLengthConnectingRodHandle":5,"LockingMechanism":1,"Voltage":1,"DriveType":1,"TypeOfInstallation":2,"CalculationTypeForVentilation":1,"CalcVentilation":1,"GeometricArea":1,"SpecificExhaustDimension":30,"BuildingDepth":75,"RevealDepth":0,"RevealDepthRectangleAngle1":0,"RevealDepthRectangleAngle2":0,"HeightOfProfile":0,"HeightProfileRectangleAngle1":0,"HeightProfileRectangleAngle2":0,"AkippOrAtilt":0,"AdrehOrAturn":0,"Ageo":0,"MinPullingForceMax":0,"MinPushingForceMax":0,"MinPullingForcePermanent":0,"MinPushingForcePermanent":0,"ForceWithNegativeWind":0}

13:06:13.542 [main] DEBUG com.intuit.karate - response time in milliseconds: 644
1 < 200
1 < Content-Type: application/json; charset=utf-8
1 < Date: Tue, 03 Dec 2024 07:36:12 GMT
1 < Server: Microsoft-IIS/10.0
1 < X-Powered-By: ASP.NET
1 < transfer-encoding: chunked
1 < Connection: keep-alive
{
  "ProjectId": "4bf1dfc8-fd6d-4d3a-9337-7ee7425ebbdf",
  "Name": "Dataset2899",
  "Description": "Dataset2899",
  "CustomTags": "",
  "ApplicationName": 1,
  "OpeningType": 1,
  "OpeningDirection": 1,
  "CalculateWeightWithGlass": false,
  "WindLoad": 120,
  "IsWindowOpeningCalculationByAngle": 1,
  "VentOuterWidth": 1230,
  "VentOuterHeight": 1480,
  "WeightIncGlassOrThickness": false,
  "VentWeight": 77,
  "VentWeightExact": 77.26400000000001,
  "GlassThickness": 14,
  "ProfileWeightPerSerialMeter": 2.5,
  "FacadeInclination": 0,
  "ChainLengthConnectingRodHandle": 5,
  "ChainLenghtConnectingRodHandle": 0,
  "RequiredOpeningStroke": 400,
  "OpeningWidth": 1000,
  "OpeningAngle": 15.532868337024489,
  "SpecificExhaustDimension": 30,
  "BuildingDepth": 75,
  "SnowLoad": 0,
  "DistanceHinge": 0,
  "RatedCurrent": 0,
  "DrivePosition": 2,
  "LockingMechanism": 1,
  "Voltage": 1,
  "DriveType": 1,
  "TypeOfInstallation": 2,
  "GeometricArea": 0,
  "CalculationTypeForVentilation": 1,
  "HeightOfProfile": 0,
  "Reveal": 0,
  "RevealDepth": 0,
  "HeightProfileRectangleAngle1": 0,
  "HeightProfileRectangleAngle2": 0,
  "RevealDepthRectangleAngle1": 0,
  "RevealDepthRectangleAngle2": 0,
  "RevealDepthRectangleAngle12": 0,
  "InstallationPosition": 0,
  "RecommendedDriveArticleNo": 0,
  "System": "",
  "AkippOrAtilt": 1.084,
  "AdrehOrAturn": 1.8204,
  "Ageo": 1.084,
  "MinPullingForceMax": -206.4868442161654,
  "MinPushingForceMax": -206.4868442161654,
  "MinPullingForcePermanent": -104.11163259218097,
  "MinPushingForcePermanent": -104.11163259218097,
  "ForceWithNegativeWind": 109.53156767199486,
  "ForceWithNoWindMin": 0.30763693489047433,
  "ForceWithNegativeWindMin": 0,
  "ForceWithWindMin": -108.91629380221393,
  "Id": "d423e97f-f64f-481e-a2de-befdae6eae0b",
  "CreatedOn": "2024-12-03T07:36:13.4735673+00:00",
  "CreatedBy": "579816e4-6653-4794-b435-a885f32e28d7",
  "ModifiedOn": "2024-12-03T07:36:13.4735683+00:00",
  "ModifiedBy": ""
}

13:06:13.558 [main] INFO  com.intuit.karate - Generated Config ID: d423e97f-f64f-481e-a2de-befdae6eae0b 
13:06:13.558 [main] INFO  com.intuit.karate - Generated Name: Dataset2899 
13:06:13.558 [main] INFO  com.intuit.karate - Generated Description: Dataset2899 
13:06:13.558 [main] DEBUG com.intuit.karate - request:
1 > PUT https://dev-drivetec-apis.schuecodigitalsolutions.com/Configurations
1 > Content-Type: application/json; charset=UTF-8
1 > Content-Length: 1278
1 > Host: dev-drivetec-apis.schuecodigitalsolutions.com
1 > Connection: Keep-Alive
1 > User-Agent: Apache-HttpClient/4.5.14 (Java/17.0.12)
1 > Accept-Encoding: gzip,deflate
{"Id":"d423e97f-f64f-481e-a2de-befdae6eae0b","Name":"Dataset12","Description":"Dataset2899","ProjectId":"4bf1dfc8-fd6d-4d3a-9337-7ee7425ebbdf","CustomTags":"","CreatedBy":"579816e4-6653-4794-b435-a885f32e28d7","ModifiedBy":"579816e4-6653-4794-b435-a885f32e28d7","System":"","FacadeInclination":32,"OpeningType":2,"OpeningDirection":2,"OpeningWidth":1000,"VentOuterWidth":1230,"VentOuterHeight":1480,"VentWeight":0,"CalculateWeightWithGlass":false,"RequiredOpeningStroke":701,"WindLoad":120,"SnowLoad":0,"IsWindowOpeningCalculationByAngle":1,"GlassThickness":14,"ProfileWeightPerSerialMeter":2.5,"DrivePosition":1,"InstallationPosition":0,"LockingMechanism":1,"Voltage":1,"DriveType":1,"TypeOfInstallation":2,"GeometricArea":0,"CalcVentilation":2,"SpecificExhaustDimension":35,"BuildingDepth":65,"CalculationTypeForVentilation":2,"HeightOfProfile":200,"HeightProfileRectangleAngle1":0,"HeightProfileRectangleAngle2":0,"RevealDepth":1000,"RevealDepthRectangleAngle1":0,"RevealDepthRectangleAngle2":0,"ChainLengthConnectingRodHandle":5,"ApplicationName":1,"OpeningAngle":10,"WeightIncGlassOrThickness":false,"AkippOrAtilt":0,"AdrehOrAturn":0,"Ageo":0,"MinPullingForceMax":0,"MinPushingForceMax":0,"MinPullingForcePermanent":0,"MinPushingForcePermanent":0,"ForceWithNegativeWind":0}

13:06:14.222 [main] DEBUG com.intuit.karate - response time in milliseconds: 664
1 < 200
1 < Content-Type: application/json; charset=utf-8
1 < Date: Tue, 03 Dec 2024 07:36:14 GMT
1 < Server: Microsoft-IIS/10.0
1 < X-Powered-By: ASP.NET
1 < Content-Length: 2086
1 < Connection: keep-alive
{
  "ProjectId": "4bf1dfc8-fd6d-4d3a-9337-7ee7425ebbdf",
  "Name": "Dataset12",
  "Description": "Dataset2899",
  "CustomTags": "",
  "ApplicationName": 1,
  "OpeningType": 2,
  "OpeningDirection": 2,
  "CalculateWeightWithGlass": false,
  "WindLoad": 120,
  "IsWindowOpeningCalculationByAngle": 1,
  "VentOuterWidth": 1230,
  "VentOuterHeight": 1480,
  "WeightIncGlassOrThickness": false,
  "VentWeight": 77,
  "VentWeightExact": 77.26400000000001,
  "GlassThickness": 14,
  "ProfileWeightPerSerialMeter": 2.5,
  "FacadeInclination": 32,
  "ChainLengthConnectingRodHandle": 5,
  "ChainLenghtConnectingRodHandle": 0,
  "RequiredOpeningStroke": 701,
  "OpeningWidth": 1000,
  "OpeningAngle": 27.398369766279032,
  "SpecificExhaustDimension": 35,
  "BuildingDepth": 65,
  "SnowLoad": 0,
  "DistanceHinge": 0,
  "RatedCurrent": 0,
  "DrivePosition": 1,
  "LockingMechanism": 1,
  "Voltage": 1,
  "DriveType": 1,
  "TypeOfInstallation": 2,
  "GeometricArea": 0,
  "CalculationTypeForVentilation": 2,
  "HeightOfProfile": 200,
  "Reveal": 0,
  "RevealDepth": 1000,
  "HeightProfileRectangleAngle1": 0,
  "HeightProfileRectangleAngle2": 0,
  "RevealDepthRectangleAngle1": 0,
  "RevealDepthRectangleAngle2": 0,
  "RevealDepthRectangleAngle12": 0,
  "InstallationPosition": 0,
  "RecommendedDriveArticleNo": 0,
  "System": "",
  "AkippOrAtilt": 1.89971,
  "AdrehOrAturn": 1.8204,
  "Ageo": 0.910940891275205,
  "MinPullingForceMax": 80.24477207911812,
  "MinPushingForceMax": -125.70639861981769,
  "MinPullingForcePermanent": -204.3646387844679,
  "MinPushingForcePermanent": -204.3646387844679,
  "ForceWithNegativeWind": -283.0228789491181,
  "ForceWithNoWindMin": -31.473041911005968,
  "ForceWithNegativeWindMin": -143.19085590113005,
  "ForceWithWindMin": 80.24477207911812,
  "Id": "d423e97f-f64f-481e-a2de-befdae6eae0b",
  "CreatedOn": "0001-01-01T00:00:00",
  "CreatedBy": "579816e4-6653-4794-b435-a885f32e28d7",
  "ModifiedOn": "2024-12-03T07:36:14.1356975+00:00",
  "ModifiedBy": "579816e4-6653-4794-b435-a885f32e28d7"
}

13:06:14.222 [main] INFO  com.intuit.karate - Rounded Opening Angle: 27.0 
13:06:14.222 [main] INFO  com.intuit.karate - Rounded Ageo: 0.91 
13:06:14.222 [main] INFO  com.intuit.karate - Rounded Required Opening Stroke: 701.0 
13:06:14.222 [main] INFO  com.intuit.karate - Rounded Vent Weight: 77.0 
13:06:14.222 [main] DEBUG com.intuit.karate - request:
2 > GET https://dev-drivetec-apis.schuecodigitalsolutions.com/Config/d423e97f-f64f-481e-a2de-befdae6eae0b/Drive
2 > Host: dev-drivetec-apis.schuecodigitalsolutions.com
2 > Connection: Keep-Alive
2 > User-Agent: Apache-HttpClient/4.5.14 (Java/17.0.12)
2 > Accept-Encoding: gzip,deflate


13:06:14.918 [main] DEBUG com.intuit.karate - response time in milliseconds: 696
2 < 200
2 < Content-Type: application/json; charset=utf-8
2 < Date: Tue, 03 Dec 2024 07:36:14 GMT
2 < Server: Microsoft-IIS/10.0
2 < X-Powered-By: ASP.NET
2 < Content-Length: 8085
2 < Connection: keep-alive
[
  {
    "Name": "Chain actuator D6 800",
    "Bezeichnung": "Kettenantrieb D6 800",
    "ConfigurationId": "00000000-0000-0000-0000-000000000000",
    "Description": "",
    "Application": "Facade",
    "ApplicationFacade": true,
    "ApplicationSkylight": true,
    "Type": 1,
    "OpeningType": 0,
    "BottomHungInward": true,
    "BottomHungOutward": true,
    "SideHungInward": true,
    "SideHungOutward": true,
    "TopHungInward": false,
    "TopHungOutward": true,
    "ProjectedTopHungInward": false,
    "ProjectedTopHungOutward": false,
    "InstallationType": "",
    "ITMainOutFrmMountWBracket": true,
    "ITMainFixOutFrmMount": false,
    "ITMainVentFrmMount": true,
    "ITSideMount50": false,
    "ITSideMount60": false,
    "ITSideMount70": false,
    "ITSideMount80": false,
    "ITSideMount67": true,
    "Feature": "",
    "FeatureOpenClose": true,
    "FeatureLock": true,
    "ArticleNumber": 291717,
    "Stroke": 800,
    "Angle": 0,
    "Voltage": "24 V DC",
    "Voltage24": true,
    "Voltage230": false,
    "RatedCurrent": 1,
    "BreakingCurrent": 1,
    "PullingForceMax": 600,
    "PushingForceMax": 300,
    "PullingForceMaxWithNegativeWind": 0,
    "PushingForceMaxWithNegativeWind": 0,
    "PushingForcePermanent": 200,
    "PullingForcePermanent": 600,
    "MinPullingForceMax": -125.71,
    "MinPushingForceMax": 0,
    "MinPullingForcePermanent": -204.36,
    "MinPushingForcePermanent": 0,
    "Price": 387.92,
    "DriveLength": 794,
    "ChainDrive": 894,
    "ChainDrive2": 1748,
    "MaxLengthMainClosingEdge1Drive": 1920,
    "MaxGeometricArea": 1,
    "GeometricalSmokeExhaustion": 0,
    "TotalGlassThickness": 14,
    "Dimensions": 0,
    "DimensionsWxHxD": "794 x 40 x 56",
    "TensileForce": 0,
    "LockingForce": 0,
    "Details_DE": "<ul> <li>Bemessungsspannung: 24 V DC (19 V … 28 V)</li> <li>Abschaltstrom: 1,2 A</li> <li>Bemessungsstrom: 0,9 A</li> <li>Bemessungsaufnahme: 22 W</li> <li>Schutzart: IP 32</li> <li>Zug-/Schubkraft: max. 600 N</li> <li>Umgebungstemperatur: -5°C bis + 60°C</li> <li>Anschlussleitung: Halogenfrei, grau 5 x 0,5mm², ~3m</li> <li>Max. Geschwindigkeit: 13,5 mm/s</li> </ul>",
    "Details_EN": "<ul> <li>Rated voltage: 24 V DC (19 V … 28 V)</li><li>Breaking current: 1.2 A</li><li>Rated current: 0.9 A</li><li>Rated consumption: 22W</li><li>Protection rating: IP 32</li><li>Traction/ thrust: max. 600 N</li><li>Ambient temperature: -5° C to +60° C</li><li>Connecting cable: halogen-free, grey 3 x 0,5mm², ~3m</li><li>Max. speed: 13,5 mm/s</li></ul>",
    "Einsatz": "<ul><li>Anwendung: Lüftung, NRA</li> <li>Integrierte intelligente Regelelektronik</li></ul>",
    "Use": "<ul><li>Application: ventilation, natural smoke ventilation</li> <li>Integrated intelligent control electronics</li> </ul>",
    "Ausstattung": "<ul><li>Zusätzlicher Universal-Steckersatz für Mehrfachbetrieb bis zu 4 Antrieben und 2 Verriegelungsantrieben</li></ul>",
    "Equipment": "<ul><li>Additional universal plug socket for multiplex operation  of up to 4 drives and 2 interlocking drives</li></ul>",
    "Optionen": "<ul><li>Programmierung von Sonderfunktionen</li> <li>Programmierbare Rückmeldung Endlage „AUF“ (max. 24 V, 500 mA)</li> <li>Schüco Kontroller zur automatischen Konfiguration von Synchronlauf und Folgesteuerungen mit Verriegelungsantrieben in Antriebs-Verbundsystemen</li> </ul>",
    "Options": "<ul><li>Programming of special functions</li> <li>Programmable response for “OPEN” end position (max. 24 V, 500 mA)</li> <li>Schüco controller for automatic configuration of synchronous running and sequence control with locking drives in composite drive systems</li> </ul>",
    "IsTwoPce": false,
    "ResultVentWeight": 77.26,
    "IsLsRsDrive": false,
    "ArticleNumberRs": 0,
    "TwoDrivesSideInstallation50": 0,
    "TwoDrivesSideInstallation60": 0,
    "TwoDrivesSideInstallation70": 0,
    "TwoDrivesSideInstallation80": 0,
    "OpeningSpeedmms": 0,
    "Traction": 600,
    "Thrust": 300,
    "Id": "e9fa5654-1773-4646-9949-a237ab4f4797",
    "CreatedOn": "2024-09-26T13:55:26.817Z",
    "CreatedBy": "",
    "ModifiedOn": "2024-09-26T13:55:26.817Z",
    "ModifiedBy": ""
  },
  {
    "Name": "Locking actuator EasyConnect ow",
    "Bezeichnung": "Verriegelungsantrieb EasyConnect ow",
    "ConfigurationId": "00000000-0000-0000-0000-000000000000",
    "Description": "",
    "Application": "",
    "ApplicationFacade": true,
    "ApplicationSkylight": false,
    "Type": 5,
    "OpeningType": 0,
    "BottomHungInward": false,
    "BottomHungOutward": false,
    "SideHungInward": false,
    "SideHungOutward": true,
    "TopHungInward": false,
    "TopHungOutward": true,
    "ProjectedTopHungInward": false,
    "ProjectedTopHungOutward": true,
    "InstallationType": "",
    "ITMainOutFrmMountWBracket": true,
    "ITMainFixOutFrmMount": false,
    "ITMainVentFrmMount": false,
    "ITSideMount50": false,
    "ITSideMount60": false,
    "ITSideMount70": false,
    "ITSideMount80": false,
    "ITSideMount67": false,
    "Feature": "",
    "FeatureOpenClose": true,
    "FeatureLock": false,
    "ArticleNumber": 291589,
    "Stroke": 0,
    "Angle": 0,
    "Voltage": null,
    "Voltage24": true,
    "Voltage230": true,
    "RatedCurrent": 0,
    "BreakingCurrent": 0,
    "PullingForceMax": 0,
    "PushingForceMax": 0,
    "PullingForceMaxWithNegativeWind": 0,
    "PushingForceMaxWithNegativeWind": 0,
    "PushingForcePermanent": 0,
    "PullingForcePermanent": 0,
    "MinPullingForceMax": 0,
    "MinPushingForceMax": 0,
    "MinPullingForcePermanent": 0,
    "MinPushingForcePermanent": 0,
    "Price": 0,
    "DriveLength": 0,
    "ChainDrive": 0,
    "ChainDrive2": 0,
    "MaxLengthMainClosingEdge1Drive": 0,
    "MaxGeometricArea": 0,
    "GeometricalSmokeExhaustion": 0,
    "TotalGlassThickness": 0,
    "Dimensions": 0,
    "DimensionsWxHxD": "375 x 24 x 35",
    "TensileForce": 0,
    "LockingForce": 0,
    "Details_DE": "<ul> <li>Bemessungsspannung: 24 V DC (19 V … 28 V)</li> <li>Abschaltstrom: ~1,0 A</li> <li>Bemessungsstrom: 0,6 A</li> <li>Bemessungsaufnahme: 15 W</li> <li>Schutzart: IP 32</li><li>Zug-/Schubkraft: max. 600 N</li> <li>Umgebungstemperatur: -5°C bis + 60°C</li> <li>Anschlussleitung: Halogenfrei, grau 5 x 0,5mm² , ~5m</li> <li>Laufzeit: ~ 5s</li><li>Hub: ~ 18mm</li> </ul>",
    "Details_EN": "<ul> <li>Rated voltage : 24 V DC (19 V … 28 V</li> <li>Breaking current : ~1,0 A</li> <li>Rated current : 0,6 A</li> <li>Rated consumption : 15 W</li> <li>Protection rating : IP 32</li><li>Traction/ thrust : max. 600 N</li> <li>Ambient temperature: -5°C bis + 60°C</li> <li>Connecting cable: halogen-free, grey 5 x 0,5mm² , ~5m</li> <li>Running time: ~ 5s</li><li>Stroke: ~ 18mm</li> </ul>",
    "Einsatz": "<ul> <li>Anwendung: Lüftung, NRA</li><li>Integrierte intelligente Regelelektronik</li></ul>",
    "Use": "<ul> <li>Application: ventilation, natural smoke ventilation</li> <li>Integrated intelligent control electronics</li></ul>",
    "Ausstattung": "<ul><li>Laufrichtung einstellbar</li><li>Zusätzlicher Universal-Steckersatz</li></ul>",
    "Equipment": "<ul><li>Running direction adjustable</li><li>Additional universal plug socket</li></ul>",
    "Optionen": "<ul> <li>Mitnehmer objekt-/profilspezifisch anpassbar</li></ul>",
    "Options": "<ul> <li>Coupling adapter customizable for project-/profile-specific demands</li></ul>",
    "IsTwoPce": false,
    "ResultVentWeight": 0,
    "IsLsRsDrive": false,
    "ArticleNumberRs": 0,
    "TwoDrivesSideInstallation50": 0,
    "TwoDrivesSideInstallation60": 0,
    "TwoDrivesSideInstallation70": 0,
    "TwoDrivesSideInstallation80": 0,
    "OpeningSpeedmms": 0,
    "Traction": 0,
    "Thrust": 0,
    "Id": "ebe9753c-e5d7-4140-afe0-9f98bf25df99",
    "CreatedOn": "2024-09-26T13:55:26.817Z",
    "CreatedBy": "",
    "ModifiedOn": "2024-09-26T13:55:26.817Z",
    "ModifiedBy": ""
  }
]

13:06:14.918 [main] INFO  com.intuit.karate - Expected RecommDrive: Chain actuator D6 800,Locking actuator EasyConnect ow 
13:06:14.918 [main] INFO  com.intuit.karate - Actual RecommDrive: Chain actuator D6 800, Locking actuator EasyConnect ow 
13:06:14.918 [main] INFO  com.intuit.karate - Normalized Actual RecommDrive: Chain actuator D6 800,Locking actuator EasyConnect ow 
13:06:14.918 [main] INFO  com.intuit.karate - Normalized Expected RecommDrive: Chain actuator D6 800,Locking actuator EasyConnect ow 
13:06:14.918 [main] INFO  com.intuit.karate - All Drive IDs: [
  "e9fa5654-1773-4646-9949-a237ab4f4797",
  "ebe9753c-e5d7-4140-afe0-9f98bf25df99"
]
 
13:06:14.918 [main] INFO  com.intuit.karate - First Drive ID: e9fa5654-1773-4646-9949-a237ab4f4797 
13:06:14.933 [main] DEBUG com.intuit.karate - request:
3 > POST https://dev-drivetec-apis.schuecodigitalsolutions.com/api/Drives/DownloadPDFNew/Schuco
3 > Content-Type: application/json; charset=UTF-8
3 > Content-Length: 1194
3 > Host: dev-drivetec-apis.schuecodigitalsolutions.com
3 > Connection: Keep-Alive
3 > User-Agent: Apache-HttpClient/4.5.14 (Java/17.0.12)
3 > Accept-Encoding: gzip,deflate
[{"Id":"configId","Header":"configId","Value":"d423e97f-f64f-481e-a2de-befdae6eae0b"},{"Id":"driveId","Header":"driveId","Value":"e9fa5654-1773-4646-9949-a237ab4f4797"},{"Id":"culture","Header":"culture","Value":"EN-US"},{"Id":"projectId","Header":"projectId","Value":"4bf1dfc8-fd6d-4d3a-9337-7ee7425ebbdf"},{"Id":"range-of-app","Header":"Range of application","Value":"Façade"},{"Id":"opening-type","Header":"Opening type","Value":"Bottom-hung vent"},{"Id":"opening-direction","Header":"Opening direction","Value":"Inward"},{"Id":"how-calc-weight","Header":"Vent weight","Value":"Weight including glass"},{"Id":"Chain-Length","Header":"Chain- \/ connecting rod handle","Value":"100%"},{"Id":"drive-position","Header":"Drive position","Value":"Side installation"},{"Id":"locking-mechanism","Header":"Locking mechanism","Value":"With"},{"Id":"voltage","Header":"Voltage","Value":"24 V"},{"Id":"drive-type","Header":"Drive type","Value":"Chain drive"},{"Id":"type-installation","Header":"Type of installation","Value":"Pivoting Outer Frame Installation"},{"Id":"calculation-type-for-ventilation-area","Header":"Calculation type for ventilation area","Value":"Method in accordance with ASR 3.6"}]

13:06:16.398 [main] DEBUG com.intuit.karate - response time in milliseconds: 1450
3 < 200
3 < Content-Type: application/json; charset=utf-8
3 < Date: Tue, 03 Dec 2024 07:36:16 GMT
3 < Server: Microsoft-IIS/10.0
3 < X-Powered-By: ASP.NET
3 < Content-Length: 280
3 < Connection: keep-alive
{
  "result": "https://drive-tec-dev.s3.amazonaws.com/AUT_TPJ26668-Chain_actuator_D6_800.pdf?AWSAccessKeyId=AKIAZAWIART4ZFAXXPHK&Expires=1733214976&response-content-disposition=attachment%3B&response-content-type=application%2Fpdf&Signature=hB%2F6Aml0YowO0sBqBn%2FLqELnyGY%3D"
}

13:06:16.398 [main] INFO  com.intuit.karate - Download URL for first driveId: https://drive-tec-dev.s3.amazonaws.com/AUT_TPJ26668-Chain_actuator_D6_800.pdf?AWSAccessKeyId=AKIAZAWIART4ZFAXXPHK&Expires=1733214976&response-content-disposition=attachment%3B&response-content-type=application%2Fpdf&Signature=hB%2F6Aml0YowO0sBqBn%2FLqELnyGY%3D 
13:06:16.398 [main] INFO  com.intuit.karate - karate.env system property was: null 
13:06:16.398 [main] INFO  com.intuit.karate - Running test for dataset:  Dataset13 
13:06:16.414 [main] INFO  com.intuit.karate - Using ProjectId:  {
  "result": {
    "projectId": "prjId"
  },
  "projectPayload": {
    "Id": "579816e4-6653-4794-b435-a885f32e28d7",
    "Name": "AUT_TPJ26668",
    "Address": "Hyderabad, Telangana, India",
    "Description": "",
    "CreatedBy": "579816e4-6653-4794-b435-a885f32e28d7",
    "ModifiedBy": "579816e4-6653-4794-b435-a885f32e28d7"
  },
  "uniqueName": "AUT_TPJ26668",
  "responseHeaders": {
    "Content-Type": [
      "application/json; charset=utf-8"
    ],
    "Date": [
      "Tue, 03 Dec 2024 07:35:27 GMT"
    ],
    "Server": [
      "Microsoft-IIS/10.0"
    ],
    "X-Powered-By": [
      "ASP.NET"
    ],
    "transfer-encoding": [
      "chunked"
    ],
    "Connection": [
      "keep-alive"
    ],
    "Set-Cookie": [
    ]
  },
  "responseTime": 1242,
  "response": {
    "Name": "AUT_TPJ26668",
    "Description": "",
    "Address": "Hyderabad, Telangana, India",
    "Id": "4bf1dfc8-fd6d-4d3a-9337-7ee7425ebbdf",
    "CreatedOn": "2024-12-03T07:35:27.7758566+00:00",
    "CreatedBy": "579816e4-6653-4794-b435-a885f32e28d7",
    "ModifiedOn": "2024-12-03T07:35:27.7759029+00:00",
    "ModifiedBy": ""
  },
  "responseStatus": 200,
  "prjId": "4bf1dfc8-fd6d-4d3a-9337-7ee7425ebbdf",
  "projectId": "4bf1dfc8-fd6d-4d3a-9337-7ee7425ebbdf"
}
 
13:06:16.414 [main] DEBUG com.intuit.karate - request:
1 > POST https://dev-drivetec-apis.schuecodigitalsolutions.com/Configurations
1 > Content-Type: application/json; charset=UTF-8
1 > Content-Length: 1275
1 > Host: dev-drivetec-apis.schuecodigitalsolutions.com
1 > Connection: Keep-Alive
1 > User-Agent: Apache-HttpClient/4.5.14 (Java/17.0.12)
1 > Accept-Encoding: gzip,deflate
{"Id":"00000000-0000-0000-0000-000000000000","ProjectId":"4bf1dfc8-fd6d-4d3a-9337-7ee7425ebbdf","Name":"Dataset6415","Description":"Dataset6415","CustomTags":"","CreatedBy":"579816e4-6653-4794-b435-a885f32e28d7","ModifiedBy":"579816e4-6653-4794-b435-a885f32e28d7","ApplicationName":1,"System":"","FacadeInclination":0,"OpeningType":1,"OpeningDirection":1,"OpeningWidth":1000,"VentOuterWidth":1230,"VentOuterHeight":1480,"VentWeight":70,"CalculateWeightWithGlass":false,"WeightIncGlassOrThickness":false,"GlassThickness":14,"ProfileWeightPerSerialMeter":2.5,"IsWindowOpeningCalculationByAngle":1,"RequiredOpeningStroke":400,"OpeningAngle":15,"WindLoad":120,"SnowLoad":0,"DrivePosition":2,"InstallationPosition":1,"ChainLengthConnectingRodHandle":5,"LockingMechanism":1,"Voltage":1,"DriveType":1,"TypeOfInstallation":2,"CalculationTypeForVentilation":1,"CalcVentilation":1,"GeometricArea":1,"SpecificExhaustDimension":30,"BuildingDepth":75,"RevealDepth":0,"RevealDepthRectangleAngle1":0,"RevealDepthRectangleAngle2":0,"HeightOfProfile":0,"HeightProfileRectangleAngle1":0,"HeightProfileRectangleAngle2":0,"AkippOrAtilt":0,"AdrehOrAturn":0,"Ageo":0,"MinPullingForceMax":0,"MinPushingForceMax":0,"MinPullingForcePermanent":0,"MinPushingForcePermanent":0,"ForceWithNegativeWind":0}

13:06:17.076 [main] DEBUG com.intuit.karate - response time in milliseconds: 662
1 < 200
1 < Content-Type: application/json; charset=utf-8
1 < Date: Tue, 03 Dec 2024 07:36:16 GMT
1 < Server: Microsoft-IIS/10.0
1 < X-Powered-By: ASP.NET
1 < Content-Length: 2031
1 < Connection: keep-alive
{
  "ProjectId": "4bf1dfc8-fd6d-4d3a-9337-7ee7425ebbdf",
  "Name": "Dataset6415",
  "Description": "Dataset6415",
  "CustomTags": "",
  "ApplicationName": 1,
  "OpeningType": 1,
  "OpeningDirection": 1,
  "CalculateWeightWithGlass": false,
  "WindLoad": 120,
  "IsWindowOpeningCalculationByAngle": 1,
  "VentOuterWidth": 1230,
  "VentOuterHeight": 1480,
  "WeightIncGlassOrThickness": false,
  "VentWeight": 77,
  "VentWeightExact": 77.26400000000001,
  "GlassThickness": 14,
  "ProfileWeightPerSerialMeter": 2.5,
  "FacadeInclination": 0,
  "ChainLengthConnectingRodHandle": 5,
  "ChainLenghtConnectingRodHandle": 0,
  "RequiredOpeningStroke": 400,
  "OpeningWidth": 1000,
  "OpeningAngle": 15.532868337024489,
  "SpecificExhaustDimension": 30,
  "BuildingDepth": 75,
  "SnowLoad": 0,
  "DistanceHinge": 0,
  "RatedCurrent": 0,
  "DrivePosition": 2,
  "LockingMechanism": 1,
  "Voltage": 1,
  "DriveType": 1,
  "TypeOfInstallation": 2,
  "GeometricArea": 0,
  "CalculationTypeForVentilation": 1,
  "HeightOfProfile": 0,
  "Reveal": 0,
  "RevealDepth": 0,
  "HeightProfileRectangleAngle1": 0,
  "HeightProfileRectangleAngle2": 0,
  "RevealDepthRectangleAngle1": 0,
  "RevealDepthRectangleAngle2": 0,
  "RevealDepthRectangleAngle12": 0,
  "InstallationPosition": 0,
  "RecommendedDriveArticleNo": 0,
  "System": "",
  "AkippOrAtilt": 1.084,
  "AdrehOrAturn": 1.8204,
  "Ageo": 1.084,
  "MinPullingForceMax": -206.4868442161654,
  "MinPushingForceMax": -206.4868442161654,
  "MinPullingForcePermanent": -104.11163259218097,
  "MinPushingForcePermanent": -104.11163259218097,
  "ForceWithNegativeWind": 109.53156767199486,
  "ForceWithNoWindMin": 0.30763693489047433,
  "ForceWithNegativeWindMin": 0,
  "ForceWithWindMin": -108.91629380221393,
  "Id": "a07b9b37-9336-46f8-bb4e-d58757812bd3",
  "CreatedOn": "2024-12-03T07:36:17.0016222+00:00",
  "CreatedBy": "579816e4-6653-4794-b435-a885f32e28d7",
  "ModifiedOn": "2024-12-03T07:36:17.001623+00:00",
  "ModifiedBy": ""
}

13:06:17.092 [main] INFO  com.intuit.karate - Generated Config ID: a07b9b37-9336-46f8-bb4e-d58757812bd3 
13:06:17.092 [main] INFO  com.intuit.karate - Generated Name: Dataset6415 
13:06:17.092 [main] INFO  com.intuit.karate - Generated Description: Dataset6415 
13:06:17.092 [main] DEBUG com.intuit.karate - request:
1 > PUT https://dev-drivetec-apis.schuecodigitalsolutions.com/Configurations
1 > Content-Type: application/json; charset=UTF-8
1 > Content-Length: 1278
1 > Host: dev-drivetec-apis.schuecodigitalsolutions.com
1 > Connection: Keep-Alive
1 > User-Agent: Apache-HttpClient/4.5.14 (Java/17.0.12)
1 > Accept-Encoding: gzip,deflate
{"Id":"a07b9b37-9336-46f8-bb4e-d58757812bd3","Name":"Dataset13","Description":"Dataset6415","ProjectId":"4bf1dfc8-fd6d-4d3a-9337-7ee7425ebbdf","CustomTags":"","CreatedBy":"579816e4-6653-4794-b435-a885f32e28d7","ModifiedBy":"579816e4-6653-4794-b435-a885f32e28d7","System":"","FacadeInclination":33,"OpeningType":2,"OpeningDirection":2,"OpeningWidth":1000,"VentOuterWidth":1230,"VentOuterHeight":1480,"VentWeight":0,"CalculateWeightWithGlass":false,"RequiredOpeningStroke":701,"WindLoad":120,"SnowLoad":0,"IsWindowOpeningCalculationByAngle":1,"GlassThickness":14,"ProfileWeightPerSerialMeter":2.5,"DrivePosition":1,"InstallationPosition":0,"LockingMechanism":1,"Voltage":1,"DriveType":1,"TypeOfInstallation":2,"GeometricArea":0,"CalcVentilation":2,"SpecificExhaustDimension":35,"BuildingDepth":65,"CalculationTypeForVentilation":2,"HeightOfProfile":200,"HeightProfileRectangleAngle1":0,"HeightProfileRectangleAngle2":0,"RevealDepth":1000,"RevealDepthRectangleAngle1":0,"RevealDepthRectangleAngle2":0,"ChainLengthConnectingRodHandle":5,"ApplicationName":1,"OpeningAngle":10,"WeightIncGlassOrThickness":false,"AkippOrAtilt":0,"AdrehOrAturn":0,"Ageo":0,"MinPullingForceMax":0,"MinPushingForceMax":0,"MinPullingForcePermanent":0,"MinPushingForcePermanent":0,"ForceWithNegativeWind":0}

13:06:17.785 [main] DEBUG com.intuit.karate - response time in milliseconds: 693
1 < 200
1 < Content-Type: application/json; charset=utf-8
1 < Date: Tue, 03 Dec 2024 07:36:17 GMT
1 < Server: Microsoft-IIS/10.0
1 < X-Powered-By: ASP.NET
1 < Content-Length: 2086
1 < Connection: keep-alive
{
  "ProjectId": "4bf1dfc8-fd6d-4d3a-9337-7ee7425ebbdf",
  "Name": "Dataset13",
  "Description": "Dataset6415",
  "CustomTags": "",
  "ApplicationName": 1,
  "OpeningType": 2,
  "OpeningDirection": 2,
  "CalculateWeightWithGlass": false,
  "WindLoad": 120,
  "IsWindowOpeningCalculationByAngle": 1,
  "VentOuterWidth": 1230,
  "VentOuterHeight": 1480,
  "WeightIncGlassOrThickness": false,
  "VentWeight": 77,
  "VentWeightExact": 77.26400000000001,
  "GlassThickness": 14,
  "ProfileWeightPerSerialMeter": 2.5,
  "FacadeInclination": 33,
  "ChainLengthConnectingRodHandle": 5,
  "ChainLenghtConnectingRodHandle": 0,
  "RequiredOpeningStroke": 701,
  "OpeningWidth": 1000,
  "OpeningAngle": 27.398369766279032,
  "SpecificExhaustDimension": 35,
  "BuildingDepth": 65,
  "SnowLoad": 0,
  "DistanceHinge": 0,
  "RatedCurrent": 0,
  "DrivePosition": 1,
  "LockingMechanism": 1,
  "Voltage": 1,
  "DriveType": 1,
  "TypeOfInstallation": 2,
  "GeometricArea": 0,
  "CalculationTypeForVentilation": 2,
  "HeightOfProfile": 200,
  "Reveal": 0,
  "RevealDepth": 1000,
  "HeightProfileRectangleAngle1": 0,
  "HeightProfileRectangleAngle2": 0,
  "RevealDepthRectangleAngle1": 0,
  "RevealDepthRectangleAngle2": 0,
  "RevealDepthRectangleAngle12": 0,
  "InstallationPosition": 0,
  "RecommendedDriveArticleNo": 0,
  "System": "",
  "AkippOrAtilt": 1.89971,
  "AdrehOrAturn": 1.8204,
  "Ageo": 0.910940891275205,
  "MinPullingForceMax": 72.99201508777318,
  "MinPushingForceMax": -133.1189772438988,
  "MinPullingForcePermanent": -210.05221917619158,
  "MinPushingForcePermanent": -210.05221917619158,
  "ForceWithNegativeWind": -286.9854611084844,
  "ForceWithNoWindMin": -38.382603123850195,
  "ForceWithNegativeWindMin": -149.7572213354736,
  "ForceWithWindMin": 72.99201508777318,
  "Id": "a07b9b37-9336-46f8-bb4e-d58757812bd3",
  "CreatedOn": "0001-01-01T00:00:00",
  "CreatedBy": "579816e4-6653-4794-b435-a885f32e28d7",
  "ModifiedOn": "2024-12-03T07:36:17.6792536+00:00",
  "ModifiedBy": "579816e4-6653-4794-b435-a885f32e28d7"
}

13:06:17.785 [main] INFO  com.intuit.karate - Rounded Opening Angle: 27.0 
13:06:17.785 [main] INFO  com.intuit.karate - Rounded Ageo: 0.91 
13:06:17.785 [main] INFO  com.intuit.karate - Rounded Required Opening Stroke: 701.0 
13:06:17.785 [main] INFO  com.intuit.karate - Rounded Vent Weight: 77.0 
13:06:17.785 [main] DEBUG com.intuit.karate - request:
2 > GET https://dev-drivetec-apis.schuecodigitalsolutions.com/Config/a07b9b37-9336-46f8-bb4e-d58757812bd3/Drive
2 > Host: dev-drivetec-apis.schuecodigitalsolutions.com
2 > Connection: Keep-Alive
2 > User-Agent: Apache-HttpClient/4.5.14 (Java/17.0.12)
2 > Accept-Encoding: gzip,deflate


13:06:18.493 [main] DEBUG com.intuit.karate - response time in milliseconds: 692
2 < 200
2 < Content-Type: application/json; charset=utf-8
2 < Date: Tue, 03 Dec 2024 07:36:17 GMT
2 < Server: Microsoft-IIS/10.0
2 < X-Powered-By: ASP.NET
2 < Content-Length: 12492
2 < Connection: keep-alive
[
  {
    "Name": "Chain actuator D4 800",
    "Bezeichnung": "Kettenantrieb D4 800",
    "ConfigurationId": "00000000-0000-0000-0000-000000000000",
    "Description": "",
    "Application": "Facade",
    "ApplicationFacade": true,
    "ApplicationSkylight": false,
    "Type": 1,
    "OpeningType": 0,
    "BottomHungInward": true,
    "BottomHungOutward": false,
    "SideHungInward": true,
    "SideHungOutward": false,
    "TopHungInward": false,
    "TopHungOutward": true,
    "ProjectedTopHungInward": false,
    "ProjectedTopHungOutward": false,
    "InstallationType": "",
    "ITMainOutFrmMountWBracket": true,
    "ITMainFixOutFrmMount": true,
    "ITMainVentFrmMount": true,
    "ITSideMount50": false,
    "ITSideMount60": false,
    "ITSideMount70": false,
    "ITSideMount80": false,
    "ITSideMount67": true,
    "Feature": "",
    "FeatureOpenClose": true,
    "FeatureLock": true,
    "ArticleNumber": 291710,
    "Stroke": 800,
    "Angle": 0,
    "Voltage": "24 V DC",
    "Voltage24": true,
    "Voltage230": false,
    "RatedCurrent": 1,
    "BreakingCurrent": 1,
    "PullingForceMax": 400,
    "PushingForceMax": 50,
    "PullingForceMaxWithNegativeWind": 0,
    "PushingForceMaxWithNegativeWind": 0,
    "PushingForcePermanent": 0,
    "PullingForcePermanent": 400,
    "MinPullingForceMax": -133.12,
    "MinPushingForceMax": 0,
    "MinPullingForcePermanent": -210.05,
    "MinPushingForcePermanent": 0,
    "Price": 299.21,
    "DriveLength": 755,
    "ChainDrive": 855,
    "ChainDrive2": 1670,
    "MaxLengthMainClosingEdge1Drive": 1850,
    "MaxGeometricArea": 1,
    "GeometricalSmokeExhaustion": 0,
    "TotalGlassThickness": 14,
    "Dimensions": 0,
    "DimensionsWxHxD": "755 x 24 x 35",
    "TensileForce": 0,
    "LockingForce": 0,
    "Details_DE": "<ul><li>Bemessungsspannung: 24 V DC (19 V … 28 V)</li> <li>Abschaltstrom: 1,2 A</li> <li>Bemessungsstrom: 0,9 A</li> <li>Bemessungsaufnahme: 22 W</li> <li>Schutzart: IP 32</li> <li>Zug-/Schubkraft: max. 400 N</li> <li>Umgebungstemperatur: -5°C bis + 60°C</li> <li>Anschlussleitung: Halogenfrei, grau 5 x 0,5mm², ~3m</li> <li>Max. Geschwindigkeit: 13,5 mm/s</li></ul>",
    "Details_EN": "<ul><li>Rated voltage: 24 V DC (19 V … 28 V)</li> <li>Breaking current: 1.2 A</li><li>Rated current: 0.9 A</li><li>Rated consumption: 22 W</li><li>Protection rating: IP 32</li><li>Traction/ thrust: max. 400 N</li><li>Ambient temperature: -5° C to +60° C</li><li>Connecting cable: halogen-free, grey, 5 x 0.5 mm², ~ 3 m</li><li>Max. speed: 13,5 mm/s </li></ul>",
    "Einsatz": "<ul><li>Anwendung: Lüftung, NRA</li> <li>Integrierte intelligente Regelelektronik</li> <li>Rückmeldung Endlage „ZU“ (max. 24 V, 500 mA)</li> </ul>",
    "Use": "<ul><li>Application: ventilation, natural smoke ventilation</li> <li>Integrated intelligent control electronics</li> <li>Response for “CLOSED” end position (max. 24 V, 500 mA)</li> </ul>",
    "Ausstattung": "<ul><li>Zusätzlicher Universal-Steckersatz für Mehrfachbetrieb bis zu 4 Antrieben und 2 Verriegelungsantrieben</li></ul>",
    "Equipment": "<ul><li>Additional universal plug socket for multiplex operation of up to 4 drives and 2 interlocking drives</li></ul>",
    "Optionen": "<ul><li>Programmierung von Sonderfunktionen</li> <li>Programmierbare Rückmeldung Endlage „AUF“ (max. 24 V, 500 mA)</li> <li>Schüco Kontroller zur automatischen Konfiguration von Synchronlauf und Folgesteuerungen mit Verriegelungsantrieben in Antriebs-Verbundsystemen</li> </ul>",
    "Options": "<ul><li>Programming of special functions</li> <li>Programmable response for “OPEN” end position (max. 24 V, 500 mA)</li> <li>Schüco controller for automatic configuration of synchronous running and sequence control with locking drives in composite drive systems</li> </ul>",
    "IsTwoPce": false,
    "ResultVentWeight": 77.26,
    "IsLsRsDrive": true,
    "ArticleNumberRs": 291709,
    "TwoDrivesSideInstallation50": 0,
    "TwoDrivesSideInstallation60": 0,
    "TwoDrivesSideInstallation70": 0,
    "TwoDrivesSideInstallation80": 0,
    "OpeningSpeedmms": 0,
    "Traction": 400,
    "Thrust": 50,
    "Id": "3e2dcb1b-8df9-4eab-b237-548b0481a20b",
    "CreatedOn": "2024-09-26T13:55:26.817Z",
    "CreatedBy": "",
    "ModifiedOn": "2024-09-26T13:55:26.817Z",
    "ModifiedBy": ""
  },
  {
    "Name": "Chain actuator D6 800",
    "Bezeichnung": "Kettenantrieb D6 800",
    "ConfigurationId": "00000000-0000-0000-0000-000000000000",
    "Description": "",
    "Application": "Facade",
    "ApplicationFacade": true,
    "ApplicationSkylight": true,
    "Type": 1,
    "OpeningType": 0,
    "BottomHungInward": true,
    "BottomHungOutward": true,
    "SideHungInward": true,
    "SideHungOutward": true,
    "TopHungInward": false,
    "TopHungOutward": true,
    "ProjectedTopHungInward": false,
    "ProjectedTopHungOutward": false,
    "InstallationType": "",
    "ITMainOutFrmMountWBracket": true,
    "ITMainFixOutFrmMount": false,
    "ITMainVentFrmMount": true,
    "ITSideMount50": false,
    "ITSideMount60": false,
    "ITSideMount70": false,
    "ITSideMount80": false,
    "ITSideMount67": true,
    "Feature": "",
    "FeatureOpenClose": true,
    "FeatureLock": true,
    "ArticleNumber": 291717,
    "Stroke": 800,
    "Angle": 0,
    "Voltage": "24 V DC",
    "Voltage24": true,
    "Voltage230": false,
    "RatedCurrent": 1,
    "BreakingCurrent": 1,
    "PullingForceMax": 600,
    "PushingForceMax": 300,
    "PullingForceMaxWithNegativeWind": 0,
    "PushingForceMaxWithNegativeWind": 0,
    "PushingForcePermanent": 200,
    "PullingForcePermanent": 600,
    "MinPullingForceMax": -133.12,
    "MinPushingForceMax": 0,
    "MinPullingForcePermanent": -210.05,
    "MinPushingForcePermanent": 0,
    "Price": 387.92,
    "DriveLength": 794,
    "ChainDrive": 894,
    "ChainDrive2": 1748,
    "MaxLengthMainClosingEdge1Drive": 1920,
    "MaxGeometricArea": 1,
    "GeometricalSmokeExhaustion": 0,
    "TotalGlassThickness": 14,
    "Dimensions": 0,
    "DimensionsWxHxD": "794 x 40 x 56",
    "TensileForce": 0,
    "LockingForce": 0,
    "Details_DE": "<ul> <li>Bemessungsspannung: 24 V DC (19 V … 28 V)</li> <li>Abschaltstrom: 1,2 A</li> <li>Bemessungsstrom: 0,9 A</li> <li>Bemessungsaufnahme: 22 W</li> <li>Schutzart: IP 32</li> <li>Zug-/Schubkraft: max. 600 N</li> <li>Umgebungstemperatur: -5°C bis + 60°C</li> <li>Anschlussleitung: Halogenfrei, grau 5 x 0,5mm², ~3m</li> <li>Max. Geschwindigkeit: 13,5 mm/s</li> </ul>",
    "Details_EN": "<ul> <li>Rated voltage: 24 V DC (19 V … 28 V)</li><li>Breaking current: 1.2 A</li><li>Rated current: 0.9 A</li><li>Rated consumption: 22W</li><li>Protection rating: IP 32</li><li>Traction/ thrust: max. 600 N</li><li>Ambient temperature: -5° C to +60° C</li><li>Connecting cable: halogen-free, grey 3 x 0,5mm², ~3m</li><li>Max. speed: 13,5 mm/s</li></ul>",
    "Einsatz": "<ul><li>Anwendung: Lüftung, NRA</li> <li>Integrierte intelligente Regelelektronik</li></ul>",
    "Use": "<ul><li>Application: ventilation, natural smoke ventilation</li> <li>Integrated intelligent control electronics</li> </ul>",
    "Ausstattung": "<ul><li>Zusätzlicher Universal-Steckersatz für Mehrfachbetrieb bis zu 4 Antrieben und 2 Verriegelungsantrieben</li></ul>",
    "Equipment": "<ul><li>Additional universal plug socket for multiplex operation  of up to 4 drives and 2 interlocking drives</li></ul>",
    "Optionen": "<ul><li>Programmierung von Sonderfunktionen</li> <li>Programmierbare Rückmeldung Endlage „AUF“ (max. 24 V, 500 mA)</li> <li>Schüco Kontroller zur automatischen Konfiguration von Synchronlauf und Folgesteuerungen mit Verriegelungsantrieben in Antriebs-Verbundsystemen</li> </ul>",
    "Options": "<ul><li>Programming of special functions</li> <li>Programmable response for “OPEN” end position (max. 24 V, 500 mA)</li> <li>Schüco controller for automatic configuration of synchronous running and sequence control with locking drives in composite drive systems</li> </ul>",
    "IsTwoPce": false,
    "ResultVentWeight": 77.26,
    "IsLsRsDrive": false,
    "ArticleNumberRs": 0,
    "TwoDrivesSideInstallation50": 0,
    "TwoDrivesSideInstallation60": 0,
    "TwoDrivesSideInstallation70": 0,
    "TwoDrivesSideInstallation80": 0,
    "OpeningSpeedmms": 0,
    "Traction": 600,
    "Thrust": 300,
    "Id": "e9fa5654-1773-4646-9949-a237ab4f4797",
    "CreatedOn": "2024-09-26T13:55:26.817Z",
    "CreatedBy": "",
    "ModifiedOn": "2024-09-26T13:55:26.817Z",
    "ModifiedBy": ""
  },
  {
    "Name": "Locking actuator EasyConnect ow",
    "Bezeichnung": "Verriegelungsantrieb EasyConnect ow",
    "ConfigurationId": "00000000-0000-0000-0000-000000000000",
    "Description": "",
    "Application": "",
    "ApplicationFacade": true,
    "ApplicationSkylight": false,
    "Type": 5,
    "OpeningType": 0,
    "BottomHungInward": false,
    "BottomHungOutward": false,
    "SideHungInward": false,
    "SideHungOutward": true,
    "TopHungInward": false,
    "TopHungOutward": true,
    "ProjectedTopHungInward": false,
    "ProjectedTopHungOutward": true,
    "InstallationType": "",
    "ITMainOutFrmMountWBracket": true,
    "ITMainFixOutFrmMount": false,
    "ITMainVentFrmMount": false,
    "ITSideMount50": false,
    "ITSideMount60": false,
    "ITSideMount70": false,
    "ITSideMount80": false,
    "ITSideMount67": false,
    "Feature": "",
    "FeatureOpenClose": true,
    "FeatureLock": false,
    "ArticleNumber": 291589,
    "Stroke": 0,
    "Angle": 0,
    "Voltage": null,
    "Voltage24": true,
    "Voltage230": true,
    "RatedCurrent": 0,
    "BreakingCurrent": 0,
    "PullingForceMax": 0,
    "PushingForceMax": 0,
    "PullingForceMaxWithNegativeWind": 0,
    "PushingForceMaxWithNegativeWind": 0,
    "PushingForcePermanent": 0,
    "PullingForcePermanent": 0,
    "MinPullingForceMax": 0,
    "MinPushingForceMax": 0,
    "MinPullingForcePermanent": 0,
    "MinPushingForcePermanent": 0,
    "Price": 0,
    "DriveLength": 0,
    "ChainDrive": 0,
    "ChainDrive2": 0,
    "MaxLengthMainClosingEdge1Drive": 0,
    "MaxGeometricArea": 0,
    "GeometricalSmokeExhaustion": 0,
    "TotalGlassThickness": 0,
    "Dimensions": 0,
    "DimensionsWxHxD": "375 x 24 x 35",
    "TensileForce": 0,
    "LockingForce": 0,
    "Details_DE": "<ul> <li>Bemessungsspannung: 24 V DC (19 V … 28 V)</li> <li>Abschaltstrom: ~1,0 A</li> <li>Bemessungsstrom: 0,6 A</li> <li>Bemessungsaufnahme: 15 W</li> <li>Schutzart: IP 32</li><li>Zug-/Schubkraft: max. 600 N</li> <li>Umgebungstemperatur: -5°C bis + 60°C</li> <li>Anschlussleitung: Halogenfrei, grau 5 x 0,5mm² , ~5m</li> <li>Laufzeit: ~ 5s</li><li>Hub: ~ 18mm</li> </ul>",
    "Details_EN": "<ul> <li>Rated voltage : 24 V DC (19 V … 28 V</li> <li>Breaking current : ~1,0 A</li> <li>Rated current : 0,6 A</li> <li>Rated consumption : 15 W</li> <li>Protection rating : IP 32</li><li>Traction/ thrust : max. 600 N</li> <li>Ambient temperature: -5°C bis + 60°C</li> <li>Connecting cable: halogen-free, grey 5 x 0,5mm² , ~5m</li> <li>Running time: ~ 5s</li><li>Stroke: ~ 18mm</li> </ul>",
    "Einsatz": "<ul> <li>Anwendung: Lüftung, NRA</li><li>Integrierte intelligente Regelelektronik</li></ul>",
    "Use": "<ul> <li>Application: ventilation, natural smoke ventilation</li> <li>Integrated intelligent control electronics</li></ul>",
    "Ausstattung": "<ul><li>Laufrichtung einstellbar</li><li>Zusätzlicher Universal-Steckersatz</li></ul>",
    "Equipment": "<ul><li>Running direction adjustable</li><li>Additional universal plug socket</li></ul>",
    "Optionen": "<ul> <li>Mitnehmer objekt-/profilspezifisch anpassbar</li></ul>",
    "Options": "<ul> <li>Coupling adapter customizable for project-/profile-specific demands</li></ul>",
    "IsTwoPce": false,
    "ResultVentWeight": 0,
    "IsLsRsDrive": false,
    "ArticleNumberRs": 0,
    "TwoDrivesSideInstallation50": 0,
    "TwoDrivesSideInstallation60": 0,
    "TwoDrivesSideInstallation70": 0,
    "TwoDrivesSideInstallation80": 0,
    "OpeningSpeedmms": 0,
    "Traction": 0,
    "Thrust": 0,
    "Id": "ebe9753c-e5d7-4140-afe0-9f98bf25df99",
    "CreatedOn": "2024-09-26T13:55:26.817Z",
    "CreatedBy": "",
    "ModifiedOn": "2024-09-26T13:55:26.817Z",
    "ModifiedBy": ""
  }
]

13:06:18.493 [main] INFO  com.intuit.karate - Expected RecommDrive: Chain actuator D4 800,Chain actuator D6 800,Locking actuator EasyConnect ow 
13:06:18.493 [main] INFO  com.intuit.karate - Actual RecommDrive: Chain actuator D4 800, Chain actuator D6 800, Locking actuator EasyConnect ow 
13:06:18.493 [main] INFO  com.intuit.karate - Normalized Actual RecommDrive: Chain actuator D4 800,Chain actuator D6 800,Locking actuator EasyConnect ow 
13:06:18.493 [main] INFO  com.intuit.karate - Normalized Expected RecommDrive: Chain actuator D4 800,Chain actuator D6 800,Locking actuator EasyConnect ow 
13:06:18.493 [main] INFO  com.intuit.karate - All Drive IDs: [
  "3e2dcb1b-8df9-4eab-b237-548b0481a20b",
  "e9fa5654-1773-4646-9949-a237ab4f4797",
  "ebe9753c-e5d7-4140-afe0-9f98bf25df99"
]
 
13:06:18.493 [main] INFO  com.intuit.karate - First Drive ID: 3e2dcb1b-8df9-4eab-b237-548b0481a20b 
13:06:18.493 [main] DEBUG com.intuit.karate - request:
3 > POST https://dev-drivetec-apis.schuecodigitalsolutions.com/api/Drives/DownloadPDFNew/Schuco
3 > Content-Type: application/json; charset=UTF-8
3 > Content-Length: 1194
3 > Host: dev-drivetec-apis.schuecodigitalsolutions.com
3 > Connection: Keep-Alive
3 > User-Agent: Apache-HttpClient/4.5.14 (Java/17.0.12)
3 > Accept-Encoding: gzip,deflate
[{"Id":"configId","Header":"configId","Value":"a07b9b37-9336-46f8-bb4e-d58757812bd3"},{"Id":"driveId","Header":"driveId","Value":"3e2dcb1b-8df9-4eab-b237-548b0481a20b"},{"Id":"culture","Header":"culture","Value":"EN-US"},{"Id":"projectId","Header":"projectId","Value":"4bf1dfc8-fd6d-4d3a-9337-7ee7425ebbdf"},{"Id":"range-of-app","Header":"Range of application","Value":"Façade"},{"Id":"opening-type","Header":"Opening type","Value":"Bottom-hung vent"},{"Id":"opening-direction","Header":"Opening direction","Value":"Inward"},{"Id":"how-calc-weight","Header":"Vent weight","Value":"Weight including glass"},{"Id":"Chain-Length","Header":"Chain- \/ connecting rod handle","Value":"100%"},{"Id":"drive-position","Header":"Drive position","Value":"Side installation"},{"Id":"locking-mechanism","Header":"Locking mechanism","Value":"With"},{"Id":"voltage","Header":"Voltage","Value":"24 V"},{"Id":"drive-type","Header":"Drive type","Value":"Chain drive"},{"Id":"type-installation","Header":"Type of installation","Value":"Pivoting Outer Frame Installation"},{"Id":"calculation-type-for-ventilation-area","Header":"Calculation type for ventilation area","Value":"Method in accordance with ASR 3.6"}]

13:06:20.465 [main] DEBUG com.intuit.karate - response time in milliseconds: 1972
3 < 200
3 < Content-Type: application/json; charset=utf-8
3 < Date: Tue, 03 Dec 2024 07:36:20 GMT
3 < Server: Microsoft-IIS/10.0
3 < X-Powered-By: ASP.NET
3 < Content-Length: 280
3 < Connection: keep-alive
{
  "result": "https://drive-tec-dev.s3.amazonaws.com/AUT_TPJ26668-Chain_actuator_D4_800.pdf?AWSAccessKeyId=AKIAZAWIART4ZFAXXPHK&Expires=1733214980&response-content-disposition=attachment%3B&response-content-type=application%2Fpdf&Signature=NWOQWbeC%2BLVioZ7RT%2FPtMI8jApw%3D"
}

13:06:20.467 [main] INFO  com.intuit.karate - Download URL for first driveId: https://drive-tec-dev.s3.amazonaws.com/AUT_TPJ26668-Chain_actuator_D4_800.pdf?AWSAccessKeyId=AKIAZAWIART4ZFAXXPHK&Expires=1733214980&response-content-disposition=attachment%3B&response-content-type=application%2Fpdf&Signature=NWOQWbeC%2BLVioZ7RT%2FPtMI8jApw%3D 
13:06:20.467 [main] INFO  com.intuit.karate - karate.env system property was: null 
13:06:20.467 [main] INFO  com.intuit.karate - Running test for dataset:  Dataset14 
13:06:20.467 [main] INFO  com.intuit.karate - Using ProjectId:  {
  "result": {
    "projectId": "prjId"
  },
  "projectPayload": {
    "Id": "579816e4-6653-4794-b435-a885f32e28d7",
    "Name": "AUT_TPJ26668",
    "Address": "Hyderabad, Telangana, India",
    "Description": "",
    "CreatedBy": "579816e4-6653-4794-b435-a885f32e28d7",
    "ModifiedBy": "579816e4-6653-4794-b435-a885f32e28d7"
  },
  "uniqueName": "AUT_TPJ26668",
  "responseHeaders": {
    "Content-Type": [
      "application/json; charset=utf-8"
    ],
    "Date": [
      "Tue, 03 Dec 2024 07:35:27 GMT"
    ],
    "Server": [
      "Microsoft-IIS/10.0"
    ],
    "X-Powered-By": [
      "ASP.NET"
    ],
    "transfer-encoding": [
      "chunked"
    ],
    "Connection": [
      "keep-alive"
    ],
    "Set-Cookie": [
    ]
  },
  "responseTime": 1242,
  "response": {
    "Name": "AUT_TPJ26668",
    "Description": "",
    "Address": "Hyderabad, Telangana, India",
    "Id": "4bf1dfc8-fd6d-4d3a-9337-7ee7425ebbdf",
    "CreatedOn": "2024-12-03T07:35:27.7758566+00:00",
    "CreatedBy": "579816e4-6653-4794-b435-a885f32e28d7",
    "ModifiedOn": "2024-12-03T07:35:27.7759029+00:00",
    "ModifiedBy": ""
  },
  "responseStatus": 200,
  "prjId": "4bf1dfc8-fd6d-4d3a-9337-7ee7425ebbdf",
  "projectId": "4bf1dfc8-fd6d-4d3a-9337-7ee7425ebbdf"
}
 
13:06:20.467 [main] DEBUG com.intuit.karate - request:
1 > POST https://dev-drivetec-apis.schuecodigitalsolutions.com/Configurations
1 > Content-Type: application/json; charset=UTF-8
1 > Content-Length: 1275
1 > Host: dev-drivetec-apis.schuecodigitalsolutions.com
1 > Connection: Keep-Alive
1 > User-Agent: Apache-HttpClient/4.5.14 (Java/17.0.12)
1 > Accept-Encoding: gzip,deflate
{"Id":"00000000-0000-0000-0000-000000000000","ProjectId":"4bf1dfc8-fd6d-4d3a-9337-7ee7425ebbdf","Name":"Dataset0468","Description":"Dataset0468","CustomTags":"","CreatedBy":"579816e4-6653-4794-b435-a885f32e28d7","ModifiedBy":"579816e4-6653-4794-b435-a885f32e28d7","ApplicationName":1,"System":"","FacadeInclination":0,"OpeningType":1,"OpeningDirection":1,"OpeningWidth":1000,"VentOuterWidth":1230,"VentOuterHeight":1480,"VentWeight":70,"CalculateWeightWithGlass":false,"WeightIncGlassOrThickness":false,"GlassThickness":14,"ProfileWeightPerSerialMeter":2.5,"IsWindowOpeningCalculationByAngle":1,"RequiredOpeningStroke":400,"OpeningAngle":15,"WindLoad":120,"SnowLoad":0,"DrivePosition":2,"InstallationPosition":1,"ChainLengthConnectingRodHandle":5,"LockingMechanism":1,"Voltage":1,"DriveType":1,"TypeOfInstallation":2,"CalculationTypeForVentilation":1,"CalcVentilation":1,"GeometricArea":1,"SpecificExhaustDimension":30,"BuildingDepth":75,"RevealDepth":0,"RevealDepthRectangleAngle1":0,"RevealDepthRectangleAngle2":0,"HeightOfProfile":0,"HeightProfileRectangleAngle1":0,"HeightProfileRectangleAngle2":0,"AkippOrAtilt":0,"AdrehOrAturn":0,"Ageo":0,"MinPullingForceMax":0,"MinPushingForceMax":0,"MinPullingForcePermanent":0,"MinPushingForcePermanent":0,"ForceWithNegativeWind":0}

13:06:21.126 [main] DEBUG com.intuit.karate - response time in milliseconds: 659
1 < 200
1 < Content-Type: application/json; charset=utf-8
1 < Date: Tue, 03 Dec 2024 07:36:20 GMT
1 < Server: Microsoft-IIS/10.0
1 < X-Powered-By: ASP.NET
1 < Content-Length: 2032
1 < Connection: keep-alive
{
  "ProjectId": "4bf1dfc8-fd6d-4d3a-9337-7ee7425ebbdf",
  "Name": "Dataset0468",
  "Description": "Dataset0468",
  "CustomTags": "",
  "ApplicationName": 1,
  "OpeningType": 1,
  "OpeningDirection": 1,
  "CalculateWeightWithGlass": false,
  "WindLoad": 120,
  "IsWindowOpeningCalculationByAngle": 1,
  "VentOuterWidth": 1230,
  "VentOuterHeight": 1480,
  "WeightIncGlassOrThickness": false,
  "VentWeight": 77,
  "VentWeightExact": 77.26400000000001,
  "GlassThickness": 14,
  "ProfileWeightPerSerialMeter": 2.5,
  "FacadeInclination": 0,
  "ChainLengthConnectingRodHandle": 5,
  "ChainLenghtConnectingRodHandle": 0,
  "RequiredOpeningStroke": 400,
  "OpeningWidth": 1000,
  "OpeningAngle": 15.532868337024489,
  "SpecificExhaustDimension": 30,
  "BuildingDepth": 75,
  "SnowLoad": 0,
  "DistanceHinge": 0,
  "RatedCurrent": 0,
  "DrivePosition": 2,
  "LockingMechanism": 1,
  "Voltage": 1,
  "DriveType": 1,
  "TypeOfInstallation": 2,
  "GeometricArea": 0,
  "CalculationTypeForVentilation": 1,
  "HeightOfProfile": 0,
  "Reveal": 0,
  "RevealDepth": 0,
  "HeightProfileRectangleAngle1": 0,
  "HeightProfileRectangleAngle2": 0,
  "RevealDepthRectangleAngle1": 0,
  "RevealDepthRectangleAngle2": 0,
  "RevealDepthRectangleAngle12": 0,
  "InstallationPosition": 0,
  "RecommendedDriveArticleNo": 0,
  "System": "",
  "AkippOrAtilt": 1.084,
  "AdrehOrAturn": 1.8204,
  "Ageo": 1.084,
  "MinPullingForceMax": -206.4868442161654,
  "MinPushingForceMax": -206.4868442161654,
  "MinPullingForcePermanent": -104.11163259218097,
  "MinPushingForcePermanent": -104.11163259218097,
  "ForceWithNegativeWind": 109.53156767199486,
  "ForceWithNoWindMin": 0.30763693489047433,
  "ForceWithNegativeWindMin": 0,
  "ForceWithWindMin": -108.91629380221393,
  "Id": "33dab258-aa14-4deb-9083-fc3f918d9d12",
  "CreatedOn": "2024-12-03T07:36:21.0508945+00:00",
  "CreatedBy": "579816e4-6653-4794-b435-a885f32e28d7",
  "ModifiedOn": "2024-12-03T07:36:21.0508955+00:00",
  "ModifiedBy": ""
}

13:06:21.140 [main] INFO  com.intuit.karate - Generated Config ID: 33dab258-aa14-4deb-9083-fc3f918d9d12 
13:06:21.142 [main] INFO  com.intuit.karate - Generated Name: Dataset0468 
13:06:21.143 [main] INFO  com.intuit.karate - Generated Description: Dataset0468 
13:06:21.143 [main] DEBUG com.intuit.karate - request:
1 > PUT https://dev-drivetec-apis.schuecodigitalsolutions.com/Configurations
1 > Content-Type: application/json; charset=UTF-8
1 > Content-Length: 1278
1 > Host: dev-drivetec-apis.schuecodigitalsolutions.com
1 > Connection: Keep-Alive
1 > User-Agent: Apache-HttpClient/4.5.14 (Java/17.0.12)
1 > Accept-Encoding: gzip,deflate
{"Id":"33dab258-aa14-4deb-9083-fc3f918d9d12","Name":"Dataset14","Description":"Dataset0468","ProjectId":"4bf1dfc8-fd6d-4d3a-9337-7ee7425ebbdf","CustomTags":"","CreatedBy":"579816e4-6653-4794-b435-a885f32e28d7","ModifiedBy":"579816e4-6653-4794-b435-a885f32e28d7","System":"","FacadeInclination":24,"OpeningType":2,"OpeningDirection":2,"OpeningWidth":1000,"VentOuterWidth":1230,"VentOuterHeight":1480,"VentWeight":0,"CalculateWeightWithGlass":false,"RequiredOpeningStroke":501,"WindLoad":120,"SnowLoad":0,"IsWindowOpeningCalculationByAngle":1,"GlassThickness":14,"ProfileWeightPerSerialMeter":2.5,"DrivePosition":1,"InstallationPosition":0,"LockingMechanism":1,"Voltage":1,"DriveType":1,"TypeOfInstallation":2,"GeometricArea":0,"CalcVentilation":2,"SpecificExhaustDimension":35,"BuildingDepth":65,"CalculationTypeForVentilation":2,"HeightOfProfile":200,"HeightProfileRectangleAngle1":0,"HeightProfileRectangleAngle2":0,"RevealDepth":1000,"RevealDepthRectangleAngle1":0,"RevealDepthRectangleAngle2":0,"ChainLengthConnectingRodHandle":5,"ApplicationName":1,"OpeningAngle":10,"WeightIncGlassOrThickness":false,"AkippOrAtilt":0,"AdrehOrAturn":0,"Ageo":0,"MinPullingForceMax":0,"MinPushingForceMax":0,"MinPullingForcePermanent":0,"MinPushingForcePermanent":0,"ForceWithNegativeWind":0}

13:06:21.852 [main] DEBUG com.intuit.karate - response time in milliseconds: 709
1 < 200
1 < Content-Type: application/json; charset=utf-8
1 < Date: Tue, 03 Dec 2024 07:36:21 GMT
1 < Server: Microsoft-IIS/10.0
1 < X-Powered-By: ASP.NET
1 < Content-Length: 2083
1 < Connection: keep-alive
{
  "ProjectId": "4bf1dfc8-fd6d-4d3a-9337-7ee7425ebbdf",
  "Name": "Dataset14",
  "Description": "Dataset0468",
  "CustomTags": "",
  "ApplicationName": 1,
  "OpeningType": 2,
  "OpeningDirection": 2,
  "CalculateWeightWithGlass": false,
  "WindLoad": 120,
  "IsWindowOpeningCalculationByAngle": 1,
  "VentOuterWidth": 1230,
  "VentOuterHeight": 1480,
  "WeightIncGlassOrThickness": false,
  "VentWeight": 77,
  "VentWeightExact": 77.26400000000001,
  "GlassThickness": 14,
  "ProfileWeightPerSerialMeter": 2.5,
  "FacadeInclination": 24,
  "ChainLengthConnectingRodHandle": 5,
  "ChainLenghtConnectingRodHandle": 0,
  "RequiredOpeningStroke": 501,
  "OpeningWidth": 1000,
  "OpeningAngle": 19.48921629278459,
  "SpecificExhaustDimension": 35,
  "BuildingDepth": 65,
  "SnowLoad": 0,
  "DistanceHinge": 0,
  "RatedCurrent": 0,
  "DrivePosition": 1,
  "LockingMechanism": 1,
  "Voltage": 1,
  "DriveType": 1,
  "TypeOfInstallation": 2,
  "GeometricArea": 0,
  "CalculationTypeForVentilation": 2,
  "HeightOfProfile": 200,
  "Reveal": 0,
  "RevealDepth": 1000,
  "HeightProfileRectangleAngle1": 0,
  "HeightProfileRectangleAngle2": 0,
  "RevealDepthRectangleAngle1": 0,
  "RevealDepthRectangleAngle2": 0,
  "RevealDepthRectangleAngle12": 0,
  "InstallationPosition": 0,
  "RecommendedDriveArticleNo": 0,
  "System": "",
  "AkippOrAtilt": 1.35771,
  "AdrehOrAturn": 1.8204,
  "Ageo": 0.6749039376946829,
  "MinPullingForceMax": -65.53807552137839,
  "MinPushingForceMax": 79.72148309148307,
  "MinPullingForcePermanent": -156.774435629635,
  "MinPushingForcePermanent": -156.774435629635,
  "ForceWithNegativeWind": -248.0107957378916,
  "ForceWithNoWindMin": -30.433414612682817,
  "ForceWithNegativeWindMin": -140.5883123168487,
  "ForceWithWindMin": -65.53807552137839,
  "Id": "33dab258-aa14-4deb-9083-fc3f918d9d12",
  "CreatedOn": "0001-01-01T00:00:00",
  "CreatedBy": "579816e4-6653-4794-b435-a885f32e28d7",
  "ModifiedOn": "2024-12-03T07:36:21.7378846+00:00",
  "ModifiedBy": "579816e4-6653-4794-b435-a885f32e28d7"
}

13:06:21.852 [main] INFO  com.intuit.karate - Rounded Opening Angle: 19.0 
13:06:21.852 [main] INFO  com.intuit.karate - Rounded Ageo: 0.67 
13:06:21.852 [main] INFO  com.intuit.karate - Rounded Required Opening Stroke: 501.0 
13:06:21.852 [main] INFO  com.intuit.karate - Rounded Vent Weight: 77.0 
13:06:21.852 [main] DEBUG com.intuit.karate - request:
2 > GET https://dev-drivetec-apis.schuecodigitalsolutions.com/Config/33dab258-aa14-4deb-9083-fc3f918d9d12/Drive
2 > Host: dev-drivetec-apis.schuecodigitalsolutions.com
2 > Connection: Keep-Alive
2 > User-Agent: Apache-HttpClient/4.5.14 (Java/17.0.12)
2 > Accept-Encoding: gzip,deflate


13:06:22.725 [main] DEBUG com.intuit.karate - response time in milliseconds: 873
2 < 200
2 < Content-Type: application/json; charset=utf-8
2 < Date: Tue, 03 Dec 2024 07:36:21 GMT
2 < Server: Microsoft-IIS/10.0
2 < X-Powered-By: ASP.NET
2 < transfer-encoding: chunked
2 < Connection: keep-alive
[
  {
    "Name": "Chain actuator D2 L600",
    "Bezeichnung": "Kettenantrieb D2 L600",
    "ConfigurationId": "00000000-0000-0000-0000-000000000000",
    "Description": "",
    "Application": "Facade",
    "ApplicationFacade": true,
    "ApplicationSkylight": false,
    "Type": 1,
    "OpeningType": 0,
    "BottomHungInward": true,
    "BottomHungOutward": false,
    "SideHungInward": true,
    "SideHungOutward": false,
    "TopHungInward": false,
    "TopHungOutward": true,
    "ProjectedTopHungInward": false,
    "ProjectedTopHungOutward": false,
    "InstallationType": "",
    "ITMainOutFrmMountWBracket": true,
    "ITMainFixOutFrmMount": true,
    "ITMainVentFrmMount": true,
    "ITSideMount50": false,
    "ITSideMount60": false,
    "ITSideMount70": false,
    "ITSideMount80": false,
    "ITSideMount67": true,
    "Feature": "",
    "FeatureOpenClose": true,
    "FeatureLock": true,
    "ArticleNumber": 291756,
    "Stroke": 600,
    "Angle": 0,
    "Voltage": "24 V DC",
    "Voltage24": true,
    "Voltage230": false,
    "RatedCurrent": 1,
    "BreakingCurrent": 1,
    "PullingForceMax": 250,
    "PushingForceMax": 100,
    "PullingForceMaxWithNegativeWind": 0,
    "PushingForceMaxWithNegativeWind": 0,
    "PushingForcePermanent": 66.67,
    "PullingForcePermanent": 250,
    "MinPullingForceMax": 0,
    "MinPushingForceMax": 79.72,
    "MinPullingForcePermanent": -156.77,
    "MinPushingForcePermanent": 0,
    "Price": 264.82,
    "DriveLength": 545,
    "ChainDrive": 645,
    "ChainDrive2": 1250,
    "MaxLengthMainClosingEdge1Drive": 1650,
    "MaxGeometricArea": 1,
    "GeometricalSmokeExhaustion": 0,
    "TotalGlassThickness": 14,
    "Dimensions": 0,
    "DimensionsWxHxD": "545 x 26 x 41",
    "TensileForce": 0,
    "LockingForce": 0,
    "Details_DE": "<ul><li>Bemessungsspannung: 24 V DC (19 V … 28 V)</li><li>Abschaltstrom: 1,0 A</li><li>Bemessungsstrom: 0,7 A</li><li>Bemessungsaufnahme: 17 W</li><li>Schutzart: IP 32</li><li>Zug-/Schubkraft: max. 250 N</li><li>Umgebungstemperatur: -5°C bis + 60°C</li><li>Anschlussleitung: Halogenfrei, grau 3 x 0,5 mm², ~3 m</li><li>Max. Geschwindigkeit: 13,5 mm/s</li></ul>",
    "Details_EN": "<ul><li>Rated voltage: 24 V DC (19 V … 28 V)</li><li>Breaking current: 1.0 A</li><li>Rated current: 0.7 A</li><li>Rated consumption: 17 W</li><li>Protection rating: IP 32</li><li>Traction/ thrust: max. 250 N</li><li>Ambient temperature: -5°C bis + 60°C</li><li>Connecting cable: halogen-free, grey 3 x 0.5 mm², ~3 m</li><li>Max. speed: 13.5 mm/s</li></ul>",
    "Einsatz": "<ul> <li>Anwendung: Lüftung, NRA</li> <li>Integrierte intelligente Regelelektronik</li> <li>Rückmeldung Endlage „ZU“ (max. 24 V, 500 mA)</li> </ul>",
    "Use": "<ul> <li>Application: ventilation, natural smoke ventilation</li> <li>Integrated, intelligent control electronics</li> <li>Response for “CLOSED” end position (max. 24 V, 500 mA)</li> </ul>",
    "Ausstattung": null,
    "Equipment": null,
    "Optionen": "<ul> <li>Programmierung von Sonderfunktionen</li> <li>Programmierbare Rückmeldung Endlage „AUF“ (max. 24 V, 500 mA)</li> <li>Schüco Kontroller zur automatischen Konfiguration von Synchronlauf und Folgesteuerungen mit Verriegelungsantrieben in Antriebs-Verbundsystemen</li> </ul>",
    "Options": "<ul> <li>Programming of special functions</li> <li>Programmable response for “OPEN” end position (max. 24 V, 500 mA)</li> <li>Schüco controller for automatic configuration of synchronous running and sequence control with locking drives in composite drive systems</li></ul>",
    "IsTwoPce": false,
    "ResultVentWeight": 77.26,
    "IsLsRsDrive": true,
    "ArticleNumberRs": 291757,
    "TwoDrivesSideInstallation50": 0,
    "TwoDrivesSideInstallation60": 0,
    "TwoDrivesSideInstallation70": 0,
    "TwoDrivesSideInstallation80": 0,
    "OpeningSpeedmms": 0,
    "Traction": 250,
    "Thrust": 100,
    "Id": "267a3972-757f-4244-ac52-6bc7b30bac9f",
    "CreatedOn": "2024-09-26T13:55:26.817Z",
    "CreatedBy": "",
    "ModifiedOn": "2024-09-26T13:55:26.817Z",
    "ModifiedBy": ""
  },
  {
    "Name": "Chain actuator D4 600",
    "Bezeichnung": "Kettenantrieb D4 600",
    "ConfigurationId": "00000000-0000-0000-0000-000000000000",
    "Description": "",
    "Application": "Facade",
    "ApplicationFacade": true,
    "ApplicationSkylight": false,
    "Type": 1,
    "OpeningType": 0,
    "BottomHungInward": true,
    "BottomHungOutward": false,
    "SideHungInward": true,
    "SideHungOutward": false,
    "TopHungInward": false,
    "TopHungOutward": true,
    "ProjectedTopHungInward": false,
    "ProjectedTopHungOutward": false,
    "InstallationType": "",
    "ITMainOutFrmMountWBracket": true,
    "ITMainFixOutFrmMount": true,
    "ITMainVentFrmMount": true,
    "ITSideMount50": false,
    "ITSideMount60": false,
    "ITSideMount70": false,
    "ITSideMount80": false,
    "ITSideMount67": true,
    "Feature": "",
    "FeatureOpenClose": true,
    "FeatureLock": true,
    "ArticleNumber": 291708,
    "Stroke": 600,
    "Angle": 0,
    "Voltage": "24 V DC",
    "Voltage24": true,
    "Voltage230": false,
    "RatedCurrent": 1,
    "BreakingCurrent": 1,
    "PullingForceMax": 400,
    "PushingForceMax": 100,
    "PullingForceMaxWithNegativeWind": 0,
    "PushingForceMaxWithNegativeWind": 0,
    "PushingForcePermanent": 66.67,
    "PullingForcePermanent": 400,
    "MinPullingForceMax": 0,
    "MinPushingForceMax": 79.72,
    "MinPullingForcePermanent": -156.77,
    "MinPushingForcePermanent": 0,
    "Price": 282.19,
    "DriveLength": 665,
    "ChainDrive": 765,
    "ChainDrive2": 1490,
    "MaxLengthMainClosingEdge1Drive": 1850,
    "MaxGeometricArea": 1,
    "GeometricalSmokeExhaustion": 0,
    "TotalGlassThickness": 14,
    "Dimensions": 0,
    "DimensionsWxHxD": "665 x 24 x 35",
    "TensileForce": 0,
    "LockingForce": 0,
    "Details_DE": "<ul><li>Bemessungsspannung: 24 V DC (19 V … 28 V)</li> <li>Abschaltstrom: 1,2 A</li> <li>Bemessungsstrom: 0,9 A</li> <li>Bemessungsaufnahme: 22 W</li> <li>Schutzart: IP 32</li> <li>Zug-/Schubkraft: max. 400 N</li> <li>Umgebungstemperatur: -5°C bis + 60°C</li> <li>Anschlussleitung: Halogenfrei, grau 5 x 0,5mm², ~3m</li> <li>Max. Geschwindigkeit: 13,5 mm/s</li></ul>",
    "Details_EN": "<ul><li>Rated voltage: 24 V DC (19 V … 28 V)</li> <li>Breaking current: 1.2 A</li><li>Rated current: 0.9 A</li><li>Rated consumption: 22 W</li><li>Protection rating: IP 32</li><li>Traction/ thrust: max. 400 N</li><li>Ambient temperature: -5° C to +60° C</li><li>Connecting cable: halogen-free, grey, 5 x 0.5 mm², ~ 3 m</li><li>Max. speed: 13,5 mm/s </li></ul>",
    "Einsatz": "<ul><li>Anwendung: Lüftung, NRA</li> <li>Integrierte intelligente Regelelektronik</li> <li>Rückmeldung Endlage „ZU“ (max. 24 V, 500 mA)</li> </ul>",
    "Use": "<ul><li>Application: ventilation, natural smoke ventilation</li> <li>Integrated intelligent control electronics</li> <li>Response for “CLOSED” end position (max. 24 V, 500 mA)</li> </ul>",
    "Ausstattung": "<ul><li>Zusätzlicher Universal-Steckersatz für Mehrfachbetrieb bis zu 4 Antrieben und 2 Verriegelungsantrieben</li></ul>",
    "Equipment": "<ul><li>Additional universal plug socket for multiplex operation of up to 4 drives and 2 interlocking drives</li></ul>",
    "Optionen": "<ul><li>Programmierung von Sonderfunktionen</li> <li>Programmierbare Rückmeldung Endlage „AUF“ (max. 24 V, 500 mA)</li> <li>Schüco Kontroller zur automatischen Konfiguration von Synchronlauf und Folgesteuerungen mit Verriegelungsantrieben in Antriebs-Verbundsystemen</li> </ul>",
    "Options": "<ul><li>Programming of special functions</li> <li>Programmable response for “OPEN” end position (max. 24 V, 500 mA)</li> <li>Schüco controller for automatic configuration of synchronous running and sequence control with locking drives in composite drive systems</li> </ul>",
    "IsTwoPce": false,
    "ResultVentWeight": 77.26,
    "IsLsRsDrive": true,
    "ArticleNumberRs": 291707,
    "TwoDrivesSideInstallation50": 0,
    "TwoDrivesSideInstallation60": 0,
    "TwoDrivesSideInstallation70": 0,
    "TwoDrivesSideInstallation80": 0,
    "OpeningSpeedmms": 0,
    "Traction": 400,
    "Thrust": 100,
    "Id": "fcff08f9-981e-47bb-8f19-91cb4dc64404",
    "CreatedOn": "2024-09-26T13:55:26.817Z",
    "CreatedBy": "",
    "ModifiedOn": "2024-09-26T13:55:26.817Z",
    "ModifiedBy": ""
  },
  {
    "Name": "Chain actuator D6 600",
    "Bezeichnung": "Kettenantrieb D6 600",
    "ConfigurationId": "00000000-0000-0000-0000-000000000000",
    "Description": "",
    "Application": "Facade",
    "ApplicationFacade": true,
    "ApplicationSkylight": true,
    "Type": 1,
    "OpeningType": 0,
    "BottomHungInward": true,
    "BottomHungOutward": true,
    "SideHungInward": true,
    "SideHungOutward": true,
    "TopHungInward": false,
    "TopHungOutward": true,
    "ProjectedTopHungInward": false,
    "ProjectedTopHungOutward": true,
    "InstallationType": "",
    "ITMainOutFrmMountWBracket": true,
    "ITMainFixOutFrmMount": false,
    "ITMainVentFrmMount": true,
    "ITSideMount50": false,
    "ITSideMount60": false,
    "ITSideMount70": false,
    "ITSideMount80": false,
    "ITSideMount67": true,
    "Feature": "",
    "FeatureOpenClose": true,
    "FeatureLock": true,
    "ArticleNumber": 291716,
    "Stroke": 600,
    "Angle": 0,
    "Voltage": "24 V DC",
    "Voltage24": true,
    "Voltage230": false,
    "RatedCurrent": 1,
    "BreakingCurrent": 1,
    "PullingForceMax": 600,
    "PushingForceMax": 600,
    "PullingForceMaxWithNegativeWind": 0,
    "PushingForceMaxWithNegativeWind": 0,
    "PushingForcePermanent": 400,
    "PullingForcePermanent": 600,
    "MinPullingForceMax": 0,
    "MinPushingForceMax": 79.72,
    "MinPullingForcePermanent": -156.77,
    "MinPushingForcePermanent": 0,
    "Price": 374.18,
    "DriveLength": 693,
    "ChainDrive": 793,
    "ChainDrive2": 1546,
    "MaxLengthMainClosingEdge1Drive": 1920,
    "MaxGeometricArea": 1,
    "GeometricalSmokeExhaustion": 0,
    "TotalGlassThickness": 14,
    "Dimensions": 0,
    "DimensionsWxHxD": "693 x 40 x 56",
    "TensileForce": 0,
    "LockingForce": 0,
    "Details_DE": "<ul> <li>Bemessungsspannung: 24 V DC (19 V … 28 V)</li> <li>Abschaltstrom: 1,2 A</li> <li>Bemessungsstrom: 0,9 A</li> <li>Bemessungsaufnahme: 22 W</li> <li>Schutzart: IP 32</li> <li>Zug-/Schubkraft: max. 600 N</li> <li>Umgebungstemperatur: -5°C bis + 60°C</li> <li>Anschlussleitung: Halogenfrei, grau 5 x 0,5mm², ~3m</li> <li>Max. Geschwindigkeit: 13,5 mm/s</li> </ul>",
    "Details_EN": "<ul> <li>Rated voltage: 24 V DC (19 V … 28 V)</li><li>Breaking current: 1.2 A</li><li>Rated current: 0.9 A</li><li>Rated consumption: 22W</li><li>Protection rating: IP 32</li><li>Traction/ thrust: max. 600 N</li><li>Ambient temperature: -5° C to +60° C</li><li>Connecting cable: halogen-free, grey 3 x 0,5mm², ~3m</li><li>Max. speed: 13,5 mm/s</li></ul>",
    "Einsatz": "<ul><li>Anwendung: Lüftung, NRA</li> <li>Integrierte intelligente Regelelektronik</li></ul>",
    "Use": "<ul><li>Application: ventilation, natural smoke ventilation</li> <li>Integrated intelligent control electronics</li> </ul>",
    "Ausstattung": "<ul><li>Zusätzlicher Universal-Steckersatz für Mehrfachbetrieb bis zu 4 Antrieben und 2 Verriegelungsantrieben</li></ul>",
    "Equipment": "<ul><li>Additional universal plug socket for multiplex operation  of up to 4 drives and 2 interlocking drives</li></ul>",
    "Optionen": "<ul><li>Programmierung von Sonderfunktionen</li> <li>Programmierbare Rückmeldung Endlage „AUF“ (max. 24 V, 500 mA)</li> <li>Schüco Kontroller zur automatischen Konfiguration von Synchronlauf und Folgesteuerungen mit Verriegelungsantrieben in Antriebs-Verbundsystemen</li> </ul>",
    "Options": "<ul><li>Programming of special functions</li> <li>Programmable response for “OPEN” end position (max. 24 V, 500 mA)</li> <li>Schüco controller for automatic configuration of synchronous running and sequence control with locking drives in composite drive systems</li> </ul>",
    "IsTwoPce": false,
    "ResultVentWeight": 77.26,
    "IsLsRsDrive": false,
    "ArticleNumberRs": 0,
    "TwoDrivesSideInstallation50": 0,
    "TwoDrivesSideInstallation60": 0,
    "TwoDrivesSideInstallation70": 0,
    "TwoDrivesSideInstallation80": 0,
    "OpeningSpeedmms": 0,
    "Traction": 600,
    "Thrust": 600,
    "Id": "3cae6110-7870-4645-8094-e12449f27b1f",
    "CreatedOn": "2024-09-26T13:55:26.817Z",
    "CreatedBy": "",
    "ModifiedOn": "2024-09-26T13:55:26.817Z",
    "ModifiedBy": ""
  },
  {
    "Name": "Chain actuator TWIN D2 L600",
    "Bezeichnung": "Kettenantrieb TWIN D2 L600",
    "ConfigurationId": "00000000-0000-0000-0000-000000000000",
    "Description": "",
    "Application": "Facade",
    "ApplicationFacade": true,
    "ApplicationSkylight": false,
    "Type": 1,
    "OpeningType": 0,
    "BottomHungInward": true,
    "BottomHungOutward": false,
    "SideHungInward": false,
    "SideHungOutward": false,
    "TopHungInward": false,
    "TopHungOutward": true,
    "ProjectedTopHungInward": false,
    "ProjectedTopHungOutward": false,
    "InstallationType": "",
    "ITMainOutFrmMountWBracket": true,
    "ITMainFixOutFrmMount": true,
    "ITMainVentFrmMount": true,
    "ITSideMount50": false,
    "ITSideMount60": false,
    "ITSideMount70": false,
    "ITSideMount80": false,
    "ITSideMount67": false,
    "Feature": "",
    "FeatureOpenClose": true,
    "FeatureLock": true,
    "ArticleNumber": 291774,
    "Stroke": 600,
    "Angle": 0,
    "Voltage": "24 V DC",
    "Voltage24": true,
    "Voltage230": false,
    "RatedCurrent": 1,
    "BreakingCurrent": 2,
    "PullingForceMax": 500,
    "PushingForceMax": 200,
    "PullingForceMaxWithNegativeWind": 0,
    "PushingForceMaxWithNegativeWind": 0,
    "PushingForcePermanent": 133.33,
    "PullingForcePermanent": 500,
    "MinPullingForceMax": 0,
    "MinPushingForceMax": 79.72,
    "MinPullingForcePermanent": -156.77,
    "MinPushingForcePermanent": 0,
    "Price": 532.67,
    "DriveLength": 1060,
    "ChainDrive": 1160,
    "ChainDrive2": 0,
    "MaxLengthMainClosingEdge1Drive": 1650,
    "MaxGeometricArea": 1,
    "GeometricalSmokeExhaustion": 0,
    "TotalGlassThickness": 14,
    "Dimensions": 0,
    "DimensionsWxHxD": "1060 x 26 x 41",
    "TensileForce": 0,
    "LockingForce": 0,
    "Details_DE": "<ul><li>Bemessungsspannung: 24 V DC (19 V … 28 V)</li> <li>Abschaltstrom: 2,0 A</li> <li>Bemessungsstrom: 1,4 A</li> <li>Bemessungsaufnahme: 34 W</li> <li>Schutzart: IP 32</li> <li>Zug-/Schubkraft: max. 500 N</li> <li>Umgebungstemperatur: -5°C bis + 60°C</li> <li>Anschlussleitung: Halogenfrei, grau 3 x 0,5mm², ~3m</li> <li>Max. Geschwindigkeit: 12 mm/s</li> </ul>",
    "Details_EN": "<ul><li>Rated voltage: 24 V DC (19 V … 28 V)</li><li>Breaking current: 2.0 A</li><li>Rated current: 1.4 A</li><li>Rated consumption: 34 W</li><li>Protection rating: IP 32</li><li>Traction/ thrust: max. 500 N</li><li>Ambient temperature: -5°C bis + 60°C</li><li>Connecting cable: halogen-free, grey 3 x 0,5mm², ~3m</li><li>Max. speed: 12 mm/s</li></ul>",
    "Einsatz": "<ul><li>Anwendung: Lüftung, NRA</li> <li>Integrierte intelligente Regelelektronik</li> <li>Rückmeldung Endlage „ZU“ (max. 24 V, 500 mA)</li> </ul>",
    "Use": "<ul><li>Application: ventilation, natural smoke ventilation</li> <li>Integrated intelligent control electronics</li> <li>Response for \"CLOSED\" end position (max. 24 V, 500 mA)</li> </ul>",
    "Ausstattung": null,
    "Equipment": null,
    "Optionen": "<ul><li>Programmierung von Sonderfunktionen</li> <li>Programmierbare Rückmeldung Endlage „AUF“ (max. 24 V, 500 mA)</li> <li>Schüco Kontroller zur automatischen Konfiguration von Synchronlauf und Folgesteuerungen mit Verriegelungsantrieb in Antriebs-Verbundsystem</li> </ul>",
    "Options": "<ul><li>Programming of special functions</li> <li>Programmable response for \"OPEN\" end position (max. 24 V, 500 mA)</li> <li>Schüco controller for automatic configuration of synchronous running and sequence control with locking drives in composite drive systems</li> </ul>",
    "IsTwoPce": false,
    "ResultVentWeight": 77.26,
    "IsLsRsDrive": false,
    "ArticleNumberRs": 0,
    "TwoDrivesSideInstallation50": 0,
    "TwoDrivesSideInstallation60": 0,
    "TwoDrivesSideInstallation70": 0,
    "TwoDrivesSideInstallation80": 0,
    "OpeningSpeedmms": 0,
    "Traction": 500,
    "Thrust": 200,
    "Id": "e894c2ec-1e80-4d24-8c80-a383a582ab2a",
    "CreatedOn": "2024-09-26T13:55:26.817Z",
    "CreatedBy": "",
    "ModifiedOn": "2024-09-26T13:55:26.817Z",
    "ModifiedBy": ""
  },
  {
    "Name": "Locking actuator EasyConnect ow",
    "Bezeichnung": "Verriegelungsantrieb EasyConnect ow",
    "ConfigurationId": "00000000-0000-0000-0000-000000000000",
    "Description": "",
    "Application": "",
    "ApplicationFacade": true,
    "ApplicationSkylight": false,
    "Type": 5,
    "OpeningType": 0,
    "BottomHungInward": false,
    "BottomHungOutward": false,
    "SideHungInward": false,
    "SideHungOutward": true,
    "TopHungInward": false,
    "TopHungOutward": true,
    "ProjectedTopHungInward": false,
    "ProjectedTopHungOutward": true,
    "InstallationType": "",
    "ITMainOutFrmMountWBracket": true,
    "ITMainFixOutFrmMount": false,
    "ITMainVentFrmMount": false,
    "ITSideMount50": false,
    "ITSideMount60": false,
    "ITSideMount70": false,
    "ITSideMount80": false,
    "ITSideMount67": false,
    "Feature": "",
    "FeatureOpenClose": true,
    "FeatureLock": false,
    "ArticleNumber": 291589,
    "Stroke": 0,
    "Angle": 0,
    "Voltage": null,
    "Voltage24": true,
    "Voltage230": true,
    "RatedCurrent": 0,
    "BreakingCurrent": 0,
    "PullingForceMax": 0,
    "PushingForceMax": 0,
    "PullingForceMaxWithNegativeWind": 0,
    "PushingForceMaxWithNegativeWind": 0,
    "PushingForcePermanent": 0,
    "PullingForcePermanent": 0,
    "MinPullingForceMax": 0,
    "MinPushingForceMax": 0,
    "MinPullingForcePermanent": 0,
    "MinPushingForcePermanent": 0,
    "Price": 0,
    "DriveLength": 0,
    "ChainDrive": 0,
    "ChainDrive2": 0,
    "MaxLengthMainClosingEdge1Drive": 0,
    "MaxGeometricArea": 0,
    "GeometricalSmokeExhaustion": 0,
    "TotalGlassThickness": 0,
    "Dimensions": 0,
    "DimensionsWxHxD": "375 x 24 x 35",
    "TensileForce": 0,
    "LockingForce": 0,
    "Details_DE": "<ul> <li>Bemessungsspannung: 24 V DC (19 V … 28 V)</li> <li>Abschaltstrom: ~1,0 A</li> <li>Bemessungsstrom: 0,6 A</li> <li>Bemessungsaufnahme: 15 W</li> <li>Schutzart: IP 32</li><li>Zug-/Schubkraft: max. 600 N</li> <li>Umgebungstemperatur: -5°C bis + 60°C</li> <li>Anschlussleitung: Halogenfrei, grau 5 x 0,5mm² , ~5m</li> <li>Laufzeit: ~ 5s</li><li>Hub: ~ 18mm</li> </ul>",
    "Details_EN": "<ul> <li>Rated voltage : 24 V DC (19 V … 28 V</li> <li>Breaking current : ~1,0 A</li> <li>Rated current : 0,6 A</li> <li>Rated consumption : 15 W</li> <li>Protection rating : IP 32</li><li>Traction/ thrust : max. 600 N</li> <li>Ambient temperature: -5°C bis + 60°C</li> <li>Connecting cable: halogen-free, grey 5 x 0,5mm² , ~5m</li> <li>Running time: ~ 5s</li><li>Stroke: ~ 18mm</li> </ul>",
    "Einsatz": "<ul> <li>Anwendung: Lüftung, NRA</li><li>Integrierte intelligente Regelelektronik</li></ul>",
    "Use": "<ul> <li>Application: ventilation, natural smoke ventilation</li> <li>Integrated intelligent control electronics</li></ul>",
    "Ausstattung": "<ul><li>Laufrichtung einstellbar</li><li>Zusätzlicher Universal-Steckersatz</li></ul>",
    "Equipment": "<ul><li>Running direction adjustable</li><li>Additional universal plug socket</li></ul>",
    "Optionen": "<ul> <li>Mitnehmer objekt-/profilspezifisch anpassbar</li></ul>",
    "Options": "<ul> <li>Coupling adapter customizable for project-/profile-specific demands</li></ul>",
    "IsTwoPce": false,
    "ResultVentWeight": 0,
    "IsLsRsDrive": false,
    "ArticleNumberRs": 0,
    "TwoDrivesSideInstallation50": 0,
    "TwoDrivesSideInstallation60": 0,
    "TwoDrivesSideInstallation70": 0,
    "TwoDrivesSideInstallation80": 0,
    "OpeningSpeedmms": 0,
    "Traction": 0,
    "Thrust": 0,
    "Id": "ebe9753c-e5d7-4140-afe0-9f98bf25df99",
    "CreatedOn": "2024-09-26T13:55:26.817Z",
    "CreatedBy": "",
    "ModifiedOn": "2024-09-26T13:55:26.817Z",
    "ModifiedBy": ""
  }
]

13:06:22.740 [main] INFO  com.intuit.karate - Expected RecommDrive: Chain actuator D2 L600,Chain actuator D4 600,Chain actuator D6 600,Chain actuator TWIN D2 L600,Locking actuator EasyConnect ow 
13:06:22.745 [main] INFO  com.intuit.karate - Actual RecommDrive: Chain actuator D2 L600, Chain actuator D4 600, Chain actuator D6 600, Chain actuator TWIN D2 L600, Locking actuator EasyConnect ow 
13:06:22.745 [main] INFO  com.intuit.karate - Normalized Actual RecommDrive: Chain actuator D2 L600,Chain actuator D4 600,Chain actuator D6 600,Chain actuator TWIN D2 L600,Locking actuator EasyConnect ow 
13:06:22.745 [main] INFO  com.intuit.karate - Normalized Expected RecommDrive: Chain actuator D2 L600,Chain actuator D4 600,Chain actuator D6 600,Chain actuator TWIN D2 L600,Locking actuator EasyConnect ow 
13:06:22.745 [main] INFO  com.intuit.karate - All Drive IDs: [
  "267a3972-757f-4244-ac52-6bc7b30bac9f",
  "fcff08f9-981e-47bb-8f19-91cb4dc64404",
  "3cae6110-7870-4645-8094-e12449f27b1f",
  "e894c2ec-1e80-4d24-8c80-a383a582ab2a",
  "ebe9753c-e5d7-4140-afe0-9f98bf25df99"
]
 
13:06:22.745 [main] INFO  com.intuit.karate - First Drive ID: 267a3972-757f-4244-ac52-6bc7b30bac9f 
13:06:22.745 [main] DEBUG com.intuit.karate - request:
3 > POST https://dev-drivetec-apis.schuecodigitalsolutions.com/api/Drives/DownloadPDFNew/Schuco
3 > Content-Type: application/json; charset=UTF-8
3 > Content-Length: 1194
3 > Host: dev-drivetec-apis.schuecodigitalsolutions.com
3 > Connection: Keep-Alive
3 > User-Agent: Apache-HttpClient/4.5.14 (Java/17.0.12)
3 > Accept-Encoding: gzip,deflate
[{"Id":"configId","Header":"configId","Value":"33dab258-aa14-4deb-9083-fc3f918d9d12"},{"Id":"driveId","Header":"driveId","Value":"267a3972-757f-4244-ac52-6bc7b30bac9f"},{"Id":"culture","Header":"culture","Value":"EN-US"},{"Id":"projectId","Header":"projectId","Value":"4bf1dfc8-fd6d-4d3a-9337-7ee7425ebbdf"},{"Id":"range-of-app","Header":"Range of application","Value":"Façade"},{"Id":"opening-type","Header":"Opening type","Value":"Bottom-hung vent"},{"Id":"opening-direction","Header":"Opening direction","Value":"Inward"},{"Id":"how-calc-weight","Header":"Vent weight","Value":"Weight including glass"},{"Id":"Chain-Length","Header":"Chain- \/ connecting rod handle","Value":"100%"},{"Id":"drive-position","Header":"Drive position","Value":"Side installation"},{"Id":"locking-mechanism","Header":"Locking mechanism","Value":"With"},{"Id":"voltage","Header":"Voltage","Value":"24 V"},{"Id":"drive-type","Header":"Drive type","Value":"Chain drive"},{"Id":"type-installation","Header":"Type of installation","Value":"Pivoting Outer Frame Installation"},{"Id":"calculation-type-for-ventilation-area","Header":"Calculation type for ventilation area","Value":"Method in accordance with ASR 3.6"}]

13:06:24.312 [main] DEBUG com.intuit.karate - response time in milliseconds: 1567
3 < 200
3 < Content-Type: application/json; charset=utf-8
3 < Date: Tue, 03 Dec 2024 07:36:24 GMT
3 < Server: Microsoft-IIS/10.0
3 < X-Powered-By: ASP.NET
3 < Content-Length: 277
3 < Connection: keep-alive
{
  "result": "https://drive-tec-dev.s3.amazonaws.com/AUT_TPJ26668-Chain_actuator_D2_L600.pdf?AWSAccessKeyId=AKIAZAWIART4ZFAXXPHK&Expires=1733214984&response-content-disposition=attachment%3B&response-content-type=application%2Fpdf&Signature=OMtXKsVjXvpefnCiLclozdlDHDY%3D"
}

13:06:24.312 [main] INFO  com.intuit.karate - Download URL for first driveId: https://drive-tec-dev.s3.amazonaws.com/AUT_TPJ26668-Chain_actuator_D2_L600.pdf?AWSAccessKeyId=AKIAZAWIART4ZFAXXPHK&Expires=1733214984&response-content-disposition=attachment%3B&response-content-type=application%2Fpdf&Signature=OMtXKsVjXvpefnCiLclozdlDHDY%3D 
13:06:24.312 [main] INFO  com.intuit.karate - karate.env system property was: null 
13:06:24.312 [main] INFO  com.intuit.karate - Running test for dataset:  Dataset15 
13:06:24.327 [main] INFO  com.intuit.karate - Using ProjectId:  {
  "result": {
    "projectId": "prjId"
  },
  "projectPayload": {
    "Id": "579816e4-6653-4794-b435-a885f32e28d7",
    "Name": "AUT_TPJ26668",
    "Address": "Hyderabad, Telangana, India",
    "Description": "",
    "CreatedBy": "579816e4-6653-4794-b435-a885f32e28d7",
    "ModifiedBy": "579816e4-6653-4794-b435-a885f32e28d7"
  },
  "uniqueName": "AUT_TPJ26668",
  "responseHeaders": {
    "Content-Type": [
      "application/json; charset=utf-8"
    ],
    "Date": [
      "Tue, 03 Dec 2024 07:35:27 GMT"
    ],
    "Server": [
      "Microsoft-IIS/10.0"
    ],
    "X-Powered-By": [
      "ASP.NET"
    ],
    "transfer-encoding": [
      "chunked"
    ],
    "Connection": [
      "keep-alive"
    ],
    "Set-Cookie": [
    ]
  },
  "responseTime": 1242,
  "response": {
    "Name": "AUT_TPJ26668",
    "Description": "",
    "Address": "Hyderabad, Telangana, India",
    "Id": "4bf1dfc8-fd6d-4d3a-9337-7ee7425ebbdf",
    "CreatedOn": "2024-12-03T07:35:27.7758566+00:00",
    "CreatedBy": "579816e4-6653-4794-b435-a885f32e28d7",
    "ModifiedOn": "2024-12-03T07:35:27.7759029+00:00",
    "ModifiedBy": ""
  },
  "responseStatus": 200,
  "prjId": "4bf1dfc8-fd6d-4d3a-9337-7ee7425ebbdf",
  "projectId": "4bf1dfc8-fd6d-4d3a-9337-7ee7425ebbdf"
}
 
13:06:24.327 [main] DEBUG com.intuit.karate - request:
1 > POST https://dev-drivetec-apis.schuecodigitalsolutions.com/Configurations
1 > Content-Type: application/json; charset=UTF-8
1 > Content-Length: 1275
1 > Host: dev-drivetec-apis.schuecodigitalsolutions.com
1 > Connection: Keep-Alive
1 > User-Agent: Apache-HttpClient/4.5.14 (Java/17.0.12)
1 > Accept-Encoding: gzip,deflate
{"Id":"00000000-0000-0000-0000-000000000000","ProjectId":"4bf1dfc8-fd6d-4d3a-9337-7ee7425ebbdf","Name":"Dataset4328","Description":"Dataset4328","CustomTags":"","CreatedBy":"579816e4-6653-4794-b435-a885f32e28d7","ModifiedBy":"579816e4-6653-4794-b435-a885f32e28d7","ApplicationName":1,"System":"","FacadeInclination":0,"OpeningType":1,"OpeningDirection":1,"OpeningWidth":1000,"VentOuterWidth":1230,"VentOuterHeight":1480,"VentWeight":70,"CalculateWeightWithGlass":false,"WeightIncGlassOrThickness":false,"GlassThickness":14,"ProfileWeightPerSerialMeter":2.5,"IsWindowOpeningCalculationByAngle":1,"RequiredOpeningStroke":400,"OpeningAngle":15,"WindLoad":120,"SnowLoad":0,"DrivePosition":2,"InstallationPosition":1,"ChainLengthConnectingRodHandle":5,"LockingMechanism":1,"Voltage":1,"DriveType":1,"TypeOfInstallation":2,"CalculationTypeForVentilation":1,"CalcVentilation":1,"GeometricArea":1,"SpecificExhaustDimension":30,"BuildingDepth":75,"RevealDepth":0,"RevealDepthRectangleAngle1":0,"RevealDepthRectangleAngle2":0,"HeightOfProfile":0,"HeightProfileRectangleAngle1":0,"HeightProfileRectangleAngle2":0,"AkippOrAtilt":0,"AdrehOrAturn":0,"Ageo":0,"MinPullingForceMax":0,"MinPushingForceMax":0,"MinPullingForcePermanent":0,"MinPushingForcePermanent":0,"ForceWithNegativeWind":0}

13:06:24.990 [main] DEBUG com.intuit.karate - response time in milliseconds: 663
1 < 200
1 < Content-Type: application/json; charset=utf-8
1 < Date: Tue, 03 Dec 2024 07:36:24 GMT
1 < Server: Microsoft-IIS/10.0
1 < X-Powered-By: ASP.NET
1 < transfer-encoding: chunked
1 < Connection: keep-alive
{
  "ProjectId": "4bf1dfc8-fd6d-4d3a-9337-7ee7425ebbdf",
  "Name": "Dataset4328",
  "Description": "Dataset4328",
  "CustomTags": "",
  "ApplicationName": 1,
  "OpeningType": 1,
  "OpeningDirection": 1,
  "CalculateWeightWithGlass": false,
  "WindLoad": 120,
  "IsWindowOpeningCalculationByAngle": 1,
  "VentOuterWidth": 1230,
  "VentOuterHeight": 1480,
  "WeightIncGlassOrThickness": false,
  "VentWeight": 77,
  "VentWeightExact": 77.26400000000001,
  "GlassThickness": 14,
  "ProfileWeightPerSerialMeter": 2.5,
  "FacadeInclination": 0,
  "ChainLengthConnectingRodHandle": 5,
  "ChainLenghtConnectingRodHandle": 0,
  "RequiredOpeningStroke": 400,
  "OpeningWidth": 1000,
  "OpeningAngle": 15.532868337024489,
  "SpecificExhaustDimension": 30,
  "BuildingDepth": 75,
  "SnowLoad": 0,
  "DistanceHinge": 0,
  "RatedCurrent": 0,
  "DrivePosition": 2,
  "LockingMechanism": 1,
  "Voltage": 1,
  "DriveType": 1,
  "TypeOfInstallation": 2,
  "GeometricArea": 0,
  "CalculationTypeForVentilation": 1,
  "HeightOfProfile": 0,
  "Reveal": 0,
  "RevealDepth": 0,
  "HeightProfileRectangleAngle1": 0,
  "HeightProfileRectangleAngle2": 0,
  "RevealDepthRectangleAngle1": 0,
  "RevealDepthRectangleAngle2": 0,
  "RevealDepthRectangleAngle12": 0,
  "InstallationPosition": 0,
  "RecommendedDriveArticleNo": 0,
  "System": "",
  "AkippOrAtilt": 1.084,
  "AdrehOrAturn": 1.8204,
  "Ageo": 1.084,
  "MinPullingForceMax": -206.4868442161654,
  "MinPushingForceMax": -206.4868442161654,
  "MinPullingForcePermanent": -104.11163259218097,
  "MinPushingForcePermanent": -104.11163259218097,
  "ForceWithNegativeWind": 109.53156767199486,
  "ForceWithNoWindMin": 0.30763693489047433,
  "ForceWithNegativeWindMin": 0,
  "ForceWithWindMin": -108.91629380221393,
  "Id": "2584d022-5c81-4b31-87f3-6bb7c0d69ec1",
  "CreatedOn": "2024-12-03T07:36:24.9073717+00:00",
  "CreatedBy": "579816e4-6653-4794-b435-a885f32e28d7",
  "ModifiedOn": "2024-12-03T07:36:24.9073727+00:00",
  "ModifiedBy": ""
}

13:06:24.990 [main] INFO  com.intuit.karate - Generated Config ID: 2584d022-5c81-4b31-87f3-6bb7c0d69ec1 
13:06:24.990 [main] INFO  com.intuit.karate - Generated Name: Dataset4328 
13:06:24.990 [main] INFO  com.intuit.karate - Generated Description: Dataset4328 
13:06:25.005 [main] DEBUG com.intuit.karate - request:
1 > PUT https://dev-drivetec-apis.schuecodigitalsolutions.com/Configurations
1 > Content-Type: application/json; charset=UTF-8
1 > Content-Length: 1278
1 > Host: dev-drivetec-apis.schuecodigitalsolutions.com
1 > Connection: Keep-Alive
1 > User-Agent: Apache-HttpClient/4.5.14 (Java/17.0.12)
1 > Accept-Encoding: gzip,deflate
{"Id":"2584d022-5c81-4b31-87f3-6bb7c0d69ec1","Name":"Dataset15","Description":"Dataset4328","ProjectId":"4bf1dfc8-fd6d-4d3a-9337-7ee7425ebbdf","CustomTags":"","CreatedBy":"579816e4-6653-4794-b435-a885f32e28d7","ModifiedBy":"579816e4-6653-4794-b435-a885f32e28d7","System":"","FacadeInclination":25,"OpeningType":2,"OpeningDirection":2,"OpeningWidth":1000,"VentOuterWidth":1230,"VentOuterHeight":1480,"VentWeight":0,"CalculateWeightWithGlass":false,"RequiredOpeningStroke":501,"WindLoad":120,"SnowLoad":0,"IsWindowOpeningCalculationByAngle":1,"GlassThickness":14,"ProfileWeightPerSerialMeter":2.5,"DrivePosition":1,"InstallationPosition":0,"LockingMechanism":1,"Voltage":1,"DriveType":1,"TypeOfInstallation":2,"GeometricArea":0,"CalcVentilation":2,"SpecificExhaustDimension":35,"BuildingDepth":65,"CalculationTypeForVentilation":2,"HeightOfProfile":200,"HeightProfileRectangleAngle1":0,"HeightProfileRectangleAngle2":0,"RevealDepth":1000,"RevealDepthRectangleAngle1":0,"RevealDepthRectangleAngle2":0,"ChainLengthConnectingRodHandle":5,"ApplicationName":1,"OpeningAngle":10,"WeightIncGlassOrThickness":false,"AkippOrAtilt":0,"AdrehOrAturn":0,"Ageo":0,"MinPullingForceMax":0,"MinPushingForceMax":0,"MinPullingForcePermanent":0,"MinPushingForcePermanent":0,"ForceWithNegativeWind":0}

13:06:25.663 [main] DEBUG com.intuit.karate - response time in milliseconds: 658
1 < 200
1 < Content-Type: application/json; charset=utf-8
1 < Date: Tue, 03 Dec 2024 07:36:25 GMT
1 < Server: Microsoft-IIS/10.0
1 < X-Powered-By: ASP.NET
1 < Content-Length: 2082
1 < Connection: keep-alive
{
  "ProjectId": "4bf1dfc8-fd6d-4d3a-9337-7ee7425ebbdf",
  "Name": "Dataset15",
  "Description": "Dataset4328",
  "CustomTags": "",
  "ApplicationName": 1,
  "OpeningType": 2,
  "OpeningDirection": 2,
  "CalculateWeightWithGlass": false,
  "WindLoad": 120,
  "IsWindowOpeningCalculationByAngle": 1,
  "VentOuterWidth": 1230,
  "VentOuterHeight": 1480,
  "WeightIncGlassOrThickness": false,
  "VentWeight": 77,
  "VentWeightExact": 77.26400000000001,
  "GlassThickness": 14,
  "ProfileWeightPerSerialMeter": 2.5,
  "FacadeInclination": 25,
  "ChainLengthConnectingRodHandle": 5,
  "ChainLenghtConnectingRodHandle": 0,
  "RequiredOpeningStroke": 501,
  "OpeningWidth": 1000,
  "OpeningAngle": 19.48921629278459,
  "SpecificExhaustDimension": 35,
  "BuildingDepth": 65,
  "SnowLoad": 0,
  "DistanceHinge": 0,
  "RatedCurrent": 0,
  "DrivePosition": 1,
  "LockingMechanism": 1,
  "Voltage": 1,
  "DriveType": 1,
  "TypeOfInstallation": 2,
  "GeometricArea": 0,
  "CalculationTypeForVentilation": 2,
  "HeightOfProfile": 200,
  "Reveal": 0,
  "RevealDepth": 1000,
  "HeightProfileRectangleAngle1": 0,
  "HeightProfileRectangleAngle2": 0,
  "RevealDepthRectangleAngle1": 0,
  "RevealDepthRectangleAngle2": 0,
  "RevealDepthRectangleAngle12": 0,
  "InstallationPosition": 0,
  "RecommendedDriveArticleNo": 0,
  "System": "",
  "AkippOrAtilt": 1.35771,
  "AdrehOrAturn": 1.8204,
  "Ageo": 0.6749039376946829,
  "MinPullingForceMax": 72.5767603948726,
  "MinPushingForceMax": -73.1085591046228,
  "MinPullingForcePermanent": -162.9095403661677,
  "MinPushingForcePermanent": -162.9095403661677,
  "ForceWithNegativeWind": -252.7105216277126,
  "ForceWithNoWindMin": -37.245591169420564,
  "ForceWithNegativeWindMin": -147.06794273371372,
  "ForceWithWindMin": 72.5767603948726,
  "Id": "2584d022-5c81-4b31-87f3-6bb7c0d69ec1",
  "CreatedOn": "0001-01-01T00:00:00",
  "CreatedBy": "579816e4-6653-4794-b435-a885f32e28d7",
  "ModifiedOn": "2024-12-03T07:36:25.5840283+00:00",
  "ModifiedBy": "579816e4-6653-4794-b435-a885f32e28d7"
}

13:06:25.663 [main] INFO  com.intuit.karate - Rounded Opening Angle: 19.0 
13:06:25.663 [main] INFO  com.intuit.karate - Rounded Ageo: 0.67 
13:06:25.663 [main] INFO  com.intuit.karate - Rounded Required Opening Stroke: 501.0 
13:06:25.663 [main] INFO  com.intuit.karate - Rounded Vent Weight: 77.0 
13:06:25.679 [main] DEBUG com.intuit.karate - request:
2 > GET https://dev-drivetec-apis.schuecodigitalsolutions.com/Config/2584d022-5c81-4b31-87f3-6bb7c0d69ec1/Drive
2 > Host: dev-drivetec-apis.schuecodigitalsolutions.com
2 > Connection: Keep-Alive
2 > User-Agent: Apache-HttpClient/4.5.14 (Java/17.0.12)
2 > Accept-Encoding: gzip,deflate


13:06:26.496 [main] DEBUG com.intuit.karate - response time in milliseconds: 817
2 < 200
2 < Content-Type: application/json; charset=utf-8
2 < Date: Tue, 03 Dec 2024 07:36:25 GMT
2 < Server: Microsoft-IIS/10.0
2 < X-Powered-By: ASP.NET
2 < Content-Length: 16665
2 < Connection: keep-alive
[
  {
    "Name": "Chain actuator D4 600",
    "Bezeichnung": "Kettenantrieb D4 600",
    "ConfigurationId": "00000000-0000-0000-0000-000000000000",
    "Description": "",
    "Application": "Facade",
    "ApplicationFacade": true,
    "ApplicationSkylight": false,
    "Type": 1,
    "OpeningType": 0,
    "BottomHungInward": true,
    "BottomHungOutward": false,
    "SideHungInward": true,
    "SideHungOutward": false,
    "TopHungInward": false,
    "TopHungOutward": true,
    "ProjectedTopHungInward": false,
    "ProjectedTopHungOutward": false,
    "InstallationType": "",
    "ITMainOutFrmMountWBracket": true,
    "ITMainFixOutFrmMount": true,
    "ITMainVentFrmMount": true,
    "ITSideMount50": false,
    "ITSideMount60": false,
    "ITSideMount70": false,
    "ITSideMount80": false,
    "ITSideMount67": true,
    "Feature": "",
    "FeatureOpenClose": true,
    "FeatureLock": true,
    "ArticleNumber": 291708,
    "Stroke": 600,
    "Angle": 0,
    "Voltage": "24 V DC",
    "Voltage24": true,
    "Voltage230": false,
    "RatedCurrent": 1,
    "BreakingCurrent": 1,
    "PullingForceMax": 400,
    "PushingForceMax": 100,
    "PullingForceMaxWithNegativeWind": 0,
    "PushingForceMaxWithNegativeWind": 0,
    "PushingForcePermanent": 66.67,
    "PullingForcePermanent": 400,
    "MinPullingForceMax": -73.11,
    "MinPushingForceMax": 0,
    "MinPullingForcePermanent": -162.91,
    "MinPushingForcePermanent": 0,
    "Price": 282.19,
    "DriveLength": 665,
    "ChainDrive": 765,
    "ChainDrive2": 1490,
    "MaxLengthMainClosingEdge1Drive": 1850,
    "MaxGeometricArea": 1,
    "GeometricalSmokeExhaustion": 0,
    "TotalGlassThickness": 14,
    "Dimensions": 0,
    "DimensionsWxHxD": "665 x 24 x 35",
    "TensileForce": 0,
    "LockingForce": 0,
    "Details_DE": "<ul><li>Bemessungsspannung: 24 V DC (19 V … 28 V)</li> <li>Abschaltstrom: 1,2 A</li> <li>Bemessungsstrom: 0,9 A</li> <li>Bemessungsaufnahme: 22 W</li> <li>Schutzart: IP 32</li> <li>Zug-/Schubkraft: max. 400 N</li> <li>Umgebungstemperatur: -5°C bis + 60°C</li> <li>Anschlussleitung: Halogenfrei, grau 5 x 0,5mm², ~3m</li> <li>Max. Geschwindigkeit: 13,5 mm/s</li></ul>",
    "Details_EN": "<ul><li>Rated voltage: 24 V DC (19 V … 28 V)</li> <li>Breaking current: 1.2 A</li><li>Rated current: 0.9 A</li><li>Rated consumption: 22 W</li><li>Protection rating: IP 32</li><li>Traction/ thrust: max. 400 N</li><li>Ambient temperature: -5° C to +60° C</li><li>Connecting cable: halogen-free, grey, 5 x 0.5 mm², ~ 3 m</li><li>Max. speed: 13,5 mm/s </li></ul>",
    "Einsatz": "<ul><li>Anwendung: Lüftung, NRA</li> <li>Integrierte intelligente Regelelektronik</li> <li>Rückmeldung Endlage „ZU“ (max. 24 V, 500 mA)</li> </ul>",
    "Use": "<ul><li>Application: ventilation, natural smoke ventilation</li> <li>Integrated intelligent control electronics</li> <li>Response for “CLOSED” end position (max. 24 V, 500 mA)</li> </ul>",
    "Ausstattung": "<ul><li>Zusätzlicher Universal-Steckersatz für Mehrfachbetrieb bis zu 4 Antrieben und 2 Verriegelungsantrieben</li></ul>",
    "Equipment": "<ul><li>Additional universal plug socket for multiplex operation of up to 4 drives and 2 interlocking drives</li></ul>",
    "Optionen": "<ul><li>Programmierung von Sonderfunktionen</li> <li>Programmierbare Rückmeldung Endlage „AUF“ (max. 24 V, 500 mA)</li> <li>Schüco Kontroller zur automatischen Konfiguration von Synchronlauf und Folgesteuerungen mit Verriegelungsantrieben in Antriebs-Verbundsystemen</li> </ul>",
    "Options": "<ul><li>Programming of special functions</li> <li>Programmable response for “OPEN” end position (max. 24 V, 500 mA)</li> <li>Schüco controller for automatic configuration of synchronous running and sequence control with locking drives in composite drive systems</li> </ul>",
    "IsTwoPce": false,
    "ResultVentWeight": 77.26,
    "IsLsRsDrive": true,
    "ArticleNumberRs": 291707,
    "TwoDrivesSideInstallation50": 0,
    "TwoDrivesSideInstallation60": 0,
    "TwoDrivesSideInstallation70": 0,
    "TwoDrivesSideInstallation80": 0,
    "OpeningSpeedmms": 0,
    "Traction": 400,
    "Thrust": 100,
    "Id": "fcff08f9-981e-47bb-8f19-91cb4dc64404",
    "CreatedOn": "2024-09-26T13:55:26.817Z",
    "CreatedBy": "",
    "ModifiedOn": "2024-09-26T13:55:26.817Z",
    "ModifiedBy": ""
  },
  {
    "Name": "Chain actuator D6 600",
    "Bezeichnung": "Kettenantrieb D6 600",
    "ConfigurationId": "00000000-0000-0000-0000-000000000000",
    "Description": "",
    "Application": "Facade",
    "ApplicationFacade": true,
    "ApplicationSkylight": true,
    "Type": 1,
    "OpeningType": 0,
    "BottomHungInward": true,
    "BottomHungOutward": true,
    "SideHungInward": true,
    "SideHungOutward": true,
    "TopHungInward": false,
    "TopHungOutward": true,
    "ProjectedTopHungInward": false,
    "ProjectedTopHungOutward": true,
    "InstallationType": "",
    "ITMainOutFrmMountWBracket": true,
    "ITMainFixOutFrmMount": false,
    "ITMainVentFrmMount": true,
    "ITSideMount50": false,
    "ITSideMount60": false,
    "ITSideMount70": false,
    "ITSideMount80": false,
    "ITSideMount67": true,
    "Feature": "",
    "FeatureOpenClose": true,
    "FeatureLock": true,
    "ArticleNumber": 291716,
    "Stroke": 600,
    "Angle": 0,
    "Voltage": "24 V DC",
    "Voltage24": true,
    "Voltage230": false,
    "RatedCurrent": 1,
    "BreakingCurrent": 1,
    "PullingForceMax": 600,
    "PushingForceMax": 600,
    "PullingForceMaxWithNegativeWind": 0,
    "PushingForceMaxWithNegativeWind": 0,
    "PushingForcePermanent": 400,
    "PullingForcePermanent": 600,
    "MinPullingForceMax": -73.11,
    "MinPushingForceMax": 0,
    "MinPullingForcePermanent": -162.91,
    "MinPushingForcePermanent": 0,
    "Price": 374.18,
    "DriveLength": 693,
    "ChainDrive": 793,
    "ChainDrive2": 1546,
    "MaxLengthMainClosingEdge1Drive": 1920,
    "MaxGeometricArea": 1,
    "GeometricalSmokeExhaustion": 0,
    "TotalGlassThickness": 14,
    "Dimensions": 0,
    "DimensionsWxHxD": "693 x 40 x 56",
    "TensileForce": 0,
    "LockingForce": 0,
    "Details_DE": "<ul> <li>Bemessungsspannung: 24 V DC (19 V … 28 V)</li> <li>Abschaltstrom: 1,2 A</li> <li>Bemessungsstrom: 0,9 A</li> <li>Bemessungsaufnahme: 22 W</li> <li>Schutzart: IP 32</li> <li>Zug-/Schubkraft: max. 600 N</li> <li>Umgebungstemperatur: -5°C bis + 60°C</li> <li>Anschlussleitung: Halogenfrei, grau 5 x 0,5mm², ~3m</li> <li>Max. Geschwindigkeit: 13,5 mm/s</li> </ul>",
    "Details_EN": "<ul> <li>Rated voltage: 24 V DC (19 V … 28 V)</li><li>Breaking current: 1.2 A</li><li>Rated current: 0.9 A</li><li>Rated consumption: 22W</li><li>Protection rating: IP 32</li><li>Traction/ thrust: max. 600 N</li><li>Ambient temperature: -5° C to +60° C</li><li>Connecting cable: halogen-free, grey 3 x 0,5mm², ~3m</li><li>Max. speed: 13,5 mm/s</li></ul>",
    "Einsatz": "<ul><li>Anwendung: Lüftung, NRA</li> <li>Integrierte intelligente Regelelektronik</li></ul>",
    "Use": "<ul><li>Application: ventilation, natural smoke ventilation</li> <li>Integrated intelligent control electronics</li> </ul>",
    "Ausstattung": "<ul><li>Zusätzlicher Universal-Steckersatz für Mehrfachbetrieb bis zu 4 Antrieben und 2 Verriegelungsantrieben</li></ul>",
    "Equipment": "<ul><li>Additional universal plug socket for multiplex operation  of up to 4 drives and 2 interlocking drives</li></ul>",
    "Optionen": "<ul><li>Programmierung von Sonderfunktionen</li> <li>Programmierbare Rückmeldung Endlage „AUF“ (max. 24 V, 500 mA)</li> <li>Schüco Kontroller zur automatischen Konfiguration von Synchronlauf und Folgesteuerungen mit Verriegelungsantrieben in Antriebs-Verbundsystemen</li> </ul>",
    "Options": "<ul><li>Programming of special functions</li> <li>Programmable response for “OPEN” end position (max. 24 V, 500 mA)</li> <li>Schüco controller for automatic configuration of synchronous running and sequence control with locking drives in composite drive systems</li> </ul>",
    "IsTwoPce": false,
    "ResultVentWeight": 77.26,
    "IsLsRsDrive": false,
    "ArticleNumberRs": 0,
    "TwoDrivesSideInstallation50": 0,
    "TwoDrivesSideInstallation60": 0,
    "TwoDrivesSideInstallation70": 0,
    "TwoDrivesSideInstallation80": 0,
    "OpeningSpeedmms": 0,
    "Traction": 600,
    "Thrust": 600,
    "Id": "3cae6110-7870-4645-8094-e12449f27b1f",
    "CreatedOn": "2024-09-26T13:55:26.817Z",
    "CreatedBy": "",
    "ModifiedOn": "2024-09-26T13:55:26.817Z",
    "ModifiedBy": ""
  },
  {
    "Name": "Chain actuator TWIN D2 L600",
    "Bezeichnung": "Kettenantrieb TWIN D2 L600",
    "ConfigurationId": "00000000-0000-0000-0000-000000000000",
    "Description": "",
    "Application": "Facade",
    "ApplicationFacade": true,
    "ApplicationSkylight": false,
    "Type": 1,
    "OpeningType": 0,
    "BottomHungInward": true,
    "BottomHungOutward": false,
    "SideHungInward": false,
    "SideHungOutward": false,
    "TopHungInward": false,
    "TopHungOutward": true,
    "ProjectedTopHungInward": false,
    "ProjectedTopHungOutward": false,
    "InstallationType": "",
    "ITMainOutFrmMountWBracket": true,
    "ITMainFixOutFrmMount": true,
    "ITMainVentFrmMount": true,
    "ITSideMount50": false,
    "ITSideMount60": false,
    "ITSideMount70": false,
    "ITSideMount80": false,
    "ITSideMount67": false,
    "Feature": "",
    "FeatureOpenClose": true,
    "FeatureLock": true,
    "ArticleNumber": 291774,
    "Stroke": 600,
    "Angle": 0,
    "Voltage": "24 V DC",
    "Voltage24": true,
    "Voltage230": false,
    "RatedCurrent": 1,
    "BreakingCurrent": 2,
    "PullingForceMax": 500,
    "PushingForceMax": 200,
    "PullingForceMaxWithNegativeWind": 0,
    "PushingForceMaxWithNegativeWind": 0,
    "PushingForcePermanent": 133.33,
    "PullingForcePermanent": 500,
    "MinPullingForceMax": -73.11,
    "MinPushingForceMax": 0,
    "MinPullingForcePermanent": -162.91,
    "MinPushingForcePermanent": 0,
    "Price": 532.67,
    "DriveLength": 1060,
    "ChainDrive": 1160,
    "ChainDrive2": 0,
    "MaxLengthMainClosingEdge1Drive": 1650,
    "MaxGeometricArea": 1,
    "GeometricalSmokeExhaustion": 0,
    "TotalGlassThickness": 14,
    "Dimensions": 0,
    "DimensionsWxHxD": "1060 x 26 x 41",
    "TensileForce": 0,
    "LockingForce": 0,
    "Details_DE": "<ul><li>Bemessungsspannung: 24 V DC (19 V … 28 V)</li> <li>Abschaltstrom: 2,0 A</li> <li>Bemessungsstrom: 1,4 A</li> <li>Bemessungsaufnahme: 34 W</li> <li>Schutzart: IP 32</li> <li>Zug-/Schubkraft: max. 500 N</li> <li>Umgebungstemperatur: -5°C bis + 60°C</li> <li>Anschlussleitung: Halogenfrei, grau 3 x 0,5mm², ~3m</li> <li>Max. Geschwindigkeit: 12 mm/s</li> </ul>",
    "Details_EN": "<ul><li>Rated voltage: 24 V DC (19 V … 28 V)</li><li>Breaking current: 2.0 A</li><li>Rated current: 1.4 A</li><li>Rated consumption: 34 W</li><li>Protection rating: IP 32</li><li>Traction/ thrust: max. 500 N</li><li>Ambient temperature: -5°C bis + 60°C</li><li>Connecting cable: halogen-free, grey 3 x 0,5mm², ~3m</li><li>Max. speed: 12 mm/s</li></ul>",
    "Einsatz": "<ul><li>Anwendung: Lüftung, NRA</li> <li>Integrierte intelligente Regelelektronik</li> <li>Rückmeldung Endlage „ZU“ (max. 24 V, 500 mA)</li> </ul>",
    "Use": "<ul><li>Application: ventilation, natural smoke ventilation</li> <li>Integrated intelligent control electronics</li> <li>Response for \"CLOSED\" end position (max. 24 V, 500 mA)</li> </ul>",
    "Ausstattung": null,
    "Equipment": null,
    "Optionen": "<ul><li>Programmierung von Sonderfunktionen</li> <li>Programmierbare Rückmeldung Endlage „AUF“ (max. 24 V, 500 mA)</li> <li>Schüco Kontroller zur automatischen Konfiguration von Synchronlauf und Folgesteuerungen mit Verriegelungsantrieb in Antriebs-Verbundsystem</li> </ul>",
    "Options": "<ul><li>Programming of special functions</li> <li>Programmable response for \"OPEN\" end position (max. 24 V, 500 mA)</li> <li>Schüco controller for automatic configuration of synchronous running and sequence control with locking drives in composite drive systems</li> </ul>",
    "IsTwoPce": false,
    "ResultVentWeight": 77.26,
    "IsLsRsDrive": false,
    "ArticleNumberRs": 0,
    "TwoDrivesSideInstallation50": 0,
    "TwoDrivesSideInstallation60": 0,
    "TwoDrivesSideInstallation70": 0,
    "TwoDrivesSideInstallation80": 0,
    "OpeningSpeedmms": 0,
    "Traction": 500,
    "Thrust": 200,
    "Id": "e894c2ec-1e80-4d24-8c80-a383a582ab2a",
    "CreatedOn": "2024-09-26T13:55:26.817Z",
    "CreatedBy": "",
    "ModifiedOn": "2024-09-26T13:55:26.817Z",
    "ModifiedBy": ""
  },
  {
    "Name": "Locking actuator EasyConnect ow",
    "Bezeichnung": "Verriegelungsantrieb EasyConnect ow",
    "ConfigurationId": "00000000-0000-0000-0000-000000000000",
    "Description": "",
    "Application": "",
    "ApplicationFacade": true,
    "ApplicationSkylight": false,
    "Type": 5,
    "OpeningType": 0,
    "BottomHungInward": false,
    "BottomHungOutward": false,
    "SideHungInward": false,
    "SideHungOutward": true,
    "TopHungInward": false,
    "TopHungOutward": true,
    "ProjectedTopHungInward": false,
    "ProjectedTopHungOutward": true,
    "InstallationType": "",
    "ITMainOutFrmMountWBracket": true,
    "ITMainFixOutFrmMount": false,
    "ITMainVentFrmMount": false,
    "ITSideMount50": false,
    "ITSideMount60": false,
    "ITSideMount70": false,
    "ITSideMount80": false,
    "ITSideMount67": false,
    "Feature": "",
    "FeatureOpenClose": true,
    "FeatureLock": false,
    "ArticleNumber": 291589,
    "Stroke": 0,
    "Angle": 0,
    "Voltage": null,
    "Voltage24": true,
    "Voltage230": true,
    "RatedCurrent": 0,
    "BreakingCurrent": 0,
    "PullingForceMax": 0,
    "PushingForceMax": 0,
    "PullingForceMaxWithNegativeWind": 0,
    "PushingForceMaxWithNegativeWind": 0,
    "PushingForcePermanent": 0,
    "PullingForcePermanent": 0,
    "MinPullingForceMax": 0,
    "MinPushingForceMax": 0,
    "MinPullingForcePermanent": 0,
    "MinPushingForcePermanent": 0,
    "Price": 0,
    "DriveLength": 0,
    "ChainDrive": 0,
    "ChainDrive2": 0,
    "MaxLengthMainClosingEdge1Drive": 0,
    "MaxGeometricArea": 0,
    "GeometricalSmokeExhaustion": 0,
    "TotalGlassThickness": 0,
    "Dimensions": 0,
    "DimensionsWxHxD": "375 x 24 x 35",
    "TensileForce": 0,
    "LockingForce": 0,
    "Details_DE": "<ul> <li>Bemessungsspannung: 24 V DC (19 V … 28 V)</li> <li>Abschaltstrom: ~1,0 A</li> <li>Bemessungsstrom: 0,6 A</li> <li>Bemessungsaufnahme: 15 W</li> <li>Schutzart: IP 32</li><li>Zug-/Schubkraft: max. 600 N</li> <li>Umgebungstemperatur: -5°C bis + 60°C</li> <li>Anschlussleitung: Halogenfrei, grau 5 x 0,5mm² , ~5m</li> <li>Laufzeit: ~ 5s</li><li>Hub: ~ 18mm</li> </ul>",
    "Details_EN": "<ul> <li>Rated voltage : 24 V DC (19 V … 28 V</li> <li>Breaking current : ~1,0 A</li> <li>Rated current : 0,6 A</li> <li>Rated consumption : 15 W</li> <li>Protection rating : IP 32</li><li>Traction/ thrust : max. 600 N</li> <li>Ambient temperature: -5°C bis + 60°C</li> <li>Connecting cable: halogen-free, grey 5 x 0,5mm² , ~5m</li> <li>Running time: ~ 5s</li><li>Stroke: ~ 18mm</li> </ul>",
    "Einsatz": "<ul> <li>Anwendung: Lüftung, NRA</li><li>Integrierte intelligente Regelelektronik</li></ul>",
    "Use": "<ul> <li>Application: ventilation, natural smoke ventilation</li> <li>Integrated intelligent control electronics</li></ul>",
    "Ausstattung": "<ul><li>Laufrichtung einstellbar</li><li>Zusätzlicher Universal-Steckersatz</li></ul>",
    "Equipment": "<ul><li>Running direction adjustable</li><li>Additional universal plug socket</li></ul>",
    "Optionen": "<ul> <li>Mitnehmer objekt-/profilspezifisch anpassbar</li></ul>",
    "Options": "<ul> <li>Coupling adapter customizable for project-/profile-specific demands</li></ul>",
    "IsTwoPce": false,
    "ResultVentWeight": 0,
    "IsLsRsDrive": false,
    "ArticleNumberRs": 0,
    "TwoDrivesSideInstallation50": 0,
    "TwoDrivesSideInstallation60": 0,
    "TwoDrivesSideInstallation70": 0,
    "TwoDrivesSideInstallation80": 0,
    "OpeningSpeedmms": 0,
    "Traction": 0,
    "Thrust": 0,
    "Id": "ebe9753c-e5d7-4140-afe0-9f98bf25df99",
    "CreatedOn": "2024-09-26T13:55:26.817Z",
    "CreatedBy": "",
    "ModifiedOn": "2024-09-26T13:55:26.817Z",
    "ModifiedBy": ""
  }
]

13:06:26.511 [main] INFO  com.intuit.karate - Expected RecommDrive: Chain actuator D4 600,Chain actuator D6 600,Chain actuator TWIN D2 L600,Locking actuator EasyConnect ow 
13:06:26.511 [main] INFO  com.intuit.karate - Actual RecommDrive: Chain actuator D4 600, Chain actuator D6 600, Chain actuator TWIN D2 L600, Locking actuator EasyConnect ow 
13:06:26.511 [main] INFO  com.intuit.karate - Normalized Actual RecommDrive: Chain actuator D4 600,Chain actuator D6 600,Chain actuator TWIN D2 L600,Locking actuator EasyConnect ow 
13:06:26.511 [main] INFO  com.intuit.karate - Normalized Expected RecommDrive: Chain actuator D4 600,Chain actuator D6 600,Chain actuator TWIN D2 L600,Locking actuator EasyConnect ow 
13:06:26.511 [main] INFO  com.intuit.karate - All Drive IDs: [
  "fcff08f9-981e-47bb-8f19-91cb4dc64404",
  "3cae6110-7870-4645-8094-e12449f27b1f",
  "e894c2ec-1e80-4d24-8c80-a383a582ab2a",
  "ebe9753c-e5d7-4140-afe0-9f98bf25df99"
]
 
13:06:26.527 [main] INFO  com.intuit.karate - First Drive ID: fcff08f9-981e-47bb-8f19-91cb4dc64404 
13:06:26.527 [main] DEBUG com.intuit.karate - request:
3 > POST https://dev-drivetec-apis.schuecodigitalsolutions.com/api/Drives/DownloadPDFNew/Schuco
3 > Content-Type: application/json; charset=UTF-8
3 > Content-Length: 1194
3 > Host: dev-drivetec-apis.schuecodigitalsolutions.com
3 > Connection: Keep-Alive
3 > User-Agent: Apache-HttpClient/4.5.14 (Java/17.0.12)
3 > Accept-Encoding: gzip,deflate
[{"Id":"configId","Header":"configId","Value":"2584d022-5c81-4b31-87f3-6bb7c0d69ec1"},{"Id":"driveId","Header":"driveId","Value":"fcff08f9-981e-47bb-8f19-91cb4dc64404"},{"Id":"culture","Header":"culture","Value":"EN-US"},{"Id":"projectId","Header":"projectId","Value":"4bf1dfc8-fd6d-4d3a-9337-7ee7425ebbdf"},{"Id":"range-of-app","Header":"Range of application","Value":"Façade"},{"Id":"opening-type","Header":"Opening type","Value":"Bottom-hung vent"},{"Id":"opening-direction","Header":"Opening direction","Value":"Inward"},{"Id":"how-calc-weight","Header":"Vent weight","Value":"Weight including glass"},{"Id":"Chain-Length","Header":"Chain- \/ connecting rod handle","Value":"100%"},{"Id":"drive-position","Header":"Drive position","Value":"Side installation"},{"Id":"locking-mechanism","Header":"Locking mechanism","Value":"With"},{"Id":"voltage","Header":"Voltage","Value":"24 V"},{"Id":"drive-type","Header":"Drive type","Value":"Chain drive"},{"Id":"type-installation","Header":"Type of installation","Value":"Pivoting Outer Frame Installation"},{"Id":"calculation-type-for-ventilation-area","Header":"Calculation type for ventilation area","Value":"Method in accordance with ASR 3.6"}]

13:06:28.050 [main] DEBUG com.intuit.karate - response time in milliseconds: 1507
3 < 200
3 < Content-Type: application/json; charset=utf-8
3 < Date: Tue, 03 Dec 2024 07:36:27 GMT
3 < Server: Microsoft-IIS/10.0
3 < X-Powered-By: ASP.NET
3 < transfer-encoding: chunked
3 < Connection: keep-alive
{
  "result": "https://drive-tec-dev.s3.amazonaws.com/AUT_TPJ26668-Chain_actuator_D4_600.pdf?AWSAccessKeyId=AKIAZAWIART4ZFAXXPHK&Expires=1733214988&response-content-disposition=attachment%3B&response-content-type=application%2Fpdf&Signature=HH6s2IVqs8MpjaSKrkO1rIIAmyk%3D"
}

13:06:28.050 [main] INFO  com.intuit.karate - Download URL for first driveId: https://drive-tec-dev.s3.amazonaws.com/AUT_TPJ26668-Chain_actuator_D4_600.pdf?AWSAccessKeyId=AKIAZAWIART4ZFAXXPHK&Expires=1733214988&response-content-disposition=attachment%3B&response-content-type=application%2Fpdf&Signature=HH6s2IVqs8MpjaSKrkO1rIIAmyk%3D 
13:06:28.050 [main] INFO  com.intuit.karate - karate.env system property was: null 
13:06:28.062 [main] INFO  com.intuit.karate - Running test for dataset:  Dataset16 
13:06:28.066 [main] INFO  com.intuit.karate - Using ProjectId:  {
  "result": {
    "projectId": "prjId"
  },
  "projectPayload": {
    "Id": "579816e4-6653-4794-b435-a885f32e28d7",
    "Name": "AUT_TPJ26668",
    "Address": "Hyderabad, Telangana, India",
    "Description": "",
    "CreatedBy": "579816e4-6653-4794-b435-a885f32e28d7",
    "ModifiedBy": "579816e4-6653-4794-b435-a885f32e28d7"
  },
  "uniqueName": "AUT_TPJ26668",
  "responseHeaders": {
    "Content-Type": [
      "application/json; charset=utf-8"
    ],
    "Date": [
      "Tue, 03 Dec 2024 07:35:27 GMT"
    ],
    "Server": [
      "Microsoft-IIS/10.0"
    ],
    "X-Powered-By": [
      "ASP.NET"
    ],
    "transfer-encoding": [
      "chunked"
    ],
    "Connection": [
      "keep-alive"
    ],
    "Set-Cookie": [
    ]
  },
  "responseTime": 1242,
  "response": {
    "Name": "AUT_TPJ26668",
    "Description": "",
    "Address": "Hyderabad, Telangana, India",
    "Id": "4bf1dfc8-fd6d-4d3a-9337-7ee7425ebbdf",
    "CreatedOn": "2024-12-03T07:35:27.7758566+00:00",
    "CreatedBy": "579816e4-6653-4794-b435-a885f32e28d7",
    "ModifiedOn": "2024-12-03T07:35:27.7759029+00:00",
    "ModifiedBy": ""
  },
  "responseStatus": 200,
  "prjId": "4bf1dfc8-fd6d-4d3a-9337-7ee7425ebbdf",
  "projectId": "4bf1dfc8-fd6d-4d3a-9337-7ee7425ebbdf"
}
 
13:06:28.082 [main] DEBUG com.intuit.karate - request:
1 > POST https://dev-drivetec-apis.schuecodigitalsolutions.com/Configurations
1 > Content-Type: application/json; charset=UTF-8
1 > Content-Length: 1275
1 > Host: dev-drivetec-apis.schuecodigitalsolutions.com
1 > Connection: Keep-Alive
1 > User-Agent: Apache-HttpClient/4.5.14 (Java/17.0.12)
1 > Accept-Encoding: gzip,deflate
{"Id":"00000000-0000-0000-0000-000000000000","ProjectId":"4bf1dfc8-fd6d-4d3a-9337-7ee7425ebbdf","Name":"Dataset8067","Description":"Dataset8067","CustomTags":"","CreatedBy":"579816e4-6653-4794-b435-a885f32e28d7","ModifiedBy":"579816e4-6653-4794-b435-a885f32e28d7","ApplicationName":1,"System":"","FacadeInclination":0,"OpeningType":1,"OpeningDirection":1,"OpeningWidth":1000,"VentOuterWidth":1230,"VentOuterHeight":1480,"VentWeight":70,"CalculateWeightWithGlass":false,"WeightIncGlassOrThickness":false,"GlassThickness":14,"ProfileWeightPerSerialMeter":2.5,"IsWindowOpeningCalculationByAngle":1,"RequiredOpeningStroke":400,"OpeningAngle":15,"WindLoad":120,"SnowLoad":0,"DrivePosition":2,"InstallationPosition":1,"ChainLengthConnectingRodHandle":5,"LockingMechanism":1,"Voltage":1,"DriveType":1,"TypeOfInstallation":2,"CalculationTypeForVentilation":1,"CalcVentilation":1,"GeometricArea":1,"SpecificExhaustDimension":30,"BuildingDepth":75,"RevealDepth":0,"RevealDepthRectangleAngle1":0,"RevealDepthRectangleAngle2":0,"HeightOfProfile":0,"HeightProfileRectangleAngle1":0,"HeightProfileRectangleAngle2":0,"AkippOrAtilt":0,"AdrehOrAturn":0,"Ageo":0,"MinPullingForceMax":0,"MinPushingForceMax":0,"MinPullingForcePermanent":0,"MinPushingForcePermanent":0,"ForceWithNegativeWind":0}

13:06:28.791 [main] DEBUG com.intuit.karate - response time in milliseconds: 709
1 < 200
1 < Content-Type: application/json; charset=utf-8
1 < Date: Tue, 03 Dec 2024 07:36:27 GMT
1 < Server: Microsoft-IIS/10.0
1 < X-Powered-By: ASP.NET
1 < Content-Length: 2032
1 < Connection: keep-alive
{
  "ProjectId": "4bf1dfc8-fd6d-4d3a-9337-7ee7425ebbdf",
  "Name": "Dataset8067",
  "Description": "Dataset8067",
  "CustomTags": "",
  "ApplicationName": 1,
  "OpeningType": 1,
  "OpeningDirection": 1,
  "CalculateWeightWithGlass": false,
  "WindLoad": 120,
  "IsWindowOpeningCalculationByAngle": 1,
  "VentOuterWidth": 1230,
  "VentOuterHeight": 1480,
  "WeightIncGlassOrThickness": false,
  "VentWeight": 77,
  "VentWeightExact": 77.26400000000001,
  "GlassThickness": 14,
  "ProfileWeightPerSerialMeter": 2.5,
  "FacadeInclination": 0,
  "ChainLengthConnectingRodHandle": 5,
  "ChainLenghtConnectingRodHandle": 0,
  "RequiredOpeningStroke": 400,
  "OpeningWidth": 1000,
  "OpeningAngle": 15.532868337024489,
  "SpecificExhaustDimension": 30,
  "BuildingDepth": 75,
  "SnowLoad": 0,
  "DistanceHinge": 0,
  "RatedCurrent": 0,
  "DrivePosition": 2,
  "LockingMechanism": 1,
  "Voltage": 1,
  "DriveType": 1,
  "TypeOfInstallation": 2,
  "GeometricArea": 0,
  "CalculationTypeForVentilation": 1,
  "HeightOfProfile": 0,
  "Reveal": 0,
  "RevealDepth": 0,
  "HeightProfileRectangleAngle1": 0,
  "HeightProfileRectangleAngle2": 0,
  "RevealDepthRectangleAngle1": 0,
  "RevealDepthRectangleAngle2": 0,
  "RevealDepthRectangleAngle12": 0,
  "InstallationPosition": 0,
  "RecommendedDriveArticleNo": 0,
  "System": "",
  "AkippOrAtilt": 1.084,
  "AdrehOrAturn": 1.8204,
  "Ageo": 1.084,
  "MinPullingForceMax": -206.4868442161654,
  "MinPushingForceMax": -206.4868442161654,
  "MinPullingForcePermanent": -104.11163259218097,
  "MinPushingForcePermanent": -104.11163259218097,
  "ForceWithNegativeWind": 109.53156767199486,
  "ForceWithNoWindMin": 0.30763693489047433,
  "ForceWithNegativeWindMin": 0,
  "ForceWithWindMin": -108.91629380221393,
  "Id": "f3b98c1a-3a8a-4e49-9982-8fb2a7fb0fb8",
  "CreatedOn": "2024-12-03T07:36:28.7068178+00:00",
  "CreatedBy": "579816e4-6653-4794-b435-a885f32e28d7",
  "ModifiedOn": "2024-12-03T07:36:28.7068188+00:00",
  "ModifiedBy": ""
}

13:06:28.792 [main] INFO  com.intuit.karate - Generated Config ID: f3b98c1a-3a8a-4e49-9982-8fb2a7fb0fb8 
13:06:28.793 [main] INFO  com.intuit.karate - Generated Name: Dataset8067 
13:06:28.793 [main] INFO  com.intuit.karate - Generated Description: Dataset8067 
13:06:28.796 [main] DEBUG com.intuit.karate - request:
1 > PUT https://dev-drivetec-apis.schuecodigitalsolutions.com/Configurations
1 > Content-Type: application/json; charset=UTF-8
1 > Content-Length: 1278
1 > Host: dev-drivetec-apis.schuecodigitalsolutions.com
1 > Connection: Keep-Alive
1 > User-Agent: Apache-HttpClient/4.5.14 (Java/17.0.12)
1 > Accept-Encoding: gzip,deflate
{"Id":"f3b98c1a-3a8a-4e49-9982-8fb2a7fb0fb8","Name":"Dataset16","Description":"Dataset8067","ProjectId":"4bf1dfc8-fd6d-4d3a-9337-7ee7425ebbdf","CustomTags":"","CreatedBy":"579816e4-6653-4794-b435-a885f32e28d7","ModifiedBy":"579816e4-6653-4794-b435-a885f32e28d7","System":"","FacadeInclination":13,"OpeningType":2,"OpeningDirection":2,"OpeningWidth":1000,"VentOuterWidth":1230,"VentOuterHeight":1480,"VentWeight":0,"CalculateWeightWithGlass":false,"RequiredOpeningStroke":501,"WindLoad":120,"SnowLoad":0,"IsWindowOpeningCalculationByAngle":1,"GlassThickness":14,"ProfileWeightPerSerialMeter":2.5,"DrivePosition":1,"InstallationPosition":0,"LockingMechanism":1,"Voltage":1,"DriveType":1,"TypeOfInstallation":2,"GeometricArea":0,"CalcVentilation":2,"SpecificExhaustDimension":35,"BuildingDepth":65,"CalculationTypeForVentilation":2,"HeightOfProfile":200,"HeightProfileRectangleAngle1":0,"HeightProfileRectangleAngle2":0,"RevealDepth":1000,"RevealDepthRectangleAngle1":0,"RevealDepthRectangleAngle2":0,"ChainLengthConnectingRodHandle":5,"ApplicationName":1,"OpeningAngle":10,"WeightIncGlassOrThickness":false,"AkippOrAtilt":0,"AdrehOrAturn":0,"Ageo":0,"MinPullingForceMax":0,"MinPushingForceMax":0,"MinPullingForcePermanent":0,"MinPushingForcePermanent":0,"ForceWithNegativeWind":0}

13:06:29.467 [main] DEBUG com.intuit.karate - response time in milliseconds: 671
1 < 200
1 < Content-Type: application/json; charset=utf-8
1 < Date: Tue, 03 Dec 2024 07:36:29 GMT
1 < Server: Microsoft-IIS/10.0
1 < X-Powered-By: ASP.NET
1 < Content-Length: 2085
1 < Connection: keep-alive
{
  "ProjectId": "4bf1dfc8-fd6d-4d3a-9337-7ee7425ebbdf",
  "Name": "Dataset16",
  "Description": "Dataset8067",
  "CustomTags": "",
  "ApplicationName": 1,
  "OpeningType": 2,
  "OpeningDirection": 2,
  "CalculateWeightWithGlass": false,
  "WindLoad": 120,
  "IsWindowOpeningCalculationByAngle": 1,
  "VentOuterWidth": 1230,
  "VentOuterHeight": 1480,
  "WeightIncGlassOrThickness": false,
  "VentWeight": 77,
  "VentWeightExact": 77.26400000000001,
  "GlassThickness": 14,
  "ProfileWeightPerSerialMeter": 2.5,
  "FacadeInclination": 13,
  "ChainLengthConnectingRodHandle": 5,
  "ChainLenghtConnectingRodHandle": 0,
  "RequiredOpeningStroke": 501,
  "OpeningWidth": 1000,
  "OpeningAngle": 19.48921629278459,
  "SpecificExhaustDimension": 35,
  "BuildingDepth": 65,
  "SnowLoad": 0,
  "DistanceHinge": 0,
  "RatedCurrent": 0,
  "DrivePosition": 1,
  "LockingMechanism": 1,
  "Voltage": 1,
  "DriveType": 1,
  "TypeOfInstallation": 2,
  "GeometricArea": 0,
  "CalculationTypeForVentilation": 2,
  "HeightOfProfile": 200,
  "Reveal": 0,
  "RevealDepth": 1000,
  "HeightProfileRectangleAngle1": 0,
  "HeightProfileRectangleAngle2": 0,
  "RevealDepthRectangleAngle1": 0,
  "RevealDepthRectangleAngle2": 0,
  "RevealDepthRectangleAngle12": 0,
  "InstallationPosition": 0,
  "RecommendedDriveArticleNo": 0,
  "System": "",
  "AkippOrAtilt": 1.35771,
  "AdrehOrAturn": 1.8204,
  "Ageo": 0.6749039376946829,
  "MinPullingForceMax": 17.180489538673655,
  "MinPushingForceMax": 154.03917523147481,
  "MinPullingForcePermanent": -86.56000547305538,
  "MinPushingForcePermanent": -86.56000547305538,
  "ForceWithNegativeWind": -190.30050048478444,
  "ForceWithNoWindMin": 44.65449743451489,
  "ForceWithNegativeWindMin": -64.73018036244505,
  "ForceWithWindMin": 17.180489538673655,
  "Id": "f3b98c1a-3a8a-4e49-9982-8fb2a7fb0fb8",
  "CreatedOn": "0001-01-01T00:00:00",
  "CreatedBy": "579816e4-6653-4794-b435-a885f32e28d7",
  "ModifiedOn": "2024-12-03T07:36:29.3850001+00:00",
  "ModifiedBy": "579816e4-6653-4794-b435-a885f32e28d7"
}

13:06:29.467 [main] INFO  com.intuit.karate - Rounded Opening Angle: 19.0 
13:06:29.467 [main] INFO  com.intuit.karate - Rounded Ageo: 0.67 
13:06:29.467 [main] INFO  com.intuit.karate - Rounded Required Opening Stroke: 501.0 
13:06:29.467 [main] INFO  com.intuit.karate - Rounded Vent Weight: 77.0 
13:06:29.467 [main] DEBUG com.intuit.karate - request:
2 > GET https://dev-drivetec-apis.schuecodigitalsolutions.com/Config/f3b98c1a-3a8a-4e49-9982-8fb2a7fb0fb8/Drive
2 > Host: dev-drivetec-apis.schuecodigitalsolutions.com
2 > Connection: Keep-Alive
2 > User-Agent: Apache-HttpClient/4.5.14 (Java/17.0.12)
2 > Accept-Encoding: gzip,deflate


13:06:30.337 [main] DEBUG com.intuit.karate - response time in milliseconds: 870
2 < 200
2 < Content-Type: application/json; charset=utf-8
2 < Date: Tue, 03 Dec 2024 07:36:29 GMT
2 < Server: Microsoft-IIS/10.0
2 < X-Powered-By: ASP.NET
2 < Content-Length: 16662
2 < Connection: keep-alive
[
  {
    "Name": "Chain actuator D4 600",
    "Bezeichnung": "Kettenantrieb D4 600",
    "ConfigurationId": "00000000-0000-0000-0000-000000000000",
    "Description": "",
    "Application": "Facade",
    "ApplicationFacade": true,
    "ApplicationSkylight": false,
    "Type": 1,
    "OpeningType": 0,
    "BottomHungInward": true,
    "BottomHungOutward": false,
    "SideHungInward": true,
    "SideHungOutward": false,
    "TopHungInward": false,
    "TopHungOutward": true,
    "ProjectedTopHungInward": false,
    "ProjectedTopHungOutward": false,
    "InstallationType": "",
    "ITMainOutFrmMountWBracket": true,
    "ITMainFixOutFrmMount": true,
    "ITMainVentFrmMount": true,
    "ITSideMount50": false,
    "ITSideMount60": false,
    "ITSideMount70": false,
    "ITSideMount80": false,
    "ITSideMount67": true,
    "Feature": "",
    "FeatureOpenClose": true,
    "FeatureLock": true,
    "ArticleNumber": 291708,
    "Stroke": 600,
    "Angle": 0,
    "Voltage": "24 V DC",
    "Voltage24": true,
    "Voltage230": false,
    "RatedCurrent": 1,
    "BreakingCurrent": 1,
    "PullingForceMax": 400,
    "PushingForceMax": 100,
    "PullingForceMaxWithNegativeWind": 0,
    "PushingForceMaxWithNegativeWind": 0,
    "PushingForcePermanent": 66.67,
    "PullingForcePermanent": 400,
    "MinPullingForceMax": 0,
    "MinPushingForceMax": 154.04,
    "MinPullingForcePermanent": -86.56,
    "MinPushingForcePermanent": 0,
    "Price": 282.19,
    "DriveLength": 665,
    "ChainDrive": 765,
    "ChainDrive2": 1490,
    "MaxLengthMainClosingEdge1Drive": 1850,
    "MaxGeometricArea": 1,
    "GeometricalSmokeExhaustion": 0,
    "TotalGlassThickness": 14,
    "Dimensions": 0,
    "DimensionsWxHxD": "665 x 24 x 35",
    "TensileForce": 0,
    "LockingForce": 0,
    "Details_DE": "<ul><li>Bemessungsspannung: 24 V DC (19 V … 28 V)</li> <li>Abschaltstrom: 1,2 A</li> <li>Bemessungsstrom: 0,9 A</li> <li>Bemessungsaufnahme: 22 W</li> <li>Schutzart: IP 32</li> <li>Zug-/Schubkraft: max. 400 N</li> <li>Umgebungstemperatur: -5°C bis + 60°C</li> <li>Anschlussleitung: Halogenfrei, grau 5 x 0,5mm², ~3m</li> <li>Max. Geschwindigkeit: 13,5 mm/s</li></ul>",
    "Details_EN": "<ul><li>Rated voltage: 24 V DC (19 V … 28 V)</li> <li>Breaking current: 1.2 A</li><li>Rated current: 0.9 A</li><li>Rated consumption: 22 W</li><li>Protection rating: IP 32</li><li>Traction/ thrust: max. 400 N</li><li>Ambient temperature: -5° C to +60° C</li><li>Connecting cable: halogen-free, grey, 5 x 0.5 mm², ~ 3 m</li><li>Max. speed: 13,5 mm/s </li></ul>",
    "Einsatz": "<ul><li>Anwendung: Lüftung, NRA</li> <li>Integrierte intelligente Regelelektronik</li> <li>Rückmeldung Endlage „ZU“ (max. 24 V, 500 mA)</li> </ul>",
    "Use": "<ul><li>Application: ventilation, natural smoke ventilation</li> <li>Integrated intelligent control electronics</li> <li>Response for “CLOSED” end position (max. 24 V, 500 mA)</li> </ul>",
    "Ausstattung": "<ul><li>Zusätzlicher Universal-Steckersatz für Mehrfachbetrieb bis zu 4 Antrieben und 2 Verriegelungsantrieben</li></ul>",
    "Equipment": "<ul><li>Additional universal plug socket for multiplex operation of up to 4 drives and 2 interlocking drives</li></ul>",
    "Optionen": "<ul><li>Programmierung von Sonderfunktionen</li> <li>Programmierbare Rückmeldung Endlage „AUF“ (max. 24 V, 500 mA)</li> <li>Schüco Kontroller zur automatischen Konfiguration von Synchronlauf und Folgesteuerungen mit Verriegelungsantrieben in Antriebs-Verbundsystemen</li> </ul>",
    "Options": "<ul><li>Programming of special functions</li> <li>Programmable response for “OPEN” end position (max. 24 V, 500 mA)</li> <li>Schüco controller for automatic configuration of synchronous running and sequence control with locking drives in composite drive systems</li> </ul>",
    "IsTwoPce": false,
    "ResultVentWeight": 77.26,
    "IsLsRsDrive": true,
    "ArticleNumberRs": 291707,
    "TwoDrivesSideInstallation50": 0,
    "TwoDrivesSideInstallation60": 0,
    "TwoDrivesSideInstallation70": 0,
    "TwoDrivesSideInstallation80": 0,
    "OpeningSpeedmms": 0,
    "Traction": 400,
    "Thrust": 100,
    "Id": "fcff08f9-981e-47bb-8f19-91cb4dc64404",
    "CreatedOn": "2024-09-26T13:55:26.817Z",
    "CreatedBy": "",
    "ModifiedOn": "2024-09-26T13:55:26.817Z",
    "ModifiedBy": ""
  },
  {
    "Name": "Chain actuator D6 600",
    "Bezeichnung": "Kettenantrieb D6 600",
    "ConfigurationId": "00000000-0000-0000-0000-000000000000",
    "Description": "",
    "Application": "Facade",
    "ApplicationFacade": true,
    "ApplicationSkylight": true,
    "Type": 1,
    "OpeningType": 0,
    "BottomHungInward": true,
    "BottomHungOutward": true,
    "SideHungInward": true,
    "SideHungOutward": true,
    "TopHungInward": false,
    "TopHungOutward": true,
    "ProjectedTopHungInward": false,
    "ProjectedTopHungOutward": true,
    "InstallationType": "",
    "ITMainOutFrmMountWBracket": true,
    "ITMainFixOutFrmMount": false,
    "ITMainVentFrmMount": true,
    "ITSideMount50": false,
    "ITSideMount60": false,
    "ITSideMount70": false,
    "ITSideMount80": false,
    "ITSideMount67": true,
    "Feature": "",
    "FeatureOpenClose": true,
    "FeatureLock": true,
    "ArticleNumber": 291716,
    "Stroke": 600,
    "Angle": 0,
    "Voltage": "24 V DC",
    "Voltage24": true,
    "Voltage230": false,
    "RatedCurrent": 1,
    "BreakingCurrent": 1,
    "PullingForceMax": 600,
    "PushingForceMax": 600,
    "PullingForceMaxWithNegativeWind": 0,
    "PushingForceMaxWithNegativeWind": 0,
    "PushingForcePermanent": 400,
    "PullingForcePermanent": 600,
    "MinPullingForceMax": 0,
    "MinPushingForceMax": 154.04,
    "MinPullingForcePermanent": -86.56,
    "MinPushingForcePermanent": 0,
    "Price": 374.18,
    "DriveLength": 693,
    "ChainDrive": 793,
    "ChainDrive2": 1546,
    "MaxLengthMainClosingEdge1Drive": 1920,
    "MaxGeometricArea": 1,
    "GeometricalSmokeExhaustion": 0,
    "TotalGlassThickness": 14,
    "Dimensions": 0,
    "DimensionsWxHxD": "693 x 40 x 56",
    "TensileForce": 0,
    "LockingForce": 0,
    "Details_DE": "<ul> <li>Bemessungsspannung: 24 V DC (19 V … 28 V)</li> <li>Abschaltstrom: 1,2 A</li> <li>Bemessungsstrom: 0,9 A</li> <li>Bemessungsaufnahme: 22 W</li> <li>Schutzart: IP 32</li> <li>Zug-/Schubkraft: max. 600 N</li> <li>Umgebungstemperatur: -5°C bis + 60°C</li> <li>Anschlussleitung: Halogenfrei, grau 5 x 0,5mm², ~3m</li> <li>Max. Geschwindigkeit: 13,5 mm/s</li> </ul>",
    "Details_EN": "<ul> <li>Rated voltage: 24 V DC (19 V … 28 V)</li><li>Breaking current: 1.2 A</li><li>Rated current: 0.9 A</li><li>Rated consumption: 22W</li><li>Protection rating: IP 32</li><li>Traction/ thrust: max. 600 N</li><li>Ambient temperature: -5° C to +60° C</li><li>Connecting cable: halogen-free, grey 3 x 0,5mm², ~3m</li><li>Max. speed: 13,5 mm/s</li></ul>",
    "Einsatz": "<ul><li>Anwendung: Lüftung, NRA</li> <li>Integrierte intelligente Regelelektronik</li></ul>",
    "Use": "<ul><li>Application: ventilation, natural smoke ventilation</li> <li>Integrated intelligent control electronics</li> </ul>",
    "Ausstattung": "<ul><li>Zusätzlicher Universal-Steckersatz für Mehrfachbetrieb bis zu 4 Antrieben und 2 Verriegelungsantrieben</li></ul>",
    "Equipment": "<ul><li>Additional universal plug socket for multiplex operation  of up to 4 drives and 2 interlocking drives</li></ul>",
    "Optionen": "<ul><li>Programmierung von Sonderfunktionen</li> <li>Programmierbare Rückmeldung Endlage „AUF“ (max. 24 V, 500 mA)</li> <li>Schüco Kontroller zur automatischen Konfiguration von Synchronlauf und Folgesteuerungen mit Verriegelungsantrieben in Antriebs-Verbundsystemen</li> </ul>",
    "Options": "<ul><li>Programming of special functions</li> <li>Programmable response for “OPEN” end position (max. 24 V, 500 mA)</li> <li>Schüco controller for automatic configuration of synchronous running and sequence control with locking drives in composite drive systems</li> </ul>",
    "IsTwoPce": false,
    "ResultVentWeight": 77.26,
    "IsLsRsDrive": false,
    "ArticleNumberRs": 0,
    "TwoDrivesSideInstallation50": 0,
    "TwoDrivesSideInstallation60": 0,
    "TwoDrivesSideInstallation70": 0,
    "TwoDrivesSideInstallation80": 0,
    "OpeningSpeedmms": 0,
    "Traction": 600,
    "Thrust": 600,
    "Id": "3cae6110-7870-4645-8094-e12449f27b1f",
    "CreatedOn": "2024-09-26T13:55:26.817Z",
    "CreatedBy": "",
    "ModifiedOn": "2024-09-26T13:55:26.817Z",
    "ModifiedBy": ""
  },
  {
    "Name": "Chain actuator TWIN D2 L600",
    "Bezeichnung": "Kettenantrieb TWIN D2 L600",
    "ConfigurationId": "00000000-0000-0000-0000-000000000000",
    "Description": "",
    "Application": "Facade",
    "ApplicationFacade": true,
    "ApplicationSkylight": false,
    "Type": 1,
    "OpeningType": 0,
    "BottomHungInward": true,
    "BottomHungOutward": false,
    "SideHungInward": false,
    "SideHungOutward": false,
    "TopHungInward": false,
    "TopHungOutward": true,
    "ProjectedTopHungInward": false,
    "ProjectedTopHungOutward": false,
    "InstallationType": "",
    "ITMainOutFrmMountWBracket": true,
    "ITMainFixOutFrmMount": true,
    "ITMainVentFrmMount": true,
    "ITSideMount50": false,
    "ITSideMount60": false,
    "ITSideMount70": false,
    "ITSideMount80": false,
    "ITSideMount67": false,
    "Feature": "",
    "FeatureOpenClose": true,
    "FeatureLock": true,
    "ArticleNumber": 291774,
    "Stroke": 600,
    "Angle": 0,
    "Voltage": "24 V DC",
    "Voltage24": true,
    "Voltage230": false,
    "RatedCurrent": 1,
    "BreakingCurrent": 2,
    "PullingForceMax": 500,
    "PushingForceMax": 200,
    "PullingForceMaxWithNegativeWind": 0,
    "PushingForceMaxWithNegativeWind": 0,
    "PushingForcePermanent": 133.33,
    "PullingForcePermanent": 500,
    "MinPullingForceMax": 0,
    "MinPushingForceMax": 154.04,
    "MinPullingForcePermanent": -86.56,
    "MinPushingForcePermanent": 0,
    "Price": 532.67,
    "DriveLength": 1060,
    "ChainDrive": 1160,
    "ChainDrive2": 0,
    "MaxLengthMainClosingEdge1Drive": 1650,
    "MaxGeometricArea": 1,
    "GeometricalSmokeExhaustion": 0,
    "TotalGlassThickness": 14,
    "Dimensions": 0,
    "DimensionsWxHxD": "1060 x 26 x 41",
    "TensileForce": 0,
    "LockingForce": 0,
    "Details_DE": "<ul><li>Bemessungsspannung: 24 V DC (19 V … 28 V)</li> <li>Abschaltstrom: 2,0 A</li> <li>Bemessungsstrom: 1,4 A</li> <li>Bemessungsaufnahme: 34 W</li> <li>Schutzart: IP 32</li> <li>Zug-/Schubkraft: max. 500 N</li> <li>Umgebungstemperatur: -5°C bis + 60°C</li> <li>Anschlussleitung: Halogenfrei, grau 3 x 0,5mm², ~3m</li> <li>Max. Geschwindigkeit: 12 mm/s</li> </ul>",
    "Details_EN": "<ul><li>Rated voltage: 24 V DC (19 V … 28 V)</li><li>Breaking current: 2.0 A</li><li>Rated current: 1.4 A</li><li>Rated consumption: 34 W</li><li>Protection rating: IP 32</li><li>Traction/ thrust: max. 500 N</li><li>Ambient temperature: -5°C bis + 60°C</li><li>Connecting cable: halogen-free, grey 3 x 0,5mm², ~3m</li><li>Max. speed: 12 mm/s</li></ul>",
    "Einsatz": "<ul><li>Anwendung: Lüftung, NRA</li> <li>Integrierte intelligente Regelelektronik</li> <li>Rückmeldung Endlage „ZU“ (max. 24 V, 500 mA)</li> </ul>",
    "Use": "<ul><li>Application: ventilation, natural smoke ventilation</li> <li>Integrated intelligent control electronics</li> <li>Response for \"CLOSED\" end position (max. 24 V, 500 mA)</li> </ul>",
    "Ausstattung": null,
    "Equipment": null,
    "Optionen": "<ul><li>Programmierung von Sonderfunktionen</li> <li>Programmierbare Rückmeldung Endlage „AUF“ (max. 24 V, 500 mA)</li> <li>Schüco Kontroller zur automatischen Konfiguration von Synchronlauf und Folgesteuerungen mit Verriegelungsantrieb in Antriebs-Verbundsystem</li> </ul>",
    "Options": "<ul><li>Programming of special functions</li> <li>Programmable response for \"OPEN\" end position (max. 24 V, 500 mA)</li> <li>Schüco controller for automatic configuration of synchronous running and sequence control with locking drives in composite drive systems</li> </ul>",
    "IsTwoPce": false,
    "ResultVentWeight": 77.26,
    "IsLsRsDrive": false,
    "ArticleNumberRs": 0,
    "TwoDrivesSideInstallation50": 0,
    "TwoDrivesSideInstallation60": 0,
    "TwoDrivesSideInstallation70": 0,
    "TwoDrivesSideInstallation80": 0,
    "OpeningSpeedmms": 0,
    "Traction": 500,
    "Thrust": 200,
    "Id": "e894c2ec-1e80-4d24-8c80-a383a582ab2a",
    "CreatedOn": "2024-09-26T13:55:26.817Z",
    "CreatedBy": "",
    "ModifiedOn": "2024-09-26T13:55:26.817Z",
    "ModifiedBy": ""
  },
  {
    "Name": "Locking actuator EasyConnect ow",
    "Bezeichnung": "Verriegelungsantrieb EasyConnect ow",
    "ConfigurationId": "00000000-0000-0000-0000-000000000000",
    "Description": "",
    "Application": "",
    "ApplicationFacade": true,
    "ApplicationSkylight": false,
    "Type": 5,
    "OpeningType": 0,
    "BottomHungInward": false,
    "BottomHungOutward": false,
    "SideHungInward": false,
    "SideHungOutward": true,
    "TopHungInward": false,
    "TopHungOutward": true,
    "ProjectedTopHungInward": false,
    "ProjectedTopHungOutward": true,
    "InstallationType": "",
    "ITMainOutFrmMountWBracket": true,
    "ITMainFixOutFrmMount": false,
    "ITMainVentFrmMount": false,
    "ITSideMount50": false,
    "ITSideMount60": false,
    "ITSideMount70": false,
    "ITSideMount80": false,
    "ITSideMount67": false,
    "Feature": "",
    "FeatureOpenClose": true,
    "FeatureLock": false,
    "ArticleNumber": 291589,
    "Stroke": 0,
    "Angle": 0,
    "Voltage": null,
    "Voltage24": true,
    "Voltage230": true,
    "RatedCurrent": 0,
    "BreakingCurrent": 0,
    "PullingForceMax": 0,
    "PushingForceMax": 0,
    "PullingForceMaxWithNegativeWind": 0,
    "PushingForceMaxWithNegativeWind": 0,
    "PushingForcePermanent": 0,
    "PullingForcePermanent": 0,
    "MinPullingForceMax": 0,
    "MinPushingForceMax": 0,
    "MinPullingForcePermanent": 0,
    "MinPushingForcePermanent": 0,
    "Price": 0,
    "DriveLength": 0,
    "ChainDrive": 0,
    "ChainDrive2": 0,
    "MaxLengthMainClosingEdge1Drive": 0,
    "MaxGeometricArea": 0,
    "GeometricalSmokeExhaustion": 0,
    "TotalGlassThickness": 0,
    "Dimensions": 0,
    "DimensionsWxHxD": "375 x 24 x 35",
    "TensileForce": 0,
    "LockingForce": 0,
    "Details_DE": "<ul> <li>Bemessungsspannung: 24 V DC (19 V … 28 V)</li> <li>Abschaltstrom: ~1,0 A</li> <li>Bemessungsstrom: 0,6 A</li> <li>Bemessungsaufnahme: 15 W</li> <li>Schutzart: IP 32</li><li>Zug-/Schubkraft: max. 600 N</li> <li>Umgebungstemperatur: -5°C bis + 60°C</li> <li>Anschlussleitung: Halogenfrei, grau 5 x 0,5mm² , ~5m</li> <li>Laufzeit: ~ 5s</li><li>Hub: ~ 18mm</li> </ul>",
    "Details_EN": "<ul> <li>Rated voltage : 24 V DC (19 V … 28 V</li> <li>Breaking current : ~1,0 A</li> <li>Rated current : 0,6 A</li> <li>Rated consumption : 15 W</li> <li>Protection rating : IP 32</li><li>Traction/ thrust : max. 600 N</li> <li>Ambient temperature: -5°C bis + 60°C</li> <li>Connecting cable: halogen-free, grey 5 x 0,5mm² , ~5m</li> <li>Running time: ~ 5s</li><li>Stroke: ~ 18mm</li> </ul>",
    "Einsatz": "<ul> <li>Anwendung: Lüftung, NRA</li><li>Integrierte intelligente Regelelektronik</li></ul>",
    "Use": "<ul> <li>Application: ventilation, natural smoke ventilation</li> <li>Integrated intelligent control electronics</li></ul>",
    "Ausstattung": "<ul><li>Laufrichtung einstellbar</li><li>Zusätzlicher Universal-Steckersatz</li></ul>",
    "Equipment": "<ul><li>Running direction adjustable</li><li>Additional universal plug socket</li></ul>",
    "Optionen": "<ul> <li>Mitnehmer objekt-/profilspezifisch anpassbar</li></ul>",
    "Options": "<ul> <li>Coupling adapter customizable for project-/profile-specific demands</li></ul>",
    "IsTwoPce": false,
    "ResultVentWeight": 0,
    "IsLsRsDrive": false,
    "ArticleNumberRs": 0,
    "TwoDrivesSideInstallation50": 0,
    "TwoDrivesSideInstallation60": 0,
    "TwoDrivesSideInstallation70": 0,
    "TwoDrivesSideInstallation80": 0,
    "OpeningSpeedmms": 0,
    "Traction": 0,
    "Thrust": 0,
    "Id": "ebe9753c-e5d7-4140-afe0-9f98bf25df99",
    "CreatedOn": "2024-09-26T13:55:26.817Z",
    "CreatedBy": "",
    "ModifiedOn": "2024-09-26T13:55:26.817Z",
    "ModifiedBy": ""
  }
]

13:06:30.340 [main] INFO  com.intuit.karate - Expected RecommDrive: Chain actuator D4 600,Chain actuator D6 600,Chain actuator TWIN D2 L600,Locking actuator EasyConnect ow 
13:06:30.340 [main] INFO  com.intuit.karate - Actual RecommDrive: Chain actuator D4 600, Chain actuator D6 600, Chain actuator TWIN D2 L600, Locking actuator EasyConnect ow 
13:06:30.340 [main] INFO  com.intuit.karate - Normalized Actual RecommDrive: Chain actuator D4 600,Chain actuator D6 600,Chain actuator TWIN D2 L600,Locking actuator EasyConnect ow 
13:06:30.340 [main] INFO  com.intuit.karate - Normalized Expected RecommDrive: Chain actuator D4 600,Chain actuator D6 600,Chain actuator TWIN D2 L600,Locking actuator EasyConnect ow 
13:06:30.346 [main] INFO  com.intuit.karate - All Drive IDs: [
  "fcff08f9-981e-47bb-8f19-91cb4dc64404",
  "3cae6110-7870-4645-8094-e12449f27b1f",
  "e894c2ec-1e80-4d24-8c80-a383a582ab2a",
  "ebe9753c-e5d7-4140-afe0-9f98bf25df99"
]
 
13:06:30.346 [main] INFO  com.intuit.karate - First Drive ID: fcff08f9-981e-47bb-8f19-91cb4dc64404 
13:06:30.346 [main] DEBUG com.intuit.karate - request:
3 > POST https://dev-drivetec-apis.schuecodigitalsolutions.com/api/Drives/DownloadPDFNew/Schuco
3 > Content-Type: application/json; charset=UTF-8
3 > Content-Length: 1194
3 > Host: dev-drivetec-apis.schuecodigitalsolutions.com
3 > Connection: Keep-Alive
3 > User-Agent: Apache-HttpClient/4.5.14 (Java/17.0.12)
3 > Accept-Encoding: gzip,deflate
[{"Id":"configId","Header":"configId","Value":"f3b98c1a-3a8a-4e49-9982-8fb2a7fb0fb8"},{"Id":"driveId","Header":"driveId","Value":"fcff08f9-981e-47bb-8f19-91cb4dc64404"},{"Id":"culture","Header":"culture","Value":"EN-US"},{"Id":"projectId","Header":"projectId","Value":"4bf1dfc8-fd6d-4d3a-9337-7ee7425ebbdf"},{"Id":"range-of-app","Header":"Range of application","Value":"Façade"},{"Id":"opening-type","Header":"Opening type","Value":"Bottom-hung vent"},{"Id":"opening-direction","Header":"Opening direction","Value":"Inward"},{"Id":"how-calc-weight","Header":"Vent weight","Value":"Weight including glass"},{"Id":"Chain-Length","Header":"Chain- \/ connecting rod handle","Value":"100%"},{"Id":"drive-position","Header":"Drive position","Value":"Side installation"},{"Id":"locking-mechanism","Header":"Locking mechanism","Value":"With"},{"Id":"voltage","Header":"Voltage","Value":"24 V"},{"Id":"drive-type","Header":"Drive type","Value":"Chain drive"},{"Id":"type-installation","Header":"Type of installation","Value":"Pivoting Outer Frame Installation"},{"Id":"calculation-type-for-ventilation-area","Header":"Calculation type for ventilation area","Value":"Method in accordance with ASR 3.6"}]

13:06:31.983 [main] DEBUG com.intuit.karate - response time in milliseconds: 1637
3 < 200
3 < Content-Type: application/json; charset=utf-8
3 < Date: Tue, 03 Dec 2024 07:36:31 GMT
3 < Server: Microsoft-IIS/10.0
3 < X-Powered-By: ASP.NET
3 < Content-Length: 276
3 < Connection: keep-alive
{
  "result": "https://drive-tec-dev.s3.amazonaws.com/AUT_TPJ26668-Chain_actuator_D4_600.pdf?AWSAccessKeyId=AKIAZAWIART4ZFAXXPHK&Expires=1733214992&response-content-disposition=attachment%3B&response-content-type=application%2Fpdf&Signature=VgJcnmoCgckUohvrqGnHReSGMYI%3D"
}

13:06:31.983 [main] INFO  com.intuit.karate - Download URL for first driveId: https://drive-tec-dev.s3.amazonaws.com/AUT_TPJ26668-Chain_actuator_D4_600.pdf?AWSAccessKeyId=AKIAZAWIART4ZFAXXPHK&Expires=1733214992&response-content-disposition=attachment%3B&response-content-type=application%2Fpdf&Signature=VgJcnmoCgckUohvrqGnHReSGMYI%3D 
13:06:31.998 [main] INFO  com.intuit.karate - karate.env system property was: null 
13:06:31.998 [main] INFO  com.intuit.karate - Running test for dataset:  Dataset17 
13:06:31.998 [main] INFO  com.intuit.karate - Using ProjectId:  {
  "result": {
    "projectId": "prjId"
  },
  "projectPayload": {
    "Id": "579816e4-6653-4794-b435-a885f32e28d7",
    "Name": "AUT_TPJ26668",
    "Address": "Hyderabad, Telangana, India",
    "Description": "",
    "CreatedBy": "579816e4-6653-4794-b435-a885f32e28d7",
    "ModifiedBy": "579816e4-6653-4794-b435-a885f32e28d7"
  },
  "uniqueName": "AUT_TPJ26668",
  "responseHeaders": {
    "Content-Type": [
      "application/json; charset=utf-8"
    ],
    "Date": [
      "Tue, 03 Dec 2024 07:35:27 GMT"
    ],
    "Server": [
      "Microsoft-IIS/10.0"
    ],
    "X-Powered-By": [
      "ASP.NET"
    ],
    "transfer-encoding": [
      "chunked"
    ],
    "Connection": [
      "keep-alive"
    ],
    "Set-Cookie": [
    ]
  },
  "responseTime": 1242,
  "response": {
    "Name": "AUT_TPJ26668",
    "Description": "",
    "Address": "Hyderabad, Telangana, India",
    "Id": "4bf1dfc8-fd6d-4d3a-9337-7ee7425ebbdf",
    "CreatedOn": "2024-12-03T07:35:27.7758566+00:00",
    "CreatedBy": "579816e4-6653-4794-b435-a885f32e28d7",
    "ModifiedOn": "2024-12-03T07:35:27.7759029+00:00",
    "ModifiedBy": ""
  },
  "responseStatus": 200,
  "prjId": "4bf1dfc8-fd6d-4d3a-9337-7ee7425ebbdf",
  "projectId": "4bf1dfc8-fd6d-4d3a-9337-7ee7425ebbdf"
}
 
13:06:31.998 [main] DEBUG com.intuit.karate - request:
1 > POST https://dev-drivetec-apis.schuecodigitalsolutions.com/Configurations
1 > Content-Type: application/json; charset=UTF-8
1 > Content-Length: 1275
1 > Host: dev-drivetec-apis.schuecodigitalsolutions.com
1 > Connection: Keep-Alive
1 > User-Agent: Apache-HttpClient/4.5.14 (Java/17.0.12)
1 > Accept-Encoding: gzip,deflate
{"Id":"00000000-0000-0000-0000-000000000000","ProjectId":"4bf1dfc8-fd6d-4d3a-9337-7ee7425ebbdf","Name":"Dataset1999","Description":"Dataset1999","CustomTags":"","CreatedBy":"579816e4-6653-4794-b435-a885f32e28d7","ModifiedBy":"579816e4-6653-4794-b435-a885f32e28d7","ApplicationName":1,"System":"","FacadeInclination":0,"OpeningType":1,"OpeningDirection":1,"OpeningWidth":1000,"VentOuterWidth":1230,"VentOuterHeight":1480,"VentWeight":70,"CalculateWeightWithGlass":false,"WeightIncGlassOrThickness":false,"GlassThickness":14,"ProfileWeightPerSerialMeter":2.5,"IsWindowOpeningCalculationByAngle":1,"RequiredOpeningStroke":400,"OpeningAngle":15,"WindLoad":120,"SnowLoad":0,"DrivePosition":2,"InstallationPosition":1,"ChainLengthConnectingRodHandle":5,"LockingMechanism":1,"Voltage":1,"DriveType":1,"TypeOfInstallation":2,"CalculationTypeForVentilation":1,"CalcVentilation":1,"GeometricArea":1,"SpecificExhaustDimension":30,"BuildingDepth":75,"RevealDepth":0,"RevealDepthRectangleAngle1":0,"RevealDepthRectangleAngle2":0,"HeightOfProfile":0,"HeightProfileRectangleAngle1":0,"HeightProfileRectangleAngle2":0,"AkippOrAtilt":0,"AdrehOrAturn":0,"Ageo":0,"MinPullingForceMax":0,"MinPushingForceMax":0,"MinPullingForcePermanent":0,"MinPushingForcePermanent":0,"ForceWithNegativeWind":0}

13:06:32.707 [main] DEBUG com.intuit.karate - response time in milliseconds: 709
1 < 200
1 < Content-Type: application/json; charset=utf-8
1 < Date: Tue, 03 Dec 2024 07:36:31 GMT
1 < Server: Microsoft-IIS/10.0
1 < X-Powered-By: ASP.NET
1 < Content-Length: 2032
1 < Connection: keep-alive
{
  "ProjectId": "4bf1dfc8-fd6d-4d3a-9337-7ee7425ebbdf",
  "Name": "Dataset1999",
  "Description": "Dataset1999",
  "CustomTags": "",
  "ApplicationName": 1,
  "OpeningType": 1,
  "OpeningDirection": 1,
  "CalculateWeightWithGlass": false,
  "WindLoad": 120,
  "IsWindowOpeningCalculationByAngle": 1,
  "VentOuterWidth": 1230,
  "VentOuterHeight": 1480,
  "WeightIncGlassOrThickness": false,
  "VentWeight": 77,
  "VentWeightExact": 77.26400000000001,
  "GlassThickness": 14,
  "ProfileWeightPerSerialMeter": 2.5,
  "FacadeInclination": 0,
  "ChainLengthConnectingRodHandle": 5,
  "ChainLenghtConnectingRodHandle": 0,
  "RequiredOpeningStroke": 400,
  "OpeningWidth": 1000,
  "OpeningAngle": 15.532868337024489,
  "SpecificExhaustDimension": 30,
  "BuildingDepth": 75,
  "SnowLoad": 0,
  "DistanceHinge": 0,
  "RatedCurrent": 0,
  "DrivePosition": 2,
  "LockingMechanism": 1,
  "Voltage": 1,
  "DriveType": 1,
  "TypeOfInstallation": 2,
  "GeometricArea": 0,
  "CalculationTypeForVentilation": 1,
  "HeightOfProfile": 0,
  "Reveal": 0,
  "RevealDepth": 0,
  "HeightProfileRectangleAngle1": 0,
  "HeightProfileRectangleAngle2": 0,
  "RevealDepthRectangleAngle1": 0,
  "RevealDepthRectangleAngle2": 0,
  "RevealDepthRectangleAngle12": 0,
  "InstallationPosition": 0,
  "RecommendedDriveArticleNo": 0,
  "System": "",
  "AkippOrAtilt": 1.084,
  "AdrehOrAturn": 1.8204,
  "Ageo": 1.084,
  "MinPullingForceMax": -206.4868442161654,
  "MinPushingForceMax": -206.4868442161654,
  "MinPullingForcePermanent": -104.11163259218097,
  "MinPushingForcePermanent": -104.11163259218097,
  "ForceWithNegativeWind": 109.53156767199486,
  "ForceWithNoWindMin": 0.30763693489047433,
  "ForceWithNegativeWindMin": 0,
  "ForceWithWindMin": -108.91629380221393,
  "Id": "a6c57049-3660-48af-86d2-7adc6969df6b",
  "CreatedOn": "2024-12-03T07:36:32.6117304+00:00",
  "CreatedBy": "579816e4-6653-4794-b435-a885f32e28d7",
  "ModifiedOn": "2024-12-03T07:36:32.6117315+00:00",
  "ModifiedBy": ""
}

13:06:32.707 [main] INFO  com.intuit.karate - Generated Config ID: a6c57049-3660-48af-86d2-7adc6969df6b 
13:06:32.707 [main] INFO  com.intuit.karate - Generated Name: Dataset1999 
13:06:32.707 [main] INFO  com.intuit.karate - Generated Description: Dataset1999 
13:06:32.722 [main] DEBUG com.intuit.karate - request:
1 > PUT https://dev-drivetec-apis.schuecodigitalsolutions.com/Configurations
1 > Content-Type: application/json; charset=UTF-8
1 > Content-Length: 1278
1 > Host: dev-drivetec-apis.schuecodigitalsolutions.com
1 > Connection: Keep-Alive
1 > User-Agent: Apache-HttpClient/4.5.14 (Java/17.0.12)
1 > Accept-Encoding: gzip,deflate
{"Id":"a6c57049-3660-48af-86d2-7adc6969df6b","Name":"Dataset17","Description":"Dataset1999","ProjectId":"4bf1dfc8-fd6d-4d3a-9337-7ee7425ebbdf","CustomTags":"","CreatedBy":"579816e4-6653-4794-b435-a885f32e28d7","ModifiedBy":"579816e4-6653-4794-b435-a885f32e28d7","System":"","FacadeInclination":14,"OpeningType":2,"OpeningDirection":2,"OpeningWidth":1000,"VentOuterWidth":1230,"VentOuterHeight":1480,"VentWeight":0,"CalculateWeightWithGlass":false,"RequiredOpeningStroke":501,"WindLoad":120,"SnowLoad":0,"IsWindowOpeningCalculationByAngle":1,"GlassThickness":14,"ProfileWeightPerSerialMeter":2.5,"DrivePosition":1,"InstallationPosition":0,"LockingMechanism":1,"Voltage":1,"DriveType":1,"TypeOfInstallation":2,"GeometricArea":0,"CalcVentilation":2,"SpecificExhaustDimension":35,"BuildingDepth":65,"CalculationTypeForVentilation":2,"HeightOfProfile":200,"HeightProfileRectangleAngle1":0,"HeightProfileRectangleAngle2":0,"RevealDepth":1000,"RevealDepthRectangleAngle1":0,"RevealDepthRectangleAngle2":0,"ChainLengthConnectingRodHandle":5,"ApplicationName":1,"OpeningAngle":10,"WeightIncGlassOrThickness":false,"AkippOrAtilt":0,"AdrehOrAturn":0,"Ageo":0,"MinPullingForceMax":0,"MinPushingForceMax":0,"MinPullingForcePermanent":0,"MinPushingForcePermanent":0,"ForceWithNegativeWind":0}

13:06:33.383 [main] DEBUG com.intuit.karate - response time in milliseconds: 661
1 < 200
1 < Content-Type: application/json; charset=utf-8
1 < Date: Tue, 03 Dec 2024 07:36:33 GMT
1 < Server: Microsoft-IIS/10.0
1 < X-Powered-By: ASP.NET
1 < Content-Length: 2079
1 < Connection: keep-alive
{
  "ProjectId": "4bf1dfc8-fd6d-4d3a-9337-7ee7425ebbdf",
  "Name": "Dataset17",
  "Description": "Dataset1999",
  "CustomTags": "",
  "ApplicationName": 1,
  "OpeningType": 2,
  "OpeningDirection": 2,
  "CalculateWeightWithGlass": false,
  "WindLoad": 120,
  "IsWindowOpeningCalculationByAngle": 1,
  "VentOuterWidth": 1230,
  "VentOuterHeight": 1480,
  "WeightIncGlassOrThickness": false,
  "VentWeight": 77,
  "VentWeightExact": 77.26400000000001,
  "GlassThickness": 14,
  "ProfileWeightPerSerialMeter": 2.5,
  "FacadeInclination": 14,
  "ChainLengthConnectingRodHandle": 5,
  "ChainLenghtConnectingRodHandle": 0,
  "RequiredOpeningStroke": 501,
  "OpeningWidth": 1000,
  "OpeningAngle": 19.48921629278459,
  "SpecificExhaustDimension": 35,
  "BuildingDepth": 65,
  "SnowLoad": 0,
  "DistanceHinge": 0,
  "RatedCurrent": 0,
  "DrivePosition": 1,
  "LockingMechanism": 1,
  "Voltage": 1,
  "DriveType": 1,
  "TypeOfInstallation": 2,
  "GeometricArea": 0,
  "CalculationTypeForVentilation": 2,
  "HeightOfProfile": 200,
  "Reveal": 0,
  "RevealDepth": 1000,
  "HeightProfileRectangleAngle1": 0,
  "HeightProfileRectangleAngle2": 0,
  "RevealDepthRectangleAngle1": 0,
  "RevealDepthRectangleAngle2": 0,
  "RevealDepthRectangleAngle12": 0,
  "InstallationPosition": 0,
  "RecommendedDriveArticleNo": 0,
  "System": "",
  "AkippOrAtilt": 1.35771,
  "AdrehOrAturn": 1.8204,
  "Ageo": 0.6749039376946829,
  "MinPullingForceMax": 9.764342657222258,
  "MinPushingForceMax": 147.64412280547947,
  "MinPullingForcePermanent": -93.11429520081451,
  "MinPushingForcePermanent": -93.11429520081451,
  "ForceWithNegativeWind": -195.9929330588513,
  "ForceWithNoWindMin": 37.854770101979,
  "ForceWithNegativeWindMin": -71.93458260152148,
  "ForceWithWindMin": 9.764342657222258,
  "Id": "a6c57049-3660-48af-86d2-7adc6969df6b",
  "CreatedOn": "0001-01-01T00:00:00",
  "CreatedBy": "579816e4-6653-4794-b435-a885f32e28d7",
  "ModifiedOn": "2024-12-03T07:36:33.311998+00:00",
  "ModifiedBy": "579816e4-6653-4794-b435-a885f32e28d7"
}

13:06:33.383 [main] INFO  com.intuit.karate - Rounded Opening Angle: 19.0 
13:06:33.383 [main] INFO  com.intuit.karate - Rounded Ageo: 0.67 
13:06:33.383 [main] INFO  com.intuit.karate - Rounded Required Opening Stroke: 501.0 
13:06:33.383 [main] INFO  com.intuit.karate - Rounded Vent Weight: 77.0 
13:06:33.383 [main] DEBUG com.intuit.karate - request:
2 > GET https://dev-drivetec-apis.schuecodigitalsolutions.com/Config/a6c57049-3660-48af-86d2-7adc6969df6b/Drive
2 > Host: dev-drivetec-apis.schuecodigitalsolutions.com
2 > Connection: Keep-Alive
2 > User-Agent: Apache-HttpClient/4.5.14 (Java/17.0.12)
2 > Accept-Encoding: gzip,deflate


13:06:34.278 [main] DEBUG com.intuit.karate - response time in milliseconds: 879
2 < 200
2 < Content-Type: application/json; charset=utf-8
2 < Date: Tue, 03 Dec 2024 07:36:33 GMT
2 < Server: Microsoft-IIS/10.0
2 < X-Powered-By: ASP.NET
2 < Content-Length: 20833
2 < Connection: keep-alive
[
  {
    "Name": "Chain actuator D2 L600",
    "Bezeichnung": "Kettenantrieb D2 L600",
    "ConfigurationId": "00000000-0000-0000-0000-000000000000",
    "Description": "",
    "Application": "Facade",
    "ApplicationFacade": true,
    "ApplicationSkylight": false,
    "Type": 1,
    "OpeningType": 0,
    "BottomHungInward": true,
    "BottomHungOutward": false,
    "SideHungInward": true,
    "SideHungOutward": false,
    "TopHungInward": false,
    "TopHungOutward": true,
    "ProjectedTopHungInward": false,
    "ProjectedTopHungOutward": false,
    "InstallationType": "",
    "ITMainOutFrmMountWBracket": true,
    "ITMainFixOutFrmMount": true,
    "ITMainVentFrmMount": true,
    "ITSideMount50": false,
    "ITSideMount60": false,
    "ITSideMount70": false,
    "ITSideMount80": false,
    "ITSideMount67": true,
    "Feature": "",
    "FeatureOpenClose": true,
    "FeatureLock": true,
    "ArticleNumber": 291756,
    "Stroke": 600,
    "Angle": 0,
    "Voltage": "24 V DC",
    "Voltage24": true,
    "Voltage230": false,
    "RatedCurrent": 1,
    "BreakingCurrent": 1,
    "PullingForceMax": 250,
    "PushingForceMax": 100,
    "PullingForceMaxWithNegativeWind": 0,
    "PushingForceMaxWithNegativeWind": 0,
    "PushingForcePermanent": 66.67,
    "PullingForcePermanent": 250,
    "MinPullingForceMax": 0,
    "MinPushingForceMax": 147.64,
    "MinPullingForcePermanent": -93.11,
    "MinPushingForcePermanent": 0,
    "Price": 264.82,
    "DriveLength": 545,
    "ChainDrive": 645,
    "ChainDrive2": 1250,
    "MaxLengthMainClosingEdge1Drive": 1650,
    "MaxGeometricArea": 1,
    "GeometricalSmokeExhaustion": 0,
    "TotalGlassThickness": 14,
    "Dimensions": 0,
    "DimensionsWxHxD": "545 x 26 x 41",
    "TensileForce": 0,
    "LockingForce": 0,
    "Details_DE": "<ul><li>Bemessungsspannung: 24 V DC (19 V … 28 V)</li><li>Abschaltstrom: 1,0 A</li><li>Bemessungsstrom: 0,7 A</li><li>Bemessungsaufnahme: 17 W</li><li>Schutzart: IP 32</li><li>Zug-/Schubkraft: max. 250 N</li><li>Umgebungstemperatur: -5°C bis + 60°C</li><li>Anschlussleitung: Halogenfrei, grau 3 x 0,5 mm², ~3 m</li><li>Max. Geschwindigkeit: 13,5 mm/s</li></ul>",
    "Details_EN": "<ul><li>Rated voltage: 24 V DC (19 V … 28 V)</li><li>Breaking current: 1.0 A</li><li>Rated current: 0.7 A</li><li>Rated consumption: 17 W</li><li>Protection rating: IP 32</li><li>Traction/ thrust: max. 250 N</li><li>Ambient temperature: -5°C bis + 60°C</li><li>Connecting cable: halogen-free, grey 3 x 0.5 mm², ~3 m</li><li>Max. speed: 13.5 mm/s</li></ul>",
    "Einsatz": "<ul> <li>Anwendung: Lüftung, NRA</li> <li>Integrierte intelligente Regelelektronik</li> <li>Rückmeldung Endlage „ZU“ (max. 24 V, 500 mA)</li> </ul>",
    "Use": "<ul> <li>Application: ventilation, natural smoke ventilation</li> <li>Integrated, intelligent control electronics</li> <li>Response for “CLOSED” end position (max. 24 V, 500 mA)</li> </ul>",
    "Ausstattung": null,
    "Equipment": null,
    "Optionen": "<ul> <li>Programmierung von Sonderfunktionen</li> <li>Programmierbare Rückmeldung Endlage „AUF“ (max. 24 V, 500 mA)</li> <li>Schüco Kontroller zur automatischen Konfiguration von Synchronlauf und Folgesteuerungen mit Verriegelungsantrieben in Antriebs-Verbundsystemen</li> </ul>",
    "Options": "<ul> <li>Programming of special functions</li> <li>Programmable response for “OPEN” end position (max. 24 V, 500 mA)</li> <li>Schüco controller for automatic configuration of synchronous running and sequence control with locking drives in composite drive systems</li></ul>",
    "IsTwoPce": false,
    "ResultVentWeight": 77.26,
    "IsLsRsDrive": true,
    "ArticleNumberRs": 291757,
    "TwoDrivesSideInstallation50": 0,
    "TwoDrivesSideInstallation60": 0,
    "TwoDrivesSideInstallation70": 0,
    "TwoDrivesSideInstallation80": 0,
    "OpeningSpeedmms": 0,
    "Traction": 250,
    "Thrust": 100,
    "Id": "267a3972-757f-4244-ac52-6bc7b30bac9f",
    "CreatedOn": "2024-09-26T13:55:26.817Z",
    "CreatedBy": "",
    "ModifiedOn": "2024-09-26T13:55:26.817Z",
    "ModifiedBy": ""
  },
  {
    "Name": "Chain actuator D4 600",
    "Bezeichnung": "Kettenantrieb D4 600",
    "ConfigurationId": "00000000-0000-0000-0000-000000000000",
    "Description": "",
    "Application": "Facade",
    "ApplicationFacade": true,
    "ApplicationSkylight": false,
    "Type": 1,
    "OpeningType": 0,
    "BottomHungInward": true,
    "BottomHungOutward": false,
    "SideHungInward": true,
    "SideHungOutward": false,
    "TopHungInward": false,
    "TopHungOutward": true,
    "ProjectedTopHungInward": false,
    "ProjectedTopHungOutward": false,
    "InstallationType": "",
    "ITMainOutFrmMountWBracket": true,
    "ITMainFixOutFrmMount": true,
    "ITMainVentFrmMount": true,
    "ITSideMount50": false,
    "ITSideMount60": false,
    "ITSideMount70": false,
    "ITSideMount80": false,
    "ITSideMount67": true,
    "Feature": "",
    "FeatureOpenClose": true,
    "FeatureLock": true,
    "ArticleNumber": 291708,
    "Stroke": 600,
    "Angle": 0,
    "Voltage": "24 V DC",
    "Voltage24": true,
    "Voltage230": false,
    "RatedCurrent": 1,
    "BreakingCurrent": 1,
    "PullingForceMax": 400,
    "PushingForceMax": 100,
    "PullingForceMaxWithNegativeWind": 0,
    "PushingForceMaxWithNegativeWind": 0,
    "PushingForcePermanent": 66.67,
    "PullingForcePermanent": 400,
    "MinPullingForceMax": 0,
    "MinPushingForceMax": 147.64,
    "MinPullingForcePermanent": -93.11,
    "MinPushingForcePermanent": 0,
    "Price": 282.19,
    "DriveLength": 665,
    "ChainDrive": 765,
    "ChainDrive2": 1490,
    "MaxLengthMainClosingEdge1Drive": 1850,
    "MaxGeometricArea": 1,
    "GeometricalSmokeExhaustion": 0,
    "TotalGlassThickness": 14,
    "Dimensions": 0,
    "DimensionsWxHxD": "665 x 24 x 35",
    "TensileForce": 0,
    "LockingForce": 0,
    "Details_DE": "<ul><li>Bemessungsspannung: 24 V DC (19 V … 28 V)</li> <li>Abschaltstrom: 1,2 A</li> <li>Bemessungsstrom: 0,9 A</li> <li>Bemessungsaufnahme: 22 W</li> <li>Schutzart: IP 32</li> <li>Zug-/Schubkraft: max. 400 N</li> <li>Umgebungstemperatur: -5°C bis + 60°C</li> <li>Anschlussleitung: Halogenfrei, grau 5 x 0,5mm², ~3m</li> <li>Max. Geschwindigkeit: 13,5 mm/s</li></ul>",
    "Details_EN": "<ul><li>Rated voltage: 24 V DC (19 V … 28 V)</li> <li>Breaking current: 1.2 A</li><li>Rated current: 0.9 A</li><li>Rated consumption: 22 W</li><li>Protection rating: IP 32</li><li>Traction/ thrust: max. 400 N</li><li>Ambient temperature: -5° C to +60° C</li><li>Connecting cable: halogen-free, grey, 5 x 0.5 mm², ~ 3 m</li><li>Max. speed: 13,5 mm/s </li></ul>",
    "Einsatz": "<ul><li>Anwendung: Lüftung, NRA</li> <li>Integrierte intelligente Regelelektronik</li> <li>Rückmeldung Endlage „ZU“ (max. 24 V, 500 mA)</li> </ul>",
    "Use": "<ul><li>Application: ventilation, natural smoke ventilation</li> <li>Integrated intelligent control electronics</li> <li>Response for “CLOSED” end position (max. 24 V, 500 mA)</li> </ul>",
    "Ausstattung": "<ul><li>Zusätzlicher Universal-Steckersatz für Mehrfachbetrieb bis zu 4 Antrieben und 2 Verriegelungsantrieben</li></ul>",
    "Equipment": "<ul><li>Additional universal plug socket for multiplex operation of up to 4 drives and 2 interlocking drives</li></ul>",
    "Optionen": "<ul><li>Programmierung von Sonderfunktionen</li> <li>Programmierbare Rückmeldung Endlage „AUF“ (max. 24 V, 500 mA)</li> <li>Schüco Kontroller zur automatischen Konfiguration von Synchronlauf und Folgesteuerungen mit Verriegelungsantrieben in Antriebs-Verbundsystemen</li> </ul>",
    "Options": "<ul><li>Programming of special functions</li> <li>Programmable response for “OPEN” end position (max. 24 V, 500 mA)</li> <li>Schüco controller for automatic configuration of synchronous running and sequence control with locking drives in composite drive systems</li> </ul>",
    "IsTwoPce": false,
    "ResultVentWeight": 77.26,
    "IsLsRsDrive": true,
    "ArticleNumberRs": 291707,
    "TwoDrivesSideInstallation50": 0,
    "TwoDrivesSideInstallation60": 0,
    "TwoDrivesSideInstallation70": 0,
    "TwoDrivesSideInstallation80": 0,
    "OpeningSpeedmms": 0,
    "Traction": 400,
    "Thrust": 100,
    "Id": "fcff08f9-981e-47bb-8f19-91cb4dc64404",
    "CreatedOn": "2024-09-26T13:55:26.817Z",
    "CreatedBy": "",
    "ModifiedOn": "2024-09-26T13:55:26.817Z",
    "ModifiedBy": ""
  },
  {
    "Name": "Chain actuator D6 600",
    "Bezeichnung": "Kettenantrieb D6 600",
    "ConfigurationId": "00000000-0000-0000-0000-000000000000",
    "Description": "",
    "Application": "Facade",
    "ApplicationFacade": true,
    "ApplicationSkylight": true,
    "Type": 1,
    "OpeningType": 0,
    "BottomHungInward": true,
    "BottomHungOutward": true,
    "SideHungInward": true,
    "SideHungOutward": true,
    "TopHungInward": false,
    "TopHungOutward": true,
    "ProjectedTopHungInward": false,
    "ProjectedTopHungOutward": true,
    "InstallationType": "",
    "ITMainOutFrmMountWBracket": true,
    "ITMainFixOutFrmMount": false,
    "ITMainVentFrmMount": true,
    "ITSideMount50": false,
    "ITSideMount60": false,
    "ITSideMount70": false,
    "ITSideMount80": false,
    "ITSideMount67": true,
    "Feature": "",
    "FeatureOpenClose": true,
    "FeatureLock": true,
    "ArticleNumber": 291716,
    "Stroke": 600,
    "Angle": 0,
    "Voltage": "24 V DC",
    "Voltage24": true,
    "Voltage230": false,
    "RatedCurrent": 1,
    "BreakingCurrent": 1,
    "PullingForceMax": 600,
    "PushingForceMax": 600,
    "PullingForceMaxWithNegativeWind": 0,
    "PushingForceMaxWithNegativeWind": 0,
    "PushingForcePermanent": 400,
    "PullingForcePermanent": 600,
    "MinPullingForceMax": 0,
    "MinPushingForceMax": 147.64,
    "MinPullingForcePermanent": -93.11,
    "MinPushingForcePermanent": 0,
    "Price": 374.18,
    "DriveLength": 693,
    "ChainDrive": 793,
    "ChainDrive2": 1546,
    "MaxLengthMainClosingEdge1Drive": 1920,
    "MaxGeometricArea": 1,
    "GeometricalSmokeExhaustion": 0,
    "TotalGlassThickness": 14,
    "Dimensions": 0,
    "DimensionsWxHxD": "693 x 40 x 56",
    "TensileForce": 0,
    "LockingForce": 0,
    "Details_DE": "<ul> <li>Bemessungsspannung: 24 V DC (19 V … 28 V)</li> <li>Abschaltstrom: 1,2 A</li> <li>Bemessungsstrom: 0,9 A</li> <li>Bemessungsaufnahme: 22 W</li> <li>Schutzart: IP 32</li> <li>Zug-/Schubkraft: max. 600 N</li> <li>Umgebungstemperatur: -5°C bis + 60°C</li> <li>Anschlussleitung: Halogenfrei, grau 5 x 0,5mm², ~3m</li> <li>Max. Geschwindigkeit: 13,5 mm/s</li> </ul>",
    "Details_EN": "<ul> <li>Rated voltage: 24 V DC (19 V … 28 V)</li><li>Breaking current: 1.2 A</li><li>Rated current: 0.9 A</li><li>Rated consumption: 22W</li><li>Protection rating: IP 32</li><li>Traction/ thrust: max. 600 N</li><li>Ambient temperature: -5° C to +60° C</li><li>Connecting cable: halogen-free, grey 3 x 0,5mm², ~3m</li><li>Max. speed: 13,5 mm/s</li></ul>",
    "Einsatz": "<ul><li>Anwendung: Lüftung, NRA</li> <li>Integrierte intelligente Regelelektronik</li></ul>",
    "Use": "<ul><li>Application: ventilation, natural smoke ventilation</li> <li>Integrated intelligent control electronics</li> </ul>",
    "Ausstattung": "<ul><li>Zusätzlicher Universal-Steckersatz für Mehrfachbetrieb bis zu 4 Antrieben und 2 Verriegelungsantrieben</li></ul>",
    "Equipment": "<ul><li>Additional universal plug socket for multiplex operation  of up to 4 drives and 2 interlocking drives</li></ul>",
    "Optionen": "<ul><li>Programmierung von Sonderfunktionen</li> <li>Programmierbare Rückmeldung Endlage „AUF“ (max. 24 V, 500 mA)</li> <li>Schüco Kontroller zur automatischen Konfiguration von Synchronlauf und Folgesteuerungen mit Verriegelungsantrieben in Antriebs-Verbundsystemen</li> </ul>",
    "Options": "<ul><li>Programming of special functions</li> <li>Programmable response for “OPEN” end position (max. 24 V, 500 mA)</li> <li>Schüco controller for automatic configuration of synchronous running and sequence control with locking drives in composite drive systems</li> </ul>",
    "IsTwoPce": false,
    "ResultVentWeight": 77.26,
    "IsLsRsDrive": false,
    "ArticleNumberRs": 0,
    "TwoDrivesSideInstallation50": 0,
    "TwoDrivesSideInstallation60": 0,
    "TwoDrivesSideInstallation70": 0,
    "TwoDrivesSideInstallation80": 0,
    "OpeningSpeedmms": 0,
    "Traction": 600,
    "Thrust": 600,
    "Id": "3cae6110-7870-4645-8094-e12449f27b1f",
    "CreatedOn": "2024-09-26T13:55:26.817Z",
    "CreatedBy": "",
    "ModifiedOn": "2024-09-26T13:55:26.817Z",
    "ModifiedBy": ""
  },
  {
    "Name": "Chain actuator TWIN D2 L600",
    "Bezeichnung": "Kettenantrieb TWIN D2 L600",
    "ConfigurationId": "00000000-0000-0000-0000-000000000000",
    "Description": "",
    "Application": "Facade",
    "ApplicationFacade": true,
    "ApplicationSkylight": false,
    "Type": 1,
    "OpeningType": 0,
    "BottomHungInward": true,
    "BottomHungOutward": false,
    "SideHungInward": false,
    "SideHungOutward": false,
    "TopHungInward": false,
    "TopHungOutward": true,
    "ProjectedTopHungInward": false,
    "ProjectedTopHungOutward": false,
    "InstallationType": "",
    "ITMainOutFrmMountWBracket": true,
    "ITMainFixOutFrmMount": true,
    "ITMainVentFrmMount": true,
    "ITSideMount50": false,
    "ITSideMount60": false,
    "ITSideMount70": false,
    "ITSideMount80": false,
    "ITSideMount67": false,
    "Feature": "",
    "FeatureOpenClose": true,
    "FeatureLock": true,
    "ArticleNumber": 291774,
    "Stroke": 600,
    "Angle": 0,
    "Voltage": "24 V DC",
    "Voltage24": true,
    "Voltage230": false,
    "RatedCurrent": 1,
    "BreakingCurrent": 2,
    "PullingForceMax": 500,
    "PushingForceMax": 200,
    "PullingForceMaxWithNegativeWind": 0,
    "PushingForceMaxWithNegativeWind": 0,
    "PushingForcePermanent": 133.33,
    "PullingForcePermanent": 500,
    "MinPullingForceMax": 0,
    "MinPushingForceMax": 147.64,
    "MinPullingForcePermanent": -93.11,
    "MinPushingForcePermanent": 0,
    "Price": 532.67,
    "DriveLength": 1060,
    "ChainDrive": 1160,
    "ChainDrive2": 0,
    "MaxLengthMainClosingEdge1Drive": 1650,
    "MaxGeometricArea": 1,
    "GeometricalSmokeExhaustion": 0,
    "TotalGlassThickness": 14,
    "Dimensions": 0,
    "DimensionsWxHxD": "1060 x 26 x 41",
    "TensileForce": 0,
    "LockingForce": 0,
    "Details_DE": "<ul><li>Bemessungsspannung: 24 V DC (19 V … 28 V)</li> <li>Abschaltstrom: 2,0 A</li> <li>Bemessungsstrom: 1,4 A</li> <li>Bemessungsaufnahme: 34 W</li> <li>Schutzart: IP 32</li> <li>Zug-/Schubkraft: max. 500 N</li> <li>Umgebungstemperatur: -5°C bis + 60°C</li> <li>Anschlussleitung: Halogenfrei, grau 3 x 0,5mm², ~3m</li> <li>Max. Geschwindigkeit: 12 mm/s</li> </ul>",
    "Details_EN": "<ul><li>Rated voltage: 24 V DC (19 V … 28 V)</li><li>Breaking current: 2.0 A</li><li>Rated current: 1.4 A</li><li>Rated consumption: 34 W</li><li>Protection rating: IP 32</li><li>Traction/ thrust: max. 500 N</li><li>Ambient temperature: -5°C bis + 60°C</li><li>Connecting cable: halogen-free, grey 3 x 0,5mm², ~3m</li><li>Max. speed: 12 mm/s</li></ul>",
    "Einsatz": "<ul><li>Anwendung: Lüftung, NRA</li> <li>Integrierte intelligente Regelelektronik</li> <li>Rückmeldung Endlage „ZU“ (max. 24 V, 500 mA)</li> </ul>",
    "Use": "<ul><li>Application: ventilation, natural smoke ventilation</li> <li>Integrated intelligent control electronics</li> <li>Response for \"CLOSED\" end position (max. 24 V, 500 mA)</li> </ul>",
    "Ausstattung": null,
    "Equipment": null,
    "Optionen": "<ul><li>Programmierung von Sonderfunktionen</li> <li>Programmierbare Rückmeldung Endlage „AUF“ (max. 24 V, 500 mA)</li> <li>Schüco Kontroller zur automatischen Konfiguration von Synchronlauf und Folgesteuerungen mit Verriegelungsantrieb in Antriebs-Verbundsystem</li> </ul>",
    "Options": "<ul><li>Programming of special functions</li> <li>Programmable response for \"OPEN\" end position (max. 24 V, 500 mA)</li> <li>Schüco controller for automatic configuration of synchronous running and sequence control with locking drives in composite drive systems</li> </ul>",
    "IsTwoPce": false,
    "ResultVentWeight": 77.26,
    "IsLsRsDrive": false,
    "ArticleNumberRs": 0,
    "TwoDrivesSideInstallation50": 0,
    "TwoDrivesSideInstallation60": 0,
    "TwoDrivesSideInstallation70": 0,
    "TwoDrivesSideInstallation80": 0,
    "OpeningSpeedmms": 0,
    "Traction": 500,
    "Thrust": 200,
    "Id": "e894c2ec-1e80-4d24-8c80-a383a582ab2a",
    "CreatedOn": "2024-09-26T13:55:26.817Z",
    "CreatedBy": "",
    "ModifiedOn": "2024-09-26T13:55:26.817Z",
    "ModifiedBy": ""
  },
  {
    "Name": "Locking actuator EasyConnect ow",
    "Bezeichnung": "Verriegelungsantrieb EasyConnect ow",
    "ConfigurationId": "00000000-0000-0000-0000-000000000000",
    "Description": "",
    "Application": "",
    "ApplicationFacade": true,
    "ApplicationSkylight": false,
    "Type": 5,
    "OpeningType": 0,
    "BottomHungInward": false,
    "BottomHungOutward": false,
    "SideHungInward": false,
    "SideHungOutward": true,
    "TopHungInward": false,
    "TopHungOutward": true,
    "ProjectedTopHungInward": false,
    "ProjectedTopHungOutward": true,
    "InstallationType": "",
    "ITMainOutFrmMountWBracket": true,
    "ITMainFixOutFrmMount": false,
    "ITMainVentFrmMount": false,
    "ITSideMount50": false,
    "ITSideMount60": false,
    "ITSideMount70": false,
    "ITSideMount80": false,
    "ITSideMount67": false,
    "Feature": "",
    "FeatureOpenClose": true,
    "FeatureLock": false,
    "ArticleNumber": 291589,
    "Stroke": 0,
    "Angle": 0,
    "Voltage": null,
    "Voltage24": true,
    "Voltage230": true,
    "RatedCurrent": 0,
    "BreakingCurrent": 0,
    "PullingForceMax": 0,
    "PushingForceMax": 0,
    "PullingForceMaxWithNegativeWind": 0,
    "PushingForceMaxWithNegativeWind": 0,
    "PushingForcePermanent": 0,
    "PullingForcePermanent": 0,
    "MinPullingForceMax": 0,
    "MinPushingForceMax": 0,
    "MinPullingForcePermanent": 0,
    "MinPushingForcePermanent": 0,
    "Price": 0,
    "DriveLength": 0,
    "ChainDrive": 0,
    "ChainDrive2": 0,
    "MaxLengthMainClosingEdge1Drive": 0,
    "MaxGeometricArea": 0,
    "GeometricalSmokeExhaustion": 0,
    "TotalGlassThickness": 0,
    "Dimensions": 0,
    "DimensionsWxHxD": "375 x 24 x 35",
    "TensileForce": 0,
    "LockingForce": 0,
    "Details_DE": "<ul> <li>Bemessungsspannung: 24 V DC (19 V … 28 V)</li> <li>Abschaltstrom: ~1,0 A</li> <li>Bemessungsstrom: 0,6 A</li> <li>Bemessungsaufnahme: 15 W</li> <li>Schutzart: IP 32</li><li>Zug-/Schubkraft: max. 600 N</li> <li>Umgebungstemperatur: -5°C bis + 60°C</li> <li>Anschlussleitung: Halogenfrei, grau 5 x 0,5mm² , ~5m</li> <li>Laufzeit: ~ 5s</li><li>Hub: ~ 18mm</li> </ul>",
    "Details_EN": "<ul> <li>Rated voltage : 24 V DC (19 V … 28 V</li> <li>Breaking current : ~1,0 A</li> <li>Rated current : 0,6 A</li> <li>Rated consumption : 15 W</li> <li>Protection rating : IP 32</li><li>Traction/ thrust : max. 600 N</li> <li>Ambient temperature: -5°C bis + 60°C</li> <li>Connecting cable: halogen-free, grey 5 x 0,5mm² , ~5m</li> <li>Running time: ~ 5s</li><li>Stroke: ~ 18mm</li> </ul>",
    "Einsatz": "<ul> <li>Anwendung: Lüftung, NRA</li><li>Integrierte intelligente Regelelektronik</li></ul>",
    "Use": "<ul> <li>Application: ventilation, natural smoke ventilation</li> <li>Integrated intelligent control electronics</li></ul>",
    "Ausstattung": "<ul><li>Laufrichtung einstellbar</li><li>Zusätzlicher Universal-Steckersatz</li></ul>",
    "Equipment": "<ul><li>Running direction adjustable</li><li>Additional universal plug socket</li></ul>",
    "Optionen": "<ul> <li>Mitnehmer objekt-/profilspezifisch anpassbar</li></ul>",
    "Options": "<ul> <li>Coupling adapter customizable for project-/profile-specific demands</li></ul>",
    "IsTwoPce": false,
    "ResultVentWeight": 0,
    "IsLsRsDrive": false,
    "ArticleNumberRs": 0,
    "TwoDrivesSideInstallation50": 0,
    "TwoDrivesSideInstallation60": 0,
    "TwoDrivesSideInstallation70": 0,
    "TwoDrivesSideInstallation80": 0,
    "OpeningSpeedmms": 0,
    "Traction": 0,
    "Thrust": 0,
    "Id": "ebe9753c-e5d7-4140-afe0-9f98bf25df99",
    "CreatedOn": "2024-09-26T13:55:26.817Z",
    "CreatedBy": "",
    "ModifiedOn": "2024-09-26T13:55:26.817Z",
    "ModifiedBy": ""
  }
]

13:06:34.294 [main] INFO  com.intuit.karate - Expected RecommDrive: Chain actuator D2 L600,Chain actuator D4 600,Chain actuator D6 600,Chain actuator TWIN D2 L600,Locking actuator EasyConnect ow 
13:06:34.296 [main] INFO  com.intuit.karate - Actual RecommDrive: Chain actuator D2 L600, Chain actuator D4 600, Chain actuator D6 600, Chain actuator TWIN D2 L600, Locking actuator EasyConnect ow 
13:06:34.296 [main] INFO  com.intuit.karate - Normalized Actual RecommDrive: Chain actuator D2 L600,Chain actuator D4 600,Chain actuator D6 600,Chain actuator TWIN D2 L600,Locking actuator EasyConnect ow 
13:06:34.297 [main] INFO  com.intuit.karate - Normalized Expected RecommDrive: Chain actuator D2 L600,Chain actuator D4 600,Chain actuator D6 600,Chain actuator TWIN D2 L600,Locking actuator EasyConnect ow 
13:06:34.298 [main] INFO  com.intuit.karate - All Drive IDs: [
  "267a3972-757f-4244-ac52-6bc7b30bac9f",
  "fcff08f9-981e-47bb-8f19-91cb4dc64404",
  "3cae6110-7870-4645-8094-e12449f27b1f",
  "e894c2ec-1e80-4d24-8c80-a383a582ab2a",
  "ebe9753c-e5d7-4140-afe0-9f98bf25df99"
]
 
13:06:34.299 [main] INFO  com.intuit.karate - First Drive ID: 267a3972-757f-4244-ac52-6bc7b30bac9f 
13:06:34.302 [main] DEBUG com.intuit.karate - request:
3 > POST https://dev-drivetec-apis.schuecodigitalsolutions.com/api/Drives/DownloadPDFNew/Schuco
3 > Content-Type: application/json; charset=UTF-8
3 > Content-Length: 1194
3 > Host: dev-drivetec-apis.schuecodigitalsolutions.com
3 > Connection: Keep-Alive
3 > User-Agent: Apache-HttpClient/4.5.14 (Java/17.0.12)
3 > Accept-Encoding: gzip,deflate
[{"Id":"configId","Header":"configId","Value":"a6c57049-3660-48af-86d2-7adc6969df6b"},{"Id":"driveId","Header":"driveId","Value":"267a3972-757f-4244-ac52-6bc7b30bac9f"},{"Id":"culture","Header":"culture","Value":"EN-US"},{"Id":"projectId","Header":"projectId","Value":"4bf1dfc8-fd6d-4d3a-9337-7ee7425ebbdf"},{"Id":"range-of-app","Header":"Range of application","Value":"Façade"},{"Id":"opening-type","Header":"Opening type","Value":"Bottom-hung vent"},{"Id":"opening-direction","Header":"Opening direction","Value":"Inward"},{"Id":"how-calc-weight","Header":"Vent weight","Value":"Weight including glass"},{"Id":"Chain-Length","Header":"Chain- \/ connecting rod handle","Value":"100%"},{"Id":"drive-position","Header":"Drive position","Value":"Side installation"},{"Id":"locking-mechanism","Header":"Locking mechanism","Value":"With"},{"Id":"voltage","Header":"Voltage","Value":"24 V"},{"Id":"drive-type","Header":"Drive type","Value":"Chain drive"},{"Id":"type-installation","Header":"Type of installation","Value":"Pivoting Outer Frame Installation"},{"Id":"calculation-type-for-ventilation-area","Header":"Calculation type for ventilation area","Value":"Method in accordance with ASR 3.6"}]

13:06:35.911 [main] DEBUG com.intuit.karate - response time in milliseconds: 1608
3 < 200
3 < Content-Type: application/json; charset=utf-8
3 < Date: Tue, 03 Dec 2024 07:36:35 GMT
3 < Server: Microsoft-IIS/10.0
3 < X-Powered-By: ASP.NET
3 < Content-Length: 281
3 < Connection: keep-alive
{
  "result": "https://drive-tec-dev.s3.amazonaws.com/AUT_TPJ26668-Chain_actuator_D2_L600.pdf?AWSAccessKeyId=AKIAZAWIART4ZFAXXPHK&Expires=1733214996&response-content-disposition=attachment%3B&response-content-type=application%2Fpdf&Signature=jSdiExYByt1iHgPBE4f%2BoiQlB%2Fo%3D"
}

13:06:35.927 [main] INFO  com.intuit.karate - Download URL for first driveId: https://drive-tec-dev.s3.amazonaws.com/AUT_TPJ26668-Chain_actuator_D2_L600.pdf?AWSAccessKeyId=AKIAZAWIART4ZFAXXPHK&Expires=1733214996&response-content-disposition=attachment%3B&response-content-type=application%2Fpdf&Signature=jSdiExYByt1iHgPBE4f%2BoiQlB%2Fo%3D 
13:06:35.927 [main] INFO  com.intuit.karate - karate.env system property was: null 
13:06:35.927 [main] INFO  com.intuit.karate - Running test for dataset:  Dataset18 
13:06:35.927 [main] INFO  com.intuit.karate - Using ProjectId:  {
  "result": {
    "projectId": "prjId"
  },
  "projectPayload": {
    "Id": "579816e4-6653-4794-b435-a885f32e28d7",
    "Name": "AUT_TPJ26668",
    "Address": "Hyderabad, Telangana, India",
    "Description": "",
    "CreatedBy": "579816e4-6653-4794-b435-a885f32e28d7",
    "ModifiedBy": "579816e4-6653-4794-b435-a885f32e28d7"
  },
  "uniqueName": "AUT_TPJ26668",
  "responseHeaders": {
    "Content-Type": [
      "application/json; charset=utf-8"
    ],
    "Date": [
      "Tue, 03 Dec 2024 07:35:27 GMT"
    ],
    "Server": [
      "Microsoft-IIS/10.0"
    ],
    "X-Powered-By": [
      "ASP.NET"
    ],
    "transfer-encoding": [
      "chunked"
    ],
    "Connection": [
      "keep-alive"
    ],
    "Set-Cookie": [
    ]
  },
  "responseTime": 1242,
  "response": {
    "Name": "AUT_TPJ26668",
    "Description": "",
    "Address": "Hyderabad, Telangana, India",
    "Id": "4bf1dfc8-fd6d-4d3a-9337-7ee7425ebbdf",
    "CreatedOn": "2024-12-03T07:35:27.7758566+00:00",
    "CreatedBy": "579816e4-6653-4794-b435-a885f32e28d7",
    "ModifiedOn": "2024-12-03T07:35:27.7759029+00:00",
    "ModifiedBy": ""
  },
  "responseStatus": 200,
  "prjId": "4bf1dfc8-fd6d-4d3a-9337-7ee7425ebbdf",
  "projectId": "4bf1dfc8-fd6d-4d3a-9337-7ee7425ebbdf"
}
 
13:06:35.927 [main] DEBUG com.intuit.karate - request:
1 > POST https://dev-drivetec-apis.schuecodigitalsolutions.com/Configurations
1 > Content-Type: application/json; charset=UTF-8
1 > Content-Length: 1275
1 > Host: dev-drivetec-apis.schuecodigitalsolutions.com
1 > Connection: Keep-Alive
1 > User-Agent: Apache-HttpClient/4.5.14 (Java/17.0.12)
1 > Accept-Encoding: gzip,deflate
{"Id":"00000000-0000-0000-0000-000000000000","ProjectId":"4bf1dfc8-fd6d-4d3a-9337-7ee7425ebbdf","Name":"Dataset5928","Description":"Dataset5928","CustomTags":"","CreatedBy":"579816e4-6653-4794-b435-a885f32e28d7","ModifiedBy":"579816e4-6653-4794-b435-a885f32e28d7","ApplicationName":1,"System":"","FacadeInclination":0,"OpeningType":1,"OpeningDirection":1,"OpeningWidth":1000,"VentOuterWidth":1230,"VentOuterHeight":1480,"VentWeight":70,"CalculateWeightWithGlass":false,"WeightIncGlassOrThickness":false,"GlassThickness":14,"ProfileWeightPerSerialMeter":2.5,"IsWindowOpeningCalculationByAngle":1,"RequiredOpeningStroke":400,"OpeningAngle":15,"WindLoad":120,"SnowLoad":0,"DrivePosition":2,"InstallationPosition":1,"ChainLengthConnectingRodHandle":5,"LockingMechanism":1,"Voltage":1,"DriveType":1,"TypeOfInstallation":2,"CalculationTypeForVentilation":1,"CalcVentilation":1,"GeometricArea":1,"SpecificExhaustDimension":30,"BuildingDepth":75,"RevealDepth":0,"RevealDepthRectangleAngle1":0,"RevealDepthRectangleAngle2":0,"HeightOfProfile":0,"HeightProfileRectangleAngle1":0,"HeightProfileRectangleAngle2":0,"AkippOrAtilt":0,"AdrehOrAturn":0,"Ageo":0,"MinPullingForceMax":0,"MinPushingForceMax":0,"MinPullingForcePermanent":0,"MinPushingForcePermanent":0,"ForceWithNegativeWind":0}

13:06:36.619 [main] DEBUG com.intuit.karate - response time in milliseconds: 692
1 < 200
1 < Content-Type: application/json; charset=utf-8
1 < Date: Tue, 03 Dec 2024 07:36:35 GMT
1 < Server: Microsoft-IIS/10.0
1 < X-Powered-By: ASP.NET
1 < Content-Length: 2032
1 < Connection: keep-alive
{
  "ProjectId": "4bf1dfc8-fd6d-4d3a-9337-7ee7425ebbdf",
  "Name": "Dataset5928",
  "Description": "Dataset5928",
  "CustomTags": "",
  "ApplicationName": 1,
  "OpeningType": 1,
  "OpeningDirection": 1,
  "CalculateWeightWithGlass": false,
  "WindLoad": 120,
  "IsWindowOpeningCalculationByAngle": 1,
  "VentOuterWidth": 1230,
  "VentOuterHeight": 1480,
  "WeightIncGlassOrThickness": false,
  "VentWeight": 77,
  "VentWeightExact": 77.26400000000001,
  "GlassThickness": 14,
  "ProfileWeightPerSerialMeter": 2.5,
  "FacadeInclination": 0,
  "ChainLengthConnectingRodHandle": 5,
  "ChainLenghtConnectingRodHandle": 0,
  "RequiredOpeningStroke": 400,
  "OpeningWidth": 1000,
  "OpeningAngle": 15.532868337024489,
  "SpecificExhaustDimension": 30,
  "BuildingDepth": 75,
  "SnowLoad": 0,
  "DistanceHinge": 0,
  "RatedCurrent": 0,
  "DrivePosition": 2,
  "LockingMechanism": 1,
  "Voltage": 1,
  "DriveType": 1,
  "TypeOfInstallation": 2,
  "GeometricArea": 0,
  "CalculationTypeForVentilation": 1,
  "HeightOfProfile": 0,
  "Reveal": 0,
  "RevealDepth": 0,
  "HeightProfileRectangleAngle1": 0,
  "HeightProfileRectangleAngle2": 0,
  "RevealDepthRectangleAngle1": 0,
  "RevealDepthRectangleAngle2": 0,
  "RevealDepthRectangleAngle12": 0,
  "InstallationPosition": 0,
  "RecommendedDriveArticleNo": 0,
  "System": "",
  "AkippOrAtilt": 1.084,
  "AdrehOrAturn": 1.8204,
  "Ageo": 1.084,
  "MinPullingForceMax": -206.4868442161654,
  "MinPushingForceMax": -206.4868442161654,
  "MinPullingForcePermanent": -104.11163259218097,
  "MinPushingForcePermanent": -104.11163259218097,
  "ForceWithNegativeWind": 109.53156767199486,
  "ForceWithNoWindMin": 0.30763693489047433,
  "ForceWithNegativeWindMin": 0,
  "ForceWithWindMin": -108.91629380221393,
  "Id": "8184926d-04b1-4eec-ad33-06d4364c9d8b",
  "CreatedOn": "2024-12-03T07:36:36.5343117+00:00",
  "CreatedBy": "579816e4-6653-4794-b435-a885f32e28d7",
  "ModifiedOn": "2024-12-03T07:36:36.5343125+00:00",
  "ModifiedBy": ""
}

13:06:36.619 [main] INFO  com.intuit.karate - Generated Config ID: 8184926d-04b1-4eec-ad33-06d4364c9d8b 
13:06:36.619 [main] INFO  com.intuit.karate - Generated Name: Dataset5928 
13:06:36.619 [main] INFO  com.intuit.karate - Generated Description: Dataset5928 
13:06:36.619 [main] DEBUG com.intuit.karate - request:
1 > PUT https://dev-drivetec-apis.schuecodigitalsolutions.com/Configurations
1 > Content-Type: application/json; charset=UTF-8
1 > Content-Length: 1280
1 > Host: dev-drivetec-apis.schuecodigitalsolutions.com
1 > Connection: Keep-Alive
1 > User-Agent: Apache-HttpClient/4.5.14 (Java/17.0.12)
1 > Accept-Encoding: gzip,deflate
{"Id":"8184926d-04b1-4eec-ad33-06d4364c9d8b","Name":"Dataset18","Description":"Dataset5928","ProjectId":"4bf1dfc8-fd6d-4d3a-9337-7ee7425ebbdf","CustomTags":"","CreatedBy":"579816e4-6653-4794-b435-a885f32e28d7","ModifiedBy":"579816e4-6653-4794-b435-a885f32e28d7","System":"","FacadeInclination":10,"OpeningType":2,"OpeningDirection":2,"OpeningWidth":1000,"VentOuterWidth":1230,"VentOuterHeight":1480,"VentWeight":0,"CalculateWeightWithGlass":false,"RequiredOpeningStroke":400,"WindLoad":120,"SnowLoad":0,"IsWindowOpeningCalculationByAngle":1,"GlassThickness":14,"ProfileWeightPerSerialMeter":2.5,"DrivePosition":1,"InstallationPosition":0,"LockingMechanism":1,"Voltage":1,"DriveType":1,"TypeOfInstallation":2,"GeometricArea":0,"CalcVentilation":2,"SpecificExhaustDimension":30,"BuildingDepth":60,"CalculationTypeForVentilation":2,"HeightOfProfile":0,"HeightProfileRectangleAngle1":75,"HeightProfileRectangleAngle2":200,"RevealDepth":0,"RevealDepthRectangleAngle1":50,"RevealDepthRectangleAngle2":1000,"ChainLengthConnectingRodHandle":5,"ApplicationName":1,"OpeningAngle":10,"WeightIncGlassOrThickness":false,"AkippOrAtilt":0,"AdrehOrAturn":0,"Ageo":0,"MinPullingForceMax":0,"MinPushingForceMax":0,"MinPullingForcePermanent":0,"MinPushingForcePermanent":0,"ForceWithNegativeWind":0}

13:06:37.295 [main] DEBUG com.intuit.karate - response time in milliseconds: 676
1 < 200
1 < Content-Type: application/json; charset=utf-8
1 < Date: Tue, 03 Dec 2024 07:36:37 GMT
1 < Server: Microsoft-IIS/10.0
1 < X-Powered-By: ASP.NET
1 < Content-Length: 2084
1 < Connection: keep-alive
{
  "ProjectId": "4bf1dfc8-fd6d-4d3a-9337-7ee7425ebbdf",
  "Name": "Dataset18",
  "Description": "Dataset5928",
  "CustomTags": "",
  "ApplicationName": 1,
  "OpeningType": 2,
  "OpeningDirection": 2,
  "CalculateWeightWithGlass": false,
  "WindLoad": 120,
  "IsWindowOpeningCalculationByAngle": 1,
  "VentOuterWidth": 1230,
  "VentOuterHeight": 1480,
  "WeightIncGlassOrThickness": false,
  "VentWeight": 77,
  "VentWeightExact": 77.26400000000001,
  "GlassThickness": 14,
  "ProfileWeightPerSerialMeter": 2.5,
  "FacadeInclination": 10,
  "ChainLengthConnectingRodHandle": 5,
  "ChainLenghtConnectingRodHandle": 0,
  "RequiredOpeningStroke": 400,
  "OpeningWidth": 1000,
  "OpeningAngle": 15.532868337024489,
  "SpecificExhaustDimension": 30,
  "BuildingDepth": 60,
  "SnowLoad": 0,
  "DistanceHinge": 0,
  "RatedCurrent": 0,
  "DrivePosition": 1,
  "LockingMechanism": 1,
  "Voltage": 1,
  "DriveType": 1,
  "TypeOfInstallation": 2,
  "GeometricArea": 0,
  "CalculationTypeForVentilation": 2,
  "HeightOfProfile": 0,
  "Reveal": 0,
  "RevealDepth": 0,
  "HeightProfileRectangleAngle1": 75,
  "HeightProfileRectangleAngle2": 200,
  "RevealDepthRectangleAngle1": 50,
  "RevealDepthRectangleAngle2": 1000,
  "RevealDepthRectangleAngle12": 0,
  "InstallationPosition": 0,
  "RecommendedDriveArticleNo": 0,
  "System": "",
  "AkippOrAtilt": 1.084,
  "AdrehOrAturn": 1.8204,
  "Ageo": 0.6165637649944986,
  "MinPullingForceMax": 39.21635469755029,
  "MinPushingForceMax": 147.12750748388888,
  "MinPullingForcePermanent": -66.74711192456053,
  "MinPushingForcePermanent": -66.74711192456053,
  "ForceWithNegativeWind": -172.71057854667134,
  "ForceWithNoWindMin": 37.93591244281374,
  "ForceWithNegativeWindMin": -71.25568259826139,
  "ForceWithWindMin": 39.21635469755029,
  "Id": "8184926d-04b1-4eec-ad33-06d4364c9d8b",
  "CreatedOn": "0001-01-01T00:00:00",
  "CreatedBy": "579816e4-6653-4794-b435-a885f32e28d7",
  "ModifiedOn": "2024-12-03T07:36:37.2179788+00:00",
  "ModifiedBy": "579816e4-6653-4794-b435-a885f32e28d7"
}

13:06:37.295 [main] INFO  com.intuit.karate - Rounded Opening Angle: 16.0 
13:06:37.295 [main] INFO  com.intuit.karate - Rounded Ageo: 0.62 
13:06:37.295 [main] INFO  com.intuit.karate - Rounded Required Opening Stroke: 400.0 
13:06:37.295 [main] INFO  com.intuit.karate - Rounded Vent Weight: 77.0 
13:06:37.295 [main] DEBUG com.intuit.karate - request:
2 > GET https://dev-drivetec-apis.schuecodigitalsolutions.com/Config/8184926d-04b1-4eec-ad33-06d4364c9d8b/Drive
2 > Host: dev-drivetec-apis.schuecodigitalsolutions.com
2 > Connection: Keep-Alive
2 > User-Agent: Apache-HttpClient/4.5.14 (Java/17.0.12)
2 > Accept-Encoding: gzip,deflate


13:06:38.144 [main] DEBUG com.intuit.karate - response time in milliseconds: 849
2 < 200
2 < Content-Type: application/json; charset=utf-8
2 < Date: Tue, 03 Dec 2024 07:36:37 GMT
2 < Server: Microsoft-IIS/10.0
2 < X-Powered-By: ASP.NET
2 < transfer-encoding: chunked
2 < Connection: keep-alive
[
  {
    "Name": "Chain actuator D2 L400",
    "Bezeichnung": "Kettenantrieb D2 L400",
    "ConfigurationId": "00000000-0000-0000-0000-000000000000",
    "Description": "",
    "Application": "Facade",
    "ApplicationFacade": true,
    "ApplicationSkylight": false,
    "Type": 1,
    "OpeningType": 0,
    "BottomHungInward": true,
    "BottomHungOutward": false,
    "SideHungInward": true,
    "SideHungOutward": false,
    "TopHungInward": false,
    "TopHungOutward": true,
    "ProjectedTopHungInward": false,
    "ProjectedTopHungOutward": false,
    "InstallationType": "",
    "ITMainOutFrmMountWBracket": true,
    "ITMainFixOutFrmMount": true,
    "ITMainVentFrmMount": true,
    "ITSideMount50": false,
    "ITSideMount60": false,
    "ITSideMount70": false,
    "ITSideMount80": false,
    "ITSideMount67": true,
    "Feature": "",
    "FeatureOpenClose": true,
    "FeatureLock": true,
    "ArticleNumber": 291754,
    "Stroke": 400,
    "Angle": 0,
    "Voltage": "24 V DC",
    "Voltage24": true,
    "Voltage230": false,
    "RatedCurrent": 1,
    "BreakingCurrent": 1,
    "PullingForceMax": 250,
    "PushingForceMax": 200,
    "PullingForceMaxWithNegativeWind": 0,
    "PushingForceMaxWithNegativeWind": 0,
    "PushingForcePermanent": 133.33,
    "PullingForcePermanent": 250,
    "MinPullingForceMax": 0,
    "MinPushingForceMax": 147.13,
    "MinPullingForcePermanent": -66.75,
    "MinPushingForcePermanent": 0,
    "Price": 252.38,
    "DriveLength": 430,
    "ChainDrive": 530,
    "ChainDrive2": 1020,
    "MaxLengthMainClosingEdge1Drive": 1650,
    "MaxGeometricArea": 1,
    "GeometricalSmokeExhaustion": 0,
    "TotalGlassThickness": 14,
    "Dimensions": 0,
    "DimensionsWxHxD": "430 x 26 x 41",
    "TensileForce": 0,
    "LockingForce": 0,
    "Details_DE": "<ul><li>Bemessungsspannung: 24 V DC (19 V … 28 V)</li><li>Abschaltstrom: 1,0 A</li><li>Bemessungsstrom: 0,7 A</li><li>Bemessungsaufnahme: 17 W</li><li>Schutzart: IP 32</li><li>Zug-/Schubkraft: max. 250 N</li><li>Umgebungstemperatur: -5°C bis + 60°C</li><li>Anschlussleitung: Halogenfrei, grau 3 x 0,5 mm², ~3 m</li><li>Max. Geschwindigkeit: 13,5 mm/s</li></ul>",
    "Details_EN": "<ul><li>Rated voltage: 24 V DC (19 V … 28 V)</li><li>Breaking current: 1.0 A</li><li>Rated current: 0.7 A</li><li>Rated consumption: 17 W</li><li>Protection rating: IP 32</li><li>Traction/ thrust: max. 250 N</li><li>Ambient temperature: -5°C bis + 60°C</li><li>Connecting cable: halogen-free, grey 3 x 0.5 mm², ~3 m</li><li>Max. speed: 13.5 mm/s</li></ul>",
    "Einsatz": "<ul> <li>Anwendung: Lüftung, NRA</li> <li>Integrierte intelligente Regelelektronik</li> <li>Rückmeldung Endlage „ZU“ (max. 24 V, 500 mA)</li> </ul>",
    "Use": "<ul> <li>Application: ventilation, natural smoke ventilation</li> <li>Integrated, intelligent control electronics</li> <li>Response for “CLOSED” end position (max. 24 V, 500 mA)</li> </ul>",
    "Ausstattung": null,
    "Equipment": null,
    "Optionen": "<ul> <li>Programmierung von Sonderfunktionen</li> <li>Programmierbare Rückmeldung Endlage „AUF“ (max. 24 V, 500 mA)</li> <li>Schüco Kontroller zur automatischen Konfiguration von Synchronlauf und Folgesteuerungen mit Verriegelungsantrieben in Antriebs-Verbundsystemen</li> </ul>",
    "Options": "<ul> <li>Programming of special functions</li> <li>Programmable response for “OPEN” end position (max. 24 V, 500 mA)</li> <li>Schüco controller for automatic configuration of synchronous running and sequence control with locking drives in composite drive systems</li></ul>",
    "IsTwoPce": false,
    "ResultVentWeight": 77.26,
    "IsLsRsDrive": true,
    "ArticleNumberRs": 291755,
    "TwoDrivesSideInstallation50": 0,
    "TwoDrivesSideInstallation60": 0,
    "TwoDrivesSideInstallation70": 0,
    "TwoDrivesSideInstallation80": 0,
    "OpeningSpeedmms": 0,
    "Traction": 250,
    "Thrust": 200,
    "Id": "94015dd3-0c39-4d62-be4f-b1e2f8066f98",
    "CreatedOn": "2024-09-26T13:55:26.817Z",
    "CreatedBy": "",
    "ModifiedOn": "2024-09-26T13:55:26.817Z",
    "ModifiedBy": ""
  },
  {
    "Name": "Chain actuator D4 400",
    "Bezeichnung": "Kettenantrieb D4 400",
    "ConfigurationId": "00000000-0000-0000-0000-000000000000",
    "Description": "",
    "Application": "Facade",
    "ApplicationFacade": true,
    "ApplicationSkylight": false,
    "Type": 1,
    "OpeningType": 0,
    "BottomHungInward": true,
    "BottomHungOutward": false,
    "SideHungInward": true,
    "SideHungOutward": true,
    "TopHungInward": false,
    "TopHungOutward": true,
    "ProjectedTopHungInward": false,
    "ProjectedTopHungOutward": true,
    "InstallationType": "",
    "ITMainOutFrmMountWBracket": true,
    "ITMainFixOutFrmMount": true,
    "ITMainVentFrmMount": true,
    "ITSideMount50": false,
    "ITSideMount60": false,
    "ITSideMount70": false,
    "ITSideMount80": false,
    "ITSideMount67": true,
    "Feature": "",
    "FeatureOpenClose": true,
    "FeatureLock": true,
    "ArticleNumber": 291706,
    "Stroke": 400,
    "Angle": 0,
    "Voltage": "24 V DC",
    "Voltage24": true,
    "Voltage230": false,
    "RatedCurrent": 1,
    "BreakingCurrent": 1,
    "PullingForceMax": 400,
    "PushingForceMax": 300,
    "PullingForceMaxWithNegativeWind": 0,
    "PushingForceMaxWithNegativeWind": 0,
    "PushingForcePermanent": 200,
    "PullingForcePermanent": 400,
    "MinPullingForceMax": 0,
    "MinPushingForceMax": 147.13,
    "MinPullingForcePermanent": -66.75,
    "MinPushingForcePermanent": 0,
    "Price": 273.74,
    "DriveLength": 551,
    "ChainDrive": 651,
    "ChainDrive2": 1262,
    "MaxLengthMainClosingEdge1Drive": 1850,
    "MaxGeometricArea": 1,
    "GeometricalSmokeExhaustion": 0,
    "TotalGlassThickness": 14,
    "Dimensions": 0,
    "DimensionsWxHxD": "551 x 24 x 35",
    "TensileForce": 0,
    "LockingForce": 0,
    "Details_DE": "<ul><li>Bemessungsspannung: 24 V DC (19 V … 28 V)</li> <li>Abschaltstrom: 1,2 A</li> <li>Bemessungsstrom: 0,9 A</li> <li>Bemessungsaufnahme: 22 W</li> <li>Schutzart: IP 32</li> <li>Zug-/Schubkraft: max. 400 N</li> <li>Umgebungstemperatur: -5°C bis + 60°C</li> <li>Anschlussleitung: Halogenfrei, grau 5 x 0,5mm², ~3m</li> <li>Max. Geschwindigkeit: 13,5 mm/s</li></ul>",
    "Details_EN": "<ul><li>Rated voltage: 24 V DC (19 V … 28 V)</li> <li>Breaking current: 1.2 A</li><li>Rated current: 0.9 A</li><li>Rated consumption: 22 W</li><li>Protection rating: IP 32</li><li>Traction/ thrust: max. 400 N</li><li>Ambient temperature: -5° C to +60° C</li><li>Connecting cable: halogen-free, grey, 5 x 0.5 mm², ~ 3 m</li><li>Max. speed: 13,5 mm/s </li></ul>",
    "Einsatz": "<ul><li>Anwendung: Lüftung, NRA</li> <li>Integrierte intelligente Regelelektronik</li> <li>Rückmeldung Endlage „ZU“ (max. 24 V, 500 mA)</li> </ul>",
    "Use": "<ul><li>Application: ventilation, natural smoke ventilation</li> <li>Integrated intelligent control electronics</li> <li>Response for “CLOSED” end position (max. 24 V, 500 mA)</li> </ul>",
    "Ausstattung": "<ul><li>Zusätzlicher Universal-Steckersatz für Mehrfachbetrieb bis zu 4 Antrieben und 2 Verriegelungsantrieben</li></ul>",
    "Equipment": "<ul><li>Additional universal plug socket for multiplex operation of up to 4 drives and 2 interlocking drives</li></ul>",
    "Optionen": "<ul><li>Programmierung von Sonderfunktionen</li> <li>Programmierbare Rückmeldung Endlage „AUF“ (max. 24 V, 500 mA)</li> <li>Schüco Kontroller zur automatischen Konfiguration von Synchronlauf und Folgesteuerungen mit Verriegelungsantrieben in Antriebs-Verbundsystemen</li> </ul>",
    "Options": "<ul><li>Programming of special functions</li> <li>Programmable response for “OPEN” end position (max. 24 V, 500 mA)</li> <li>Schüco controller for automatic configuration of synchronous running and sequence control with locking drives in composite drive systems</li> </ul>",
    "IsTwoPce": false,
    "ResultVentWeight": 77.26,
    "IsLsRsDrive": true,
    "ArticleNumberRs": 291705,
    "TwoDrivesSideInstallation50": 0,
    "TwoDrivesSideInstallation60": 0,
    "TwoDrivesSideInstallation70": 0,
    "TwoDrivesSideInstallation80": 0,
    "OpeningSpeedmms": 0,
    "Traction": 400,
    "Thrust": 300,
    "Id": "3d1279a9-fd09-4a49-8d1b-c747973b2872",
    "CreatedOn": "2024-09-26T13:55:26.817Z",
    "CreatedBy": "",
    "ModifiedOn": "2024-09-26T13:55:26.817Z",
    "ModifiedBy": ""
  },
  {
    "Name": "Chain actuator D6 400",
    "Bezeichnung": "Kettenantrieb D6 400",
    "ConfigurationId": "00000000-0000-0000-0000-000000000000",
    "Description": "",
    "Application": "Facade",
    "ApplicationFacade": true,
    "ApplicationSkylight": true,
    "Type": 1,
    "OpeningType": 0,
    "BottomHungInward": true,
    "BottomHungOutward": true,
    "SideHungInward": true,
    "SideHungOutward": true,
    "TopHungInward": false,
    "TopHungOutward": true,
    "ProjectedTopHungInward": false,
    "ProjectedTopHungOutward": true,
    "InstallationType": "",
    "ITMainOutFrmMountWBracket": true,
    "ITMainFixOutFrmMount": false,
    "ITMainVentFrmMount": true,
    "ITSideMount50": false,
    "ITSideMount60": false,
    "ITSideMount70": false,
    "ITSideMount80": false,
    "ITSideMount67": true,
    "Feature": "",
    "FeatureOpenClose": true,
    "FeatureLock": true,
    "ArticleNumber": 291715,
    "Stroke": 400,
    "Angle": 0,
    "Voltage": "24 V DC",
    "Voltage24": true,
    "Voltage230": false,
    "RatedCurrent": 1,
    "BreakingCurrent": 1,
    "PullingForceMax": 600,
    "PushingForceMax": 600,
    "PullingForceMaxWithNegativeWind": 0,
    "PushingForceMaxWithNegativeWind": 0,
    "PushingForcePermanent": 400,
    "PullingForcePermanent": 600,
    "MinPullingForceMax": 0,
    "MinPushingForceMax": 147.13,
    "MinPullingForcePermanent": -66.75,
    "MinPushingForcePermanent": 0,
    "Price": 360.35,
    "DriveLength": 591,
    "ChainDrive": 691,
    "ChainDrive2": 1342,
    "MaxLengthMainClosingEdge1Drive": 1920,
    "MaxGeometricArea": 1,
    "GeometricalSmokeExhaustion": 0,
    "TotalGlassThickness": 14,
    "Dimensions": 0,
    "DimensionsWxHxD": "591 x 40 x 56",
    "TensileForce": 0,
    "LockingForce": 0,
    "Details_DE": "<ul> <li>Bemessungsspannung: 24 V DC (19 V … 28 V)</li> <li>Abschaltstrom: 1,2 A</li> <li>Bemessungsstrom: 0,9 A</li> <li>Bemessungsaufnahme: 22 W</li> <li>Schutzart: IP 32</li> <li>Zug-/Schubkraft: max. 600 N</li> <li>Umgebungstemperatur: -5°C bis + 60°C</li> <li>Anschlussleitung: Halogenfrei, grau 5 x 0,5mm², ~3m</li> <li>Max. Geschwindigkeit: 13,5 mm/s</li> </ul>",
    "Details_EN": "<ul> <li>Rated voltage: 24 V DC (19 V … 28 V)</li><li>Breaking current: 1.2 A</li><li>Rated current: 0.9 A</li><li>Rated consumption: 22W</li><li>Protection rating: IP 32</li><li>Traction/ thrust: max. 600 N</li><li>Ambient temperature: -5° C to +60° C</li><li>Connecting cable: halogen-free, grey 3 x 0,5mm², ~3m</li><li>Max. speed: 13,5 mm/s</li></ul>",
    "Einsatz": "<ul><li>Anwendung: Lüftung, NRA</li> <li>Integrierte intelligente Regelelektronik</li></ul>",
    "Use": "<ul><li>Application: ventilation, natural smoke ventilation</li> <li>Integrated intelligent control electronics</li> </ul>",
    "Ausstattung": "<ul><li>Zusätzlicher Universal-Steckersatz für Mehrfachbetrieb bis zu 4 Antrieben und 2 Verriegelungsantrieben</li></ul>",
    "Equipment": "<ul><li>Additional universal plug socket for multiplex operation  of up to 4 drives and 2 interlocking drives</li></ul>",
    "Optionen": "<ul><li>Programmierung von Sonderfunktionen</li> <li>Programmierbare Rückmeldung Endlage „AUF“ (max. 24 V, 500 mA)</li> <li>Schüco Kontroller zur automatischen Konfiguration von Synchronlauf und Folgesteuerungen mit Verriegelungsantrieben in Antriebs-Verbundsystemen</li> </ul>",
    "Options": "<ul><li>Programming of special functions</li> <li>Programmable response for “OPEN” end position (max. 24 V, 500 mA)</li> <li>Schüco controller for automatic configuration of synchronous running and sequence control with locking drives in composite drive systems</li> </ul>",
    "IsTwoPce": false,
    "ResultVentWeight": 77.26,
    "IsLsRsDrive": false,
    "ArticleNumberRs": 0,
    "TwoDrivesSideInstallation50": 0,
    "TwoDrivesSideInstallation60": 0,
    "TwoDrivesSideInstallation70": 0,
    "TwoDrivesSideInstallation80": 0,
    "OpeningSpeedmms": 0,
    "Traction": 600,
    "Thrust": 600,
    "Id": "6cfaf03b-807c-4298-8635-4bf804653a9e",
    "CreatedOn": "2024-09-26T13:55:26.817Z",
    "CreatedBy": "",
    "ModifiedOn": "2024-09-26T13:55:26.817Z",
    "ModifiedBy": ""
  },
  {
    "Name": "Chain actuator TWIN D2 L400",
    "Bezeichnung": "Kettenantrieb TWIN D2 L400",
    "ConfigurationId": "00000000-0000-0000-0000-000000000000",
    "Description": "",
    "Application": "Facade",
    "ApplicationFacade": true,
    "ApplicationSkylight": false,
    "Type": 1,
    "OpeningType": 0,
    "BottomHungInward": true,
    "BottomHungOutward": false,
    "SideHungInward": false,
    "SideHungOutward": false,
    "TopHungInward": false,
    "TopHungOutward": true,
    "ProjectedTopHungInward": false,
    "ProjectedTopHungOutward": false,
    "InstallationType": "",
    "ITMainOutFrmMountWBracket": true,
    "ITMainFixOutFrmMount": true,
    "ITMainVentFrmMount": true,
    "ITSideMount50": false,
    "ITSideMount60": false,
    "ITSideMount70": false,
    "ITSideMount80": false,
    "ITSideMount67": false,
    "Feature": "",
    "FeatureOpenClose": true,
    "FeatureLock": true,
    "ArticleNumber": 291773,
    "Stroke": 400,
    "Angle": 0,
    "Voltage": "24 V DC",
    "Voltage24": true,
    "Voltage230": false,
    "RatedCurrent": 1,
    "BreakingCurrent": 2,
    "PullingForceMax": 500,
    "PushingForceMax": 400,
    "PullingForceMaxWithNegativeWind": 0,
    "PushingForceMaxWithNegativeWind": 0,
    "PushingForcePermanent": 266.67,
    "PullingForcePermanent": 500,
    "MinPullingForceMax": 0,
    "MinPushingForceMax": 147.13,
    "MinPullingForcePermanent": -66.75,
    "MinPushingForcePermanent": 0,
    "Price": 503.83,
    "DriveLength": 830,
    "ChainDrive": 930,
    "ChainDrive2": 0,
    "MaxLengthMainClosingEdge1Drive": 1650,
    "MaxGeometricArea": 1,
    "GeometricalSmokeExhaustion": 0,
    "TotalGlassThickness": 14,
    "Dimensions": 0,
    "DimensionsWxHxD": "830 x 26 x 41",
    "TensileForce": 0,
    "LockingForce": 0,
    "Details_DE": "<ul><li>Bemessungsspannung: 24 V DC (19 V … 28 V)</li> <li>Abschaltstrom: 2,0 A</li> <li>Bemessungsstrom: 1,4 A</li> <li>Bemessungsaufnahme: 34 W</li> <li>Schutzart: IP 32</li> <li>Zug-/Schubkraft: max. 500 N</li> <li>Umgebungstemperatur: -5°C bis + 60°C</li> <li>Anschlussleitung: Halogenfrei, grau 3 x 0,5mm², ~3m</li> <li>Max. Geschwindigkeit: 12 mm/s</li> </ul>",
    "Details_EN": "<ul><li>Rated voltage: 24 V DC (19 V … 28 V)</li><li>Breaking current: 2.0 A</li><li>Rated current: 1.4 A</li><li>Rated consumption: 34 W</li><li>Protection rating: IP 32</li><li>Traction/ thrust: max. 500 N</li><li>Ambient temperature: -5°C bis + 60°C</li><li>Connecting cable: halogen-free, grey 3 x 0,5mm², ~3m</li><li>Max. speed: 12 mm/s</li></ul>",
    "Einsatz": "<ul><li>Anwendung: Lüftung, NRA</li> <li>Integrierte intelligente Regelelektronik</li> <li>Rückmeldung Endlage „ZU“ (max. 24 V, 500 mA)</li> </ul>",
    "Use": "<ul><li>Application: ventilation, natural smoke ventilation</li> <li>Integrated intelligent control electronics</li> <li>Response for \"CLOSED\" end position (max. 24 V, 500 mA)</li> </ul>",
    "Ausstattung": null,
    "Equipment": null,
    "Optionen": "<ul><li>Programmierung von Sonderfunktionen</li> <li>Programmierbare Rückmeldung Endlage „AUF“ (max. 24 V, 500 mA)</li> <li>Schüco Kontroller zur automatischen Konfiguration von Synchronlauf und Folgesteuerungen mit Verriegelungsantrieb in Antriebs-Verbundsystem</li> </ul>",
    "Options": "<ul><li>Programming of special functions</li> <li>Programmable response for \"OPEN\" end position (max. 24 V, 500 mA)</li> <li>Schüco controller for automatic configuration of synchronous running and sequence control with locking drives in composite drive systems</li> </ul>",
    "IsTwoPce": false,
    "ResultVentWeight": 77.26,
    "IsLsRsDrive": false,
    "ArticleNumberRs": 0,
    "TwoDrivesSideInstallation50": 0,
    "TwoDrivesSideInstallation60": 0,
    "TwoDrivesSideInstallation70": 0,
    "TwoDrivesSideInstallation80": 0,
    "OpeningSpeedmms": 0,
    "Traction": 500,
    "Thrust": 400,
    "Id": "bee855a0-ff9e-43a3-aef0-f3ffc5797b4f",
    "CreatedOn": "2024-09-26T13:55:26.817Z",
    "CreatedBy": "",
    "ModifiedOn": "2024-09-26T13:55:26.817Z",
    "ModifiedBy": ""
  },
  {
    "Name": "Chain actuator D2 L400",
    "Bezeichnung": "Kettenantrieb D2 L400",
    "ConfigurationId": "00000000-0000-0000-0000-000000000000",
    "Description": "",
    "Application": "Facade",
    "ApplicationFacade": true,
    "ApplicationSkylight": false,
    "Type": 1,
    "OpeningType": 0,
    "BottomHungInward": true,
    "BottomHungOutward": false,
    "SideHungInward": true,
    "SideHungOutward": false,
    "TopHungInward": false,
    "TopHungOutward": true,
    "ProjectedTopHungInward": false,
    "ProjectedTopHungOutward": false,
    "InstallationType": "",
    "ITMainOutFrmMountWBracket": true,
    "ITMainFixOutFrmMount": true,
    "ITMainVentFrmMount": true,
    "ITSideMount50": false,
    "ITSideMount60": false,
    "ITSideMount70": false,
    "ITSideMount80": false,
    "ITSideMount67": true,
    "Feature": "",
    "FeatureOpenClose": true,
    "FeatureLock": true,
    "ArticleNumber": 291754,
    "Stroke": 400,
    "Angle": 0,
    "Voltage": "24 V DC",
    "Voltage24": true,
    "Voltage230": false,
    "RatedCurrent": 1,
    "BreakingCurrent": 1,
    "PullingForceMax": 250,
    "PushingForceMax": 200,
    "PullingForceMaxWithNegativeWind": 0,
    "PushingForceMaxWithNegativeWind": 0,
    "PushingForcePermanent": 133.33,
    "PullingForcePermanent": 250,
    "MinPullingForceMax": 0,
    "MinPushingForceMax": 147.13,
    "MinPullingForcePermanent": -66.75,
    "MinPushingForcePermanent": 0,
    "Price": 504.76,
    "DriveLength": 430,
    "ChainDrive": 530,
    "ChainDrive2": 1020,
    "MaxLengthMainClosingEdge1Drive": 1650,
    "MaxGeometricArea": 1,
    "GeometricalSmokeExhaustion": 0,
    "TotalGlassThickness": 14,
    "Dimensions": 0,
    "DimensionsWxHxD": "430 x 26 x 41",
    "TensileForce": 0,
    "LockingForce": 0,
    "Details_DE": "<ul><li>Bemessungsspannung: 24 V DC (19 V … 28 V)</li><li>Abschaltstrom: 1,0 A</li><li>Bemessungsstrom: 0,7 A</li><li>Bemessungsaufnahme: 17 W</li><li>Schutzart: IP 32</li><li>Zug-/Schubkraft: max. 250 N</li><li>Umgebungstemperatur: -5°C bis + 60°C</li><li>Anschlussleitung: Halogenfrei, grau 3 x 0,5 mm², ~3 m</li><li>Max. Geschwindigkeit: 13,5 mm/s</li></ul>",
    "Details_EN": "<ul><li>Rated voltage: 24 V DC (19 V … 28 V)</li><li>Breaking current: 1.0 A</li><li>Rated current: 0.7 A</li><li>Rated consumption: 17 W</li><li>Protection rating: IP 32</li><li>Traction/ thrust: max. 250 N</li><li>Ambient temperature: -5°C bis + 60°C</li><li>Connecting cable: halogen-free, grey 3 x 0.5 mm², ~3 m</li><li>Max. speed: 13.5 mm/s</li></ul>",
    "Einsatz": "<ul> <li>Anwendung: Lüftung, NRA</li> <li>Integrierte intelligente Regelelektronik</li> <li>Rückmeldung Endlage „ZU“ (max. 24 V, 500 mA)</li> </ul>",
    "Use": "<ul> <li>Application: ventilation, natural smoke ventilation</li> <li>Integrated, intelligent control electronics</li> <li>Response for “CLOSED” end position (max. 24 V, 500 mA)</li> </ul>",
    "Ausstattung": null,
    "Equipment": null,
    "Optionen": "<ul> <li>Programmierung von Sonderfunktionen</li> <li>Programmierbare Rückmeldung Endlage „AUF“ (max. 24 V, 500 mA)</li> <li>Schüco Kontroller zur automatischen Konfiguration von Synchronlauf und Folgesteuerungen mit Verriegelungsantrieben in Antriebs-Verbundsystemen</li> </ul>",
    "Options": "<ul> <li>Programming of special functions</li> <li>Programmable response for “OPEN” end position (max. 24 V, 500 mA)</li> <li>Schüco controller for automatic configuration of synchronous running and sequence control with locking drives in composite drive systems</li></ul>",
    "IsTwoPce": true,
    "ResultVentWeight": 77.26,
    "IsLsRsDrive": true,
    "ArticleNumberRs": 291755,
    "TwoDrivesSideInstallation50": 0,
    "TwoDrivesSideInstallation60": 0,
    "TwoDrivesSideInstallation70": 0,
    "TwoDrivesSideInstallation80": 0,
    "OpeningSpeedmms": 0,
    "Traction": 250,
    "Thrust": 200,
    "Id": "94015dd3-0c39-4d62-be4f-b1e2f8066f98",
    "CreatedOn": "2024-09-26T13:55:26.817Z",
    "CreatedBy": "",
    "ModifiedOn": "2024-09-26T13:55:26.817Z",
    "ModifiedBy": ""
  },
  {
    "Name": "Locking actuator EasyConnect ow",
    "Bezeichnung": "Verriegelungsantrieb EasyConnect ow",
    "ConfigurationId": "00000000-0000-0000-0000-000000000000",
    "Description": "",
    "Application": "",
    "ApplicationFacade": true,
    "ApplicationSkylight": false,
    "Type": 5,
    "OpeningType": 0,
    "BottomHungInward": false,
    "BottomHungOutward": false,
    "SideHungInward": false,
    "SideHungOutward": true,
    "TopHungInward": false,
    "TopHungOutward": true,
    "ProjectedTopHungInward": false,
    "ProjectedTopHungOutward": true,
    "InstallationType": "",
    "ITMainOutFrmMountWBracket": true,
    "ITMainFixOutFrmMount": false,
    "ITMainVentFrmMount": false,
    "ITSideMount50": false,
    "ITSideMount60": false,
    "ITSideMount70": false,
    "ITSideMount80": false,
    "ITSideMount67": false,
    "Feature": "",
    "FeatureOpenClose": true,
    "FeatureLock": false,
    "ArticleNumber": 291589,
    "Stroke": 0,
    "Angle": 0,
    "Voltage": null,
    "Voltage24": true,
    "Voltage230": true,
    "RatedCurrent": 0,
    "BreakingCurrent": 0,
    "PullingForceMax": 0,
    "PushingForceMax": 0,
    "PullingForceMaxWithNegativeWind": 0,
    "PushingForceMaxWithNegativeWind": 0,
    "PushingForcePermanent": 0,
    "PullingForcePermanent": 0,
    "MinPullingForceMax": 0,
    "MinPushingForceMax": 0,
    "MinPullingForcePermanent": 0,
    "MinPushingForcePermanent": 0,
    "Price": 0,
    "DriveLength": 0,
    "ChainDrive": 0,
    "ChainDrive2": 0,
    "MaxLengthMainClosingEdge1Drive": 0,
    "MaxGeometricArea": 0,
    "GeometricalSmokeExhaustion": 0,
    "TotalGlassThickness": 0,
    "Dimensions": 0,
    "DimensionsWxHxD": "375 x 24 x 35",
    "TensileForce": 0,
    "LockingForce": 0,
    "Details_DE": "<ul> <li>Bemessungsspannung: 24 V DC (19 V … 28 V)</li> <li>Abschaltstrom: ~1,0 A</li> <li>Bemessungsstrom: 0,6 A</li> <li>Bemessungsaufnahme: 15 W</li> <li>Schutzart: IP 32</li><li>Zug-/Schubkraft: max. 600 N</li> <li>Umgebungstemperatur: -5°C bis + 60°C</li> <li>Anschlussleitung: Halogenfrei, grau 5 x 0,5mm² , ~5m</li> <li>Laufzeit: ~ 5s</li><li>Hub: ~ 18mm</li> </ul>",
    "Details_EN": "<ul> <li>Rated voltage : 24 V DC (19 V … 28 V</li> <li>Breaking current : ~1,0 A</li> <li>Rated current : 0,6 A</li> <li>Rated consumption : 15 W</li> <li>Protection rating : IP 32</li><li>Traction/ thrust : max. 600 N</li> <li>Ambient temperature: -5°C bis + 60°C</li> <li>Connecting cable: halogen-free, grey 5 x 0,5mm² , ~5m</li> <li>Running time: ~ 5s</li><li>Stroke: ~ 18mm</li> </ul>",
    "Einsatz": "<ul> <li>Anwendung: Lüftung, NRA</li><li>Integrierte intelligente Regelelektronik</li></ul>",
    "Use": "<ul> <li>Application: ventilation, natural smoke ventilation</li> <li>Integrated intelligent control electronics</li></ul>",
    "Ausstattung": "<ul><li>Laufrichtung einstellbar</li><li>Zusätzlicher Universal-Steckersatz</li></ul>",
    "Equipment": "<ul><li>Running direction adjustable</li><li>Additional universal plug socket</li></ul>",
    "Optionen": "<ul> <li>Mitnehmer objekt-/profilspezifisch anpassbar</li></ul>",
    "Options": "<ul> <li>Coupling adapter customizable for project-/profile-specific demands</li></ul>",
    "IsTwoPce": false,
    "ResultVentWeight": 0,
    "IsLsRsDrive": false,
    "ArticleNumberRs": 0,
    "TwoDrivesSideInstallation50": 0,
    "TwoDrivesSideInstallation60": 0,
    "TwoDrivesSideInstallation70": 0,
    "TwoDrivesSideInstallation80": 0,
    "OpeningSpeedmms": 0,
    "Traction": 0,
    "Thrust": 0,
    "Id": "ebe9753c-e5d7-4140-afe0-9f98bf25df99",
    "CreatedOn": "2024-09-26T13:55:26.817Z",
    "CreatedBy": "",
    "ModifiedOn": "2024-09-26T13:55:26.817Z",
    "ModifiedBy": ""
  }
]

13:06:38.144 [main] INFO  com.intuit.karate - Expected RecommDrive: Chain actuator D2 L400,Chain actuator D4 400,Chain actuator D6 400,Chain actuator TWIN D2 L400,Locking actuator EasyConnect ow 
13:06:38.144 [main] INFO  com.intuit.karate - Actual RecommDrive: Chain actuator D2 L400, Chain actuator D4 400, Chain actuator D6 400, Chain actuator TWIN D2 L400, Chain actuator D2 L400, Locking actuator EasyConnect ow 
13:06:38.144 [main] INFO  com.intuit.karate - Normalized Actual RecommDrive: Chain actuator D2 L400,Chain actuator D4 400,Chain actuator D6 400,Chain actuator TWIN D2 L400,Chain actuator D2 L400,Locking actuator EasyConnect ow 
13:06:38.144 [main] INFO  com.intuit.karate - Normalized Expected RecommDrive: Chain actuator D2 L400,Chain actuator D4 400,Chain actuator D6 400,Chain actuator TWIN D2 L400,Locking actuator EasyConnect ow 
13:06:38.144 [main] ERROR com.intuit.karate - classpath:drivetecTestCases/features/UpdatePositions.feature:144
* assert normalizedActualRecommDrive == normalizedExpectedRecommDrive
did not evaluate to 'true': normalizedActualRecommDrive == normalizedExpectedRecommDrive
classpath:drivetecTestCases/features/UpdatePositions.feature:144
13:06:38.159 [main] INFO  com.intuit.karate - karate.env system property was: null 
13:06:38.159 [main] INFO  com.intuit.karate - Running test for dataset:  Dataset19 
13:06:38.159 [main] INFO  com.intuit.karate - Using ProjectId:  {
  "result": {
    "projectId": "prjId"
  },
  "projectPayload": {
    "Id": "579816e4-6653-4794-b435-a885f32e28d7",
    "Name": "AUT_TPJ26668",
    "Address": "Hyderabad, Telangana, India",
    "Description": "",
    "CreatedBy": "579816e4-6653-4794-b435-a885f32e28d7",
    "ModifiedBy": "579816e4-6653-4794-b435-a885f32e28d7"
  },
  "uniqueName": "AUT_TPJ26668",
  "responseHeaders": {
    "Content-Type": [
      "application/json; charset=utf-8"
    ],
    "Date": [
      "Tue, 03 Dec 2024 07:35:27 GMT"
    ],
    "Server": [
      "Microsoft-IIS/10.0"
    ],
    "X-Powered-By": [
      "ASP.NET"
    ],
    "transfer-encoding": [
      "chunked"
    ],
    "Connection": [
      "keep-alive"
    ],
    "Set-Cookie": [
    ]
  },
  "responseTime": 1242,
  "response": {
    "Name": "AUT_TPJ26668",
    "Description": "",
    "Address": "Hyderabad, Telangana, India",
    "Id": "4bf1dfc8-fd6d-4d3a-9337-7ee7425ebbdf",
    "CreatedOn": "2024-12-03T07:35:27.7758566+00:00",
    "CreatedBy": "579816e4-6653-4794-b435-a885f32e28d7",
    "ModifiedOn": "2024-12-03T07:35:27.7759029+00:00",
    "ModifiedBy": ""
  },
  "responseStatus": 200,
  "prjId": "4bf1dfc8-fd6d-4d3a-9337-7ee7425ebbdf",
  "projectId": "4bf1dfc8-fd6d-4d3a-9337-7ee7425ebbdf"
}
 
13:06:38.159 [main] DEBUG com.intuit.karate - request:
1 > POST https://dev-drivetec-apis.schuecodigitalsolutions.com/Configurations
1 > Content-Type: application/json; charset=UTF-8
1 > Content-Length: 1275
1 > Host: dev-drivetec-apis.schuecodigitalsolutions.com
1 > Connection: Keep-Alive
1 > User-Agent: Apache-HttpClient/4.5.14 (Java/17.0.12)
1 > Accept-Encoding: gzip,deflate
{"Id":"00000000-0000-0000-0000-000000000000","ProjectId":"4bf1dfc8-fd6d-4d3a-9337-7ee7425ebbdf","Name":"Dataset8160","Description":"Dataset8160","CustomTags":"","CreatedBy":"579816e4-6653-4794-b435-a885f32e28d7","ModifiedBy":"579816e4-6653-4794-b435-a885f32e28d7","ApplicationName":1,"System":"","FacadeInclination":0,"OpeningType":1,"OpeningDirection":1,"OpeningWidth":1000,"VentOuterWidth":1230,"VentOuterHeight":1480,"VentWeight":70,"CalculateWeightWithGlass":false,"WeightIncGlassOrThickness":false,"GlassThickness":14,"ProfileWeightPerSerialMeter":2.5,"IsWindowOpeningCalculationByAngle":1,"RequiredOpeningStroke":400,"OpeningAngle":15,"WindLoad":120,"SnowLoad":0,"DrivePosition":2,"InstallationPosition":1,"ChainLengthConnectingRodHandle":5,"LockingMechanism":1,"Voltage":1,"DriveType":1,"TypeOfInstallation":2,"CalculationTypeForVentilation":1,"CalcVentilation":1,"GeometricArea":1,"SpecificExhaustDimension":30,"BuildingDepth":75,"RevealDepth":0,"RevealDepthRectangleAngle1":0,"RevealDepthRectangleAngle2":0,"HeightOfProfile":0,"HeightProfileRectangleAngle1":0,"HeightProfileRectangleAngle2":0,"AkippOrAtilt":0,"AdrehOrAturn":0,"Ageo":0,"MinPullingForceMax":0,"MinPushingForceMax":0,"MinPullingForcePermanent":0,"MinPushingForcePermanent":0,"ForceWithNegativeWind":0}

13:06:38.835 [main] DEBUG com.intuit.karate - response time in milliseconds: 676
1 < 200
1 < Content-Type: application/json; charset=utf-8
1 < Date: Tue, 03 Dec 2024 07:36:38 GMT
1 < Server: Microsoft-IIS/10.0
1 < X-Powered-By: ASP.NET
1 < Content-Length: 2032
1 < Connection: keep-alive
{
  "ProjectId": "4bf1dfc8-fd6d-4d3a-9337-7ee7425ebbdf",
  "Name": "Dataset8160",
  "Description": "Dataset8160",
  "CustomTags": "",
  "ApplicationName": 1,
  "OpeningType": 1,
  "OpeningDirection": 1,
  "CalculateWeightWithGlass": false,
  "WindLoad": 120,
  "IsWindowOpeningCalculationByAngle": 1,
  "VentOuterWidth": 1230,
  "VentOuterHeight": 1480,
  "WeightIncGlassOrThickness": false,
  "VentWeight": 77,
  "VentWeightExact": 77.26400000000001,
  "GlassThickness": 14,
  "ProfileWeightPerSerialMeter": 2.5,
  "FacadeInclination": 0,
  "ChainLengthConnectingRodHandle": 5,
  "ChainLenghtConnectingRodHandle": 0,
  "RequiredOpeningStroke": 400,
  "OpeningWidth": 1000,
  "OpeningAngle": 15.532868337024489,
  "SpecificExhaustDimension": 30,
  "BuildingDepth": 75,
  "SnowLoad": 0,
  "DistanceHinge": 0,
  "RatedCurrent": 0,
  "DrivePosition": 2,
  "LockingMechanism": 1,
  "Voltage": 1,
  "DriveType": 1,
  "TypeOfInstallation": 2,
  "GeometricArea": 0,
  "CalculationTypeForVentilation": 1,
  "HeightOfProfile": 0,
  "Reveal": 0,
  "RevealDepth": 0,
  "HeightProfileRectangleAngle1": 0,
  "HeightProfileRectangleAngle2": 0,
  "RevealDepthRectangleAngle1": 0,
  "RevealDepthRectangleAngle2": 0,
  "RevealDepthRectangleAngle12": 0,
  "InstallationPosition": 0,
  "RecommendedDriveArticleNo": 0,
  "System": "",
  "AkippOrAtilt": 1.084,
  "AdrehOrAturn": 1.8204,
  "Ageo": 1.084,
  "MinPullingForceMax": -206.4868442161654,
  "MinPushingForceMax": -206.4868442161654,
  "MinPullingForcePermanent": -104.11163259218097,
  "MinPushingForcePermanent": -104.11163259218097,
  "ForceWithNegativeWind": 109.53156767199486,
  "ForceWithNoWindMin": 0.30763693489047433,
  "ForceWithNegativeWindMin": 0,
  "ForceWithWindMin": -108.91629380221393,
  "Id": "db852b2b-b668-4ffa-ae81-228616a88618",
  "CreatedOn": "2024-12-03T07:36:38.7543262+00:00",
  "CreatedBy": "579816e4-6653-4794-b435-a885f32e28d7",
  "ModifiedOn": "2024-12-03T07:36:38.7543274+00:00",
  "ModifiedBy": ""
}

13:06:38.835 [main] INFO  com.intuit.karate - Generated Config ID: db852b2b-b668-4ffa-ae81-228616a88618 
13:06:38.835 [main] INFO  com.intuit.karate - Generated Name: Dataset8160 
13:06:38.835 [main] INFO  com.intuit.karate - Generated Description: Dataset8160 
13:06:38.835 [main] DEBUG com.intuit.karate - request:
1 > PUT https://dev-drivetec-apis.schuecodigitalsolutions.com/Configurations
1 > Content-Type: application/json; charset=UTF-8
1 > Content-Length: 1278
1 > Host: dev-drivetec-apis.schuecodigitalsolutions.com
1 > Connection: Keep-Alive
1 > User-Agent: Apache-HttpClient/4.5.14 (Java/17.0.12)
1 > Accept-Encoding: gzip,deflate
{"Id":"db852b2b-b668-4ffa-ae81-228616a88618","Name":"Dataset19","Description":"Dataset8160","ProjectId":"4bf1dfc8-fd6d-4d3a-9337-7ee7425ebbdf","CustomTags":"","CreatedBy":"579816e4-6653-4794-b435-a885f32e28d7","ModifiedBy":"579816e4-6653-4794-b435-a885f32e28d7","System":"","FacadeInclination":14,"OpeningType":3,"OpeningDirection":2,"OpeningWidth":1000,"VentOuterWidth":1230,"VentOuterHeight":1480,"VentWeight":0,"CalculateWeightWithGlass":false,"RequiredOpeningStroke":800,"WindLoad":275,"SnowLoad":0,"IsWindowOpeningCalculationByAngle":1,"GlassThickness":14,"ProfileWeightPerSerialMeter":2.5,"DrivePosition":1,"InstallationPosition":0,"LockingMechanism":1,"Voltage":1,"DriveType":1,"TypeOfInstallation":2,"GeometricArea":0,"CalcVentilation":1,"SpecificExhaustDimension":35,"BuildingDepth":65,"CalculationTypeForVentilation":1,"HeightOfProfile":200,"HeightProfileRectangleAngle1":0,"HeightProfileRectangleAngle2":0,"RevealDepth":1000,"RevealDepthRectangleAngle1":0,"RevealDepthRectangleAngle2":0,"ChainLengthConnectingRodHandle":5,"ApplicationName":1,"OpeningAngle":10,"WeightIncGlassOrThickness":false,"AkippOrAtilt":0,"AdrehOrAturn":0,"Ageo":0,"MinPullingForceMax":0,"MinPushingForceMax":0,"MinPullingForcePermanent":0,"MinPushingForcePermanent":0,"ForceWithNegativeWind":0}

13:06:39.526 [main] DEBUG com.intuit.karate - response time in milliseconds: 676
1 < 200
1 < Content-Type: application/json; charset=utf-8
1 < Date: Tue, 03 Dec 2024 07:36:38 GMT
1 < Server: Microsoft-IIS/10.0
1 < X-Powered-By: ASP.NET
1 < Content-Length: 2021
1 < Connection: keep-alive
{
  "ProjectId": "4bf1dfc8-fd6d-4d3a-9337-7ee7425ebbdf",
  "Name": "Dataset19",
  "Description": "Dataset8160",
  "CustomTags": "",
  "ApplicationName": 1,
  "OpeningType": 3,
  "OpeningDirection": 2,
  "CalculateWeightWithGlass": false,
  "WindLoad": 275,
  "IsWindowOpeningCalculationByAngle": 1,
  "VentOuterWidth": 1230,
  "VentOuterHeight": 1480,
  "WeightIncGlassOrThickness": false,
  "VentWeight": 77,
  "VentWeightExact": 77.26400000000001,
  "GlassThickness": 14,
  "ProfileWeightPerSerialMeter": 2.5,
  "FacadeInclination": 14,
  "ChainLengthConnectingRodHandle": 5,
  "ChainLenghtConnectingRodHandle": 0,
  "RequiredOpeningStroke": 800,
  "OpeningWidth": 1000,
  "OpeningAngle": 37.955778805488166,
  "SpecificExhaustDimension": 35,
  "BuildingDepth": 65,
  "SnowLoad": 0,
  "DistanceHinge": 0,
  "RatedCurrent": 0,
  "DrivePosition": 1,
  "LockingMechanism": 1,
  "Voltage": 1,
  "DriveType": 1,
  "TypeOfInstallation": 2,
  "GeometricArea": 0,
  "CalculationTypeForVentilation": 1,
  "HeightOfProfile": 200,
  "Reveal": 0,
  "RevealDepth": 1000,
  "HeightProfileRectangleAngle1": 0,
  "HeightProfileRectangleAngle2": 0,
  "RevealDepthRectangleAngle1": 0,
  "RevealDepthRectangleAngle2": 0,
  "RevealDepthRectangleAngle12": 0,
  "InstallationPosition": 0,
  "RecommendedDriveArticleNo": 0,
  "System": "",
  "AkippOrAtilt": 2.168,
  "AdrehOrAturn": 1.8204,
  "Ageo": 1.8204,
  "MinPullingForceMax": 221.18697699968584,
  "MinPushingForceMax": 252.4689762220639,
  "MinPullingForcePermanent": 0,
  "MinPushingForcePermanent": 0,
  "ForceWithNegativeWind": -252.4689762220639,
  "ForceWithNoWindMin": 0,
  "ForceWithNegativeWindMin": -221.18697699968584,
  "ForceWithWindMin": 221.18697699968584,
  "Id": "db852b2b-b668-4ffa-ae81-228616a88618",
  "CreatedOn": "0001-01-01T00:00:00",
  "CreatedBy": "579816e4-6653-4794-b435-a885f32e28d7",
  "ModifiedOn": "2024-12-03T07:36:39.4396243+00:00",
  "ModifiedBy": "579816e4-6653-4794-b435-a885f32e28d7"
}

13:06:39.526 [main] INFO  com.intuit.karate - Rounded Opening Angle: 38.0 
13:06:39.526 [main] INFO  com.intuit.karate - Rounded Ageo: 1.82 
13:06:39.526 [main] INFO  com.intuit.karate - Rounded Required Opening Stroke: 800.0 
13:06:39.526 [main] INFO  com.intuit.karate - Rounded Vent Weight: 77.0 
13:06:39.526 [main] DEBUG com.intuit.karate - request:
2 > GET https://dev-drivetec-apis.schuecodigitalsolutions.com/Config/db852b2b-b668-4ffa-ae81-228616a88618/Drive
2 > Host: dev-drivetec-apis.schuecodigitalsolutions.com
2 > Connection: Keep-Alive
2 > User-Agent: Apache-HttpClient/4.5.14 (Java/17.0.12)
2 > Accept-Encoding: gzip,deflate


13:06:40.217 [main] DEBUG com.intuit.karate - response time in milliseconds: 691
2 < 200
2 < Content-Type: application/json; charset=utf-8
2 < Date: Tue, 03 Dec 2024 07:36:40 GMT
2 < Server: Microsoft-IIS/10.0
2 < X-Powered-By: ASP.NET
2 < Content-Length: 8078
2 < Connection: keep-alive
[
  {
    "Name": "Chain actuator D6 800",
    "Bezeichnung": "Kettenantrieb D6 800",
    "ConfigurationId": "00000000-0000-0000-0000-000000000000",
    "Description": "",
    "Application": "Facade",
    "ApplicationFacade": true,
    "ApplicationSkylight": true,
    "Type": 1,
    "OpeningType": 0,
    "BottomHungInward": true,
    "BottomHungOutward": true,
    "SideHungInward": true,
    "SideHungOutward": true,
    "TopHungInward": false,
    "TopHungOutward": true,
    "ProjectedTopHungInward": false,
    "ProjectedTopHungOutward": false,
    "InstallationType": "",
    "ITMainOutFrmMountWBracket": true,
    "ITMainFixOutFrmMount": false,
    "ITMainVentFrmMount": true,
    "ITSideMount50": false,
    "ITSideMount60": false,
    "ITSideMount70": false,
    "ITSideMount80": false,
    "ITSideMount67": true,
    "Feature": "",
    "FeatureOpenClose": true,
    "FeatureLock": true,
    "ArticleNumber": 291717,
    "Stroke": 800,
    "Angle": 0,
    "Voltage": "24 V DC",
    "Voltage24": true,
    "Voltage230": false,
    "RatedCurrent": 1,
    "BreakingCurrent": 1,
    "PullingForceMax": 600,
    "PushingForceMax": 300,
    "PullingForceMaxWithNegativeWind": 0,
    "PushingForceMaxWithNegativeWind": 0,
    "PushingForcePermanent": 200,
    "PullingForcePermanent": 600,
    "MinPullingForceMax": 0,
    "MinPushingForceMax": 252.47,
    "MinPullingForcePermanent": 0,
    "MinPushingForcePermanent": 0,
    "Price": 387.92,
    "DriveLength": 794,
    "ChainDrive": 894,
    "ChainDrive2": 1748,
    "MaxLengthMainClosingEdge1Drive": 1920,
    "MaxGeometricArea": 2,
    "GeometricalSmokeExhaustion": 0,
    "TotalGlassThickness": 14,
    "Dimensions": 0,
    "DimensionsWxHxD": "794 x 40 x 56",
    "TensileForce": 0,
    "LockingForce": 0,
    "Details_DE": "<ul> <li>Bemessungsspannung: 24 V DC (19 V … 28 V)</li> <li>Abschaltstrom: 1,2 A</li> <li>Bemessungsstrom: 0,9 A</li> <li>Bemessungsaufnahme: 22 W</li> <li>Schutzart: IP 32</li> <li>Zug-/Schubkraft: max. 600 N</li> <li>Umgebungstemperatur: -5°C bis + 60°C</li> <li>Anschlussleitung: Halogenfrei, grau 5 x 0,5mm², ~3m</li> <li>Max. Geschwindigkeit: 13,5 mm/s</li> </ul>",
    "Details_EN": "<ul> <li>Rated voltage: 24 V DC (19 V … 28 V)</li><li>Breaking current: 1.2 A</li><li>Rated current: 0.9 A</li><li>Rated consumption: 22W</li><li>Protection rating: IP 32</li><li>Traction/ thrust: max. 600 N</li><li>Ambient temperature: -5° C to +60° C</li><li>Connecting cable: halogen-free, grey 3 x 0,5mm², ~3m</li><li>Max. speed: 13,5 mm/s</li></ul>",
    "Einsatz": "<ul><li>Anwendung: Lüftung, NRA</li> <li>Integrierte intelligente Regelelektronik</li></ul>",
    "Use": "<ul><li>Application: ventilation, natural smoke ventilation</li> <li>Integrated intelligent control electronics</li> </ul>",
    "Ausstattung": "<ul><li>Zusätzlicher Universal-Steckersatz für Mehrfachbetrieb bis zu 4 Antrieben und 2 Verriegelungsantrieben</li></ul>",
    "Equipment": "<ul><li>Additional universal plug socket for multiplex operation  of up to 4 drives and 2 interlocking drives</li></ul>",
    "Optionen": "<ul><li>Programmierung von Sonderfunktionen</li> <li>Programmierbare Rückmeldung Endlage „AUF“ (max. 24 V, 500 mA)</li> <li>Schüco Kontroller zur automatischen Konfiguration von Synchronlauf und Folgesteuerungen mit Verriegelungsantrieben in Antriebs-Verbundsystemen</li> </ul>",
    "Options": "<ul><li>Programming of special functions</li> <li>Programmable response for “OPEN” end position (max. 24 V, 500 mA)</li> <li>Schüco controller for automatic configuration of synchronous running and sequence control with locking drives in composite drive systems</li> </ul>",
    "IsTwoPce": false,
    "ResultVentWeight": 77.26,
    "IsLsRsDrive": false,
    "ArticleNumberRs": 0,
    "TwoDrivesSideInstallation50": 0,
    "TwoDrivesSideInstallation60": 0,
    "TwoDrivesSideInstallation70": 0,
    "TwoDrivesSideInstallation80": 0,
    "OpeningSpeedmms": 0,
    "Traction": 600,
    "Thrust": 300,
    "Id": "e9fa5654-1773-4646-9949-a237ab4f4797",
    "CreatedOn": "2024-09-26T13:55:26.817Z",
    "CreatedBy": "",
    "ModifiedOn": "2024-09-26T13:55:26.817Z",
    "ModifiedBy": ""
  },
  {
    "Name": "Locking actuator EasyConnect ow",
    "Bezeichnung": "Verriegelungsantrieb EasyConnect ow",
    "ConfigurationId": "00000000-0000-0000-0000-000000000000",
    "Description": "",
    "Application": "",
    "ApplicationFacade": true,
    "ApplicationSkylight": false,
    "Type": 5,
    "OpeningType": 0,
    "BottomHungInward": false,
    "BottomHungOutward": false,
    "SideHungInward": false,
    "SideHungOutward": true,
    "TopHungInward": false,
    "TopHungOutward": true,
    "ProjectedTopHungInward": false,
    "ProjectedTopHungOutward": true,
    "InstallationType": "",
    "ITMainOutFrmMountWBracket": true,
    "ITMainFixOutFrmMount": false,
    "ITMainVentFrmMount": false,
    "ITSideMount50": false,
    "ITSideMount60": false,
    "ITSideMount70": false,
    "ITSideMount80": false,
    "ITSideMount67": false,
    "Feature": "",
    "FeatureOpenClose": true,
    "FeatureLock": false,
    "ArticleNumber": 291589,
    "Stroke": 0,
    "Angle": 0,
    "Voltage": null,
    "Voltage24": true,
    "Voltage230": true,
    "RatedCurrent": 0,
    "BreakingCurrent": 0,
    "PullingForceMax": 0,
    "PushingForceMax": 0,
    "PullingForceMaxWithNegativeWind": 0,
    "PushingForceMaxWithNegativeWind": 0,
    "PushingForcePermanent": 0,
    "PullingForcePermanent": 0,
    "MinPullingForceMax": 0,
    "MinPushingForceMax": 0,
    "MinPullingForcePermanent": 0,
    "MinPushingForcePermanent": 0,
    "Price": 0,
    "DriveLength": 0,
    "ChainDrive": 0,
    "ChainDrive2": 0,
    "MaxLengthMainClosingEdge1Drive": 0,
    "MaxGeometricArea": 0,
    "GeometricalSmokeExhaustion": 0,
    "TotalGlassThickness": 0,
    "Dimensions": 0,
    "DimensionsWxHxD": "375 x 24 x 35",
    "TensileForce": 0,
    "LockingForce": 0,
    "Details_DE": "<ul> <li>Bemessungsspannung: 24 V DC (19 V … 28 V)</li> <li>Abschaltstrom: ~1,0 A</li> <li>Bemessungsstrom: 0,6 A</li> <li>Bemessungsaufnahme: 15 W</li> <li>Schutzart: IP 32</li><li>Zug-/Schubkraft: max. 600 N</li> <li>Umgebungstemperatur: -5°C bis + 60°C</li> <li>Anschlussleitung: Halogenfrei, grau 5 x 0,5mm² , ~5m</li> <li>Laufzeit: ~ 5s</li><li>Hub: ~ 18mm</li> </ul>",
    "Details_EN": "<ul> <li>Rated voltage : 24 V DC (19 V … 28 V</li> <li>Breaking current : ~1,0 A</li> <li>Rated current : 0,6 A</li> <li>Rated consumption : 15 W</li> <li>Protection rating : IP 32</li><li>Traction/ thrust : max. 600 N</li> <li>Ambient temperature: -5°C bis + 60°C</li> <li>Connecting cable: halogen-free, grey 5 x 0,5mm² , ~5m</li> <li>Running time: ~ 5s</li><li>Stroke: ~ 18mm</li> </ul>",
    "Einsatz": "<ul> <li>Anwendung: Lüftung, NRA</li><li>Integrierte intelligente Regelelektronik</li></ul>",
    "Use": "<ul> <li>Application: ventilation, natural smoke ventilation</li> <li>Integrated intelligent control electronics</li></ul>",
    "Ausstattung": "<ul><li>Laufrichtung einstellbar</li><li>Zusätzlicher Universal-Steckersatz</li></ul>",
    "Equipment": "<ul><li>Running direction adjustable</li><li>Additional universal plug socket</li></ul>",
    "Optionen": "<ul> <li>Mitnehmer objekt-/profilspezifisch anpassbar</li></ul>",
    "Options": "<ul> <li>Coupling adapter customizable for project-/profile-specific demands</li></ul>",
    "IsTwoPce": false,
    "ResultVentWeight": 0,
    "IsLsRsDrive": false,
    "ArticleNumberRs": 0,
    "TwoDrivesSideInstallation50": 0,
    "TwoDrivesSideInstallation60": 0,
    "TwoDrivesSideInstallation70": 0,
    "TwoDrivesSideInstallation80": 0,
    "OpeningSpeedmms": 0,
    "Traction": 0,
    "Thrust": 0,
    "Id": "ebe9753c-e5d7-4140-afe0-9f98bf25df99",
    "CreatedOn": "2024-09-26T13:55:26.817Z",
    "CreatedBy": "",
    "ModifiedOn": "2024-09-26T13:55:26.817Z",
    "ModifiedBy": ""
  }
]

13:06:40.217 [main] INFO  com.intuit.karate - Expected RecommDrive: Chain actuator D6 800,Locking actuator EasyConnect ow 
13:06:40.217 [main] INFO  com.intuit.karate - Actual RecommDrive: Chain actuator D6 800, Locking actuator EasyConnect ow 
13:06:40.217 [main] INFO  com.intuit.karate - Normalized Actual RecommDrive: Chain actuator D6 800,Locking actuator EasyConnect ow 
13:06:40.217 [main] INFO  com.intuit.karate - Normalized Expected RecommDrive: Chain actuator D6 800,Locking actuator EasyConnect ow 
13:06:40.217 [main] INFO  com.intuit.karate - All Drive IDs: [
  "e9fa5654-1773-4646-9949-a237ab4f4797",
  "ebe9753c-e5d7-4140-afe0-9f98bf25df99"
]
 
13:06:40.217 [main] INFO  com.intuit.karate - First Drive ID: e9fa5654-1773-4646-9949-a237ab4f4797 
13:06:40.217 [main] DEBUG com.intuit.karate - request:
3 > POST https://dev-drivetec-apis.schuecodigitalsolutions.com/api/Drives/DownloadPDFNew/Schuco
3 > Content-Type: application/json; charset=UTF-8
3 > Content-Length: 1194
3 > Host: dev-drivetec-apis.schuecodigitalsolutions.com
3 > Connection: Keep-Alive
3 > User-Agent: Apache-HttpClient/4.5.14 (Java/17.0.12)
3 > Accept-Encoding: gzip,deflate
[{"Id":"configId","Header":"configId","Value":"db852b2b-b668-4ffa-ae81-228616a88618"},{"Id":"driveId","Header":"driveId","Value":"e9fa5654-1773-4646-9949-a237ab4f4797"},{"Id":"culture","Header":"culture","Value":"EN-US"},{"Id":"projectId","Header":"projectId","Value":"4bf1dfc8-fd6d-4d3a-9337-7ee7425ebbdf"},{"Id":"range-of-app","Header":"Range of application","Value":"Façade"},{"Id":"opening-type","Header":"Opening type","Value":"Bottom-hung vent"},{"Id":"opening-direction","Header":"Opening direction","Value":"Inward"},{"Id":"how-calc-weight","Header":"Vent weight","Value":"Weight including glass"},{"Id":"Chain-Length","Header":"Chain- \/ connecting rod handle","Value":"100%"},{"Id":"drive-position","Header":"Drive position","Value":"Side installation"},{"Id":"locking-mechanism","Header":"Locking mechanism","Value":"With"},{"Id":"voltage","Header":"Voltage","Value":"24 V"},{"Id":"drive-type","Header":"Drive type","Value":"Chain drive"},{"Id":"type-installation","Header":"Type of installation","Value":"Pivoting Outer Frame Installation"},{"Id":"calculation-type-for-ventilation-area","Header":"Calculation type for ventilation area","Value":"Method in accordance with ASR 3.6"}]

13:06:41.667 [main] DEBUG com.intuit.karate - response time in milliseconds: 1448
3 < 200
3 < Content-Type: application/json; charset=utf-8
3 < Date: Tue, 03 Dec 2024 07:36:41 GMT
3 < Server: Microsoft-IIS/10.0
3 < X-Powered-By: ASP.NET
3 < Content-Length: 276
3 < Connection: keep-alive
{
  "result": "https://drive-tec-dev.s3.amazonaws.com/AUT_TPJ26668-Chain_actuator_D6_800.pdf?AWSAccessKeyId=AKIAZAWIART4ZFAXXPHK&Expires=1733215002&response-content-disposition=attachment%3B&response-content-type=application%2Fpdf&Signature=yuNNKKt1fMszOtlJftxrZnvp0mU%3D"
}

13:06:41.668 [main] INFO  com.intuit.karate - Download URL for first driveId: https://drive-tec-dev.s3.amazonaws.com/AUT_TPJ26668-Chain_actuator_D6_800.pdf?AWSAccessKeyId=AKIAZAWIART4ZFAXXPHK&Expires=1733215002&response-content-disposition=attachment%3B&response-content-type=application%2Fpdf&Signature=yuNNKKt1fMszOtlJftxrZnvp0mU%3D 
---------------------------------------------------------
feature: classpath:drivetecTestCases/features/UpdatePositions.feature
scenarios: 19 | passed: 17 | failed:  2 | time: 74.9038
---------------------------------------------------------

13:06:43.263 [main] INFO  com.intuit.karate.Suite - <<fail>> feature 4 of 4 (0 remaining) classpath:drivetecTestCases/features/UpdatePositions.feature
Karate version: 1.5.0
======================================================
elapsed:  78.77 | threads:    1 | thread time: 74.90 
features:     1 | skipped:    3 | efficiency: 0.95
scenarios:   19 | passed:    17 | failed: 2
======================================================
>>> failed features:
did not evaluate to 'true': normalizedActualRecommDrive == normalizedExpectedRecommDrive
classpath:drivetecTestCases/features/UpdatePositions.feature:144
did not evaluate to 'true': normalizedActualRecommDrive == normalizedExpectedRecommDrive
classpath:drivetecTestCases/features/UpdatePositions.feature:144
<<<

HTML report: (paste into browser to view) | Karate version: 1.5.0
file:///C:/Users/jagan/DrivetecAPIAutomation/drivetec/target/karate-reports/karate-summary.html
===================================================================

13:06:43.687 [main] INFO  n.m.cucumber.ReportParser - File 'C:\Users\jagan\DrivetecAPIAutomation\drivetec\target\karate-reports\drivetecTestCases.features.UpdatePositions.json' contains 1 feature(s)
]]></system-out>
  </testcase>
</testsuite>