<?xml version="1.0" encoding="UTF-8"?>
<testsuite xmlns:xsi="http://www.w3.org/2001/XMLSchema-instance" xsi:noNamespaceSchemaLocation="https://maven.apache.org/surefire/maven-surefire-plugin/xsd/surefire-test-report.xsd" name="drivetecTestCases.TestRunner" time="66.514" tests="1" errors="0" skipped="0" failures="1">
  <properties>
    <property name="java.specification.version" value="17"/>
    <property name="sun.cpu.isalist" value="amd64"/>
    <property name="sun.jnu.encoding" value="Cp1252"/>
    <property name="java.class.path" value="C:\Users\jagan\DrivetecAPIAutomation\drivetec\target\test-classes;C:\Users\jagan\DrivetecAPIAutomation\drivetec\target\classes;C:\Users\jagan\.m2\repository\net\masterthought\cucumber-reporting\5.8.2\cucumber-reporting-5.8.2.jar;C:\Users\jagan\.m2\repository\com\fasterxml\jackson\core\jackson-databind\2.17.0\jackson-databind-2.17.0.jar;C:\Users\jagan\.m2\repository\com\fasterxml\jackson\core\jackson-annotations\2.17.0\jackson-annotations-2.17.0.jar;C:\Users\jagan\.m2\repository\com\fasterxml\jackson\core\jackson-core\2.17.0\jackson-core-2.17.0.jar;C:\Users\jagan\.m2\repository\net\bytebuddy\byte-buddy\1.14.9\byte-buddy-1.14.9.jar;C:\Users\jagan\.m2\repository\com\fasterxml\jackson\datatype\jackson-datatype-jsr310\2.17.0\jackson-datatype-jsr310-2.17.0.jar;C:\Users\jagan\.m2\repository\org\apache\velocity\velocity-engine-core\2.3\velocity-engine-core-2.3.jar;C:\Users\jagan\.m2\repository\joda-time\joda-time\2.12.7\joda-time-2.12.7.jar;C:\Users\jagan\.m2\repository\org\apache\commons\commons-configuration2\2.10.1\commons-configuration2-2.10.1.jar;C:\Users\jagan\.m2\repository\org\apache\commons\commons-lang3\3.14.0\commons-lang3-3.14.0.jar;C:\Users\jagan\.m2\repository\commons-io\commons-io\2.16.1\commons-io-2.16.1.jar;C:\Users\jagan\.m2\repository\org\apache\commons\commons-text\1.11.0\commons-text-1.11.0.jar;C:\Users\jagan\.m2\repository\org\jsoup\jsoup\1.17.2\jsoup-1.17.2.jar;C:\Users\jagan\.m2\repository\com\googlecode\owasp-java-html-sanitizer\owasp-java-html-sanitizer\20240325.1\owasp-java-html-sanitizer-20240325.1.jar;C:\Users\jagan\.m2\repository\com\googlecode\owasp-java-html-sanitizer\java8-shim\20240325.1\java8-shim-20240325.1.jar;C:\Users\jagan\.m2\repository\com\googlecode\owasp-java-html-sanitizer\java10-shim\20240325.1\java10-shim-20240325.1.jar;C:\Users\jagan\.m2\repository\org\slf4j\slf4j-api\2.0.13\slf4j-api-2.0.13.jar;C:\Users\jagan\.m2\repository\org\slf4j\jcl-over-slf4j\2.0.13\jcl-over-slf4j-2.0.13.jar;C:\Users\jagan\.m2\repository\io\karatelabs\karate-junit5\1.5.0\karate-junit5-1.5.0.jar;C:\Users\jagan\.m2\repository\io\karatelabs\karate-core\1.5.0\karate-core-1.5.0.jar;C:\Users\jagan\.m2\repository\org\graalvm\js\js-scriptengine\24.0.0\js-scriptengine-24.0.0.jar;C:\Users\jagan\.m2\repository\org\graalvm\polyglot\polyglot\24.0.0\polyglot-24.0.0.jar;C:\Users\jagan\.m2\repository\org\graalvm\sdk\collections\24.0.0\collections-24.0.0.jar;C:\Users\jagan\.m2\repository\org\graalvm\sdk\nativeimage\24.0.0\nativeimage-24.0.0.jar;C:\Users\jagan\.m2\repository\org\graalvm\sdk\word\24.0.0\word-24.0.0.jar;C:\Users\jagan\.m2\repository\org\graalvm\js\js-language\24.0.0\js-language-24.0.0.jar;C:\Users\jagan\.m2\repository\org\graalvm\regex\regex\24.0.0\regex-24.0.0.jar;C:\Users\jagan\.m2\repository\org\graalvm\truffle\truffle-api\24.0.0\truffle-api-24.0.0.jar;C:\Users\jagan\.m2\repository\org\graalvm\shadowed\icu4j\24.0.0\icu4j-24.0.0.jar;C:\Users\jagan\.m2\repository\org\thymeleaf\thymeleaf\3.1.2.RELEASE\thymeleaf-3.1.2.RELEASE.jar;C:\Users\jagan\.m2\repository\ognl\ognl\3.3.4\ognl-3.3.4.jar;C:\Users\jagan\.m2\repository\org\javassist\javassist\3.29.0-GA\javassist-3.29.0-GA.jar;C:\Users\jagan\.m2\repository\org\attoparser\attoparser\2.0.7.RELEASE\attoparser-2.0.7.RELEASE.jar;C:\Users\jagan\.m2\repository\org\unbescape\unbescape\1.1.6.RELEASE\unbescape-1.1.6.RELEASE.jar;C:\Users\jagan\.m2\repository\com\linecorp\armeria\armeria\1.29.2\armeria-1.29.2.jar;C:\Users\jagan\.m2\repository\com\fasterxml\jackson\datatype\jackson-datatype-jdk8\2.17.1\jackson-datatype-jdk8-2.17.1.jar;C:\Users\jagan\.m2\repository\io\micrometer\micrometer-core\1.13.0\micrometer-core-1.13.0.jar;C:\Users\jagan\.m2\repository\io\micrometer\micrometer-commons\1.13.0\micrometer-commons-1.13.0.jar;C:\Users\jagan\.m2\repository\io\micrometer\micrometer-observation\1.13.0\micrometer-observation-1.13.0.jar;C:\Users\jagan\.m2\repository\org\hdrhistogram\HdrHistogram\2.2.1\HdrHistogram-2.2.1.jar;C:\Users\jagan\.m2\repository\org\latencyutils\LatencyUtils\2.0.3\LatencyUtils-2.0.3.jar;C:\Users\jagan\.m2\repository\io\netty\netty-transport\4.1.110.Final\netty-transport-4.1.110.Final.jar;C:\Users\jagan\.m2\repository\io\netty\netty-common\4.1.110.Final\netty-common-4.1.110.Final.jar;C:\Users\jagan\.m2\repository\io\netty\netty-buffer\4.1.110.Final\netty-buffer-4.1.110.Final.jar;C:\Users\jagan\.m2\repository\io\netty\netty-resolver\4.1.110.Final\netty-resolver-4.1.110.Final.jar;C:\Users\jagan\.m2\repository\io\netty\netty-codec-haproxy\4.1.110.Final\netty-codec-haproxy-4.1.110.Final.jar;C:\Users\jagan\.m2\repository\io\netty\netty-codec\4.1.110.Final\netty-codec-4.1.110.Final.jar;C:\Users\jagan\.m2\repository\io\netty\netty-codec-http2\4.1.110.Final\netty-codec-http2-4.1.110.Final.jar;C:\Users\jagan\.m2\repository\io\netty\netty-handler\4.1.110.Final\netty-handler-4.1.110.Final.jar;C:\Users\jagan\.m2\repository\io\netty\netty-codec-http\4.1.110.Final\netty-codec-http-4.1.110.Final.jar;C:\Users\jagan\.m2\repository\io\netty\netty-resolver-dns\4.1.110.Final\netty-resolver-dns-4.1.110.Final.jar;C:\Users\jagan\.m2\repository\io\netty\netty-codec-dns\4.1.110.Final\netty-codec-dns-4.1.110.Final.jar;C:\Users\jagan\.m2\repository\io\netty\netty-transport-native-unix-common\4.1.110.Final\netty-transport-native-unix-common-4.1.110.Final-linux-x86_64.jar;C:\Users\jagan\.m2\repository\io\netty\netty-transport-native-unix-common\4.1.110.Final\netty-transport-native-unix-common-4.1.110.Final-linux-aarch_64.jar;C:\Users\jagan\.m2\repository\io\netty\netty-transport-native-unix-common\4.1.110.Final\netty-transport-native-unix-common-4.1.110.Final-osx-x86_64.jar;C:\Users\jagan\.m2\repository\io\netty\netty-transport-native-unix-common\4.1.110.Final\netty-transport-native-unix-common-4.1.110.Final-osx-aarch_64.jar;C:\Users\jagan\.m2\repository\org\reactivestreams\reactive-streams\1.0.4\reactive-streams-1.0.4.jar;C:\Users\jagan\.m2\repository\com\google\code\findbugs\jsr305\3.0.2\jsr305-3.0.2.jar;C:\Users\jagan\.m2\repository\io\netty\netty-handler-proxy\4.1.110.Final\netty-handler-proxy-4.1.110.Final.jar;C:\Users\jagan\.m2\repository\io\netty\netty-codec-socks\4.1.110.Final\netty-codec-socks-4.1.110.Final.jar;C:\Users\jagan\.m2\repository\io\netty\netty-transport-native-epoll\4.1.110.Final\netty-transport-native-epoll-4.1.110.Final-linux-x86_64.jar;C:\Users\jagan\.m2\repository\io\netty\netty-transport-native-unix-common\4.1.110.Final\netty-transport-native-unix-common-4.1.110.Final.jar;C:\Users\jagan\.m2\repository\io\netty\netty-transport-classes-epoll\4.1.110.Final\netty-transport-classes-epoll-4.1.110.Final.jar;C:\Users\jagan\.m2\repository\io\netty\netty-transport-native-epoll\4.1.110.Final\netty-transport-native-epoll-4.1.110.Final-linux-aarch_64.jar;C:\Users\jagan\.m2\repository\io\netty\netty-transport-native-kqueue\4.1.110.Final\netty-transport-native-kqueue-4.1.110.Final-osx-x86_64.jar;C:\Users\jagan\.m2\repository\io\netty\netty-transport-classes-kqueue\4.1.110.Final\netty-transport-classes-kqueue-4.1.110.Final.jar;C:\Users\jagan\.m2\repository\io\netty\netty-resolver-dns-native-macos\4.1.110.Final\netty-resolver-dns-native-macos-4.1.110.Final-osx-x86_64.jar;C:\Users\jagan\.m2\repository\io\netty\netty-resolver-dns-classes-macos\4.1.110.Final\netty-resolver-dns-classes-macos-4.1.110.Final.jar;C:\Users\jagan\.m2\repository\io\netty\netty-transport-native-kqueue\4.1.110.Final\netty-transport-native-kqueue-4.1.110.Final-osx-aarch_64.jar;C:\Users\jagan\.m2\repository\io\netty\netty-resolver-dns-native-macos\4.1.110.Final\netty-resolver-dns-native-macos-4.1.110.Final-osx-aarch_64.jar;C:\Users\jagan\.m2\repository\io\netty\netty-tcnative-boringssl-static\2.0.65.Final\netty-tcnative-boringssl-static-2.0.65.Final-linux-x86_64.jar;C:\Users\jagan\.m2\repository\io\netty\netty-tcnative-classes\2.0.65.Final\netty-tcnative-classes-2.0.65.Final.jar;C:\Users\jagan\.m2\repository\io\netty\netty-tcnative-boringssl-static\2.0.65.Final\netty-tcnative-boringssl-static-2.0.65.Final-linux-aarch_64.jar;C:\Users\jagan\.m2\repository\io\netty\netty-tcnative-boringssl-static\2.0.65.Final\netty-tcnative-boringssl-static-2.0.65.Final-osx-x86_64.jar;C:\Users\jagan\.m2\repository\io\netty\netty-tcnative-boringssl-static\2.0.65.Final\netty-tcnative-boringssl-static-2.0.65.Final-osx-aarch_64.jar;C:\Users\jagan\.m2\repository\io\netty\netty-tcnative-boringssl-static\2.0.65.Final\netty-tcnative-boringssl-static-2.0.65.Final-windows-x86_64.jar;C:\Users\jagan\.m2\repository\com\aayushatharva\brotli4j\brotli4j\1.16.0\brotli4j-1.16.0.jar;C:\Users\jagan\.m2\repository\com\aayushatharva\brotli4j\service\1.16.0\service-1.16.0.jar;C:\Users\jagan\.m2\repository\com\aayushatharva\brotli4j\native-windows-x86_64\1.16.0\native-windows-x86_64-1.16.0.jar;C:\Users\jagan\.m2\repository\org\apache\httpcomponents\httpclient\4.5.14\httpclient-4.5.14.jar;C:\Users\jagan\.m2\repository\org\apache\httpcomponents\httpcore\4.4.16\httpcore-4.4.16.jar;C:\Users\jagan\.m2\repository\commons-codec\commons-codec\1.16.1\commons-codec-1.16.1.jar;C:\Users\jagan\.m2\repository\ch\qos\logback\logback-classic\1.5.4\logback-classic-1.5.4.jar;C:\Users\jagan\.m2\repository\ch\qos\logback\logback-core\1.5.4\logback-core-1.5.4.jar;C:\Users\jagan\.m2\repository\org\antlr\antlr4-runtime\4.13.1\antlr4-runtime-4.13.1.jar;C:\Users\jagan\.m2\repository\com\jayway\jsonpath\json-path\2.9.0\json-path-2.9.0.jar;C:\Users\jagan\.m2\repository\net\minidev\json-smart\2.5.1\json-smart-2.5.1.jar;C:\Users\jagan\.m2\repository\net\minidev\accessors-smart\2.5.1\accessors-smart-2.5.1.jar;C:\Users\jagan\.m2\repository\org\ow2\asm\asm\9.6\asm-9.6.jar;C:\Users\jagan\.m2\repository\org\yaml\snakeyaml\2.2\snakeyaml-2.2.jar;C:\Users\jagan\.m2\repository\de\siegmar\fastcsv\3.1.0\fastcsv-3.1.0.jar;C:\Users\jagan\.m2\repository\info\picocli\picocli\4.7.5\picocli-4.7.5.jar;C:\Users\jagan\.m2\repository\io\github\classgraph\classgraph\4.8.170\classgraph-4.8.170.jar;C:\Users\jagan\.m2\repository\io\github\t12y\resemble\1.1.0\resemble-1.1.0.jar;C:\Users\jagan\.m2\repository\io\github\t12y\ssim\1.0.0\ssim-1.0.0.jar;C:\Users\jagan\.m2\repository\org\junit\jupiter\junit-jupiter-api\5.10.2\junit-jupiter-api-5.10.2.jar;C:\Users\jagan\.m2\repository\org\opentest4j\opentest4j\1.3.0\opentest4j-1.3.0.jar;C:\Users\jagan\.m2\repository\org\junit\platform\junit-platform-commons\1.10.2\junit-platform-commons-1.10.2.jar;C:\Users\jagan\.m2\repository\org\apiguardian\apiguardian-api\1.1.2\apiguardian-api-1.1.2.jar;C:\Users\jagan\.m2\repository\org\junit\jupiter\junit-jupiter-engine\5.10.2\junit-jupiter-engine-5.10.2.jar;C:\Users\jagan\.m2\repository\org\junit\platform\junit-platform-engine\1.10.2\junit-platform-engine-1.10.2.jar;"/>
    <property name="java.vm.vendor" value="Oracle Corporation"/>
    <property name="sun.arch.data.model" value="64"/>
    <property name="user.variant" value=""/>
    <property name="java.vendor.url" value="https://java.oracle.com/"/>
    <property name="user.timezone" value="Asia/Calcutta"/>
    <property name="os.name" value="Windows 11"/>
    <property name="java.vm.specification.version" value="17"/>
    <property name="sun.java.launcher" value="SUN_STANDARD"/>
    <property name="user.country" value="IN"/>
    <property name="sun.boot.library.path" value="C:\Program Files\Java\jdk-17\bin"/>
    <property name="sun.java.command" value="C:\Users\jagan\AppData\Local\Temp\surefire2700847774925400213\surefirebooter4082430537530613741.jar C:\Users\jagan\AppData\Local\Temp\surefire2700847774925400213 2024-11-19T12-16-44_442-jvmRun1 surefire13694695621389635894tmp surefire_013350764698415692196tmp"/>
    <property name="jdk.debug" value="release"/>
    <property name="surefire.test.class.path" value="C:\Users\jagan\DrivetecAPIAutomation\drivetec\target\test-classes;C:\Users\jagan\DrivetecAPIAutomation\drivetec\target\classes;C:\Users\jagan\.m2\repository\net\masterthought\cucumber-reporting\5.8.2\cucumber-reporting-5.8.2.jar;C:\Users\jagan\.m2\repository\com\fasterxml\jackson\core\jackson-databind\2.17.0\jackson-databind-2.17.0.jar;C:\Users\jagan\.m2\repository\com\fasterxml\jackson\core\jackson-annotations\2.17.0\jackson-annotations-2.17.0.jar;C:\Users\jagan\.m2\repository\com\fasterxml\jackson\core\jackson-core\2.17.0\jackson-core-2.17.0.jar;C:\Users\jagan\.m2\repository\net\bytebuddy\byte-buddy\1.14.9\byte-buddy-1.14.9.jar;C:\Users\jagan\.m2\repository\com\fasterxml\jackson\datatype\jackson-datatype-jsr310\2.17.0\jackson-datatype-jsr310-2.17.0.jar;C:\Users\jagan\.m2\repository\org\apache\velocity\velocity-engine-core\2.3\velocity-engine-core-2.3.jar;C:\Users\jagan\.m2\repository\joda-time\joda-time\2.12.7\joda-time-2.12.7.jar;C:\Users\jagan\.m2\repository\org\apache\commons\commons-configuration2\2.10.1\commons-configuration2-2.10.1.jar;C:\Users\jagan\.m2\repository\org\apache\commons\commons-lang3\3.14.0\commons-lang3-3.14.0.jar;C:\Users\jagan\.m2\repository\commons-io\commons-io\2.16.1\commons-io-2.16.1.jar;C:\Users\jagan\.m2\repository\org\apache\commons\commons-text\1.11.0\commons-text-1.11.0.jar;C:\Users\jagan\.m2\repository\org\jsoup\jsoup\1.17.2\jsoup-1.17.2.jar;C:\Users\jagan\.m2\repository\com\googlecode\owasp-java-html-sanitizer\owasp-java-html-sanitizer\20240325.1\owasp-java-html-sanitizer-20240325.1.jar;C:\Users\jagan\.m2\repository\com\googlecode\owasp-java-html-sanitizer\java8-shim\20240325.1\java8-shim-20240325.1.jar;C:\Users\jagan\.m2\repository\com\googlecode\owasp-java-html-sanitizer\java10-shim\20240325.1\java10-shim-20240325.1.jar;C:\Users\jagan\.m2\repository\org\slf4j\slf4j-api\2.0.13\slf4j-api-2.0.13.jar;C:\Users\jagan\.m2\repository\org\slf4j\jcl-over-slf4j\2.0.13\jcl-over-slf4j-2.0.13.jar;C:\Users\jagan\.m2\repository\io\karatelabs\karate-junit5\1.5.0\karate-junit5-1.5.0.jar;C:\Users\jagan\.m2\repository\io\karatelabs\karate-core\1.5.0\karate-core-1.5.0.jar;C:\Users\jagan\.m2\repository\org\graalvm\js\js-scriptengine\24.0.0\js-scriptengine-24.0.0.jar;C:\Users\jagan\.m2\repository\org\graalvm\polyglot\polyglot\24.0.0\polyglot-24.0.0.jar;C:\Users\jagan\.m2\repository\org\graalvm\sdk\collections\24.0.0\collections-24.0.0.jar;C:\Users\jagan\.m2\repository\org\graalvm\sdk\nativeimage\24.0.0\nativeimage-24.0.0.jar;C:\Users\jagan\.m2\repository\org\graalvm\sdk\word\24.0.0\word-24.0.0.jar;C:\Users\jagan\.m2\repository\org\graalvm\js\js-language\24.0.0\js-language-24.0.0.jar;C:\Users\jagan\.m2\repository\org\graalvm\regex\regex\24.0.0\regex-24.0.0.jar;C:\Users\jagan\.m2\repository\org\graalvm\truffle\truffle-api\24.0.0\truffle-api-24.0.0.jar;C:\Users\jagan\.m2\repository\org\graalvm\shadowed\icu4j\24.0.0\icu4j-24.0.0.jar;C:\Users\jagan\.m2\repository\org\thymeleaf\thymeleaf\3.1.2.RELEASE\thymeleaf-3.1.2.RELEASE.jar;C:\Users\jagan\.m2\repository\ognl\ognl\3.3.4\ognl-3.3.4.jar;C:\Users\jagan\.m2\repository\org\javassist\javassist\3.29.0-GA\javassist-3.29.0-GA.jar;C:\Users\jagan\.m2\repository\org\attoparser\attoparser\2.0.7.RELEASE\attoparser-2.0.7.RELEASE.jar;C:\Users\jagan\.m2\repository\org\unbescape\unbescape\1.1.6.RELEASE\unbescape-1.1.6.RELEASE.jar;C:\Users\jagan\.m2\repository\com\linecorp\armeria\armeria\1.29.2\armeria-1.29.2.jar;C:\Users\jagan\.m2\repository\com\fasterxml\jackson\datatype\jackson-datatype-jdk8\2.17.1\jackson-datatype-jdk8-2.17.1.jar;C:\Users\jagan\.m2\repository\io\micrometer\micrometer-core\1.13.0\micrometer-core-1.13.0.jar;C:\Users\jagan\.m2\repository\io\micrometer\micrometer-commons\1.13.0\micrometer-commons-1.13.0.jar;C:\Users\jagan\.m2\repository\io\micrometer\micrometer-observation\1.13.0\micrometer-observation-1.13.0.jar;C:\Users\jagan\.m2\repository\org\hdrhistogram\HdrHistogram\2.2.1\HdrHistogram-2.2.1.jar;C:\Users\jagan\.m2\repository\org\latencyutils\LatencyUtils\2.0.3\LatencyUtils-2.0.3.jar;C:\Users\jagan\.m2\repository\io\netty\netty-transport\4.1.110.Final\netty-transport-4.1.110.Final.jar;C:\Users\jagan\.m2\repository\io\netty\netty-common\4.1.110.Final\netty-common-4.1.110.Final.jar;C:\Users\jagan\.m2\repository\io\netty\netty-buffer\4.1.110.Final\netty-buffer-4.1.110.Final.jar;C:\Users\jagan\.m2\repository\io\netty\netty-resolver\4.1.110.Final\netty-resolver-4.1.110.Final.jar;C:\Users\jagan\.m2\repository\io\netty\netty-codec-haproxy\4.1.110.Final\netty-codec-haproxy-4.1.110.Final.jar;C:\Users\jagan\.m2\repository\io\netty\netty-codec\4.1.110.Final\netty-codec-4.1.110.Final.jar;C:\Users\jagan\.m2\repository\io\netty\netty-codec-http2\4.1.110.Final\netty-codec-http2-4.1.110.Final.jar;C:\Users\jagan\.m2\repository\io\netty\netty-handler\4.1.110.Final\netty-handler-4.1.110.Final.jar;C:\Users\jagan\.m2\repository\io\netty\netty-codec-http\4.1.110.Final\netty-codec-http-4.1.110.Final.jar;C:\Users\jagan\.m2\repository\io\netty\netty-resolver-dns\4.1.110.Final\netty-resolver-dns-4.1.110.Final.jar;C:\Users\jagan\.m2\repository\io\netty\netty-codec-dns\4.1.110.Final\netty-codec-dns-4.1.110.Final.jar;C:\Users\jagan\.m2\repository\io\netty\netty-transport-native-unix-common\4.1.110.Final\netty-transport-native-unix-common-4.1.110.Final-linux-x86_64.jar;C:\Users\jagan\.m2\repository\io\netty\netty-transport-native-unix-common\4.1.110.Final\netty-transport-native-unix-common-4.1.110.Final-linux-aarch_64.jar;C:\Users\jagan\.m2\repository\io\netty\netty-transport-native-unix-common\4.1.110.Final\netty-transport-native-unix-common-4.1.110.Final-osx-x86_64.jar;C:\Users\jagan\.m2\repository\io\netty\netty-transport-native-unix-common\4.1.110.Final\netty-transport-native-unix-common-4.1.110.Final-osx-aarch_64.jar;C:\Users\jagan\.m2\repository\org\reactivestreams\reactive-streams\1.0.4\reactive-streams-1.0.4.jar;C:\Users\jagan\.m2\repository\com\google\code\findbugs\jsr305\3.0.2\jsr305-3.0.2.jar;C:\Users\jagan\.m2\repository\io\netty\netty-handler-proxy\4.1.110.Final\netty-handler-proxy-4.1.110.Final.jar;C:\Users\jagan\.m2\repository\io\netty\netty-codec-socks\4.1.110.Final\netty-codec-socks-4.1.110.Final.jar;C:\Users\jagan\.m2\repository\io\netty\netty-transport-native-epoll\4.1.110.Final\netty-transport-native-epoll-4.1.110.Final-linux-x86_64.jar;C:\Users\jagan\.m2\repository\io\netty\netty-transport-native-unix-common\4.1.110.Final\netty-transport-native-unix-common-4.1.110.Final.jar;C:\Users\jagan\.m2\repository\io\netty\netty-transport-classes-epoll\4.1.110.Final\netty-transport-classes-epoll-4.1.110.Final.jar;C:\Users\jagan\.m2\repository\io\netty\netty-transport-native-epoll\4.1.110.Final\netty-transport-native-epoll-4.1.110.Final-linux-aarch_64.jar;C:\Users\jagan\.m2\repository\io\netty\netty-transport-native-kqueue\4.1.110.Final\netty-transport-native-kqueue-4.1.110.Final-osx-x86_64.jar;C:\Users\jagan\.m2\repository\io\netty\netty-transport-classes-kqueue\4.1.110.Final\netty-transport-classes-kqueue-4.1.110.Final.jar;C:\Users\jagan\.m2\repository\io\netty\netty-resolver-dns-native-macos\4.1.110.Final\netty-resolver-dns-native-macos-4.1.110.Final-osx-x86_64.jar;C:\Users\jagan\.m2\repository\io\netty\netty-resolver-dns-classes-macos\4.1.110.Final\netty-resolver-dns-classes-macos-4.1.110.Final.jar;C:\Users\jagan\.m2\repository\io\netty\netty-transport-native-kqueue\4.1.110.Final\netty-transport-native-kqueue-4.1.110.Final-osx-aarch_64.jar;C:\Users\jagan\.m2\repository\io\netty\netty-resolver-dns-native-macos\4.1.110.Final\netty-resolver-dns-native-macos-4.1.110.Final-osx-aarch_64.jar;C:\Users\jagan\.m2\repository\io\netty\netty-tcnative-boringssl-static\2.0.65.Final\netty-tcnative-boringssl-static-2.0.65.Final-linux-x86_64.jar;C:\Users\jagan\.m2\repository\io\netty\netty-tcnative-classes\2.0.65.Final\netty-tcnative-classes-2.0.65.Final.jar;C:\Users\jagan\.m2\repository\io\netty\netty-tcnative-boringssl-static\2.0.65.Final\netty-tcnative-boringssl-static-2.0.65.Final-linux-aarch_64.jar;C:\Users\jagan\.m2\repository\io\netty\netty-tcnative-boringssl-static\2.0.65.Final\netty-tcnative-boringssl-static-2.0.65.Final-osx-x86_64.jar;C:\Users\jagan\.m2\repository\io\netty\netty-tcnative-boringssl-static\2.0.65.Final\netty-tcnative-boringssl-static-2.0.65.Final-osx-aarch_64.jar;C:\Users\jagan\.m2\repository\io\netty\netty-tcnative-boringssl-static\2.0.65.Final\netty-tcnative-boringssl-static-2.0.65.Final-windows-x86_64.jar;C:\Users\jagan\.m2\repository\com\aayushatharva\brotli4j\brotli4j\1.16.0\brotli4j-1.16.0.jar;C:\Users\jagan\.m2\repository\com\aayushatharva\brotli4j\service\1.16.0\service-1.16.0.jar;C:\Users\jagan\.m2\repository\com\aayushatharva\brotli4j\native-windows-x86_64\1.16.0\native-windows-x86_64-1.16.0.jar;C:\Users\jagan\.m2\repository\org\apache\httpcomponents\httpclient\4.5.14\httpclient-4.5.14.jar;C:\Users\jagan\.m2\repository\org\apache\httpcomponents\httpcore\4.4.16\httpcore-4.4.16.jar;C:\Users\jagan\.m2\repository\commons-codec\commons-codec\1.16.1\commons-codec-1.16.1.jar;C:\Users\jagan\.m2\repository\ch\qos\logback\logback-classic\1.5.4\logback-classic-1.5.4.jar;C:\Users\jagan\.m2\repository\ch\qos\logback\logback-core\1.5.4\logback-core-1.5.4.jar;C:\Users\jagan\.m2\repository\org\antlr\antlr4-runtime\4.13.1\antlr4-runtime-4.13.1.jar;C:\Users\jagan\.m2\repository\com\jayway\jsonpath\json-path\2.9.0\json-path-2.9.0.jar;C:\Users\jagan\.m2\repository\net\minidev\json-smart\2.5.1\json-smart-2.5.1.jar;C:\Users\jagan\.m2\repository\net\minidev\accessors-smart\2.5.1\accessors-smart-2.5.1.jar;C:\Users\jagan\.m2\repository\org\ow2\asm\asm\9.6\asm-9.6.jar;C:\Users\jagan\.m2\repository\org\yaml\snakeyaml\2.2\snakeyaml-2.2.jar;C:\Users\jagan\.m2\repository\de\siegmar\fastcsv\3.1.0\fastcsv-3.1.0.jar;C:\Users\jagan\.m2\repository\info\picocli\picocli\4.7.5\picocli-4.7.5.jar;C:\Users\jagan\.m2\repository\io\github\classgraph\classgraph\4.8.170\classgraph-4.8.170.jar;C:\Users\jagan\.m2\repository\io\github\t12y\resemble\1.1.0\resemble-1.1.0.jar;C:\Users\jagan\.m2\repository\io\github\t12y\ssim\1.0.0\ssim-1.0.0.jar;C:\Users\jagan\.m2\repository\org\junit\jupiter\junit-jupiter-api\5.10.2\junit-jupiter-api-5.10.2.jar;C:\Users\jagan\.m2\repository\org\opentest4j\opentest4j\1.3.0\opentest4j-1.3.0.jar;C:\Users\jagan\.m2\repository\org\junit\platform\junit-platform-commons\1.10.2\junit-platform-commons-1.10.2.jar;C:\Users\jagan\.m2\repository\org\apiguardian\apiguardian-api\1.1.2\apiguardian-api-1.1.2.jar;C:\Users\jagan\.m2\repository\org\junit\jupiter\junit-jupiter-engine\5.10.2\junit-jupiter-engine-5.10.2.jar;C:\Users\jagan\.m2\repository\org\junit\platform\junit-platform-engine\1.10.2\junit-platform-engine-1.10.2.jar;"/>
    <property name="sun.cpu.endian" value="little"/>
    <property name="user.home" value="C:\Users\jagan"/>
    <property name="user.language" value="en"/>
    <property name="java.specification.vendor" value="Oracle Corporation"/>
    <property name="java.version.date" value="2024-07-16"/>
    <property name="java.home" value="C:\Program Files\Java\jdk-17"/>
    <property name="file.separator" value="\"/>
    <property name="basedir" value="C:\Users\jagan\DrivetecAPIAutomation\drivetec"/>
    <property name="java.vm.compressedOopsMode" value="32-bit"/>
    <property name="line.separator" value="&#10;"/>
    <property name="java.vm.specification.vendor" value="Oracle Corporation"/>
    <property name="java.specification.name" value="Java Platform API Specification"/>
    <property name="karate.options" value="--tags @drivetec,@pdfdownload"/>
    <property name="surefire.real.class.path" value="C:\Users\jagan\AppData\Local\Temp\surefire2700847774925400213\surefirebooter4082430537530613741.jar"/>
    <property name="user.script" value=""/>
    <property name="sun.management.compiler" value="HotSpot 64-Bit Tiered Compilers"/>
    <property name="java.runtime.version" value="17.0.12+8-LTS-286"/>
    <property name="user.name" value="jagan"/>
    <property name="path.separator" value=";"/>
    <property name="os.version" value="10.0"/>
    <property name="java.runtime.name" value="Java(TM) SE Runtime Environment"/>
    <property name="file.encoding" value="UTF-8"/>
    <property name="java.vm.name" value="Java HotSpot(TM) 64-Bit Server VM"/>
    <property name="localRepository" value="C:\Users\jagan\.m2\repository"/>
    <property name="java.vendor.url.bug" value="https://bugreport.java.com/bugreport/"/>
    <property name="java.io.tmpdir" value="C:\Users\jagan\AppData\Local\Temp\"/>
    <property name="java.version" value="17.0.12"/>
    <property name="user.dir" value="C:\Users\jagan\DrivetecAPIAutomation\drivetec"/>
    <property name="os.arch" value="amd64"/>
    <property name="java.vm.specification.name" value="Java Virtual Machine Specification"/>
    <property name="sun.os.patch.level" value=""/>
    <property name="native.encoding" value="Cp1252"/>
    <property name="java.library.path" value="C:\Program Files\Java\jdk-17\bin;C:\WINDOWS\Sun\Java\bin;C:\WINDOWS\system32;C:\WINDOWS;C:\Program Files\Common Files\Oracle\Java\javapath;C:\windows\system32;C:\windows;C:\windows\System32\Wbem;C:\windows\System32\WindowsPowerShell\v1.0\;C:\windows\System32\OpenSSH\;C:\Program Files (x86)\NVIDIA Corporation\PhysX\Common;C:\Program Files\NVIDIA Corporation\NVIDIA NvDLISR;C:\WINDOWS\system32;C:\WINDOWS;C:\WINDOWS\System32\Wbem;C:\WINDOWS\System32\WindowsPowerShell\v1.0\;C:\WINDOWS\System32\OpenSSH\;C:\Program Files\Java\jdk-17\bin;C:\Users\jagan\maven\apache-maven-3.9.8\bin;C:\Program Files\Git\cmd;C:\Program Files\dotnet\;C:\Program Files\GitHub CLI\;C:\Program Files\MySQL\MySQL Shell 8.0\bin\;C:\Users\jagan\AppData\Local\Microsoft\WindowsApps;C:\Users\jagan\AppData\Local\Programs\Microsoft VS Code\bin;."/>
    <property name="java.vm.info" value="mixed mode, sharing"/>
    <property name="java.vendor" value="Oracle Corporation"/>
    <property name="java.vm.version" value="17.0.12+8-LTS-286"/>
    <property name="sun.io.unicode.encoding" value="UnicodeLittle"/>
    <property name="java.class.version" value="61.0"/>
  </properties>
  <testcase name="testParallel" classname="drivetecTestCases.TestRunner" time="66.485">
    <failure message="match failed: EQUALS&#10;  $ | not equal (NUMBER:NUMBER)&#10;  4.58&#10;  5&#10;&#10;classpath:drivetecTestCases/features/driveteclogin.feature:184&#10;match failed: EQUALS&#10;  $ | not equal (NUMBER:NUMBER)&#10;  7.75&#10;  8&#10;&#10;classpath:drivetecTestCases/features/driveteclogin.feature:184 ==&gt; expected: &lt;true&gt; but was: &lt;false&gt;" type="org.opentest4j.AssertionFailedError"><![CDATA[org.opentest4j.AssertionFailedError: 
match failed: EQUALS
  $ | not equal (NUMBER:NUMBER)
  4.58
  5

classpath:drivetecTestCases/features/driveteclogin.feature:184
match failed: EQUALS
  $ | not equal (NUMBER:NUMBER)
  7.75
  8

classpath:drivetecTestCases/features/driveteclogin.feature:184 ==> expected: <true> but was: <false>
	at drivetecTestCases.TestRunner.testParallel(TestRunner.java:32)
]]></failure>
    <system-out><![CDATA[12:16:45.917 [main] INFO  com.intuit.karate.Runner - using system property 'karate.options': --tags @drivetec,@pdfdownload
12:16:46.682 [main] DEBUG com.intuit.karate.Suite - [config] classpath:karate-config.js
12:16:46.687 [main] INFO  com.intuit.karate.Suite - backed up existing 'target\karate-reports' dir to: target\karate-reports_1731998806682
12:16:46.692 [main] DEBUG com.intuit.karate.Suite - waiting for 2 features to complete
12:16:47.763 [main] INFO  com.intuit.karate - karate.env system property was: null 
12:16:48.058 [main] INFO  com.intuit.karate - Running test for dataset:  Dataset1 
12:16:48.244 [main] DEBUG com.intuit.karate - request:
1 > PUT https://dev-drivetec-apis.schuecodigitalsolutions.com/Configurations
1 > Content-Type: application/json; charset=UTF-8
1 > Content-Length: 1268
1 > Host: dev-drivetec-apis.schuecodigitalsolutions.com
1 > Connection: Keep-Alive
1 > User-Agent: Apache-HttpClient/4.5.14 (Java/17.0.12)
1 > Accept-Encoding: gzip,deflate
{"Id":"8b11d2e1-fe65-46bb-82a6-4442277b52f2","Name":"asdefgh","Description":"","ProjectId":"d2659447-79dd-4004-bdd8-aebda2f103db","CustomTags":"","CreatedBy":"579816e4-6653-4794-b435-a885f32e28d7","ModifiedBy":"579816e4-6653-4794-b435-a885f32e28d7","System":"","FacadeInclination":0,"OpeningType":1,"OpeningDirection":1,"OpeningWidth":1000,"VentOuterWidth":1000,"VentOuterHeight":1500,"VentWeight":0,"CalculateWeightWithGlass":false,"RequiredOpeningStroke":747,"WindLoad":120,"SnowLoad":0,"IsWindowOpeningCalculationByAngle":1,"GlassThickness":14,"ProfileWeightPerSerialMeter":2.5,"DrivePosition":1,"InstallationPosition":0,"LockingMechanism":1,"Voltage":1,"DriveType":1,"TypeOfInstallation":2,"GeometricArea":0,"CalcVentilation":2,"SpecificExhaustDimension":45,"BuildingDepth":90,"CalculationTypeForVentilation":2,"HeightOfProfile":30,"HeightProfileRectangleAngle1":35,"HeightProfileRectangleAngle2":2,"RevealDepth":200,"RevealDepthRectangleAngle1":150,"RevealDepthRectangleAngle2":1000,"ChainLengthConnectingRodHandle":5,"ApplicationName":1,"OpeningAngle":15,"WeightIncGlassOrThickness":false,"AkippOrAtilt":0,"AdrehOrAturn":0,"Ageo":0,"MinPullingForceMax":0,"MinPushingForceMax":0,"MinPullingForcePermanent":0,"MinPushingForcePermanent":0,"ForceWithNegativeWind":0}

12:16:49.243 [main] DEBUG com.intuit.karate - response time in milliseconds: 994
1 < 200
1 < Content-Type: application/json; charset=utf-8
1 < Date: Tue, 19 Nov 2024 06:46:49 GMT
1 < Server: Microsoft-IIS/10.0
1 < X-Powered-By: ASP.NET
1 < Content-Length: 2055
1 < Connection: keep-alive
{
  "ProjectId": "d2659447-79dd-4004-bdd8-aebda2f103db",
  "Name": "asdefgh",
  "Description": "",
  "CustomTags": "",
  "ApplicationName": 1,
  "OpeningType": 1,
  "OpeningDirection": 1,
  "CalculateWeightWithGlass": false,
  "WindLoad": 120,
  "IsWindowOpeningCalculationByAngle": 1,
  "VentOuterWidth": 1000,
  "VentOuterHeight": 1500,
  "WeightIncGlassOrThickness": false,
  "VentWeight": 65,
  "VentWeightExact": 65,
  "GlassThickness": 14,
  "ProfileWeightPerSerialMeter": 2.5,
  "FacadeInclination": 0,
  "ChainLengthConnectingRodHandle": 5,
  "ChainLenghtConnectingRodHandle": 0,
  "RequiredOpeningStroke": 747,
  "OpeningWidth": 1000,
  "OpeningAngle": 28.83669047331989,
  "SpecificExhaustDimension": 45,
  "BuildingDepth": 90,
  "SnowLoad": 0,
  "DistanceHinge": 0,
  "RatedCurrent": 0,
  "DrivePosition": 1,
  "LockingMechanism": 1,
  "Voltage": 1,
  "DriveType": 1,
  "TypeOfInstallation": 2,
  "GeometricArea": 0,
  "CalculationTypeForVentilation": 2,
  "HeightOfProfile": 30,
  "Reveal": 0,
  "RevealDepth": 200,
  "HeightProfileRectangleAngle1": 35,
  "HeightProfileRectangleAngle2": 2,
  "RevealDepthRectangleAngle1": 150,
  "RevealDepthRectangleAngle2": 1000,
  "RevealDepthRectangleAngle12": 0,
  "InstallationPosition": 0,
  "RecommendedDriveArticleNo": 0,
  "System": "",
  "AkippOrAtilt": 1.8675,
  "AdrehOrAturn": 1.5,
  "Ageo": 0.5438978083248298,
  "MinPullingForceMax": -89.74113674675097,
  "MinPushingForceMax": -232.98788788660553,
  "MinPullingForcePermanent": -161.6158620731247,
  "MinPushingForcePermanent": -161.6158620731247,
  "ForceWithNegativeWind": 90.2587491087276,
  "ForceWithNoWindMin": 0.2588061809883106,
  "ForceWithNegativeWindMin": -90.24383625964387,
  "ForceWithWindMin": -89.74113674675097,
  "Id": "8b11d2e1-fe65-46bb-82a6-4442277b52f2",
  "CreatedOn": "0001-01-01T00:00:00",
  "CreatedBy": "579816e4-6653-4794-b435-a885f32e28d7",
  "ModifiedOn": "2024-11-19T06:46:49.1090752+00:00",
  "ModifiedBy": "579816e4-6653-4794-b435-a885f32e28d7"
}

12:16:49.268 [main] INFO  com.intuit.karate - Rounded Opening Angle: 29 
12:16:49.269 [main] INFO  com.intuit.karate - Rounded Ageo: 0.54 
12:16:49.270 [main] INFO  com.intuit.karate - Rounded Required Opening Stroke: 747 
12:16:49.271 [main] INFO  com.intuit.karate - Rounded Vent Weight: 65 
12:16:49.303 [main] INFO  com.intuit.karate - karate.env system property was: null 
12:16:49.305 [main] INFO  com.intuit.karate - Running test for dataset:  Dataset2 
12:16:49.311 [main] DEBUG com.intuit.karate - request:
1 > PUT https://dev-drivetec-apis.schuecodigitalsolutions.com/Configurations
1 > Content-Type: application/json; charset=UTF-8
1 > Content-Length: 1259
1 > Host: dev-drivetec-apis.schuecodigitalsolutions.com
1 > Connection: Keep-Alive
1 > User-Agent: Apache-HttpClient/4.5.14 (Java/17.0.12)
1 > Accept-Encoding: gzip,deflate
{"Id":"8b11d2e1-fe65-46bb-82a6-4442277b52f2","Name":"asdefgh","Description":"","ProjectId":"d2659447-79dd-4004-bdd8-aebda2f103db","CustomTags":"","CreatedBy":"579816e4-6653-4794-b435-a885f32e28d7","ModifiedBy":"579816e4-6653-4794-b435-a885f32e28d7","System":"","FacadeInclination":0,"OpeningType":3,"OpeningDirection":1,"OpeningWidth":1000,"VentOuterWidth":1230,"VentOuterHeight":1480,"VentWeight":0,"CalculateWeightWithGlass":false,"RequiredOpeningStroke":800,"WindLoad":501,"SnowLoad":0,"IsWindowOpeningCalculationByAngle":1,"GlassThickness":14,"ProfileWeightPerSerialMeter":2.5,"DrivePosition":1,"InstallationPosition":0,"LockingMechanism":1,"Voltage":1,"DriveType":1,"TypeOfInstallation":2,"GeometricArea":0,"CalcVentilation":2,"SpecificExhaustDimension":30,"BuildingDepth":75,"CalculationTypeForVentilation":2,"HeightOfProfile":0,"HeightProfileRectangleAngle1":0,"HeightProfileRectangleAngle2":0,"RevealDepth":0,"RevealDepthRectangleAngle1":0,"RevealDepthRectangleAngle2":0,"ChainLengthConnectingRodHandle":5,"ApplicationName":1,"OpeningAngle":96,"WeightIncGlassOrThickness":false,"AkippOrAtilt":0,"AdrehOrAturn":0,"Ageo":0,"MinPullingForceMax":0,"MinPushingForceMax":0,"MinPullingForcePermanent":0,"MinPushingForcePermanent":0,"ForceWithNegativeWind":0}

12:16:49.987 [main] DEBUG com.intuit.karate - response time in milliseconds: 674
1 < 200
1 < Content-Type: application/json; charset=utf-8
1 < Date: Tue, 19 Nov 2024 06:46:49 GMT
1 < Server: Microsoft-IIS/10.0
1 < X-Powered-By: ASP.NET
1 < transfer-encoding: chunked
1 < Connection: keep-alive
{
  "ProjectId": "d2659447-79dd-4004-bdd8-aebda2f103db",
  "Name": "asdefgh",
  "Description": "",
  "CustomTags": "",
  "ApplicationName": 1,
  "OpeningType": 3,
  "OpeningDirection": 1,
  "CalculateWeightWithGlass": false,
  "WindLoad": 501,
  "IsWindowOpeningCalculationByAngle": 1,
  "VentOuterWidth": 1230,
  "VentOuterHeight": 1480,
  "WeightIncGlassOrThickness": false,
  "VentWeight": 77,
  "VentWeightExact": 77.26400000000001,
  "GlassThickness": 14,
  "ProfileWeightPerSerialMeter": 2.5,
  "FacadeInclination": 0,
  "ChainLengthConnectingRodHandle": 5,
  "ChainLenghtConnectingRodHandle": 0,
  "RequiredOpeningStroke": 800,
  "OpeningWidth": 1000,
  "OpeningAngle": 37.955778805488166,
  "SpecificExhaustDimension": 30,
  "BuildingDepth": 75,
  "SnowLoad": 0,
  "DistanceHinge": 0,
  "RatedCurrent": 0,
  "DrivePosition": 1,
  "LockingMechanism": 1,
  "Voltage": 1,
  "DriveType": 1,
  "TypeOfInstallation": 2,
  "GeometricArea": 0,
  "CalculationTypeForVentilation": 2,
  "HeightOfProfile": 0,
  "Reveal": 0,
  "RevealDepth": 0,
  "HeightProfileRectangleAngle1": 0,
  "HeightProfileRectangleAngle2": 0,
  "RevealDepthRectangleAngle1": 0,
  "RevealDepthRectangleAngle2": 0,
  "RevealDepthRectangleAngle12": 0,
  "InstallationPosition": 0,
  "RecommendedDriveArticleNo": 0,
  "System": "",
  "AkippOrAtilt": 2.168,
  "AdrehOrAturn": 1.8204,
  "Ageo": 1.1096726804263364,
  "MinPullingForceMax": -300.17432981658936,
  "MinPushingForceMax": -456.0102375499411,
  "MinPullingForcePermanent": 0,
  "MinPushingForcePermanent": 0,
  "ForceWithNegativeWind": 456.0102375499411,
  "ForceWithNoWindMin": 0,
  "ForceWithNegativeWindMin": 300.17432981658936,
  "ForceWithWindMin": -300.17432981658936,
  "Id": "8b11d2e1-fe65-46bb-82a6-4442277b52f2",
  "CreatedOn": "0001-01-01T00:00:00",
  "CreatedBy": "579816e4-6653-4794-b435-a885f32e28d7",
  "ModifiedOn": "2024-11-19T06:46:49.8956657+00:00",
  "ModifiedBy": "579816e4-6653-4794-b435-a885f32e28d7"
}

12:16:49.993 [main] INFO  com.intuit.karate - Rounded Opening Angle: 38 
12:16:49.996 [main] INFO  com.intuit.karate - Rounded Ageo: 1.11 
12:16:49.997 [main] INFO  com.intuit.karate - Rounded Required Opening Stroke: 800 
12:16:49.999 [main] INFO  com.intuit.karate - Rounded Vent Weight: 77 
12:16:50.018 [main] INFO  com.intuit.karate - karate.env system property was: null 
12:16:50.023 [main] INFO  com.intuit.karate - Running test for dataset:  Dataset3 
12:16:50.030 [main] DEBUG com.intuit.karate - request:
1 > PUT https://dev-drivetec-apis.schuecodigitalsolutions.com/Configurations
1 > Content-Type: application/json; charset=UTF-8
1 > Content-Length: 1268
1 > Host: dev-drivetec-apis.schuecodigitalsolutions.com
1 > Connection: Keep-Alive
1 > User-Agent: Apache-HttpClient/4.5.14 (Java/17.0.12)
1 > Accept-Encoding: gzip,deflate
{"Id":"8b11d2e1-fe65-46bb-82a6-4442277b52f2","Name":"asdefgh","Description":"","ProjectId":"d2659447-79dd-4004-bdd8-aebda2f103db","CustomTags":"","CreatedBy":"579816e4-6653-4794-b435-a885f32e28d7","ModifiedBy":"579816e4-6653-4794-b435-a885f32e28d7","System":"","FacadeInclination":0,"OpeningType":3,"OpeningDirection":1,"OpeningWidth":1000,"VentOuterWidth":1230,"VentOuterHeight":1480,"VentWeight":0,"CalculateWeightWithGlass":false,"RequiredOpeningStroke":800,"WindLoad":500,"SnowLoad":0,"IsWindowOpeningCalculationByAngle":1,"GlassThickness":14,"ProfileWeightPerSerialMeter":2.5,"DrivePosition":1,"InstallationPosition":0,"LockingMechanism":1,"Voltage":1,"DriveType":1,"TypeOfInstallation":2,"GeometricArea":0,"CalcVentilation":1,"SpecificExhaustDimension":45,"BuildingDepth":90,"CalculationTypeForVentilation":1,"HeightOfProfile":30,"HeightProfileRectangleAngle1":35,"HeightProfileRectangleAngle2":2,"RevealDepth":200,"RevealDepthRectangleAngle1":150,"RevealDepthRectangleAngle2":1000,"ChainLengthConnectingRodHandle":5,"ApplicationName":1,"OpeningAngle":15,"WeightIncGlassOrThickness":false,"AkippOrAtilt":0,"AdrehOrAturn":0,"Ageo":0,"MinPullingForceMax":0,"MinPushingForceMax":0,"MinPullingForcePermanent":0,"MinPushingForcePermanent":0,"ForceWithNegativeWind":0}

12:16:50.771 [main] DEBUG com.intuit.karate - response time in milliseconds: 740
1 < 200
1 < Content-Type: application/json; charset=utf-8
1 < Date: Tue, 19 Nov 2024 06:46:50 GMT
1 < Server: Microsoft-IIS/10.0
1 < X-Powered-By: ASP.NET
1 < Content-Length: 2006
1 < Connection: keep-alive
{
  "ProjectId": "d2659447-79dd-4004-bdd8-aebda2f103db",
  "Name": "asdefgh",
  "Description": "",
  "CustomTags": "",
  "ApplicationName": 1,
  "OpeningType": 3,
  "OpeningDirection": 1,
  "CalculateWeightWithGlass": false,
  "WindLoad": 500,
  "IsWindowOpeningCalculationByAngle": 1,
  "VentOuterWidth": 1230,
  "VentOuterHeight": 1480,
  "WeightIncGlassOrThickness": false,
  "VentWeight": 77,
  "VentWeightExact": 77.26400000000001,
  "GlassThickness": 14,
  "ProfileWeightPerSerialMeter": 2.5,
  "FacadeInclination": 0,
  "ChainLengthConnectingRodHandle": 5,
  "ChainLenghtConnectingRodHandle": 0,
  "RequiredOpeningStroke": 800,
  "OpeningWidth": 1000,
  "OpeningAngle": 37.955778805488166,
  "SpecificExhaustDimension": 45,
  "BuildingDepth": 90,
  "SnowLoad": 0,
  "DistanceHinge": 0,
  "RatedCurrent": 0,
  "DrivePosition": 1,
  "LockingMechanism": 1,
  "Voltage": 1,
  "DriveType": 1,
  "TypeOfInstallation": 2,
  "GeometricArea": 0,
  "CalculationTypeForVentilation": 1,
  "HeightOfProfile": 30,
  "Reveal": 0,
  "RevealDepth": 200,
  "HeightProfileRectangleAngle1": 35,
  "HeightProfileRectangleAngle2": 2,
  "RevealDepthRectangleAngle1": 150,
  "RevealDepthRectangleAngle2": 1000,
  "RevealDepthRectangleAngle12": 0,
  "InstallationPosition": 0,
  "RecommendedDriveArticleNo": 0,
  "System": "",
  "AkippOrAtilt": 2.168,
  "AdrehOrAturn": 1.8204,
  "Ageo": 1.8204,
  "MinPullingForceMax": -299.575179457674,
  "MinPushingForceMax": -455.1000374749911,
  "MinPullingForcePermanent": 0,
  "MinPushingForcePermanent": 0,
  "ForceWithNegativeWind": 455.1000374749911,
  "ForceWithNoWindMin": 0,
  "ForceWithNegativeWindMin": 299.575179457674,
  "ForceWithWindMin": -299.575179457674,
  "Id": "8b11d2e1-fe65-46bb-82a6-4442277b52f2",
  "CreatedOn": "0001-01-01T00:00:00",
  "CreatedBy": "579816e4-6653-4794-b435-a885f32e28d7",
  "ModifiedOn": "2024-11-19T06:46:50.6468629+00:00",
  "ModifiedBy": "579816e4-6653-4794-b435-a885f32e28d7"
}

12:16:50.778 [main] INFO  com.intuit.karate - Rounded Opening Angle: 38 
12:16:50.781 [main] INFO  com.intuit.karate - Rounded Ageo: 1.82 
12:16:50.782 [main] INFO  com.intuit.karate - Rounded Required Opening Stroke: 800 
12:16:50.783 [main] INFO  com.intuit.karate - Rounded Vent Weight: 77 
12:16:50.796 [main] INFO  com.intuit.karate - karate.env system property was: null 
12:16:50.800 [main] INFO  com.intuit.karate - Running test for dataset:  Dataset4 
12:16:50.805 [main] DEBUG com.intuit.karate - request:
1 > PUT https://dev-drivetec-apis.schuecodigitalsolutions.com/Configurations
1 > Content-Type: application/json; charset=UTF-8
1 > Content-Length: 1259
1 > Host: dev-drivetec-apis.schuecodigitalsolutions.com
1 > Connection: Keep-Alive
1 > User-Agent: Apache-HttpClient/4.5.14 (Java/17.0.12)
1 > Accept-Encoding: gzip,deflate
{"Id":"8b11d2e1-fe65-46bb-82a6-4442277b52f2","Name":"asdefgh","Description":"","ProjectId":"d2659447-79dd-4004-bdd8-aebda2f103db","CustomTags":"","CreatedBy":"579816e4-6653-4794-b435-a885f32e28d7","ModifiedBy":"579816e4-6653-4794-b435-a885f32e28d7","System":"","FacadeInclination":0,"OpeningType":4,"OpeningDirection":1,"OpeningWidth":1000,"VentOuterWidth":1342,"VentOuterHeight":1480,"VentWeight":0,"CalculateWeightWithGlass":false,"RequiredOpeningStroke":400,"WindLoad":120,"SnowLoad":0,"IsWindowOpeningCalculationByAngle":1,"GlassThickness":14,"ProfileWeightPerSerialMeter":2.5,"DrivePosition":2,"InstallationPosition":0,"LockingMechanism":1,"Voltage":1,"DriveType":3,"TypeOfInstallation":2,"GeometricArea":0,"CalcVentilation":1,"SpecificExhaustDimension":45,"BuildingDepth":90,"CalculationTypeForVentilation":1,"HeightOfProfile":0,"HeightProfileRectangleAngle1":0,"HeightProfileRectangleAngle2":0,"RevealDepth":0,"RevealDepthRectangleAngle1":0,"RevealDepthRectangleAngle2":0,"ChainLengthConnectingRodHandle":5,"ApplicationName":2,"OpeningAngle":29,"WeightIncGlassOrThickness":false,"AkippOrAtilt":0,"AdrehOrAturn":0,"Ageo":0,"MinPullingForceMax":0,"MinPushingForceMax":0,"MinPullingForcePermanent":0,"MinPushingForcePermanent":0,"ForceWithNegativeWind":0}

12:16:51.584 [main] DEBUG com.intuit.karate - response time in milliseconds: 778
1 < 200
1 < Content-Type: application/json; charset=utf-8
1 < Date: Tue, 19 Nov 2024 06:46:50 GMT
1 < Server: Microsoft-IIS/10.0
1 < X-Powered-By: ASP.NET
1 < Content-Length: 2053
1 < Connection: keep-alive
{
  "ProjectId": "d2659447-79dd-4004-bdd8-aebda2f103db",
  "Name": "asdefgh",
  "Description": "",
  "CustomTags": "",
  "ApplicationName": 2,
  "OpeningType": 4,
  "OpeningDirection": 1,
  "CalculateWeightWithGlass": false,
  "WindLoad": 120,
  "IsWindowOpeningCalculationByAngle": 1,
  "VentOuterWidth": 1342,
  "VentOuterHeight": 1480,
  "WeightIncGlassOrThickness": false,
  "VentWeight": 84,
  "VentWeightExact": 83.62559999999999,
  "GlassThickness": 14,
  "ProfileWeightPerSerialMeter": 2.5,
  "FacadeInclination": 0,
  "ChainLengthConnectingRodHandle": 5,
  "ChainLenghtConnectingRodHandle": 0,
  "RequiredOpeningStroke": 400,
  "OpeningWidth": 1000,
  "OpeningAngle": 15.532868337024489,
  "SpecificExhaustDimension": 45,
  "BuildingDepth": 90,
  "SnowLoad": 0,
  "DistanceHinge": 0,
  "RatedCurrent": 0,
  "DrivePosition": 2,
  "LockingMechanism": 1,
  "Voltage": 1,
  "DriveType": 3,
  "TypeOfInstallation": 2,
  "GeometricArea": 0,
  "CalculationTypeForVentilation": 1,
  "HeightOfProfile": 0,
  "Reveal": 0,
  "RevealDepth": 0,
  "HeightProfileRectangleAngle1": 0,
  "HeightProfileRectangleAngle2": 0,
  "RevealDepthRectangleAngle1": 0,
  "RevealDepthRectangleAngle2": 0,
  "RevealDepthRectangleAngle12": 0,
  "InstallationPosition": 0,
  "RecommendedDriveArticleNo": 0,
  "System": "",
  "AkippOrAtilt": 1.1288,
  "AdrehOrAturn": 1.98616,
  "Ageo": 1.1288,
  "MinPullingForceMax": 415.2112673629173,
  "MinPushingForceMax": 418.12799999999993,
  "MinPullingForcePermanent": 418.12799999999993,
  "MinPushingForcePermanent": 418.12799999999993,
  "ForceWithNegativeWind": 418.12799999999993,
  "ForceWithNoWindMin": 406.58625068019194,
  "ForceWithNegativeWindMin": 402.27374233882927,
  "ForceWithWindMin": 415.2112673629173,
  "Id": "8b11d2e1-fe65-46bb-82a6-4442277b52f2",
  "CreatedOn": "0001-01-01T00:00:00",
  "CreatedBy": "579816e4-6653-4794-b435-a885f32e28d7",
  "ModifiedOn": "2024-11-19T06:46:51.4775564+00:00",
  "ModifiedBy": "579816e4-6653-4794-b435-a885f32e28d7"
}

12:16:51.590 [main] INFO  com.intuit.karate - Rounded Opening Angle: 16 
12:16:51.594 [main] INFO  com.intuit.karate - Rounded Ageo: 1.13 
12:16:51.595 [main] INFO  com.intuit.karate - Rounded Required Opening Stroke: 400 
12:16:51.597 [main] INFO  com.intuit.karate - Rounded Vent Weight: 84 
12:16:51.622 [main] INFO  com.intuit.karate - karate.env system property was: null 
12:16:51.628 [main] INFO  com.intuit.karate - Running test for dataset:  Dataset5 
12:16:51.632 [main] DEBUG com.intuit.karate - request:
1 > PUT https://dev-drivetec-apis.schuecodigitalsolutions.com/Configurations
1 > Content-Type: application/json; charset=UTF-8
1 > Content-Length: 1259
1 > Host: dev-drivetec-apis.schuecodigitalsolutions.com
1 > Connection: Keep-Alive
1 > User-Agent: Apache-HttpClient/4.5.14 (Java/17.0.12)
1 > Accept-Encoding: gzip,deflate
{"Id":"8b11d2e1-fe65-46bb-82a6-4442277b52f2","Name":"asdefgh","Description":"","ProjectId":"d2659447-79dd-4004-bdd8-aebda2f103db","CustomTags":"","CreatedBy":"579816e4-6653-4794-b435-a885f32e28d7","ModifiedBy":"579816e4-6653-4794-b435-a885f32e28d7","System":"","FacadeInclination":0,"OpeningType":4,"OpeningDirection":1,"OpeningWidth":1000,"VentOuterWidth":1341,"VentOuterHeight":1480,"VentWeight":0,"CalculateWeightWithGlass":false,"RequiredOpeningStroke":400,"WindLoad":120,"SnowLoad":0,"IsWindowOpeningCalculationByAngle":1,"GlassThickness":14,"ProfileWeightPerSerialMeter":2.5,"DrivePosition":2,"InstallationPosition":0,"LockingMechanism":1,"Voltage":1,"DriveType":3,"TypeOfInstallation":2,"GeometricArea":0,"CalcVentilation":1,"SpecificExhaustDimension":45,"BuildingDepth":90,"CalculationTypeForVentilation":1,"HeightOfProfile":0,"HeightProfileRectangleAngle1":0,"HeightProfileRectangleAngle2":0,"RevealDepth":0,"RevealDepthRectangleAngle1":0,"RevealDepthRectangleAngle2":0,"ChainLengthConnectingRodHandle":5,"ApplicationName":2,"OpeningAngle":29,"WeightIncGlassOrThickness":false,"AkippOrAtilt":0,"AdrehOrAturn":0,"Ageo":0,"MinPullingForceMax":0,"MinPushingForceMax":0,"MinPullingForcePermanent":0,"MinPushingForcePermanent":0,"ForceWithNegativeWind":0}

12:16:52.368 [main] DEBUG com.intuit.karate - response time in milliseconds: 735
1 < 200
1 < Content-Type: application/json; charset=utf-8
1 < Date: Tue, 19 Nov 2024 06:46:52 GMT
1 < Server: Microsoft-IIS/10.0
1 < X-Powered-By: ASP.NET
1 < Content-Length: 2000
1 < Connection: keep-alive
{
  "ProjectId": "d2659447-79dd-4004-bdd8-aebda2f103db",
  "Name": "asdefgh",
  "Description": "",
  "CustomTags": "",
  "ApplicationName": 2,
  "OpeningType": 4,
  "OpeningDirection": 1,
  "CalculateWeightWithGlass": false,
  "WindLoad": 120,
  "IsWindowOpeningCalculationByAngle": 1,
  "VentOuterWidth": 1341,
  "VentOuterHeight": 1480,
  "WeightIncGlassOrThickness": false,
  "VentWeight": 84,
  "VentWeightExact": 83.5688,
  "GlassThickness": 14,
  "ProfileWeightPerSerialMeter": 2.5,
  "FacadeInclination": 0,
  "ChainLengthConnectingRodHandle": 5,
  "ChainLenghtConnectingRodHandle": 0,
  "RequiredOpeningStroke": 400,
  "OpeningWidth": 1000,
  "OpeningAngle": 15.532868337024489,
  "SpecificExhaustDimension": 45,
  "BuildingDepth": 90,
  "SnowLoad": 0,
  "DistanceHinge": 0,
  "RatedCurrent": 0,
  "DrivePosition": 2,
  "LockingMechanism": 1,
  "Voltage": 1,
  "DriveType": 3,
  "TypeOfInstallation": 2,
  "GeometricArea": 0,
  "CalculationTypeForVentilation": 1,
  "HeightOfProfile": 0,
  "Reveal": 0,
  "RevealDepth": 0,
  "HeightProfileRectangleAngle1": 0,
  "HeightProfileRectangleAngle2": 0,
  "RevealDepthRectangleAngle1": 0,
  "RevealDepthRectangleAngle2": 0,
  "RevealDepthRectangleAngle12": 0,
  "InstallationPosition": 0,
  "RecommendedDriveArticleNo": 0,
  "System": "",
  "AkippOrAtilt": 1.1284,
  "AdrehOrAturn": 1.98468,
  "Ageo": 1.1284,
  "MinPullingForceMax": 414.92867973794705,
  "MinPushingForceMax": 417.844,
  "MinPullingForcePermanent": 417.844,
  "MinPushingForcePermanent": 417.844,
  "ForceWithNegativeWind": 417.844,
  "ForceWithNoWindMin": 406.3100900423176,
  "ForceWithNegativeWindMin": 402.00079519450287,
  "ForceWithWindMin": 414.92867973794705,
  "Id": "8b11d2e1-fe65-46bb-82a6-4442277b52f2",
  "CreatedOn": "0001-01-01T00:00:00",
  "CreatedBy": "579816e4-6653-4794-b435-a885f32e28d7",
  "ModifiedOn": "2024-11-19T06:46:52.2830432+00:00",
  "ModifiedBy": "579816e4-6653-4794-b435-a885f32e28d7"
}

12:16:52.373 [main] INFO  com.intuit.karate - Rounded Opening Angle: 16 
12:16:52.374 [main] INFO  com.intuit.karate - Rounded Ageo: 1.13 
12:16:52.375 [main] INFO  com.intuit.karate - Rounded Required Opening Stroke: 400 
12:16:52.375 [main] INFO  com.intuit.karate - Rounded Vent Weight: 84 
12:16:52.388 [main] INFO  com.intuit.karate - karate.env system property was: null 
12:16:52.391 [main] INFO  com.intuit.karate - Running test for dataset:  Dataset6 
12:16:52.396 [main] DEBUG com.intuit.karate - request:
1 > PUT https://dev-drivetec-apis.schuecodigitalsolutions.com/Configurations
1 > Content-Type: application/json; charset=UTF-8
1 > Content-Length: 1267
1 > Host: dev-drivetec-apis.schuecodigitalsolutions.com
1 > Connection: Keep-Alive
1 > User-Agent: Apache-HttpClient/4.5.14 (Java/17.0.12)
1 > Accept-Encoding: gzip,deflate
{"Id":"8b11d2e1-fe65-46bb-82a6-4442277b52f2","Name":"asdefgh","Description":"","ProjectId":"d2659447-79dd-4004-bdd8-aebda2f103db","CustomTags":"","CreatedBy":"579816e4-6653-4794-b435-a885f32e28d7","ModifiedBy":"579816e4-6653-4794-b435-a885f32e28d7","System":"","FacadeInclination":0,"OpeningType":1,"OpeningDirection":1,"OpeningWidth":1000,"VentOuterWidth":2500,"VentOuterHeight":800,"VentWeight":0,"CalculateWeightWithGlass":false,"RequiredOpeningStroke":747,"WindLoad":120,"SnowLoad":0,"IsWindowOpeningCalculationByAngle":2,"GlassThickness":14,"ProfileWeightPerSerialMeter":2.5,"DrivePosition":1,"InstallationPosition":0,"LockingMechanism":1,"Voltage":1,"DriveType":1,"TypeOfInstallation":2,"GeometricArea":0,"CalcVentilation":1,"SpecificExhaustDimension":45,"BuildingDepth":90,"CalculationTypeForVentilation":1,"HeightOfProfile":30,"HeightProfileRectangleAngle1":35,"HeightProfileRectangleAngle2":2,"RevealDepth":200,"RevealDepthRectangleAngle1":150,"RevealDepthRectangleAngle2":1000,"ChainLengthConnectingRodHandle":5,"ApplicationName":1,"OpeningAngle":10,"WeightIncGlassOrThickness":false,"AkippOrAtilt":0,"AdrehOrAturn":0,"Ageo":0,"MinPullingForceMax":0,"MinPushingForceMax":0,"MinPullingForcePermanent":0,"MinPushingForcePermanent":0,"ForceWithNegativeWind":0}

12:16:53.222 [main] DEBUG com.intuit.karate - response time in milliseconds: 823
1 < 200
1 < Content-Type: application/json; charset=utf-8
1 < Date: Tue, 19 Nov 2024 06:46:52 GMT
1 < Server: Microsoft-IIS/10.0
1 < X-Powered-By: ASP.NET
1 < Content-Length: 2066
1 < Connection: keep-alive
{
  "ProjectId": "d2659447-79dd-4004-bdd8-aebda2f103db",
  "Name": "asdefgh",
  "Description": "",
  "CustomTags": "",
  "ApplicationName": 1,
  "OpeningType": 1,
  "OpeningDirection": 1,
  "CalculateWeightWithGlass": false,
  "WindLoad": 120,
  "IsWindowOpeningCalculationByAngle": 2,
  "VentOuterWidth": 2500,
  "VentOuterHeight": 800,
  "WeightIncGlassOrThickness": false,
  "VentWeight": 87,
  "VentWeightExact": 86.5,
  "GlassThickness": 14,
  "ProfileWeightPerSerialMeter": 2.5,
  "FacadeInclination": 0,
  "ChainLengthConnectingRodHandle": 5,
  "ChainLenghtConnectingRodHandle": 0,
  "RequiredOpeningStroke": 139.44918839625308,
  "OpeningWidth": 1000,
  "OpeningAngle": 10,
  "SpecificExhaustDimension": 45,
  "BuildingDepth": 90,
  "SnowLoad": 0,
  "DistanceHinge": 0,
  "RatedCurrent": 0,
  "DrivePosition": 1,
  "LockingMechanism": 1,
  "Voltage": 1,
  "DriveType": 1,
  "TypeOfInstallation": 2,
  "GeometricArea": 0,
  "CalculationTypeForVentilation": 1,
  "HeightOfProfile": 30,
  "Reveal": 0,
  "RevealDepth": 200,
  "HeightProfileRectangleAngle1": 35,
  "HeightProfileRectangleAngle2": 2,
  "RevealDepthRectangleAngle1": 150,
  "RevealDepthRectangleAngle2": 1000,
  "RevealDepthRectangleAngle12": 0,
  "InstallationPosition": 0,
  "RecommendedDriveArticleNo": 0,
  "System": "",
  "AkippOrAtilt": 0.4601823217076351,
  "AdrehOrAturn": 2,
  "Ageo": 0.4601823217076351,
  "MinPullingForceMax": -119.65551260126024,
  "MinPushingForceMax": -192.18101971296795,
  "MinPullingForcePermanent": -75.3470327340791,
  "MinPushingForcePermanent": -75.3470327340791,
  "ForceWithNegativeWind": 120.3443352060445,
  "ForceWithNoWindMin": 0.3444113023921364,
  "ForceWithNegativeWindMin": 41.48695424480975,
  "ForceWithWindMin": -119.65551260126024,
  "Id": "8b11d2e1-fe65-46bb-82a6-4442277b52f2",
  "CreatedOn": "0001-01-01T00:00:00",
  "CreatedBy": "579816e4-6653-4794-b435-a885f32e28d7",
  "ModifiedOn": "2024-11-19T06:46:53.1068852+00:00",
  "ModifiedBy": "579816e4-6653-4794-b435-a885f32e28d7"
}

12:16:53.225 [main] INFO  com.intuit.karate - Rounded Opening Angle: 10 
12:16:53.226 [main] INFO  com.intuit.karate - Rounded Ageo: 0.46 
12:16:53.227 [main] INFO  com.intuit.karate - Rounded Required Opening Stroke: 139 
12:16:53.227 [main] INFO  com.intuit.karate - Rounded Vent Weight: 87 
12:16:53.241 [main] INFO  com.intuit.karate - karate.env system property was: null 
12:16:53.245 [main] INFO  com.intuit.karate - Running test for dataset:  Dataset7 
12:16:53.263 [main] DEBUG com.intuit.karate - request:
1 > PUT https://dev-drivetec-apis.schuecodigitalsolutions.com/Configurations
1 > Content-Type: application/json; charset=UTF-8
1 > Content-Length: 1258
1 > Host: dev-drivetec-apis.schuecodigitalsolutions.com
1 > Connection: Keep-Alive
1 > User-Agent: Apache-HttpClient/4.5.14 (Java/17.0.12)
1 > Accept-Encoding: gzip,deflate
{"Id":"8b11d2e1-fe65-46bb-82a6-4442277b52f2","Name":"asdefgh","Description":"","ProjectId":"d2659447-79dd-4004-bdd8-aebda2f103db","CustomTags":"","CreatedBy":"579816e4-6653-4794-b435-a885f32e28d7","ModifiedBy":"579816e4-6653-4794-b435-a885f32e28d7","System":"","FacadeInclination":10,"OpeningType":1,"OpeningDirection":1,"OpeningWidth":1000,"VentOuterWidth":1650,"VentOuterHeight":1500,"VentWeight":0,"CalculateWeightWithGlass":false,"RequiredOpeningStroke":1,"WindLoad":120,"SnowLoad":0,"IsWindowOpeningCalculationByAngle":1,"GlassThickness":14,"ProfileWeightPerSerialMeter":2.5,"DrivePosition":1,"InstallationPosition":0,"LockingMechanism":1,"Voltage":1,"DriveType":1,"TypeOfInstallation":2,"GeometricArea":0,"CalcVentilation":1,"SpecificExhaustDimension":30,"BuildingDepth":75,"CalculationTypeForVentilation":1,"HeightOfProfile":0,"HeightProfileRectangleAngle1":0,"HeightProfileRectangleAngle2":0,"RevealDepth":0,"RevealDepthRectangleAngle1":0,"RevealDepthRectangleAngle2":0,"ChainLengthConnectingRodHandle":5,"ApplicationName":1,"OpeningAngle":10,"WeightIncGlassOrThickness":false,"AkippOrAtilt":0,"AdrehOrAturn":0,"Ageo":0,"MinPullingForceMax":0,"MinPushingForceMax":0,"MinPullingForcePermanent":0,"MinPushingForcePermanent":0,"ForceWithNegativeWind":0}

12:16:53.968 [main] DEBUG com.intuit.karate - response time in milliseconds: 702
1 < 200
1 < Content-Type: application/json; charset=utf-8
1 < Date: Tue, 19 Nov 2024 06:46:53 GMT
1 < Server: Microsoft-IIS/10.0
1 < X-Powered-By: ASP.NET
1 < Content-Length: 2042
1 < Connection: keep-alive
{
  "ProjectId": "d2659447-79dd-4004-bdd8-aebda2f103db",
  "Name": "asdefgh",
  "Description": "",
  "CustomTags": "",
  "ApplicationName": 1,
  "OpeningType": 1,
  "OpeningDirection": 1,
  "CalculateWeightWithGlass": false,
  "WindLoad": 120,
  "IsWindowOpeningCalculationByAngle": 1,
  "VentOuterWidth": 1650,
  "VentOuterHeight": 1500,
  "WeightIncGlassOrThickness": false,
  "VentWeight": 102,
  "VentWeightExact": 102.375,
  "GlassThickness": 14,
  "ProfileWeightPerSerialMeter": 2.5,
  "FacadeInclination": 10,
  "ChainLengthConnectingRodHandle": 5,
  "ChainLenghtConnectingRodHandle": 0,
  "RequiredOpeningStroke": 1,
  "OpeningWidth": 1000,
  "OpeningAngle": 0.03819718704941021,
  "SpecificExhaustDimension": 30,
  "BuildingDepth": 75,
  "SnowLoad": 0,
  "DistanceHinge": 0,
  "RatedCurrent": 0,
  "DrivePosition": 1,
  "LockingMechanism": 1,
  "Voltage": 1,
  "DriveType": 1,
  "TypeOfInstallation": 2,
  "GeometricArea": 0,
  "CalculationTypeForVentilation": 1,
  "HeightOfProfile": 0,
  "Reveal": 0,
  "RevealDepth": 0,
  "HeightProfileRectangleAngle1": 0,
  "HeightProfileRectangleAngle2": 0,
  "RevealDepthRectangleAngle1": 0,
  "RevealDepthRectangleAngle2": 0,
  "RevealDepthRectangleAngle12": 0,
  "InstallationPosition": 0,
  "RecommendedDriveArticleNo": 0,
  "System": "",
  "AkippOrAtilt": 0.00315,
  "AdrehOrAturn": 2.475,
  "Ageo": 0.00315,
  "MinPullingForceMax": -54.74319294289617,
  "MinPushingForceMax": -55.113169098532424,
  "MinPullingForcePermanent": 89.2429627501381,
  "MinPushingForcePermanent": 89.2429627501381,
  "ForceWithNegativeWind": 233.22911844317238,
  "ForceWithNoWindMin": 88.90692425992826,
  "ForceWithNegativeWindMin": 232.92701761838896,
  "ForceWithWindMin": -54.74319294289617,
  "Id": "8b11d2e1-fe65-46bb-82a6-4442277b52f2",
  "CreatedOn": "0001-01-01T00:00:00",
  "CreatedBy": "579816e4-6653-4794-b435-a885f32e28d7",
  "ModifiedOn": "2024-11-19T06:46:53.8899742+00:00",
  "ModifiedBy": "579816e4-6653-4794-b435-a885f32e28d7"
}

12:16:53.983 [main] INFO  com.intuit.karate - Rounded Opening Angle: 0 
12:16:53.986 [main] INFO  com.intuit.karate - Rounded Ageo: 0 
12:16:53.989 [main] INFO  com.intuit.karate - Rounded Required Opening Stroke: 1.0 
12:16:53.991 [main] INFO  com.intuit.karate - Rounded Vent Weight: 102 
12:16:54.007 [main] INFO  com.intuit.karate - karate.env system property was: null 
12:16:54.012 [main] INFO  com.intuit.karate - Running test for dataset:  Dataset8 
12:16:54.016 [main] DEBUG com.intuit.karate - request:
1 > PUT https://dev-drivetec-apis.schuecodigitalsolutions.com/Configurations
1 > Content-Type: application/json; charset=UTF-8
1 > Content-Length: 1264
1 > Host: dev-drivetec-apis.schuecodigitalsolutions.com
1 > Connection: Keep-Alive
1 > User-Agent: Apache-HttpClient/4.5.14 (Java/17.0.12)
1 > Accept-Encoding: gzip,deflate
{"Id":"8b11d2e1-fe65-46bb-82a6-4442277b52f2","Name":"asdefgh","Description":"","ProjectId":"d2659447-79dd-4004-bdd8-aebda2f103db","CustomTags":"","CreatedBy":"579816e4-6653-4794-b435-a885f32e28d7","ModifiedBy":"579816e4-6653-4794-b435-a885f32e28d7","System":"","FacadeInclination":1,"OpeningType":2,"OpeningDirection":2,"OpeningWidth":1000,"VentOuterWidth":1230,"VentOuterHeight":1480,"VentWeight":0,"CalculateWeightWithGlass":false,"RequiredOpeningStroke":800,"WindLoad":120,"SnowLoad":0,"IsWindowOpeningCalculationByAngle":1,"GlassThickness":14,"ProfileWeightPerSerialMeter":2.5,"DrivePosition":1,"InstallationPosition":0,"LockingMechanism":1,"Voltage":1,"DriveType":1,"TypeOfInstallation":2,"GeometricArea":0,"CalcVentilation":2,"SpecificExhaustDimension":35,"BuildingDepth":65,"CalculationTypeForVentilation":2,"HeightOfProfile":200,"HeightProfileRectangleAngle1":0,"HeightProfileRectangleAngle2":0,"RevealDepth":1000,"RevealDepthRectangleAngle1":0,"RevealDepthRectangleAngle2":0,"ChainLengthConnectingRodHandle":5,"ApplicationName":1,"OpeningAngle":10,"WeightIncGlassOrThickness":false,"AkippOrAtilt":0,"AdrehOrAturn":0,"Ageo":0,"MinPullingForceMax":0,"MinPushingForceMax":0,"MinPullingForcePermanent":0,"MinPushingForcePermanent":0,"ForceWithNegativeWind":0}

12:16:54.684 [main] DEBUG com.intuit.karate - response time in milliseconds: 667
1 < 200
1 < Content-Type: application/json; charset=utf-8
1 < Date: Tue, 19 Nov 2024 06:46:53 GMT
1 < Server: Microsoft-IIS/10.0
1 < X-Powered-By: ASP.NET
1 < Content-Length: 2065
1 < Connection: keep-alive
{
  "ProjectId": "d2659447-79dd-4004-bdd8-aebda2f103db",
  "Name": "asdefgh",
  "Description": "",
  "CustomTags": "",
  "ApplicationName": 1,
  "OpeningType": 2,
  "OpeningDirection": 2,
  "CalculateWeightWithGlass": false,
  "WindLoad": 120,
  "IsWindowOpeningCalculationByAngle": 1,
  "VentOuterWidth": 1230,
  "VentOuterHeight": 1480,
  "WeightIncGlassOrThickness": false,
  "VentWeight": 77,
  "VentWeightExact": 77.26400000000001,
  "GlassThickness": 14,
  "ProfileWeightPerSerialMeter": 2.5,
  "FacadeInclination": 1,
  "ChainLengthConnectingRodHandle": 5,
  "ChainLenghtConnectingRodHandle": 0,
  "RequiredOpeningStroke": 800,
  "OpeningWidth": 1000,
  "OpeningAngle": 31.36070026967848,
  "SpecificExhaustDimension": 35,
  "BuildingDepth": 65,
  "SnowLoad": 0,
  "DistanceHinge": 0,
  "RatedCurrent": 0,
  "DrivePosition": 1,
  "LockingMechanism": 1,
  "Voltage": 1,
  "DriveType": 1,
  "TypeOfInstallation": 2,
  "GeometricArea": 0,
  "CalculationTypeForVentilation": 2,
  "HeightOfProfile": 200,
  "Reveal": 0,
  "RevealDepth": 1000,
  "HeightProfileRectangleAngle1": 0,
  "HeightProfileRectangleAngle2": 0,
  "RevealDepthRectangleAngle1": 0,
  "RevealDepthRectangleAngle2": 0,
  "RevealDepthRectangleAngle12": 0,
  "InstallationPosition": 0,
  "RecommendedDriveArticleNo": 0,
  "System": "",
  "AkippOrAtilt": 2.168,
  "AdrehOrAturn": 1.8204,
  "Ageo": 1.0198356046171009,
  "MinPullingForceMax": 102.76252657013067,
  "MinPushingForceMax": 287.4727665962924,
  "MinPullingForcePermanent": 203.0887530734928,
  "MinPushingForcePermanent": 203.0887530734928,
  "ForceWithNegativeWind": 118.7047395506932,
  "ForceWithNoWindMin": -6.431203722221201,
  "ForceWithNegativeWindMin": -115.62493401457307,
  "ForceWithWindMin": 102.76252657013067,
  "Id": "8b11d2e1-fe65-46bb-82a6-4442277b52f2",
  "CreatedOn": "0001-01-01T00:00:00",
  "CreatedBy": "579816e4-6653-4794-b435-a885f32e28d7",
  "ModifiedOn": "2024-11-19T06:46:54.599166+00:00",
  "ModifiedBy": "579816e4-6653-4794-b435-a885f32e28d7"
}

12:16:54.693 [main] INFO  com.intuit.karate - Rounded Opening Angle: 31 
12:16:54.695 [main] INFO  com.intuit.karate - Rounded Ageo: 1.02 
12:16:54.698 [main] INFO  com.intuit.karate - Rounded Required Opening Stroke: 800.0 
12:16:54.700 [main] INFO  com.intuit.karate - Rounded Vent Weight: 77 
12:16:54.715 [main] INFO  com.intuit.karate - karate.env system property was: null 
12:16:54.718 [main] INFO  com.intuit.karate - Running test for dataset:  Dataset9 
12:16:54.722 [main] DEBUG com.intuit.karate - request:
1 > PUT https://dev-drivetec-apis.schuecodigitalsolutions.com/Configurations
1 > Content-Type: application/json; charset=UTF-8
1 > Content-Length: 1264
1 > Host: dev-drivetec-apis.schuecodigitalsolutions.com
1 > Connection: Keep-Alive
1 > User-Agent: Apache-HttpClient/4.5.14 (Java/17.0.12)
1 > Accept-Encoding: gzip,deflate
{"Id":"8b11d2e1-fe65-46bb-82a6-4442277b52f2","Name":"asdefgh","Description":"","ProjectId":"d2659447-79dd-4004-bdd8-aebda2f103db","CustomTags":"","CreatedBy":"579816e4-6653-4794-b435-a885f32e28d7","ModifiedBy":"579816e4-6653-4794-b435-a885f32e28d7","System":"","FacadeInclination":2,"OpeningType":2,"OpeningDirection":2,"OpeningWidth":1000,"VentOuterWidth":1230,"VentOuterHeight":1480,"VentWeight":0,"CalculateWeightWithGlass":false,"RequiredOpeningStroke":800,"WindLoad":120,"SnowLoad":0,"IsWindowOpeningCalculationByAngle":1,"GlassThickness":14,"ProfileWeightPerSerialMeter":2.5,"DrivePosition":1,"InstallationPosition":0,"LockingMechanism":1,"Voltage":1,"DriveType":1,"TypeOfInstallation":2,"GeometricArea":0,"CalcVentilation":2,"SpecificExhaustDimension":35,"BuildingDepth":65,"CalculationTypeForVentilation":2,"HeightOfProfile":200,"HeightProfileRectangleAngle1":0,"HeightProfileRectangleAngle2":0,"RevealDepth":1000,"RevealDepthRectangleAngle1":0,"RevealDepthRectangleAngle2":0,"ChainLengthConnectingRodHandle":5,"ApplicationName":1,"OpeningAngle":10,"WeightIncGlassOrThickness":false,"AkippOrAtilt":0,"AdrehOrAturn":0,"Ageo":0,"MinPullingForceMax":0,"MinPushingForceMax":0,"MinPullingForcePermanent":0,"MinPushingForcePermanent":0,"ForceWithNegativeWind":0}

12:16:55.582 [main] DEBUG com.intuit.karate - response time in milliseconds: 857
1 < 200
1 < Content-Type: application/json; charset=utf-8
1 < Date: Tue, 19 Nov 2024 06:46:55 GMT
1 < Server: Microsoft-IIS/10.0
1 < X-Powered-By: ASP.NET
1 < Content-Length: 2068
1 < Connection: keep-alive
{
  "ProjectId": "d2659447-79dd-4004-bdd8-aebda2f103db",
  "Name": "asdefgh",
  "Description": "",
  "CustomTags": "",
  "ApplicationName": 1,
  "OpeningType": 2,
  "OpeningDirection": 2,
  "CalculateWeightWithGlass": false,
  "WindLoad": 120,
  "IsWindowOpeningCalculationByAngle": 1,
  "VentOuterWidth": 1230,
  "VentOuterHeight": 1480,
  "WeightIncGlassOrThickness": false,
  "VentWeight": 77,
  "VentWeightExact": 77.26400000000001,
  "GlassThickness": 14,
  "ProfileWeightPerSerialMeter": 2.5,
  "FacadeInclination": 2,
  "ChainLengthConnectingRodHandle": 5,
  "ChainLenghtConnectingRodHandle": 0,
  "RequiredOpeningStroke": 800,
  "OpeningWidth": 1000,
  "OpeningAngle": 31.36070026967848,
  "SpecificExhaustDimension": 35,
  "BuildingDepth": 65,
  "SnowLoad": 0,
  "DistanceHinge": 0,
  "RatedCurrent": 0,
  "DrivePosition": 1,
  "LockingMechanism": 1,
  "Voltage": 1,
  "DriveType": 1,
  "TypeOfInstallation": 2,
  "GeometricArea": 0,
  "CalculationTypeForVentilation": 2,
  "HeightOfProfile": 200,
  "Reveal": 0,
  "RevealDepth": 1000,
  "HeightProfileRectangleAngle1": 0,
  "HeightProfileRectangleAngle2": 0,
  "RevealDepthRectangleAngle1": 0,
  "RevealDepthRectangleAngle2": 0,
  "RevealDepthRectangleAngle12": 0,
  "InstallationPosition": 0,
  "RecommendedDriveArticleNo": 0,
  "System": "",
  "AkippOrAtilt": 2.168,
  "AdrehOrAturn": 1.8204,
  "Ageo": 1.0198356046171009,
  "MinPullingForceMax": 95.92901045964452,
  "MinPushingForceMax": 283.1158769823155,
  "MinPullingForcePermanent": 197.02130284355349,
  "MinPushingForcePermanent": 197.02130284355349,
  "ForceWithNegativeWind": -122.26518517582623,
  "ForceWithNoWindMin": -13.168087358090862,
  "ForceWithNegativeWindMin": 110.92672870479146,
  "ForceWithWindMin": 95.92901045964452,
  "Id": "8b11d2e1-fe65-46bb-82a6-4442277b52f2",
  "CreatedOn": "0001-01-01T00:00:00",
  "CreatedBy": "579816e4-6653-4794-b435-a885f32e28d7",
  "ModifiedOn": "2024-11-19T06:46:55.4152705+00:00",
  "ModifiedBy": "579816e4-6653-4794-b435-a885f32e28d7"
}

12:16:55.587 [main] INFO  com.intuit.karate - Rounded Opening Angle: 31 
12:16:55.588 [main] INFO  com.intuit.karate - Rounded Ageo: 1.02 
12:16:55.590 [main] INFO  com.intuit.karate - Rounded Required Opening Stroke: 800.0 
12:16:55.590 [main] INFO  com.intuit.karate - Rounded Vent Weight: 77 
12:16:55.602 [main] INFO  com.intuit.karate - karate.env system property was: null 
12:16:55.605 [main] INFO  com.intuit.karate - Running test for dataset:  Dataset10 
12:16:55.608 [main] DEBUG com.intuit.karate - request:
1 > PUT https://dev-drivetec-apis.schuecodigitalsolutions.com/Configurations
1 > Content-Type: application/json; charset=UTF-8
1 > Content-Length: 1265
1 > Host: dev-drivetec-apis.schuecodigitalsolutions.com
1 > Connection: Keep-Alive
1 > User-Agent: Apache-HttpClient/4.5.14 (Java/17.0.12)
1 > Accept-Encoding: gzip,deflate
{"Id":"8b11d2e1-fe65-46bb-82a6-4442277b52f2","Name":"asdefgh","Description":"","ProjectId":"d2659447-79dd-4004-bdd8-aebda2f103db","CustomTags":"","CreatedBy":"579816e4-6653-4794-b435-a885f32e28d7","ModifiedBy":"579816e4-6653-4794-b435-a885f32e28d7","System":"","FacadeInclination":40,"OpeningType":2,"OpeningDirection":2,"OpeningWidth":1000,"VentOuterWidth":1230,"VentOuterHeight":1480,"VentWeight":0,"CalculateWeightWithGlass":false,"RequiredOpeningStroke":800,"WindLoad":120,"SnowLoad":0,"IsWindowOpeningCalculationByAngle":1,"GlassThickness":14,"ProfileWeightPerSerialMeter":2.5,"DrivePosition":1,"InstallationPosition":0,"LockingMechanism":1,"Voltage":1,"DriveType":1,"TypeOfInstallation":2,"GeometricArea":0,"CalcVentilation":2,"SpecificExhaustDimension":35,"BuildingDepth":65,"CalculationTypeForVentilation":2,"HeightOfProfile":200,"HeightProfileRectangleAngle1":0,"HeightProfileRectangleAngle2":0,"RevealDepth":1000,"RevealDepthRectangleAngle1":0,"RevealDepthRectangleAngle2":0,"ChainLengthConnectingRodHandle":5,"ApplicationName":1,"OpeningAngle":10,"WeightIncGlassOrThickness":false,"AkippOrAtilt":0,"AdrehOrAturn":0,"Ageo":0,"MinPullingForceMax":0,"MinPushingForceMax":0,"MinPullingForcePermanent":0,"MinPushingForcePermanent":0,"ForceWithNegativeWind":0}

12:16:56.315 [main] DEBUG com.intuit.karate - response time in milliseconds: 706
1 < 200
1 < Content-Type: application/json; charset=utf-8
1 < Date: Tue, 19 Nov 2024 06:46:55 GMT
1 < Server: Microsoft-IIS/10.0
1 < X-Powered-By: ASP.NET
1 < Content-Length: 2075
1 < Connection: keep-alive
{
  "ProjectId": "d2659447-79dd-4004-bdd8-aebda2f103db",
  "Name": "asdefgh",
  "Description": "",
  "CustomTags": "",
  "ApplicationName": 1,
  "OpeningType": 2,
  "OpeningDirection": 2,
  "CalculateWeightWithGlass": false,
  "WindLoad": 120,
  "IsWindowOpeningCalculationByAngle": 1,
  "VentOuterWidth": 1230,
  "VentOuterHeight": 1480,
  "WeightIncGlassOrThickness": false,
  "VentWeight": 77,
  "VentWeightExact": 77.26400000000001,
  "GlassThickness": 14,
  "ProfileWeightPerSerialMeter": 2.5,
  "FacadeInclination": 40,
  "ChainLengthConnectingRodHandle": 5,
  "ChainLenghtConnectingRodHandle": 0,
  "RequiredOpeningStroke": 800,
  "OpeningWidth": 1000,
  "OpeningAngle": 31.36070026967848,
  "SpecificExhaustDimension": 35,
  "BuildingDepth": 65,
  "SnowLoad": 0,
  "DistanceHinge": 0,
  "RatedCurrent": 0,
  "DrivePosition": 1,
  "LockingMechanism": 1,
  "Voltage": 1,
  "DriveType": 1,
  "TypeOfInstallation": 2,
  "GeometricArea": 0,
  "CalculationTypeForVentilation": 2,
  "HeightOfProfile": 200,
  "Reveal": 0,
  "RevealDepth": 1000,
  "HeightProfileRectangleAngle1": 0,
  "HeightProfileRectangleAngle2": 0,
  "RevealDepthRectangleAngle1": 0,
  "RevealDepthRectangleAngle2": 0,
  "RevealDepthRectangleAngle12": 0,
  "InstallationPosition": 0,
  "RecommendedDriveArticleNo": 0,
  "System": "",
  "AkippOrAtilt": 2.168,
  "AdrehOrAturn": 1.8204,
  "Ageo": 1.0198356046171009,
  "MinPullingForceMax": 51.107507951589845,
  "MinPushingForceMax": -183.76216692764464,
  "MinPullingForcePermanent": -247.98114221267235,
  "MinPushingForcePermanent": -247.98114221267235,
  "ForceWithNegativeWind": -312.20011749770003,
  "ForceWithNoWindMin": -59.81724995636224,
  "ForceWithNegativeWindMin": -170.74200786431433,
  "ForceWithWindMin": 51.107507951589845,
  "Id": "8b11d2e1-fe65-46bb-82a6-4442277b52f2",
  "CreatedOn": "0001-01-01T00:00:00",
  "CreatedBy": "579816e4-6653-4794-b435-a885f32e28d7",
  "ModifiedOn": "2024-11-19T06:46:56.2345613+00:00",
  "ModifiedBy": "579816e4-6653-4794-b435-a885f32e28d7"
}

12:16:56.319 [main] INFO  com.intuit.karate - Rounded Opening Angle: 31 
12:16:56.320 [main] INFO  com.intuit.karate - Rounded Ageo: 1.02 
12:16:56.321 [main] INFO  com.intuit.karate - Rounded Required Opening Stroke: 800.0 
12:16:56.322 [main] INFO  com.intuit.karate - Rounded Vent Weight: 77 
12:16:56.333 [main] INFO  com.intuit.karate - karate.env system property was: null 
12:16:56.337 [main] INFO  com.intuit.karate - Running test for dataset:  Dataset11 
12:16:56.341 [main] DEBUG com.intuit.karate - request:
1 > PUT https://dev-drivetec-apis.schuecodigitalsolutions.com/Configurations
1 > Content-Type: application/json; charset=UTF-8
1 > Content-Length: 1265
1 > Host: dev-drivetec-apis.schuecodigitalsolutions.com
1 > Connection: Keep-Alive
1 > User-Agent: Apache-HttpClient/4.5.14 (Java/17.0.12)
1 > Accept-Encoding: gzip,deflate
{"Id":"8b11d2e1-fe65-46bb-82a6-4442277b52f2","Name":"asdefgh","Description":"","ProjectId":"d2659447-79dd-4004-bdd8-aebda2f103db","CustomTags":"","CreatedBy":"579816e4-6653-4794-b435-a885f32e28d7","ModifiedBy":"579816e4-6653-4794-b435-a885f32e28d7","System":"","FacadeInclination":41,"OpeningType":2,"OpeningDirection":2,"OpeningWidth":1000,"VentOuterWidth":1230,"VentOuterHeight":1480,"VentWeight":0,"CalculateWeightWithGlass":false,"RequiredOpeningStroke":800,"WindLoad":120,"SnowLoad":0,"IsWindowOpeningCalculationByAngle":1,"GlassThickness":14,"ProfileWeightPerSerialMeter":2.5,"DrivePosition":1,"InstallationPosition":0,"LockingMechanism":1,"Voltage":1,"DriveType":1,"TypeOfInstallation":2,"GeometricArea":0,"CalcVentilation":2,"SpecificExhaustDimension":35,"BuildingDepth":65,"CalculationTypeForVentilation":2,"HeightOfProfile":200,"HeightProfileRectangleAngle1":0,"HeightProfileRectangleAngle2":0,"RevealDepth":1000,"RevealDepthRectangleAngle1":0,"RevealDepthRectangleAngle2":0,"ChainLengthConnectingRodHandle":5,"ApplicationName":1,"OpeningAngle":10,"WeightIncGlassOrThickness":false,"AkippOrAtilt":0,"AdrehOrAturn":0,"Ageo":0,"MinPullingForceMax":0,"MinPushingForceMax":0,"MinPullingForcePermanent":0,"MinPushingForcePermanent":0,"ForceWithNegativeWind":0}

12:16:57.090 [main] DEBUG com.intuit.karate - response time in milliseconds: 747
1 < 200
1 < Content-Type: application/json; charset=utf-8
1 < Date: Tue, 19 Nov 2024 06:46:56 GMT
1 < Server: Microsoft-IIS/10.0
1 < X-Powered-By: ASP.NET
1 < Content-Length: 2071
1 < Connection: keep-alive
{
  "ProjectId": "d2659447-79dd-4004-bdd8-aebda2f103db",
  "Name": "asdefgh",
  "Description": "",
  "CustomTags": "",
  "ApplicationName": 1,
  "OpeningType": 2,
  "OpeningDirection": 2,
  "CalculateWeightWithGlass": false,
  "WindLoad": 120,
  "IsWindowOpeningCalculationByAngle": 1,
  "VentOuterWidth": 1230,
  "VentOuterHeight": 1480,
  "WeightIncGlassOrThickness": false,
  "VentWeight": 77,
  "VentWeightExact": 77.26400000000001,
  "GlassThickness": 14,
  "ProfileWeightPerSerialMeter": 2.5,
  "FacadeInclination": 41,
  "ChainLengthConnectingRodHandle": 5,
  "ChainLenghtConnectingRodHandle": 0,
  "RequiredOpeningStroke": 800,
  "OpeningWidth": 1000,
  "OpeningAngle": 31.36070026967848,
  "SpecificExhaustDimension": 35,
  "BuildingDepth": 65,
  "SnowLoad": 0,
  "DistanceHinge": 0,
  "RatedCurrent": 0,
  "DrivePosition": 1,
  "LockingMechanism": 1,
  "Voltage": 1,
  "DriveType": 1,
  "TypeOfInstallation": 2,
  "GeometricArea": 0,
  "CalculationTypeForVentilation": 2,
  "HeightOfProfile": 200,
  "Reveal": 0,
  "RevealDepth": 1000,
  "HeightProfileRectangleAngle1": 0,
  "HeightProfileRectangleAngle2": 0,
  "RevealDepthRectangleAngle1": 0,
  "RevealDepthRectangleAngle2": 0,
  "RevealDepthRectangleAngle12": 0,
  "InstallationPosition": 0,
  "RecommendedDriveArticleNo": 0,
  "System": "",
  "AkippOrAtilt": 2.168,
  "AdrehOrAturn": 1.8204,
  "Ageo": 1.0198356046171009,
  "MinPullingForceMax": 43.57922627926514,
  "MinPushingForceMax": -190.77273792145812,
  "MinPullingForcePermanent": -253.11060800883638,
  "MinPushingForcePermanent": -253.11060800883638,
  "ForceWithNegativeWind": -315.44847809621467,
  "ForceWithNoWindMin": -66.72921442305929,
  "ForceWithNegativeWindMin": -177.0376551253837,
  "ForceWithWindMin": 43.57922627926514,
  "Id": "8b11d2e1-fe65-46bb-82a6-4442277b52f2",
  "CreatedOn": "0001-01-01T00:00:00",
  "CreatedBy": "579816e4-6653-4794-b435-a885f32e28d7",
  "ModifiedOn": "2024-11-19T06:46:56.996163+00:00",
  "ModifiedBy": "579816e4-6653-4794-b435-a885f32e28d7"
}

12:16:57.093 [main] INFO  com.intuit.karate - Rounded Opening Angle: 31 
12:16:57.093 [main] INFO  com.intuit.karate - Rounded Ageo: 1.02 
12:16:57.095 [main] INFO  com.intuit.karate - Rounded Required Opening Stroke: 800.0 
12:16:57.095 [main] INFO  com.intuit.karate - Rounded Vent Weight: 77 
12:16:57.102 [main] INFO  com.intuit.karate - karate.env system property was: null 
12:16:57.104 [main] INFO  com.intuit.karate - Running test for dataset:  Dataset12 
12:16:57.106 [main] DEBUG com.intuit.karate - request:
1 > PUT https://dev-drivetec-apis.schuecodigitalsolutions.com/Configurations
1 > Content-Type: application/json; charset=UTF-8
1 > Content-Length: 1265
1 > Host: dev-drivetec-apis.schuecodigitalsolutions.com
1 > Connection: Keep-Alive
1 > User-Agent: Apache-HttpClient/4.5.14 (Java/17.0.12)
1 > Accept-Encoding: gzip,deflate
{"Id":"8b11d2e1-fe65-46bb-82a6-4442277b52f2","Name":"asdefgh","Description":"","ProjectId":"d2659447-79dd-4004-bdd8-aebda2f103db","CustomTags":"","CreatedBy":"579816e4-6653-4794-b435-a885f32e28d7","ModifiedBy":"579816e4-6653-4794-b435-a885f32e28d7","System":"","FacadeInclination":32,"OpeningType":2,"OpeningDirection":2,"OpeningWidth":1000,"VentOuterWidth":1230,"VentOuterHeight":1480,"VentWeight":0,"CalculateWeightWithGlass":false,"RequiredOpeningStroke":701,"WindLoad":120,"SnowLoad":0,"IsWindowOpeningCalculationByAngle":1,"GlassThickness":14,"ProfileWeightPerSerialMeter":2.5,"DrivePosition":1,"InstallationPosition":0,"LockingMechanism":1,"Voltage":1,"DriveType":1,"TypeOfInstallation":2,"GeometricArea":0,"CalcVentilation":2,"SpecificExhaustDimension":35,"BuildingDepth":65,"CalculationTypeForVentilation":2,"HeightOfProfile":200,"HeightProfileRectangleAngle1":0,"HeightProfileRectangleAngle2":0,"RevealDepth":1000,"RevealDepthRectangleAngle1":0,"RevealDepthRectangleAngle2":0,"ChainLengthConnectingRodHandle":5,"ApplicationName":1,"OpeningAngle":10,"WeightIncGlassOrThickness":false,"AkippOrAtilt":0,"AdrehOrAturn":0,"Ageo":0,"MinPullingForceMax":0,"MinPushingForceMax":0,"MinPullingForcePermanent":0,"MinPushingForcePermanent":0,"ForceWithNegativeWind":0}

12:16:57.870 [main] DEBUG com.intuit.karate - response time in milliseconds: 763
1 < 200
1 < Content-Type: application/json; charset=utf-8
1 < Date: Tue, 19 Nov 2024 06:46:56 GMT
1 < Server: Microsoft-IIS/10.0
1 < X-Powered-By: ASP.NET
1 < Content-Length: 2073
1 < Connection: keep-alive
{
  "ProjectId": "d2659447-79dd-4004-bdd8-aebda2f103db",
  "Name": "asdefgh",
  "Description": "",
  "CustomTags": "",
  "ApplicationName": 1,
  "OpeningType": 2,
  "OpeningDirection": 2,
  "CalculateWeightWithGlass": false,
  "WindLoad": 120,
  "IsWindowOpeningCalculationByAngle": 1,
  "VentOuterWidth": 1230,
  "VentOuterHeight": 1480,
  "WeightIncGlassOrThickness": false,
  "VentWeight": 77,
  "VentWeightExact": 77.26400000000001,
  "GlassThickness": 14,
  "ProfileWeightPerSerialMeter": 2.5,
  "FacadeInclination": 32,
  "ChainLengthConnectingRodHandle": 5,
  "ChainLenghtConnectingRodHandle": 0,
  "RequiredOpeningStroke": 701,
  "OpeningWidth": 1000,
  "OpeningAngle": 27.398369766279032,
  "SpecificExhaustDimension": 35,
  "BuildingDepth": 65,
  "SnowLoad": 0,
  "DistanceHinge": 0,
  "RatedCurrent": 0,
  "DrivePosition": 1,
  "LockingMechanism": 1,
  "Voltage": 1,
  "DriveType": 1,
  "TypeOfInstallation": 2,
  "GeometricArea": 0,
  "CalculationTypeForVentilation": 2,
  "HeightOfProfile": 200,
  "Reveal": 0,
  "RevealDepth": 1000,
  "HeightProfileRectangleAngle1": 0,
  "HeightProfileRectangleAngle2": 0,
  "RevealDepthRectangleAngle1": 0,
  "RevealDepthRectangleAngle2": 0,
  "RevealDepthRectangleAngle12": 0,
  "InstallationPosition": 0,
  "RecommendedDriveArticleNo": 0,
  "System": "",
  "AkippOrAtilt": 1.89971,
  "AdrehOrAturn": 1.8204,
  "Ageo": 0.910940891275205,
  "MinPullingForceMax": 80.24477207911812,
  "MinPushingForceMax": -125.70639861981769,
  "MinPullingForcePermanent": -204.3646387844679,
  "MinPushingForcePermanent": -204.3646387844679,
  "ForceWithNegativeWind": -283.0228789491181,
  "ForceWithNoWindMin": -31.473041911005968,
  "ForceWithNegativeWindMin": -143.19085590113005,
  "ForceWithWindMin": 80.24477207911812,
  "Id": "8b11d2e1-fe65-46bb-82a6-4442277b52f2",
  "CreatedOn": "0001-01-01T00:00:00",
  "CreatedBy": "579816e4-6653-4794-b435-a885f32e28d7",
  "ModifiedOn": "2024-11-19T06:46:57.7693662+00:00",
  "ModifiedBy": "579816e4-6653-4794-b435-a885f32e28d7"
}

12:16:57.873 [main] INFO  com.intuit.karate - Rounded Opening Angle: 27 
12:16:57.874 [main] INFO  com.intuit.karate - Rounded Ageo: 0.91 
12:16:57.874 [main] INFO  com.intuit.karate - Rounded Required Opening Stroke: 701.0 
12:16:57.874 [main] INFO  com.intuit.karate - Rounded Vent Weight: 77 
12:16:57.882 [main] INFO  com.intuit.karate - karate.env system property was: null 
12:16:57.886 [main] INFO  com.intuit.karate - Running test for dataset:  Dataset13 
12:16:57.889 [main] DEBUG com.intuit.karate - request:
1 > PUT https://dev-drivetec-apis.schuecodigitalsolutions.com/Configurations
1 > Content-Type: application/json; charset=UTF-8
1 > Content-Length: 1265
1 > Host: dev-drivetec-apis.schuecodigitalsolutions.com
1 > Connection: Keep-Alive
1 > User-Agent: Apache-HttpClient/4.5.14 (Java/17.0.12)
1 > Accept-Encoding: gzip,deflate
{"Id":"8b11d2e1-fe65-46bb-82a6-4442277b52f2","Name":"asdefgh","Description":"","ProjectId":"d2659447-79dd-4004-bdd8-aebda2f103db","CustomTags":"","CreatedBy":"579816e4-6653-4794-b435-a885f32e28d7","ModifiedBy":"579816e4-6653-4794-b435-a885f32e28d7","System":"","FacadeInclination":33,"OpeningType":2,"OpeningDirection":2,"OpeningWidth":1000,"VentOuterWidth":1230,"VentOuterHeight":1480,"VentWeight":0,"CalculateWeightWithGlass":false,"RequiredOpeningStroke":701,"WindLoad":120,"SnowLoad":0,"IsWindowOpeningCalculationByAngle":1,"GlassThickness":14,"ProfileWeightPerSerialMeter":2.5,"DrivePosition":1,"InstallationPosition":0,"LockingMechanism":1,"Voltage":1,"DriveType":1,"TypeOfInstallation":2,"GeometricArea":0,"CalcVentilation":2,"SpecificExhaustDimension":35,"BuildingDepth":65,"CalculationTypeForVentilation":2,"HeightOfProfile":200,"HeightProfileRectangleAngle1":0,"HeightProfileRectangleAngle2":0,"RevealDepth":1000,"RevealDepthRectangleAngle1":0,"RevealDepthRectangleAngle2":0,"ChainLengthConnectingRodHandle":5,"ApplicationName":1,"OpeningAngle":10,"WeightIncGlassOrThickness":false,"AkippOrAtilt":0,"AdrehOrAturn":0,"Ageo":0,"MinPullingForceMax":0,"MinPushingForceMax":0,"MinPullingForcePermanent":0,"MinPushingForcePermanent":0,"ForceWithNegativeWind":0}

12:16:58.540 [main] DEBUG com.intuit.karate - response time in milliseconds: 651
1 < 200
1 < Content-Type: application/json; charset=utf-8
1 < Date: Tue, 19 Nov 2024 06:46:58 GMT
1 < Server: Microsoft-IIS/10.0
1 < X-Powered-By: ASP.NET
1 < Content-Length: 2073
1 < Connection: keep-alive
{
  "ProjectId": "d2659447-79dd-4004-bdd8-aebda2f103db",
  "Name": "asdefgh",
  "Description": "",
  "CustomTags": "",
  "ApplicationName": 1,
  "OpeningType": 2,
  "OpeningDirection": 2,
  "CalculateWeightWithGlass": false,
  "WindLoad": 120,
  "IsWindowOpeningCalculationByAngle": 1,
  "VentOuterWidth": 1230,
  "VentOuterHeight": 1480,
  "WeightIncGlassOrThickness": false,
  "VentWeight": 77,
  "VentWeightExact": 77.26400000000001,
  "GlassThickness": 14,
  "ProfileWeightPerSerialMeter": 2.5,
  "FacadeInclination": 33,
  "ChainLengthConnectingRodHandle": 5,
  "ChainLenghtConnectingRodHandle": 0,
  "RequiredOpeningStroke": 701,
  "OpeningWidth": 1000,
  "OpeningAngle": 27.398369766279032,
  "SpecificExhaustDimension": 35,
  "BuildingDepth": 65,
  "SnowLoad": 0,
  "DistanceHinge": 0,
  "RatedCurrent": 0,
  "DrivePosition": 1,
  "LockingMechanism": 1,
  "Voltage": 1,
  "DriveType": 1,
  "TypeOfInstallation": 2,
  "GeometricArea": 0,
  "CalculationTypeForVentilation": 2,
  "HeightOfProfile": 200,
  "Reveal": 0,
  "RevealDepth": 1000,
  "HeightProfileRectangleAngle1": 0,
  "HeightProfileRectangleAngle2": 0,
  "RevealDepthRectangleAngle1": 0,
  "RevealDepthRectangleAngle2": 0,
  "RevealDepthRectangleAngle12": 0,
  "InstallationPosition": 0,
  "RecommendedDriveArticleNo": 0,
  "System": "",
  "AkippOrAtilt": 1.89971,
  "AdrehOrAturn": 1.8204,
  "Ageo": 0.910940891275205,
  "MinPullingForceMax": 72.99201508777318,
  "MinPushingForceMax": -133.1189772438988,
  "MinPullingForcePermanent": -210.05221917619158,
  "MinPushingForcePermanent": -210.05221917619158,
  "ForceWithNegativeWind": -286.9854611084844,
  "ForceWithNoWindMin": -38.382603123850195,
  "ForceWithNegativeWindMin": -149.7572213354736,
  "ForceWithWindMin": 72.99201508777318,
  "Id": "8b11d2e1-fe65-46bb-82a6-4442277b52f2",
  "CreatedOn": "0001-01-01T00:00:00",
  "CreatedBy": "579816e4-6653-4794-b435-a885f32e28d7",
  "ModifiedOn": "2024-11-19T06:46:58.4621923+00:00",
  "ModifiedBy": "579816e4-6653-4794-b435-a885f32e28d7"
}

12:16:58.542 [main] INFO  com.intuit.karate - Rounded Opening Angle: 27 
12:16:58.543 [main] INFO  com.intuit.karate - Rounded Ageo: 0.91 
12:16:58.543 [main] INFO  com.intuit.karate - Rounded Required Opening Stroke: 701.0 
12:16:58.543 [main] INFO  com.intuit.karate - Rounded Vent Weight: 77 
12:16:58.549 [main] INFO  com.intuit.karate - karate.env system property was: null 
12:16:58.553 [main] INFO  com.intuit.karate - Running test for dataset:  Dataset14 
12:16:58.558 [main] DEBUG com.intuit.karate - request:
1 > PUT https://dev-drivetec-apis.schuecodigitalsolutions.com/Configurations
1 > Content-Type: application/json; charset=UTF-8
1 > Content-Length: 1265
1 > Host: dev-drivetec-apis.schuecodigitalsolutions.com
1 > Connection: Keep-Alive
1 > User-Agent: Apache-HttpClient/4.5.14 (Java/17.0.12)
1 > Accept-Encoding: gzip,deflate
{"Id":"8b11d2e1-fe65-46bb-82a6-4442277b52f2","Name":"asdefgh","Description":"","ProjectId":"d2659447-79dd-4004-bdd8-aebda2f103db","CustomTags":"","CreatedBy":"579816e4-6653-4794-b435-a885f32e28d7","ModifiedBy":"579816e4-6653-4794-b435-a885f32e28d7","System":"","FacadeInclination":24,"OpeningType":2,"OpeningDirection":2,"OpeningWidth":1000,"VentOuterWidth":1230,"VentOuterHeight":1480,"VentWeight":0,"CalculateWeightWithGlass":false,"RequiredOpeningStroke":501,"WindLoad":120,"SnowLoad":0,"IsWindowOpeningCalculationByAngle":1,"GlassThickness":14,"ProfileWeightPerSerialMeter":2.5,"DrivePosition":1,"InstallationPosition":0,"LockingMechanism":1,"Voltage":1,"DriveType":1,"TypeOfInstallation":2,"GeometricArea":0,"CalcVentilation":2,"SpecificExhaustDimension":35,"BuildingDepth":65,"CalculationTypeForVentilation":2,"HeightOfProfile":200,"HeightProfileRectangleAngle1":0,"HeightProfileRectangleAngle2":0,"RevealDepth":1000,"RevealDepthRectangleAngle1":0,"RevealDepthRectangleAngle2":0,"ChainLengthConnectingRodHandle":5,"ApplicationName":1,"OpeningAngle":10,"WeightIncGlassOrThickness":false,"AkippOrAtilt":0,"AdrehOrAturn":0,"Ageo":0,"MinPullingForceMax":0,"MinPushingForceMax":0,"MinPullingForcePermanent":0,"MinPushingForcePermanent":0,"ForceWithNegativeWind":0}

12:16:59.367 [main] DEBUG com.intuit.karate - response time in milliseconds: 808
1 < 200
1 < Content-Type: application/json; charset=utf-8
1 < Date: Tue, 19 Nov 2024 06:46:58 GMT
1 < Server: Microsoft-IIS/10.0
1 < X-Powered-By: ASP.NET
1 < Content-Length: 2070
1 < Connection: keep-alive
{
  "ProjectId": "d2659447-79dd-4004-bdd8-aebda2f103db",
  "Name": "asdefgh",
  "Description": "",
  "CustomTags": "",
  "ApplicationName": 1,
  "OpeningType": 2,
  "OpeningDirection": 2,
  "CalculateWeightWithGlass": false,
  "WindLoad": 120,
  "IsWindowOpeningCalculationByAngle": 1,
  "VentOuterWidth": 1230,
  "VentOuterHeight": 1480,
  "WeightIncGlassOrThickness": false,
  "VentWeight": 77,
  "VentWeightExact": 77.26400000000001,
  "GlassThickness": 14,
  "ProfileWeightPerSerialMeter": 2.5,
  "FacadeInclination": 24,
  "ChainLengthConnectingRodHandle": 5,
  "ChainLenghtConnectingRodHandle": 0,
  "RequiredOpeningStroke": 501,
  "OpeningWidth": 1000,
  "OpeningAngle": 19.48921629278459,
  "SpecificExhaustDimension": 35,
  "BuildingDepth": 65,
  "SnowLoad": 0,
  "DistanceHinge": 0,
  "RatedCurrent": 0,
  "DrivePosition": 1,
  "LockingMechanism": 1,
  "Voltage": 1,
  "DriveType": 1,
  "TypeOfInstallation": 2,
  "GeometricArea": 0,
  "CalculationTypeForVentilation": 2,
  "HeightOfProfile": 200,
  "Reveal": 0,
  "RevealDepth": 1000,
  "HeightProfileRectangleAngle1": 0,
  "HeightProfileRectangleAngle2": 0,
  "RevealDepthRectangleAngle1": 0,
  "RevealDepthRectangleAngle2": 0,
  "RevealDepthRectangleAngle12": 0,
  "InstallationPosition": 0,
  "RecommendedDriveArticleNo": 0,
  "System": "",
  "AkippOrAtilt": 1.35771,
  "AdrehOrAturn": 1.8204,
  "Ageo": 0.6749039376946829,
  "MinPullingForceMax": -65.53807552137839,
  "MinPushingForceMax": 79.72148309148307,
  "MinPullingForcePermanent": -156.774435629635,
  "MinPushingForcePermanent": -156.774435629635,
  "ForceWithNegativeWind": -248.0107957378916,
  "ForceWithNoWindMin": -30.433414612682817,
  "ForceWithNegativeWindMin": -140.5883123168487,
  "ForceWithWindMin": -65.53807552137839,
  "Id": "8b11d2e1-fe65-46bb-82a6-4442277b52f2",
  "CreatedOn": "0001-01-01T00:00:00",
  "CreatedBy": "579816e4-6653-4794-b435-a885f32e28d7",
  "ModifiedOn": "2024-11-19T06:46:59.2595618+00:00",
  "ModifiedBy": "579816e4-6653-4794-b435-a885f32e28d7"
}

12:16:59.372 [main] INFO  com.intuit.karate - Rounded Opening Angle: 19 
12:16:59.372 [main] INFO  com.intuit.karate - Rounded Ageo: 0.67 
12:16:59.373 [main] INFO  com.intuit.karate - Rounded Required Opening Stroke: 501.0 
12:16:59.374 [main] INFO  com.intuit.karate - Rounded Vent Weight: 77 
12:16:59.382 [main] INFO  com.intuit.karate - karate.env system property was: null 
12:16:59.385 [main] INFO  com.intuit.karate - Running test for dataset:  Dataset15 
12:16:59.389 [main] DEBUG com.intuit.karate - request:
1 > PUT https://dev-drivetec-apis.schuecodigitalsolutions.com/Configurations
1 > Content-Type: application/json; charset=UTF-8
1 > Content-Length: 1265
1 > Host: dev-drivetec-apis.schuecodigitalsolutions.com
1 > Connection: Keep-Alive
1 > User-Agent: Apache-HttpClient/4.5.14 (Java/17.0.12)
1 > Accept-Encoding: gzip,deflate
{"Id":"8b11d2e1-fe65-46bb-82a6-4442277b52f2","Name":"asdefgh","Description":"","ProjectId":"d2659447-79dd-4004-bdd8-aebda2f103db","CustomTags":"","CreatedBy":"579816e4-6653-4794-b435-a885f32e28d7","ModifiedBy":"579816e4-6653-4794-b435-a885f32e28d7","System":"","FacadeInclination":25,"OpeningType":2,"OpeningDirection":2,"OpeningWidth":1000,"VentOuterWidth":1230,"VentOuterHeight":1480,"VentWeight":0,"CalculateWeightWithGlass":false,"RequiredOpeningStroke":501,"WindLoad":120,"SnowLoad":0,"IsWindowOpeningCalculationByAngle":1,"GlassThickness":14,"ProfileWeightPerSerialMeter":2.5,"DrivePosition":1,"InstallationPosition":0,"LockingMechanism":1,"Voltage":1,"DriveType":1,"TypeOfInstallation":2,"GeometricArea":0,"CalcVentilation":2,"SpecificExhaustDimension":35,"BuildingDepth":65,"CalculationTypeForVentilation":2,"HeightOfProfile":200,"HeightProfileRectangleAngle1":0,"HeightProfileRectangleAngle2":0,"RevealDepth":1000,"RevealDepthRectangleAngle1":0,"RevealDepthRectangleAngle2":0,"ChainLengthConnectingRodHandle":5,"ApplicationName":1,"OpeningAngle":10,"WeightIncGlassOrThickness":false,"AkippOrAtilt":0,"AdrehOrAturn":0,"Ageo":0,"MinPullingForceMax":0,"MinPushingForceMax":0,"MinPullingForcePermanent":0,"MinPushingForcePermanent":0,"ForceWithNegativeWind":0}

12:17:00.268 [main] DEBUG com.intuit.karate - response time in milliseconds: 877
1 < 200
1 < Content-Type: application/json; charset=utf-8
1 < Date: Tue, 19 Nov 2024 06:47:00 GMT
1 < Server: Microsoft-IIS/10.0
1 < X-Powered-By: ASP.NET
1 < Content-Length: 2069
1 < Connection: keep-alive
{
  "ProjectId": "d2659447-79dd-4004-bdd8-aebda2f103db",
  "Name": "asdefgh",
  "Description": "",
  "CustomTags": "",
  "ApplicationName": 1,
  "OpeningType": 2,
  "OpeningDirection": 2,
  "CalculateWeightWithGlass": false,
  "WindLoad": 120,
  "IsWindowOpeningCalculationByAngle": 1,
  "VentOuterWidth": 1230,
  "VentOuterHeight": 1480,
  "WeightIncGlassOrThickness": false,
  "VentWeight": 77,
  "VentWeightExact": 77.26400000000001,
  "GlassThickness": 14,
  "ProfileWeightPerSerialMeter": 2.5,
  "FacadeInclination": 25,
  "ChainLengthConnectingRodHandle": 5,
  "ChainLenghtConnectingRodHandle": 0,
  "RequiredOpeningStroke": 501,
  "OpeningWidth": 1000,
  "OpeningAngle": 19.48921629278459,
  "SpecificExhaustDimension": 35,
  "BuildingDepth": 65,
  "SnowLoad": 0,
  "DistanceHinge": 0,
  "RatedCurrent": 0,
  "DrivePosition": 1,
  "LockingMechanism": 1,
  "Voltage": 1,
  "DriveType": 1,
  "TypeOfInstallation": 2,
  "GeometricArea": 0,
  "CalculationTypeForVentilation": 2,
  "HeightOfProfile": 200,
  "Reveal": 0,
  "RevealDepth": 1000,
  "HeightProfileRectangleAngle1": 0,
  "HeightProfileRectangleAngle2": 0,
  "RevealDepthRectangleAngle1": 0,
  "RevealDepthRectangleAngle2": 0,
  "RevealDepthRectangleAngle12": 0,
  "InstallationPosition": 0,
  "RecommendedDriveArticleNo": 0,
  "System": "",
  "AkippOrAtilt": 1.35771,
  "AdrehOrAturn": 1.8204,
  "Ageo": 0.6749039376946829,
  "MinPullingForceMax": 72.5767603948726,
  "MinPushingForceMax": -73.1085591046228,
  "MinPullingForcePermanent": -162.9095403661677,
  "MinPushingForcePermanent": -162.9095403661677,
  "ForceWithNegativeWind": -252.7105216277126,
  "ForceWithNoWindMin": -37.245591169420564,
  "ForceWithNegativeWindMin": -147.06794273371372,
  "ForceWithWindMin": 72.5767603948726,
  "Id": "8b11d2e1-fe65-46bb-82a6-4442277b52f2",
  "CreatedOn": "0001-01-01T00:00:00",
  "CreatedBy": "579816e4-6653-4794-b435-a885f32e28d7",
  "ModifiedOn": "2024-11-19T06:47:00.0299553+00:00",
  "ModifiedBy": "579816e4-6653-4794-b435-a885f32e28d7"
}

12:17:00.274 [main] INFO  com.intuit.karate - Rounded Opening Angle: 19 
12:17:00.275 [main] INFO  com.intuit.karate - Rounded Ageo: 0.67 
12:17:00.276 [main] INFO  com.intuit.karate - Rounded Required Opening Stroke: 501.0 
12:17:00.277 [main] INFO  com.intuit.karate - Rounded Vent Weight: 77 
12:17:00.284 [main] INFO  com.intuit.karate - karate.env system property was: null 
12:17:00.289 [main] INFO  com.intuit.karate - Running test for dataset:  Dataset16 
12:17:00.296 [main] DEBUG com.intuit.karate - request:
1 > PUT https://dev-drivetec-apis.schuecodigitalsolutions.com/Configurations
1 > Content-Type: application/json; charset=UTF-8
1 > Content-Length: 1265
1 > Host: dev-drivetec-apis.schuecodigitalsolutions.com
1 > Connection: Keep-Alive
1 > User-Agent: Apache-HttpClient/4.5.14 (Java/17.0.12)
1 > Accept-Encoding: gzip,deflate
{"Id":"8b11d2e1-fe65-46bb-82a6-4442277b52f2","Name":"asdefgh","Description":"","ProjectId":"d2659447-79dd-4004-bdd8-aebda2f103db","CustomTags":"","CreatedBy":"579816e4-6653-4794-b435-a885f32e28d7","ModifiedBy":"579816e4-6653-4794-b435-a885f32e28d7","System":"","FacadeInclination":13,"OpeningType":2,"OpeningDirection":2,"OpeningWidth":1000,"VentOuterWidth":1230,"VentOuterHeight":1480,"VentWeight":0,"CalculateWeightWithGlass":false,"RequiredOpeningStroke":501,"WindLoad":120,"SnowLoad":0,"IsWindowOpeningCalculationByAngle":1,"GlassThickness":14,"ProfileWeightPerSerialMeter":2.5,"DrivePosition":1,"InstallationPosition":0,"LockingMechanism":1,"Voltage":1,"DriveType":1,"TypeOfInstallation":2,"GeometricArea":0,"CalcVentilation":2,"SpecificExhaustDimension":35,"BuildingDepth":65,"CalculationTypeForVentilation":2,"HeightOfProfile":200,"HeightProfileRectangleAngle1":0,"HeightProfileRectangleAngle2":0,"RevealDepth":1000,"RevealDepthRectangleAngle1":0,"RevealDepthRectangleAngle2":0,"ChainLengthConnectingRodHandle":5,"ApplicationName":1,"OpeningAngle":10,"WeightIncGlassOrThickness":false,"AkippOrAtilt":0,"AdrehOrAturn":0,"Ageo":0,"MinPullingForceMax":0,"MinPushingForceMax":0,"MinPullingForcePermanent":0,"MinPushingForcePermanent":0,"ForceWithNegativeWind":0}

12:17:01.111 [main] DEBUG com.intuit.karate - response time in milliseconds: 814
1 < 200
1 < Content-Type: application/json; charset=utf-8
1 < Date: Tue, 19 Nov 2024 06:47:00 GMT
1 < Server: Microsoft-IIS/10.0
1 < X-Powered-By: ASP.NET
1 < Content-Length: 2072
1 < Connection: keep-alive
{
  "ProjectId": "d2659447-79dd-4004-bdd8-aebda2f103db",
  "Name": "asdefgh",
  "Description": "",
  "CustomTags": "",
  "ApplicationName": 1,
  "OpeningType": 2,
  "OpeningDirection": 2,
  "CalculateWeightWithGlass": false,
  "WindLoad": 120,
  "IsWindowOpeningCalculationByAngle": 1,
  "VentOuterWidth": 1230,
  "VentOuterHeight": 1480,
  "WeightIncGlassOrThickness": false,
  "VentWeight": 77,
  "VentWeightExact": 77.26400000000001,
  "GlassThickness": 14,
  "ProfileWeightPerSerialMeter": 2.5,
  "FacadeInclination": 13,
  "ChainLengthConnectingRodHandle": 5,
  "ChainLenghtConnectingRodHandle": 0,
  "RequiredOpeningStroke": 501,
  "OpeningWidth": 1000,
  "OpeningAngle": 19.48921629278459,
  "SpecificExhaustDimension": 35,
  "BuildingDepth": 65,
  "SnowLoad": 0,
  "DistanceHinge": 0,
  "RatedCurrent": 0,
  "DrivePosition": 1,
  "LockingMechanism": 1,
  "Voltage": 1,
  "DriveType": 1,
  "TypeOfInstallation": 2,
  "GeometricArea": 0,
  "CalculationTypeForVentilation": 2,
  "HeightOfProfile": 200,
  "Reveal": 0,
  "RevealDepth": 1000,
  "HeightProfileRectangleAngle1": 0,
  "HeightProfileRectangleAngle2": 0,
  "RevealDepthRectangleAngle1": 0,
  "RevealDepthRectangleAngle2": 0,
  "RevealDepthRectangleAngle12": 0,
  "InstallationPosition": 0,
  "RecommendedDriveArticleNo": 0,
  "System": "",
  "AkippOrAtilt": 1.35771,
  "AdrehOrAturn": 1.8204,
  "Ageo": 0.6749039376946829,
  "MinPullingForceMax": 17.180489538673655,
  "MinPushingForceMax": 154.03917523147481,
  "MinPullingForcePermanent": -86.56000547305538,
  "MinPushingForcePermanent": -86.56000547305538,
  "ForceWithNegativeWind": -190.30050048478444,
  "ForceWithNoWindMin": 44.65449743451489,
  "ForceWithNegativeWindMin": -64.73018036244505,
  "ForceWithWindMin": 17.180489538673655,
  "Id": "8b11d2e1-fe65-46bb-82a6-4442277b52f2",
  "CreatedOn": "0001-01-01T00:00:00",
  "CreatedBy": "579816e4-6653-4794-b435-a885f32e28d7",
  "ModifiedOn": "2024-11-19T06:47:00.9900355+00:00",
  "ModifiedBy": "579816e4-6653-4794-b435-a885f32e28d7"
}

12:17:01.114 [main] INFO  com.intuit.karate - Rounded Opening Angle: 19 
12:17:01.115 [main] INFO  com.intuit.karate - Rounded Ageo: 0.67 
12:17:01.116 [main] INFO  com.intuit.karate - Rounded Required Opening Stroke: 501.0 
12:17:01.116 [main] INFO  com.intuit.karate - Rounded Vent Weight: 77 
12:17:01.125 [main] INFO  com.intuit.karate - karate.env system property was: null 
12:17:01.131 [main] INFO  com.intuit.karate - Running test for dataset:  Dataset17 
12:17:01.136 [main] DEBUG com.intuit.karate - request:
1 > PUT https://dev-drivetec-apis.schuecodigitalsolutions.com/Configurations
1 > Content-Type: application/json; charset=UTF-8
1 > Content-Length: 1265
1 > Host: dev-drivetec-apis.schuecodigitalsolutions.com
1 > Connection: Keep-Alive
1 > User-Agent: Apache-HttpClient/4.5.14 (Java/17.0.12)
1 > Accept-Encoding: gzip,deflate
{"Id":"8b11d2e1-fe65-46bb-82a6-4442277b52f2","Name":"asdefgh","Description":"","ProjectId":"d2659447-79dd-4004-bdd8-aebda2f103db","CustomTags":"","CreatedBy":"579816e4-6653-4794-b435-a885f32e28d7","ModifiedBy":"579816e4-6653-4794-b435-a885f32e28d7","System":"","FacadeInclination":14,"OpeningType":2,"OpeningDirection":2,"OpeningWidth":1000,"VentOuterWidth":1230,"VentOuterHeight":1480,"VentWeight":0,"CalculateWeightWithGlass":false,"RequiredOpeningStroke":501,"WindLoad":120,"SnowLoad":0,"IsWindowOpeningCalculationByAngle":1,"GlassThickness":14,"ProfileWeightPerSerialMeter":2.5,"DrivePosition":1,"InstallationPosition":0,"LockingMechanism":1,"Voltage":1,"DriveType":1,"TypeOfInstallation":2,"GeometricArea":0,"CalcVentilation":2,"SpecificExhaustDimension":35,"BuildingDepth":65,"CalculationTypeForVentilation":2,"HeightOfProfile":200,"HeightProfileRectangleAngle1":0,"HeightProfileRectangleAngle2":0,"RevealDepth":1000,"RevealDepthRectangleAngle1":0,"RevealDepthRectangleAngle2":0,"ChainLengthConnectingRodHandle":5,"ApplicationName":1,"OpeningAngle":10,"WeightIncGlassOrThickness":false,"AkippOrAtilt":0,"AdrehOrAturn":0,"Ageo":0,"MinPullingForceMax":0,"MinPushingForceMax":0,"MinPullingForcePermanent":0,"MinPushingForcePermanent":0,"ForceWithNegativeWind":0}

12:17:01.921 [main] DEBUG com.intuit.karate - response time in milliseconds: 782
1 < 200
1 < Content-Type: application/json; charset=utf-8
1 < Date: Tue, 19 Nov 2024 06:47:01 GMT
1 < Server: Microsoft-IIS/10.0
1 < X-Powered-By: ASP.NET
1 < Content-Length: 2067
1 < Connection: keep-alive
{
  "ProjectId": "d2659447-79dd-4004-bdd8-aebda2f103db",
  "Name": "asdefgh",
  "Description": "",
  "CustomTags": "",
  "ApplicationName": 1,
  "OpeningType": 2,
  "OpeningDirection": 2,
  "CalculateWeightWithGlass": false,
  "WindLoad": 120,
  "IsWindowOpeningCalculationByAngle": 1,
  "VentOuterWidth": 1230,
  "VentOuterHeight": 1480,
  "WeightIncGlassOrThickness": false,
  "VentWeight": 77,
  "VentWeightExact": 77.26400000000001,
  "GlassThickness": 14,
  "ProfileWeightPerSerialMeter": 2.5,
  "FacadeInclination": 14,
  "ChainLengthConnectingRodHandle": 5,
  "ChainLenghtConnectingRodHandle": 0,
  "RequiredOpeningStroke": 501,
  "OpeningWidth": 1000,
  "OpeningAngle": 19.48921629278459,
  "SpecificExhaustDimension": 35,
  "BuildingDepth": 65,
  "SnowLoad": 0,
  "DistanceHinge": 0,
  "RatedCurrent": 0,
  "DrivePosition": 1,
  "LockingMechanism": 1,
  "Voltage": 1,
  "DriveType": 1,
  "TypeOfInstallation": 2,
  "GeometricArea": 0,
  "CalculationTypeForVentilation": 2,
  "HeightOfProfile": 200,
  "Reveal": 0,
  "RevealDepth": 1000,
  "HeightProfileRectangleAngle1": 0,
  "HeightProfileRectangleAngle2": 0,
  "RevealDepthRectangleAngle1": 0,
  "RevealDepthRectangleAngle2": 0,
  "RevealDepthRectangleAngle12": 0,
  "InstallationPosition": 0,
  "RecommendedDriveArticleNo": 0,
  "System": "",
  "AkippOrAtilt": 1.35771,
  "AdrehOrAturn": 1.8204,
  "Ageo": 0.6749039376946829,
  "MinPullingForceMax": 9.764342657222258,
  "MinPushingForceMax": 147.64412280547947,
  "MinPullingForcePermanent": -93.11429520081451,
  "MinPushingForcePermanent": -93.11429520081451,
  "ForceWithNegativeWind": -195.9929330588513,
  "ForceWithNoWindMin": 37.854770101979,
  "ForceWithNegativeWindMin": -71.93458260152148,
  "ForceWithWindMin": 9.764342657222258,
  "Id": "8b11d2e1-fe65-46bb-82a6-4442277b52f2",
  "CreatedOn": "0001-01-01T00:00:00",
  "CreatedBy": "579816e4-6653-4794-b435-a885f32e28d7",
  "ModifiedOn": "2024-11-19T06:47:01.7713754+00:00",
  "ModifiedBy": "579816e4-6653-4794-b435-a885f32e28d7"
}

12:17:01.926 [main] INFO  com.intuit.karate - Rounded Opening Angle: 19 
12:17:01.928 [main] INFO  com.intuit.karate - Rounded Ageo: 0.67 
12:17:01.929 [main] INFO  com.intuit.karate - Rounded Required Opening Stroke: 501.0 
12:17:01.930 [main] INFO  com.intuit.karate - Rounded Vent Weight: 77 
12:17:01.941 [main] INFO  com.intuit.karate - karate.env system property was: null 
12:17:01.943 [main] INFO  com.intuit.karate - Running test for dataset:  Dataset18 
12:17:01.945 [main] DEBUG com.intuit.karate - request:
1 > PUT https://dev-drivetec-apis.schuecodigitalsolutions.com/Configurations
1 > Content-Type: application/json; charset=UTF-8
1 > Content-Length: 1267
1 > Host: dev-drivetec-apis.schuecodigitalsolutions.com
1 > Connection: Keep-Alive
1 > User-Agent: Apache-HttpClient/4.5.14 (Java/17.0.12)
1 > Accept-Encoding: gzip,deflate
{"Id":"8b11d2e1-fe65-46bb-82a6-4442277b52f2","Name":"asdefgh","Description":"","ProjectId":"d2659447-79dd-4004-bdd8-aebda2f103db","CustomTags":"","CreatedBy":"579816e4-6653-4794-b435-a885f32e28d7","ModifiedBy":"579816e4-6653-4794-b435-a885f32e28d7","System":"","FacadeInclination":10,"OpeningType":2,"OpeningDirection":2,"OpeningWidth":1000,"VentOuterWidth":1230,"VentOuterHeight":1480,"VentWeight":0,"CalculateWeightWithGlass":false,"RequiredOpeningStroke":400,"WindLoad":120,"SnowLoad":0,"IsWindowOpeningCalculationByAngle":1,"GlassThickness":14,"ProfileWeightPerSerialMeter":2.5,"DrivePosition":1,"InstallationPosition":0,"LockingMechanism":1,"Voltage":1,"DriveType":1,"TypeOfInstallation":2,"GeometricArea":0,"CalcVentilation":2,"SpecificExhaustDimension":30,"BuildingDepth":60,"CalculationTypeForVentilation":2,"HeightOfProfile":0,"HeightProfileRectangleAngle1":75,"HeightProfileRectangleAngle2":200,"RevealDepth":0,"RevealDepthRectangleAngle1":50,"RevealDepthRectangleAngle2":1000,"ChainLengthConnectingRodHandle":5,"ApplicationName":1,"OpeningAngle":10,"WeightIncGlassOrThickness":false,"AkippOrAtilt":0,"AdrehOrAturn":0,"Ageo":0,"MinPullingForceMax":0,"MinPushingForceMax":0,"MinPullingForcePermanent":0,"MinPushingForcePermanent":0,"ForceWithNegativeWind":0}

12:17:02.675 [main] DEBUG com.intuit.karate - response time in milliseconds: 729
1 < 200
1 < Content-Type: application/json; charset=utf-8
1 < Date: Tue, 19 Nov 2024 06:47:01 GMT
1 < Server: Microsoft-IIS/10.0
1 < X-Powered-By: ASP.NET
1 < Content-Length: 2071
1 < Connection: keep-alive
{
  "ProjectId": "d2659447-79dd-4004-bdd8-aebda2f103db",
  "Name": "asdefgh",
  "Description": "",
  "CustomTags": "",
  "ApplicationName": 1,
  "OpeningType": 2,
  "OpeningDirection": 2,
  "CalculateWeightWithGlass": false,
  "WindLoad": 120,
  "IsWindowOpeningCalculationByAngle": 1,
  "VentOuterWidth": 1230,
  "VentOuterHeight": 1480,
  "WeightIncGlassOrThickness": false,
  "VentWeight": 77,
  "VentWeightExact": 77.26400000000001,
  "GlassThickness": 14,
  "ProfileWeightPerSerialMeter": 2.5,
  "FacadeInclination": 10,
  "ChainLengthConnectingRodHandle": 5,
  "ChainLenghtConnectingRodHandle": 0,
  "RequiredOpeningStroke": 400,
  "OpeningWidth": 1000,
  "OpeningAngle": 15.532868337024489,
  "SpecificExhaustDimension": 30,
  "BuildingDepth": 60,
  "SnowLoad": 0,
  "DistanceHinge": 0,
  "RatedCurrent": 0,
  "DrivePosition": 1,
  "LockingMechanism": 1,
  "Voltage": 1,
  "DriveType": 1,
  "TypeOfInstallation": 2,
  "GeometricArea": 0,
  "CalculationTypeForVentilation": 2,
  "HeightOfProfile": 0,
  "Reveal": 0,
  "RevealDepth": 0,
  "HeightProfileRectangleAngle1": 75,
  "HeightProfileRectangleAngle2": 200,
  "RevealDepthRectangleAngle1": 50,
  "RevealDepthRectangleAngle2": 1000,
  "RevealDepthRectangleAngle12": 0,
  "InstallationPosition": 0,
  "RecommendedDriveArticleNo": 0,
  "System": "",
  "AkippOrAtilt": 1.084,
  "AdrehOrAturn": 1.8204,
  "Ageo": 0.6165637649944986,
  "MinPullingForceMax": 39.21635469755029,
  "MinPushingForceMax": 147.12750748388888,
  "MinPullingForcePermanent": -66.74711192456053,
  "MinPushingForcePermanent": -66.74711192456053,
  "ForceWithNegativeWind": -172.71057854667134,
  "ForceWithNoWindMin": 37.93591244281374,
  "ForceWithNegativeWindMin": -71.25568259826139,
  "ForceWithWindMin": 39.21635469755029,
  "Id": "8b11d2e1-fe65-46bb-82a6-4442277b52f2",
  "CreatedOn": "0001-01-01T00:00:00",
  "CreatedBy": "579816e4-6653-4794-b435-a885f32e28d7",
  "ModifiedOn": "2024-11-19T06:47:02.5888685+00:00",
  "ModifiedBy": "579816e4-6653-4794-b435-a885f32e28d7"
}

12:17:02.679 [main] INFO  com.intuit.karate - Rounded Opening Angle: 16 
12:17:02.679 [main] INFO  com.intuit.karate - Rounded Ageo: 0.62 
12:17:02.680 [main] INFO  com.intuit.karate - Rounded Required Opening Stroke: 400.0 
12:17:02.680 [main] INFO  com.intuit.karate - Rounded Vent Weight: 77 
12:17:02.687 [main] INFO  com.intuit.karate - karate.env system property was: null 
12:17:02.690 [main] INFO  com.intuit.karate - Running test for dataset:  Dataset19 
12:17:02.692 [main] DEBUG com.intuit.karate - request:
1 > PUT https://dev-drivetec-apis.schuecodigitalsolutions.com/Configurations
1 > Content-Type: application/json; charset=UTF-8
1 > Content-Length: 1265
1 > Host: dev-drivetec-apis.schuecodigitalsolutions.com
1 > Connection: Keep-Alive
1 > User-Agent: Apache-HttpClient/4.5.14 (Java/17.0.12)
1 > Accept-Encoding: gzip,deflate
{"Id":"8b11d2e1-fe65-46bb-82a6-4442277b52f2","Name":"asdefgh","Description":"","ProjectId":"d2659447-79dd-4004-bdd8-aebda2f103db","CustomTags":"","CreatedBy":"579816e4-6653-4794-b435-a885f32e28d7","ModifiedBy":"579816e4-6653-4794-b435-a885f32e28d7","System":"","FacadeInclination":14,"OpeningType":3,"OpeningDirection":2,"OpeningWidth":1000,"VentOuterWidth":1230,"VentOuterHeight":1480,"VentWeight":0,"CalculateWeightWithGlass":false,"RequiredOpeningStroke":800,"WindLoad":275,"SnowLoad":0,"IsWindowOpeningCalculationByAngle":1,"GlassThickness":14,"ProfileWeightPerSerialMeter":2.5,"DrivePosition":1,"InstallationPosition":0,"LockingMechanism":1,"Voltage":1,"DriveType":1,"TypeOfInstallation":2,"GeometricArea":0,"CalcVentilation":1,"SpecificExhaustDimension":35,"BuildingDepth":65,"CalculationTypeForVentilation":1,"HeightOfProfile":200,"HeightProfileRectangleAngle1":0,"HeightProfileRectangleAngle2":0,"RevealDepth":1000,"RevealDepthRectangleAngle1":0,"RevealDepthRectangleAngle2":0,"ChainLengthConnectingRodHandle":5,"ApplicationName":1,"OpeningAngle":10,"WeightIncGlassOrThickness":false,"AkippOrAtilt":0,"AdrehOrAturn":0,"Ageo":0,"MinPullingForceMax":0,"MinPushingForceMax":0,"MinPullingForcePermanent":0,"MinPushingForcePermanent":0,"ForceWithNegativeWind":0}

12:17:03.366 [main] DEBUG com.intuit.karate - response time in milliseconds: 672
1 < 200
1 < Content-Type: application/json; charset=utf-8
1 < Date: Tue, 19 Nov 2024 06:47:03 GMT
1 < Server: Microsoft-IIS/10.0
1 < X-Powered-By: ASP.NET
1 < Content-Length: 2008
1 < Connection: keep-alive
{
  "ProjectId": "d2659447-79dd-4004-bdd8-aebda2f103db",
  "Name": "asdefgh",
  "Description": "",
  "CustomTags": "",
  "ApplicationName": 1,
  "OpeningType": 3,
  "OpeningDirection": 2,
  "CalculateWeightWithGlass": false,
  "WindLoad": 275,
  "IsWindowOpeningCalculationByAngle": 1,
  "VentOuterWidth": 1230,
  "VentOuterHeight": 1480,
  "WeightIncGlassOrThickness": false,
  "VentWeight": 77,
  "VentWeightExact": 77.26400000000001,
  "GlassThickness": 14,
  "ProfileWeightPerSerialMeter": 2.5,
  "FacadeInclination": 14,
  "ChainLengthConnectingRodHandle": 5,
  "ChainLenghtConnectingRodHandle": 0,
  "RequiredOpeningStroke": 800,
  "OpeningWidth": 1000,
  "OpeningAngle": 37.955778805488166,
  "SpecificExhaustDimension": 35,
  "BuildingDepth": 65,
  "SnowLoad": 0,
  "DistanceHinge": 0,
  "RatedCurrent": 0,
  "DrivePosition": 1,
  "LockingMechanism": 1,
  "Voltage": 1,
  "DriveType": 1,
  "TypeOfInstallation": 2,
  "GeometricArea": 0,
  "CalculationTypeForVentilation": 1,
  "HeightOfProfile": 200,
  "Reveal": 0,
  "RevealDepth": 1000,
  "HeightProfileRectangleAngle1": 0,
  "HeightProfileRectangleAngle2": 0,
  "RevealDepthRectangleAngle1": 0,
  "RevealDepthRectangleAngle2": 0,
  "RevealDepthRectangleAngle12": 0,
  "InstallationPosition": 0,
  "RecommendedDriveArticleNo": 0,
  "System": "",
  "AkippOrAtilt": 2.168,
  "AdrehOrAturn": 1.8204,
  "Ageo": 1.8204,
  "MinPullingForceMax": 221.18697699968584,
  "MinPushingForceMax": 252.4689762220639,
  "MinPullingForcePermanent": 0,
  "MinPushingForcePermanent": 0,
  "ForceWithNegativeWind": -252.4689762220639,
  "ForceWithNoWindMin": 0,
  "ForceWithNegativeWindMin": -221.18697699968584,
  "ForceWithWindMin": 221.18697699968584,
  "Id": "8b11d2e1-fe65-46bb-82a6-4442277b52f2",
  "CreatedOn": "0001-01-01T00:00:00",
  "CreatedBy": "579816e4-6653-4794-b435-a885f32e28d7",
  "ModifiedOn": "2024-11-19T06:47:03.2751482+00:00",
  "ModifiedBy": "579816e4-6653-4794-b435-a885f32e28d7"
}

12:17:03.368 [main] INFO  com.intuit.karate - Rounded Opening Angle: 38 
12:17:03.368 [main] INFO  com.intuit.karate - Rounded Ageo: 1.82 
12:17:03.368 [main] INFO  com.intuit.karate - Rounded Required Opening Stroke: 800.0 
12:17:03.370 [main] INFO  com.intuit.karate - Rounded Vent Weight: 77 
12:17:03.377 [main] INFO  com.intuit.karate - karate.env system property was: null 
12:17:03.379 [main] INFO  com.intuit.karate - Running test for dataset:  Dataset20 
12:17:03.382 [main] DEBUG com.intuit.karate - request:
1 > PUT https://dev-drivetec-apis.schuecodigitalsolutions.com/Configurations
1 > Content-Type: application/json; charset=UTF-8
1 > Content-Length: 1265
1 > Host: dev-drivetec-apis.schuecodigitalsolutions.com
1 > Connection: Keep-Alive
1 > User-Agent: Apache-HttpClient/4.5.14 (Java/17.0.12)
1 > Accept-Encoding: gzip,deflate
{"Id":"8b11d2e1-fe65-46bb-82a6-4442277b52f2","Name":"asdefgh","Description":"","ProjectId":"d2659447-79dd-4004-bdd8-aebda2f103db","CustomTags":"","CreatedBy":"579816e4-6653-4794-b435-a885f32e28d7","ModifiedBy":"579816e4-6653-4794-b435-a885f32e28d7","System":"","FacadeInclination":14,"OpeningType":3,"OpeningDirection":2,"OpeningWidth":1000,"VentOuterWidth":1230,"VentOuterHeight":1480,"VentWeight":0,"CalculateWeightWithGlass":false,"RequiredOpeningStroke":400,"WindLoad":275,"SnowLoad":0,"IsWindowOpeningCalculationByAngle":1,"GlassThickness":14,"ProfileWeightPerSerialMeter":2.5,"DrivePosition":1,"InstallationPosition":0,"LockingMechanism":1,"Voltage":1,"DriveType":1,"TypeOfInstallation":2,"GeometricArea":0,"CalcVentilation":2,"SpecificExhaustDimension":30,"BuildingDepth":75,"CalculationTypeForVentilation":2,"HeightOfProfile":10,"HeightProfileRectangleAngle1":10,"HeightProfileRectangleAngle2":0,"RevealDepth":50,"RevealDepthRectangleAngle1":300,"RevealDepthRectangleAngle2":0,"ChainLengthConnectingRodHandle":5,"ApplicationName":1,"OpeningAngle":10,"WeightIncGlassOrThickness":false,"AkippOrAtilt":0,"AdrehOrAturn":0,"Ageo":0,"MinPullingForceMax":0,"MinPushingForceMax":0,"MinPullingForcePermanent":0,"MinPushingForcePermanent":0,"ForceWithNegativeWind":0}

12:17:04.181 [main] DEBUG com.intuit.karate - response time in milliseconds: 798
1 < 200
1 < Content-Type: application/json; charset=utf-8
1 < Date: Tue, 19 Nov 2024 06:47:03 GMT
1 < Server: Microsoft-IIS/10.0
1 < X-Powered-By: ASP.NET
1 < transfer-encoding: chunked
1 < Connection: keep-alive
{
  "ProjectId": "d2659447-79dd-4004-bdd8-aebda2f103db",
  "Name": "asdefgh",
  "Description": "",
  "CustomTags": "",
  "ApplicationName": 1,
  "OpeningType": 3,
  "OpeningDirection": 2,
  "CalculateWeightWithGlass": false,
  "WindLoad": 275,
  "IsWindowOpeningCalculationByAngle": 1,
  "VentOuterWidth": 1230,
  "VentOuterHeight": 1480,
  "WeightIncGlassOrThickness": false,
  "VentWeight": 77,
  "VentWeightExact": 77.26400000000001,
  "GlassThickness": 14,
  "ProfileWeightPerSerialMeter": 2.5,
  "FacadeInclination": 14,
  "ChainLengthConnectingRodHandle": 5,
  "ChainLenghtConnectingRodHandle": 0,
  "RequiredOpeningStroke": 400,
  "OpeningWidth": 1000,
  "OpeningAngle": 18.71587256936153,
  "SpecificExhaustDimension": 30,
  "BuildingDepth": 75,
  "SnowLoad": 0,
  "DistanceHinge": 0,
  "RatedCurrent": 0,
  "DrivePosition": 1,
  "LockingMechanism": 1,
  "Voltage": 1,
  "DriveType": 1,
  "TypeOfInstallation": 2,
  "GeometricArea": 0,
  "CalculationTypeForVentilation": 2,
  "HeightOfProfile": 10,
  "Reveal": 0,
  "RevealDepth": 50,
  "HeightProfileRectangleAngle1": 10,
  "HeightProfileRectangleAngle2": 0,
  "RevealDepthRectangleAngle1": 300,
  "RevealDepthRectangleAngle2": 0,
  "RevealDepthRectangleAngle12": 0,
  "InstallationPosition": 0,
  "RecommendedDriveArticleNo": 0,
  "System": "",
  "AkippOrAtilt": 1.084,
  "AdrehOrAturn": 1.8204,
  "Ageo": 0.4862868992152732,
  "MinPullingForceMax": 235.57647793675937,
  "MinPushingForceMax": 252.4689762220639,
  "MinPullingForcePermanent": 0,
  "MinPushingForcePermanent": 0,
  "ForceWithNegativeWind": -252.4689762220639,
  "ForceWithNoWindMin": 0,
  "ForceWithNegativeWindMin": -235.57647793675937,
  "ForceWithWindMin": 235.57647793675937,
  "Id": "8b11d2e1-fe65-46bb-82a6-4442277b52f2",
  "CreatedOn": "0001-01-01T00:00:00",
  "CreatedBy": "579816e4-6653-4794-b435-a885f32e28d7",
  "ModifiedOn": "2024-11-19T06:47:04.062628+00:00",
  "ModifiedBy": "579816e4-6653-4794-b435-a885f32e28d7"
}

12:17:04.186 [main] INFO  com.intuit.karate - Rounded Opening Angle: 19 
12:17:04.187 [main] INFO  com.intuit.karate - Rounded Ageo: 0.49 
12:17:04.188 [main] INFO  com.intuit.karate - Rounded Required Opening Stroke: 400.0 
12:17:04.189 [main] INFO  com.intuit.karate - Rounded Vent Weight: 77 
12:17:04.196 [main] INFO  com.intuit.karate - karate.env system property was: null 
12:17:04.198 [main] INFO  com.intuit.karate - Running test for dataset:  Dataset21 
12:17:04.200 [main] DEBUG com.intuit.karate - request:
1 > PUT https://dev-drivetec-apis.schuecodigitalsolutions.com/Configurations
1 > Content-Type: application/json; charset=UTF-8
1 > Content-Length: 1267
1 > Host: dev-drivetec-apis.schuecodigitalsolutions.com
1 > Connection: Keep-Alive
1 > User-Agent: Apache-HttpClient/4.5.14 (Java/17.0.12)
1 > Accept-Encoding: gzip,deflate
{"Id":"8b11d2e1-fe65-46bb-82a6-4442277b52f2","Name":"asdefgh","Description":"","ProjectId":"d2659447-79dd-4004-bdd8-aebda2f103db","CustomTags":"","CreatedBy":"579816e4-6653-4794-b435-a885f32e28d7","ModifiedBy":"579816e4-6653-4794-b435-a885f32e28d7","System":"","FacadeInclination":7,"OpeningType":4,"OpeningDirection":1,"OpeningWidth":1000,"VentOuterWidth":800,"VentOuterHeight":1600,"VentWeight":0,"CalculateWeightWithGlass":false,"RequiredOpeningStroke":800,"WindLoad":120,"SnowLoad":1035,"IsWindowOpeningCalculationByAngle":1,"GlassThickness":13,"ProfileWeightPerSerialMeter":2.5,"DrivePosition":1,"InstallationPosition":0,"LockingMechanism":1,"Voltage":1,"DriveType":3,"TypeOfInstallation":2,"GeometricArea":0,"CalcVentilation":2,"SpecificExhaustDimension":50,"BuildingDepth":100,"CalculationTypeForVentilation":2,"HeightOfProfile":10,"HeightProfileRectangleAngle1":0,"HeightProfileRectangleAngle2":10,"RevealDepth":300,"RevealDepthRectangleAngle1":0,"RevealDepthRectangleAngle2":50,"ChainLengthConnectingRodHandle":1,"ApplicationName":2,"OpeningAngle":10,"WeightIncGlassOrThickness":false,"AkippOrAtilt":0,"AdrehOrAturn":0,"Ageo":0,"MinPullingForceMax":0,"MinPushingForceMax":0,"MinPullingForcePermanent":0,"MinPushingForcePermanent":0,"ForceWithNegativeWind":0}

12:17:04.870 [main] DEBUG com.intuit.karate - response time in milliseconds: 670
1 < 200
1 < Content-Type: application/json; charset=utf-8
1 < Date: Tue, 19 Nov 2024 06:47:04 GMT
1 < Server: Microsoft-IIS/10.0
1 < X-Powered-By: ASP.NET
1 < Content-Length: 2051
1 < Connection: keep-alive
{
  "ProjectId": "d2659447-79dd-4004-bdd8-aebda2f103db",
  "Name": "asdefgh",
  "Description": "",
  "CustomTags": "",
  "ApplicationName": 2,
  "OpeningType": 4,
  "OpeningDirection": 1,
  "CalculateWeightWithGlass": false,
  "WindLoad": 120,
  "IsWindowOpeningCalculationByAngle": 1,
  "VentOuterWidth": 800,
  "VentOuterHeight": 1600,
  "WeightIncGlassOrThickness": false,
  "VentWeight": 54,
  "VentWeightExact": 53.6,
  "GlassThickness": 13,
  "ProfileWeightPerSerialMeter": 2.5,
  "FacadeInclination": 7,
  "ChainLengthConnectingRodHandle": 1,
  "ChainLenghtConnectingRodHandle": 0,
  "RequiredOpeningStroke": 800,
  "OpeningWidth": 1000,
  "OpeningAngle": 60.00000000000001,
  "SpecificExhaustDimension": 50,
  "BuildingDepth": 100,
  "SnowLoad": 1035,
  "DistanceHinge": 0,
  "RatedCurrent": 0,
  "DrivePosition": 1,
  "LockingMechanism": 1,
  "Voltage": 1,
  "DriveType": 3,
  "TypeOfInstallation": 2,
  "GeometricArea": 0,
  "CalculationTypeForVentilation": 2,
  "HeightOfProfile": 10,
  "Reveal": 0,
  "RevealDepth": 300,
  "HeightProfileRectangleAngle1": 0,
  "HeightProfileRectangleAngle2": 10,
  "RevealDepthRectangleAngle1": 0,
  "RevealDepthRectangleAngle2": 50,
  "RevealDepthRectangleAngle12": 0,
  "InstallationPosition": 0,
  "RecommendedDriveArticleNo": 0,
  "System": "",
  "AkippOrAtilt": 3.84,
  "AdrehOrAturn": 1.28,
  "Ageo": 0.9619784315200841,
  "MinPullingForceMax": 1165.4514860302625,
  "MinPushingForceMax": 1599.9634410520912,
  "MinPullingForcePermanent": 537.3355554483862,
  "MinPushingForcePermanent": 537.3355554483862,
  "ForceWithNegativeWind": 1599.702583112022,
  "ForceWithNoWindMin": 372.444430955717,
  "ForceWithNegativeWindMin": 1052.3161285084368,
  "ForceWithWindMin": 1165.4514860302625,
  "Id": "8b11d2e1-fe65-46bb-82a6-4442277b52f2",
  "CreatedOn": "0001-01-01T00:00:00",
  "CreatedBy": "579816e4-6653-4794-b435-a885f32e28d7",
  "ModifiedOn": "2024-11-19T06:47:04.7884203+00:00",
  "ModifiedBy": "579816e4-6653-4794-b435-a885f32e28d7"
}

12:17:04.872 [main] INFO  com.intuit.karate - Rounded Opening Angle: 60 
12:17:04.872 [main] INFO  com.intuit.karate - Rounded Ageo: 0.96 
12:17:04.872 [main] INFO  com.intuit.karate - Rounded Required Opening Stroke: 800.0 
12:17:04.872 [main] INFO  com.intuit.karate - Rounded Vent Weight: 54 
12:17:04.877 [main] INFO  com.intuit.karate - karate.env system property was: null 
12:17:04.878 [main] INFO  com.intuit.karate - Running test for dataset:  Dataset22 
12:17:04.881 [main] DEBUG com.intuit.karate - request:
1 > PUT https://dev-drivetec-apis.schuecodigitalsolutions.com/Configurations
1 > Content-Type: application/json; charset=UTF-8
1 > Content-Length: 1267
1 > Host: dev-drivetec-apis.schuecodigitalsolutions.com
1 > Connection: Keep-Alive
1 > User-Agent: Apache-HttpClient/4.5.14 (Java/17.0.12)
1 > Accept-Encoding: gzip,deflate
{"Id":"8b11d2e1-fe65-46bb-82a6-4442277b52f2","Name":"asdefgh","Description":"","ProjectId":"d2659447-79dd-4004-bdd8-aebda2f103db","CustomTags":"","CreatedBy":"579816e4-6653-4794-b435-a885f32e28d7","ModifiedBy":"579816e4-6653-4794-b435-a885f32e28d7","System":"","FacadeInclination":7,"OpeningType":4,"OpeningDirection":1,"OpeningWidth":1000,"VentOuterWidth":800,"VentOuterHeight":1600,"VentWeight":0,"CalculateWeightWithGlass":false,"RequiredOpeningStroke":800,"WindLoad":120,"SnowLoad":1036,"IsWindowOpeningCalculationByAngle":1,"GlassThickness":13,"ProfileWeightPerSerialMeter":2.5,"DrivePosition":1,"InstallationPosition":0,"LockingMechanism":1,"Voltage":1,"DriveType":3,"TypeOfInstallation":2,"GeometricArea":0,"CalcVentilation":2,"SpecificExhaustDimension":50,"BuildingDepth":100,"CalculationTypeForVentilation":2,"HeightOfProfile":10,"HeightProfileRectangleAngle1":0,"HeightProfileRectangleAngle2":10,"RevealDepth":300,"RevealDepthRectangleAngle1":0,"RevealDepthRectangleAngle2":50,"ChainLengthConnectingRodHandle":1,"ApplicationName":2,"OpeningAngle":10,"WeightIncGlassOrThickness":false,"AkippOrAtilt":0,"AdrehOrAturn":0,"Ageo":0,"MinPullingForceMax":0,"MinPushingForceMax":0,"MinPullingForcePermanent":0,"MinPushingForcePermanent":0,"ForceWithNegativeWind":0}

12:17:05.719 [main] DEBUG com.intuit.karate - response time in milliseconds: 837
1 < 200
1 < Content-Type: application/json; charset=utf-8
1 < Date: Tue, 19 Nov 2024 06:47:04 GMT
1 < Server: Microsoft-IIS/10.0
1 < X-Powered-By: ASP.NET
1 < Content-Length: 2049
1 < Connection: keep-alive
{
  "ProjectId": "d2659447-79dd-4004-bdd8-aebda2f103db",
  "Name": "asdefgh",
  "Description": "",
  "CustomTags": "",
  "ApplicationName": 2,
  "OpeningType": 4,
  "OpeningDirection": 1,
  "CalculateWeightWithGlass": false,
  "WindLoad": 120,
  "IsWindowOpeningCalculationByAngle": 1,
  "VentOuterWidth": 800,
  "VentOuterHeight": 1600,
  "WeightIncGlassOrThickness": false,
  "VentWeight": 54,
  "VentWeightExact": 53.6,
  "GlassThickness": 13,
  "ProfileWeightPerSerialMeter": 2.5,
  "FacadeInclination": 7,
  "ChainLengthConnectingRodHandle": 1,
  "ChainLenghtConnectingRodHandle": 0,
  "RequiredOpeningStroke": 800,
  "OpeningWidth": 1000,
  "OpeningAngle": 60.00000000000001,
  "SpecificExhaustDimension": 50,
  "BuildingDepth": 100,
  "SnowLoad": 1036,
  "DistanceHinge": 0,
  "RatedCurrent": 0,
  "DrivePosition": 1,
  "LockingMechanism": 1,
  "Voltage": 1,
  "DriveType": 3,
  "TypeOfInstallation": 2,
  "GeometricArea": 0,
  "CalculationTypeForVentilation": 2,
  "HeightOfProfile": 10,
  "Reveal": 0,
  "RevealDepth": 300,
  "HeightProfileRectangleAngle1": 0,
  "HeightProfileRectangleAngle2": 10,
  "RevealDepthRectangleAngle1": 0,
  "RevealDepthRectangleAngle2": 50,
  "RevealDepthRectangleAngle12": 0,
  "InstallationPosition": 0,
  "RecommendedDriveArticleNo": 0,
  "System": "",
  "AkippOrAtilt": 3.84,
  "AdrehOrAturn": 1.28,
  "Ageo": 0.9619784315200841,
  "MinPullingForceMax": 1166.163021659551,
  "MinPushingForceMax": 1600.9899785072835,
  "MinPullingForcePermanent": 537.3355554483862,
  "MinPushingForcePermanent": 537.3355554483862,
  "ForceWithNegativeWind": 1600.729124064864,
  "ForceWithNoWindMin": 372.444430955717,
  "ForceWithNegativeWindMin": 1053.0276641377254,
  "ForceWithWindMin": 1166.163021659551,
  "Id": "8b11d2e1-fe65-46bb-82a6-4442277b52f2",
  "CreatedOn": "0001-01-01T00:00:00",
  "CreatedBy": "579816e4-6653-4794-b435-a885f32e28d7",
  "ModifiedOn": "2024-11-19T06:47:05.5959044+00:00",
  "ModifiedBy": "579816e4-6653-4794-b435-a885f32e28d7"
}

12:17:05.722 [main] INFO  com.intuit.karate - Rounded Opening Angle: 60 
12:17:05.722 [main] INFO  com.intuit.karate - Rounded Ageo: 0.96 
12:17:05.722 [main] INFO  com.intuit.karate - Rounded Required Opening Stroke: 800.0 
12:17:05.723 [main] INFO  com.intuit.karate - Rounded Vent Weight: 54 
12:17:05.728 [main] INFO  com.intuit.karate - karate.env system property was: null 
12:17:05.730 [main] INFO  com.intuit.karate - Running test for dataset:  Dataset23 
12:17:05.734 [main] DEBUG com.intuit.karate - request:
1 > PUT https://dev-drivetec-apis.schuecodigitalsolutions.com/Configurations
1 > Content-Type: application/json; charset=UTF-8
1 > Content-Length: 1262
1 > Host: dev-drivetec-apis.schuecodigitalsolutions.com
1 > Connection: Keep-Alive
1 > User-Agent: Apache-HttpClient/4.5.14 (Java/17.0.12)
1 > Accept-Encoding: gzip,deflate
{"Id":"8b11d2e1-fe65-46bb-82a6-4442277b52f2","Name":"asdefgh","Description":"","ProjectId":"d2659447-79dd-4004-bdd8-aebda2f103db","CustomTags":"","CreatedBy":"579816e4-6653-4794-b435-a885f32e28d7","ModifiedBy":"579816e4-6653-4794-b435-a885f32e28d7","System":"","FacadeInclination":7,"OpeningType":4,"OpeningDirection":1,"OpeningWidth":1000,"VentOuterWidth":750,"VentOuterHeight":1500,"VentWeight":0,"CalculateWeightWithGlass":false,"RequiredOpeningStroke":800,"WindLoad":120,"SnowLoad":0,"IsWindowOpeningCalculationByAngle":1,"GlassThickness":13,"ProfileWeightPerSerialMeter":0,"DrivePosition":1,"InstallationPosition":0,"LockingMechanism":1,"Voltage":1,"DriveType":3,"TypeOfInstallation":2,"GeometricArea":0,"CalcVentilation":2,"SpecificExhaustDimension":50,"BuildingDepth":100,"CalculationTypeForVentilation":2,"HeightOfProfile":10,"HeightProfileRectangleAngle1":0,"HeightProfileRectangleAngle2":10,"RevealDepth":300,"RevealDepthRectangleAngle1":0,"RevealDepthRectangleAngle2":50,"ChainLengthConnectingRodHandle":1,"ApplicationName":2,"OpeningAngle":10,"WeightIncGlassOrThickness":false,"AkippOrAtilt":0,"AdrehOrAturn":0,"Ageo":0,"MinPullingForceMax":0,"MinPushingForceMax":0,"MinPullingForcePermanent":0,"MinPushingForcePermanent":0,"ForceWithNegativeWind":0}

12:17:06.536 [main] DEBUG com.intuit.karate - response time in milliseconds: 799
1 < 200
1 < Content-Type: application/json; charset=utf-8
1 < Date: Tue, 19 Nov 2024 06:47:06 GMT
1 < Server: Microsoft-IIS/10.0
1 < X-Powered-By: ASP.NET
1 < Content-Length: 2054
1 < Connection: keep-alive
{
  "ProjectId": "d2659447-79dd-4004-bdd8-aebda2f103db",
  "Name": "asdefgh",
  "Description": "",
  "CustomTags": "",
  "ApplicationName": 2,
  "OpeningType": 4,
  "OpeningDirection": 1,
  "CalculateWeightWithGlass": false,
  "WindLoad": 120,
  "IsWindowOpeningCalculationByAngle": 1,
  "VentOuterWidth": 750,
  "VentOuterHeight": 1500,
  "WeightIncGlassOrThickness": false,
  "VentWeight": 37,
  "VentWeightExact": 36.5625,
  "GlassThickness": 13,
  "ProfileWeightPerSerialMeter": 0,
  "FacadeInclination": 7,
  "ChainLengthConnectingRodHandle": 1,
  "ChainLenghtConnectingRodHandle": 0,
  "RequiredOpeningStroke": 800,
  "OpeningWidth": 1000,
  "OpeningAngle": 64.46190527100423,
  "SpecificExhaustDimension": 50,
  "BuildingDepth": 100,
  "SnowLoad": 0,
  "DistanceHinge": 0,
  "RatedCurrent": 0,
  "DrivePosition": 1,
  "LockingMechanism": 1,
  "Voltage": 1,
  "DriveType": 3,
  "TypeOfInstallation": 2,
  "GeometricArea": 0,
  "CalculationTypeForVentilation": 2,
  "HeightOfProfile": 10,
  "Reveal": 0,
  "RevealDepth": 300,
  "HeightProfileRectangleAngle1": 0,
  "HeightProfileRectangleAngle2": 10,
  "RevealDepthRectangleAngle1": 0,
  "RevealDepthRectangleAngle2": 50,
  "RevealDepthRectangleAngle12": 0,
  "InstallationPosition": 0,
  "RecommendedDriveArticleNo": 0,
  "System": "",
  "AkippOrAtilt": 3.6,
  "AdrehOrAturn": 1.125,
  "Ageo": 0.8477391771213147,
  "MinPullingForceMax": 345.88865445842475,
  "MinPushingForceMax": 369.80316099429183,
  "MinPullingForcePermanent": 366.53603724242447,
  "MinPushingForcePermanent": 366.53603724242447,
  "ForceWithNegativeWind": 366.46058360746116,
  "ForceWithNoWindMin": 232.45638741458947,
  "ForceWithNegativeWindMin": 175.74025389267183,
  "ForceWithWindMin": 345.88865445842475,
  "Id": "8b11d2e1-fe65-46bb-82a6-4442277b52f2",
  "CreatedOn": "0001-01-01T00:00:00",
  "CreatedBy": "579816e4-6653-4794-b435-a885f32e28d7",
  "ModifiedOn": "2024-11-19T06:47:06.4250988+00:00",
  "ModifiedBy": "579816e4-6653-4794-b435-a885f32e28d7"
}

12:17:06.538 [main] INFO  com.intuit.karate - Rounded Opening Angle: 64 
12:17:06.540 [main] INFO  com.intuit.karate - Rounded Ageo: 0.85 
12:17:06.540 [main] INFO  com.intuit.karate - Rounded Required Opening Stroke: 800.0 
12:17:06.540 [main] INFO  com.intuit.karate - Rounded Vent Weight: 37 
12:17:06.548 [main] INFO  com.intuit.karate - karate.env system property was: null 
12:17:06.550 [main] INFO  com.intuit.karate - Running test for dataset:  Dataset24 
12:17:06.556 [main] DEBUG com.intuit.karate - request:
1 > PUT https://dev-drivetec-apis.schuecodigitalsolutions.com/Configurations
1 > Content-Type: application/json; charset=UTF-8
1 > Content-Length: 1263
1 > Host: dev-drivetec-apis.schuecodigitalsolutions.com
1 > Connection: Keep-Alive
1 > User-Agent: Apache-HttpClient/4.5.14 (Java/17.0.12)
1 > Accept-Encoding: gzip,deflate
{"Id":"8b11d2e1-fe65-46bb-82a6-4442277b52f2","Name":"asdefgh","Description":"","ProjectId":"d2659447-79dd-4004-bdd8-aebda2f103db","CustomTags":"","CreatedBy":"579816e4-6653-4794-b435-a885f32e28d7","ModifiedBy":"579816e4-6653-4794-b435-a885f32e28d7","System":"","FacadeInclination":0,"OpeningType":1,"OpeningDirection":1,"OpeningWidth":1000,"VentOuterWidth":4000,"VentOuterHeight":4000,"VentWeight":0,"CalculateWeightWithGlass":false,"RequiredOpeningStroke":1200,"WindLoad":1,"SnowLoad":0,"IsWindowOpeningCalculationByAngle":1,"GlassThickness":1,"ProfileWeightPerSerialMeter":1,"DrivePosition":1,"InstallationPosition":0,"LockingMechanism":1,"Voltage":1,"DriveType":1,"TypeOfInstallation":2,"GeometricArea":0,"CalcVentilation":2,"SpecificExhaustDimension":30,"BuildingDepth":75,"CalculationTypeForVentilation":2,"HeightOfProfile":40,"HeightProfileRectangleAngle1":25,"HeightProfileRectangleAngle2":200,"RevealDepth":30,"RevealDepthRectangleAngle1":75,"RevealDepthRectangleAngle2":300,"ChainLengthConnectingRodHandle":5,"ApplicationName":1,"OpeningAngle":10,"WeightIncGlassOrThickness":false,"AkippOrAtilt":0,"AdrehOrAturn":0,"Ageo":0,"MinPullingForceMax":0,"MinPushingForceMax":0,"MinPullingForcePermanent":0,"MinPushingForcePermanent":0,"ForceWithNegativeWind":0}

12:17:07.354 [main] DEBUG com.intuit.karate - response time in milliseconds: 796
1 < 200
1 < Content-Type: application/json; charset=utf-8
1 < Date: Tue, 19 Nov 2024 06:47:06 GMT
1 < Server: Microsoft-IIS/10.0
1 < X-Powered-By: ASP.NET
1 < Content-Length: 2046
1 < Connection: keep-alive
{
  "ProjectId": "d2659447-79dd-4004-bdd8-aebda2f103db",
  "Name": "asdefgh",
  "Description": "",
  "CustomTags": "",
  "ApplicationName": 1,
  "OpeningType": 1,
  "OpeningDirection": 1,
  "CalculateWeightWithGlass": false,
  "WindLoad": 1,
  "IsWindowOpeningCalculationByAngle": 1,
  "VentOuterWidth": 4000,
  "VentOuterHeight": 4000,
  "WeightIncGlassOrThickness": false,
  "VentWeight": 56,
  "VentWeightExact": 56,
  "GlassThickness": 1,
  "ProfileWeightPerSerialMeter": 1,
  "FacadeInclination": 0,
  "ChainLengthConnectingRodHandle": 5,
  "ChainLenghtConnectingRodHandle": 0,
  "RequiredOpeningStroke": 1200,
  "OpeningWidth": 1000,
  "OpeningAngle": 17.253853117357277,
  "SpecificExhaustDimension": 30,
  "BuildingDepth": 75,
  "SnowLoad": 0,
  "DistanceHinge": 0,
  "RatedCurrent": 0,
  "DrivePosition": 1,
  "LockingMechanism": 1,
  "Voltage": 1,
  "DriveType": 1,
  "TypeOfInstallation": 2,
  "GeometricArea": 0,
  "CalculationTypeForVentilation": 2,
  "HeightOfProfile": 40,
  "Reveal": 0,
  "RevealDepth": 30,
  "HeightProfileRectangleAngle1": 25,
  "HeightProfileRectangleAngle2": 200,
  "RevealDepthRectangleAngle1": 75,
  "RevealDepthRectangleAngle2": 300,
  "RevealDepthRectangleAngle12": 0,
  "InstallationPosition": 0,
  "RecommendedDriveArticleNo": 0,
  "System": "",
  "AkippOrAtilt": 9.6,
  "AdrehOrAturn": 16,
  "Ageo": 5.98485012230652,
  "MinPullingForceMax": -7.777023447904845,
  "MinPushingForceMax": -91.16793886924938,
  "MinPullingForcePermanent": -83.78459885589518,
  "MinPushingForcePermanent": -83.78459885589518,
  "ForceWithNegativeWind": -76.40125884254098,
  "ForceWithNoWindMin": 0.22297147900531375,
  "ForceWithNegativeWindMin": 8.222966405915471,
  "ForceWithWindMin": -7.777023447904845,
  "Id": "8b11d2e1-fe65-46bb-82a6-4442277b52f2",
  "CreatedOn": "0001-01-01T00:00:00",
  "CreatedBy": "579816e4-6653-4794-b435-a885f32e28d7",
  "ModifiedOn": "2024-11-19T06:47:07.2378505+00:00",
  "ModifiedBy": "579816e4-6653-4794-b435-a885f32e28d7"
}

12:17:07.359 [main] INFO  com.intuit.karate - Rounded Opening Angle: 17 
12:17:07.360 [main] INFO  com.intuit.karate - Rounded Ageo: 5.98 
12:17:07.361 [main] INFO  com.intuit.karate - Rounded Required Opening Stroke: 1200.0 
12:17:07.362 [main] INFO  com.intuit.karate - Rounded Vent Weight: 56 
12:17:07.372 [main] INFO  com.intuit.karate - karate.env system property was: null 
12:17:07.374 [main] INFO  com.intuit.karate - Running test for dataset:  Dataset25 
12:17:07.378 [main] DEBUG com.intuit.karate - request:
1 > PUT https://dev-drivetec-apis.schuecodigitalsolutions.com/Configurations
1 > Content-Type: application/json; charset=UTF-8
1 > Content-Length: 1262
1 > Host: dev-drivetec-apis.schuecodigitalsolutions.com
1 > Connection: Keep-Alive
1 > User-Agent: Apache-HttpClient/4.5.14 (Java/17.0.12)
1 > Accept-Encoding: gzip,deflate
{"Id":"8b11d2e1-fe65-46bb-82a6-4442277b52f2","Name":"asdefgh","Description":"","ProjectId":"d2659447-79dd-4004-bdd8-aebda2f103db","CustomTags":"","CreatedBy":"579816e4-6653-4794-b435-a885f32e28d7","ModifiedBy":"579816e4-6653-4794-b435-a885f32e28d7","System":"","FacadeInclination":0,"OpeningType":1,"OpeningDirection":1,"OpeningWidth":1000,"VentOuterWidth":4000,"VentOuterHeight":4000,"VentWeight":0,"CalculateWeightWithGlass":false,"RequiredOpeningStroke":800,"WindLoad":1,"SnowLoad":0,"IsWindowOpeningCalculationByAngle":1,"GlassThickness":1,"ProfileWeightPerSerialMeter":1,"DrivePosition":1,"InstallationPosition":0,"LockingMechanism":1,"Voltage":1,"DriveType":1,"TypeOfInstallation":2,"GeometricArea":0,"CalcVentilation":2,"SpecificExhaustDimension":30,"BuildingDepth":75,"CalculationTypeForVentilation":2,"HeightOfProfile":40,"HeightProfileRectangleAngle1":25,"HeightProfileRectangleAngle2":200,"RevealDepth":30,"RevealDepthRectangleAngle1":75,"RevealDepthRectangleAngle2":300,"ChainLengthConnectingRodHandle":5,"ApplicationName":1,"OpeningAngle":10,"WeightIncGlassOrThickness":false,"AkippOrAtilt":0,"AdrehOrAturn":0,"Ageo":0,"MinPullingForceMax":0,"MinPushingForceMax":0,"MinPullingForcePermanent":0,"MinPushingForcePermanent":0,"ForceWithNegativeWind":0}

12:17:08.172 [main] DEBUG com.intuit.karate - response time in milliseconds: 793
1 < 200
1 < Content-Type: application/json; charset=utf-8
1 < Date: Tue, 19 Nov 2024 06:47:08 GMT
1 < Server: Microsoft-IIS/10.0
1 < X-Powered-By: ASP.NET
1 < Content-Length: 2046
1 < Connection: keep-alive
{
  "ProjectId": "d2659447-79dd-4004-bdd8-aebda2f103db",
  "Name": "asdefgh",
  "Description": "",
  "CustomTags": "",
  "ApplicationName": 1,
  "OpeningType": 1,
  "OpeningDirection": 1,
  "CalculateWeightWithGlass": false,
  "WindLoad": 1,
  "IsWindowOpeningCalculationByAngle": 1,
  "VentOuterWidth": 4000,
  "VentOuterHeight": 4000,
  "WeightIncGlassOrThickness": false,
  "VentWeight": 56,
  "VentWeightExact": 56,
  "GlassThickness": 1,
  "ProfileWeightPerSerialMeter": 1,
  "FacadeInclination": 0,
  "ChainLengthConnectingRodHandle": 5,
  "ChainLenghtConnectingRodHandle": 0,
  "RequiredOpeningStroke": 800,
  "OpeningWidth": 1000,
  "OpeningAngle": 11.478340954533573,
  "SpecificExhaustDimension": 30,
  "BuildingDepth": 75,
  "SnowLoad": 0,
  "DistanceHinge": 0,
  "RatedCurrent": 0,
  "DrivePosition": 1,
  "LockingMechanism": 1,
  "Voltage": 1,
  "DriveType": 1,
  "TypeOfInstallation": 2,
  "GeometricArea": 0,
  "CalculationTypeForVentilation": 2,
  "HeightOfProfile": 40,
  "Reveal": 0,
  "RevealDepth": 30,
  "HeightProfileRectangleAngle1": 25,
  "HeightProfileRectangleAngle2": 200,
  "RevealDepthRectangleAngle1": 75,
  "RevealDepthRectangleAngle2": 300,
  "RevealDepthRectangleAngle12": 0,
  "InstallationPosition": 0,
  "RecommendedDriveArticleNo": 0,
  "System": "",
  "AkippOrAtilt": 6.4,
  "AdrehOrAturn": 16,
  "Ageo": 4.054990850725535,
  "MinPullingForceMax": -7.777023447904845,
  "MinPushingForceMax": -63.504768498558995,
  "MinPullingForcePermanent": -55.78036937142065,
  "MinPushingForcePermanent": -55.78036937142065,
  "ForceWithNegativeWind": -48.0559702442823,
  "ForceWithNoWindMin": 0.22297147900531375,
  "ForceWithNegativeWindMin": 8.222966405915471,
  "ForceWithWindMin": -7.777023447904845,
  "Id": "8b11d2e1-fe65-46bb-82a6-4442277b52f2",
  "CreatedOn": "0001-01-01T00:00:00",
  "CreatedBy": "579816e4-6653-4794-b435-a885f32e28d7",
  "ModifiedOn": "2024-11-19T06:47:08.0537643+00:00",
  "ModifiedBy": "579816e4-6653-4794-b435-a885f32e28d7"
}

12:17:08.176 [main] INFO  com.intuit.karate - Rounded Opening Angle: 11 
12:17:08.178 [main] INFO  com.intuit.karate - Rounded Ageo: 4.05 
12:17:08.179 [main] INFO  com.intuit.karate - Rounded Required Opening Stroke: 800.0 
12:17:08.179 [main] INFO  com.intuit.karate - Rounded Vent Weight: 56 
12:17:08.187 [main] INFO  com.intuit.karate - karate.env system property was: null 
12:17:08.189 [main] INFO  com.intuit.karate - Running test for dataset:  Dataset26 
12:17:08.192 [main] DEBUG com.intuit.karate - request:
1 > PUT https://dev-drivetec-apis.schuecodigitalsolutions.com/Configurations
1 > Content-Type: application/json; charset=UTF-8
1 > Content-Length: 1258
1 > Host: dev-drivetec-apis.schuecodigitalsolutions.com
1 > Connection: Keep-Alive
1 > User-Agent: Apache-HttpClient/4.5.14 (Java/17.0.12)
1 > Accept-Encoding: gzip,deflate
{"Id":"8b11d2e1-fe65-46bb-82a6-4442277b52f2","Name":"asdefgh","Description":"","ProjectId":"d2659447-79dd-4004-bdd8-aebda2f103db","CustomTags":"","CreatedBy":"579816e4-6653-4794-b435-a885f32e28d7","ModifiedBy":"579816e4-6653-4794-b435-a885f32e28d7","System":"","FacadeInclination":0,"OpeningType":3,"OpeningDirection":2,"OpeningWidth":1000,"VentOuterWidth":622,"VentOuterHeight":1422,"VentWeight":0,"CalculateWeightWithGlass":false,"RequiredOpeningStroke":609,"WindLoad":120,"SnowLoad":0,"IsWindowOpeningCalculationByAngle":1,"GlassThickness":14,"ProfileWeightPerSerialMeter":2.5,"DrivePosition":1,"InstallationPosition":0,"LockingMechanism":1,"Voltage":1,"DriveType":1,"TypeOfInstallation":2,"GeometricArea":0,"CalcVentilation":2,"SpecificExhaustDimension":45,"BuildingDepth":90,"CalculationTypeForVentilation":2,"HeightOfProfile":0,"HeightProfileRectangleAngle1":0,"HeightProfileRectangleAngle2":0,"RevealDepth":0,"RevealDepthRectangleAngle1":0,"RevealDepthRectangleAngle2":0,"ChainLengthConnectingRodHandle":5,"ApplicationName":1,"OpeningAngle":10,"WeightIncGlassOrThickness":false,"AkippOrAtilt":0,"AdrehOrAturn":0,"Ageo":0,"MinPullingForceMax":0,"MinPushingForceMax":0,"MinPullingForcePermanent":0,"MinPushingForcePermanent":0,"ForceWithNegativeWind":0}

12:17:08.931 [main] DEBUG com.intuit.karate - response time in milliseconds: 738
1 < 200
1 < Content-Type: application/json; charset=utf-8
1 < Date: Tue, 19 Nov 2024 06:47:08 GMT
1 < Server: Microsoft-IIS/10.0
1 < X-Powered-By: ASP.NET
1 < Content-Length: 2003
1 < Connection: keep-alive
{
  "ProjectId": "d2659447-79dd-4004-bdd8-aebda2f103db",
  "Name": "asdefgh",
  "Description": "",
  "CustomTags": "",
  "ApplicationName": 1,
  "OpeningType": 3,
  "OpeningDirection": 2,
  "CalculateWeightWithGlass": false,
  "WindLoad": 120,
  "IsWindowOpeningCalculationByAngle": 1,
  "VentOuterWidth": 622,
  "VentOuterHeight": 1422,
  "WeightIncGlassOrThickness": false,
  "VentWeight": 41,
  "VentWeightExact": 41.17694,
  "GlassThickness": 14,
  "ProfileWeightPerSerialMeter": 2.5,
  "FacadeInclination": 0,
  "ChainLengthConnectingRodHandle": 5,
  "ChainLenghtConnectingRodHandle": 0,
  "RequiredOpeningStroke": 609,
  "OpeningWidth": 1000,
  "OpeningAngle": 58.621996217619376,
  "SpecificExhaustDimension": 45,
  "BuildingDepth": 90,
  "SnowLoad": 0,
  "DistanceHinge": 0,
  "RatedCurrent": 0,
  "DrivePosition": 1,
  "LockingMechanism": 1,
  "Voltage": 1,
  "DriveType": 1,
  "TypeOfInstallation": 2,
  "GeometricArea": 0,
  "CalculationTypeForVentilation": 2,
  "HeightOfProfile": 0,
  "Reveal": 0,
  "RevealDepth": 0,
  "HeightProfileRectangleAngle1": 0,
  "HeightProfileRectangleAngle2": 0,
  "RevealDepthRectangleAngle1": 0,
  "RevealDepthRectangleAngle2": 0,
  "RevealDepthRectangleAngle12": 0,
  "InstallationPosition": 0,
  "RecommendedDriveArticleNo": 0,
  "System": "",
  "AkippOrAtilt": 1.244796,
  "AdrehOrAturn": 0.884484,
  "Ageo": 0.5968148354716,
  "MinPullingForceMax": 16.54303301718357,
  "MinPushingForceMax": 53.06902220807022,
  "MinPullingForcePermanent": 0,
  "MinPushingForcePermanent": 0,
  "ForceWithNegativeWind": -53.06902220807022,
  "ForceWithNoWindMin": 0,
  "ForceWithNegativeWindMin": -16.54303301718357,
  "ForceWithWindMin": 16.54303301718357,
  "Id": "8b11d2e1-fe65-46bb-82a6-4442277b52f2",
  "CreatedOn": "0001-01-01T00:00:00",
  "CreatedBy": "579816e4-6653-4794-b435-a885f32e28d7",
  "ModifiedOn": "2024-11-19T06:47:08.8506247+00:00",
  "ModifiedBy": "579816e4-6653-4794-b435-a885f32e28d7"
}

12:17:08.933 [main] INFO  com.intuit.karate - Rounded Opening Angle: 59 
12:17:08.934 [main] INFO  com.intuit.karate - Rounded Ageo: 0.6 
12:17:08.934 [main] INFO  com.intuit.karate - Rounded Required Opening Stroke: 609.0 
12:17:08.934 [main] INFO  com.intuit.karate - Rounded Vent Weight: 41 
12:17:08.941 [main] INFO  com.intuit.karate - karate.env system property was: null 
12:17:08.944 [main] INFO  com.intuit.karate - Running test for dataset:  Dataset27 
12:17:08.946 [main] DEBUG com.intuit.karate - request:
1 > PUT https://dev-drivetec-apis.schuecodigitalsolutions.com/Configurations
1 > Content-Type: application/json; charset=UTF-8
1 > Content-Length: 1260
1 > Host: dev-drivetec-apis.schuecodigitalsolutions.com
1 > Connection: Keep-Alive
1 > User-Agent: Apache-HttpClient/4.5.14 (Java/17.0.12)
1 > Accept-Encoding: gzip,deflate
{"Id":"8b11d2e1-fe65-46bb-82a6-4442277b52f2","Name":"asdefgh","Description":"","ProjectId":"d2659447-79dd-4004-bdd8-aebda2f103db","CustomTags":"","CreatedBy":"579816e4-6653-4794-b435-a885f32e28d7","ModifiedBy":"579816e4-6653-4794-b435-a885f32e28d7","System":"","FacadeInclination":45,"OpeningType":1,"OpeningDirection":1,"OpeningWidth":1000,"VentOuterWidth":1230,"VentOuterHeight":1480,"VentWeight":0,"CalculateWeightWithGlass":false,"RequiredOpeningStroke":400,"WindLoad":120,"SnowLoad":0,"IsWindowOpeningCalculationByAngle":1,"GlassThickness":14,"ProfileWeightPerSerialMeter":2.5,"DrivePosition":1,"InstallationPosition":0,"LockingMechanism":1,"Voltage":1,"DriveType":1,"TypeOfInstallation":2,"GeometricArea":0,"CalcVentilation":2,"SpecificExhaustDimension":46,"BuildingDepth":75,"CalculationTypeForVentilation":2,"HeightOfProfile":0,"HeightProfileRectangleAngle1":0,"HeightProfileRectangleAngle2":0,"RevealDepth":0,"RevealDepthRectangleAngle1":0,"RevealDepthRectangleAngle2":0,"ChainLengthConnectingRodHandle":5,"ApplicationName":1,"OpeningAngle":10,"WeightIncGlassOrThickness":false,"AkippOrAtilt":0,"AdrehOrAturn":0,"Ageo":0,"MinPullingForceMax":0,"MinPushingForceMax":0,"MinPullingForcePermanent":0,"MinPushingForcePermanent":0,"ForceWithNegativeWind":0}

12:17:09.812 [main] DEBUG com.intuit.karate - response time in milliseconds: 865
1 < 200
1 < Content-Type: application/json; charset=utf-8
1 < Date: Tue, 19 Nov 2024 06:47:09 GMT
1 < Server: Microsoft-IIS/10.0
1 < X-Powered-By: ASP.NET
1 < Content-Length: 2064
1 < Connection: keep-alive
{
  "ProjectId": "d2659447-79dd-4004-bdd8-aebda2f103db",
  "Name": "asdefgh",
  "Description": "",
  "CustomTags": "",
  "ApplicationName": 1,
  "OpeningType": 1,
  "OpeningDirection": 1,
  "CalculateWeightWithGlass": false,
  "WindLoad": 120,
  "IsWindowOpeningCalculationByAngle": 1,
  "VentOuterWidth": 1230,
  "VentOuterHeight": 1480,
  "WeightIncGlassOrThickness": false,
  "VentWeight": 77,
  "VentWeightExact": 77.26400000000001,
  "GlassThickness": 14,
  "ProfileWeightPerSerialMeter": 2.5,
  "FacadeInclination": 45,
  "ChainLengthConnectingRodHandle": 5,
  "ChainLenghtConnectingRodHandle": 0,
  "RequiredOpeningStroke": 400,
  "OpeningWidth": 1000,
  "OpeningAngle": 15.532868337024489,
  "SpecificExhaustDimension": 46,
  "BuildingDepth": 75,
  "SnowLoad": 0,
  "DistanceHinge": 0,
  "RatedCurrent": 0,
  "DrivePosition": 1,
  "LockingMechanism": 1,
  "Voltage": 1,
  "DriveType": 1,
  "TypeOfInstallation": 2,
  "GeometricArea": 0,
  "CalculationTypeForVentilation": 2,
  "HeightOfProfile": 0,
  "Reveal": 0,
  "RevealDepth": 0,
  "HeightProfileRectangleAngle1": 0,
  "HeightProfileRectangleAngle2": 0,
  "RevealDepthRectangleAngle1": 0,
  "RevealDepthRectangleAngle2": 0,
  "RevealDepthRectangleAngle12": 0,
  "InstallationPosition": 0,
  "RecommendedDriveArticleNo": 0,
  "System": "",
  "AkippOrAtilt": 1.084,
  "AdrehOrAturn": 1.8204,
  "Ageo": 0.5802288894779978,
  "MinPullingForceMax": 108.41282168422717,
  "MinPushingForceMax": 218.7097251389992,
  "MinPullingForcePermanent": 273.27823614467263,
  "MinPushingForcePermanent": 273.27823614467263,
  "ForceWithNegativeWind": 327.84674715034606,
  "ForceWithNoWindMin": 191.9346407636625,
  "ForceWithNegativeWindMin": 275.45645984309783,
  "ForceWithWindMin": 108.41282168422717,
  "Id": "8b11d2e1-fe65-46bb-82a6-4442277b52f2",
  "CreatedOn": "0001-01-01T00:00:00",
  "CreatedBy": "579816e4-6653-4794-b435-a885f32e28d7",
  "ModifiedOn": "2024-11-19T06:47:09.6572299+00:00",
  "ModifiedBy": "579816e4-6653-4794-b435-a885f32e28d7"
}

12:17:09.815 [main] INFO  com.intuit.karate - Rounded Opening Angle: 16 
12:17:09.816 [main] INFO  com.intuit.karate - Rounded Ageo: 0.58 
12:17:09.816 [main] INFO  com.intuit.karate - Rounded Required Opening Stroke: 400.0 
12:17:09.816 [main] INFO  com.intuit.karate - Rounded Vent Weight: 77 
12:17:09.824 [main] INFO  com.intuit.karate - karate.env system property was: null 
12:17:09.825 [main] INFO  com.intuit.karate - Running test for dataset:  Dataset28 
12:17:09.827 [main] DEBUG com.intuit.karate - request:
1 > PUT https://dev-drivetec-apis.schuecodigitalsolutions.com/Configurations
1 > Content-Type: application/json; charset=UTF-8
1 > Content-Length: 1261
1 > Host: dev-drivetec-apis.schuecodigitalsolutions.com
1 > Connection: Keep-Alive
1 > User-Agent: Apache-HttpClient/4.5.14 (Java/17.0.12)
1 > Accept-Encoding: gzip,deflate
{"Id":"8b11d2e1-fe65-46bb-82a6-4442277b52f2","Name":"asdefgh","Description":"","ProjectId":"d2659447-79dd-4004-bdd8-aebda2f103db","CustomTags":"","CreatedBy":"579816e4-6653-4794-b435-a885f32e28d7","ModifiedBy":"579816e4-6653-4794-b435-a885f32e28d7","System":"","FacadeInclination":-45,"OpeningType":1,"OpeningDirection":1,"OpeningWidth":1000,"VentOuterWidth":1230,"VentOuterHeight":1480,"VentWeight":0,"CalculateWeightWithGlass":false,"RequiredOpeningStroke":400,"WindLoad":120,"SnowLoad":0,"IsWindowOpeningCalculationByAngle":1,"GlassThickness":14,"ProfileWeightPerSerialMeter":2.5,"DrivePosition":1,"InstallationPosition":0,"LockingMechanism":1,"Voltage":1,"DriveType":1,"TypeOfInstallation":2,"GeometricArea":0,"CalcVentilation":1,"SpecificExhaustDimension":46,"BuildingDepth":75,"CalculationTypeForVentilation":1,"HeightOfProfile":0,"HeightProfileRectangleAngle1":0,"HeightProfileRectangleAngle2":0,"RevealDepth":0,"RevealDepthRectangleAngle1":0,"RevealDepthRectangleAngle2":0,"ChainLengthConnectingRodHandle":5,"ApplicationName":1,"OpeningAngle":10,"WeightIncGlassOrThickness":false,"AkippOrAtilt":0,"AdrehOrAturn":0,"Ageo":0,"MinPullingForceMax":0,"MinPushingForceMax":0,"MinPullingForcePermanent":0,"MinPushingForcePermanent":0,"ForceWithNegativeWind":0}

12:17:10.528 [main] DEBUG com.intuit.karate - response time in milliseconds: 700
1 < 200
1 < Content-Type: application/json; charset=utf-8
1 < Date: Tue, 19 Nov 2024 06:47:09 GMT
1 < Server: Microsoft-IIS/10.0
1 < X-Powered-By: ASP.NET
1 < Content-Length: 2060
1 < Connection: keep-alive
{
  "ProjectId": "d2659447-79dd-4004-bdd8-aebda2f103db",
  "Name": "asdefgh",
  "Description": "",
  "CustomTags": "",
  "ApplicationName": 1,
  "OpeningType": 1,
  "OpeningDirection": 1,
  "CalculateWeightWithGlass": false,
  "WindLoad": 120,
  "IsWindowOpeningCalculationByAngle": 1,
  "VentOuterWidth": 1230,
  "VentOuterHeight": 1480,
  "WeightIncGlassOrThickness": false,
  "VentWeight": 77,
  "VentWeightExact": 77.26400000000001,
  "GlassThickness": 14,
  "ProfileWeightPerSerialMeter": 2.5,
  "FacadeInclination": -45,
  "ChainLengthConnectingRodHandle": 5,
  "ChainLenghtConnectingRodHandle": 0,
  "RequiredOpeningStroke": 400,
  "OpeningWidth": 1000,
  "OpeningAngle": 15.532868337024489,
  "SpecificExhaustDimension": 46,
  "BuildingDepth": 75,
  "SnowLoad": 0,
  "DistanceHinge": 0,
  "RatedCurrent": 0,
  "DrivePosition": 1,
  "LockingMechanism": 1,
  "Voltage": 1,
  "DriveType": 1,
  "TypeOfInstallation": 2,
  "GeometricArea": 0,
  "CalculationTypeForVentilation": 1,
  "HeightOfProfile": 0,
  "Reveal": 0,
  "RevealDepth": 0,
  "HeightProfileRectangleAngle1": 0,
  "HeightProfileRectangleAngle2": 0,
  "RevealDepthRectangleAngle1": 0,
  "RevealDepthRectangleAngle2": 0,
  "RevealDepthRectangleAngle12": 0,
  "InstallationPosition": 0,
  "RecommendedDriveArticleNo": 0,
  "System": "",
  "AkippOrAtilt": 1.084,
  "AdrehOrAturn": 1.8204,
  "Ageo": 1.084,
  "MinPullingForceMax": -327.5854654995324,
  "MinPushingForceMax": -366.01794951544485,
  "MinPullingForcePermanent": -339.22933592277116,
  "MinPushingForcePermanent": -339.22933592277116,
  "ForceWithNegativeWind": -312.44072233009746,
  "ForceWithNoWindMin": -272.84299862686447,
  "ForceWithNegativeWindMin": -218.10053175419654,
  "ForceWithWindMin": -327.5854654995324,
  "Id": "8b11d2e1-fe65-46bb-82a6-4442277b52f2",
  "CreatedOn": "0001-01-01T00:00:00",
  "CreatedBy": "579816e4-6653-4794-b435-a885f32e28d7",
  "ModifiedOn": "2024-11-19T06:47:10.4374428+00:00",
  "ModifiedBy": "579816e4-6653-4794-b435-a885f32e28d7"
}

12:17:10.531 [main] INFO  com.intuit.karate - Rounded Opening Angle: 16 
12:17:10.532 [main] INFO  com.intuit.karate - Rounded Ageo: 1.08 
12:17:10.532 [main] INFO  com.intuit.karate - Rounded Required Opening Stroke: 400.0 
12:17:10.532 [main] INFO  com.intuit.karate - Rounded Vent Weight: 77 
12:17:10.540 [main] INFO  com.intuit.karate - karate.env system property was: null 
12:17:10.541 [main] INFO  com.intuit.karate - Running test for dataset:  Dataset29 
12:17:10.545 [main] DEBUG com.intuit.karate - request:
1 > PUT https://dev-drivetec-apis.schuecodigitalsolutions.com/Configurations
1 > Content-Type: application/json; charset=UTF-8
1 > Content-Length: 1256
1 > Host: dev-drivetec-apis.schuecodigitalsolutions.com
1 > Connection: Keep-Alive
1 > User-Agent: Apache-HttpClient/4.5.14 (Java/17.0.12)
1 > Accept-Encoding: gzip,deflate
{"Id":"8b11d2e1-fe65-46bb-82a6-4442277b52f2","Name":"asdefgh","Description":"","ProjectId":"d2659447-79dd-4004-bdd8-aebda2f103db","CustomTags":"","CreatedBy":"579816e4-6653-4794-b435-a885f32e28d7","ModifiedBy":"579816e4-6653-4794-b435-a885f32e28d7","System":"","FacadeInclination":-45,"OpeningType":1,"OpeningDirection":1,"OpeningWidth":1000,"VentOuterWidth":1000,"VentOuterHeight":2500,"VentWeight":0,"CalculateWeightWithGlass":false,"RequiredOpeningStroke":200,"WindLoad":1,"SnowLoad":0,"IsWindowOpeningCalculationByAngle":1,"GlassThickness":1,"ProfileWeightPerSerialMeter":1,"DrivePosition":1,"InstallationPosition":0,"LockingMechanism":1,"Voltage":2,"DriveType":1,"TypeOfInstallation":2,"GeometricArea":0,"CalcVentilation":2,"SpecificExhaustDimension":30,"BuildingDepth":75,"CalculationTypeForVentilation":2,"HeightOfProfile":0,"HeightProfileRectangleAngle1":0,"HeightProfileRectangleAngle2":0,"RevealDepth":0,"RevealDepthRectangleAngle1":0,"RevealDepthRectangleAngle2":0,"ChainLengthConnectingRodHandle":5,"ApplicationName":1,"OpeningAngle":10,"WeightIncGlassOrThickness":false,"AkippOrAtilt":0,"AdrehOrAturn":0,"Ageo":0,"MinPullingForceMax":0,"MinPushingForceMax":0,"MinPullingForcePermanent":0,"MinPushingForcePermanent":0,"ForceWithNegativeWind":0}

12:17:11.201 [main] DEBUG com.intuit.karate - response time in milliseconds: 654
1 < 200
1 < Content-Type: application/json; charset=utf-8
1 < Date: Tue, 19 Nov 2024 06:47:11 GMT
1 < Server: Microsoft-IIS/10.0
1 < X-Powered-By: ASP.NET
1 < Content-Length: 2051
1 < Connection: keep-alive
{
  "ProjectId": "d2659447-79dd-4004-bdd8-aebda2f103db",
  "Name": "asdefgh",
  "Description": "",
  "CustomTags": "",
  "ApplicationName": 1,
  "OpeningType": 1,
  "OpeningDirection": 1,
  "CalculateWeightWithGlass": false,
  "WindLoad": 1,
  "IsWindowOpeningCalculationByAngle": 1,
  "VentOuterWidth": 1000,
  "VentOuterHeight": 2500,
  "WeightIncGlassOrThickness": false,
  "VentWeight": 13,
  "VentWeightExact": 13.25,
  "GlassThickness": 1,
  "ProfileWeightPerSerialMeter": 1,
  "FacadeInclination": -45,
  "ChainLengthConnectingRodHandle": 5,
  "ChainLenghtConnectingRodHandle": 0,
  "RequiredOpeningStroke": 200,
  "OpeningWidth": 1000,
  "OpeningAngle": 4.584885551911774,
  "SpecificExhaustDimension": 30,
  "BuildingDepth": 75,
  "SnowLoad": 0,
  "DistanceHinge": 0,
  "RatedCurrent": 0,
  "DrivePosition": 1,
  "LockingMechanism": 1,
  "Voltage": 2,
  "DriveType": 1,
  "TypeOfInstallation": 2,
  "GeometricArea": 0,
  "CalculationTypeForVentilation": 2,
  "HeightOfProfile": 0,
  "Reveal": 0,
  "RevealDepth": 0,
  "HeightProfileRectangleAngle1": 0,
  "HeightProfileRectangleAngle2": 0,
  "RevealDepthRectangleAngle1": 0,
  "RevealDepthRectangleAngle2": 0,
  "RevealDepthRectangleAngle12": 0,
  "InstallationPosition": 0,
  "RecommendedDriveArticleNo": 0,
  "System": "",
  "AkippOrAtilt": 0.7,
  "AdrehOrAturn": 2.5,
  "Ageo": 0.28292381865952587,
  "MinPullingForceMax": -47.416327080645516,
  "MinPushingForceMax": -50.956899331910385,
  "MinPullingForcePermanent": -50.429603235945976,
  "MinPushingForcePermanent": -50.429603235945976,
  "ForceWithNegativeWind": -49.902307139981566,
  "ForceWithNoWindMin": -46.78983396932534,
  "ForceWithNegativeWindMin": -46.16334085800517,
  "ForceWithWindMin": -47.416327080645516,
  "Id": "8b11d2e1-fe65-46bb-82a6-4442277b52f2",
  "CreatedOn": "0001-01-01T00:00:00",
  "CreatedBy": "579816e4-6653-4794-b435-a885f32e28d7",
  "ModifiedOn": "2024-11-19T06:47:11.1168958+00:00",
  "ModifiedBy": "579816e4-6653-4794-b435-a885f32e28d7"
}

12:17:11.218 [main] INFO  com.intuit.karate - Rounded Opening Angle: 4.58 
12:17:11.219 [main] INFO  com.intuit.karate - Rounded Ageo: 0.28 
12:17:11.220 [main] INFO  com.intuit.karate - Rounded Required Opening Stroke: 200.0 
12:17:11.220 [main] INFO  com.intuit.karate - Rounded Vent Weight: 13 
12:17:11.239 [main] ERROR com.intuit.karate - classpath:drivetecTestCases/features/driveteclogin.feature:184
And match roundedOpeningAngle == expectedOpeningAngle
match failed: EQUALS
  $ | not equal (NUMBER:NUMBER)
  4.58
  5

classpath:drivetecTestCases/features/driveteclogin.feature:184
12:17:11.253 [main] INFO  com.intuit.karate - karate.env system property was: null 
12:17:11.257 [main] INFO  com.intuit.karate - Running test for dataset:  Dataset30 
12:17:11.264 [main] DEBUG com.intuit.karate - request:
1 > PUT https://dev-drivetec-apis.schuecodigitalsolutions.com/Configurations
1 > Content-Type: application/json; charset=UTF-8
1 > Content-Length: 1263
1 > Host: dev-drivetec-apis.schuecodigitalsolutions.com
1 > Connection: Keep-Alive
1 > User-Agent: Apache-HttpClient/4.5.14 (Java/17.0.12)
1 > Accept-Encoding: gzip,deflate
{"Id":"8b11d2e1-fe65-46bb-82a6-4442277b52f2","Name":"asdefgh","Description":"","ProjectId":"d2659447-79dd-4004-bdd8-aebda2f103db","CustomTags":"","CreatedBy":"579816e4-6653-4794-b435-a885f32e28d7","ModifiedBy":"579816e4-6653-4794-b435-a885f32e28d7","System":"","FacadeInclination":30,"OpeningType":4,"OpeningDirection":1,"OpeningWidth":1000,"VentOuterWidth":1230,"VentOuterHeight":1085,"VentWeight":0,"CalculateWeightWithGlass":false,"RequiredOpeningStroke":750,"WindLoad":120,"SnowLoad":880,"IsWindowOpeningCalculationByAngle":1,"GlassThickness":14,"ProfileWeightPerSerialMeter":2.5,"DrivePosition":1,"InstallationPosition":0,"LockingMechanism":1,"Voltage":1,"DriveType":3,"TypeOfInstallation":2,"GeometricArea":0,"CalcVentilation":1,"SpecificExhaustDimension":30,"BuildingDepth":75,"CalculationTypeForVentilation":1,"HeightOfProfile":0,"HeightProfileRectangleAngle1":0,"HeightProfileRectangleAngle2":0,"RevealDepth":0,"RevealDepthRectangleAngle1":0,"RevealDepthRectangleAngle2":0,"ChainLengthConnectingRodHandle":1,"ApplicationName":2,"OpeningAngle":4.5,"WeightIncGlassOrThickness":false,"AkippOrAtilt":0,"AdrehOrAturn":0,"Ageo":0,"MinPullingForceMax":0,"MinPushingForceMax":0,"MinPullingForcePermanent":0,"MinPushingForcePermanent":0,"ForceWithNegativeWind":0}

12:17:11.961 [main] DEBUG com.intuit.karate - response time in milliseconds: 694
1 < 200
1 < Content-Type: application/json; charset=utf-8
1 < Date: Tue, 19 Nov 2024 06:47:11 GMT
1 < Server: Microsoft-IIS/10.0
1 < X-Powered-By: ASP.NET
1 < Content-Length: 2045
1 < Connection: keep-alive
{
  "ProjectId": "d2659447-79dd-4004-bdd8-aebda2f103db",
  "Name": "asdefgh",
  "Description": "",
  "CustomTags": "",
  "ApplicationName": 2,
  "OpeningType": 4,
  "OpeningDirection": 1,
  "CalculateWeightWithGlass": false,
  "WindLoad": 120,
  "IsWindowOpeningCalculationByAngle": 1,
  "VentOuterWidth": 1230,
  "VentOuterHeight": 1085,
  "WeightIncGlassOrThickness": false,
  "VentWeight": 58,
  "VentWeightExact": 58.28425,
  "GlassThickness": 14,
  "ProfileWeightPerSerialMeter": 2.5,
  "FacadeInclination": 30,
  "ChainLengthConnectingRodHandle": 1,
  "ChainLenghtConnectingRodHandle": 0,
  "RequiredOpeningStroke": 750,
  "OpeningWidth": 1000,
  "OpeningAngle": 87.4573641830469,
  "SpecificExhaustDimension": 30,
  "BuildingDepth": 75,
  "SnowLoad": 880,
  "DistanceHinge": 0,
  "RatedCurrent": 0,
  "DrivePosition": 1,
  "LockingMechanism": 1,
  "Voltage": 1,
  "DriveType": 3,
  "TypeOfInstallation": 2,
  "GeometricArea": 0,
  "CalculationTypeForVentilation": 1,
  "HeightOfProfile": 0,
  "Reveal": 0,
  "RevealDepth": 0,
  "HeightProfileRectangleAngle1": 0,
  "HeightProfileRectangleAngle2": 0,
  "RevealDepthRectangleAngle1": 0,
  "RevealDepthRectangleAngle2": 0,
  "RevealDepthRectangleAngle12": 0,
  "InstallationPosition": 0,
  "RecommendedDriveArticleNo": 0,
  "System": "",
  "AkippOrAtilt": 3.4725,
  "AdrehOrAturn": 1.33455,
  "Ageo": 1.33455,
  "MinPullingForceMax": 1211.5655143092772,
  "MinPushingForceMax": 1598.6696092061018,
  "MinPullingForcePermanent": 610.8082336693205,
  "MinPushingForcePermanent": 610.8082336693205,
  "ForceWithNegativeWind": 1592.966065607161,
  "ForceWithNoWindMin": 433.69377874440676,
  "ForceWithNegativeWindMin": 1054.0226439457365,
  "ForceWithWindMin": 1211.5655143092772,
  "Id": "8b11d2e1-fe65-46bb-82a6-4442277b52f2",
  "CreatedOn": "0001-01-01T00:00:00",
  "CreatedBy": "579816e4-6653-4794-b435-a885f32e28d7",
  "ModifiedOn": "2024-11-19T06:47:11.8421202+00:00",
  "ModifiedBy": "579816e4-6653-4794-b435-a885f32e28d7"
}

12:17:11.969 [main] INFO  com.intuit.karate - Rounded Opening Angle: 87 
12:17:11.970 [main] INFO  com.intuit.karate - Rounded Ageo: 1.33 
12:17:11.971 [main] INFO  com.intuit.karate - Rounded Required Opening Stroke: 750 
12:17:11.971 [main] INFO  com.intuit.karate - Rounded Vent Weight: 58 
12:17:11.978 [main] INFO  com.intuit.karate - karate.env system property was: null 
12:17:11.981 [main] INFO  com.intuit.karate - Running test for dataset:  Dataset31 
12:17:11.983 [main] DEBUG com.intuit.karate - request:
1 > PUT https://dev-drivetec-apis.schuecodigitalsolutions.com/Configurations
1 > Content-Type: application/json; charset=UTF-8
1 > Content-Length: 1262
1 > Host: dev-drivetec-apis.schuecodigitalsolutions.com
1 > Connection: Keep-Alive
1 > User-Agent: Apache-HttpClient/4.5.14 (Java/17.0.12)
1 > Accept-Encoding: gzip,deflate
{"Id":"8b11d2e1-fe65-46bb-82a6-4442277b52f2","Name":"asdefgh","Description":"","ProjectId":"d2659447-79dd-4004-bdd8-aebda2f103db","CustomTags":"","CreatedBy":"579816e4-6653-4794-b435-a885f32e28d7","ModifiedBy":"579816e4-6653-4794-b435-a885f32e28d7","System":"","FacadeInclination":10,"OpeningType":5,"OpeningDirection":1,"OpeningWidth":1000,"VentOuterWidth":1230,"VentOuterHeight":1200,"VentWeight":0,"CalculateWeightWithGlass":false,"RequiredOpeningStroke":1200,"WindLoad":120,"SnowLoad":0,"IsWindowOpeningCalculationByAngle":1,"GlassThickness":14,"ProfileWeightPerSerialMeter":2.5,"DrivePosition":1,"InstallationPosition":0,"LockingMechanism":1,"Voltage":1,"DriveType":3,"TypeOfInstallation":2,"GeometricArea":0,"CalcVentilation":1,"SpecificExhaustDimension":30,"BuildingDepth":75,"CalculationTypeForVentilation":1,"HeightOfProfile":0,"HeightProfileRectangleAngle1":0,"HeightProfileRectangleAngle2":0,"RevealDepth":0,"RevealDepthRectangleAngle1":0,"RevealDepthRectangleAngle2":0,"ChainLengthConnectingRodHandle":1,"ApplicationName":2,"OpeningAngle":4.5,"WeightIncGlassOrThickness":false,"AkippOrAtilt":0,"AdrehOrAturn":0,"Ageo":0,"MinPullingForceMax":0,"MinPushingForceMax":0,"MinPullingForcePermanent":0,"MinPushingForcePermanent":0,"ForceWithNegativeWind":0}

12:17:12.712 [main] DEBUG com.intuit.karate - response time in milliseconds: 728
1 < 200
1 < Content-Type: application/json; charset=utf-8
1 < Date: Tue, 19 Nov 2024 06:47:12 GMT
1 < Server: Microsoft-IIS/10.0
1 < X-Powered-By: ASP.NET
1 < Content-Length: 1988
1 < Connection: keep-alive
{
  "ProjectId": "d2659447-79dd-4004-bdd8-aebda2f103db",
  "Name": "asdefgh",
  "Description": "",
  "CustomTags": "",
  "ApplicationName": 2,
  "OpeningType": 5,
  "OpeningDirection": 1,
  "CalculateWeightWithGlass": false,
  "WindLoad": 120,
  "IsWindowOpeningCalculationByAngle": 1,
  "VentOuterWidth": 1230,
  "VentOuterHeight": 1200,
  "WeightIncGlassOrThickness": false,
  "VentWeight": 64,
  "VentWeightExact": 63.81,
  "GlassThickness": 14,
  "ProfileWeightPerSerialMeter": 2.5,
  "FacadeInclination": 10,
  "ChainLengthConnectingRodHandle": 1,
  "ChainLenghtConnectingRodHandle": 0,
  "RequiredOpeningStroke": 1200,
  "OpeningWidth": 1000,
  "OpeningAngle": 180,
  "SpecificExhaustDimension": 30,
  "BuildingDepth": 75,
  "SnowLoad": 0,
  "DistanceHinge": 0,
  "RatedCurrent": 0,
  "DrivePosition": 1,
  "LockingMechanism": 1,
  "Voltage": 1,
  "DriveType": 3,
  "TypeOfInstallation": 2,
  "GeometricArea": 0,
  "CalculationTypeForVentilation": 1,
  "HeightOfProfile": 0,
  "Reveal": 0,
  "RevealDepth": 0,
  "HeightProfileRectangleAngle1": 0,
  "HeightProfileRectangleAngle2": 0,
  "RevealDepthRectangleAngle1": 0,
  "RevealDepthRectangleAngle2": 0,
  "RevealDepthRectangleAngle12": 0,
  "InstallationPosition": 0,
  "RecommendedDriveArticleNo": 0,
  "System": "",
  "AkippOrAtilt": 5.832,
  "AdrehOrAturn": 1.476,
  "Ageo": 1.476,
  "MinPullingForceMax": 0,
  "MinPushingForceMax": 633.7510916039267,
  "MinPullingForcePermanent": 628.415628838632,
  "MinPushingForcePermanent": 628.415628838632,
  "ForceWithNegativeWind": 625.7478974559846,
  "ForceWithNoWindMin": -155.42040963748997,
  "ForceWithNegativeWindMin": -276.86797516497245,
  "ForceWithWindMin": 0,
  "Id": "8b11d2e1-fe65-46bb-82a6-4442277b52f2",
  "CreatedOn": "0001-01-01T00:00:00",
  "CreatedBy": "579816e4-6653-4794-b435-a885f32e28d7",
  "ModifiedOn": "2024-11-19T06:47:12.6163946+00:00",
  "ModifiedBy": "579816e4-6653-4794-b435-a885f32e28d7"
}

12:17:12.715 [main] INFO  com.intuit.karate - Rounded Opening Angle: 180 
12:17:12.715 [main] INFO  com.intuit.karate - Rounded Ageo: 1.48 
12:17:12.716 [main] INFO  com.intuit.karate - Rounded Required Opening Stroke: 1200 
12:17:12.716 [main] INFO  com.intuit.karate - Rounded Vent Weight: 64 
12:17:12.722 [main] INFO  com.intuit.karate - karate.env system property was: null 
12:17:12.724 [main] INFO  com.intuit.karate - Running test for dataset:  Dataset32 
12:17:12.727 [main] DEBUG com.intuit.karate - request:
1 > PUT https://dev-drivetec-apis.schuecodigitalsolutions.com/Configurations
1 > Content-Type: application/json; charset=UTF-8
1 > Content-Length: 1259
1 > Host: dev-drivetec-apis.schuecodigitalsolutions.com
1 > Connection: Keep-Alive
1 > User-Agent: Apache-HttpClient/4.5.14 (Java/17.0.12)
1 > Accept-Encoding: gzip,deflate
{"Id":"8b11d2e1-fe65-46bb-82a6-4442277b52f2","Name":"asdefgh","Description":"","ProjectId":"d2659447-79dd-4004-bdd8-aebda2f103db","CustomTags":"","CreatedBy":"579816e4-6653-4794-b435-a885f32e28d7","ModifiedBy":"579816e4-6653-4794-b435-a885f32e28d7","System":"","FacadeInclination":10,"OpeningType":5,"OpeningDirection":1,"OpeningWidth":1000,"VentOuterWidth":230,"VentOuterHeight":500,"VentWeight":0,"CalculateWeightWithGlass":false,"RequiredOpeningStroke":1200,"WindLoad":120,"SnowLoad":0,"IsWindowOpeningCalculationByAngle":2,"GlassThickness":14,"ProfileWeightPerSerialMeter":2.5,"DrivePosition":1,"InstallationPosition":0,"LockingMechanism":1,"Voltage":1,"DriveType":3,"TypeOfInstallation":2,"GeometricArea":0,"CalcVentilation":1,"SpecificExhaustDimension":30,"BuildingDepth":75,"CalculationTypeForVentilation":1,"HeightOfProfile":0,"HeightProfileRectangleAngle1":0,"HeightProfileRectangleAngle2":0,"RevealDepth":0,"RevealDepthRectangleAngle1":0,"RevealDepthRectangleAngle2":0,"ChainLengthConnectingRodHandle":1,"ApplicationName":2,"OpeningAngle":96,"WeightIncGlassOrThickness":false,"AkippOrAtilt":0,"AdrehOrAturn":0,"Ageo":0,"MinPullingForceMax":0,"MinPushingForceMax":0,"MinPullingForcePermanent":0,"MinPushingForcePermanent":0,"ForceWithNegativeWind":0}

12:17:13.499 [main] DEBUG com.intuit.karate - response time in milliseconds: 772
1 < 200
1 < Content-Type: application/json; charset=utf-8
1 < Date: Tue, 19 Nov 2024 06:47:12 GMT
1 < Server: Microsoft-IIS/10.0
1 < X-Powered-By: ASP.NET
1 < Content-Length: 2023
1 < Connection: keep-alive
{
  "ProjectId": "d2659447-79dd-4004-bdd8-aebda2f103db",
  "Name": "asdefgh",
  "Description": "",
  "CustomTags": "",
  "ApplicationName": 2,
  "OpeningType": 5,
  "OpeningDirection": 1,
  "CalculateWeightWithGlass": false,
  "WindLoad": 120,
  "IsWindowOpeningCalculationByAngle": 2,
  "VentOuterWidth": 230,
  "VentOuterHeight": 500,
  "WeightIncGlassOrThickness": false,
  "VentWeight": 8,
  "VentWeightExact": 7.675000000000001,
  "GlassThickness": 14,
  "ProfileWeightPerSerialMeter": 2.5,
  "FacadeInclination": 10,
  "ChainLengthConnectingRodHandle": 1,
  "ChainLenghtConnectingRodHandle": 0,
  "RequiredOpeningStroke": 371.5724127386971,
  "OpeningWidth": 1000,
  "OpeningAngle": 96,
  "SpecificExhaustDimension": 30,
  "BuildingDepth": 75,
  "SnowLoad": 0,
  "DistanceHinge": 0,
  "RatedCurrent": 0,
  "DrivePosition": 1,
  "LockingMechanism": 1,
  "Voltage": 1,
  "DriveType": 3,
  "TypeOfInstallation": 2,
  "GeometricArea": 0,
  "CalculationTypeForVentilation": 1,
  "HeightOfProfile": 0,
  "Reveal": 0,
  "RevealDepth": 0,
  "HeightProfileRectangleAngle1": 0,
  "HeightProfileRectangleAngle2": 0,
  "RevealDepthRectangleAngle1": 0,
  "RevealDepthRectangleAngle2": 0,
  "RevealDepthRectangleAngle12": 0,
  "InstallationPosition": 0,
  "RecommendedDriveArticleNo": 0,
  "System": "",
  "AkippOrAtilt": 0.5424957225984978,
  "AdrehOrAturn": 0.115,
  "Ageo": 0.115,
  "MinPullingForceMax": 0,
  "MinPushingForceMax": 76.00087737460574,
  "MinPullingForcePermanent": 75.58517397487071,
  "MinPushingForcePermanent": 75.58517397487071,
  "ForceWithNegativeWind": 75.3773222750032,
  "ForceWithNoWindMin": -18.475142122838204,
  "ForceWithNegativeWindMin": -27.934830325833744,
  "ForceWithWindMin": 0,
  "Id": "8b11d2e1-fe65-46bb-82a6-4442277b52f2",
  "CreatedOn": "0001-01-01T00:00:00",
  "CreatedBy": "579816e4-6653-4794-b435-a885f32e28d7",
  "ModifiedOn": "2024-11-19T06:47:13.3754678+00:00",
  "ModifiedBy": "579816e4-6653-4794-b435-a885f32e28d7"
}

12:17:13.502 [main] INFO  com.intuit.karate - Rounded Opening Angle: 96 
12:17:13.502 [main] INFO  com.intuit.karate - Rounded Ageo: 0.12 
12:17:13.502 [main] INFO  com.intuit.karate - Rounded Required Opening Stroke: 372 
12:17:13.503 [main] INFO  com.intuit.karate - Rounded Vent Weight: 8.0 
12:17:13.507 [main] INFO  com.intuit.karate - karate.env system property was: null 
12:17:13.509 [main] INFO  com.intuit.karate - Running test for dataset:  Dataset33 
12:17:13.512 [main] DEBUG com.intuit.karate - request:
1 > PUT https://dev-drivetec-apis.schuecodigitalsolutions.com/Configurations
1 > Content-Type: application/json; charset=UTF-8
1 > Content-Length: 1259
1 > Host: dev-drivetec-apis.schuecodigitalsolutions.com
1 > Connection: Keep-Alive
1 > User-Agent: Apache-HttpClient/4.5.14 (Java/17.0.12)
1 > Accept-Encoding: gzip,deflate
{"Id":"8b11d2e1-fe65-46bb-82a6-4442277b52f2","Name":"asdefgh","Description":"","ProjectId":"d2659447-79dd-4004-bdd8-aebda2f103db","CustomTags":"","CreatedBy":"579816e4-6653-4794-b435-a885f32e28d7","ModifiedBy":"579816e4-6653-4794-b435-a885f32e28d7","System":"","FacadeInclination":10,"OpeningType":5,"OpeningDirection":1,"OpeningWidth":1000,"VentOuterWidth":230,"VentOuterHeight":650,"VentWeight":0,"CalculateWeightWithGlass":false,"RequiredOpeningStroke":1200,"WindLoad":120,"SnowLoad":0,"IsWindowOpeningCalculationByAngle":2,"GlassThickness":14,"ProfileWeightPerSerialMeter":2.5,"DrivePosition":1,"InstallationPosition":0,"LockingMechanism":1,"Voltage":1,"DriveType":3,"TypeOfInstallation":2,"GeometricArea":0,"CalcVentilation":1,"SpecificExhaustDimension":30,"BuildingDepth":75,"CalculationTypeForVentilation":1,"HeightOfProfile":0,"HeightProfileRectangleAngle1":0,"HeightProfileRectangleAngle2":0,"RevealDepth":0,"RevealDepthRectangleAngle1":0,"RevealDepthRectangleAngle2":0,"ChainLengthConnectingRodHandle":1,"ApplicationName":2,"OpeningAngle":75,"WeightIncGlassOrThickness":false,"AkippOrAtilt":0,"AdrehOrAturn":0,"Ageo":0,"MinPullingForceMax":0,"MinPushingForceMax":0,"MinPullingForcePermanent":0,"MinPushingForcePermanent":0,"ForceWithNegativeWind":0}

12:17:14.318 [main] DEBUG com.intuit.karate - response time in milliseconds: 804
1 < 200
1 < Content-Type: application/json; charset=utf-8
1 < Date: Tue, 19 Nov 2024 06:47:14 GMT
1 < Server: Microsoft-IIS/10.0
1 < X-Powered-By: ASP.NET
1 < Content-Length: 2045
1 < Connection: keep-alive
{
  "ProjectId": "d2659447-79dd-4004-bdd8-aebda2f103db",
  "Name": "asdefgh",
  "Description": "",
  "CustomTags": "",
  "ApplicationName": 2,
  "OpeningType": 5,
  "OpeningDirection": 1,
  "CalculateWeightWithGlass": false,
  "WindLoad": 120,
  "IsWindowOpeningCalculationByAngle": 2,
  "VentOuterWidth": 230,
  "VentOuterHeight": 650,
  "WeightIncGlassOrThickness": false,
  "VentWeight": 10,
  "VentWeightExact": 9.6325,
  "GlassThickness": 14,
  "ProfileWeightPerSerialMeter": 2.5,
  "FacadeInclination": 10,
  "ChainLengthConnectingRodHandle": 1,
  "ChainLenghtConnectingRodHandle": 0,
  "RequiredOpeningStroke": 395.6949288556684,
  "OpeningWidth": 1000,
  "OpeningAngle": 75,
  "SpecificExhaustDimension": 30,
  "BuildingDepth": 75,
  "SnowLoad": 0,
  "DistanceHinge": 0,
  "RatedCurrent": 0,
  "DrivePosition": 1,
  "LockingMechanism": 1,
  "Voltage": 1,
  "DriveType": 3,
  "TypeOfInstallation": 2,
  "GeometricArea": 0,
  "CalculationTypeForVentilation": 1,
  "HeightOfProfile": 0,
  "Reveal": 0,
  "RevealDepth": 0,
  "HeightProfileRectangleAngle1": 0,
  "HeightProfileRectangleAngle2": 0,
  "RevealDepthRectangleAngle1": 0,
  "RevealDepthRectangleAngle2": 0,
  "RevealDepthRectangleAngle12": 0,
  "InstallationPosition": 0,
  "RecommendedDriveArticleNo": 0,
  "System": "",
  "AkippOrAtilt": 0.6964230747859764,
  "AdrehOrAturn": 0.1495,
  "Ageo": 0.1495,
  "MinPullingForceMax": 32.90989509424829,
  "MinPushingForceMax": 95.40350084479458,
  "MinPullingForcePermanent": 94.86308642513904,
  "MinPushingForcePermanent": 94.86308642513904,
  "ForceWithNegativeWind": 94.59287921531127,
  "ForceWithNoWindMin": 10.45431748055561,
  "ForceWithNegativeWindMin": -0.773471326290732,
  "ForceWithWindMin": 32.90989509424829,
  "Id": "8b11d2e1-fe65-46bb-82a6-4442277b52f2",
  "CreatedOn": "0001-01-01T00:00:00",
  "CreatedBy": "579816e4-6653-4794-b435-a885f32e28d7",
  "ModifiedOn": "2024-11-19T06:47:14.2020766+00:00",
  "ModifiedBy": "579816e4-6653-4794-b435-a885f32e28d7"
}

12:17:14.321 [main] INFO  com.intuit.karate - Rounded Opening Angle: 75 
12:17:14.321 [main] INFO  com.intuit.karate - Rounded Ageo: 0.15 
12:17:14.322 [main] INFO  com.intuit.karate - Rounded Required Opening Stroke: 396 
12:17:14.322 [main] INFO  com.intuit.karate - Rounded Vent Weight: 10.0 
12:17:14.330 [main] INFO  com.intuit.karate - karate.env system property was: null 
12:17:14.332 [main] INFO  com.intuit.karate - Running test for dataset:  Dataset34 
12:17:14.334 [main] DEBUG com.intuit.karate - request:
1 > PUT https://dev-drivetec-apis.schuecodigitalsolutions.com/Configurations
1 > Content-Type: application/json; charset=UTF-8
1 > Content-Length: 1260
1 > Host: dev-drivetec-apis.schuecodigitalsolutions.com
1 > Connection: Keep-Alive
1 > User-Agent: Apache-HttpClient/4.5.14 (Java/17.0.12)
1 > Accept-Encoding: gzip,deflate
{"Id":"8b11d2e1-fe65-46bb-82a6-4442277b52f2","Name":"asdefgh","Description":"","ProjectId":"d2659447-79dd-4004-bdd8-aebda2f103db","CustomTags":"","CreatedBy":"579816e4-6653-4794-b435-a885f32e28d7","ModifiedBy":"579816e4-6653-4794-b435-a885f32e28d7","System":"","FacadeInclination":45,"OpeningType":5,"OpeningDirection":1,"OpeningWidth":1000,"VentOuterWidth":1500,"VentOuterHeight":2100,"VentWeight":0,"CalculateWeightWithGlass":false,"RequiredOpeningStroke":400,"WindLoad":120,"SnowLoad":0,"IsWindowOpeningCalculationByAngle":1,"GlassThickness":22,"ProfileWeightPerSerialMeter":2.5,"DrivePosition":2,"InstallationPosition":0,"LockingMechanism":1,"Voltage":1,"DriveType":3,"TypeOfInstallation":2,"GeometricArea":0,"CalcVentilation":1,"SpecificExhaustDimension":30,"BuildingDepth":75,"CalculationTypeForVentilation":1,"HeightOfProfile":0,"HeightProfileRectangleAngle1":0,"HeightProfileRectangleAngle2":0,"RevealDepth":0,"RevealDepthRectangleAngle1":0,"RevealDepthRectangleAngle2":0,"ChainLengthConnectingRodHandle":5,"ApplicationName":2,"OpeningAngle":96,"WeightIncGlassOrThickness":false,"AkippOrAtilt":0,"AdrehOrAturn":0,"Ageo":0,"MinPullingForceMax":0,"MinPushingForceMax":0,"MinPullingForcePermanent":0,"MinPushingForcePermanent":0,"ForceWithNegativeWind":0}

12:17:15.054 [main] DEBUG com.intuit.karate - response time in milliseconds: 720
1 < 200
1 < Content-Type: application/json; charset=utf-8
1 < Date: Tue, 19 Nov 2024 06:47:14 GMT
1 < Server: Microsoft-IIS/10.0
1 < X-Powered-By: ASP.NET
1 < Content-Length: 2030
1 < Connection: keep-alive
{
  "ProjectId": "d2659447-79dd-4004-bdd8-aebda2f103db",
  "Name": "asdefgh",
  "Description": "",
  "CustomTags": "",
  "ApplicationName": 2,
  "OpeningType": 5,
  "OpeningDirection": 1,
  "CalculateWeightWithGlass": false,
  "WindLoad": 120,
  "IsWindowOpeningCalculationByAngle": 1,
  "VentOuterWidth": 1500,
  "VentOuterHeight": 2100,
  "WeightIncGlassOrThickness": false,
  "VentWeight": 191,
  "VentWeightExact": 191.25,
  "GlassThickness": 22,
  "ProfileWeightPerSerialMeter": 2.5,
  "FacadeInclination": 45,
  "ChainLengthConnectingRodHandle": 5,
  "ChainLenghtConnectingRodHandle": 0,
  "RequiredOpeningStroke": 400,
  "OpeningWidth": 1000,
  "OpeningAngle": 10.93004759981176,
  "SpecificExhaustDimension": 30,
  "BuildingDepth": 75,
  "SnowLoad": 0,
  "DistanceHinge": 0,
  "RatedCurrent": 0,
  "DrivePosition": 2,
  "LockingMechanism": 1,
  "Voltage": 1,
  "DriveType": 3,
  "TypeOfInstallation": 2,
  "GeometricArea": 0,
  "CalculationTypeForVentilation": 1,
  "HeightOfProfile": 0,
  "Reveal": 0,
  "RevealDepth": 0,
  "HeightProfileRectangleAngle1": 0,
  "HeightProfileRectangleAngle2": 0,
  "RevealDepthRectangleAngle1": 0,
  "RevealDepthRectangleAngle2": 0,
  "RevealDepthRectangleAngle12": 0,
  "InstallationPosition": 0,
  "RecommendedDriveArticleNo": 0,
  "System": "",
  "AkippOrAtilt": 1.44,
  "AdrehOrAturn": 3.15,
  "Ageo": 1.44,
  "MinPullingForceMax": 668.6668802632023,
  "MinPushingForceMax": 770.8647795169704,
  "MinPullingForcePermanent": 676.4400323911348,
  "MinPushingForcePermanent": 676.4400323911348,
  "ForceWithNegativeWind": 629.2276588282169,
  "ForceWithNoWindMin": 538.4586043926736,
  "ForceWithNegativeWindMin": 473.3544664574092,
  "ForceWithWindMin": 668.6668802632023,
  "Id": "8b11d2e1-fe65-46bb-82a6-4442277b52f2",
  "CreatedOn": "0001-01-01T00:00:00",
  "CreatedBy": "579816e4-6653-4794-b435-a885f32e28d7",
  "ModifiedOn": "2024-11-19T06:47:14.9729585+00:00",
  "ModifiedBy": "579816e4-6653-4794-b435-a885f32e28d7"
}

12:17:15.055 [main] INFO  com.intuit.karate - Rounded Opening Angle: 11 
12:17:15.055 [main] INFO  com.intuit.karate - Rounded Ageo: 1.44 
12:17:15.057 [main] INFO  com.intuit.karate - Rounded Required Opening Stroke: 400 
12:17:15.057 [main] INFO  com.intuit.karate - Rounded Vent Weight: 191.0 
12:17:15.068 [main] INFO  com.intuit.karate - karate.env system property was: null 
12:17:15.073 [main] INFO  com.intuit.karate - Running test for dataset:  Dataset35 
12:17:15.076 [main] DEBUG com.intuit.karate - request:
1 > PUT https://dev-drivetec-apis.schuecodigitalsolutions.com/Configurations
1 > Content-Type: application/json; charset=UTF-8
1 > Content-Length: 1263
1 > Host: dev-drivetec-apis.schuecodigitalsolutions.com
1 > Connection: Keep-Alive
1 > User-Agent: Apache-HttpClient/4.5.14 (Java/17.0.12)
1 > Accept-Encoding: gzip,deflate
{"Id":"8b11d2e1-fe65-46bb-82a6-4442277b52f2","Name":"asdefgh","Description":"","ProjectId":"d2659447-79dd-4004-bdd8-aebda2f103db","CustomTags":"","CreatedBy":"579816e4-6653-4794-b435-a885f32e28d7","ModifiedBy":"579816e4-6653-4794-b435-a885f32e28d7","System":"","FacadeInclination":45,"OpeningType":5,"OpeningDirection":1,"OpeningWidth":1000,"VentOuterWidth":1230,"VentOuterHeight":1100,"VentWeight":0,"CalculateWeightWithGlass":false,"RequiredOpeningStroke":750,"WindLoad":120,"SnowLoad":2980,"IsWindowOpeningCalculationByAngle":1,"GlassThickness":14,"ProfileWeightPerSerialMeter":2.5,"DrivePosition":1,"InstallationPosition":0,"LockingMechanism":1,"Voltage":1,"DriveType":3,"TypeOfInstallation":2,"GeometricArea":0,"CalcVentilation":1,"SpecificExhaustDimension":30,"BuildingDepth":75,"CalculationTypeForVentilation":1,"HeightOfProfile":0,"HeightProfileRectangleAngle1":0,"HeightProfileRectangleAngle2":0,"RevealDepth":0,"RevealDepthRectangleAngle1":0,"RevealDepthRectangleAngle2":0,"ChainLengthConnectingRodHandle":1,"ApplicationName":2,"OpeningAngle":96,"WeightIncGlassOrThickness":false,"AkippOrAtilt":0,"AdrehOrAturn":0,"Ageo":0,"MinPullingForceMax":0,"MinPushingForceMax":0,"MinPullingForcePermanent":0,"MinPushingForcePermanent":0,"ForceWithNegativeWind":0}

12:17:15.754 [main] DEBUG com.intuit.karate - response time in milliseconds: 676
1 < 200
1 < Content-Type: application/json; charset=utf-8
1 < Date: Tue, 19 Nov 2024 06:47:15 GMT
1 < Server: Microsoft-IIS/10.0
1 < X-Powered-By: ASP.NET
1 < Content-Length: 2044
1 < Connection: keep-alive
{
  "ProjectId": "d2659447-79dd-4004-bdd8-aebda2f103db",
  "Name": "asdefgh",
  "Description": "",
  "CustomTags": "",
  "ApplicationName": 2,
  "OpeningType": 5,
  "OpeningDirection": 1,
  "CalculateWeightWithGlass": false,
  "WindLoad": 120,
  "IsWindowOpeningCalculationByAngle": 1,
  "VentOuterWidth": 1230,
  "VentOuterHeight": 1100,
  "WeightIncGlassOrThickness": false,
  "VentWeight": 59,
  "VentWeightExact": 59.005,
  "GlassThickness": 14,
  "ProfileWeightPerSerialMeter": 2.5,
  "FacadeInclination": 45,
  "ChainLengthConnectingRodHandle": 1,
  "ChainLenghtConnectingRodHandle": 0,
  "RequiredOpeningStroke": 750,
  "OpeningWidth": 1000,
  "OpeningAngle": 85.97177216038077,
  "SpecificExhaustDimension": 30,
  "BuildingDepth": 75,
  "SnowLoad": 2980,
  "DistanceHinge": 0,
  "RatedCurrent": 0,
  "DrivePosition": 1,
  "LockingMechanism": 1,
  "Voltage": 1,
  "DriveType": 3,
  "TypeOfInstallation": 2,
  "GeometricArea": 0,
  "CalculationTypeForVentilation": 1,
  "HeightOfProfile": 0,
  "Reveal": 0,
  "RevealDepth": 0,
  "HeightProfileRectangleAngle1": 0,
  "HeightProfileRectangleAngle2": 0,
  "RevealDepthRectangleAngle1": 0,
  "RevealDepthRectangleAngle2": 0,
  "RevealDepthRectangleAngle12": 0,
  "InstallationPosition": 0,
  "RecommendedDriveArticleNo": 0,
  "System": "",
  "AkippOrAtilt": 3.495,
  "AdrehOrAturn": 1.353,
  "Ageo": 1.353,
  "MinPullingForceMax": -1124.4851433017366,
  "MinPushingForceMax": 1598.8109485153172,
  "MinPullingForcePermanent": 417.3944482221063,
  "MinPushingForcePermanent": 417.3944482221063,
  "ForceWithNegativeWind": 1517.6955943176947,
  "ForceWithNoWindMin": -528.6388434191788,
  "ForceWithNegativeWindMin": -1377.7142270112577,
  "ForceWithWindMin": -1124.4851433017366,
  "Id": "8b11d2e1-fe65-46bb-82a6-4442277b52f2",
  "CreatedOn": "0001-01-01T00:00:00",
  "CreatedBy": "579816e4-6653-4794-b435-a885f32e28d7",
  "ModifiedOn": "2024-11-19T06:47:15.6208584+00:00",
  "ModifiedBy": "579816e4-6653-4794-b435-a885f32e28d7"
}

12:17:15.757 [main] INFO  com.intuit.karate - Rounded Opening Angle: 86 
12:17:15.757 [main] INFO  com.intuit.karate - Rounded Ageo: 1.35 
12:17:15.758 [main] INFO  com.intuit.karate - Rounded Required Opening Stroke: 750 
12:17:15.759 [main] INFO  com.intuit.karate - Rounded Vent Weight: 59.0 
12:17:15.768 [main] INFO  com.intuit.karate - karate.env system property was: null 
12:17:15.772 [main] INFO  com.intuit.karate - Running test for dataset:  Dataset36 
12:17:15.776 [main] DEBUG com.intuit.karate - request:
1 > PUT https://dev-drivetec-apis.schuecodigitalsolutions.com/Configurations
1 > Content-Type: application/json; charset=UTF-8
1 > Content-Length: 1266
1 > Host: dev-drivetec-apis.schuecodigitalsolutions.com
1 > Connection: Keep-Alive
1 > User-Agent: Apache-HttpClient/4.5.14 (Java/17.0.12)
1 > Accept-Encoding: gzip,deflate
{"Id":"8b11d2e1-fe65-46bb-82a6-4442277b52f2","Name":"asdefgh","Description":"","ProjectId":"d2659447-79dd-4004-bdd8-aebda2f103db","CustomTags":"","CreatedBy":"579816e4-6653-4794-b435-a885f32e28d7","ModifiedBy":"579816e4-6653-4794-b435-a885f32e28d7","System":"","FacadeInclination":10,"OpeningType":2,"OpeningDirection":2,"OpeningWidth":1000,"VentOuterWidth":1651,"VentOuterHeight":1480,"VentWeight":0,"CalculateWeightWithGlass":false,"RequiredOpeningStroke":400,"WindLoad":120,"SnowLoad":0,"IsWindowOpeningCalculationByAngle":1,"GlassThickness":14,"ProfileWeightPerSerialMeter":2.5,"DrivePosition":1,"InstallationPosition":0,"LockingMechanism":1,"Voltage":1,"DriveType":1,"TypeOfInstallation":2,"GeometricArea":0,"CalcVentilation":2,"SpecificExhaustDimension":30,"BuildingDepth":60,"CalculationTypeForVentilation":2,"HeightOfProfile":0,"HeightProfileRectangleAngle1":75,"HeightProfileRectangleAngle2":200,"RevealDepth":0,"RevealDepthRectangleAngle1":50,"RevealDepthRectangleAngle2":100,"ChainLengthConnectingRodHandle":5,"ApplicationName":1,"OpeningAngle":96,"WeightIncGlassOrThickness":false,"AkippOrAtilt":0,"AdrehOrAturn":0,"Ageo":0,"MinPullingForceMax":0,"MinPushingForceMax":0,"MinPullingForcePermanent":0,"MinPushingForcePermanent":0,"ForceWithNegativeWind":0}

12:17:16.576 [main] DEBUG com.intuit.karate - response time in milliseconds: 799
1 < 200
1 < Content-Type: application/json; charset=utf-8
1 < Date: Tue, 19 Nov 2024 06:47:15 GMT
1 < Server: Microsoft-IIS/10.0
1 < X-Powered-By: ASP.NET
1 < Content-Length: 2063
1 < Connection: keep-alive
{
  "ProjectId": "d2659447-79dd-4004-bdd8-aebda2f103db",
  "Name": "asdefgh",
  "Description": "",
  "CustomTags": "",
  "ApplicationName": 1,
  "OpeningType": 2,
  "OpeningDirection": 2,
  "CalculateWeightWithGlass": false,
  "WindLoad": 120,
  "IsWindowOpeningCalculationByAngle": 1,
  "VentOuterWidth": 1651,
  "VentOuterHeight": 1480,
  "WeightIncGlassOrThickness": false,
  "VentWeight": 101,
  "VentWeightExact": 101.1768,
  "GlassThickness": 14,
  "ProfileWeightPerSerialMeter": 2.5,
  "FacadeInclination": 10,
  "ChainLengthConnectingRodHandle": 5,
  "ChainLenghtConnectingRodHandle": 0,
  "RequiredOpeningStroke": 400,
  "OpeningWidth": 1000,
  "OpeningAngle": 15.532868337024489,
  "SpecificExhaustDimension": 30,
  "BuildingDepth": 60,
  "SnowLoad": 0,
  "DistanceHinge": 0,
  "RatedCurrent": 0,
  "DrivePosition": 1,
  "LockingMechanism": 1,
  "Voltage": 1,
  "DriveType": 1,
  "TypeOfInstallation": 2,
  "GeometricArea": 0,
  "CalculationTypeForVentilation": 2,
  "HeightOfProfile": 0,
  "Reveal": 0,
  "RevealDepth": 0,
  "HeightProfileRectangleAngle1": 75,
  "HeightProfileRectangleAngle2": 200,
  "RevealDepthRectangleAngle1": 50,
  "RevealDepthRectangleAngle2": 100,
  "RevealDepthRectangleAngle12": 0,
  "InstallationPosition": 0,
  "RecommendedDriveArticleNo": 0,
  "System": "",
  "AkippOrAtilt": 1.2524,
  "AdrehOrAturn": 2.44348,
  "Ageo": 0.7637244746051348,
  "MinPullingForceMax": 54.82727232057026,
  "MinPushingForceMax": 196.24218060727657,
  "MinPullingForcePermanent": -87.40499060065328,
  "MinPushingForcePermanent": -87.40499060065328,
  "ForceWithNegativeWind": -229.6372535218768,
  "ForceWithNoWindMin": 49.67687701962203,
  "ForceWithNegativeWindMin": -96.88842656803251,
  "ForceWithWindMin": 54.82727232057026,
  "Id": "8b11d2e1-fe65-46bb-82a6-4442277b52f2",
  "CreatedOn": "0001-01-01T00:00:00",
  "CreatedBy": "579816e4-6653-4794-b435-a885f32e28d7",
  "ModifiedOn": "2024-11-19T06:47:16.4533589+00:00",
  "ModifiedBy": "579816e4-6653-4794-b435-a885f32e28d7"
}

12:17:16.578 [main] INFO  com.intuit.karate - Rounded Opening Angle: 16 
12:17:16.579 [main] INFO  com.intuit.karate - Rounded Ageo: 0.76 
12:17:16.580 [main] INFO  com.intuit.karate - Rounded Required Opening Stroke: 400 
12:17:16.580 [main] INFO  com.intuit.karate - Rounded Vent Weight: 101.0 
12:17:16.587 [main] INFO  com.intuit.karate - karate.env system property was: null 
12:17:16.588 [main] INFO  com.intuit.karate - Running test for dataset:  Dataset37 
12:17:16.590 [main] DEBUG com.intuit.karate - request:
1 > PUT https://dev-drivetec-apis.schuecodigitalsolutions.com/Configurations
1 > Content-Type: application/json; charset=UTF-8
1 > Content-Length: 1261
1 > Host: dev-drivetec-apis.schuecodigitalsolutions.com
1 > Connection: Keep-Alive
1 > User-Agent: Apache-HttpClient/4.5.14 (Java/17.0.12)
1 > Accept-Encoding: gzip,deflate
{"Id":"8b11d2e1-fe65-46bb-82a6-4442277b52f2","Name":"asdefgh","Description":"","ProjectId":"d2659447-79dd-4004-bdd8-aebda2f103db","CustomTags":"","CreatedBy":"579816e4-6653-4794-b435-a885f32e28d7","ModifiedBy":"579816e4-6653-4794-b435-a885f32e28d7","System":"","FacadeInclination":10,"OpeningType":4,"OpeningDirection":1,"OpeningWidth":1000,"VentOuterWidth":2100,"VentOuterHeight":1480,"VentWeight":0,"CalculateWeightWithGlass":false,"RequiredOpeningStroke":400,"WindLoad":120,"SnowLoad":0,"IsWindowOpeningCalculationByAngle":1,"GlassThickness":47,"ProfileWeightPerSerialMeter":2.5,"DrivePosition":2,"InstallationPosition":0,"LockingMechanism":1,"Voltage":1,"DriveType":3,"TypeOfInstallation":2,"GeometricArea":0,"CalcVentilation":2,"SpecificExhaustDimension":75,"BuildingDepth":100,"CalculationTypeForVentilation":2,"HeightOfProfile":0,"HeightProfileRectangleAngle1":0,"HeightProfileRectangleAngle2":0,"RevealDepth":0,"RevealDepthRectangleAngle1":0,"RevealDepthRectangleAngle2":0,"ChainLengthConnectingRodHandle":5,"ApplicationName":2,"OpeningAngle":96,"WeightIncGlassOrThickness":false,"AkippOrAtilt":0,"AdrehOrAturn":0,"Ageo":0,"MinPullingForceMax":0,"MinPushingForceMax":0,"MinPullingForcePermanent":0,"MinPushingForcePermanent":0,"ForceWithNegativeWind":0}

12:17:17.320 [main] DEBUG com.intuit.karate - response time in milliseconds: 730
1 < 200
1 < Content-Type: application/json; charset=utf-8
1 < Date: Tue, 19 Nov 2024 06:47:17 GMT
1 < Server: Microsoft-IIS/10.0
1 < X-Powered-By: ASP.NET
1 < Content-Length: 2056
1 < Connection: keep-alive
{
  "ProjectId": "d2659447-79dd-4004-bdd8-aebda2f103db",
  "Name": "asdefgh",
  "Description": "",
  "CustomTags": "",
  "ApplicationName": 2,
  "OpeningType": 4,
  "OpeningDirection": 1,
  "CalculateWeightWithGlass": false,
  "WindLoad": 120,
  "IsWindowOpeningCalculationByAngle": 1,
  "VentOuterWidth": 2100,
  "VentOuterHeight": 1480,
  "WeightIncGlassOrThickness": false,
  "VentWeight": 383,
  "VentWeightExact": 383.09,
  "GlassThickness": 47,
  "ProfileWeightPerSerialMeter": 2.5,
  "FacadeInclination": 10,
  "ChainLengthConnectingRodHandle": 5,
  "ChainLenghtConnectingRodHandle": 0,
  "RequiredOpeningStroke": 400,
  "OpeningWidth": 1000,
  "OpeningAngle": 15.532868337024489,
  "SpecificExhaustDimension": 75,
  "BuildingDepth": 100,
  "SnowLoad": 0,
  "DistanceHinge": 0,
  "RatedCurrent": 0,
  "DrivePosition": 2,
  "LockingMechanism": 1,
  "Voltage": 1,
  "DriveType": 3,
  "TypeOfInstallation": 2,
  "GeometricArea": 0,
  "CalculationTypeForVentilation": 2,
  "HeightOfProfile": 0,
  "Reveal": 0,
  "RevealDepth": 0,
  "HeightProfileRectangleAngle1": 0,
  "HeightProfileRectangleAngle2": 0,
  "RevealDepthRectangleAngle1": 0,
  "RevealDepthRectangleAngle2": 0,
  "RevealDepthRectangleAngle12": 0,
  "InstallationPosition": 0,
  "RecommendedDriveArticleNo": 0,
  "System": "",
  "AkippOrAtilt": 1.432,
  "AdrehOrAturn": 3.108,
  "Ageo": 0.7603129973673752,
  "MinPullingForceMax": 1891.9968512113069,
  "MinPushingForceMax": 1926.0816814420684,
  "MinPullingForcePermanent": 1925.2171371826232,
  "MinPushingForcePermanent": 1925.2171371826232,
  "ForceWithNegativeWind": 1924.9340287209216,
  "ForceWithNoWindMin": 1886.3794330966266,
  "ForceWithNegativeWindMin": 1883.5707240392865,
  "ForceWithWindMin": 1891.9968512113069,
  "Id": "8b11d2e1-fe65-46bb-82a6-4442277b52f2",
  "CreatedOn": "0001-01-01T00:00:00",
  "CreatedBy": "579816e4-6653-4794-b435-a885f32e28d7",
  "ModifiedOn": "2024-11-19T06:47:17.2327763+00:00",
  "ModifiedBy": "579816e4-6653-4794-b435-a885f32e28d7"
}

12:17:17.322 [main] INFO  com.intuit.karate - Rounded Opening Angle: 16 
12:17:17.322 [main] INFO  com.intuit.karate - Rounded Ageo: 0.76 
12:17:17.323 [main] INFO  com.intuit.karate - Rounded Required Opening Stroke: 400 
12:17:17.323 [main] INFO  com.intuit.karate - Rounded Vent Weight: 383.0 
12:17:17.330 [main] INFO  com.intuit.karate - karate.env system property was: null 
12:17:17.331 [main] INFO  com.intuit.karate - Running test for dataset:  Dataset38 
12:17:17.333 [main] DEBUG com.intuit.karate - request:
1 > PUT https://dev-drivetec-apis.schuecodigitalsolutions.com/Configurations
1 > Content-Type: application/json; charset=UTF-8
1 > Content-Length: 1264
1 > Host: dev-drivetec-apis.schuecodigitalsolutions.com
1 > Connection: Keep-Alive
1 > User-Agent: Apache-HttpClient/4.5.14 (Java/17.0.12)
1 > Accept-Encoding: gzip,deflate
{"Id":"8b11d2e1-fe65-46bb-82a6-4442277b52f2","Name":"asdefgh","Description":"","ProjectId":"d2659447-79dd-4004-bdd8-aebda2f103db","CustomTags":"","CreatedBy":"579816e4-6653-4794-b435-a885f32e28d7","ModifiedBy":"579816e4-6653-4794-b435-a885f32e28d7","System":"","FacadeInclination":10,"OpeningType":5,"OpeningDirection":1,"OpeningWidth":1000,"VentOuterWidth":1230,"VentOuterHeight":2000,"VentWeight":0,"CalculateWeightWithGlass":false,"RequiredOpeningStroke":400,"WindLoad":120,"SnowLoad":0,"IsWindowOpeningCalculationByAngle":2,"GlassThickness":14,"ProfileWeightPerSerialMeter":2.5,"DrivePosition":1,"InstallationPosition":0,"LockingMechanism":1,"Voltage":1,"DriveType":3,"TypeOfInstallation":2,"GeometricArea":0,"CalcVentilation":2,"SpecificExhaustDimension":30,"BuildingDepth":75,"CalculationTypeForVentilation":2,"HeightOfProfile":30,"HeightProfileRectangleAngle1":0,"HeightProfileRectangleAngle2":0,"RevealDepth":1000,"RevealDepthRectangleAngle1":0,"RevealDepthRectangleAngle2":0,"ChainLengthConnectingRodHandle":1,"ApplicationName":2,"OpeningAngle":74,"WeightIncGlassOrThickness":false,"AkippOrAtilt":0,"AdrehOrAturn":0,"Ageo":0,"MinPullingForceMax":0,"MinPushingForceMax":0,"MinPullingForcePermanent":0,"MinPushingForcePermanent":0,"ForceWithNegativeWind":0}

12:17:18.107 [main] DEBUG com.intuit.karate - response time in milliseconds: 772
1 < 200
1 < Content-Type: application/json; charset=utf-8
1 < Date: Tue, 19 Nov 2024 06:47:17 GMT
1 < Server: Microsoft-IIS/10.0
1 < X-Powered-By: ASP.NET
1 < Content-Length: 2065
1 < Connection: keep-alive
{
  "ProjectId": "d2659447-79dd-4004-bdd8-aebda2f103db",
  "Name": "asdefgh",
  "Description": "",
  "CustomTags": "",
  "ApplicationName": 2,
  "OpeningType": 5,
  "OpeningDirection": 1,
  "CalculateWeightWithGlass": false,
  "WindLoad": 120,
  "IsWindowOpeningCalculationByAngle": 2,
  "VentOuterWidth": 1230,
  "VentOuterHeight": 2000,
  "WeightIncGlassOrThickness": false,
  "VentWeight": 102,
  "VentWeightExact": 102.25,
  "GlassThickness": 14,
  "ProfileWeightPerSerialMeter": 2.5,
  "FacadeInclination": 10,
  "ChainLengthConnectingRodHandle": 1,
  "ChainLenghtConnectingRodHandle": 0,
  "RequiredOpeningStroke": 1203.6300463040966,
  "OpeningWidth": 1000,
  "OpeningAngle": 74,
  "SpecificExhaustDimension": 30,
  "BuildingDepth": 75,
  "SnowLoad": 0,
  "DistanceHinge": 0,
  "RatedCurrent": 0,
  "DrivePosition": 1,
  "LockingMechanism": 1,
  "Voltage": 1,
  "DriveType": 3,
  "TypeOfInstallation": 2,
  "GeometricArea": 0,
  "CalculationTypeForVentilation": 2,
  "HeightOfProfile": 30,
  "Reveal": 0,
  "RevealDepth": 1000,
  "HeightProfileRectangleAngle1": 0,
  "HeightProfileRectangleAngle2": 0,
  "RevealDepthRectangleAngle1": 0,
  "RevealDepthRectangleAngle2": 0,
  "RevealDepthRectangleAngle12": 0,
  "InstallationPosition": 0,
  "RecommendedDriveArticleNo": 0,
  "System": "",
  "AkippOrAtilt": 7.775450099124464,
  "AdrehOrAturn": 2.46,
  "Ageo": 2.1505097891814806,
  "MinPullingForceMax": 499.0591387590513,
  "MinPushingForceMax": 1015.874071679035,
  "MinPullingForcePermanent": 1006.9816337368769,
  "MinPushingForcePermanent": 1006.9816337368769,
  "ForceWithNegativeWind": 1002.5354147657979,
  "ForceWithNoWindMin": 133.37475616788768,
  "ForceWithNegativeWindMin": -49.4674351276941,
  "ForceWithWindMin": 499.0591387590513,
  "Id": "8b11d2e1-fe65-46bb-82a6-4442277b52f2",
  "CreatedOn": "0001-01-01T00:00:00",
  "CreatedBy": "579816e4-6653-4794-b435-a885f32e28d7",
  "ModifiedOn": "2024-11-19T06:47:17.9687243+00:00",
  "ModifiedBy": "579816e4-6653-4794-b435-a885f32e28d7"
}

12:17:18.108 [main] INFO  com.intuit.karate - Rounded Opening Angle: 74 
12:17:18.108 [main] INFO  com.intuit.karate - Rounded Ageo: 2.15 
12:17:18.108 [main] INFO  com.intuit.karate - Rounded Required Opening Stroke: 1204 
12:17:18.109 [main] INFO  com.intuit.karate - Rounded Vent Weight: 102.0 
12:17:18.114 [main] INFO  com.intuit.karate - karate.env system property was: null 
12:17:18.117 [main] INFO  com.intuit.karate - Running test for dataset:  Dataset39 
12:17:18.119 [main] DEBUG com.intuit.karate - request:
1 > PUT https://dev-drivetec-apis.schuecodigitalsolutions.com/Configurations
1 > Content-Type: application/json; charset=UTF-8
1 > Content-Length: 1264
1 > Host: dev-drivetec-apis.schuecodigitalsolutions.com
1 > Connection: Keep-Alive
1 > User-Agent: Apache-HttpClient/4.5.14 (Java/17.0.12)
1 > Accept-Encoding: gzip,deflate
{"Id":"8b11d2e1-fe65-46bb-82a6-4442277b52f2","Name":"asdefgh","Description":"","ProjectId":"d2659447-79dd-4004-bdd8-aebda2f103db","CustomTags":"","CreatedBy":"579816e4-6653-4794-b435-a885f32e28d7","ModifiedBy":"579816e4-6653-4794-b435-a885f32e28d7","System":"","FacadeInclination":10,"OpeningType":5,"OpeningDirection":1,"OpeningWidth":1000,"VentOuterWidth":1230,"VentOuterHeight":2000,"VentWeight":0,"CalculateWeightWithGlass":false,"RequiredOpeningStroke":400,"WindLoad":120,"SnowLoad":0,"IsWindowOpeningCalculationByAngle":2,"GlassThickness":14,"ProfileWeightPerSerialMeter":2.5,"DrivePosition":1,"InstallationPosition":0,"LockingMechanism":1,"Voltage":1,"DriveType":3,"TypeOfInstallation":2,"GeometricArea":0,"CalcVentilation":2,"SpecificExhaustDimension":30,"BuildingDepth":75,"CalculationTypeForVentilation":2,"HeightOfProfile":30,"HeightProfileRectangleAngle1":0,"HeightProfileRectangleAngle2":0,"RevealDepth":1000,"RevealDepthRectangleAngle1":0,"RevealDepthRectangleAngle2":0,"ChainLengthConnectingRodHandle":1,"ApplicationName":2,"OpeningAngle":73,"WeightIncGlassOrThickness":false,"AkippOrAtilt":0,"AdrehOrAturn":0,"Ageo":0,"MinPullingForceMax":0,"MinPushingForceMax":0,"MinPullingForcePermanent":0,"MinPushingForcePermanent":0,"ForceWithNegativeWind":0}

12:17:18.924 [main] DEBUG com.intuit.karate - response time in milliseconds: 805
1 < 200
1 < Content-Type: application/json; charset=utf-8
1 < Date: Tue, 19 Nov 2024 06:47:18 GMT
1 < Server: Microsoft-IIS/10.0
1 < X-Powered-By: ASP.NET
1 < Content-Length: 2064
1 < Connection: keep-alive
{
  "ProjectId": "d2659447-79dd-4004-bdd8-aebda2f103db",
  "Name": "asdefgh",
  "Description": "",
  "CustomTags": "",
  "ApplicationName": 2,
  "OpeningType": 5,
  "OpeningDirection": 1,
  "CalculateWeightWithGlass": false,
  "WindLoad": 120,
  "IsWindowOpeningCalculationByAngle": 2,
  "VentOuterWidth": 1230,
  "VentOuterHeight": 2000,
  "WeightIncGlassOrThickness": false,
  "VentWeight": 102,
  "VentWeightExact": 102.25,
  "GlassThickness": 14,
  "ProfileWeightPerSerialMeter": 2.5,
  "FacadeInclination": 10,
  "ChainLengthConnectingRodHandle": 1,
  "ChainLenghtConnectingRodHandle": 0,
  "RequiredOpeningStroke": 1189.6455735026825,
  "OpeningWidth": 1000,
  "OpeningAngle": 73,
  "SpecificExhaustDimension": 30,
  "BuildingDepth": 75,
  "SnowLoad": 0,
  "DistanceHinge": 0,
  "RatedCurrent": 0,
  "DrivePosition": 1,
  "LockingMechanism": 1,
  "Voltage": 1,
  "DriveType": 3,
  "TypeOfInstallation": 2,
  "GeometricArea": 0,
  "CalculationTypeForVentilation": 2,
  "HeightOfProfile": 30,
  "Reveal": 0,
  "RevealDepth": 1000,
  "HeightProfileRectangleAngle1": 0,
  "HeightProfileRectangleAngle2": 0,
  "RevealDepthRectangleAngle1": 0,
  "RevealDepthRectangleAngle2": 0,
  "RevealDepthRectangleAngle12": 0,
  "InstallationPosition": 0,
  "RecommendedDriveArticleNo": 0,
  "System": "",
  "AkippOrAtilt": 7.68511040482733,
  "AdrehOrAturn": 2.46,
  "Ageo": 2.1435158852847755,
  "MinPullingForceMax": 516.4628607013776,
  "MinPushingForceMax": 1015.874071679035,
  "MinPullingForcePermanent": 1006.9816337368769,
  "MinPushingForcePermanent": 1006.9816337368769,
  "ForceWithNegativeWind": 1002.5354147657979,
  "ForceWithNoWindMin": 154.59713331925406,
  "ForceWithNegativeWindMin": -26.3357303718077,
  "ForceWithWindMin": 516.4628607013776,
  "Id": "8b11d2e1-fe65-46bb-82a6-4442277b52f2",
  "CreatedOn": "0001-01-01T00:00:00",
  "CreatedBy": "579816e4-6653-4794-b435-a885f32e28d7",
  "ModifiedOn": "2024-11-19T06:47:18.8063123+00:00",
  "ModifiedBy": "579816e4-6653-4794-b435-a885f32e28d7"
}

12:17:18.925 [main] INFO  com.intuit.karate - Rounded Opening Angle: 73 
12:17:18.925 [main] INFO  com.intuit.karate - Rounded Ageo: 2.14 
12:17:18.926 [main] INFO  com.intuit.karate - Rounded Required Opening Stroke: 1190 
12:17:18.926 [main] INFO  com.intuit.karate - Rounded Vent Weight: 102.0 
12:17:18.930 [main] INFO  com.intuit.karate - karate.env system property was: null 
12:17:18.932 [main] INFO  com.intuit.karate - Running test for dataset:  Dataset40 
12:17:18.933 [main] DEBUG com.intuit.karate - request:
1 > PUT https://dev-drivetec-apis.schuecodigitalsolutions.com/Configurations
1 > Content-Type: application/json; charset=UTF-8
1 > Content-Length: 1264
1 > Host: dev-drivetec-apis.schuecodigitalsolutions.com
1 > Connection: Keep-Alive
1 > User-Agent: Apache-HttpClient/4.5.14 (Java/17.0.12)
1 > Accept-Encoding: gzip,deflate
{"Id":"8b11d2e1-fe65-46bb-82a6-4442277b52f2","Name":"asdefgh","Description":"","ProjectId":"d2659447-79dd-4004-bdd8-aebda2f103db","CustomTags":"","CreatedBy":"579816e4-6653-4794-b435-a885f32e28d7","ModifiedBy":"579816e4-6653-4794-b435-a885f32e28d7","System":"","FacadeInclination":10,"OpeningType":5,"OpeningDirection":1,"OpeningWidth":1000,"VentOuterWidth":1230,"VentOuterHeight":1000,"VentWeight":0,"CalculateWeightWithGlass":false,"RequiredOpeningStroke":750,"WindLoad":120,"SnowLoad":0,"IsWindowOpeningCalculationByAngle":1,"GlassThickness":14,"ProfileWeightPerSerialMeter":2.5,"DrivePosition":1,"InstallationPosition":0,"LockingMechanism":1,"Voltage":1,"DriveType":3,"TypeOfInstallation":2,"GeometricArea":0,"CalcVentilation":1,"SpecificExhaustDimension":30,"BuildingDepth":75,"CalculationTypeForVentilation":1,"HeightOfProfile":30,"HeightProfileRectangleAngle1":0,"HeightProfileRectangleAngle2":0,"RevealDepth":1000,"RevealDepthRectangleAngle1":0,"RevealDepthRectangleAngle2":0,"ChainLengthConnectingRodHandle":1,"ApplicationName":2,"OpeningAngle":74,"WeightIncGlassOrThickness":false,"AkippOrAtilt":0,"AdrehOrAturn":0,"Ageo":0,"MinPullingForceMax":0,"MinPushingForceMax":0,"MinPullingForcePermanent":0,"MinPushingForcePermanent":0,"ForceWithNegativeWind":0}

12:17:19.632 [main] DEBUG com.intuit.karate - response time in milliseconds: 699
1 < 200
1 < Content-Type: application/json; charset=utf-8
1 < Date: Tue, 19 Nov 2024 06:47:18 GMT
1 < Server: Microsoft-IIS/10.0
1 < X-Powered-By: ASP.NET
1 < Content-Length: 2017
1 < Connection: keep-alive
{
  "ProjectId": "d2659447-79dd-4004-bdd8-aebda2f103db",
  "Name": "asdefgh",
  "Description": "",
  "CustomTags": "",
  "ApplicationName": 2,
  "OpeningType": 5,
  "OpeningDirection": 1,
  "CalculateWeightWithGlass": false,
  "WindLoad": 120,
  "IsWindowOpeningCalculationByAngle": 1,
  "VentOuterWidth": 1230,
  "VentOuterHeight": 1000,
  "WeightIncGlassOrThickness": false,
  "VentWeight": 54,
  "VentWeightExact": 54.199999999999996,
  "GlassThickness": 14,
  "ProfileWeightPerSerialMeter": 2.5,
  "FacadeInclination": 10,
  "ChainLengthConnectingRodHandle": 1,
  "ChainLenghtConnectingRodHandle": 0,
  "RequiredOpeningStroke": 750,
  "OpeningWidth": 1000,
  "OpeningAngle": 97.18075578145829,
  "SpecificExhaustDimension": 30,
  "BuildingDepth": 75,
  "SnowLoad": 0,
  "DistanceHinge": 0,
  "RatedCurrent": 0,
  "DrivePosition": 1,
  "LockingMechanism": 1,
  "Voltage": 1,
  "DriveType": 3,
  "TypeOfInstallation": 2,
  "GeometricArea": 0,
  "CalculationTypeForVentilation": 1,
  "HeightOfProfile": 30,
  "Reveal": 0,
  "RevealDepth": 1000,
  "HeightProfileRectangleAngle1": 0,
  "HeightProfileRectangleAngle2": 0,
  "RevealDepthRectangleAngle1": 0,
  "RevealDepthRectangleAngle2": 0,
  "RevealDepthRectangleAngle12": 0,
  "InstallationPosition": 0,
  "RecommendedDriveArticleNo": 0,
  "System": "",
  "AkippOrAtilt": 3.345,
  "AdrehOrAturn": 1.23,
  "Ageo": 1.23,
  "MinPullingForceMax": 0,
  "MinPushingForceMax": 538.2203465851497,
  "MinPullingForcePermanent": 533.7741276140707,
  "MinPushingForcePermanent": 533.7741276140707,
  "ForceWithNegativeWind": 531.5510181285313,
  "ForceWithNoWindMin": -130.4694075645382,
  "ForceWithNegativeWindMin": -231.64694225744702,
  "ForceWithWindMin": 0,
  "Id": "8b11d2e1-fe65-46bb-82a6-4442277b52f2",
  "CreatedOn": "0001-01-01T00:00:00",
  "CreatedBy": "579816e4-6653-4794-b435-a885f32e28d7",
  "ModifiedOn": "2024-11-19T06:47:19.5431848+00:00",
  "ModifiedBy": "579816e4-6653-4794-b435-a885f32e28d7"
}

12:17:19.635 [main] INFO  com.intuit.karate - Rounded Opening Angle: 97 
12:17:19.635 [main] INFO  com.intuit.karate - Rounded Ageo: 1.23 
12:17:19.635 [main] INFO  com.intuit.karate - Rounded Required Opening Stroke: 750 
12:17:19.635 [main] INFO  com.intuit.karate - Rounded Vent Weight: 54.0 
12:17:19.644 [main] INFO  com.intuit.karate - karate.env system property was: null 
12:17:19.647 [main] INFO  com.intuit.karate - Running test for dataset:  Dataset41 
12:17:19.650 [main] DEBUG com.intuit.karate - request:
1 > PUT https://dev-drivetec-apis.schuecodigitalsolutions.com/Configurations
1 > Content-Type: application/json; charset=UTF-8
1 > Content-Length: 1263
1 > Host: dev-drivetec-apis.schuecodigitalsolutions.com
1 > Connection: Keep-Alive
1 > User-Agent: Apache-HttpClient/4.5.14 (Java/17.0.12)
1 > Accept-Encoding: gzip,deflate
{"Id":"8b11d2e1-fe65-46bb-82a6-4442277b52f2","Name":"asdefgh","Description":"","ProjectId":"d2659447-79dd-4004-bdd8-aebda2f103db","CustomTags":"","CreatedBy":"579816e4-6653-4794-b435-a885f32e28d7","ModifiedBy":"579816e4-6653-4794-b435-a885f32e28d7","System":"","FacadeInclination":0,"OpeningType":3,"OpeningDirection":1,"OpeningWidth":1000,"VentOuterWidth":1201,"VentOuterHeight":1000,"VentWeight":0,"CalculateWeightWithGlass":false,"RequiredOpeningStroke":400,"WindLoad":120,"SnowLoad":0,"IsWindowOpeningCalculationByAngle":1,"GlassThickness":14,"ProfileWeightPerSerialMeter":2.5,"DrivePosition":1,"InstallationPosition":0,"LockingMechanism":1,"Voltage":1,"DriveType":1,"TypeOfInstallation":2,"GeometricArea":0,"CalcVentilation":1,"SpecificExhaustDimension":30,"BuildingDepth":75,"CalculationTypeForVentilation":1,"HeightOfProfile":30,"HeightProfileRectangleAngle1":0,"HeightProfileRectangleAngle2":0,"RevealDepth":1000,"RevealDepthRectangleAngle1":0,"RevealDepthRectangleAngle2":0,"ChainLengthConnectingRodHandle":5,"ApplicationName":1,"OpeningAngle":74,"WeightIncGlassOrThickness":false,"AkippOrAtilt":0,"AdrehOrAturn":0,"Ageo":0,"MinPullingForceMax":0,"MinPushingForceMax":0,"MinPullingForcePermanent":0,"MinPushingForcePermanent":0,"ForceWithNegativeWind":0}

12:17:20.463 [main] DEBUG com.intuit.karate - response time in milliseconds: 812
1 < 200
1 < Content-Type: application/json; charset=utf-8
1 < Date: Tue, 19 Nov 2024 06:47:20 GMT
1 < Server: Microsoft-IIS/10.0
1 < X-Powered-By: ASP.NET
1 < Content-Length: 1992
1 < Connection: keep-alive
{
  "ProjectId": "d2659447-79dd-4004-bdd8-aebda2f103db",
  "Name": "asdefgh",
  "Description": "",
  "CustomTags": "",
  "ApplicationName": 1,
  "OpeningType": 3,
  "OpeningDirection": 1,
  "CalculateWeightWithGlass": false,
  "WindLoad": 120,
  "IsWindowOpeningCalculationByAngle": 1,
  "VentOuterWidth": 1201,
  "VentOuterHeight": 1000,
  "WeightIncGlassOrThickness": false,
  "VentWeight": 53,
  "VentWeightExact": 53.04,
  "GlassThickness": 14,
  "ProfileWeightPerSerialMeter": 2.5,
  "FacadeInclination": 0,
  "ChainLengthConnectingRodHandle": 5,
  "ChainLenghtConnectingRodHandle": 0,
  "RequiredOpeningStroke": 400,
  "OpeningWidth": 1000,
  "OpeningAngle": 19.172008828071117,
  "SpecificExhaustDimension": 30,
  "BuildingDepth": 75,
  "SnowLoad": 0,
  "DistanceHinge": 0,
  "RatedCurrent": 0,
  "DrivePosition": 1,
  "LockingMechanism": 1,
  "Voltage": 1,
  "DriveType": 1,
  "TypeOfInstallation": 2,
  "GeometricArea": 0,
  "CalculationTypeForVentilation": 1,
  "HeightOfProfile": 30,
  "Reveal": 0,
  "RevealDepth": 1000,
  "HeightProfileRectangleAngle1": 0,
  "HeightProfileRectangleAngle2": 0,
  "RevealDepthRectangleAngle1": 0,
  "RevealDepthRectangleAngle2": 0,
  "RevealDepthRectangleAngle12": 0,
  "InstallationPosition": 0,
  "RecommendedDriveArticleNo": 0,
  "System": "",
  "AkippOrAtilt": 0.8804,
  "AdrehOrAturn": 1.201,
  "Ageo": 0.8804,
  "MinPullingForceMax": -65.23478237053695,
  "MinPushingForceMax": -72.06000614977764,
  "MinPullingForcePermanent": 0,
  "MinPushingForcePermanent": 0,
  "ForceWithNegativeWind": 72.06000614977764,
  "ForceWithNoWindMin": 0,
  "ForceWithNegativeWindMin": 65.23478237053695,
  "ForceWithWindMin": -65.23478237053695,
  "Id": "8b11d2e1-fe65-46bb-82a6-4442277b52f2",
  "CreatedOn": "0001-01-01T00:00:00",
  "CreatedBy": "579816e4-6653-4794-b435-a885f32e28d7",
  "ModifiedOn": "2024-11-19T06:47:20.3428318+00:00",
  "ModifiedBy": "579816e4-6653-4794-b435-a885f32e28d7"
}

12:17:20.465 [main] INFO  com.intuit.karate - Rounded Opening Angle: 19 
12:17:20.465 [main] INFO  com.intuit.karate - Rounded Ageo: 0.88 
12:17:20.466 [main] INFO  com.intuit.karate - Rounded Required Opening Stroke: 400 
12:17:20.467 [main] INFO  com.intuit.karate - Rounded Vent Weight: 53.0 
12:17:20.474 [main] INFO  com.intuit.karate - karate.env system property was: null 
12:17:20.476 [main] INFO  com.intuit.karate - Running test for dataset:  Dataset42 
12:17:20.478 [main] DEBUG com.intuit.karate - request:
1 > PUT https://dev-drivetec-apis.schuecodigitalsolutions.com/Configurations
1 > Content-Type: application/json; charset=UTF-8
1 > Content-Length: 1268
1 > Host: dev-drivetec-apis.schuecodigitalsolutions.com
1 > Connection: Keep-Alive
1 > User-Agent: Apache-HttpClient/4.5.14 (Java/17.0.12)
1 > Accept-Encoding: gzip,deflate
{"Id":"8b11d2e1-fe65-46bb-82a6-4442277b52f2","Name":"asdefgh","Description":"","ProjectId":"d2659447-79dd-4004-bdd8-aebda2f103db","CustomTags":"","CreatedBy":"579816e4-6653-4794-b435-a885f32e28d7","ModifiedBy":"579816e4-6653-4794-b435-a885f32e28d7","System":"","FacadeInclination":0,"OpeningType":3,"OpeningDirection":2,"OpeningWidth":1000,"VentOuterWidth":1201,"VentOuterHeight":1000,"VentWeight":0,"CalculateWeightWithGlass":false,"RequiredOpeningStroke":400,"WindLoad":120,"SnowLoad":0,"IsWindowOpeningCalculationByAngle":1,"GlassThickness":14,"ProfileWeightPerSerialMeter":2.5,"DrivePosition":1,"InstallationPosition":0,"LockingMechanism":1,"Voltage":1,"DriveType":1,"TypeOfInstallation":2,"GeometricArea":0,"CalcVentilation":1,"SpecificExhaustDimension":45,"BuildingDepth":75,"CalculationTypeForVentilation":1,"HeightOfProfile":30,"HeightProfileRectangleAngle1":35,"HeightProfileRectangleAngle2":2,"RevealDepth":200,"RevealDepthRectangleAngle1":150,"RevealDepthRectangleAngle2":1000,"ChainLengthConnectingRodHandle":5,"ApplicationName":1,"OpeningAngle":10,"WeightIncGlassOrThickness":false,"AkippOrAtilt":0,"AdrehOrAturn":0,"Ageo":0,"MinPullingForceMax":0,"MinPushingForceMax":0,"MinPullingForcePermanent":0,"MinPushingForcePermanent":0,"ForceWithNegativeWind":0}

12:17:21.279 [main] DEBUG com.intuit.karate - response time in milliseconds: 801
1 < 200
1 < Content-Type: application/json; charset=utf-8
1 < Date: Tue, 19 Nov 2024 06:47:20 GMT
1 < Server: Microsoft-IIS/10.0
1 < X-Powered-By: ASP.NET
1 < Content-Length: 1996
1 < Connection: keep-alive
{
  "ProjectId": "d2659447-79dd-4004-bdd8-aebda2f103db",
  "Name": "asdefgh",
  "Description": "",
  "CustomTags": "",
  "ApplicationName": 1,
  "OpeningType": 3,
  "OpeningDirection": 2,
  "CalculateWeightWithGlass": false,
  "WindLoad": 120,
  "IsWindowOpeningCalculationByAngle": 1,
  "VentOuterWidth": 1201,
  "VentOuterHeight": 1000,
  "WeightIncGlassOrThickness": false,
  "VentWeight": 53,
  "VentWeightExact": 53.04,
  "GlassThickness": 14,
  "ProfileWeightPerSerialMeter": 2.5,
  "FacadeInclination": 0,
  "ChainLengthConnectingRodHandle": 5,
  "ChainLenghtConnectingRodHandle": 0,
  "RequiredOpeningStroke": 400,
  "OpeningWidth": 1000,
  "OpeningAngle": 19.172008828071117,
  "SpecificExhaustDimension": 45,
  "BuildingDepth": 75,
  "SnowLoad": 0,
  "DistanceHinge": 0,
  "RatedCurrent": 0,
  "DrivePosition": 1,
  "LockingMechanism": 1,
  "Voltage": 1,
  "DriveType": 1,
  "TypeOfInstallation": 2,
  "GeometricArea": 0,
  "CalculationTypeForVentilation": 1,
  "HeightOfProfile": 30,
  "Reveal": 0,
  "RevealDepth": 200,
  "HeightProfileRectangleAngle1": 35,
  "HeightProfileRectangleAngle2": 2,
  "RevealDepthRectangleAngle1": 150,
  "RevealDepthRectangleAngle2": 1000,
  "RevealDepthRectangleAngle12": 0,
  "InstallationPosition": 0,
  "RecommendedDriveArticleNo": 0,
  "System": "",
  "AkippOrAtilt": 0.8804,
  "AdrehOrAturn": 1.201,
  "Ageo": 0.8804,
  "MinPullingForceMax": 65.23478237053695,
  "MinPushingForceMax": 72.06000614977764,
  "MinPullingForcePermanent": 0,
  "MinPushingForcePermanent": 0,
  "ForceWithNegativeWind": -72.06000614977764,
  "ForceWithNoWindMin": 0,
  "ForceWithNegativeWindMin": -65.23478237053695,
  "ForceWithWindMin": 65.23478237053695,
  "Id": "8b11d2e1-fe65-46bb-82a6-4442277b52f2",
  "CreatedOn": "0001-01-01T00:00:00",
  "CreatedBy": "579816e4-6653-4794-b435-a885f32e28d7",
  "ModifiedOn": "2024-11-19T06:47:21.1643961+00:00",
  "ModifiedBy": "579816e4-6653-4794-b435-a885f32e28d7"
}

12:17:21.282 [main] INFO  com.intuit.karate - Rounded Opening Angle: 19 
12:17:21.282 [main] INFO  com.intuit.karate - Rounded Ageo: 0.88 
12:17:21.282 [main] INFO  com.intuit.karate - Rounded Required Opening Stroke: 400 
12:17:21.283 [main] INFO  com.intuit.karate - Rounded Vent Weight: 53.0 
12:17:21.287 [main] INFO  com.intuit.karate - karate.env system property was: null 
12:17:21.290 [main] INFO  com.intuit.karate - Running test for dataset:  Dataset43 
12:17:21.293 [main] DEBUG com.intuit.karate - request:
1 > PUT https://dev-drivetec-apis.schuecodigitalsolutions.com/Configurations
1 > Content-Type: application/json; charset=UTF-8
1 > Content-Length: 1271
1 > Host: dev-drivetec-apis.schuecodigitalsolutions.com
1 > Connection: Keep-Alive
1 > User-Agent: Apache-HttpClient/4.5.14 (Java/17.0.12)
1 > Accept-Encoding: gzip,deflate
{"Id":"8b11d2e1-fe65-46bb-82a6-4442277b52f2","Name":"asdefgh","Description":"","ProjectId":"d2659447-79dd-4004-bdd8-aebda2f103db","CustomTags":"","CreatedBy":"579816e4-6653-4794-b435-a885f32e28d7","ModifiedBy":"579816e4-6653-4794-b435-a885f32e28d7","System":"","FacadeInclination":0,"OpeningType":1,"OpeningDirection":1,"OpeningWidth":1000,"VentOuterWidth":1201,"VentOuterHeight":1000,"VentWeight":0,"CalculateWeightWithGlass":false,"RequiredOpeningStroke":400,"WindLoad":120,"SnowLoad":0,"IsWindowOpeningCalculationByAngle":1,"GlassThickness":14,"ProfileWeightPerSerialMeter":2.5,"DrivePosition":1,"InstallationPosition":0,"LockingMechanism":1,"Voltage":1,"DriveType":1,"TypeOfInstallation":2,"GeometricArea":0,"CalcVentilation":2,"SpecificExhaustDimension":45,"BuildingDepth":90,"CalculationTypeForVentilation":2,"HeightOfProfile":150,"HeightProfileRectangleAngle1":150,"HeightProfileRectangleAngle2":150,"RevealDepth":150,"RevealDepthRectangleAngle1":150,"RevealDepthRectangleAngle2":150,"ChainLengthConnectingRodHandle":5,"ApplicationName":1,"OpeningAngle":74,"WeightIncGlassOrThickness":false,"AkippOrAtilt":0,"AdrehOrAturn":0,"Ageo":0,"MinPullingForceMax":0,"MinPushingForceMax":0,"MinPullingForcePermanent":0,"MinPushingForcePermanent":0,"ForceWithNegativeWind":0}

12:17:21.995 [main] DEBUG com.intuit.karate - response time in milliseconds: 702
1 < 200
1 < Content-Type: application/json; charset=utf-8
1 < Date: Tue, 19 Nov 2024 06:47:21 GMT
1 < Server: Microsoft-IIS/10.0
1 < X-Powered-By: ASP.NET
1 < Content-Length: 2066
1 < Connection: keep-alive
{
  "ProjectId": "d2659447-79dd-4004-bdd8-aebda2f103db",
  "Name": "asdefgh",
  "Description": "",
  "CustomTags": "",
  "ApplicationName": 1,
  "OpeningType": 1,
  "OpeningDirection": 1,
  "CalculateWeightWithGlass": false,
  "WindLoad": 120,
  "IsWindowOpeningCalculationByAngle": 1,
  "VentOuterWidth": 1201,
  "VentOuterHeight": 1000,
  "WeightIncGlassOrThickness": false,
  "VentWeight": 53,
  "VentWeightExact": 53.04,
  "GlassThickness": 14,
  "ProfileWeightPerSerialMeter": 2.5,
  "FacadeInclination": 0,
  "ChainLengthConnectingRodHandle": 5,
  "ChainLenghtConnectingRodHandle": 0,
  "RequiredOpeningStroke": 400,
  "OpeningWidth": 1000,
  "OpeningAngle": 23.073918065630977,
  "SpecificExhaustDimension": 45,
  "BuildingDepth": 90,
  "SnowLoad": 0,
  "DistanceHinge": 0,
  "RatedCurrent": 0,
  "DrivePosition": 1,
  "LockingMechanism": 1,
  "Voltage": 1,
  "DriveType": 1,
  "TypeOfInstallation": 2,
  "GeometricArea": 0,
  "CalculationTypeForVentilation": 2,
  "HeightOfProfile": 150,
  "Reveal": 0,
  "RevealDepth": 150,
  "HeightProfileRectangleAngle1": 150,
  "HeightProfileRectangleAngle2": 150,
  "RevealDepthRectangleAngle1": 150,
  "RevealDepthRectangleAngle2": 150,
  "RevealDepthRectangleAngle12": 0,
  "InstallationPosition": 0,
  "RecommendedDriveArticleNo": 0,
  "System": "",
  "AkippOrAtilt": 0.8804,
  "AdrehOrAturn": 1.201,
  "Ageo": 0.3735492950895184,
  "MinPullingForceMax": -71.8487684604568,
  "MinPushingForceMax": -168.17314550645918,
  "MinPullingForcePermanent": -105.88166896820212,
  "MinPushingForcePermanent": -105.88166896820212,
  "ForceWithNegativeWind": 72.27114014782973,
  "ForceWithNoWindMin": 0.21118584368646143,
  "ForceWithNegativeWindMin": -43.59019242994507,
  "ForceWithWindMin": -71.8487684604568,
  "Id": "8b11d2e1-fe65-46bb-82a6-4442277b52f2",
  "CreatedOn": "0001-01-01T00:00:00",
  "CreatedBy": "579816e4-6653-4794-b435-a885f32e28d7",
  "ModifiedOn": "2024-11-19T06:47:21.8532663+00:00",
  "ModifiedBy": "579816e4-6653-4794-b435-a885f32e28d7"
}

12:17:21.997 [main] INFO  com.intuit.karate - Rounded Opening Angle: 23 
12:17:21.998 [main] INFO  com.intuit.karate - Rounded Ageo: 0.37 
12:17:21.998 [main] INFO  com.intuit.karate - Rounded Required Opening Stroke: 400 
12:17:21.998 [main] INFO  com.intuit.karate - Rounded Vent Weight: 53.0 
12:17:22.004 [main] INFO  com.intuit.karate - karate.env system property was: null 
12:17:22.007 [main] INFO  com.intuit.karate - Running test for dataset:  Dataset44 
12:17:22.008 [main] DEBUG com.intuit.karate - request:
1 > PUT https://dev-drivetec-apis.schuecodigitalsolutions.com/Configurations
1 > Content-Type: application/json; charset=UTF-8
1 > Content-Length: 1271
1 > Host: dev-drivetec-apis.schuecodigitalsolutions.com
1 > Connection: Keep-Alive
1 > User-Agent: Apache-HttpClient/4.5.14 (Java/17.0.12)
1 > Accept-Encoding: gzip,deflate
{"Id":"8b11d2e1-fe65-46bb-82a6-4442277b52f2","Name":"asdefgh","Description":"","ProjectId":"d2659447-79dd-4004-bdd8-aebda2f103db","CustomTags":"","CreatedBy":"579816e4-6653-4794-b435-a885f32e28d7","ModifiedBy":"579816e4-6653-4794-b435-a885f32e28d7","System":"","FacadeInclination":0,"OpeningType":1,"OpeningDirection":1,"OpeningWidth":1000,"VentOuterWidth":1230,"VentOuterHeight":4001,"VentWeight":260,"CalculateWeightWithGlass":false,"RequiredOpeningStroke":1201,"WindLoad":120,"SnowLoad":0,"IsWindowOpeningCalculationByAngle":1,"GlassThickness":0,"ProfileWeightPerSerialMeter":0,"DrivePosition":1,"InstallationPosition":0,"LockingMechanism":1,"Voltage":1,"DriveType":1,"TypeOfInstallation":2,"GeometricArea":0,"CalcVentilation":1,"SpecificExhaustDimension":45,"BuildingDepth":90,"CalculationTypeForVentilation":1,"HeightOfProfile":150,"HeightProfileRectangleAngle1":150,"HeightProfileRectangleAngle2":150,"RevealDepth":150,"RevealDepthRectangleAngle1":150,"RevealDepthRectangleAngle2":150,"ChainLengthConnectingRodHandle":5,"ApplicationName":1,"OpeningAngle":74,"WeightIncGlassOrThickness":false,"AkippOrAtilt":0,"AdrehOrAturn":0,"Ageo":0,"MinPullingForceMax":0,"MinPushingForceMax":0,"MinPullingForcePermanent":0,"MinPushingForcePermanent":0,"ForceWithNegativeWind":0}

12:17:22.817 [main] DEBUG com.intuit.karate - response time in milliseconds: 808
1 < 200
1 < Content-Type: application/json; charset=utf-8
1 < Date: Tue, 19 Nov 2024 06:47:21 GMT
1 < Server: Microsoft-IIS/10.0
1 < X-Powered-By: ASP.NET
1 < Content-Length: 2058
1 < Connection: keep-alive
{
  "ProjectId": "d2659447-79dd-4004-bdd8-aebda2f103db",
  "Name": "asdefgh",
  "Description": "",
  "CustomTags": "",
  "ApplicationName": 1,
  "OpeningType": 1,
  "OpeningDirection": 1,
  "CalculateWeightWithGlass": false,
  "WindLoad": 120,
  "IsWindowOpeningCalculationByAngle": 1,
  "VentOuterWidth": 1230,
  "VentOuterHeight": 4001,
  "WeightIncGlassOrThickness": false,
  "VentWeight": 260,
  "VentWeightExact": 260,
  "GlassThickness": 0,
  "ProfileWeightPerSerialMeter": 0,
  "FacadeInclination": 0,
  "ChainLengthConnectingRodHandle": 5,
  "ChainLenghtConnectingRodHandle": 0,
  "RequiredOpeningStroke": 1201,
  "OpeningWidth": 1000,
  "OpeningAngle": 17.26399215308786,
  "SpecificExhaustDimension": 45,
  "BuildingDepth": 90,
  "SnowLoad": 0,
  "DistanceHinge": 0,
  "RatedCurrent": 0,
  "DrivePosition": 1,
  "LockingMechanism": 1,
  "Voltage": 1,
  "DriveType": 1,
  "TypeOfInstallation": 2,
  "GeometricArea": 0,
  "CalculationTypeForVentilation": 1,
  "HeightOfProfile": 150,
  "Reveal": 0,
  "RevealDepth": 150,
  "HeightProfileRectangleAngle1": 150,
  "HeightProfileRectangleAngle2": 150,
  "RevealDepthRectangleAngle1": 150,
  "RevealDepthRectangleAngle2": 150,
  "RevealDepthRectangleAngle12": 0,
  "InstallationPosition": 0,
  "RecommendedDriveArticleNo": 0,
  "System": "",
  "AkippOrAtilt": 6.282431,
  "AdrehOrAturn": 4.92123,
  "Ageo": 4.92123,
  "MinPullingForceMax": -294.23838803223236,
  "MinPushingForceMax": -661.7145461325492,
  "MinPullingForcePermanent": -389.22740787357174,
  "MinPushingForcePermanent": -389.22740787357174,
  "ForceWithNegativeWind": 296.3088374801389,
  "ForceWithNoWindMin": 1.0352247239532424,
  "ForceWithNegativeWindMin": -116.74026961459424,
  "ForceWithWindMin": -294.23838803223236,
  "Id": "8b11d2e1-fe65-46bb-82a6-4442277b52f2",
  "CreatedOn": "0001-01-01T00:00:00",
  "CreatedBy": "579816e4-6653-4794-b435-a885f32e28d7",
  "ModifiedOn": "2024-11-19T06:47:22.7054245+00:00",
  "ModifiedBy": "579816e4-6653-4794-b435-a885f32e28d7"
}

12:17:22.819 [main] INFO  com.intuit.karate - Rounded Opening Angle: 17 
12:17:22.820 [main] INFO  com.intuit.karate - Rounded Ageo: 4.92 
12:17:22.820 [main] INFO  com.intuit.karate - Rounded Required Opening Stroke: 1201 
12:17:22.820 [main] INFO  com.intuit.karate - Rounded Vent Weight: 260.0 
12:17:22.827 [main] INFO  com.intuit.karate - karate.env system property was: null 
12:17:22.830 [main] INFO  com.intuit.karate - Running test for dataset:  Dataset45 
12:17:22.832 [main] DEBUG com.intuit.karate - request:
1 > PUT https://dev-drivetec-apis.schuecodigitalsolutions.com/Configurations
1 > Content-Type: application/json; charset=UTF-8
1 > Content-Length: 1271
1 > Host: dev-drivetec-apis.schuecodigitalsolutions.com
1 > Connection: Keep-Alive
1 > User-Agent: Apache-HttpClient/4.5.14 (Java/17.0.12)
1 > Accept-Encoding: gzip,deflate
{"Id":"8b11d2e1-fe65-46bb-82a6-4442277b52f2","Name":"asdefgh","Description":"","ProjectId":"d2659447-79dd-4004-bdd8-aebda2f103db","CustomTags":"","CreatedBy":"579816e4-6653-4794-b435-a885f32e28d7","ModifiedBy":"579816e4-6653-4794-b435-a885f32e28d7","System":"","FacadeInclination":27,"OpeningType":1,"OpeningDirection":1,"OpeningWidth":1000,"VentOuterWidth":1300,"VentOuterHeight":1480,"VentWeight":0,"CalculateWeightWithGlass":false,"RequiredOpeningStroke":700,"WindLoad":76,"SnowLoad":0,"IsWindowOpeningCalculationByAngle":1,"GlassThickness":14,"ProfileWeightPerSerialMeter":2.5,"DrivePosition":1,"InstallationPosition":0,"LockingMechanism":1,"Voltage":1,"DriveType":1,"TypeOfInstallation":2,"GeometricArea":0,"CalcVentilation":1,"SpecificExhaustDimension":45,"BuildingDepth":90,"CalculationTypeForVentilation":1,"HeightOfProfile":150,"HeightProfileRectangleAngle1":150,"HeightProfileRectangleAngle2":150,"RevealDepth":150,"RevealDepthRectangleAngle1":150,"RevealDepthRectangleAngle2":150,"ChainLengthConnectingRodHandle":5,"ApplicationName":1,"OpeningAngle":74,"WeightIncGlassOrThickness":false,"AkippOrAtilt":0,"AdrehOrAturn":0,"Ageo":0,"MinPullingForceMax":0,"MinPushingForceMax":0,"MinPullingForcePermanent":0,"MinPushingForcePermanent":0,"ForceWithNegativeWind":0}

12:17:23.579 [main] DEBUG com.intuit.karate - response time in milliseconds: 747
1 < 200
1 < Content-Type: application/json; charset=utf-8
1 < Date: Tue, 19 Nov 2024 06:47:23 GMT
1 < Server: Microsoft-IIS/10.0
1 < X-Powered-By: ASP.NET
1 < Content-Length: 2060
1 < Connection: keep-alive
{
  "ProjectId": "d2659447-79dd-4004-bdd8-aebda2f103db",
  "Name": "asdefgh",
  "Description": "",
  "CustomTags": "",
  "ApplicationName": 1,
  "OpeningType": 1,
  "OpeningDirection": 1,
  "CalculateWeightWithGlass": false,
  "WindLoad": 76,
  "IsWindowOpeningCalculationByAngle": 1,
  "VentOuterWidth": 1300,
  "VentOuterHeight": 1480,
  "WeightIncGlassOrThickness": false,
  "VentWeight": 81,
  "VentWeightExact": 81.24000000000001,
  "GlassThickness": 14,
  "ProfileWeightPerSerialMeter": 2.5,
  "FacadeInclination": 27,
  "ChainLengthConnectingRodHandle": 5,
  "ChainLenghtConnectingRodHandle": 0,
  "RequiredOpeningStroke": 700,
  "OpeningWidth": 1000,
  "OpeningAngle": 27.358524544154548,
  "SpecificExhaustDimension": 45,
  "BuildingDepth": 90,
  "SnowLoad": 0,
  "DistanceHinge": 0,
  "RatedCurrent": 0,
  "DrivePosition": 1,
  "LockingMechanism": 1,
  "Voltage": 1,
  "DriveType": 1,
  "TypeOfInstallation": 2,
  "GeometricArea": 0,
  "CalculationTypeForVentilation": 1,
  "HeightOfProfile": 150,
  "Reveal": 0,
  "RevealDepth": 150,
  "HeightProfileRectangleAngle1": 150,
  "HeightProfileRectangleAngle2": 150,
  "RevealDepthRectangleAngle1": 150,
  "RevealDepthRectangleAngle2": 150,
  "RevealDepthRectangleAngle12": 0,
  "InstallationPosition": 0,
  "RecommendedDriveArticleNo": 0,
  "System": "",
  "AkippOrAtilt": 1.946,
  "AdrehOrAturn": 1.924,
  "Ageo": 1.924,
  "MinPullingForceMax": -77.62685714172397,
  "MinPushingForceMax": 126.6025677007889,
  "MinPullingForcePermanent": 184.6126607670271,
  "MinPushingForcePermanent": 184.6126607670271,
  "ForceWithNegativeWind": 242.62275383326534,
  "ForceWithNoWindMin": -2.3829215886670383,
  "ForceWithNegativeWindMin": 72.86101396438988,
  "ForceWithWindMin": -77.62685714172397,
  "Id": "8b11d2e1-fe65-46bb-82a6-4442277b52f2",
  "CreatedOn": "0001-01-01T00:00:00",
  "CreatedBy": "579816e4-6653-4794-b435-a885f32e28d7",
  "ModifiedOn": "2024-11-19T06:47:23.4916783+00:00",
  "ModifiedBy": "579816e4-6653-4794-b435-a885f32e28d7"
}

12:17:23.580 [main] INFO  com.intuit.karate - Rounded Opening Angle: 27 
12:17:23.580 [main] INFO  com.intuit.karate - Rounded Ageo: 1.92 
12:17:23.581 [main] INFO  com.intuit.karate - Rounded Required Opening Stroke: 700 
12:17:23.581 [main] INFO  com.intuit.karate - Rounded Vent Weight: 81.0 
12:17:23.587 [main] INFO  com.intuit.karate - karate.env system property was: null 
12:17:23.589 [main] INFO  com.intuit.karate - Running test for dataset:  Dataset46 
12:17:23.592 [main] DEBUG com.intuit.karate - request:
1 > PUT https://dev-drivetec-apis.schuecodigitalsolutions.com/Configurations
1 > Content-Type: application/json; charset=UTF-8
1 > Content-Length: 1269
1 > Host: dev-drivetec-apis.schuecodigitalsolutions.com
1 > Connection: Keep-Alive
1 > User-Agent: Apache-HttpClient/4.5.14 (Java/17.0.12)
1 > Accept-Encoding: gzip,deflate
{"Id":"8b11d2e1-fe65-46bb-82a6-4442277b52f2","Name":"asdefgh","Description":"","ProjectId":"d2659447-79dd-4004-bdd8-aebda2f103db","CustomTags":"","CreatedBy":"579816e4-6653-4794-b435-a885f32e28d7","ModifiedBy":"579816e4-6653-4794-b435-a885f32e28d7","System":"","FacadeInclination":5,"OpeningType":2,"OpeningDirection":2,"OpeningWidth":1000,"VentOuterWidth":1230,"VentOuterHeight":1480,"VentWeight":62,"CalculateWeightWithGlass":false,"RequiredOpeningStroke":450,"WindLoad":121,"SnowLoad":0,"IsWindowOpeningCalculationByAngle":1,"GlassThickness":0,"ProfileWeightPerSerialMeter":0,"DrivePosition":1,"InstallationPosition":0,"LockingMechanism":1,"Voltage":1,"DriveType":1,"TypeOfInstallation":2,"GeometricArea":0,"CalcVentilation":1,"SpecificExhaustDimension":45,"BuildingDepth":90,"CalculationTypeForVentilation":1,"HeightOfProfile":150,"HeightProfileRectangleAngle1":150,"HeightProfileRectangleAngle2":150,"RevealDepth":150,"RevealDepthRectangleAngle1":150,"RevealDepthRectangleAngle2":150,"ChainLengthConnectingRodHandle":5,"ApplicationName":1,"OpeningAngle":74,"WeightIncGlassOrThickness":false,"AkippOrAtilt":0,"AdrehOrAturn":0,"Ageo":0,"MinPullingForceMax":0,"MinPushingForceMax":0,"MinPullingForcePermanent":0,"MinPushingForcePermanent":0,"ForceWithNegativeWind":0}

12:17:24.453 [main] DEBUG com.intuit.karate - response time in milliseconds: 861
1 < 200
1 < Content-Type: application/json; charset=utf-8
1 < Date: Tue, 19 Nov 2024 06:47:23 GMT
1 < Server: Microsoft-IIS/10.0
1 < X-Powered-By: ASP.NET
1 < Content-Length: 2045
1 < Connection: keep-alive
{
  "ProjectId": "d2659447-79dd-4004-bdd8-aebda2f103db",
  "Name": "asdefgh",
  "Description": "",
  "CustomTags": "",
  "ApplicationName": 1,
  "OpeningType": 2,
  "OpeningDirection": 2,
  "CalculateWeightWithGlass": false,
  "WindLoad": 121,
  "IsWindowOpeningCalculationByAngle": 1,
  "VentOuterWidth": 1230,
  "VentOuterHeight": 1480,
  "WeightIncGlassOrThickness": false,
  "VentWeight": 62,
  "VentWeightExact": 62,
  "GlassThickness": 0,
  "ProfileWeightPerSerialMeter": 0,
  "FacadeInclination": 5,
  "ChainLengthConnectingRodHandle": 5,
  "ChainLenghtConnectingRodHandle": 0,
  "RequiredOpeningStroke": 450,
  "OpeningWidth": 1000,
  "OpeningAngle": 17.488828112226656,
  "SpecificExhaustDimension": 45,
  "BuildingDepth": 90,
  "SnowLoad": 0,
  "DistanceHinge": 0,
  "RatedCurrent": 0,
  "DrivePosition": 1,
  "LockingMechanism": 1,
  "Voltage": 1,
  "DriveType": 1,
  "TypeOfInstallation": 2,
  "GeometricArea": 0,
  "CalculationTypeForVentilation": 1,
  "HeightOfProfile": 150,
  "Reveal": 0,
  "RevealDepth": 150,
  "HeightProfileRectangleAngle1": 150,
  "HeightProfileRectangleAngle2": 150,
  "RevealDepthRectangleAngle1": 150,
  "RevealDepthRectangleAngle2": 150,
  "RevealDepthRectangleAngle12": 0,
  "InstallationPosition": 0,
  "RecommendedDriveArticleNo": 0,
  "System": "",
  "AkippOrAtilt": 1.2195,
  "AdrehOrAturn": 1.8204,
  "Ageo": 1.2195,
  "MinPullingForceMax": 82.55491940479193,
  "MinPushingForceMax": 174.2619665121985,
  "MinPullingForcePermanent": 68.08302671183762,
  "MinPushingForcePermanent": 68.08302671183762,
  "ForceWithNegativeWind": -136.07229237210035,
  "ForceWithNoWindMin": -26.758686483654206,
  "ForceWithNegativeWindMin": -38.09591308852329,
  "ForceWithWindMin": 82.55491940479193,
  "Id": "8b11d2e1-fe65-46bb-82a6-4442277b52f2",
  "CreatedOn": "0001-01-01T00:00:00",
  "CreatedBy": "579816e4-6653-4794-b435-a885f32e28d7",
  "ModifiedOn": "2024-11-19T06:47:24.3309936+00:00",
  "ModifiedBy": "579816e4-6653-4794-b435-a885f32e28d7"
}

12:17:24.455 [main] INFO  com.intuit.karate - Rounded Opening Angle: 17 
12:17:24.455 [main] INFO  com.intuit.karate - Rounded Ageo: 1.22 
12:17:24.455 [main] INFO  com.intuit.karate - Rounded Required Opening Stroke: 450 
12:17:24.455 [main] INFO  com.intuit.karate - Rounded Vent Weight: 62.0 
12:17:24.460 [main] INFO  com.intuit.karate - karate.env system property was: null 
12:17:24.462 [main] INFO  com.intuit.karate - Running test for dataset:  Dataset47 
12:17:24.464 [main] DEBUG com.intuit.karate - request:
1 > PUT https://dev-drivetec-apis.schuecodigitalsolutions.com/Configurations
1 > Content-Type: application/json; charset=UTF-8
1 > Content-Length: 1269
1 > Host: dev-drivetec-apis.schuecodigitalsolutions.com
1 > Connection: Keep-Alive
1 > User-Agent: Apache-HttpClient/4.5.14 (Java/17.0.12)
1 > Accept-Encoding: gzip,deflate
{"Id":"8b11d2e1-fe65-46bb-82a6-4442277b52f2","Name":"asdefgh","Description":"","ProjectId":"d2659447-79dd-4004-bdd8-aebda2f103db","CustomTags":"","CreatedBy":"579816e4-6653-4794-b435-a885f32e28d7","ModifiedBy":"579816e4-6653-4794-b435-a885f32e28d7","System":"","FacadeInclination":5,"OpeningType":2,"OpeningDirection":2,"OpeningWidth":1000,"VentOuterWidth":1230,"VentOuterHeight":1480,"VentWeight":62,"CalculateWeightWithGlass":false,"RequiredOpeningStroke":450,"WindLoad":122,"SnowLoad":0,"IsWindowOpeningCalculationByAngle":1,"GlassThickness":0,"ProfileWeightPerSerialMeter":0,"DrivePosition":1,"InstallationPosition":0,"LockingMechanism":1,"Voltage":1,"DriveType":1,"TypeOfInstallation":2,"GeometricArea":0,"CalcVentilation":1,"SpecificExhaustDimension":45,"BuildingDepth":90,"CalculationTypeForVentilation":1,"HeightOfProfile":150,"HeightProfileRectangleAngle1":150,"HeightProfileRectangleAngle2":150,"RevealDepth":150,"RevealDepthRectangleAngle1":150,"RevealDepthRectangleAngle2":150,"ChainLengthConnectingRodHandle":5,"ApplicationName":1,"OpeningAngle":74,"WeightIncGlassOrThickness":false,"AkippOrAtilt":0,"AdrehOrAturn":0,"Ageo":0,"MinPullingForceMax":0,"MinPushingForceMax":0,"MinPullingForcePermanent":0,"MinPushingForcePermanent":0,"ForceWithNegativeWind":0}

12:17:25.275 [main] DEBUG com.intuit.karate - response time in milliseconds: 810
1 < 200
1 < Content-Type: application/json; charset=utf-8
1 < Date: Tue, 19 Nov 2024 06:47:25 GMT
1 < Server: Microsoft-IIS/10.0
1 < X-Powered-By: ASP.NET
1 < transfer-encoding: chunked
1 < Connection: keep-alive
{
  "ProjectId": "d2659447-79dd-4004-bdd8-aebda2f103db",
  "Name": "asdefgh",
  "Description": "",
  "CustomTags": "",
  "ApplicationName": 1,
  "OpeningType": 2,
  "OpeningDirection": 2,
  "CalculateWeightWithGlass": false,
  "WindLoad": 122,
  "IsWindowOpeningCalculationByAngle": 1,
  "VentOuterWidth": 1230,
  "VentOuterHeight": 1480,
  "WeightIncGlassOrThickness": false,
  "VentWeight": 62,
  "VentWeightExact": 62,
  "GlassThickness": 0,
  "ProfileWeightPerSerialMeter": 0,
  "FacadeInclination": 5,
  "ChainLengthConnectingRodHandle": 5,
  "ChainLenghtConnectingRodHandle": 0,
  "RequiredOpeningStroke": 450,
  "OpeningWidth": 1000,
  "OpeningAngle": 17.488828112226656,
  "SpecificExhaustDimension": 45,
  "BuildingDepth": 90,
  "SnowLoad": 0,
  "DistanceHinge": 0,
  "RatedCurrent": 0,
  "DrivePosition": 1,
  "LockingMechanism": 1,
  "Voltage": 1,
  "DriveType": 1,
  "TypeOfInstallation": 2,
  "GeometricArea": 0,
  "CalculationTypeForVentilation": 1,
  "HeightOfProfile": 150,
  "Reveal": 0,
  "RevealDepth": 150,
  "HeightProfileRectangleAngle1": 150,
  "HeightProfileRectangleAngle2": 150,
  "RevealDepthRectangleAngle1": 150,
  "RevealDepthRectangleAngle2": 150,
  "RevealDepthRectangleAngle12": 0,
  "InstallationPosition": 0,
  "RecommendedDriveArticleNo": 0,
  "System": "",
  "AkippOrAtilt": 1.2195,
  "AdrehOrAturn": 1.8204,
  "Ageo": 1.2195,
  "MinPullingForceMax": 83.45833763527494,
  "MinPushingForceMax": 175.13947841137505,
  "MinPullingForcePermanent": 68.08302671183762,
  "MinPushingForcePermanent": 68.08302671183762,
  "ForceWithNegativeWind": -136.97571060258335,
  "ForceWithNoWindMin": -26.758686483654206,
  "ForceWithNegativeWindMin": -38.973424987699815,
  "ForceWithWindMin": 83.45833763527494,
  "Id": "8b11d2e1-fe65-46bb-82a6-4442277b52f2",
  "CreatedOn": "0001-01-01T00:00:00",
  "CreatedBy": "579816e4-6653-4794-b435-a885f32e28d7",
  "ModifiedOn": "2024-11-19T06:47:25.110811+00:00",
  "ModifiedBy": "579816e4-6653-4794-b435-a885f32e28d7"
}

12:17:25.277 [main] INFO  com.intuit.karate - Rounded Opening Angle: 17 
12:17:25.278 [main] INFO  com.intuit.karate - Rounded Ageo: 1.22 
12:17:25.278 [main] INFO  com.intuit.karate - Rounded Required Opening Stroke: 450 
12:17:25.278 [main] INFO  com.intuit.karate - Rounded Vent Weight: 62.0 
12:17:25.283 [main] INFO  com.intuit.karate - karate.env system property was: null 
12:17:25.286 [main] INFO  com.intuit.karate - Running test for dataset:  Dataset48 
12:17:25.288 [main] DEBUG com.intuit.karate - request:
1 > PUT https://dev-drivetec-apis.schuecodigitalsolutions.com/Configurations
1 > Content-Type: application/json; charset=UTF-8
1 > Content-Length: 1270
1 > Host: dev-drivetec-apis.schuecodigitalsolutions.com
1 > Connection: Keep-Alive
1 > User-Agent: Apache-HttpClient/4.5.14 (Java/17.0.12)
1 > Accept-Encoding: gzip,deflate
{"Id":"8b11d2e1-fe65-46bb-82a6-4442277b52f2","Name":"asdefgh","Description":"","ProjectId":"d2659447-79dd-4004-bdd8-aebda2f103db","CustomTags":"","CreatedBy":"579816e4-6653-4794-b435-a885f32e28d7","ModifiedBy":"579816e4-6653-4794-b435-a885f32e28d7","System":"","FacadeInclination":5,"OpeningType":2,"OpeningDirection":2,"OpeningWidth":1000,"VentOuterWidth":1230,"VentOuterHeight":1480,"VentWeight":130,"CalculateWeightWithGlass":false,"RequiredOpeningStroke":450,"WindLoad":122,"SnowLoad":0,"IsWindowOpeningCalculationByAngle":1,"GlassThickness":0,"ProfileWeightPerSerialMeter":0,"DrivePosition":1,"InstallationPosition":0,"LockingMechanism":1,"Voltage":1,"DriveType":1,"TypeOfInstallation":2,"GeometricArea":0,"CalcVentilation":1,"SpecificExhaustDimension":45,"BuildingDepth":90,"CalculationTypeForVentilation":1,"HeightOfProfile":150,"HeightProfileRectangleAngle1":150,"HeightProfileRectangleAngle2":150,"RevealDepth":150,"RevealDepthRectangleAngle1":150,"RevealDepthRectangleAngle2":150,"ChainLengthConnectingRodHandle":5,"ApplicationName":1,"OpeningAngle":74,"WeightIncGlassOrThickness":false,"AkippOrAtilt":0,"AdrehOrAturn":0,"Ageo":0,"MinPullingForceMax":0,"MinPushingForceMax":0,"MinPullingForcePermanent":0,"MinPushingForcePermanent":0,"ForceWithNegativeWind":0}

12:17:26.009 [main] DEBUG com.intuit.karate - response time in milliseconds: 721
1 < 200
1 < Content-Type: application/json; charset=utf-8
1 < Date: Tue, 19 Nov 2024 06:47:25 GMT
1 < Server: Microsoft-IIS/10.0
1 < X-Powered-By: ASP.NET
1 < Content-Length: 2047
1 < Connection: keep-alive
{
  "ProjectId": "d2659447-79dd-4004-bdd8-aebda2f103db",
  "Name": "asdefgh",
  "Description": "",
  "CustomTags": "",
  "ApplicationName": 1,
  "OpeningType": 2,
  "OpeningDirection": 2,
  "CalculateWeightWithGlass": false,
  "WindLoad": 122,
  "IsWindowOpeningCalculationByAngle": 1,
  "VentOuterWidth": 1230,
  "VentOuterHeight": 1480,
  "WeightIncGlassOrThickness": false,
  "VentWeight": 130,
  "VentWeightExact": 130,
  "GlassThickness": 0,
  "ProfileWeightPerSerialMeter": 0,
  "FacadeInclination": 5,
  "ChainLengthConnectingRodHandle": 5,
  "ChainLenghtConnectingRodHandle": 0,
  "RequiredOpeningStroke": 450,
  "OpeningWidth": 1000,
  "OpeningAngle": 17.488828112226656,
  "SpecificExhaustDimension": 45,
  "BuildingDepth": 90,
  "SnowLoad": 0,
  "DistanceHinge": 0,
  "RatedCurrent": 0,
  "DrivePosition": 1,
  "LockingMechanism": 1,
  "Voltage": 1,
  "DriveType": 1,
  "TypeOfInstallation": 2,
  "GeometricArea": 0,
  "CalculationTypeForVentilation": 1,
  "HeightOfProfile": 150,
  "Reveal": 0,
  "RevealDepth": 150,
  "HeightProfileRectangleAngle1": 150,
  "HeightProfileRectangleAngle2": 150,
  "RevealDepthRectangleAngle1": 150,
  "RevealDepthRectangleAngle2": 150,
  "RevealDepthRectangleAngle12": 0,
  "InstallationPosition": 0,
  "RecommendedDriveArticleNo": 0,
  "System": "",
  "AkippOrAtilt": 1.2195,
  "AdrehOrAturn": 1.8204,
  "Ageo": 1.2195,
  "MinPullingForceMax": 54.110100846750974,
  "MinPushingForceMax": 249.81118512758403,
  "MinPullingForcePermanent": 142.7547334280466,
  "MinPushingForcePermanent": 142.7547334280466,
  "ForceWithNegativeWind": -166.3239473911073,
  "ForceWithNoWindMin": -56.10692327217817,
  "ForceWithNegativeWindMin": 35.69828172850916,
  "ForceWithWindMin": 54.110100846750974,
  "Id": "8b11d2e1-fe65-46bb-82a6-4442277b52f2",
  "CreatedOn": "0001-01-01T00:00:00",
  "CreatedBy": "579816e4-6653-4794-b435-a885f32e28d7",
  "ModifiedOn": "2024-11-19T06:47:25.9277722+00:00",
  "ModifiedBy": "579816e4-6653-4794-b435-a885f32e28d7"
}

12:17:26.010 [main] INFO  com.intuit.karate - Rounded Opening Angle: 17 
12:17:26.011 [main] INFO  com.intuit.karate - Rounded Ageo: 1.22 
12:17:26.011 [main] INFO  com.intuit.karate - Rounded Required Opening Stroke: 450 
12:17:26.011 [main] INFO  com.intuit.karate - Rounded Vent Weight: 130.0 
12:17:26.014 [main] INFO  com.intuit.karate - karate.env system property was: null 
12:17:26.015 [main] INFO  com.intuit.karate - Running test for dataset:  Dataset49 
12:17:26.017 [main] DEBUG com.intuit.karate - request:
1 > PUT https://dev-drivetec-apis.schuecodigitalsolutions.com/Configurations
1 > Content-Type: application/json; charset=UTF-8
1 > Content-Length: 1270
1 > Host: dev-drivetec-apis.schuecodigitalsolutions.com
1 > Connection: Keep-Alive
1 > User-Agent: Apache-HttpClient/4.5.14 (Java/17.0.12)
1 > Accept-Encoding: gzip,deflate
{"Id":"8b11d2e1-fe65-46bb-82a6-4442277b52f2","Name":"asdefgh","Description":"","ProjectId":"d2659447-79dd-4004-bdd8-aebda2f103db","CustomTags":"","CreatedBy":"579816e4-6653-4794-b435-a885f32e28d7","ModifiedBy":"579816e4-6653-4794-b435-a885f32e28d7","System":"","FacadeInclination":5,"OpeningType":2,"OpeningDirection":2,"OpeningWidth":1000,"VentOuterWidth":1230,"VentOuterHeight":1480,"VentWeight":130,"CalculateWeightWithGlass":false,"RequiredOpeningStroke":450,"WindLoad":123,"SnowLoad":0,"IsWindowOpeningCalculationByAngle":1,"GlassThickness":0,"ProfileWeightPerSerialMeter":0,"DrivePosition":1,"InstallationPosition":0,"LockingMechanism":1,"Voltage":1,"DriveType":1,"TypeOfInstallation":2,"GeometricArea":0,"CalcVentilation":1,"SpecificExhaustDimension":45,"BuildingDepth":90,"CalculationTypeForVentilation":1,"HeightOfProfile":150,"HeightProfileRectangleAngle1":150,"HeightProfileRectangleAngle2":150,"RevealDepth":150,"RevealDepthRectangleAngle1":150,"RevealDepthRectangleAngle2":150,"ChainLengthConnectingRodHandle":5,"ApplicationName":1,"OpeningAngle":74,"WeightIncGlassOrThickness":false,"AkippOrAtilt":0,"AdrehOrAturn":0,"Ageo":0,"MinPullingForceMax":0,"MinPushingForceMax":0,"MinPullingForcePermanent":0,"MinPushingForcePermanent":0,"ForceWithNegativeWind":0}

12:17:26.810 [main] DEBUG com.intuit.karate - response time in milliseconds: 792
1 < 200
1 < Content-Type: application/json; charset=utf-8
1 < Date: Tue, 19 Nov 2024 06:47:26 GMT
1 < Server: Microsoft-IIS/10.0
1 < X-Powered-By: ASP.NET
1 < transfer-encoding: chunked
1 < Connection: keep-alive
{
  "ProjectId": "d2659447-79dd-4004-bdd8-aebda2f103db",
  "Name": "asdefgh",
  "Description": "",
  "CustomTags": "",
  "ApplicationName": 1,
  "OpeningType": 2,
  "OpeningDirection": 2,
  "CalculateWeightWithGlass": false,
  "WindLoad": 123,
  "IsWindowOpeningCalculationByAngle": 1,
  "VentOuterWidth": 1230,
  "VentOuterHeight": 1480,
  "WeightIncGlassOrThickness": false,
  "VentWeight": 130,
  "VentWeightExact": 130,
  "GlassThickness": 0,
  "ProfileWeightPerSerialMeter": 0,
  "FacadeInclination": 5,
  "ChainLengthConnectingRodHandle": 5,
  "ChainLenghtConnectingRodHandle": 0,
  "RequiredOpeningStroke": 450,
  "OpeningWidth": 1000,
  "OpeningAngle": 17.488828112226656,
  "SpecificExhaustDimension": 45,
  "BuildingDepth": 90,
  "SnowLoad": 0,
  "DistanceHinge": 0,
  "RatedCurrent": 0,
  "DrivePosition": 1,
  "LockingMechanism": 1,
  "Voltage": 1,
  "DriveType": 1,
  "TypeOfInstallation": 2,
  "GeometricArea": 0,
  "CalculationTypeForVentilation": 1,
  "HeightOfProfile": 150,
  "Reveal": 0,
  "RevealDepth": 150,
  "HeightProfileRectangleAngle1": 150,
  "HeightProfileRectangleAngle2": 150,
  "RevealDepthRectangleAngle1": 150,
  "RevealDepthRectangleAngle2": 150,
  "RevealDepthRectangleAngle12": 0,
  "InstallationPosition": 0,
  "RecommendedDriveArticleNo": 0,
  "System": "",
  "AkippOrAtilt": 1.2195,
  "AdrehOrAturn": 1.8204,
  "Ageo": 1.2195,
  "MinPullingForceMax": 55.013519077234015,
  "MinPushingForceMax": 250.68869702676056,
  "MinPullingForcePermanent": 142.7547334280466,
  "MinPushingForcePermanent": 142.7547334280466,
  "ForceWithNegativeWind": -167.22736562159037,
  "ForceWithNoWindMin": -56.10692327217817,
  "ForceWithNegativeWindMin": 34.82076982933262,
  "ForceWithWindMin": 55.013519077234015,
  "Id": "8b11d2e1-fe65-46bb-82a6-4442277b52f2",
  "CreatedOn": "0001-01-01T00:00:00",
  "CreatedBy": "579816e4-6653-4794-b435-a885f32e28d7",
  "ModifiedOn": "2024-11-19T06:47:26.693099+00:00",
  "ModifiedBy": "579816e4-6653-4794-b435-a885f32e28d7"
}

12:17:26.812 [main] INFO  com.intuit.karate - Rounded Opening Angle: 17 
12:17:26.813 [main] INFO  com.intuit.karate - Rounded Ageo: 1.22 
12:17:26.813 [main] INFO  com.intuit.karate - Rounded Required Opening Stroke: 450 
12:17:26.813 [main] INFO  com.intuit.karate - Rounded Vent Weight: 130.0 
12:17:26.818 [main] INFO  com.intuit.karate - karate.env system property was: null 
12:17:26.820 [main] INFO  com.intuit.karate - Running test for dataset:  Dataset50 
12:17:26.823 [main] DEBUG com.intuit.karate - request:
1 > PUT https://dev-drivetec-apis.schuecodigitalsolutions.com/Configurations
1 > Content-Type: application/json; charset=UTF-8
1 > Content-Length: 1270
1 > Host: dev-drivetec-apis.schuecodigitalsolutions.com
1 > Connection: Keep-Alive
1 > User-Agent: Apache-HttpClient/4.5.14 (Java/17.0.12)
1 > Accept-Encoding: gzip,deflate
{"Id":"8b11d2e1-fe65-46bb-82a6-4442277b52f2","Name":"asdefgh","Description":"","ProjectId":"d2659447-79dd-4004-bdd8-aebda2f103db","CustomTags":"","CreatedBy":"579816e4-6653-4794-b435-a885f32e28d7","ModifiedBy":"579816e4-6653-4794-b435-a885f32e28d7","System":"","FacadeInclination":5,"OpeningType":2,"OpeningDirection":2,"OpeningWidth":1000,"VentOuterWidth":1230,"VentOuterHeight":1480,"VentWeight":152,"CalculateWeightWithGlass":false,"RequiredOpeningStroke":700,"WindLoad":120,"SnowLoad":0,"IsWindowOpeningCalculationByAngle":1,"GlassThickness":0,"ProfileWeightPerSerialMeter":0,"DrivePosition":1,"InstallationPosition":0,"LockingMechanism":1,"Voltage":1,"DriveType":1,"TypeOfInstallation":2,"GeometricArea":0,"CalcVentilation":1,"SpecificExhaustDimension":45,"BuildingDepth":90,"CalculationTypeForVentilation":1,"HeightOfProfile":150,"HeightProfileRectangleAngle1":150,"HeightProfileRectangleAngle2":150,"RevealDepth":150,"RevealDepthRectangleAngle1":150,"RevealDepthRectangleAngle2":150,"ChainLengthConnectingRodHandle":5,"ApplicationName":1,"OpeningAngle":74,"WeightIncGlassOrThickness":false,"AkippOrAtilt":0,"AdrehOrAturn":0,"Ageo":0,"MinPullingForceMax":0,"MinPushingForceMax":0,"MinPullingForcePermanent":0,"MinPushingForcePermanent":0,"ForceWithNegativeWind":0}

12:17:27.594 [main] DEBUG com.intuit.karate - response time in milliseconds: 770
1 < 200
1 < Content-Type: application/json; charset=utf-8
1 < Date: Tue, 19 Nov 2024 06:47:26 GMT
1 < Server: Microsoft-IIS/10.0
1 < X-Powered-By: ASP.NET
1 < Content-Length: 2047
1 < Connection: keep-alive
{
  "ProjectId": "d2659447-79dd-4004-bdd8-aebda2f103db",
  "Name": "asdefgh",
  "Description": "",
  "CustomTags": "",
  "ApplicationName": 1,
  "OpeningType": 2,
  "OpeningDirection": 2,
  "CalculateWeightWithGlass": false,
  "WindLoad": 120,
  "IsWindowOpeningCalculationByAngle": 1,
  "VentOuterWidth": 1230,
  "VentOuterHeight": 1480,
  "WeightIncGlassOrThickness": false,
  "VentWeight": 152,
  "VentWeightExact": 152,
  "GlassThickness": 0,
  "ProfileWeightPerSerialMeter": 0,
  "FacadeInclination": 5,
  "ChainLengthConnectingRodHandle": 5,
  "ChainLenghtConnectingRodHandle": 0,
  "RequiredOpeningStroke": 700,
  "OpeningWidth": 1000,
  "OpeningAngle": 27.358524544154548,
  "SpecificExhaustDimension": 45,
  "BuildingDepth": 90,
  "SnowLoad": 0,
  "DistanceHinge": 0,
  "RatedCurrent": 0,
  "DrivePosition": 1,
  "LockingMechanism": 1,
  "Voltage": 1,
  "DriveType": 1,
  "TypeOfInstallation": 2,
  "GeometricArea": 0,
  "CalculationTypeForVentilation": 1,
  "HeightOfProfile": 150,
  "Reveal": 0,
  "RevealDepth": 150,
  "HeightProfileRectangleAngle1": 150,
  "HeightProfileRectangleAngle2": 150,
  "RevealDepthRectangleAngle1": 150,
  "RevealDepthRectangleAngle2": 150,
  "RevealDepthRectangleAngle12": 0,
  "InstallationPosition": 0,
  "RecommendedDriveArticleNo": 0,
  "System": "",
  "AkippOrAtilt": 1.897,
  "AdrehOrAturn": 1.8204,
  "Ageo": 1.8204,
  "MinPullingForceMax": 42.80824660126247,
  "MinPushingForceMax": 394.23204783226566,
  "MinPullingForcePermanent": 298.15263837930263,
  "MinPushingForcePermanent": 298.15263837930263,
  "ForceWithNegativeWind": 202.0732289263396,
  "ForceWithNoWindMin": -65.60194105670064,
  "ForceWithNegativeWindMin": -174.01212871466373,
  "ForceWithWindMin": 42.80824660126247,
  "Id": "8b11d2e1-fe65-46bb-82a6-4442277b52f2",
  "CreatedOn": "0001-01-01T00:00:00",
  "CreatedBy": "579816e4-6653-4794-b435-a885f32e28d7",
  "ModifiedOn": "2024-11-19T06:47:27.5109075+00:00",
  "ModifiedBy": "579816e4-6653-4794-b435-a885f32e28d7"
}

12:17:27.597 [main] INFO  com.intuit.karate - Rounded Opening Angle: 27 
12:17:27.599 [main] INFO  com.intuit.karate - Rounded Ageo: 1.82 
12:17:27.600 [main] INFO  com.intuit.karate - Rounded Required Opening Stroke: 700 
12:17:27.600 [main] INFO  com.intuit.karate - Rounded Vent Weight: 152.0 
12:17:27.610 [main] INFO  com.intuit.karate - karate.env system property was: null 
12:17:27.612 [main] INFO  com.intuit.karate - Running test for dataset:  Dataset51 
12:17:27.614 [main] DEBUG com.intuit.karate - request:
1 > PUT https://dev-drivetec-apis.schuecodigitalsolutions.com/Configurations
1 > Content-Type: application/json; charset=UTF-8
1 > Content-Length: 1270
1 > Host: dev-drivetec-apis.schuecodigitalsolutions.com
1 > Connection: Keep-Alive
1 > User-Agent: Apache-HttpClient/4.5.14 (Java/17.0.12)
1 > Accept-Encoding: gzip,deflate
{"Id":"8b11d2e1-fe65-46bb-82a6-4442277b52f2","Name":"asdefgh","Description":"","ProjectId":"d2659447-79dd-4004-bdd8-aebda2f103db","CustomTags":"","CreatedBy":"579816e4-6653-4794-b435-a885f32e28d7","ModifiedBy":"579816e4-6653-4794-b435-a885f32e28d7","System":"","FacadeInclination":5,"OpeningType":2,"OpeningDirection":2,"OpeningWidth":1000,"VentOuterWidth":1230,"VentOuterHeight":1480,"VentWeight":153,"CalculateWeightWithGlass":false,"RequiredOpeningStroke":700,"WindLoad":120,"SnowLoad":0,"IsWindowOpeningCalculationByAngle":1,"GlassThickness":0,"ProfileWeightPerSerialMeter":0,"DrivePosition":1,"InstallationPosition":0,"LockingMechanism":1,"Voltage":1,"DriveType":1,"TypeOfInstallation":2,"GeometricArea":0,"CalcVentilation":1,"SpecificExhaustDimension":45,"BuildingDepth":90,"CalculationTypeForVentilation":1,"HeightOfProfile":150,"HeightProfileRectangleAngle1":150,"HeightProfileRectangleAngle2":150,"RevealDepth":150,"RevealDepthRectangleAngle1":150,"RevealDepthRectangleAngle2":150,"ChainLengthConnectingRodHandle":5,"ApplicationName":1,"OpeningAngle":74,"WeightIncGlassOrThickness":false,"AkippOrAtilt":0,"AdrehOrAturn":0,"Ageo":0,"MinPullingForceMax":0,"MinPushingForceMax":0,"MinPullingForcePermanent":0,"MinPushingForcePermanent":0,"ForceWithNegativeWind":0}

12:17:28.343 [main] DEBUG com.intuit.karate - response time in milliseconds: 729
1 < 200
1 < Content-Type: application/json; charset=utf-8
1 < Date: Tue, 19 Nov 2024 06:47:28 GMT
1 < Server: Microsoft-IIS/10.0
1 < X-Powered-By: ASP.NET
1 < Content-Length: 2047
1 < Connection: keep-alive
{
  "ProjectId": "d2659447-79dd-4004-bdd8-aebda2f103db",
  "Name": "asdefgh",
  "Description": "",
  "CustomTags": "",
  "ApplicationName": 1,
  "OpeningType": 2,
  "OpeningDirection": 2,
  "CalculateWeightWithGlass": false,
  "WindLoad": 120,
  "IsWindowOpeningCalculationByAngle": 1,
  "VentOuterWidth": 1230,
  "VentOuterHeight": 1480,
  "WeightIncGlassOrThickness": false,
  "VentWeight": 153,
  "VentWeightExact": 153,
  "GlassThickness": 0,
  "ProfileWeightPerSerialMeter": 0,
  "FacadeInclination": 5,
  "ChainLengthConnectingRodHandle": 5,
  "ChainLenghtConnectingRodHandle": 0,
  "RequiredOpeningStroke": 700,
  "OpeningWidth": 1000,
  "OpeningAngle": 27.358524544154548,
  "SpecificExhaustDimension": 45,
  "BuildingDepth": 90,
  "SnowLoad": 0,
  "DistanceHinge": 0,
  "RatedCurrent": 0,
  "DrivePosition": 1,
  "LockingMechanism": 1,
  "Voltage": 1,
  "DriveType": 1,
  "TypeOfInstallation": 2,
  "GeometricArea": 0,
  "CalculationTypeForVentilation": 1,
  "HeightOfProfile": 150,
  "Reveal": 0,
  "RevealDepth": 150,
  "HeightProfileRectangleAngle1": 150,
  "HeightProfileRectangleAngle2": 150,
  "RevealDepthRectangleAngle1": 150,
  "RevealDepthRectangleAngle2": 150,
  "RevealDepthRectangleAngle12": 0,
  "InstallationPosition": 0,
  "RecommendedDriveArticleNo": 0,
  "System": "",
  "AkippOrAtilt": 1.897,
  "AdrehOrAturn": 1.8204,
  "Ageo": 1.8204,
  "MinPullingForceMax": 42.376654883784184,
  "MinPushingForceMax": 396.19357834791896,
  "MinPullingForcePermanent": 300.1141688949559,
  "MinPushingForcePermanent": 300.1141688949559,
  "ForceWithNegativeWind": 204.0347594419929,
  "ForceWithNoWindMin": -66.03353277417892,
  "ForceWithNegativeWindMin": -174.44372043214202,
  "ForceWithWindMin": 42.376654883784184,
  "Id": "8b11d2e1-fe65-46bb-82a6-4442277b52f2",
  "CreatedOn": "0001-01-01T00:00:00",
  "CreatedBy": "579816e4-6653-4794-b435-a885f32e28d7",
  "ModifiedOn": "2024-11-19T06:47:28.2300066+00:00",
  "ModifiedBy": "579816e4-6653-4794-b435-a885f32e28d7"
}

12:17:28.345 [main] INFO  com.intuit.karate - Rounded Opening Angle: 27 
12:17:28.345 [main] INFO  com.intuit.karate - Rounded Ageo: 1.82 
12:17:28.346 [main] INFO  com.intuit.karate - Rounded Required Opening Stroke: 700 
12:17:28.346 [main] INFO  com.intuit.karate - Rounded Vent Weight: 153.0 
12:17:28.354 [main] INFO  com.intuit.karate - karate.env system property was: null 
12:17:28.357 [main] INFO  com.intuit.karate - Running test for dataset:  Dataset52 
12:17:28.360 [main] DEBUG com.intuit.karate - request:
1 > PUT https://dev-drivetec-apis.schuecodigitalsolutions.com/Configurations
1 > Content-Type: application/json; charset=UTF-8
1 > Content-Length: 1269
1 > Host: dev-drivetec-apis.schuecodigitalsolutions.com
1 > Connection: Keep-Alive
1 > User-Agent: Apache-HttpClient/4.5.14 (Java/17.0.12)
1 > Accept-Encoding: gzip,deflate
{"Id":"8b11d2e1-fe65-46bb-82a6-4442277b52f2","Name":"asdefgh","Description":"","ProjectId":"d2659447-79dd-4004-bdd8-aebda2f103db","CustomTags":"","CreatedBy":"579816e4-6653-4794-b435-a885f32e28d7","ModifiedBy":"579816e4-6653-4794-b435-a885f32e28d7","System":"","FacadeInclination":30,"OpeningType":2,"OpeningDirection":2,"OpeningWidth":1000,"VentOuterWidth":1230,"VentOuterHeight":1480,"VentWeight":67,"CalculateWeightWithGlass":false,"RequiredOpeningStroke":700,"WindLoad":96,"SnowLoad":0,"IsWindowOpeningCalculationByAngle":1,"GlassThickness":0,"ProfileWeightPerSerialMeter":0,"DrivePosition":1,"InstallationPosition":0,"LockingMechanism":1,"Voltage":1,"DriveType":1,"TypeOfInstallation":2,"GeometricArea":0,"CalcVentilation":1,"SpecificExhaustDimension":45,"BuildingDepth":90,"CalculationTypeForVentilation":1,"HeightOfProfile":150,"HeightProfileRectangleAngle1":150,"HeightProfileRectangleAngle2":150,"RevealDepth":150,"RevealDepthRectangleAngle1":150,"RevealDepthRectangleAngle2":150,"ChainLengthConnectingRodHandle":5,"ApplicationName":1,"OpeningAngle":74,"WeightIncGlassOrThickness":false,"AkippOrAtilt":0,"AdrehOrAturn":0,"Ageo":0,"MinPullingForceMax":0,"MinPushingForceMax":0,"MinPullingForcePermanent":0,"MinPushingForcePermanent":0,"ForceWithNegativeWind":0}

12:17:29.165 [main] DEBUG com.intuit.karate - response time in milliseconds: 804
1 < 200
1 < Content-Type: application/json; charset=utf-8
1 < Date: Tue, 19 Nov 2024 06:47:28 GMT
1 < Server: Microsoft-IIS/10.0
1 < X-Powered-By: ASP.NET
1 < Content-Length: 2051
1 < Connection: keep-alive
{
  "ProjectId": "d2659447-79dd-4004-bdd8-aebda2f103db",
  "Name": "asdefgh",
  "Description": "",
  "CustomTags": "",
  "ApplicationName": 1,
  "OpeningType": 2,
  "OpeningDirection": 2,
  "CalculateWeightWithGlass": false,
  "WindLoad": 96,
  "IsWindowOpeningCalculationByAngle": 1,
  "VentOuterWidth": 1230,
  "VentOuterHeight": 1480,
  "WeightIncGlassOrThickness": false,
  "VentWeight": 67,
  "VentWeightExact": 67,
  "GlassThickness": 0,
  "ProfileWeightPerSerialMeter": 0,
  "FacadeInclination": 30,
  "ChainLengthConnectingRodHandle": 5,
  "ChainLenghtConnectingRodHandle": 0,
  "RequiredOpeningStroke": 700,
  "OpeningWidth": 1000,
  "OpeningAngle": 27.358524544154548,
  "SpecificExhaustDimension": 45,
  "BuildingDepth": 90,
  "SnowLoad": 0,
  "DistanceHinge": 0,
  "RatedCurrent": 0,
  "DrivePosition": 1,
  "LockingMechanism": 1,
  "Voltage": 1,
  "DriveType": 1,
  "TypeOfInstallation": 2,
  "GeometricArea": 0,
  "CalculationTypeForVentilation": 1,
  "HeightOfProfile": 150,
  "Reveal": 0,
  "RevealDepth": 150,
  "HeightProfileRectangleAngle1": 150,
  "HeightProfileRectangleAngle2": 150,
  "RevealDepthRectangleAngle1": 150,
  "RevealDepthRectangleAngle2": 150,
  "RevealDepthRectangleAngle12": 0,
  "InstallationPosition": 0,
  "RecommendedDriveArticleNo": 0,
  "System": "",
  "AkippOrAtilt": 1.897,
  "AdrehOrAturn": 1.8204,
  "Ageo": 1.8204,
  "MinPullingForceMax": 74.22390968128819,
  "MinPushingForceMax": -101.57716926537361,
  "MinPullingForcePermanent": -167.19186678413263,
  "MinPushingForcePermanent": -167.19186678413263,
  "ForceWithNegativeWind": -232.80656430289164,
  "ForceWithNoWindMin": -15.523862753289476,
  "ForceWithNegativeWindMin": -105.27163518786715,
  "ForceWithWindMin": 74.22390968128819,
  "Id": "8b11d2e1-fe65-46bb-82a6-4442277b52f2",
  "CreatedOn": "0001-01-01T00:00:00",
  "CreatedBy": "579816e4-6653-4794-b435-a885f32e28d7",
  "ModifiedOn": "2024-11-19T06:47:29.0644767+00:00",
  "ModifiedBy": "579816e4-6653-4794-b435-a885f32e28d7"
}

12:17:29.169 [main] INFO  com.intuit.karate - Rounded Opening Angle: 27 
12:17:29.169 [main] INFO  com.intuit.karate - Rounded Ageo: 1.82 
12:17:29.170 [main] INFO  com.intuit.karate - Rounded Required Opening Stroke: 700 
12:17:29.170 [main] INFO  com.intuit.karate - Rounded Vent Weight: 67.0 
12:17:29.185 [main] INFO  com.intuit.karate - karate.env system property was: null 
12:17:29.188 [main] INFO  com.intuit.karate - Running test for dataset:  Dataset53 
12:17:29.192 [main] DEBUG com.intuit.karate - request:
1 > PUT https://dev-drivetec-apis.schuecodigitalsolutions.com/Configurations
1 > Content-Type: application/json; charset=UTF-8
1 > Content-Length: 1269
1 > Host: dev-drivetec-apis.schuecodigitalsolutions.com
1 > Connection: Keep-Alive
1 > User-Agent: Apache-HttpClient/4.5.14 (Java/17.0.12)
1 > Accept-Encoding: gzip,deflate
{"Id":"8b11d2e1-fe65-46bb-82a6-4442277b52f2","Name":"asdefgh","Description":"","ProjectId":"d2659447-79dd-4004-bdd8-aebda2f103db","CustomTags":"","CreatedBy":"579816e4-6653-4794-b435-a885f32e28d7","ModifiedBy":"579816e4-6653-4794-b435-a885f32e28d7","System":"","FacadeInclination":30,"OpeningType":2,"OpeningDirection":2,"OpeningWidth":1000,"VentOuterWidth":1230,"VentOuterHeight":1480,"VentWeight":67,"CalculateWeightWithGlass":false,"RequiredOpeningStroke":700,"WindLoad":97,"SnowLoad":0,"IsWindowOpeningCalculationByAngle":1,"GlassThickness":0,"ProfileWeightPerSerialMeter":0,"DrivePosition":1,"InstallationPosition":0,"LockingMechanism":1,"Voltage":1,"DriveType":1,"TypeOfInstallation":2,"GeometricArea":0,"CalcVentilation":1,"SpecificExhaustDimension":45,"BuildingDepth":90,"CalculationTypeForVentilation":1,"HeightOfProfile":150,"HeightProfileRectangleAngle1":150,"HeightProfileRectangleAngle2":150,"RevealDepth":150,"RevealDepthRectangleAngle1":150,"RevealDepthRectangleAngle2":150,"ChainLengthConnectingRodHandle":5,"ApplicationName":1,"OpeningAngle":74,"WeightIncGlassOrThickness":false,"AkippOrAtilt":0,"AdrehOrAturn":0,"Ageo":0,"MinPullingForceMax":0,"MinPushingForceMax":0,"MinPullingForcePermanent":0,"MinPushingForcePermanent":0,"ForceWithNegativeWind":0}

12:17:29.954 [main] DEBUG com.intuit.karate - response time in milliseconds: 761
1 < 200
1 < Content-Type: application/json; charset=utf-8
1 < Date: Tue, 19 Nov 2024 06:47:29 GMT
1 < Server: Microsoft-IIS/10.0
1 < X-Powered-By: ASP.NET
1 < Content-Length: 2048
1 < Connection: keep-alive
{
  "ProjectId": "d2659447-79dd-4004-bdd8-aebda2f103db",
  "Name": "asdefgh",
  "Description": "",
  "CustomTags": "",
  "ApplicationName": 1,
  "OpeningType": 2,
  "OpeningDirection": 2,
  "CalculateWeightWithGlass": false,
  "WindLoad": 97,
  "IsWindowOpeningCalculationByAngle": 1,
  "VentOuterWidth": 1230,
  "VentOuterHeight": 1480,
  "WeightIncGlassOrThickness": false,
  "VentWeight": 67,
  "VentWeightExact": 67,
  "GlassThickness": 0,
  "ProfileWeightPerSerialMeter": 0,
  "FacadeInclination": 30,
  "ChainLengthConnectingRodHandle": 5,
  "ChainLenghtConnectingRodHandle": 0,
  "RequiredOpeningStroke": 700,
  "OpeningWidth": 1000,
  "OpeningAngle": 27.358524544154548,
  "SpecificExhaustDimension": 45,
  "BuildingDepth": 90,
  "SnowLoad": 0,
  "DistanceHinge": 0,
  "RatedCurrent": 0,
  "DrivePosition": 1,
  "LockingMechanism": 1,
  "Voltage": 1,
  "DriveType": 1,
  "TypeOfInstallation": 2,
  "GeometricArea": 0,
  "CalculationTypeForVentilation": 1,
  "HeightOfProfile": 150,
  "Reveal": 0,
  "RevealDepth": 150,
  "HeightProfileRectangleAngle1": 150,
  "HeightProfileRectangleAngle2": 150,
  "RevealDepthRectangleAngle1": 150,
  "RevealDepthRectangleAngle2": 150,
  "RevealDepthRectangleAngle12": 0,
  "InstallationPosition": 0,
  "RecommendedDriveArticleNo": 0,
  "System": "",
  "AkippOrAtilt": 1.897,
  "AdrehOrAturn": 1.8204,
  "Ageo": 1.8204,
  "MinPullingForceMax": 75.15878231081504,
  "MinPushingForceMax": -100.89368283288653,
  "MinPullingForcePermanent": -167.19186678413263,
  "MinPushingForcePermanent": -167.19186678413263,
  "ForceWithNegativeWind": -233.49005073537873,
  "ForceWithNoWindMin": -15.523862753289476,
  "ForceWithNegativeWindMin": -106.206507817394,
  "ForceWithWindMin": 75.15878231081504,
  "Id": "8b11d2e1-fe65-46bb-82a6-4442277b52f2",
  "CreatedOn": "0001-01-01T00:00:00",
  "CreatedBy": "579816e4-6653-4794-b435-a885f32e28d7",
  "ModifiedOn": "2024-11-19T06:47:29.848207+00:00",
  "ModifiedBy": "579816e4-6653-4794-b435-a885f32e28d7"
}

12:17:29.957 [main] INFO  com.intuit.karate - Rounded Opening Angle: 27 
12:17:29.957 [main] INFO  com.intuit.karate - Rounded Ageo: 1.82 
12:17:29.958 [main] INFO  com.intuit.karate - Rounded Required Opening Stroke: 700 
12:17:29.958 [main] INFO  com.intuit.karate - Rounded Vent Weight: 67 
12:17:29.964 [main] INFO  com.intuit.karate - karate.env system property was: null 
12:17:29.966 [main] INFO  com.intuit.karate - Running test for dataset:  Dataset54 
12:17:29.968 [main] DEBUG com.intuit.karate - request:
1 > PUT https://dev-drivetec-apis.schuecodigitalsolutions.com/Configurations
1 > Content-Type: application/json; charset=UTF-8
1 > Content-Length: 1266
1 > Host: dev-drivetec-apis.schuecodigitalsolutions.com
1 > Connection: Keep-Alive
1 > User-Agent: Apache-HttpClient/4.5.14 (Java/17.0.12)
1 > Accept-Encoding: gzip,deflate
{"Id":"8b11d2e1-fe65-46bb-82a6-4442277b52f2","Name":"asdefgh","Description":"","ProjectId":"d2659447-79dd-4004-bdd8-aebda2f103db","CustomTags":"","CreatedBy":"579816e4-6653-4794-b435-a885f32e28d7","ModifiedBy":"579816e4-6653-4794-b435-a885f32e28d7","System":"","FacadeInclination":10,"OpeningType":4,"OpeningDirection":1,"OpeningWidth":1000,"VentOuterWidth":1494,"VentOuterHeight":2184,"VentWeight":0,"CalculateWeightWithGlass":false,"RequiredOpeningStroke":1000,"WindLoad":120,"SnowLoad":1150,"IsWindowOpeningCalculationByAngle":1,"GlassThickness":26,"ProfileWeightPerSerialMeter":2.5,"DrivePosition":2,"InstallationPosition":0,"LockingMechanism":1,"Voltage":1,"DriveType":3,"TypeOfInstallation":2,"GeometricArea":0,"CalcVentilation":1,"SpecificExhaustDimension":45,"BuildingDepth":90,"CalculationTypeForVentilation":1,"HeightOfProfile":0,"HeightProfileRectangleAngle1":0,"HeightProfileRectangleAngle2":0,"RevealDepth":0,"RevealDepthRectangleAngle1":0,"RevealDepthRectangleAngle2":0,"ChainLengthConnectingRodHandle":5,"ApplicationName":2,"OpeningAngle":28.8,"WeightIncGlassOrThickness":false,"AkippOrAtilt":0,"AdrehOrAturn":0,"Ageo":0,"MinPullingForceMax":0,"MinPushingForceMax":0,"MinPullingForcePermanent":0,"MinPushingForcePermanent":0,"ForceWithNegativeWind":0}

12:17:30.733 [main] DEBUG com.intuit.karate - response time in milliseconds: 763
1 < 200
1 < Content-Type: application/json; charset=utf-8
1 < Date: Tue, 19 Nov 2024 06:47:29 GMT
1 < Server: Microsoft-IIS/10.0
1 < X-Powered-By: ASP.NET
1 < Content-Length: 2062
1 < Connection: keep-alive
{
  "ProjectId": "d2659447-79dd-4004-bdd8-aebda2f103db",
  "Name": "asdefgh",
  "Description": "",
  "CustomTags": "",
  "ApplicationName": 2,
  "OpeningType": 4,
  "OpeningDirection": 1,
  "CalculateWeightWithGlass": false,
  "WindLoad": 120,
  "IsWindowOpeningCalculationByAngle": 1,
  "VentOuterWidth": 1494,
  "VentOuterHeight": 2184,
  "WeightIncGlassOrThickness": false,
  "VentWeight": 230,
  "VentWeightExact": 230.47823999999997,
  "GlassThickness": 26,
  "ProfileWeightPerSerialMeter": 2.5,
  "FacadeInclination": 10,
  "ChainLengthConnectingRodHandle": 5,
  "ChainLenghtConnectingRodHandle": 0,
  "RequiredOpeningStroke": 1000,
  "OpeningWidth": 1000,
  "OpeningAngle": 26.46907896871297,
  "SpecificExhaustDimension": 45,
  "BuildingDepth": 90,
  "SnowLoad": 1150,
  "DistanceHinge": 0,
  "RatedCurrent": 0,
  "DrivePosition": 2,
  "LockingMechanism": 1,
  "Voltage": 1,
  "DriveType": 3,
  "TypeOfInstallation": 2,
  "GeometricArea": 0,
  "CalculationTypeForVentilation": 1,
  "HeightOfProfile": 0,
  "Reveal": 0,
  "RevealDepth": 0,
  "HeightProfileRectangleAngle1": 0,
  "HeightProfileRectangleAngle2": 0,
  "RevealDepthRectangleAngle1": 0,
  "RevealDepthRectangleAngle2": 0,
  "RevealDepthRectangleAngle12": 0,
  "InstallationPosition": 0,
  "RecommendedDriveArticleNo": 0,
  "System": "",
  "AkippOrAtilt": 3.678,
  "AdrehOrAturn": 3.262896,
  "Ageo": 3.262896,
  "MinPullingForceMax": 2616.0028620365574,
  "MinPushingForceMax": 2667.2256032687246,
  "MinPullingForcePermanent": 1158.2673867238016,
  "MinPushingForcePermanent": 1158.2673867238016,
  "ForceWithNegativeWind": 2666.5472764656206,
  "ForceWithNoWindMin": 1134.901489760391,
  "ForceWithNegativeWindMin": 2605.7320292942118,
  "ForceWithWindMin": 2616.0028620365574,
  "Id": "8b11d2e1-fe65-46bb-82a6-4442277b52f2",
  "CreatedOn": "0001-01-01T00:00:00",
  "CreatedBy": "579816e4-6653-4794-b435-a885f32e28d7",
  "ModifiedOn": "2024-11-19T06:47:30.6439404+00:00",
  "ModifiedBy": "579816e4-6653-4794-b435-a885f32e28d7"
}

12:17:30.736 [main] INFO  com.intuit.karate - Rounded Opening Angle: 26 
12:17:30.736 [main] INFO  com.intuit.karate - Rounded Ageo: 3.26 
12:17:30.736 [main] INFO  com.intuit.karate - Rounded Required Opening Stroke: 1000 
12:17:30.737 [main] INFO  com.intuit.karate - Rounded Vent Weight: 230 
12:17:30.746 [main] INFO  com.intuit.karate - karate.env system property was: null 
12:17:30.748 [main] INFO  com.intuit.karate - Running test for dataset:  Dataset55 
12:17:30.750 [main] DEBUG com.intuit.karate - request:
1 > PUT https://dev-drivetec-apis.schuecodigitalsolutions.com/Configurations
1 > Content-Type: application/json; charset=UTF-8
1 > Content-Length: 1261
1 > Host: dev-drivetec-apis.schuecodigitalsolutions.com
1 > Connection: Keep-Alive
1 > User-Agent: Apache-HttpClient/4.5.14 (Java/17.0.12)
1 > Accept-Encoding: gzip,deflate
{"Id":"8b11d2e1-fe65-46bb-82a6-4442277b52f2","Name":"asdefgh","Description":"","ProjectId":"d2659447-79dd-4004-bdd8-aebda2f103db","CustomTags":"","CreatedBy":"579816e4-6653-4794-b435-a885f32e28d7","ModifiedBy":"579816e4-6653-4794-b435-a885f32e28d7","System":"","FacadeInclination":5,"OpeningType":2,"OpeningDirection":2,"OpeningWidth":1000,"VentOuterWidth":1230,"VentOuterHeight":1480,"VentWeight":0,"CalculateWeightWithGlass":false,"RequiredOpeningStroke":450,"WindLoad":102,"SnowLoad":0,"IsWindowOpeningCalculationByAngle":1,"GlassThickness":14,"ProfileWeightPerSerialMeter":2.5,"DrivePosition":1,"InstallationPosition":0,"LockingMechanism":1,"Voltage":1,"DriveType":1,"TypeOfInstallation":2,"GeometricArea":0,"CalcVentilation":1,"SpecificExhaustDimension":45,"BuildingDepth":90,"CalculationTypeForVentilation":1,"HeightOfProfile":0,"HeightProfileRectangleAngle1":0,"HeightProfileRectangleAngle2":0,"RevealDepth":0,"RevealDepthRectangleAngle1":0,"RevealDepthRectangleAngle2":0,"ChainLengthConnectingRodHandle":5,"ApplicationName":1,"OpeningAngle":28.8,"WeightIncGlassOrThickness":false,"AkippOrAtilt":0,"AdrehOrAturn":0,"Ageo":0,"MinPullingForceMax":0,"MinPushingForceMax":0,"MinPullingForcePermanent":0,"MinPushingForcePermanent":0,"ForceWithNegativeWind":0}

12:17:31.521 [main] DEBUG com.intuit.karate - response time in milliseconds: 768
1 < 200
1 < Content-Type: application/json; charset=utf-8
1 < Date: Tue, 19 Nov 2024 06:47:31 GMT
1 < Server: Microsoft-IIS/10.0
1 < X-Powered-By: ASP.NET
1 < Content-Length: 2051
1 < Connection: keep-alive
{
  "ProjectId": "d2659447-79dd-4004-bdd8-aebda2f103db",
  "Name": "asdefgh",
  "Description": "",
  "CustomTags": "",
  "ApplicationName": 1,
  "OpeningType": 2,
  "OpeningDirection": 2,
  "CalculateWeightWithGlass": false,
  "WindLoad": 102,
  "IsWindowOpeningCalculationByAngle": 1,
  "VentOuterWidth": 1230,
  "VentOuterHeight": 1480,
  "WeightIncGlassOrThickness": false,
  "VentWeight": 77,
  "VentWeightExact": 77.26400000000001,
  "GlassThickness": 14,
  "ProfileWeightPerSerialMeter": 2.5,
  "FacadeInclination": 5,
  "ChainLengthConnectingRodHandle": 5,
  "ChainLenghtConnectingRodHandle": 0,
  "RequiredOpeningStroke": 450,
  "OpeningWidth": 1000,
  "OpeningAngle": 17.488828112226656,
  "SpecificExhaustDimension": 45,
  "BuildingDepth": 90,
  "SnowLoad": 0,
  "DistanceHinge": 0,
  "RatedCurrent": 0,
  "DrivePosition": 1,
  "LockingMechanism": 1,
  "Voltage": 1,
  "DriveType": 1,
  "TypeOfInstallation": 2,
  "GeometricArea": 0,
  "CalculationTypeForVentilation": 1,
  "HeightOfProfile": 0,
  "Reveal": 0,
  "RevealDepth": 0,
  "HeightProfileRectangleAngle1": 0,
  "HeightProfileRectangleAngle2": 0,
  "RevealDepthRectangleAngle1": 0,
  "RevealDepthRectangleAngle2": 0,
  "RevealDepthRectangleAngle12": 0,
  "InstallationPosition": 0,
  "RecommendedDriveArticleNo": 0,
  "System": "",
  "AkippOrAtilt": 1.2195,
  "AdrehOrAturn": 1.8204,
  "Ageo": 1.2195,
  "MinPullingForceMax": 58.80215705002574,
  "MinPushingForceMax": 174.3508423589651,
  "MinPullingForcePermanent": 84.84462864295843,
  "MinPushingForcePermanent": 84.84462864295843,
  "ForceWithNegativeWind": -125.49516196851151,
  "ForceWithNoWindMin": -33.346502459242885,
  "ForceWithNegativeWindMin": -4.661585073048272,
  "ForceWithWindMin": 58.80215705002574,
  "Id": "8b11d2e1-fe65-46bb-82a6-4442277b52f2",
  "CreatedOn": "0001-01-01T00:00:00",
  "CreatedBy": "579816e4-6653-4794-b435-a885f32e28d7",
  "ModifiedOn": "2024-11-19T06:47:31.4055471+00:00",
  "ModifiedBy": "579816e4-6653-4794-b435-a885f32e28d7"
}

12:17:31.523 [main] INFO  com.intuit.karate - Rounded Opening Angle: 17 
12:17:31.524 [main] INFO  com.intuit.karate - Rounded Ageo: 1.22 
12:17:31.524 [main] INFO  com.intuit.karate - Rounded Required Opening Stroke: 450 
12:17:31.524 [main] INFO  com.intuit.karate - Rounded Vent Weight: 77 
12:17:31.534 [main] INFO  com.intuit.karate - karate.env system property was: null 
12:17:31.539 [main] INFO  com.intuit.karate - Running test for dataset:  Dataset56 
12:17:31.541 [main] DEBUG com.intuit.karate - request:
1 > PUT https://dev-drivetec-apis.schuecodigitalsolutions.com/Configurations
1 > Content-Type: application/json; charset=UTF-8
1 > Content-Length: 1261
1 > Host: dev-drivetec-apis.schuecodigitalsolutions.com
1 > Connection: Keep-Alive
1 > User-Agent: Apache-HttpClient/4.5.14 (Java/17.0.12)
1 > Accept-Encoding: gzip,deflate
{"Id":"8b11d2e1-fe65-46bb-82a6-4442277b52f2","Name":"asdefgh","Description":"","ProjectId":"d2659447-79dd-4004-bdd8-aebda2f103db","CustomTags":"","CreatedBy":"579816e4-6653-4794-b435-a885f32e28d7","ModifiedBy":"579816e4-6653-4794-b435-a885f32e28d7","System":"","FacadeInclination":5,"OpeningType":2,"OpeningDirection":2,"OpeningWidth":1000,"VentOuterWidth":1230,"VentOuterHeight":1480,"VentWeight":0,"CalculateWeightWithGlass":false,"RequiredOpeningStroke":450,"WindLoad":103,"SnowLoad":0,"IsWindowOpeningCalculationByAngle":1,"GlassThickness":14,"ProfileWeightPerSerialMeter":2.5,"DrivePosition":1,"InstallationPosition":0,"LockingMechanism":1,"Voltage":1,"DriveType":1,"TypeOfInstallation":2,"GeometricArea":0,"CalcVentilation":1,"SpecificExhaustDimension":45,"BuildingDepth":90,"CalculationTypeForVentilation":1,"HeightOfProfile":0,"HeightProfileRectangleAngle1":0,"HeightProfileRectangleAngle2":0,"RevealDepth":0,"RevealDepthRectangleAngle1":0,"RevealDepthRectangleAngle2":0,"ChainLengthConnectingRodHandle":5,"ApplicationName":1,"OpeningAngle":28.8,"WeightIncGlassOrThickness":false,"AkippOrAtilt":0,"AdrehOrAturn":0,"Ageo":0,"MinPullingForceMax":0,"MinPushingForceMax":0,"MinPullingForcePermanent":0,"MinPushingForcePermanent":0,"ForceWithNegativeWind":0}

12:17:32.193 [main] DEBUG com.intuit.karate - response time in milliseconds: 651
1 < 200
1 < Content-Type: application/json; charset=utf-8
1 < Date: Tue, 19 Nov 2024 06:47:31 GMT
1 < Server: Microsoft-IIS/10.0
1 < X-Powered-By: ASP.NET
1 < Content-Length: 2052
1 < Connection: keep-alive
{
  "ProjectId": "d2659447-79dd-4004-bdd8-aebda2f103db",
  "Name": "asdefgh",
  "Description": "",
  "CustomTags": "",
  "ApplicationName": 1,
  "OpeningType": 2,
  "OpeningDirection": 2,
  "CalculateWeightWithGlass": false,
  "WindLoad": 103,
  "IsWindowOpeningCalculationByAngle": 1,
  "VentOuterWidth": 1230,
  "VentOuterHeight": 1480,
  "WeightIncGlassOrThickness": false,
  "VentWeight": 77,
  "VentWeightExact": 77.26400000000001,
  "GlassThickness": 14,
  "ProfileWeightPerSerialMeter": 2.5,
  "FacadeInclination": 5,
  "ChainLengthConnectingRodHandle": 5,
  "ChainLenghtConnectingRodHandle": 0,
  "RequiredOpeningStroke": 450,
  "OpeningWidth": 1000,
  "OpeningAngle": 17.488828112226656,
  "SpecificExhaustDimension": 45,
  "BuildingDepth": 90,
  "SnowLoad": 0,
  "DistanceHinge": 0,
  "RatedCurrent": 0,
  "DrivePosition": 1,
  "LockingMechanism": 1,
  "Voltage": 1,
  "DriveType": 1,
  "TypeOfInstallation": 2,
  "GeometricArea": 0,
  "CalculationTypeForVentilation": 1,
  "HeightOfProfile": 0,
  "Reveal": 0,
  "RevealDepth": 0,
  "HeightProfileRectangleAngle1": 0,
  "HeightProfileRectangleAngle2": 0,
  "RevealDepthRectangleAngle1": 0,
  "RevealDepthRectangleAngle2": 0,
  "RevealDepthRectangleAngle12": 0,
  "InstallationPosition": 0,
  "RecommendedDriveArticleNo": 0,
  "System": "",
  "AkippOrAtilt": 1.2195,
  "AdrehOrAturn": 1.8204,
  "Ageo": 1.2195,
  "MinPullingForceMax": 59.70557528050877,
  "MinPushingForceMax": 175.22835425814168,
  "MinPullingForcePermanent": 84.84462864295843,
  "MinPushingForcePermanent": 84.84462864295843,
  "ForceWithNegativeWind": -126.39858019899454,
  "ForceWithNoWindMin": -33.346502459242885,
  "ForceWithNegativeWindMin": -5.539096972224812,
  "ForceWithWindMin": 59.70557528050877,
  "Id": "8b11d2e1-fe65-46bb-82a6-4442277b52f2",
  "CreatedOn": "0001-01-01T00:00:00",
  "CreatedBy": "579816e4-6653-4794-b435-a885f32e28d7",
  "ModifiedOn": "2024-11-19T06:47:32.1096944+00:00",
  "ModifiedBy": "579816e4-6653-4794-b435-a885f32e28d7"
}

12:17:32.194 [main] INFO  com.intuit.karate - Rounded Opening Angle: 17 
12:17:32.194 [main] INFO  com.intuit.karate - Rounded Ageo: 1.22 
12:17:32.194 [main] INFO  com.intuit.karate - Rounded Required Opening Stroke: 450 
12:17:32.194 [main] INFO  com.intuit.karate - Rounded Vent Weight: 77 
12:17:32.197 [main] INFO  com.intuit.karate - karate.env system property was: null 
12:17:32.199 [main] INFO  com.intuit.karate - Running test for dataset:  Dataset57 
12:17:32.200 [main] DEBUG com.intuit.karate - request:
1 > PUT https://dev-drivetec-apis.schuecodigitalsolutions.com/Configurations
1 > Content-Type: application/json; charset=UTF-8
1 > Content-Length: 1261
1 > Host: dev-drivetec-apis.schuecodigitalsolutions.com
1 > Connection: Keep-Alive
1 > User-Agent: Apache-HttpClient/4.5.14 (Java/17.0.12)
1 > Accept-Encoding: gzip,deflate
{"Id":"8b11d2e1-fe65-46bb-82a6-4442277b52f2","Name":"asdefgh","Description":"","ProjectId":"d2659447-79dd-4004-bdd8-aebda2f103db","CustomTags":"","CreatedBy":"579816e4-6653-4794-b435-a885f32e28d7","ModifiedBy":"579816e4-6653-4794-b435-a885f32e28d7","System":"","FacadeInclination":0,"OpeningType":1,"OpeningDirection":1,"OpeningWidth":1000,"VentOuterWidth":1300,"VentOuterHeight":1480,"VentWeight":0,"CalculateWeightWithGlass":false,"RequiredOpeningStroke":400,"WindLoad":120,"SnowLoad":0,"IsWindowOpeningCalculationByAngle":1,"GlassThickness":14,"ProfileWeightPerSerialMeter":2.5,"DrivePosition":1,"InstallationPosition":0,"LockingMechanism":1,"Voltage":1,"DriveType":1,"TypeOfInstallation":2,"GeometricArea":0,"CalcVentilation":1,"SpecificExhaustDimension":45,"BuildingDepth":90,"CalculationTypeForVentilation":1,"HeightOfProfile":0,"HeightProfileRectangleAngle1":0,"HeightProfileRectangleAngle2":0,"RevealDepth":0,"RevealDepthRectangleAngle1":0,"RevealDepthRectangleAngle2":0,"ChainLengthConnectingRodHandle":5,"ApplicationName":1,"OpeningAngle":28.8,"WeightIncGlassOrThickness":false,"AkippOrAtilt":0,"AdrehOrAturn":0,"Ageo":0,"MinPullingForceMax":0,"MinPushingForceMax":0,"MinPullingForcePermanent":0,"MinPushingForcePermanent":0,"ForceWithNegativeWind":0}

12:17:32.954 [main] DEBUG com.intuit.karate - response time in milliseconds: 753
1 < 200
1 < Content-Type: application/json; charset=utf-8
1 < Date: Tue, 19 Nov 2024 06:47:32 GMT
1 < Server: Microsoft-IIS/10.0
1 < X-Powered-By: ASP.NET
1 < transfer-encoding: chunked
1 < Connection: keep-alive
{
  "ProjectId": "d2659447-79dd-4004-bdd8-aebda2f103db",
  "Name": "asdefgh",
  "Description": "",
  "CustomTags": "",
  "ApplicationName": 1,
  "OpeningType": 1,
  "OpeningDirection": 1,
  "CalculateWeightWithGlass": false,
  "WindLoad": 120,
  "IsWindowOpeningCalculationByAngle": 1,
  "VentOuterWidth": 1300,
  "VentOuterHeight": 1480,
  "WeightIncGlassOrThickness": false,
  "VentWeight": 81,
  "VentWeightExact": 81.24000000000001,
  "GlassThickness": 14,
  "ProfileWeightPerSerialMeter": 2.5,
  "FacadeInclination": 0,
  "ChainLengthConnectingRodHandle": 5,
  "ChainLenghtConnectingRodHandle": 0,
  "RequiredOpeningStroke": 400,
  "OpeningWidth": 1000,
  "OpeningAngle": 15.532868337024489,
  "SpecificExhaustDimension": 45,
  "BuildingDepth": 90,
  "SnowLoad": 0,
  "DistanceHinge": 0,
  "RatedCurrent": 0,
  "DrivePosition": 1,
  "LockingMechanism": 1,
  "Voltage": 1,
  "DriveType": 1,
  "TypeOfInstallation": 2,
  "GeometricArea": 0,
  "CalculationTypeForVentilation": 1,
  "HeightOfProfile": 0,
  "Reveal": 0,
  "RevealDepth": 0,
  "HeightProfileRectangleAngle1": 0,
  "HeightProfileRectangleAngle2": 0,
  "RevealDepthRectangleAngle1": 0,
  "RevealDepthRectangleAngle2": 0,
  "RevealDepthRectangleAngle12": 0,
  "InstallationPosition": 0,
  "RecommendedDriveArticleNo": 0,
  "System": "",
  "AkippOrAtilt": 1.112,
  "AdrehOrAturn": 1.924,
  "Ageo": 1.112,
  "MinPullingForceMax": -115.11645888541372,
  "MinPushingForceMax": -217.67065305490868,
  "MinPullingForcePermanent": -109.46920987508777,
  "MinPushingForcePermanent": -109.46920987508777,
  "ForceWithNegativeWind": 115.76339470521341,
  "ForceWithNoWindMin": 0.3234679098998516,
  "ForceWithNegativeWindMin": -1.2677666952668574,
  "ForceWithWindMin": -115.11645888541372,
  "Id": "8b11d2e1-fe65-46bb-82a6-4442277b52f2",
  "CreatedOn": "0001-01-01T00:00:00",
  "CreatedBy": "579816e4-6653-4794-b435-a885f32e28d7",
  "ModifiedOn": "2024-11-19T06:47:32.8412731+00:00",
  "ModifiedBy": "579816e4-6653-4794-b435-a885f32e28d7"
}

12:17:32.956 [main] INFO  com.intuit.karate - Rounded Opening Angle: 16 
12:17:32.957 [main] INFO  com.intuit.karate - Rounded Ageo: 1.11 
12:17:32.957 [main] INFO  com.intuit.karate - Rounded Required Opening Stroke: 400 
12:17:32.958 [main] INFO  com.intuit.karate - Rounded Vent Weight: 81 
12:17:32.967 [main] INFO  com.intuit.karate - karate.env system property was: null 
12:17:32.970 [main] INFO  com.intuit.karate - Running test for dataset:  Dataset58 
12:17:32.972 [main] DEBUG com.intuit.karate - request:
1 > PUT https://dev-drivetec-apis.schuecodigitalsolutions.com/Configurations
1 > Content-Type: application/json; charset=UTF-8
1 > Content-Length: 1260
1 > Host: dev-drivetec-apis.schuecodigitalsolutions.com
1 > Connection: Keep-Alive
1 > User-Agent: Apache-HttpClient/4.5.14 (Java/17.0.12)
1 > Accept-Encoding: gzip,deflate
{"Id":"8b11d2e1-fe65-46bb-82a6-4442277b52f2","Name":"asdefgh","Description":"","ProjectId":"d2659447-79dd-4004-bdd8-aebda2f103db","CustomTags":"","CreatedBy":"579816e4-6653-4794-b435-a885f32e28d7","ModifiedBy":"579816e4-6653-4794-b435-a885f32e28d7","System":"","FacadeInclination":75,"OpeningType":4,"OpeningDirection":1,"OpeningWidth":1000,"VentOuterWidth":1920,"VentOuterHeight":1480,"VentWeight":0,"CalculateWeightWithGlass":false,"RequiredOpeningStroke":200,"WindLoad":30,"SnowLoad":0,"IsWindowOpeningCalculationByAngle":1,"GlassThickness":2,"ProfileWeightPerSerialMeter":2.5,"DrivePosition":2,"InstallationPosition":0,"LockingMechanism":1,"Voltage":1,"DriveType":3,"TypeOfInstallation":2,"GeometricArea":0,"CalcVentilation":1,"SpecificExhaustDimension":45,"BuildingDepth":90,"CalculationTypeForVentilation":1,"HeightOfProfile":0,"HeightProfileRectangleAngle1":0,"HeightProfileRectangleAngle2":0,"RevealDepth":0,"RevealDepthRectangleAngle1":0,"RevealDepthRectangleAngle2":0,"ChainLengthConnectingRodHandle":5,"ApplicationName":2,"OpeningAngle":28.8,"WeightIncGlassOrThickness":false,"AkippOrAtilt":0,"AdrehOrAturn":0,"Ageo":0,"MinPullingForceMax":0,"MinPushingForceMax":0,"MinPullingForcePermanent":0,"MinPushingForcePermanent":0,"ForceWithNegativeWind":0}

12:17:33.754 [main] DEBUG com.intuit.karate - response time in milliseconds: 781
1 < 200
1 < Content-Type: application/json; charset=utf-8
1 < Date: Tue, 19 Nov 2024 06:47:32 GMT
1 < Server: Microsoft-IIS/10.0
1 < X-Powered-By: ASP.NET
1 < Content-Length: 2031
1 < Connection: keep-alive
{
  "ProjectId": "d2659447-79dd-4004-bdd8-aebda2f103db",
  "Name": "asdefgh",
  "Description": "",
  "CustomTags": "",
  "ApplicationName": 2,
  "OpeningType": 4,
  "OpeningDirection": 1,
  "CalculateWeightWithGlass": false,
  "WindLoad": 30,
  "IsWindowOpeningCalculationByAngle": 1,
  "VentOuterWidth": 1920,
  "VentOuterHeight": 1480,
  "WeightIncGlassOrThickness": false,
  "VentWeight": 31,
  "VentWeightExact": 31.208,
  "GlassThickness": 2,
  "ProfileWeightPerSerialMeter": 2.5,
  "FacadeInclination": 75,
  "ChainLengthConnectingRodHandle": 5,
  "ChainLenghtConnectingRodHandle": 0,
  "RequiredOpeningStroke": 200,
  "OpeningWidth": 1000,
  "OpeningAngle": 7.7485764125944305,
  "SpecificExhaustDimension": 45,
  "BuildingDepth": 90,
  "SnowLoad": 0,
  "DistanceHinge": 0,
  "RatedCurrent": 0,
  "DrivePosition": 2,
  "LockingMechanism": 1,
  "Voltage": 1,
  "DriveType": 3,
  "TypeOfInstallation": 2,
  "GeometricArea": 0,
  "CalculationTypeForVentilation": 1,
  "HeightOfProfile": 0,
  "Reveal": 0,
  "RevealDepth": 0,
  "HeightProfileRectangleAngle1": 0,
  "HeightProfileRectangleAngle2": 0,
  "RevealDepthRectangleAngle1": 0,
  "RevealDepthRectangleAngle2": 0,
  "RevealDepthRectangleAngle12": 0,
  "InstallationPosition": 0,
  "RecommendedDriveArticleNo": 0,
  "System": "",
  "AkippOrAtilt": 0.68,
  "AdrehOrAturn": 2.8416,
  "Ageo": 0.68,
  "MinPullingForceMax": 80.24070996805452,
  "MinPushingForceMax": 96.88604413962044,
  "MinPullingForcePermanent": 60.57271054289023,
  "MinPushingForcePermanent": 60.57271054289023,
  "ForceWithNegativeWind": 42.416043744525126,
  "ForceWithNoWindMin": 40.48613557799823,
  "ForceWithNegativeWindMin": 20.608848382970088,
  "ForceWithWindMin": 80.24070996805452,
  "Id": "8b11d2e1-fe65-46bb-82a6-4442277b52f2",
  "CreatedOn": "0001-01-01T00:00:00",
  "CreatedBy": "579816e4-6653-4794-b435-a885f32e28d7",
  "ModifiedOn": "2024-11-19T06:47:33.657794+00:00",
  "ModifiedBy": "579816e4-6653-4794-b435-a885f32e28d7"
}

12:17:33.758 [main] INFO  com.intuit.karate - Rounded Opening Angle: 7.75 
12:17:33.759 [main] INFO  com.intuit.karate - Rounded Ageo: 0.68 
12:17:33.759 [main] INFO  com.intuit.karate - Rounded Required Opening Stroke: 200 
12:17:33.759 [main] INFO  com.intuit.karate - Rounded Vent Weight: 31 
12:17:33.762 [main] ERROR com.intuit.karate - classpath:drivetecTestCases/features/driveteclogin.feature:184
And match roundedOpeningAngle == expectedOpeningAngle
match failed: EQUALS
  $ | not equal (NUMBER:NUMBER)
  7.75
  8

classpath:drivetecTestCases/features/driveteclogin.feature:184
12:17:33.773 [main] INFO  com.intuit.karate - karate.env system property was: null 
12:17:33.776 [main] INFO  com.intuit.karate - Running test for dataset:  Dataset59 
12:17:33.779 [main] DEBUG com.intuit.karate - request:
1 > PUT https://dev-drivetec-apis.schuecodigitalsolutions.com/Configurations
1 > Content-Type: application/json; charset=UTF-8
1 > Content-Length: 1263
1 > Host: dev-drivetec-apis.schuecodigitalsolutions.com
1 > Connection: Keep-Alive
1 > User-Agent: Apache-HttpClient/4.5.14 (Java/17.0.12)
1 > Accept-Encoding: gzip,deflate
{"Id":"8b11d2e1-fe65-46bb-82a6-4442277b52f2","Name":"asdefgh","Description":"","ProjectId":"d2659447-79dd-4004-bdd8-aebda2f103db","CustomTags":"","CreatedBy":"579816e4-6653-4794-b435-a885f32e28d7","ModifiedBy":"579816e4-6653-4794-b435-a885f32e28d7","System":"","FacadeInclination":-25,"OpeningType":2,"OpeningDirection":2,"OpeningWidth":1000,"VentOuterWidth":1000,"VentOuterHeight":1000,"VentWeight":0,"CalculateWeightWithGlass":false,"RequiredOpeningStroke":500,"WindLoad":275,"SnowLoad":0,"IsWindowOpeningCalculationByAngle":1,"GlassThickness":14,"ProfileWeightPerSerialMeter":2.5,"DrivePosition":1,"InstallationPosition":0,"LockingMechanism":1,"Voltage":1,"DriveType":1,"TypeOfInstallation":2,"GeometricArea":0,"CalcVentilation":1,"SpecificExhaustDimension":45,"BuildingDepth":90,"CalculationTypeForVentilation":1,"HeightOfProfile":0,"HeightProfileRectangleAngle1":0,"HeightProfileRectangleAngle2":0,"RevealDepth":0,"RevealDepthRectangleAngle1":0,"RevealDepthRectangleAngle2":0,"ChainLengthConnectingRodHandle":5,"ApplicationName":1,"OpeningAngle":28.8,"WeightIncGlassOrThickness":false,"AkippOrAtilt":0,"AdrehOrAturn":0,"Ageo":0,"MinPullingForceMax":0,"MinPushingForceMax":0,"MinPullingForcePermanent":0,"MinPushingForcePermanent":0,"ForceWithNegativeWind":0}

12:17:34.567 [main] DEBUG com.intuit.karate - response time in milliseconds: 785
1 < 200
1 < Content-Type: application/json; charset=utf-8
1 < Date: Tue, 19 Nov 2024 06:47:34 GMT
1 < Server: Microsoft-IIS/10.0
1 < X-Powered-By: ASP.NET
1 < Content-Length: 2022
1 < Connection: keep-alive
{
  "ProjectId": "d2659447-79dd-4004-bdd8-aebda2f103db",
  "Name": "asdefgh",
  "Description": "",
  "CustomTags": "",
  "ApplicationName": 1,
  "OpeningType": 2,
  "OpeningDirection": 2,
  "CalculateWeightWithGlass": false,
  "WindLoad": 275,
  "IsWindowOpeningCalculationByAngle": 1,
  "VentOuterWidth": 1000,
  "VentOuterHeight": 1000,
  "WeightIncGlassOrThickness": false,
  "VentWeight": 45,
  "VentWeightExact": 45,
  "GlassThickness": 14,
  "ProfileWeightPerSerialMeter": 2.5,
  "FacadeInclination": -25,
  "ChainLengthConnectingRodHandle": 5,
  "ChainLenghtConnectingRodHandle": 0,
  "RequiredOpeningStroke": 500,
  "OpeningWidth": 1000,
  "OpeningAngle": 28.955024371859846,
  "SpecificExhaustDimension": 45,
  "BuildingDepth": 90,
  "SnowLoad": 0,
  "DistanceHinge": 0,
  "RatedCurrent": 0,
  "DrivePosition": 1,
  "LockingMechanism": 1,
  "Voltage": 1,
  "DriveType": 1,
  "TypeOfInstallation": 2,
  "GeometricArea": 0,
  "CalculationTypeForVentilation": 1,
  "HeightOfProfile": 0,
  "Reveal": 0,
  "RevealDepth": 0,
  "HeightProfileRectangleAngle1": 0,
  "HeightProfileRectangleAngle2": 0,
  "RevealDepthRectangleAngle1": 0,
  "RevealDepthRectangleAngle2": 0,
  "RevealDepthRectangleAngle12": 0,
  "InstallationPosition": 0,
  "RecommendedDriveArticleNo": 0,
  "System": "",
  "AkippOrAtilt": 1,
  "AdrehOrAturn": 1,
  "Ageo": 1,
  "MinPullingForceMax": 208.0874125993853,
  "MinPushingForceMax": 237.0612748309355,
  "MinPullingForcePermanent": 187.96989371919298,
  "MinPushingForcePermanent": 187.96989371919298,
  "ForceWithNegativeWind": 138.87851260745046,
  "ForceWithNoWindMin": 95.20637219992052,
  "ForceWithNegativeWindMin": -17.67466819954423,
  "ForceWithWindMin": 208.0874125993853,
  "Id": "8b11d2e1-fe65-46bb-82a6-4442277b52f2",
  "CreatedOn": "0001-01-01T00:00:00",
  "CreatedBy": "579816e4-6653-4794-b435-a885f32e28d7",
  "ModifiedOn": "2024-11-19T06:47:34.4727488+00:00",
  "ModifiedBy": "579816e4-6653-4794-b435-a885f32e28d7"
}

12:17:34.573 [main] INFO  com.intuit.karate - Rounded Opening Angle: 29.0 
12:17:34.574 [main] INFO  com.intuit.karate - Rounded Ageo: 1.0 
12:17:34.576 [main] INFO  com.intuit.karate - Rounded Required Opening Stroke: 500 
12:17:34.576 [main] INFO  com.intuit.karate - Rounded Vent Weight: 45 
12:17:34.588 [main] INFO  com.intuit.karate - karate.env system property was: null 
12:17:34.591 [main] INFO  com.intuit.karate - Running test for dataset:  Dataset60 
12:17:34.594 [main] DEBUG com.intuit.karate - request:
1 > PUT https://dev-drivetec-apis.schuecodigitalsolutions.com/Configurations
1 > Content-Type: application/json; charset=UTF-8
1 > Content-Length: 1262
1 > Host: dev-drivetec-apis.schuecodigitalsolutions.com
1 > Connection: Keep-Alive
1 > User-Agent: Apache-HttpClient/4.5.14 (Java/17.0.12)
1 > Accept-Encoding: gzip,deflate
{"Id":"8b11d2e1-fe65-46bb-82a6-4442277b52f2","Name":"asdefgh","Description":"","ProjectId":"d2659447-79dd-4004-bdd8-aebda2f103db","CustomTags":"","CreatedBy":"579816e4-6653-4794-b435-a885f32e28d7","ModifiedBy":"579816e4-6653-4794-b435-a885f32e28d7","System":"","FacadeInclination":25,"OpeningType":2,"OpeningDirection":2,"OpeningWidth":1000,"VentOuterWidth":1000,"VentOuterHeight":1000,"VentWeight":0,"CalculateWeightWithGlass":false,"RequiredOpeningStroke":500,"WindLoad":261,"SnowLoad":0,"IsWindowOpeningCalculationByAngle":1,"GlassThickness":14,"ProfileWeightPerSerialMeter":2.5,"DrivePosition":1,"InstallationPosition":0,"LockingMechanism":1,"Voltage":1,"DriveType":1,"TypeOfInstallation":2,"GeometricArea":0,"CalcVentilation":1,"SpecificExhaustDimension":45,"BuildingDepth":90,"CalculationTypeForVentilation":1,"HeightOfProfile":0,"HeightProfileRectangleAngle1":0,"HeightProfileRectangleAngle2":0,"RevealDepth":0,"RevealDepthRectangleAngle1":0,"RevealDepthRectangleAngle2":0,"ChainLengthConnectingRodHandle":5,"ApplicationName":1,"OpeningAngle":28.8,"WeightIncGlassOrThickness":false,"AkippOrAtilt":0,"AdrehOrAturn":0,"Ageo":0,"MinPullingForceMax":0,"MinPushingForceMax":0,"MinPullingForcePermanent":0,"MinPushingForcePermanent":0,"ForceWithNegativeWind":0}

12:17:35.412 [main] DEBUG com.intuit.karate - response time in milliseconds: 817
1 < 200
1 < Content-Type: application/json; charset=utf-8
1 < Date: Tue, 19 Nov 2024 06:47:34 GMT
1 < Server: Microsoft-IIS/10.0
1 < X-Powered-By: ASP.NET
1 < Content-Length: 2025
1 < Connection: keep-alive
{
  "ProjectId": "d2659447-79dd-4004-bdd8-aebda2f103db",
  "Name": "asdefgh",
  "Description": "",
  "CustomTags": "",
  "ApplicationName": 1,
  "OpeningType": 2,
  "OpeningDirection": 2,
  "CalculateWeightWithGlass": false,
  "WindLoad": 261,
  "IsWindowOpeningCalculationByAngle": 1,
  "VentOuterWidth": 1000,
  "VentOuterHeight": 1000,
  "WeightIncGlassOrThickness": false,
  "VentWeight": 45,
  "VentWeightExact": 45,
  "GlassThickness": 14,
  "ProfileWeightPerSerialMeter": 2.5,
  "FacadeInclination": 25,
  "ChainLengthConnectingRodHandle": 5,
  "ChainLenghtConnectingRodHandle": 0,
  "RequiredOpeningStroke": 500,
  "OpeningWidth": 1000,
  "OpeningAngle": 28.955024371859846,
  "SpecificExhaustDimension": 45,
  "BuildingDepth": 90,
  "SnowLoad": 0,
  "DistanceHinge": 0,
  "RatedCurrent": 0,
  "DrivePosition": 1,
  "LockingMechanism": 1,
  "Voltage": 1,
  "DriveType": 1,
  "TypeOfInstallation": 2,
  "GeometricArea": 0,
  "CalculationTypeForVentilation": 1,
  "HeightOfProfile": 0,
  "Reveal": 0,
  "RevealDepth": 0,
  "HeightProfileRectangleAngle1": 0,
  "HeightProfileRectangleAngle2": 0,
  "RevealDepthRectangleAngle1": 0,
  "RevealDepthRectangleAngle2": 0,
  "RevealDepthRectangleAngle12": 0,
  "InstallationPosition": 0,
  "RecommendedDriveArticleNo": 0,
  "System": "",
  "AkippOrAtilt": 1,
  "AdrehOrAturn": 1,
  "Ageo": 1,
  "MinPullingForceMax": 12.411959719093488,
  "MinPushingForceMax": 150.38346572732894,
  "MinPullingForcePermanent": -94.88156601363566,
  "MinPushingForcePermanent": -94.88156601363566,
  "ForceWithNegativeWind": -202.1750917463648,
  "ForceWithNoWindMin": 16.26384869074936,
  "ForceWithNegativeWindMin": -117.85576834583021,
  "ForceWithWindMin": 12.411959719093488,
  "Id": "8b11d2e1-fe65-46bb-82a6-4442277b52f2",
  "CreatedOn": "0001-01-01T00:00:00",
  "CreatedBy": "579816e4-6653-4794-b435-a885f32e28d7",
  "ModifiedOn": "2024-11-19T06:47:35.2933318+00:00",
  "ModifiedBy": "579816e4-6653-4794-b435-a885f32e28d7"
}

12:17:35.415 [main] INFO  com.intuit.karate - Rounded Opening Angle: 29.0 
12:17:35.416 [main] INFO  com.intuit.karate - Rounded Ageo: 1.0 
12:17:35.416 [main] INFO  com.intuit.karate - Rounded Required Opening Stroke: 500 
12:17:35.416 [main] INFO  com.intuit.karate - Rounded Vent Weight: 45 
12:17:35.422 [main] INFO  com.intuit.karate - karate.env system property was: null 
12:17:35.426 [main] INFO  com.intuit.karate - Running test for dataset:  Dataset61 
12:17:35.430 [main] DEBUG com.intuit.karate - request:
1 > PUT https://dev-drivetec-apis.schuecodigitalsolutions.com/Configurations
1 > Content-Type: application/json; charset=UTF-8
1 > Content-Length: 1262
1 > Host: dev-drivetec-apis.schuecodigitalsolutions.com
1 > Connection: Keep-Alive
1 > User-Agent: Apache-HttpClient/4.5.14 (Java/17.0.12)
1 > Accept-Encoding: gzip,deflate
{"Id":"8b11d2e1-fe65-46bb-82a6-4442277b52f2","Name":"asdefgh","Description":"","ProjectId":"d2659447-79dd-4004-bdd8-aebda2f103db","CustomTags":"","CreatedBy":"579816e4-6653-4794-b435-a885f32e28d7","ModifiedBy":"579816e4-6653-4794-b435-a885f32e28d7","System":"","FacadeInclination":25,"OpeningType":2,"OpeningDirection":2,"OpeningWidth":1000,"VentOuterWidth":1000,"VentOuterHeight":1000,"VentWeight":0,"CalculateWeightWithGlass":false,"RequiredOpeningStroke":500,"WindLoad":260,"SnowLoad":0,"IsWindowOpeningCalculationByAngle":1,"GlassThickness":14,"ProfileWeightPerSerialMeter":2.5,"DrivePosition":1,"InstallationPosition":0,"LockingMechanism":1,"Voltage":1,"DriveType":1,"TypeOfInstallation":2,"GeometricArea":0,"CalcVentilation":1,"SpecificExhaustDimension":45,"BuildingDepth":90,"CalculationTypeForVentilation":1,"HeightOfProfile":0,"HeightProfileRectangleAngle1":0,"HeightProfileRectangleAngle2":0,"RevealDepth":0,"RevealDepthRectangleAngle1":0,"RevealDepthRectangleAngle2":0,"ChainLengthConnectingRodHandle":5,"ApplicationName":1,"OpeningAngle":28.8,"WeightIncGlassOrThickness":false,"AkippOrAtilt":0,"AdrehOrAturn":0,"Ageo":0,"MinPullingForceMax":0,"MinPushingForceMax":0,"MinPullingForcePermanent":0,"MinPushingForcePermanent":0,"ForceWithNegativeWind":0}

12:17:36.158 [main] DEBUG com.intuit.karate - response time in milliseconds: 727
1 < 200
1 < Content-Type: application/json; charset=utf-8
1 < Date: Tue, 19 Nov 2024 06:47:36 GMT
1 < Server: Microsoft-IIS/10.0
1 < X-Powered-By: ASP.NET
1 < Content-Length: 2024
1 < Connection: keep-alive
{
  "ProjectId": "d2659447-79dd-4004-bdd8-aebda2f103db",
  "Name": "asdefgh",
  "Description": "",
  "CustomTags": "",
  "ApplicationName": 1,
  "OpeningType": 2,
  "OpeningDirection": 2,
  "CalculateWeightWithGlass": false,
  "WindLoad": 260,
  "IsWindowOpeningCalculationByAngle": 1,
  "VentOuterWidth": 1000,
  "VentOuterHeight": 1000,
  "WeightIncGlassOrThickness": false,
  "VentWeight": 45,
  "VentWeightExact": 45,
  "GlassThickness": 14,
  "ProfileWeightPerSerialMeter": 2.5,
  "FacadeInclination": 25,
  "ChainLengthConnectingRodHandle": 5,
  "ChainLenghtConnectingRodHandle": 0,
  "RequiredOpeningStroke": 500,
  "OpeningWidth": 1000,
  "OpeningAngle": 28.955024371859846,
  "SpecificExhaustDimension": 45,
  "BuildingDepth": 90,
  "SnowLoad": 0,
  "DistanceHinge": 0,
  "RatedCurrent": 0,
  "DrivePosition": 1,
  "LockingMechanism": 1,
  "Voltage": 1,
  "DriveType": 1,
  "TypeOfInstallation": 2,
  "GeometricArea": 0,
  "CalculationTypeForVentilation": 1,
  "HeightOfProfile": 0,
  "Reveal": 0,
  "RevealDepth": 0,
  "HeightProfileRectangleAngle1": 0,
  "HeightProfileRectangleAngle2": 0,
  "RevealDepthRectangleAngle1": 0,
  "RevealDepthRectangleAngle2": 0,
  "RevealDepthRectangleAngle12": 0,
  "InstallationPosition": 0,
  "RecommendedDriveArticleNo": 0,
  "System": "",
  "AkippOrAtilt": 1,
  "AdrehOrAturn": 1,
  "Ageo": 1,
  "MinPullingForceMax": 12.000873413604111,
  "MinPushingForceMax": 149.869597462821,
  "MinPullingForcePermanent": -94.88156601363566,
  "MinPushingForcePermanent": -94.88156601363566,
  "ForceWithNegativeWind": -201.76400544087545,
  "ForceWithNoWindMin": 16.26384869074936,
  "ForceWithNegativeWindMin": -117.34190008132227,
  "ForceWithWindMin": 12.000873413604111,
  "Id": "8b11d2e1-fe65-46bb-82a6-4442277b52f2",
  "CreatedOn": "0001-01-01T00:00:00",
  "CreatedBy": "579816e4-6653-4794-b435-a885f32e28d7",
  "ModifiedOn": "2024-11-19T06:47:36.0751199+00:00",
  "ModifiedBy": "579816e4-6653-4794-b435-a885f32e28d7"
}

12:17:36.159 [main] INFO  com.intuit.karate - Rounded Opening Angle: 29.0 
12:17:36.159 [main] INFO  com.intuit.karate - Rounded Ageo: 1.0 
12:17:36.159 [main] INFO  com.intuit.karate - Rounded Required Opening Stroke: 500 
12:17:36.159 [main] INFO  com.intuit.karate - Rounded Vent Weight: 45 
12:17:36.164 [main] INFO  com.intuit.karate - karate.env system property was: null 
12:17:36.166 [main] INFO  com.intuit.karate - Running test for dataset:  Dataset62 
12:17:36.168 [main] DEBUG com.intuit.karate - request:
1 > PUT https://dev-drivetec-apis.schuecodigitalsolutions.com/Configurations
1 > Content-Type: application/json; charset=UTF-8
1 > Content-Length: 1258
1 > Host: dev-drivetec-apis.schuecodigitalsolutions.com
1 > Connection: Keep-Alive
1 > User-Agent: Apache-HttpClient/4.5.14 (Java/17.0.12)
1 > Accept-Encoding: gzip,deflate
{"Id":"8b11d2e1-fe65-46bb-82a6-4442277b52f2","Name":"asdefgh","Description":"","ProjectId":"d2659447-79dd-4004-bdd8-aebda2f103db","CustomTags":"","CreatedBy":"579816e4-6653-4794-b435-a885f32e28d7","ModifiedBy":"579816e4-6653-4794-b435-a885f32e28d7","System":"","FacadeInclination":0,"OpeningType":1,"OpeningDirection":1,"OpeningWidth":1000,"VentOuterWidth":2000,"VentOuterHeight":800,"VentWeight":70,"CalculateWeightWithGlass":false,"RequiredOpeningStroke":800,"WindLoad":123,"SnowLoad":0,"IsWindowOpeningCalculationByAngle":1,"GlassThickness":0,"ProfileWeightPerSerialMeter":0,"DrivePosition":1,"InstallationPosition":0,"LockingMechanism":1,"Voltage":1,"DriveType":1,"TypeOfInstallation":2,"GeometricArea":0,"CalcVentilation":1,"SpecificExhaustDimension":45,"BuildingDepth":90,"CalculationTypeForVentilation":1,"HeightOfProfile":0,"HeightProfileRectangleAngle1":0,"HeightProfileRectangleAngle2":0,"RevealDepth":0,"RevealDepthRectangleAngle1":0,"RevealDepthRectangleAngle2":0,"ChainLengthConnectingRodHandle":5,"ApplicationName":1,"OpeningAngle":28.8,"WeightIncGlassOrThickness":false,"AkippOrAtilt":0,"AdrehOrAturn":0,"Ageo":0,"MinPullingForceMax":0,"MinPushingForceMax":0,"MinPullingForcePermanent":0,"MinPushingForcePermanent":0,"ForceWithNegativeWind":0}

12:17:36.947 [main] DEBUG com.intuit.karate - response time in milliseconds: 778
1 < 200
1 < Content-Type: application/json; charset=utf-8
1 < Date: Tue, 19 Nov 2024 06:47:36 GMT
1 < Server: Microsoft-IIS/10.0
1 < X-Powered-By: ASP.NET
1 < Content-Length: 2024
1 < Connection: keep-alive
{
  "ProjectId": "d2659447-79dd-4004-bdd8-aebda2f103db",
  "Name": "asdefgh",
  "Description": "",
  "CustomTags": "",
  "ApplicationName": 1,
  "OpeningType": 1,
  "OpeningDirection": 1,
  "CalculateWeightWithGlass": false,
  "WindLoad": 123,
  "IsWindowOpeningCalculationByAngle": 1,
  "VentOuterWidth": 2000,
  "VentOuterHeight": 800,
  "WeightIncGlassOrThickness": false,
  "VentWeight": 70,
  "VentWeightExact": 70,
  "GlassThickness": 0,
  "ProfileWeightPerSerialMeter": 0,
  "FacadeInclination": 0,
  "ChainLengthConnectingRodHandle": 5,
  "ChainLenghtConnectingRodHandle": 0,
  "RequiredOpeningStroke": 800,
  "OpeningWidth": 1000,
  "OpeningAngle": 60.00000000000001,
  "SpecificExhaustDimension": 45,
  "BuildingDepth": 90,
  "SnowLoad": 0,
  "DistanceHinge": 0,
  "RatedCurrent": 0,
  "DrivePosition": 1,
  "LockingMechanism": 1,
  "Voltage": 1,
  "DriveType": 1,
  "TypeOfInstallation": 2,
  "GeometricArea": 0,
  "CalculationTypeForVentilation": 1,
  "HeightOfProfile": 0,
  "Reveal": 0,
  "RevealDepth": 0,
  "HeightProfileRectangleAngle1": 0,
  "HeightProfileRectangleAngle2": 0,
  "RevealDepthRectangleAngle1": 0,
  "RevealDepthRectangleAngle2": 0,
  "RevealDepthRectangleAngle12": 0,
  "InstallationPosition": 0,
  "RecommendedDriveArticleNo": 0,
  "System": "",
  "AkippOrAtilt": 2.24,
  "AdrehOrAturn": 1.6,
  "Ageo": 1.6,
  "MinPullingForceMax": -98.12122325223832,
  "MinPushingForceMax": -378.3230010155636,
  "MinPullingForcePermanent": -349.8389732218605,
  "MinPushingForcePermanent": -349.8389732218605,
  "ForceWithNegativeWind": -321.3549454281574,
  "ForceWithNoWindMin": 0.2787143487566422,
  "ForceWithNegativeWindMin": 98.6786519497516,
  "ForceWithWindMin": -98.12122325223832,
  "Id": "8b11d2e1-fe65-46bb-82a6-4442277b52f2",
  "CreatedOn": "0001-01-01T00:00:00",
  "CreatedBy": "579816e4-6653-4794-b435-a885f32e28d7",
  "ModifiedOn": "2024-11-19T06:47:36.7829481+00:00",
  "ModifiedBy": "579816e4-6653-4794-b435-a885f32e28d7"
}

12:17:36.948 [main] INFO  com.intuit.karate - Rounded Opening Angle: 60.0 
12:17:36.948 [main] INFO  com.intuit.karate - Rounded Ageo: 1.6 
12:17:36.948 [main] INFO  com.intuit.karate - Rounded Required Opening Stroke: 800 
12:17:36.948 [main] INFO  com.intuit.karate - Rounded Vent Weight: 70 
12:17:36.952 [main] INFO  com.intuit.karate - karate.env system property was: null 
12:17:36.954 [main] INFO  com.intuit.karate - Running test for dataset:  Dataset63 
12:17:36.955 [main] DEBUG com.intuit.karate - request:
1 > PUT https://dev-drivetec-apis.schuecodigitalsolutions.com/Configurations
1 > Content-Type: application/json; charset=UTF-8
1 > Content-Length: 1264
1 > Host: dev-drivetec-apis.schuecodigitalsolutions.com
1 > Connection: Keep-Alive
1 > User-Agent: Apache-HttpClient/4.5.14 (Java/17.0.12)
1 > Accept-Encoding: gzip,deflate
{"Id":"8b11d2e1-fe65-46bb-82a6-4442277b52f2","Name":"asdefgh","Description":"","ProjectId":"d2659447-79dd-4004-bdd8-aebda2f103db","CustomTags":"","CreatedBy":"579816e4-6653-4794-b435-a885f32e28d7","ModifiedBy":"579816e4-6653-4794-b435-a885f32e28d7","System":"","FacadeInclination":20,"OpeningType":4,"OpeningDirection":1,"OpeningWidth":1000,"VentOuterWidth":1300,"VentOuterHeight":1400,"VentWeight":76,"CalculateWeightWithGlass":false,"RequiredOpeningStroke":1000,"WindLoad":120,"SnowLoad":1000,"IsWindowOpeningCalculationByAngle":1,"GlassThickness":0,"ProfileWeightPerSerialMeter":0,"DrivePosition":2,"InstallationPosition":0,"LockingMechanism":1,"Voltage":1,"DriveType":3,"TypeOfInstallation":2,"GeometricArea":0,"CalcVentilation":1,"SpecificExhaustDimension":45,"BuildingDepth":90,"CalculationTypeForVentilation":1,"HeightOfProfile":0,"HeightProfileRectangleAngle1":0,"HeightProfileRectangleAngle2":0,"RevealDepth":0,"RevealDepthRectangleAngle1":0,"RevealDepthRectangleAngle2":0,"ChainLengthConnectingRodHandle":5,"ApplicationName":2,"OpeningAngle":28.8,"WeightIncGlassOrThickness":false,"AkippOrAtilt":0,"AdrehOrAturn":0,"Ageo":0,"MinPullingForceMax":0,"MinPushingForceMax":0,"MinPullingForcePermanent":0,"MinPushingForcePermanent":0,"ForceWithNegativeWind":0}

12:17:37.766 [main] DEBUG com.intuit.karate - response time in milliseconds: 811
1 < 200
1 < Content-Type: application/json; charset=utf-8
1 < Date: Tue, 19 Nov 2024 06:47:37 GMT
1 < Server: Microsoft-IIS/10.0
1 < X-Powered-By: ASP.NET
1 < Content-Length: 2034
1 < Connection: keep-alive
{
  "ProjectId": "d2659447-79dd-4004-bdd8-aebda2f103db",
  "Name": "asdefgh",
  "Description": "",
  "CustomTags": "",
  "ApplicationName": 2,
  "OpeningType": 4,
  "OpeningDirection": 1,
  "CalculateWeightWithGlass": false,
  "WindLoad": 120,
  "IsWindowOpeningCalculationByAngle": 1,
  "VentOuterWidth": 1300,
  "VentOuterHeight": 1400,
  "WeightIncGlassOrThickness": false,
  "VentWeight": 76,
  "VentWeightExact": 76,
  "GlassThickness": 0,
  "ProfileWeightPerSerialMeter": 0,
  "FacadeInclination": 20,
  "ChainLengthConnectingRodHandle": 5,
  "ChainLenghtConnectingRodHandle": 0,
  "RequiredOpeningStroke": 1000,
  "OpeningWidth": 1000,
  "OpeningAngle": 41.849664855276636,
  "SpecificExhaustDimension": 45,
  "BuildingDepth": 90,
  "SnowLoad": 1000,
  "DistanceHinge": 0,
  "RatedCurrent": 0,
  "DrivePosition": 2,
  "LockingMechanism": 1,
  "Voltage": 1,
  "DriveType": 3,
  "TypeOfInstallation": 2,
  "GeometricArea": 0,
  "CalculationTypeForVentilation": 1,
  "HeightOfProfile": 0,
  "Reveal": 0,
  "RevealDepth": 0,
  "HeightProfileRectangleAngle1": 0,
  "HeightProfileRectangleAngle2": 0,
  "RevealDepthRectangleAngle1": 0,
  "RevealDepthRectangleAngle2": 0,
  "RevealDepthRectangleAngle12": 0,
  "InstallationPosition": 0,
  "RecommendedDriveArticleNo": 0,
  "System": "",
  "AkippOrAtilt": 2.7,
  "AdrehOrAturn": 1.82,
  "Ageo": 1.82,
  "MinPullingForceMax": 1047.6272458999035,
  "MinPushingForceMax": 1131.8755381046308,
  "MinPullingForcePermanent": 387.87859381001454,
  "MinPushingForcePermanent": 387.87859381001454,
  "ForceWithNegativeWind": 1130.2801477649693,
  "ForceWithNoWindMin": 357.10618957980995,
  "ForceWithNegativeWindMin": 1034.8656912286726,
  "ForceWithWindMin": 1047.6272458999035,
  "Id": "8b11d2e1-fe65-46bb-82a6-4442277b52f2",
  "CreatedOn": "0001-01-01T00:00:00",
  "CreatedBy": "579816e4-6653-4794-b435-a885f32e28d7",
  "ModifiedOn": "2024-11-19T06:47:37.6376895+00:00",
  "ModifiedBy": "579816e4-6653-4794-b435-a885f32e28d7"
}

12:17:37.768 [main] INFO  com.intuit.karate - Rounded Opening Angle: 42.0 
12:17:37.768 [main] INFO  com.intuit.karate - Rounded Ageo: 1.82 
12:17:37.768 [main] INFO  com.intuit.karate - Rounded Required Opening Stroke: 1000 
12:17:37.768 [main] INFO  com.intuit.karate - Rounded Vent Weight: 76 
12:17:37.780 [main] INFO  com.intuit.karate - karate.env system property was: null 
12:17:37.785 [main] INFO  com.intuit.karate - Running test for dataset:  Dataset64 
12:17:37.789 [main] DEBUG com.intuit.karate - request:
1 > PUT https://dev-drivetec-apis.schuecodigitalsolutions.com/Configurations
1 > Content-Type: application/json; charset=UTF-8
1 > Content-Length: 1272
1 > Host: dev-drivetec-apis.schuecodigitalsolutions.com
1 > Connection: Keep-Alive
1 > User-Agent: Apache-HttpClient/4.5.14 (Java/17.0.12)
1 > Accept-Encoding: gzip,deflate
{"Id":"8b11d2e1-fe65-46bb-82a6-4442277b52f2","Name":"asdefgh","Description":"","ProjectId":"d2659447-79dd-4004-bdd8-aebda2f103db","CustomTags":"","CreatedBy":"579816e4-6653-4794-b435-a885f32e28d7","ModifiedBy":"579816e4-6653-4794-b435-a885f32e28d7","System":"","FacadeInclination":10,"OpeningType":5,"OpeningDirection":1,"OpeningWidth":1000,"VentOuterWidth":1000,"VentOuterHeight":1000,"VentWeight":0,"CalculateWeightWithGlass":false,"RequiredOpeningStroke":500,"WindLoad":106,"SnowLoad":1000,"IsWindowOpeningCalculationByAngle":1,"GlassThickness":14,"ProfileWeightPerSerialMeter":2.5,"DrivePosition":1,"InstallationPosition":0,"LockingMechanism":1,"Voltage":1,"DriveType":3,"TypeOfInstallation":2,"GeometricArea":0,"CalcVentilation":1,"SpecificExhaustDimension":45,"BuildingDepth":90,"CalculationTypeForVentilation":1,"HeightOfProfile":30,"HeightProfileRectangleAngle1":35,"HeightProfileRectangleAngle2":2,"RevealDepth":200,"RevealDepthRectangleAngle1":150,"RevealDepthRectangleAngle2":1000,"ChainLengthConnectingRodHandle":1,"ApplicationName":2,"OpeningAngle":10,"WeightIncGlassOrThickness":false,"AkippOrAtilt":0,"AdrehOrAturn":0,"Ageo":0,"MinPullingForceMax":0,"MinPushingForceMax":0,"MinPullingForcePermanent":0,"MinPushingForcePermanent":0,"ForceWithNegativeWind":0}

12:17:38.441 [main] DEBUG com.intuit.karate - response time in milliseconds: 652
1 < 200
1 < Content-Type: application/json; charset=utf-8
1 < Date: Tue, 19 Nov 2024 06:47:37 GMT
1 < Server: Microsoft-IIS/10.0
1 < X-Powered-By: ASP.NET
1 < Content-Length: 2033
1 < Connection: keep-alive
{
  "ProjectId": "d2659447-79dd-4004-bdd8-aebda2f103db",
  "Name": "asdefgh",
  "Description": "",
  "CustomTags": "",
  "ApplicationName": 2,
  "OpeningType": 5,
  "OpeningDirection": 1,
  "CalculateWeightWithGlass": false,
  "WindLoad": 106,
  "IsWindowOpeningCalculationByAngle": 1,
  "VentOuterWidth": 1000,
  "VentOuterHeight": 1000,
  "WeightIncGlassOrThickness": false,
  "VentWeight": 45,
  "VentWeightExact": 45,
  "GlassThickness": 14,
  "ProfileWeightPerSerialMeter": 2.5,
  "FacadeInclination": 10,
  "ChainLengthConnectingRodHandle": 1,
  "ChainLenghtConnectingRodHandle": 0,
  "RequiredOpeningStroke": 500,
  "OpeningWidth": 1000,
  "OpeningAngle": 60.00000000000001,
  "SpecificExhaustDimension": 45,
  "BuildingDepth": 90,
  "SnowLoad": 1000,
  "DistanceHinge": 0,
  "RatedCurrent": 0,
  "DrivePosition": 1,
  "LockingMechanism": 1,
  "Voltage": 1,
  "DriveType": 3,
  "TypeOfInstallation": 2,
  "GeometricArea": 0,
  "CalculationTypeForVentilation": 1,
  "HeightOfProfile": 30,
  "Reveal": 0,
  "RevealDepth": 200,
  "HeightProfileRectangleAngle1": 35,
  "HeightProfileRectangleAngle2": 2,
  "RevealDepthRectangleAngle1": 150,
  "RevealDepthRectangleAngle2": 1000,
  "RevealDepthRectangleAngle12": 0,
  "InstallationPosition": 0,
  "RecommendedDriveArticleNo": 0,
  "System": "",
  "AkippOrAtilt": 2,
  "AdrehOrAturn": 1,
  "Ageo": 1,
  "MinPullingForceMax": 547.8202710752943,
  "MinPushingForceMax": 1232.6254341413323,
  "MinPullingForcePermanent": 443.17040115559377,
  "MinPushingForcePermanent": 443.17040115559377,
  "ForceWithNegativeWind": 1229.432350056411,
  "ForceWithNoWindMin": 177.76208219984343,
  "ForceWithNegativeWindMin": 439.74685225716934,
  "ForceWithWindMin": 547.8202710752943,
  "Id": "8b11d2e1-fe65-46bb-82a6-4442277b52f2",
  "CreatedOn": "0001-01-01T00:00:00",
  "CreatedBy": "579816e4-6653-4794-b435-a885f32e28d7",
  "ModifiedOn": "2024-11-19T06:47:38.3667092+00:00",
  "ModifiedBy": "579816e4-6653-4794-b435-a885f32e28d7"
}

12:17:38.441 [main] INFO  com.intuit.karate - Rounded Opening Angle: 60.0 
12:17:38.441 [main] INFO  com.intuit.karate - Rounded Ageo: 1.0 
12:17:38.441 [main] INFO  com.intuit.karate - Rounded Required Opening Stroke: 500 
12:17:38.441 [main] INFO  com.intuit.karate - Rounded Vent Weight: 45 
12:17:38.457 [main] INFO  com.intuit.karate - karate.env system property was: null 
12:17:38.460 [main] INFO  com.intuit.karate - Running test for dataset:  Dataset65 
12:17:38.460 [main] DEBUG com.intuit.karate - request:
1 > PUT https://dev-drivetec-apis.schuecodigitalsolutions.com/Configurations
1 > Content-Type: application/json; charset=UTF-8
1 > Content-Length: 1265
1 > Host: dev-drivetec-apis.schuecodigitalsolutions.com
1 > Connection: Keep-Alive
1 > User-Agent: Apache-HttpClient/4.5.14 (Java/17.0.12)
1 > Accept-Encoding: gzip,deflate
{"Id":"8b11d2e1-fe65-46bb-82a6-4442277b52f2","Name":"asdefgh","Description":"","ProjectId":"d2659447-79dd-4004-bdd8-aebda2f103db","CustomTags":"","CreatedBy":"579816e4-6653-4794-b435-a885f32e28d7","ModifiedBy":"579816e4-6653-4794-b435-a885f32e28d7","System":"","FacadeInclination":10,"OpeningType":5,"OpeningDirection":1,"OpeningWidth":1000,"VentOuterWidth":1000,"VentOuterHeight":2000,"VentWeight":0,"CalculateWeightWithGlass":false,"RequiredOpeningStroke":800,"WindLoad":106,"SnowLoad":1000,"IsWindowOpeningCalculationByAngle":1,"GlassThickness":20,"ProfileWeightPerSerialMeter":2.5,"DrivePosition":2,"InstallationPosition":0,"LockingMechanism":1,"Voltage":1,"DriveType":3,"TypeOfInstallation":2,"GeometricArea":0,"CalcVentilation":1,"SpecificExhaustDimension":45,"BuildingDepth":90,"CalculationTypeForVentilation":1,"HeightOfProfile":0,"HeightProfileRectangleAngle1":0,"HeightProfileRectangleAngle2":0,"RevealDepth":0,"RevealDepthRectangleAngle1":0,"RevealDepthRectangleAngle2":0,"ChainLengthConnectingRodHandle":5,"ApplicationName":2,"OpeningAngle":28.8,"WeightIncGlassOrThickness":false,"AkippOrAtilt":0,"AdrehOrAturn":0,"Ageo":0,"MinPullingForceMax":0,"MinPushingForceMax":0,"MinPullingForcePermanent":0,"MinPushingForcePermanent":0,"ForceWithNegativeWind":0}

12:17:39.167 [main] DEBUG com.intuit.karate - response time in milliseconds: 707
1 < 200
1 < Content-Type: application/json; charset=utf-8
1 < Date: Tue, 19 Nov 2024 06:47:39 GMT
1 < Server: Microsoft-IIS/10.0
1 < X-Powered-By: ASP.NET
1 < Content-Length: 2029
1 < Connection: keep-alive
{
  "ProjectId": "d2659447-79dd-4004-bdd8-aebda2f103db",
  "Name": "asdefgh",
  "Description": "",
  "CustomTags": "",
  "ApplicationName": 2,
  "OpeningType": 5,
  "OpeningDirection": 1,
  "CalculateWeightWithGlass": false,
  "WindLoad": 106,
  "IsWindowOpeningCalculationByAngle": 1,
  "VentOuterWidth": 1000,
  "VentOuterHeight": 2000,
  "WeightIncGlassOrThickness": false,
  "VentWeight": 115,
  "VentWeightExact": 115,
  "GlassThickness": 20,
  "ProfileWeightPerSerialMeter": 2.5,
  "FacadeInclination": 10,
  "ChainLengthConnectingRodHandle": 5,
  "ChainLenghtConnectingRodHandle": 0,
  "RequiredOpeningStroke": 800,
  "OpeningWidth": 1000,
  "OpeningAngle": 23.073918065630977,
  "SpecificExhaustDimension": 45,
  "BuildingDepth": 90,
  "SnowLoad": 1000,
  "DistanceHinge": 0,
  "RatedCurrent": 0,
  "DrivePosition": 2,
  "LockingMechanism": 1,
  "Voltage": 1,
  "DriveType": 3,
  "TypeOfInstallation": 2,
  "GeometricArea": 0,
  "CalculationTypeForVentilation": 1,
  "HeightOfProfile": 0,
  "Reveal": 0,
  "RevealDepth": 0,
  "HeightProfileRectangleAngle1": 0,
  "HeightProfileRectangleAngle2": 0,
  "RevealDepthRectangleAngle1": 0,
  "RevealDepthRectangleAngle2": 0,
  "RevealDepthRectangleAngle12": 0,
  "InstallationPosition": 0,
  "RecommendedDriveArticleNo": 0,
  "System": "",
  "AkippOrAtilt": 2.4,
  "AdrehOrAturn": 2,
  "Ageo": 2,
  "MinPullingForceMax": 1192.1370720078041,
  "MinPushingForceMax": 1355.7283233512194,
  "MinPullingForcePermanent": 566.2732903654809,
  "MinPushingForcePermanent": 566.2732903654809,
  "ForceWithNegativeWind": 1352.535239266298,
  "ForceWithNoWindMin": 491.79519696784934,
  "ForceWithNegativeWindMin": 1159.9269134906056,
  "ForceWithWindMin": 1192.1370720078041,
  "Id": "8b11d2e1-fe65-46bb-82a6-4442277b52f2",
  "CreatedOn": "0001-01-01T00:00:00",
  "CreatedBy": "579816e4-6653-4794-b435-a885f32e28d7",
  "ModifiedOn": "2024-11-19T06:47:39.0791297+00:00",
  "ModifiedBy": "579816e4-6653-4794-b435-a885f32e28d7"
}

12:17:39.172 [main] INFO  com.intuit.karate - Rounded Opening Angle: 23.0 
12:17:39.173 [main] INFO  com.intuit.karate - Rounded Ageo: 2.0 
12:17:39.173 [main] INFO  com.intuit.karate - Rounded Required Opening Stroke: 800 
12:17:39.173 [main] INFO  com.intuit.karate - Rounded Vent Weight: 115 
12:17:39.186 [main] INFO  com.intuit.karate - karate.env system property was: null 
12:17:39.186 [main] INFO  com.intuit.karate - Running test for dataset:  Dataset66 
12:17:39.195 [main] DEBUG com.intuit.karate - request:
1 > PUT https://dev-drivetec-apis.schuecodigitalsolutions.com/Configurations
1 > Content-Type: application/json; charset=UTF-8
1 > Content-Length: 1261
1 > Host: dev-drivetec-apis.schuecodigitalsolutions.com
1 > Connection: Keep-Alive
1 > User-Agent: Apache-HttpClient/4.5.14 (Java/17.0.12)
1 > Accept-Encoding: gzip,deflate
{"Id":"8b11d2e1-fe65-46bb-82a6-4442277b52f2","Name":"asdefgh","Description":"","ProjectId":"d2659447-79dd-4004-bdd8-aebda2f103db","CustomTags":"","CreatedBy":"579816e4-6653-4794-b435-a885f32e28d7","ModifiedBy":"579816e4-6653-4794-b435-a885f32e28d7","System":"","FacadeInclination":0,"OpeningType":1,"OpeningDirection":1,"OpeningWidth":1000,"VentOuterWidth":1200,"VentOuterHeight":1400,"VentWeight":0,"CalculateWeightWithGlass":false,"RequiredOpeningStroke":855,"WindLoad":120,"SnowLoad":0,"IsWindowOpeningCalculationByAngle":1,"GlassThickness":14,"ProfileWeightPerSerialMeter":2.5,"DrivePosition":1,"InstallationPosition":0,"LockingMechanism":1,"Voltage":1,"DriveType":2,"TypeOfInstallation":2,"GeometricArea":0,"CalcVentilation":1,"SpecificExhaustDimension":45,"BuildingDepth":90,"CalculationTypeForVentilation":1,"HeightOfProfile":0,"HeightProfileRectangleAngle1":0,"HeightProfileRectangleAngle2":0,"RevealDepth":0,"RevealDepthRectangleAngle1":0,"RevealDepthRectangleAngle2":0,"ChainLengthConnectingRodHandle":5,"ApplicationName":1,"OpeningAngle":28.8,"WeightIncGlassOrThickness":false,"AkippOrAtilt":0,"AdrehOrAturn":0,"Ageo":0,"MinPullingForceMax":0,"MinPushingForceMax":0,"MinPullingForcePermanent":0,"MinPushingForcePermanent":0,"ForceWithNegativeWind":0}

12:17:40.025 [main] DEBUG com.intuit.karate - response time in milliseconds: 830
1 < 200
1 < Content-Type: application/json; charset=utf-8
1 < Date: Tue, 19 Nov 2024 06:47:39 GMT
1 < Server: Microsoft-IIS/10.0
1 < X-Powered-By: ASP.NET
1 < Content-Length: 2041
1 < Connection: keep-alive
{
  "ProjectId": "d2659447-79dd-4004-bdd8-aebda2f103db",
  "Name": "asdefgh",
  "Description": "",
  "CustomTags": "",
  "ApplicationName": 1,
  "OpeningType": 1,
  "OpeningDirection": 1,
  "CalculateWeightWithGlass": false,
  "WindLoad": 120,
  "IsWindowOpeningCalculationByAngle": 1,
  "VentOuterWidth": 1200,
  "VentOuterHeight": 1400,
  "WeightIncGlassOrThickness": false,
  "VentWeight": 72,
  "VentWeightExact": 71.8,
  "GlassThickness": 14,
  "ProfileWeightPerSerialMeter": 2.5,
  "FacadeInclination": 0,
  "ChainLengthConnectingRodHandle": 5,
  "ChainLenghtConnectingRodHandle": 0,
  "RequiredOpeningStroke": 855,
  "OpeningWidth": 1000,
  "OpeningAngle": 35.559303520180045,
  "SpecificExhaustDimension": 45,
  "BuildingDepth": 90,
  "SnowLoad": 0,
  "DistanceHinge": 0,
  "RatedCurrent": 0,
  "DrivePosition": 1,
  "LockingMechanism": 1,
  "Voltage": 1,
  "DriveType": 2,
  "TypeOfInstallation": 2,
  "GeometricArea": 0,
  "CalculationTypeForVentilation": 1,
  "HeightOfProfile": 0,
  "Reveal": 0,
  "RevealDepth": 0,
  "HeightProfileRectangleAngle1": 0,
  "HeightProfileRectangleAngle2": 0,
  "RevealDepthRectangleAngle1": 0,
  "RevealDepthRectangleAngle2": 0,
  "RevealDepthRectangleAngle12": 0,
  "InstallationPosition": 0,
  "RecommendedDriveArticleNo": 0,
  "System": "",
  "AkippOrAtilt": 2.223,
  "AdrehOrAturn": 1.68,
  "Ageo": 1.68,
  "MinPullingForceMax": -100.51405478991474,
  "MinPushingForceMax": -289.13783604644186,
  "MinPullingForcePermanent": -219.00212550807004,
  "MinPushingForcePermanent": -219.00212550807004,
  "ForceWithNegativeWind": -148.8664149696982,
  "ForceWithNoWindMin": 0.2858812891532415,
  "ForceWithNegativeWindMin": 101.08581736822121,
  "ForceWithWindMin": -100.51405478991474,
  "Id": "8b11d2e1-fe65-46bb-82a6-4442277b52f2",
  "CreatedOn": "0001-01-01T00:00:00",
  "CreatedBy": "579816e4-6653-4794-b435-a885f32e28d7",
  "ModifiedOn": "2024-11-19T06:47:39.9070115+00:00",
  "ModifiedBy": "579816e4-6653-4794-b435-a885f32e28d7"
}

12:17:40.025 [main] INFO  com.intuit.karate - Rounded Opening Angle: 36.0 
12:17:40.025 [main] INFO  com.intuit.karate - Rounded Ageo: 1.68 
12:17:40.025 [main] INFO  com.intuit.karate - Rounded Required Opening Stroke: 855 
12:17:40.025 [main] INFO  com.intuit.karate - Rounded Vent Weight: 72 
12:17:40.035 [main] INFO  com.intuit.karate - karate.env system property was: null 
12:17:40.035 [main] INFO  com.intuit.karate - Running test for dataset:  Dataset67 
12:17:40.051 [main] DEBUG com.intuit.karate - request:
1 > PUT https://dev-drivetec-apis.schuecodigitalsolutions.com/Configurations
1 > Content-Type: application/json; charset=UTF-8
1 > Content-Length: 1267
1 > Host: dev-drivetec-apis.schuecodigitalsolutions.com
1 > Connection: Keep-Alive
1 > User-Agent: Apache-HttpClient/4.5.14 (Java/17.0.12)
1 > Accept-Encoding: gzip,deflate
{"Id":"8b11d2e1-fe65-46bb-82a6-4442277b52f2","Name":"asdefgh","Description":"","ProjectId":"d2659447-79dd-4004-bdd8-aebda2f103db","CustomTags":"","CreatedBy":"579816e4-6653-4794-b435-a885f32e28d7","ModifiedBy":"579816e4-6653-4794-b435-a885f32e28d7","System":"","FacadeInclination":0,"OpeningType":1,"OpeningDirection":1,"OpeningWidth":1000,"VentOuterWidth":1202,"VentOuterHeight":500,"VentWeight":0,"CalculateWeightWithGlass":false,"RequiredOpeningStroke":800,"WindLoad":120,"SnowLoad":0,"IsWindowOpeningCalculationByAngle":1,"GlassThickness":14,"ProfileWeightPerSerialMeter":2.6,"DrivePosition":1,"InstallationPosition":0,"LockingMechanism":1,"Voltage":1,"DriveType":1,"TypeOfInstallation":2,"GeometricArea":0,"CalcVentilation":1,"SpecificExhaustDimension":45,"BuildingDepth":90,"CalculationTypeForVentilation":1,"HeightOfProfile":30,"HeightProfileRectangleAngle1":35,"HeightProfileRectangleAngle2":2,"RevealDepth":200,"RevealDepthRectangleAngle1":150,"RevealDepthRectangleAngle2":1000,"ChainLengthConnectingRodHandle":5,"ApplicationName":1,"OpeningAngle":10,"WeightIncGlassOrThickness":false,"AkippOrAtilt":0,"AdrehOrAturn":0,"Ageo":0,"MinPullingForceMax":0,"MinPushingForceMax":0,"MinPullingForcePermanent":0,"MinPushingForcePermanent":0,"ForceWithNegativeWind":0}

12:17:40.715 [main] DEBUG com.intuit.karate - response time in milliseconds: 663
1 < 200
1 < Content-Type: application/json; charset=utf-8
1 < Date: Tue, 19 Nov 2024 06:47:40 GMT
1 < Server: Microsoft-IIS/10.0
1 < X-Powered-By: ASP.NET
1 < Content-Length: 2016
1 < Connection: keep-alive
{
  "ProjectId": "d2659447-79dd-4004-bdd8-aebda2f103db",
  "Name": "asdefgh",
  "Description": "",
  "CustomTags": "",
  "ApplicationName": 1,
  "OpeningType": 1,
  "OpeningDirection": 1,
  "CalculateWeightWithGlass": false,
  "WindLoad": 120,
  "IsWindowOpeningCalculationByAngle": 1,
  "VentOuterWidth": 1202,
  "VentOuterHeight": 500,
  "WeightIncGlassOrThickness": false,
  "VentWeight": 30,
  "VentWeightExact": 29.8854,
  "GlassThickness": 14,
  "ProfileWeightPerSerialMeter": 2.6,
  "FacadeInclination": 0,
  "ChainLengthConnectingRodHandle": 5,
  "ChainLenghtConnectingRodHandle": 0,
  "RequiredOpeningStroke": 800,
  "OpeningWidth": 1000,
  "OpeningAngle": 106.26020470831196,
  "SpecificExhaustDimension": 45,
  "BuildingDepth": 90,
  "SnowLoad": 0,
  "DistanceHinge": 0,
  "RatedCurrent": 0,
  "DrivePosition": 1,
  "LockingMechanism": 1,
  "Voltage": 1,
  "DriveType": 1,
  "TypeOfInstallation": 2,
  "GeometricArea": 0,
  "CalculationTypeForVentilation": 1,
  "HeightOfProfile": 30,
  "Reveal": 0,
  "RevealDepth": 200,
  "HeightProfileRectangleAngle1": 35,
  "HeightProfileRectangleAngle2": 2,
  "RevealDepthRectangleAngle1": 150,
  "RevealDepthRectangleAngle2": 1000,
  "RevealDepthRectangleAngle12": 0,
  "InstallationPosition": 0,
  "RecommendedDriveArticleNo": 0,
  "System": "",
  "AkippOrAtilt": 1.3616,
  "AdrehOrAturn": 0.601,
  "Ageo": 0.601,
  "MinPullingForceMax": 0,
  "MinPushingForceMax": -210.9911156762208,
  "MinPullingForcePermanent": -210.9903315395314,
  "MinPushingForcePermanent": -210.9903315395314,
  "ForceWithNegativeWind": -210.98954740284202,
  "ForceWithNoWindMin": 0.11899271140473934,
  "ForceWithNegativeWindMin": 36.17896984445227,
  "ForceWithWindMin": 0,
  "Id": "8b11d2e1-fe65-46bb-82a6-4442277b52f2",
  "CreatedOn": "0001-01-01T00:00:00",
  "CreatedBy": "579816e4-6653-4794-b435-a885f32e28d7",
  "ModifiedOn": "2024-11-19T06:47:40.634299+00:00",
  "ModifiedBy": "579816e4-6653-4794-b435-a885f32e28d7"
}

12:17:40.718 [main] INFO  com.intuit.karate - Rounded Opening Angle: 106.0 
12:17:40.719 [main] INFO  com.intuit.karate - Rounded Ageo: 0.6 
12:17:40.719 [main] INFO  com.intuit.karate - Rounded Required Opening Stroke: 800 
12:17:40.719 [main] INFO  com.intuit.karate - Rounded Vent Weight: 30 
12:17:40.731 [main] INFO  com.intuit.karate - karate.env system property was: null 
12:17:40.734 [main] INFO  com.intuit.karate - Running test for dataset:  Dataset68 
12:17:40.740 [main] DEBUG com.intuit.karate - request:
1 > PUT https://dev-drivetec-apis.schuecodigitalsolutions.com/Configurations
1 > Content-Type: application/json; charset=UTF-8
1 > Content-Length: 1259
1 > Host: dev-drivetec-apis.schuecodigitalsolutions.com
1 > Connection: Keep-Alive
1 > User-Agent: Apache-HttpClient/4.5.14 (Java/17.0.12)
1 > Accept-Encoding: gzip,deflate
{"Id":"8b11d2e1-fe65-46bb-82a6-4442277b52f2","Name":"asdefgh","Description":"","ProjectId":"d2659447-79dd-4004-bdd8-aebda2f103db","CustomTags":"","CreatedBy":"579816e4-6653-4794-b435-a885f32e28d7","ModifiedBy":"579816e4-6653-4794-b435-a885f32e28d7","System":"","FacadeInclination":0,"OpeningType":1,"OpeningDirection":1,"OpeningWidth":1000,"VentOuterWidth":1201,"VentOuterHeight":2500,"VentWeight":0,"CalculateWeightWithGlass":false,"RequiredOpeningStroke":855,"WindLoad":120,"SnowLoad":0,"IsWindowOpeningCalculationByAngle":2,"GlassThickness":14,"ProfileWeightPerSerialMeter":2.7,"DrivePosition":1,"InstallationPosition":0,"LockingMechanism":1,"Voltage":1,"DriveType":1,"TypeOfInstallation":2,"GeometricArea":0,"CalcVentilation":1,"SpecificExhaustDimension":45,"BuildingDepth":90,"CalculationTypeForVentilation":1,"HeightOfProfile":0,"HeightProfileRectangleAngle1":0,"HeightProfileRectangleAngle2":0,"RevealDepth":0,"RevealDepthRectangleAngle1":0,"RevealDepthRectangleAngle2":0,"ChainLengthConnectingRodHandle":5,"ApplicationName":1,"OpeningAngle":55,"WeightIncGlassOrThickness":false,"AkippOrAtilt":0,"AdrehOrAturn":0,"Ageo":0,"MinPullingForceMax":0,"MinPushingForceMax":0,"MinPullingForcePermanent":0,"MinPushingForcePermanent":0,"ForceWithNegativeWind":0}

12:17:41.554 [main] DEBUG com.intuit.karate - response time in milliseconds: 813
1 < 200
1 < Content-Type: application/json; charset=utf-8
1 < Date: Tue, 19 Nov 2024 06:47:40 GMT
1 < Server: Microsoft-IIS/10.0
1 < X-Powered-By: ASP.NET
1 < Content-Length: 2061
1 < Connection: keep-alive
{
  "ProjectId": "d2659447-79dd-4004-bdd8-aebda2f103db",
  "Name": "asdefgh",
  "Description": "",
  "CustomTags": "",
  "ApplicationName": 1,
  "OpeningType": 1,
  "OpeningDirection": 1,
  "CalculateWeightWithGlass": false,
  "WindLoad": 120,
  "IsWindowOpeningCalculationByAngle": 2,
  "VentOuterWidth": 1201,
  "VentOuterHeight": 2500,
  "WeightIncGlassOrThickness": false,
  "VentWeight": 125,
  "VentWeightExact": 125.07289999999999,
  "GlassThickness": 14,
  "ProfileWeightPerSerialMeter": 2.7,
  "FacadeInclination": 0,
  "ChainLengthConnectingRodHandle": 5,
  "ChainLenghtConnectingRodHandle": 0,
  "RequiredOpeningStroke": 2308.7430661751696,
  "OpeningWidth": 1000,
  "OpeningAngle": 55,
  "SpecificExhaustDimension": 45,
  "BuildingDepth": 90,
  "SnowLoad": 0,
  "DistanceHinge": 0,
  "RatedCurrent": 0,
  "DrivePosition": 1,
  "LockingMechanism": 1,
  "Voltage": 1,
  "DriveType": 1,
  "TypeOfInstallation": 2,
  "GeometricArea": 0,
  "CalculationTypeForVentilation": 1,
  "HeightOfProfile": 0,
  "Reveal": 0,
  "RevealDepth": 0,
  "HeightProfileRectangleAngle1": 0,
  "HeightProfileRectangleAngle2": 0,
  "RevealDepthRectangleAngle1": 0,
  "RevealDepthRectangleAngle2": 0,
  "RevealDepthRectangleAngle12": 0,
  "InstallationPosition": 0,
  "RecommendedDriveArticleNo": 0,
  "System": "",
  "AkippOrAtilt": 8.544658087914303,
  "AdrehOrAturn": 3.0025,
  "Ageo": 3.0025,
  "MinPullingForceMax": -179.65189130506374,
  "MinPushingForceMax": -644.213556103148,
  "MinPullingForcePermanent": -577.2644896488,
  "MinPushingForcePermanent": -577.2644896488,
  "ForceWithNegativeWind": -510.315423194452,
  "ForceWithNoWindMin": 0.49799445529435177,
  "ForceWithNegativeWindMin": 180.64788021565246,
  "ForceWithWindMin": -179.65189130506374,
  "Id": "8b11d2e1-fe65-46bb-82a6-4442277b52f2",
  "CreatedOn": "0001-01-01T00:00:00",
  "CreatedBy": "579816e4-6653-4794-b435-a885f32e28d7",
  "ModifiedOn": "2024-11-19T06:47:41.4412224+00:00",
  "ModifiedBy": "579816e4-6653-4794-b435-a885f32e28d7"
}

12:17:41.554 [main] INFO  com.intuit.karate - Rounded Opening Angle: 55.0 
12:17:41.554 [main] INFO  com.intuit.karate - Rounded Ageo: 3.0 
12:17:41.554 [main] INFO  com.intuit.karate - Rounded Required Opening Stroke: 2309 
12:17:41.554 [main] INFO  com.intuit.karate - Rounded Vent Weight: 125 
12:17:41.570 [main] INFO  com.intuit.karate - karate.env system property was: null 
12:17:41.570 [main] INFO  com.intuit.karate - Running test for dataset:  Dataset69 
12:17:41.570 [main] DEBUG com.intuit.karate - request:
1 > PUT https://dev-drivetec-apis.schuecodigitalsolutions.com/Configurations
1 > Content-Type: application/json; charset=UTF-8
1 > Content-Length: 1259
1 > Host: dev-drivetec-apis.schuecodigitalsolutions.com
1 > Connection: Keep-Alive
1 > User-Agent: Apache-HttpClient/4.5.14 (Java/17.0.12)
1 > Accept-Encoding: gzip,deflate
{"Id":"8b11d2e1-fe65-46bb-82a6-4442277b52f2","Name":"asdefgh","Description":"","ProjectId":"d2659447-79dd-4004-bdd8-aebda2f103db","CustomTags":"","CreatedBy":"579816e4-6653-4794-b435-a885f32e28d7","ModifiedBy":"579816e4-6653-4794-b435-a885f32e28d7","System":"","FacadeInclination":0,"OpeningType":1,"OpeningDirection":1,"OpeningWidth":1000,"VentOuterWidth":1202,"VentOuterHeight":2500,"VentWeight":0,"CalculateWeightWithGlass":false,"RequiredOpeningStroke":855,"WindLoad":120,"SnowLoad":0,"IsWindowOpeningCalculationByAngle":2,"GlassThickness":14,"ProfileWeightPerSerialMeter":2.6,"DrivePosition":1,"InstallationPosition":0,"LockingMechanism":1,"Voltage":1,"DriveType":1,"TypeOfInstallation":2,"GeometricArea":0,"CalcVentilation":1,"SpecificExhaustDimension":45,"BuildingDepth":90,"CalculationTypeForVentilation":1,"HeightOfProfile":0,"HeightProfileRectangleAngle1":0,"HeightProfileRectangleAngle2":0,"RevealDepth":0,"RevealDepthRectangleAngle1":0,"RevealDepthRectangleAngle2":0,"ChainLengthConnectingRodHandle":5,"ApplicationName":1,"OpeningAngle":30,"WeightIncGlassOrThickness":false,"AkippOrAtilt":0,"AdrehOrAturn":0,"Ageo":0,"MinPullingForceMax":0,"MinPushingForceMax":0,"MinPullingForcePermanent":0,"MinPushingForcePermanent":0,"ForceWithNegativeWind":0}

12:17:42.334 [main] DEBUG com.intuit.karate - response time in milliseconds: 764
1 < 200
1 < Content-Type: application/json; charset=utf-8
1 < Date: Tue, 19 Nov 2024 06:47:42 GMT
1 < Server: Microsoft-IIS/10.0
1 < X-Powered-By: ASP.NET
1 < Content-Length: 2055
1 < Connection: keep-alive
{
  "ProjectId": "d2659447-79dd-4004-bdd8-aebda2f103db",
  "Name": "asdefgh",
  "Description": "",
  "CustomTags": "",
  "ApplicationName": 1,
  "OpeningType": 1,
  "OpeningDirection": 1,
  "CalculateWeightWithGlass": false,
  "WindLoad": 120,
  "IsWindowOpeningCalculationByAngle": 2,
  "VentOuterWidth": 1202,
  "VentOuterHeight": 2500,
  "WeightIncGlassOrThickness": false,
  "VentWeight": 124,
  "VentWeightExact": 124.4254,
  "GlassThickness": 14,
  "ProfileWeightPerSerialMeter": 2.6,
  "FacadeInclination": 0,
  "ChainLengthConnectingRodHandle": 5,
  "ChainLenghtConnectingRodHandle": 0,
  "RequiredOpeningStroke": 1294.0952255126037,
  "OpeningWidth": 1000,
  "OpeningAngle": 30,
  "SpecificExhaustDimension": 45,
  "BuildingDepth": 90,
  "SnowLoad": 0,
  "DistanceHinge": 0,
  "RatedCurrent": 0,
  "DrivePosition": 1,
  "LockingMechanism": 1,
  "Voltage": 1,
  "DriveType": 1,
  "TypeOfInstallation": 2,
  "GeometricArea": 0,
  "CalculationTypeForVentilation": 1,
  "HeightOfProfile": 0,
  "Reveal": 0,
  "RevealDepth": 0,
  "HeightProfileRectangleAngle1": 0,
  "HeightProfileRectangleAngle2": 0,
  "RevealDepthRectangleAngle1": 0,
  "RevealDepthRectangleAngle2": 0,
  "RevealDepthRectangleAngle12": 0,
  "InstallationPosition": 0,
  "RecommendedDriveArticleNo": 0,
  "System": "",
  "AkippOrAtilt": 4.790740524847659,
  "AdrehOrAturn": 3.005,
  "Ageo": 3.005,
  "MinPullingForceMax": -179.80446931766932,
  "MinPushingForceMax": -461.887977469804,
  "MinPullingForcePermanent": -321.8175794922248,
  "MinPushingForcePermanent": -321.8175794922248,
  "ForceWithNegativeWind": -181.7471815146456,
  "ForceWithNoWindMin": 0.4954163475683529,
  "ForceWithNegativeWindMin": 180.79530201280602,
  "ForceWithWindMin": -179.80446931766932,
  "Id": "8b11d2e1-fe65-46bb-82a6-4442277b52f2",
  "CreatedOn": "0001-01-01T00:00:00",
  "CreatedBy": "579816e4-6653-4794-b435-a885f32e28d7",
  "ModifiedOn": "2024-11-19T06:47:42.2585938+00:00",
  "ModifiedBy": "579816e4-6653-4794-b435-a885f32e28d7"
}

12:17:42.334 [main] INFO  com.intuit.karate - Rounded Opening Angle: 30.0 
12:17:42.341 [main] INFO  com.intuit.karate - Rounded Ageo: 3.01 
12:17:42.341 [main] INFO  com.intuit.karate - Rounded Required Opening Stroke: 1294 
12:17:42.341 [main] INFO  com.intuit.karate - Rounded Vent Weight: 124 
---------------------------------------------------------
feature: classpath:drivetecTestCases/features/driveteclogin.feature
scenarios: 69 | passed: 67 | failed:  2 | time: 53.6877
---------------------------------------------------------

12:17:48.310 [main] INFO  com.intuit.karate.Suite - <<fail>> feature 1 of 2 (1 remaining) classpath:drivetecTestCases/features/driveteclogin.feature
12:17:48.310 [main] INFO  com.intuit.karate - karate.env system property was: null 
12:17:48.323 [main] DEBUG com.intuit.karate - request:
1 > POST https://dev-drivetec-apis.schuecodigitalsolutions.com/api/Drives/DownloadPDFNew/Schuco
1 > Content-Type: application/json; charset=UTF-8
1 > Content-Length: 1194
1 > Host: dev-drivetec-apis.schuecodigitalsolutions.com
1 > Connection: Keep-Alive
1 > User-Agent: Apache-HttpClient/4.5.14 (Java/17.0.12)
1 > Accept-Encoding: gzip,deflate
[{"Id":"configId","Header":"configId","Value":"0413f204-c057-427c-9439-44091f1470d0"},{"Id":"driveId","Header":"driveId","Value":"07c798cb-2b88-4e23-aaec-fbdba670ac23"},{"Id":"culture","Header":"culture","Value":"EN-US"},{"Id":"projectId","Header":"projectId","Value":"9103b22a-d525-4b79-938c-4e0260bce013"},{"Id":"range-of-app","Header":"Range of application","Value":"Façade"},{"Id":"opening-type","Header":"Opening type","Value":"Bottom-hung vent"},{"Id":"opening-direction","Header":"Opening direction","Value":"Inward"},{"Id":"how-calc-weight","Header":"Vent weight","Value":"Weight including glass"},{"Id":"Chain-Length","Header":"Chain- \/ connecting rod handle","Value":"100%"},{"Id":"drive-position","Header":"Drive position","Value":"Side installation"},{"Id":"locking-mechanism","Header":"Locking mechanism","Value":"With"},{"Id":"voltage","Header":"Voltage","Value":"24 V"},{"Id":"drive-type","Header":"Drive type","Value":"Chain drive"},{"Id":"type-installation","Header":"Type of installation","Value":"Pivoting Outer Frame Installation"},{"Id":"calculation-type-for-ventilation-area","Header":"Calculation type for ventilation area","Value":"Method in accordance with ASR 3.6"}]

12:17:50.533 [main] DEBUG com.intuit.karate - response time in milliseconds: 2210
1 < 200
1 < Content-Type: application/json; charset=utf-8
1 < Date: Tue, 19 Nov 2024 06:47:50 GMT
1 < Server: Microsoft-IIS/10.0
1 < X-Powered-By: ASP.NET
1 < Content-Length: 197
1 < Connection: keep-alive
{
  "result": "https://drive-tec-dev.s3.amazonaws.com/new_project-Chain_actuator_D2_L200.pdf?AWSAccessKeyId=AKIAZAWIART4ZFAXXPHK&Expires=1732002470&Signature=saeh7%2FpMZtCpalxkig4t%2FAq2J0Q%3D"
}

12:17:50.533 [main] INFO  com.intuit.karate - PDF Download URL: https://drive-tec-dev.s3.amazonaws.com/new_project-Chain_actuator_D2_L200.pdf?AWSAccessKeyId=AKIAZAWIART4ZFAXXPHK&Expires=1732002470&Signature=saeh7%2FpMZtCpalxkig4t%2FAq2J0Q%3D 
---------------------------------------------------------
feature: classpath:drivetecTestCases/features/pdfdownload.feature
scenarios:  1 | passed:  1 | failed:  0 | time: 2.2209
---------------------------------------------------------

12:17:50.620 [main] INFO  com.intuit.karate.Suite - <<pass>> feature 2 of 2 (0 remaining) classpath:drivetecTestCases/features/pdfdownload.feature
Karate version: 1.5.0
======================================================
elapsed:  64.71 | threads:    1 | thread time: 55.91 
features:     2 | skipped:    0 | efficiency: 0.86
scenarios:   70 | passed:    68 | failed: 2
======================================================
>>> failed features:
match failed: EQUALS
  $ | not equal (NUMBER:NUMBER)
  4.58
  5

classpath:drivetecTestCases/features/driveteclogin.feature:184
match failed: EQUALS
  $ | not equal (NUMBER:NUMBER)
  7.75
  8

classpath:drivetecTestCases/features/driveteclogin.feature:184
<<<

HTML report: (paste into browser to view) | Karate version: 1.5.0
file:///C:/Users/jagan/DrivetecAPIAutomation/drivetec/target/karate-reports/karate-summary.html
===================================================================

12:17:51.104 [main] INFO  n.m.cucumber.ReportParser - File 'C:\Users\jagan\DrivetecAPIAutomation\drivetec\target\karate-reports\drivetecTestCases.features.driveteclogin.json' contains 1 feature(s)
12:17:51.104 [main] INFO  n.m.cucumber.ReportParser - File 'C:\Users\jagan\DrivetecAPIAutomation\drivetec\target\karate-reports\drivetecTestCases.features.pdfdownload.json' contains 1 feature(s)
]]></system-out>
    <system-err><![CDATA[line 1:0 token recognition error at: 'f'
line 1:1 token recognition error at: 'e'
line 1:2 token recognition error at: 'a'
line 1:3 token recognition error at: 't'
line 1:4 token recognition error at: 'u'
line 1:5 token recognition error at: 'r'
line 1:6 token recognition error at: 'e'
line 1:7 token recognition error at: ' f'
line 1:9 token recognition error at: 'i'
line 1:10 token recognition error at: 'l'
line 1:11 token recognition error at: 'e'
line 1:0 token recognition error at: 'f'
line 1:1 token recognition error at: 'e'
line 1:2 token recognition error at: 'a'
line 1:3 token recognition error at: 't'
line 1:4 token recognition error at: 'u'
line 1:5 token recognition error at: 'r'
line 1:6 token recognition error at: 'e'
line 1:7 token recognition error at: ' f'
line 1:9 token recognition error at: 'i'
line 1:10 token recognition error at: 'l'
line 1:11 token recognition error at: 'e'
]]></system-err>
  </testcase>
</testsuite>